24528
0.900212
1500
1	123	109	1
1	365	333	1
1	374	340	1
1	260	241	1
1	104	94	1
1	492	467	0.999999
1	485	414	0.999999
1	437	413	0.999999
1	409	335	0.999999
1	358	302	0.999999
1	351	305	0.999999
1	261	222	0.999999
1	184	165	0.999999
1	347	344	0.999998
1	439	404	0.999997
1	133	119	0.999999
1	260	244	0.999998
1	236	203	0.999998
1	464	390	0.999996
1	106	90	0.999999
1	409	388	0.999996
1	197	182	0.999998
1	191	162	0.999998
1	190	178	0.999998
1	186	177	0.999998
1	362	359	0.999996
1	329	321	0.999996
1	328	301	0.999996
1	401	368	0.999995
0	288	287	0.999996
1	352	329	0.999995
1	494	424	0.999992
0	339	338	0.999994
1	392	358	0.999993
1	409	381	0.999992
1	192	170	0.999996
1	274	268	0.999994
1	390	379	0.999991
1	254	232	0.999994
0	279	278	0.999993
1	310	289	0.999992
1	77	71	0.999998
1	460	410	0.999988
1	380	377	0.99999
1	490	444	0.999987
1	262	244	0.999993
1	484	473	0.999987
1	258	249	0.999993
1	363	313	0.99999
1	469	404	0.999987
1	205	184	0.999994
1	439	363	0.999987
1	467	438	0.999986
1	373	345	0.999988
1	233	205	0.999992
1	319	284	0.999989
1	309	271	0.999989
1	468	446	0.999983
1	353	323	0.999987
1	454	426	0.999983
1	158	147	0.999994
1	457	411	0.999982
1	380	369	0.999984
1	450	371	0.999981
1	252	232	0.999989
1	91	86	0.999996
1	384	328	0.999983
1	450	402	0.99998
1	447	410	0.99998
1	223	204	0.99999
1	466	458	0.999979
1	485	456	0.999978
1	150	125	0.999993
1	298	250	0.999986
1	338	303	0.999984
0	232	231	0.999989
1	365	337	0.999982
1	334	273	0.999983
1	116	102	0.999994
1	188	165	0.99999
0	112	111	0.999994
0	329	328	0.999982
1	271	237	0.999985
1	251	213	0.999986
1	427	367	0.999976
1	423	377	0.999976
1	448	414	0.999974
1	423	377	0.999975
1	287	265	0.999983
1	320	261	0.999981
1	217	213	0.999987
1	349	333	0.999979
1	363	311	0.999978
1	474	466	0.999971
1	81	73	0.999995
1	467	429	0.999971
1	354	302	0.999978
1	495	471	0.999969
1	426	357	0.999973
1	487	429	0.999969
1	235	205	0.999985
1	483	418	0.999969
1	404	350	0.999974
0	433	429	0.999972
1	463	417	0.99997
1	363	300	0.999976
1	407	363	0.999973
1	311	254	0.999979
1	380	346	0.999974
1	174	150	0.999988
1	202	186	0.999986
1	460	434	0.999968
1	444	428	0.999969
1	426	393	0.99997
1	155	149	0.999989
1	389	343	0.999972
1	342	298	0.999975
1	381	317	0.999972
1	324	279	0.999976
1	437	375	0.999967
1	250	208	0.999981
1	210	185	0.999984
1	262	225	0.99998
1	262	245	0.99998
1	412	363	0.999968
1	252	247	0.99998
1	175	153	0.999986
1	362	342	0.999971
1	399	352	0.999968
1	481	415	0.999961
1	386	377	0.999968
1	324	317	0.999973
1	479	454	0.99996
1	239	229	0.99998
1	248	209	0.999979
1	342	305	0.999971
1	304	297	0.999974
1	232	223	0.99998
1	487	448	0.999958
1	127	123	0.999989
1	334	323	0.999971
1	126	105	0.999989
1	193	166	0.999983
1	79	74	0.999993
1	203	196	0.999982
1	480	462	0.999957
0	356	354	0.999968
1	209	175	0.999981
1	480	467	0.999956
1	298	288	0.999972
1	351	329	0.999967
0	244	243	0.999977
1	296	242	0.999972
1	189	177	0.999982
1	458	394	0.999956
1	454	402	0.999956
1	330	277	0.999968
1	453	415	0.999956
1	257	224	0.999975
1	316	270	0.999969
1	100	92	0.99999
1	473	457	0.999952
1	352	328	0.999964
0	427	420	0.999956
0	280	274	0.999971
1	463	451	0.999952
1	384	363	0.99996
0	428	419	0.999955
1	331	309	0.999965
1	272	234	0.999971
1	434	384	0.999953
1	369	349	0.99996
1	311	261	0.999966
1	355	295	0.999961
1	445	420	0.999951
1	279	263	0.999969
1	152	126	0.999983
1	358	341	0.999959
1	286	277	0.999967
1	251	206	0.999971
1	225	194	0.999974
1	361	322	0.999958
1	478	423	0.999943
0	285	284	0.999966
0	200	197	0.999976
1	422	388	0.999949
1	312	266	0.999962
1	197	177	0.999976
1	444	422	0.999945
1	500	421	0.999938
1	387	329	0.999952
1	433	419	0.999946
1	333	321	0.999958
1	103	92	0.999987
1	260	224	0.999967
1	297	268	0.999962
1	500	438	0.999936
1	434	390	0.999944
1	294	277	0.999962
0	410	402	0.999947
1	238	203	0.999968
1	223	202	0.99997
1	274	234	0.999963
1	81	68	0.999989
1	470	428	0.999936
1	227	216	0.999969
1	366	305	0.99995
1	166	156	0.999977
1	480	431	0.999933
1	410	372	0.999942
0	494	483	0.99993
1	267	257	0.999962
1	288	249	0.999959
1	286	252	0.999959
0	488	485	0.99993
1	312	283	0.999955
1	353	316	0.999949
1	103	91	0.999985
1	247	232	0.999964
1	89	74	0.999987
0	212	210	0.999969
0	75	73	0.999989
1	306	288	0.999955
1	408	384	0.99994
1	285	237	0.999958
0	337	336	0.99995
1	134	114	0.99998
1	366	327	0.999945
0	484	471	0.999927
0	450	449	0.999932
1	248	206	0.999962
0	481	466	0.999926
1	480	431	0.999926
1	480	437	0.999926
1	441	421	0.999932
1	445	402	0.999931
0	419	418	0.999935
1	287	246	0.999955
1	170	163	0.999973
1	490	422	0.999922
0	500	495	0.99992
1	262	241	0.999958
1	392	364	0.999937
0	491	488	0.99992
1	416	385	0.999932
1	489	460	0.99992
0	342	340	0.999944
0	366	361	0.99994
0	499	489	0.999918
0	406	393	0.999933
1	247	234	0.999959
1	96	79	0.999984
0	420	408	0.99993
1	497	420	0.999917
1	232	221	0.999961
1	208	173	0.999965
1	397	326	0.999933
1	189	168	0.999968
1	419	350	0.999929
1	348	312	0.999941
1	353	336	0.99994
1	317	296	0.999946
0	174	171	0.99997
0	197	196	0.999966
0	469	457	0.999919
1	370	352	0.999936
1	445	382	0.999923
1	491	422	0.999915
0	380	366	0.999934
1	115	100	0.99998
1	500	451	0.999913
1	378	354	0.999934
1	470	393	0.999917
1	419	377	0.999926
1	213	200	0.999962
1	196	184	0.999965
1	452	433	0.999919
1	156	130	0.999972
1	492	433	0.999911
1	413	360	0.999925
1	467	390	0.999915
1	346	328	0.999937
1	442	365	0.999919
1	341	291	0.999937
1	184	158	0.999966
1	319	290	0.999941
1	340	287	0.999937
1	485	453	0.99991
1	236	226	0.999956
1	451	411	0.999915
1	376	315	0.999929
1	312	269	0.999941
1	433	398	0.999918
0	179	177	0.999966
1	63	54	0.999988
1	273	245	0.999948
0	398	385	0.999923
1	460	380	0.999911
1	103	89	0.99998
1	355	306	0.999931
1	480	452	0.999906
1	249	222	0.999951
1	162	151	0.999968
1	420	365	0.999917
0	414	411	0.999918
1	343	301	0.999932
0	236	233	0.999953
1	466	391	0.999907
1	80	66	0.999984
0	270	259	0.999946
1	389	326	0.999922
1	336	316	0.999932
1	429	367	0.999913
0	424	413	0.999914
1	368	335	0.999925
1	471	384	0.999904
1	240	198	0.999951
0	191	189	0.999961
1	484	424	0.999901
0	453	451	0.999907
1	422	386	0.999913
1	407	379	0.999916
0	276	270	0.999943
0	469	464	0.999903
1	164	153	0.999966
1	230	218	0.999952
1	368	302	0.999923
1	363	317	0.999924
1	370	328	0.999922
1	370	322	0.999922
1	270	240	0.999943
1	492	409	0.999896
1	331	277	0.999929
0	410	401	0.999912
0	445	436	0.999904
0	240	237	0.999948
1	415	357	0.99991
1	333	302	0.999927
1	237	210	0.999948
1	286	238	0.999937
1	399	377	0.999912
1	453	383	0.9999
1	266	226	0.999941
0	497	490	0.999889
0	499	491	0.999888
1	187	153	0.999958
0	226	216	0.999949
1	239	210	0.999946
0	477	458	0.999892
1	437	407	0.999901
1	336	276	0.999923
1	157	134	0.999964
0	226	221	0.999948
1	294	269	0.999932
1	363	322	0.999916
1	150	127	0.999965
1	107	93	0.999975
1	311	263	0.999927
1	213	198	0.99995
1	446	378	0.999895
0	485	483	0.999885
1	299	263	0.999929
1	467	427	0.999889
0	189	181	0.999955
1	440	370	0.999895
0	485	480	0.999884
1	439	369	0.999895
0	167	166	0.99996
1	334	297	0.99992
1	466	382	0.999888
1	349	289	0.999916
1	390	339	0.999906
1	352	329	0.999915
1	252	224	0.999939
1	347	310	0.999916
1	404	365	0.999902
1	308	260	0.999925
1	308	283	0.999925
0	266	255	0.999935
1	270	226	0.999934
1	499	429	0.999878
1	301	271	0.999926
1	260	235	0.999936
1	388	365	0.999904
0	440	427	0.999891
0	290	289	0.999928
1	290	267	0.999928
0	212	210	0.999947
0	424	415	0.999894
1	428	356	0.999893
1	383	361	0.999904
1	135	123	0.999966
1	428	378	0.999892
0	495	479	0.999875
1	493	424	0.999875
1	424	357	0.999892
1	78	72	0.99998
1	120	99	0.999969
0	351	344	0.999909
0	185	181	0.999952
1	423	350	0.99989
1	414	392	0.999892
0	390	379	0.999897
1	396	352	0.999895
1	373	327	0.999901
1	486	435	0.999871
1	450	422	0.99988
1	476	418	0.999873
0	314	302	0.999916
1	441	389	0.999882
1	340	292	0.999909
1	264	239	0.999929
1	293	248	0.999921
0	367	356	0.999901
1	401	350	0.999891
0	309	303	0.999916
1	198	176	0.999946
0	364	359	0.9999
1	381	336	0.999895
0	348	344	0.999904
1	170	155	0.999953
0	367	362	0.999898
1	349	304	0.999903
0	219	216	0.999939
1	122	108	0.999966
1	319	269	0.999911
0	362	359	0.999899
1	93	85	0.999974
1	500	437	0.99986
1	452	387	0.999873
1	427	390	0.99988
1	380	312	0.999893
0	220	210	0.999938
1	304	271	0.999914
0	88	87	0.999975
1	344	320	0.999902
1	175	150	0.99995
1	430	370	0.999877
1	227	197	0.999935
1	436	397	0.999875
0	272	263	0.999922
1	402	374	0.999884
0	360	356	0.999896
1	474	397	0.999863
1	334	306	0.999903
1	234	213	0.999932
1	351	299	0.999898
1	354	313	0.999897
0	299	292	0.999913
1	168	142	0.999951
1	391	362	0.999885
1	288	255	0.999915
0	281	278	0.999917
0	264	251	0.999922
1	440	395	0.99987
1	266	233	0.999921
1	171	144	0.999949
0	419	396	0.999875
1	455	376	0.999864
1	207	169	0.999938
1	437	409	0.999869
1	417	386	0.999874
0	472	453	0.999857
1	487	409	0.999852
1	394	360	0.99988
0	328	316	0.9999
1	59	49	0.999982
0	366	359	0.999888
1	469	432	0.999856
1	65	53	0.99998
1	351	300	0.999892
0	477	456	0.999853
1	363	307	0.999888
1	162	142	0.99995
1	191	162	0.999941
1	194	179	0.99994
0	329	317	0.999898
0	287	273	0.999911
0	345	342	0.999893
0	116	110	0.999964
1	351	290	0.999891
1	431	383	0.999866
0	61	60	0.999981
1	356	325	0.999889
0	481	470	0.99985
1	432	394	0.999865
1	457	377	0.999857
0	152	145	0.999952
0	266	250	0.999916
0	227	214	0.999928
1	129	110	0.999959
0	351	339	0.999887
0	469	459	0.999849
1	158	137	0.999949
1	216	177	0.99993
1	484	445	0.999843
1	422	382	0.999863
1	440	399	0.999857
0	414	411	0.999865
1	434	371	0.999858
0	397	382	0.99987
1	458	427	0.99985
1	384	318	0.999874
1	298	266	0.999902
1	483	408	0.999841
1	82	76	0.999973
1	470	396	0.999845
1	403	340	0.999867
1	348	294	0.999885
1	341	282	0.999887
0	398	396	0.999868
1	102	85	0.999966
1	464	405	0.999845
1	167	142	0.999944
1	453	398	0.999848
1	347	290	0.999883
0	234	225	0.999921
1	497	442	0.999832
1	369	345	0.999875
0	286	268	0.999903
0	56	54	0.999981
0	280	265	0.999905
1	274	256	0.999907
0	430	418	0.999854
0	444	442	0.999849
1	323	274	0.99989
0	216	212	0.999926
0	265	259	0.999909
0	340	327	0.999883
0	368	349	0.999873
1	338	307	0.999883
0	479	474	0.999834
1	481	402	0.999832
0	352	347	0.999877
0	363	349	0.999873
1	445	390	0.999844
0	57	56	0.99998
0	396	385	0.999861
0	389	381	0.999863
1	298	260	0.999895
1	422	392	0.999851
0	497	480	0.999824
1	158	131	0.999944
1	172	149	0.999939
0	482	456	0.999829
0	445	442	0.999842
1	362	335	0.999871
1	426	391	0.999848
1	269	230	0.999904
0	151	145	0.999946
1	394	356	0.999859
1	446	364	0.99984
1	423	384	0.999848
0	222	209	0.99992
1	399	365	0.999856
1	155	127	0.999944
1	429	382	0.999845
0	160	151	0.999942
1	355	300	0.999871
0	140	132	0.999949
1	389	335	0.999858
1	71	60	0.999974
1	491	425	0.99982
0	462	438	0.99983
0	312	294	0.999885
0	477	464	0.999823
1	264	244	0.999902
1	237	219	0.999912
1	366	320	0.999864
0	295	277	0.99989
1	418	377	0.999844
1	300	268	0.999888
1	259	226	0.999903
1	136	114	0.999949
1	341	284	0.999872
1	218	180	0.999918
1	382	348	0.999856
1	411	368	0.999845
0	197	190	0.999925
0	402	381	0.999846
0	214	210	0.999918
0	497	469	0.999809
1	283	236	0.999891
0	485	475	0.999813
1	293	269	0.999887
0	70	69	0.999973
0	378	370	0.999854
0	326	304	0.999874
0	243	228	0.999906
1	380	341	0.999853
1	191	162	0.999926
1	482	448	0.999813
1	384	334	0.999851
0	255	240	0.999901
1	466	428	0.999819
1	345	318	0.999865
1	212	181	0.999917
0	470	459	0.999816
1	407	344	0.99984
1	325	274	0.999872
0	435	429	0.999828
0	388	383	0.999846
1	259	229	0.999897
1	349	319	0.999861
1	241	204	0.999904
0	50	47	0.99998
1	275	227	0.99989
1	485	415	0.999806
1	392	326	0.999843
1	354	328	0.999858
0	496	487	0.999801
0	446	418	0.999821
0	495	477	0.999801
0	447	446	0.99982
1	134	114	0.999946
0	474	442	0.999809
1	449	394	0.999819
1	491	411	0.999802
0	463	442	0.999813
0	136	127	0.999945
1	331	280	0.999866
1	318	275	0.999871
1	263	227	0.999893
1	193	170	0.999921
1	476	414	0.999805
0	356	349	0.999854
1	163	138	0.999933
0	479	476	0.999803
1	413	347	0.99983
0	169	160	0.99993
1	480	428	0.999801
1	422	344	0.999825
0	282	272	0.999883
1	347	297	0.999856
1	195	166	0.999919
0	262	249	0.999891
0	281	275	0.999883
1	456	379	0.99981
0	431	407	0.99982
1	232	212	0.999903
1	464	411	0.999805
0	195	181	0.999918
0	126	121	0.999947
1	368	324	0.999845
1	294	250	0.999876
1	310	273	0.999869
1	343	299	0.999855
1	246	201	0.999896
0	380	366	0.999839
1	464	418	0.999803
1	365	326	0.999845
1	480	428	0.999796
1	254	210	0.999892
1	87	74	0.999963
1	500	432	0.999787
0	436	417	0.999814
0	348	340	0.999851
1	385	325	0.999835
0	184	180	0.999921
1	144	120	0.999938
0	281	264	0.999879
1	492	417	0.999788
1	301	267	0.99987
1	433	390	0.999813
0	490	471	0.999788
1	365	316	0.999842
0	292	273	0.999873
1	399	360	0.999826
0	334	312	0.999854
1	230	210	0.999899
0	485	479	0.999787
1	359	301	0.999842
1	361	298	0.999841
0	281	266	0.999876
0	258	245	0.999886
0	482	468	0.999787
1	373	333	0.999835
0	334	315	0.999852
1	203	180	0.99991
1	354	317	0.999843
0	381	376	0.999831
1	426	366	0.999811
0	480	458	0.999787
0	480	454	0.999787
1	459	405	0.999796
1	478	393	0.999785
1	211	194	0.999905
1	422	360	0.99981
0	293	271	0.999868
1	93	79	0.999958
0	471	439	0.999787
1	126	110	0.999943
1	480	441	0.999782
1	420	373	0.999809
1	444	403	0.999798
0	462	442	0.999789
1	313	269	0.999857
1	367	308	0.999832
0	386	365	0.999822
1	485	437	0.999776
1	368	326	0.99983
1	216	182	0.9999
1	179	150	0.999917
0	312	292	0.999855
0	467	443	0.999782
0	162	153	0.999924
1	170	146	0.99992
1	463	395	0.999781
1	298	255	0.999859
1	490	408	0.999768
1	133	122	0.999937
1	485	411	0.99977
1	299	258	0.999858
1	482	397	0.999771
1	408	358	0.999806
0	474	459	0.999774
1	440	400	0.99979
1	379	336	0.999819
1	437	400	0.999791
1	301	261	0.999856
1	405	342	0.999806
1	338	281	0.999838
1	206	178	0.999901
1	448	382	0.999784
1	282	251	0.999864
0	288	286	0.999861
0	438	417	0.999788
1	454	403	0.99978
1	165	152	0.99992
1	316	261	0.999846
1	369	320	0.99982
1	472	391	0.999769
0	294	273	0.999856
0	257	247	0.999874
0	435	432	0.999786
1	467	391	0.99977
1	422	344	0.999792
0	478	465	0.999764
1	403	339	0.999801
1	466	412	0.999769
0	435	424	0.999784
1	302	247	0.99985
0	283	274	0.999859
1	419	348	0.999791
1	126	112	0.999937
1	172	151	0.999914
0	268	247	0.999866
1	478	419	0.999761
1	484	430	0.999758
0	493	462	0.999753
1	479	391	0.99976
1	471	420	0.999764
0	452	450	0.999773
1	452	396	0.999773
1	348	300	0.999825
0	479	470	0.999759
1	302	264	0.999848
1	379	332	0.999809
0	226	209	0.999886
0	333	320	0.999832
1	287	264	0.999855
1	481	421	0.999757
0	439	411	0.999778
1	487	403	0.999753
1	319	286	0.999838
1	252	207	0.999872
0	429	404	0.999782
0	418	390	0.999787
0	241	239	0.999877
1	376	312	0.999808
1	313	280	0.99984
1	123	106	0.999937
1	162	148	0.999917
0	220	213	0.999886
0	403	393	0.999791
1	208	170	0.999892
1	484	399	0.999748
0	265	262	0.999862
0	403	375	0.99979
0	450	421	0.999765
1	423	387	0.999779
1	396	334	0.999793
1	438	368	0.999771
1	239	205	0.999875
0	237	227	0.999876
0	237	219	0.999876
1	271	231	0.999858
0	490	457	0.999742
0	432	397	0.999772
0	429	413	0.999773
1	68	57	0.999964
0	457	441	0.999758
0	249	241	0.999868
0	260	250	0.999862
0	81	75	0.999957
1	339	292	0.99982
0	452	446	0.99976
1	482	442	0.999744
0	428	404	0.999772
1	443	401	0.999764
1	268	230	0.999857
1	402	346	0.999785
0	310	300	0.999834
1	493	438	0.999736
0	265	253	0.999858
1	489	445	0.999738
0	319	296	0.999829
1	78	65	0.999958
0	295	284	0.999841
1	432	370	0.999767
1	189	167	0.999898
1	72	59	0.999961
0	353	339	0.999808
1	327	298	0.999822
0	325	303	0.999823
1	405	351	0.999779
1	207	184	0.999887
0	423	411	0.999769
0	108	101	0.999941
0	355	336	0.999806
1	340	307	0.999814
0	84	80	0.999954
1	250	218	0.999863
1	416	349	0.999772
0	268	257	0.999853
1	113	97	0.999938
0	122	121	0.999933
1	366	310	0.999799
1	446	376	0.999755
1	391	323	0.999785
0	329	303	0.999819
1	249	219	0.999863
0	145	135	0.99992
1	442	385	0.999756
1	456	373	0.999748
1	389	348	0.999785
1	398	336	0.99978
0	293	271	0.999838
1	226	207	0.999875
1	244	222	0.999865
0	472	454	0.999738
0	54	51	0.99997
0	412	411	0.999771
0	201	185	0.999888
0	296	289	0.999835
1	362	300	0.999798
0	120	118	0.999933
0	370	347	0.999793
1	243	212	0.999864
1	357	315	0.9998
1	314	282	0.999824
1	210	172	0.999882
0	306	296	0.999828
1	240	200	0.999865
0	437	423	0.999754
1	294	243	0.999834
1	177	159	0.9999
0	99	91	0.999944
1	196	174	0.999889
0	362	340	0.999795
1	180	154	0.999898
1	439	386	0.999751
1	423	366	0.99976
0	428	412	0.999757
1	410	340	0.999767
1	73	63	0.999958
0	337	321	0.999806
0	182	169	0.999895
1	305	250	0.999823
1	276	227	0.999839
0	348	322	0.999797
0	466	427	0.999728
0	459	433	0.999732
1	453	395	0.999735
1	422	367	0.999753
0	463	444	0.999729
0	259	252	0.999848
1	394	322	0.999768
1	416	367	0.999755
1	312	257	0.999816
1	450	371	0.999734
0	458	447	0.999729
0	233	230	0.999862
0	138	137	0.999918
1	333	272	0.999802
1	89	73	0.999947
1	419	381	0.99975
1	407	359	0.999757
1	72	64	0.999957
1	276	247	0.999835
0	339	310	0.999797
0	280	268	0.999832
1	266	238	0.99984
0	437	420	0.999736
0	344	318	0.999792
0	287	286	0.999826
1	216	183	0.999869
0	239	234	0.999855
1	319	261	0.999806
0	353	349	0.999785
0	215	211	0.999869
1	398	348	0.999757
1	90	79	0.999945
1	337	293	0.999794
1	438	365	0.999732
0	423	411	0.999741
0	267	252	0.999836
1	174	148	0.999893
1	304	262	0.999813
1	346	288	0.999787
0	190	174	0.999883
1	149	126	0.999908
0	254	233	0.999843
0	435	400	0.999731
0	367	344	0.999773
1	281	250	0.999826
1	408	339	0.999747
0	287	275	0.999822
0	274	273	0.99983
0	425	394	0.999736
1	225	202	0.99986
1	233	192	0.999855
1	294	267	0.999817
1	104	89	0.999935
1	424	362	0.999735
0	323	321	0.999798
0	310	297	0.999806
1	337	293	0.999789
0	406	377	0.999745
1	412	350	0.99974
1	163	145	0.999897
1	177	160	0.999888
1	409	344	0.999741
0	336	331	0.999787
0	252	239	0.99984
0	392	375	0.999751
0	299	283	0.99981
1	425	379	0.999729
1	213	189	0.999864
0	360	358	0.99977
0	255	238	0.999837
1	267	240	0.999829
1	134	113	0.999914
0	408	393	0.999738
1	327	289	0.99979
0	295	289	0.99981
1	313	284	0.999798
0	387	364	0.99975
1	51	42	0.999967
0	315	313	0.999795
0	359	344	0.999766
1	158	133	0.999897
0	233	222	0.999848
0	185	182	0.999879
1	414	348	0.999729
1	310	282	0.999797
1	345	283	0.999774
1	265	233	0.999826
0	245	238	0.999839
1	249	215	0.999836
0	389	375	0.999743
0	118	113	0.999922
0	394	364	0.999739
0	264	259	0.999825
0	309	300	0.999795
1	407	343	0.99973
1	402	338	0.999733
1	405	350	0.999731
0	367	356	0.999756
0	388	378	0.999742
1	397	351	0.999736
1	171	155	0.999886
0	272	250	0.999818
0	298	286	0.9998
0	239	229	0.999839
1	299	271	0.999798
1	397	349	0.999731
0	159	153	0.999892
1	82	73	0.999944
0	298	273	0.999796
0	308	287	0.999789
1	147	125	0.999899
0	346	320	0.999762
0	356	346	0.999755
1	87	77	0.99994
1	123	105	0.999915
1	272	227	0.999812
1	272	240	0.999812
0	217	207	0.99985
0	208	207	0.999856
0	330	313	0.999771
0	170	158	0.999882
0	255	233	0.999823
0	383	359	0.999734
1	187	164	0.99987
0	307	292	0.999786
0	371	342	0.999741
1	334	283	0.999766
1	385	317	0.99973
0	384	375	0.99973
0	253	243	0.999822
1	371	330	0.999739
0	382	361	0.999731
1	362	317	0.999745
1	292	253	0.999794
1	348	309	0.999754
0	325	324	0.99977
1	192	174	0.999864
1	326	283	0.999769
0	196	181	0.999861
0	338	333	0.99976
1	221	201	0.999843
1	346	294	0.999754
1	340	277	0.999758
1	355	295	0.999747
1	178	157	0.999873
1	290	247	0.999793
0	301	277	0.999785
0	186	176	0.999867
0	362	330	0.999741
0	278	264	0.999801
1	304	261	0.999782
1	177	151	0.999873
0	359	339	0.999742
1	217	183	0.999844
0	269	250	0.999806
0	148	141	0.999893
1	374	317	0.999729
1	247	202	0.999821
0	305	302	0.999778
0	368	339	0.999732
0	166	155	0.999879
0	182	178	0.999867
1	182	157	0.999867
0	261	260	0.999809
0	222	205	0.999837
0	337	311	0.999752
1	303	249	0.999777
1	303	262	0.999777
1	276	229	0.999796
0	303	281	0.999776
0	127	119	0.999906
0	181	174	0.999866
0	294	268	0.999782
0	151	145	0.999888
1	222	192	0.999835
0	168	154	0.999875
1	279	246	0.999792
1	209	171	0.999844
1	304	257	0.999773
0	143	130	0.999893
0	255	250	0.999809
1	184	157	0.999862
1	248	205	0.999814
0	248	228	0.999814
0	278	261	0.999791
0	158	151	0.999881
0	322	293	0.999757
0	347	346	0.999738
0	291	276	0.99978
0	267	246	0.999798
0	144	138	0.999891
0	325	318	0.999754
1	277	231	0.99979
1	130	116	0.999901
0	63	58	0.999952
1	304	248	0.999768
1	347	291	0.999735
0	288	282	0.99978
1	301	269	0.99977
0	205	190	0.999843
0	284	273	0.999782
1	56	46	0.999957
0	220	214	0.999831
1	289	262	0.999778
1	285	251	0.999781
0	327	315	0.999748
0	224	209	0.999827
0	167	166	0.999871
0	251	238	0.999806
0	229	209	0.999823
0	271	259	0.99979
0	300	286	0.999767
1	343	307	0.999732
1	111	98	0.999913
0	186	182	0.999854
0	327	318	0.999743
1	52	46	0.999959
0	209	203	0.999835
0	254	244	0.999799
1	68	57	0.999946
0	288	263	0.999771
1	314	259	0.99975
0	99	91	0.999921
0	244	236	0.999805
1	246	216	0.999803
1	322	278	0.999742
0	323	298	0.999741
0	290	277	0.999767
1	107	95	0.999914
1	241	202	0.999806
0	247	238	0.999801
0	229	219	0.999815
1	214	177	0.999827
0	329	319	0.999734
1	152	131	0.999877
1	265	236	0.999784
0	137	134	0.999888
0	225	212	0.999816
1	55	47	0.999955
0	304	296	0.999751
0	128	127	0.999895
0	141	132	0.999884
0	147	145	0.999879
1	131	109	0.999892
1	319	262	0.999735
1	149	130	0.999876
1	216	188	0.99982
0	175	160	0.999854
0	309	293	0.999742
1	79	65	0.999934
0	99	98	0.999917
1	244	209	0.999795
1	317	279	0.999733
0	231	218	0.999805
0	174	162	0.999853
0	278	260	0.999765
1	256	221	0.999783
1	179	151	0.999848
0	279	267	0.999761
1	200	179	0.999828
0	166	155	0.999857
0	195	183	0.999832
1	253	222	0.999781
1	53	45	0.999954
1	215	186	0.999813
0	156	143	0.999864
1	230	204	0.999797
1	291	244	0.999743
0	163	151	0.999856
0	142	140	0.999874
0	118	113	0.999895
0	246	244	0.999781
0	186	176	0.999834
0	254	245	0.999773
1	151	134	0.999865
1	209	183	0.999813
1	163	147	0.999854
0	279	253	0.99975
1	203	178	0.999818
1	291	238	0.999738
1	242	203	0.999782
0	71	69	0.999936
1	276	239	0.999751
1	225	195	0.999796
0	196	190	0.999822
1	136	122	0.999876
1	283	236	0.999742
1	199	168	0.999818
1	142	125	0.99987
1	288	260	0.999736
0	293	280	0.999731
1	124	102	0.999886
0	254	242	0.999766
1	196	169	0.999819
1	248	214	0.99977
0	254	240	0.999764
1	221	189	0.999794
1	207	171	0.999806
1	223	201	0.999791
0	288	263	0.99973
0	228	220	0.999786
0	184	177	0.999827
1	219	179	0.999794
0	174	161	0.999836
0	195	181	0.999816
0	144	133	0.999864
1	166	140	0.999843
1	230	190	0.999782
0	159	151	0.999849
1	240	215	0.999772
0	142	132	0.999865
1	61	52	0.999942
1	234	205	0.999777
1	222	198	0.999788
1	209	172	0.999799
1	89	74	0.999914
1	238	207	0.99977
0	143	137	0.999861
0	202	198	0.999803
1	192	168	0.999812
1	245	207	0.99976
1	99	89	0.999903
1	273	242	0.999732
1	224	190	0.999779
1	263	218	0.99974
0	269	244	0.999733
1	144	129	0.999857
0	231	217	0.99977
0	64	63	0.999936
0	221	216	0.999779
0	214	211	0.999785
1	265	231	0.999733
1	162	144	0.999836
1	245	213	0.999751
0	101	98	0.999897
0	172	160	0.999824
1	168	151	0.999828
1	194	169	0.999801
0	255	230	0.999738
0	224	206	0.999769
0	245	230	0.999745
1	182	153	0.99981
1	172	155	0.99982
1	104	86	0.999891
1	125	102	0.999868
0	220	217	0.999766
0	225	216	0.99976
0	247	245	0.999735
1	242	207	0.99974
1	213	189	0.99977
0	161	155	0.999826
1	98	81	0.999894
0	204	185	0.999779
0	239	227	0.99974
0	213	204	0.999768
0	246	239	0.999732
1	141	124	0.999846
1	151	124	0.999835
1	246	212	0.999731
1	241	210	0.999736
0	115	108	0.999874
1	182	160	0.999799
1	214	179	0.999763
1	158	132	0.999825
0	185	183	0.999795
1	100	88	0.999889
0	96	95	0.999893
1	243	207	0.999729
0	57	56	0.999936
1	217	188	0.999756
1	152	134	0.999829
0	158	148	0.999822
0	228	216	0.999743
1	202	174	0.999772
1	181	150	0.999794
0	105	102	0.99988
0	231	213	0.999736
1	131	114	0.99985
1	220	195	0.999748
0	219	201	0.999749
1	180	149	0.999793
0	103	102	0.999881
1	85	75	0.999901
0	151	148	0.999823
0	161	154	0.999811
1	122	104	0.999856
1	152	133	0.99982
0	205	200	0.999757
0	171	163	0.999797
0	216	201	0.999743
1	164	141	0.999803
0	198	187	0.999761
1	167	141	0.999798
0	107	105	0.99987
1	69	60	0.999916
1	193	171	0.999765
0	124	115	0.999849
1	192	163	0.999766
1	184	162	0.999774
0	146	140	0.99982
1	60	49	0.999926
0	89	88	0.99989
1	144	125	0.999821
0	53	49	0.999934
0	175	161	0.999782
0	97	96	0.999879
1	193	163	0.999759
0	206	197	0.999742
0	129	117	0.999838
0	172	170	0.999784
1	113	96	0.999858
1	216	192	0.999728
0	154	142	0.999806
1	181	159	0.999769
1	159	134	0.999797
1	158	142	0.999798
1	152	133	0.999805
0	137	128	0.999824
0	210	196	0.99973
0	101	91	0.99987
0	72	71	0.999907
0	180	171	0.999767
1	134	113	0.999826
0	134	123	0.999826
1	209	176	0.999728
0	104	99	0.999864
0	119	115	0.999844
0	154	147	0.999798
0	189	184	0.999752
0	192	177	0.999748
1	146	130	0.999808
0	180	179	0.999763
1	186	152	0.999755
1	87	77	0.999885
0	133	130	0.999824
1	107	93	0.999858
1	189	159	0.999749
0	167	159	0.999778
1	147	127	0.999804
0	163	158	0.999781
0	86	78	0.999884
0	103	102	0.999861
0	196	178	0.999735
0	126	114	0.999829
0	165	158	0.999776
1	151	129	0.999795
0	91	82	0.999876
1	132	109	0.99982
0	68	62	0.999907
1	137	123	0.999812
1	58	50	0.99992
0	135	133	0.999813
0	155	141	0.999785
1	183	161	0.999746
1	74	65	0.999897
1	135	112	0.999812
0	186	170	0.99974
0	160	151	0.999776
1	152	124	0.999787
0	118	110	0.999832
0	153	139	0.999782
0	77	74	0.99989
0	129	118	0.999814
1	158	131	0.999772
1	185	159	0.999731
1	95	84	0.999861
1	174	156	0.999745
1	181	150	0.999734
1	133	113	0.999804
1	179	153	0.999736
0	183	174	0.99973
1	73	62	0.999892
0	166	162	0.999754
0	116	113	0.999827
1	156	135	0.999767
0	91	83	0.999864
1	145	120	0.999782
0	145	143	0.999781
0	171	160	0.999741
0	111	110	0.999831
1	145	122	0.999779
0	169	154	0.999742
1	116	96	0.999822
1	166	138	0.999743
1	164	135	0.999745
1	142	122	0.999779
0	83	80	0.99987
1	141	123	0.999779
1	158	138	0.999752
0	172	161	0.99973
1	81	67	0.999872
0	170	169	0.999731
0	166	149	0.999736
1	73	61	0.999883
1	160	132	0.999743
0	130	117	0.999791
0	98	95	0.999841
0	163	152	0.999735
0	102	99	0.999834
1	147	124	0.99976
1	120	105	0.999804
1	128	113	0.99979
0	68	63	0.999888
0	161	153	0.999734
0	118	114	0.999803
1	114	100	0.999808
1	146	129	0.999753
0	159	148	0.99973
0	116	106	0.999803
0	64	63	0.999891
1	64	54	0.999891
0	105	97	0.999821
1	60	52	0.999897
1	75	62	0.999871
0	158	145	0.999728
0	65	61	0.999888
0	114	103	0.999803
0	130	122	0.999775
1	104	85	0.999819
0	52	51	0.999909
0	148	136	0.999741
1	77	67	0.999865
1	66	58	0.999884
1	152	126	0.999731
0	123	117	0.999781
0	151	148	0.99973
0	77	72	0.999862
1	92	75	0.999835
1	93	82	0.999832
1	141	117	0.999745
0	59	57	0.999893
0	129	126	0.999762
0	96	88	0.999822
0	73	71	0.999864
1	104	91	0.999806
1	142	121	0.999735
1	122	105	0.999772
1	84	75	0.999842
1	77	66	0.999855
0	79	74	0.999849
0	83	82	0.999841
1	128	109	0.999754
0	61	56	0.999882
1	95	80	0.999815
1	101	86	0.999803
0	98	92	0.999808
1	131	113	0.999742
1	102	87	0.999799
1	71	60	0.999859
0	119	116	0.999762
0	126	124	0.999747
1	111	99	0.999777
1	128	108	0.999742
1	130	109	0.999737
0	102	100	0.999793
1	110	98	0.999774
1	53	45	0.999891
1	79	70	0.999837
0	124	114	0.999742
0	57	52	0.999881
1	101	86	0.999789
0	83	76	0.999824
0	106	95	0.999772
0	76	68	0.999836
1	92	80	0.999801
1	89	79	0.999804
0	77	74	0.99983
0	112	109	0.999751
1	84	75	0.999813
0	77	69	0.999826
1	96	83	0.999782
1	52	45	0.99988
1	86	76	0.9998
0	67	60	0.999844
0	110	108	0.999739
1	83	73	0.999803
0	81	76	0.999805
1	90	75	0.999783
1	109	91	0.999737
0	71	68	0.999828
0	103	94	0.999746
0	93	89	0.999769
0	106	99	0.999735
0	65	61	0.999836
0	72	69	0.999818
0	74	70	0.999812
1	73	61	0.999814
0	102	99	0.999737
0	98	90	0.999745
0	95	93	0.99975
0	98	93	0.999742
1	60	51	0.999842
1	102	86	0.999731
1	93	82	0.999751
1	95	84	0.999743
1	88	72	0.99976
0	99	98	0.999728
0	57	53	0.999836
0	92	90	0.999732
0	75	68	0.999778
1	91	79	0.99973
1	78	64	0.999768
0	65	59	0.999804
1	84	75	0.999746
1	52	45	0.999839
0	54	50	0.99983
0	81	74	0.999743
1	57	49	0.999819
0	67	62	0.99978
1	69	61	0.999769
0	57	53	0.999806
1	60	53	0.999794
0	69	67	0.99976
1	63	54	0.999774
0	57	52	0.999789
1	64	56	0.999758
1	50	44	0.999809
0	55	50	0.999787
0	61	57	0.999762
0	52	49	0.999795
0	58	56	0.999756
0	53	52	0.999776
0	54	49	0.999767
1	54	48	0.999765
1	53	47	0.999766
0	53	52	0.99976
0	50	46	0.999771
1	54	48	0.999752
1	54	47	0.999743
