107415
6.01772
3000
1	99	68	1
1	492	471	0.999999
1	461	326	0.999999
1	374	244	0.999999
1	355	260	0.999999
1	326	304	0.999999
1	299	241	0.999999
1	497	458	0.999998
1	483	370	0.999998
1	204	182	0.999999
1	345	255	0.999998
1	498	424	0.999997
1	498	315	0.999997
1	476	469	0.999997
1	303	237	0.999998
1	409	264	0.999997
1	357	280	0.999997
1	413	254	0.999996
1	201	153	0.999998
1	490	296	0.999995
1	480	314	0.999995
1	478	324	0.999995
1	447	423	0.999995
1	175	151	0.999998
1	157	95	0.999998
1	468	276	0.999994
1	466	335	0.999994
1	371	252	0.999995
1	219	194	0.999997
1	354	224	0.999995
1	275	226	0.999996
1	399	235	0.999994
1	391	243	0.999994
1	318	291	0.999995
1	434	331	0.999993
1	357	314	0.999994
1	55	47	0.999999
1	427	292	0.999992
1	436	364	0.999991
1	141	113	0.999997
1	443	359	0.99999
1	394	245	0.999991
1	345	243	0.999992
1	412	257	0.99999
1	481	350	0.999988
1	481	315	0.999988
1	385	270	0.99999
1	366	327	0.99999
1	321	279	0.999991
1	351	339	0.99999
1	105	65	0.999997
1	433	291	0.999987
1	391	234	0.999988
1	256	217	0.999992
1	373	298	0.999988
1	496	336	0.999984
1	488	412	0.999984
1	469	404	0.999984
1	292	202	0.99999
1	171	106	0.999994
1	365	343	0.999987
1	448	410	0.999984
1	194	158	0.999993
1	221	157	0.999992
1	322	272	0.999988
1	79	61	0.999997
1	289	258	0.999989
1	131	120	0.999995
1	493	429	0.999981
1	492	429	0.999981
1	254	165	0.99999
1	427	280	0.999983
1	452	299	0.999982
1	476	302	0.999981
1	425	404	0.999983
1	223	143	0.999991
0	418	413	0.999983
1	172	134	0.999993
1	365	253	0.999985
1	121	88	0.999995
1	459	436	0.999981
1	285	253	0.999988
0	308	306	0.999987
1	182	174	0.999992
1	429	332	0.999981
1	88	80	0.999996
1	432	412	0.99998
1	147	131	0.999993
1	449	411	0.999978
1	326	285	0.999984
1	453	378	0.999977
1	275	203	0.999986
1	176	169	0.999991
1	446	265	0.999977
1	463	306	0.999976
1	500	360	0.999973
1	221	130	0.999988
0	221	218	0.999988
1	276	176	0.999985
1	90	74	0.999995
1	126	111	0.999993
1	233	154	0.999987
1	321	196	0.999982
1	428	266	0.999976
1	410	343	0.999977
1	500	481	0.999971
1	393	271	0.999977
1	357	214	0.999979
1	455	286	0.999973
1	217	171	0.999987
1	150	141	0.999991
1	361	309	0.999978
1	340	267	0.999979
1	209	171	0.999987
1	464	384	0.999971
1	475	303	0.99997
1	489	418	0.999969
1	141	116	0.999991
1	187	165	0.999988
1	404	328	0.999974
1	493	409	0.999968
1	246	214	0.999984
1	353	275	0.999977
1	399	369	0.999974
1	460	350	0.99997
1	320	234	0.999979
1	258	158	0.999983
1	500	297	0.999967
1	347	227	0.999977
1	208	127	0.999986
1	497	380	0.999966
1	434	395	0.99997
1	303	276	0.999979
1	427	284	0.99997
0	270	265	0.999981
1	56	40	0.999996
1	97	64	0.999993
1	227	198	0.999983
1	93	89	0.999993
1	357	247	0.999973
1	485	423	0.999963
1	367	222	0.999972
1	131	77	0.99999
1	353	258	0.999973
1	273	251	0.999979
1	338	217	0.999974
1	436	287	0.999966
1	494	461	0.999961
1	291	270	0.999977
1	278	221	0.999978
1	214	142	0.999983
1	465	335	0.999963
1	387	314	0.999969
1	162	148	0.999987
1	496	332	0.99996
1	382	322	0.999969
1	455	415	0.999963
1	453	374	0.999963
1	171	153	0.999986
0	268	259	0.999978
1	231	188	0.999981
1	349	253	0.999971
1	275	235	0.999977
1	83	52	0.999993
1	425	252	0.999964
1	118	98	0.99999
0	399	393	0.999966
1	397	380	0.999966
1	70	64	0.999994
1	128	94	0.999989
1	265	208	0.999977
1	391	318	0.999966
1	333	318	0.999971
1	481	440	0.999958
1	388	310	0.999966
1	461	321	0.999959
1	146	131	0.999987
1	468	325	0.999958
0	288	278	0.999974
1	274	176	0.999975
1	316	299	0.999971
1	346	292	0.999968
1	495	297	0.999954
1	440	265	0.999959
1	118	112	0.999989
1	343	271	0.999968
1	481	422	0.999955
1	406	263	0.999962
1	127	79	0.999988
1	423	394	0.99996
1	394	266	0.999962
1	145	131	0.999986
1	435	330	0.999958
1	217	170	0.999979
1	496	346	0.999952
1	485	343	0.999953
1	473	319	0.999954
1	421	348	0.999959
1	441	412	0.999957
1	214	162	0.999979
1	428	322	0.999958
1	326	283	0.999968
1	141	111	0.999986
1	399	286	0.99996
0	285	274	0.999971
1	281	260	0.999971
1	116	88	0.999988
1	424	314	0.999956
1	355	275	0.999963
1	431	379	0.999955
1	335	261	0.999965
1	469	338	0.999951
0	342	341	0.999964
1	444	351	0.999953
1	85	72	0.999991
1	217	135	0.999977
1	490	443	0.999948
1	471	319	0.99995
1	339	234	0.999964
1	432	268	0.999954
1	225	210	0.999976
1	290	179	0.999969
0	355	340	0.999962
1	373	222	0.99996
1	354	310	0.999962
1	260	160	0.999972
1	269	204	0.999971
1	222	172	0.999976
1	259	175	0.999972
1	462	326	0.99995
0	452	433	0.999951
1	285	262	0.999969
1	494	417	0.999946
1	492	410	0.999946
1	346	328	0.999962
1	91	60	0.99999
1	352	323	0.999961
1	424	373	0.999953
1	342	205	0.999962
1	224	169	0.999975
1	259	165	0.999971
1	186	173	0.999979
1	150	98	0.999983
1	132	110	0.999985
1	364	294	0.999958
1	436	377	0.999949
1	495	416	0.999942
1	324	260	0.999962
1	247	145	0.999971
0	119	118	0.999986
1	221	158	0.999974
1	357	273	0.999958
1	355	216	0.999958
1	185	133	0.999978
0	151	146	0.999982
1	450	364	0.999946
1	421	351	0.999949
0	330	316	0.99996
1	470	293	0.999943
1	304	181	0.999963
1	476	347	0.999942
1	426	310	0.999948
1	343	282	0.999958
1	297	214	0.999963
1	176	157	0.999978
1	264	167	0.999967
0	328	317	0.999959
1	470	438	0.999941
1	366	294	0.999954
1	433	303	0.999945
1	415	254	0.999947
1	407	315	0.999948
1	289	195	0.999963
1	249	203	0.999968
0	62	59	0.999992
1	155	97	0.99998
0	333	326	0.999957
1	378	275	0.999951
1	316	187	0.999959
1	437	311	0.999943
1	337	315	0.999956
1	228	206	0.99997
1	310	221	0.999959
1	286	204	0.999962
1	202	143	0.999973
1	438	403	0.999941
1	258	184	0.999965
1	479	331	0.999935
1	361	249	0.999951
0	359	353	0.999951
1	498	371	0.999932
1	424	337	0.999942
1	497	419	0.999932
0	335	332	0.999954
1	450	365	0.999938
0	470	444	0.999935
1	490	303	0.999932
1	497	443	0.999931
1	280	246	0.999961
1	421	376	0.999941
1	206	179	0.999971
0	149	148	0.999979
1	447	266	0.999937
1	432	291	0.999939
1	459	429	0.999934
1	342	215	0.99995
1	444	405	0.999935
1	362	289	0.999947
1	483	412	0.999929
0	129	127	0.999981
1	95	62	0.999986
1	285	180	0.999958
1	312	206	0.999954
1	494	461	0.999927
1	257	180	0.999962
1	304	206	0.999955
0	108	103	0.999984
0	479	468	0.999929
0	499	481	0.999926
1	236	161	0.999965
1	395	314	0.999941
1	435	342	0.999935
0	433	426	0.999935
1	298	220	0.999955
0	251	243	0.999962
1	376	301	0.999943
0	455	448	0.999931
1	112	66	0.999983
1	158	134	0.999976
0	490	474	0.999925
1	326	278	0.99995
1	202	171	0.999969
1	468	433	0.999928
1	363	231	0.999944
1	310	231	0.999952
1	354	238	0.999945
0	327	324	0.999949
1	391	287	0.999939
0	224	210	0.999965
1	89	57	0.999986
1	482	336	0.999924
1	461	373	0.999927
0	377	368	0.99994
1	113	94	0.999982
1	237	153	0.999962
1	466	392	0.999925
1	388	233	0.999937
1	468	335	0.999924
1	214	189	0.999965
1	328	286	0.999946
1	72	66	0.999988
1	150	90	0.999975
1	204	150	0.999966
1	455	297	0.999924
1	335	288	0.999944
1	269	182	0.999955
0	191	178	0.999968
0	444	433	0.999925
1	201	154	0.999966
0	118	116	0.99998
1	476	335	0.999919
0	393	384	0.999933
1	129	105	0.999978
1	380	337	0.999935
1	146	97	0.999975
1	373	339	0.999936
1	378	290	0.999935
1	500	395	0.999914
1	122	73	0.999979
1	145	130	0.999975
1	429	322	0.999926
1	410	341	0.999929
1	254	184	0.999956
1	437	370	0.999924
0	454	422	0.999921
1	228	182	0.99996
0	416	394	0.999927
1	427	268	0.999925
1	380	271	0.999933
0	390	386	0.999931
1	243	206	0.999957
1	389	288	0.999931
1	496	427	0.999912
1	428	320	0.999924
1	291	185	0.999948
1	358	252	0.999936
1	485	351	0.999913
1	479	431	0.999914
1	462	346	0.999917
1	89	80	0.999984
1	100	81	0.999982
1	344	203	0.999938
1	399	326	0.999928
1	487	371	0.999912
1	259	204	0.999953
1	429	265	0.999922
0	451	441	0.999918
1	500	420	0.999909
1	487	408	0.999911
1	317	197	0.999942
1	470	392	0.999914
1	213	181	0.999961
1	305	180	0.999944
1	450	354	0.999917
1	368	236	0.999932
1	437	350	0.999919
0	469	459	0.999913
1	172	152	0.999968
1	322	270	0.99994
0	375	346	0.99993
1	316	193	0.999941
1	383	352	0.999928
1	85	72	0.999984
0	499	462	0.999906
1	345	255	0.999935
1	466	342	0.999912
1	407	306	0.999923
1	412	242	0.999922
0	174	163	0.999967
0	374	361	0.999929
1	372	298	0.999929
1	272	187	0.999948
1	428	329	0.999918
1	334	273	0.999936
1	396	309	0.999924
1	176	149	0.999966
1	269	164	0.999948
1	331	201	0.999936
1	124	103	0.999976
0	98	90	0.999981
1	392	231	0.999924
0	103	98	0.99998
1	103	79	0.99998
0	463	453	0.99991
0	354	334	0.999931
1	277	213	0.999946
1	159	144	0.999969
1	296	196	0.999942
1	457	309	0.99991
1	486	421	0.999904
1	339	297	0.999933
1	131	111	0.999974
1	241	176	0.999952
1	341	260	0.999932
1	145	95	0.999971
1	274	182	0.999945
0	391	371	0.999921
1	286	177	0.999942
1	221	155	0.999955
1	270	239	0.999945
1	486	297	0.999901
1	368	271	0.999925
0	412	399	0.999916
1	430	279	0.999912
1	385	313	0.999921
1	302	184	0.999938
0	456	432	0.999906
1	431	270	0.999911
1	435	297	0.99991
1	318	222	0.999934
1	120	75	0.999975
1	244	202	0.999949
1	387	283	0.999919
1	485	355	0.999898
1	475	389	0.9999
0	470	430	0.999901
1	413	270	0.999913
1	71	55	0.999985
1	213	156	0.999955
1	335	247	0.999929
1	485	436	0.999897
0	452	424	0.999904
0	362	334	0.999923
1	390	240	0.999917
1	291	223	0.999938
1	417	299	0.999911
0	370	364	0.999921
1	458	411	0.999902
1	210	147	0.999955
1	470	326	0.999899
0	456	449	0.999902
1	302	184	0.999935
1	311	267	0.999933
1	412	341	0.999911
1	406	296	0.999912
1	184	166	0.99996
1	464	397	0.999899
0	105	104	0.999977
1	365	257	0.99992
1	91	72	0.99998
1	309	213	0.999932
1	404	251	0.999911
1	312	276	0.999931
0	131	124	0.999971
1	387	248	0.999914
1	423	290	0.999906
0	436	401	0.999903
1	467	369	0.999896
1	175	114	0.999961
1	139	105	0.999969
0	448	417	0.9999
1	282	212	0.999937
1	428	374	0.999904
0	463	434	0.999896
1	454	269	0.999898
1	320	205	0.999928
1	391	285	0.999912
1	266	159	0.99994
1	62	51	0.999986
1	199	160	0.999955
1	389	263	0.999912
0	446	438	0.999899
1	331	226	0.999925
0	335	306	0.999924
1	202	175	0.999954
1	478	329	0.999891
1	249	176	0.999943
1	301	244	0.999931
1	283	244	0.999935
1	496	324	0.999886
1	274	191	0.999937
1	108	93	0.999975
1	298	256	0.999931
0	367	340	0.999915
1	500	379	0.999884
0	439	412	0.999898
1	223	158	0.999948
1	240	156	0.999944
1	492	319	0.999885
1	333	247	0.999922
1	482	373	0.999887
1	418	280	0.999902
1	480	429	0.999887
1	403	261	0.999905
0	106	105	0.999975
1	106	87	0.999975
0	212	211	0.99995
1	411	288	0.999903
0	127	117	0.99997
1	330	213	0.999922
1	473	319	0.999888
0	494	455	0.999883
1	308	226	0.999927
0	430	393	0.999898
1	400	310	0.999905
1	164	115	0.999961
1	474	321	0.999887
1	474	320	0.999887
1	239	178	0.999943
1	109	71	0.999974
1	373	219	0.999911
1	188	143	0.999955
1	488	405	0.999883
1	296	234	0.999929
0	491	475	0.999882
1	495	320	0.999881
1	374	250	0.99991
1	87	64	0.999979
1	472	414	0.999886
1	458	310	0.999889
1	148	87	0.999964
1	201	137	0.999951
1	254	194	0.999938
1	428	335	0.999895
0	394	386	0.999903
1	361	222	0.999911
1	420	258	0.999896
1	399	272	0.999901
0	451	437	0.999888
1	483	410	0.99988
0	169	168	0.999958
1	233	209	0.999942
1	144	105	0.999964
1	332	223	0.999917
0	375	367	0.999906
0	363	342	0.999909
1	243	176	0.999939
0	429	396	0.999892
1	194	158	0.999951
1	490	321	0.999875
1	113	100	0.999971
0	466	428	0.99988
1	295	204	0.999924
1	186	154	0.999952
1	279	167	0.999928
1	368	245	0.999904
1	458	362	0.99988
1	423	257	0.999889
1	422	297	0.999889
1	258	207	0.999932
1	110	80	0.999971
1	489	358	0.999871
0	443	405	0.999883
1	424	363	0.999888
1	401	279	0.999894
1	155	130	0.999959
0	325	302	0.999914
1	306	225	0.999919
1	219	143	0.999942
1	436	377	0.999884
0	180	175	0.999952
0	494	481	0.999868
1	460	332	0.999877
0	284	261	0.999924
1	284	208	0.999924
1	500	328	0.999866
1	429	325	0.999885
1	249	208	0.999933
1	312	261	0.999916
1	497	371	0.999866
0	415	405	0.999888
1	200	170	0.999946
1	137	104	0.999963
1	348	300	0.999906
1	185	135	0.99995
1	492	415	0.999867
1	329	256	0.999911
1	277	247	0.999925
1	384	242	0.999896
1	476	314	0.999871
1	339	239	0.999908
1	232	179	0.999937
1	394	245	0.999893
1	489	323	0.999867
1	441	383	0.99988
0	224	220	0.999939
1	187	122	0.999949
1	392	307	0.999893
1	370	224	0.999899
1	226	133	0.999938
1	328	241	0.99991
1	385	249	0.999894
1	345	214	0.999905
1	443	388	0.999878
1	449	387	0.999876
1	76	50	0.999979
1	65	51	0.999982
1	278	177	0.999923
0	407	406	0.999887
0	492	452	0.999863
1	68	52	0.999981
0	161	159	0.999955
0	193	181	0.999946
1	463	364	0.99987
0	338	333	0.999905
1	327	234	0.999908
0	430	402	0.999879
1	103	87	0.999971
0	110	98	0.999969
1	429	377	0.999879
0	375	335	0.999893
0	496	474	0.999858
1	213	166	0.999939
1	446	279	0.999872
1	414	256	0.999881
0	333	297	0.999904
1	336	286	0.999903
1	256	216	0.999926
1	121	75	0.999965
1	418	293	0.999879
0	406	398	0.999882
1	494	295	0.999856
1	367	244	0.999893
0	322	314	0.999906
0	253	237	0.999926
0	352	337	0.999897
1	497	335	0.999854
1	272	211	0.99992
1	146	99	0.999957
1	336	204	0.999901
1	244	216	0.999928
1	410	284	0.999879
0	338	303	0.9999
0	365	329	0.999892
0	490	453	0.999855
1	155	99	0.999954
1	259	174	0.999923
1	450	338	0.999866
0	339	320	0.999899
1	409	300	0.999878
1	476	377	0.999858
1	482	305	0.999856
0	485	482	0.999855
0	489	435	0.999853
0	83	77	0.999975
1	498	342	0.99985
1	295	249	0.999911
1	149	128	0.999955
0	437	389	0.999868
1	331	252	0.9999
1	344	262	0.999896
1	499	333	0.999849
1	294	256	0.999911
1	465	401	0.999859
1	461	386	0.99986
0	148	136	0.999955
1	433	267	0.999868
1	410	295	0.999875
1	222	136	0.999932
1	153	120	0.999953
1	459	297	0.999859
1	406	344	0.999875
1	376	284	0.999884
1	372	269	0.999885
1	346	206	0.999893
1	113	79	0.999965
1	413	347	0.999872
1	473	344	0.999853
0	434	406	0.999865
0	231	204	0.999928
0	112	100	0.999965
1	179	130	0.999944
1	492	332	0.999846
1	476	410	0.999851
1	166	128	0.999948
1	134	84	0.999958
1	220	166	0.999931
1	475	308	0.999851
1	465	286	0.999854
1	331	284	0.999896
1	401	334	0.999874
1	489	310	0.999846
1	231	198	0.999927
1	139	120	0.999956
0	120	107	0.999962
1	300	208	0.999905
1	360	245	0.999886
0	404	359	0.999872
0	486	456	0.999846
1	460	295	0.999854
0	283	271	0.99991
1	289	251	0.999908
0	179	167	0.999943
1	483	415	0.999846
1	153	120	0.999951
1	412	267	0.999868
1	262	207	0.999916
1	499	366	0.99984
0	452	406	0.999855
1	361	301	0.999884
0	444	433	0.999857
0	369	324	0.999881
1	316	223	0.999898
1	294	213	0.999905
0	495	440	0.99984
1	232	156	0.999925
1	176	143	0.999943
0	457	426	0.999852
1	321	191	0.999896
1	481	388	0.999844
0	302	269	0.999902
1	231	187	0.999925
0	436	426	0.999858
1	445	289	0.999855
0	487	480	0.999841
0	208	203	0.999932
1	379	282	0.999876
1	379	238	0.999876
0	454	408	0.999851
1	481	418	0.999842
1	417	358	0.999863
1	420	274	0.999862
1	392	329	0.999871
0	294	284	0.999903
0	478	447	0.999842
1	363	227	0.99988
0	490	448	0.999838
1	278	192	0.999908
1	154	126	0.999949
1	196	140	0.999935
1	395	285	0.999869
1	202	131	0.999933
1	452	341	0.99985
1	451	295	0.99985
1	457	389	0.999848
1	478	399	0.999841
0	141	129	0.999953
1	207	154	0.999931
0	334	325	0.999888
0	429	387	0.999856
1	396	266	0.999867
1	297	229	0.9999
0	439	429	0.999852
1	341	214	0.999885
1	427	283	0.999856
0	133	130	0.999955
1	369	242	0.999875
1	472	381	0.99984
0	227	199	0.999923
1	490	350	0.999833
0	396	392	0.999865
1	199	134	0.999932
1	468	368	0.99984
1	193	126	0.999934
1	339	232	0.999884
1	432	296	0.999852
1	337	249	0.999884
0	180	163	0.999938
0	345	312	0.999881
1	382	312	0.999868
1	390	328	0.999865
1	95	64	0.999967
0	152	150	0.999947
1	367	235	0.999872
1	129	100	0.999955
0	364	352	0.999873
1	429	277	0.99985
1	366	295	0.999872
1	243	176	0.999915
0	80	70	0.999972
0	411	403	0.999856
1	468	326	0.999836
1	151	107	0.999947
1	145	96	0.999949
1	176	138	0.999938
1	397	311	0.99986
1	481	301	0.99983
1	82	63	0.999971
1	492	304	0.999826
1	376	270	0.999867
0	243	241	0.999914
1	291	177	0.999897
0	223	207	0.999921
0	440	429	0.999844
1	293	180	0.999896
1	293	248	0.999896
1	104	90	0.999963
0	222	213	0.999921
1	429	269	0.999847
0	350	323	0.999875
0	450	427	0.999839
1	436	285	0.999844
1	457	344	0.999836
1	234	194	0.999916
1	103	83	0.999963
1	394	296	0.999858
1	205	165	0.999926
0	282	251	0.999898
1	431	261	0.999844
1	127	91	0.999954
1	441	354	0.99984
1	135	112	0.999951
1	380	279	0.999862
0	435	385	0.999842
1	275	222	0.9999
1	464	310	0.999831
1	483	296	0.999824
0	107	93	0.999961
1	159	112	0.999942
1	493	361	0.99982
1	449	264	0.999836
0	487	462	0.999822
0	489	452	0.999821
1	254	196	0.999907
0	414	398	0.999848
1	479	376	0.999824
1	291	177	0.999893
1	280	180	0.999897
0	481	480	0.999823
0	445	396	0.999836
0	141	125	0.999948
1	411	345	0.999848
0	419	391	0.999845
1	427	347	0.999842
1	62	47	0.999977
1	434	289	0.999839
0	299	292	0.999889
0	452	438	0.999832
1	199	134	0.999926
1	231	170	0.999914
1	290	236	0.999892
1	485	418	0.999819
0	339	338	0.999873
1	386	285	0.999855
1	311	240	0.999883
1	348	250	0.999869
1	499	389	0.999812
1	273	222	0.999897
0	339	309	0.999872
1	463	307	0.999825
1	201	144	0.999924
0	494	480	0.999813
1	332	228	0.999874
0	382	342	0.999855
1	200	121	0.999924
1	350	256	0.999867
0	425	398	0.999838
1	364	261	0.999861
1	230	150	0.999912
1	483	387	0.999815
1	467	371	0.999821
1	229	144	0.999912
1	484	395	0.999814
0	476	416	0.999817
1	324	257	0.999875
1	88	55	0.999966
1	269	171	0.999896
1	106	63	0.999959
1	178	145	0.999931
1	474	306	0.999816
0	376	366	0.999854
1	72	43	0.999972
1	288	173	0.999888
0	293	253	0.999886
1	447	271	0.999826
1	336	224	0.999869
1	279	229	0.999891
1	243	160	0.999905
1	491	301	0.999808
1	455	371	0.999822
0	148	129	0.999942
1	306	234	0.99988
1	211	133	0.999917
1	353	287	0.999861
1	396	325	0.999844
1	294	191	0.999884
1	182	131	0.999928
0	182	164	0.999928
0	273	237	0.999892
1	409	251	0.999838
1	212	141	0.999916
1	370	240	0.999853
1	362	266	0.999856
0	98	97	0.999961
0	392	351	0.999844
1	444	374	0.999823
1	499	385	0.999801
1	431	292	0.999828
1	298	253	0.999881
1	414	350	0.999834
1	321	242	0.999871
0	418	367	0.999832
0	298	261	0.99988
0	437	387	0.999824
1	494	335	0.999801
1	290	171	0.999883
1	342	270	0.999862
1	495	365	0.999799
0	357	334	0.999855
1	453	367	0.999816
0	320	285	0.99987
1	347	230	0.999859
0	211	194	0.999914
0	130	117	0.999947
1	103	79	0.999958
1	93	74	0.999962
1	345	221	0.999859
0	181	174	0.999926
0	420	368	0.999828
1	363	255	0.999851
0	342	300	0.999859
0	424	376	0.999825
0	305	273	0.999874
0	225	201	0.999907
1	408	303	0.999831
1	410	282	0.99983
1	294	198	0.999878
1	294	207	0.999878
1	195	145	0.999919
1	438	294	0.999818
0	444	435	0.999815
1	417	323	0.999826
1	400	337	0.999833
0	285	246	0.999881
1	390	251	0.999837
0	471	438	0.999803
0	485	477	0.999797
0	496	448	0.999792
0	181	156	0.999924
1	281	234	0.999882
1	414	325	0.999826
1	245	155	0.999897
1	439	372	0.999815
1	434	312	0.999817
1	237	170	0.9999
1	360	264	0.999848
1	392	272	0.999834
1	375	225	0.999841
0	481	470	0.999796
1	73	48	0.999969
1	442	358	0.999812
1	479	343	0.999796
1	237	152	0.999899
1	476	372	0.999797
1	490	324	0.999791
0	164	159	0.99993
0	456	411	0.999805
0	285	270	0.999878
0	413	402	0.999823
0	462	451	0.999802
1	359	245	0.999846
1	361	216	0.999845
1	468	370	0.999799
0	405	363	0.999826
1	388	296	0.999833
1	72	54	0.999969
1	383	271	0.999835
1	320	214	0.999862
1	190	133	0.999918
1	382	264	0.999834
1	464	289	0.999798
0	296	287	0.999871
0	468	424	0.999796
1	332	268	0.999855
1	203	146	0.999911
0	390	337	0.999829
1	433	274	0.99981
0	246	238	0.999892
1	355	270	0.999844
0	446	438	0.999804
1	441	339	0.999806
1	450	291	0.999802
0	459	424	0.999798
1	136	93	0.99994
0	394	386	0.999826
1	362	252	0.99984
0	199	188	0.999912
0	321	316	0.999858
1	477	401	0.999789
1	291	200	0.999871
1	383	236	0.99983
1	392	331	0.999826
1	484	368	0.999785
0	366	341	0.999837
1	491	309	0.999781
1	380	274	0.99983
1	382	306	0.999829
1	178	122	0.99992
1	267	201	0.99988
0	100	88	0.999955
1	120	85	0.999946
0	491	469	0.999779
1	142	114	0.999936
0	153	147	0.999931
0	357	334	0.999839
0	357	344	0.999839
0	257	232	0.999884
0	443	407	0.9998
0	378	360	0.999829
1	309	225	0.99986
1	483	313	0.999781
0	422	394	0.999808
1	287	190	0.999869
1	368	298	0.999832
1	313	264	0.999857
1	282	198	0.999871
1	286	198	0.999869
1	275	202	0.999874
1	458	271	0.99979
1	279	221	0.999872
1	183	136	0.999916
1	442	328	0.999797
1	394	292	0.999819
1	452	370	0.999792
0	180	161	0.999917
0	206	188	0.999905
1	184	132	0.999915
0	305	299	0.999859
1	428	309	0.999802
0	283	245	0.999869
1	216	147	0.9999
0	414	410	0.999808
1	269	164	0.999875
1	400	298	0.999814
0	475	432	0.999779
0	393	335	0.999817
1	221	182	0.999897
1	356	247	0.999834
1	356	288	0.999834
1	315	251	0.999853
1	428	340	0.9998
0	261	229	0.999878
0	455	412	0.999787
0	194	171	0.999909
0	458	393	0.999785
0	349	326	0.999836
1	457	375	0.999785
0	340	296	0.99984
0	446	430	0.99979
1	310	251	0.999854
1	140	109	0.999934
1	364	292	0.999828
1	146	105	0.999931
1	404	266	0.999809
1	463	333	0.999781
1	188	138	0.999911
1	479	289	0.999773
0	428	372	0.999797
1	160	130	0.999924
1	469	391	0.999777
1	292	238	0.999861
1	497	303	0.999763
1	283	169	0.999865
1	478	376	0.999772
1	393	297	0.999812
1	487	378	0.999767
1	424	335	0.999797
1	286	187	0.999863
0	336	335	0.999839
0	457	401	0.999781
1	292	222	0.99986
1	366	218	0.999824
0	137	127	0.999934
1	361	242	0.999826
0	336	294	0.999838
1	462	332	0.999777
0	459	432	0.999778
1	361	248	0.999825
0	459	434	0.999777
1	191	155	0.999907
1	423	295	0.999794
0	199	182	0.999903
0	328	310	0.99984
0	450	399	0.99978
0	317	268	0.999845
0	368	341	0.99982
0	302	272	0.999852
1	404	249	0.999802
0	102	99	0.99995
1	440	320	0.999784
0	232	197	0.999886
0	423	398	0.999792
1	258	179	0.999873
0	207	205	0.999898
1	276	227	0.999864
1	483	284	0.999762
0	430	369	0.999788
0	148	143	0.999927
0	373	347	0.999816
1	233	166	0.999885
0	391	373	0.999807
0	481	406	0.999762
1	198	140	0.999902
1	404	303	0.9998
1	315	237	0.999844
1	361	238	0.999821
0	385	336	0.999809
0	429	422	0.999787
0	318	281	0.999842
1	487	349	0.999758
0	175	163	0.999913
0	428	420	0.999787
1	476	380	0.999763
0	488	418	0.999757
0	271	247	0.999865
0	345	318	0.999828
0	497	470	0.999752
1	236	146	0.999882
1	354	240	0.999823
1	360	245	0.99982
0	473	411	0.999763
1	463	371	0.999768
0	435	433	0.999782
0	393	391	0.999803
1	385	250	0.999807
0	209	191	0.999895
1	332	197	0.999833
1	391	277	0.999803
0	384	369	0.999806
0	457	432	0.999769
1	330	270	0.999833
1	146	101	0.999926
0	339	295	0.999828
0	392	331	0.999801
1	429	332	0.999782
1	405	321	0.999794
0	430	391	0.999781
0	455	387	0.999768
1	196	154	0.9999
0	190	174	0.999903
0	487	439	0.999751
1	314	188	0.999839
1	195	153	0.9999
1	264	165	0.999864
0	128	116	0.999934
1	465	385	0.99976
1	449	307	0.999768
0	346	329	0.999821
1	458	290	0.999763
0	199	196	0.999897
1	396	324	0.999795
0	368	328	0.999809
1	358	277	0.999814
1	100	67	0.999948
0	394	348	0.999795
0	144	138	0.999925
1	71	57	0.999963
1	376	287	0.999804
1	326	207	0.99983
0	439	406	0.999771
0	437	412	0.999772
0	410	403	0.999786
0	293	261	0.999847
1	465	350	0.999757
1	443	325	0.999768
0	185	155	0.999903
0	473	439	0.999752
1	383	268	0.999799
1	181	136	0.999905
1	297	212	0.999844
1	95	70	0.99995
1	302	238	0.999841
1	486	387	0.999744
0	472	424	0.999751
0	326	282	0.999828
1	180	112	0.999905
0	322	309	0.99983
1	496	397	0.999738
0	119	112	0.999937
1	374	227	0.999802
1	391	271	0.999793
1	268	204	0.999858
1	396	324	0.99979
1	452	272	0.99976
0	496	461	0.999736
1	400	272	0.999787
1	411	318	0.999781
0	441	389	0.999765
1	146	104	0.999922
0	451	377	0.999759
1	200	121	0.999893
1	450	340	0.999759
1	334	266	0.999821
0	248	227	0.999867
1	464	327	0.999751
1	214	162	0.999885
1	469	351	0.999748
1	344	209	0.999815
1	78	50	0.999958
0	438	418	0.999764
0	63	53	0.999966
0	404	348	0.999782
1	441	349	0.999762
0	50	44	0.999973
1	426	265	0.99977
0	387	377	0.999791
0	494	443	0.999733
1	438	271	0.999763
1	432	325	0.999766
1	382	289	0.999793
1	476	341	0.999742
1	236	191	0.999872
1	494	336	0.999732
1	256	207	0.999861
1	287	182	0.999844
0	410	372	0.999777
0	351	299	0.999809
1	393	245	0.999786
1	198	139	0.999892
1	407	301	0.999778
1	491	399	0.999732
0	414	395	0.999774
1	302	197	0.999835
1	388	272	0.999788
1	181	124	0.999901
1	309	203	0.999831
0	223	194	0.999878
0	254	224	0.999861
0	378	367	0.999793
0	51	45	0.999972
0	375	374	0.999794
0	80	77	0.999956
1	269	164	0.999852
1	338	234	0.999814
1	227	164	0.999875
0	459	384	0.999747
1	448	290	0.999753
1	399	319	0.99978
0	145	133	0.99992
0	364	333	0.999799
0	161	136	0.999911
0	358	347	0.999802
0	367	320	0.999797
0	197	167	0.999891
1	383	299	0.999788
1	242	196	0.999866
1	467	295	0.999741
1	467	275	0.999741
0	274	258	0.999848
1	427	334	0.999763
1	290	227	0.999839
0	380	335	0.999789
0	392	356	0.999782
0	402	393	0.999776
0	409	377	0.999772
1	434	260	0.999758
1	362	263	0.999798
1	492	331	0.999725
1	354	268	0.999802
1	168	100	0.999906
1	395	288	0.999779
0	259	241	0.999855
0	434	362	0.999757
1	448	305	0.999749
1	91	75	0.999949
1	377	256	0.999788
0	426	395	0.99976
0	266	250	0.99985
0	452	403	0.999745
1	466	341	0.999737
1	154	114	0.999913
0	198	193	0.999888
0	442	430	0.99975
0	235	215	0.999867
1	219	135	0.999876
1	302	195	0.999829
0	498	421	0.999718
1	369	256	0.999791
1	90	56	0.999949
0	420	396	0.999762
1	487	333	0.999724
0	314	286	0.999822
0	340	338	0.999807
1	176	119	0.9999
1	197	132	0.999888
1	197	121	0.999888
0	478	402	0.999728
1	318	220	0.999819
1	144	95	0.999918
1	149	115	0.999915
1	422	347	0.999759
1	476	335	0.999728
0	432	411	0.999753
1	201	119	0.999885
1	283	223	0.999838
1	75	54	0.999957
0	150	149	0.999914
1	369	251	0.999788
0	360	312	0.999793
0	245	226	0.999859
0	286	236	0.999835
0	445	379	0.999743
1	322	257	0.999814
0	500	434	0.999711
1	266	168	0.999846
1	266	177	0.999846
0	373	311	0.999784
1	335	244	0.999806
0	126	112	0.999927
0	81	77	0.999953
1	243	181	0.999859
1	486	297	0.999718
1	406	259	0.999764
1	285	175	0.999834
1	329	253	0.999808
0	380	327	0.999778
0	260	234	0.999848
0	489	421	0.999714
1	453	342	0.999735
1	381	274	0.999777
1	410	259	0.99976
1	492	379	0.999712
1	427	283	0.99975
1	396	279	0.999768
0	174	152	0.999898
0	462	390	0.999729
1	484	375	0.999716
1	322	263	0.999811
1	478	322	0.999719
1	435	311	0.999744
1	440	320	0.999741
0	146	138	0.999914
0	465	442	0.999726
1	239	153	0.999859
0	495	467	0.999708
0	61	51	0.999964
0	227	221	0.999866
1	203	138	0.99988
1	443	302	0.999738
0	265	239	0.999843
1	187	131	0.999889
0	434	390	0.999742
1	412	269	0.999755
1	486	300	0.999711
1	315	243	0.999812
1	298	243	0.999822
1	179	132	0.999893
0	450	385	0.999731
1	286	216	0.999829
0	294	280	0.999824
1	469	332	0.999719
1	150	94	0.99991
0	230	197	0.999862
1	243	192	0.999854
1	491	291	0.999705
1	446	325	0.999732
1	346	277	0.999792
0	158	140	0.999905
0	347	284	0.999791
1	161	105	0.999903
1	317	253	0.999809
1	252	184	0.999848
1	169	110	0.999898
0	391	321	0.999764
1	381	297	0.99977
0	409	380	0.999753
1	495	357	0.999701
1	461	288	0.999721
1	472	335	0.999714
0	409	382	0.999752
0	407	369	0.999753
0	369	362	0.999776
1	357	211	0.999783
0	245	237	0.999851
1	388	315	0.999764
0	360	324	0.999781
0	345	291	0.99979
0	489	408	0.999702
0	415	357	0.999747
0	490	481	0.999701
1	316	233	0.999807
1	239	143	0.999854
0	499	446	0.999695
1	121	93	0.999926
1	291	191	0.999822
0	415	357	0.999746
1	483	365	0.999704
1	406	302	0.999751
1	153	100	0.999906
1	288	212	0.999823
0	434	430	0.999733
0	307	298	0.999811
1	384	312	0.999763
1	230	169	0.999858
1	468	329	0.999711
1	380	245	0.999765
0	488	471	0.999698
0	134	123	0.999917
0	310	269	0.999808
1	447	314	0.999723
0	321	280	0.999801
0	325	269	0.999798
1	310	249	0.999807
0	138	131	0.999914
1	367	268	0.999771
1	463	302	0.999711
0	230	228	0.999856
1	305	196	0.999809
1	404	252	0.999747
1	445	290	0.999721
0	475	414	0.999702
1	183	129	0.999885
0	140	117	0.999912
1	471	361	0.999704
1	165	124	0.999896
0	408	402	0.999742
1	408	272	0.999742
0	381	349	0.999759
0	316	312	0.9998
1	188	114	0.999881
0	491	473	0.999689
1	491	321	0.999689
0	404	399	0.999744
0	410	338	0.99974
1	238	166	0.999849
0	482	432	0.999694
0	430	358	0.999727
1	85	56	0.999946
1	203	131	0.999871
1	280	211	0.999822
0	480	394	0.999694
0	257	245	0.999836
0	332	276	0.999788
0	382	379	0.999756
1	252	202	0.999839
1	261	185	0.999833
0	311	253	0.999801
1	459	270	0.999706
1	468	323	0.9997
1	301	202	0.999807
1	377	275	0.999758
0	224	188	0.999856
0	171	163	0.99989
1	391	250	0.999748
0	477	435	0.999692
0	438	357	0.999717
1	431	289	0.999721
0	397	323	0.999743
0	406	392	0.999737
1	367	234	0.999762
0	285	275	0.999815
1	197	131	0.999872
0	434	421	0.999718
1	303	235	0.999803
1	409	292	0.999734
0	146	130	0.999905
1	404	314	0.999737
0	470	426	0.999694
0	261	219	0.99983
1	422	296	0.999725
0	135	125	0.999912
1	233	164	0.999848
1	384	276	0.999749
1	436	259	0.999715
0	451	389	0.999705
1	267	202	0.999825
0	447	442	0.999707
1	291	179	0.999809
0	484	398	0.999682
1	384	268	0.999747
1	320	248	0.999789
0	294	286	0.999806
1	477	367	0.999685
0	283	274	0.999813
1	292	201	0.999807
0	481	399	0.999682
0	449	396	0.999703
0	465	442	0.999692
1	498	387	0.99967
0	178	149	0.999882
0	353	308	0.999766
0	407	332	0.99973
0	413	401	0.999726
0	443	420	0.999706
0	274	246	0.999818
0	310	306	0.999794
0	326	311	0.999783
1	451	292	0.999699
0	397	341	0.999735
0	310	279	0.999793
0	271	251	0.999819
0	217	196	0.999855
0	199	165	0.999867
0	190	154	0.999873
1	142	90	0.999905
1	429	262	0.999713
1	133	98	0.999911
1	306	224	0.999795
1	391	238	0.999738
0	271	247	0.999818
1	128	85	0.999914
1	296	198	0.999801
0	409	388	0.999725
1	342	242	0.99977
1	447	330	0.999699
1	395	264	0.999734
1	270	207	0.999818
1	292	227	0.999803
1	400	267	0.99973
0	480	442	0.999676
1	260	179	0.999824
0	192	158	0.99987
1	418	283	0.999717
0	90	81	0.999939
1	357	284	0.999758
0	330	322	0.999776
0	313	299	0.999787
1	482	317	0.999672
1	376	256	0.999744
1	226	143	0.999846
1	201	124	0.999863
1	471	345	0.999679
0	327	314	0.999777
1	416	308	0.999716
0	413	361	0.999718
0	237	219	0.999838
0	494	421	0.999662
0	416	363	0.999715
1	353	221	0.999758
1	474	369	0.999675
1	417	303	0.999714
1	468	303	0.999679
1	484	368	0.999668
1	325	240	0.999777
1	83	60	0.999943
0	281	278	0.999807
0	176	175	0.999879
0	484	479	0.999667
0	468	416	0.999678
0	353	285	0.999757
0	334	312	0.99977
1	58	45	0.99996
0	145	134	0.9999
1	232	141	0.99984
1	365	225	0.999748
0	252	209	0.999826
1	420	264	0.99971
0	463	452	0.99968
0	366	311	0.999747
0	434	387	0.9997
1	444	316	0.999693
1	354	220	0.999755
1	254	170	0.999824
0	310	289	0.999785
1	435	283	0.999698
1	419	269	0.999709
0	226	183	0.999843
0	452	416	0.999686
0	364	361	0.999747
1	161	115	0.999888
0	386	336	0.999731
1	462	284	0.999678
1	449	321	0.999687
1	119	83	0.999917
0	377	305	0.999737
0	139	119	0.999903
1	364	217	0.999746
0	382	358	0.999733
1	190	144	0.999867
0	427	415	0.999701
1	491	300	0.999656
0	411	358	0.999712
1	495	354	0.999652
0	209	190	0.999853
1	378	255	0.999734
0	260	217	0.999817
0	136	121	0.999904
1	279	169	0.999803
0	382	315	0.99973
1	147	108	0.999896
1	342	225	0.999758
1	281	175	0.999801
1	453	301	0.999679
1	381	274	0.99973
1	412	321	0.999708
0	413	379	0.999707
1	166	127	0.999882
1	353	272	0.999749
1	374	230	0.999734
0	125	108	0.999911
0	323	262	0.99977
1	438	337	0.999688
0	460	376	0.999672
1	457	312	0.999674
0	485	471	0.999654
1	326	227	0.999767
1	337	264	0.999759
0	257	253	0.999816
0	236	205	0.999831
0	194	158	0.999861
1	145	113	0.999896
1	444	334	0.999681
1	327	222	0.999765
0	456	412	0.999672
0	82	72	0.999941
0	282	269	0.999797
0	382	310	0.999725
1	211	136	0.999848
0	347	299	0.99975
1	290	173	0.999791
0	419	348	0.999698
0	326	267	0.999765
0	437	426	0.999685
1	448	330	0.999677
0	223	211	0.999839
0	421	381	0.999696
1	216	133	0.999844
1	234	155	0.999831
1	195	153	0.999859
1	214	162	0.999845
0	66	59	0.999952
1	88	67	0.999936
1	180	130	0.999869
0	225	212	0.999836
1	443	318	0.999677
1	319	229	0.999767
1	460	288	0.999664
0	334	269	0.999756
0	197	172	0.999856
1	186	112	0.999864
0	160	149	0.999883
1	101	80	0.999926
0	287	282	0.999789
1	442	297	0.999675
0	474	422	0.999651
0	456	439	0.999664
1	441	268	0.999675
1	175	138	0.999871
0	279	230	0.999794
1	241	153	0.999822
1	337	264	0.999751
0	230	205	0.99983
0	253	207	0.999813
1	434	259	0.999679
0	400	321	0.999704
1	374	299	0.999723
0	460	457	0.999659
0	453	435	0.999664
1	434	273	0.999678
0	101	97	0.999925
0	324	271	0.999759
1	254	192	0.999811
1	391	273	0.999709
0	208	183	0.999845
0	310	256	0.999769
1	263	158	0.999804
1	385	300	0.999713
1	252	185	0.999812
0	327	318	0.999756
1	394	314	0.999706
1	383	265	0.999714
1	182	136	0.999864
1	202	144	0.999849
1	115	88	0.999914
1	131	95	0.999902
1	350	230	0.999738
1	303	231	0.999773
0	120	102	0.99991
1	164	103	0.999877
0	329	296	0.999753
1	398	310	0.999701
0	161	152	0.999879
1	242	182	0.999818
1	352	277	0.999735
1	381	294	0.999713
0	330	311	0.999751
1	363	256	0.999726
1	348	241	0.999737
0	434	412	0.999672
0	295	291	0.999777
1	287	191	0.999783
0	193	165	0.999854
0	304	280	0.99977
0	341	307	0.999742
1	374	288	0.999717
0	107	90	0.999919
1	272	177	0.999794
1	433	267	0.999672
1	363	263	0.999725
0	434	356	0.999671
1	430	343	0.999674
1	335	243	0.999746
0	261	254	0.999802
1	435	315	0.99967
1	340	202	0.999742
0	441	360	0.999665
1	50	38	0.999962
0	433	415	0.999671
1	414	298	0.999685
0	339	300	0.999742
1	88	64	0.999933
1	411	322	0.999687
1	438	277	0.999666
1	325	246	0.999752
1	401	276	0.999694
1	199	142	0.999848
0	442	418	0.999662
1	298	233	0.999772
1	413	283	0.999684
1	379	296	0.99971
0	81	69	0.999938
1	209	161	0.99984
0	354	309	0.999729
1	420	315	0.999678
1	378	228	0.99971
1	288	193	0.999779
0	289	244	0.999778
1	199	126	0.999847
0	299	259	0.99977
1	325	199	0.99975
1	391	303	0.999699
0	100	87	0.999923
1	348	253	0.999732
1	384	266	0.999704
0	424	377	0.999673
1	105	73	0.999919
0	127	108	0.999902
0	352	296	0.999728
1	384	271	0.999703
1	137	100	0.999894
0	208	200	0.999839
1	323	236	0.99975
1	62	49	0.999952
0	124	111	0.999904
1	394	232	0.999695
1	377	240	0.999708
1	271	188	0.99979
1	311	225	0.999759
0	200	199	0.999845
0	169	153	0.999869
0	441	384	0.999658
0	232	194	0.99982
0	286	240	0.999778
1	322	194	0.99975
0	409	335	0.999682
0	270	262	0.99979
0	379	362	0.999705
1	316	217	0.999754
1	375	236	0.999708
0	425	366	0.999669
1	258	166	0.999799
1	236	142	0.999816
0	236	195	0.999816
1	368	276	0.999713
0	192	188	0.99985
0	421	377	0.999671
0	427	398	0.999666
1	317	235	0.999752
0	161	160	0.999874
1	244	160	0.999809
1	401	292	0.999686
1	360	247	0.999718
0	254	245	0.999801
1	434	332	0.99966
0	347	314	0.999728
1	343	250	0.999731
0	345	302	0.999729
1	280	177	0.99978
0	295	274	0.999768
1	216	156	0.99983
0	146	142	0.999885
0	372	303	0.999707
0	345	335	0.999728
1	281	169	0.999778
1	235	172	0.999814
1	202	155	0.99984
0	154	134	0.999878
1	194	145	0.999846
0	239	223	0.99981
1	416	314	0.999669
1	431	334	0.999657
0	216	211	0.999828
1	325	211	0.999741
0	202	185	0.999839
0	60	54	0.999952
0	320	270	0.999744
0	405	382	0.999676
0	410	392	0.999672
1	311	196	0.999751
0	427	374	0.999658
0	267	247	0.999786
0	398	390	0.999681
0	430	352	0.999655
1	264	190	0.999788
0	354	342	0.999715
1	371	272	0.999701
1	220	138	0.999822
1	342	243	0.999723
1	421	275	0.999659
1	379	287	0.999693
0	316	267	0.999744
1	169	125	0.999863
1	118	79	0.999904
1	221	148	0.99982
1	319	193	0.99974
0	130	118	0.999894
1	369	219	0.999699
1	365	231	0.999702
0	360	343	0.999706
1	415	252	0.999661
0	290	271	0.999763
1	318	227	0.99974
1	192	141	0.999843
0	340	334	0.999722
0	232	192	0.99981
1	332	251	0.999728
1	285	175	0.999766
0	343	307	0.999718
1	383	242	0.999685
0	141	135	0.999884
1	384	265	0.999684
0	339	294	0.999721
1	420	284	0.999654
0	321	257	0.999735
0	321	275	0.999735
0	321	266	0.999735
0	363	306	0.9997
0	421	349	0.999652
0	244	200	0.999798
0	418	414	0.999654
1	186	134	0.999846
1	186	138	0.999846
0	314	297	0.99974
0	386	324	0.99968
0	369	303	0.999694
1	159	113	0.999868
0	396	342	0.999671
0	402	393	0.999666
0	326	301	0.999729
0	338	302	0.999719
1	196	139	0.999837
0	113	104	0.999906
1	346	216	0.999712
0	306	277	0.999745
0	318	302	0.999735
1	342	239	0.999715
0	414	335	0.999655
1	313	227	0.999739
1	356	223	0.999703
1	266	161	0.999778
0	387	344	0.999677
1	396	243	0.999669
1	159	121	0.999867
1	410	320	0.999657
1	349	245	0.999708
0	386	344	0.999677
0	399	345	0.999666
1	253	162	0.999788
1	204	153	0.999829
0	396	352	0.999668
1	391	259	0.999672
1	377	250	0.999683
1	359	253	0.999698
1	334	247	0.999719
1	160	123	0.999865
0	365	309	0.999692
0	250	247	0.999789
1	366	279	0.999691
0	411	390	0.999653
1	347	256	0.999707
0	271	215	0.999771
1	65	39	0.999945
0	248	211	0.99979
0	359	341	0.999696
1	249	172	0.999789
0	367	365	0.999689
0	217	205	0.999816
0	191	173	0.999838
0	310	257	0.999737
1	337	266	0.999714
1	311	198	0.999736
1	374	244	0.999682
0	181	155	0.999846
0	317	315	0.99973
1	317	203	0.99973
0	95	93	0.999919
0	184	166	0.999843
0	383	369	0.999673
1	220	164	0.999812
1	289	171	0.999753
0	62	55	0.999947
1	124	89	0.999894
0	76	70	0.999935
1	256	176	0.999781
1	332	201	0.999716
0	210	176	0.99982
0	392	381	0.999664
0	344	291	0.999705
1	366	227	0.999686
1	262	166	0.999775
1	377	253	0.999676
1	363	276	0.999688
0	79	76	0.999932
1	324	234	0.999721
0	195	189	0.999832
0	340	287	0.999707
1	405	289	0.999651
1	370	248	0.999681
1	298	201	0.999743
0	380	309	0.999671
0	398	395	0.999655
1	113	82	0.999902
0	159	157	0.999862
0	212	184	0.999816
0	319	293	0.999723
1	122	75	0.999894
1	282	198	0.999755
0	366	339	0.999682
1	398	272	0.999654
0	316	302	0.999725
1	139	97	0.999879
0	142	140	0.999876
0	87	71	0.999924
0	174	151	0.999848
0	317	312	0.999723
1	143	98	0.999875
1	398	257	0.999652
1	360	272	0.999685
0	234	199	0.999795
1	323	245	0.999717
1	396	236	0.999653
0	276	251	0.999758
0	294	286	0.999742
1	335	213	0.999706
1	279	195	0.999755
1	312	207	0.999726
1	296	191	0.99974
1	248	166	0.999782
1	118	79	0.999896
1	288	214	0.999746
1	390	257	0.999656
1	111	69	0.999902
0	206	191	0.999818
1	284	188	0.999749
1	329	255	0.999709
1	174	131	0.999846
1	349	251	0.999691
0	333	311	0.999705
1	168	122	0.999851
0	303	243	0.999731
1	312	240	0.999723
1	251	180	0.999777
0	162	136	0.999856
1	236	159	0.99979
1	100	68	0.999911
1	165	106	0.999853
1	370	273	0.99967
0	370	317	0.99967
1	114	67	0.999898
1	211	141	0.999811
0	384	366	0.999656
0	369	304	0.999669
0	293	256	0.999737
0	206	178	0.999815
0	325	282	0.999708
0	384	374	0.999655
0	227	193	0.999796
0	179	162	0.999839
0	253	228	0.999772
0	307	276	0.999723
0	154	122	0.999861
0	373	368	0.999663
0	250	233	0.999774
0	206	194	0.999813
0	271	224	0.999754
1	261	177	0.999763
1	198	150	0.99982
0	242	213	0.99978
0	287	244	0.999739
0	276	271	0.999749
1	300	181	0.999727
0	293	231	0.999733
0	80	70	0.999927
1	207	154	0.999811
0	317	272	0.99971
1	298	187	0.999727
0	314	265	0.999712
1	328	204	0.999699
0	306	285	0.999719
0	222	203	0.999796
0	228	187	0.99979
1	357	210	0.999671
1	250	154	0.999769
1	344	249	0.999682
1	120	81	0.999889
1	284	216	0.999737
1	219	131	0.999797
1	372	266	0.999655
1	209	139	0.999806
1	141	98	0.999869
1	343	219	0.99968
1	200	151	0.999813
1	139	93	0.99987
1	247	194	0.999769
1	365	220	0.999658
0	355	340	0.999667
1	325	207	0.999695
0	330	290	0.99969
0	183	158	0.999828
0	234	198	0.99978
0	369	341	0.999652
0	213	209	0.999799
1	198	151	0.999813
1	253	159	0.999761
1	217	151	0.999795
1	277	208	0.999738
1	223	168	0.999789
1	297	210	0.999719
1	187	111	0.999823
0	244	208	0.999769
0	115	107	0.999891
1	331	230	0.999686
0	313	308	0.999703
1	140	83	0.999867
1	141	85	0.999866
0	122	106	0.999884
0	304	264	0.999711
1	347	239	0.99967
0	124	102	0.999882
1	210	143	0.9998
0	222	214	0.999788
1	113	79	0.999892
1	68	50	0.999935
0	250	243	0.999761
0	209	185	0.9998
1	164	111	0.999843
1	264	163	0.999747
0	344	277	0.99967
0	149	140	0.999857
0	175	162	0.999832
1	327	235	0.999686
1	205	149	0.999803
1	82	52	0.999921
0	245	201	0.999764
0	331	286	0.999681
1	289	200	0.999721
1	232	141	0.999776
1	347	268	0.999665
1	329	204	0.999682
0	63	51	0.999939
0	345	318	0.999666
1	101	61	0.999902
1	341	210	0.999669
0	309	295	0.9997
1	313	190	0.999696
0	285	280	0.999723
0	73	64	0.999929
0	186	170	0.999819
1	280	174	0.999727
0	322	291	0.999686
1	331	241	0.999677
1	128	83	0.999875
1	298	217	0.999709
0	87	72	0.999915
0	307	261	0.9997
1	223	171	0.999782
0	140	125	0.999863
1	145	108	0.999858
0	195	192	0.999809
0	250	233	0.999755
1	351	268	0.999656
0	313	288	0.999693
1	325	252	0.999681
0	341	335	0.999665
1	229	177	0.999775
0	290	252	0.999715
1	290	215	0.999715
1	233	148	0.999771
1	181	129	0.999822
1	243	149	0.999761
1	305	238	0.9997
0	254	233	0.99975
0	257	226	0.999747
1	348	265	0.999657
1	170	102	0.999832
0	188	170	0.999814
0	284	277	0.999719
0	109	94	0.999892
0	335	264	0.999668
0	243	197	0.999759
0	245	221	0.999757
0	270	236	0.999732
0	160	131	0.999841
0	328	319	0.999674
1	192	125	0.999809
1	192	147	0.999809
1	232	170	0.999769
0	249	238	0.999752
0	256	247	0.999745
1	282	174	0.999719
0	102	86	0.999898
0	130	110	0.99987
0	138	113	0.999862
1	145	109	0.999855
0	221	214	0.999779
0	248	237	0.999752
1	323	214	0.999677
1	348	244	0.999651
1	309	196	0.99969
1	153	106	0.999846
1	140	84	0.999859
1	131	94	0.999868
0	116	108	0.999883
1	227	174	0.999771
1	326	253	0.999671
1	199	117	0.999799
0	190	180	0.999808
1	344	233	0.999652
1	288	182	0.999708
0	319	307	0.999676
1	299	229	0.999696
0	168	147	0.999829
1	275	204	0.99972
0	268	243	0.999727
1	203	133	0.999793
0	95	76	0.999903
0	190	184	0.999806
1	93	61	0.999905
1	176	118	0.99982
1	157	114	0.999839
1	276	184	0.999717
0	269	262	0.999724
1	74	46	0.999924
0	322	284	0.999669
1	267	161	0.999725
0	323	298	0.999667
0	315	258	0.999675
0	125	105	0.999871
0	250	222	0.999742
0	124	100	0.999872
0	216	188	0.999777
1	301	179	0.999689
0	239	209	0.999753
0	318	311	0.999671
1	226	165	0.999766
1	226	135	0.999766
0	308	295	0.999681
1	106	63	0.99989
1	237	153	0.999754
1	277	210	0.999712
0	301	244	0.999687
1	97	65	0.999899
1	266	197	0.999723
0	309	253	0.999678
0	274	218	0.999714
1	294	189	0.999693
0	315	294	0.99967
1	292	209	0.999694
1	267	189	0.99972
0	136	128	0.999857
1	253	181	0.999734
0	270	229	0.999716
0	284	222	0.999701
0	272	250	0.999713
1	250	148	0.999736
1	71	48	0.999925
0	160	135	0.999831
0	195	163	0.999794
1	159	101	0.999832
0	298	288	0.999685
1	241	167	0.999745
1	270	186	0.999714
0	284	249	0.999699
1	298	231	0.999684
1	231	148	0.999755
1	308	206	0.999673
0	241	220	0.999744
0	285	249	0.999697
1	94	71	0.9999
1	297	230	0.999684
0	288	243	0.999693
1	240	165	0.999744
0	224	197	0.999761
1	204	157	0.999782
0	276	250	0.999705
1	271	205	0.99971
1	199	119	0.999787
1	321	236	0.999655
0	53	52	0.999943
1	250	185	0.999731
0	248	197	0.999733
1	286	181	0.999692
0	284	265	0.999694
1	306	231	0.999669
0	158	133	0.999829
0	316	277	0.999658
0	248	233	0.999731
1	222	131	0.999759
0	319	272	0.999653
0	158	145	0.999828
0	122	110	0.999867
1	254	181	0.999723
0	251	238	0.999726
0	76	71	0.999917
1	300	180	0.999672
1	288	212	0.999685
0	117	112	0.999872
0	235	212	0.999742
0	317	256	0.999652
1	121	81	0.999867
0	210	204	0.999769
1	246	190	0.999729
1	285	183	0.999686
0	253	229	0.999721
0	272	233	0.9997
0	232	188	0.999744
1	244	171	0.99973
0	259	254	0.999713
1	127	77	0.999859
1	151	93	0.999832
0	62	52	0.999931
0	293	243	0.999674
1	140	100	0.999844
1	87	63	0.999903
0	270	243	0.999699
0	182	158	0.999797
0	211	196	0.999764
0	298	234	0.999665
0	297	253	0.999666
1	88	65	0.999901
0	110	90	0.999876
1	202	151	0.999772
1	287	198	0.999676
1	115	78	0.99987
0	145	139	0.999836
0	259	231	0.999707
1	289	217	0.999673
0	257	232	0.999709
1	277	201	0.999686
1	295	211	0.999665
1	162	110	0.999816
0	234	211	0.999734
1	200	125	0.999772
0	221	216	0.999748
0	156	155	0.999822
0	156	141	0.999822
0	191	188	0.999782
0	113	99	0.999871
0	276	262	0.999684
1	282	191	0.999677
1	204	157	0.999766
1	292	184	0.999665
0	81	75	0.999907
0	236	204	0.999729
0	234	194	0.999731
0	177	141	0.999796
0	294	240	0.999661
0	137	114	0.999842
0	175	138	0.999798
1	225	143	0.99974
0	218	212	0.999748
0	127	118	0.999853
1	286	187	0.999669
1	262	178	0.999696
1	166	125	0.999807
1	257	196	0.999701
1	275	179	0.99968
0	267	260	0.999689
0	194	159	0.999774
0	153	131	0.999821
0	223	207	0.999739
0	164	152	0.999808
0	239	204	0.99972
0	262	208	0.999693
1	261	156	0.999694
0	272	260	0.999681
0	225	218	0.999736
0	195	185	0.999771
0	215	190	0.999747
1	265	176	0.999688
0	264	207	0.999689
1	266	183	0.999686
0	83	78	0.999902
1	274	198	0.999676
1	262	188	0.99969
1	261	202	0.999691
1	228	151	0.99973
0	260	259	0.999692
1	211	124	0.99975
1	227	172	0.999731
1	183	109	0.999783
1	134	97	0.999841
0	214	207	0.999746
0	212	204	0.999748
0	120	117	0.999857
0	191	164	0.999772
0	103	82	0.999877
0	118	109	0.999859
1	272	208	0.999675
0	270	245	0.999677
1	213	144	0.999745
0	91	84	0.999891
0	65	51	0.999922
0	100	89	0.99988
1	175	119	0.99979
0	248	243	0.999702
0	109	100	0.999869
1	132	88	0.999841
1	249	159	0.9997
0	185	180	0.999777
1	261	175	0.999685
1	183	121	0.999779
1	163	111	0.999803
0	273	244	0.99967
0	71	70	0.999914
0	243	190	0.999705
1	228	146	0.999723
0	188	174	0.999771
0	142	139	0.999827
1	233	152	0.999716
0	223	174	0.999728
0	264	211	0.999678
1	117	84	0.999857
0	238	185	0.999709
1	264	191	0.999677
1	237	154	0.99971
1	259	194	0.999683
1	276	181	0.999662
1	168	117	0.999794
1	220	131	0.99973
1	282	182	0.999653
1	263	193	0.999676
0	202	157	0.999751
1	252	171	0.999689
1	280	168	0.999654
0	222	192	0.999725
1	276	189	0.999658
0	204	196	0.999747
1	197	125	0.999755
1	160	104	0.999801
0	147	134	0.999817
0	57	45	0.999929
0	220	212	0.999726
1	228	139	0.999716
1	203	131	0.999747
1	276	211	0.999656
0	235	233	0.999707
1	109	81	0.999864
1	255	185	0.999681
1	79	53	0.999901
0	165	142	0.999793
0	149	135	0.999813
0	141	137	0.999823
1	254	170	0.999681
0	222	172	0.999721
1	116	71	0.999854
0	197	157	0.999752
0	130	125	0.999836
0	213	175	0.999731
0	223	179	0.999718
0	165	139	0.999791
0	93	77	0.999882
0	193	159	0.999755
1	245	161	0.999689
0	252	248	0.99968
0	198	191	0.999748
1	220	157	0.99972
0	264	253	0.999664
0	117	112	0.999851
1	179	120	0.999772
1	91	63	0.999884
1	242	184	0.999691
0	231	225	0.999705
0	205	173	0.999738
0	205	189	0.999738
1	104	78	0.999867
0	215	187	0.999725
0	229	183	0.999707
0	125	99	0.99984
1	185	130	0.999763
1	269	185	0.999655
0	145	125	0.999814
1	226	158	0.99971
0	109	88	0.99986
0	270	226	0.999653
0	252	200	0.999676
1	129	98	0.999834
0	188	155	0.999758
0	194	159	0.99975
1	209	137	0.99973
1	198	143	0.999744
0	85	77	0.99989
1	78	50	0.999899
0	216	195	0.99972
1	242	174	0.999686
0	265	254	0.999656
0	200	157	0.99974
1	226	136	0.999706
0	136	132	0.999823
0	199	182	0.999741
0	189	156	0.999754
1	218	160	0.999716
0	247	241	0.999678
1	237	161	0.999691
0	105	96	0.999863
0	254	214	0.999668
1	181	115	0.999763
1	129	96	0.999831
0	188	152	0.999753
1	57	40	0.999925
0	112	99	0.999852
0	202	163	0.999733
0	125	104	0.999834
1	186	125	0.999753
1	78	60	0.999896
0	162	157	0.999784
1	180	108	0.99976
0	195	167	0.99974
0	182	153	0.999757
1	107	68	0.999857
0	95	82	0.999873
1	163	118	0.999782
1	56	42	0.999925
1	159	112	0.999787
0	215	205	0.999712
1	179	123	0.99976
1	105	76	0.999859
0	169	138	0.999773
1	256	188	0.999656
0	107	98	0.999856
0	146	127	0.999803
0	186	155	0.999749
1	214	151	0.999711
1	173	124	0.999766
0	221	198	0.999701
0	150	137	0.999797
0	232	223	0.999686
0	152	146	0.999794
0	174	153	0.999764
0	173	168	0.999765
1	226	144	0.999693
0	212	169	0.999712
0	256	248	0.999652
1	86	60	0.999883
1	83	50	0.999887
1	238	176	0.999676
1	255	169	0.999652
1	180	136	0.999754
0	136	128	0.999814
0	216	201	0.999704
0	167	154	0.999771
0	191	153	0.999738
1	247	147	0.99966
1	74	51	0.999898
1	192	141	0.999735
1	126	89	0.999826
0	139	124	0.999808
0	75	61	0.999896
0	123	104	0.999829
0	158	156	0.99978
0	119	96	0.999834
0	149	139	0.999792
0	169	141	0.999764
0	237	184	0.999669
0	98	76	0.999863
0	50	42	0.99993
0	245	209	0.999657
0	242	228	0.999661
0	159	150	0.999777
1	244	148	0.999657
0	236	235	0.999668
0	226	192	0.999682
0	198	187	0.999721
0	228	176	0.999678
0	96	95	0.999864
1	237	165	0.999664
1	194	132	0.999724
0	191	189	0.999728
1	122	86	0.999826
0	188	178	0.999731
0	217	182	0.999689
0	235	181	0.999663
0	225	213	0.999677
1	137	90	0.999802
1	202	127	0.999708
0	123	109	0.999822
0	100	83	0.999855
0	202	174	0.999707
0	217	193	0.999685
0	117	91	0.99983
0	223	204	0.999676
1	79	51	0.999885
0	203	200	0.999704
0	235	224	0.999657
0	78	76	0.999886
1	157	99	0.99977
0	200	169	0.999707
0	221	213	0.999676
1	159	102	0.999766
1	163	124	0.99976
1	200	122	0.999705
1	187	122	0.999724
1	176	115	0.99974
1	232	150	0.999657
1	221	139	0.999673
1	129	89	0.999809
1	202	150	0.9997
0	142	139	0.999789
0	74	64	0.99989
0	79	62	0.999882
1	115	77	0.999828
0	193	163	0.999711
0	146	120	0.99978
1	212	159	0.99968
1	96	62	0.999855
0	181	157	0.999726
0	200	175	0.999697
1	161	120	0.999756
1	128	86	0.999806
1	126	79	0.999809
1	224	153	0.99966
0	79	76	0.99988
0	100	84	0.999848
1	140	84	0.999787
0	216	182	0.99967
0	214	200	0.999673
1	136	82	0.999792
0	196	185	0.999699
0	143	119	0.99978
0	219	195	0.999663
0	124	121	0.999809
0	133	126	0.999794
1	124	79	0.999807
0	209	199	0.999674
0	107	96	0.999833
0	105	97	0.999836
1	165	123	0.999742
1	76	47	0.999881
1	217	141	0.99966
0	222	216	0.999652
1	192	145	0.999699
0	221	217	0.999653
1	163	117	0.999744
1	126	86	0.999802
0	94	92	0.999852
0	215	165	0.999661
0	164	134	0.999741
1	134	96	0.999788
0	152	147	0.999759
1	156	99	0.999752
1	66	44	0.999895
0	163	152	0.99974
0	57	47	0.999909
0	142	118	0.999773
0	113	96	0.999819
1	96	63	0.999846
0	95	80	0.999847
1	85	53	0.999863
0	129	105	0.999792
1	160	115	0.999742
0	211	163	0.999659
1	66	41	0.999893
1	94	68	0.999847
0	186	166	0.999697
1	204	123	0.999667
0	71	66	0.999884
0	147	133	0.999759
1	176	118	0.999711
1	176	132	0.999711
0	133	111	0.999781
0	167	151	0.999725
0	211	188	0.999652
0	92	83	0.999848
1	193	134	0.999681
0	173	143	0.999714
0	194	183	0.999679
1	93	62	0.999846
1	154	117	0.999745
0	141	122	0.999766
1	151	98	0.999748
0	106	101	0.999823
0	191	189	0.999681
0	161	151	0.99973
0	180	154	0.999698
1	164	111	0.999724
1	108	74	0.999818
1	201	144	0.999661
0	109	85	0.999816
1	151	109	0.999745
0	164	137	0.999723
0	176	173	0.999702
0	137	135	0.999768
1	98	64	0.999834
0	195	160	0.999669
0	185	151	0.999684
1	175	127	0.999701
1	196	122	0.999665
1	181	125	0.99969
1	91	69	0.999844
0	155	123	0.999733
0	106	98	0.999817
1	172	101	0.999703
1	177	108	0.999694
0	194	190	0.999664
0	154	140	0.999733
1	162	100	0.999719
0	140	130	0.999757
0	183	173	0.999682
0	172	139	0.999701
1	69	51	0.99988
0	81	71	0.999859
0	189	152	0.999671
0	144	125	0.999749
1	200	150	0.999651
0	179	165	0.999687
1	104	68	0.999818
0	143	121	0.999749
1	115	84	0.999797
1	183	111	0.999676
1	125	90	0.999778
1	193	132	0.999657
0	127	105	0.999774
1	91	57	0.999838
0	55	48	0.999902
1	142	91	0.999747
1	147	104	0.999738
1	177	128	0.999684
0	176	156	0.999684
0	143	116	0.999743
0	139	120	0.99975
1	164	117	0.999705
0	170	138	0.999693
0	191	189	0.999655
1	151	103	0.999727
0	190	170	0.999656
1	152	97	0.999724
0	115	108	0.999791
1	55	38	0.9999
1	117	89	0.999786
0	88	70	0.999839
1	189	119	0.999653
1	135	101	0.999752
0	130	129	0.999761
0	127	102	0.999766
0	162	146	0.9997
0	164	133	0.999696
0	55	51	0.999898
1	165	107	0.999692
0	158	121	0.999705
0	64	61	0.99988
1	185	137	0.999653
0	81	70	0.999848
0	81	71	0.999848
1	135	89	0.999746
0	153	144	0.999712
0	180	159	0.999661
1	129	92	0.999757
1	182	118	0.999657
0	61	47	0.999885
0	135	114	0.999745
1	179	129	0.999661
0	179	160	0.999661
1	108	67	0.999795
1	131	87	0.999751
0	166	137	0.999684
1	104	76	0.999802
0	73	57	0.999861
1	140	83	0.999733
1	109	67	0.999792
1	103	61	0.999803
0	169	156	0.999676
1	101	61	0.999806
0	157	156	0.999698
1	55	40	0.999894
1	181	117	0.999651
0	138	131	0.999733
0	156	122	0.999697
1	132	84	0.999743
0	170	135	0.999668
0	153	151	0.999701
0	67	58	0.999869
0	96	92	0.999812
0	97	83	0.99981
1	99	60	0.999806
0	118	94	0.999768
0	175	144	0.999655
0	75	70	0.999852
0	129	114	0.999745
1	138	98	0.999727
1	139	91	0.999725
1	144	91	0.999714
0	78	70	0.999845
0	157	127	0.999688
0	81	70	0.999838
0	81	79	0.999838
1	133	84	0.999734
1	171	119	0.999657
1	159	97	0.999681
0	54	51	0.999891
0	169	131	0.999658
1	154	103	0.999687
0	122	95	0.999752
0	137	135	0.999721
1	75	47	0.999847
0	151	131	0.999692
0	71	55	0.999855
0	142	128	0.99971
1	141	86	0.999712
1	106	71	0.999783
0	118	98	0.999758
0	153	149	0.999684
1	144	105	0.999702
0	71	63	0.999853
0	146	138	0.999697
0	111	97	0.999769
0	118	101	0.999754
1	152	112	0.999683
0	137	121	0.999714
1	68	40	0.999858
0	85	74	0.999822
0	76	74	0.99984
0	162	133	0.999659
0	93	90	0.999804
1	118	74	0.999751
1	51	30	0.999892
0	127	104	0.999731
0	59	56	0.999875
0	154	121	0.999672
0	158	140	0.999663
0	161	151	0.999655
1	107	73	0.99977
0	118	98	0.999746
0	117	92	0.999748
1	86	51	0.999814
1	106	77	0.99977
0	58	50	0.999874
1	154	116	0.999665
1	103	64	0.999775
0	150	118	0.999672
0	140	119	0.999692
1	131	86	0.999711
1	139	101	0.999693
0	128	108	0.999716
1	130	80	0.999711
1	61	44	0.999864
0	148	143	0.99967
1	138	99	0.999692
1	106	71	0.999763
1	73	48	0.999836
1	136	81	0.999694
0	103	86	0.999768
1	130	89	0.999707
0	117	112	0.999736
0	77	62	0.999826
1	149	88	0.999663
0	121	97	0.999726
1	111	71	0.999748
0	54	52	0.999877
1	146	103	0.999667
0	120	108	0.999726
1	86	55	0.999803
0	65	51	0.999851
1	126	80	0.999711
0	131	125	0.999699
0	126	99	0.99971
1	122	85	0.999719
0	117	114	0.999729
0	129	108	0.999701
0	50	46	0.999884
0	96	92	0.999777
0	113	106	0.999737
0	137	110	0.999681
1	149	101	0.999652
1	74	51	0.999827
1	139	82	0.999673
0	75	65	0.999823
0	108	90	0.999745
0	55	45	0.99987
0	107	91	0.999747
0	147	142	0.999651
0	69	59	0.999836
1	134	100	0.999681
1	122	81	0.999709
0	80	65	0.999809
1	92	67	0.999778
0	84	69	0.999797
0	136	133	0.999671
0	93	85	0.999774
0	122	97	0.999703
1	142	104	0.999654
1	81	51	0.999801
0	70	62	0.999828
1	71	52	0.999825
0	131	125	0.999676
0	121	98	0.9997
0	98	77	0.999753
0	113	106	0.999714
0	80	69	0.999796
0	127	103	0.999676
1	117	77	0.999699
1	89	64	0.999771
0	125	109	0.999678
0	88	83	0.999773
1	84	58	0.999783
0	114	88	0.999705
1	134	87	0.999653
1	127	86	0.99967
0	60	58	0.999844
1	84	55	0.999781
1	102	66	0.999733
1	126	77	0.999668
0	122	109	0.999677
0	108	93	0.999714
1	80	59	0.999788
0	126	110	0.999665
0	121	92	0.999677
0	82	65	0.999781
1	127	96	0.99966
0	90	81	0.999758
1	62	38	0.999833
0	107	85	0.999707
0	98	94	0.999728
0	63	55	0.999825
1	110	83	0.999694
1	86	54	0.999758
0	89	84	0.999749
0	120	108	0.99966
0	76	75	0.999784
0	65	51	0.999815
1	109	75	0.999689
1	111	67	0.999683
0	65	53	0.999814
0	76	69	0.999782
0	114	89	0.999673
0	94	79	0.99973
0	115	114	0.999667
0	106	85	0.999693
1	107	70	0.99969
1	111	84	0.999676
0	116	107	0.99966
0	80	62	0.999765
1	91	62	0.999732
0	92	73	0.999729
0	114	107	0.999664
0	99	88	0.999708
1	57	43	0.999831
1	65	47	0.999806
1	116	79	0.999653
0	59	55	0.999823
0	75	61	0.999775
1	112	70	0.999663
0	94	76	0.999717
0	81	69	0.999756
0	112	85	0.99966
0	79	73	0.999758
1	110	71	0.999663
1	79	51	0.999757
0	113	97	0.999652
1	72	48	0.999778
0	94	82	0.999708
0	97	74	0.999698
1	78	47	0.999755
0	65	54	0.999794
0	92	78	0.999708
0	51	46	0.999838
1	64	38	0.999796
1	82	55	0.999738
0	76	63	0.999757
0	98	76	0.999686
0	69	60	0.999778
1	96	69	0.99969
1	56	39	0.999819
1	85	58	0.999723
0	62	56	0.999796
0	102	88	0.999661
1	67	49	0.999777
0	86	66	0.999713
1	72	48	0.999759
0	66	64	0.999779
0	99	91	0.999664
1	63	41	0.999786
1	87	62	0.999704
0	78	67	0.999734
0	68	59	0.999768
0	60	50	0.999795
0	100	87	0.999657
1	58	36	0.999801
1	62	41	0.999787
0	91	81	0.999686
0	88	83	0.999696
0	65	56	0.999774
0	86	74	0.999701
1	92	68	0.999671
0	60	53	0.999785
1	94	58	0.999661
0	58	55	0.99979
1	90	66	0.999672
0	92	70	0.999663
1	66	45	0.999758
1	52	32	0.999809
0	67	62	0.999753
1	75	47	0.999723
1	53	36	0.999803
0	50	46	0.999814
0	72	66	0.999732
1	64	38	0.999761
0	51	44	0.999809
1	72	45	0.999729
1	80	54	0.999698
0	52	43	0.999803
0	89	85	0.999662
1	91	66	0.999654
1	64	38	0.999756
0	67	54	0.999743
1	83	59	0.999681
1	88	59	0.99966
0	65	53	0.999745
1	78	48	0.999691
0	86	80	0.999656
0	69	56	0.999723
0	55	54	0.999779
0	64	63	0.999742
1	82	51	0.999669
1	74	51	0.999701
0	86	83	0.999652
1	63	38	0.999745
1	63	38	0.999744
1	69	46	0.999719
0	54	51	0.999779
0	72	70	0.999705
1	82	55	0.999664
1	58	39	0.999762
0	53	47	0.999781
0	78	71	0.999676
1	55	41	0.999771
0	64	59	0.99973
0	81	79	0.999653
0	58	44	0.999748
0	50	38	0.999782
1	59	37	0.999741
0	77	62	0.99966
1	52	33	0.99977
1	71	53	0.999685
1	68	50	0.999693
1	67	41	0.999695
0	56	46	0.999745
0	71	60	0.999674
0	60	51	0.999724
0	74	73	0.999653
1	67	41	0.999684
0	67	66	0.999681
0	66	51	0.999683
0	67	55	0.999676
1	62	45	0.9997
0	55	54	0.999733
0	54	43	0.999737
0	61	54	0.9997
0	70	54	0.999653
0	68	61	0.999657
0	59	51	0.999696
0	50	40	0.999741
0	63	50	0.999673
0	50	49	0.99974
0	64	55	0.999656
0	63	48	0.99966
0	62	47	0.999652
1	57	38	0.999671
1	51	36	0.999705
0	55	47	0.999671
1	53	35	0.999658
