123213
7.79671
3500
1	136	113	1
1	479	394	0.999999
1	479	307	0.999999
1	453	434	0.999999
1	345	297	0.999999
1	299	235	0.999999
1	270	208	0.999999
1	257	206	0.999999
1	415	407	0.999998
1	384	306	0.999998
1	182	133	0.999999
1	356	305	0.999998
1	344	310	0.999998
1	331	230	0.999998
1	294	229	0.999998
1	435	428	0.999997
1	275	209	0.999998
1	250	201	0.999998
1	495	334	0.999996
1	492	308	0.999996
1	349	288	0.999997
1	346	260	0.999997
1	343	319	0.999997
1	453	320	0.999996
1	338	268	0.999997
1	331	282	0.999997
1	107	74	0.999999
1	304	248	0.999997
1	297	261	0.999997
1	478	460	0.999995
1	371	319	0.999996
1	451	423	0.999995
1	433	413	0.999995
1	424	286	0.999995
1	420	341	0.999995
1	416	270	0.999995
1	330	325	0.999996
1	163	109	0.999998
1	407	318	0.999995
1	236	197	0.999997
1	157	138	0.999998
1	382	236	0.999995
1	225	201	0.999997
1	444	315	0.999994
1	142	89	0.999998
1	485	480	0.999993
1	471	295	0.999993
1	403	245	0.999994
1	66	60	0.999999
1	455	351	0.999993
1	438	296	0.999993
1	494	365	0.999992
1	490	302	0.999992
1	182	157	0.999997
1	415	308	0.999993
1	410	312	0.999993
1	462	309	0.999992
1	228	170	0.999996
1	278	205	0.999995
1	444	298	0.999992
1	219	146	0.999996
1	476	401	0.999991
1	211	141	0.999996
1	316	224	0.999994
1	156	101	0.999997
1	363	342	0.999993
1	459	293	0.999991
1	299	250	0.999994
1	476	416	0.99999
1	330	249	0.999993
1	326	253	0.999993
1	464	345	0.99999
1	266	190	0.999994
1	485	431	0.999989
1	483	394	0.999989
1	262	248	0.999994
1	299	182	0.999993
1	209	167	0.999995
1	203	168	0.999995
1	365	355	0.999991
1	405	398	0.99999
1	160	106	0.999996
1	240	222	0.999994
1	396	242	0.99999
1	78	72	0.999998
1	464	337	0.999988
1	154	96	0.999996
1	228	201	0.999994
1	227	186	0.999994
1	333	315	0.999991
1	443	384	0.999988
1	350	263	0.99999
1	279	242	0.999992
1	452	358	0.999987
1	347	254	0.99999
1	416	343	0.999988
1	341	228	0.99999
1	265	215	0.999992
1	494	435	0.999985
1	325	230	0.99999
1	419	407	0.999987
1	161	112	0.999995
1	125	85	0.999996
1	156	99	0.999995
1	468	431	0.999985
1	342	320	0.999989
1	462	340	0.999985
1	61	47	0.999998
1	151	147	0.999995
1	452	309	0.999985
1	452	377	0.999985
1	120	93	0.999996
1	269	189	0.999991
1	448	411	0.999985
1	413	344	0.999986
1	382	288	0.999987
1	439	305	0.999985
1	378	344	0.999987
1	317	252	0.999989
1	201	181	0.999993
0	338	337	0.999988
1	275	215	0.99999
1	82	74	0.999997
1	328	268	0.999988
1	491	425	0.999982
1	54	48	0.999998
0	484	479	0.999982
1	403	327	0.999985
1	239	185	0.999991
1	344	266	0.999987
0	370	368	0.999986
1	369	263	0.999986
1	495	451	0.999981
1	104	79	0.999996
0	155	152	0.999994
1	435	302	0.999983
1	433	421	0.999983
1	229	219	0.999991
1	251	227	0.99999
1	276	184	0.999989
1	425	370	0.999983
1	124	89	0.999995
1	419	381	0.999983
1	488	428	0.99998
1	142	126	0.999994
1	472	303	0.99998
1	188	172	0.999992
1	257	241	0.999989
1	483	353	0.999979
1	436	347	0.999981
1	295	192	0.999987
1	406	284	0.999982
0	201	198	0.999991
1	397	349	0.999982
1	434	327	0.99998
1	494	336	0.999977
1	441	307	0.999979
1	146	91	0.999993
1	246	235	0.999988
1	346	255	0.999983
1	345	330	0.999983
1	486	431	0.999976
1	403	328	0.99998
1	60	37	0.999997
1	180	138	0.999991
1	220	135	0.999989
1	280	184	0.999986
1	378	367	0.999981
1	59	48	0.999997
1	333	255	0.999983
1	274	184	0.999986
1	313	212	0.999984
1	371	347	0.999981
0	351	342	0.999982
1	486	453	0.999975
1	388	276	0.99998
1	479	394	0.999975
1	496	361	0.999974
1	400	253	0.999979
1	438	338	0.999977
0	398	396	0.999979
1	359	243	0.999981
1	357	334	0.999981
1	319	273	0.999983
1	336	224	0.999982
1	448	421	0.999976
1	373	305	0.99998
1	479	372	0.999974
1	401	356	0.999978
1	382	321	0.999979
1	363	285	0.99998
1	435	404	0.999976
1	72	46	0.999996
1	484	414	0.999973
1	249	189	0.999986
1	441	347	0.999975
1	299	257	0.999983
1	368	307	0.999979
1	349	222	0.99998
1	417	290	0.999976
1	346	264	0.99998
1	483	466	0.999972
1	275	224	0.999984
1	481	416	0.999972
1	154	144	0.999991
0	325	318	0.999981
1	478	337	0.999972
1	323	312	0.999981
1	237	221	0.999986
1	186	159	0.999989
1	286	187	0.999983
1	285	230	0.999983
0	484	479	0.999971
1	495	368	0.99997
1	213	157	0.999987
1	457	418	0.999972
1	455	290	0.999972
1	500	371	0.999969
1	403	319	0.999975
1	403	271	0.999975
1	257	170	0.999984
1	336	256	0.999979
1	384	297	0.999976
1	302	287	0.999981
1	235	218	0.999985
1	360	295	0.999977
1	250	154	0.999984
1	499	343	0.999968
1	357	289	0.999977
1	310	293	0.99998
1	341	267	0.999978
1	371	347	0.999976
1	214	159	0.999986
1	196	154	0.999987
1	452	368	0.99997
1	420	294	0.999972
1	475	371	0.999968
1	148	139	0.99999
1	383	315	0.999974
1	308	291	0.999979
1	425	351	0.999971
1	205	157	0.999986
0	453	441	0.999969
1	438	312	0.99997
1	102	73	0.999993
1	131	90	0.999991
1	304	257	0.999979
1	476	387	0.999967
0	274	265	0.999981
1	447	357	0.999969
1	242	160	0.999983
1	394	298	0.999972
1	267	188	0.999981
1	309	268	0.999978
1	477	455	0.999966
1	446	285	0.999968
1	125	86	0.999991
1	457	415	0.999967
1	346	251	0.999975
1	498	333	0.999964
1	276	169	0.99998
1	219	207	0.999984
1	298	224	0.999978
1	433	336	0.999968
1	230	219	0.999983
1	456	421	0.999966
1	442	370	0.999967
1	187	121	0.999986
0	186	184	0.999986
1	145	117	0.999989
1	435	369	0.999967
1	471	309	0.999964
1	471	421	0.999964
1	457	300	0.999965
0	78	76	0.999994
1	78	69	0.999994
1	493	460	0.999962
1	426	261	0.999967
1	487	400	0.999962
1	192	121	0.999985
1	115	89	0.999991
1	166	121	0.999987
1	76	51	0.999994
1	316	279	0.999975
1	391	276	0.999969
1	288	242	0.999977
1	338	240	0.999973
1	363	227	0.999971
0	50	48	0.999996
1	250	196	0.99998
1	487	378	0.999961
1	374	328	0.99997
1	161	98	0.999987
1	396	315	0.999968
1	443	313	0.999964
0	318	317	0.999974
1	171	118	0.999986
1	97	77	0.999992
1	424	399	0.999965
1	495	445	0.999959
1	453	408	0.999962
1	286	211	0.999976
1	404	262	0.999966
1	356	307	0.99997
1	486	334	0.999959
1	412	266	0.999965
1	82	52	0.999993
1	339	247	0.999971
1	198	151	0.999983
1	499	437	0.999957
1	278	206	0.999976
1	405	249	0.999965
1	196	120	0.999983
1	415	338	0.999964
1	219	192	0.999981
1	229	165	0.99998
1	492	320	0.999957
1	240	225	0.999979
1	399	247	0.999965
1	294	257	0.999974
1	294	222	0.999974
1	113	75	0.99999
1	393	258	0.999965
1	224	167	0.99998
0	167	164	0.999985
1	332	212	0.99997
1	232	211	0.999979
0	298	289	0.999973
1	375	235	0.999966
1	397	376	0.999964
0	408	394	0.999963
1	99	69	0.999991
1	143	108	0.999987
1	154	107	0.999986
1	317	202	0.999971
1	402	277	0.999963
1	358	248	0.999967
1	141	129	0.999987
1	271	207	0.999975
1	356	281	0.999967
1	474	399	0.999956
1	266	176	0.999975
1	297	224	0.999972
1	451	350	0.999957
1	261	247	0.999975
1	480	377	0.999954
1	438	289	0.999958
1	415	256	0.99996
1	496	357	0.999952
1	475	335	0.999954
1	206	157	0.99998
1	51	38	0.999995
1	387	351	0.999962
1	396	293	0.999961
1	455	390	0.999955
1	475	307	0.999953
0	484	461	0.999952
1	402	277	0.99996
1	442	332	0.999956
1	472	428	0.999953
1	381	232	0.999962
1	140	120	0.999986
1	319	295	0.999968
1	467	334	0.999953
1	426	334	0.999957
1	307	224	0.999969
1	198	136	0.99998
0	198	194	0.99998
1	168	129	0.999983
0	494	475	0.99995
1	463	347	0.999953
1	453	362	0.999954
1	482	423	0.999951
1	449	314	0.999954
1	322	196	0.999967
1	351	218	0.999964
1	378	342	0.999961
1	181	151	0.999981
1	457	372	0.999952
1	285	184	0.99997
1	331	224	0.999965
0	282	277	0.99997
1	159	129	0.999983
1	289	255	0.999969
0	410	408	0.999956
1	409	250	0.999956
1	102	79	0.999989
1	397	342	0.999957
1	295	180	0.999968
0	488	463	0.999947
0	395	374	0.999957
1	431	377	0.999953
1	421	363	0.999954
1	428	373	0.999953
1	209	159	0.999977
1	318	221	0.999965
1	272	184	0.99997
1	334	280	0.999963
0	153	146	0.999983
1	189	119	0.999979
1	378	239	0.999958
1	323	232	0.999964
1	314	244	0.999965
0	356	346	0.99996
1	213	181	0.999976
1	423	387	0.999952
1	368	343	0.999958
1	289	203	0.999967
1	420	289	0.999952
1	490	333	0.999944
1	426	261	0.999951
1	478	408	0.999945
1	278	256	0.999968
1	469	309	0.999946
1	467	298	0.999946
1	242	218	0.999972
1	206	170	0.999976
1	369	271	0.999957
1	343	301	0.99996
1	425	330	0.99995
1	466	381	0.999945
1	245	177	0.999971
1	228	166	0.999973
0	446	441	0.999947
1	227	156	0.999973
1	462	377	0.999945
0	495	474	0.999941
1	192	140	0.999977
1	500	364	0.99994
1	257	188	0.999969
1	472	349	0.999943
1	66	41	0.999992
1	297	236	0.999964
1	296	226	0.999964
1	123	114	0.999985
1	467	332	0.999943
1	360	299	0.999956
1	489	446	0.99994
1	235	192	0.999971
1	259	169	0.999968
1	452	366	0.999944
1	475	299	0.999941
1	338	285	0.999958
1	410	365	0.999949
0	289	279	0.999964
1	481	348	0.99994
1	192	140	0.999976
1	424	357	0.999947
0	230	220	0.999971
0	491	486	0.999938
1	253	209	0.999968
1	308	259	0.999961
1	268	235	0.999966
1	63	39	0.999992
1	63	49	0.999992
1	189	132	0.999976
0	369	348	0.999953
0	471	467	0.99994
1	455	294	0.999942
1	349	221	0.999955
1	93	60	0.999988
1	248	181	0.999968
1	403	257	0.999948
1	403	331	0.999948
1	325	228	0.999958
1	425	315	0.999945
1	370	279	0.999952
1	260	194	0.999966
1	260	232	0.999966
1	451	408	0.999941
1	397	314	0.999948
1	244	203	0.999968
1	160	130	0.999979
1	433	294	0.999943
1	341	307	0.999955
1	265	223	0.999965
1	416	312	0.999945
1	287	246	0.999962
1	481	414	0.999936
1	344	319	0.999954
1	306	274	0.999959
1	492	341	0.999934
1	402	361	0.999946
0	379	373	0.999949
1	364	234	0.999951
1	438	385	0.999941
1	155	109	0.999979
1	221	201	0.99997
1	383	286	0.999948
1	162	127	0.999978
1	486	441	0.999934
0	441	437	0.99994
1	382	343	0.999948
1	395	300	0.999946
1	490	388	0.999933
0	380	360	0.999948
1	394	296	0.999946
1	406	266	0.999944
0	376	357	0.999948
1	253	194	0.999965
1	130	79	0.999982
1	316	278	0.999956
1	473	429	0.999934
1	293	269	0.999959
1	271	182	0.999962
0	456	428	0.999936
1	332	229	0.999953
1	127	84	0.999982
1	451	359	0.999936
1	183	149	0.999974
0	63	62	0.999991
0	140	137	0.99998
0	196	194	0.999972
1	460	419	0.999934
1	404	288	0.999942
1	396	297	0.999943
1	493	349	0.999929
1	338	249	0.999951
0	317	305	0.999954
0	379	369	0.999945
1	494	400	0.999928
1	109	69	0.999984
1	380	272	0.999944
1	283	259	0.999958
1	362	331	0.999946
1	496	404	0.999926
1	268	188	0.99996
1	333	247	0.99995
1	306	227	0.999954
0	419	391	0.999937
1	452	353	0.999932
1	279	210	0.999958
1	73	66	0.999989
1	351	276	0.999947
1	416	339	0.999937
1	178	149	0.999973
1	145	106	0.999978
1	158	137	0.999976
1	322	279	0.999951
1	407	309	0.999938
1	249	215	0.999962
1	393	268	0.99994
1	491	353	0.999925
0	327	310	0.99995
1	450	359	0.999931
1	463	354	0.999929
0	489	457	0.999925
1	293	214	0.999955
1	351	215	0.999946
1	381	251	0.999941
1	367	278	0.999943
1	488	432	0.999924
1	77	57	0.999988
1	154	129	0.999976
1	205	170	0.999968
1	358	301	0.999944
1	498	332	0.999922
1	51	44	0.999992
1	242	149	0.999962
1	191	162	0.99997
1	331	299	0.999948
1	229	160	0.999964
1	159	107	0.999975
1	178	134	0.999972
1	394	265	0.999938
1	127	103	0.99998
1	400	266	0.999937
1	457	341	0.999928
0	228	217	0.999964
1	455	325	0.999928
1	202	186	0.999968
1	302	195	0.999952
0	132	130	0.999979
1	320	250	0.999949
1	351	244	0.999944
1	150	103	0.999976
1	356	261	0.999943
1	474	411	0.999924
1	254	174	0.999959
0	402	375	0.999935
1	371	300	0.99994
1	117	80	0.999981
1	172	126	0.999972
1	485	381	0.999921
1	221	155	0.999964
1	447	325	0.999927
1	398	356	0.999935
1	452	326	0.999926
1	122	86	0.99998
1	250	222	0.999959
1	352	277	0.999942
1	279	244	0.999954
1	236	172	0.999961
1	369	299	0.999939
1	434	291	0.999928
1	452	396	0.999925
1	469	421	0.999922
1	372	278	0.999938
1	479	368	0.99992
1	359	302	0.99994
0	370	349	0.999938
1	190	131	0.999968
0	344	327	0.999942
1	344	295	0.999942
1	160	129	0.999973
1	213	165	0.999964
1	195	174	0.999967
1	384	270	0.999935
1	283	208	0.999952
0	330	319	0.999944
0	471	452	0.99992
1	465	383	0.999921
1	458	392	0.999922
1	434	282	0.999926
1	123	99	0.999979
1	285	174	0.999951
1	186	125	0.999968
1	238	158	0.999959
1	365	252	0.999937
1	139	100	0.999976
1	411	330	0.999929
1	266	237	0.999954
1	491	319	0.999915
1	473	320	0.999918
1	271	184	0.999953
1	322	228	0.999944
1	395	328	0.999931
1	446	316	0.999922
0	120	110	0.999979
0	160	151	0.999972
1	308	195	0.999946
1	239	199	0.999958
1	290	206	0.999949
1	448	303	0.999921
1	344	270	0.999939
1	450	314	0.99992
1	495	326	0.999912
1	191	127	0.999966
1	213	175	0.999962
1	492	311	0.999912
1	446	293	0.99992
1	418	307	0.999925
1	161	144	0.999971
1	244	159	0.999956
1	94	84	0.999983
1	463	319	0.999916
1	110	95	0.99998
1	423	286	0.999923
1	357	252	0.999935
1	258	222	0.999953
1	318	218	0.999942
1	404	362	0.999926
1	414	256	0.999924
1	260	185	0.999952
1	216	172	0.99996
1	356	314	0.999934
1	382	265	0.999929
1	424	323	0.999921
1	461	394	0.999914
1	439	385	0.999918
1	364	234	0.999932
1	198	128	0.999963
1	396	301	0.999926
1	230	176	0.999957
1	288	246	0.999946
0	303	292	0.999943
1	478	327	0.99991
0	499	495	0.999906
0	212	200	0.99996
1	424	331	0.99992
1	423	339	0.99992
1	283	172	0.999946
1	382	271	0.999927
1	392	319	0.999925
1	470	293	0.99991
0	386	382	0.999926
0	370	366	0.999929
1	364	242	0.99993
1	379	272	0.999927
1	62	50	0.999988
0	499	454	0.999903
1	360	268	0.99993
1	426	274	0.999917
1	318	277	0.999938
1	400	307	0.999922
1	306	274	0.99994
1	209	182	0.999959
0	351	341	0.999931
1	417	369	0.999918
1	381	241	0.999925
1	497	325	0.999902
0	481	438	0.999905
1	171	125	0.999966
0	381	375	0.999924
0	461	418	0.999908
0	220	212	0.999956
1	385	268	0.999923
1	174	149	0.999965
1	134	100	0.999973
1	397	290	0.99992
1	292	243	0.999941
1	366	293	0.999926
1	499	415	0.999899
1	197	133	0.99996
1	364	269	0.999926
1	285	189	0.999942
1	221	182	0.999955
0	108	104	0.999978
1	201	169	0.999959
1	500	397	0.999898
1	446	403	0.999909
0	166	162	0.999966
1	122	101	0.999975
0	200	193	0.999959
1	434	392	0.999911
1	481	408	0.999901
1	272	239	0.999944
1	442	313	0.999909
1	388	342	0.99992
1	126	77	0.999974
1	441	332	0.999909
0	407	380	0.999916
0	377	368	0.999922
1	222	188	0.999954
1	275	169	0.999943
1	275	198	0.999943
0	207	194	0.999957
0	414	411	0.999914
1	361	276	0.999925
1	144	116	0.99997
1	425	370	0.999911
0	463	431	0.999903
1	243	157	0.999949
1	495	415	0.999896
1	376	238	0.999921
1	138	91	0.999971
1	290	216	0.999939
1	489	423	0.999897
1	166	142	0.999965
1	232	154	0.999951
1	189	132	0.99996
0	411	384	0.999913
1	429	338	0.999909
0	495	489	0.999895
1	400	319	0.999915
1	399	319	0.999915
1	342	281	0.999927
1	425	296	0.999909
1	439	311	0.999906
1	413	256	0.999911
1	486	434	0.999895
1	421	274	0.999909
1	148	118	0.999968
1	60	48	0.999987
1	479	306	0.999896
0	69	63	0.999985
0	207	187	0.999955
1	321	258	0.99993
0	486	444	0.999894
1	229	180	0.99995
1	420	269	0.999908
0	346	341	0.999924
0	437	410	0.999904
0	466	438	0.999897
1	347	231	0.999923
1	446	324	0.999901
1	247	174	0.999945
1	332	208	0.999926
1	327	235	0.999927
0	437	436	0.999902
1	477	365	0.999893
0	169	163	0.999962
1	256	192	0.999942
1	273	199	0.999938
0	110	106	0.999975
1	149	95	0.999966
1	442	301	0.999899
1	481	380	0.99989
1	153	128	0.999965
0	485	445	0.999889
1	492	437	0.999887
1	326	236	0.999925
1	347	293	0.99992
0	442	431	0.999898
1	446	351	0.999897
1	316	269	0.999927
1	311	271	0.999928
1	367	305	0.999915
1	453	304	0.999895
0	409	369	0.999905
0	452	434	0.999895
1	473	396	0.99989
1	348	223	0.999919
1	189	132	0.999956
1	437	376	0.999898
1	381	264	0.999911
1	458	376	0.999893
1	415	334	0.999903
0	415	376	0.999903
0	470	452	0.99989
1	461	303	0.999892
1	431	264	0.999899
1	464	368	0.999891
1	289	251	0.999932
1	391	258	0.999908
1	329	253	0.999922
1	253	176	0.99994
1	274	167	0.999935
1	489	431	0.999884
1	451	353	0.999893
1	497	404	0.999882
0	341	336	0.999919
0	244	232	0.999942
1	269	174	0.999936
1	147	102	0.999965
1	462	293	0.99989
0	382	352	0.999909
0	394	358	0.999906
1	339	298	0.999919
1	334	289	0.99992
1	384	244	0.999908
1	313	249	0.999925
1	388	254	0.999907
1	492	377	0.999882
1	345	266	0.999917
1	299	252	0.999928
1	448	312	0.999892
1	277	178	0.999933
1	318	254	0.999923
1	421	350	0.999898
1	239	192	0.999942
1	210	174	0.999949
1	391	336	0.999905
1	390	270	0.999905
1	357	242	0.999913
0	131	121	0.999968
1	188	115	0.999954
0	474	459	0.999884
1	429	334	0.999895
1	253	199	0.999938
0	371	335	0.999909
1	432	277	0.999894
1	57	36	0.999986
1	57	48	0.999986
1	460	314	0.999887
1	350	222	0.999914
1	423	300	0.999896
1	451	386	0.999889
0	345	332	0.999915
0	251	236	0.999938
1	473	379	0.999883
0	387	382	0.999904
1	137	119	0.999966
1	342	287	0.999915
1	148	124	0.999963
0	332	302	0.999917
0	388	368	0.999903
1	408	287	0.999898
1	456	311	0.999886
1	291	245	0.999927
1	278	197	0.99993
1	389	341	0.999902
1	190	148	0.999952
1	178	122	0.999955
0	308	294	0.999922
1	422	353	0.999893
0	489	487	0.999876
0	193	189	0.999951
1	374	276	0.999905
0	370	358	0.999906
1	488	365	0.999876
1	236	179	0.99994
1	329	255	0.999916
0	376	348	0.999904
1	403	321	0.999897
1	489	320	0.999875
1	394	278	0.999899
1	448	295	0.999885
1	307	193	0.999921
0	500	457	0.999871
1	422	369	0.999891
1	456	279	0.999882
1	170	121	0.999956
1	363	302	0.999906
0	486	458	0.999874
1	347	252	0.99991
1	393	308	0.999898
1	500	332	0.99987
1	342	218	0.999911
1	169	138	0.999956
1	119	95	0.999969
1	284	224	0.999926
1	487	415	0.999873
1	337	263	0.999912
1	111	84	0.999971
0	459	428	0.99988
1	455	283	0.999881
1	145	89	0.999962
0	419	393	0.99989
1	308	203	0.999919
1	57	49	0.999985
1	262	227	0.999931
0	372	334	0.999902
1	212	139	0.999944
1	246	209	0.999935
1	132	94	0.999965
1	494	341	0.999869
1	490	312	0.99987
1	109	72	0.999971
1	436	330	0.999884
1	424	277	0.999887
1	464	350	0.999876
1	258	169	0.999931
0	157	152	0.999958
0	347	330	0.999907
1	384	268	0.999897
1	368	241	0.999901
1	126	110	0.999966
1	200	176	0.999946
0	437	429	0.999882
1	233	154	0.999937
0	462	459	0.999875
0	140	135	0.999962
1	66	57	0.999982
0	377	354	0.999897
1	139	86	0.999962
0	117	112	0.999968
1	274	202	0.999925
1	204	160	0.999944
0	455	411	0.999875
0	382	368	0.999895
0	487	467	0.999866
1	258	222	0.999929
1	396	311	0.999891
0	465	434	0.999872
1	232	193	0.999936
1	369	301	0.999898
0	458	416	0.999873
0	292	273	0.999919
0	324	303	0.99991
1	342	261	0.999905
1	432	349	0.99988
0	205	191	0.999943
1	363	226	0.999899
1	255	218	0.999929
1	431	268	0.99988
1	438	286	0.999878
0	201	185	0.999944
1	394	288	0.99989
0	401	356	0.999888
1	68	54	0.999981
1	236	198	0.999934
1	411	313	0.999885
1	485	318	0.999864
1	367	292	0.999897
0	317	297	0.999911
1	142	92	0.99996
0	273	263	0.999923
1	414	302	0.999883
1	431	357	0.999878
1	445	376	0.999874
0	392	357	0.999889
1	462	286	0.999869
1	469	310	0.999867
1	483	297	0.999863
0	391	389	0.999889
1	418	264	0.999881
1	452	314	0.999871
1	459	350	0.999869
0	157	149	0.999955
1	463	401	0.999867
1	271	212	0.999922
0	337	306	0.999903
1	250	212	0.999928
1	302	205	0.999913
1	236	165	0.999932
0	357	323	0.999897
1	180	121	0.999948
1	315	241	0.999909
1	460	361	0.999867
1	307	202	0.999911
1	462	342	0.999866
0	93	91	0.999973
1	499	305	0.999855
0	406	366	0.999882
1	313	238	0.999909
1	368	231	0.999893
1	495	414	0.999856
1	443	373	0.999871
1	453	367	0.999868
1	473	333	0.999862
1	401	282	0.999883
0	438	420	0.999872
1	366	243	0.999893
1	215	172	0.999937
0	491	450	0.999856
1	242	169	0.999929
1	418	343	0.999877
0	427	393	0.999874
1	226	193	0.999933
0	387	384	0.999885
1	366	273	0.999891
1	235	180	0.99993
1	245	192	0.999927
0	463	426	0.999862
1	335	255	0.9999
0	368	333	0.99989
1	281	220	0.999916
1	475	328	0.999858
1	381	249	0.999886
1	294	242	0.999912
1	180	126	0.999946
1	210	144	0.999937
1	453	331	0.999864
1	383	330	0.999885
1	316	232	0.999905
1	153	133	0.999954
0	492	487	0.999852
0	312	290	0.999906
1	385	332	0.999884
0	438	420	0.999868
1	355	228	0.999893
1	315	215	0.999905
1	421	306	0.999873
1	232	184	0.99993
1	311	199	0.999906
1	483	300	0.999854
0	165	146	0.99995
1	432	292	0.999869
0	453	424	0.999862
0	364	351	0.999889
1	426	359	0.99987
1	206	133	0.999937
1	346	271	0.999894
1	215	156	0.999934
1	241	156	0.999926
1	283	208	0.999913
1	224	178	0.999931
0	461	401	0.999858
1	331	236	0.999898
1	483	384	0.999851
0	81	72	0.999975
0	437	414	0.999865
1	320	206	0.999901
1	455	389	0.999859
1	303	189	0.999906
1	203	139	0.999937
1	261	205	0.999919
1	261	185	0.999919
1	231	145	0.999928
0	322	315	0.999899
0	102	92	0.999968
1	239	187	0.999925
1	376	298	0.999882
0	376	350	0.999882
1	328	274	0.999897
0	296	290	0.999907
0	331	293	0.999896
0	175	172	0.999945
1	385	286	0.999879
1	369	309	0.999884
1	499	421	0.999843
1	394	280	0.999876
0	238	230	0.999925
1	257	209	0.999919
0	260	255	0.999918
0	466	450	0.999853
1	393	246	0.999876
0	399	384	0.999874
1	462	327	0.999854
0	373	368	0.999882
1	474	365	0.99985
1	474	347	0.99985
1	385	243	0.999878
1	422	293	0.999866
1	258	181	0.999918
1	280	213	0.999911
0	132	115	0.999958
0	452	393	0.999856
0	298	272	0.999905
1	291	204	0.999907
1	247	170	0.999921
1	206	170	0.999934
1	470	364	0.999849
1	336	213	0.999892
1	283	205	0.999909
0	416	393	0.999866
1	400	293	0.999871
0	313	301	0.999899
0	365	317	0.999882
1	399	280	0.999871
1	207	156	0.999933
1	210	178	0.999932
0	457	410	0.999852
0	108	95	0.999965
1	398	314	0.999871
1	182	150	0.999941
0	364	345	0.999882
1	475	403	0.999846
0	376	348	0.999878
1	114	72	0.999963
0	493	465	0.99984
0	382	345	0.999876
1	181	150	0.999941
0	454	430	0.999852
1	467	390	0.999847
0	293	280	0.999904
1	473	359	0.999845
1	308	238	0.999899
1	445	370	0.999854
0	466	426	0.999847
1	402	274	0.999868
0	210	206	0.999931
0	426	392	0.99986
1	365	267	0.99988
1	374	322	0.999877
0	76	70	0.999975
1	234	189	0.999923
0	389	380	0.999872
0	370	327	0.999878
1	291	240	0.999904
1	212	152	0.99993
1	454	378	0.99985
1	196	131	0.999935
1	410	270	0.999864
1	313	242	0.999896
1	433	292	0.999856
0	469	419	0.999844
1	258	168	0.999914
1	291	231	0.999903
1	366	243	0.999878
1	372	289	0.999876
1	233	143	0.999922
1	454	386	0.999848
0	448	436	0.99985
0	361	345	0.999879
1	352	233	0.999882
1	462	284	0.999845
0	295	282	0.999901
0	372	341	0.999875
1	497	333	0.999833
0	208	201	0.99993
0	499	445	0.999832
1	365	252	0.999877
0	317	306	0.999893
1	474	389	0.99984
1	334	222	0.999887
1	399	314	0.999865
1	310	212	0.999895
1	354	281	0.99988
1	460	363	0.999844
1	224	165	0.999924
1	333	215	0.999887
1	430	341	0.999854
1	427	264	0.999855
0	362	327	0.999877
0	188	184	0.999936
1	461	305	0.999843
1	270	165	0.999908
1	490	408	0.999833
1	484	379	0.999835
1	366	247	0.999875
1	480	387	0.999836
0	453	432	0.999845
1	312	201	0.999893
1	172	146	0.999941
0	303	269	0.999896
1	268	172	0.999908
1	157	106	0.999946
1	375	314	0.999871
1	122	92	0.999958
1	366	257	0.999874
0	479	424	0.999835
0	296	281	0.999898
1	441	272	0.999848
1	261	160	0.99991
1	319	216	0.99989
1	377	257	0.99987
0	310	309	0.999893
1	168	142	0.999942
0	449	421	0.999845
0	408	406	0.999859
1	353	230	0.999878
0	405	401	0.99986
0	367	331	0.999873
0	312	294	0.999892
1	433	360	0.99985
0	381	352	0.999868
1	326	205	0.999887
0	340	300	0.999882
1	363	226	0.999874
0	498	467	0.999827
0	276	267	0.999904
1	335	213	0.999883
1	398	250	0.999861
0	483	448	0.999831
1	482	294	0.999831
0	151	131	0.999947
1	273	205	0.999904
1	233	176	0.999918
1	250	189	0.999912
1	193	123	0.999932
1	224	152	0.999921
1	337	237	0.999881
0	269	243	0.999905
1	461	351	0.999837
1	294	218	0.999896
1	483	311	0.999829
0	319	300	0.999887
1	319	232	0.999887
1	477	334	0.999831
0	406	362	0.999856
0	400	384	0.999858
1	276	232	0.999902
1	183	124	0.999935
1	497	370	0.999823
1	421	302	0.99985
1	446	305	0.999841
1	401	262	0.999857
1	468	392	0.999833
1	70	50	0.999975
1	98	63	0.999965
1	266	208	0.999905
1	400	250	0.999857
1	439	345	0.999843
0	441	400	0.999842
1	315	245	0.999887
0	426	391	0.999847
0	267	231	0.999904
0	356	355	0.999872
0	445	433	0.99984
1	378	255	0.999864
1	283	179	0.999898
0	366	355	0.999868
1	438	285	0.999842
0	371	328	0.999866
1	428	348	0.999845
0	334	314	0.999879
1	386	309	0.99986
0	372	353	0.999865
1	457	317	0.999834
0	132	125	0.999952
1	418	352	0.999848
1	448	296	0.999837
1	486	410	0.999823
1	129	98	0.999953
1	222	166	0.999919
1	378	246	0.999861
0	258	241	0.999905
1	410	305	0.999849
0	76	71	0.999972
1	282	228	0.999896
1	336	209	0.999876
1	230	196	0.999915
0	368	363	0.999864
1	362	247	0.999866
1	375	275	0.999861
0	348	305	0.999871
0	283	274	0.999895
1	159	126	0.999941
1	291	202	0.999892
1	485	367	0.99982
0	210	203	0.999922
1	328	254	0.999878
1	309	189	0.999885
0	271	262	0.999899
0	437	422	0.999837
0	67	58	0.999975
0	201	190	0.999925
0	375	370	0.99986
1	308	225	0.999885
0	447	411	0.999833
0	291	248	0.999891
1	56	39	0.999979
0	136	126	0.999949
0	487	420	0.999817
1	226	186	0.999915
0	494	447	0.999814
0	127	120	0.999952
1	82	58	0.999969
0	285	265	0.999892
1	414	263	0.999843
0	216	203	0.999918
1	495	309	0.999812
1	271	194	0.999897
1	484	343	0.999816
1	405	315	0.999846
1	476	353	0.999819
0	368	361	0.99986
1	412	271	0.999843
1	328	208	0.999875
1	445	297	0.99983
1	157	119	0.99994
1	293	213	0.999888
0	170	147	0.999935
1	319	200	0.999878
1	478	301	0.999817
0	467	449	0.999821
1	344	226	0.999868
1	276	179	0.999894
0	268	248	0.999897
0	437	432	0.999832
0	343	313	0.999868
1	304	206	0.999883
1	288	179	0.999889
0	493	431	0.99981
1	384	243	0.999852
1	389	267	0.99985
1	386	260	0.999851
0	316	293	0.999878
1	202	155	0.999922
1	62	39	0.999976
0	310	306	0.99988
1	488	320	0.999811
0	263	262	0.999898
0	348	326	0.999865
0	250	219	0.999903
0	134	118	0.999948
1	201	145	0.999922
1	332	242	0.999871
0	316	282	0.999877
0	488	468	0.99981
0	457	392	0.999822
1	495	314	0.999807
1	435	273	0.99983
1	432	304	0.999831
0	97	88	0.999962
1	439	362	0.999828
1	413	271	0.999838
0	494	467	0.999806
1	331	222	0.99987
1	262	193	0.999897
1	305	191	0.99988
1	264	208	0.999896
1	332	204	0.999869
0	476	455	0.999812
0	443	411	0.999825
0	230	228	0.999909
0	394	339	0.999844
0	457	396	0.999819
1	376	281	0.999851
0	454	389	0.99982
1	126	80	0.99995
0	355	324	0.999859
1	73	54	0.999971
0	425	410	0.999831
1	93	72	0.999963
1	387	279	0.999846
1	294	216	0.999883
0	495	435	0.999803
0	113	108	0.999955
1	482	376	0.999808
1	153	121	0.999939
0	454	394	0.999819
1	223	148	0.999911
1	393	314	0.999843
1	418	264	0.999833
1	115	88	0.999954
0	290	271	0.999884
1	355	293	0.999858
0	262	223	0.999895
1	459	303	0.999816
1	394	283	0.999842
1	177	148	0.999929
1	189	146	0.999924
1	179	124	0.999928
1	266	223	0.999893
0	154	147	0.999938
1	385	240	0.999845
1	335	210	0.999865
0	362	338	0.999854
1	431	363	0.999826
0	302	277	0.999878
1	428	313	0.999827
1	375	285	0.999848
1	222	151	0.99991
1	291	200	0.999882
0	249	235	0.999899
1	429	336	0.999826
1	367	265	0.999851
0	367	330	0.999851
1	352	228	0.999857
0	386	375	0.999843
1	440	369	0.999821
1	467	383	0.99981
1	457	364	0.999814
1	135	111	0.999945
1	324	239	0.999868
1	378	262	0.999846
1	287	233	0.999883
1	179	141	0.999927
0	331	289	0.999865
0	441	427	0.99982
1	213	173	0.999913
1	164	124	0.999933
0	115	111	0.999953
1	225	154	0.999908
1	423	258	0.999827
1	452	367	0.999815
0	359	343	0.999853
1	461	290	0.999811
1	478	310	0.999804
0	412	404	0.999831
1	324	220	0.999867
0	302	277	0.999876
0	414	382	0.99983
0	448	427	0.999816
1	258	174	0.999894
1	275	171	0.999887
1	73	52	0.99997
1	467	320	0.999808
1	386	302	0.999841
1	444	368	0.999817
1	342	238	0.999859
0	448	443	0.999815
1	477	351	0.999803
0	322	279	0.999867
1	341	274	0.999859
1	384	276	0.999841
0	434	389	0.99982
0	229	228	0.999905
1	376	241	0.999844
1	470	345	0.999805
0	441	372	0.999817
1	89	64	0.999963
1	457	361	0.99981
1	315	224	0.999869
0	355	330	0.999852
0	479	460	0.9998
1	359	288	0.99985
0	296	287	0.999876
1	105	72	0.999956
1	486	386	0.999796
0	383	347	0.999839
1	264	201	0.999889
0	145	130	0.999939
0	178	153	0.999925
0	496	493	0.999791
1	396	323	0.999833
0	436	381	0.999816
0	388	336	0.999836
1	331	243	0.99986
1	390	308	0.999835
1	465	304	0.999803
0	387	343	0.999836
1	394	283	0.999833
0	198	181	0.999916
0	339	331	0.999856
0	435	430	0.999815
1	322	211	0.999863
1	451	326	0.999808
1	453	329	0.999807
0	410	363	0.999825
0	466	451	0.999801
1	487	366	0.999792
1	493	390	0.999789
1	126	101	0.999946
1	154	117	0.999934
0	434	399	0.999814
1	247	191	0.999894
0	233	210	0.9999
1	473	302	0.999797
1	163	121	0.99993
0	426	383	0.999817
1	435	364	0.999813
0	479	426	0.999794
1	402	276	0.999827
0	283	257	0.999878
1	334	230	0.999856
0	313	290	0.999865
0	299	265	0.999871
1	410	270	0.999823
0	440	376	0.99981
1	208	142	0.99991
0	471	431	0.999796
1	436	305	0.999811
1	362	291	0.999843
0	327	289	0.999858
0	465	416	0.999798
1	131	107	0.999943
0	85	83	0.999963
0	273	250	0.999881
1	227	185	0.999901
1	431	358	0.999812
1	392	269	0.999829
0	259	225	0.999887
1	181	147	0.999921
0	410	398	0.99982
0	148	131	0.999935
1	362	297	0.999841
1	239	189	0.999895
0	305	300	0.999866
1	257	213	0.999887
0	459	440	0.999798
0	445	441	0.999804
1	401	293	0.999823
0	394	337	0.999826
1	348	215	0.999846
1	499	326	0.999779
1	483	358	0.999786
0	273	248	0.999879
0	433	373	0.999808
0	232	215	0.999897
1	351	275	0.999844
1	369	236	0.999836
1	468	352	0.999792
1	317	208	0.999859
1	119	85	0.999947
1	101	62	0.999955
0	343	310	0.999847
0	327	313	0.999854
0	394	347	0.999824
0	367	358	0.999836
1	303	229	0.999864
0	465	441	0.999791
1	437	344	0.999803
0	408	343	0.999816
0	312	279	0.999859
0	469	401	0.999788
0	398	383	0.99982
1	283	229	0.999872
1	473	295	0.999786
1	95	64	0.999957
0	413	406	0.999813
1	289	223	0.999869
1	205	140	0.999907
0	253	220	0.999885
1	497	364	0.999774
0	224	223	0.999898
1	428	331	0.999805
1	430	302	0.999804
1	476	292	0.999783
0	454	385	0.999793
1	377	308	0.999828
1	291	228	0.999867
1	378	237	0.999827
1	327	246	0.99985
1	355	226	0.999837
0	479	459	0.99978
0	394	376	0.999819
1	87	53	0.99996
0	498	445	0.999771
1	454	361	0.999791
1	404	279	0.999814
1	76	53	0.999965
0	291	287	0.999866
0	165	162	0.999924
1	410	289	0.999811
0	295	254	0.999864
1	65	45	0.99997
1	494	342	0.999772
1	210	145	0.999903
0	145	124	0.999933
1	240	195	0.999889
0	188	179	0.999913
0	54	52	0.999975
1	82	63	0.999962
1	399	280	0.999815
0	496	428	0.99977
1	58	46	0.999973
0	305	303	0.999858
0	365	331	0.99983
0	472	421	0.99978
1	390	307	0.999818
1	122	75	0.999943
1	321	241	0.99985
1	282	194	0.999868
0	433	388	0.999797
1	339	206	0.999841
1	294	190	0.999862
0	460	416	0.999784
0	464	437	0.999782
1	200	150	0.999906
0	465	460	0.999781
1	433	349	0.999796
0	180	160	0.999915
1	343	228	0.999838
1	129	102	0.999939
0	355	354	0.999832
0	393	359	0.999814
0	348	289	0.999835
0	409	340	0.999806
1	335	230	0.999841
0	490	422	0.999767
1	376	278	0.999821
0	401	398	0.999809
1	86	66	0.999959
0	495	462	0.999764
0	216	211	0.999897
0	310	273	0.999852
0	402	345	0.999808
1	297	213	0.999858
0	481	435	0.99977
0	485	431	0.999768
1	288	193	0.999862
1	411	280	0.999803
1	363	283	0.999826
1	194	146	0.999907
1	436	315	0.999791
1	486	388	0.999767
1	75	47	0.999964
0	100	84	0.999952
1	354	280	0.99983
0	102	85	0.999951
1	356	239	0.999829
0	414	350	0.999801
1	339	221	0.999837
1	264	201	0.999873
0	476	421	0.999771
1	424	316	0.999796
0	272	237	0.999869
1	382	263	0.999816
0	58	56	0.999972
1	292	180	0.999859
0	387	376	0.999813
1	482	301	0.999767
0	492	462	0.999762
0	465	412	0.999775
1	260	199	0.999874
0	363	335	0.999824
1	437	296	0.999788
1	474	304	0.99977
0	379	331	0.999816
0	488	428	0.999763
1	107	75	0.999948
1	74	49	0.999964
0	442	421	0.999785
1	458	376	0.999777
0	345	298	0.999832
0	499	481	0.999757
0	442	395	0.999784
0	276	255	0.999865
1	94	62	0.999954
0	425	390	0.999792
0	106	98	0.999948
0	218	187	0.999893
1	328	258	0.999839
1	112	75	0.999945
0	334	293	0.999836
1	285	177	0.99986
1	293	214	0.999856
1	352	228	0.999827
0	305	254	0.99985
1	264	204	0.99987
1	201	136	0.999901
1	345	230	0.99983
0	424	369	0.999791
0	452	435	0.999777
1	470	370	0.999768
1	318	199	0.999843
0	320	302	0.999842
1	405	263	0.9998
1	486	334	0.99976
0	328	298	0.999838
1	259	160	0.999872
0	261	232	0.999871
0	184	153	0.999909
0	238	205	0.999882
0	363	340	0.99982
1	393	306	0.999805
1	429	262	0.999787
1	155	97	0.999923
1	461	347	0.999771
1	328	234	0.999837
0	328	327	0.999837
0	372	348	0.999815
0	382	373	0.99981
0	199	173	0.999901
0	392	380	0.999805
1	221	171	0.99989
1	494	339	0.999754
0	483	440	0.999759
0	106	88	0.999947
0	122	104	0.999939
1	124	87	0.999938
1	154	118	0.999923
0	168	145	0.999916
1	202	156	0.999899
1	210	128	0.999895
0	286	278	0.999857
0	382	331	0.999809
0	400	362	0.9998
1	410	253	0.999795
1	428	299	0.999786
1	491	353	0.999754
1	477	301	0.999761
0	425	406	0.999787
0	341	320	0.999829
0	299	278	0.99985
1	295	215	0.999852
1	273	224	0.999863
1	271	169	0.999864
0	267	261	0.999866
0	476	465	0.999761
0	476	408	0.999761
0	460	399	0.999769
0	458	385	0.99977
1	424	343	0.999787
0	260	220	0.999869
1	387	310	0.999805
0	119	113	0.99994
1	474	328	0.999761
0	497	449	0.999749
1	289	178	0.999854
1	180	120	0.999909
0	269	252	0.999864
1	445	362	0.999775
1	352	241	0.999822
1	255	175	0.999871
0	407	367	0.999794
0	393	379	0.999801
1	146	93	0.999926
0	351	333	0.999822
1	477	342	0.999758
1	313	195	0.999841
0	484	442	0.999754
0	236	218	0.99988
1	275	206	0.99986
1	324	260	0.999835
1	443	352	0.999774
1	474	364	0.999758
0	372	351	0.99981
0	417	368	0.999787
1	499	331	0.999745
0	129	111	0.999934
0	475	398	0.999757
0	289	250	0.999852
0	361	309	0.999815
1	314	242	0.999839
0	263	252	0.999865
1	187	125	0.999904
1	146	97	0.999925
1	463	282	0.999762
1	492	396	0.999747
1	453	332	0.999767
0	394	360	0.999797
1	326	239	0.999832
0	322	268	0.999834
1	353	261	0.999818
1	285	178	0.999853
1	444	355	0.999771
0	310	305	0.99984
1	461	315	0.999762
1	364	224	0.999812
1	453	361	0.999766
1	240	156	0.999876
0	89	88	0.999954
1	325	238	0.999832
1	439	298	0.999773
0	321	320	0.999834
1	427	299	0.999779
0	363	355	0.999812
0	393	364	0.999796
1	335	265	0.999826
0	331	287	0.999828
1	177	126	0.999908
1	317	230	0.999835
1	463	372	0.999759
1	413	326	0.999785
1	407	334	0.999788
0	468	438	0.999756
0	92	89	0.999952
1	437	359	0.999772
0	421	367	0.99978
0	486	458	0.999746
1	373	234	0.999805
0	426	353	0.999777
0	338	278	0.999823
0	252	209	0.999868
0	271	261	0.999858
0	269	267	0.999859
0	143	132	0.999925
0	385	357	0.999798
0	240	204	0.999874
1	495	342	0.99974
0	352	300	0.999815
1	390	275	0.999795
0	460	382	0.999758
1	76	58	0.99996
1	393	263	0.999793
0	328	317	0.999827
1	161	98	0.999915
0	303	258	0.99984
1	231	158	0.999878
0	429	361	0.999773
0	308	272	0.999837
1	408	300	0.999784
0	487	448	0.999742
0	490	405	0.99974
1	493	358	0.999738
0	395	357	0.99979
1	205	131	0.999891
1	472	357	0.999749
0	393	390	0.999791
1	188	122	0.9999
1	494	393	0.999737
0	276	253	0.999853
1	291	232	0.999845
0	413	371	0.99978
1	319	204	0.99983
0	294	274	0.999843
0	275	269	0.999853
0	215	192	0.999885
1	499	320	0.999733
0	252	216	0.999865
0	466	436	0.99975
1	369	289	0.999802
1	231	159	0.999876
1	490	349	0.999737
0	460	393	0.999753
1	417	299	0.999776
1	236	149	0.999873
0	481	450	0.999741
0	451	396	0.999757
1	345	233	0.999814
0	345	326	0.999814
1	339	266	0.999817
1	298	220	0.999839
1	159	122	0.999914
1	440	301	0.999762
1	388	259	0.99979
1	388	287	0.99979
0	456	377	0.999753
1	345	238	0.999813
1	476	320	0.999742
0	273	243	0.999852
1	391	302	0.999788
1	118	93	0.999936
0	496	417	0.999731
1	94	60	0.999949
0	188	166	0.999898
1	457	284	0.999752
1	304	248	0.999835
0	70	61	0.999962
1	315	222	0.999829
1	460	320	0.99975
0	366	323	0.999801
0	296	265	0.999839
1	136	110	0.999926
1	189	153	0.999897
1	499	387	0.999728
1	482	298	0.999737
0	313	261	0.999829
0	439	408	0.99976
0	278	257	0.999848
1	331	213	0.999819
1	470	339	0.999743
0	226	218	0.999876
1	235	143	0.999871
0	342	300	0.999812
1	251	166	0.999862
1	391	257	0.999785
0	421	359	0.999768
1	78	57	0.999957
1	495	378	0.999727
0	232	191	0.999872
1	451	321	0.999751
0	454	427	0.999749
0	378	357	0.999791
0	383	323	0.999788
0	419	394	0.999768
1	287	223	0.999841
1	386	246	0.999786
0	465	421	0.999742
0	223	188	0.999876
0	399	328	0.999778
0	88	76	0.999951
0	497	411	0.999723
1	486	336	0.999729
0	407	334	0.999773
1	457	347	0.999745
0	396	381	0.999779
0	464	402	0.999741
0	437	436	0.999756
1	394	283	0.99978
0	333	297	0.999814
0	290	284	0.999838
0	372	322	0.999792
1	490	383	0.999726
0	395	391	0.999779
1	402	306	0.999775
1	400	300	0.999776
1	332	207	0.999814
0	464	397	0.99974
1	371	265	0.999792
0	437	424	0.999755
0	205	197	0.999885
0	458	381	0.999743
1	390	258	0.999781
1	413	262	0.999768
1	356	232	0.9998
1	388	237	0.999782
1	379	255	0.999787
1	487	302	0.999726
1	485	389	0.999727
0	71	67	0.99996
0	426	371	0.99976
0	481	400	0.999729
0	307	298	0.999827
1	220	156	0.999876
1	335	209	0.999811
0	349	304	0.999803
1	269	200	0.999848
1	115	73	0.999935
1	389	291	0.99978
0	175	164	0.999901
1	83	56	0.999953
0	353	317	0.9998
0	390	387	0.999779
0	374	305	0.999788
0	127	123	0.999928
0	280	245	0.999841
0	324	323	0.999816
1	368	234	0.999791
1	412	292	0.999766
1	496	397	0.999718
1	218	147	0.999876
1	232	163	0.999868
1	478	320	0.999728
0	130	106	0.999926
1	295	224	0.999832
0	158	144	0.99991
0	251	247	0.999857
0	475	447	0.999729
1	345	255	0.999803
1	308	191	0.999824
1	329	232	0.999812
0	257	218	0.999853
1	465	306	0.999734
0	234	207	0.999866
1	227	154	0.99987
1	431	348	0.999753
1	300	215	0.999828
1	272	198	0.999844
1	244	180	0.99986
0	237	202	0.999864
1	359	225	0.999794
1	406	291	0.999767
1	371	245	0.999787
1	472	369	0.999729
1	458	311	0.999737
1	484	331	0.999722
1	496	346	0.999715
0	372	366	0.999786
1	292	225	0.999832
0	422	386	0.999757
1	422	257	0.999757
1	305	243	0.999824
0	71	65	0.999959
1	232	185	0.999866
1	218	169	0.999874
1	448	285	0.999741
0	486	485	0.999719
0	309	256	0.999821
1	195	149	0.999887
1	481	317	0.999721
0	293	266	0.99983
0	255	209	0.999852
0	318	288	0.999815
0	122	102	0.999929
0	427	349	0.999751
0	473	385	0.999724
1	461	338	0.999731
0	161	136	0.999906
0	416	350	0.999757
0	361	325	0.999789
1	479	370	0.99972
0	118	105	0.999931
1	169	123	0.999901
1	479	320	0.999719
1	288	176	0.999831
0	143	131	0.999916
0	148	137	0.999913
1	217	147	0.999872
1	400	276	0.999764
1	222	160	0.999869
0	388	357	0.999771
1	227	169	0.999866
0	425	357	0.999749
1	391	265	0.999769
0	435	375	0.999743
1	457	348	0.99973
1	203	152	0.99988
1	450	314	0.999734
0	267	227	0.999842
0	250	215	0.999852
0	402	331	0.999762
1	260	191	0.999846
1	457	333	0.999729
0	209	182	0.999876
1	249	181	0.999852
1	429	313	0.999745
0	306	277	0.999818
0	304	291	0.999819
1	403	279	0.99976
0	151	137	0.99991
1	374	229	0.999777
1	409	303	0.999756
1	429	315	0.999744
0	196	165	0.999883
1	72	49	0.999957
0	333	279	0.999801
1	219	151	0.999869
1	427	269	0.999744
1	120	84	0.999928
0	210	172	0.999874
0	210	192	0.999874
1	300	200	0.99982
0	320	305	0.999808
0	445	414	0.999733
1	368	232	0.999779
1	223	161	0.999866
0	291	245	0.999825
1	414	257	0.999751
1	467	378	0.999719
0	452	377	0.999728
1	93	64	0.999944
0	78	72	0.999953
0	322	275	0.999806
1	310	221	0.999813
1	363	227	0.999781
0	333	310	0.999799
1	303	237	0.999817
0	149	127	0.99991
0	225	219	0.999864
0	430	398	0.99974
1	390	270	0.999764
1	299	199	0.999819
1	413	324	0.99975
1	469	297	0.999716
0	132	127	0.99992
1	358	241	0.999783
0	353	320	0.999786
0	94	86	0.999943
1	305	202	0.999815
0	239	235	0.999855
0	285	273	0.999827
1	84	62	0.999949
0	382	368	0.999768
0	377	310	0.999771
0	158	128	0.999904
0	306	286	0.999814
1	250	173	0.999848
0	424	375	0.999742
1	327	231	0.999801
1	409	257	0.999751
0	358	301	0.999782
0	412	351	0.999749
1	374	229	0.999772
0	275	243	0.999832
0	278	245	0.99983
0	345	293	0.999789
0	188	171	0.999885
1	412	303	0.999748
0	304	279	0.999814
0	263	252	0.999839
1	446	290	0.999727
1	374	274	0.999771
1	93	64	0.999943
1	390	311	0.999761
1	427	310	0.999738
0	171	149	0.999895
1	456	310	0.99972
0	407	406	0.99975
1	83	62	0.999949
0	250	210	0.999846
0	396	347	0.999756
1	274	191	0.999831
1	441	280	0.999728
1	327	219	0.999798
0	424	344	0.999738
0	398	324	0.999754
0	412	343	0.999745
0	121	120	0.999925
1	400	253	0.999752
0	453	398	0.999719
0	436	389	0.999729
1	431	269	0.999732
1	368	255	0.999771
0	143	134	0.999911
1	437	302	0.999728
0	289	251	0.99982
0	422	419	0.999737
1	308	195	0.999808
1	364	237	0.999773
1	253	166	0.999842
1	397	286	0.999752
0	155	142	0.999903
1	449	326	0.999719
1	345	242	0.999784
0	367	297	0.99977
1	394	305	0.999753
1	392	304	0.999754
1	180	134	0.999887
0	180	171	0.999887
1	336	232	0.999789
1	407	327	0.999744
1	240	193	0.999849
0	327	290	0.999794
1	427	323	0.999731
1	279	224	0.999824
0	339	328	0.999786
0	399	345	0.999748
0	182	165	0.999885
1	438	304	0.999723
0	128	105	0.999919
1	395	243	0.99975
0	423	373	0.999732
1	303	221	0.999808
0	273	261	0.999827
1	224	137	0.999858
0	156	139	0.999901
1	107	71	0.999932
1	401	275	0.999745
1	412	312	0.999738
1	445	348	0.999717
1	308	205	0.999804
0	413	345	0.999737
1	281	183	0.999821
1	127	78	0.999919
1	414	332	0.999736
0	373	347	0.999762
0	293	286	0.999813
0	421	394	0.999731
1	97	68	0.999938
0	305	295	0.999805
0	369	312	0.999764
0	372	351	0.999762
1	164	110	0.999895
1	373	251	0.999761
1	209	128	0.999866
0	120	101	0.999923
1	399	290	0.999744
1	282	205	0.999819
1	444	337	0.999715
0	397	396	0.999745
1	412	290	0.999735
1	188	138	0.999879
1	421	283	0.999729
1	433	331	0.999721
0	225	215	0.999855
1	262	173	0.999831
0	203	198	0.999869
0	420	384	0.999729
0	133	116	0.999914
1	85	67	0.999945
1	312	220	0.999798
1	210	165	0.999864
0	247	201	0.99984
1	284	183	0.999816
0	404	338	0.999738
1	205	141	0.999867
1	205	148	0.999867
0	348	293	0.999774
0	337	276	0.999781
0	403	341	0.999738
1	384	240	0.99975
0	198	166	0.999871
0	431	409	0.999719
1	259	205	0.999831
1	213	171	0.999861
0	216	208	0.999859
0	326	294	0.999787
0	202	191	0.999868
1	52	40	0.999966
1	376	233	0.999754
0	252	226	0.999835
0	435	381	0.999715
0	183	176	0.99988
0	433	352	0.999716
1	96	68	0.999937
1	341	213	0.999776
1	400	319	0.999737
1	342	268	0.999775
1	380	287	0.99975
0	272	241	0.999821
0	120	112	0.999921
1	322	212	0.999788
1	170	123	0.999888
0	352	333	0.999768
0	288	236	0.99981
0	294	290	0.999806
1	389	275	0.999743
0	339	278	0.999776
1	431	287	0.999715
0	372	308	0.999754
0	127	126	0.999916
0	313	255	0.999793
0	311	290	0.999794
1	237	151	0.999843
1	314	238	0.999792
1	356	218	0.999764
1	356	234	0.999764
1	268	166	0.999822
0	161	156	0.999893
0	400	368	0.999734
0	227	185	0.999849
1	284	178	0.999811
1	326	214	0.999783
1	306	197	0.999796
0	309	257	0.999794
0	333	289	0.999778
1	375	266	0.99975
0	268	253	0.999821
0	341	281	0.999772
1	338	251	0.999774
1	221	150	0.999852
0	218	178	0.999854
1	321	253	0.999785
0	97	83	0.999935
1	331	224	0.999778
0	219	206	0.999853
0	204	169	0.999863
1	411	286	0.999724
0	387	341	0.99974
1	309	247	0.999792
1	202	134	0.999864
1	98	68	0.999934
1	374	283	0.999748
0	405	334	0.999727
1	402	321	0.999729
1	295	225	0.999801
0	360	355	0.999757
1	317	219	0.999786
1	394	295	0.999734
1	308	232	0.999792
1	407	295	0.999725
1	244	195	0.999835
1	368	268	0.999751
1	350	279	0.999763
0	307	299	0.999792
1	143	87	0.999903
0	333	295	0.999774
1	237	181	0.999839
1	298	224	0.999797
1	179	113	0.999878
0	277	241	0.999811
0	391	357	0.999733
1	161	99	0.99989
0	363	345	0.999752
1	278	174	0.99981
0	348	314	0.999762
0	415	349	0.999716
0	162	150	0.999889
0	356	349	0.999756
1	386	283	0.999735
1	351	224	0.999759
1	358	244	0.999754
1	413	272	0.999716
1	407	325	0.99972
1	186	126	0.999872
1	369	265	0.999746
1	411	261	0.999717
0	316	287	0.999782
1	242	185	0.999833
1	142	96	0.999902
0	326	298	0.999775
0	326	269	0.999775
1	333	204	0.99977
1	260	203	0.99982
1	287	218	0.999801
1	310	211	0.999785
0	334	279	0.999768
0	95	93	0.999934
0	344	287	0.999761
1	367	241	0.999745
1	105	65	0.999927
1	352	249	0.999755
0	293	277	0.999796
0	336	277	0.999766
0	369	355	0.999743
1	343	220	0.999761
1	251	200	0.999825
1	139	90	0.999903
0	315	284	0.99978
1	408	263	0.999715
1	312	233	0.999782
1	123	93	0.999914
0	163	151	0.999886
1	353	233	0.999753
0	300	283	0.99979
0	274	260	0.999808
0	164	145	0.999885
1	298	206	0.999791
1	211	154	0.999852
0	372	345	0.999739
0	272	230	0.999809
0	272	266	0.999809
1	252	199	0.999823
1	232	184	0.999837
1	330	211	0.999768
0	364	340	0.999744
0	370	333	0.999739
1	126	98	0.999911
0	303	283	0.999786
1	286	208	0.999798
0	352	305	0.999751
1	380	287	0.999731
1	230	175	0.999837
0	323	315	0.999771
0	323	315	0.999771
1	313	215	0.999778
0	290	286	0.999794
0	343	341	0.999756
0	333	275	0.999763
0	351	328	0.99975
1	174	121	0.999876
1	334	223	0.999762
0	331	274	0.999764
0	321	308	0.999771
0	248	242	0.999823
0	318	317	0.999773
0	172	144	0.999877
0	372	306	0.999734
0	116	113	0.999917
0	292	252	0.999791
1	155	108	0.999889
0	194	190	0.999861
1	127	92	0.999909
1	265	178	0.99981
0	149	132	0.999893
0	128	121	0.999908
1	327	203	0.999765
1	50	34	0.999964
0	307	277	0.999779
0	75	62	0.999946
1	250	167	0.99982
1	325	199	0.999766
0	193	173	0.999861
1	236	169	0.99983
1	340	240	0.999755
0	333	304	0.99976
1	387	253	0.999721
1	380	233	0.999726
1	391	280	0.999718
0	177	165	0.999872
1	340	267	0.999754
0	276	270	0.9998
0	345	335	0.99975
1	309	236	0.999776
0	291	249	0.999789
0	317	261	0.99977
1	365	243	0.999735
1	179	125	0.99987
1	274	199	0.999801
0	66	57	0.999952
1	198	136	0.999856
1	291	180	0.999788
1	328	247	0.999761
0	229	195	0.999833
1	237	160	0.999827
0	326	306	0.999762
0	145	131	0.999894
1	324	225	0.999763
0	209	193	0.999847
1	321	195	0.999765
0	322	266	0.999764
0	195	179	0.999857
1	384	250	0.999718
0	381	377	0.99972
0	272	227	0.9998
1	383	283	0.999718
0	156	151	0.999885
1	305	193	0.999775
1	360	236	0.999734
1	383	278	0.999717
1	272	177	0.999799
1	369	239	0.999727
0	300	292	0.999778
0	324	264	0.99976
0	355	347	0.999737
0	275	254	0.999796
0	368	360	0.999727
1	280	205	0.999792
1	144	107	0.999893
1	196	122	0.999854
1	118	79	0.999912
0	221	213	0.999835
1	364	278	0.999728
0	285	253	0.999787
0	198	160	0.999852
0	175	171	0.999869
0	280	242	0.99979
0	329	264	0.999753
1	225	143	0.999831
0	286	260	0.999785
1	355	221	0.999733
0	352	334	0.999735
0	332	317	0.99975
1	288	181	0.999783
0	252	242	0.99981
0	224	184	0.999831
0	277	245	0.999791
1	306	220	0.999769
1	250	199	0.999811
1	275	200	0.999792
1	353	243	0.999733
0	354	333	0.999732
1	223	158	0.999831
1	91	63	0.999931
1	352	233	0.999733
0	373	314	0.999717
0	204	198	0.999845
0	242	212	0.999816
1	184	140	0.99986
1	243	161	0.999815
0	109	92	0.999917
1	285	186	0.999783
0	239	202	0.999818
1	361	285	0.999725
0	177	161	0.999865
1	182	133	0.999861
0	178	162	0.999864
1	191	117	0.999854
0	289	250	0.999779
1	311	202	0.999762
0	299	291	0.999771
1	309	234	0.999763
1	305	216	0.999766
0	318	283	0.999756
0	250	209	0.999808
1	220	154	0.999831
1	177	128	0.999864
1	342	221	0.999737
0	338	327	0.99974
0	275	226	0.999788
1	313	238	0.999758
1	239	154	0.999815
0	359	293	0.999722
0	293	247	0.999773
1	143	109	0.999889
1	295	193	0.999771
0	282	255	0.999781
0	293	279	0.999772
0	248	228	0.999807
0	316	308	0.999754
1	208	153	0.999838
0	322	262	0.999749
0	364	336	0.999716
0	155	124	0.999879
0	114	107	0.999911
0	146	131	0.999886
1	306	187	0.999761
0	55	48	0.999957
1	252	197	0.999803
1	286	226	0.999776
0	300	277	0.999765
0	134	114	0.999895
1	315	214	0.999753
0	241	206	0.999811
0	255	243	0.9998
0	331	270	0.99974
1	331	233	0.99974
1	159	114	0.999875
0	159	155	0.999875
1	296	197	0.999767
1	226	157	0.999822
1	330	242	0.99974
1	137	102	0.999892
1	71	56	0.999944
0	133	112	0.999895
1	271	166	0.999786
0	148	130	0.999883
0	234	218	0.999815
0	129	108	0.999898
0	264	230	0.999791
1	212	138	0.999832
1	241	190	0.999809
0	352	286	0.999721
1	208	131	0.999835
0	228	183	0.999819
1	199	137	0.999842
0	301	239	0.999761
1	214	151	0.99983
1	292	181	0.999768
0	239	193	0.99981
0	317	274	0.999748
0	249	213	0.999802
1	269	212	0.999786
1	260	199	0.999793
0	310	289	0.999753
0	262	255	0.999791
0	259	220	0.999793
1	319	196	0.999745
1	324	199	0.999741
1	95	74	0.999924
1	285	220	0.999772
1	302	186	0.999758
0	323	289	0.999741
0	192	183	0.999846
1	86	55	0.999931
1	248	163	0.999801
0	238	221	0.999809
0	208	166	0.999833
1	123	89	0.999901
0	164	143	0.999868
0	279	227	0.999775
1	305	208	0.999754
0	270	239	0.999782
0	213	172	0.999828
0	255	230	0.999794
0	333	294	0.999731
1	241	173	0.999805
1	299	212	0.999758
1	147	116	0.999881
0	168	166	0.999864
0	237	197	0.999808
0	153	143	0.999876
1	285	178	0.999769
1	217	145	0.999824
1	223	150	0.999819
0	292	252	0.999763
1	315	220	0.999744
1	347	271	0.999718
1	150	112	0.999878
1	247	172	0.999799
0	146	119	0.999881
0	315	256	0.999743
0	305	301	0.999751
1	279	216	0.999772
0	318	305	0.99974
1	127	93	0.999896
0	304	280	0.999751
0	288	281	0.999764
1	111	73	0.999909
0	344	342	0.999718
1	273	183	0.999776
0	341	326	0.99972
0	180	172	0.999852
1	344	258	0.999717
1	210	146	0.999827
0	137	135	0.999887
1	286	200	0.999764
0	286	274	0.999764
1	149	96	0.999877
0	321	264	0.999735
1	230	158	0.99981
0	254	251	0.99979
0	128	102	0.999894
0	129	128	0.999893
0	299	237	0.999752
0	182	148	0.999849
0	53	49	0.999956
1	277	176	0.99977
0	124	103	0.999897
0	148	146	0.999877
1	255	163	0.999788
1	335	255	0.999721
0	341	295	0.999716
1	307	213	0.999744
1	293	218	0.999755
1	136	101	0.999886
1	201	127	0.999831
0	63	55	0.999947
0	334	275	0.999719
1	324	212	0.999727
1	261	198	0.99978
0	134	115	0.999887
0	173	170	0.999854
0	251	239	0.999788
0	240	239	0.999797
0	228	222	0.999807
0	228	197	0.999807
0	202	190	0.999829
0	85	79	0.999928
0	112	107	0.999905
0	317	267	0.999731
1	212	141	0.99982
1	232	148	0.999803
0	266	242	0.999774
0	273	271	0.999768
1	327	251	0.999722
1	274	210	0.999767
1	141	104	0.99988
0	302	297	0.999743
0	331	289	0.999717
1	181	136	0.999845
0	216	178	0.999815
1	142	112	0.999878
0	213	198	0.999817
0	114	100	0.999902
1	328	226	0.999718
1	165	110	0.999858
1	244	166	0.99979
0	280	263	0.999759
1	137	84	0.999882
0	101	98	0.999913
1	212	140	0.999817
0	330	282	0.999715
1	317	239	0.999726
0	295	240	0.999745
0	327	284	0.999717
1	203	127	0.999824
1	158	124	0.999863
0	256	205	0.999778
1	279	179	0.999758
0	328	284	0.999715
0	168	157	0.999854
0	298	254	0.999741
0	306	303	0.999734
0	192	155	0.999833
0	123	110	0.999893
1	166	113	0.999855
0	247	207	0.999784
1	242	174	0.999788
0	219	212	0.999808
1	116	85	0.999898
0	183	145	0.999839
1	200	154	0.999824
0	272	259	0.99976
1	138	108	0.999878
1	191	146	0.999831
0	165	134	0.999854
1	304	205	0.999731
1	174	122	0.999846
1	253	194	0.999776
1	166	118	0.999853
1	88	55	0.999922
0	290	280	0.999743
0	133	111	0.999882
0	151	129	0.999866
1	249	184	0.999779
1	276	188	0.999755
0	303	282	0.999731
1	134	98	0.999881
1	188	142	0.999833
0	171	145	0.999848
1	190	142	0.999831
0	236	226	0.99979
1	309	222	0.999725
1	155	111	0.999862
0	166	140	0.999852
1	194	123	0.999827
0	159	144	0.999858
1	312	202	0.999721
0	265	249	0.999763
1	315	203	0.999718
0	211	180	0.999811
0	240	223	0.999785
1	318	230	0.999715
0	283	237	0.999746
1	265	172	0.999762
0	314	293	0.999718
1	207	127	0.999814
1	219	157	0.999803
1	120	83	0.999892
1	301	186	0.999729
0	283	255	0.999745
0	152	122	0.999863
0	203	163	0.999817
1	276	215	0.999751
1	289	176	0.999739
1	104	78	0.999906
1	250	171	0.999774
0	272	247	0.999754
1	116	83	0.999895
1	222	165	0.999799
0	235	225	0.999787
0	268	246	0.999757
1	215	132	0.999805
0	151	145	0.999863
1	313	206	0.999716
1	98	60	0.999911
1	165	114	0.99985
0	100	96	0.999909
0	311	254	0.999717
0	67	63	0.999939
1	146	110	0.999867
0	231	184	0.999789
0	277	255	0.999746
0	217	209	0.999801
1	134	84	0.999877
0	305	282	0.99972
0	293	283	0.999731
0	98	84	0.99991
1	222	161	0.999796
0	124	115	0.999886
0	277	254	0.999745
0	155	146	0.999857
0	221	198	0.999796
0	170	141	0.999843
0	171	143	0.999842
1	158	106	0.999854
0	225	200	0.999792
1	162	119	0.99985
0	203	160	0.999812
0	299	236	0.999723
0	287	238	0.999734
0	233	224	0.999784
0	181	160	0.999832
0	266	214	0.999753
1	240	151	0.999777
0	226	194	0.99979
1	229	157	0.999787
0	288	269	0.999732
1	189	141	0.999824
0	59	48	0.999945
0	148	143	0.999862
0	148	147	0.999862
1	269	185	0.999749
0	92	89	0.999914
1	292	212	0.999727
1	293	185	0.999726
0	63	59	0.999941
0	294	290	0.999724
0	232	213	0.999782
0	51	50	0.999952
1	198	123	0.999813
1	278	199	0.999737
1	286	184	0.999729
1	268	205	0.999746
1	253	156	0.99976
0	216	196	0.999795
1	236	183	0.999776
0	200	158	0.99981
1	289	226	0.999725
1	166	112	0.999842
1	166	128	0.999842
1	208	137	0.999802
1	294	222	0.99972
1	150	98	0.999857
0	111	98	0.999894
0	252	227	0.999759
1	116	88	0.999889
1	119	84	0.999886
0	72	67	0.999931
0	266	263	0.999745
0	293	235	0.999719
0	250	205	0.99976
1	277	197	0.999734
0	184	163	0.999823
1	295	192	0.999716
0	272	243	0.999738
0	245	228	0.999764
1	172	123	0.999834
1	88	61	0.999915
1	207	130	0.9998
0	214	190	0.999793
1	279	204	0.99973
1	195	153	0.999811
0	275	227	0.999733
0	186	173	0.999819
1	152	103	0.999852
1	115	81	0.999888
1	84	55	0.999918
0	215	169	0.99979
1	266	191	0.99974
0	231	207	0.999774
0	282	267	0.999724
0	97	88	0.999905
1	170	118	0.999833
1	228	168	0.999776
1	246	159	0.999758
1	126	86	0.999876
1	255	158	0.999749
1	65	51	0.999936
1	65	43	0.999936
0	229	205	0.999774
1	212	141	0.99979
0	275	270	0.999727
0	161	157	0.99984
0	193	167	0.999808
1	231	156	0.99977
0	237	200	0.999764
0	62	50	0.999938
1	127	79	0.999873
0	153	151	0.999847
0	164	139	0.999836
1	176	110	0.999824
0	177	157	0.999823
1	194	123	0.999806
1	205	140	0.999795
0	225	212	0.999775
0	282	268	0.999718
0	282	232	0.999717
0	275	248	0.999724
0	260	221	0.999739
1	233	171	0.999766
0	204	186	0.999795
1	175	136	0.999824
1	139	105	0.99986
0	264	225	0.999734
0	253	251	0.999745
1	247	162	0.999751
1	242	183	0.999756
0	218	172	0.99978
1	187	120	0.999811
1	270	206	0.999727
1	88	59	0.999911
1	86	57	0.999913
0	230	186	0.999767
1	173	133	0.999824
1	113	72	0.999885
0	148	144	0.999849
1	147	95	0.99985
1	219	147	0.999776
1	263	204	0.999731
1	209	130	0.999786
0	77	63	0.999921
1	188	129	0.999807
0	110	95	0.999887
1	104	76	0.999893
0	271	215	0.999721
0	271	258	0.999721
0	199	177	0.999795
0	229	201	0.999764
1	260	160	0.999732
1	156	95	0.999839
0	246	196	0.999746
1	140	97	0.999855
1	167	119	0.999827
1	109	74	0.999887
0	244	201	0.999747
1	233	147	0.999758
0	253	201	0.999737
1	125	87	0.99987
0	219	204	0.999772
1	238	166	0.999752
0	142	126	0.999852
0	164	163	0.999829
1	139	86	0.999855
1	201	125	0.99979
0	242	209	0.999747
0	174	165	0.999818
0	236	207	0.999753
1	251	173	0.999737
0	267	252	0.99972
1	259	197	0.999728
1	256	156	0.999731
0	215	186	0.999774
1	194	138	0.999796
0	211	172	0.999778
1	265	168	0.999721
0	187	177	0.999803
0	240	236	0.999747
1	55	36	0.999942
0	216	204	0.999772
1	158	121	0.999833
1	157	98	0.999834
1	152	117	0.999839
0	214	185	0.999773
1	215	144	0.999771
0	122	119	0.99987
0	91	73	0.999903
1	257	179	0.999726
0	211	186	0.999775
0	58	54	0.999938
1	174	136	0.999814
0	200	181	0.999786
1	142	87	0.999848
1	155	107	0.999834
1	192	143	0.999794
0	260	218	0.999721
1	130	87	0.99986
1	212	147	0.999771
1	131	83	0.999858
1	247	177	0.999732
0	197	185	0.999786
0	195	193	0.999788
1	79	51	0.999914
0	112	100	0.999878
1	245	177	0.999733
0	220	201	0.99976
0	75	74	0.999918
1	223	138	0.999756
0	125	121	0.999863
0	166	160	0.999818
1	169	107	0.999814
0	226	211	0.999751
1	104	70	0.999885
0	166	165	0.999816
0	219	184	0.999757
0	228	217	0.999747
0	225	218	0.99975
1	116	85	0.999871
1	213	138	0.999763
0	106	90	0.999882
1	70	46	0.999922
0	192	168	0.999786
0	130	126	0.999855
1	137	91	0.999847
1	94	67	0.999895
1	236	181	0.999736
1	175	118	0.999804
1	189	117	0.999788
0	197	190	0.999779
1	201	156	0.999774
1	72	54	0.999919
1	159	114	0.999821
0	206	196	0.999768
0	220	199	0.999752
0	220	208	0.999751
0	211	168	0.999761
0	193	172	0.999781
0	222	175	0.999748
0	228	189	0.999741
1	159	108	0.999819
0	130	110	0.999852
0	231	210	0.999737
1	100	70	0.999886
1	121	81	0.999862
0	178	163	0.999797
1	120	75	0.999863
1	148	90	0.999831
1	203	145	0.999768
0	210	197	0.99976
0	160	148	0.999817
1	55	41	0.999937
1	220	153	0.999748
0	96	90	0.99989
0	237	199	0.999728
0	207	195	0.999762
0	216	191	0.999751
1	97	66	0.999888
0	57	45	0.999934
0	233	198	0.99973
1	173	131	0.999799
1	172	111	0.9998
0	197	158	0.99977
0	185	179	0.999784
0	113	90	0.999868
0	71	58	0.999917
0	201	194	0.999765
1	205	139	0.99976
1	105	71	0.999877
0	175	165	0.999795
1	99	64	0.999884
1	219	168	0.999743
0	170	137	0.9998
0	241	216	0.999716
1	67	48	0.999921
0	162	145	0.999809
0	127	115	0.99985
0	229	225	0.999729
1	216	133	0.999744
1	225	166	0.999733
0	208	180	0.999753
0	236	209	0.999719
0	188	163	0.999776
1	219	153	0.999739
1	134	96	0.99984
0	144	140	0.999828
1	178	116	0.999787
0	201	193	0.999759
0	135	126	0.999838
0	190	164	0.999772
1	183	120	0.99978
0	222	199	0.999733
0	157	152	0.999811
1	130	93	0.999843
0	101	94	0.999878
1	108	75	0.999869
0	202	174	0.999755
1	230	151	0.999721
0	51	45	0.999938
0	216	181	0.999737
1	192	149	0.999766
1	221	136	0.99973
0	116	98	0.999858
0	232	219	0.999716
1	165	110	0.999798
0	227	217	0.999722
0	181	142	0.999778
1	132	102	0.999838
0	148	134	0.999818
0	210	171	0.999741
1	158	121	0.999805
1	173	106	0.999786
0	80	79	0.999901
1	186	141	0.999769
1	159	112	0.999802
0	225	224	0.999719
0	136	134	0.99983
1	204	151	0.999745
1	74	55	0.999907
0	74	61	0.999907
1	148	100	0.999814
1	206	127	0.999741
1	201	130	0.999747
1	162	103	0.999796
1	100	67	0.999874
0	165	145	0.999792
0	130	115	0.999836
0	206	174	0.99974
0	221	192	0.999721
1	117	76	0.999852
0	154	138	0.999804
1	203	125	0.999741
0	137	111	0.999825
1	180	120	0.99977
1	193	141	0.999753
0	131	116	0.999832
0	99	88	0.999873
1	219	165	0.999719
0	185	173	0.999762
1	150	104	0.999807
1	177	119	0.999772
1	145	89	0.999813
0	166	144	0.999785
1	211	164	0.999726
1	87	60	0.999887
1	207	159	0.999731
1	175	124	0.999772
0	208	174	0.999729
1	198	122	0.999742
0	211	166	0.999725
1	181	124	0.999764
1	92	68	0.99988
0	87	76	0.999886
0	151	144	0.999802
0	198	162	0.99974
1	194	120	0.999745
0	177	150	0.999767
1	142	91	0.999813
0	164	135	0.999784
0	204	190	0.999731
0	207	178	0.999727
1	188	134	0.999751
0	131	122	0.999826
0	140	118	0.999813
0	101	93	0.999865
0	59	53	0.999921
1	115	80	0.999846
1	117	89	0.999843
1	210	156	0.999718
1	188	138	0.999747
1	60	38	0.999919
0	77	60	0.999896
1	131	81	0.999823
0	150	124	0.999797
1	130	89	0.999824
0	93	82	0.999874
0	200	164	0.999729
1	59	45	0.99992
1	56	43	0.999924
0	131	113	0.999822
0	178	159	0.999758
1	150	100	0.999796
1	136	100	0.999815
0	163	155	0.999778
0	147	123	0.999799
1	86	64	0.999882
1	178	115	0.999755
1	127	79	0.999825
1	149	106	0.999794
1	187	123	0.999741
1	192	119	0.999733
0	195	165	0.999727
0	174	141	0.999756
1	153	118	0.999785
0	199	185	0.999719
1	94	60	0.999867
0	60	51	0.999915
1	117	72	0.999834
1	114	73	0.999838
0	87	83	0.999876
0	181	145	0.999742
0	162	133	0.999769
1	185	122	0.999736
0	138	113	0.999803
1	191	121	0.999727
0	72	69	0.999897
0	144	123	0.999794
0	69	55	0.999901
0	197	156	0.999717
1	112	85	0.999839
1	196	128	0.999717
1	193	129	0.999721
1	116	86	0.999832
1	162	113	0.999765
1	164	113	0.999762
0	146	125	0.999788
1	88	67	0.999872
0	154	149	0.999776
1	154	109	0.999776
1	195	123	0.999716
1	127	92	0.999815
1	155	95	0.999774
1	113	71	0.999835
0	130	127	0.99981
0	160	135	0.999766
0	126	103	0.999815
1	162	106	0.999762
1	130	96	0.999809
0	141	123	0.999792
0	50	39	0.999926
1	174	131	0.999742
0	188	162	0.999721
1	68	47	0.999899
1	169	110	0.999749
0	140	117	0.999792
1	146	93	0.999783
1	191	144	0.999716
0	171	138	0.999745
0	173	171	0.999742
0	189	163	0.999716
1	181	127	0.999728
0	143	128	0.999785
1	189	140	0.999715
1	172	114	0.99974
0	72	67	0.999891
1	120	86	0.999818
1	87	62	0.999868
0	137	112	0.999792
0	81	77	0.999877
0	106	88	0.999839
0	135	117	0.999794
1	131	84	0.9998
1	104	73	0.999841
1	138	93	0.999789
0	161	133	0.999753
0	112	100	0.999828
0	174	166	0.999732
0	59	58	0.999909
0	68	65	0.999895
0	150	136	0.999768
0	174	172	0.99973
0	155	121	0.999759
1	155	102	0.999759
1	61	42	0.999905
1	75	52	0.999883
1	124	84	0.999806
0	74	61	0.999884
0	105	101	0.999835
0	173	139	0.999728
1	129	90	0.999797
0	113	111	0.999822
0	128	121	0.999798
1	50	31	0.999921
1	136	84	0.999784
1	142	105	0.999774
0	111	110	0.999823
0	114	98	0.999818
0	166	129	0.999735
0	119	103	0.99981
0	157	143	0.999749
0	137	130	0.99978
1	130	98	0.999791
0	120	112	0.999807
0	146	142	0.999765
1	175	115	0.999718
1	134	82	0.999783
0	74	58	0.99988
0	151	144	0.999754
0	117	111	0.999809
0	146	133	0.999761
0	86	74	0.999859
1	59	38	0.999903
1	153	118	0.999748
0	142	110	0.999766
1	117	76	0.999807
1	69	42	0.999886
1	167	121	0.999724
1	140	86	0.999768
1	129	80	0.999786
0	150	138	0.99975
0	130	110	0.999783
0	118	111	0.999803
1	73	55	0.999878
1	131	89	0.999781
0	71	70	0.999881
1	145	110	0.999757
0	167	142	0.99972
1	93	69	0.999844
1	131	85	0.99978
0	76	67	0.999872
1	99	67	0.999833
0	128	115	0.999784
0	124	123	0.99979
0	135	113	0.99977
1	142	87	0.999758
1	95	60	0.999838
0	155	148	0.999735
0	83	66	0.999858
0	97	84	0.999834
0	132	106	0.999774
1	60	44	0.999897
0	71	56	0.999878
0	130	109	0.999776
0	116	95	0.9998
1	159	110	0.999725
0	93	77	0.999839
0	98	91	0.99983
0	144	124	0.99975
1	129	98	0.999776
1	50	36	0.999913
1	93	58	0.999838
1	136	99	0.999763
1	121	89	0.999789
0	63	56	0.99989
0	79	62	0.999862
0	155	146	0.999729
0	52	51	0.999909
1	113	82	0.999802
0	61	59	0.999893
0	94	92	0.999835
1	116	84	0.999796
0	54	50	0.999905
1	138	85	0.999757
1	138	105	0.999757
0	64	55	0.999887
1	150	93	0.999735
1	73	52	0.999871
1	82	58	0.999855
0	137	127	0.999757
0	83	81	0.999852
0	134	107	0.999761
1	84	62	0.99985
0	90	82	0.999839
0	76	74	0.999864
1	140	104	0.999749
0	113	101	0.999797
0	94	84	0.999831
0	119	112	0.999786
0	55	43	0.999901
0	121	103	0.999782
0	123	109	0.999778
1	136	100	0.999754
1	111	75	0.999799
1	54	35	0.999902
0	131	108	0.999762
1	131	100	0.999762
1	84	61	0.999847
0	124	108	0.999774
0	151	133	0.999724
1	76	51	0.999861
0	123	116	0.999775
1	63	40	0.999884
1	108	80	0.999801
1	71	46	0.999869
1	151	101	0.999721
0	151	119	0.999721
0	53	52	0.999902
0	127	115	0.999765
0	147	133	0.999728
0	68	65	0.999874
1	142	108	0.999736
1	115	70	0.999786
0	140	119	0.999739
1	83	60	0.999844
0	148	123	0.999721
0	53	51	0.9999
0	80	64	0.999849
0	136	109	0.999743
1	129	98	0.999756
0	129	124	0.999755
0	103	99	0.999804
1	136	84	0.999741
1	116	76	0.999779
0	97	75	0.999815
0	54	48	0.999897
1	55	40	0.999895
0	124	119	0.999763
1	119	80	0.999772
1	60	44	0.999885
0	134	113	0.999743
1	122	85	0.999766
1	53	37	0.999898
0	68	59	0.999869
1	103	74	0.999801
1	77	53	0.999851
0	125	97	0.999757
1	82	54	0.99984
0	83	77	0.999838
1	114	80	0.999777
0	123	116	0.999759
0	51	41	0.9999
0	108	95	0.999788
1	90	63	0.999823
0	81	79	0.99984
1	138	97	0.999727
1	124	94	0.999754
0	58	57	0.999884
0	129	107	0.999742
1	136	90	0.999728
0	138	126	0.999723
1	126	79	0.999747
0	109	89	0.999781
0	97	77	0.999804
0	134	109	0.999729
0	113	110	0.999771
0	119	99	0.999758
0	75	63	0.999847
0	74	59	0.999849
0	79	61	0.999838
1	79	49	0.999838
0	96	92	0.999803
0	107	95	0.99978
0	66	55	0.999863
0	132	108	0.999726
0	130	115	0.99973
1	107	69	0.999777
0	101	98	0.999789
1	76	55	0.999841
1	123	88	0.999742
0	120	111	0.999748
0	119	114	0.99975
0	99	90	0.999792
0	108	104	0.999773
0	118	98	0.999751
1	106	71	0.999776
1	88	66	0.999814
0	70	54	0.999852
1	105	68	0.999778
0	106	83	0.999775
0	75	61	0.99984
1	105	75	0.999776
1	98	61	0.99979
1	96	66	0.999794
0	75	63	0.999839
1	78	51	0.999832
0	110	98	0.999763
1	95	68	0.999795
0	104	92	0.999775
1	120	87	0.99974
1	100	71	0.999783
0	76	75	0.999835
0	87	73	0.999811
0	103	101	0.999776
1	53	35	0.999884
0	78	77	0.999829
0	124	111	0.999726
0	104	84	0.99977
0	65	59	0.999856
0	86	71	0.999808
1	55	42	0.999877
1	88	55	0.999803
1	58	42	0.99987
0	122	114	0.999726
0	81	69	0.999818
0	107	88	0.999759
0	115	96	0.99974
1	109	80	0.999753
1	50	36	0.999886
1	84	58	0.999808
0	109	95	0.99975
1	109	71	0.99975
1	100	61	0.99977
0	110	105	0.999747
0	66	56	0.999848
1	107	69	0.999753
1	122	81	0.999718
0	90	78	0.999791
0	115	109	0.999732
0	105	104	0.999755
0	103	101	0.999759
0	73	61	0.999829
0	108	96	0.999747
0	87	84	0.999795
0	95	74	0.999775
0	86	76	0.999796
0	114	95	0.999729
1	100	73	0.999761
0	81	74	0.999806
1	79	60	0.99981
1	54	33	0.99987
1	95	66	0.99977
0	87	67	0.999788
1	102	70	0.999751
0	83	68	0.999797
1	72	51	0.999823
0	102	93	0.999749
0	60	48	0.999852
0	60	55	0.999852
1	100	66	0.999753
1	82	50	0.999797
1	82	50	0.999797
0	96	91	0.999762
0	52	49	0.999871
1	112	72	0.999721
1	59	37	0.999853
0	72	71	0.99982
1	92	60	0.99977
0	104	86	0.99974
1	101	70	0.999747
0	62	61	0.999844
0	78	66	0.999802
1	51	33	0.99987
0	111	107	0.999717
1	82	56	0.99979
0	76	67	0.999804
1	93	69	0.99976
0	79	69	0.999796
1	101	76	0.999739
1	77	50	0.999801
0	80	71	0.999793
0	71	60	0.999816
0	103	94	0.999732
0	103	89	0.999732
0	104	87	0.999729
1	83	59	0.999783
0	78	67	0.999796
0	90	85	0.999764
0	75	67	0.999803
0	105	82	0.999724
1	50	37	0.999868
1	106	79	0.999719
0	96	82	0.999744
0	64	54	0.999829
1	71	53	0.99981
0	74	59	0.999801
0	90	75	0.999757
0	73	69	0.999802
0	74	59	0.999799
0	58	51	0.999842
0	73	70	0.999801
0	81	75	0.999778
1	102	64	0.99972
0	68	61	0.999813
1	92	56	0.999747
1	87	64	0.999758
1	76	55	0.999788
1	75	48	0.999789
0	70	55	0.999803
1	87	54	0.999755
1	99	74	0.999721
1	61	38	0.999828
0	51	44	0.999856
1	89	66	0.999748
0	74	60	0.99979
0	89	72	0.999747
0	78	60	0.999776
1	79	49	0.999773
0	78	75	0.999775
1	50	37	0.999853
0	84	78	0.999753
1	83	55	0.999754
0	92	90	0.999727
0	58	50	0.999827
0	94	81	0.999717
0	87	69	0.999738
0	84	69	0.999746
1	79	58	0.999761
0	92	73	0.999718
0	91	84	0.999721
0	91	76	0.99972
1	75	46	0.999764
1	88	67	0.999719
0	61	58	0.999805
1	52	36	0.999832
0	65	53	0.999789
1	85	52	0.999723
0	83	80	0.999729
0	64	56	0.99979
1	53	34	0.999824
1	68	48	0.999774
1	74	55	0.999754
0	78	74	0.99974
0	78	62	0.999739
0	73	65	0.999755
0	78	70	0.999736
1	82	58	0.999719
0	53	42	0.999818
1	53	40	0.999817
1	76	48	0.999735
0	72	62	0.999748
1	61	40	0.999786
1	80	61	0.999719
1	71	52	0.999748
1	61	45	0.999781
0	67	59	0.999758
0	62	58	0.999775
1	73	48	0.999735
0	70	57	0.999745
0	69	68	0.999748
0	51	48	0.999813
0	70	60	0.999743
0	70	61	0.999743
0	64	60	0.999763
0	70	69	0.999739
1	71	48	0.999735
1	68	48	0.999742
1	69	50	0.999733
0	64	63	0.999751
0	58	46	0.999774
0	55	51	0.999785
1	68	49	0.999734
1	55	41	0.999784
1	56	38	0.999779
1	56	40	0.999778
1	61	44	0.999755
0	67	54	0.999726
1	61	43	0.999749
0	66	52	0.999723
0	50	46	0.999786
1	60	37	0.999743
0	51	47	0.999776
0	51	44	0.999775
0	53	43	0.999766
0	56	46	0.999745
0	52	45	0.999759
1	55	41	0.999742
1	53	40	0.999751
0	52	41	0.999752
0	53	52	0.999736
1	53	37	0.999735
0	53	48	0.999734
0	54	43	0.999717
0	51	40	0.99972
1	50	35	0.999724
