139880
9.70433
4000
1	338	333	1
1	464	435	1
1	470	387	1
1	82	80	1
1	339	222	1
1	77	50	1
1	429	427	0.999999
1	390	285	0.999999
1	348	318	0.999999
1	343	322	0.999999
1	307	276	0.999999
1	282	223	0.999999
1	261	163	0.999999
1	248	165	0.999999
1	495	386	0.999998
1	233	213	0.999999
1	230	161	0.999999
1	437	434	0.999998
1	435	304	0.999998
1	410	251	0.999998
0	409	408	0.999998
1	388	279	0.999998
1	184	143	0.999999
1	359	263	0.999998
1	317	196	0.999998
1	453	393	0.999997
1	441	418	0.999997
1	279	228	0.999998
1	406	273	0.999997
1	270	207	0.999998
1	134	85	0.999999
1	489	446	0.999996
1	357	321	0.999997
1	355	226	0.999997
1	115	72	0.999999
1	227	221	0.999998
1	334	219	0.999997
1	324	312	0.999997
1	294	258	0.999997
1	382	360	0.999996
1	371	329	0.999996
1	359	321	0.999996
1	350	253	0.999996
1	419	394	0.999995
1	83	55	0.999999
1	329	256	0.999996
1	246	174	0.999997
1	405	399	0.999995
1	475	367	0.999994
1	157	141	0.999998
1	469	390	0.999994
1	227	166	0.999997
1	374	287	0.999995
1	495	356	0.999993
1	351	228	0.999995
1	415	405	0.999994
1	273	253	0.999996
1	200	135	0.999997
1	331	297	0.999995
1	132	93	0.999998
1	396	387	0.999994
1	452	325	0.999993
1	437	269	0.999993
1	499	315	0.999992
1	433	419	0.999993
1	304	267	0.999995
1	121	78	0.999998
1	299	283	0.999995
1	476	405	0.999992
1	292	263	0.999995
1	464	395	0.999992
1	439	416	0.999992
1	274	253	0.999995
1	383	303	0.999993
0	271	269	0.999995
1	485	458	0.999991
1	159	139	0.999997
1	370	302	0.999993
1	262	224	0.999995
1	209	199	0.999996
1	104	66	0.999998
1	154	141	0.999997
1	395	322	0.999992
1	488	434	0.99999
1	143	89	0.999997
1	237	209	0.999995
1	473	303	0.99999
1	416	380	0.999991
1	273	165	0.999994
1	364	302	0.999992
1	90	59	0.999998
1	495	368	0.999989
1	487	329	0.999989
1	177	165	0.999996
1	308	267	0.999993
1	263	232	0.999994
1	349	336	0.999992
1	174	105	0.999996
1	430	325	0.99999
1	342	241	0.999992
1	254	157	0.999994
1	295	255	0.999993
1	420	358	0.99999
1	209	130	0.999995
1	418	262	0.99999
1	167	161	0.999996
1	250	191	0.999994
1	373	274	0.999991
1	289	205	0.999993
0	454	447	0.999989
1	366	260	0.999991
1	404	299	0.99999
1	161	154	0.999996
1	402	311	0.99999
1	469	457	0.999988
1	309	265	0.999992
1	193	160	0.999995
1	500	381	0.999987
1	192	136	0.999995
1	459	369	0.999988
1	223	214	0.999994
1	445	350	0.999988
1	388	339	0.999989
1	488	447	0.999986
1	345	323	0.99999
1	306	294	0.999991
1	406	262	0.999988
1	168	142	0.999995
1	399	306	0.999988
1	299	277	0.999991
1	329	210	0.99999
1	194	190	0.999994
1	420	404	0.999987
1	447	281	0.999986
1	478	430	0.999985
1	222	134	0.999993
1	443	433	0.999986
1	406	328	0.999987
1	342	274	0.999989
1	461	314	0.999985
1	244	230	0.999992
1	243	193	0.999992
1	455	277	0.999985
1	485	359	0.999984
1	424	271	0.999986
1	211	154	0.999993
1	298	224	0.99999
1	355	316	0.999988
1	497	436	0.999983
1	436	338	0.999985
1	436	345	0.999985
1	402	249	0.999986
1	373	334	0.999987
1	313	250	0.999989
1	396	365	0.999986
1	363	343	0.999987
1	472	370	0.999983
1	328	227	0.999988
1	216	203	0.999992
1	403	360	0.999985
1	375	235	0.999986
1	214	156	0.999992
1	320	214	0.999988
1	477	445	0.999982
1	370	301	0.999986
1	444	301	0.999983
1	469	335	0.999982
1	104	93	0.999996
1	234	187	0.999991
1	467	451	0.999982
1	465	448	0.999982
1	387	237	0.999985
1	489	453	0.999981
1	407	281	0.999984
1	152	134	0.999994
1	228	208	0.999991
1	277	250	0.999989
1	277	188	0.999989
1	449	358	0.999982
1	468	411	0.999981
1	172	150	0.999993
0	393	389	0.999984
1	440	271	0.999982
1	217	131	0.999991
1	286	197	0.999988
1	428	383	0.999982
1	306	272	0.999987
1	445	376	0.999981
1	398	371	0.999983
1	444	280	0.999981
1	210	163	0.999991
1	465	282	0.99998
1	438	286	0.999981
1	391	315	0.999983
1	481	342	0.999979
1	342	272	0.999985
1	455	421	0.99998
1	204	179	0.999991
1	294	223	0.999987
1	271	186	0.999988
1	378	304	0.999983
1	111	105	0.999995
1	355	233	0.999984
1	376	292	0.999983
1	199	135	0.999991
1	420	271	0.999981
1	461	400	0.999979
1	197	175	0.999991
1	240	208	0.999989
1	391	362	0.999982
1	344	291	0.999984
1	384	244	0.999982
1	467	333	0.999978
1	148	93	0.999993
1	438	316	0.999979
1	417	258	0.99998
1	270	220	0.999987
1	165	143	0.999992
1	165	124	0.999992
1	433	295	0.999979
1	144	114	0.999993
0	329	326	0.999984
1	266	255	0.999987
1	429	290	0.999979
1	345	283	0.999983
1	445	270	0.999978
1	141	129	0.999993
1	302	260	0.999985
1	378	270	0.999981
1	258	215	0.999987
1	377	279	0.999981
1	177	157	0.999991
0	393	389	0.99998
1	351	257	0.999982
1	331	235	0.999983
1	116	111	0.999994
1	193	136	0.99999
1	420	290	0.999978
1	324	239	0.999983
1	303	257	0.999984
1	131	92	0.999993
1	187	147	0.99999
1	467	374	0.999975
1	410	313	0.999978
1	242	206	0.999987
1	390	338	0.999979
0	407	398	0.999978
1	332	282	0.999982
1	495	377	0.999973
1	309	232	0.999983
1	363	246	0.99998
1	286	201	0.999984
1	428	326	0.999976
1	284	220	0.999984
1	366	225	0.999979
1	399	327	0.999977
1	52	32	0.999997
1	364	292	0.999979
1	310	268	0.999982
1	270	207	0.999984
1	388	274	0.999977
1	472	434	0.999972
1	433	391	0.999974
0	216	211	0.999987
1	182	132	0.999989
1	477	332	0.999971
1	361	219	0.999978
1	393	348	0.999976
1	424	332	0.999974
1	375	270	0.999977
1	244	152	0.999985
1	227	164	0.999986
1	454	350	0.999972
1	323	230	0.99998
1	387	252	0.999976
1	338	260	0.999979
1	257	159	0.999984
1	416	339	0.999974
1	430	293	0.999973
1	350	285	0.999978
1	397	290	0.999975
1	238	184	0.999985
1	411	360	0.999974
1	347	213	0.999978
1	268	177	0.999983
1	327	249	0.999979
1	201	162	0.999987
1	402	266	0.999974
1	230	218	0.999985
1	153	140	0.99999
1	363	271	0.999976
1	484	421	0.999968
1	392	344	0.999974
1	482	406	0.999968
1	391	371	0.999974
1	225	137	0.999985
1	270	210	0.999982
0	315	313	0.999979
1	360	331	0.999976
1	415	384	0.999972
1	400	315	0.999973
1	148	135	0.99999
1	488	402	0.999967
1	310	215	0.999979
1	412	288	0.999972
1	367	337	0.999975
1	117	77	0.999992
0	261	259	0.999982
1	406	385	0.999972
1	316	295	0.999978
1	488	396	0.999966
1	215	143	0.999985
1	215	205	0.999985
0	314	310	0.999978
1	314	268	0.999978
0	313	302	0.999978
1	440	327	0.999969
1	411	337	0.999971
1	495	313	0.999965
1	409	381	0.999971
1	451	315	0.999968
1	420	340	0.99997
1	490	459	0.999965
0	433	428	0.999969
1	460	301	0.999967
0	418	411	0.99997
1	333	270	0.999976
1	262	163	0.999981
1	493	350	0.999964
1	465	358	0.999966
0	422	406	0.999969
1	353	291	0.999974
1	444	360	0.999967
1	214	181	0.999984
1	428	262	0.999968
0	387	384	0.999971
1	426	320	0.999968
1	425	307	0.999968
1	53	37	0.999996
1	368	327	0.999972
1	340	283	0.999974
1	442	406	0.999966
1	481	446	0.999963
1	494	339	0.999962
1	193	145	0.999985
1	257	166	0.99998
1	282	190	0.999978
1	230	171	0.999982
1	318	282	0.999975
1	254	164	0.99998
1	276	210	0.999978
1	376	310	0.99997
1	450	401	0.999964
1	212	142	0.999983
1	385	242	0.999969
1	310	211	0.999975
1	285	181	0.999977
1	421	270	0.999966
0	260	258	0.999979
1	148	137	0.999988
1	234	206	0.999981
1	431	331	0.999965
1	160	109	0.999987
0	368	357	0.99997
1	417	351	0.999966
0	145	138	0.999988
1	447	415	0.999963
1	446	356	0.999963
1	394	324	0.999967
1	191	153	0.999984
0	477	462	0.99996
1	477	433	0.99996
1	310	189	0.999974
1	417	385	0.999965
1	499	459	0.999958
1	71	58	0.999994
1	130	116	0.999989
1	236	148	0.99998
1	200	162	0.999983
1	293	213	0.999975
1	480	409	0.999959
1	117	95	0.99999
1	479	352	0.999959
1	431	291	0.999963
1	255	225	0.999978
1	492	332	0.999957
1	457	376	0.99996
1	376	264	0.999967
1	442	358	0.999961
1	361	303	0.999968
1	425	382	0.999962
1	380	239	0.999966
1	346	264	0.999969
1	145	108	0.999987
1	223	190	0.99998
1	379	310	0.999966
1	400	245	0.999964
1	155	132	0.999986
1	243	180	0.999978
1	342	314	0.999969
1	110	84	0.99999
1	242	212	0.999978
1	429	292	0.999961
1	449	381	0.999959
0	371	364	0.999966
1	294	245	0.999973
1	381	291	0.999965
0	272	268	0.999975
1	272	206	0.999975
1	281	196	0.999974
1	377	289	0.999965
1	331	245	0.999969
1	490	297	0.999954
1	436	313	0.999959
1	467	342	0.999956
1	307	187	0.999971
1	497	346	0.999953
1	443	416	0.999958
1	452	286	0.999957
1	294	196	0.999972
1	377	343	0.999964
1	314	267	0.99997
1	480	299	0.999954
1	333	245	0.999968
0	247	235	0.999976
1	483	373	0.999953
1	267	210	0.999974
1	164	145	0.999984
1	92	59	0.999991
1	235	178	0.999977
1	378	282	0.999963
1	51	32	0.999995
1	356	231	0.999965
1	294	193	0.999971
1	353	327	0.999965
1	131	113	0.999987
1	341	244	0.999966
1	381	280	0.999962
0	360	348	0.999964
1	500	437	0.99995
1	409	250	0.999959
1	398	268	0.99996
1	497	451	0.99995
1	228	141	0.999977
1	443	339	0.999955
1	432	400	0.999956
1	265	199	0.999973
1	255	221	0.999974
1	392	345	0.99996
1	478	334	0.999951
0	409	390	0.999958
1	253	164	0.999974
1	107	85	0.999989
1	243	211	0.999975
1	437	272	0.999955
1	427	304	0.999956
1	320	257	0.999967
1	242	160	0.999975
1	444	365	0.999954
1	347	308	0.999964
1	231	197	0.999976
0	287	282	0.99997
1	325	304	0.999966
1	296	201	0.999969
1	285	204	0.99997
0	208	198	0.999978
1	208	151	0.999978
1	339	237	0.999964
1	430	381	0.999954
1	458	340	0.999951
0	140	133	0.999985
1	401	312	0.999957
0	438	422	0.999953
0	483	458	0.999948
1	139	126	0.999985
1	472	365	0.999949
0	388	379	0.999958
1	471	434	0.999949
1	240	206	0.999974
1	304	278	0.999967
1	478	329	0.999948
0	496	471	0.999946
1	449	278	0.999951
1	412	261	0.999955
1	318	271	0.999965
1	499	401	0.999945
1	480	314	0.999947
1	344	313	0.999962
1	207	160	0.999977
0	396	375	0.999956
0	486	467	0.999946
1	224	196	0.999975
1	295	223	0.999967
1	277	174	0.999969
1	347	274	0.999961
1	489	362	0.999945
1	302	233	0.999966
1	212	160	0.999976
1	370	235	0.999958
1	422	331	0.999952
1	158	132	0.999982
1	395	362	0.999955
1	342	237	0.999961
0	245	238	0.999972
1	490	456	0.999944
1	485	317	0.999944
0	355	334	0.999959
1	457	352	0.999947
1	112	102	0.999987
1	422	282	0.999951
1	430	319	0.99995
0	77	76	0.999991
1	427	385	0.99995
1	461	412	0.999946
1	432	385	0.999949
1	431	309	0.999949
0	481	473	0.999943
1	464	299	0.999945
1	464	321	0.999945
1	438	339	0.999948
1	218	197	0.999974
1	469	393	0.999944
1	251	198	0.99997
1	418	376	0.99995
0	351	330	0.999958
1	401	293	0.999952
1	224	200	0.999973
1	224	192	0.999973
1	290	231	0.999965
0	264	249	0.999968
0	330	312	0.99996
0	419	400	0.999949
1	369	289	0.999955
1	213	169	0.999974
1	303	192	0.999963
0	270	259	0.999967
1	327	244	0.99996
1	188	144	0.999977
1	286	224	0.999965
1	482	358	0.999941
1	497	393	0.999939
0	268	261	0.999967
1	194	127	0.999976
1	210	180	0.999974
1	282	178	0.999965
1	443	293	0.999945
1	314	260	0.999961
1	321	227	0.99996
1	416	279	0.999948
1	487	375	0.999939
1	391	246	0.999951
0	478	455	0.99994
1	167	144	0.999979
1	429	311	0.999946
1	262	212	0.999967
1	262	212	0.999967
1	460	382	0.999942
1	324	248	0.999959
1	426	393	0.999946
1	402	267	0.999949
1	384	285	0.999951
0	141	134	0.999982
1	321	265	0.999959
1	383	282	0.999951
1	358	328	0.999954
1	202	139	0.999974
1	372	248	0.999952
1	465	362	0.99994
1	410	315	0.999947
1	123	84	0.999984
1	499	329	0.999935
0	414	393	0.999946
0	444	436	0.999942
1	428	320	0.999944
1	275	166	0.999964
1	488	306	0.999936
1	404	264	0.999947
1	373	240	0.999951
1	410	347	0.999946
1	129	108	0.999983
1	349	276	0.999954
1	326	256	0.999957
0	250	234	0.999967
1	453	340	0.99994
0	460	450	0.999939
1	331	263	0.999956
1	323	261	0.999957
1	413	376	0.999945
1	75	64	0.99999
1	495	387	0.999934
0	344	337	0.999954
1	471	433	0.999937
1	112	81	0.999985
1	500	304	0.999933
1	425	363	0.999943
1	298	197	0.99996
1	499	440	0.999933
1	498	390	0.999933
1	408	310	0.999945
1	393	326	0.999947
1	450	362	0.999939
1	493	401	0.999933
1	412	302	0.999944
0	338	326	0.999954
1	220	142	0.99997
1	381	257	0.999948
1	329	289	0.999955
1	336	294	0.999954
1	328	199	0.999955
1	291	233	0.99996
1	260	173	0.999964
1	440	310	0.999939
1	396	325	0.999945
0	374	353	0.999948
0	424	409	0.999941
0	467	443	0.999935
1	244	210	0.999966
1	430	267	0.99994
1	365	291	0.999949
0	493	472	0.999931
1	492	312	0.999931
1	192	141	0.999973
1	369	258	0.999948
0	149	144	0.999979
1	156	123	0.999978
1	248	201	0.999965
1	410	272	0.999942
1	400	327	0.999943
1	91	68	0.999987
1	140	96	0.99998
0	404	376	0.999942
1	348	303	0.99995
1	167	151	0.999976
1	250	223	0.999964
1	111	69	0.999984
0	319	312	0.999954
1	312	211	0.999955
1	499	324	0.999928
1	298	198	0.999957
1	193	169	0.999972
1	317	230	0.999954
1	419	285	0.999939
1	453	317	0.999934
1	418	290	0.999939
1	478	382	0.99993
0	409	378	0.99994
1	293	180	0.999957
1	177	127	0.999974
1	456	379	0.999933
1	374	235	0.999945
1	428	260	0.999937
1	61	44	0.999991
0	176	170	0.999974
1	440	352	0.999935
1	379	271	0.999944
1	277	240	0.999959
1	412	249	0.999939
1	439	280	0.999935
1	356	269	0.999947
0	208	197	0.999969
1	288	196	0.999957
1	428	274	0.999936
1	367	255	0.999945
1	460	300	0.999931
1	413	271	0.999938
1	466	317	0.99993
1	311	270	0.999953
1	185	144	0.999972
0	284	270	0.999957
1	66	48	0.99999
1	441	293	0.999933
0	243	223	0.999963
1	465	344	0.999929
1	360	327	0.999945
1	229	195	0.999965
1	98	70	0.999985
1	411	349	0.999937
1	437	268	0.999933
1	215	161	0.999967
1	325	208	0.99995
1	435	394	0.999933
1	220	153	0.999966
1	400	289	0.999938
1	244	162	0.999962
1	488	424	0.999924
1	488	440	0.999924
0	250	238	0.999961
1	337	285	0.999947
1	464	357	0.999927
1	438	276	0.999931
1	348	236	0.999945
1	354	244	0.999944
1	379	237	0.99994
0	341	332	0.999946
0	372	355	0.999941
1	466	371	0.999926
1	440	324	0.99993
1	440	337	0.99993
0	471	450	0.999925
0	338	333	0.999946
0	344	321	0.999945
1	469	355	0.999925
1	456	290	0.999927
1	281	255	0.999955
1	156	97	0.999975
1	224	172	0.999964
1	311	239	0.99995
1	385	239	0.999938
1	155	118	0.999975
1	390	275	0.999937
0	365	351	0.999941
0	272	249	0.999956
1	383	305	0.999938
1	500	345	0.999919
1	401	277	0.999935
1	265	179	0.999957
1	271	219	0.999956
1	351	218	0.999943
1	498	405	0.999919
1	399	256	0.999935
1	178	159	0.999971
1	368	322	0.99994
1	441	325	0.999928
1	415	303	0.999932
0	128	119	0.999979
1	327	264	0.999946
1	254	212	0.999958
1	344	254	0.999943
1	374	267	0.999938
1	392	278	0.999935
0	241	234	0.99996
1	451	388	0.999925
1	120	80	0.99998
1	252	202	0.999958
1	318	250	0.999947
1	492	369	0.999918
1	492	390	0.999918
1	399	349	0.999933
1	387	311	0.999935
0	422	400	0.999929
0	315	293	0.999947
1	410	272	0.999931
1	142	102	0.999976
1	396	311	0.999933
0	461	421	0.999922
1	319	214	0.999946
1	254	182	0.999957
1	378	232	0.999936
0	448	422	0.999924
1	312	251	0.999947
0	306	282	0.999948
1	488	406	0.999917
1	194	167	0.999967
0	435	427	0.999926
1	94	74	0.999984
1	235	196	0.99996
1	470	315	0.99992
1	446	349	0.999924
0	240	236	0.999959
1	316	228	0.999946
1	146	97	0.999975
1	438	364	0.999925
0	432	409	0.999926
1	373	332	0.999936
1	472	351	0.999919
0	227	209	0.999961
1	372	322	0.999936
1	337	273	0.999942
1	476	393	0.999918
1	371	255	0.999936
0	301	285	0.999948
1	454	410	0.999921
0	448	414	0.999922
1	292	191	0.999949
1	496	427	0.999913
1	376	310	0.999934
1	131	100	0.999977
1	427	359	0.999925
0	51	49	0.999991
1	204	177	0.999964
1	340	270	0.99994
0	345	337	0.999939
1	305	243	0.999946
1	288	184	0.999949
0	429	389	0.999924
0	237	221	0.999958
0	451	428	0.99992
1	467	292	0.999917
1	326	272	0.999942
0	437	415	0.999922
1	458	341	0.999918
0	469	434	0.999916
1	184	148	0.999967
1	184	121	0.999967
1	496	419	0.999911
1	412	368	0.999926
1	256	226	0.999954
1	100	80	0.999982
1	161	116	0.999971
1	111	83	0.99998
1	394	280	0.999929
1	465	310	0.999916
1	138	107	0.999975
1	491	390	0.999911
1	468	324	0.999915
0	286	278	0.999948
1	318	258	0.999942
0	466	454	0.999915
0	148	139	0.999973
1	310	209	0.999943
1	348	249	0.999936
1	402	267	0.999926
0	76	72	0.999986
1	195	157	0.999964
1	238	151	0.999956
0	146	137	0.999973
1	308	251	0.999943
0	162	154	0.99997
1	345	307	0.999936
1	140	125	0.999974
0	113	103	0.999979
0	440	426	0.999918
0	209	192	0.999961
1	434	296	0.999919
1	412	290	0.999923
1	230	196	0.999957
1	203	130	0.999962
1	406	353	0.999924
0	240	226	0.999955
1	240	164	0.999955
1	384	252	0.999928
1	490	430	0.999908
0	378	374	0.999929
0	330	313	0.999938
1	452	404	0.999915
1	324	245	0.999939
1	366	253	0.999931
0	148	143	0.999972
1	354	215	0.999933
0	475	461	0.99991
0	368	357	0.99993
1	494	418	0.999906
1	483	341	0.999908
1	325	214	0.999938
1	498	364	0.999905
0	209	193	0.99996
0	308	300	0.999941
1	276	172	0.999947
0	229	211	0.999956
0	281	277	0.999946
1	291	236	0.999944
1	265	208	0.999949
1	420	356	0.999919
0	419	383	0.999919
1	398	242	0.999923
1	155	110	0.99997
1	186	164	0.999964
1	423	297	0.999918
1	495	332	0.999904
1	232	167	0.999955
1	469	353	0.999909
1	448	345	0.999913
1	314	232	0.999939
1	355	234	0.999931
1	216	171	0.999958
1	432	279	0.999916
1	488	313	0.999905
1	416	285	0.999919
1	457	306	0.999911
1	431	321	0.999916
1	436	334	0.999915
1	318	197	0.999938
0	287	274	0.999944
0	292	287	0.999943
0	276	268	0.999946
1	143	91	0.999972
1	337	297	0.999934
0	291	277	0.999943
1	418	291	0.999918
1	367	262	0.999928
1	331	259	0.999935
1	387	288	0.999924
0	305	299	0.99994
1	193	131	0.999962
1	259	203	0.999949
1	411	344	0.999919
1	304	225	0.99994
0	385	372	0.999924
1	390	290	0.999923
0	420	381	0.999917
1	258	166	0.999949
1	450	304	0.999911
1	182	133	0.999964
1	465	297	0.999908
1	475	385	0.999906
1	434	277	0.999914
1	469	289	0.999907
0	498	469	0.999901
1	341	254	0.999932
0	451	438	0.99991
0	205	185	0.999959
1	260	228	0.999948
1	500	423	0.9999
1	419	331	0.999916
1	414	306	0.999917
0	284	271	0.999943
1	224	139	0.999955
1	343	259	0.999931
1	154	100	0.999969
1	466	392	0.999906
0	347	329	0.99993
0	425	395	0.999914
0	153	147	0.999969
1	454	377	0.999908
1	454	336	0.999908
1	286	193	0.999942
0	493	444	0.9999
0	340	335	0.999931
0	394	357	0.99992
0	487	456	0.999901
1	270	204	0.999945
0	314	292	0.999936
1	215	172	0.999956
1	464	286	0.999905
1	317	202	0.999935
0	487	467	0.9999
1	321	250	0.999934
1	447	371	0.999908
1	456	310	0.999906
1	257	158	0.999947
1	300	232	0.999938
1	406	246	0.999916
1	193	156	0.99996
0	371	358	0.999923
1	496	311	0.999897
1	284	188	0.999941
1	375	280	0.999922
1	274	217	0.999943
1	96	66	0.99998
1	465	406	0.999903
1	301	239	0.999937
1	386	307	0.999919
1	100	82	0.999979
0	476	426	0.9999
1	466	343	0.999902
1	266	163	0.999944
1	128	96	0.999973
0	493	489	0.999896
1	469	398	0.999901
1	483	297	0.999898
0	354	320	0.999925
1	250	182	0.999947
1	442	302	0.999906
1	450	339	0.999904
1	487	334	0.999896
1	430	350	0.999908
1	458	281	0.999902
1	140	108	0.99997
1	396	306	0.999915
0	444	433	0.999904
0	444	407	0.999904
1	356	278	0.999923
0	471	425	0.999898
0	286	266	0.999938
0	318	297	0.999931
1	304	214	0.999934
1	413	254	0.99991
1	142	98	0.999969
1	284	209	0.999938
1	453	289	0.999901
1	407	359	0.999911
1	384	267	0.999916
1	434	374	0.999905
1	492	415	0.999892
0	414	373	0.999909
1	259	168	0.999943
1	354	233	0.999922
1	136	118	0.99997
0	272	259	0.99994
0	77	76	0.999983
1	199	126	0.999956
1	393	281	0.999913
1	429	315	0.999905
1	149	107	0.999967
0	329	311	0.999927
0	455	447	0.999899
1	162	103	0.999964
0	180	161	0.99996
1	243	153	0.999946
0	355	343	0.999921
1	247	154	0.999945
0	220	215	0.999951
1	413	289	0.999908
1	233	141	0.999948
1	361	283	0.999919
0	307	306	0.999931
1	498	302	0.999888
1	453	282	0.999898
1	373	236	0.999916
1	142	120	0.999968
1	439	332	0.999901
1	328	245	0.999926
1	186	139	0.999958
1	177	112	0.99996
1	327	232	0.999926
0	424	412	0.999904
1	468	372	0.999894
1	154	130	0.999965
0	180	161	0.999959
1	158	127	0.999964
1	197	119	0.999955
0	350	314	0.99992
1	449	296	0.999897
0	235	229	0.999946
1	439	350	0.999899
1	356	291	0.999918
0	395	380	0.999909
0	260	238	0.99994
1	364	279	0.999916
1	420	314	0.999903
1	437	379	0.999899
1	363	312	0.999916
1	259	225	0.99994
0	410	365	0.999905
1	409	339	0.999905
1	271	195	0.999937
1	245	165	0.999943
0	257	247	0.99994
1	415	345	0.999903
1	479	350	0.999888
1	269	176	0.999937
1	217	143	0.999949
0	485	448	0.999886
0	319	314	0.999925
1	489	398	0.999885
0	386	355	0.999909
1	458	363	0.999892
1	428	303	0.999899
1	394	270	0.999907
1	360	228	0.999915
1	203	140	0.999952
1	279	231	0.999934
1	207	178	0.999951
0	443	432	0.999895
0	442	414	0.999895
1	370	244	0.999912
1	126	99	0.99997
1	449	314	0.999893
1	281	225	0.999933
1	88	76	0.999979
0	226	205	0.999946
1	305	255	0.999927
1	497	382	0.999881
1	442	344	0.999894
1	275	174	0.999934
1	229	187	0.999945
1	408	281	0.999902
1	233	167	0.999944
1	266	161	0.999936
1	428	287	0.999897
1	83	57	0.99998
1	170	138	0.999959
1	199	156	0.999952
1	460	390	0.999889
1	116	92	0.999972
1	232	181	0.999944
1	120	98	0.999971
1	426	288	0.999897
0	459	422	0.999889
1	310	253	0.999925
1	380	333	0.999908
1	454	347	0.99989
0	305	296	0.999926
0	457	413	0.999889
0	469	443	0.999886
1	454	364	0.999889
1	470	296	0.999885
1	339	283	0.999917
1	196	120	0.999952
1	408	345	0.9999
0	473	442	0.999884
1	269	201	0.999934
1	391	310	0.999904
0	448	420	0.99989
1	500	385	0.999877
1	443	331	0.999891
1	256	197	0.999937
0	195	193	0.999952
1	195	170	0.999952
1	199	148	0.999951
1	333	231	0.999918
1	406	355	0.9999
1	486	403	0.99988
1	364	242	0.99991
1	343	241	0.999915
1	337	291	0.999916
0	377	362	0.999906
1	176	150	0.999956
1	499	335	0.999875
1	463	378	0.999884
1	407	306	0.999898
1	267	210	0.999933
1	239	145	0.99994
1	430	344	0.999892
1	366	230	0.999908
1	167	125	0.999958
0	302	288	0.999924
1	492	424	0.999876
1	313	252	0.999921
1	305	197	0.999923
1	360	243	0.999909
1	466	331	0.999882
1	379	279	0.999904
1	146	123	0.999963
1	185	149	0.999953
0	488	428	0.999876
0	287	286	0.999927
1	456	376	0.999884
0	365	349	0.999907
0	153	150	0.999961
1	482	369	0.999877
0	313	311	0.99992
0	86	85	0.999978
1	335	216	0.999914
1	222	144	0.999943
1	214	139	0.999945
1	424	337	0.999891
1	385	316	0.999901
1	346	269	0.999911
0	171	152	0.999956
1	307	214	0.999921
1	497	409	0.999872
1	248	200	0.999936
0	461	415	0.999881
0	484	472	0.999875
1	453	280	0.999883
0	325	293	0.999916
1	495	422	0.999872
1	433	274	0.999888
0	282	272	0.999927
1	282	202	0.999927
1	166	113	0.999957
1	409	326	0.999894
1	482	377	0.999875
0	293	263	0.999924
0	185	178	0.999952
1	104	78	0.999973
0	227	221	0.999941
1	100	68	0.999974
0	480	423	0.999875
1	399	263	0.999896
0	475	457	0.999876
1	482	305	0.999874
1	279	228	0.999927
0	401	384	0.999895
0	168	159	0.999956
1	374	259	0.999902
0	477	426	0.999875
1	290	222	0.999924
1	484	318	0.999873
0	354	316	0.999907
1	350	212	0.999908
1	410	271	0.999892
0	444	441	0.999883
1	352	271	0.999907
1	227	163	0.99994
1	242	151	0.999936
1	276	233	0.999927
0	257	245	0.999932
0	325	283	0.999914
1	302	261	0.99992
1	419	274	0.999889
1	475	390	0.999874
1	139	100	0.999963
1	398	244	0.999894
0	330	328	0.999912
1	480	335	0.999872
1	427	326	0.999886
1	202	169	0.999946
1	86	59	0.999977
1	470	318	0.999874
1	395	251	0.999894
0	313	296	0.999916
1	421	283	0.999887
1	454	299	0.999878
1	439	322	0.999882
0	238	207	0.999936
1	457	386	0.999877
1	430	293	0.999884
0	74	66	0.99998
1	111	80	0.99997
1	417	276	0.999887
1	439	334	0.999881
0	424	411	0.999885
0	446	408	0.999879
0	445	414	0.999879
0	239	232	0.999935
1	125	84	0.999966
1	205	170	0.999944
1	333	221	0.999909
1	139	98	0.999962
1	128	97	0.999965
1	292	243	0.99992
1	62	45	0.999983
0	444	413	0.999878
1	251	180	0.999931
0	138	135	0.999962
0	472	446	0.99987
1	323	243	0.999911
1	272	193	0.999925
1	486	295	0.999866
1	330	268	0.999909
1	232	187	0.999936
1	344	298	0.999905
1	409	344	0.999887
1	445	353	0.999877
1	311	222	0.999914
1	282	243	0.999922
1	459	284	0.999873
0	484	443	0.999866
1	267	170	0.999926
0	429	387	0.999881
0	270	235	0.999925
1	360	223	0.9999
1	432	296	0.99988
1	277	188	0.999923
1	241	188	0.999933
1	183	132	0.999949
0	391	374	0.999891
0	373	353	0.999896
1	448	298	0.999875
1	258	213	0.999928
1	480	299	0.999866
1	437	366	0.999878
0	462	436	0.999871
1	476	328	0.999867
1	354	243	0.999901
1	486	385	0.999864
0	293	276	0.999918
1	500	303	0.99986
1	203	130	0.999943
1	345	225	0.999903
1	288	225	0.999919
1	465	372	0.999869
1	298	202	0.999916
0	379	352	0.999893
1	425	268	0.99988
0	425	419	0.99988
1	191	133	0.999946
0	498	489	0.999859
1	459	388	0.99987
1	201	145	0.999943
0	483	453	0.999863
1	497	376	0.999859
0	444	406	0.999874
0	155	143	0.999956
0	415	401	0.999882
1	488	402	0.999861
0	256	246	0.999927
1	291	212	0.999917
0	354	328	0.999899
0	396	382	0.999887
1	189	134	0.999946
0	273	253	0.999922
0	388	368	0.999889
1	374	258	0.999893
0	213	208	0.999939
0	377	342	0.999892
0	471	416	0.999865
1	251	196	0.999928
1	432	286	0.999876
1	310	237	0.999911
0	310	271	0.999911
0	188	175	0.999946
1	188	132	0.999946
1	73	45	0.999979
0	358	344	0.999897
1	250	178	0.999928
1	302	204	0.999913
1	354	299	0.999898
0	496	447	0.999857
0	482	443	0.999861
1	301	233	0.999913
1	145	112	0.999958
0	290	259	0.999916
0	245	237	0.999929
0	207	186	0.99994
1	193	120	0.999944
1	124	94	0.999964
1	217	158	0.999937
0	436	405	0.999873
1	315	265	0.999908
0	335	308	0.999902
1	464	383	0.999864
1	409	319	0.99988
1	443	369	0.99987
1	218	142	0.999936
0	320	276	0.999906
0	473	471	0.999861
1	204	145	0.99994
1	469	337	0.999862
1	482	411	0.999858
0	193	172	0.999943
1	369	315	0.999891
1	247	199	0.999927
1	362	301	0.999893
0	358	325	0.999894
0	358	314	0.999894
1	280	229	0.999917
0	485	450	0.999856
1	454	289	0.999865
1	474	404	0.999859
1	440	367	0.999869
1	141	108	0.999958
1	245	169	0.999927
0	302	290	0.99991
1	473	353	0.999859
0	459	419	0.999863
1	241	196	0.999928
1	368	246	0.99989
1	294	200	0.999912
0	384	335	0.999885
1	477	336	0.999857
1	350	254	0.999895
1	313	216	0.999906
1	486	397	0.999854
1	276	211	0.999917
0	236	216	0.999929
0	495	434	0.999851
0	259	232	0.999922
1	427	345	0.999871
1	182	146	0.999945
0	493	450	0.999851
1	162	119	0.999951
0	162	154	0.999951
1	413	314	0.999875
1	284	230	0.999914
0	498	491	0.999849
1	425	320	0.999871
0	349	328	0.999894
1	316	206	0.999904
0	260	242	0.999921
1	263	189	0.99992
1	69	49	0.999979
1	312	220	0.999905
1	315	205	0.999904
1	259	195	0.999921
1	403	277	0.999877
0	95	83	0.999971
0	357	331	0.999891
1	212	160	0.999935
1	339	253	0.999896
0	436	402	0.999866
1	227	138	0.99993
1	483	305	0.999851
1	449	363	0.999861
1	407	344	0.999874
1	468	315	0.999855
1	171	114	0.999947
1	474	350	0.999853
1	361	233	0.999888
0	380	346	0.999882
1	351	244	0.999891
1	273	214	0.999915
0	379	361	0.999882
0	321	293	0.9999
1	231	154	0.999928
1	205	131	0.999936
1	192	117	0.99994
0	208	193	0.999935
0	435	404	0.999864
0	323	295	0.999899
0	147	130	0.999954
1	399	335	0.999875
1	201	159	0.999937
1	421	302	0.999868
0	373	333	0.999883
1	334	266	0.999895
1	232	190	0.999927
0	467	430	0.999853
1	378	231	0.999881
1	397	244	0.999875
0	295	290	0.999907
1	288	208	0.999909
1	250	162	0.999921
1	427	259	0.999865
0	433	418	0.999863
0	328	310	0.999896
1	227	141	0.999928
1	438	354	0.999861
0	343	325	0.999891
0	66	60	0.999979
1	374	258	0.999881
0	496	428	0.999842
0	483	433	0.999846
0	461	460	0.999853
0	420	402	0.999866
1	467	370	0.999851
1	426	285	0.999864
0	288	254	0.999908
1	457	279	0.999854
1	460	290	0.999853
0	488	420	0.999844
1	469	365	0.99985
0	175	158	0.999944
0	428	374	0.999863
1	390	282	0.999875
0	352	308	0.999887
1	190	132	0.999939
1	467	284	0.99985
1	56	46	0.999982
0	426	375	0.999863
1	171	118	0.999945
1	143	107	0.999954
1	491	351	0.999842
1	466	317	0.99985
0	450	449	0.999855
0	391	348	0.999874
0	310	280	0.9999
1	347	234	0.999888
1	421	304	0.999864
1	424	279	0.999863
1	133	109	0.999957
1	133	106	0.999957
1	167	140	0.999946
0	371	344	0.99988
1	343	267	0.999889
1	482	354	0.999844
1	173	111	0.999944
1	485	361	0.999843
1	355	287	0.999885
1	157	106	0.999949
0	474	451	0.999846
1	163	110	0.999947
1	329	222	0.999893
1	221	144	0.999928
1	485	330	0.999842
1	224	159	0.999927
1	233	158	0.999924
0	291	289	0.999905
0	493	468	0.999839
0	156	139	0.999949
1	162	120	0.999947
1	162	128	0.999947
0	116	99	0.999962
0	381	356	0.999875
0	463	411	0.999848
1	280	176	0.999908
1	298	231	0.999902
0	450	392	0.999852
1	322	220	0.999894
0	413	403	0.999864
0	173	149	0.999943
0	437	427	0.999856
1	476	374	0.999843
0	209	180	0.999931
1	348	235	0.999885
0	490	442	0.999838
0	248	238	0.999918
0	127	124	0.999958
1	432	269	0.999857
0	437	374	0.999855
0	461	431	0.999847
1	385	234	0.999872
0	472	471	0.999843
0	93	87	0.999969
0	135	131	0.999955
1	237	197	0.999921
1	273	189	0.999909
0	339	334	0.999887
1	468	304	0.999844
0	480	457	0.99984
0	446	399	0.999851
0	383	340	0.999872
0	368	357	0.999877
0	484	472	0.999838
1	418	273	0.99986
0	203	184	0.999932
1	197	166	0.999934
1	167	135	0.999944
0	313	298	0.999895
1	465	306	0.999844
1	152	128	0.999949
1	423	306	0.999858
0	402	362	0.999865
0	399	368	0.999866
1	128	98	0.999957
1	372	261	0.999875
1	122	83	0.999959
1	223	187	0.999925
1	449	309	0.999849
1	428	334	0.999856
1	184	123	0.999938
1	305	231	0.999897
0	219	187	0.999926
0	488	424	0.999835
1	387	238	0.999869
0	449	395	0.999848
0	369	362	0.999875
1	469	302	0.999841
1	174	145	0.999941
1	348	277	0.999882
1	377	265	0.999872
1	268	176	0.999909
1	397	274	0.999865
1	320	236	0.999891
1	458	289	0.999844
0	270	242	0.999908
1	487	302	0.999834
1	396	255	0.999865
0	484	440	0.999835
0	472	467	0.999839
1	299	248	0.999898
1	415	255	0.999858
0	263	247	0.99991
0	263	230	0.99991
1	362	306	0.999876
0	102	96	0.999965
0	67	66	0.999977
1	445	299	0.999847
1	378	319	0.99987
1	401	294	0.999862
1	276	209	0.999905
0	148	134	0.999949
0	438	377	0.999849
1	171	119	0.999941
0	420	373	0.999855
1	223	157	0.999923
0	443	415	0.999847
1	165	114	0.999943
1	301	186	0.999896
0	477	408	0.999835
0	234	226	0.999919
1	366	308	0.999873
0	72	63	0.999975
1	429	333	0.999851
1	233	190	0.999919
1	348	264	0.999879
0	391	390	0.999864
1	155	115	0.999946
0	86	82	0.99997
1	321	256	0.999888
0	481	464	0.999832
0	495	469	0.999827
1	452	346	0.999842
0	349	306	0.999878
0	283	250	0.999901
1	331	200	0.999884
0	479	446	0.999832
1	319	240	0.999888
1	242	157	0.999915
1	447	374	0.999843
0	370	316	0.99987
0	358	321	0.999874
0	406	382	0.999857
1	193	132	0.999932
0	386	363	0.999864
1	482	351	0.99983
1	459	376	0.999838
0	328	297	0.999884
1	361	257	0.999872
1	62	41	0.999978
0	200	197	0.999929
0	332	328	0.999882
1	464	307	0.999835
1	309	204	0.99989
1	331	242	0.999882
1	244	165	0.999913
0	499	431	0.999822
1	252	185	0.99991
1	403	315	0.999856
0	389	373	0.999861
1	375	244	0.999866
1	319	202	0.999886
1	442	292	0.999842
0	369	349	0.999868
0	341	299	0.999878
1	296	223	0.999894
1	349	263	0.999875
1	251	175	0.99991
0	206	185	0.999926
1	451	360	0.999838
1	448	284	0.999839
1	325	211	0.999883
1	211	135	0.999924
0	305	260	0.99989
1	485	388	0.999825
1	363	250	0.999869
1	144	113	0.999948
1	216	158	0.999922
0	365	339	0.999868
1	94	62	0.999966
1	152	115	0.999945
1	370	298	0.999866
1	422	264	0.999847
1	187	153	0.999932
1	436	278	0.999841
1	348	275	0.999873
1	405	270	0.999852
0	249	220	0.999909
1	487	311	0.999822
1	257	191	0.999906
1	380	271	0.999861
1	456	298	0.999833
1	374	247	0.999863
1	404	257	0.999852
0	79	72	0.999971
1	351	224	0.999871
0	468	421	0.999828
0	438	398	0.999839
1	408	337	0.99985
1	329	268	0.999879
1	367	245	0.999865
1	266	199	0.999902
1	217	139	0.99992
1	160	128	0.999941
1	420	341	0.999845
0	373	329	0.999862
1	262	186	0.999903
1	397	276	0.999853
1	345	223	0.999872
0	369	326	0.999863
0	210	180	0.999922
1	358	276	0.999867
0	358	305	0.999867
1	500	377	0.999814
0	282	260	0.999895
1	247	176	0.999908
1	228	150	0.999915
1	383	272	0.999857
0	452	392	0.999831
0	468	444	0.999825
1	294	190	0.99989
1	336	259	0.999874
1	439	351	0.999835
1	492	352	0.999815
1	154	114	0.999942
1	321	241	0.999879
1	477	307	0.99982
1	363	270	0.999863
1	466	382	0.999824
1	439	290	0.999834
0	312	283	0.999882
0	325	312	0.999877
1	177	118	0.999933
1	491	351	0.999814
0	422	371	0.99984
0	451	424	0.999829
1	387	308	0.999853
1	458	368	0.999826
1	255	211	0.999903
0	381	355	0.999855
0	344	312	0.999869
1	467	373	0.999822
1	152	110	0.999942
1	393	305	0.99985
1	89	65	0.999966
1	466	334	0.999822
0	259	217	0.999901
0	395	376	0.999849
0	298	271	0.999886
1	350	270	0.999866
0	449	434	0.999828
0	449	413	0.999828
1	120	87	0.999954
1	373	238	0.999857
1	172	131	0.999934
0	310	270	0.999881
1	138	91	0.999947
0	359	349	0.999862
1	372	286	0.999857
1	325	270	0.999875
1	478	359	0.999816
1	345	212	0.999867
0	249	218	0.999904
1	228	167	0.999912
1	360	253	0.999861
0	132	112	0.999949
1	463	378	0.999821
1	160	126	0.999938
0	227	223	0.999912
1	428	332	0.999834
1	283	234	0.99989
1	481	345	0.999813
0	54	53	0.999979
0	334	280	0.99987
1	339	205	0.999868
0	490	439	0.999809
0	318	301	0.999876
1	481	397	0.999812
1	220	182	0.999914
0	358	357	0.99986
0	317	267	0.999876
1	368	293	0.999856
0	465	425	0.999818
1	470	350	0.999816
1	480	346	0.999812
1	439	356	0.999828
1	403	312	0.999842
1	454	364	0.999822
1	316	228	0.999876
0	265	229	0.999896
1	382	306	0.99985
1	448	291	0.999824
1	323	234	0.999873
0	478	411	0.999812
1	488	360	0.999808
1	343	282	0.999865
1	475	293	0.999813
1	307	190	0.999879
0	312	295	0.999877
0	474	401	0.999813
0	479	406	0.999811
1	337	211	0.999867
0	152	149	0.99994
0	342	326	0.999865
0	357	326	0.999859
0	200	191	0.999921
1	496	393	0.999804
1	134	88	0.999947
0	492	448	0.999805
1	492	364	0.999805
0	116	98	0.999954
1	416	324	0.999835
1	436	350	0.999827
0	151	135	0.99994
1	249	185	0.999901
1	329	215	0.999869
0	452	385	0.99982
0	462	447	0.999816
1	369	267	0.999853
1	286	191	0.999886
1	361	294	0.999856
1	328	236	0.999869
1	403	269	0.999839
0	220	213	0.999912
0	220	213	0.999912
1	290	179	0.999884
1	459	311	0.999816
1	409	278	0.999836
1	306	230	0.999877
1	358	218	0.999856
1	174	117	0.99993
1	430	329	0.999827
0	467	449	0.999812
0	489	483	0.999803
1	201	163	0.999919
0	253	251	0.999898
1	248	158	0.9999
0	466	415	0.999812
0	218	187	0.999912
1	421	276	0.99983
0	307	274	0.999876
1	354	293	0.999857
1	470	337	0.99981
0	89	83	0.999964
0	215	209	0.999913
0	311	266	0.999874
1	380	233	0.999846
0	111	107	0.999955
0	434	432	0.999824
0	397	332	0.999839
0	318	314	0.999871
1	175	132	0.999929
1	239	146	0.999903
0	362	317	0.999853
1	389	300	0.999842
1	347	247	0.999859
0	447	440	0.999818
0	491	456	0.9998
0	427	384	0.999826
1	238	195	0.999903
0	304	289	0.999876
0	436	379	0.999822
0	409	370	0.999833
1	470	388	0.999808
1	340	261	0.999861
1	445	360	0.999818
0	435	383	0.999822
0	432	416	0.999823
0	183	161	0.999925
0	234	200	0.999904
1	470	316	0.999807
0	224	201	0.999908
1	297	213	0.999878
0	370	331	0.999848
0	499	431	0.999795
0	455	448	0.999813
0	399	391	0.999836
1	416	286	0.999829
0	197	194	0.999919
0	413	404	0.99983
0	177	171	0.999927
1	337	223	0.999861
1	453	289	0.999813
0	351	319	0.999855
1	150	120	0.999938
0	266	242	0.99989
1	338	209	0.99986
1	239	175	0.999901
1	135	111	0.999944
1	323	261	0.999866
0	294	247	0.999878
1	306	201	0.999873
0	412	370	0.999829
1	224	162	0.999907
0	395	364	0.999836
0	342	321	0.999858
1	183	139	0.999924
1	183	140	0.999924
1	183	124	0.999924
1	474	341	0.999803
1	267	189	0.999889
1	293	183	0.999878
1	377	233	0.999843
1	288	182	0.99988
1	324	243	0.999865
1	324	235	0.999865
0	420	373	0.999825
0	463	421	0.999807
1	283	198	0.999882
1	446	321	0.999814
0	393	387	0.999836
1	479	389	0.9998
0	481	468	0.999799
0	488	442	0.999796
0	373	320	0.999844
0	392	367	0.999836
1	435	334	0.999818
1	466	357	0.999805
0	442	437	0.999815
1	105	70	0.999956
0	341	307	0.999857
1	298	212	0.999875
1	255	165	0.999893
1	448	315	0.999812
1	467	333	0.999804
1	476	343	0.9998
1	476	333	0.9998
0	333	286	0.99986
1	264	190	0.999889
1	221	149	0.999907
1	442	295	0.999814
1	171	111	0.999928
1	465	356	0.999804
0	441	386	0.999814
1	365	300	0.999846
1	180	125	0.999924
1	411	288	0.999826
1	248	161	0.999895
0	328	299	0.999861
0	151	130	0.999936
1	361	254	0.999847
0	231	192	0.999902
0	252	245	0.999893
0	464	450	0.999803
1	306	224	0.99987
0	233	211	0.999901
1	301	234	0.999872
0	265	240	0.999887
0	368	362	0.999843
1	225	139	0.999904
1	459	357	0.999804
1	384	287	0.999836
0	419	395	0.999821
0	489	442	0.999791
0	477	397	0.999796
1	451	281	0.999807
0	376	365	0.999839
0	441	426	0.999811
0	261	223	0.999888
1	459	315	0.999803
1	319	197	0.999863
0	249	237	0.999893
0	214	179	0.999908
1	379	297	0.999837
1	488	338	0.99979
0	446	384	0.999808
1	425	267	0.999817
1	211	146	0.999909
0	301	256	0.99987
0	259	238	0.999888
0	208	182	0.99991
0	342	329	0.999852
0	335	321	0.999855
1	298	215	0.999871
0	487	414	0.999789
0	240	213	0.999896
0	300	266	0.99987
1	376	263	0.999837
1	249	162	0.999892
0	219	215	0.999905
1	341	241	0.999852
0	495	459	0.999785
1	384	307	0.999833
0	400	364	0.999826
0	124	103	0.999946
0	395	391	0.999828
1	273	224	0.999881
0	360	310	0.999843
1	94	70	0.999959
1	408	327	0.999822
0	385	357	0.999832
0	183	169	0.99992
0	462	401	0.999798
0	377	358	0.999835
0	313	269	0.999863
0	427	392	0.999813
1	404	301	0.999823
1	178	120	0.999922
1	438	321	0.999808
1	317	209	0.999861
0	114	107	0.99995
0	497	429	0.999782
1	164	122	0.999928
1	239	177	0.999895
1	198	147	0.999913
1	348	212	0.999847
1	407	283	0.999821
0	441	427	0.999806
0	150	126	0.999934
1	220	153	0.999903
0	68	60	0.99997
1	136	91	0.99994
0	315	305	0.999861
0	179	178	0.999921
0	111	107	0.999951
1	480	317	0.999788
0	405	392	0.999821
1	95	62	0.999958
0	226	221	0.9999
0	488	437	0.999784
0	325	318	0.999856
1	492	377	0.999782
1	88	58	0.999961
1	273	215	0.999879
0	449	414	0.999801
1	293	219	0.99987
1	347	231	0.999846
1	446	353	0.999802
0	473	443	0.99979
0	376	312	0.999833
1	439	274	0.999805
1	108	81	0.999952
1	414	315	0.999816
0	191	171	0.999915
0	375	331	0.999833
0	431	370	0.999808
1	276	188	0.999877
1	298	222	0.999867
0	233	213	0.999896
1	280	195	0.999875
1	495	376	0.999779
1	412	319	0.999816
1	291	207	0.99987
1	385	291	0.999828
1	320	262	0.999857
0	490	431	0.999781
0	255	235	0.999886
1	391	317	0.999825
1	487	326	0.999782
1	268	189	0.99988
0	366	320	0.999836
1	406	283	0.999818
1	435	348	0.999805
0	417	411	0.999813
0	486	448	0.999782
0	457	388	0.999795
1	196	124	0.999912
1	383	311	0.999828
1	256	174	0.999885
0	492	469	0.999779
1	414	287	0.999814
1	434	311	0.999805
1	416	253	0.999813
1	389	259	0.999825
0	171	151	0.999923
0	322	321	0.999855
0	273	245	0.999877
0	397	339	0.999821
1	133	101	0.99994
0	226	207	0.999898
0	290	264	0.999869
1	239	171	0.999892
1	305	229	0.999862
1	431	301	0.999805
0	263	243	0.999881
1	106	80	0.999952
0	470	435	0.999787
1	355	237	0.999839
1	359	243	0.999837
1	436	271	0.999802
0	405	383	0.999816
1	482	391	0.999781
1	220	133	0.9999
0	440	411	0.9998
0	393	325	0.999821
0	494	438	0.999775
1	474	357	0.999784
1	373	253	0.99983
0	351	294	0.99984
1	138	96	0.999937
1	208	156	0.999905
1	335	236	0.999847
1	289	213	0.999868
1	129	80	0.999941
1	411	333	0.999812
0	443	431	0.999797
1	397	263	0.999818
0	495	428	0.999773
0	460	415	0.999789
1	170	114	0.999922
0	209	179	0.999904
0	209	205	0.999904
0	74	70	0.999966
1	348	271	0.99984
1	274	177	0.999874
1	474	341	0.999782
1	489	312	0.999775
0	489	451	0.999775
1	402	283	0.999815
0	478	440	0.99978
1	189	123	0.999913
1	278	168	0.999872
1	102	72	0.999953
1	421	315	0.999806
1	364	263	0.999832
0	455	382	0.99979
0	474	470	0.999781
0	499	453	0.999769
0	473	392	0.999781
1	382	302	0.999823
0	233	192	0.999892
1	151	113	0.99993
1	414	289	0.999808
0	429	377	0.999801
0	418	351	0.999806
0	265	255	0.999877
1	396	317	0.999816
1	372	296	0.999827
1	475	388	0.999779
0	421	408	0.999804
1	146	114	0.999932
1	219	172	0.999898
1	255	166	0.999881
1	287	214	0.999866
0	499	492	0.999767
1	379	236	0.999823
0	368	311	0.999828
0	432	387	0.999798
1	325	260	0.999848
0	156	144	0.999927
1	190	151	0.999911
1	491	385	0.99977
1	207	128	0.999903
0	307	303	0.999856
0	147	145	0.999931
0	424	370	0.999801
0	181	162	0.999915
1	494	358	0.999768
1	149	117	0.99993
0	332	291	0.999844
1	432	307	0.999797
0	436	377	0.999795
0	338	331	0.999841
1	408	284	0.999808
0	259	247	0.999878
1	458	328	0.999784
0	320	311	0.999849
1	464	316	0.999781
0	432	361	0.999796
1	91	58	0.999957
1	472	316	0.999777
1	182	144	0.999914
1	273	174	0.999871
1	203	163	0.999904
0	355	308	0.999832
1	319	221	0.999849
1	228	142	0.999892
0	363	343	0.999828
1	230	174	0.999891
0	327	324	0.999845
1	485	369	0.99977
0	487	455	0.999769
0	489	445	0.999768
0	459	387	0.999782
0	402	349	0.999809
1	486	393	0.999769
0	486	454	0.999769
0	408	358	0.999806
0	435	427	0.999793
0	210	183	0.9999
1	294	205	0.99986
0	466	388	0.999778
0	128	117	0.999939
0	386	384	0.999816
1	495	362	0.999764
1	304	203	0.999855
1	352	221	0.999832
0	222	220	0.999894
0	467	410	0.999777
1	203	149	0.999903
0	433	397	0.999793
0	230	212	0.99989
1	209	134	0.9999
1	236	172	0.999887
1	265	192	0.999873
0	442	379	0.999788
1	271	185	0.99987
0	394	365	0.999811
0	444	396	0.999787
0	348	318	0.999833
0	493	463	0.999763
1	497	373	0.999761
0	393	350	0.999811
1	266	210	0.999872
1	405	284	0.999805
0	272	269	0.999869
0	220	217	0.999894
0	112	108	0.999946
1	253	205	0.999878
1	369	261	0.999822
1	257	175	0.999876
0	375	355	0.999819
1	435	267	0.99979
0	118	108	0.999943
1	383	285	0.999815
0	238	198	0.999885
0	476	468	0.99977
0	329	311	0.999841
1	395	308	0.999809
0	498	410	0.999759
1	498	350	0.999759
0	349	285	0.999831
1	448	315	0.999783
0	97	95	0.999953
1	163	123	0.999921
0	165	147	0.99992
1	239	150	0.999884
1	410	319	0.999801
1	309	232	0.99985
0	447	415	0.999783
0	173	160	0.999916
1	500	311	0.999757
0	216	192	0.999895
0	454	448	0.999779
0	384	368	0.999813
0	384	357	0.999813
1	388	238	0.999811
1	195	138	0.999905
1	353	246	0.999828
1	277	222	0.999865
1	279	199	0.999864
0	408	364	0.999801
1	205	149	0.9999
1	287	216	0.99986
0	258	230	0.999874
0	344	300	0.999832
1	350	228	0.999829
1	440	347	0.999785
1	358	268	0.999825
1	360	234	0.999824
0	495	494	0.999758
1	182	112	0.999911
1	482	330	0.999764
1	243	198	0.999881
1	98	69	0.999952
0	445	420	0.999782
0	461	416	0.999774
0	216	207	0.999894
0	224	190	0.99989
0	454	384	0.999777
1	399	320	0.999804
1	287	210	0.999859
0	458	434	0.999775
0	311	303	0.999847
1	437	278	0.999785
1	447	307	0.99978
0	130	126	0.999936
1	414	270	0.999796
0	292	278	0.999856
0	245	200	0.999879
1	467	288	0.999769
1	285	187	0.999859
1	293	235	0.999855
1	222	149	0.99989
1	353	234	0.999825
1	445	328	0.999779
0	155	133	0.999923
1	314	234	0.999844
1	497	366	0.999753
1	197	158	0.999902
1	203	124	0.999899
1	203	136	0.999899
1	257	177	0.999872
1	399	285	0.999801
0	465	421	0.999768
1	64	43	0.999968
0	224	222	0.999888
1	258	200	0.999871
0	328	294	0.999836
0	429	353	0.999785
0	421	404	0.999789
0	409	387	0.999795
0	315	310	0.999842
0	269	237	0.999865
0	446	406	0.999776
1	412	307	0.999793
1	368	253	0.999815
0	358	353	0.99982
0	322	310	0.999838
0	286	275	0.999856
0	421	386	0.999788
0	268	223	0.999865
0	244	220	0.999877
0	480	401	0.999758
0	198	166	0.9999
1	394	276	0.999801
0	289	238	0.999854
1	463	328	0.999766
0	269	253	0.999864
1	336	253	0.99983
0	324	289	0.999836
0	401	389	0.999797
0	397	327	0.999799
0	476	460	0.999759
1	235	144	0.999881
0	389	333	0.999803
1	227	170	0.999885
0	455	372	0.999769
0	380	357	0.999807
0	120	119	0.999939
1	240	146	0.999878
1	401	310	0.999796
0	326	310	0.999834
0	337	296	0.999828
0	425	417	0.999783
0	329	269	0.999832
1	372	267	0.99981
1	278	214	0.999858
1	454	302	0.999768
0	395	348	0.999798
1	438	330	0.999776
0	295	283	0.999849
1	377	299	0.999807
1	250	189	0.999872
1	365	269	0.999813
0	396	373	0.999797
1	234	170	0.99988
1	345	276	0.999823
1	415	324	0.999787
1	440	345	0.999774
0	477	448	0.999755
0	356	325	0.999817
0	313	301	0.999839
1	303	215	0.999844
1	468	291	0.999759
0	332	329	0.999829
0	256	242	0.999868
1	409	325	0.999789
1	467	375	0.999759
0	461	421	0.999762
0	306	293	0.999842
1	422	331	0.999782
1	385	255	0.999801
1	410	266	0.999788
0	439	413	0.999773
1	230	148	0.999881
1	230	171	0.999881
1	373	234	0.999807
0	487	419	0.999748
1	427	294	0.999779
1	255	181	0.999868
0	425	414	0.99978
0	311	293	0.999839
1	197	150	0.999898
1	338	256	0.999825
0	56	46	0.999971
0	280	232	0.999855
0	448	435	0.999768
1	139	109	0.999928
1	332	251	0.999828
1	430	271	0.999777
1	401	303	0.999792
1	133	106	0.999931
0	287	269	0.999851
1	204	128	0.999894
1	250	172	0.99987
0	375	343	0.999805
0	398	339	0.999793
0	148	140	0.999923
0	417	367	0.999783
0	282	261	0.999853
1	447	360	0.999767
0	280	232	0.999854
1	343	244	0.999821
1	452	337	0.999764
1	371	240	0.999806
1	369	268	0.999807
0	424	413	0.999778
1	275	219	0.999856
1	464	280	0.999757
1	437	347	0.999771
0	395	337	0.999793
1	351	280	0.999816
0	339	289	0.999822
1	297	208	0.999844
0	436	430	0.999771
1	276	174	0.999855
1	348	213	0.999817
0	386	345	0.999797
0	327	306	0.999828
1	287	220	0.999849
1	460	331	0.999758
0	224	221	0.999882
0	205	171	0.999892
0	317	290	0.999833
0	303	256	0.99984
1	439	321	0.999768
1	280	186	0.999852
1	244	180	0.999871
1	255	159	0.999865
1	368	266	0.999805
1	432	326	0.999771
1	247	194	0.999869
1	309	199	0.999836
1	363	227	0.999807
1	171	123	0.999909
1	171	131	0.999909
1	389	302	0.999793
1	404	263	0.999785
0	447	380	0.999762
1	398	293	0.999788
1	336	227	0.999821
1	381	259	0.999797
1	471	328	0.999749
1	450	312	0.99976
1	463	362	0.999753
0	309	263	0.999835
1	264	183	0.999859
1	161	128	0.999914
1	305	190	0.999837
0	363	335	0.999806
0	417	371	0.999777
1	183	128	0.999902
1	450	325	0.999759
1	112	76	0.99994
1	362	240	0.999806
0	388	377	0.999792
0	69	57	0.999963
1	345	219	0.999815
0	110	94	0.999941
1	330	242	0.999823
1	440	274	0.999764
1	177	109	0.999905
0	417	373	0.999776
1	415	274	0.999777
0	415	347	0.999777
1	428	338	0.99977
1	463	302	0.999751
1	249	197	0.999866
1	418	270	0.999775
0	245	214	0.999868
0	438	404	0.999764
1	386	267	0.999792
1	334	244	0.99982
1	395	290	0.999787
0	254	242	0.999863
1	391	287	0.999789
0	50	46	0.999973
0	100	97	0.999946
1	224	159	0.999879
1	248	169	0.999866
1	333	266	0.99982
1	233	164	0.999874
1	229	179	0.999876
0	321	278	0.999826
0	273	258	0.999852
1	271	183	0.999853
1	411	331	0.999777
0	70	64	0.999962
1	337	216	0.999817
0	418	408	0.999773
0	440	394	0.999761
0	346	320	0.999812
1	460	355	0.99975
1	290	234	0.999842
0	356	337	0.999806
0	200	190	0.999891
0	433	366	0.999764
1	420	297	0.999771
1	220	163	0.99988
1	295	188	0.999839
0	418	340	0.999771
1	301	216	0.999835
1	445	352	0.999756
0	370	330	0.999797
0	410	354	0.999775
1	273	182	0.99985
0	353	305	0.999806
1	340	233	0.999813
0	449	442	0.999753
1	349	275	0.999808
1	174	138	0.999904
0	406	395	0.999776
0	406	386	0.999776
1	246	149	0.999864
1	293	212	0.999838
1	253	200	0.99986
1	374	274	0.999793
0	419	402	0.999768
1	65	44	0.999964
1	381	251	0.999789
0	451	443	0.99975
0	339	277	0.999812
1	247	192	0.999863
1	155	105	0.999914
0	413	355	0.99977
1	348	245	0.999806
1	147	117	0.999918
1	337	214	0.999812
0	276	249	0.999846
0	240	214	0.999866
0	231	216	0.999871
1	195	132	0.999891
1	440	277	0.999754
1	177	117	0.999901
0	393	333	0.99978
0	75	68	0.999958
0	416	403	0.999767
0	273	230	0.999847
0	394	322	0.999779
1	221	154	0.999876
0	235	218	0.999868
0	416	411	0.999766
0	231	202	0.99987
0	357	311	0.999799
1	103	63	0.999942
1	442	280	0.999751
0	172	151	0.999903
1	342	240	0.999807
0	365	348	0.999794
0	108	105	0.999939
1	363	231	0.999795
0	324	297	0.999817
0	331	275	0.999813
0	423	375	0.999761
0	237	234	0.999866
0	302	286	0.999829
0	302	271	0.999829
1	445	354	0.999748
1	254	195	0.999856
0	372	354	0.999789
1	104	72	0.999941
1	423	278	0.99976
0	162	161	0.999908
0	287	278	0.999837
1	343	236	0.999805
0	51	42	0.999971
1	408	277	0.999768
0	422	401	0.99976
1	209	154	0.999881
0	360	320	0.999795
0	428	390	0.999756
1	435	285	0.999752
1	298	210	0.99983
0	198	174	0.999887
1	289	214	0.999835
1	98	76	0.999944
0	194	164	0.999889
0	346	287	0.999802
1	131	100	0.999925
1	349	244	0.9998
0	340	324	0.999805
1	237	165	0.999864
0	324	300	0.999814
1	317	251	0.999818
1	402	318	0.999769
0	367	299	0.999789
0	370	335	0.999787
0	290	284	0.999833
1	368	228	0.999788
0	394	377	0.999773
0	432	360	0.999751
1	241	174	0.999861
0	130	127	0.999925
0	272	226	0.999843
1	239	157	0.999862
1	263	169	0.999848
1	436	303	0.999748
0	306	301	0.999823
0	401	362	0.999768
1	190	131	0.99989
1	435	313	0.999748
1	198	122	0.999885
0	153	128	0.999911
1	435	339	0.999747
0	361	353	0.99979
1	330	211	0.999808
1	385	281	0.999776
0	244	199	0.999858
1	421	279	0.999755
1	378	245	0.99978
0	347	314	0.999798
0	225	181	0.999869
0	182	169	0.999894
0	369	349	0.999785
0	290	269	0.999831
1	108	83	0.999937
1	420	308	0.999755
1	291	209	0.99983
1	397	277	0.999768
0	272	232	0.999841
0	366	309	0.999786
1	366	253	0.999786
1	415	306	0.999757
1	350	224	0.999795
1	408	310	0.999761
0	408	367	0.999761
0	418	417	0.999755
0	377	333	0.999779
0	394	339	0.999769
0	162	160	0.999905
0	295	248	0.999827
1	399	257	0.999766
0	235	204	0.999862
1	407	292	0.999761
1	429	341	0.999748
1	325	217	0.999809
1	245	153	0.999856
1	352	235	0.999793
0	316	264	0.999814
0	356	354	0.99979
1	317	195	0.999813
1	366	283	0.999784
0	105	90	0.999938
1	425	295	0.999749
1	237	177	0.99986
0	411	370	0.999757
0	367	336	0.999783
1	174	128	0.999897
0	152	146	0.99991
1	353	240	0.999791
1	157	113	0.999907
1	231	163	0.999863
0	59	53	0.999965
0	118	112	0.99993
0	418	416	0.999752
0	423	395	0.999749
1	315	199	0.999813
1	96	65	0.999943
1	370	294	0.99978
0	220	189	0.999869
0	151	133	0.99991
0	307	260	0.999817
1	206	165	0.999877
1	226	175	0.999865
1	410	317	0.999755
1	117	71	0.99993
1	322	212	0.999807
1	367	279	0.99978
1	270	192	0.999838
1	373	240	0.999776
1	328	245	0.999803
1	318	204	0.999809
1	293	205	0.999824
0	321	311	0.999807
1	309	247	0.999814
0	68	58	0.999959
1	272	207	0.999836
0	280	241	0.999831
0	217	198	0.999869
1	230	166	0.999861
1	369	254	0.999777
0	124	121	0.999925
1	286	204	0.999827
0	243	238	0.999853
1	405	251	0.999755
0	362	315	0.999781
0	332	313	0.999799
0	256	217	0.999845
1	284	218	0.999828
0	198	182	0.99988
0	297	295	0.99982
0	356	336	0.999784
1	181	136	0.99989
1	232	178	0.999859
1	301	199	0.999817
1	199	127	0.999879
0	245	226	0.999851
0	393	379	0.999761
1	268	199	0.999837
1	279	200	0.99983
0	164	161	0.9999
0	272	228	0.999834
0	298	267	0.999818
0	275	242	0.999832
0	335	274	0.999795
0	349	292	0.999786
0	334	283	0.999795
1	275	195	0.999831
0	361	306	0.999778
0	78	66	0.999952
1	125	98	0.999923
0	196	162	0.999879
0	322	270	0.999801
1	155	99	0.999904
0	247	210	0.999847
1	297	223	0.999816
0	308	267	0.999809
0	337	297	0.999791
0	335	288	0.999792
1	346	237	0.999785
0	251	229	0.999844
1	143	106	0.999911
0	376	335	0.999766
0	204	178	0.999873
0	273	259	0.99983
0	395	369	0.999754
0	244	233	0.999848
0	224	181	0.99986
1	379	258	0.999763
0	286	268	0.999821
1	289	209	0.999819
1	209	167	0.999869
0	236	217	0.999852
1	357	272	0.999776
1	172	113	0.999892
0	218	175	0.999863
1	401	273	0.999748
1	323	197	0.999797
1	175	108	0.99989
0	245	200	0.999846
1	202	136	0.999873
1	97	59	0.999939
1	367	262	0.999769
1	235	169	0.999852
0	127	113	0.99992
0	173	146	0.999891
1	214	144	0.999865
1	374	254	0.999764
1	328	248	0.999793
0	217	206	0.999863
1	190	146	0.99988
0	342	308	0.999784
1	220	151	0.999861
0	329	304	0.999792
0	327	299	0.999793
0	357	332	0.999774
1	183	146	0.999884
1	383	250	0.999757
1	230	139	0.999854
1	293	211	0.999814
0	367	352	0.999767
0	255	238	0.999838
0	288	241	0.999817
1	280	211	0.999822
1	234	164	0.999851
1	350	259	0.999777
1	102	69	0.999935
1	353	213	0.999775
1	218	165	0.999861
1	94	68	0.99994
1	382	277	0.999756
0	324	280	0.999793
1	241	149	0.999846
0	50	44	0.999968
1	150	114	0.999904
0	139	135	0.999911
1	278	202	0.999822
1	220	142	0.999859
0	273	269	0.999825
1	351	231	0.999775
0	346	337	0.999778
1	321	198	0.999794
1	349	276	0.999776
1	207	159	0.999867
0	328	262	0.999789
0	320	309	0.999794
1	59	36	0.999962
0	354	297	0.999772
0	208	203	0.999866
1	149	108	0.999904
1	166	131	0.999893
0	318	317	0.999795
1	276	170	0.999822
1	62	40	0.99996
0	327	317	0.999789
1	254	165	0.999836
1	308	205	0.999801
0	246	227	0.999841
0	280	244	0.999819
0	249	230	0.999839
1	303	207	0.999804
1	340	235	0.99978
1	315	229	0.999796
1	353	231	0.999771
0	294	262	0.999809
1	60	47	0.999961
1	200	124	0.99987
1	332	203	0.999784
0	384	357	0.99975
1	247	169	0.999839
0	118	106	0.999923
0	274	245	0.999821
1	229	174	0.99985
1	90	70	0.999941
0	366	350	0.99976
1	338	257	0.999778
1	239	181	0.999843
1	175	124	0.999885
1	149	92	0.999902
0	304	299	0.9998
0	342	284	0.999775
1	117	91	0.999923
1	351	219	0.999769
0	252	222	0.999834
1	173	119	0.999886
0	229	206	0.999849
0	326	280	0.999785
0	362	331	0.999761
1	283	218	0.999813
1	378	236	0.99975
1	195	118	0.999871
0	260	216	0.999828
1	160	123	0.999894
1	92	63	0.999939
1	104	70	0.999931
0	309	261	0.999795
1	334	209	0.999778
1	179	133	0.999881
1	260	175	0.999827
1	269	182	0.999821
1	105	79	0.99993
0	165	137	0.99989
1	303	230	0.999798
1	343	214	0.999771
1	328	250	0.999781
1	280	185	0.999813
1	377	245	0.999748
0	353	282	0.999764
0	329	300	0.99978
1	281	221	0.999812
1	245	149	0.999836
0	343	297	0.99977
0	319	278	0.999786
0	307	269	0.999794
0	219	185	0.999853
0	286	266	0.999808
1	201	158	0.999865
1	186	122	0.999875
0	311	264	0.999791
0	354	289	0.999762
1	348	231	0.999766
0	171	137	0.999885
1	263	171	0.999823
0	138	124	0.999907
1	319	240	0.999785
0	267	258	0.99982
1	215	151	0.999855
1	258	200	0.999826
0	301	272	0.999797
0	332	304	0.999776
0	157	143	0.999894
1	349	270	0.999764
0	269	242	0.999818
1	167	125	0.999887
0	310	306	0.99979
1	245	172	0.999834
0	245	214	0.999834
0	149	146	0.999899
0	236	196	0.99984
1	320	248	0.999783
0	333	312	0.999774
1	371	281	0.999748
1	340	221	0.999769
1	309	219	0.99979
0	297	280	0.999798
0	97	93	0.999934
0	169	147	0.999885
0	216	212	0.999853
0	310	257	0.999789
1	317	243	0.999784
0	179	159	0.999878
1	327	230	0.999777
1	195	154	0.999867
0	346	319	0.999764
0	293	260	0.9998
0	174	150	0.999881
1	213	150	0.999854
0	325	282	0.999777
0	341	331	0.999766
0	166	136	0.999886
0	294	279	0.999798
1	358	262	0.999754
1	243	189	0.999833
1	323	202	0.999778
1	355	268	0.999756
1	189	131	0.99987
0	331	312	0.999772
1	367	237	0.999747
1	345	224	0.999762
1	291	185	0.999799
0	152	136	0.999895
1	346	237	0.999761
0	325	298	0.999775
1	306	209	0.999788
0	293	270	0.999797
0	254	224	0.999824
1	264	178	0.999817
1	163	118	0.999887
0	326	320	0.999774
1	173	114	0.99988
0	128	107	0.999911
0	243	217	0.999831
0	89	82	0.999938
0	234	227	0.999837
0	271	218	0.999811
1	361	247	0.999748
0	285	249	0.999801
1	229	160	0.99984
0	259	242	0.999819
0	70	65	0.999951
0	341	319	0.999761
1	154	104	0.999892
0	295	262	0.999793
1	138	108	0.999903
0	199	161	0.99986
0	226	189	0.999841
0	321	286	0.999774
1	176	128	0.999876
0	218	183	0.999846
0	212	184	0.99985
0	202	182	0.999857
1	226	162	0.99984
0	247	236	0.999825
1	350	222	0.999752
0	145	121	0.999897
0	235	200	0.999833
0	263	257	0.999813
0	184	148	0.999869
0	309	261	0.99978
1	258	161	0.999816
0	342	273	0.999756
1	199	127	0.999858
1	70	48	0.99995
0	217	203	0.999845
0	322	297	0.99977
1	288	206	0.999794
0	109	100	0.999922
0	320	293	0.999771
1	197	135	0.999859
1	331	214	0.999763
1	275	212	0.999803
1	254	170	0.999818
1	173	120	0.999876
1	346	265	0.999752
1	138	102	0.999901
1	124	90	0.999911
1	333	263	0.999761
0	337	278	0.999758
1	252	174	0.999819
1	185	119	0.999867
0	210	183	0.999849
0	321	273	0.999769
1	307	219	0.999779
0	336	289	0.999758
0	261	209	0.999812
0	104	87	0.999925
1	330	223	0.999762
1	223	161	0.999839
1	108	77	0.999922
0	292	244	0.999789
0	166	147	0.99988
1	336	220	0.999757
0	170	137	0.999877
0	199	167	0.999856
1	304	229	0.99978
0	91	84	0.999934
1	324	205	0.999765
1	215	144	0.999844
1	237	174	0.999828
0	168	146	0.999878
1	106	72	0.999923
0	212	193	0.999846
0	205	191	0.999851
0	158	128	0.999885
0	217	197	0.999842
0	140	125	0.999898
1	122	83	0.999911
0	207	182	0.999849
1	189	127	0.999862
1	204	160	0.999851
1	205	158	0.99985
1	224	149	0.999836
0	172	151	0.999874
1	258	181	0.999811
1	94	66	0.999931
0	271	218	0.999801
1	260	185	0.999809
1	249	164	0.999817
1	234	164	0.999828
1	268	209	0.999803
1	336	232	0.999753
1	303	204	0.999777
0	197	188	0.999855
1	239	163	0.999824
1	335	218	0.999753
1	183	141	0.999865
1	237	179	0.999825
0	302	273	0.999777
1	153	113	0.999887
0	333	275	0.999754
0	326	310	0.999759
0	192	165	0.999858
1	336	263	0.999751
0	244	195	0.999819
0	326	261	0.999758
1	167	109	0.999876
1	223	145	0.999834
0	239	215	0.999822
1	220	141	0.999836
1	308	212	0.99977
0	332	302	0.999752
1	265	197	0.999802
0	254	214	0.99981
0	290	283	0.999783
0	68	59	0.999949
1	208	126	0.999844
0	309	259	0.999768
1	161	125	0.999879
0	274	249	0.999794
0	194	168	0.999854
1	170	118	0.999872
1	255	187	0.999808
1	264	198	0.999801
0	252	220	0.99981
1	273	186	0.999794
1	159	121	0.99988
0	295	234	0.999777
1	145	110	0.99989
1	319	226	0.999758
0	249	243	0.999811
1	245	157	0.999814
0	179	144	0.999864
0	271	218	0.999794
1	259	204	0.999803
1	255	182	0.999806
0	290	288	0.999779
1	223	135	0.99983
1	299	194	0.999772
0	236	220	0.99982
0	229	202	0.999825
0	119	116	0.999909
0	132	111	0.999899
0	239	228	0.999817
0	252	249	0.999807
1	308	226	0.999764
0	326	296	0.99975
1	245	175	0.999812
0	86	71	0.999934
1	271	203	0.999792
0	254	243	0.999805
0	268	224	0.999794
0	173	164	0.999867
1	251	184	0.999807
1	247	180	0.99981
0	152	123	0.999883
0	300	286	0.999769
1	79	58	0.999939
1	229	159	0.999823
0	181	169	0.99986
1	230	153	0.999822
0	146	129	0.999887
1	301	233	0.999767
0	250	210	0.999806
0	143	140	0.999889
0	282	268	0.999781
0	296	260	0.99977
1	305	240	0.999763
0	265	217	0.999794
1	194	131	0.999849
1	231	165	0.99982
1	286	175	0.999777
0	241	205	0.999812
0	174	145	0.999864
1	317	211	0.999752
1	69	53	0.999946
0	138	121	0.999892
0	281	254	0.99978
0	212	174	0.999834
1	318	206	0.999751
0	166	135	0.99987
0	259	228	0.999797
1	315	245	0.999753
1	293	225	0.99977
0	261	249	0.999795
0	295	259	0.999768
0	197	182	0.999845
0	304	303	0.99976
1	252	173	0.999801
0	214	170	0.999831
0	281	223	0.999778
0	205	166	0.999838
0	124	106	0.999902
0	172	154	0.999864
1	220	142	0.999826
0	192	162	0.999848
0	216	194	0.999829
0	269	254	0.999787
0	221	214	0.999825
0	102	92	0.999919
0	73	67	0.999942
0	239	211	0.99981
0	270	250	0.999785
1	300	232	0.999761
1	128	84	0.999898
1	251	154	0.9998
0	222	207	0.999823
1	282	186	0.999775
1	302	216	0.999759
0	228	196	0.999818
1	124	91	0.999901
0	139	133	0.999889
1	210	148	0.999832
1	265	166	0.999788
1	305	223	0.999756
0	176	175	0.999859
1	227	152	0.999818
0	303	242	0.999757
1	298	224	0.999761
1	268	197	0.999785
0	299	275	0.99976
1	254	157	0.999796
0	302	265	0.999757
0	287	232	0.999769
1	231	140	0.999814
1	303	238	0.999756
1	175	121	0.999859
0	314	289	0.999747
0	67	56	0.999946
1	196	141	0.999842
0	263	223	0.999788
1	191	149	0.999846
0	62	54	0.99995
0	88	87	0.999929
1	57	43	0.999954
0	228	184	0.999816
1	285	191	0.99977
1	218	151	0.999824
0	104	84	0.999916
1	146	90	0.999882
1	262	161	0.999788
1	215	156	0.999826
1	273	198	0.999779
1	111	82	0.99991
0	202	196	0.999836
1	235	146	0.999809
0	281	230	0.999771
0	76	71	0.999938
0	278	256	0.999773
1	257	178	0.99979
1	302	185	0.999753
1	294	228	0.999759
1	264	186	0.999783
0	277	227	0.999772
0	182	151	0.99985
1	200	122	0.999835
1	109	70	0.99991
1	281	187	0.999768
0	293	290	0.999758
1	235	158	0.999805
1	283	174	0.999765
1	289	195	0.99976
1	249	163	0.999793
1	202	155	0.999832
0	221	212	0.999816
1	180	122	0.99985
0	289	273	0.999759
0	205	203	0.999829
0	261	230	0.999782
0	141	114	0.999882
0	233	194	0.999805
0	260	219	0.999782
1	168	125	0.999859
1	299	214	0.999749
1	237	182	0.999801
0	50	45	0.999958
1	259	172	0.999782
1	71	52	0.99994
0	214	191	0.999819
0	247	231	0.999791
0	189	155	0.99984
1	196	128	0.999834
0	271	223	0.99977
0	232	231	0.999803
1	206	127	0.999825
0	273	249	0.999768
0	134	110	0.999886
0	162	144	0.999862
0	265	255	0.999774
1	75	52	0.999936
0	150	148	0.999872
0	158	151	0.999865
1	248	184	0.999788
0	236	221	0.999798
1	105	72	0.99991
1	204	126	0.999825
0	249	232	0.999786
0	230	208	0.999802
1	225	151	0.999806
1	80	60	0.999931
0	269	254	0.999768
1	175	111	0.999849
1	234	180	0.999798
1	249	186	0.999785
0	164	147	0.999858
1	84	59	0.999927
1	54	39	0.999953
0	278	257	0.999758
0	93	90	0.999919
1	155	101	0.999865
1	248	172	0.999784
1	281	200	0.999755
0	220	190	0.999808
1	126	77	0.99989
1	142	86	0.999876
0	277	232	0.999758
1	285	217	0.999751
0	160	133	0.99986
1	168	109	0.999853
1	224	166	0.999804
0	158	138	0.999861
0	75	68	0.999934
1	234	149	0.999794
0	201	168	0.999823
1	126	90	0.999889
0	236	196	0.999792
0	112	98	0.999901
0	132	131	0.999883
0	283	280	0.999749
0	63	61	0.999944
0	225	222	0.9998
1	172	125	0.999847
0	109	102	0.999903
0	164	146	0.999854
0	211	187	0.999812
0	267	234	0.999762
1	167	115	0.999851
1	252	162	0.999775
0	141	116	0.999874
1	160	111	0.999857
1	104	67	0.999907
1	123	79	0.99989
1	237	169	0.999788
0	143	120	0.999872
0	144	114	0.999871
0	243	219	0.999782
1	138	97	0.999876
1	119	72	0.999893
1	219	148	0.999803
1	163	122	0.999853
0	174	162	0.999843
1	266	208	0.99976
1	256	200	0.999769
1	124	97	0.999888
1	279	183	0.999748
0	135	110	0.999878
0	156	140	0.999859
1	146	92	0.999868
1	211	130	0.999809
1	247	154	0.999776
0	205	194	0.999814
0	65	51	0.999941
0	217	187	0.999803
0	120	102	0.999891
0	131	104	0.999881
1	143	93	0.99987
0	89	87	0.999919
0	262	246	0.99976
1	262	191	0.99976
1	110	81	0.999899
1	246	171	0.999774
0	199	176	0.999817
1	100	66	0.999908
1	189	124	0.999826
0	114	107	0.999895
1	253	194	0.999767
0	64	54	0.999941
0	221	182	0.999796
0	223	214	0.999794
1	145	102	0.999866
0	161	130	0.999851
0	96	92	0.999911
1	156	112	0.999855
0	57	46	0.999947
1	215	154	0.9998
1	247	151	0.99977
1	262	202	0.999756
0	233	217	0.999783
0	176	173	0.999836
0	237	202	0.999779
0	149	117	0.999861
0	224	213	0.999791
0	75	62	0.99993
0	151	140	0.999859
1	136	87	0.999873
0	213	190	0.999801
0	198	159	0.999815
0	140	132	0.999869
0	253	251	0.999763
0	64	61	0.99994
0	216	174	0.999797
1	118	88	0.999889
0	68	57	0.999936
1	256	184	0.999759
1	258	158	0.999757
1	173	121	0.999837
1	225	165	0.999788
1	87	63	0.999918
1	160	116	0.999849
0	197	190	0.999814
0	108	87	0.999898
0	217	193	0.999795
0	127	117	0.99988
1	259	198	0.999755
0	95	87	0.99991
1	239	152	0.999773
1	123	94	0.999883
0	211	171	0.999799
0	257	246	0.999755
0	108	105	0.999897
1	162	123	0.999845
0	155	141	0.999851
0	211	188	0.999797
0	111	92	0.999893
0	222	210	0.999786
0	143	122	0.999862
1	200	131	0.999807
1	261	198	0.999748
0	206	176	0.999801
0	240	215	0.999768
1	193	129	0.999813
1	129	95	0.999875
0	68	58	0.999934
0	237	232	0.99977
1	186	129	0.999819
0	224	189	0.999782
0	226	224	0.99978
0	117	99	0.999886
1	80	53	0.999922
1	160	122	0.999844
0	161	144	0.999843
0	131	116	0.999872
0	133	127	0.99987
0	237	215	0.999768
0	239	234	0.999766
0	99	98	0.999903
0	201	188	0.999803
0	162	138	0.999841
1	163	108	0.99984
0	166	164	0.999837
1	168	107	0.999835
0	117	108	0.999885
1	184	118	0.999819
0	249	233	0.999755
1	77	47	0.999924
0	155	134	0.999847
1	83	53	0.999918
1	200	141	0.999802
0	110	90	0.999891
1	134	90	0.999867
1	145	93	0.999856
0	148	126	0.999853
0	170	149	0.999831
1	221	165	0.99978
1	55	38	0.999945
1	88	68	0.999912
1	94	58	0.999906
0	107	91	0.999893
0	108	92	0.999892
0	172	153	0.999828
1	195	125	0.999805
1	239	175	0.999761
0	211	210	0.999788
0	206	176	0.999793
1	204	132	0.999795
1	180	123	0.999819
1	167	107	0.999832
0	152	122	0.999847
1	245	183	0.999753
0	120	111	0.999879
0	117	112	0.999882
1	216	148	0.999782
0	203	172	0.999795
1	233	154	0.999764
1	196	142	0.999801
1	64	47	0.999935
1	189	144	0.999808
1	183	111	0.999814
1	177	127	0.99982
0	169	167	0.999828
0	204	183	0.999792
1	242	175	0.999753
1	236	182	0.999759
0	139	111	0.999858
0	176	162	0.99982
0	121	106	0.999876
0	239	204	0.999755
1	235	155	0.999759
0	195	187	0.9998
0	116	113	0.999881
0	230	189	0.999764
1	180	116	0.999815
1	141	98	0.999855
1	68	47	0.99993
0	203	160	0.999791
0	98	86	0.999899
1	129	86	0.999867
0	92	82	0.999905
1	214	140	0.999779
1	214	155	0.999779
1	173	134	0.999821
1	200	128	0.999793
0	54	53	0.999944
0	188	160	0.999805
0	181	142	0.999812
0	207	167	0.999785
0	206	194	0.999786
0	126	115	0.999869
0	191	188	0.999801
0	119	116	0.999876
0	118	103	0.999877
1	90	68	0.999906
0	225	220	0.999765
1	207	146	0.999783
1	160	108	0.999832
1	239	146	0.999749
1	217	161	0.999772
1	58	36	0.999939
0	174	153	0.999817
0	173	172	0.999818
1	204	137	0.999785
1	220	150	0.999768
1	236	158	0.999751
1	161	101	0.99983
1	212	159	0.999776
1	157	109	0.999834
1	227	138	0.99976
1	221	170	0.999766
1	220	138	0.999767
1	161	107	0.999829
0	64	57	0.999932
1	221	160	0.999765
0	173	153	0.999816
1	109	71	0.999884
0	181	169	0.999807
0	196	171	0.999791
1	224	166	0.999761
1	103	77	0.99989
0	172	157	0.999816
1	100	74	0.999893
1	100	72	0.999893
0	184	178	0.999803
0	150	124	0.999839
1	106	72	0.999886
1	210	128	0.999774
1	156	99	0.999832
1	195	122	0.99979
1	90	69	0.999903
0	230	189	0.999752
1	165	124	0.999822
1	76	47	0.999918
0	176	171	0.99981
1	210	141	0.999773
0	202	177	0.999781
1	123	88	0.999866
1	166	111	0.999819
1	230	175	0.999749
1	162	121	0.999823
0	201	163	0.99978
1	155	108	0.99983
1	51	38	0.999944
1	194	130	0.999787
1	60	46	0.999934
0	190	186	0.999791
1	145	99	0.99984
1	164	112	0.999819
1	104	68	0.999885
1	204	129	0.999774
1	183	123	0.999797
1	91	60	0.999899
0	172	159	0.999809
0	153	148	0.99983
1	176	122	0.999804
0	218	185	0.999757
0	217	197	0.999758
1	171	127	0.999809
1	195	125	0.999782
0	203	195	0.999773
0	125	101	0.99986
1	212	162	0.999762
0	215	213	0.999758
1	179	127	0.999798
0	140	113	0.999842
0	213	177	0.999759
0	210	204	0.999762
0	214	191	0.999757
0	221	194	0.999749
1	176	119	0.9998
1	159	96	0.999819
1	128	94	0.999854
0	211	194	0.999759
1	91	67	0.999896
0	91	76	0.999896
0	112	103	0.999872
0	94	92	0.999892
1	194	122	0.999777
0	156	131	0.99982
0	97	96	0.999888
0	184	156	0.999787
1	88	54	0.999898
0	69	60	0.99992
0	162	160	0.999812
1	205	125	0.999762
0	215	187	0.99975
1	122	87	0.999858
1	152	102	0.999823
0	194	180	0.999774
0	140	117	0.999836
0	98	82	0.999885
0	155	128	0.999818
0	80	74	0.999906
0	68	62	0.99992
0	130	113	0.999847
0	184	158	0.999783
1	89	68	0.999895
1	182	120	0.999785
0	110	95	0.99987
0	125	101	0.999852
0	183	170	0.999783
1	199	139	0.999764
1	177	125	0.99979
0	134	121	0.999841
1	160	102	0.99981
1	111	69	0.999868
0	95	76	0.999887
0	200	158	0.999762
1	176	116	0.99979
0	207	204	0.999753
0	200	181	0.999761
0	174	170	0.999792
0	61	54	0.999927
0	132	127	0.999842
0	193	177	0.999769
1	111	85	0.999867
0	203	196	0.999756
0	79	63	0.999905
1	158	110	0.99981
0	146	132	0.999824
1	165	109	0.999801
0	179	140	0.999784
0	154	137	0.999814
1	206	143	0.999751
1	81	55	0.999902
1	99	73	0.99988
0	193	191	0.999766
1	170	105	0.999793
0	119	95	0.999855
1	82	63	0.9999
0	100	99	0.999878
1	154	111	0.999812
0	95	81	0.999884
0	196	169	0.99976
0	71	64	0.999913
1	190	123	0.999767
0	172	136	0.999789
1	70	47	0.999914
1	131	90	0.999839
0	179	143	0.999779
1	118	84	0.999854
0	67	57	0.999917
0	134	125	0.999834
0	117	96	0.999855
0	104	93	0.999871
1	54	35	0.999933
0	54	42	0.999933
1	166	121	0.999794
0	155	154	0.999807
0	159	149	0.999802
1	163	102	0.999797
0	150	132	0.999813
0	117	99	0.999854
1	153	99	0.999809
0	176	174	0.99978
0	199	186	0.999751
0	120	101	0.999849
1	170	116	0.999786
0	170	141	0.999786
0	196	177	0.999753
1	171	110	0.999784
1	106	69	0.999866
0	181	153	0.999771
1	128	92	0.999838
0	188	186	0.999762
0	156	155	0.999802
1	179	126	0.999772
0	154	133	0.999803
1	197	128	0.999748
1	197	145	0.999748
0	195	160	0.999749
0	174	162	0.999776
0	142	122	0.999817
0	189	163	0.999756
1	150	104	0.999806
1	102	65	0.999868
0	173	158	0.999776
0	162	129	0.99979
0	182	156	0.999764
0	195	154	0.999747
0	137	130	0.999822
0	155	138	0.999798
1	150	96	0.999804
0	71	63	0.999907
0	184	180	0.999759
0	158	155	0.999793
0	80	63	0.999895
0	160	151	0.99979
1	179	120	0.999765
1	127	82	0.999833
0	127	105	0.999833
1	145	90	0.999809
0	110	105	0.999855
0	184	172	0.999756
0	141	127	0.999813
0	177	169	0.999765
0	180	163	0.999761
0	137	132	0.999818
1	127	89	0.999831
0	169	142	0.999775
0	181	151	0.999759
1	72	54	0.999904
1	117	87	0.999844
0	144	134	0.999808
0	167	161	0.999777
0	144	117	0.999807
0	188	161	0.999748
1	162	102	0.999782
1	156	106	0.99979
0	72	59	0.999903
0	141	110	0.99981
1	86	62	0.999884
1	149	107	0.999799
0	63	59	0.999915
0	183	166	0.999753
1	157	105	0.999788
1	111	79	0.99985
1	156	105	0.999789
0	141	118	0.999809
0	62	61	0.999916
0	98	81	0.999867
0	168	155	0.999772
0	128	117	0.999826
1	180	122	0.999755
0	94	84	0.999872
1	116	85	0.999842
0	173	140	0.999764
0	164	135	0.999776
0	152	131	0.999792
1	157	117	0.999785
0	165	136	0.999774
0	135	134	0.999815
0	83	70	0.999886
1	107	66	0.999853
1	96	58	0.999868
1	154	94	0.999788
0	150	116	0.999793
1	126	93	0.999826
1	144	102	0.999801
0	83	78	0.999885
0	57	50	0.999921
1	137	94	0.99981
1	98	67	0.999864
1	145	100	0.999798
1	73	48	0.999898
0	163	129	0.999772
0	127	114	0.999822
1	131	90	0.999816
0	121	116	0.99983
0	101	96	0.999858
0	150	146	0.999789
1	142	88	0.9998
0	138	131	0.999805
0	106	90	0.99985
0	141	137	0.9998
1	148	90	0.99979
0	128	127	0.999818
0	170	137	0.999758
1	160	112	0.999772
1	141	95	0.999799
0	129	105	0.999816
0	70	66	0.9999
1	133	100	0.99981
0	58	51	0.999917
0	74	63	0.999894
1	90	60	0.999871
0	122	102	0.999825
1	69	53	0.999901
0	151	131	0.999783
0	139	125	0.9998
0	106	96	0.999847
1	71	50	0.999897
1	164	108	0.999762
1	150	98	0.999782
0	141	115	0.999795
0	77	65	0.999888
1	165	121	0.99976
0	127	121	0.999815
1	133	84	0.999806
0	109	104	0.999841
0	132	121	0.999807
1	108	71	0.999842
0	127	126	0.999814
1	101	61	0.999852
0	146	136	0.999786
0	107	87	0.999843
1	148	105	0.999782
0	158	157	0.999767
0	131	124	0.999806
1	153	98	0.999773
0	145	129	0.999784
0	145	117	0.999784
1	155	103	0.999769
0	78	62	0.999883
1	102	73	0.999847
1	118	86	0.999823
0	149	132	0.999776
1	139	86	0.999791
1	127	92	0.999809
1	77	59	0.999884
1	156	116	0.999765
1	146	91	0.99978
0	122	104	0.999816
0	164	159	0.999752
0	76	68	0.999885
0	103	89	0.999844
0	132	104	0.9998
0	64	51	0.999903
0	159	132	0.999759
1	126	97	0.999809
1	118	81	0.999821
0	143	142	0.999783
0	121	113	0.999815
0	76	62	0.999883
0	126	98	0.999806
1	122	77	0.999812
1	149	107	0.99977
0	147	114	0.999773
1	154	101	0.999762
1	152	101	0.999764
1	74	54	0.999885
1	139	96	0.999784
0	124	111	0.999807
0	149	137	0.999768
0	103	95	0.999839
0	71	60	0.999889
1	152	96	0.999762
0	53	47	0.999917
0	160	137	0.999749
1	117	74	0.999816
0	130	129	0.999795
0	121	112	0.999809
0	113	111	0.999821
0	80	70	0.999873
1	95	62	0.999849
0	88	78	0.99986
0	150	119	0.999761
0	62	49	0.999901
0	97	76	0.999845
1	80	52	0.999872
0	101	84	0.999838
0	84	65	0.999865
0	130	113	0.999791
0	64	53	0.999897
0	141	138	0.999773
0	52	42	0.999916
0	99	97	0.99984
1	128	83	0.999793
0	118	97	0.999808
1	137	95	0.999777
1	112	71	0.999816
0	112	91	0.999816
0	59	55	0.999903
0	130	101	0.999786
1	142	106	0.999765
1	51	34	0.999915
1	123	79	0.999795
0	109	102	0.999818
0	97	82	0.999838
0	67	53	0.999888
1	116	80	0.999806
0	147	121	0.999754
1	114	86	0.999809
0	134	123	0.999775
0	125	122	0.99979
1	138	88	0.999768
1	135	87	0.999773
0	95	82	0.99984
1	61	40	0.999897
1	78	56	0.999868
1	130	82	0.999779
0	67	57	0.999886
0	65	61	0.999889
0	134	122	0.999771
0	104	91	0.999822
1	95	62	0.999837
1	53	37	0.999909
0	108	98	0.999814
0	144	114	0.999752
0	132	119	0.999772
0	78	63	0.999865
1	64	44	0.999889
0	68	54	0.999882
1	88	55	0.999847
0	104	102	0.999819
1	125	80	0.999782
0	118	97	0.999794
1	122	85	0.999787
0	88	84	0.999846
1	108	71	0.99981
1	139	85	0.999755
0	72	65	0.999873
1	136	97	0.99976
0	95	87	0.999832
0	118	108	0.999791
0	73	70	0.99987
0	128	114	0.999772
0	130	109	0.999768
0	130	117	0.999768
1	75	49	0.999866
0	75	64	0.999866
0	75	61	0.999866
0	122	115	0.999782
0	132	110	0.999763
0	134	111	0.999759
1	81	51	0.999854
0	98	97	0.999823
0	124	101	0.999775
1	125	80	0.999773
0	131	121	0.999761
0	120	105	0.999781
0	93	90	0.99983
0	107	98	0.999804
0	127	121	0.999767
0	55	46	0.999899
1	55	42	0.999899
1	104	77	0.999809
1	98	72	0.99982
0	93	73	0.999829
0	129	127	0.999762
1	53	37	0.999902
0	130	126	0.999759
1	125	93	0.999768
1	91	59	0.99983
1	84	53	0.999843
0	54	51	0.999899
1	103	65	0.999807
0	111	93	0.999792
0	66	57	0.999876
0	52	50	0.999902
1	116	80	0.999781
0	92	86	0.999826
0	129	126	0.999756
1	114	81	0.999784
0	67	57	0.999872
0	79	68	0.999849
1	128	92	0.999755
0	73	69	0.99986
1	125	84	0.99976
1	101	76	0.999806
0	53	48	0.999898
1	118	77	0.999772
0	89	72	0.999828
1	119	78	0.99977
0	80	74	0.999845
0	65	52	0.999874
1	87	56	0.99983
0	95	91	0.999814
1	121	91	0.999763
0	107	86	0.999788
1	123	80	0.999756
0	80	64	0.999841
1	83	63	0.999835
0	120	106	0.999761
0	50	47	0.9999
1	110	84	0.99978
0	112	99	0.999776
1	119	91	0.999762
0	125	101	0.999748
1	59	38	0.999881
0	59	56	0.999881
1	109	79	0.99978
0	123	116	0.999751
1	80	56	0.999838
0	106	105	0.999785
0	121	114	0.999754
1	104	78	0.999788
0	77	70	0.999843
0	91	70	0.999814
0	100	87	0.999795
1	92	65	0.999811
0	91	78	0.999813
1	87	56	0.999821
0	66	55	0.999864
1	85	59	0.999824
1	94	71	0.999804
0	58	48	0.999879
0	104	95	0.999783
0	114	89	0.999762
0	108	98	0.999774
0	71	58	0.999851
1	105	70	0.999779
0	82	68	0.999827
0	108	87	0.999772
0	116	115	0.999755
0	114	103	0.999759
0	51	49	0.999892
1	66	48	0.99986
0	74	67	0.999843
0	107	97	0.999773
0	96	84	0.999796
1	55	34	0.999883
1	75	57	0.99984
0	82	63	0.999825
0	118	102	0.999748
1	66	43	0.999859
0	116	90	0.999752
0	116	104	0.999752
1	79	51	0.999831
0	78	67	0.999833
0	103	84	0.999779
1	64	49	0.999862
0	75	59	0.999838
1	88	56	0.999809
0	85	84	0.999815
1	85	60	0.999815
1	90	55	0.999804
0	101	84	0.99978
1	50	32	0.999891
0	115	97	0.999749
1	109	72	0.999762
0	98	91	0.999786
0	87	75	0.99981
1	54	38	0.999882
1	80	55	0.999825
1	72	48	0.999842
0	78	77	0.999827
0	95	83	0.999789
1	94	72	0.999791
0	99	89	0.999779
0	57	53	0.999872
0	61	49	0.999863
0	109	99	0.999755
0	99	82	0.999777
1	82	53	0.999815
0	63	54	0.999857
0	104	97	0.999763
0	50	43	0.999886
0	94	90	0.999784
1	85	63	0.999804
0	67	63	0.999845
1	95	60	0.99978
1	98	74	0.999773
1	95	69	0.999779
1	58	39	0.999865
0	96	86	0.999776
0	71	56	0.999834
0	54	53	0.999873
0	93	74	0.999781
1	56	40	0.999868
1	101	64	0.999761
1	87	64	0.999794
1	89	68	0.999789
1	102	67	0.999757
0	83	70	0.999802
1	89	63	0.999787
1	90	59	0.999784
0	81	63	0.999805
1	87	54	0.99979
1	72	49	0.999824
0	94	90	0.999767
0	101	89	0.999749
0	94	82	0.999766
1	98	69	0.999756
0	68	64	0.99983
1	92	68	0.99977
1	66	43	0.999834
0	93	75	0.999765
1	70	47	0.999823
0	67	54	0.999829
0	95	86	0.999757
0	74	58	0.999809
0	55	52	0.999858
0	54	45	0.99986
0	93	83	0.999758
0	73	61	0.99981
1	67	43	0.999825
0	78	72	0.999795
1	87	58	0.99977
0	91	78	0.999759
0	66	65	0.999825
0	58	56	0.999846
1	87	62	0.999769
0	61	54	0.999837
0	87	74	0.999767
1	93	67	0.99975
0	82	71	0.999779
0	66	64	0.999822
0	77	70	0.999792
0	88	72	0.999761
0	52	51	0.999858
0	77	63	0.999789
0	78	71	0.999784
0	88	81	0.999754
1	73	49	0.999795
1	53	39	0.999851
1	64	46	0.99982
0	59	58	0.999834
0	54	52	0.999848
0	78	61	0.99978
1	57	35	0.999839
0	69	67	0.999805
1	74	49	0.999789
0	61	47	0.999826
0	67	56	0.999808
0	86	81	0.999751
1	69	52	0.9998
0	71	58	0.999794
1	82	58	0.999762
1	70	53	0.999796
0	56	53	0.999836
0	70	65	0.999791
1	76	49	0.999771
1	78	54	0.999764
1	74	47	0.999776
0	71	61	0.999785
0	71	58	0.999785
0	68	57	0.999794
1	53	39	0.999837
1	67	49	0.999791
0	66	58	0.999794
1	77	47	0.999759
1	71	43	0.999777
1	67	45	0.999788
0	67	56	0.999788
0	69	64	0.99978
0	50	49	0.99984
1	54	35	0.999827
1	63	43	0.999797
1	71	46	0.999771
0	61	50	0.999803
0	74	72	0.99976
0	77	69	0.999749
0	72	61	0.999764
1	75	56	0.999754
1	68	52	0.999775
1	67	47	0.999775
0	55	45	0.999813
1	53	36	0.999819
1	57	35	0.999802
0	62	60	0.999784
0	66	63	0.999766
1	65	48	0.999764
1	68	48	0.999753
0	58	46	0.999789
1	68	49	0.99975
0	65	63	0.99976
0	61	55	0.999774
0	67	62	0.99975
0	65	61	0.999757
1	54	35	0.999797
1	64	46	0.999757
0	53	46	0.999796
0	63	49	0.999755
1	60	37	0.999759
0	57	55	0.999769
0	62	55	0.999748
1	50	36	0.999793
1	60	37	0.999748
0	50	48	0.999789
1	50	34	0.999787
0	51	47	0.999782
1	51	32	0.999781
0	55	53	0.999762
0	52	45	0.999774
1	53	34	0.999761
0	54	53	0.999756
1	51	36	0.999768
0	53	46	0.999758
0	51	39	0.999752
