212366
14.7054
5000
1	161	141	1
1	103	86	1
1	464	374	1
1	472	446	0.999999
1	448	259	0.999999
1	410	311	0.999999
1	400	331	0.999999
1	376	310	0.999999
1	343	250	0.999999
1	337	286	0.999999
1	329	277	0.999999
1	319	176	0.999999
1	309	258	0.999999
1	293	158	0.999999
1	293	261	0.999999
1	491	320	0.999998
1	243	135	0.999999
1	235	213	0.999999
1	451	387	0.999998
1	445	357	0.999998
1	433	399	0.999998
1	432	285	0.999998
1	405	324	0.999998
1	202	102	0.999999
1	200	131	0.999999
1	385	369	0.999998
1	375	200	0.999998
1	369	358	0.999998
1	182	179	0.999999
1	360	278	0.999998
1	342	329	0.999998
1	328	285	0.999998
1	486	278	0.999997
1	158	112	0.999999
1	473	445	0.999997
1	314	245	0.999998
1	140	78	0.999999
1	139	75	0.999999
1	272	266	0.999998
1	247	200	0.999998
1	364	290	0.999997
1	472	276	0.999996
1	459	307	0.999996
1	343	222	0.999997
1	456	365	0.999996
1	424	406	0.999996
1	401	202	0.999996
1	493	476	0.999995
1	390	326	0.999996
1	385	210	0.999996
1	90	86	0.999999
1	255	169	0.999997
1	83	55	0.999999
1	166	158	0.999998
1	249	144	0.999997
1	322	167	0.999996
1	241	208	0.999997
1	235	164	0.999997
1	311	305	0.999996
1	388	209	0.999995
1	452	303	0.999994
1	368	214	0.999995
1	427	302	0.999994
1	490	454	0.999993
1	489	458	0.999993
1	69	40	0.999999
1	341	317	0.999995
1	396	374	0.999994
1	460	360	0.999993
1	187	94	0.999997
1	310	196	0.999995
1	492	413	0.999992
1	306	222	0.999995
1	428	265	0.999993
1	361	233	0.999994
1	479	455	0.999992
1	478	364	0.999992
1	179	105	0.999997
1	291	202	0.999995
1	454	341	0.999992
1	166	134	0.999997
1	442	333	0.999992
1	497	319	0.999991
1	487	358	0.999991
1	54	38	0.999999
1	216	123	0.999996
1	209	180	0.999996
1	255	171	0.999995
1	357	228	0.999993
1	303	298	0.999994
1	100	68	0.999998
1	293	261	0.999994
1	337	312	0.999993
1	378	272	0.999992
1	141	124	0.999997
1	282	267	0.999994
1	467	296	0.99999
1	326	198	0.999993
1	278	177	0.999994
1	417	301	0.999991
1	412	325	0.999991
1	366	347	0.999992
1	182	142	0.999996
1	445	299	0.99999
1	177	112	0.999996
1	480	294	0.999989
1	345	239	0.999992
1	299	252	0.999993
1	169	136	0.999996
1	251	175	0.999994
1	415	361	0.99999
1	456	246	0.999989
1	414	331	0.99999
0	245	243	0.999994
1	447	252	0.999989
1	406	236	0.99999
1	322	292	0.999992
1	320	173	0.999992
1	397	243	0.99999
1	314	230	0.999992
1	273	166	0.999993
1	468	299	0.999988
1	115	78	0.999997
1	229	222	0.999994
1	456	436	0.999988
1	227	178	0.999994
1	226	170	0.999994
1	411	246	0.999989
1	372	325	0.99999
1	110	96	0.999997
1	471	431	0.999987
1	361	344	0.99999
1	468	326	0.999987
1	352	264	0.99999
1	350	195	0.99999
1	350	227	0.99999
1	419	386	0.999988
1	451	372	0.999987
1	104	77	0.999997
1	412	296	0.999988
1	231	209	0.999993
0	363	359	0.999989
1	419	400	0.999987
1	223	128	0.999993
1	253	172	0.999992
1	311	265	0.99999
0	401	400	0.999987
1	335	313	0.999989
1	303	252	0.99999
0	355	352	0.999988
1	353	317	0.999988
1	351	254	0.999988
1	466	406	0.999984
1	174	145	0.999994
1	460	285	0.999984
1	482	407	0.999983
1	85	71	0.999997
1	255	130	0.999991
1	425	375	0.999985
1	425	392	0.999985
1	425	368	0.999985
1	477	316	0.999983
1	279	186	0.99999
1	417	295	0.999985
1	305	210	0.999989
1	324	267	0.999988
1	478	457	0.999982
1	388	260	0.999985
1	387	214	0.999985
1	438	371	0.999983
1	102	64	0.999996
1	431	326	0.999983
1	425	227	0.999983
1	474	355	0.999981
1	224	156	0.999991
1	273	249	0.999989
1	99	91	0.999996
1	74	52	0.999997
1	270	196	0.999989
1	465	339	0.999981
1	367	311	0.999985
1	269	244	0.999989
1	122	68	0.999995
1	170	140	0.999993
1	169	137	0.999993
1	360	245	0.999985
1	310	228	0.999987
1	285	272	0.999988
1	355	266	0.999985
1	448	230	0.999981
1	212	166	0.999991
1	164	158	0.999993
1	349	256	0.999985
1	394	366	0.999983
1	208	195	0.999991
1	277	163	0.999988
1	438	359	0.999981
1	345	283	0.999985
1	460	261	0.99998
1	387	313	0.999983
1	477	284	0.999979
1	498	370	0.999978
1	384	289	0.999983
1	293	254	0.999987
1	180	172	0.999992
1	495	402	0.999978
1	268	190	0.999988
1	446	376	0.99998
1	420	273	0.999981
1	110	65	0.999995
1	176	103	0.999992
1	284	179	0.999987
1	370	285	0.999983
1	391	360	0.999982
1	130	113	0.999994
1	368	335	0.999983
0	151	150	0.999993
1	366	324	0.999983
1	408	293	0.999981
1	107	77	0.999995
1	402	301	0.999981
1	423	372	0.99998
1	465	363	0.999978
1	211	173	0.99999
1	253	178	0.999988
1	294	231	0.999986
1	461	355	0.999978
1	438	385	0.999979
1	125	108	0.999994
1	206	132	0.99999
1	408	354	0.99998
1	427	388	0.999979
1	203	131	0.99999
1	446	424	0.999978
1	464	334	0.999977
1	403	294	0.99998
1	423	375	0.999979
1	201	159	0.99999
0	378	367	0.999981
0	476	461	0.999976
1	237	135	0.999988
1	335	310	0.999983
1	255	184	0.999987
1	466	398	0.999976
1	289	234	0.999985
1	443	232	0.999977
1	441	388	0.999977
1	479	438	0.999975
1	267	170	0.999986
1	361	183	0.999981
1	399	365	0.999979
1	245	156	0.999987
1	452	331	0.999976
1	338	305	0.999982
1	450	320	0.999976
1	408	388	0.999978
1	274	213	0.999985
1	73	51	0.999996
1	438	399	0.999976
1	328	267	0.999982
1	364	258	0.99998
0	382	380	0.999979
1	326	210	0.999982
1	467	402	0.999974
1	358	221	0.99998
0	232	225	0.999987
1	478	340	0.999973
1	389	208	0.999978
1	175	94	0.99999
1	280	254	0.999984
1	157	123	0.999991
1	261	245	0.999985
1	400	237	0.999977
1	399	299	0.999977
0	450	443	0.999974
1	431	372	0.999975
1	275	153	0.999984
1	223	141	0.999987
1	120	100	0.999993
1	478	269	0.999972
1	304	272	0.999982
1	270	168	0.999984
1	452	257	0.999973
1	368	260	0.999978
1	434	327	0.999974
0	283	278	0.999983
1	382	321	0.999977
1	199	171	0.999988
1	431	289	0.999974
1	464	361	0.999972
1	215	121	0.999987
1	428	333	0.999974
1	426	304	0.999974
1	491	433	0.99997
0	441	431	0.999973
1	310	158	0.999981
1	391	367	0.999976
1	374	323	0.999977
1	260	143	0.999984
1	469	438	0.999971
1	226	163	0.999986
1	339	235	0.999979
0	482	479	0.99997
0	144	143	0.999991
1	272	170	0.999983
1	384	363	0.999976
1	448	399	0.999972
1	496	330	0.999969
1	478	313	0.99997
1	430	274	0.999973
1	414	247	0.999974
1	365	298	0.999977
1	95	48	0.999994
1	443	226	0.999972
1	157	113	0.99999
1	140	101	0.999991
1	481	260	0.999969
1	341	275	0.999978
1	371	305	0.999976
1	462	260	0.99997
1	123	114	0.999992
1	444	349	0.999971
1	397	228	0.999974
1	61	31	0.999996
1	411	292	0.999973
1	258	220	0.999983
0	182	178	0.999988
1	379	343	0.999975
1	318	277	0.999979
1	421	236	0.999972
1	165	148	0.999989
0	345	330	0.999977
1	390	340	0.999974
1	374	211	0.999975
1	478	432	0.999968
0	416	405	0.999972
1	475	403	0.999968
1	430	315	0.999971
0	385	373	0.999974
0	443	431	0.99997
1	397	292	0.999973
1	293	173	0.99998
1	438	287	0.99997
0	332	318	0.999977
0	433	429	0.99997
1	403	342	0.999972
1	443	259	0.999969
0	271	269	0.999981
1	328	298	0.999977
1	171	98	0.999988
1	285	178	0.99998
1	497	315	0.999965
1	283	256	0.99998
1	395	269	0.999972
1	379	228	0.999973
1	461	339	0.999967
1	293	236	0.999979
1	195	129	0.999986
1	459	316	0.999967
1	111	101	0.999992
1	97	54	0.999993
1	291	219	0.999979
1	427	386	0.999969
1	385	207	0.999972
0	316	303	0.999977
1	398	238	0.999971
1	397	215	0.999971
1	68	41	0.999995
1	108	79	0.999992
1	486	331	0.999964
1	202	142	0.999985
1	349	303	0.999974
1	333	298	0.999975
1	398	342	0.99997
1	106	63	0.999992
0	265	257	0.99998
1	357	212	0.999973
1	158	89	0.999988
1	418	256	0.999968
1	457	298	0.999965
1	130	75	0.99999
0	363	351	0.999972
1	465	424	0.999964
1	439	252	0.999966
1	463	235	0.999964
1	411	212	0.999968
1	244	224	0.999981
1	385	331	0.99997
1	486	429	0.999962
1	422	325	0.999967
1	255	192	0.99998
1	355	192	0.999972
1	380	232	0.99997
1	456	275	0.999964
1	481	265	0.999962
1	291	213	0.999977
0	454	434	0.999964
1	252	217	0.99998
1	428	295	0.999966
1	138	96	0.999989
1	414	336	0.999967
1	351	188	0.999972
1	451	328	0.999964
1	337	251	0.999973
1	237	152	0.999981
1	449	250	0.999964
1	274	200	0.999978
1	336	260	0.999973
1	496	394	0.99996
0	371	351	0.99997
1	418	309	0.999966
1	172	152	0.999986
1	405	337	0.999967
1	355	301	0.999971
1	110	67	0.999991
1	415	213	0.999966
1	488	450	0.99996
1	500	440	0.999959
1	85	43	0.999993
1	363	185	0.99997
1	266	171	0.999978
1	362	338	0.99997
1	241	157	0.99998
1	372	271	0.999969
1	384	347	0.999968
0	359	348	0.99997
1	227	159	0.999981
1	418	301	0.999965
1	167	96	0.999986
1	477	261	0.99996
1	429	392	0.999964
1	226	185	0.999981
1	107	72	0.999991
1	463	319	0.999961
1	249	142	0.999979
0	486	457	0.999959
1	461	294	0.999961
1	248	170	0.999979
1	425	261	0.999964
1	340	184	0.999971
1	211	166	0.999982
1	315	270	0.999973
1	361	327	0.999969
1	384	302	0.999967
1	384	339	0.999967
0	302	284	0.999974
1	486	405	0.999958
1	451	255	0.999961
0	416	413	0.999964
1	391	333	0.999966
1	481	390	0.999958
1	103	78	0.999991
0	240	225	0.999979
1	480	255	0.999958
1	434	354	0.999962
1	434	255	0.999962
1	354	237	0.999969
1	489	326	0.999957
1	489	424	0.999957
1	307	254	0.999973
1	374	219	0.999967
1	147	127	0.999987
1	294	167	0.999974
1	349	176	0.999969
0	493	475	0.999956
1	367	243	0.999967
1	400	319	0.999964
1	344	194	0.999969
1	233	119	0.999979
1	299	188	0.999973
1	321	294	0.999971
1	408	379	0.999963
1	319	180	0.999971
1	406	358	0.999963
1	241	222	0.999978
1	469	401	0.999957
1	98	55	0.999991
1	370	241	0.999966
1	315	292	0.999971
1	391	254	0.999964
1	152	99	0.999986
1	281	193	0.999974
1	281	146	0.999974
1	86	59	0.999992
1	300	251	0.999972
1	375	255	0.999965
1	384	219	0.999964
1	266	241	0.999975
1	117	105	0.999989
0	499	478	0.999953
1	275	170	0.999974
1	423	300	0.99996
1	316	170	0.99997
0	494	470	0.999953
1	105	86	0.99999
1	439	283	0.999958
1	198	179	0.999981
1	437	345	0.999958
1	343	289	0.999967
1	353	208	0.999966
0	372	350	0.999964
1	443	368	0.999957
1	412	347	0.99996
1	463	265	0.999955
0	473	463	0.999954
1	185	96	0.999982
1	492	337	0.999952
1	358	312	0.999965
1	225	135	0.999978
0	265	250	0.999974
0	285	276	0.999972
1	467	362	0.999954
1	455	405	0.999955
1	242	222	0.999976
1	491	306	0.999951
1	469	386	0.999953
1	279	256	0.999972
1	477	314	0.999952
0	447	443	0.999955
1	446	356	0.999955
1	317	249	0.999968
0	198	190	0.99998
1	89	63	0.999991
1	346	233	0.999965
1	79	68	0.999992
1	59	41	0.999994
1	236	215	0.999976
0	285	274	0.999971
1	292	176	0.99997
1	389	312	0.99996
1	126	86	0.999987
1	465	284	0.999952
1	368	214	0.999962
1	393	330	0.999959
1	124	111	0.999987
1	448	250	0.999953
1	95	53	0.99999
1	408	280	0.999957
0	332	331	0.999965
0	454	434	0.999952
1	349	283	0.999963
1	215	133	0.999977
1	383	237	0.999959
1	381	349	0.999959
1	389	323	0.999958
0	259	257	0.999972
1	388	352	0.999958
1	488	356	0.999947
1	312	264	0.999966
1	183	122	0.99998
0	446	437	0.999951
1	481	406	0.999947
1	444	230	0.999951
1	154	140	0.999983
1	471	320	0.999948
1	279	218	0.999969
1	297	156	0.999967
1	449	242	0.99995
1	350	225	0.999961
1	349	251	0.999961
1	375	229	0.999958
0	428	406	0.999952
1	401	324	0.999955
1	276	235	0.999969
1	213	194	0.999976
1	186	94	0.999979
0	344	334	0.999961
1	361	190	0.999959
1	361	294	0.999959
0	493	480	0.999944
0	466	453	0.999947
1	447	402	0.999949
1	481	259	0.999945
1	306	170	0.999965
1	349	272	0.99996
0	314	293	0.999964
1	471	279	0.999946
1	436	269	0.99995
1	331	171	0.999962
0	374	364	0.999957
1	200	167	0.999977
1	365	297	0.999958
1	460	351	0.999947
1	381	212	0.999956
1	484	306	0.999944
1	285	152	0.999967
1	259	227	0.99997
1	378	304	0.999956
1	438	318	0.999949
1	395	249	0.999954
1	455	260	0.999947
0	300	284	0.999965
0	487	448	0.999943
0	425	400	0.99995
1	331	169	0.999961
0	371	349	0.999956
0	118	113	0.999986
1	470	417	0.999944
1	218	133	0.999974
1	251	202	0.99997
1	50	34	0.999994
1	391	255	0.999953
1	291	256	0.999965
0	108	102	0.999987
1	356	284	0.999957
1	447	334	0.999946
1	402	243	0.999951
1	336	279	0.999959
1	344	239	0.999958
1	442	309	0.999946
1	327	235	0.99996
1	474	322	0.999942
1	268	169	0.999967
1	211	107	0.999974
1	211	160	0.999974
1	422	296	0.999948
1	446	380	0.999945
1	453	302	0.999944
1	444	282	0.999945
1	476	281	0.999941
1	443	324	0.999945
0	298	280	0.999963
1	337	282	0.999958
1	80	57	0.99999
1	232	130	0.999971
1	288	253	0.999964
1	336	251	0.999958
0	464	438	0.999942
1	279	186	0.999965
1	366	286	0.999954
1	135	98	0.999983
1	135	117	0.999983
1	436	278	0.999945
1	491	411	0.999938
1	324	200	0.999959
1	300	263	0.999962
1	323	253	0.999959
1	141	122	0.999982
0	446	420	0.999943
0	438	401	0.999944
1	265	156	0.999966
1	148	92	0.999981
1	366	214	0.999953
1	303	253	0.999961
1	194	128	0.999975
1	380	304	0.999951
1	186	141	0.999976
1	496	254	0.999936
1	325	240	0.999958
0	309	293	0.99996
1	408	282	0.999947
1	477	269	0.999938
1	492	297	0.999936
1	238	129	0.999969
1	276	227	0.999964
1	153	97	0.99998
1	474	286	0.999938
1	275	247	0.999964
1	442	385	0.999942
1	335	205	0.999956
0	426	394	0.999944
1	327	263	0.999957
1	190	107	0.999975
1	228	133	0.99997
1	266	207	0.999965
1	182	105	0.999976
1	303	209	0.99996
0	416	392	0.999945
1	158	113	0.999979
0	391	360	0.999948
1	496	385	0.999934
0	338	333	0.999955
0	458	428	0.999939
1	150	115	0.99998
1	210	148	0.999972
1	360	309	0.999952
1	472	393	0.999937
1	277	167	0.999963
1	127	86	0.999983
1	67	37	0.999991
1	326	210	0.999956
1	274	137	0.999963
1	422	355	0.999943
1	466	359	0.999937
1	155	129	0.999979
1	280	210	0.999962
1	361	230	0.999951
1	492	389	0.999933
1	278	177	0.999962
1	95	54	0.999987
1	51	43	0.999993
1	306	168	0.999958
1	437	269	0.99994
1	160	95	0.999978
1	349	255	0.999952
0	218	213	0.99997
1	478	276	0.999934
1	333	227	0.999954
1	499	253	0.999931
1	412	304	0.999943
1	289	190	0.99996
1	390	344	0.999946
0	101	100	0.999986
1	490	263	0.999932
1	482	320	0.999933
1	172	87	0.999976
1	301	200	0.999958
1	265	195	0.999963
1	429	269	0.99994
1	400	268	0.999944
1	370	245	0.999948
1	327	208	0.999954
1	469	390	0.999934
1	305	163	0.999957
0	424	391	0.99994
1	374	192	0.999947
1	436	260	0.999938
0	232	225	0.999967
0	309	291	0.999956
1	358	275	0.999949
1	491	292	0.99993
1	140	103	0.99998
1	259	195	0.999963
0	350	324	0.99995
1	364	224	0.999948
1	441	348	0.999937
1	496	394	0.999929
1	321	203	0.999954
0	223	220	0.999968
1	167	111	0.999976
1	97	52	0.999986
1	485	384	0.99993
1	436	237	0.999937
0	76	72	0.999989
1	442	237	0.999936
1	214	191	0.999969
0	489	454	0.999929
1	137	73	0.99998
1	226	152	0.999967
1	479	250	0.99993
1	431	285	0.999937
0	348	346	0.999949
1	464	360	0.999932
1	177	97	0.999974
1	490	308	0.999928
1	442	245	0.999935
1	462	394	0.999932
1	346	247	0.999949
1	346	213	0.999949
1	251	140	0.999963
0	156	141	0.999977
1	305	263	0.999955
1	318	236	0.999953
0	304	301	0.999955
0	439	396	0.999935
1	459	307	0.999932
1	425	218	0.999937
1	391	351	0.999942
1	364	325	0.999946
0	411	394	0.999939
1	229	201	0.999966
1	330	268	0.999951
0	276	251	0.999959
1	451	398	0.999933
1	397	327	0.999941
1	369	196	0.999945
1	181	143	0.999973
1	241	158	0.999964
0	427	421	0.999936
0	100	99	0.999985
1	120	78	0.999982
0	440	423	0.999934
1	473	404	0.999929
0	313	308	0.999953
1	479	395	0.999928
1	409	350	0.999938
0	244	240	0.999963
0	369	350	0.999944
1	336	226	0.999949
1	441	308	0.999933
1	375	293	0.999943
1	289	185	0.999956
1	223	115	0.999966
1	426	314	0.999935
1	268	135	0.999959
1	483	426	0.999926
1	228	199	0.999965
0	436	425	0.999933
1	195	149	0.99997
1	351	304	0.999946
1	479	384	0.999926
1	244	162	0.999962
0	154	149	0.999976
1	340	288	0.999947
1	256	178	0.99996
1	499	419	0.999922
1	396	338	0.999938
1	447	257	0.99993
1	255	159	0.99996
1	306	197	0.999952
1	497	341	0.999922
0	395	392	0.999938
1	363	208	0.999943
1	350	289	0.999945
1	356	259	0.999944
1	425	296	0.999933
1	57	36	0.999991
1	310	170	0.999951
1	359	256	0.999943
1	465	239	0.999926
0	144	142	0.999977
1	431	305	0.999931
1	387	325	0.999938
1	181	111	0.999971
1	399	322	0.999936
1	461	258	0.999926
1	442	362	0.999929
1	56	38	0.999991
1	454	335	0.999927
0	460	446	0.999926
1	404	204	0.999935
1	167	97	0.999973
1	445	285	0.999928
1	482	325	0.999922
1	278	201	0.999955
1	105	70	0.999983
0	148	136	0.999976
0	369	357	0.99994
1	492	313	0.99992
1	221	124	0.999964
0	411	396	0.999933
1	368	306	0.99994
0	435	401	0.999929
1	441	292	0.999928
0	446	425	0.999927
1	391	324	0.999936
1	171	119	0.999972
1	409	258	0.999933
1	463	326	0.999924
1	359	210	0.999941
1	479	408	0.999921
1	394	337	0.999935
0	284	275	0.999953
1	338	246	0.999944
0	464	435	0.999923
1	403	236	0.999933
1	463	277	0.999923
0	481	442	0.99992
1	487	261	0.999919
1	468	235	0.999922
1	480	426	0.99992
0	437	408	0.999927
0	371	341	0.999938
0	353	344	0.999941
1	478	382	0.99992
1	220	147	0.999963
1	362	284	0.999939
1	267	211	0.999955
1	255	167	0.999957
1	338	197	0.999943
0	83	77	0.999986
1	249	139	0.999958
1	438	322	0.999926
1	491	320	0.999917
1	483	387	0.999918
0	335	306	0.999943
1	311	259	0.999947
1	352	209	0.99994
0	258	244	0.999956
0	469	457	0.99992
1	415	313	0.999929
1	450	377	0.999923
1	298	222	0.999949
1	298	154	0.999949
1	292	181	0.99995
0	496	453	0.999915
0	245	231	0.999958
0	373	333	0.999936
1	233	153	0.99996
1	466	344	0.99992
1	407	298	0.99993
1	226	175	0.999961
1	480	250	0.999917
1	266	188	0.999954
1	393	239	0.999932
1	346	238	0.99994
1	288	210	0.99995
1	426	245	0.999926
1	495	340	0.999914
1	460	317	0.99992
1	356	313	0.999938
0	465	434	0.999919
1	86	64	0.999985
0	498	461	0.999913
0	389	349	0.999932
1	120	75	0.999979
0	194	176	0.999966
1	228	158	0.99996
0	148	131	0.999974
0	148	147	0.999974
1	370	221	0.999935
1	239	168	0.999958
1	449	388	0.999921
1	244	174	0.999957
1	244	129	0.999957
1	102	70	0.999982
1	272	180	0.999952
1	340	212	0.99994
1	481	399	0.999915
1	147	79	0.999974
1	407	231	0.999928
1	243	172	0.999957
1	429	319	0.999924
1	254	180	0.999955
1	491	397	0.999913
1	468	375	0.999917
1	372	236	0.999934
1	90	51	0.999984
1	461	260	0.999918
1	455	383	0.999919
1	275	211	0.999951
1	101	71	0.999982
1	331	167	0.999941
0	258	231	0.999954
1	471	382	0.999916
1	454	376	0.999919
1	123	65	0.999978
1	369	275	0.999934
1	95	64	0.999983
1	423	281	0.999924
1	200	150	0.999964
1	360	275	0.999935
0	365	339	0.999934
1	492	332	0.999911
1	480	254	0.999913
1	342	197	0.999938
1	154	107	0.999972
0	274	245	0.99995
1	252	217	0.999954
1	241	154	0.999956
1	115	94	0.999979
1	219	161	0.99996
1	323	241	0.999941
1	394	224	0.999928
1	175	137	0.999968
1	475	265	0.999913
0	120	113	0.999978
0	370	368	0.999932
1	179	128	0.999967
1	244	144	0.999955
1	493	424	0.999909
0	195	184	0.999964
1	265	156	0.999951
1	292	253	0.999946
1	475	260	0.999912
1	259	165	0.999952
0	442	419	0.999918
1	366	277	0.999932
1	451	239	0.999916
0	483	465	0.99991
0	284	267	0.999947
0	450	430	0.999916
1	305	196	0.999943
1	492	264	0.999908
1	272	181	0.999949
1	272	215	0.999949
1	298	155	0.999944
1	452	302	0.999915
1	441	378	0.999917
1	191	167	0.999964
0	334	317	0.999937
1	387	263	0.999927
1	429	333	0.999919
1	450	297	0.999915
1	439	222	0.999917
1	444	224	0.999916
1	475	327	0.99991
1	401	262	0.999924
1	480	299	0.999909
1	116	97	0.999978
1	137	80	0.999974
1	295	248	0.999944
1	79	54	0.999985
0	500	462	0.999905
0	121	114	0.999977
0	426	423	0.999919
1	441	271	0.999916
0	173	166	0.999967
1	152	100	0.999971
1	220	164	0.999958
1	492	316	0.999906
1	68	47	0.999987
1	444	365	0.999915
0	188	183	0.999964
1	334	227	0.999936
0	365	331	0.99993
1	297	149	0.999943
1	312	236	0.99994
1	478	350	0.999908
1	478	308	0.999908
1	187	153	0.999964
1	467	331	0.99991
1	445	361	0.999914
1	248	191	0.999952
1	489	307	0.999905
0	288	254	0.999944
1	293	163	0.999943
1	303	153	0.999941
0	308	301	0.99994
1	467	377	0.999909
0	195	188	0.999962
0	236	212	0.999954
0	200	177	0.999961
1	369	222	0.999928
1	384	319	0.999925
1	394	240	0.999923
1	225	179	0.999956
1	240	142	0.999953
1	434	365	0.999915
1	495	300	0.999903
1	357	242	0.99993
1	418	242	0.999918
1	265	136	0.999948
1	280	144	0.999945
0	310	280	0.999939
1	188	146	0.999963
1	330	229	0.999935
1	299	206	0.999941
1	400	209	0.999921
1	167	108	0.999967
1	480	305	0.999905
1	490	277	0.999903
1	399	314	0.999921
1	404	243	0.99992
1	338	184	0.999933
1	368	274	0.999927
1	252	132	0.99995
1	393	257	0.999922
0	332	316	0.999934
1	498	273	0.999901
1	461	297	0.999908
0	120	113	0.999976
1	300	156	0.99994
0	325	309	0.999935
1	335	181	0.999933
1	410	278	0.999918
0	494	453	0.999901
1	479	364	0.999904
1	329	202	0.999934
1	324	200	0.999935
1	483	328	0.999903
1	323	228	0.999935
1	457	294	0.999908
1	402	249	0.999919
1	367	200	0.999926
1	223	187	0.999955
1	281	212	0.999943
1	340	224	0.999931
1	476	284	0.999903
0	157	154	0.999968
1	323	214	0.999934
1	411	264	0.999916
0	450	441	0.999908
1	474	313	0.999903
0	371	361	0.999924
1	405	206	0.999917
1	478	377	0.999902
1	385	275	0.999921
1	151	129	0.999969
1	404	336	0.999917
1	472	296	0.999903
1	165	136	0.999966
1	97	49	0.99998
1	451	350	0.999907
1	349	200	0.999928
0	363	333	0.999925
1	333	218	0.999931
0	386	355	0.99992
1	357	248	0.999926
1	53	44	0.999989
1	424	274	0.999912
1	303	166	0.999937
1	360	305	0.999925
1	321	240	0.999933
0	498	438	0.999896
1	426	336	0.999911
1	493	265	0.999897
0	268	245	0.999944
1	110	61	0.999977
1	330	213	0.999931
1	353	225	0.999926
1	186	100	0.999961
0	410	358	0.999914
1	424	254	0.999911
1	418	231	0.999912
1	484	244	0.999898
0	327	296	0.999931
1	322	279	0.999932
1	374	278	0.999921
0	374	345	0.999921
0	71	69	0.999985
1	194	163	0.999959
0	383	344	0.999919
1	430	360	0.999909
1	307	232	0.999935
1	321	184	0.999932
1	325	183	0.999931
0	113	109	0.999976
1	188	129	0.99996
1	470	299	0.9999
0	296	276	0.999937
1	469	358	0.9999
1	431	364	0.999908
0	356	336	0.999924
1	473	324	0.999899
1	351	278	0.999925
1	262	193	0.999944
0	173	172	0.999963
1	280	180	0.99994
0	443	410	0.999905
0	214	207	0.999954
1	195	152	0.999958
1	260	150	0.999944
1	376	204	0.999919
1	181	125	0.999961
1	385	327	0.999917
0	51	49	0.999989
1	408	209	0.999912
1	394	331	0.999915
1	352	220	0.999924
0	490	461	0.999894
0	439	412	0.999905
1	263	170	0.999943
0	378	343	0.999918
0	115	111	0.999975
1	414	301	0.99991
1	381	211	0.999917
1	399	220	0.999913
1	142	92	0.999969
1	458	303	0.9999
1	316	159	0.999931
1	338	255	0.999926
1	286	222	0.999937
0	195	191	0.999957
1	399	202	0.999912
1	231	158	0.999949
0	163	153	0.999964
1	484	278	0.999893
1	303	232	0.999933
1	375	281	0.999917
0	307	274	0.999932
1	365	227	0.999919
0	437	435	0.999903
1	436	266	0.999903
1	323	243	0.999928
0	475	411	0.999894
1	112	67	0.999975
1	300	187	0.999933
1	197	113	0.999956
1	376	233	0.999916
0	134	130	0.99997
1	312	193	0.99993
1	98	76	0.999978
0	440	379	0.999901
1	142	99	0.999968
1	310	243	0.99993
1	473	330	0.999893
1	243	146	0.999945
1	459	277	0.999896
0	194	177	0.999956
0	348	347	0.999921
1	286	183	0.999935
1	426	239	0.999903
0	474	428	0.999892
0	500	459	0.999886
0	469	406	0.999893
1	495	272	0.999887
1	403	339	0.999908
0	451	395	0.999897
1	468	369	0.999893
1	424	325	0.999903
1	166	93	0.999962
1	262	212	0.99994
1	323	274	0.999926
1	379	281	0.999913
1	357	298	0.999918
1	326	182	0.999925
1	226	176	0.999948
1	191	109	0.999956
1	78	40	0.999982
0	134	132	0.999969
0	380	360	0.999912
1	155	94	0.999964
1	439	234	0.999898
1	370	239	0.999914
1	486	287	0.999887
1	73	49	0.999983
1	146	92	0.999966
1	253	129	0.999941
0	433	375	0.999899
1	463	326	0.999892
1	377	274	0.999912
1	432	254	0.999899
0	201	185	0.999953
1	243	130	0.999943
1	230	177	0.999946
1	387	321	0.999909
1	238	170	0.999944
1	255	176	0.99994
1	391	264	0.999908
0	420	366	0.999901
1	390	254	0.999908
1	385	199	0.999909
1	385	278	0.999909
0	406	373	0.999904
1	355	214	0.999916
1	135	112	0.999968
1	156	83	0.999963
0	341	300	0.999919
1	122	101	0.999971
0	105	104	0.999975
0	235	218	0.999944
1	474	292	0.999887
1	285	225	0.999932
1	494	304	0.999882
0	494	464	0.999882
1	297	189	0.999929
1	297	170	0.999929
1	92	60	0.999978
1	138	83	0.999967
1	230	147	0.999945
1	163	113	0.999961
1	384	202	0.999908
1	413	245	0.999901
1	296	204	0.999929
1	475	250	0.999886
1	403	208	0.999903
1	166	121	0.99996
1	224	177	0.999946
1	481	308	0.999884
1	369	253	0.999911
0	319	285	0.999923
1	381	237	0.999908
0	476	415	0.999885
1	484	251	0.999883
1	128	99	0.999969
1	169	107	0.999959
1	478	300	0.999884
1	70	41	0.999983
1	214	121	0.999948
1	325	219	0.999921
1	415	274	0.999899
1	78	61	0.999981
1	201	145	0.999951
1	348	266	0.999915
0	352	316	0.999914
1	180	103	0.999956
1	315	202	0.999923
1	421	350	0.999897
0	497	484	0.999878
1	293	189	0.999928
0	313	307	0.999923
0	382	353	0.999906
1	459	297	0.999887
1	272	147	0.999933
1	300	185	0.999926
1	474	395	0.999883
1	392	218	0.999903
0	295	283	0.999927
1	476	290	0.999882
1	484	353	0.99988
0	367	333	0.999909
0	258	222	0.999936
0	294	279	0.999927
1	342	273	0.999915
1	370	286	0.999908
1	394	240	0.999902
0	466	411	0.999884
0	377	326	0.999906
0	417	414	0.999896
0	128	121	0.999968
1	192	163	0.999952
1	192	131	0.999952
1	264	152	0.999934
0	436	432	0.999891
1	464	245	0.999884
0	303	285	0.999924
1	303	161	0.999924
1	438	366	0.99989
1	179	130	0.999955
0	417	381	0.999895
1	274	207	0.999931
1	238	190	0.99994
1	222	179	0.999944
0	103	97	0.999974
0	273	256	0.999931
1	498	298	0.999874
1	63	43	0.999984
1	366	253	0.999907
1	299	205	0.999924
0	59	51	0.999985
1	295	190	0.999925
1	405	281	0.999897
1	444	332	0.999887
1	444	328	0.999887
1	499	326	0.999873
1	373	265	0.999905
1	318	222	0.999919
0	420	385	0.999893
1	153	83	0.999961
1	251	140	0.999936
1	486	293	0.999876
1	278	184	0.999929
0	352	314	0.99991
1	219	178	0.999944
0	418	408	0.999893
1	445	366	0.999886
1	382	251	0.999902
0	413	358	0.999894
1	487	328	0.999875
1	292	165	0.999925
1	206	141	0.999947
1	171	91	0.999956
1	373	303	0.999904
1	132	89	0.999966
1	225	127	0.999942
1	221	139	0.999943
0	426	383	0.99989
0	209	201	0.999946
0	147	142	0.999962
0	398	378	0.999897
1	309	174	0.99992
1	498	404	0.999871
1	277	165	0.999928
1	473	388	0.999877
1	373	222	0.999903
1	419	304	0.999891
1	472	394	0.999877
1	280	229	0.999927
1	498	345	0.99987
1	440	278	0.999885
1	394	227	0.999897
0	459	427	0.99988
1	424	220	0.999889
1	183	152	0.999952
1	244	186	0.999936
1	99	82	0.999974
1	297	241	0.999922
0	57	53	0.999985
0	391	367	0.999897
0	440	429	0.999884
0	292	261	0.999923
1	254	171	0.999933
0	481	411	0.999873
1	477	334	0.999874
1	477	269	0.999874
0	446	388	0.999882
0	491	419	0.99987
1	287	192	0.999924
1	438	229	0.999884
0	181	177	0.999952
0	207	200	0.999945
1	229	146	0.999939
1	390	274	0.999896
1	460	375	0.999877
1	153	102	0.999959
0	485	434	0.99987
1	496	328	0.999867
1	466	361	0.999875
1	447	289	0.99988
1	420	276	0.999887
0	156	149	0.999958
1	390	281	0.999895
1	471	378	0.999873
1	263	156	0.999929
0	148	145	0.99996
1	314	224	0.999915
0	107	102	0.999971
0	284	275	0.999923
0	472	411	0.999872
0	424	377	0.999885
1	317	265	0.999914
1	446	300	0.999879
0	151	127	0.999959
0	302	291	0.999918
1	162	130	0.999956
1	228	168	0.999938
0	246	219	0.999933
0	481	460	0.999869
1	297	185	0.999919
1	498	253	0.999864
1	439	313	0.99988
1	373	240	0.999898
0	457	392	0.999875
1	146	85	0.99996
1	390	284	0.999893
0	357	351	0.999902
1	429	261	0.999882
0	316	304	0.999913
1	385	295	0.999894
1	421	295	0.999884
0	439	420	0.999879
0	468	405	0.999871
1	297	195	0.999918
0	431	397	0.999881
1	217	132	0.99994
1	159	133	0.999956
0	426	381	0.999882
0	314	309	0.999913
1	101	75	0.999972
1	483	379	0.999866
1	108	55	0.99997
1	234	155	0.999935
1	468	309	0.99987
0	320	300	0.999911
0	388	386	0.999892
1	474	305	0.999868
1	495	394	0.999862
1	312	234	0.999913
0	416	366	0.999884
0	337	302	0.999906
1	491	374	0.999863
1	387	259	0.999892
1	487	352	0.999864
0	211	201	0.999941
0	479	414	0.999866
1	243	201	0.999932
1	343	247	0.999904
1	350	247	0.999902
0	371	350	0.999896
0	171	150	0.999952
1	399	274	0.999888
1	470	252	0.999868
0	413	346	0.999884
1	452	366	0.999873
0	274	250	0.999923
1	327	258	0.999908
1	380	264	0.999893
0	330	310	0.999907
1	149	114	0.999958
1	376	200	0.999894
0	344	317	0.999903
1	78	65	0.999978
1	234	162	0.999934
1	280	193	0.999921
1	241	121	0.999932
1	294	227	0.999917
0	340	324	0.999904
1	347	263	0.999902
0	347	308	0.999902
0	131	130	0.999963
1	184	124	0.999948
1	375	210	0.999894
1	297	200	0.999916
0	396	339	0.999888
1	205	145	0.999942
0	484	464	0.999863
1	483	352	0.999863
0	296	255	0.999916
1	250	182	0.999929
1	345	274	0.999902
1	387	224	0.99989
1	489	275	0.999861
1	306	253	0.999913
1	414	265	0.999882
1	477	377	0.999864
0	368	363	0.999895
1	438	299	0.999875
0	473	434	0.999865
1	133	98	0.999962
0	154	144	0.999956
1	315	217	0.99991
0	406	392	0.999884
1	339	190	0.999903
1	227	174	0.999935
1	461	232	0.999868
1	447	293	0.999872
1	129	83	0.999963
1	380	253	0.999891
1	376	207	0.999892
1	362	188	0.999896
1	459	363	0.999868
1	351	223	0.999899
0	125	113	0.999964
1	170	122	0.999951
1	399	270	0.999885
1	492	325	0.999858
0	187	174	0.999946
0	405	386	0.999883
1	450	364	0.99987
0	263	241	0.999924
0	301	273	0.999913
1	377	189	0.999891
1	332	178	0.999904
1	121	90	0.999965
1	484	277	0.99986
0	228	208	0.999934
1	304	240	0.999912
0	456	418	0.999868
0	366	324	0.999894
0	497	490	0.999856
0	262	247	0.999924
1	224	124	0.999935
1	234	186	0.999932
1	203	120	0.999941
0	230	219	0.999933
1	453	278	0.999868
1	326	195	0.999905
1	422	276	0.999877
0	185	162	0.999946
1	113	82	0.999967
1	236	157	0.999931
0	318	286	0.999907
1	147	99	0.999957
0	427	371	0.999875
0	345	287	0.999899
0	413	375	0.999879
0	457	391	0.999866
0	341	322	0.9999
1	75	53	0.999978
0	252	240	0.999926
1	463	359	0.999864
0	173	159	0.999949
1	346	277	0.999898
1	251	150	0.999926
1	156	112	0.999954
1	278	225	0.999918
0	495	448	0.999854
1	349	249	0.999897
1	227	163	0.999933
1	359	213	0.999894
1	159	110	0.999953
1	274	197	0.999919
1	470	352	0.999861
0	453	446	0.999866
1	480	343	0.999858
1	347	233	0.999897
0	192	160	0.999943
1	165	87	0.999951
1	407	276	0.999879
1	481	255	0.999857
0	373	360	0.999889
0	218	213	0.999935
1	436	271	0.99987
0	268	233	0.99992
1	355	228	0.999894
0	415	410	0.999876
1	445	321	0.999867
1	418	300	0.999875
1	284	144	0.999915
0	187	157	0.999944
1	207	149	0.999938
0	277	269	0.999917
1	357	194	0.999893
1	467	280	0.99986
1	449	296	0.999865
0	216	206	0.999935
1	332	252	0.9999
0	312	268	0.999906
1	434	221	0.999869
1	473	370	0.999857
1	453	257	0.999863
0	443	405	0.999866
1	443	351	0.999866
0	271	230	0.999918
1	271	195	0.999918
1	76	57	0.999977
1	142	114	0.999957
1	492	404	0.999851
1	330	226	0.9999
0	488	486	0.999852
1	333	190	0.999899
1	89	63	0.999973
1	478	240	0.999855
0	369	351	0.999888
1	490	270	0.999851
0	365	358	0.999889
1	473	302	0.999856
1	243	189	0.999926
1	371	271	0.999887
1	348	266	0.999894
1	325	227	0.999901
0	499	476	0.999848
1	246	160	0.999925
1	492	360	0.99985
1	331	179	0.999899
1	252	132	0.999923
0	288	282	0.999912
0	291	251	0.999911
1	451	329	0.999862
1	75	61	0.999977
0	463	424	0.999858
1	440	229	0.999865
1	303	162	0.999907
1	423	265	0.99987
1	143	95	0.999956
1	156	82	0.999952
1	253	208	0.999922
1	240	179	0.999926
1	350	261	0.999892
0	81	70	0.999975
0	482	416	0.999851
1	236	189	0.999927
1	362	183	0.999888
1	84	46	0.999974
1	465	285	0.999856
0	419	376	0.99987
0	248	240	0.999923
0	367	330	0.999886
0	457	385	0.999858
1	312	256	0.999903
1	469	307	0.999854
0	353	349	0.99989
1	436	311	0.999864
0	237	215	0.999926
1	317	232	0.999901
0	461	452	0.999856
1	291	161	0.999909
1	380	311	0.999881
1	434	234	0.999864
0	459	397	0.999856
0	293	251	0.999908
1	299	207	0.999906
0	458	398	0.999856
0	54	52	0.999983
0	467	413	0.999853
0	73	67	0.999977
0	149	131	0.999953
1	247	188	0.999922
1	433	315	0.999863
0	316	315	0.9999
0	388	372	0.999877
1	227	165	0.999928
1	186	116	0.999941
1	356	253	0.999887
1	63	42	0.99998
0	358	335	0.999886
1	314	183	0.9999
0	323	320	0.999897
1	304	240	0.999903
1	338	226	0.999892
0	222	202	0.999929
1	475	345	0.999848
0	500	492	0.99984
0	78	66	0.999975
1	415	246	0.999867
1	468	376	0.99985
0	159	137	0.999949
1	187	147	0.99994
0	405	403	0.99987
0	299	252	0.999904
0	299	284	0.999904
1	333	195	0.999893
1	472	256	0.999848
1	447	327	0.999856
1	490	255	0.999842
1	217	170	0.99993
0	282	241	0.999909
0	412	367	0.999867
1	381	234	0.999877
1	99	65	0.999968
1	269	206	0.999913
1	241	194	0.999922
0	482	419	0.999844
1	312	236	0.999899
0	389	365	0.999874
1	389	219	0.999874
1	429	315	0.999861
1	358	230	0.999884
0	361	306	0.999883
1	437	303	0.999858
1	292	150	0.999905
1	378	261	0.999877
1	338	196	0.99989
1	298	185	0.999903
0	430	400	0.99986
0	270	268	0.999912
1	417	257	0.999864
1	144	79	0.999953
1	147	96	0.999952
1	398	287	0.99987
1	257	209	0.999916
0	413	404	0.999865
1	223	119	0.999927
1	113	72	0.999963
1	302	160	0.999901
0	314	312	0.999897
0	253	227	0.999917
1	64	50	0.999979
1	268	160	0.999912
1	335	171	0.99989
1	152	124	0.99995
0	228	214	0.999925
0	355	334	0.999883
1	351	284	0.999884
1	475	333	0.999843
0	384	322	0.999873
1	393	261	0.99987
1	281	199	0.999907
1	317	232	0.999895
0	344	302	0.999886
1	461	287	0.999847
1	442	293	0.999853
0	75	73	0.999975
1	129	79	0.999957
1	153	91	0.999949
1	285	225	0.999905
0	351	296	0.999883
0	419	390	0.99986
0	401	396	0.999866
1	269	183	0.99991
0	487	483	0.999837
0	227	216	0.999924
1	412	236	0.999862
1	373	264	0.999875
1	280	200	0.999906
1	271	189	0.999909
1	378	280	0.999873
1	377	277	0.999873
1	184	143	0.999938
1	460	322	0.999845
0	166	152	0.999944
0	243	222	0.999918
0	391	336	0.999868
1	210	140	0.999929
1	198	116	0.999933
1	458	308	0.999845
0	493	486	0.999833
0	498	410	0.999831
1	291	209	0.999901
1	332	208	0.999887
1	423	287	0.999856
1	179	131	0.999939
1	311	233	0.999894
1	495	310	0.999831
0	284	281	0.999903
1	76	50	0.999974
1	409	310	0.99986
0	482	422	0.999835
1	297	187	0.999898
1	256	156	0.999912
0	238	206	0.999918
1	87	56	0.99997
1	290	215	0.9999
1	142	92	0.999951
1	469	376	0.999838
1	275	147	0.999905
1	495	371	0.999829
1	217	165	0.999925
1	298	203	0.999897
1	95	76	0.999967
1	411	228	0.999857
1	477	327	0.999834
1	218	129	0.999924
1	436	330	0.999848
0	304	299	0.999894
1	390	269	0.999864
1	387	299	0.999865
0	387	334	0.999865
1	364	188	0.999873
1	335	223	0.999883
1	395	249	0.999862
1	203	126	0.999929
0	411	369	0.999856
1	396	254	0.999861
1	370	209	0.99987
1	478	383	0.999832
1	401	209	0.999859
0	449	416	0.999842
1	392	215	0.999862
1	122	65	0.999957
0	139	123	0.999951
0	465	456	0.999836
1	309	225	0.999891
0	204	180	0.999928
1	422	329	0.999851
0	252	238	0.999911
1	385	225	0.999864
0	133	111	0.999953
0	362	294	0.999872
0	410	354	0.999855
0	455	373	0.999839
1	353	205	0.999875
0	367	325	0.99987
0	463	404	0.999836
1	499	281	0.999823
1	304	235	0.999892
1	425	337	0.999849
0	104	96	0.999963
0	458	441	0.999837
1	146	114	0.999948
1	334	257	0.999881
0	202	169	0.999928
1	404	282	0.999856
1	213	172	0.999924
1	98	62	0.999965
1	470	373	0.999832
1	481	360	0.999828
1	475	275	0.99983
1	363	273	0.99987
0	106	99	0.999962
0	343	286	0.999877
1	368	191	0.999868
0	153	132	0.999945
1	464	292	0.999833
0	375	333	0.999865
0	336	276	0.999879
1	422	307	0.999848
1	397	298	0.999857
1	469	265	0.999831
0	258	248	0.999907
0	452	400	0.999837
1	244	155	0.999912
0	244	218	0.999912
1	213	128	0.999923
0	188	165	0.999932
0	232	218	0.999916
0	464	455	0.999832
1	240	179	0.999913
0	499	432	0.999819
0	408	370	0.999852
1	430	332	0.999844
1	303	200	0.99989
1	325	212	0.999882
0	380	355	0.999862
1	399	280	0.999855
1	454	300	0.999835
0	478	407	0.999826
0	497	488	0.999819
0	107	90	0.999961
0	439	421	0.99984
1	417	302	0.999848
0	406	339	0.999852
1	178	121	0.999935
0	342	325	0.999875
1	243	124	0.999911
1	415	243	0.999848
1	131	81	0.999952
0	240	207	0.999912
1	338	179	0.999876
1	376	216	0.999862
1	384	289	0.999859
1	351	221	0.999871
1	446	331	0.999836
1	193	128	0.999929
0	106	103	0.999961
0	413	363	0.999848
1	217	150	0.99992
1	415	309	0.999847
1	222	124	0.999918
0	295	284	0.999891
0	498	412	0.999816
0	468	457	0.999827
0	254	237	0.999906
0	243	228	0.99991
1	267	157	0.999901
1	164	131	0.999939
0	86	77	0.999968
0	282	228	0.999895
0	145	136	0.999946
0	392	340	0.999854
1	322	162	0.99988
0	421	386	0.999843
1	453	354	0.999831
1	75	42	0.999972
1	150	90	0.999944
1	412	242	0.999846
1	123	66	0.999954
0	484	452	0.999819
1	401	244	0.99985
0	366	341	0.999863
1	259	137	0.999903
0	208	167	0.999922
1	197	147	0.999926
1	327	188	0.999877
0	412	370	0.999845
1	247	178	0.999907
1	353	267	0.999867
1	483	370	0.999818
1	321	221	0.999879
1	451	233	0.99983
0	289	269	0.999891
1	278	196	0.999895
1	466	300	0.999824
1	442	350	0.999833
1	476	303	0.99982
0	465	442	0.999824
1	338	227	0.999872
1	161	125	0.999939
1	401	258	0.999848
0	211	189	0.99992
0	356	324	0.999865
1	493	260	0.999813
1	419	210	0.999841
1	166	109	0.999937
1	366	223	0.999861
0	445	374	0.999831
0	129	125	0.999951
1	313	186	0.999881
1	263	146	0.9999
0	497	457	0.999811
1	326	210	0.999876
1	268	161	0.999898
1	160	109	0.999939
0	430	412	0.999836
1	220	136	0.999916
1	322	226	0.999877
1	162	95	0.999938
1	418	232	0.99984
1	350	218	0.999866
0	222	208	0.999915
0	457	373	0.999825
1	425	324	0.999837
1	305	164	0.999883
1	362	280	0.999861
1	440	223	0.999831
1	281	222	0.999892
0	91	85	0.999965
1	478	289	0.999816
0	353	336	0.999864
0	205	175	0.999921
1	384	290	0.999852
1	345	185	0.999867
0	210	207	0.999919
1	215	152	0.999917
0	347	322	0.999866
1	422	244	0.999837
1	489	262	0.999811
0	445	412	0.999828
0	256	248	0.999901
0	137	110	0.999947
0	385	372	0.999851
0	217	202	0.999916
0	408	367	0.999842
0	395	333	0.999847
1	302	163	0.999883
0	462	372	0.999821
0	464	372	0.99982
1	85	66	0.999967
1	417	288	0.999838
0	458	445	0.999822
1	494	269	0.999808
0	396	378	0.999846
0	486	456	0.999811
1	352	226	0.999863
1	411	257	0.99984
0	488	437	0.99981
0	452	391	0.999824
1	77	53	0.99997
0	272	271	0.999894
1	485	326	0.999811
1	408	212	0.999841
0	400	371	0.999844
1	310	198	0.999879
0	456	428	0.999822
0	484	464	0.999811
1	483	350	0.999811
0	143	135	0.999944
0	176	149	0.999931
1	209	106	0.999918
1	186	93	0.999927
1	471	375	0.999815
1	453	347	0.999822
0	473	402	0.999814
1	389	286	0.999847
0	183	151	0.999928
0	376	342	0.999852
1	376	276	0.999852
0	457	402	0.99982
1	388	304	0.999847
1	119	87	0.999953
0	119	96	0.999953
0	215	192	0.999915
1	306	228	0.999879
1	306	197	0.999879
0	440	366	0.999826
1	422	330	0.999833
1	467	289	0.999815
0	169	150	0.999933
0	408	354	0.999838
1	209	111	0.999917
1	73	55	0.999971
1	360	201	0.999857
1	453	304	0.99982
0	480	395	0.999809
0	432	388	0.999828
1	236	124	0.999906
1	472	322	0.999812
0	313	254	0.999875
1	413	301	0.999835
0	463	403	0.999815
0	120	107	0.999952
1	317	178	0.999873
1	212	114	0.999915
1	409	278	0.999836
1	379	228	0.999848
1	371	245	0.999851
1	478	327	0.999808
0	453	436	0.999818
0	443	370	0.999822
1	296	182	0.999881
0	246	218	0.999901
1	497	360	0.9998
1	303	224	0.999878
0	72	62	0.999971
0	484	463	0.999805
1	409	315	0.999835
1	342	181	0.999862
1	218	173	0.999912
0	436	430	0.999824
1	161	104	0.999935
0	386	369	0.999844
1	309	171	0.999875
1	388	229	0.999843
1	390	305	0.999842
1	269	213	0.999891
1	454	340	0.999816
1	301	209	0.999878
1	74	49	0.99997
1	449	301	0.999818
0	444	411	0.99982
0	254	253	0.999897
0	325	317	0.999868
1	374	187	0.999848
1	381	251	0.999845
1	376	200	0.999847
1	462	333	0.999812
1	253	167	0.999897
0	415	407	0.999831
1	491	344	0.9998
1	157	80	0.999936
1	157	89	0.999936
0	478	423	0.999805
1	392	210	0.99984
1	235	146	0.999904
0	186	179	0.999924
0	372	329	0.999848
1	401	237	0.999836
0	105	98	0.999957
1	83	47	0.999966
1	288	147	0.999882
1	500	327	0.999795
0	473	430	0.999806
0	407	349	0.999833
0	190	185	0.999922
0	419	347	0.999828
0	492	434	0.999798
0	409	326	0.999832
1	304	210	0.999875
1	289	161	0.999881
0	199	174	0.999918
1	182	91	0.999925
1	240	172	0.999901
0	499	450	0.999794
0	351	301	0.999855
0	213	207	0.999912
0	462	401	0.999809
1	474	329	0.999804
1	464	284	0.999808
1	500	297	0.999793
1	413	249	0.999829
1	355	235	0.999853
0	444	428	0.999816
1	374	212	0.999845
0	123	103	0.999949
0	393	373	0.999837
1	388	239	0.999839
1	106	61	0.999956
0	277	247	0.999885
0	489	391	0.999797
1	460	266	0.999809
1	272	188	0.999887
1	166	94	0.999931
1	433	295	0.99982
1	250	169	0.999896
1	478	318	0.999801
0	228	198	0.999905
1	480	260	0.9998
1	463	330	0.999807
1	393	286	0.999836
0	496	486	0.999793
1	244	154	0.999898
1	476	262	0.999801
0	153	142	0.999936
0	466	411	0.999805
0	456	408	0.999809
1	439	315	0.999816
0	396	377	0.999834
1	472	303	0.999802
0	379	373	0.999841
0	379	345	0.999841
0	262	255	0.99989
1	483	282	0.999797
1	378	272	0.999841
1	240	154	0.999899
0	335	278	0.999859
1	494	366	0.999792
1	444	223	0.999813
1	159	101	0.999933
1	382	293	0.999839
0	486	416	0.999795
1	128	70	0.999946
0	256	251	0.999892
1	398	199	0.999832
0	307	297	0.99987
0	281	268	0.999881
1	458	249	0.999806
0	236	192	0.9999
0	363	323	0.999846
1	370	228	0.999843
0	344	300	0.999854
1	73	41	0.999969
1	113	86	0.999952
0	306	298	0.99987
1	426	288	0.999819
0	167	136	0.999929
1	388	239	0.999835
1	261	196	0.999889
1	261	150	0.999889
0	322	316	0.999863
1	458	257	0.999805
0	291	286	0.999876
1	129	92	0.999945
1	415	276	0.999823
1	143	87	0.999939
0	389	369	0.999834
0	468	383	0.9998
0	152	130	0.999935
0	470	382	0.999799
1	491	254	0.99979
1	465	334	0.999801
0	479	467	0.999795
0	271	226	0.999884
0	292	230	0.999875
0	432	387	0.999815
0	259	220	0.999889
1	315	214	0.999865
1	282	173	0.999879
1	298	223	0.999872
1	142	73	0.999939
1	491	362	0.999789
1	356	201	0.999847
1	228	117	0.999902
1	400	233	0.999828
1	323	236	0.999861
1	316	169	0.999864
0	223	178	0.999904
1	116	64	0.99995
0	315	314	0.999864
0	338	274	0.999854
0	294	269	0.999873
1	259	178	0.999888
1	104	60	0.999955
0	312	249	0.999865
0	275	238	0.999881
0	446	359	0.999807
1	365	255	0.999842
1	351	250	0.999848
1	344	245	0.999851
1	420	259	0.999818
1	383	206	0.999834
1	256	146	0.999889
1	242	186	0.999895
1	477	357	0.999793
0	320	289	0.999861
1	283	206	0.999877
1	490	374	0.999787
0	230	217	0.9999
1	315	188	0.999863
1	85	59	0.999963
1	464	240	0.999798
0	124	108	0.999946
0	163	162	0.999929
0	326	317	0.999858
1	427	320	0.999814
0	452	394	0.999803
0	330	324	0.999856
0	488	423	0.999787
1	286	149	0.999875
0	423	356	0.999815
0	128	114	0.999944
1	176	89	0.999923
1	306	158	0.999866
1	436	251	0.999809
0	486	479	0.999787
0	292	230	0.999872
0	365	316	0.99984
0	440	355	0.999807
1	246	170	0.999892
0	387	383	0.99983
1	239	138	0.999895
1	289	186	0.999873
1	377	269	0.999834
1	495	307	0.999782
1	374	196	0.999835
1	417	230	0.999816
1	290	182	0.999872
1	342	236	0.999849
1	215	138	0.999905
1	473	244	0.999791
1	224	121	0.999901
0	484	477	0.999786
0	303	265	0.999866
1	165	107	0.999927
0	488	417	0.999784
0	413	328	0.999817
1	178	96	0.999921
1	437	267	0.999806
1	430	266	0.999809
0	448	383	0.999801
0	63	56	0.999972
0	450	448	0.9998
0	416	384	0.999815
0	317	252	0.999859
0	328	263	0.999854
1	211	110	0.999906
0	249	245	0.999889
1	332	220	0.999852
1	480	316	0.999786
1	343	177	0.999847
0	390	382	0.999826
0	488	481	0.999782
0	432	381	0.999807
0	499	480	0.999777
1	454	229	0.999797
1	382	197	0.999829
1	268	190	0.99988
1	364	220	0.999837
1	212	122	0.999905
1	261	175	0.999883
1	435	287	0.999805
1	468	265	0.99979
1	432	314	0.999806
1	463	231	0.999792
1	445	341	0.9998
1	327	249	0.999853
1	358	242	0.999839
1	280	203	0.999874
0	440	435	0.999802
1	480	309	0.999784
1	411	287	0.999815
0	462	406	0.999792
1	495	315	0.999777
1	304	235	0.999863
0	448	366	0.999798
0	419	354	0.999811
0	485	438	0.999781
1	310	230	0.99986
0	250	210	0.999887
0	73	70	0.999967
0	491	462	0.999778
1	252	167	0.999886
1	347	210	0.999843
1	442	284	0.9998
1	53	34	0.999976
1	488	247	0.999779
1	457	231	0.999793
1	457	326	0.999793
1	450	318	0.999796
0	419	397	0.99981
1	344	216	0.999844
0	355	351	0.999839
0	291	274	0.999868
1	410	225	0.999814
1	476	266	0.999784
0	359	285	0.999837
1	262	162	0.999881
0	372	299	0.999831
0	416	328	0.999811
1	132	101	0.99994
0	330	321	0.99985
1	484	298	0.99978
0	360	313	0.999836
1	259	163	0.999882
0	430	393	0.999804
1	320	166	0.999854
1	195	138	0.999911
1	379	215	0.999827
1	276	142	0.999874
0	405	316	0.999815
1	383	279	0.999825
0	221	187	0.999899
1	433	331	0.999802
1	365	244	0.999833
1	483	262	0.999779
0	177	166	0.999919
0	338	328	0.999845
0	497	491	0.999772
0	492	433	0.999774
0	259	221	0.999881
1	444	229	0.999796
0	448	352	0.999794
1	480	343	0.999779
1	493	267	0.999773
1	330	240	0.999848
1	408	260	0.999812
0	434	357	0.9998
0	499	411	0.99977
0	295	269	0.999864
0	360	355	0.999834
1	338	211	0.999844
1	481	349	0.999778
0	431	370	0.999801
1	327	212	0.999849
1	290	201	0.999866
1	435	251	0.999799
1	465	268	0.999785
0	456	410	0.999789
0	337	325	0.999844
1	421	253	0.999805
1	151	101	0.99993
1	442	285	0.999795
1	472	288	0.999781
0	153	133	0.999929
0	140	122	0.999935
1	295	182	0.999863
1	383	265	0.999822
1	355	236	0.999835
0	497	398	0.999769
1	398	199	0.999815
1	428	214	0.999801
0	86	80	0.99996
0	172	164	0.99992
0	172	169	0.99992
1	488	265	0.999773
0	245	229	0.999886
1	260	176	0.999879
0	494	406	0.99977
1	204	122	0.999905
1	455	282	0.999788
1	485	291	0.999774
0	135	134	0.999937
1	375	193	0.999825
1	377	225	0.999824
1	334	169	0.999844
0	321	263	0.99985
1	443	257	0.999793
0	92	82	0.999957
1	276	175	0.999871
1	374	275	0.999825
1	312	221	0.999854
1	406	284	0.99981
0	267	256	0.999875
0	190	152	0.999911
0	382	355	0.999821
0	160	157	0.999925
0	320	263	0.99985
0	258	216	0.999879
1	211	122	0.999901
1	454	346	0.999787
0	358	281	0.999832
0	245	234	0.999885
0	496	436	0.999767
1	349	269	0.999836
1	283	166	0.999867
1	251	131	0.999882
0	255	226	0.99988
0	378	314	0.999822
0	465	394	0.999781
1	450	241	0.999788
0	227	191	0.999893
1	333	184	0.999843
1	458	294	0.999784
1	284	181	0.999866
1	231	142	0.999891
1	483	301	0.999772
0	201	188	0.999905
1	55	31	0.999974
1	499	310	0.999764
0	408	374	0.999807
0	395	360	0.999813
1	302	223	0.999857
0	302	266	0.999857
1	247	155	0.999883
1	175	112	0.999917
0	485	432	0.99977
1	253	179	0.99988
0	253	201	0.99988
1	118	61	0.999944
1	120	72	0.999943
1	360	256	0.999829
0	440	342	0.999791
1	101	73	0.999952
0	202	195	0.999904
1	477	324	0.999773
1	437	306	0.999792
1	231	150	0.99989
0	296	293	0.999859
1	403	275	0.999808
1	256	153	0.999878
1	344	251	0.999836
1	409	263	0.999805
0	325	308	0.999845
1	245	163	0.999883
1	475	353	0.999773
0	366	300	0.999825
1	422	314	0.999798
1	472	304	0.999774
1	294	223	0.999859
1	302	151	0.999855
0	329	275	0.999842
0	483	465	0.999768
1	383	296	0.999816
0	241	220	0.999884
0	428	395	0.999794
0	303	243	0.999854
1	278	181	0.999866
1	363	182	0.999825
1	477	323	0.99977
1	369	195	0.999822
1	344	196	0.999834
1	319	202	0.999846
1	331	223	0.99984
1	477	270	0.999769
1	386	227	0.999813
1	369	239	0.999821
1	303	226	0.999853
1	342	264	0.999834
1	206	141	0.9999
0	107	105	0.999948
1	461	241	0.999776
1	477	244	0.999768
0	222	181	0.999892
1	263	187	0.999872
1	265	164	0.999871
0	493	450	0.99976
0	115	94	0.999944
0	156	149	0.999924
0	400	309	0.999805
0	447	412	0.999782
1	371	227	0.999819
0	414	351	0.999798
1	217	154	0.999894
0	131	104	0.999936
1	489	272	0.999761
0	460	455	0.999775
1	286	218	0.99986
1	192	147	0.999906
0	337	305	0.999835
1	147	111	0.999928
0	441	358	0.999784
1	200	109	0.999902
0	455	401	0.999777
0	53	43	0.999974
1	326	164	0.99984
1	112	68	0.999945
0	224	192	0.99989
1	470	308	0.999769
0	413	363	0.999797
1	183	129	0.99991
1	254	182	0.999875
1	384	259	0.999811
1	461	330	0.999773
0	134	109	0.999934
1	487	366	0.99976
0	217	190	0.999893
0	221	207	0.999891
1	375	280	0.999815
0	470	393	0.999768
0	346	315	0.999829
1	360	248	0.999822
1	390	206	0.999807
1	404	207	0.9998
0	319	294	0.999842
0	450	442	0.999777
1	119	60	0.999941
0	367	350	0.999818
1	356	263	0.999823
1	203	138	0.999899
1	215	124	0.999893
1	315	216	0.999843
1	425	324	0.999788
1	437	237	0.999782
0	485	465	0.999758
1	110	61	0.999945
0	110	105	0.999945
0	162	154	0.999919
0	172	162	0.999914
0	336	289	0.999832
0	348	343	0.999826
1	350	205	0.999825
1	356	234	0.999822
1	424	240	0.999788
1	486	331	0.999757
1	486	263	0.999757
0	477	383	0.999761
0	421	341	0.999789
0	397	328	0.999801
0	395	381	0.999802
0	391	383	0.999804
0	379	362	0.99981
1	287	182	0.999856
1	283	149	0.999858
1	251	174	0.999874
1	488	349	0.999755
0	456	430	0.999771
0	454	422	0.999772
0	215	211	0.999892
0	424	407	0.999787
0	207	205	0.999896
1	199	116	0.9999
0	406	403	0.999796
0	306	297	0.999846
1	296	189	0.999851
1	280	181	0.999859
1	393	275	0.999802
1	254	192	0.999872
0	490	381	0.999753
0	117	114	0.999941
1	478	351	0.999759
0	232	187	0.999883
0	230	211	0.999884
1	113	85	0.999943
0	450	401	0.999773
1	436	330	0.99978
0	105	104	0.999947
0	418	371	0.999789
1	396	228	0.9998
0	174	135	0.999912
1	435	268	0.99978
0	425	359	0.999785
0	492	437	0.999751
1	424	227	0.999785
0	420	400	0.999787
0	262	247	0.999867
1	128	91	0.999935
0	496	427	0.999748
0	183	160	0.999907
0	305	282	0.999845
1	488	326	0.999752
0	417	337	0.999788
0	397	311	0.999798
1	391	239	0.999801
0	330	293	0.999832
1	357	269	0.999818
0	459	415	0.999766
0	431	346	0.99978
1	429	233	0.999781
1	188	142	0.999904
1	454	339	0.999768
1	405	234	0.999793
0	178	173	0.999909
1	311	174	0.999841
1	352	237	0.99982
1	422	244	0.999784
1	457	324	0.999766
0	453	431	0.999768
0	494	478	0.999747
1	488	371	0.99975
1	480	256	0.999754
0	398	391	0.999796
0	351	342	0.99982
1	76	50	0.999961
0	415	350	0.999787
0	224	200	0.999885
1	327	199	0.999832
1	399	226	0.999795
1	459	328	0.999764
0	385	350	0.999802
1	486	262	0.99975
1	344	195	0.999823
0	412	403	0.999788
1	239	175	0.999877
0	408	344	0.99979
0	338	264	0.999826
1	332	239	0.999829
0	264	246	0.999864
1	495	257	0.999745
0	425	386	0.999781
1	248	150	0.999872
1	182	100	0.999906
1	240	122	0.999876
1	298	166	0.999846
1	290	210	0.99985
0	431	334	0.999777
1	255	180	0.999868
1	226	160	0.999883
0	197	162	0.999898
0	220	203	0.999886
0	399	375	0.999793
1	185	111	0.999904
0	316	297	0.999836
0	341	317	0.999823
0	312	304	0.999838
0	466	383	0.999758
1	408	312	0.999788
0	275	225	0.999857
1	446	291	0.999768
0	465	436	0.999758
0	315	288	0.999836
0	457	407	0.999762
1	499	370	0.99974
0	326	282	0.99983
0	276	214	0.999856
1	297	162	0.999845
1	354	222	0.999815
0	132	117	0.999931
1	329	205	0.999828
0	499	454	0.999739
0	344	298	0.99982
1	317	158	0.999834
1	187	130	0.999902
1	145	90	0.999924
1	444	277	0.999767
1	301	162	0.999842
1	358	258	0.999812
0	316	264	0.999834
1	369	231	0.999806
1	388	249	0.999796
1	500	372	0.999737
1	344	252	0.999819
0	304	252	0.99984
0	243	223	0.999872
1	243	168	0.999872
1	467	324	0.999754
1	186	140	0.999902
1	428	254	0.999774
1	318	194	0.999832
0	388	298	0.999795
0	263	238	0.999861
0	456	405	0.999759
1	314	193	0.999834
0	331	303	0.999825
1	416	279	0.99978
1	276	186	0.999854
1	361	268	0.999809
1	395	241	0.999791
1	274	202	0.999855
0	495	447	0.999738
0	453	367	0.99976
0	298	275	0.999842
0	328	310	0.999826
1	262	189	0.999861
1	492	275	0.999739
0	441	419	0.999766
1	441	263	0.999766
1	439	315	0.999767
1	469	289	0.999751
0	301	289	0.99984
0	380	314	0.999798
1	432	219	0.99977
1	308	159	0.999836
1	445	251	0.999763
0	107	105	0.999943
0	328	324	0.999825
0	476	427	0.999746
1	369	243	0.999803
0	425	403	0.999773
0	234	194	0.999875
0	305	280	0.999837
1	116	59	0.999938
1	275	175	0.999853
1	449	321	0.99976
1	445	270	0.999762
1	400	212	0.999786
0	443	433	0.999763
0	127	100	0.999932
0	495	433	0.999735
0	495	471	0.999735
0	155	128	0.999917
1	435	308	0.999767
0	334	295	0.999821
1	487	337	0.999739
1	472	343	0.999747
1	388	247	0.999792
0	457	442	0.999755
1	276	176	0.999852
1	412	209	0.999779
0	123	106	0.999934
1	177	132	0.999905
0	486	409	0.999739
0	229	218	0.999877
1	296	220	0.999841
1	134	102	0.999928
1	461	336	0.999752
1	474	343	0.999745
0	420	391	0.999774
1	472	304	0.999746
1	498	339	0.999732
0	418	363	0.999775
0	442	395	0.999762
1	494	251	0.999734
0	115	96	0.999938
0	408	317	0.99978
0	484	476	0.999739
0	100	85	0.999946
1	350	255	0.999811
0	500	408	0.99973
1	237	138	0.999872
0	337	305	0.999818
1	148	103	0.99992
0	281	222	0.999848
1	353	194	0.999809
0	471	445	0.999745
1	360	229	0.999805
0	432	361	0.999766
1	456	241	0.999753
1	480	280	0.99974
1	443	269	0.99976
0	334	320	0.999819
0	452	404	0.999755
0	343	304	0.999814
1	376	283	0.999796
0	328	319	0.999822
0	339	316	0.999816
0	455	394	0.999753
1	202	125	0.99989
0	488	375	0.999734
0	409	325	0.999777
1	361	246	0.999803
0	491	487	0.999732
1	152	81	0.999917
0	271	254	0.999852
0	335	297	0.999817
0	399	330	0.999782
0	139	131	0.999924
1	492	257	0.999731
1	252	138	0.999862
1	177	115	0.999903
1	456	262	0.99975
1	93	49	0.999949
0	465	463	0.999745
0	474	427	0.99974
1	133	81	0.999927
0	492	464	0.99973
0	368	340	0.999798
0	275	239	0.999849
1	466	335	0.999744
1	302	185	0.999834
1	380	197	0.999791
1	269	179	0.999852
1	458	278	0.999748
1	458	245	0.999748
0	347	334	0.999809
1	465	295	0.999744
0	432	416	0.999762
0	372	351	0.999795
0	437	369	0.999759
0	174	166	0.999904
1	279	196	0.999846
1	491	286	0.999729
1	460	235	0.999746
0	440	359	0.999757
1	458	304	0.999747
0	322	302	0.999822
0	217	199	0.99988
1	159	89	0.999912
0	215	179	0.999881
1	486	244	0.999731
1	287	167	0.999841
1	222	160	0.999877
1	305	210	0.999831
1	240	153	0.999867
1	424	249	0.999765
0	184	177	0.999898
0	386	383	0.999786
0	413	366	0.999771
0	162	142	0.99991
0	394	321	0.999781
1	268	152	0.999851
0	491	444	0.999727
0	489	435	0.999728
0	97	92	0.999946
1	185	129	0.999897
1	185	110	0.999897
0	458	424	0.999745
1	255	182	0.999858
0	440	432	0.999755
0	149	136	0.999917
0	366	310	0.999796
0	391	312	0.999782
1	425	299	0.999763
1	468	272	0.999739
1	441	271	0.999754
0	138	124	0.999923
0	457	401	0.999745
1	129	90	0.999928
1	351	182	0.999804
1	161	120	0.99991
0	279	239	0.999844
1	372	276	0.999792
0	470	358	0.999737
0	159	129	0.999911
1	184	131	0.999897
1	357	220	0.9998
1	148	98	0.999917
1	312	212	0.999825
1	294	208	0.999835
0	399	396	0.999776
1	374	265	0.99979
1	395	211	0.999778
0	306	241	0.999828
0	201	177	0.999887
0	192	181	0.999892
1	295	167	0.999834
1	485	305	0.999727
1	348	250	0.999804
0	456	427	0.999743
1	447	338	0.999748
0	447	432	0.999748
1	429	265	0.999758
1	303	169	0.999829
0	388	316	0.999781
1	186	129	0.999895
1	154	98	0.999913
1	299	204	0.999831
0	490	459	0.999723
1	191	98	0.999892
1	474	252	0.999732
1	382	273	0.999784
1	348	180	0.999803
0	362	304	0.999795
0	422	328	0.999761
1	127	92	0.999928
0	314	250	0.999822
1	254	159	0.999856
1	298	167	0.999831
1	395	263	0.999776
1	423	304	0.99976
1	361	249	0.999795
0	169	159	0.999904
0	456	445	0.999741
0	345	272	0.999804
1	466	301	0.999735
0	471	447	0.999732
1	395	294	0.999775
1	165	111	0.999906
0	272	208	0.999845
1	114	73	0.999935
1	405	294	0.999769
1	310	183	0.999823
1	210	128	0.99988
1	364	218	0.999792
0	371	369	0.999788
1	378	199	0.999784
1	427	267	0.999756
1	441	256	0.999748
0	441	419	0.999748
0	257	254	0.999853
0	388	349	0.999778
0	346	263	0.999802
1	435	299	0.999751
0	379	372	0.999783
1	440	252	0.999748
1	403	276	0.999769
1	415	207	0.999762
1	319	232	0.999817
0	223	195	0.999872
1	216	131	0.999876
1	390	198	0.999776
1	247	140	0.999858
0	330	289	0.99981
1	415	247	0.999761
0	302	275	0.999826
1	354	220	0.999796
1	432	258	0.999751
1	111	60	0.999936
1	409	246	0.999764
0	459	438	0.999735
0	213	197	0.999877
0	478	368	0.999724
1	471	276	0.999728
1	464	309	0.999732
1	379	217	0.999781
1	363	261	0.99979
0	216	188	0.999875
1	349	240	0.999798
0	133	116	0.999923
1	482	344	0.999721
0	399	324	0.999769
0	252	223	0.999854
0	321	268	0.999814
1	371	186	0.999785
1	138	73	0.99992
1	143	86	0.999917
1	296	164	0.999828
1	189	103	0.99989
0	280	276	0.999837
1	316	212	0.999816
0	340	276	0.999802
1	340	245	0.999802
1	266	160	0.999845
0	163	149	0.999905
0	441	379	0.999743
1	187	108	0.999891
1	235	152	0.999863
1	331	168	0.999807
1	204	149	0.999881
0	303	288	0.999823
1	89	47	0.999948
0	433	369	0.999747
1	219	161	0.999872
1	118	78	0.999931
1	330	171	0.999807
0	345	276	0.999798
1	268	196	0.999843
0	437	426	0.999744
0	128	111	0.999925
0	75	68	0.999956
0	310	264	0.999818
1	177	99	0.999896
0	97	79	0.999943
0	51	42	0.99997
1	238	128	0.99986
1	243	176	0.999857
0	389	297	0.999771
0	317	281	0.999813
0	344	333	0.999797
1	318	238	0.999812
0	186	173	0.99989
0	394	330	0.999767
1	443	271	0.999738
1	98	73	0.999942
1	419	223	0.999752
1	228	129	0.999865
1	260	151	0.999846
1	432	260	0.999744
1	150	100	0.999911
0	418	367	0.999752
0	374	325	0.999778
1	357	180	0.999788
0	197	171	0.999883
1	303	166	0.99982
0	281	217	0.999833
0	180	168	0.999893
0	291	266	0.999827
1	163	118	0.999903
0	356	275	0.999788
1	324	191	0.999807
0	188	146	0.999888
1	470	262	0.99972
1	369	237	0.99978
0	399	320	0.999762
0	119	96	0.999929
0	377	353	0.999775
0	263	240	0.999843
1	413	283	0.999753
1	331	206	0.999802
0	177	149	0.999894
0	177	139	0.999894
0	384	311	0.99977
0	362	299	0.999783
1	65	44	0.999961
0	425	410	0.999745
0	433	367	0.99974
1	451	311	0.999729
1	183	137	0.99989
1	351	183	0.999789
0	251	237	0.999849
0	364	363	0.999781
0	93	88	0.999944
1	362	196	0.999782
0	166	164	0.9999
0	415	331	0.99975
1	234	141	0.999859
0	272	223	0.999836
0	242	211	0.999854
1	348	260	0.99979
0	406	403	0.999755
1	331	222	0.9998
0	427	326	0.999742
0	463	376	0.99972
1	200	129	0.999879
1	436	235	0.999736
1	317	221	0.999808
1	188	131	0.999886
0	272	205	0.999835
1	430	313	0.999739
0	186	159	0.999887
1	288	215	0.999825
0	362	278	0.99978
0	250	205	0.999848
1	452	324	0.999725
1	419	256	0.999745
0	230	195	0.99986
0	322	244	0.999804
0	368	282	0.999776
1	340	188	0.999793
0	317	299	0.999807
1	312	234	0.99981
1	187	130	0.999886
1	269	161	0.999836
1	269	137	0.999836
1	387	287	0.999764
0	195	156	0.999881
0	231	207	0.999859
1	267	178	0.999837
1	362	185	0.999779
0	442	415	0.99973
0	442	354	0.99973
0	198	178	0.999879
1	391	207	0.999761
1	193	108	0.999882
1	183	127	0.999888
0	310	295	0.99981
1	398	273	0.999756
0	225	185	0.999862
1	414	286	0.999746
0	396	390	0.999757
1	425	274	0.999739
0	267	227	0.999836
0	337	280	0.999793
1	288	146	0.999823
0	416	374	0.999744
1	372	188	0.999771
1	414	211	0.999745
1	422	283	0.99974
1	159	106	0.999902
0	433	409	0.999733
0	316	267	0.999805
1	128	84	0.999921
0	384	306	0.999763
1	371	250	0.999771
0	230	210	0.999858
0	416	335	0.999743
1	385	230	0.999762
0	131	117	0.999919
0	76	70	0.999953
0	367	288	0.999773
1	425	219	0.999737
1	323	161	0.9998
0	134	105	0.999917
0	347	310	0.999785
0	450	348	0.999721
0	208	166	0.999871
0	440	437	0.999727
0	348	278	0.999784
0	153	126	0.999905
0	401	348	0.999751
0	272	251	0.999831
0	386	355	0.99976
1	447	272	0.999722
1	183	108	0.999886
1	207	125	0.999871
1	276	143	0.999828
0	340	273	0.999788
0	380	359	0.999763
0	295	286	0.999816
0	285	261	0.999822
1	349	177	0.999782
0	240	215	0.99985
1	347	206	0.999783
1	243	180	0.999848
1	342	174	0.999786
1	131	68	0.999918
0	393	349	0.999754
1	428	251	0.999732
0	91	76	0.999943
1	316	165	0.999802
0	351	263	0.99978
0	343	285	0.999785
0	295	263	0.999815
0	368	339	0.999769
0	446	444	0.99972
1	352	200	0.999779
1	258	156	0.999838
1	379	224	0.999762
1	261	140	0.999836
0	445	423	0.99972
0	316	283	0.999801
0	173	158	0.999891
0	73	66	0.999954
1	255	140	0.999839
0	274	256	0.999827
1	293	172	0.999815
1	331	175	0.999791
1	242	152	0.999847
1	411	271	0.99974
0	226	187	0.999857
0	384	366	0.999757
0	278	220	0.999824
0	390	294	0.999753
1	442	273	0.99972
1	426	264	0.99973
0	377	336	0.999761
0	317	304	0.999799
1	369	252	0.999766
1	361	267	0.999771
1	383	198	0.999757
0	249	229	0.999842
0	260	249	0.999835
1	252	179	0.99984
0	318	275	0.999798
1	425	304	0.99973
0	384	327	0.999756
0	343	331	0.999782
1	184	105	0.999883
0	368	353	0.999766
1	272	199	0.999827
0	242	200	0.999846
0	253	215	0.999839
0	264	249	0.999832
1	275	160	0.999825
1	212	106	0.999865
1	432	223	0.999724
1	389	216	0.999751
1	403	286	0.999742
0	348	295	0.999777
1	323	221	0.999793
0	195	178	0.999875
1	312	203	0.9998
1	379	265	0.999757
1	344	206	0.999779
1	428	272	0.999725
0	252	212	0.999838
0	409	338	0.999737
1	314	216	0.999798
1	115	81	0.999926
0	202	174	0.99987
1	278	174	0.999821
1	222	141	0.999857
0	208	179	0.999866
1	135	94	0.999913
1	346	219	0.999777
1	287	192	0.999815
0	394	359	0.999746
0	293	261	0.999811
0	234	229	0.999849
1	389	252	0.999749
1	345	218	0.999777
1	167	114	0.999892
0	224	184	0.999855
0	414	329	0.999732
1	366	186	0.999763
1	71	37	0.999954
1	381	260	0.999753
0	401	355	0.99974
1	74	51	0.999952
0	430	366	0.999721
1	220	147	0.999857
1	186	121	0.999879
0	353	315	0.99977
0	333	281	0.999783
0	115	94	0.999925
1	418	217	0.999727
0	101	80	0.999934
1	427	245	0.999721
0	303	291	0.999802
0	78	64	0.999949
0	289	241	0.999811
1	295	201	0.999807
1	275	142	0.99982
1	119	75	0.999922
1	386	263	0.999747
1	389	197	0.999745
0	93	74	0.999939
1	250	168	0.999836
1	221	160	0.999855
1	253	172	0.999834
0	128	124	0.999916
1	262	165	0.999828
0	99	81	0.999935
0	166	128	0.999891
0	315	312	0.999793
1	420	226	0.999724
1	143	75	0.999906
0	415	340	0.999727
1	199	126	0.999869
1	369	238	0.999757
0	378	287	0.999751
1	422	281	0.999722
0	393	334	0.999741
0	405	320	0.999733
1	423	300	0.999721
1	197	111	0.99987
1	197	120	0.99987
1	50	29	0.999967
1	153	98	0.999899
0	106	91	0.99993
0	365	308	0.999759
0	221	174	0.999854
1	216	111	0.999857
0	370	324	0.999755
1	415	257	0.999725
0	418	382	0.999723
1	338	199	0.999776
0	267	226	0.999823
0	377	329	0.99975
1	300	177	0.999801
0	410	325	0.999728
1	416	258	0.999724
1	336	247	0.999777
0	342	320	0.999773
0	369	286	0.999755
0	290	259	0.999807
1	302	171	0.999799
0	341	328	0.999773
1	344	203	0.999771
0	344	271	0.999771
1	57	36	0.999962
1	123	65	0.999918
0	255	222	0.99983
1	354	256	0.999764
0	402	300	0.999732
1	301	167	0.999799
1	241	144	0.999839
0	208	179	0.999861
1	142	87	0.999905
0	281	263	0.999812
0	272	231	0.999818
0	218	177	0.999854
1	309	178	0.999793
0	403	320	0.99973
0	288	253	0.999807
0	179	152	0.99988
1	395	214	0.999735
0	143	108	0.999904
0	207	193	0.999861
0	341	277	0.999771
0	238	210	0.99984
1	361	183	0.999757
1	101	56	0.999932
1	193	115	0.99987
0	242	183	0.999837
1	190	134	0.999872
1	282	160	0.99981
0	338	303	0.999772
1	237	160	0.99984
0	225	210	0.999848
1	259	157	0.999825
0	108	82	0.999927
0	139	117	0.999906
1	414	283	0.99972
0	99	93	0.999933
1	226	119	0.999847
1	186	102	0.999874
0	248	231	0.999832
0	310	265	0.99979
1	59	36	0.99996
1	143	73	0.999903
1	280	176	0.99981
0	249	215	0.999831
0	414	341	0.999719
1	355	208	0.999759
1	134	88	0.999909
1	318	197	0.999784
1	318	196	0.999784
0	156	149	0.999894
1	344	203	0.999766
1	291	163	0.999802
0	119	104	0.999919
0	411	392	0.99972
1	179	122	0.999878
1	264	158	0.99982
1	396	230	0.99973
0	381	358	0.99974
1	359	219	0.999755
0	252	216	0.999828
0	205	161	0.99986
1	407	205	0.999722
1	363	265	0.999752
0	363	297	0.999752
1	319	206	0.999782
0	380	289	0.99974
0	399	366	0.999727
0	282	215	0.999807
0	184	165	0.999874
1	197	99	0.999865
1	388	215	0.999734
1	347	227	0.999762
1	398	271	0.999727
0	172	169	0.999882
0	188	157	0.999871
1	259	178	0.999822
1	80	48	0.999945
0	269	231	0.999815
1	369	261	0.999746
1	254	180	0.999825
1	222	164	0.999847
0	396	375	0.999727
0	351	301	0.999758
1	232	157	0.99984
1	303	182	0.999791
0	390	357	0.999731
0	394	317	0.999728
1	407	273	0.999719
1	149	103	0.999897
0	175	152	0.999879
1	201	105	0.999861
1	221	160	0.999847
1	325	203	0.999775
1	403	242	0.999721
1	352	209	0.999756
1	225	120	0.999844
0	284	216	0.999803
0	366	289	0.999746
1	353	207	0.999755
0	402	356	0.999721
0	376	289	0.999739
0	314	260	0.999782
0	361	279	0.999749
0	56	49	0.999961
1	99	55	0.999931
0	241	196	0.999832
1	327	228	0.999772
1	248	159	0.999827
0	334	270	0.999767
0	258	205	0.99982
1	278	149	0.999806
0	209	166	0.999854
1	269	161	0.999812
0	376	372	0.999737
1	240	151	0.999832
1	292	185	0.999795
1	131	71	0.999908
0	353	274	0.999752
1	391	217	0.999725
0	226	222	0.999841
0	270	266	0.99981
0	324	250	0.999772
0	233	227	0.999836
0	318	255	0.999776
1	210	129	0.999852
0	190	146	0.999866
0	190	147	0.999866
1	367	211	0.999741
1	187	115	0.999868
0	357	324	0.999748
0	269	268	0.99981
0	327	285	0.999769
0	246	244	0.999826
0	295	276	0.999791
1	93	51	0.999934
0	369	365	0.999738
0	245	218	0.999826
0	297	264	0.999789
1	228	127	0.999838
1	380	229	0.99973
1	197	104	0.99986
0	187	178	0.999867
1	142	95	0.999899
1	52	33	0.999963
0	253	190	0.99982
0	340	304	0.999758
1	382	225	0.999728
0	271	201	0.999807
0	358	330	0.999745
1	393	225	0.99972
0	296	236	0.999789
1	310	169	0.999779
1	230	165	0.999836
0	387	355	0.999724
1	185	110	0.999868
0	353	294	0.999748
0	259	243	0.999815
1	305	188	0.999782
1	179	117	0.999872
1	376	249	0.999731
0	225	206	0.999839
0	317	313	0.999773
0	74	64	0.999947
0	367	320	0.999737
1	360	202	0.999742
1	223	136	0.99984
0	262	229	0.999812
1	213	119	0.999847
1	320	203	0.99977
0	281	276	0.999798
1	285	172	0.999795
1	253	150	0.999818
1	214	132	0.999846
1	257	158	0.999815
1	272	172	0.999804
1	72	53	0.999948
0	228	186	0.999835
1	203	112	0.999853
1	352	208	0.999745
0	345	335	0.99975
0	353	286	0.999744
0	353	296	0.999744
1	358	238	0.99974
0	128	120	0.999907
1	249	164	0.999819
1	381	281	0.999723
1	154	112	0.999888
0	169	129	0.999877
0	283	213	0.999794
1	313	214	0.999772
0	258	221	0.999812
0	295	222	0.999785
0	351	322	0.999744
0	248	190	0.999819
1	230	142	0.999832
1	186	131	0.999864
0	283	221	0.999793
0	157	146	0.999885
1	187	132	0.999863
1	382	215	0.99972
1	375	258	0.999725
0	383	342	0.999719
0	267	230	0.999804
1	162	110	0.999881
0	328	261	0.999759
1	362	248	0.999734
0	374	288	0.999725
0	352	335	0.999741
1	269	194	0.999802
0	311	286	0.999771
1	368	203	0.999729
1	224	122	0.999835
0	293	223	0.999784
1	324	220	0.999761
0	275	256	0.999797
1	325	173	0.99976
0	348	303	0.999743
1	234	147	0.999827
0	311	297	0.99977
0	358	325	0.999735
0	181	161	0.999866
0	193	149	0.999857
0	325	251	0.999759
1	93	61	0.999931
0	368	282	0.999727
0	229	217	0.99983
1	105	67	0.999922
0	280	216	0.999792
0	222	190	0.999835
1	195	103	0.999855
1	324	237	0.999759
0	297	229	0.999779
1	356	197	0.999735
1	137	85	0.999898
0	278	270	0.999793
1	208	106	0.999845
1	220	159	0.999836
0	326	272	0.999757
1	284	192	0.999788
0	186	176	0.999861
0	293	237	0.999781
0	103	83	0.999923
1	270	146	0.999798
0	294	245	0.99978
0	294	274	0.99978
1	211	146	0.999842
0	331	262	0.999752
1	355	184	0.999734
0	363	335	0.999728
0	367	354	0.999725
1	160	116	0.99988
0	184	154	0.999862
1	236	133	0.999823
0	240	182	0.99982
1	304	179	0.999772
0	365	312	0.999726
0	237	210	0.999822
0	197	177	0.999852
1	366	224	0.999725
1	278	154	0.999791
0	242	213	0.999818
0	371	366	0.999721
0	89	73	0.999933
0	372	346	0.99972
1	360	200	0.999729
1	235	157	0.999823
0	280	279	0.999789
1	297	192	0.999776
1	358	240	0.99973
1	269	136	0.999797
1	151	102	0.999886
1	192	134	0.999855
0	335	329	0.999747
0	188	163	0.999858
0	319	235	0.999759
0	168	150	0.999873
0	168	127	0.999873
1	271	151	0.999795
0	191	157	0.999855
0	50	38	0.999962
1	354	253	0.999731
0	275	274	0.999791
0	300	226	0.999772
0	359	266	0.999727
0	330	310	0.999749
0	138	106	0.999895
1	84	59	0.999936
0	189	140	0.999856
1	219	137	0.999833
0	342	331	0.999739
1	93	67	0.999929
1	174	127	0.999867
0	315	271	0.999759
1	277	182	0.999788
1	341	225	0.999739
1	333	172	0.999745
0	329	281	0.999748
0	90	78	0.999931
0	330	295	0.999747
1	133	86	0.999898
1	348	238	0.999733
1	271	195	0.999792
0	280	271	0.999785
1	237	170	0.999818
0	151	127	0.999884
1	320	169	0.999754
0	143	128	0.99989
1	286	148	0.99978
1	299	177	0.99977
1	322	178	0.999752
0	227	193	0.999825
1	259	180	0.9998
1	309	173	0.999761
1	362	234	0.99972
0	301	265	0.999767
1	329	241	0.999745
1	277	195	0.999785
0	344	260	0.999733
1	63	35	0.999951
0	198	179	0.999846
1	261	135	0.999797
0	297	249	0.999769
0	338	289	0.999737
0	302	232	0.999765
0	275	210	0.999786
0	172	166	0.999866
0	77	74	0.99994
0	290	259	0.999774
1	245	157	0.999809
0	336	261	0.999738
1	150	76	0.999883
0	300	250	0.999766
1	142	83	0.999889
1	348	228	0.999728
1	307	193	0.99976
0	253	252	0.999802
0	189	147	0.999852
1	254	144	0.999801
0	259	245	0.999797
1	139	89	0.999891
0	352	328	0.999724
0	190	174	0.999851
1	292	195	0.999771
0	79	68	0.999938
0	186	157	0.999854
1	326	194	0.999744
1	346	189	0.999728
1	117	79	0.999908
1	108	57	0.999915
1	216	117	0.99983
0	66	62	0.999948
0	199	158	0.999843
1	166	92	0.999869
0	219	180	0.999827
0	62	47	0.999951
1	234	131	0.999815
0	225	170	0.999822
0	302	267	0.999761
1	235	144	0.999814
1	144	73	0.999886
0	269	207	0.999787
1	265	180	0.99979
1	315	164	0.99975
0	131	98	0.999896
0	204	189	0.999838
1	234	136	0.999814
0	221	182	0.999824
0	128	118	0.999898
0	350	340	0.999721
0	336	265	0.999732
1	287	156	0.999771
0	318	242	0.999746
0	174	137	0.999861
0	224	193	0.999821
1	334	234	0.999733
0	135	102	0.999892
1	255	178	0.999796
1	275	158	0.99978
0	325	297	0.99974
1	316	166	0.999747
1	282	156	0.999774
0	277	219	0.999778
0	126	119	0.999899
0	303	273	0.999757
1	258	144	0.999793
0	340	285	0.999727
1	340	220	0.999727
1	285	167	0.999771
1	240	132	0.999807
0	195	169	0.999843
1	231	167	0.999814
1	324	188	0.999739
1	206	148	0.999834
1	309	154	0.999751
0	222	189	0.999821
0	326	279	0.999737
1	295	211	0.999762
1	306	217	0.999753
0	109	92	0.999912
1	135	83	0.999891
0	344	333	0.999722
1	131	89	0.999894
0	283	228	0.999771
1	163	119	0.999868
0	345	313	0.99972
1	96	55	0.999922
0	256	201	0.999792
0	166	151	0.999865
0	300	295	0.999756
0	54	48	0.999956
0	270	228	0.99978
1	335	236	0.999727
0	287	266	0.999766
1	60	42	0.999951
0	148	127	0.999879
1	258	176	0.999789
0	287	281	0.999765
1	310	166	0.999746
0	310	239	0.999746
1	302	217	0.999752
1	224	139	0.999816
0	163	133	0.999866
0	186	142	0.999847
1	327	232	0.999731
0	333	266	0.999726
1	334	184	0.999725
0	301	220	0.999752
0	234	222	0.999807
1	264	180	0.999782
0	138	111	0.999886
0	156	141	0.999871
1	237	149	0.999804
0	279	210	0.999769
1	163	113	0.999865
1	328	200	0.999728
0	252	189	0.999791
1	293	162	0.999757
0	335	324	0.999722
0	306	286	0.999746
1	326	165	0.999729
0	256	190	0.999787
0	221	189	0.999816
1	276	165	0.99977
0	259	237	0.999784
0	151	114	0.999874
1	260	160	0.999783
0	103	97	0.999914
0	309	271	0.999742
0	194	175	0.999838
1	334	172	0.999721
1	304	205	0.999746
0	306	263	0.999744
0	282	262	0.999764
0	325	254	0.999728
0	332	289	0.999722
1	326	229	0.999727
1	320	162	0.999732
1	191	97	0.99984
1	333	219	0.999721
1	230	128	0.999807
0	199	149	0.999833
0	94	69	0.999921
0	295	249	0.999752
1	176	110	0.999852
0	195	147	0.999836
1	315	228	0.999735
0	127	105	0.999893
0	121	103	0.999898
1	325	230	0.999726
0	313	304	0.999736
0	64	58	0.999946
0	320	316	0.99973
1	205	137	0.999827
1	282	190	0.999762
0	264	241	0.999777
0	303	254	0.999744
1	239	140	0.999798
1	233	164	0.999803
1	111	76	0.999906
1	255	159	0.999784
0	288	280	0.999756
1	203	130	0.999828
0	210	202	0.999822
0	66	49	0.999944
1	245	159	0.999792
0	287	262	0.999756
0	309	274	0.999737
0	115	110	0.999902
0	318	242	0.999729
0	149	111	0.999873
0	238	230	0.999797
0	238	210	0.999797
0	310	262	0.999735
0	207	172	0.999823
1	276	171	0.999764
0	152	150	0.99987
1	159	93	0.999864
1	180	97	0.999846
0	208	207	0.999822
0	229	220	0.999804
1	230	131	0.999803
0	280	236	0.99976
0	113	107	0.999903
0	219	165	0.999812
0	170	135	0.999854
0	326	267	0.99972
1	315	207	0.999729
0	187	164	0.999839
1	224	112	0.999807
1	109	77	0.999906
0	95	82	0.999918
0	324	260	0.99972
1	296	204	0.999744
0	215	213	0.999814
1	193	103	0.999833
1	323	216	0.99972
0	286	237	0.999752
0	212	160	0.999816
1	92	66	0.99992
0	253	238	0.99978
0	147	115	0.999872
1	203	105	0.999823
0	157	122	0.999863
0	283	214	0.999753
0	276	245	0.999759
0	237	204	0.999793
0	245	237	0.999786
0	198	168	0.999827
0	206	158	0.99982
0	230	186	0.999799
0	159	130	0.999861
1	239	120	0.999791
1	263	155	0.99977
0	192	151	0.999832
0	264	222	0.999769
1	137	80	0.99988
0	290	248	0.999746
1	242	172	0.999788
1	211	133	0.999815
0	273	252	0.99976
1	216	154	0.99981
1	75	47	0.999934
0	309	261	0.999728
1	176	105	0.999845
1	261	145	0.99977
0	261	231	0.99977
0	287	284	0.999747
0	305	271	0.999731
1	280	147	0.999753
1	136	92	0.99988
0	204	152	0.99982
0	221	217	0.999805
0	197	191	0.999826
1	146	106	0.999871
0	172	128	0.999848
0	199	185	0.999824
0	122	118	0.999892
0	279	253	0.999753
0	184	176	0.999837
1	307	168	0.999728
1	185	125	0.999836
1	238	148	0.999789
0	275	241	0.999756
0	205	185	0.999818
0	152	115	0.999865
0	233	184	0.999793
0	54	41	0.999952
0	264	258	0.999765
0	228	177	0.999797
0	219	202	0.999805
1	64	45	0.999943
1	238	168	0.999788
1	230	116	0.999795
1	313	205	0.999721
1	222	130	0.999802
0	176	150	0.999843
1	195	125	0.999826
1	260	158	0.999768
1	271	152	0.999758
0	179	175	0.99984
0	257	212	0.99977
1	124	89	0.999889
1	277	171	0.999752
1	258	175	0.999769
0	249	225	0.999777
1	308	167	0.999724
0	177	159	0.999841
0	295	254	0.999735
0	257	234	0.999769
0	228	169	0.999795
0	248	189	0.999777
1	169	121	0.999848
0	298	247	0.999732
0	210	173	0.999811
1	231	142	0.999792
0	212	165	0.999809
0	122	91	0.99989
0	285	274	0.999743
0	82	78	0.999926
0	268	238	0.999758
1	177	113	0.99984
0	146	134	0.999868
0	167	141	0.999849
0	188	182	0.99983
1	136	75	0.999877
1	231	136	0.999791
1	307	165	0.999722
0	302	267	0.999726
1	282	186	0.999744
1	228	148	0.999793
1	109	60	0.999901
0	187	154	0.99983
0	277	267	0.999748
1	255	183	0.999768
0	235	192	0.999786
1	224	153	0.999796
0	180	168	0.999836
1	249	174	0.999773
0	159	136	0.999855
0	307	224	0.99972
1	264	162	0.999759
1	185	111	0.999831
0	58	52	0.999947
1	117	77	0.999893
0	200	165	0.999817
0	71	56	0.999935
1	181	122	0.999834
1	159	91	0.999854
1	147	89	0.999865
0	296	258	0.999728
1	296	194	0.999728
0	286	268	0.999737
1	288	153	0.999735
0	201	149	0.999815
0	202	152	0.999814
1	279	176	0.999743
0	231	210	0.999787
0	104	93	0.999904
0	251	231	0.999768
1	146	99	0.999865
1	256	173	0.999763
1	270	150	0.99975
1	285	172	0.999736
0	272	267	0.999748
0	206	191	0.999809
0	152	150	0.999859
1	194	108	0.99982
1	264	157	0.999755
0	228	216	0.999788
1	162	109	0.999849
0	208	186	0.999806
1	120	76	0.999888
1	294	197	0.999725
0	249	206	0.999767
1	265	187	0.999752
0	63	49	0.999941
1	252	168	0.999764
0	80	71	0.999925
0	181	161	0.99983
0	198	145	0.999814
1	237	137	0.999777
0	153	142	0.999856
0	238	180	0.999776
0	209	191	0.999803
1	123	78	0.999884
1	265	161	0.99975
1	284	197	0.999732
0	267	220	0.999748
0	162	155	0.999847
1	236	133	0.999777
1	295	205	0.999721
0	278	223	0.999737
1	113	74	0.999893
0	116	112	0.99989
0	216	165	0.999795
1	208	146	0.999802
1	63	37	0.99994
0	189	158	0.99982
0	211	170	0.999799
1	191	111	0.999818
1	192	102	0.999817
0	263	236	0.999749
1	198	99	0.999811
1	223	140	0.999787
0	181	134	0.999827
0	278	222	0.999734
0	96	72	0.999908
0	121	116	0.999884
0	206	171	0.999802
0	156	138	0.99985
1	157	105	0.999849
1	186	106	0.999821
0	189	176	0.999818
1	56	28	0.999946
0	252	199	0.999757
0	280	203	0.99973
0	259	189	0.99975
0	261	247	0.999748
1	147	90	0.999858
1	273	175	0.999736
0	243	239	0.999765
1	214	121	0.999793
0	184	166	0.999822
1	281	161	0.999728
0	190	140	0.999816
0	269	223	0.999739
0	286	235	0.999722
1	286	206	0.999722
0	255	232	0.999752
1	225	128	0.999781
1	189	129	0.999816
1	229	163	0.999777
1	283	149	0.999724
0	163	128	0.999841
0	167	155	0.999837
1	219	156	0.999786
1	91	57	0.999911
0	276	230	0.99973
1	185	124	0.999819
0	280	219	0.999726
0	282	250	0.999724
1	193	131	0.999811
0	243	208	0.999762
0	247	231	0.999758
1	101	57	0.999901
1	155	109	0.999848
1	105	69	0.999897
0	109	81	0.999893
1	274	157	0.999731
0	224	164	0.99978
0	243	177	0.999761
0	128	115	0.999874
0	276	268	0.999728
1	70	45	0.999931
0	70	62	0.999931
0	277	257	0.999727
1	225	116	0.999778
1	79	51	0.999922
0	159	131	0.999843
1	161	108	0.999841
0	249	186	0.999754
1	86	51	0.999915
0	199	147	0.999803
0	253	243	0.999749
1	260	182	0.999742
0	272	225	0.99973
1	278	155	0.999724
1	281	145	0.999721
1	146	79	0.999855
1	167	118	0.999834
0	179	155	0.999822
0	217	193	0.999784
0	224	173	0.999777
1	227	152	0.999774
1	264	149	0.999737
1	273	159	0.999728
0	58	51	0.999942
1	99	55	0.999901
0	103	82	0.999897
1	182	123	0.999818
0	268	242	0.999732
0	254	223	0.999745
0	204	169	0.999795
0	164	162	0.999835
1	131	69	0.999868
1	255	129	0.999743
1	125	75	0.999874
0	118	102	0.999881
1	211	120	0.999787
0	200	164	0.999798
1	197	117	0.999801
0	82	65	0.999917
0	246	213	0.999751
1	245	148	0.999752
1	160	114	0.999838
0	203	187	0.999794
0	268	234	0.999728
1	61	31	0.999938
1	60	37	0.999939
0	242	192	0.999754
1	107	64	0.999891
0	263	206	0.999732
0	208	156	0.999788
0	99	96	0.999899
0	184	137	0.999812
0	136	114	0.999861
0	271	263	0.999723
1	134	75	0.999863
1	253	171	0.999741
1	81	43	0.999917
0	78	57	0.99992
1	111	69	0.999886
0	250	239	0.999743
1	207	131	0.999787
1	197	126	0.999797
1	64	41	0.999934
1	128	67	0.999868
1	127	89	0.999869
0	119	89	0.999877
0	236	178	0.999756
1	265	187	0.999726
0	196	168	0.999797
0	223	206	0.999769
1	165	83	0.999829
1	191	109	0.999802
0	188	158	0.999805
0	80	68	0.999917
0	268	214	0.999722
0	241	174	0.99975
1	158	104	0.999836
1	261	160	0.999729
0	206	182	0.999786
1	75	50	0.999922
0	215	201	0.999776
0	210	195	0.999781
0	137	136	0.999857
0	204	165	0.999787
1	135	96	0.999859
0	246	222	0.999743
0	239	225	0.99975
1	85	51	0.999911
0	126	124	0.999868
0	230	223	0.999759
1	181	129	0.99981
0	160	121	0.999832
0	219	169	0.99977
1	212	141	0.999777
0	266	197	0.99972
0	150	147	0.999842
1	261	185	0.999725
1	91	59	0.999904
1	89	60	0.999906
0	177	152	0.999813
1	263	159	0.999722
1	52	33	0.999945
1	236	120	0.99975
0	218	194	0.999769
0	83	65	0.999912
0	214	161	0.999773
1	176	96	0.999813
1	208	118	0.999779
0	158	143	0.999832
1	252	150	0.999732
1	171	113	0.999818
0	137	119	0.999854
1	243	143	0.999741
1	150	84	0.99984
1	191	131	0.999796
0	191	154	0.999796
1	250	140	0.999733
1	143	75	0.999847
1	200	134	0.999786
0	157	126	0.999832
0	155	136	0.999834
0	168	156	0.99982
1	256	157	0.999725
0	200	184	0.999785
1	171	103	0.999816
1	197	119	0.999788
1	104	55	0.999888
0	77	75	0.999917
1	231	116	0.999751
1	190	98	0.999795
0	139	131	0.99985
1	214	121	0.999769
1	87	56	0.999906
0	87	86	0.999906
0	248	192	0.999732
1	223	126	0.999759
0	246	183	0.999734
0	170	140	0.999816
0	109	107	0.999882
0	121	113	0.999869
1	179	113	0.999806
0	200	191	0.999783
0	186	147	0.999798
1	218	124	0.999763
0	183	143	0.999801
1	102	73	0.999889
1	79	51	0.999914
1	226	124	0.999754
1	150	99	0.999836
0	160	131	0.999825
1	94	56	0.999897
0	156	124	0.999829
1	228	136	0.99975
0	62	52	0.999932
0	154	140	0.999831
1	193	134	0.999788
0	201	155	0.999779
1	211	115	0.999768
0	250	191	0.999725
0	218	210	0.99976
1	147	92	0.999838
1	205	134	0.999774
0	195	180	0.999785
1	165	105	0.999818
0	165	134	0.999818
0	58	44	0.999936
0	225	178	0.999751
0	187	144	0.999793
0	220	185	0.999756
1	160	99	0.999822
1	213	145	0.999763
0	186	182	0.999793
1	106	54	0.999882
1	193	98	0.999785
0	101	79	0.999887
1	190	134	0.999787
0	223	203	0.99975
1	231	150	0.999741
0	140	125	0.999843
1	122	62	0.999863
0	236	215	0.999735
0	195	179	0.999781
0	235	192	0.999736
1	136	93	0.999847
1	232	131	0.999739
1	240	127	0.99973
1	63	35	0.999929
1	219	118	0.999753
1	132	92	0.999851
1	170	114	0.999808
0	108	79	0.999878
0	162	134	0.999817
1	154	109	0.999826
0	123	92	0.999861
1	123	78	0.999861
0	215	202	0.999757
0	138	114	0.999844
1	145	102	0.999836
0	218	184	0.999753
0	119	101	0.999865
1	104	69	0.999882
0	81	77	0.999908
1	88	61	0.9999
0	189	163	0.999785
0	218	207	0.999752
1	58	36	0.999934
0	152	120	0.999827
1	216	123	0.999754
0	115	111	0.999869
0	120	88	0.999863
1	217	139	0.999752
0	243	220	0.999722
0	201	175	0.99977
0	131	118	0.99985
0	179	175	0.999795
0	215	195	0.999753
0	87	85	0.9999
1	214	117	0.999754
1	207	145	0.999762
0	227	211	0.999739
0	120	115	0.999862
1	173	99	0.999801
1	153	94	0.999824
0	53	52	0.999939
0	210	160	0.999758
0	201	159	0.999768
1	186	112	0.999785
0	192	151	0.999778
1	240	138	0.999722
1	220	112	0.999745
1	182	111	0.999789
0	212	168	0.999754
0	168	161	0.999805
1	217	110	0.999748
0	85	83	0.999901
1	162	104	0.999811
0	161	156	0.999812
0	217	203	0.999746
1	211	140	0.999753
1	193	133	0.999774
1	134	68	0.999843
1	226	132	0.999735
1	75	50	0.999912
1	224	158	0.999737
1	195	103	0.999771
0	166	142	0.999805
0	68	52	0.99992
0	85	79	0.9999
1	102	66	0.99988
0	221	213	0.99974
0	113	88	0.999867
1	197	120	0.999768
0	135	133	0.999841
0	225	220	0.999735
1	236	164	0.999722
1	157	79	0.999815
0	228	194	0.999731
1	171	95	0.999798
0	190	162	0.999775
0	179	178	0.999788
0	209	184	0.999752
1	233	157	0.999723
0	100	90	0.999881
0	210	189	0.99975
1	120	75	0.999857
0	99	74	0.999882
1	130	77	0.999845
0	135	131	0.999839
0	83	65	0.999901
1	155	88	0.999815
1	175	113	0.999791
0	102	97	0.999878
0	56	45	0.999933
0	188	171	0.999775
0	50	46	0.99994
0	104	83	0.999875
0	178	154	0.999786
0	64	48	0.999923
1	196	129	0.999764
0	222	183	0.999732
0	230	209	0.999722
0	110	102	0.999867
1	214	138	0.999741
1	57	34	0.999931
0	147	143	0.999822
0	128	93	0.999845
1	122	82	0.999852
1	56	33	0.999932
1	154	99	0.999813
0	218	191	0.999735
0	208	172	0.999747
0	161	118	0.999804
0	188	146	0.999771
0	119	104	0.999855
0	123	103	0.99985
1	222	136	0.999729
1	181	92	0.999779
0	194	168	0.999763
0	180	147	0.99978
1	225	125	0.999725
0	94	77	0.999885
0	94	68	0.999885
0	214	190	0.999738
0	138	124	0.999831
0	178	161	0.999782
1	220	127	0.99973
0	100	93	0.999877
1	213	146	0.999738
0	78	57	0.999904
1	78	49	0.999904
0	164	145	0.999798
0	99	90	0.999878
0	158	121	0.999805
0	192	152	0.999763
1	115	68	0.999858
0	106	95	0.999869
0	139	101	0.999828
1	193	123	0.999761
1	134	72	0.999834
0	120	97	0.999851
1	219	134	0.999728
1	165	103	0.999795
1	103	55	0.999872
0	177	165	0.99978
0	119	95	0.999852
1	65	36	0.999919
1	141	71	0.999824
1	205	133	0.999744
0	64	50	0.99992
0	159	155	0.999801
0	189	171	0.999763
0	181	150	0.999773
0	208	164	0.999739
1	175	102	0.99978
0	112	98	0.999859
1	197	136	0.999752
0	204	188	0.999743
1	141	80	0.999822
0	217	169	0.999726
1	175	116	0.999779
0	220	212	0.999722
0	125	105	0.999842
0	147	136	0.999814
0	183	152	0.999768
0	171	165	0.999783
0	152	109	0.999807
0	152	129	0.999807
0	207	174	0.999737
1	110	77	0.99986
0	121	93	0.999846
0	102	74	0.99987
1	160	109	0.999796
1	200	124	0.999745
1	109	75	0.999861
0	76	74	0.999903
1	210	111	0.999732
0	90	72	0.999885
0	215	158	0.999725
1	100	67	0.999872
0	218	159	0.999721
1	114	62	0.999854
1	181	127	0.999768
1	193	127	0.999752
0	140	137	0.99982
1	143	97	0.999816
1	73	49	0.999906
1	173	106	0.999777
0	214	186	0.999724
0	206	191	0.999734
1	192	127	0.999752
1	116	59	0.99985
1	92	52	0.999881
1	153	104	0.999802
1	197	113	0.999745
1	176	92	0.999772
0	186	156	0.999759
1	185	95	0.99976
0	177	146	0.99977
0	197	177	0.999744
1	100	50	0.99987
1	212	119	0.999724
1	129	75	0.999832
1	197	131	0.999743
0	65	48	0.999915
0	151	121	0.999802
0	173	163	0.999773
0	173	132	0.999773
1	195	133	0.999744
1	191	122	0.999749
1	114	71	0.99985
0	120	119	0.999842
1	148	95	0.999805
0	91	81	0.99988
0	210	171	0.999723
1	153	91	0.999798
1	134	75	0.999823
0	174	152	0.99977
1	180	117	0.999762
1	186	110	0.999754
0	194	183	0.999743
0	200	160	0.999735
0	125	120	0.999834
1	125	79	0.999834
1	198	102	0.999737
0	88	71	0.999883
0	173	154	0.99977
0	57	54	0.999924
0	200	166	0.999733
1	208	107	0.999722
0	154	129	0.999794
0	208	190	0.999721
0	158	115	0.999788
1	102	72	0.999863
0	102	88	0.999863
1	134	88	0.99982
1	177	111	0.999762
0	139	109	0.999813
0	132	110	0.999822
0	146	123	0.999803
1	74	39	0.9999
0	91	65	0.999877
0	88	74	0.999881
1	190	125	0.999743
0	158	124	0.999786
1	163	85	0.999779
0	185	159	0.999749
1	190	110	0.999742
0	139	116	0.999811
1	137	86	0.999813
1	117	63	0.99984
1	87	48	0.999881
1	174	94	0.999762
1	125	64	0.999829
0	203	178	0.999722
0	192	144	0.999737
1	197	114	0.99973
0	78	64	0.999893
0	152	119	0.999791
1	130	85	0.999821
1	176	113	0.999757
1	102	69	0.999859
1	60	41	0.999917
0	201	153	0.999722
1	180	126	0.999751
0	91	75	0.999874
1	166	88	0.99977
0	171	130	0.999763
0	196	180	0.999728
0	108	77	0.99985
0	172	159	0.999761
1	89	58	0.999876
1	149	104	0.999792
0	53	50	0.999926
1	169	100	0.999764
0	168	152	0.999765
0	135	108	0.999811
0	126	99	0.999823
0	191	137	0.999731
0	176	144	0.999752
0	112	90	0.999842
0	150	139	0.999788
1	72	41	0.999898
1	50	28	0.999929
1	50	28	0.999929
0	139	130	0.999802
1	139	92	0.999802
1	127	85	0.999819
1	157	92	0.999776
1	133	92	0.99981
0	140	134	0.9998
1	193	114	0.999724
0	130	98	0.999814
0	167	137	0.999761
0	188	187	0.99973
0	160	149	0.99977
1	185	98	0.999734
0	113	99	0.999837
1	162	113	0.999766
0	121	107	0.999825
1	186	117	0.999731
0	168	125	0.999757
1	159	102	0.99977
1	132	72	0.999809
1	143	84	0.999793
1	89	57	0.999871
1	91	52	0.999868
0	176	159	0.999744
0	175	143	0.999745
0	188	149	0.999726
0	111	81	0.999838
0	163	132	0.999762
0	178	136	0.99974
0	128	127	0.999813
1	149	86	0.999782
0	169	166	0.999752
1	188	114	0.999724
1	143	75	0.99979
0	175	174	0.999743
0	155	145	0.999772
0	104	97	0.999847
0	142	137	0.999791
1	135	89	0.999801
0	137	135	0.999798
0	118	113	0.999826
0	166	124	0.999755
1	107	70	0.999842
1	92	64	0.999864
1	188	116	0.999722
0	129	93	0.999809
0	166	127	0.999754
0	85	66	0.999874
1	178	96	0.999736
1	91	46	0.999865
0	124	102	0.999816
1	68	38	0.999899
0	144	108	0.999786
1	178	118	0.999735
1	104	68	0.999845
0	112	110	0.999833
0	59	55	0.999912
0	76	62	0.999886
1	99	68	0.999851
1	168	105	0.999747
1	110	61	0.999834
1	137	69	0.999793
0	101	80	0.999847
1	173	100	0.999737
0	169	134	0.999743
1	115	74	0.999825
1	116	66	0.999823
0	53	40	0.999919
1	123	65	0.999812
0	104	74	0.999841
1	117	70	0.999821
0	128	105	0.999804
0	143	124	0.999781
1	107	57	0.999836
1	107	66	0.999836
0	172	160	0.999736
1	170	109	0.999739
1	151	94	0.999768
1	123	68	0.999811
0	149	135	0.999771
0	130	101	0.9998
0	165	125	0.999746
1	59	31	0.999909
0	136	119	0.99979
1	112	57	0.999827
1	156	108	0.999759
1	163	113	0.999748
0	172	141	0.999734
0	106	101	0.999835
0	150	112	0.999766
1	160	87	0.99975
0	142	135	0.999778
0	55	46	0.999914
0	156	147	0.999756
0	163	121	0.999745
0	154	134	0.999758
0	168	137	0.999736
0	168	136	0.999736
0	162	125	0.999745
1	109	61	0.999828
1	102	52	0.999839
0	152	125	0.99976
1	157	101	0.999752
0	62	52	0.999902
0	163	150	0.999742
0	149	144	0.999764
1	119	75	0.999811
0	147	131	0.999766
1	54	33	0.999914
1	114	65	0.999818
1	130	79	0.999792
1	123	71	0.999803
1	78	41	0.999875
0	116	100	0.999814
0	129	118	0.999793
1	76	52	0.999878
1	143	83	0.99977
0	136	103	0.999781
0	123	89	0.999801
1	110	75	0.999822
0	173	170	0.99972
1	156	92	0.999747
0	170	156	0.999724
1	126	80	0.999795
0	142	118	0.999768
1	74	50	0.999879
0	96	89	0.999843
1	118	62	0.999807
1	151	76	0.999753
0	143	119	0.999766
0	163	162	0.999733
1	61	31	0.9999
1	114	57	0.999813
0	153	109	0.999749
0	120	111	0.999803
0	143	129	0.999765
0	143	124	0.999765
0	141	112	0.999768
1	158	110	0.99974
0	147	139	0.999758
1	145	74	0.999761
0	112	97	0.999815
0	158	155	0.999739
1	84	51	0.999861
0	151	140	0.99975
1	152	83	0.999748
0	82	66	0.999864
0	59	52	0.999902
1	124	74	0.999794
1	113	79	0.999812
0	60	45	0.9999
0	106	88	0.999823
0	79	71	0.999868
0	164	127	0.999726
0	122	103	0.999796
1	110	68	0.999816
1	101	70	0.999831
1	95	59	0.999841
0	129	122	0.999784
0	83	60	0.999861
0	71	70	0.999881
0	164	162	0.999725
1	119	64	0.9998
0	125	115	0.999789
0	142	137	0.99976
0	104	89	0.999824
0	66	60	0.999888
0	142	133	0.999759
1	129	75	0.999781
0	120	91	0.999796
0	134	124	0.999772
0	150	111	0.999744
0	139	135	0.999762
1	122	67	0.999791
0	81	78	0.999861
0	127	91	0.999782
0	127	101	0.999782
0	163	126	0.99972
0	111	105	0.999809
1	104	62	0.999821
0	65	55	0.999888
0	163	129	0.999719
1	135	75	0.999767
1	138	71	0.999761
0	79	63	0.999863
1	162	81	0.999719
0	68	67	0.999882
1	102	53	0.999823
0	148	132	0.999743
0	104	76	0.999819
0	139	118	0.999758
1	143	76	0.999751
0	89	69	0.999845
1	83	52	0.999855
0	87	78	0.999848
0	143	106	0.99975
1	139	93	0.999756
1	124	72	0.999782
0	79	66	0.999861
0	75	62	0.999868
1	68	41	0.99988
1	81	48	0.999857
0	81	79	0.999857
0	145	115	0.999743
0	85	68	0.999849
0	64	57	0.999886
0	55	48	0.999902
0	92	66	0.999836
0	120	86	0.999786
0	112	87	0.9998
1	140	77	0.99975
0	103	85	0.999816
0	69	54	0.999876
0	131	100	0.999764
1	99	52	0.999821
0	152	125	0.999725
0	140	118	0.999746
1	97	61	0.999824
0	135	100	0.999755
0	130	119	0.999764
0	152	110	0.999724
1	57	36	0.999896
0	93	69	0.99983
0	140	137	0.999743
0	76	69	0.99986
1	61	35	0.999887
0	143	130	0.999735
0	137	117	0.999746
0	137	118	0.999746
0	56	47	0.999896
0	147	119	0.999727
1	92	61	0.999829
1	100	61	0.999814
1	72	43	0.999866
1	101	61	0.999812
0	123	95	0.999771
0	138	117	0.999743
1	131	74	0.999756
0	102	85	0.99981
0	53	47	0.999901
0	144	115	0.999731
0	99	90	0.999815
0	118	85	0.999779
0	142	123	0.999734
1	121	64	0.999773
1	138	78	0.999741
1	93	61	0.999825
1	145	75	0.999727
0	130	103	0.999755
0	141	128	0.999734
1	146	84	0.999724
1	122	67	0.999769
0	57	50	0.999892
1	95	54	0.99982
0	114	111	0.999784
1	79	45	0.99985
1	119	65	0.999774
0	106	81	0.999798
1	85	45	0.999838
0	144	125	0.999725
0	78	74	0.999851
0	68	59	0.99987
1	139	86	0.999734
0	140	106	0.999732
0	141	116	0.99973
0	85	82	0.999837
0	74	62	0.999858
0	137	120	0.999737
0	115	91	0.999779
0	127	124	0.999755
0	59	53	0.999886
0	133	125	0.999743
0	134	122	0.999741
0	63	47	0.999878
0	132	108	0.999744
0	117	92	0.999773
0	121	115	0.999765
0	88	62	0.999829
0	89	72	0.999827
0	134	133	0.999739
0	84	75	0.999836
0	132	127	0.999742
1	136	94	0.999733
0	133	132	0.999738
0	108	82	0.999787
0	91	72	0.99982
1	137	95	0.999729
0	113	99	0.999776
0	59	54	0.999883
0	101	75	0.999799
1	112	57	0.999777
1	118	73	0.999765
0	121	120	0.999759
1	52	35	0.999896
1	56	37	0.999888
0	93	71	0.999814
1	113	63	0.999774
0	118	88	0.999764
0	119	97	0.999761
0	106	87	0.999787
1	97	57	0.999805
0	75	58	0.999849
0	139	118	0.99972
0	134	95	0.99973
0	120	96	0.999758
0	120	87	0.999758
0	100	74	0.999798
1	97	53	0.999804
1	138	88	0.999721
1	117	65	0.999763
0	113	85	0.999771
0	109	82	0.999779
0	62	49	0.999874
1	54	32	0.99989
0	128	100	0.999739
1	82	41	0.999832
1	119	79	0.999756
0	102	77	0.99979
1	131	90	0.99973
1	96	65	0.999802
1	88	46	0.999818
0	98	97	0.999797
0	117	88	0.999757
0	126	105	0.999738
1	100	64	0.999792
0	73	61	0.999848
0	72	52	0.99985
0	117	95	0.999756
0	92	85	0.999807
0	90	71	0.999811
0	57	54	0.99988
1	129	76	0.999728
0	99	79	0.999791
1	126	70	0.999734
0	76	59	0.999839
1	123	62	0.999739
0	65	49	0.999862
1	120	78	0.999745
1	120	77	0.999745
1	78	46	0.999834
1	93	54	0.999802
1	95	61	0.999797
1	117	75	0.99975
1	109	75	0.999767
0	119	103	0.999745
1	103	55	0.999779
1	67	45	0.999856
1	93	50	0.9998
1	126	72	0.999729
0	129	119	0.999722
1	61	39	0.999868
0	122	94	0.999736
1	85	54	0.999816
0	103	78	0.999777
1	100	64	0.999783
1	64	43	0.999861
1	58	32	0.999874
0	75	68	0.999837
0	86	80	0.999813
1	126	80	0.999725
1	103	63	0.999775
1	105	58	0.99977
1	96	64	0.999788
1	112	75	0.999752
0	120	110	0.999733
0	74	66	0.999835
0	74	55	0.999835
0	74	61	0.999835
1	112	63	0.99975
0	110	94	0.999754
1	63	35	0.999859
1	72	41	0.999838
0	123	122	0.999723
0	71	57	0.99984
0	90	79	0.999797
0	66	56	0.999851
1	123	81	0.999722
0	119	94	0.999731
0	107	104	0.999758
0	103	79	0.999767
0	86	83	0.999805
0	97	88	0.99978
0	89	75	0.999798
0	74	65	0.999832
0	111	89	0.999748
0	90	76	0.999795
1	122	61	0.999722
1	96	50	0.999781
0	87	79	0.999801
1	85	50	0.999805
1	121	67	0.999722
0	70	66	0.999839
1	96	62	0.999779
1	102	71	0.999765
1	81	56	0.999813
1	100	55	0.999769
0	115	110	0.999734
0	96	75	0.999777
0	68	67	0.999842
0	110	80	0.999744
0	66	50	0.999846
1	75	41	0.999825
0	75	68	0.999825
1	100	62	0.999766
0	103	83	0.999758
0	56	44	0.999868
0	77	62	0.999818
0	61	53	0.999855
0	79	68	0.999812
0	92	67	0.999781
0	80	67	0.999809
1	80	48	0.999809
0	51	47	0.999878
1	107	57	0.999744
1	112	75	0.999732
1	86	58	0.999794
0	105	84	0.999748
0	99	76	0.999762
1	71	44	0.999829
0	97	76	0.999766
0	60	54	0.999855
0	108	99	0.999739
0	105	93	0.999746
1	111	72	0.999731
0	113	93	0.999726
0	101	97	0.999755
0	89	82	0.999784
0	78	66	0.99981
1	87	53	0.999787
0	98	84	0.99976
0	80	77	0.999804
0	58	42	0.999857
1	75	41	0.999815
1	70	44	0.999827
0	93	67	0.999769
0	66	55	0.999836
0	107	104	0.999734
0	103	86	0.999743
0	74	61	0.999815
1	105	67	0.999737
0	75	62	0.999811
0	93	79	0.999765
0	83	79	0.99979
1	77	47	0.999805
0	63	56	0.99984
0	50	47	0.999873
0	75	70	0.999809
0	70	50	0.999821
0	64	53	0.999836
0	108	90	0.999723
1	98	57	0.999748
1	61	34	0.999843
1	91	63	0.999765
0	90	85	0.999767
0	81	67	0.99979
0	69	62	0.999821
0	62	54	0.999838
1	68	41	0.999822
1	98	66	0.999742
0	61	51	0.999839
0	70	61	0.999815
0	86	78	0.999772
0	72	54	0.999809
1	87	48	0.999769
0	61	56	0.999838
0	70	52	0.999814
1	71	45	0.999811
1	61	38	0.999836
1	90	58	0.999757
1	94	62	0.999746
0	95	74	0.999743
1	85	53	0.99977
1	93	53	0.999748
0	90	73	0.999756
1	93	64	0.999747
0	97	88	0.999736
0	83	73	0.999774
0	57	44	0.999843
1	99	58	0.999727
1	58	39	0.99984
0	94	81	0.999739
0	95	91	0.999736
0	81	80	0.999774
1	86	55	0.999759
0	51	38	0.999857
1	67	39	0.999812
0	82	73	0.999769
0	98	70	0.999723
1	95	49	0.99973
1	89	49	0.999746
1	56	33	0.99984
1	91	48	0.999739
1	64	39	0.999816
0	95	94	0.999725
1	58	32	0.999832
1	93	65	0.99973
1	89	51	0.999741
0	87	74	0.999746
0	93	92	0.999728
0	67	60	0.999804
1	55	33	0.999838
0	83	66	0.999755
0	84	80	0.999752
0	85	79	0.999748
0	58	49	0.999828
0	88	81	0.999739
1	78	41	0.999768
0	93	80	0.999723
1	71	44	0.999788
0	50	43	0.99985
1	64	36	0.999808
1	77	43	0.999769
1	90	52	0.99973
0	92	82	0.999723
1	90	47	0.999729
0	65	53	0.999804
0	81	68	0.999755
1	58	36	0.999823
0	67	61	0.999795
0	63	60	0.999807
0	89	72	0.999727
1	87	60	0.999732
0	85	69	0.999738
0	82	72	0.999747
0	68	51	0.99979
1	79	43	0.999756
0	52	51	0.999839
0	61	47	0.999811
0	86	82	0.999732
1	50	26	0.999844
0	82	79	0.999744
1	88	55	0.999725
1	76	41	0.999762
1	50	30	0.999843
0	75	62	0.999764
1	59	31	0.999814
1	85	48	0.999731
1	78	44	0.999751
0	69	50	0.999779
1	80	49	0.999741
0	61	49	0.999802
0	50	41	0.999837
0	83	80	0.999729
0	60	45	0.999803
1	64	39	0.999788
1	84	52	0.999721
0	77	61	0.999741
0	66	55	0.999777
1	57	37	0.999807
0	66	59	0.999775
0	78	55	0.999734
0	67	60	0.99977
0	81	59	0.99972
0	81	77	0.99972
0	54	38	0.999809
0	62	48	0.99978
1	78	48	0.999722
0	74	66	0.999736
0	54	52	0.999806
1	59	41	0.999788
0	66	60	0.999761
1	56	32	0.999797
0	67	53	0.999757
0	76	75	0.999723
0	77	73	0.999719
0	57	51	0.999791
0	60	50	0.99978
0	69	58	0.999745
1	56	37	0.999793
1	61	42	0.999771
1	64	42	0.999759
0	74	59	0.999721
0	66	53	0.99975
0	53	43	0.999797
0	72	53	0.999722
1	69	36	0.999733
1	67	38	0.999735
0	50	37	0.999802
1	70	48	0.99972
1	62	43	0.999748
0	62	46	0.999747
0	67	47	0.999726
1	59	34	0.999754
0	63	57	0.999737
0	56	46	0.999766
1	51	35	0.999786
0	53	42	0.999777
1	61	40	0.999743
0	56	42	0.999764
0	55	40	0.999768
0	62	60	0.999737
1	59	31	0.999749
1	64	43	0.999723
1	64	42	0.999722
1	62	35	0.999728
0	59	53	0.999741
0	64	63	0.999719
0	53	40	0.999767
1	58	33	0.999745
0	55	46	0.999757
1	51	32	0.999773
1	54	36	0.999757
0	55	42	0.99975
0	54	49	0.999753
0	52	49	0.999762
0	59	48	0.999727
0	52	38	0.999759
1	54	30	0.999747
0	58	52	0.999728
0	58	51	0.99972
0	50	37	0.999758
0	51	48	0.999751
0	54	38	0.999721
1	53	34	0.999719
0	51	46	0.999726
1	51	31	0.999724
