218678
6.77245
3500
1	489	487	0.999998
1	291	223	0.999998
1	274	152	0.999998
1	259	122	0.999998
1	258	134	0.999998
1	242	168	0.999998
1	313	73	0.999997
1	478	188	0.999995
1	166	13	0.999998
1	114	75	0.999998
1	250	48	0.999995
1	147	93	0.999997
1	343	253	0.999993
1	481	224	0.99999
1	454	72	0.99999
1	447	40	0.999988
1	259	47	0.999993
1	345	194	0.999988
1	287	115	0.99999
1	284	230	0.99999
1	265	17	0.99999
1	370	271	0.999986
1	129	27	0.999995
1	481	391	0.99998
1	405	372	0.999981
1	408	135	0.999978
1	349	285	0.999981
1	404	234	0.999978
1	466	81	0.999974
1	354	192	0.99998
1	351	185	0.99998
1	400	186	0.999976
1	429	146	0.999973
1	156	108	0.99999
1	492	420	0.999968
1	468	318	0.999969
1	428	340	0.999971
1	276	179	0.999981
1	314	201	0.999978
1	127	51	0.999991
1	478	351	0.999966
1	323	167	0.999976
1	133	15	0.99999
1	186	104	0.999986
1	469	438	0.999964
1	249	204	0.99998
1	481	159	0.999961
1	233	181	0.999981
1	453	44	0.999963
1	434	195	0.999963
1	313	150	0.999973
1	56	43	0.999995
1	491	247	0.999956
1	312	120	0.999971
1	276	149	0.999974
1	106	14	0.99999
1	296	274	0.999971
1	191	95	0.999981
1	482	262	0.999949
1	496	184	0.999947
1	454	268	0.999951
1	171	47	0.999981
1	322	225	0.999964
1	464	295	0.999947
1	493	464	0.999942
1	220	95	0.999974
1	257	204	0.999969
1	375	312	0.999954
1	491	434	0.999939
1	193	104	0.999976
1	487	205	0.999939
1	407	353	0.999949
1	284	105	0.999964
1	497	309	0.999937
1	210	101	0.999973
1	342	268	0.999956
1	391	177	0.999949
1	373	206	0.999951
1	365	232	0.999952
1	165	127	0.999978
1	329	306	0.999956
1	142	99	0.999981
1	200	131	0.999973
1	283	54	0.999961
1	384	142	0.999947
1	249	198	0.999964
1	452	342	0.999934
1	291	159	0.999957
1	182	57	0.999973
1	181	30	0.999973
1	433	312	0.999935
1	373	280	0.999944
1	306	222	0.999954
1	125	7	0.99998
1	499	190	0.99992
1	334	201	0.999946
1	500	343	0.999917
1	218	81	0.999963
1	370	153	0.999937
1	387	80	0.999934
1	199	64	0.999966
1	482	435	0.999917
1	481	187	0.999917
1	389	353	0.999932
1	456	175	0.99992
1	243	190	0.999957
0	468	448	0.999917
1	161	19	0.999971
1	322	174	0.999942
1	55	51	0.99999
1	346	61	0.999937
1	368	326	0.999932
1	350	298	0.999934
1	196	46	0.999963
1	400	251	0.999923
1	165	27	0.999968
1	390	319	0.999923
1	362	254	0.999927
1	158	38	0.999968
1	428	251	0.999913
1	475	306	0.999903
1	341	70	0.99993
1	248	140	0.999949
1	238	168	0.999951
1	152	132	0.999968
1	193	78	0.999959
1	484	126	0.999896
1	386	157	0.999915
1	361	198	0.99992
1	269	170	0.99994
1	345	300	0.999923
0	500	460	0.999888
1	464	325	0.999896
1	303	233	0.999932
1	392	305	0.999912
1	344	30	0.999922
1	473	234	0.999891
1	210	18	0.999951
1	321	244	0.999925
1	402	261	0.999906
1	497	387	0.999883
1	373	302	0.999912
1	445	28	0.999895
1	355	102	0.999915
1	203	103	0.999951
1	268	143	0.999935
1	485	112	0.999881
1	443	142	0.999891
1	492	336	0.999878
1	342	232	0.999915
1	387	67	0.999903
1	299	35	0.999925
1	444	179	0.999888
1	271	163	0.99993
1	294	204	0.999923
1	343	36	0.99991
1	423	224	0.999888
1	459	178	0.999878
1	281	66	0.999925
0	433	397	0.999884
1	222	118	0.99994
1	244	160	0.999934
1	207	159	0.999944
1	118	67	0.999968
1	445	303	0.999878
1	372	55	0.999898
0	160	148	0.999956
1	407	81	0.999888
1	279	44	0.999923
1	489	173	0.999864
1	400	134	0.999888
1	224	140	0.999937
1	245	85	0.99993
1	447	139	0.999872
1	425	149	0.999876
1	322	209	0.999906
1	322	222	0.999905
1	145	61	0.999957
1	449	43	0.999866
1	221	182	0.999934
0	180	165	0.999946
1	470	304	0.999859
1	342	148	0.999896
1	467	407	0.999857
1	491	26	0.999849
1	171	110	0.999947
1	438	185	0.999864
1	347	152	0.999891
0	371	364	0.999883
1	199	21	0.999937
0	290	287	0.999908
1	436	244	0.999861
1	432	75	0.999859
1	268	75	0.999912
1	465	168	0.999847
1	375	169	0.999872
1	402	249	0.999861
1	406	299	0.999859
1	449	231	0.999844
1	391	307	0.999864
1	333	183	0.999884
0	375	333	0.999867
1	279	138	0.999901
1	483	147	0.999827
1	340	243	0.999878
1	292	173	0.999895
1	322	75	0.999884
1	418	192	0.999849
1	487	379	0.999823
0	211	204	0.999923
1	134	54	0.999951
1	284	121	0.999895
1	170	85	0.999937
1	340	164	0.999874
1	221	166	0.999918
1	416	281	0.999845
1	357	292	0.999866
1	266	52	0.9999
1	321	232	0.999879
1	204	84	0.999923
1	354	218	0.999866
1	211	23	0.99992
0	263	254	0.9999
1	326	97	0.999876
1	362	127	0.999862
1	285	115	0.999891
1	311	199	0.999881
1	225	106	0.999913
1	111	8	0.999957
1	167	15	0.999935
1	241	134	0.999906
1	360	300	0.999859
0	258	250	0.999898
0	460	401	0.999818
1	482	261	0.999806
1	313	177	0.999874
1	396	37	0.99984
1	479	244	0.999806
1	453	153	0.999816
1	476	402	0.999806
1	229	128	0.999906
1	305	244	0.999874
1	491	147	0.999794
0	247	222	0.999896
1	318	182	0.999866
1	318	123	0.999866
1	276	71	0.999883
1	429	82	0.999818
1	304	114	0.999871
1	428	46	0.999818
1	483	81	0.999794
1	171	130	0.999927
0	79	78	0.999966
1	153	124	0.999934
1	436	222	0.999811
1	235	189	0.999898
0	386	374	0.999832
1	110	32	0.999952
1	300	135	0.999869
1	226	81	0.999901
1	283	216	0.999876
1	388	120	0.99983
1	409	29	0.99982
1	302	177	0.999866
1	288	138	0.999872
0	491	471	0.999781
1	292	246	0.999869
1	473	291	0.999787
1	355	120	0.99984
1	245	52	0.999888
1	428	44	0.999804
1	133	34	0.999939
1	288	38	0.999867
1	193	102	0.99991
1	270	209	0.999874
1	409	91	0.999809
1	440	108	0.999794
1	472	282	0.999779
1	181	127	0.999915
1	494	387	0.999767
1	148	50	0.99993
0	323	289	0.999847
1	405	27	0.999808
1	444	145	0.999789
0	233	227	0.999889
0	449	442	0.999786
0	446	409	0.999787
1	90	74	0.999957
1	492	155	0.999764
1	250	76	0.999879
1	426	37	0.999792
0	307	285	0.99985
1	362	166	0.999823
0	157	139	0.999923
1	457	342	0.999774
1	236	97	0.999883
1	494	106	0.999755
1	472	48	0.999765
0	487	475	0.999757
0	312	274	0.999844
0	475	424	0.99976
1	354	211	0.999821
1	431	109	0.999781
1	233	183	0.999881
0	244	222	0.999874
1	279	42	0.999855
1	196	153	0.999898
1	261	181	0.999864
1	355	247	0.999815
1	410	129	0.999786
0	176	153	0.999908
1	93	10	0.999951
1	353	65	0.999813
1	361	255	0.999808
1	313	220	0.999833
1	369	62	0.999803
1	226	95	0.999879
1	497	162	0.999733
1	227	112	0.999878
0	485	431	0.999738
1	388	261	0.999789
1	296	220	0.999838
1	429	168	0.999765
1	146	20	0.99992
1	499	346	0.999726
1	281	199	0.999845
0	462	455	0.999745
1	346	167	0.999809
1	273	186	0.999849
1	180	82	0.9999
0	360	354	0.999799
0	256	216	0.999857
1	356	127	0.999801
0	463	380	0.999741
1	462	249	0.99974
1	440	129	0.999752
1	154	27	0.999913
1	168	46	0.999905
1	297	160	0.999832
0	350	348	0.999801
0	97	96	0.999944
1	155	59	0.99991
1	260	68	0.999849
1	266	14	0.999845
1	336	27	0.999804
1	149	105	0.999913
1	453	39	0.999735
1	334	57	0.999804
1	334	145	0.999804
1	315	18	0.999815
1	494	167	0.999709
1	327	22	0.999806
1	327	157	0.999806
1	404	172	0.99976
1	452	276	0.999731
0	273	232	0.999837
0	418	400	0.99975
1	329	140	0.999803
0	250	218	0.99985
1	280	219	0.999832
1	498	192	0.999701
1	286	81	0.999828
1	415	331	0.99975
1	205	85	0.999876
1	205	121	0.999876
1	453	249	0.999726
1	430	78	0.999738
1	374	291	0.999772
0	350	289	0.999786
1	469	152	0.999713
1	194	106	0.999881
0	426	367	0.999738
1	276	196	0.99983
0	453	396	0.999721
1	245	97	0.999849
1	243	170	0.99985
1	149	11	0.999908
1	270	108	0.999833
1	268	29	0.999833
0	213	178	0.999867
1	269	18	0.999832
1	149	83	0.999906
1	425	145	0.999731
1	104	75	0.999934
0	381	365	0.999757
1	191	20	0.999878
1	72	55	0.999954
1	67	28	0.999957
1	333	180	0.999786
1	314	103	0.999798
0	388	364	0.99975
0	470	450	0.999696
1	438	197	0.999716
1	157	70	0.999898
1	444	298	0.999711
1	104	58	0.999932
1	174	14	0.999886
1	273	40	0.999821
1	307	147	0.999798
1	421	44	0.999723
1	343	221	0.999774
1	324	216	0.999786
1	297	41	0.999803
1	484	340	0.999679
0	209	178	0.999861
1	406	200	0.99973
1	404	162	0.999731
1	370	257	0.999753
1	458	29	0.999694
1	451	276	0.999697
1	211	42	0.999857
1	470	309	0.99968
1	419	80	0.999713
1	244	46	0.999832
1	383	249	0.999736
1	454	344	0.999687
1	406	79	0.999719
1	481	356	0.999667
1	348	244	0.999758
1	404	270	0.999719
1	363	108	0.999747
1	448	262	0.999687
1	226	53	0.999842
1	266	127	0.999813
1	445	24	0.999687
1	351	128	0.999753
1	338	96	0.999762
0	477	465	0.999662
0	376	358	0.999733
1	239	47	0.99983
1	236	61	0.999832
1	396	198	0.999718
1	241	173	0.999828
1	81	40	0.999942
1	490	40	0.999648
1	439	56	0.999684
1	488	343	0.999648
0	460	408	0.999668
1	258	25	0.999813
1	421	200	0.999694
1	474	38	0.999655
1	96	41	0.99993
1	463	290	0.999662
0	288	282	0.999789
1	484	358	0.999645
1	388	261	0.999714
1	274	96	0.999798
0	131	110	0.999903
0	420	383	0.999689
1	225	154	0.999833
1	350	239	0.99974
1	261	135	0.999806
1	354	177	0.999736
0	293	278	0.999781
0	338	322	0.999747
1	194	132	0.999854
1	404	62	0.999696
1	228	119	0.999828
1	216	136	0.999837
1	417	309	0.999685
1	173	13	0.999869
1	370	181	0.999719
1	156	104	0.999881
1	392	52	0.999701
1	292	192	0.999777
1	314	90	0.99976
1	320	215	0.999755
1	332	185	0.999745
1	433	119	0.999667
1	360	77	0.999723
1	489	194	0.999621
1	476	226	0.999631
1	495	87	0.999616
1	403	146	0.999685
1	434	317	0.99966
1	418	279	0.999672
0	293	251	0.99977
1	442	167	0.999653
1	460	49	0.999638
1	421	188	0.999667
1	298	78	0.999764
1	260	77	0.999794
1	169	10	0.999866
1	204	27	0.999838
1	372	39	0.999704
1	207	109	0.999835
1	407	261	0.999675
1	324	173	0.999741
1	333	177	0.999733
1	197	44	0.999842
1	463	344	0.999628
0	438	391	0.999648
0	151	117	0.999878
1	387	273	0.999687
1	458	180	0.999629
1	317	151	0.999743
1	352	179	0.999713
0	220	219	0.99982
1	293	216	0.99976
0	479	465	0.999607
1	192	55	0.999842
1	210	87	0.999827
1	268	47	0.999779
1	388	132	0.99968
1	288	119	0.999762
1	387	105	0.99968
1	416	292	0.999655
1	313	211	0.99974
0	190	145	0.999842
1	306	182	0.999745
0	479	362	0.9996
0	438	331	0.999634
0	346	284	0.999709
1	279	102	0.999765
1	450	324	0.999621
1	178	107	0.99985
1	193	42	0.999837
0	298	287	0.999748
1	332	96	0.999719
1	160	112	0.999864
1	457	48	0.999611
1	257	122	0.999781
1	427	257	0.999636
1	396	279	0.999662
1	422	39	0.999639
1	461	46	0.999605
1	444	115	0.999619
1	136	95	0.999883
0	201	160	0.999827
0	209	203	0.99982
1	168	86	0.999855
0	301	300	0.99974
0	403	313	0.999651
1	459	323	0.999602
1	310	82	0.999731
0	246	181	0.999786
0	170	139	0.999852
0	463	345	0.999597
1	445	265	0.999612
0	464	447	0.999595
1	465	205	0.999594
0	255	189	0.999777
1	332	109	0.999707
1	370	115	0.999672
1	111	8	0.999901
1	370	163	0.99967
1	269	38	0.99976
0	177	146	0.999842
1	495	163	0.999558
1	428	125	0.999617
1	452	198	0.999595
1	388	21	0.999651
1	236	106	0.999787
0	397	297	0.999641
1	212	44	0.999808
0	415	395	0.999624
1	418	267	0.999621
1	493	220	0.999553
0	184	182	0.999833
1	292	185	0.999735
1	489	330	0.999556
1	247	121	0.999774
1	400	223	0.999633
1	437	178	0.999599
0	327	297	0.999699
1	258	176	0.999762
0	346	305	0.99968
1	375	58	0.999653
1	440	199	0.999592
1	342	151	0.999682
1	493	332	0.999541
1	453	139	0.999578
1	193	25	0.99982
1	268	52	0.99975
1	422	190	0.999605
1	236	93	0.999779
0	192	153	0.99982
1	480	273	0.999549
1	399	210	0.999624
0	105	82	0.999901
0	56	54	0.999947
1	346	52	0.999672
1	97	67	0.999908
1	448	125	0.999575
1	235	74	0.999777
1	284	20	0.99973
1	64	19	0.999939
1	214	45	0.999796
1	257	64	0.999755
0	390	350	0.999628
1	390	265	0.999626
0	311	288	0.999701
1	404	75	0.999611
1	378	128	0.999636
1	192	113	0.999815
0	463	354	0.999553
0	498	473	0.999519
0	477	362	0.999539
1	457	175	0.999558
1	413	143	0.9996
0	159	139	0.999845
1	256	27	0.99975
1	226	101	0.999779
0	407	368	0.999602
1	392	96	0.999616
1	488	202	0.99952
1	397	246	0.999609
1	468	89	0.999539
0	346	250	0.999658
1	340	206	0.999663
1	477	143	0.999527
1	477	304	0.999526
1	364	117	0.999636
1	492	57	0.999505
1	267	166	0.999731
0	372	310	0.999624
1	367	216	0.999629
1	264	31	0.999733
0	413	363	0.999582
1	74	29	0.999925
1	72	5	0.999927
1	340	169	0.999655
1	358	220	0.999636
0	442	323	0.999549
1	473	226	0.999515
1	499	55	0.999488
1	168	36	0.999827
1	231	85	0.999762
0	414	391	0.999573
0	122	103	0.999874
0	298	293	0.999692
1	415	164	0.999571
1	497	299	0.999486
1	363	240	0.999624
1	233	161	0.999758
1	495	88	0.999486
1	275	169	0.999714
0	204	190	0.999787
0	337	327	0.999648
1	465	157	0.999514
0	419	374	0.999561
1	470	286	0.999507
1	81	33	0.999915
1	386	206	0.999594
0	385	285	0.999595
1	362	206	0.999619
1	341	234	0.999641
1	150	93	0.999842
0	318	229	0.999665
1	419	224	0.999556
1	396	93	0.99958
1	275	39	0.999707
1	348	33	0.999629
1	291	101	0.999689
1	376	197	0.999597
1	262	119	0.999719
1	466	38	0.9995
1	478	267	0.999485
0	372	263	0.999599
1	469	35	0.999493
1	314	79	0.99966
0	293	292	0.999682
1	254	57	0.999724
1	462	235	0.999498
1	331	111	0.999639
1	256	35	0.999719
1	184	64	0.999798
0	276	197	0.999697
1	234	87	0.999743
0	444	334	0.999512
0	210	168	0.999769
0	236	198	0.99974
0	500	407	0.999449
0	205	173	0.999774
1	194	44	0.999786
1	461	294	0.99949
1	149	95	0.999835
1	425	211	0.999529
1	219	40	0.999757
1	54	9	0.99994
1	188	108	0.999791
0	365	248	0.999594
0	130	103	0.999855
1	301	69	0.999662
0	358	304	0.999597
1	190	108	0.999786
0	446	327	0.999497
1	313	83	0.999646
0	418	329	0.999527
1	469	253	0.999469
1	491	329	0.999444
1	158	42	0.999821
0	426	332	0.999517
1	100	65	0.999886
1	358	68	0.999592
0	341	280	0.999611
1	408	62	0.999534
0	357	259	0.999592
1	310	122	0.999645
1	351	208	0.999597
1	296	153	0.99966
1	155	76	0.999821
0	349	251	0.999597
0	426	408	0.999508
0	456	399	0.999473
0	455	401	0.999474
0	364	336	0.999578
1	428	139	0.999503
1	439	149	0.99949
0	146	110	0.99983
1	331	67	0.999614
0	500	428	0.999417
1	312	134	0.999636
0	253	241	0.999704
0	430	370	0.999497
1	190	33	0.999777
0	478	439	0.999439
0	252	171	0.999704
1	228	82	0.999731
0	350	344	0.999587
0	438	370	0.999483
0	356	295	0.999578
1	268	38	0.999682
1	457	231	0.999457
0	243	234	0.999711
0	136	128	0.999838
0	385	351	0.999541
1	321	54	0.999617
1	154	97	0.999816
0	270	250	0.999677
0	489	366	0.999415
1	428	252	0.999486
0	461	451	0.999446
0	276	265	0.999668
1	254	48	0.999694
1	498	87	0.9994
1	437	88	0.999473
1	368	58	0.999556
1	396	44	0.999522
1	388	37	0.999531
1	219	66	0.999735
1	475	276	0.999425
1	421	74	0.99949
1	498	108	0.999396
0	474	313	0.999422
1	460	135	0.999439
1	350	195	0.999571
1	194	111	0.999762
1	443	188	0.999456
0	452	305	0.999444
0	173	160	0.999787
1	349	24	0.99957
1	283	85	0.999651
0	291	240	0.999641
1	228	100	0.999718
1	439	189	0.999456
1	483	276	0.999401
1	422	220	0.999476
1	498	221	0.999379
1	469	239	0.999415
1	470	56	0.999413
1	499	174	0.999376
0	395	374	0.999505
1	397	168	0.999502
1	218	38	0.999726
1	494	271	0.999379
1	123	26	0.999845
0	196	176	0.999752
1	445	145	0.999437
1	446	276	0.999434
1	414	244	0.999474
1	309	59	0.999607
0	270	245	0.999656
0	352	318	0.999551
1	439	112	0.99944
1	377	212	0.999519
1	462	71	0.99941
0	199	174	0.999745
1	227	53	0.999709
1	475	242	0.999391
1	438	128	0.999437
1	90	5	0.999884
1	232	12	0.999701
1	283	38	0.999634
0	277	242	0.999641
0	270	180	0.99965
0	331	320	0.99957
0	222	189	0.999711
0	194	188	0.999747
0	395	330	0.999485
1	266	14	0.999653
1	258	86	0.999663
0	179	138	0.999765
1	463	219	0.999391
1	496	266	0.999347
0	321	220	0.999577
1	374	67	0.999507
1	466	212	0.999384
0	148	96	0.999804
0	289	281	0.999617
0	426	389	0.999435
1	146	28	0.999806
1	466	147	0.999381
1	330	173	0.999561
1	390	203	0.999481
0	487	325	0.99935
1	243	118	0.999675
1	268	35	0.999641
1	500	215	0.99933
0	308	248	0.999587
1	285	140	0.999617
1	200	59	0.999731
1	398	198	0.999464
1	328	197	0.999558
1	334	92	0.999549
0	494	335	0.999333
1	305	172	0.999587
0	350	263	0.999526
1	467	195	0.999367
1	447	241	0.999393
0	475	334	0.999355
0	374	268	0.99949
0	420	304	0.999427
1	491	124	0.99933
0	382	381	0.999478
1	423	31	0.999422
1	453	83	0.999381
1	484	254	0.999337
0	156	102	0.999786
1	301	156	0.999587
1	348	43	0.999522
0	263	239	0.999638
1	324	52	0.999554
0	495	340	0.999318
1	158	69	0.999782
1	462	159	0.999361
1	232	15	0.999679
0	463	342	0.999359
0	410	317	0.999432
0	227	210	0.999685
1	343	129	0.999522
0	493	454	0.999313
1	441	275	0.999384
1	466	48	0.999349
1	264	67	0.999626
0	481	301	0.999318
1	109	56	0.999845
1	317	130	0.999549
1	474	60	0.999325
1	209	85	0.999702
0	489	418	0.999303
1	378	208	0.999461
0	378	342	0.999461
0	180	120	0.999743
1	308	69	0.99956
0	455	320	0.999349
0	454	418	0.99935
0	438	271	0.999371
0	187	143	0.999731
1	229	130	0.999668
1	489	270	0.999289
0	400	308	0.999417
1	275	150	0.999599
1	216	53	0.999685
1	227	110	0.999668
1	418	167	0.999388
0	382	248	0.999439
1	249	32	0.999634
1	185	35	0.999728
0	185	184	0.999728
0	231	144	0.99966
1	477	178	0.999298
0	300	192	0.999558
1	242	17	0.999643
1	207	123	0.999694
0	462	346	0.999315
0	142	115	0.999789
1	490	126	0.999272
1	471	188	0.999298
1	463	209	0.999308
0	373	248	0.999442
1	486	97	0.999272
1	465	179	0.999303
1	424	257	0.999364
0	327	307	0.999507
1	418	28	0.999367
0	184	181	0.999721
1	447	208	0.999321
1	342	174	0.99948
0	492	404	0.999252
1	451	214	0.999311
1	432	31	0.99934
0	425	340	0.999349
0	286	244	0.999561
0	246	242	0.999622
0	444	322	0.999316
1	302	26	0.999534
0	298	256	0.999539
1	362	165	0.999439
0	329	269	0.99949
1	277	70	0.999568
1	456	116	0.999289
0	208	204	0.999675
1	396	129	0.999378
1	145	51	0.999772
1	432	62	0.999321
1	455	252	0.999284
1	405	72	0.999362
0	377	249	0.999406
1	357	155	0.999437
0	456	435	0.999279
0	428	265	0.999323
0	230	171	0.999636
1	487	84	0.999228
0	378	338	0.9994
1	244	128	0.999612
1	311	115	0.999505
1	363	103	0.999422
1	276	53	0.99956
1	280	76	0.999553
0	419	347	0.99933
1	170	34	0.999728
1	452	122	0.999277
0	482	388	0.999228
1	375	190	0.999398
0	470	294	0.999245
0	252	221	0.999595
0	454	275	0.99927
1	258	140	0.999585
1	456	175	0.999265
0	334	273	0.999461
1	321	168	0.99948
1	58	9	0.999906
0	195	187	0.999684
1	371	146	0.999398
1	411	144	0.999333
1	327	19	0.999469
1	351	175	0.999429
0	410	400	0.999332
0	388	291	0.999367
0	322	245	0.999474
1	224	80	0.999634
1	431	116	0.999296
1	127	26	0.999792
0	280	228	0.999541
1	410	71	0.999328
0	275	198	0.999549
0	395	373	0.999352
1	284	62	0.999534
0	154	149	0.999747
1	421	165	0.999308
0	96	93	0.999842
0	409	267	0.999327
1	227	118	0.999626
1	372	74	0.999386
0	284	272	0.999531
0	430	337	0.999289
1	447	163	0.999259
1	401	94	0.999335
0	413	401	0.999315
1	451	220	0.999252
0	304	211	0.999495
0	486	286	0.999192
0	322	238	0.999464
0	370	218	0.999384
1	269	38	0.999551
0	401	343	0.99933
1	125	48	0.999791
1	260	74	0.999565
0	327	228	0.999452
1	428	240	0.999282
1	470	160	0.999211
0	427	425	0.999282
1	388	213	0.999344
0	202	199	0.999658
1	303	166	0.999486
0	298	200	0.999493
1	365	126	0.999379
0	141	110	0.99976
0	319	217	0.999457
1	64	11	0.999891
0	469	340	0.999201
1	218	43	0.999628
1	342	50	0.999415
0	170	145	0.999709
0	378	307	0.99935
1	412	92	0.999291
0	313	206	0.999461
1	475	143	0.999182
1	129	42	0.999777
0	188	120	0.999675
0	226	142	0.999609
0	476	331	0.999174
1	292	95	0.999493
0	372	288	0.999354
0	149	129	0.999741
1	486	257	0.999155
1	475	108	0.999174
0	173	129	0.999699
0	361	228	0.999372
1	449	37	0.999219
1	366	140	0.999359
0	274	200	0.99952
1	457	52	0.999199
0	449	347	0.999213
1	425	164	0.999255
0	246	173	0.999568
0	170	159	0.999701
1	254	132	0.999553
0	452	322	0.999204
0	471	459	0.99917
1	243	101	0.999571
1	455	75	0.999197
1	498	244	0.999121
1	180	63	0.999682
1	481	149	0.99915
0	344	217	0.999391
1	340	149	0.999398
1	212	47	0.999624
0	389	385	0.99931
0	395	286	0.999299
0	387	361	0.999313
0	261	244	0.999536
0	300	215	0.999466
0	101	79	0.99982
1	389	132	0.999306
1	250	34	0.999553
1	376	168	0.999327
1	442	54	0.999208
1	416	136	0.999253
0	259	240	0.999534
1	349	141	0.999372
1	429	73	0.999228
0	415	340	0.999253
0	489	421	0.999119
1	419	178	0.999245
1	183	77	0.99967
1	200	78	0.999639
1	491	251	0.999114
0	335	230	0.999395
0	450	387	0.999187
0	396	360	0.999284
1	365	149	0.99934
1	403	80	0.99927
0	477	284	0.999136
1	443	204	0.999197
1	438	177	0.999206
1	343	108	0.999378
1	376	189	0.999318
0	108	81	0.999804
1	267	96	0.999515
1	430	81	0.999218
1	244	21	0.999556
0	145	122	0.999736
1	254	14	0.999537
0	389	343	0.999291
0	477	287	0.999129
1	333	162	0.999391
0	498	367	0.999087
0	369	309	0.99932
1	369	113	0.999318
1	476	187	0.999119
0	110	79	0.999796
1	403	160	0.999253
1	465	82	0.999138
0	289	167	0.999463
0	329	306	0.999388
1	261	93	0.999514
0	147	85	0.999726
1	367	19	0.999315
1	171	42	0.99968
0	241	234	0.999549
1	297	107	0.999444
1	488	37	0.999085
1	275	43	0.999483
1	400	35	0.999248
1	205	107	0.999614
1	316	90	0.999405
0	310	276	0.999415
0	325	231	0.999386
0	477	466	0.999099
1	416	131	0.999211
1	274	71	0.99948
0	364	280	0.999308
1	235	33	0.999553
0	357	259	0.99932
1	264	54	0.999497
0	363	358	0.999308
0	187	137	0.999643
0	177	150	0.999662
0	311	178	0.999406
0	199	129	0.999619
0	418	363	0.999196
0	214	126	0.999588
0	317	242	0.999389
1	308	143	0.999406
0	214	167	0.999587
1	481	260	0.999072
0	420	392	0.999189
0	406	250	0.999216
0	436	284	0.999158
1	323	33	0.999376
1	425	132	0.999179
0	486	452	0.99906
0	385	290	0.999255
0	494	298	0.999044
0	410	369	0.999206
1	293	136	0.999432
1	278	137	0.999461
0	465	386	0.999097
1	400	142	0.999223
0	267	251	0.999481
1	386	59	0.999248
0	485	364	0.999055
1	427	39	0.999167
0	210	134	0.99959
0	325	190	0.999364
1	351	139	0.999313
1	412	153	0.999192
1	258	97	0.999493
1	263	91	0.999483
1	154	34	0.999697
1	220	76	0.999566
1	235	73	0.999536
1	210	69	0.999585
1	429	163	0.999152
0	330	271	0.999347
1	151	57	0.999701
0	434	284	0.999141
0	182	131	0.999639
0	268	188	0.999468
1	471	34	0.999065
0	407	393	0.999191
1	311	26	0.999381
1	494	147	0.999017
0	485	472	0.999034
0	317	231	0.999367
0	396	290	0.999209
1	135	7	0.99973
1	183	45	0.999634
1	251	14	0.999498
0	372	226	0.999255
1	217	75	0.999565
0	208	137	0.999583
1	289	24	0.99942
0	481	315	0.999034
0	460	273	0.999075
0	228	134	0.999541
1	441	142	0.999109
0	126	103	0.999745
0	432	288	0.999126
0	499	481	0.99899
0	275	197	0.999442
1	431	26	0.999124
1	492	234	0.998999
1	461	223	0.999061
0	475	332	0.999031
0	290	216	0.999408
0	363	258	0.999259
0	313	197	0.999361
0	197	113	0.999597
0	343	271	0.999298
0	142	129	0.999709
0	262	150	0.999463
1	424	97	0.999131
1	198	84	0.999594
0	169	138	0.999653
1	420	118	0.999138
0	275	233	0.999435
1	319	106	0.999344
0	314	285	0.999354
0	483	345	0.999005
0	424	343	0.999124
1	359	29	0.999257
0	420	282	0.999128
1	126	46	0.999738
0	113	99	0.999765
0	468	467	0.999026
0	383	365	0.999202
0	352	245	0.999265
1	368	95	0.999231
0	467	297	0.999022
0	475	403	0.999005
1	273	109	0.999427
1	404	42	0.999152
1	329	69	0.999308
1	315	27	0.999337
0	362	310	0.999238
0	343	341	0.999277
1	480	198	0.998987
0	187	109	0.999605
0	458	447	0.999033
0	414	228	0.999124
0	117	111	0.999752
0	345	277	0.999269
1	361	20	0.999235
0	496	435	0.998949
1	193	24	0.99959
1	241	27	0.999488
1	180	54	0.999617
1	362	115	0.99923
0	231	166	0.999508
0	230	133	0.99951
1	320	55	0.999318
0	482	434	0.998973
1	150	43	0.99968
0	499	428	0.998936
1	491	79	0.998953
1	375	24	0.999199
0	428	352	0.999084
1	305	152	0.999347
1	219	89	0.999531
0	70	68	0.99985
0	347	191	0.999255
0	426	279	0.999085
1	167	13	0.999641
0	486	374	0.998954
1	459	73	0.999012
0	454	330	0.999022
1	381	69	0.999179
1	197	57	0.999575
0	325	304	0.999299
0	466	286	0.998995
1	315	87	0.99932
0	346	276	0.999252
0	92	59	0.999801
1	438	161	0.999053
1	206	71	0.999554
0	230	123	0.999502
1	204	58	0.999558
0	482	401	0.998956
1	208	22	0.999549
1	346	122	0.99925
1	493	210	0.998931
0	445	239	0.999034
0	354	311	0.99923
0	421	382	0.999084
1	480	155	0.998954
0	335	309	0.999269
1	229	114	0.999498
1	463	173	0.998985
0	342	269	0.99925
1	335	62	0.999265
0	469	427	0.998971
1	343	100	0.999247
0	405	320	0.999111
0	147	96	0.999677
0	304	208	0.999332
1	447	152	0.999017
0	275	163	0.999395
1	447	192	0.999016
1	475	124	0.998953
0	363	304	0.999199
0	153	91	0.999662
0	412	317	0.999089
0	319	290	0.999294
1	135	53	0.999701
1	298	79	0.99934
1	175	50	0.999612
1	138	8	0.999694
1	463	174	0.998973
1	85	21	0.999811
0	275	145	0.999388
1	427	117	0.99905
1	315	81	0.999299
1	489	36	0.998912
0	280	187	0.999376
0	406	354	0.999094
0	365	264	0.999185
1	424	145	0.999053
1	453	193	0.998988
1	325	102	0.999272
0	378	231	0.999153
0	227	169	0.999491
0	458	395	0.998973
1	322	22	0.999277
0	281	261	0.999369
1	178	71	0.999599
0	212	165	0.999522
1	279	73	0.999371
0	392	231	0.999116
0	490	261	0.998895
1	450	37	0.998985
1	97	10	0.999781
1	460	206	0.998961
0	157	156	0.999645
1	373	114	0.999157
0	94	85	0.999787
1	307	35	0.999304
0	449	261	0.998982
0	456	432	0.998966
1	384	56	0.999129
0	471	298	0.998931
0	421	282	0.999044
0	420	361	0.999046
0	301	204	0.999316
1	161	60	0.999634
1	452	210	0.998971
0	433	248	0.999014
0	118	76	0.999731
1	390	24	0.999111
0	443	274	0.99899
1	428	79	0.999024
0	116	110	0.999735
0	401	399	0.999084
1	292	135	0.999332
0	248	187	0.999432
1	175	66	0.999599
1	420	156	0.999038
0	264	151	0.999395
0	411	364	0.999058
0	256	206	0.999412
1	322	120	0.99926
1	400	140	0.999077
0	374	308	0.999136
1	277	134	0.999359
1	452	26	0.998954
1	171	68	0.999604
1	151	65	0.99965
1	154	12	0.999643
0	493	445	0.998858
1	353	159	0.999182
1	483	206	0.998881
0	225	114	0.999478
0	427	333	0.999009
0	243	131	0.999435
0	491	257	0.998859
0	416	351	0.999033
1	272	101	0.999367
0	128	89	0.999702
0	482	294	0.998878
1	413	33	0.999038
0	385	284	0.999101
0	382	351	0.999107
0	225	223	0.999473
0	122	96	0.999714
0	410	328	0.999039
1	263	113	0.999383
1	335	137	0.999214
1	216	98	0.999493
0	488	369	0.998854
0	374	220	0.999121
0	225	174	0.999471
1	264	95	0.999379
0	240	129	0.999435
0	396	227	0.999068
0	478	414	0.998874
1	165	38	0.999611
1	445	121	0.998951
0	455	242	0.998927
0	289	275	0.999318
1	296	91	0.999301
0	477	387	0.998874
1	391	172	0.999075
1	241	105	0.999429
0	175	160	0.999585
0	307	177	0.999272
1	152	14	0.999639
1	454	193	0.998922
1	191	31	0.999546
1	263	39	0.999374
0	125	123	0.999702
0	375	370	0.999106
1	405	196	0.999033
0	204	202	0.999512
1	366	50	0.999124
0	343	264	0.999179
1	303	112	0.999274
0	323	193	0.999226
0	173	93	0.999585
1	416	123	0.999002
0	483	299	0.998841
0	455	410	0.998907
0	212	197	0.99949
0	305	296	0.999265
0	448	433	0.99892
0	264	200	0.999362
1	242	33	0.999415
1	436	99	0.998946
1	418	40	0.998988
1	259	96	0.999372
0	415	242	0.998993
1	292	138	0.999291
0	331	306	0.999196
1	481	135	0.998832
1	372	169	0.999095
0	359	356	0.999126
1	460	24	0.99888
1	265	31	0.999354
1	150	12	0.999634
1	289	73	0.999294
0	244	157	0.999403
0	317	261	0.999223
0	418	315	0.998975
0	267	160	0.999345
0	455	347	0.998883
1	142	21	0.999651
1	350	143	0.99914
1	259	108	0.999362
0	112	104	0.999724
0	417	282	0.998973
0	477	251	0.998825
0	388	223	0.999044
0	247	135	0.999391
0	455	233	0.998878
0	357	179	0.999119
0	490	288	0.99879
1	444	208	0.998902
1	299	16	0.99926
1	300	45	0.999257
1	497	113	0.998769
1	148	25	0.999633
0	310	184	0.999231
0	412	340	0.998978
0	450	313	0.998881
0	250	205	0.999378
1	235	54	0.999415
0	435	245	0.998917
1	183	71	0.999544
0	327	249	0.999185
0	324	156	0.999192
1	293	44	0.999269
1	297	131	0.999259
0	487	407	0.998783
1	373	97	0.999067
1	214	63	0.999464
0	483	441	0.998791
0	440	316	0.998897
0	399	244	0.998999
1	168	16	0.999578
1	473	199	0.998807
1	273	35	0.999311
0	118	65	0.999702
1	347	72	0.999124
0	282	255	0.999287
0	436	392	0.998897
0	379	300	0.999041
1	280	57	0.999291
0	415	359	0.998949
0	467	438	0.998817
0	493	449	0.998749
1	321	28	0.999185
1	414	32	0.998949
1	148	55	0.999624
0	364	344	0.999075
1	318	79	0.999191
1	242	81	0.999384
0	380	298	0.999033
1	271	60	0.99931
0	429	337	0.998907
1	468	218	0.998807
1	474	147	0.998791
0	460	318	0.998825
0	457	402	0.998832
0	351	197	0.999101
0	419	323	0.998927
0	440	228	0.998873
1	413	190	0.998942
1	371	75	0.999048
1	442	189	0.998866
0	316	152	0.999189
1	383	36	0.999017
1	257	96	0.99934
1	261	43	0.999328
0	243	217	0.999374
1	316	38	0.999184
1	262	86	0.999323
0	276	132	0.999286
0	332	204	0.999141
0	334	274	0.999135
0	371	216	0.999038
1	288	81	0.999253
0	428	206	0.99889
1	392	42	0.998983
0	187	159	0.999514
1	394	45	0.998976
1	320	68	0.999168
0	326	192	0.99915
0	213	157	0.999444
0	372	213	0.999029
0	134	74	0.99965
0	385	301	0.998995
0	482	419	0.998742
0	276	154	0.999279
1	384	114	0.998995
1	237	58	0.999379
0	462	330	0.99879
0	264	190	0.999308
0	77	50	0.999798
1	339	143	0.999111
1	96	28	0.999748
0	245	207	0.999357
1	477	69	0.998747
1	310	24	0.999185
1	457	122	0.998798
0	250	130	0.999342
0	385	330	0.998987
0	452	422	0.998808
0	420	385	0.99889
0	333	171	0.999119
1	392	179	0.998963
0	457	286	0.998791
0	309	195	0.999182
0	188	147	0.999502
1	174	16	0.999539
0	186	181	0.999507
0	442	282	0.998829
0	318	231	0.999157
1	284	89	0.999247
1	416	98	0.998897
0	459	326	0.998783
1	449	78	0.998808
1	381	160	0.998988
1	348	159	0.999075
1	333	25	0.999114
1	472	95	0.998744
0	60	46	0.99984
0	141	87	0.999624
0	386	344	0.99897
0	158	128	0.999578
0	482	410	0.998711
0	355	179	0.99905
1	393	45	0.998948
0	299	219	0.999199
0	414	378	0.998891
1	220	66	0.99941
1	159	22	0.999573
1	292	96	0.999216
1	494	137	0.998674
1	357	72	0.999041
0	230	128	0.999381
0	343	262	0.999077
0	209	120	0.999437
0	275	218	0.999259
1	464	27	0.99875
0	191	139	0.999485
1	244	75	0.999342
0	96	82	0.999741
1	343	88	0.999075
1	403	154	0.998912
0	473	251	0.998723
1	494	57	0.998666
0	211	158	0.999429
1	140	23	0.999621
0	138	80	0.999626
1	258	29	0.999301
0	286	243	0.999225
0	265	203	0.999281
0	279	262	0.999242
0	437	256	0.998813
1	458	195	0.998756
0	490	304	0.998669
0	444	385	0.99879
1	199	46	0.999457
0	367	237	0.998999
0	160	132	0.999563
0	457	301	0.998752
1	399	107	0.99891
1	316	75	0.999136
1	490	114	0.99866
0	322	209	0.999119
0	195	126	0.999466
0	472	252	0.998708
1	369	137	0.998988
0	442	345	0.998786
1	392	25	0.998922
1	460	103	0.998735
0	411	231	0.998868
0	354	273	0.999024
0	225	209	0.999379
0	254	150	0.999299
1	432	65	0.998808
1	340	134	0.999061
1	253	99	0.999301
1	383	42	0.998942
1	471	86	0.998699
0	280	140	0.999226
1	442	200	0.998773
1	464	209	0.998711
0	96	44	0.999733
0	407	204	0.998869
0	484	354	0.998655
1	471	148	0.998691
0	450	204	0.998749
0	157	84	0.999563
0	439	405	0.998779
0	377	373	0.998951
0	417	364	0.998839
0	373	318	0.998961
1	337	132	0.99906
0	294	174	0.999177
0	389	273	0.998908
0	304	177	0.999146
1	285	90	0.999199
0	269	220	0.999242
0	380	303	0.998929
0	209	174	0.99941
0	300	154	0.999153
0	312	225	0.999119
1	281	60	0.999206
0	431	242	0.998781
1	447	100	0.998735
0	323	192	0.999085
0	378	171	0.998929
0	87	83	0.999753
1	397	91	0.998873
0	318	244	0.999097
0	76	52	0.999784
0	374	266	0.998936
0	459	285	0.998694
0	308	268	0.999123
0	289	268	0.999177
0	225	175	0.999359
0	381	321	0.998915
0	410	321	0.998832
0	306	215	0.999128
0	349	233	0.999005
0	425	299	0.998788
1	477	183	0.998638
0	410	329	0.998829
1	85	27	0.999757
0	432	242	0.998764
0	120	59	0.999656
1	382	93	0.998902
1	499	181	0.998565
0	317	258	0.999087
1	444	158	0.99872
1	355	91	0.998976
1	223	79	0.999355
1	264	31	0.999236
0	344	189	0.999004
0	347	272	0.998995
0	495	443	0.998565
0	215	133	0.999376
0	438	320	0.998727
0	347	186	0.99899
0	390	202	0.998864
1	216	62	0.999369
1	424	88	0.998762
0	231	142	0.999325
0	500	229	0.99854
1	416	88	0.998783
1	330	79	0.999033
1	90	11	0.999736
0	280	275	0.999179
1	182	12	0.999466
0	345	211	0.998987
0	414	193	0.998784
1	213	72	0.999374
1	416	176	0.998778
0	494	382	0.998548
0	140	121	0.999588
0	308	183	0.999094
0	334	232	0.999016
0	153	92	0.999549
1	251	43	0.99926
0	184	102	0.999457
0	487	378	0.998564
0	119	80	0.999648
1	391	119	0.998844
1	370	39	0.998905
1	360	65	0.998934
0	334	269	0.99901
1	285	37	0.999155
1	367	97	0.998912
0	376	182	0.998885
1	126	18	0.999626
0	311	308	0.999077
1	198	32	0.999412
1	191	48	0.999432
1	307	31	0.999087
0	253	206	0.999247
0	336	282	0.999
1	137	43	0.999592
0	221	134	0.999342
0	344	207	0.998976
1	241	49	0.999282
0	479	306	0.998572
0	460	446	0.998628
1	464	120	0.998616
1	266	116	0.999206
1	270	16	0.999194
1	439	114	0.998688
0	400	192	0.998803
1	493	90	0.998525
1	331	80	0.999009
1	421	75	0.998737
0	292	206	0.999123
1	472	106	0.998582
0	273	189	0.999179
1	217	42	0.999347
1	348	109	0.998953
1	251	19	0.999243
0	486	297	0.998535
1	452	163	0.998637
1	316	102	0.999046
1	423	72	0.998723
1	292	23	0.999118
0	492	353	0.998513
0	380	204	0.998851
1	282	98	0.999146
0	483	322	0.998535
1	284	51	0.999138
0	131	118	0.999602
0	403	190	0.998776
1	446	188	0.998645
0	407	270	0.998762
1	456	71	0.998613
0	447	327	0.99864
0	420	417	0.998722
0	438	292	0.998666
0	484	468	0.998526
0	500	312	0.998477
0	371	227	0.998869
1	480	37	0.998536
1	457	39	0.998606
1	349	41	0.998934
1	462	105	0.998589
0	84	37	0.999743
0	421	240	0.998713
1	436	141	0.998667
0	323	230	0.999012
0	65	62	0.999801
1	290	70	0.999112
0	386	226	0.998818
0	258	203	0.999209
1	360	85	0.998895
0	279	264	0.999143
1	404	68	0.998759
0	442	395	0.998642
0	494	468	0.998482
1	359	95	0.998895
0	482	364	0.998516
0	441	245	0.998642
1	462	43	0.998577
0	473	226	0.998543
0	300	288	0.999075
0	69	30	0.999787
1	427	91	0.998683
0	337	312	0.998959
1	142	31	0.999561
0	463	249	0.998569
0	420	284	0.998701
1	386	59	0.998805
1	428	139	0.998674
0	290	143	0.999101
0	464	380	0.998562
0	360	337	0.998883
0	476	457	0.998523
1	398	154	0.998764
0	411	360	0.998723
0	423	297	0.998684
0	173	85	0.999461
0	435	323	0.998645
1	283	64	0.999118
0	319	308	0.999005
0	500	429	0.998441
1	470	72	0.998533
0	447	210	0.998604
0	86	79	0.999731
1	298	102	0.999068
1	497	50	0.998446
0	364	174	0.998861
1	304	26	0.999048
1	410	129	0.998716
0	453	333	0.998581
0	435	270	0.998637
0	176	135	0.999447
1	218	12	0.999315
0	356	301	0.998881
0	380	373	0.998805
0	228	225	0.999282
0	498	402	0.998433
0	398	366	0.998747
1	383	125	0.998793
0	477	221	0.998496
0	133	130	0.99958
1	427	137	0.998652
1	324	23	0.998975
1	281	119	0.999109
0	346	164	0.998903
1	149	19	0.999527
0	418	399	0.998674
1	206	14	0.999345
1	352	57	0.998881
0	443	249	0.998592
0	352	205	0.99888
1	433	138	0.998621
0	500	449	0.998407
0	322	143	0.998973
0	161	82	0.999486
0	384	282	0.998774
0	409	187	0.998694
0	107	55	0.999658
1	253	103	0.999191
0	354	179	0.998868
0	373	246	0.998807
1	352	77	0.998874
1	496	175	0.998414
1	336	101	0.998924
0	415	308	0.998671
1	376	150	0.998795
0	388	166	0.998756
0	389	298	0.99875
1	293	120	0.999058
0	376	215	0.998791
1	262	99	0.999157
1	260	49	0.999163
1	94	28	0.999697
0	161	154	0.999481
0	360	276	0.998839
0	185	99	0.999403
1	460	79	0.998516
0	450	273	0.998548
1	415	51	0.998659
1	253	18	0.999182
1	405	65	0.998691
1	387	113	0.998749
0	243	159	0.999214
1	478	169	0.998455
0	173	82	0.99944
0	360	185	0.998835
0	293	170	0.999051
0	276	259	0.999106
1	206	33	0.999332
0	417	220	0.998647
0	342	177	0.99889
1	344	141	0.998883
0	469	410	0.998477
0	401	232	0.998694
1	336	30	0.998905
0	413	366	0.998654
1	256	69	0.999165
1	323	112	0.998946
0	127	75	0.999585
0	445	256	0.998547
0	459	415	0.998501
0	337	202	0.998898
0	316	196	0.998966
0	400	171	0.998691
0	298	269	0.999024
1	220	64	0.999279
0	479	206	0.998431
0	427	302	0.998601
0	460	458	0.998492
1	438	112	0.998564
1	437	157	0.998567
1	298	42	0.999022
0	102	43	0.999665
1	301	88	0.999012
0	191	116	0.999372
0	285	208	0.999063
0	310	187	0.99898
0	159	138	0.999476
0	226	195	0.999255
0	192	93	0.999366
0	317	180	0.998953
1	454	160	0.998501
0	332	145	0.998903
1	324	68	0.998929
1	397	69	0.998688
1	287	18	0.999051
0	287	151	0.999051
1	293	99	0.999031
0	420	391	0.998611
0	189	173	0.999374
1	324	20	0.998927
1	424	26	0.998596
1	331	92	0.998903
0	188	147	0.999376
0	286	124	0.999051
1	457	150	0.998484
0	484	220	0.998394
0	340	239	0.998871
0	332	181	0.998897
1	117	14	0.999611
0	129	95	0.999571
0	447	343	0.998514
0	134	102	0.999554
0	421	260	0.998599
0	220	186	0.999267
0	366	159	0.998781
0	365	222	0.998784
0	401	195	0.998664
0	161	152	0.999463
1	305	16	0.998983
0	190	94	0.999366
0	466	399	0.998446
0	213	111	0.999289
1	466	113	0.998443
1	203	49	0.99932
0	390	235	0.998694
0	150	116	0.999497
0	393	247	0.998683
1	161	61	0.999459
1	161	20	0.999459
0	454	230	0.998474
0	214	94	0.999279
1	274	23	0.999077
1	349	53	0.998824
0	451	430	0.99848
1	440	169	0.998513
1	288	29	0.999026
0	463	259	0.998434
1	415	164	0.998596
1	427	78	0.998555
1	419	118	0.998582
0	396	317	0.998659
0	366	332	0.998759
0	411	277	0.998606
0	220	205	0.999253
0	78	55	0.999735
1	337	31	0.998856
0	329	157	0.998883
1	400	35	0.998642
0	419	179	0.998577
1	215	24	0.999269
1	419	27	0.998575
0	349	253	0.998812
1	426	34	0.998548
1	344	116	0.998827
0	383	261	0.998694
0	314	135	0.998929
0	123	84	0.99958
0	459	359	0.998434
0	379	224	0.998703
0	496	411	0.998302
1	186	30	0.999362
0	221	134	0.999242
1	337	57	0.998844
0	442	216	0.998484
0	395	349	0.998643
0	376	228	0.998708
0	417	374	0.998567
1	476	138	0.998363
0	278	162	0.999043
0	328	203	0.998871
0	246	177	0.999152
0	359	309	0.998762
0	318	227	0.998903
0	235	185	0.999189
0	325	152	0.998878
1	466	167	0.998392
0	429	423	0.998519
0	429	330	0.998519
0	167	96	0.999422
0	380	332	0.998684
0	349	254	0.99879
1	212	83	0.999264
0	235	151	0.999184
1	116	11	0.999597
1	425	84	0.998525
1	86	12	0.999701
0	229	221	0.999204
0	250	137	0.999131
0	482	467	0.998324
0	346	149	0.998796
0	480	470	0.998329
0	407	176	0.998582
0	319	146	0.998888
1	53	13	0.999815
0	191	106	0.999333
0	265	254	0.999073
1	450	106	0.998426
0	349	346	0.998778
0	381	219	0.998666
0	430	423	0.998494
0	389	174	0.998637
1	393	129	0.998623
0	407	375	0.998574
0	139	120	0.999512
0	448	312	0.998428
1	302	90	0.998939
1	408	59	0.998567
0	89	59	0.999687
1	190	17	0.999332
0	425	260	0.998506
0	450	354	0.998418
1	180	54	0.999366
0	306	236	0.998922
1	355	40	0.998749
0	385	300	0.998643
0	369	194	0.998698
0	247	112	0.999128
0	300	212	0.998941
0	314	253	0.99889
1	424	79	0.998501
1	437	43	0.998455
0	98	48	0.999653
1	460	151	0.998372
0	475	389	0.998319
1	442	160	0.998434
0	451	303	0.998402
0	463	267	0.998358
1	395	91	0.998598
0	179	173	0.999364
0	92	87	0.999673
0	339	306	0.998796
0	457	329	0.998377
1	275	36	0.999022
0	431	386	0.998468
0	303	269	0.998922
1	457	148	0.998373
1	399	55	0.998579
1	300	45	0.998931
1	249	32	0.999112
0	460	220	0.99836
1	451	100	0.998392
0	241	138	0.99914
1	439	164	0.998434
0	423	381	0.998489
0	67	40	0.99976
0	221	180	0.999208
1	280	64	0.998995
0	320	158	0.998849
0	196	195	0.999294
1	391	54	0.998592
0	374	321	0.998652
1	173	50	0.999376
0	289	226	0.998958
0	447	326	0.998389
1	166	58	0.999401
0	379	282	0.998633
0	355	317	0.998718
1	256	73	0.999075
0	373	359	0.998652
0	259	154	0.999063
0	366	197	0.998676
0	95	40	0.999656
0	388	235	0.998596
0	445	333	0.99839
1	445	31	0.998389
0	453	261	0.99836
1	336	22	0.998783
1	181	31	0.999344
0	195	192	0.999293
0	129	105	0.999532
1	164	58	0.999405
0	176	89	0.999361
1	381	65	0.998616
0	403	202	0.998536
0	294	281	0.998931
0	265	158	0.999036
1	467	122	0.998302
0	291	194	0.998941
0	56	23	0.999796
0	326	310	0.998813
0	368	329	0.99866
0	149	148	0.999457
0	439	241	0.998401
0	88	37	0.999679
0	173	142	0.999369
0	145	90	0.999471
0	325	203	0.998815
0	352	235	0.998716
1	220	21	0.999197
1	274	85	0.999
0	280	248	0.998978
0	392	173	0.998569
1	176	33	0.999357
0	370	356	0.998647
1	465	143	0.9983
0	327	137	0.998803
1	398	155	0.998542
1	425	73	0.998443
1	265	26	0.999027
0	342	189	0.998744
0	440	439	0.998384
1	440	110	0.998382
0	229	126	0.999157
0	333	183	0.998774
0	419	338	0.998457
0	191	115	0.999296
0	369	243	0.99864
1	294	102	0.998915
1	144	29	0.999468
0	454	378	0.998324
1	401	139	0.998513
0	259	128	0.999039
1	378	60	0.998598
0	274	189	0.998982
0	296	260	0.9989
1	425	97	0.998421
1	423	46	0.998428
0	426	232	0.998416
0	386	340	0.998564
0	334	134	0.998754
1	324	17	0.998791
1	199	78	0.999257
0	312	272	0.998835
0	397	228	0.998518
1	213	32	0.999204
0	392	278	0.998536
0	330	203	0.998767
0	353	248	0.998681
0	289	215	0.998917
0	422	329	0.998419
1	362	68	0.998643
0	318	159	0.998807
1	399	98	0.998501
1	371	63	0.998606
1	87	30	0.999672
0	438	304	0.99835
0	360	173	0.998643
0	341	265	0.998713
0	154	109	0.999417
1	176	48	0.999333
0	429	308	0.998375
0	426	196	0.998385
0	297	201	0.998873
0	307	143	0.998834
1	338	119	0.998715
0	400	366	0.998479
1	401	38	0.998474
0	190	89	0.999276
0	341	309	0.998701
0	212	177	0.999192
0	445	345	0.998305
1	54	17	0.999794
0	405	200	0.998457
1	277	21	0.998944
1	215	60	0.99918
0	254	129	0.999031
0	332	314	0.998733
0	333	280	0.998727
1	99	37	0.999621
0	168	74	0.999357
0	358	346	0.99863
1	431	129	0.99835
0	312	255	0.998805
0	366	210	0.998598
1	192	53	0.999264
0	295	275	0.998869
1	290	78	0.998888
0	424	221	0.998375
0	310	161	0.99881
1	289	70	0.99889
1	389	23	0.998506
0	280	225	0.998924
0	425	272	0.998367
0	353	142	0.998643
0	272	269	0.998954
0	228	172	0.999123
0	209	169	0.999196
1	286	44	0.9989
0	107	83	0.999588
0	201	122	0.999226
1	362	72	0.998606
0	317	222	0.998779
1	433	116	0.998331
0	192	79	0.999259
1	371	134	0.998569
1	305	53	0.99882
0	378	353	0.998536
1	420	97	0.998373
0	197	91	0.999235
1	322	96	0.99875
0	213	86	0.999172
0	300	291	0.998834
0	422	234	0.998358
0	358	152	0.998606
0	79	46	0.999692
1	232	66	0.999095
1	226	21	0.999118
0	343	266	0.998659
0	309	146	0.99879
1	294	97	0.998847
0	255	225	0.998999
1	206	14	0.999191
1	391	40	0.998465
1	58	19	0.999772
0	394	267	0.998453
0	398	303	0.998436
1	214	30	0.999158
0	248	184	0.999024
1	319	95	0.998744
0	138	81	0.999456
1	367	82	0.998553
0	369	182	0.998545
1	268	63	0.998942
0	347	231	0.99863
1	206	51	0.999185
0	410	315	0.998377
0	347	172	0.998626
1	304	23	0.998796
1	243	79	0.999036
1	351	25	0.998608
1	386	114	0.998468
0	374	365	0.998513
0	351	177	0.998604
0	175	126	0.999303
1	254	52	0.998988
1	264	21	0.998948
0	354	260	0.998589
0	319	186	0.998728
1	207	74	0.999174
1	253	89	0.99899
0	194	193	0.999223
0	174	140	0.999303
0	389	376	0.998441
1	272	79	0.998907
1	203	14	0.999184
0	287	281	0.998846
1	360	132	0.998552
0	199	105	0.999199
0	373	290	0.998499
1	413	156	0.998336
0	150	81	0.999395
0	325	204	0.998689
0	219	195	0.999116
1	332	109	0.99866
0	123	102	0.999503
1	417	28	0.998316
0	225	220	0.99909
1	408	100	0.99835
0	377	160	0.998475
1	388	62	0.998429
0	268	107	0.998914
1	321	118	0.998699
0	385	347	0.99844
0	186	158	0.999245
0	354	249	0.998564
0	79	37	0.999679
1	318	42	0.998706
0	90	44	0.999633
0	381	181	0.998445
0	174	80	0.999289
1	256	84	0.998954
1	267	64	0.998908
1	371	111	0.998482
1	277	88	0.998866
0	246	109	0.998992
0	168	145	0.999311
0	187	107	0.999233
0	289	137	0.998815
0	106	56	0.999565
1	350	25	0.998565
0	143	65	0.999413
1	408	69	0.998326
1	226	17	0.999072
1	240	38	0.999014
0	81	46	0.999667
1	231	65	0.99905
0	102	63	0.99958
0	159	125	0.999345
1	394	133	0.998378
0	103	80	0.999575
1	335	115	0.998618
0	329	159	0.998642
0	252	148	0.998959
0	376	292	0.998445
0	410	172	0.998304
0	308	205	0.998725
1	333	125	0.99862
0	385	256	0.998404
0	217	118	0.999099
0	324	146	0.998655
1	366	72	0.99848
1	345	40	0.998567
1	267	98	0.99889
0	150	107	0.999376
1	183	52	0.999238
0	117	91	0.999512
0	403	187	0.998321
1	276	38	0.998847
1	390	30	0.99837
1	169	18	0.999293
0	213	163	0.999109
0	284	238	0.998812
0	257	101	0.998924
0	201	118	0.999158
0	221	206	0.999073
0	380	280	0.998407
1	341	69	0.998569
0	315	230	0.998677
1	305	33	0.998718
0	269	176	0.998869
1	255	14	0.998924
1	176	28	0.999257
0	182	118	0.999231
0	279	245	0.99882
1	199	48	0.999158
0	315	246	0.998667
1	297	24	0.998742
1	383	120	0.998378
0	346	275	0.998531
1	90	31	0.999617
0	82	39	0.999651
0	322	138	0.99863
0	334	283	0.998579
1	242	35	0.99897
0	99	93	0.999578
0	337	244	0.998564
0	387	187	0.998351
0	195	104	0.999168
1	232	68	0.99901
1	334	18	0.998575
0	374	154	0.998404
0	381	225	0.998373
1	76	26	0.999675
0	396	275	0.998307
0	313	242	0.998657
0	212	109	0.999089
0	197	115	0.999153
1	305	56	0.998689
0	164	127	0.999294
0	150	110	0.999354
1	376	74	0.99838
0	304	261	0.998688
0	213	173	0.99908
1	214	67	0.999075
1	333	93	0.99856
0	190	178	0.999177
0	168	114	0.999272
0	223	122	0.999033
0	240	115	0.998959
0	387	164	0.998322
1	203	38	0.999119
0	315	232	0.998633
0	200	128	0.999131
1	342	107	0.998514
1	59	12	0.999743
1	237	83	0.998968
0	274	237	0.998807
0	265	169	0.998846
0	290	262	0.998737
1	108	27	0.999529
1	359	62	0.998436
0	316	198	0.998623
0	119	79	0.99948
0	278	131	0.998786
0	192	171	0.99916
0	298	114	0.998696
1	90	29	0.999605
0	189	181	0.99917
0	313	210	0.998625
0	347	341	0.998475
1	329	116	0.998552
0	198	92	0.999128
0	83	43	0.999634
1	337	28	0.998514
0	336	278	0.998518
0	287	176	0.998733
0	347	265	0.998467
0	312	226	0.998621
0	317	197	0.998598
0	382	287	0.998311
0	281	174	0.998757
0	257	165	0.998863
0	384	214	0.998302
0	273	264	0.998791
0	365	192	0.998384
1	201	36	0.999109
0	285	165	0.998737
0	136	89	0.999396
0	330	149	0.998535
0	132	104	0.999413
0	120	80	0.999466
0	377	319	0.998324
0	296	290	0.998683
1	278	35	0.998761
0	278	149	0.998761
1	322	55	0.998564
1	331	48	0.998521
1	362	134	0.998382
1	364	41	0.998373
1	199	52	0.999109
1	217	55	0.999027
1	333	91	0.998506
0	226	131	0.998985
1	363	67	0.99837
0	115	90	0.999483
0	269	211	0.998791
0	377	161	0.998304
1	306	108	0.998621
0	250	226	0.998873
0	253	174	0.998859
0	320	266	0.998557
1	357	73	0.99839
1	290	58	0.998691
1	81	22	0.999634
1	349	20	0.998423
1	340	84	0.998463
0	376	242	0.9983
0	154	114	0.999303
0	364	224	0.998353
1	84	15	0.999619
0	359	336	0.998372
1	323	45	0.998535
0	210	87	0.999046
0	335	306	0.998479
1	344	102	0.998438
0	300	296	0.998637
0	356	153	0.998382
0	120	55	0.999454
1	278	73	0.998735
1	162	10	0.999262
0	66	36	0.999699
0	320	312	0.998542
0	73	46	0.999667
0	243	196	0.998891
0	307	238	0.998599
0	314	239	0.998567
1	333	26	0.99848
1	192	65	0.999123
0	188	93	0.999141
1	301	29	0.998625
0	145	108	0.999337
0	263	193	0.998798
0	334	310	0.998474
0	296	234	0.998647
0	347	291	0.998414
0	260	254	0.998808
0	131	96	0.999398
0	356	170	0.998361
0	273	245	0.998742
1	330	79	0.998475
0	253	94	0.99883
1	280	16	0.998705
0	205	159	0.999051
1	314	109	0.998547
1	336	40	0.998445
0	321	257	0.998513
1	193	66	0.999102
0	351	175	0.998365
1	143	16	0.999333
0	217	107	0.998987
1	195	14	0.999089
0	152	80	0.999289
0	152	110	0.999289
0	268	151	0.998747
0	212	178	0.999007
0	321	285	0.998497
0	292	263	0.998632
0	283	118	0.998672
1	325	107	0.998474
1	332	98	0.998441
1	357	40	0.998321
1	273	48	0.99871
0	247	158	0.998829
0	311	152	0.998526
0	198	112	0.999061
0	237	88	0.998876
0	279	135	0.998677
1	176	43	0.999165
1	332	34	0.998426
1	91	32	0.999568
0	180	176	0.999145
0	348	326	0.998348
0	320	194	0.99848
0	143	105	0.99932
0	318	293	0.998489
1	302	98	0.998564
0	126	47	0.9994
1	132	28	0.999371
0	352	138	0.998324
0	279	237	0.998671
0	169	77	0.999194
1	235	35	0.998878
0	337	313	0.99839
0	311	175	0.998514
0	70	57	0.999665
1	153	23	0.999267
0	269	244	0.99871
0	95	48	0.999544
0	278	133	0.998666
0	287	255	0.998621
0	293	287	0.998592
1	116	15	0.999442
0	309	255	0.998514
1	186	57	0.999104
1	157	13	0.999243
0	275	249	0.998674
0	270	236	0.998698
1	241	79	0.998837
0	193	182	0.999068
1	264	55	0.998725
1	213	22	0.998971
0	290	255	0.998599
0	273	264	0.998681
1	211	76	0.99898
0	123	54	0.999405
0	223	153	0.998919
1	242	51	0.998825
1	264	58	0.998718
0	241	91	0.998829
0	285	184	0.998615
0	245	159	0.998808
1	240	75	0.998832
0	175	99	0.999148
1	76	7	0.999629
0	324	130	0.998419
0	330	142	0.998389
1	326	102	0.998406
0	229	151	0.998878
0	105	82	0.999485
0	338	337	0.998344
1	319	50	0.998436
1	70	9	0.999656
0	305	151	0.998501
0	245	157	0.998795
1	152	28	0.999252
1	104	25	0.999488
0	170	76	0.999162
0	341	147	0.998319
1	307	77	0.998485
0	202	132	0.999002
0	217	156	0.998925
1	339	105	0.998319
1	244	13	0.998788
0	307	197	0.998475
1	307	34	0.998475
1	331	18	0.998355
0	324	250	0.998389
1	247	81	0.998771
0	178	165	0.999114
0	287	146	0.998572
0	112	60	0.999442
0	283	110	0.998591
1	296	85	0.998526
0	269	133	0.998659
1	225	49	0.998878
0	271	222	0.998647
0	82	67	0.99959
0	261	95	0.998696
0	281	164	0.998596
0	273	158	0.998635
0	225	127	0.998874
0	288	134	0.998557
0	182	87	0.999087
1	167	26	0.999162
0	302	144	0.998485
1	220	62	0.99889
0	186	139	0.999061
0	319	238	0.998389
0	236	134	0.998805
1	315	110	0.998402
0	264	203	0.998659
1	267	39	0.998643
0	239	145	0.998784
1	164	17	0.999165
0	58	29	0.999704
1	238	33	0.998786
0	273	139	0.998603
0	259	255	0.998674
0	308	139	0.998423
0	232	164	0.99881
0	243	126	0.998752
1	318	45	0.998367
0	160	134	0.999177
0	275	164	0.998586
0	245	236	0.998739
1	272	72	0.998599
0	254	175	0.998691
0	244	172	0.998739
0	329	242	0.9983
0	124	51	0.999357
1	310	23	0.99839
0	272	237	0.998586
1	312	67	0.998377
0	172	135	0.999104
1	310	35	0.998385
0	308	245	0.998395
0	146	127	0.999238
0	86	85	0.999551
1	315	100	0.998356
0	300	199	0.998433
0	313	163	0.998365
1	89	22	0.999534
0	219	163	0.998854
0	163	151	0.999146
0	209	206	0.998905
0	221	104	0.998842
0	94	53	0.999507
0	103	55	0.999459
0	175	71	0.99908
1	292	85	0.998465
0	320	174	0.998317
1	217	57	0.998858
1	121	40	0.999362
0	300	191	0.998419
0	178	75	0.999061
0	263	262	0.998613
0	120	112	0.999366
1	275	64	0.998547
0	253	214	0.998662
0	281	202	0.998514
1	316	32	0.998329
1	203	17	0.998924
0	135	126	0.999284
1	253	38	0.998659
0	306	143	0.998378
0	244	115	0.998706
0	206	118	0.998907
1	306	65	0.998375
1	276	43	0.998533
0	139	129	0.99926
0	175	100	0.999068
0	268	123	0.998572
1	303	29	0.998384
0	274	260	0.998538
0	303	198	0.998382
0	286	171	0.998472
0	312	244	0.998329
1	269	31	0.998558
0	291	215	0.99844
0	209	82	0.998878
0	230	90	0.998764
1	208	42	0.99888
1	272	32	0.998535
0	130	74	0.999299
0	269	210	0.998547
0	199	158	0.998924
1	230	57	0.998754
0	268	264	0.998548
0	249	187	0.998649
0	129	123	0.999299
1	299	83	0.998375
0	238	206	0.998705
0	284	167	0.998455
1	259	17	0.998589
0	226	113	0.998767
1	223	66	0.998783
0	128	64	0.999301
1	141	11	0.99923
0	112	40	0.999388
1	246	75	0.998655
0	297	199	0.998373
0	209	96	0.998854
0	179	68	0.999017
1	256	34	0.998594
0	147	141	0.999192
0	209	175	0.998851
0	208	125	0.998854
0	286	225	0.998421
0	129	46	0.999287
0	250	136	0.998618
0	302	218	0.998331
0	172	170	0.999048
1	139	32	0.99923
0	188	156	0.998958
0	241	151	0.998664
0	261	258	0.998552
0	225	106	0.998745
1	148	32	0.999174
0	283	178	0.998421
1	190	14	0.998939
1	193	53	0.998922
0	256	132	0.99857
0	198	175	0.998893
0	190	134	0.998937
0	268	106	0.998499
0	90	85	0.999495
0	151	148	0.999152
0	204	175	0.998854
1	275	88	0.998453
0	223	127	0.998744
0	271	234	0.998474
0	140	59	0.999211
1	267	49	0.998494
1	138	9	0.999221
0	241	112	0.99864
0	246	222	0.998611
1	110	8	0.999378
1	285	89	0.99839
0	231	130	0.998694
0	258	199	0.99854
0	196	69	0.99889
0	240	174	0.99864
0	143	106	0.999189
0	221	213	0.998745
0	178	168	0.998988
0	194	172	0.998897
0	156	75	0.999111
1	114	28	0.99935
0	231	210	0.998683
0	295	216	0.998316
1	72	11	0.999588
0	126	54	0.999279
1	179	19	0.998975
1	235	61	0.998654
0	129	106	0.99926
1	148	20	0.99915
1	142	35	0.999184
0	194	170	0.998885
1	263	45	0.998489
0	222	109	0.998723
0	254	242	0.998538
1	257	65	0.998519
0	236	93	0.998638
1	283	28	0.998367
0	230	191	0.998671
0	97	88	0.999439
0	271	158	0.998434
0	130	124	0.999248
0	213	139	0.998767
0	291	275	0.998314
0	286	249	0.998341
1	173	44	0.998995
0	118	75	0.999313
0	55	25	0.999679
1	271	85	0.998419
0	88	48	0.999486
0	221	134	0.99871
1	258	50	0.998494
0	253	201	0.998523
0	228	145	0.998666
1	244	50	0.998572
0	254	149	0.998513
0	188	173	0.998898
1	205	12	0.998798
0	280	167	0.998356
0	237	195	0.998606
0	202	148	0.99881
0	171	112	0.998992
0	256	192	0.998491
1	101	23	0.999403
1	244	27	0.998557
0	266	198	0.998426
0	112	77	0.999335
1	171	22	0.998985
1	253	46	0.998499
0	232	160	0.99862
0	146	75	0.999131
0	130	61	0.999225
0	210	88	0.998747
0	221	142	0.998681
0	233	188	0.998608
0	252	101	0.998489
0	149	94	0.999106
1	252	47	0.998484
0	239	176	0.998562
0	192	164	0.998844
1	278	68	0.998326
1	165	10	0.999004
0	180	179	0.998912
0	53	30	0.999679
0	151	133	0.999085
0	275	157	0.998334
0	138	89	0.999163
1	242	24	0.998533
0	206	181	0.998749
1	117	27	0.999286
0	232	159	0.998584
1	214	18	0.998693
0	160	139	0.999019
0	219	160	0.998657
0	169	92	0.998963
0	192	164	0.998822
1	263	50	0.998387
1	197	22	0.998791
0	201	115	0.998766
0	237	120	0.998545
1	267	20	0.998361
1	180	17	0.998893
0	95	70	0.999415
0	247	166	0.99848
1	157	12	0.999033
0	126	47	0.999223
1	238	71	0.998531
0	205	154	0.998732
0	199	136	0.998769
0	89	33	0.999449
0	254	114	0.998428
0	247	142	0.99847
1	254	66	0.998426
1	206	20	0.998723
0	261	191	0.99838
0	110	80	0.999315
0	81	72	0.999495
1	223	21	0.998608
0	268	184	0.998326
0	260	144	0.998375
0	256	146	0.998399
0	72	59	0.999549
1	161	40	0.998992
1	101	12	0.999367
0	177	86	0.998891
0	218	142	0.998632
1	81	21	0.999491
0	112	89	0.999296
0	147	142	0.999075
0	247	215	0.998446
0	233	142	0.998533
0	143	118	0.999099
0	52	21	0.999672
0	259	151	0.998368
1	268	88	0.998309
0	86	36	0.999456
1	171	32	0.998917
1	194	12	0.998771
0	97	54	0.999384
1	193	45	0.998774
0	176	69	0.998881
0	233	111	0.998519
1	256	83	0.998373
1	204	17	0.998703
0	253	238	0.99839
1	141	38	0.999101
0	165	105	0.998948
1	54	14	0.999655
0	226	114	0.998557
0	244	129	0.998441
0	253	181	0.998382
1	257	20	0.998355
0	173	154	0.998891
0	232	194	0.998513
0	223	153	0.99857
1	81	10	0.99948
1	214	66	0.998626
0	175	87	0.998876
1	186	50	0.998805
1	131	27	0.999155
0	55	50	0.999645
0	252	164	0.998373
0	216	195	0.998604
1	137	45	0.999114
1	130	24	0.999158
0	122	94	0.999209
1	172	38	0.998885
1	252	64	0.998367
1	244	44	0.998418
0	198	86	0.998715
0	170	155	0.998895
0	51	45	0.999668
0	224	80	0.998543
0	210	128	0.998632
0	144	139	0.999061
0	157	135	0.998976
1	225	55	0.998533
0	227	166	0.998519
0	254	170	0.998338
0	91	39	0.999403
1	241	80	0.998418
0	239	225	0.998431
0	246	86	0.998385
0	140	121	0.99908
0	178	136	0.99883
0	82	76	0.999457
0	100	63	0.999337
0	192	153	0.998727
0	187	128	0.998757
1	89	28	0.999408
1	226	74	0.998496
1	240	58	0.998402
0	207	88	0.99862
1	146	24	0.999026
0	241	118	0.998392
0	220	197	0.99853
0	243	134	0.998368
0	211	128	0.998581
0	60	36	0.999595
0	76	36	0.999486
0	202	81	0.998632
1	211	70	0.998569
0	140	109	0.99905
0	123	50	0.999163
0	105	94	0.999284
0	204	176	0.998609
0	69	42	0.999529
1	163	22	0.998888
1	228	24	0.998441
1	243	41	0.998338
0	150	95	0.998973
0	163	117	0.998883
0	154	82	0.998944
1	215	37	0.998523
1	239	29	0.998358
0	239	206	0.998358
1	204	26	0.998598
0	144	118	0.999009
0	170	144	0.998829
0	57	43	0.999607
0	187	95	0.99871
0	206	139	0.998579
0	200	189	0.998616
1	210	20	0.998545
0	171	110	0.998813
0	243	99	0.998312
0	229	210	0.998409
0	182	169	0.998735
1	116	39	0.999192
0	179	121	0.998752
1	141	9	0.999016
0	220	168	0.998465
0	192	188	0.99866
0	162	151	0.998868
0	180	125	0.99874
0	199	177	0.998606
0	211	158	0.998521
0	103	46	0.999277
1	88	22	0.999381
1	109	19	0.999231
0	146	61	0.998968
0	230	191	0.998375
1	94	23	0.999333
0	104	39	0.999262
1	166	11	0.99882
0	61	34	0.999566
0	58	32	0.999587
0	229	124	0.99837
0	140	92	0.999002
1	230	74	0.998361
1	231	74	0.998353
0	228	223	0.998373
1	67	5	0.99952
0	173	121	0.998759
0	76	62	0.999454
1	55	8	0.999604
0	168	113	0.998791
0	193	171	0.998611
1	153	24	0.998898
0	95	61	0.999315
1	233	28	0.998319
1	178	42	0.998715
1	230	44	0.998336
0	165	146	0.998805
0	233	227	0.998312
1	216	46	0.998434
0	226	211	0.998361
1	88	24	0.999361
0	223	125	0.998382
0	140	92	0.998983
1	190	28	0.99862
1	137	31	0.999004
1	65	10	0.999527
0	203	167	0.998521
0	212	200	0.998455
0	218	123	0.998409
0	173	146	0.998735
0	208	171	0.998479
0	78	41	0.999429
0	182	131	0.998667
1	181	52	0.998674
1	210	55	0.998458
1	173	33	0.998728
0	89	39	0.999345
0	177	142	0.998694
0	98	40	0.999276
0	166	109	0.998774
0	65	51	0.999519
0	208	151	0.998462
1	115	30	0.999148
0	198	175	0.998531
0	103	39	0.999235
1	60	8	0.999554
1	149	46	0.998893
0	159	136	0.998817
0	142	62	0.998942
0	81	62	0.999396
1	227	35	0.998307
0	79	72	0.999408
0	142	57	0.998936
0	187	155	0.998599
0	120	92	0.999099
0	73	31	0.999451
1	61	15	0.999541
0	111	59	0.999163
1	59	15	0.999554
1	219	38	0.998344
0	212	84	0.998395
0	120	113	0.99909
1	200	18	0.998484
1	212	40	0.998392
1	198	38	0.998496
0	214	84	0.998373
1	105	13	0.999201
1	73	19	0.999444
1	144	27	0.998903
0	160	120	0.998781
0	218	178	0.998339
0	203	97	0.998453
0	167	84	0.998725
0	119	70	0.99909
0	132	79	0.99899
0	168	145	0.998713
0	173	84	0.998674
0	172	111	0.998679
0	186	64	0.998569
1	60	17	0.999537
0	60	57	0.999537
1	112	26	0.999136
0	126	45	0.999026
0	180	171	0.998608
0	196	145	0.99848
0	151	70	0.998827
1	136	31	0.998942
0	218	151	0.998305
0	178	135	0.998615
0	178	87	0.998615
0	71	63	0.999446
0	216	74	0.998314
0	211	183	0.99835
0	137	53	0.998927
0	187	183	0.998535
0	85	42	0.999333
0	102	80	0.999199
0	158	117	0.998759
0	136	112	0.998931
0	136	122	0.998929
0	118	102	0.99907
0	132	116	0.998959
1	190	16	0.998496
0	90	39	0.999287
1	184	29	0.998543
1	74	4	0.999413
1	134	30	0.998936
0	190	155	0.998492
0	122	85	0.999031
0	113	101	0.999102
1	212	40	0.998316
0	173	120	0.998625
0	208	77	0.998346
0	181	123	0.99856
0	62	25	0.999505
0	206	159	0.998355
0	156	73	0.998752
0	158	83	0.998735
0	142	134	0.998861
0	189	178	0.998482
1	188	21	0.998489
1	76	23	0.999386
0	180	152	0.998545
1	75	15	0.999393
1	153	34	0.998762
0	188	67	0.998479
0	180	132	0.998543
1	118	39	0.999044
0	117	102	0.999051
1	113	8	0.999082
0	172	143	0.998603
0	193	154	0.998431
1	146	14	0.998812
0	59	30	0.999519
1	89	11	0.999274
1	119	20	0.999029
0	149	122	0.998784
0	88	84	0.999281
0	114	44	0.999067
1	53	15	0.999566
1	181	47	0.998511
1	112	30	0.999078
1	186	40	0.998465
1	178	15	0.998523
0	146	112	0.998788
1	107	18	0.999111
1	106	7	0.999119
0	126	60	0.998951
0	142	125	0.998817
1	97	19	0.999191
0	189	152	0.998424
1	139	38	0.998839
1	144	23	0.998796
1	191	14	0.998401
1	155	45	0.998701
0	141	97	0.998818
0	90	46	0.999245
0	63	25	0.999471
0	87	41	0.999269
0	80	38	0.999327
1	125	33	0.998948
0	106	69	0.999107
0	113	105	0.999048
1	184	58	0.99845
0	196	135	0.998348
0	187	180	0.998423
0	85	69	0.999282
1	81	6	0.999315
0	141	66	0.998808
0	56	44	0.999526
0	194	137	0.99835
1	98	14	0.999165
0	139	137	0.998813
1	71	11	0.999393
0	180	157	0.998462
1	148	39	0.998735
0	110	63	0.999058
0	185	112	0.998414
1	194	15	0.998334
0	106	100	0.999087
1	97	29	0.999162
0	89	58	0.999231
1	178	29	0.998458
0	168	76	0.998542
0	149	122	0.998706
0	154	111	0.998662
0	117	74	0.998983
1	181	33	0.998426
0	82	68	0.999286
0	122	56	0.998937
0	149	138	0.998701
0	195	108	0.9983
0	116	60	0.998988
1	183	18	0.998404
0	174	101	0.998482
1	147	22	0.998716
0	186	110	0.998372
1	102	24	0.999106
0	139	101	0.998779
0	149	69	0.998689
1	118	17	0.998958
0	185	175	0.998367
0	157	100	0.998613
0	180	135	0.998407
0	152	124	0.998654
1	190	56	0.998316
0	185	88	0.998358
0	80	50	0.999286
0	165	108	0.998528
1	155	17	0.998616
0	173	99	0.998455
0	127	60	0.998863
1	77	13	0.99931
0	114	45	0.998976
1	111	20	0.999002
0	174	117	0.998436
0	179	170	0.99839
1	128	30	0.998846
0	72	59	0.99935
1	114	16	0.998971
0	92	91	0.999168
1	152	32	0.998626
0	151	108	0.998635
1	155	22	0.998598
1	99	30	0.999104
0	113	42	0.998976
1	85	23	0.999228
0	161	55	0.998538
0	64	21	0.999418
0	166	81	0.998491
0	57	22	0.999481
0	127	53	0.998842
0	67	29	0.999388
0	107	86	0.999021
0	134	48	0.998774
0	184	65	0.998317
1	106	33	0.999029
0	140	91	0.998713
1	167	41	0.998463
1	122	22	0.998876
0	142	98	0.998691
1	70	10	0.999354
0	158	112	0.998543
0	152	93	0.998594
0	177	170	0.998363
1	168	54	0.998443
0	162	65	0.998497
0	175	59	0.998375
0	172	140	0.998401
0	182	97	0.998302
1	113	28	0.998941
0	108	84	0.998985
0	155	153	0.998533
0	128	115	0.998788
0	178	148	0.998314
0	76	68	0.999279
1	137	18	0.998699
0	126	79	0.998803
0	73	43	0.999306
1	79	5	0.999248
1	137	13	0.998693
0	129	104	0.998764
1	143	39	0.998628
0	138	118	0.998674
0	97	44	0.999067
0	159	117	0.998467
0	113	38	0.99891
0	119	80	0.998852
0	167	114	0.998387
1	122	26	0.99882
0	87	74	0.999158
1	128	8	0.998761
0	143	66	0.998615
1	126	24	0.998779
0	102	70	0.999007
0	165	131	0.99839
0	146	67	0.998574
0	112	61	0.998905
0	159	86	0.998446
0	101	75	0.999012
0	98	76	0.999041
0	171	72	0.998324
1	91	10	0.999104
0	83	81	0.999182
1	166	36	0.998365
0	118	63	0.99883
0	78	39	0.999226
1	127	10	0.998737
1	171	9	0.9983
0	126	77	0.998745
0	149	54	0.998516
0	118	106	0.998824
0	144	132	0.998562
0	56	40	0.99944
0	147	87	0.998528
0	155	133	0.998448
1	94	7	0.999058
0	148	134	0.998513
0	91	50	0.999084
1	164	11	0.99835
1	162	13	0.99837
0	76	70	0.999231
1	68	13	0.99931
0	158	144	0.998397
0	64	31	0.99935
0	87	82	0.999116
1	156	30	0.998416
1	160	23	0.998372
0	87	56	0.999112
0	156	110	0.998406
0	127	125	0.998701
0	148	93	0.998482
0	163	87	0.998326
0	139	108	0.99856
0	90	85	0.999067
0	161	79	0.998329
0	92	74	0.999044
0	126	66	0.998683
0	100	50	0.998951
0	62	42	0.999349
1	122	16	0.998715
0	102	83	0.998925
0	51	37	0.999461
0	102	97	0.99892
0	136	113	0.998558
1	160	30	0.998302
0	158	86	0.998317
0	130	95	0.998611
0	73	63	0.999219
0	102	68	0.998905
0	121	39	0.998701
0	82	72	0.999118
0	135	126	0.998548
0	84	37	0.999094
0	150	92	0.998382
1	73	4	0.999211
0	122	103	0.998681
0	138	95	0.998501
0	65	27	0.999293
0	146	128	0.998411
0	137	135	0.998508
0	70	55	0.999236
1	81	17	0.999116
0	108	38	0.99882
1	85	11	0.999067
0	126	105	0.998616
1	115	18	0.998735
0	144	131	0.998416
0	107	43	0.99882
0	116	90	0.99872
1	87	14	0.999036
0	133	124	0.998523
1	53	7	0.99941
1	75	5	0.999165
1	124	7	0.99862
0	96	61	0.998929
1	97	30	0.998914
0	145	137	0.998377
0	143	51	0.99839
1	72	19	0.999187
1	93	25	0.998949
0	126	113	0.998575
0	106	42	0.998798
0	147	84	0.998333
0	126	90	0.99857
1	146	17	0.998343
1	106	22	0.998793
0	67	37	0.999235
0	137	114	0.998431
0	103	51	0.998817
1	132	20	0.99848
0	56	18	0.99935
0	143	83	0.998341
0	129	93	0.998502
0	69	51	0.999197
0	80	45	0.999068
1	72	23	0.99916
1	107	22	0.998749
0	113	39	0.998674
1	129	37	0.998485
0	110	85	0.998705
0	86	77	0.998987
0	87	51	0.998971
0	131	128	0.998451
0	123	103	0.998543
0	128	87	0.998477
0	121	61	0.99856
1	130	38	0.99845
1	105	33	0.998747
1	139	37	0.998334
0	141	61	0.998307
1	63	8	0.999242
0	120	104	0.998555
0	119	62	0.998567
0	130	79	0.998431
1	77	11	0.999068
0	115	68	0.998608
0	123	103	0.998508
1	80	25	0.999029
0	74	71	0.999101
0	112	62	0.998638
1	120	8	0.99854
0	134	109	0.99836
1	78	18	0.999044
0	93	30	0.998859
1	81	16	0.998999
0	132	94	0.998368
0	137	61	0.998305
0	101	78	0.998749
0	73	65	0.999095
1	63	18	0.999214
0	71	31	0.999111
1	78	5	0.999022
0	124	111	0.998445
0	113	111	0.998581
1	83	19	0.998953
0	66	22	0.999163
0	111	83	0.998589
1	94	9	0.998803
1	111	34	0.998586
0	79	74	0.998992
0	121	93	0.998455
0	87	35	0.998888
0	88	42	0.998874
0	111	38	0.998579
1	101	11	0.998706
1	84	26	0.99892
0	89	63	0.998852
0	87	80	0.998876
0	88	33	0.998863
0	80	76	0.998965
0	108	100	0.998603
0	72	35	0.999063
0	86	47	0.998876
0	122	110	0.998402
0	57	23	0.999245
0	73	71	0.999033
0	96	31	0.998728
0	115	38	0.998474
1	71	20	0.999051
0	84	51	0.998876
0	57	19	0.999233
0	77	68	0.998959
0	117	115	0.998419
0	77	45	0.998956
0	50	44	0.999316
1	72	20	0.999014
0	55	34	0.999245
0	97	47	0.998667
1	75	21	0.998965
0	120	86	0.998341
1	76	7	0.998944
1	111	11	0.998458
0	113	96	0.998409
0	101	80	0.99857
0	65	35	0.999078
1	60	6	0.999143
1	113	29	0.998385
0	99	56	0.998579
0	92	67	0.998677
0	71	47	0.998976
1	109	14	0.998428
0	78	63	0.998868
0	88	68	0.998722
0	54	53	0.999214
0	87	76	0.998732
0	56	32	0.999182
1	75	9	0.9989
1	86	8	0.998737
0	92	39	0.998645
0	82	41	0.998791
1	96	13	0.998572
0	107	86	0.998406
0	83	51	0.998761
0	97	82	0.99855
0	93	36	0.998603
0	64	63	0.999038
0	56	38	0.999158
0	61	43	0.999077
0	95	65	0.998562
1	99	9	0.998501
0	103	76	0.998436
0	82	38	0.998749
1	81	17	0.998759
1	54	13	0.99917
0	71	51	0.998908
1	106	31	0.998365
0	76	44	0.998827
0	104	51	0.998394
0	87	61	0.998655
0	60	49	0.999067
1	108	32	0.998319
1	74	13	0.998844
1	71	20	0.99889
0	74	40	0.998839
0	80	75	0.99874
1	81	10	0.998723
0	78	55	0.998762
1	104	28	0.998348
0	82	52	0.998693
0	68	38	0.99891
0	74	39	0.998812
0	86	69	0.998611
0	105	80	0.998302
1	83	25	0.998657
0	102	95	0.998344
0	96	87	0.998434
0	84	35	0.998609
1	63	18	0.998953
1	66	6	0.998903
1	87	26	0.998548
0	100	58	0.998329
0	86	30	0.998562
0	87	65	0.998545
1	76	19	0.998728
0	69	34	0.998842
0	54	33	0.99909
1	93	28	0.998426
0	68	54	0.998847
0	82	52	0.998609
1	92	23	0.998434
0	95	93	0.99838
0	62	20	0.998942
0	85	31	0.99855
0	84	33	0.99856
1	70	10	0.998786
1	60	18	0.998953
0	91	53	0.998397
0	66	22	0.998827
1	70	10	0.998754
0	80	43	0.998572
1	50	5	0.999106
1	52	11	0.99907
1	65	16	0.998837
1	60	13	0.998925
0	63	45	0.998869
0	63	44	0.998854
0	82	51	0.998508
1	63	10	0.998852
1	53	9	0.999034
0	53	47	0.999026
1	87	9	0.998402
1	74	23	0.998606
0	50	45	0.999055
1	89	13	0.998316
0	84	33	0.998406
1	77	12	0.998508
0	55	28	0.99892
0	75	25	0.998525
1	60	7	0.998786
1	71	11	0.998545
0	70	60	0.99856
0	62	40	0.99872
1	57	6	0.998803
0	63	43	0.998671
0	67	50	0.998586
1	64	17	0.998643
1	78	19	0.998343
0	78	29	0.998339
0	65	49	0.998603
0	58	49	0.99874
0	66	30	0.998547
1	69	19	0.99846
0	70	60	0.998412
0	68	66	0.998419
1	60	11	0.998604
0	66	23	0.998462
1	70	13	0.998361
0	63	26	0.998509
0	68	56	0.998373
0	67	50	0.998387
0	62	51	0.998501
0	60	56	0.998531
1	65	17	0.998355
0	58	43	0.998526
1	51	10	0.998691
0	62	33	0.998401
0	54	43	0.998596
0	55	24	0.998567
1	50	7	0.998694
0	51	40	0.998667
0	57	34	0.998506
0	57	37	0.998504
1	53	13	0.998592
1	62	4	0.998351
0	59	56	0.998418
0	53	41	0.998574
0	56	33	0.998474
0	57	50	0.998436
0	54	34	0.998516
1	53	9	0.998504
0	55	49	0.998407
0	54	20	0.998392
0	51	38	0.998465
0	51	29	0.998446
0	54	42	0.998333
1	50	7	0.998409
0	50	17	0.998353
0	50	24	0.998338
0	50	27	0.998334
