261388
9.14791
4000
1	436	69	0.999999
1	389	112	0.999999
1	365	257	0.999999
1	484	424	0.999998
1	241	27	0.999999
1	372	292	0.999998
1	176	83	0.999999
1	170	84	0.999999
1	445	404	0.999996
1	200	39	0.999998
1	435	212	0.999995
1	432	66	0.999995
1	339	153	0.999996
1	476	416	0.999994
1	424	293	0.999994
1	400	340	0.999994
1	443	253	0.999993
1	125	121	0.999998
1	436	414	0.999993
1	207	86	0.999996
1	252	246	0.999995
1	398	389	0.999992
1	98	36	0.999998
1	342	183	0.999993
1	385	349	0.999992
1	271	201	0.999994
1	311	272	0.999993
1	444	198	0.99999
1	473	296	0.999989
1	338	137	0.999992
1	446	357	0.999989
1	416	363	0.999989
1	485	292	0.999986
1	459	264	0.999986
1	194	39	0.999994
1	381	80	0.999988
1	441	304	0.999986
1	247	196	0.999992
1	323	200	0.999989
1	484	363	0.999983
1	398	104	0.999986
1	358	114	0.999987
1	372	118	0.999986
1	338	180	0.999987
1	404	207	0.999984
1	495	75	0.99998
1	463	282	0.999981
1	283	253	0.999988
1	242	42	0.999989
1	252	233	0.999988
1	349	40	0.999983
1	364	166	0.999981
1	442	426	0.999976
1	202	21	0.999989
1	384	44	0.999978
1	448	384	0.999974
1	485	373	0.999971
1	481	289	0.999971
1	132	30	0.999992
1	297	74	0.999982
1	491	157	0.99997
1	457	43	0.999971
1	313	188	0.99998
1	405	75	0.999974
1	383	95	0.999975
1	182	36	0.999988
1	155	80	0.999989
1	153	120	0.999989
1	179	88	0.999987
1	467	293	0.999966
1	192	181	0.999986
1	382	365	0.999972
1	200	34	0.999984
1	449	419	0.999964
1	197	68	0.999984
1	337	218	0.999972
1	441	355	0.999963
1	286	249	0.999976
1	281	94	0.999976
1	70	38	0.999994
1	268	220	0.999977
1	256	133	0.999978
1	386	340	0.999966
1	499	436	0.999955
1	424	213	0.999961
1	445	205	0.999959
1	499	426	0.999954
1	380	325	0.999964
1	426	130	0.999958
1	160	90	0.999984
1	178	151	0.999982
1	352	121	0.999964
1	195	170	0.99998
1	388	67	0.99996
1	494	268	0.999949
1	416	351	0.999957
1	444	159	0.999954
1	298	118	0.999969
1	278	225	0.999971
1	257	166	0.999972
1	454	404	0.999949
1	427	66	0.999952
1	372	253	0.999958
1	255	98	0.999971
1	140	118	0.999984
1	266	195	0.999969
1	171	62	0.99998
1	498	247	0.999941
1	118	76	0.999986
1	274	44	0.999967
1	431	269	0.999948
1	230	59	0.999972
1	418	114	0.999949
1	440	108	0.999946
1	267	62	0.999967
1	418	291	0.999947
1	289	127	0.999963
1	108	15	0.999986
1	127	106	0.999983
0	493	470	0.999934
1	500	381	0.999933
1	470	100	0.999937
1	261	81	0.999965
1	319	227	0.999957
1	408	356	0.999943
1	425	57	0.999939
1	411	289	0.999941
1	478	144	0.999931
1	313	62	0.999954
1	347	56	0.999949
0	374	356	0.999945
1	442	100	0.999935
1	94	64	0.999986
1	380	334	0.999943
1	157	107	0.999976
1	170	77	0.999974
1	235	58	0.999964
1	293	45	0.999955
1	333	86	0.999948
1	390	199	0.999939
1	486	189	0.999923
1	473	118	0.999925
1	445	332	0.999929
1	324	136	0.999948
1	405	159	0.999935
1	142	65	0.999977
1	338	53	0.999945
1	448	78	0.999927
1	281	221	0.999954
1	317	223	0.999948
1	240	137	0.99996
1	201	156	0.999966
1	452	68	0.999923
1	472	194	0.999917
1	221	103	0.999961
1	470	81	0.999917
1	389	234	0.999931
1	208	72	0.999963
1	494	309	0.999912
1	464	315	0.999917
1	329	147	0.999941
1	156	142	0.999972
1	427	84	0.999923
1	215	74	0.999961
0	99	95	0.999982
1	253	39	0.999954
1	170	30	0.999969
1	344	286	0.999937
1	250	75	0.999954
1	416	210	0.999923
1	54	38	0.99999
1	413	86	0.999923
1	240	52	0.999955
1	349	133	0.999934
0	457	444	0.999912
1	275	94	0.999947
1	484	104	0.999906
1	411	330	0.999919
1	418	57	0.999917
1	442	290	0.999912
1	291	147	0.999942
1	130	102	0.999974
1	390	130	0.999922
1	449	177	0.99991
0	179	165	0.999964
1	232	172	0.999953
0	294	285	0.999939
1	300	81	0.999937
0	333	318	0.99993
1	284	100	0.99994
0	198	194	0.999958
1	476	376	0.999899
1	212	23	0.999955
1	295	209	0.999937
1	299	97	0.999936
1	280	161	0.99994
1	455	283	0.999901
0	427	411	0.999907
1	458	60	0.9999
1	327	92	0.999928
1	277	120	0.999939
0	354	341	0.999922
0	322	305	0.999929
1	408	201	0.99991
1	414	221	0.999908
1	354	136	0.999921
1	192	104	0.999957
1	388	113	0.999913
1	454	363	0.999896
1	490	104	0.999886
1	295	126	0.999931
1	378	111	0.999911
0	464	420	0.99989
1	92	67	0.999978
1	179	78	0.999957
1	455	291	0.99989
1	463	183	0.999888
1	296	157	0.999928
0	475	425	0.999884
1	367	244	0.99991
1	354	81	0.999913
1	404	221	0.9999
1	498	120	0.999876
1	337	120	0.999916
1	473	330	0.999882
1	473	326	0.999882
0	240	235	0.99994
1	167	105	0.999958
1	249	48	0.999937
1	165	79	0.999957
0	203	183	0.999947
1	333	178	0.999913
0	417	381	0.99989
1	68	17	0.999982
1	249	128	0.999934
0	442	393	0.999882
1	411	98	0.999888
1	308	162	0.999916
1	336	126	0.999908
1	301	175	0.999917
1	248	210	0.999931
0	307	271	0.999913
1	401	309	0.999886
1	179	108	0.999949
1	421	218	0.99988
0	343	337	0.999902
1	493	391	0.999859
1	430	98	0.999877
1	241	147	0.999931
1	273	184	0.999921
1	179	57	0.999948
1	384	330	0.999888
1	369	310	0.999892
1	336	99	0.999901
1	419	218	0.999876
1	432	195	0.999871
1	468	129	0.99986
1	404	298	0.999878
0	363	347	0.999889
1	398	229	0.999878
1	458	358	0.999859
1	289	183	0.999911
1	366	184	0.999887
1	420	281	0.99987
1	445	343	0.999862
1	441	302	0.999863
1	336	224	0.999895
1	51	28	0.999984
1	449	98	0.999858
1	274	107	0.999913
1	154	96	0.999951
1	477	197	0.999847
1	405	104	0.999869
1	398	186	0.999871
0	444	436	0.999856
1	397	132	0.99987
1	176	54	0.999942
1	382	242	0.999874
1	106	44	0.999965
1	390	207	0.999871
1	480	196	0.999841
1	93	70	0.999969
1	105	70	0.999965
1	210	175	0.99993
1	396	308	0.999868
1	435	104	0.999854
1	330	190	0.999889
1	410	174	0.999862
0	374	359	0.999874
1	476	215	0.999839
1	325	125	0.99989
0	366	354	0.999876
1	185	27	0.999937
1	264	200	0.99991
1	416	110	0.999858
1	303	255	0.999896
1	154	121	0.999947
1	328	238	0.999887
1	473	331	0.999837
0	168	152	0.999942
0	292	278	0.999899
0	448	389	0.999845
0	458	392	0.999841
1	408	102	0.999858
1	497	255	0.999827
1	400	51	0.99986
1	410	112	0.999856
1	418	231	0.999853
1	446	206	0.999843
1	467	187	0.999835
1	223	76	0.999921
1	442	95	0.999843
1	405	311	0.999856
1	280	174	0.9999
0	151	133	0.999946
1	274	129	0.999901
1	477	53	0.999827
0	385	357	0.99986
1	393	157	0.999857
1	406	220	0.999852
1	473	98	0.999827
1	341	75	0.999875
1	272	36	0.9999
1	195	151	0.999928
1	395	65	0.999854
1	314	261	0.999883
1	351	154	0.999869
1	420	242	0.999843
1	270	173	0.999899
1	264	173	0.999901
1	356	160	0.999866
1	263	127	0.999901
1	138	37	0.999948
1	447	272	0.999831
1	230	123	0.999913
1	348	47	0.999868
1	243	199	0.999907
0	471	409	0.999818
0	331	287	0.999872
0	455	407	0.999824
1	305	43	0.999882
1	93	61	0.999964
1	470	361	0.999818
1	400	211	0.999845
1	383	144	0.999851
1	239	46	0.999907
1	308	77	0.99988
1	490	187	0.999809
1	486	271	0.99981
1	225	21	0.999912
1	328	250	0.999871
1	122	76	0.999952
0	386	325	0.999848
1	412	335	0.999837
1	371	41	0.999853
1	218	55	0.999913
1	320	248	0.999872
1	304	209	0.999878
0	371	368	0.999851
1	445	140	0.999821
0	151	128	0.999939
0	443	433	0.999821
1	376	178	0.999848
0	321	280	0.99987
1	485	54	0.999803
1	433	164	0.999823
1	374	285	0.999847
1	447	163	0.999817
0	437	416	0.999821
1	117	38	0.999952
0	463	440	0.99981
1	485	261	0.9998
0	417	387	0.999828
1	429	43	0.999823
1	273	139	0.999887
1	308	243	0.999872
1	457	117	0.99981
1	226	92	0.999906
1	444	72	0.999815
1	326	122	0.999864
1	478	135	0.9998
1	265	50	0.999889
1	265	203	0.999889
1	285	98	0.99988
1	406	247	0.999829
1	466	143	0.999803
1	78	50	0.999967
1	255	144	0.999892
1	363	262	0.999846
1	464	289	0.999803
1	280	78	0.999881
1	353	195	0.999849
0	467	386	0.999799
1	427	192	0.999815
1	421	268	0.999817
1	430	295	0.999813
1	473	154	0.999794
1	437	221	0.999809
0	112	101	0.999951
1	297	36	0.99987
1	306	102	0.999866
1	146	83	0.999936
1	481	328	0.999789
0	139	124	0.999939
0	455	431	0.9998
1	486	317	0.999786
1	420	78	0.999815
1	384	273	0.99983
1	492	141	0.999782
1	464	102	0.999794
1	402	212	0.999821
1	130	27	0.999942
1	235	139	0.999895
0	393	348	0.999824
1	496	141	0.999777
0	358	299	0.999839
1	404	322	0.999818
1	142	17	0.999936
1	450	304	0.999797
1	301	183	0.999864
1	379	131	0.999827
1	321	66	0.999853
1	458	333	0.99979
1	442	220	0.999797
0	496	470	0.999772
1	422	258	0.999806
1	366	36	0.999831
1	303	50	0.99986
1	391	215	0.999819
1	356	212	0.999835
1	330	199	0.999846
1	474	247	0.999778
1	321	134	0.999849
0	465	380	0.999781
1	490	103	0.999769
1	490	151	0.999769
0	164	155	0.999922
1	373	102	0.999821
1	440	68	0.999788
1	444	323	0.999786
1	402	80	0.999806
1	418	203	0.999798
1	285	112	0.999862
1	282	206	0.999863
0	401	348	0.999805
1	413	323	0.999799
1	279	172	0.999864
1	289	208	0.999859
1	387	148	0.999811
1	481	206	0.999765
1	493	93	0.999759
0	472	411	0.999769
0	429	360	0.99979
1	400	192	0.999804
1	422	177	0.999793
1	452	175	0.999778
0	277	264	0.999863
0	392	360	0.999806
1	240	34	0.999881
1	437	198	0.999782
1	232	127	0.999884
1	240	58	0.99988
1	248	143	0.999876
1	495	124	0.999752
1	469	192	0.999765
0	413	329	0.999793
1	307	225	0.999845
0	303	247	0.999847
1	459	206	0.999768
0	237	217	0.99988
1	325	40	0.999835
1	281	94	0.999857
1	498	47	0.999746
1	396	185	0.999798
0	354	303	0.999819
1	442	228	0.999774
1	348	114	0.999822
1	389	122	0.999801
1	462	221	0.999763
1	306	63	0.999843
1	410	121	0.999789
1	359	96	0.999815
0	153	141	0.999921
1	282	143	0.999854
1	365	257	0.999811
1	208	81	0.999892
0	349	282	0.999818
1	408	40	0.999787
1	306	233	0.99984
1	432	118	0.999774
1	349	268	0.999816
1	174	103	0.999908
0	451	413	0.99976
1	246	183	0.999869
1	435	50	0.999768
1	435	332	0.999768
0	487	464	0.99974
1	159	45	0.999915
1	202	33	0.999892
1	286	54	0.999847
1	392	135	0.99979
1	384	72	0.999794
1	474	117	0.999745
1	391	99	0.999789
0	374	297	0.999798
1	346	96	0.999813
1	85	46	0.999954
1	389	152	0.999789
1	370	104	0.999799
1	160	69	0.999913
1	474	324	0.999742
1	371	185	0.999798
0	447	393	0.999756
1	258	39	0.999859
1	278	201	0.999848
1	499	223	0.999727
0	461	373	0.999747
1	408	121	0.999775
1	393	251	0.999783
0	268	252	0.999852
1	450	250	0.999751
1	373	44	0.999793
1	424	62	0.999763
1	159	105	0.999911
0	455	385	0.999745
1	433	274	0.999757
1	464	50	0.999739
0	442	354	0.999751
1	346	121	0.999805
1	235	55	0.999866
1	449	126	0.999744
1	308	39	0.999824
1	284	52	0.999837
0	378	298	0.999782
1	171	129	0.999901
1	304	56	0.999824
0	373	343	0.999783
1	440	79	0.999744
0	388	334	0.999774
1	427	250	0.999751
1	414	179	0.999758
0	236	213	0.999862
1	344	51	0.999798
0	479	456	0.999718
1	445	326	0.999738
1	396	65	0.999766
1	261	137	0.999845
1	310	195	0.999815
1	325	93	0.999805
0	353	317	0.999788
0	316	283	0.99981
1	344	90	0.999793
1	421	241	0.999745
1	387	95	0.999765
1	348	189	0.999788
1	293	93	0.999821
1	129	16	0.999921
0	402	356	0.999753
0	392	306	0.999759
1	475	301	0.999706
1	142	101	0.999912
0	238	189	0.999852
1	127	65	0.999921
0	437	406	0.999728
1	487	268	0.999695
0	423	415	0.999735
1	378	179	0.999763
1	170	122	0.999893
1	198	56	0.999875
1	478	116	0.999698
1	295	68	0.999813
0	361	282	0.999771
1	394	249	0.99975
1	222	140	0.999859
1	407	143	0.99974
1	385	138	0.999754
1	387	144	0.999752
1	447	283	0.999713
1	369	125	0.999763
0	404	313	0.99974
1	147	48	0.999905
1	441	163	0.999715
1	320	220	0.999793
1	165	84	0.999893
0	347	300	0.999775
0	494	493	0.999679
1	380	186	0.999753
1	198	137	0.999871
1	455	295	0.999703
1	363	235	0.999763
1	433	238	0.999717
1	324	195	0.999788
1	136	93	0.999911
1	298	179	0.999805
1	189	30	0.999876
1	221	142	0.999854
1	242	112	0.99984
1	420	165	0.999722
1	241	103	0.99984
1	339	179	0.999774
1	431	100	0.999712
1	196	94	0.999869
1	347	178	0.999768
1	471	246	0.999685
0	179	150	0.99988
0	459	458	0.999692
1	122	51	0.999918
1	122	54	0.999918
1	485	158	0.999674
0	440	354	0.999704
1	324	230	0.999782
1	401	82	0.99973
0	411	310	0.999723
1	362	232	0.999756
1	374	78	0.999747
1	273	120	0.999815
0	270	235	0.999817
1	249	136	0.999831
1	296	74	0.999799
1	427	175	0.99971
0	370	345	0.999748
1	240	143	0.999836
1	458	181	0.999687
1	193	18	0.999868
0	315	242	0.999784
1	457	305	0.999686
1	400	264	0.999725
1	414	69	0.999715
0	379	360	0.999738
1	375	112	0.99974
0	386	325	0.999732
1	442	190	0.999693
0	280	241	0.999805
1	257	169	0.999821
1	271	138	0.999811
1	433	264	0.999698
1	256	42	0.999821
1	476	67	0.999667
1	357	146	0.99975
1	346	239	0.999757
0	377	317	0.999735
1	381	77	0.999732
0	408	387	0.999713
1	435	49	0.999693
1	477	127	0.999663
1	475	300	0.999664
1	327	154	0.999768
0	422	367	0.9997
1	191	37	0.999864
0	316	241	0.999775
1	254	179	0.999819
0	428	423	0.999695
0	467	386	0.999667
0	88	67	0.999937
0	335	268	0.99976
1	339	72	0.999757
0	378	328	0.999729
1	488	218	0.99965
1	353	167	0.999746
0	259	240	0.999813
1	281	134	0.999797
1	356	64	0.999742
1	407	191	0.999705
1	349	54	0.999747
1	186	92	0.999865
0	307	224	0.999777
1	305	45	0.999778
0	195	169	0.999858
1	365	193	0.999734
1	424	300	0.999691
1	484	290	0.999646
1	354	163	0.999741
1	233	149	0.999829
1	347	40	0.999745
0	155	149	0.999886
1	342	126	0.999748
1	183	78	0.999865
1	473	269	0.999648
1	377	215	0.999719
1	445	119	0.999668
1	127	60	0.999905
0	474	416	0.999644
1	133	71	0.9999
0	499	382	0.999624
1	475	320	0.999642
1	342	185	0.999742
1	172	70	0.99987
0	396	371	0.9997
1	223	133	0.999831
1	59	34	0.999955
1	401	234	0.999694
1	372	97	0.999716
0	301	273	0.99977
1	327	72	0.99975
1	480	75	0.999633
1	213	146	0.999837
1	213	69	0.999837
1	456	175	0.999651
1	218	76	0.999833
0	214	174	0.999836
1	486	322	0.999627
0	456	376	0.99965
1	366	229	0.999719
1	169	55	0.99987
1	360	172	0.999723
1	153	75	0.999882
1	470	209	0.999636
0	457	388	0.999646
0	477	424	0.999629
1	484	162	0.999622
1	490	274	0.999617
1	431	269	0.999663
1	428	100	0.999665
1	451	139	0.999647
1	408	217	0.99968
1	65	28	0.999949
0	474	422	0.999628
1	363	88	0.999715
1	369	50	0.99971
0	497	378	0.999609
0	269	221	0.999788
1	293	109	0.999769
1	356	188	0.999719
0	466	450	0.999632
0	425	303	0.999664
0	427	340	0.999662
0	149	119	0.999882
1	434	205	0.999656
1	217	112	0.999827
1	415	286	0.999668
0	399	290	0.99968
0	345	281	0.999723
1	61	37	0.999951
0	408	324	0.999671
1	352	60	0.999716
0	213	185	0.999828
1	182	35	0.999853
1	425	162	0.999656
1	401	149	0.999675
1	431	93	0.99965
0	304	247	0.999753
0	434	360	0.999647
0	499	452	0.999594
1	484	158	0.999606
1	427	51	0.999652
0	481	432	0.999608
1	249	107	0.999797
1	429	135	0.99965
0	366	346	0.999701
1	246	42	0.999799
1	492	47	0.999598
1	492	234	0.999598
1	247	109	0.999798
1	305	157	0.99975
1	339	170	0.999722
1	476	191	0.999609
1	146	89	0.99988
1	356	71	0.999707
1	422	244	0.999652
1	408	97	0.999663
1	336	232	0.999722
1	342	143	0.999717
1	419	247	0.999653
1	439	61	0.999636
0	458	409	0.99962
1	294	101	0.999756
1	418	223	0.999653
1	489	172	0.999594
1	431	217	0.999642
1	405	122	0.999663
1	114	23	0.999905
0	319	233	0.999734
1	175	113	0.999854
1	403	130	0.999663
1	411	60	0.999656
1	429	127	0.99964
0	156	144	0.999869
1	132	16	0.999889
1	449	279	0.999622
0	489	371	0.999587
1	425	120	0.999641
0	467	392	0.999605
0	426	341	0.999639
1	413	48	0.99965
0	341	275	0.99971
1	418	237	0.999644
1	422	61	0.99964
0	486	477	0.999585
0	152	147	0.99987
0	187	180	0.99984
1	236	95	0.999798
1	494	82	0.999577
1	383	165	0.999671
1	215	110	0.999815
1	413	93	0.999644
1	272	133	0.999765
1	450	253	0.999611
0	429	428	0.999629
1	444	248	0.999616
1	497	172	0.99957
1	315	213	0.999727
0	197	194	0.999829
1	454	174	0.999606
0	346	330	0.999699
1	170	113	0.999852
1	480	298	0.999582
1	410	266	0.999642
1	385	47	0.999663
0	335	287	0.999706
1	311	37	0.999727
1	257	35	0.999774
0	342	245	0.999699
1	127	37	0.999888
1	229	150	0.999798
1	367	249	0.999676
1	232	130	0.999795
0	421	297	0.999628
1	406	70	0.999641
1	212	88	0.999812
0	274	260	0.999757
1	487	51	0.999568
0	490	445	0.999565
0	135	113	0.99988
1	456	240	0.999594
0	121	97	0.999892
0	252	188	0.999775
0	469	385	0.999581
0	225	209	0.999798
1	336	61	0.999698
1	392	134	0.999647
0	262	204	0.999764
1	81	26	0.999927
0	172	156	0.999845
1	408	246	0.999632
1	248	123	0.999776
1	437	85	0.999604
1	228	131	0.999793
1	110	67	0.9999
0	454	374	0.999587
1	434	216	0.999605
0	393	336	0.999642
1	363	211	0.999669
1	301	42	0.999725
0	348	320	0.999682
0	500	494	0.999543
1	330	40	0.999698
1	83	38	0.999924
1	475	258	0.999565
0	308	219	0.999717
1	432	79	0.999602
1	308	162	0.999716
1	65	42	0.99994
1	486	295	0.999551
1	321	64	0.999703
1	388	238	0.999641
1	94	42	0.999913
0	463	451	0.999569
1	463	64	0.999568
0	240	208	0.999776
1	197	46	0.999816
1	498	65	0.999534
0	493	386	0.999538
1	405	158	0.99962
1	404	75	0.99962
1	478	45	0.99955
1	240	153	0.999774
1	312	187	0.999706
0	261	219	0.999754
0	478	319	0.999549
1	161	15	0.999848
0	268	222	0.999747
0	387	298	0.999633
1	461	227	0.999562
0	462	405	0.999561
1	314	163	0.999701
0	399	347	0.99962
0	171	144	0.999837
0	435	375	0.999585
1	265	135	0.999747
1	184	64	0.999824
1	283	56	0.999729
1	402	173	0.999615
1	382	235	0.999633
0	403	291	0.999612
1	440	195	0.999576
0	194	156	0.999813
1	146	58	0.999859
1	465	286	0.999551
0	176	120	0.99983
0	238	176	0.99977
0	269	225	0.99974
1	240	34	0.999768
0	306	204	0.999704
0	476	353	0.999539
1	130	24	0.999874
1	367	183	0.999644
1	367	157	0.999644
0	372	285	0.999639
0	247	176	0.99976
0	422	355	0.999589
1	272	34	0.999735
1	161	67	0.999843
0	331	257	0.999677
0	167	112	0.999837
0	341	339	0.999667
0	460	329	0.99955
0	418	325	0.999591
1	490	86	0.99952
1	410	228	0.999598
1	368	187	0.999639
1	315	46	0.999689
0	399	349	0.999606
1	166	21	0.999836
1	288	80	0.999715
0	475	338	0.999529
0	415	369	0.999588
0	302	282	0.9997
1	160	87	0.999841
0	378	283	0.999624
1	450	221	0.999552
1	425	186	0.999576
1	78	19	0.999922
1	171	62	0.999829
1	237	56	0.999763
0	267	216	0.999733
1	395	245	0.999605
1	490	117	0.99951
1	426	106	0.999573
1	420	47	0.999579
0	468	365	0.99953
0	219	204	0.99978
1	329	77	0.999669
0	254	210	0.999744
0	459	374	0.999537
1	438	125	0.999558
1	415	190	0.999581
1	269	92	0.999728
1	474	161	0.99952
0	381	373	0.999614
1	435	170	0.999559
1	207	80	0.99979
1	156	38	0.999841
1	311	184	0.999683
1	293	116	0.999701
0	434	421	0.999557
1	328	48	0.999665
0	365	349	0.999627
1	272	76	0.999722
1	313	68	0.99968
0	353	311	0.999639
0	301	205	0.999692
0	125	97	0.999872
0	461	352	0.999528
0	413	345	0.999577
1	454	143	0.999535
1	275	44	0.999718
0	154	152	0.999842
1	339	164	0.999652
0	454	443	0.999534
0	68	49	0.99993
1	471	83	0.999515
0	430	315	0.999557
1	394	83	0.999594
0	482	481	0.999503
1	282	107	0.999709
1	448	86	0.999537
1	316	161	0.999673
1	112	16	0.999884
1	195	53	0.999798
1	177	112	0.999816
0	456	413	0.999526
1	477	242	0.999504
0	149	132	0.999845
1	429	257	0.999553
1	495	207	0.999484
1	440	252	0.999541
0	203	193	0.999788
1	292	103	0.999695
0	266	180	0.999722
0	464	316	0.999515
1	219	134	0.999771
1	449	211	0.99953
1	165	82	0.999827
1	285	77	0.999701
1	179	64	0.999812
1	197	24	0.999793
1	434	140	0.999544
1	460	250	0.999516
1	495	148	0.999479
1	463	163	0.999512
0	310	264	0.999673
1	369	128	0.99961
1	386	167	0.999592
0	374	370	0.999604
0	339	327	0.999641
1	389	185	0.999588
0	366	251	0.999612
1	480	49	0.999491
1	492	51	0.999478
0	491	375	0.999479
0	162	133	0.999828
1	270	37	0.999713
0	430	379	0.999543
1	279	51	0.999703
1	388	174	0.999587
1	494	127	0.999474
1	228	140	0.999757
0	317	293	0.999662
1	299	73	0.999681
0	328	266	0.99965
1	237	123	0.999747
1	400	63	0.999573
0	397	365	0.999576
1	381	139	0.999593
0	116	85	0.999876
1	422	229	0.999549
1	244	83	0.999739
1	429	112	0.999541
0	347	253	0.999628
1	359	152	0.999614
1	466	184	0.999498
1	346	39	0.999627
1	486	172	0.999476
0	470	311	0.999493
1	174	22	0.999812
1	271	44	0.999707
1	122	62	0.999868
1	146	57	0.999842
1	302	179	0.999673
1	301	135	0.999674
1	372	73	0.999597
0	456	406	0.999505
1	221	85	0.99976
1	313	51	0.99966
0	324	307	0.999648
0	346	342	0.999624
0	496	475	0.999461
0	269	178	0.999707
1	314	128	0.999658
0	275	251	0.9997
1	384	134	0.999581
1	460	75	0.999498
1	357	150	0.99961
0	452	400	0.999506
0	441	361	0.999518
0	396	364	0.999567
1	436	55	0.999522
0	393	323	0.999569
1	306	186	0.999664
0	469	360	0.999484
0	162	128	0.999821
0	257	196	0.999716
1	489	73	0.999459
1	214	84	0.999763
1	354	134	0.999608
1	391	220	0.999567
1	430	183	0.999523
1	335	51	0.999628
0	344	278	0.999618
1	322	72	0.999641
0	331	254	0.99963
0	237	169	0.999735
1	398	236	0.999555
1	465	204	0.99948
1	363	109	0.999594
0	206	133	0.999769
0	421	322	0.999528
0	338	241	0.999621
0	358	274	0.999598
0	478	463	0.999463
1	226	79	0.999746
1	485	63	0.999455
0	314	226	0.999647
1	272	163	0.999694
1	464	266	0.999478
1	383	161	0.999569
0	309	268	0.999652
1	269	105	0.999697
0	339	303	0.999618
1	396	247	0.999553
1	205	37	0.999768
1	97	52	0.99989
1	286	136	0.999675
0	429	345	0.999512
0	201	145	0.999771
0	456	383	0.99948
0	226	200	0.999742
1	372	161	0.999575
1	424	101	0.999514
1	273	36	0.999687
0	487	443	0.999439
1	405	141	0.999533
0	454	353	0.999476
1	231	73	0.999733
0	249	197	0.999712
0	344	312	0.999602
1	468	53	0.999458
0	324	315	0.999624
0	466	330	0.999459
0	458	375	0.999468
0	321	295	0.999627
1	98	43	0.999886
1	189	49	0.99978
1	491	78	0.999428
0	343	297	0.9996
0	107	81	0.999875
1	428	62	0.9995
1	217	92	0.999746
1	246	65	0.999712
0	256	185	0.9997
1	372	228	0.999564
1	358	43	0.99958
0	245	193	0.999712
0	256	231	0.999699
0	467	372	0.999451
1	181	52	0.999787
0	141	102	0.999834
0	497	417	0.999415
0	280	238	0.99967
1	472	204	0.999443
0	281	201	0.999668
0	441	345	0.999479
1	296	113	0.99965
0	461	380	0.999455
1	455	162	0.999462
0	484	336	0.999427
1	380	211	0.99955
1	336	168	0.999602
1	427	165	0.999494
1	129	19	0.999847
1	431	51	0.999488
0	127	116	0.999849
0	184	113	0.999781
1	392	56	0.999533
0	234	202	0.999721
1	362	118	0.999568
1	386	110	0.999539
0	360	320	0.99957
1	390	121	0.999534
0	282	232	0.999663
1	251	119	0.9997
1	413	186	0.999505
0	462	461	0.999446
1	335	111	0.999598
1	410	91	0.999508
0	154	136	0.999815
0	363	244	0.999564
1	183	20	0.99978
1	252	35	0.999697
1	162	40	0.999805
1	490	264	0.99941
1	156	93	0.999812
0	354	326	0.999573
0	368	273	0.999556
0	396	242	0.999522
0	259	250	0.999687
1	338	59	0.999591
0	118	81	0.999857
1	318	119	0.999614
0	422	408	0.999487
1	426	201	0.999482
1	418	159	0.999491
1	178	46	0.999783
1	425	224	0.999482
1	479	271	0.999416
0	489	459	0.999403
1	315	185	0.999615
1	166	77	0.999797
1	499	94	0.99939
0	412	322	0.999496
1	479	257	0.999414
1	169	87	0.999793
1	382	37	0.999532
1	263	85	0.999677
0	319	205	0.999608
0	340	298	0.999582
1	169	56	0.999792
0	455	295	0.99944
1	89	14	0.99989
0	250	230	0.999691
0	194	160	0.99976
1	392	209	0.999515
1	345	70	0.999573
0	134	81	0.999834
0	96	77	0.999881
1	466	175	0.999422
1	306	172	0.99962
1	491	217	0.99939
1	284	70	0.999647
1	452	63	0.999438
0	237	161	0.999705
0	427	346	0.999468
1	250	63	0.999688
0	363	288	0.999547
0	441	339	0.999449
0	88	53	0.99989
0	462	415	0.999422
0	278	186	0.999651
0	332	273	0.999583
0	262	239	0.99967
1	238	78	0.9997
0	402	278	0.999493
1	431	150	0.999456
0	496	411	0.999374
0	480	469	0.999394
1	121	72	0.999847
0	495	398	0.999373
0	332	259	0.999579
0	141	139	0.999821
1	259	142	0.999671
1	238	129	0.999697
0	172	149	0.999781
0	487	472	0.99938
0	490	423	0.999376
0	389	338	0.999504
1	283	80	0.999639
0	421	398	0.999463
1	130	75	0.999834
1	231	72	0.999705
0	305	262	0.999609
1	415	52	0.999468
0	438	346	0.999438
1	349	185	0.999552
0	380	362	0.999512
0	168	127	0.999784
1	101	58	0.99987
0	313	238	0.999597
0	350	254	0.999549
0	338	296	0.999564
1	444	164	0.999427
0	338	308	0.999563
1	359	84	0.999535
1	319	59	0.999586
0	181	113	0.999765
1	475	183	0.999382
0	435	345	0.999434
1	295	34	0.999616
0	340	203	0.999557
1	211	38	0.999725
1	300	156	0.999609
1	497	77	0.999352
1	315	102	0.999589
1	275	58	0.999641
1	316	95	0.999587
1	328	152	0.999571
1	188	83	0.999754
0	295	283	0.999614
1	288	91	0.999623
0	275	195	0.99964
0	304	199	0.999602
0	213	150	0.999721
0	186	149	0.999756
1	246	126	0.999677
0	174	154	0.999771
0	310	183	0.999592
1	472	112	0.999378
0	256	153	0.999662
0	456	280	0.999396
0	459	450	0.999392
0	224	207	0.999703
0	356	230	0.999528
0	279	235	0.99963
1	451	137	0.999402
0	340	301	0.999549
0	480	407	0.999363
1	88	37	0.999883
1	266	115	0.999646
1	472	110	0.999372
0	373	237	0.999503
1	466	91	0.999379
1	93	13	0.999876
0	373	329	0.999502
1	336	61	0.999551
1	92	14	0.999877
0	410	368	0.999452
1	244	82	0.999673
1	191	53	0.999744
1	185	20	0.999752
0	497	428	0.999334
0	181	172	0.999757
1	434	51	0.999417
1	431	106	0.999421
0	357	322	0.99952
1	464	115	0.999376
1	443	184	0.999404
1	459	87	0.999382
1	118	36	0.999841
1	311	101	0.999581
1	461	83	0.999379
0	397	275	0.999465
1	339	104	0.999543
0	410	261	0.999447
0	189	188	0.999745
0	333	332	0.99955
0	410	346	0.999445
0	375	293	0.999491
0	225	203	0.999694
1	174	17	0.999763
0	373	216	0.999492
0	270	238	0.999632
1	393	209	0.999464
0	310	299	0.999577
1	499	121	0.999319
0	323	274	0.999559
1	196	35	0.999732
0	163	97	0.999777
1	461	249	0.999369
1	430	179	0.999411
0	354	232	0.999515
1	381	193	0.999478
0	410	334	0.999438
0	274	240	0.999624
1	473	156	0.999351
1	462	77	0.999366
0	470	369	0.999355
0	295	227	0.999595
0	453	323	0.999378
0	364	235	0.9995
1	500	109	0.999313
1	430	64	0.999409
1	106	18	0.999854
0	119	104	0.999836
0	166	143	0.999771
1	311	169	0.999571
1	274	86	0.999622
0	466	441	0.999357
0	299	265	0.999587
1	497	204	0.999313
0	449	409	0.999379
1	475	63	0.999343
0	454	387	0.999372
0	456	266	0.999369
1	432	73	0.999402
0	449	264	0.999378
0	487	342	0.999325
0	105	77	0.999854
1	454	224	0.999369
1	188	86	0.999738
1	478	222	0.999334
0	317	280	0.999558
1	230	66	0.999679
0	374	359	0.999478
0	351	241	0.99951
1	275	44	0.999616
0	362	310	0.999494
0	392	381	0.999452
1	339	162	0.999526
0	391	284	0.999453
1	245	103	0.999657
0	312	268	0.999563
1	199	59	0.999721
0	420	392	0.999411
0	218	208	0.999694
1	94	19	0.999868
1	500	170	0.999298
1	168	45	0.999764
1	400	214	0.999438
1	442	49	0.999379
0	318	294	0.999552
0	288	274	0.999594
0	427	402	0.999397
1	287	119	0.999594
0	245	218	0.999653
1	425	73	0.999398
0	285	189	0.999595
1	304	116	0.999568
0	188	122	0.999732
1	115	39	0.999836
0	389	277	0.999445
1	457	226	0.999348
1	482	185	0.999311
1	123	65	0.999824
1	487	175	0.999303
1	319	122	0.999543
1	465	241	0.999333
1	250	103	0.999641
0	229	186	0.999671
1	456	251	0.999345
0	238	228	0.999658
1	364	61	0.999476
1	163	66	0.999765
0	191	149	0.999724
1	403	149	0.999417
1	143	23	0.999793
0	241	207	0.999651
1	330	80	0.999521
1	359	157	0.999478
1	280	94	0.999592
1	375	210	0.999453
0	215	210	0.999686
0	102	87	0.999851
0	317	196	0.999537
0	308	175	0.99955
0	249	159	0.999636
1	410	223	0.999398
0	305	247	0.999552
0	449	398	0.99934
1	388	211	0.999429
1	201	54	0.999704
0	236	211	0.999652
1	153	38	0.999774
1	113	61	0.999833
1	312	139	0.999539
0	380	262	0.999438
1	227	87	0.999664
1	362	51	0.999464
1	404	161	0.999401
0	468	292	0.999305
1	245	39	0.999636
1	442	220	0.999343
1	135	53	0.999799
1	280	35	0.999583
0	396	331	0.99941
1	459	251	0.999315
0	184	173	0.999725
0	279	202	0.999583
1	105	35	0.999843
0	315	290	0.999529
1	319	66	0.999523
0	238	212	0.999644
1	500	115	0.999252
0	157	109	0.999765
0	161	119	0.999759
0	382	379	0.999428
0	500	368	0.999251
0	331	315	0.999504
1	216	112	0.999676
0	434	385	0.999349
1	239	106	0.999641
0	227	127	0.999659
0	157	88	0.999764
1	487	200	0.999268
0	478	393	0.999281
1	400	69	0.999398
1	497	51	0.999252
0	376	239	0.999434
0	471	398	0.999291
0	337	297	0.999492
1	334	32	0.999496
1	302	87	0.999544
0	294	178	0.999556
0	480	350	0.999275
1	460	43	0.999304
1	498	95	0.999246
1	124	28	0.999812
0	417	281	0.999368
0	406	321	0.999384
1	471	202	0.999284
0	109	70	0.999834
0	84	61	0.999872
1	275	130	0.999581
1	497	207	0.999243
0	422	385	0.999356
1	484	178	0.999261
0	339	253	0.999482
1	500	207	0.999236
0	153	147	0.999766
0	429	329	0.999344
1	216	34	0.999669
1	399	183	0.999388
1	310	77	0.999524
0	493	296	0.999243
0	360	235	0.999447
0	450	390	0.999308
1	490	65	0.999244
1	182	55	0.999719
0	414	300	0.999361
0	318	273	0.999509
0	488	270	0.999246
0	370	330	0.999427
0	495	462	0.999233
0	224	209	0.999652
1	374	138	0.999419
0	175	129	0.999728
1	328	31	0.99949
1	97	48	0.999849
0	440	405	0.999315
1	312	78	0.999514
0	367	231	0.999428
0	410	339	0.999361
0	427	307	0.999333
0	430	248	0.999328
1	378	123	0.999409
1	363	156	0.999432
0	496	389	0.999224
1	352	118	0.999449
0	95	57	0.999851
0	463	313	0.999274
1	293	46	0.99954
1	266	55	0.999582
1	283	110	0.999555
0	451	363	0.99929
0	226	157	0.999644
1	330	82	0.999479
0	347	205	0.999452
1	224	34	0.999646
0	324	258	0.999488
1	153	64	0.999758
1	494	147	0.999219
0	351	282	0.999444
0	165	117	0.999738
1	427	50	0.999321
1	487	53	0.999225
0	356	297	0.999433
0	425	248	0.999323
1	489	101	0.999221
0	340	218	0.999458
0	254	240	0.999595
1	282	100	0.99955
0	423	294	0.999325
1	234	93	0.999626
1	361	99	0.999423
0	318	287	0.999491
1	183	36	0.999707
0	468	364	0.99925
0	139	75	0.999777
1	424	172	0.99932
1	415	221	0.999334
1	470	200	0.999245
1	125	14	0.999799
0	446	399	0.999283
0	462	388	0.999257
1	434	174	0.999301
1	451	119	0.999272
1	407	213	0.999342
1	298	95	0.999518
1	171	74	0.999723
0	484	276	0.999216
0	348	234	0.999435
1	418	156	0.999321
0	262	254	0.999574
1	281	118	0.999543
0	433	270	0.999295
1	421	124	0.999314
1	395	124	0.999356
1	474	119	0.999227
1	402	149	0.999344
1	322	113	0.999474
1	442	149	0.999278
1	293	110	0.999521
0	297	178	0.999514
1	372	119	0.999391
0	397	327	0.99935
0	243	179	0.999602
1	257	99	0.999579
1	362	60	0.999407
0	498	279	0.999184
1	321	84	0.999473
1	500	132	0.999179
0	246	159	0.999595
0	413	399	0.99932
0	384	309	0.999367
0	490	421	0.999192
0	287	189	0.999526
0	282	224	0.999534
0	265	172	0.999562
1	472	238	0.99922
1	484	47	0.9992
0	460	276	0.999239
1	331	113	0.999452
1	286	75	0.999526
0	459	342	0.999239
0	138	81	0.999771
0	317	236	0.999474
1	206	23	0.999658
0	401	324	0.999334
1	305	160	0.999493
1	310	82	0.999484
1	306	105	0.99949
0	369	343	0.999385
0	417	367	0.999305
1	413	194	0.999311
0	343	328	0.999427
0	410	296	0.999315
1	232	80	0.999612
1	304	144	0.999491
0	194	118	0.999675
0	282	229	0.999527
0	489	311	0.99918
1	496	167	0.999168
0	300	228	0.999496
0	409	258	0.999313
0	441	375	0.999259
0	151	121	0.999746
0	214	136	0.99964
1	446	98	0.99925
1	410	203	0.99931
0	323	322	0.999456
1	203	93	0.999658
0	480	470	0.999191
0	470	427	0.999207
1	116	40	0.999804
0	296	198	0.9995
0	213	129	0.99964
0	413	303	0.999301
1	381	39	0.999355
0	378	297	0.99936
1	193	30	0.999673
0	422	418	0.999285
0	279	156	0.999527
1	116	41	0.999803
1	382	99	0.999351
0	347	268	0.99941
0	447	320	0.99924
0	450	336	0.999234
1	378	82	0.999356
0	207	199	0.999647
0	187	164	0.999681
1	441	160	0.999248
1	391	49	0.999333
1	347	124	0.999408
1	468	148	0.9992
0	492	488	0.999159
1	457	110	0.999218
0	231	168	0.999604
1	348	174	0.999403
0	450	400	0.999228
1	460	80	0.99921
0	100	68	0.999828
0	477	317	0.99918
1	240	53	0.999587
0	287	207	0.999506
0	323	300	0.999444
1	249	80	0.999571
0	303	210	0.999478
1	438	111	0.999245
0	204	199	0.999648
0	295	274	0.999491
1	146	63	0.999748
0	292	209	0.999496
1	403	82	0.999304
0	404	286	0.999302
0	452	360	0.999218
0	323	252	0.999441
1	494	130	0.999145
0	293	164	0.999492
1	368	78	0.999362
1	98	31	0.99983
0	450	315	0.999219
1	167	42	0.99971
0	455	367	0.99921
1	354	46	0.999385
0	242	130	0.999579
0	220	144	0.999617
0	155	148	0.99973
1	483	182	0.999159
1	306	79	0.999467
1	322	83	0.999439
1	214	83	0.999627
1	251	26	0.999562
0	307	224	0.999464
0	500	468	0.999127
1	410	176	0.999284
1	447	98	0.999218
1	272	122	0.999524
0	344	281	0.999398
0	452	299	0.999209
1	310	112	0.999457
0	270	216	0.999527
1	223	79	0.999609
0	473	274	0.999171
1	409	129	0.999283
1	498	226	0.999127
0	411	367	0.999278
1	366	138	0.999357
1	407	77	0.999285
1	357	147	0.999372
1	248	72	0.999563
1	412	126	0.999274
1	426	130	0.999249
1	490	204	0.999136
1	496	218	0.999125
0	387	328	0.999317
1	459	214	0.99919
1	413	61	0.999271
0	354	267	0.999375
1	452	149	0.999202
1	474	234	0.999162
0	217	199	0.999616
1	393	198	0.999304
1	154	39	0.999727
1	366	152	0.999351
1	423	188	0.999249
0	375	220	0.999334
0	402	345	0.999286
0	498	395	0.999114
0	396	351	0.999295
1	269	95	0.99952
0	385	265	0.999313
1	471	114	0.999159
0	458	240	0.999182
1	371	172	0.999337
0	469	297	0.999162
1	334	141	0.999403
0	352	315	0.99937
1	172	86	0.999692
1	215	100	0.999615
0	349	272	0.999375
0	294	237	0.999473
1	381	56	0.999317
0	472	396	0.999154
0	346	232	0.999379
0	216	183	0.999612
0	366	214	0.999342
0	75	45	0.999865
1	289	101	0.99948
1	324	72	0.999417
0	384	381	0.999309
1	384	169	0.999309
1	302	109	0.999456
1	477	226	0.999141
1	135	37	0.999756
0	127	80	0.99977
1	469	67	0.999151
0	165	145	0.999701
0	411	381	0.999255
1	287	42	0.999479
0	314	166	0.999429
0	277	219	0.999496
1	266	126	0.999516
0	498	334	0.999094
1	217	46	0.999605
0	455	353	0.999171
1	425	118	0.999225
0	207	117	0.999622
0	473	248	0.999135
0	479	332	0.999124
0	410	380	0.99925
0	242	130	0.999557
0	496	473	0.999092
1	373	166	0.999317
1	354	120	0.999351
1	350	166	0.999358
0	310	295	0.999431
1	238	83	0.999562
0	429	374	0.99921
1	203	81	0.999626
1	496	139	0.999086
0	413	406	0.999237
1	114	36	0.999789
0	188	144	0.999652
0	214	201	0.999603
0	310	258	0.999425
0	261	145	0.999515
1	476	231	0.999115
1	332	33	0.999381
1	178	72	0.999668
1	443	86	0.999174
1	328	115	0.999388
0	454	229	0.999153
1	484	176	0.999097
1	462	116	0.999138
0	282	277	0.999473
0	350	240	0.999346
0	434	283	0.999189
0	140	79	0.999738
0	498	373	0.999067
0	428	400	0.999198
0	431	286	0.999192
1	489	160	0.999083
1	469	186	0.99912
1	400	123	0.999249
0	464	410	0.999127
0	322	192	0.999394
1	165	79	0.999689
0	486	290	0.999084
1	496	69	0.999065
0	310	166	0.999415
0	321	283	0.999394
1	413	170	0.999219
0	452	382	0.999145
0	214	141	0.999595
0	243	156	0.99954
0	286	149	0.999458
0	211	144	0.9996
0	477	450	0.999096
1	337	38	0.999361
1	348	44	0.999339
0	301	192	0.999428
1	487	240	0.999074
1	441	89	0.999161
1	115	52	0.999781
1	372	131	0.999291
0	98	79	0.999813
1	359	36	0.999315
0	271	150	0.999482
0	429	322	0.99918
1	488	49	0.999065
0	61	48	0.999883
1	423	208	0.999189
0	474	319	0.999091
1	443	219	0.99915
1	481	111	0.999077
0	240	144	0.999539
0	286	217	0.99945
1	428	156	0.999177
1	405	119	0.999221
1	133	38	0.999744
1	440	115	0.999153
1	349	34	0.999328
1	291	86	0.999439
1	465	56	0.999102
0	254	239	0.999509
1	389	94	0.999248
0	361	288	0.999302
0	266	238	0.999485
1	466	220	0.999098
1	424	74	0.999179
0	460	297	0.999109
1	478	232	0.999074
1	98	21	0.99981
1	483	189	0.999064
1	458	207	0.999112
0	446	365	0.999135
1	277	123	0.999462
0	433	372	0.999159
1	418	120	0.999188
0	437	354	0.999149
1	158	43	0.999692
1	456	211	0.999111
0	332	250	0.999352
1	478	192	0.999067
0	129	64	0.999748
0	168	153	0.999671
0	413	353	0.999191
1	446	203	0.999126
1	106	50	0.999792
0	398	257	0.999219
0	337	312	0.999338
1	421	175	0.999173
0	151	111	0.999703
1	445	93	0.999125
1	366	117	0.99928
1	486	181	0.999044
0	489	286	0.999038
0	463	423	0.999089
0	324	283	0.999362
1	301	91	0.999407
1	490	82	0.999035
1	325	93	0.999358
0	446	405	0.999119
0	447	418	0.999117
1	410	189	0.99919
1	173	43	0.999658
1	183	34	0.999638
1	272	52	0.999462
0	403	227	0.999203
0	95	55	0.999812
1	493	203	0.999025
1	466	129	0.999078
0	425	409	0.999159
1	403	162	0.999202
0	463	359	0.999083
0	418	394	0.999172
1	218	84	0.999568
0	354	293	0.999298
1	315	80	0.999375
1	429	88	0.999149
0	438	375	0.999131
0	223	213	0.999557
0	443	324	0.99912
1	452	118	0.999102
1	255	76	0.999493
0	479	430	0.999048
1	276	49	0.999451
0	324	226	0.999355
0	394	261	0.999215
0	326	299	0.99935
0	454	336	0.999095
0	477	370	0.999049
1	350	103	0.999302
0	282	277	0.999437
1	461	152	0.999079
1	266	128	0.999468
0	337	270	0.999326
0	463	412	0.999074
0	473	343	0.999054
1	217	25	0.999565
1	209	82	0.999581
0	472	338	0.999054
1	292	136	0.999414
1	413	161	0.999171
0	398	330	0.999201
1	348	119	0.999301
0	496	337	0.999003
1	326	144	0.999344
1	319	30	0.999358
0	315	248	0.999366
1	220	88	0.999557
1	272	108	0.999452
1	393	134	0.999208
0	444	421	0.999105
0	270	141	0.999455
1	148	72	0.999701
1	197	90	0.999602
1	301	33	0.999392
0	144	106	0.999709
1	140	32	0.999717
1	287	75	0.99942
1	268	84	0.999458
1	290	35	0.999413
0	470	299	0.999049
0	275	134	0.999443
0	271	154	0.999451
0	499	410	0.998989
0	490	441	0.999007
1	253	104	0.999487
1	405	60	0.999179
0	476	235	0.999035
0	210	200	0.999574
0	124	91	0.999748
0	120	107	0.999756
1	307	99	0.999376
1	149	70	0.999697
0	189	158	0.999615
0	496	284	0.99899
1	464	192	0.999055
1	403	60	0.999179
0	482	312	0.999018
0	408	335	0.999168
0	145	124	0.999704
0	354	337	0.999277
0	477	275	0.999026
0	469	250	0.999042
1	489	68	0.999001
1	360	53	0.999263
1	286	28	0.999414
0	497	327	0.998982
0	425	290	0.999129
0	233	123	0.999522
0	361	175	0.999259
0	460	391	0.999055
0	198	132	0.999593
0	327	264	0.999328
1	412	160	0.999153
0	498	278	0.998976
0	120	117	0.999753
1	118	20	0.999757
0	152	116	0.999687
1	341	54	0.999298
0	322	305	0.999337
0	469	322	0.999034
1	373	75	0.999231
1	252	53	0.99948
0	346	278	0.999285
0	199	159	0.999588
1	498	130	0.998969
0	273	196	0.999434
1	416	102	0.999136
0	176	141	0.999634
1	353	152	0.999266
0	249	171	0.999482
0	321	313	0.999332
1	280	67	0.999417
0	391	195	0.999186
1	452	212	0.999059
0	475	373	0.999011
0	435	363	0.999094
0	130	128	0.999729
0	415	389	0.999135
1	128	56	0.999733
1	269	94	0.999439
1	231	24	0.999518
1	248	60	0.999482
1	291	59	0.999392
0	322	258	0.999327
1	443	114	0.999074
1	347	165	0.999274
0	369	259	0.999228
1	435	100	0.99909
0	467	357	0.999023
1	464	70	0.999029
0	84	78	0.999824
1	447	180	0.999064
0	348	291	0.999271
1	294	134	0.999384
0	438	365	0.999082
0	144	77	0.999698
1	309	126	0.999351
1	476	141	0.999
1	435	78	0.999086
0	255	195	0.999464
1	255	91	0.999464
0	86	64	0.999819
0	486	346	0.998977
1	424	82	0.999107
1	498	198	0.998951
1	120	50	0.999747
1	120	28	0.999747
1	138	32	0.999709
0	305	153	0.999357
0	426	324	0.999102
0	174	131	0.999633
1	367	107	0.999225
1	430	42	0.999091
1	465	199	0.999017
1	402	77	0.99915
0	147	107	0.999689
1	385	92	0.999185
1	390	134	0.999174
0	67	55	0.999858
1	329	51	0.999303
0	449	322	0.999049
1	166	79	0.999648
0	444	297	0.999058
0	269	187	0.999429
1	499	91	0.998941
0	250	248	0.999469
0	429	323	0.999089
0	187	93	0.999602
1	292	81	0.999378
0	53	44	0.999887
0	441	339	0.99906
1	463	86	0.999013
0	486	278	0.998964
1	150	35	0.99968
0	454	320	0.999032
0	142	139	0.999697
0	201	106	0.999571
1	302	70	0.999355
0	287	261	0.999387
0	353	198	0.999246
1	426	162	0.99909
1	329	65	0.999297
0	435	244	0.99907
1	223	71	0.999523
0	382	293	0.999183
0	400	354	0.999144
0	346	296	0.999259
0	91	88	0.999805
0	260	249	0.999443
0	83	63	0.999822
0	431	399	0.999074
1	241	59	0.999482
1	499	234	0.998928
0	371	251	0.999202
1	346	69	0.999255
0	332	189	0.999285
0	213	181	0.999541
0	389	288	0.999162
1	401	61	0.999136
1	478	157	0.99897
0	230	158	0.999504
0	159	149	0.999657
0	441	331	0.999049
0	415	306	0.999105
0	317	228	0.999316
0	257	143	0.999445
0	111	65	0.99976
0	490	486	0.998941
0	104	101	0.999775
1	259	91	0.999439
0	361	335	0.999218
1	480	87	0.99896
0	480	405	0.998959
0	366	214	0.999206
0	455	218	0.999013
0	323	280	0.999299
1	87	36	0.999811
0	358	268	0.999222
1	186	26	0.999595
1	440	95	0.999042
1	133	28	0.99971
1	424	97	0.999076
0	176	98	0.999616
0	423	264	0.999077
0	350	342	0.999236
0	124	104	0.999729
0	376	194	0.999178
0	460	441	0.998994
0	305	275	0.999332
0	476	354	0.998957
0	498	388	0.998908
0	434	406	0.999048
1	401	43	0.99912
0	383	245	0.999159
1	193	83	0.999576
0	475	353	0.998957
1	389	162	0.999145
1	221	83	0.999514
1	322	72	0.999292
1	145	26	0.999681
0	264	152	0.999419
1	293	67	0.999355
1	207	26	0.999544
0	475	300	0.998954
0	410	385	0.999097
0	453	425	0.999002
0	112	111	0.999753
0	308	296	0.999321
1	381	92	0.99916
1	290	69	0.99936
1	478	57	0.998945
0	414	373	0.999086
0	433	324	0.999044
1	331	43	0.999269
0	461	390	0.998982
0	95	50	0.99979
1	235	64	0.99948
1	428	110	0.999053
0	474	388	0.998951
1	339	132	0.999249
0	143	97	0.999683
1	450	65	0.999003
0	276	172	0.999388
0	416	330	0.999077
0	332	239	0.999263
0	405	255	0.999101
0	240	237	0.999467
0	408	309	0.999094
1	417	60	0.999074
1	460	85	0.998978
0	418	352	0.999071
0	342	331	0.999239
1	305	62	0.999321
0	468	234	0.998958
0	153	134	0.999659
0	320	265	0.999287
1	449	200	0.998999
1	368	146	0.999179
0	206	199	0.99954
1	150	65	0.999665
1	485	57	0.998917
0	254	171	0.999432
0	97	74	0.999783
0	291	182	0.999349
0	474	243	0.99894
0	380	189	0.99915
0	392	262	0.999123
0	403	261	0.999098
0	232	133	0.99948
1	445	94	0.999003
1	489	153	0.998904
0	457	418	0.998975
0	401	191	0.9991
0	335	198	0.999248
0	275	177	0.999382
1	286	72	0.999357
0	399	297	0.999102
1	262	120	0.99941
0	460	386	0.998964
0	304	184	0.999315
1	193	49	0.999565
0	441	294	0.999006
1	386	139	0.999129
0	393	190	0.999113
1	447	155	0.998991
0	391	383	0.999117
1	424	120	0.999042
1	389	57	0.999121
0	455	440	0.998971
0	436	338	0.999013
0	386	277	0.999126
0	462	414	0.998954
0	409	269	0.999073
0	422	296	0.999043
0	410	287	0.99907
0	229	144	0.99948
0	351	225	0.999203
1	403	56	0.999085
0	413	227	0.999062
0	372	275	0.999154
0	389	246	0.999115
0	228	121	0.999481
0	403	305	0.999083
0	337	254	0.999233
0	394	273	0.999103
0	436	305	0.999007
0	377	323	0.999141
0	229	129	0.999478
0	239	182	0.999455
1	413	165	0.999058
0	266	220	0.999393
1	373	42	0.999149
1	491	109	0.99888
0	415	323	0.999053
1	414	72	0.999055
1	371	87	0.999153
0	493	391	0.998874
1	251	108	0.999426
0	355	205	0.999188
0	121	118	0.999723
1	220	102	0.999496
0	275	254	0.99937
1	499	132	0.998857
0	260	252	0.999404
0	294	198	0.999326
0	276	154	0.999367
1	226	83	0.999481
1	498	79	0.998856
1	332	115	0.999237
0	105	100	0.999758
0	207	187	0.999523
1	213	44	0.999509
0	289	209	0.999333
0	243	119	0.999439
0	228	200	0.999473
1	409	168	0.999055
1	409	177	0.999055
1	415	65	0.99904
0	496	441	0.998849
0	436	306	0.998988
1	251	80	0.999416
1	411	95	0.999044
1	207	31	0.999518
0	498	343	0.998841
0	117	86	0.999727
0	165	119	0.999615
0	309	224	0.999279
0	340	219	0.999206
0	415	242	0.999031
0	477	455	0.998886
0	360	356	0.999159
1	234	84	0.999453
1	228	50	0.999467
0	430	376	0.998995
1	56	24	0.999869
1	470	154	0.998901
1	88	19	0.999794
1	438	186	0.998975
1	340	86	0.999204
1	387	127	0.999094
0	247	161	0.999421
0	456	443	0.998931
0	278	241	0.999348
0	130	125	0.999695
1	327	110	0.999233
1	294	59	0.99931
0	485	236	0.998862
1	392	117	0.999078
0	329	249	0.999226
0	329	185	0.999226
1	328	57	0.999228
1	271	99	0.999362
1	489	165	0.998848
1	383	58	0.999097
0	463	268	0.998908
0	133	91	0.999686
1	378	151	0.999108
0	205	137	0.999516
0	301	209	0.999289
0	451	435	0.998935
1	262	74	0.999381
1	99	36	0.999766
0	355	187	0.999161
0	425	229	0.998995
1	349	40	0.999174
1	232	40	0.99945
0	427	295	0.998988
0	322	220	0.999236
1	484	129	0.998852
1	461	143	0.998905
1	488	141	0.99884
1	198	84	0.999529
0	466	420	0.998892
1	137	41	0.999674
1	161	62	0.999616
0	166	158	0.999604
1	463	169	0.998896
0	459	376	0.998905
1	437	89	0.998957
1	265	112	0.999367
0	239	216	0.999429
0	130	82	0.999689
1	338	141	0.999191
0	284	195	0.99932
0	139	94	0.999667
1	351	74	0.999159
0	244	218	0.999415
1	411	100	0.999015
0	452	267	0.998916
0	283	249	0.999321
0	345	177	0.999172
0	463	326	0.998889
0	466	261	0.998881
0	283	165	0.99932
0	470	286	0.998871
0	365	205	0.999123
0	460	362	0.998894
0	487	347	0.998827
1	312	48	0.999248
0	481	316	0.998841
0	416	337	0.998996
0	142	139	0.999657
1	318	105	0.999232
1	473	66	0.998858
0	419	272	0.998988
0	430	358	0.998961
1	251	108	0.999393
1	308	75	0.999255
1	351	97	0.999151
0	379	208	0.999083
0	379	195	0.999083
0	285	229	0.99931
0	258	131	0.999375
1	181	22	0.999561
1	133	50	0.999677
1	346	107	0.99916
0	107	76	0.99974
0	311	287	0.999244
0	269	259	0.999346
0	192	97	0.999533
1	403	58	0.99902
0	342	272	0.999168
1	293	90	0.999287
1	272	108	0.999338
0	471	306	0.998854
0	442	320	0.998924
0	432	212	0.998948
0	445	217	0.998916
1	325	125	0.999208
1	352	120	0.999142
1	400	172	0.999025
0	429	339	0.998954
1	330	87	0.999195
1	302	52	0.999263
1	448	137	0.998907
0	213	110	0.99948
0	482	288	0.998824
1	292	86	0.999287
0	490	228	0.998803
0	416	270	0.998983
0	186	154	0.999545
0	303	241	0.999259
0	67	43	0.999836
0	297	272	0.999273
1	467	116	0.998856
1	384	171	0.999059
0	84	68	0.999794
0	430	316	0.998946
0	470	442	0.998847
0	454	411	0.998886
1	224	25	0.99945
1	422	157	0.998964
0	380	246	0.999067
1	462	194	0.998865
0	446	379	0.998904
0	207	176	0.999491
0	280	152	0.999311
1	343	45	0.999156
0	263	237	0.999352
1	239	49	0.999411
0	101	54	0.999751
0	353	163	0.99913
1	439	187	0.998918
1	359	132	0.999115
0	293	163	0.999277
0	431	261	0.998936
1	153	54	0.999622
1	330	96	0.999185
1	315	40	0.999222
0	332	325	0.99918
1	106	39	0.999738
0	215	147	0.999468
1	183	57	0.999547
0	390	265	0.999035
0	212	154	0.999475
1	294	127	0.999272
1	447	56	0.998892
1	265	54	0.999342
0	72	50	0.999821
1	464	121	0.998847
0	264	213	0.999343
0	188	100	0.999532
1	279	46	0.999305
1	332	142	0.999173
0	467	312	0.998837
0	401	275	0.999001
1	374	120	0.999068
0	182	159	0.999546
0	322	188	0.999196
1	453	141	0.998869
1	404	156	0.998991
1	317	96	0.999208
0	362	254	0.999095
1	199	44	0.999502
1	475	162	0.998812
0	242	212	0.999394
1	210	60	0.999474
1	467	64	0.998831
0	269	268	0.999326
1	308	94	0.999228
0	321	147	0.999195
0	219	168	0.99945
1	264	47	0.999337
1	251	35	0.999369
0	429	343	0.998922
0	423	241	0.998937
0	183	164	0.999539
0	423	198	0.998935
1	463	131	0.998834
0	399	351	0.998993
0	287	150	0.999274
0	447	413	0.998869
0	188	108	0.999523
1	314	72	0.999203
1	371	44	0.999058
0	363	192	0.999077
1	298	82	0.999242
0	148	120	0.999623
0	241	232	0.999386
0	322	302	0.999179
0	468	284	0.998807
0	367	355	0.999064
1	392	92	0.999
0	327	197	0.999165
0	211	112	0.999461
0	344	159	0.999121
1	363	65	0.999072
0	136	124	0.999652
0	134	126	0.999657
0	437	239	0.998882
0	295	211	0.999245
0	321	184	0.999178
0	292	153	0.999252
0	289	262	0.999259
0	452	294	0.998841
0	235	150	0.999397
1	432	178	0.998892
0	393	347	0.998991
0	401	181	0.998969
0	418	221	0.998925
0	328	219	0.999155
1	434	64	0.998882
1	155	69	0.9996
1	451	114	0.998837
1	179	32	0.999538
1	305	55	0.999213
1	325	76	0.999161
0	246	191	0.999364
1	254	44	0.999343
0	439	202	0.998865
0	136	63	0.999648
0	216	151	0.999441
0	409	388	0.998942
0	325	236	0.999159
0	217	126	0.999438
0	436	238	0.998871
0	322	234	0.999165
0	185	174	0.99952
1	426	98	0.998895
1	151	22	0.999608
0	416	379	0.99892
0	286	237	0.999257
1	227	25	0.99941
0	312	270	0.999188
0	351	226	0.999086
0	170	125	0.999557
1	382	127	0.999005
1	438	65	0.998859
0	107	57	0.999721
1	363	117	0.999054
0	374	229	0.999025
0	272	227	0.99929
0	241	188	0.99937
0	115	83	0.999699
0	303	275	0.999207
0	367	273	0.999038
0	228	222	0.999402
0	334	285	0.999124
1	398	120	0.998955
1	196	26	0.999485
1	439	104	0.998847
1	130	14	0.999658
0	358	235	0.999058
1	423	150	0.998886
0	121	84	0.999681
1	240	47	0.999367
0	412	226	0.998913
0	423	390	0.998884
0	173	140	0.999543
1	359	113	0.999052
0	302	194	0.999202
1	387	158	0.998977
0	303	266	0.999198
0	236	165	0.999375
1	170	69	0.999549
0	386	311	0.998976
0	335	319	0.999111
0	220	177	0.999416
1	341	33	0.999094
1	259	105	0.999311
0	98	60	0.999739
0	315	239	0.999161
0	164	133	0.999563
0	336	236	0.999105
0	390	379	0.998961
0	299	277	0.999203
0	446	400	0.998811
0	362	301	0.999034
0	67	33	0.999821
1	273	97	0.999271
0	243	128	0.999351
1	266	85	0.999289
0	418	279	0.998883
0	351	285	0.999061
0	422	195	0.998871
0	245	207	0.999344
1	187	73	0.999499
0	397	296	0.998936
0	286	197	0.999233
1	274	38	0.999265
0	414	267	0.998889
1	342	150	0.999082
1	386	150	0.998964
1	431	157	0.998843
1	383	136	0.998971
0	378	175	0.998984
0	101	82	0.999728
0	360	329	0.999031
0	407	274	0.998904
0	125	84	0.999663
0	360	205	0.999029
0	324	231	0.999125
0	273	181	0.999262
1	58	18	0.999843
0	150	95	0.999594
1	186	46	0.999496
0	401	212	0.998914
1	316	104	0.999144
1	272	104	0.999263
0	422	205	0.998857
0	287	128	0.999222
0	157	85	0.999574
0	224	179	0.999392
1	425	144	0.998846
1	272	115	0.999261
0	374	178	0.998984
0	196	182	0.999467
0	401	323	0.99891
1	430	126	0.998831
1	367	124	0.999002
1	201	59	0.999453
1	326	128	0.999113
0	399	202	0.998914
1	417	180	0.998865
1	314	68	0.999145
0	374	358	0.998981
0	421	334	0.998853
1	176	49	0.99952
0	309	303	0.999157
1	410	48	0.99888
1	255	47	0.999303
1	386	53	0.998945
0	390	325	0.998934
0	353	209	0.999034
1	62	19	0.99983
0	417	409	0.998857
0	342	301	0.999061
0	294	232	0.999192
1	370	137	0.998983
1	426	61	0.998829
0	341	231	0.999062
0	170	148	0.999532
1	384	74	0.998943
1	342	144	0.999058
1	384	76	0.998942
1	337	69	0.999071
0	324	218	0.999106
0	435	380	0.9988
1	189	32	0.999478
0	294	254	0.999188
1	169	31	0.999532
1	400	93	0.998893
0	61	34	0.999831
1	386	80	0.998931
0	373	281	0.998965
0	411	319	0.998859
1	127	51	0.999647
1	191	72	0.999469
0	376	269	0.998955
0	374	331	0.99896
0	111	56	0.999691
1	419	58	0.998834
0	195	92	0.999457
0	315	271	0.999123
0	340	329	0.999053
1	432	173	0.998797
1	412	164	0.998851
1	310	117	0.999135
0	399	274	0.998886
0	305	247	0.999148
0	296	175	0.999173
0	336	328	0.999061
1	338	111	0.999054
0	312	213	0.999126
0	350	249	0.999018
0	420	228	0.998821
0	411	213	0.998846
0	320	279	0.999101
1	358	136	0.998994
0	399	387	0.998878
1	156	56	0.999561
1	332	53	0.999066
0	308	206	0.999133
1	289	104	0.999186
1	398	137	0.998878
0	426	220	0.998799
0	318	140	0.999103
1	119	34	0.999664
1	276	80	0.999221
0	405	315	0.998857
0	369	204	0.998958
0	263	153	0.999257
1	396	51	0.998881
0	174	112	0.999508
1	395	91	0.998883
0	254	131	0.999281
1	367	114	0.998961
0	150	130	0.999575
1	187	25	0.99947
0	140	88	0.999603
1	388	59	0.9989
0	263	130	0.999254
0	154	98	0.999563
0	421	341	0.998804
0	316	190	0.999102
0	341	340	0.999031
1	408	139	0.99884
0	91	90	0.99974
0	239	120	0.999317
1	174	33	0.999502
1	408	58	0.998833
0	370	353	0.998941
1	264	106	0.999244
0	266	187	0.999238
0	54	53	0.999845
1	85	35	0.999756
1	269	70	0.999228
1	164	68	0.999529
0	243	168	0.999302
0	386	276	0.99889
1	204	69	0.999413
0	411	261	0.998818
0	222	147	0.999361
0	224	97	0.999355
1	406	68	0.998831
0	414	245	0.998807
1	78	30	0.999775
0	343	151	0.999011
1	151	29	0.999564
0	334	267	0.999036
0	108	85	0.999688
1	341	90	0.999015
1	301	119	0.99913
0	188	95	0.999456
0	142	78	0.999589
1	77	15	0.999777
1	257	101	0.999256
0	372	300	0.998922
0	411	319	0.998809
1	398	116	0.998846
0	355	200	0.99897
1	135	48	0.999608
0	391	369	0.998864
1	368	133	0.998929
1	309	117	0.9991
1	376	102	0.998904
0	383	205	0.998883
0	304	287	0.999113
1	404	44	0.998821
0	220	214	0.999357
1	333	96	0.999026
0	276	248	0.999192
1	409	145	0.998803
0	231	155	0.999323
1	404	55	0.998816
1	361	41	0.998941
1	387	60	0.998864
0	237	197	0.999302
0	260	191	0.999234
0	389	292	0.998854
0	290	249	0.999145
0	255	238	0.999248
0	277	262	0.999183
1	296	71	0.999127
0	391	288	0.998847
1	154	25	0.999545
0	134	66	0.999604
0	354	348	0.998954
0	233	192	0.99931
1	163	41	0.999517
0	356	270	0.998945
0	333	151	0.999012
0	361	191	0.998928
1	252	44	0.999251
0	276	146	0.999179
0	316	268	0.99906
1	169	46	0.999497
0	357	242	0.998937
0	364	217	0.998916
1	404	106	0.998797
1	53	19	0.999842
1	290	113	0.999136
1	226	33	0.999326
1	306	45	0.999086
1	401	157	0.998801
0	269	174	0.999195
0	367	217	0.998902
0	80	60	0.99976
0	292	259	0.999124
0	244	164	0.999267
0	386	236	0.99884
0	271	179	0.999185
0	266	223	0.9992
0	261	214	0.999215
0	166	90	0.9995
1	217	34	0.999346
0	293	190	0.999117
0	194	106	0.999415
1	266	103	0.999198
0	247	183	0.999255
1	237	59	0.999285
1	52	10	0.999843
0	105	75	0.999683
0	347	299	0.998953
0	264	174	0.999203
0	384	229	0.998841
0	248	238	0.999251
1	90	18	0.999728
0	329	310	0.999006
0	211	119	0.999362
1	350	95	0.998942
1	290	70	0.999123
0	274	170	0.999171
0	224	197	0.999321
1	328	69	0.999006
1	59	22	0.999821
0	241	118	0.999269
0	393	270	0.998807
0	361	205	0.998904
0	178	159	0.999459
1	385	154	0.99883
0	358	159	0.998911
1	256	51	0.999221
0	373	316	0.998865
0	208	153	0.999366
1	322	79	0.999018
0	155	129	0.999527
1	56	11	0.999829
0	372	171	0.998865
0	272	188	0.999169
0	285	276	0.999129
0	360	239	0.9989
0	387	270	0.998816
1	191	54	0.999415
0	187	177	0.999427
0	381	180	0.998833
0	120	98	0.999632
0	165	117	0.999494
0	57	54	0.999825
1	82	14	0.999748
0	265	118	0.999186
1	337	45	0.998965
0	146	120	0.999551
0	159	130	0.999511
0	265	250	0.999185
0	223	153	0.999314
0	111	108	0.999658
1	297	62	0.999085
0	129	76	0.999602
0	357	305	0.998899
1	283	59	0.999127
0	197	143	0.999392
1	363	65	0.998878
1	268	98	0.999171
0	263	249	0.999184
1	173	61	0.999463
1	278	77	0.999137
0	189	185	0.999413
1	247	92	0.999233
0	233	204	0.999275
0	303	194	0.999056
1	279	59	0.99913
0	362	351	0.998871
0	370	211	0.998846
0	121	81	0.999622
0	121	110	0.999622
1	341	128	0.998935
1	308	65	0.999037
1	202	66	0.999368
0	320	180	0.998999
0	336	308	0.998949
0	351	307	0.998902
1	323	70	0.998989
0	242	161	0.999242
1	287	73	0.999101
1	364	89	0.99886
0	336	174	0.998946
0	126	124	0.999604
0	159	139	0.9995
0	166	128	0.999476
0	267	169	0.999157
1	381	72	0.998797
1	245	99	0.999225
0	103	73	0.999674
0	356	329	0.998874
0	280	270	0.999114
0	241	131	0.999237
0	234	216	0.999259
1	301	95	0.999047
1	213	64	0.999325
0	351	237	0.998888
1	356	111	0.998871
0	289	152	0.999083
1	361	97	0.998853
0	322	187	0.998975
0	150	66	0.999522
0	159	80	0.999493
0	352	295	0.998876
0	224	111	0.999284
0	151	138	0.999517
1	226	27	0.999277
0	269	208	0.999139
0	163	92	0.999478
1	222	45	0.999289
0	162	126	0.999481
0	318	188	0.998981
0	193	137	0.999381
1	356	46	0.998858
0	234	193	0.999249
0	352	241	0.99887
0	311	191	0.999
0	238	127	0.999234
0	77	33	0.999752
1	246	29	0.999208
0	241	135	0.999224
0	124	122	0.9996
0	97	66	0.999687
0	226	172	0.999271
1	190	51	0.999387
0	57	33	0.999816
0	372	320	0.9988
1	266	75	0.999141
0	134	113	0.999567
0	160	69	0.999482
0	230	130	0.999255
0	165	145	0.999465
1	119	45	0.999614
0	356	208	0.998845
1	109	41	0.999646
0	368	170	0.998805
1	311	63	0.998989
0	110	81	0.999642
0	254	237	0.999173
0	339	215	0.998896
1	217	80	0.999293
0	252	160	0.999179
0	181	90	0.99941
0	219	119	0.999286
1	250	37	0.999184
0	181	89	0.999409
0	313	248	0.998976
1	246	31	0.999194
0	205	190	0.999328
0	306	210	0.998997
0	328	286	0.998924
1	335	107	0.998901
0	235	111	0.999228
0	319	302	0.998952
0	339	195	0.998886
0	205	199	0.999326
1	366	120	0.998797
1	239	23	0.999213
0	343	165	0.99887
0	353	224	0.998837
0	289	129	0.999046
1	284	68	0.999062
1	293	38	0.999032
0	339	220	0.99888
0	309	230	0.998979
1	354	75	0.998829
0	320	250	0.998941
0	225	186	0.999255
0	124	57	0.999589
1	155	26	0.999486
0	180	125	0.999403
0	205	87	0.999319
0	258	171	0.999143
0	177	75	0.999411
0	250	160	0.999168
0	154	83	0.999487
0	229	105	0.999237
0	219	197	0.999269
1	280	95	0.999065
0	351	327	0.998828
1	239	39	0.999201
0	338	288	0.99887
1	168	18	0.999438
1	336	90	0.998876
0	167	124	0.999441
1	330	90	0.998895
1	289	54	0.999029
0	295	157	0.999008
0	353	240	0.998813
1	166	34	0.999441
0	72	56	0.999757
1	141	14	0.999524
1	210	67	0.999291
0	205	197	0.999307
1	285	80	0.999036
1	209	64	0.999292
0	110	68	0.999627
0	127	97	0.999569
0	300	250	0.998982
1	271	36	0.999079
0	350	321	0.99881
0	166	104	0.999433
1	237	63	0.99919
0	343	223	0.998828
0	297	139	0.998985
0	331	139	0.998868
1	158	28	0.999459
0	334	333	0.998856
0	65	46	0.999777
1	326	117	0.99888
0	275	232	0.999055
1	341	87	0.998827
0	215	112	0.99926
0	106	54	0.999635
1	192	25	0.999339
1	280	61	0.999036
0	86	72	0.999703
1	288	69	0.999005
1	189	28	0.999346
0	205	198	0.99929
0	180	157	0.999376
0	291	203	0.998991
0	262	174	0.999091
0	333	252	0.998842
0	210	125	0.999269
1	301	80	0.998952
1	248	36	0.999136
0	237	174	0.999174
1	261	43	0.999089
1	244	75	0.999148
1	291	44	0.998983
1	318	80	0.998888
0	257	189	0.9991
0	200	88	0.999299
1	243	77	0.999148
1	292	91	0.998975
1	325	115	0.998859
0	165	138	0.99942
0	247	141	0.999132
1	321	89	0.998872
1	190	32	0.999332
0	87	60	0.999694
0	237	143	0.999166
1	267	57	0.99906
0	205	134	0.999278
0	117	114	0.999587
1	187	29	0.99934
0	219	107	0.999227
1	248	62	0.999124
0	309	251	0.998907
0	292	216	0.998966
0	267	183	0.999054
1	309	66	0.998905
0	309	295	0.998905
1	320	61	0.998865
0	288	153	0.998978
0	200	148	0.99929
0	197	175	0.999299
0	334	262	0.998812
1	306	44	0.998911
1	119	33	0.999576
1	310	123	0.998896
0	279	116	0.999006
1	324	113	0.998845
0	249	173	0.999112
1	303	52	0.998919
0	235	131	0.999161
1	219	71	0.999218
0	296	141	0.998943
1	278	80	0.999007
1	146	56	0.999478
0	246	164	0.99912
0	197	127	0.999295
1	238	86	0.999148
0	209	182	0.999251
0	333	288	0.998805
1	169	65	0.999393
0	167	85	0.999399
0	224	169	0.999194
0	233	179	0.999161
0	263	119	0.999052
0	289	147	0.998957
1	132	42	0.999523
1	302	47	0.998906
0	314	227	0.998862
0	293	272	0.998938
1	252	29	0.999086
0	329	145	0.998807
0	259	183	0.99906
1	177	47	0.999357
1	330	104	0.998801
1	152	20	0.999447
1	217	27	0.999209
0	221	153	0.999192
0	262	255	0.999041
0	254	192	0.99907
0	213	121	0.99922
1	315	57	0.998846
0	93	74	0.999659
0	67	48	0.999754
0	254	236	0.999068
0	302	264	0.998892
0	146	126	0.999464
0	113	52	0.999585
0	141	100	0.999482
1	316	70	0.998839
0	177	140	0.999349
0	218	93	0.999198
1	320	128	0.998823
1	259	59	0.999047
0	255	123	0.999061
0	284	204	0.998953
0	122	101	0.999549
0	296	152	0.998906
0	246	151	0.99909
0	316	191	0.998825
1	311	34	0.998843
0	241	113	0.999103
1	243	51	0.999094
1	134	25	0.999499
1	254	63	0.99905
1	228	32	0.999147
0	256	156	0.999042
0	219	92	0.99918
0	244	164	0.999086
1	195	64	0.999267
0	282	240	0.99894
0	169	72	0.999364
0	246	207	0.999073
0	208	159	0.999216
0	174	104	0.999343
1	283	99	0.998931
0	217	130	0.99918
1	259	61	0.999021
0	208	149	0.999213
0	240	135	0.999092
1	314	71	0.998812
0	53	31	0.999799
0	276	201	0.998954
0	252	163	0.999043
0	311	254	0.998819
1	234	83	0.999111
0	253	115	0.999038
1	261	46	0.999007
0	94	70	0.999642
0	261	239	0.999005
0	76	44	0.99971
0	252	172	0.999038
0	290	189	0.998893
0	199	165	0.99924
0	56	26	0.999786
0	123	95	0.99953
0	169	82	0.999354
1	280	96	0.99893
0	300	152	0.998853
0	312	169	0.998806
1	283	71	0.998916
1	146	26	0.99944
1	276	110	0.998941
0	235	99	0.999098
0	184	182	0.999293
1	248	32	0.999047
0	271	160	0.998958
0	68	32	0.999738
1	226	22	0.999129
0	242	189	0.999067
0	211	118	0.999186
0	142	109	0.999452
0	136	105	0.999475
0	95	46	0.999633
1	199	24	0.999231
0	193	162	0.999254
0	280	246	0.998918
1	274	95	0.998941
1	123	49	0.999523
1	189	22	0.999267
1	269	35	0.998957
0	76	64	0.999705
0	209	150	0.999189
0	282	187	0.998906
0	69	34	0.999732
0	270	170	0.998952
0	298	289	0.998843
0	190	92	0.999261
0	293	225	0.99886
0	111	83	0.999567
0	296	196	0.998846
0	226	165	0.999117
0	248	209	0.999031
1	144	39	0.999437
1	173	51	0.999323
1	208	45	0.999186
0	145	126	0.999431
1	294	111	0.998845
0	283	123	0.998888
1	297	37	0.998833
0	288	166	0.998868
1	137	18	0.999461
0	161	127	0.999366
1	248	80	0.999021
0	155	121	0.999387
1	163	52	0.999355
0	234	183	0.999074
0	300	174	0.998813
0	136	117	0.999461
1	232	47	0.99908
1	255	91	0.998987
1	295	107	0.998827
0	264	242	0.998949
0	64	39	0.999745
0	287	148	0.998856
0	270	203	0.998923
1	262	38	0.998954
0	285	258	0.998862
1	230	45	0.999079
1	230	63	0.999079
0	214	152	0.999141
1	128	20	0.999486
0	59	42	0.999763
0	123	109	0.999506
1	104	32	0.999582
1	223	26	0.999103
0	258	194	0.99896
0	294	119	0.998815
1	202	76	0.999184
0	168	163	0.999321
1	294	103	0.998812
1	245	28	0.999009
0	232	139	0.999061
0	128	81	0.999481
1	167	22	0.999322
0	217	98	0.999119
0	164	105	0.999334
0	291	167	0.998817
0	271	189	0.998898
0	170	164	0.999308
0	169	100	0.999311
0	193	167	0.999213
1	131	47	0.999465
1	255	53	0.998959
0	216	144	0.999118
0	215	167	0.999121
1	250	63	0.998978
1	110	34	0.99955
0	223	167	0.999088
1	159	23	0.999349
1	144	19	0.99941
0	226	105	0.999074
1	254	77	0.998958
0	249	195	0.998977
0	146	122	0.999399
0	143	142	0.99941
1	191	49	0.999212
1	172	65	0.99929
0	180	177	0.999257
1	156	59	0.999356
0	186	158	0.999232
1	112	40	0.999537
1	268	26	0.998892
1	286	87	0.998817
0	164	153	0.999321
0	215	134	0.999109
1	118	16	0.99951
1	133	29	0.999447
1	212	38	0.999118
1	244	88	0.998985
0	247	178	0.998972
0	270	185	0.998876
0	200	91	0.999166
1	169	23	0.999295
0	239	225	0.999
0	183	164	0.999234
0	159	88	0.999333
1	179	45	0.999249
1	278	52	0.998834
1	272	32	0.998859
1	151	42	0.999366
0	255	178	0.998929
1	279	33	0.998828
1	70	16	0.999705
0	275	259	0.998842
1	233	88	0.999017
1	256	63	0.99892
0	210	161	0.999113
0	173	136	0.999269
0	244	165	0.998969
1	260	66	0.998901
0	231	135	0.999023
0	222	185	0.999061
0	284	189	0.998798
0	196	139	0.999169
0	242	137	0.998971
1	267	48	0.998862
1	231	31	0.999015
0	276	214	0.998821
0	230	95	0.999017
0	110	71	0.999529
0	92	55	0.999606
1	148	31	0.999366
1	247	62	0.998941
1	124	40	0.999468
0	147	107	0.999369
0	252	224	0.998917
0	113	74	0.999514
1	145	54	0.999376
0	230	151	0.999008
1	247	53	0.998934
0	234	119	0.998989
0	224	176	0.999032
1	226	89	0.999023
1	247	54	0.998932
0	165	66	0.999286
0	176	71	0.999238
1	150	57	0.99935
0	259	169	0.998877
1	262	66	0.998864
0	234	161	0.998984
0	231	221	0.998997
0	221	200	0.99904
0	174	137	0.999244
0	182	113	0.999209
0	66	40	0.999713
0	248	173	0.998922
0	126	123	0.999451
1	268	49	0.998833
0	165	144	0.999281
0	161	68	0.999297
0	180	136	0.999213
1	177	34	0.999225
1	169	64	0.99926
1	269	85	0.998821
1	87	14	0.999618
0	86	54	0.999622
0	236	160	0.998963
0	144	76	0.999366
0	106	83	0.999533
1	192	29	0.999154
1	117	40	0.999484
0	141	92	0.999378
1	111	40	0.99951
0	143	95	0.999368
1	102	22	0.999549
0	241	177	0.998935
0	156	147	0.99931
0	72	33	0.999681
1	209	61	0.999074
1	270	100	0.998804
0	155	138	0.999313
0	211	210	0.999065
0	78	67	0.999654
0	271	204	0.998798
0	194	102	0.999138
0	121	58	0.999462
0	218	106	0.999031
1	245	95	0.99891
0	129	98	0.999425
1	241	85	0.998924
1	257	96	0.998849
1	220	28	0.999014
0	51	34	0.999771
1	120	32	0.999461
1	183	47	0.999178
1	246	55	0.998895
0	234	209	0.998948
0	209	115	0.99906
0	100	81	0.99955
0	231	126	0.998961
0	170	91	0.999234
1	240	83	0.998917
0	196	93	0.999114
0	172	121	0.999222
0	254	109	0.998851
0	86	57	0.99961
0	185	158	0.999161
0	243	180	0.998898
0	96	46	0.999564
0	181	174	0.999177
0	109	49	0.999504
1	236	88	0.998926
1	92	34	0.999581
1	102	24	0.999534
0	238	103	0.998913
0	115	73	0.999473
1	225	78	0.998969
1	220	43	0.99899
0	165	149	0.999242
1	109	39	0.999499
1	72	26	0.999669
1	217	50	0.999003
1	112	43	0.999484
0	95	62	0.999562
1	55	18	0.999746
0	136	125	0.999372
0	193	129	0.999109
0	258	174	0.998809
1	130	41	0.999399
0	125	110	0.999422
1	191	33	0.999117
1	169	66	0.999218
1	68	14	0.999685
0	142	96	0.999342
1	216	74	0.998999
1	168	21	0.999221
0	201	173	0.999067
1	119	13	0.999447
0	232	211	0.998922
1	124	19	0.999423
0	213	191	0.999008
0	251	236	0.998831
0	61	37	0.999715
0	62	33	0.99971
0	107	101	0.999499
1	145	45	0.999321
0	155	66	0.999272
0	217	145	0.998981
1	209	42	0.999017
0	178	82	0.999161
0	238	196	0.998876
1	217	63	0.998975
0	70	52	0.999669
0	192	169	0.999091
0	219	197	0.998963
1	138	35	0.999345
1	56	9	0.999734
1	124	19	0.999411
0	226	106	0.998925
0	135	100	0.999357
0	152	117	0.999274
0	220	150	0.998948
0	171	109	0.999182
0	76	40	0.999636
0	151	102	0.999277
0	112	78	0.999463
1	215	79	0.998969
1	111	22	0.999467
0	132	121	0.999366
0	212	203	0.998982
1	128	12	0.999385
0	180	95	0.999135
0	141	62	0.999322
1	124	17	0.999403
1	67	12	0.999676
0	82	68	0.999603
0	239	99	0.998843
0	224	219	0.998914
0	235	208	0.998856
1	238	36	0.998841
0	206	172	0.998996
1	113	11	0.999449
0	149	91	0.999271
0	159	76	0.999222
1	133	17	0.999349
0	179	89	0.999124
1	161	44	0.999212
0	207	160	0.998987
1	176	50	0.999138
1	61	12	0.999701
0	169	81	0.999171
0	215	168	0.998945
0	119	61	0.999415
0	144	60	0.999287
0	126	75	0.999376
0	112	106	0.999445
0	52	38	0.999742
0	206	129	0.998978
1	221	64	0.9989
0	159	125	0.999208
0	65	60	0.999676
0	83	51	0.999586
1	149	30	0.999257
1	88	21	0.999561
0	220	158	0.998901
0	223	211	0.998886
1	161	39	0.999194
0	104	93	0.999478
0	196	144	0.999014
0	84	71	0.999577
0	114	47	0.999426
1	194	52	0.999023
1	185	57	0.999068
0	216	118	0.99891
1	212	42	0.998929
0	174	102	0.999119
0	178	131	0.999097
1	193	22	0.999019
0	154	111	0.999215
1	169	23	0.999137
0	205	158	0.998953
0	228	99	0.998835
0	201	179	0.998972
1	232	57	0.998812
0	133	85	0.999317
0	110	96	0.999435
0	206	100	0.998941
0	163	107	0.999161
1	127	36	0.999346
0	159	107	0.99918
0	194	179	0.998999
1	233	57	0.998797
0	87	36	0.999549
1	124	43	0.999357
0	149	76	0.999227
1	151	33	0.999216
0	140	139	0.999273
1	231	85	0.9988
0	199	137	0.998966
0	213	120	0.998893
0	119	116	0.999381
0	181	128	0.999058
1	142	28	0.99926
1	151	26	0.999212
1	158	15	0.999175
0	170	116	0.999112
0	162	68	0.999153
1	124	36	0.99935
0	93	64	0.999512
0	103	97	0.999459
0	175	112	0.99908
1	226	70	0.998811
0	227	144	0.998804
0	121	50	0.999362
1	127	37	0.99933
0	144	133	0.999239
0	112	73	0.999408
0	181	136	0.999043
0	173	83	0.999085
1	147	54	0.99922
1	208	62	0.998896
0	203	179	0.998922
0	206	100	0.998906
1	213	21	0.998866
0	181	123	0.999034
0	138	125	0.999261
1	221	71	0.998816
0	174	104	0.999065
0	93	83	0.999499
1	193	30	0.99896
0	61	24	0.999671
1	191	18	0.998969
1	171	41	0.999076
0	183	103	0.999009
0	95	92	0.999485
0	212	117	0.998851
0	210	174	0.99886
0	162	65	0.99912
0	189	77	0.99897
1	108	18	0.99941
1	93	18	0.999491
1	83	27	0.999545
0	204	178	0.998882
1	177	30	0.999029
0	97	79	0.999467
1	93	28	0.999488
0	158	78	0.99913
0	102	89	0.999438
0	141	81	0.999221
0	64	53	0.999646
1	152	41	0.999156
0	107	87	0.999405
0	125	98	0.999304
0	54	38	0.999699
0	154	147	0.999138
0	162	126	0.999092
0	150	72	0.999159
1	144	40	0.999192
0	56	25	0.999685
0	174	104	0.999021
0	74	29	0.999583
1	85	13	0.999521
0	129	66	0.999273
0	50	30	0.999718
0	200	125	0.998872
0	68	36	0.999616
1	108	25	0.99939
0	165	138	0.999068
0	193	77	0.998906
0	179	155	0.998985
0	179	121	0.998984
0	141	125	0.999198
0	202	85	0.998851
0	208	104	0.998816
1	60	21	0.999658
0	139	116	0.999208
0	165	106	0.999058
0	132	73	0.999246
0	70	35	0.9996
0	140	67	0.9992
1	137	46	0.999216
0	89	42	0.99949
0	93	83	0.999467
1	105	16	0.999398
0	113	88	0.999352
1	93	23	0.999465
1	182	39	0.998953
1	166	37	0.999044
0	93	85	0.999464
0	133	79	0.999232
0	157	129	0.999092
0	145	122	0.999161
0	115	78	0.999334
0	133	72	0.999227
1	79	9	0.99954
1	184	57	0.998926
0	178	124	0.99896
0	129	85	0.999245
0	99	71	0.99942
1	152	35	0.999108
1	119	36	0.999299
0	159	131	0.999062
0	177	100	0.998954
1	167	43	0.999013
0	85	46	0.999497
0	100	90	0.999408
0	161	78	0.999047
0	183	97	0.998914
0	137	75	0.999185
0	168	71	0.998999
0	162	91	0.999034
1	76	16	0.999546
1	144	51	0.999138
1	92	33	0.999447
0	104	93	0.999373
0	176	92	0.998937
0	183	144	0.998894
1	131	16	0.999206
0	120	100	0.999268
0	115	106	0.999298
0	143	96	0.999125
1	137	49	0.999161
0	133	69	0.999184
1	176	24	0.99892
0	186	112	0.998857
0	97	44	0.999403
0	188	156	0.998843
1	161	44	0.999009
0	192	146	0.998818
0	125	85	0.99923
0	132	90	0.999185
0	140	101	0.999132
1	141	30	0.999125
0	154	138	0.999044
0	132	110	0.999179
0	167	93	0.998961
1	124	36	0.999228
0	122	70	0.99924
0	52	38	0.999675
0	88	38	0.99945
0	98	49	0.999387
0	130	109	0.999186
1	95	29	0.999405
0	92	80	0.999423
1	68	9	0.999573
0	82	55	0.999484
0	167	160	0.998949
1	127	15	0.9992
0	185	71	0.998833
0	182	157	0.998851
1	74	23	0.999532
0	160	82	0.998987
1	126	31	0.999202
1	93	17	0.99941
0	148	66	0.999058
0	100	98	0.999362
0	86	66	0.99945
0	67	55	0.999569
0	78	31	0.999497
0	51	36	0.999671
1	169	22	0.998908
1	64	12	0.999586
0	179	122	0.998841
0	106	101	0.999313
0	184	170	0.998806
1	158	17	0.998973
1	138	45	0.999102
1	107	16	0.999302
0	171	90	0.998884
1	169	23	0.998896
0	146	137	0.999042
1	124	35	0.999185
1	94	30	0.999381
0	61	47	0.999598
1	78	26	0.999485
0	121	100	0.999201
1	149	35	0.999011
0	88	41	0.999415
1	75	24	0.9995
0	99	60	0.99934
1	68	19	0.999545
1	178	55	0.998809
0	152	68	0.998982
0	157	75	0.998948
0	50	46	0.999664
0	179	176	0.998798
0	153	129	0.998969
0	114	71	0.999231
0	118	90	0.999203
1	81	22	0.999452
0	136	87	0.999076
0	65	36	0.999558
0	57	38	0.999612
0	170	136	0.998841
0	137	101	0.999065
0	107	76	0.999269
0	120	70	0.999178
0	141	73	0.999032
1	57	14	0.999608
1	161	16	0.99889
0	173	69	0.998807
0	138	54	0.999047
0	146	126	0.99899
1	151	21	0.998954
1	50	11	0.999653
0	125	106	0.99913
0	136	75	0.999053
0	150	121	0.998951
0	153	72	0.998929
0	115	105	0.999194
1	126	38	0.999115
0	67	37	0.999528
0	168	127	0.998817
0	80	72	0.999433
1	67	25	0.999523
0	82	81	0.999416
0	116	84	0.999174
1	68	14	0.999515
0	107	81	0.999237
0	59	42	0.999579
0	135	117	0.999034
0	74	47	0.999469
0	137	134	0.999013
1	128	21	0.999072
0	147	141	0.998932
0	144	117	0.998953
1	116	19	0.999156
1	86	9	0.999373
1	142	53	0.998965
1	138	41	0.998994
0	112	87	0.999183
0	164	73	0.998804
0	119	102	0.999129
0	145	124	0.998936
0	161	65	0.998817
1	110	37	0.999191
0	87	48	0.99936
1	151	25	0.998883
0	128	93	0.999052
1	153	41	0.998863
1	71	22	0.999472
1	149	31	0.998888
0	84	44	0.999372
0	122	118	0.999088
1	94	23	0.999296
1	82	23	0.999385
0	93	39	0.999302
0	80	44	0.999399
0	121	47	0.999091
1	129	27	0.999029
0	142	132	0.998931
0	156	83	0.998824
1	124	43	0.999064
0	145	119	0.998905
0	155	77	0.998828
1	109	12	0.999175
1	98	31	0.999255
0	79	41	0.999398
0	139	128	0.998938
0	66	36	0.999494
0	100	75	0.999232
0	139	75	0.998932
0	149	105	0.998851
0	75	29	0.99942
0	78	56	0.999394
0	154	72	0.998804
0	105	102	0.999182
0	116	74	0.999094
1	55	11	0.99957
0	52	47	0.999592
0	105	59	0.999172
0	106	55	0.999159
1	130	29	0.998966
0	86	35	0.999315
0	140	92	0.998881
0	107	73	0.999143
1	89	12	0.999286
0	73	41	0.999414
0	97	49	0.99922
1	127	32	0.998979
0	145	75	0.998834
0	109	92	0.999123
0	50	39	0.999597
1	136	47	0.998904
0	149	115	0.998799
0	57	56	0.99954
1	57	11	0.99954
0	91	65	0.999265
1	129	35	0.998958
0	99	59	0.9992
0	81	56	0.999344
1	145	23	0.998825
1	70	19	0.999432
0	101	45	0.999179
0	107	47	0.99913
0	144	57	0.998829
0	138	62	0.998877
0	147	76	0.998799
0	99	63	0.99919
0	55	26	0.999549
1	78	25	0.99936
0	93	41	0.999237
0	139	134	0.998858
1	62	14	0.999484
1	127	30	0.998943
0	115	74	0.999041
0	126	48	0.998948
0	58	35	0.999514
0	95	71	0.999202
1	93	9	0.999218
0	89	49	0.999251
0	90	73	0.999239
0	107	66	0.999094
1	135	14	0.998853
1	60	14	0.999486
1	72	11	0.999381
1	76	8	0.999346
0	124	71	0.998931
0	91	38	0.999215
0	130	118	0.998878
0	139	117	0.998797
1	94	19	0.999185
0	62	29	0.999462
0	86	65	0.999252
0	61	56	0.999469
0	93	59	0.99919
1	105	16	0.999082
0	117	83	0.998975
0	110	79	0.999035
0	117	89	0.998972
1	66	13	0.999417
0	67	28	0.999408
0	134	126	0.998815
0	99	88	0.999124
1	118	31	0.998953
0	134	127	0.99881
1	102	36	0.999092
0	83	45	0.999261
1	108	20	0.999038
0	113	86	0.998991
0	108	95	0.999035
1	103	38	0.999079
0	67	56	0.999393
0	109	64	0.999012
0	68	61	0.999379
1	124	18	0.998868
0	118	103	0.998922
1	90	30	0.999177
0	107	50	0.999021
0	88	36	0.999194
0	102	60	0.999065
0	100	74	0.99908
0	130	108	0.998803
1	81	15	0.999251
1	78	25	0.999278
1	113	26	0.998949
0	103	78	0.999041
0	79	40	0.999262
0	101	98	0.999055
1	96	18	0.999101
0	53	52	0.999502
0	89	44	0.999161
0	121	64	0.998858
1	78	22	0.999263
1	80	13	0.999244
0	119	61	0.998875
1	105	10	0.999005
0	101	77	0.999038
0	62	41	0.999409
0	102	84	0.999026
0	69	53	0.999339
0	96	82	0.999077
0	74	39	0.999287
0	92	47	0.999106
0	104	45	0.998988
0	83	73	0.999192
1	79	12	0.999227
0	108	46	0.99894
1	122	36	0.998801
0	84	54	0.999174
1	119	16	0.99883
1	60	15	0.999409
1	57	13	0.999437
1	65	23	0.999357
0	70	38	0.999299
0	94	87	0.999052
1	94	20	0.999052
0	106	85	0.99893
0	82	51	0.999171
0	77	35	0.999221
0	88	72	0.999106
0	96	65	0.999023
0	81	34	0.999175
0	102	97	0.998961
0	78	66	0.999204
1	94	19	0.99904
0	55	22	0.999438
0	98	93	0.998995
1	76	21	0.99922
0	117	114	0.998799
0	95	66	0.999024
0	98	87	0.998993
0	64	50	0.99934
0	105	88	0.998917
1	107	26	0.998894
0	114	85	0.998817
0	97	39	0.998991
0	112	80	0.998828
1	113	20	0.998817
0	61	30	0.999361
0	109	69	0.998858
1	103	16	0.998916
0	113	75	0.99881
1	82	28	0.999136
0	100	43	0.998932
0	60	59	0.999357
0	53	35	0.999431
0	97	58	0.998957
1	87	19	0.999053
0	53	28	0.99942
1	98	28	0.998922
1	104	28	0.998856
0	55	23	0.999394
1	90	18	0.999005
1	81	17	0.999101
0	84	31	0.999066
0	78	56	0.999131
0	53	37	0.999409
1	52	5	0.99942
1	65	12	0.999273
0	100	98	0.998881
1	86	21	0.999032
1	52	7	0.999413
0	58	31	0.999345
0	77	41	0.99913
0	70	61	0.999206
0	80	41	0.999092
0	66	50	0.999248
0	58	26	0.999338
0	53	24	0.999394
0	103	38	0.998822
1	58	20	0.999331
0	84	78	0.999031
0	90	69	0.998958
1	56	14	0.999348
0	71	35	0.999163
1	55	16	0.999351
0	73	28	0.999137
0	65	39	0.999226
1	72	13	0.999141
0	94	52	0.998877
0	53	26	0.999366
0	99	55	0.998816
0	84	31	0.998995
1	63	12	0.999246
1	65	15	0.999222
0	67	33	0.999198
0	96	41	0.998851
1	72	23	0.999135
0	55	33	0.999334
0	96	71	0.998836
0	51	50	0.999379
0	79	50	0.999038
0	56	37	0.999316
0	70	34	0.999143
0	61	51	0.999252
1	86	20	0.998942
0	83	67	0.998978
0	60	51	0.99926
0	83	36	0.998969
1	73	17	0.999091
0	66	44	0.999177
0	63	44	0.999213
0	72	44	0.9991
1	78	25	0.999023
0	61	35	0.999231
1	59	7	0.999255
0	86	63	0.998913
0	72	60	0.999086
0	87	52	0.998893
1	76	13	0.999029
0	61	26	0.999219
0	61	44	0.999216
0	72	64	0.99906
1	67	18	0.999112
1	60	19	0.999203
0	62	52	0.999175
1	73	19	0.999028
1	62	10	0.999167
0	58	52	0.999219
1	56	8	0.999242
1	83	20	0.998871
1	53	9	0.999274
1	82	21	0.998875
1	64	10	0.999111
0	65	45	0.999096
0	86	44	0.998803
0	71	29	0.999011
1	67	19	0.999066
0	83	48	0.998841
1	77	20	0.998918
0	61	56	0.999141
0	70	32	0.999013
0	83	46	0.998828
1	56	19	0.999206
0	50	46	0.99929
0	76	67	0.998919
1	74	9	0.998947
1	80	25	0.998857
1	70	10	0.998999
0	80	34	0.998854
0	69	53	0.999011
0	70	63	0.998995
1	76	14	0.998906
0	78	57	0.998874
0	55	34	0.999201
0	61	35	0.999108
0	70	41	0.998976
0	71	67	0.998951
1	50	6	0.999261
0	57	25	0.999153
0	72	30	0.998928
0	66	64	0.999017
0	78	45	0.998837
0	74	63	0.998896
0	76	71	0.998866
1	70	20	0.998954
1	60	10	0.999102
0	66	26	0.999011
0	77	58	0.998843
0	66	54	0.999008
1	55	14	0.999171
0	56	55	0.99915
0	53	20	0.999194
0	54	23	0.999168
0	56	27	0.999135
1	76	23	0.998816
0	60	44	0.99906
0	61	54	0.999044
0	64	40	0.998995
1	69	16	0.998913
1	75	19	0.998811
0	58	52	0.99908
1	61	12	0.999032
0	70	67	0.998881
0	67	55	0.998899
1	62	11	0.998977
0	62	37	0.998969
1	62	20	0.998967
0	69	35	0.998849
0	54	32	0.999094
1	67	20	0.998876
0	54	30	0.99909
0	55	52	0.999071
1	60	15	0.998985
0	56	51	0.999049
1	58	17	0.999011
0	64	53	0.998906
1	68	10	0.998835
0	59	34	0.998948
1	65	10	0.998841
1	62	14	0.998893
0	64	41	0.998843
0	51	23	0.999066
0	62	24	0.998864
0	59	49	0.998914
0	58	29	0.998918
1	51	15	0.999048
1	55	16	0.998972
1	51	17	0.999044
0	60	43	0.998871
0	53	39	0.998985
1	56	20	0.998916
0	61	25	0.998817
0	54	37	0.99894
0	60	53	0.99881
0	50	29	0.998985
1	58	11	0.998812
0	56	42	0.998827
1	53	11	0.998888
0	54	53	0.998834
0	55	22	0.998806
1	50	12	0.998911
0	50	35	0.998898
0	54	31	0.998806
1	53	7	0.998825
0	52	23	0.998811
