304130
12.4274
5000
1	345	141	0.999999
1	307	197	0.999999
1	494	309	0.999998
1	244	37	0.999999
1	436	393	0.999998
1	418	231	0.999998
1	399	313	0.999998
1	379	204	0.999998
1	378	201	0.999998
1	173	127	0.999999
1	301	168	0.999998
1	268	78	0.999998
1	128	43	0.999999
1	240	79	0.999998
1	444	435	0.999996
1	104	93	0.999999
1	404	387	0.999996
1	99	11	0.999999
1	393	316	0.999996
1	175	158	0.999998
1	433	326	0.999995
1	420	80	0.999995
1	484	229	0.999994
1	320	93	0.999996
1	399	74	0.999995
1	447	71	0.999994
1	491	406	0.999993
1	264	146	0.999996
1	264	172	0.999995
1	263	37	0.999995
1	366	225	0.999993
1	52	37	0.999999
1	359	65	0.999993
1	271	101	0.999994
1	260	240	0.999994
1	165	113	0.999996
1	330	323	0.999992
1	472	383	0.999988
1	223	87	0.999994
1	290	79	0.999992
1	283	54	0.999992
1	174	51	0.999995
1	423	101	0.999986
1	201	68	0.999993
1	485	99	0.999983
1	500	211	0.999982
1	289	188	0.999989
1	471	95	0.999982
1	479	299	0.999981
1	310	176	0.999987
1	235	80	0.99999
1	474	80	0.999979
1	246	47	0.999989
1	234	82	0.999989
1	208	176	0.99999
1	476	286	0.999977
1	491	156	0.999975
1	357	212	0.999981
1	447	213	0.999976
1	186	24	0.99999
1	439	401	0.999976
1	363	77	0.99998
1	90	31	0.999995
1	270	78	0.999985
1	214	148	0.999988
1	444	332	0.999975
1	424	391	0.999976
1	426	322	0.999975
1	186	177	0.999989
1	300	217	0.999982
1	116	23	0.999993
1	388	175	0.999976
1	216	151	0.999986
1	274	65	0.999982
1	191	173	0.999987
1	481	28	0.999966
1	182	132	0.999987
1	419	111	0.99997
1	346	241	0.999975
1	440	122	0.999968
1	495	44	0.999964
1	396	275	0.999971
1	245	49	0.999982
1	272	242	0.99998
1	135	115	0.99999
1	496	472	0.999963
1	387	280	0.999971
1	397	266	0.99997
1	249	196	0.999981
1	90	14	0.999993
1	385	294	0.99997
1	380	228	0.99997
1	263	179	0.999979
0	329	322	0.999973
1	204	38	0.999983
1	59	28	0.999995
1	163	19	0.999986
1	289	151	0.999975
1	262	249	0.999977
1	293	206	0.999974
0	354	342	0.999968
1	141	61	0.999987
1	416	389	0.999961
1	327	109	0.999969
1	326	46	0.999969
1	481	291	0.999954
1	176	72	0.999983
1	449	133	0.999956
1	265	224	0.999974
1	272	205	0.999973
1	400	111	0.99996
1	319	238	0.999968
1	319	118	0.999968
0	446	437	0.999955
1	415	243	0.999958
1	470	182	0.999952
1	450	55	0.999954
1	419	114	0.999957
1	299	43	0.999969
1	315	181	0.999967
1	189	117	0.99998
1	491	242	0.999948
1	443	49	0.999951
0	226	225	0.999975
1	372	154	0.999958
1	398	144	0.999955
1	273	16	0.999969
1	481	400	0.999945
1	498	97	0.999943
1	389	330	0.999955
1	371	293	0.999957
1	128	110	0.999985
1	317	63	0.999962
1	358	316	0.999957
1	382	274	0.999954
1	472	91	0.999943
1	298	37	0.999964
1	370	325	0.999955
0	345	329	0.999958
1	351	303	0.999957
1	414	21	0.999949
1	210	166	0.999974
1	288	177	0.999964
1	159	59	0.99998
1	453	175	0.999943
1	365	316	0.999954
1	452	38	0.999943
1	293	262	0.999963
1	292	169	0.999963
1	393	46	0.99995
0	453	432	0.999942
1	203	55	0.999974
1	406	295	0.999948
1	473	412	0.999939
1	480	218	0.999938
1	207	80	0.999973
1	450	303	0.999941
1	240	118	0.999968
1	388	344	0.999948
1	320	127	0.999957
1	184	105	0.999975
1	316	34	0.999957
1	410	70	0.999944
1	240	109	0.999967
1	458	71	0.999937
1	382	306	0.999947
1	129	61	0.999982
0	128	125	0.999982
1	314	178	0.999954
1	285	231	0.999958
1	230	106	0.999966
1	243	79	0.999964
1	296	170	0.999956
1	490	373	0.999927
1	395	260	0.999941
1	328	142	0.999951
1	428	162	0.999936
1	307	240	0.999954
1	293	205	0.999956
1	338	50	0.999949
1	484	278	0.999926
1	464	110	0.999929
1	202	117	0.999969
1	221	27	0.999966
1	344	273	0.999947
1	201	166	0.999969
0	159	152	0.999975
1	495	222	0.999922
1	494	132	0.999922
1	303	231	0.999952
1	283	211	0.999955
1	352	148	0.999944
1	364	259	0.999942
1	277	187	0.999955
1	424	44	0.999931
1	158	66	0.999974
1	438	337	0.999927
0	310	295	0.999948
1	386	20	0.999935
0	304	294	0.999948
1	374	249	0.999936
1	401	226	0.999931
1	307	38	0.999947
1	75	14	0.999987
1	150	87	0.999974
1	305	254	0.999947
0	222	206	0.999961
1	329	265	0.999942
1	354	110	0.999937
1	247	74	0.999956
1	433	177	0.999922
1	249	25	0.999955
1	177	38	0.999968
1	286	169	0.999948
0	137	128	0.999975
1	262	93	0.999952
1	376	233	0.999931
1	319	102	0.999941
1	463	117	0.999914
1	215	27	0.99996
1	476	236	0.999911
1	314	165	0.999941
1	397	245	0.999925
1	259	199	0.999951
1	242	166	0.999954
1	427	105	0.999918
1	239	151	0.999954
1	413	338	0.99992
0	230	227	0.999955
0	495	484	0.999903
1	260	131	0.999949
1	346	123	0.999932
1	117	88	0.999977
1	192	170	0.999962
1	106	68	0.999979
1	136	35	0.999973
1	250	132	0.99995
1	207	175	0.999958
1	401	72	0.999918
1	362	307	0.999924
1	476	336	0.9999
1	451	106	0.999904
1	216	136	0.999954
1	453	209	0.999903
1	247	136	0.999947
1	321	125	0.999931
1	195	156	0.999958
1	199	15	0.999957
1	314	86	0.999932
0	346	309	0.999925
1	491	149	0.999893
1	192	70	0.999958
1	242	139	0.999947
1	333	286	0.999927
1	68	60	0.999985
1	462	36	0.999898
1	491	204	0.999891
1	391	178	0.999912
1	389	242	0.999912
0	425	389	0.999903
1	347	64	0.99992
1	307	49	0.999929
1	142	35	0.999967
0	426	407	0.9999
1	175	47	0.999958
1	345	226	0.999917
1	332	150	0.99992
1	141	79	0.999966
1	228	168	0.999945
1	348	101	0.999916
0	487	442	0.999882
1	152	51	0.999963
1	430	143	0.999895
1	135	54	0.999967
1	456	191	0.999888
1	260	27	0.999936
1	416	315	0.999897
1	129	41	0.999968
1	310	100	0.999923
1	245	34	0.999939
0	369	359	0.999908
1	373	227	0.999907
1	68	46	0.999983
1	309	82	0.999922
1	395	113	0.9999
1	469	360	0.999881
1	427	241	0.999891
0	188	184	0.999952
1	363	243	0.999907
1	433	38	0.999889
1	417	156	0.999893
1	374	212	0.999904
1	409	29	0.999895
0	264	258	0.999932
1	360	299	0.999907
1	301	172	0.999922
0	373	337	0.999903
1	497	181	0.99987
1	129	23	0.999966
1	307	198	0.999919
1	275	53	0.999927
1	433	162	0.999885
1	399	170	0.999894
1	183	77	0.999951
1	324	51	0.999913
1	484	73	0.999868
1	391	49	0.999893
1	459	209	0.999874
1	485	282	0.999866
1	463	299	0.999872
0	242	221	0.999933
1	166	26	0.999954
1	349	94	0.999903
1	311	84	0.999913
1	435	69	0.999878
1	263	39	0.999926
0	252	223	0.999929
0	408	362	0.999885
1	333	84	0.999906
1	209	56	0.999941
1	403	115	0.999886
1	350	158	0.9999
1	474	244	0.999864
1	397	70	0.999886
1	323	255	0.999907
1	443	239	0.999872
1	452	357	0.999869
1	348	101	0.999899
1	134	89	0.999961
1	350	106	0.999898
1	449	354	0.999869
1	437	109	0.999872
1	466	298	0.999863
1	135	54	0.99996
1	398	333	0.999882
1	354	199	0.999895
1	229	173	0.999932
0	394	354	0.999883
1	331	240	0.999901
1	160	129	0.999952
1	316	62	0.999905
1	454	203	0.999863
1	420	43	0.999873
0	290	281	0.999912
1	275	128	0.999916
1	435	265	0.999867
1	336	217	0.999897
1	300	180	0.999908
1	449	363	0.999862
1	361	188	0.999889
0	346	298	0.999893
1	475	109	0.999853
1	122	85	0.999962
1	371	249	0.999883
1	361	209	0.999886
1	478	360	0.999848
1	358	211	0.999886
1	116	39	0.999963
1	393	165	0.999874
1	494	294	0.999841
0	292	278	0.999906
1	484	339	0.999844
1	429	98	0.999861
1	370	261	0.99988
1	341	59	0.999889
1	328	149	0.999893
0	330	298	0.999892
0	405	359	0.999867
1	310	70	0.999898
1	243	22	0.99992
1	463	313	0.999847
1	386	80	0.999872
1	473	197	0.999843
1	479	56	0.999841
1	439	135	0.999854
1	144	49	0.999952
1	282	122	0.999905
1	480	291	0.999838
0	361	325	0.999878
1	443	67	0.99985
1	292	188	0.999901
0	188	164	0.999936
1	251	156	0.999914
0	443	440	0.999848
0	90	82	0.999969
1	450	86	0.999845
1	365	233	0.999874
0	55	49	0.999981
1	463	349	0.99984
1	460	230	0.999841
1	367	195	0.999873
1	491	276	0.99983
0	346	323	0.99988
1	320	175	0.999889
0	147	143	0.999949
1	366	131	0.999873
1	213	53	0.999926
1	422	91	0.999853
1	212	164	0.999926
1	403	138	0.999859
1	443	64	0.999845
1	294	157	0.999897
1	248	95	0.999913
0	435	367	0.999847
1	179	113	0.999937
1	375	166	0.999868
1	286	187	0.999899
0	470	452	0.999834
1	301	144	0.999893
0	264	225	0.999906
0	369	338	0.999868
0	433	418	0.999845
1	261	199	0.999906
1	344	53	0.999875
1	316	196	0.999885
0	192	169	0.99993
1	489	268	0.99982
1	84	32	0.999969
1	359	275	0.999867
1	224	175	0.999917
1	460	374	0.999829
0	466	449	0.999826
1	430	278	0.999838
1	371	201	0.99986
1	79	43	0.99997
1	481	242	0.999817
0	467	424	0.999822
1	479	130	0.999817
1	481	39	0.999816
1	405	49	0.999845
1	143	18	0.999945
1	441	278	0.99983
1	144	72	0.999944
0	84	71	0.999967
1	272	33	0.999893
1	452	274	0.999822
1	393	287	0.999845
1	489	265	0.999807
0	187	181	0.999926
1	475	257	0.999812
1	197	139	0.999922
1	250	157	0.9999
1	471	227	0.999811
1	458	233	0.999816
1	408	215	0.999836
1	281	15	0.999887
1	407	282	0.999836
1	464	175	0.999813
1	52	13	0.999979
1	346	54	0.99986
0	472	458	0.999809
1	123	69	0.99995
0	418	359	0.99983
1	295	158	0.99988
0	429	401	0.999825
1	311	108	0.999873
1	230	54	0.999906
1	477	175	0.999805
1	499	102	0.999796
1	475	80	0.999804
1	368	263	0.999848
0	334	274	0.999862
0	445	444	0.999816
1	234	77	0.999903
1	467	348	0.999803
1	218	93	0.999908
1	412	141	0.999826
1	483	368	0.999796
1	355	42	0.99985
1	269	172	0.999886
1	162	80	0.999931
1	375	299	0.99984
0	253	210	0.999892
1	386	251	0.999835
1	290	122	0.999876
1	453	171	0.999806
0	112	95	0.999952
1	438	173	0.999811
1	491	237	0.999785
1	484	320	0.999787
1	84	14	0.999963
0	245	206	0.999892
0	156	155	0.999931
1	208	140	0.999908
1	409	58	0.999819
1	483	135	0.999786
1	230	168	0.999898
1	381	222	0.999831
1	493	181	0.999781
0	312	293	0.999861
0	305	291	0.999864
1	354	237	0.999842
1	487	168	0.999782
1	156	61	0.99993
1	445	319	0.9998
0	131	108	0.999941
1	406	215	0.999817
0	326	298	0.999853
0	183	176	0.999917
1	485	358	0.99978
1	324	230	0.999853
0	332	267	0.999849
0	345	288	0.999843
1	369	261	0.999832
1	347	20	0.999842
1	412	116	0.999812
0	431	352	0.999803
0	434	414	0.999801
1	415	141	0.999809
1	478	37	0.99978
1	380	207	0.999825
0	345	274	0.999841
1	371	205	0.999829
1	477	326	0.99978
0	175	153	0.999919
1	444	296	0.999794
1	486	347	0.999774
1	397	217	0.999815
0	433	354	0.999798
1	450	250	0.99979
1	454	94	0.999788
1	321	239	0.99985
1	475	306	0.999778
1	372	166	0.999826
1	295	133	0.999862
1	224	62	0.999895
1	249	76	0.999883
1	172	118	0.999919
0	433	417	0.999796
1	280	188	0.999868
1	441	240	0.999792
1	148	104	0.99993
1	188	111	0.999911
1	297	172	0.999859
0	453	360	0.999784
0	281	259	0.999866
1	111	19	0.999947
1	320	142	0.999847
1	196	17	0.999906
1	402	229	0.999807
1	447	84	0.999785
0	436	429	0.99979
1	440	313	0.999788
1	259	89	0.999875
0	186	151	0.99991
0	465	365	0.999775
0	440	352	0.999787
1	264	90	0.999872
1	385	177	0.999813
1	387	143	0.999812
1	391	170	0.99981
1	321	23	0.999844
1	362	26	0.999824
1	339	134	0.999835
1	402	242	0.999804
1	383	72	0.999813
1	313	235	0.999847
1	194	67	0.999905
1	153	52	0.999925
1	53	26	0.999974
1	405	33	0.999801
0	409	346	0.999799
1	348	21	0.999828
1	394	137	0.999805
1	396	47	0.999804
0	113	89	0.999944
1	226	152	0.999888
1	494	186	0.999755
1	477	33	0.999763
1	338	144	0.999832
1	86	39	0.999957
1	350	66	0.999824
1	286	125	0.999856
1	280	37	0.999859
0	274	268	0.999862
0	315	302	0.999841
1	203	128	0.999897
1	264	196	0.999866
1	364	170	0.999815
1	454	313	0.999769
0	478	470	0.999755
1	492	132	0.999747
0	420	344	0.999784
1	311	37	0.99984
1	66	38	0.999966
1	498	260	0.999743
1	462	303	0.999761
0	338	314	0.999825
1	135	80	0.99993
1	241	123	0.999875
1	244	107	0.999873
1	292	205	0.999848
1	278	104	0.999855
0	479	398	0.99975
0	468	428	0.999755
0	59	50	0.999969
1	228	61	0.99988
1	397	208	0.999791
1	241	146	0.999873
1	451	272	0.999761
1	339	221	0.99982
0	499	391	0.999735
1	348	22	0.999815
0	376	308	0.9998
1	417	211	0.999778
0	381	306	0.999797
0	116	99	0.999938
1	436	273	0.999767
1	324	163	0.999826
0	318	311	0.999829
0	223	209	0.99988
0	442	360	0.999762
1	102	26	0.999945
1	178	79	0.999904
1	333	228	0.99982
1	219	137	0.999881
1	228	163	0.999876
0	426	375	0.999768
0	165	126	0.99991
1	330	159	0.99982
1	416	230	0.999773
1	106	59	0.999942
1	488	348	0.999733
1	486	278	0.999734
1	440	24	0.999759
0	328	260	0.99982
0	348	300	0.999809
1	355	98	0.999805
1	347	28	0.999809
1	192	143	0.999894
1	152	45	0.999916
1	398	239	0.99978
1	476	222	0.999735
0	339	293	0.999811
1	156	109	0.999913
1	376	144	0.99979
1	397	247	0.999778
1	400	70	0.999775
0	323	297	0.999818
0	370	278	0.999791
1	389	217	0.99978
1	327	26	0.999815
1	302	67	0.999829
1	420	255	0.999762
1	410	155	0.999767
0	320	252	0.999817
1	360	240	0.999794
1	283	35	0.999838
1	460	290	0.999736
1	186	32	0.999893
1	132	22	0.999924
0	184	140	0.999894
1	472	188	0.999728
1	359	243	0.999793
1	135	50	0.999922
0	475	431	0.999725
1	297	25	0.999828
1	451	161	0.999738
1	253	146	0.999853
1	239	156	0.999861
1	225	99	0.999869
1	230	107	0.999866
1	381	226	0.999778
1	460	319	0.999731
1	395	284	0.999769
0	94	92	0.999945
1	138	69	0.999919
0	322	306	0.99981
1	329	220	0.999805
1	437	199	0.999741
1	224	45	0.999867
1	89	49	0.999947
1	351	73	0.999791
0	485	379	0.999711
1	414	150	0.999753
1	333	35	0.999801
1	371	193	0.999778
0	187	171	0.999888
1	396	43	0.999762
0	357	300	0.999785
1	395	156	0.999762
0	229	177	0.999862
1	370	71	0.999777
1	431	229	0.99974
1	232	60	0.99986
1	230	81	0.999861
1	210	100	0.999873
1	367	169	0.999778
1	446	119	0.99973
1	305	51	0.999815
1	459	263	0.999721
0	372	315	0.999773
1	308	196	0.999812
0	343	308	0.99979
1	356	36	0.999782
0	412	313	0.999747
1	254	17	0.999844
1	428	129	0.999737
0	369	309	0.999773
1	242	156	0.999851
1	495	234	0.999695
1	457	97	0.999718
1	316	125	0.999804
1	461	296	0.999714
1	282	203	0.999825
1	230	151	0.999857
0	373	321	0.999768
1	321	116	0.9998
1	421	217	0.999737
1	190	118	0.999881
0	391	373	0.999755
0	330	249	0.999793
0	398	321	0.99975
0	280	222	0.999824
0	132	110	0.999917
1	248	148	0.999844
0	453	356	0.999715
0	321	274	0.999797
1	278	59	0.999824
1	352	51	0.999777
1	454	274	0.999712
0	375	328	0.999762
0	437	372	0.999722
1	284	203	0.999819
1	114	55	0.999927
1	481	280	0.999692
1	372	267	0.999761
1	242	66	0.999844
1	400	98	0.999742
1	482	65	0.999689
1	432	207	0.999721
0	246	196	0.999841
1	450	290	0.999709
1	324	131	0.99979
0	459	345	0.999702
0	317	285	0.999794
1	350	147	0.999771
1	489	248	0.999679
0	479	368	0.999685
1	174	105	0.999885
1	242	67	0.99984
0	417	318	0.999724
1	446	255	0.999704
0	477	347	0.999683
1	228	137	0.999848
1	234	120	0.999844
1	444	29	0.999704
0	151	140	0.999899
0	239	194	0.99984
1	112	13	0.999925
1	376	194	0.999748
1	255	176	0.999829
1	245	140	0.999835
1	403	124	0.999728
1	370	227	0.99975
1	467	271	0.999684
0	487	365	0.99967
0	388	354	0.999737
1	405	103	0.999725
1	268	125	0.999817
1	371	32	0.999746
1	448	222	0.999693
1	442	159	0.999697
0	347	282	0.999762
1	400	164	0.999725
1	258	112	0.999822
0	387	276	0.999733
0	291	279	0.999799
1	456	168	0.999685
1	136	7	0.999906
1	383	222	0.999735
1	458	132	0.999683
1	248	93	0.999828
1	402	255	0.999721
0	230	214	0.99984
1	391	94	0.999728
1	398	195	0.999723
1	214	17	0.999851
0	497	455	0.999654
0	449	410	0.999687
1	467	34	0.999674
1	313	176	0.999781
1	241	49	0.999831
1	493	180	0.999654
1	158	49	0.999889
0	385	321	0.999729
0	261	250	0.999816
1	468	130	0.99967
1	426	267	0.999699
1	99	64	0.99993
1	185	106	0.999869
1	483	305	0.999658
1	418	196	0.999704
1	418	267	0.999704
0	390	371	0.999723
1	411	138	0.999708
0	309	305	0.99978
1	132	89	0.999906
0	356	278	0.999746
1	255	133	0.999818
1	368	172	0.999737
0	81	73	0.999942
0	194	139	0.999861
1	240	144	0.999828
1	195	135	0.99986
1	468	56	0.999664
1	422	217	0.999697
0	493	402	0.999646
1	412	177	0.999704
0	107	89	0.999923
0	338	326	0.999756
1	112	73	0.999919
1	353	51	0.999744
0	451	408	0.999672
1	243	99	0.999823
1	303	40	0.999779
0	89	66	0.999935
1	105	17	0.999923
1	454	293	0.999667
1	395	185	0.99971
0	276	231	0.999797
1	363	173	0.999733
1	356	221	0.999738
1	493	311	0.999637
1	452	66	0.999667
1	330	104	0.999756
1	491	190	0.999636
1	62	25	0.999954
1	496	80	0.999632
1	411	145	0.999695
0	389	281	0.999711
1	362	63	0.999731
0	324	271	0.999759
0	344	306	0.999744
1	142	37	0.999894
1	246	125	0.999816
1	412	69	0.99969
0	178	143	0.999866
1	395	157	0.999702
1	119	54	0.99991
1	66	11	0.99995
1	332	164	0.999748
1	417	26	0.99968
1	255	70	0.999804
1	402	132	0.999691
1	390	173	0.9997
0	486	452	0.999626
1	227	116	0.999825
0	386	316	0.999702
1	488	266	0.999623
1	412	22	0.999681
0	408	390	0.999684
0	218	203	0.999831
1	472	47	0.999634
0	113	88	0.999912
1	171	97	0.999866
0	481	411	0.999623
1	190	77	0.999851
0	440	430	0.999655
0	257	185	0.999798
0	187	176	0.999853
1	309	46	0.999757
1	225	124	0.999823
0	423	346	0.999667
1	413	217	0.999674
1	247	15	0.999805
1	485	203	0.999617
1	338	180	0.999733
1	403	214	0.999681
1	281	14	0.999777
0	470	453	0.999627
1	176	29	0.99986
1	474	191	0.999623
0	299	219	0.999762
1	214	41	0.999829
1	364	22	0.999709
0	434	294	0.999653
1	444	63	0.999645
1	380	224	0.999696
1	475	297	0.99962
1	406	222	0.999675
0	464	323	0.999628
0	374	332	0.9997
0	354	294	0.999716
0	471	382	0.999622
1	446	208	0.999642
0	366	252	0.999706
1	302	102	0.999757
0	118	83	0.999905
1	277	163	0.999777
1	339	128	0.999727
1	227	134	0.999817
1	445	255	0.999641
1	447	27	0.999639
0	204	174	0.999835
1	382	53	0.999691
1	304	111	0.999754
1	357	109	0.999711
0	460	347	0.999627
1	461	290	0.999626
1	340	205	0.999724
1	448	123	0.999636
0	451	333	0.999633
0	463	409	0.999623
1	287	49	0.999766
0	451	311	0.999632
1	462	266	0.999623
1	393	259	0.999679
1	448	289	0.999634
1	408	187	0.999666
1	309	118	0.999747
1	72	25	0.999941
0	206	164	0.999831
0	184	150	0.999849
0	477	392	0.999608
0	278	194	0.999771
0	437	387	0.99964
0	376	367	0.999689
0	117	89	0.999903
1	421	140	0.999651
1	293	81	0.999757
1	393	247	0.999674
1	481	62	0.999601
0	294	266	0.999756
0	431	357	0.999642
1	378	65	0.999686
0	380	317	0.999684
0	171	122	0.999857
1	50	12	0.999958
1	468	227	0.999607
1	225	19	0.999811
1	475	40	0.999601
0	332	251	0.999721
0	270	193	0.999773
0	270	261	0.999773
0	417	412	0.999649
1	141	17	0.999881
1	476	213	0.999598
1	233	16	0.999803
1	285	91	0.999759
0	403	338	0.999659
1	215	73	0.999818
1	189	75	0.99984
1	248	154	0.99979
1	385	129	0.999674
0	269	239	0.999772
1	184	120	0.999844
1	66	31	0.999944
1	265	164	0.999775
1	193	112	0.999836
1	436	184	0.999629
1	498	198	0.999576
1	478	210	0.999593
1	311	77	0.999735
0	285	269	0.999757
0	489	488	0.999583
0	177	144	0.999849
1	389	31	0.999668
0	329	270	0.999719
0	302	203	0.999742
1	90	25	0.999923
1	491	55	0.99958
0	333	259	0.999715
1	355	156	0.999696
1	464	216	0.999602
0	317	311	0.999728
0	438	327	0.999624
1	309	58	0.999734
1	432	263	0.999628
1	152	68	0.999869
1	415	256	0.999641
1	112	72	0.999903
1	240	107	0.999792
0	293	234	0.999746
1	234	150	0.999797
1	453	134	0.999607
0	340	259	0.999705
0	412	397	0.999642
1	468	298	0.999592
0	407	294	0.999643
0	367	346	0.999678
1	498	247	0.999563
1	474	38	0.999584
0	404	285	0.999645
0	133	88	0.999883
1	159	45	0.99986
0	187	172	0.999835
1	434	106	0.999617
0	180	135	0.999841
1	266	63	0.999765
1	292	62	0.999742
1	294	161	0.99974
0	78	53	0.999931
1	477	214	0.999578
1	404	38	0.999642
1	396	147	0.999649
1	320	28	0.999716
0	453	421	0.999598
1	329	196	0.999708
1	483	181	0.99957
1	467	228	0.999584
1	483	58	0.999569
1	252	16	0.999775
1	360	69	0.999678
0	429	288	0.999616
1	444	119	0.999602
0	185	182	0.999834
1	278	168	0.99975
1	454	114	0.999591
1	429	136	0.999613
1	287	15	0.999741
1	453	133	0.999591
0	334	257	0.999698
0	436	395	0.999605
0	310	236	0.999719
0	358	325	0.999675
0	394	267	0.999642
1	455	43	0.999586
1	282	120	0.999743
1	102	6	0.999907
1	341	132	0.999689
1	457	106	0.999583
0	423	307	0.999613
1	213	103	0.999805
0	391	328	0.999642
1	357	176	0.999673
1	410	250	0.999624
1	376	110	0.999655
1	146	25	0.999866
1	486	237	0.999554
1	350	165	0.999678
1	264	23	0.999757
1	354	21	0.999674
0	355	347	0.999673
0	485	367	0.999553
1	453	98	0.999582
0	458	334	0.999577
1	213	26	0.999803
1	373	28	0.999655
0	499	376	0.999538
0	358	325	0.999668
0	417	298	0.999613
1	466	28	0.999567
1	354	97	0.999671
1	425	61	0.999604
1	398	230	0.999629
0	401	298	0.999626
1	433	201	0.999596
1	210	75	0.999804
1	107	54	0.9999
1	187	77	0.999825
0	79	51	0.999926
1	456	239	0.999573
1	285	45	0.999733
1	476	152	0.999552
0	443	407	0.999583
1	328	77	0.999691
1	312	110	0.999706
1	195	17	0.999816
1	325	161	0.999693
1	451	71	0.999574
1	131	25	0.999876
0	414	305	0.999608
1	172	103	0.999837
0	154	151	0.999854
1	479	255	0.999546
1	463	223	0.999561
0	476	370	0.999548
1	400	224	0.99962
1	144	44	0.999863
1	459	238	0.999563
1	379	121	0.999639
0	445	444	0.999576
0	467	370	0.999555
1	133	63	0.999873
1	442	274	0.999578
0	487	400	0.999535
1	356	56	0.99966
1	91	47	0.999913
0	318	213	0.999696
1	232	71	0.999778
0	460	450	0.999559
1	500	52	0.99952
0	203	169	0.999805
1	381	20	0.999634
1	498	68	0.999521
1	299	133	0.999712
1	335	193	0.999677
0	338	305	0.999674
1	226	124	0.999782
1	287	33	0.999723
1	353	68	0.999659
0	434	278	0.99958
1	251	118	0.999757
1	438	164	0.999576
0	377	254	0.999635
1	320	60	0.99969
1	392	102	0.99962
0	431	275	0.999582
0	431	353	0.999582
1	307	29	0.999702
1	452	29	0.999561
1	492	50	0.999522
1	471	98	0.999542
1	232	47	0.999774
0	440	296	0.999571
1	461	265	0.99955
0	231	229	0.999774
0	381	257	0.999627
1	409	131	0.999599
0	411	313	0.999597
1	250	96	0.999754
0	437	431	0.99957
1	255	75	0.999749
1	319	82	0.999686
0	147	119	0.999855
1	456	112	0.99955
1	85	36	0.999916
0	318	239	0.999685
0	125	84	0.999876
1	253	96	0.999749
1	131	42	0.99987
1	311	54	0.999691
1	338	98	0.999664
1	340	133	0.999662
1	192	96	0.999809
0	403	264	0.999599
0	419	370	0.999583
1	358	69	0.999643
1	396	194	0.999605
1	144	81	0.999856
0	169	117	0.999831
1	446	40	0.999554
0	481	304	0.999519
1	475	189	0.999523
0	438	291	0.99956
1	325	166	0.999673
0	450	383	0.999547
1	422	85	0.999574
0	487	329	0.999508
0	344	237	0.999652
1	415	165	0.99958
1	413	57	0.999582
1	411	178	0.999584
0	407	365	0.999588
0	77	75	0.999922
1	373	22	0.999622
1	474	94	0.999519
0	267	220	0.999729
1	254	147	0.999742
1	448	256	0.999545
1	240	124	0.999756
1	482	73	0.99951
0	408	397	0.999585
1	453	56	0.999539
0	433	420	0.999559
1	323	162	0.99967
1	273	124	0.999721
0	362	302	0.99963
0	270	247	0.999724
1	393	35	0.999598
1	332	192	0.99966
0	374	247	0.999617
1	306	84	0.999686
0	490	358	0.999497
1	176	35	0.999819
0	393	363	0.999595
1	361	98	0.999627
1	297	176	0.999693
0	445	403	0.99954
1	408	236	0.999578
0	497	363	0.999485
1	297	110	0.999692
1	351	58	0.999636
1	215	16	0.999777
0	235	200	0.999756
1	496	190	0.999485
0	279	194	0.99971
1	446	157	0.999536
0	465	370	0.999516
1	163	57	0.99983
0	349	280	0.999636
1	409	103	0.999573
1	275	110	0.999712
1	210	27	0.99978
0	198	180	0.999792
1	98	8	0.999897
0	474	463	0.999502
1	196	97	0.999794
1	171	70	0.99982
0	378	287	0.999602
0	435	296	0.999542
1	454	85	0.999521
0	281	180	0.999703
0	334	283	0.999647
0	228	151	0.999759
1	316	114	0.999666
0	469	352	0.999503
1	334	62	0.999646
0	448	411	0.999525
1	414	30	0.999561
0	197	163	0.999791
1	455	43	0.999517
1	488	270	0.999481
1	291	51	0.99969
0	61	47	0.999935
1	351	62	0.999626
1	397	196	0.999577
1	424	61	0.999548
1	413	70	0.999559
1	290	79	0.99969
1	200	83	0.999786
1	113	46	0.999879
0	321	244	0.999656
1	292	24	0.999687
0	319	249	0.999658
0	82	63	0.999912
1	451	199	0.999516
1	330	145	0.999645
1	345	140	0.999628
0	268	248	0.999711
1	369	58	0.999602
1	389	130	0.99958
1	472	172	0.99949
1	210	125	0.999773
1	307	175	0.999668
1	380	166	0.999589
0	394	301	0.999573
0	466	401	0.999495
1	436	216	0.999527
0	354	243	0.999615
0	375	326	0.999592
1	337	120	0.999633
1	280	83	0.999695
0	362	308	0.999605
1	425	180	0.999536
1	496	260	0.999458
0	243	214	0.999734
0	317	255	0.999653
1	449	229	0.999508
1	320	81	0.999649
1	381	210	0.999582
0	493	334	0.999459
1	437	117	0.99952
1	252	133	0.999723
0	305	239	0.999664
0	452	398	0.999502
0	364	302	0.999598
1	457	50	0.999495
0	437	414	0.999517
0	494	468	0.999454
0	434	315	0.99952
0	235	233	0.99974
0	300	246	0.999668
1	281	161	0.999689
0	120	75	0.999867
1	434	68	0.999519
1	119	21	0.999868
1	368	191	0.999591
0	493	437	0.999452
0	420	407	0.999533
1	321	105	0.999643
1	140	74	0.999844
1	490	197	0.999454
1	261	52	0.999709
0	258	199	0.999712
0	103	97	0.999885
1	400	152	0.999553
1	389	112	0.999565
1	184	95	0.999794
1	343	194	0.999616
0	50	46	0.999944
0	493	442	0.999447
1	482	96	0.999459
1	417	207	0.999531
0	263	172	0.999704
0	415	391	0.999533
0	134	94	0.999849
1	403	108	0.999546
1	496	215	0.999441
0	464	301	0.999477
1	487	235	0.999451
0	211	202	0.999762
0	367	306	0.999586
0	398	318	0.999551
0	346	299	0.999609
1	327	107	0.99963
1	278	126	0.999684
1	489	267	0.999444
1	392	131	0.999554
0	297	268	0.999662
1	215	109	0.999755
0	380	266	0.999567
1	186	32	0.999788
0	372	302	0.999576
1	429	68	0.999511
1	213	15	0.999757
1	419	213	0.999522
0	155	111	0.999823
1	451	205	0.999485
0	210	125	0.99976
1	314	40	0.999641
1	292	159	0.999666
0	347	341	0.999603
1	378	142	0.999567
1	308	110	0.999647
1	402	184	0.999539
1	371	140	0.999574
1	377	56	0.999567
1	302	32	0.999653
1	312	141	0.999641
0	365	260	0.99958
1	384	197	0.999558
0	310	269	0.999643
1	475	148	0.999453
1	421	188	0.999514
0	378	305	0.999563
0	365	274	0.999578
1	338	161	0.999609
1	445	25	0.999485
1	336	114	0.999611
0	323	288	0.999626
1	485	160	0.999438
1	175	53	0.999797
1	400	209	0.999536
1	373	83	0.999567
1	429	36	0.999502
0	484	336	0.999438
0	471	332	0.999453
1	418	222	0.999514
0	147	131	0.999829
1	223	115	0.99974
1	311	152	0.999637
1	398	50	0.999535
0	124	108	0.999855
1	438	41	0.999487
1	478	183	0.99944
1	267	138	0.999686
0	344	322	0.999595
1	344	55	0.999595
1	385	167	0.999546
1	411	86	0.999515
0	265	260	0.999687
0	414	342	0.999511
1	469	223	0.999446
1	230	116	0.999728
0	219	140	0.999741
0	471	277	0.999443
1	465	252	0.99945
0	259	172	0.999693
0	221	129	0.999738
1	382	55	0.999547
1	452	219	0.999464
1	492	218	0.999416
0	174	123	0.999793
1	141	22	0.999832
0	450	372	0.999464
1	390	131	0.999535
0	488	291	0.999418
1	102	54	0.999878
1	455	125	0.999456
1	480	201	0.999426
0	274	258	0.999672
0	484	294	0.99942
1	342	76	0.99959
0	226	137	0.999729
0	194	147	0.999767
1	283	70	0.99966
1	263	60	0.999684
1	213	61	0.999744
1	440	185	0.999471
0	300	222	0.999639
0	314	236	0.999622
0	240	137	0.999711
0	424	308	0.999489
1	375	133	0.999548
1	277	55	0.999666
1	272	151	0.999672
0	126	74	0.999848
0	427	266	0.999485
0	463	365	0.999441
0	436	291	0.999473
1	214	34	0.999741
1	323	120	0.999609
1	490	245	0.999406
0	479	465	0.999419
1	220	16	0.999733
1	135	33	0.999836
1	231	95	0.999719
0	129	122	0.999843
0	174	119	0.999788
1	421	68	0.999487
0	288	179	0.999649
1	446	108	0.999456
0	422	413	0.999485
0	208	154	0.999746
1	294	89	0.999641
0	230	216	0.999719
1	407	130	0.999502
1	192	19	0.999765
1	340	127	0.999583
1	282	72	0.999654
1	485	44	0.999405
1	409	198	0.999498
1	303	49	0.999628
1	237	91	0.999709
0	276	195	0.999661
1	148	59	0.999818
0	309	240	0.99962
1	393	127	0.999515
0	429	243	0.99947
1	343	64	0.999576
1	381	77	0.999529
1	486	173	0.999399
1	499	88	0.999382
0	487	411	0.999396
0	404	322	0.999498
0	339	275	0.999577
1	137	11	0.999829
0	266	258	0.999668
0	409	260	0.999489
0	461	401	0.999424
1	288	161	0.99964
0	420	324	0.999475
0	432	296	0.99946
0	235	180	0.999706
1	374	158	0.999532
0	282	160	0.999647
1	242	86	0.999697
1	122	53	0.999847
0	489	372	0.999387
0	408	237	0.999488
0	403	332	0.999494
1	485	128	0.999391
1	336	135	0.999578
1	420	192	0.999472
0	406	367	0.999488
0	294	258	0.999629
0	359	296	0.999547
1	345	103	0.999564
0	442	288	0.999441
0	323	204	0.999591
1	457	78	0.999421
0	224	129	0.999715
1	323	150	0.999589
1	475	221	0.999395
0	500	323	0.999363
1	474	54	0.999396
0	486	392	0.99938
1	464	75	0.999408
0	303	177	0.999613
1	459	228	0.999413
0	249	173	0.999681
1	408	34	0.999477
1	408	130	0.999477
1	92	41	0.999882
1	247	21	0.999683
1	196	89	0.999748
1	494	173	0.999365
1	462	232	0.999405
0	478	390	0.999383
1	226	44	0.999708
0	435	304	0.999437
1	394	68	0.99949
0	210	148	0.999728
1	467	200	0.999395
1	453	148	0.999413
0	392	251	0.999492
1	459	43	0.999405
1	282	92	0.999634
0	450	415	0.999416
1	492	52	0.999361
1	388	63	0.999496
0	384	319	0.999501
1	355	150	0.999538
0	345	240	0.999551
1	415	227	0.999459
1	392	169	0.999488
1	452	246	0.999409
0	484	400	0.999367
1	370	27	0.999516
1	275	121	0.99964
0	381	355	0.999501
1	390	205	0.999489
0	306	211	0.999599
0	455	351	0.999403
0	99	97	0.99987
0	159	125	0.999791
0	280	228	0.999632
1	260	35	0.999658
1	431	209	0.999432
0	248	145	0.999673
1	449	46	0.999408
0	320	286	0.999578
0	494	489	0.999348
1	109	51	0.999856
1	268	130	0.999646
1	190	12	0.999749
1	380	36	0.999498
0	420	244	0.999445
0	133	91	0.999824
0	266	259	0.999648
1	287	24	0.99962
0	367	217	0.999514
1	317	72	0.99958
1	499	159	0.999339
1	242	24	0.999679
1	400	45	0.999469
0	412	253	0.999453
0	256	178	0.99966
1	161	58	0.999786
0	380	374	0.999495
0	422	355	0.999439
1	366	121	0.999513
0	278	220	0.99963
1	190	89	0.999747
1	459	119	0.999389
0	374	355	0.999502
0	99	93	0.999868
0	384	314	0.999488
0	149	111	0.999801
1	146	45	0.999805
1	414	217	0.999447
0	244	150	0.999674
0	225	149	0.999699
0	420	285	0.999438
0	392	259	0.999475
0	187	174	0.999749
1	389	45	0.999478
0	213	159	0.999714
1	426	172	0.999428
0	423	313	0.999432
0	492	408	0.999339
1	238	100	0.99968
0	418	401	0.999438
0	386	264	0.999481
1	498	266	0.99933
1	474	199	0.999362
1	497	245	0.999331
1	480	50	0.999353
1	499	111	0.999327
0	103	83	0.999861
0	345	295	0.999534
1	473	149	0.999361
1	265	40	0.999641
0	213	193	0.999711
0	330	277	0.999552
0	450	422	0.999389
0	251	182	0.999659
1	454	156	0.999383
1	339	76	0.999539
0	86	84	0.999883
0	147	117	0.9998
0	416	322	0.999433
1	217	60	0.999704
1	208	90	0.999716
1	429	210	0.999414
0	352	318	0.999519
0	484	279	0.999338
0	195	109	0.999733
1	371	51	0.999492
0	474	275	0.99935
0	137	105	0.999812
0	219	170	0.999699
1	478	121	0.999343
0	488	333	0.999329
1	173	35	0.999762
1	125	36	0.999828
1	194	94	0.999733
0	327	257	0.99955
1	492	250	0.999323
0	384	334	0.999471
0	381	268	0.999475
0	288	189	0.999603
0	493	313	0.99932
1	275	99	0.99962
1	196	62	0.999729
0	492	297	0.99932
0	489	292	0.999324
0	323	304	0.999553
0	342	201	0.999526
0	246	157	0.999659
1	181	9	0.999749
0	404	345	0.999439
1	362	34	0.999497
1	379	126	0.999473
0	51	28	0.999929
1	256	116	0.999643
0	159	144	0.999778
0	265	172	0.99963
1	420	133	0.999413
0	222	162	0.999689
0	451	330	0.999368
0	286	152	0.999599
0	288	181	0.999596
1	103	39	0.999855
1	228	47	0.999679
1	242	67	0.999659
1	321	142	0.999547
0	428	424	0.999396
0	277	230	0.999609
1	374	48	0.999472
1	407	57	0.999425
0	325	294	0.99954
0	115	100	0.999837
1	265	113	0.999624
1	499	117	0.999292
1	408	85	0.999421
1	176	64	0.99975
0	261	239	0.999629
1	425	154	0.999396
0	199	119	0.999717
0	279	230	0.999603
1	440	157	0.999374
1	118	15	0.999832
1	426	121	0.999393
0	61	55	0.999913
0	352	304	0.999497
1	184	72	0.999737
0	241	218	0.999655
1	373	183	0.999466
0	273	147	0.999609
0	208	147	0.999702
0	485	289	0.999305
1	494	40	0.999292
0	339	295	0.999514
1	176	20	0.999747
1	301	28	0.999567
1	296	16	0.999574
0	198	197	0.999715
0	499	276	0.999282
1	302	142	0.999565
1	451	187	0.99935
1	385	92	0.999445
1	489	176	0.999295
1	467	126	0.999326
0	390	356	0.999437
1	455	102	0.999343
1	394	149	0.999431
0	402	323	0.999419
1	442	86	0.999361
0	132	79	0.999809
0	187	165	0.999729
0	414	390	0.9994
0	418	305	0.999394
0	340	275	0.999507
1	304	29	0.999559
1	300	90	0.999564
1	467	213	0.999321
1	233	44	0.999661
1	346	94	0.999496
1	482	147	0.999298
0	488	451	0.999289
0	83	79	0.999879
1	202	44	0.999705
1	417	47	0.999391
1	219	62	0.99968
1	475	130	0.999306
0	251	224	0.999633
0	199	110	0.999709
1	268	109	0.999608
1	246	108	0.99964
1	429	176	0.999372
0	439	342	0.999357
1	382	163	0.99944
1	459	222	0.999327
1	349	81	0.999488
0	402	289	0.99941
1	434	160	0.999363
0	365	203	0.999464
0	444	363	0.999348
0	290	183	0.999574
0	256	205	0.999623
1	289	36	0.999574
0	458	388	0.999325
1	472	193	0.999304
1	452	87	0.999333
1	478	161	0.999294
1	381	70	0.999437
1	381	123	0.999437
1	466	33	0.999311
0	233	180	0.999655
0	478	387	0.999292
0	213	160	0.999684
0	333	286	0.999506
0	126	110	0.999813
1	221	112	0.999672
1	334	89	0.999504
1	459	83	0.999318
0	450	380	0.999331
0	88	79	0.999869
0	380	320	0.999434
1	478	181	0.999288
1	365	115	0.999456
0	333	321	0.999503
0	237	178	0.999646
0	446	263	0.999334
0	411	236	0.999386
1	210	13	0.999686
0	228	172	0.999659
1	497	59	0.999256
1	460	206	0.999311
0	479	466	0.999282
1	499	65	0.999251
0	264	184	0.999603
1	486	222	0.999269
1	414	171	0.999377
1	75	23	0.999887
0	381	208	0.999426
1	369	30	0.999444
0	283	269	0.999573
1	151	72	0.999772
0	459	351	0.999307
0	346	254	0.999477
0	417	339	0.999369
0	311	277	0.999529
0	425	334	0.999356
0	220	166	0.999666
0	77	45	0.999883
1	494	131	0.999249
1	486	171	0.999261
1	351	176	0.999466
1	499	106	0.999241
0	447	388	0.99932
1	372	167	0.999434
0	134	95	0.999796
0	291	195	0.999557
1	243	121	0.99963
1	377	78	0.999426
0	197	143	0.999699
1	471	152	0.99928
1	213	28	0.999674
0	296	283	0.999547
1	445	162	0.999318
1	418	195	0.999359
0	491	371	0.999247
0	82	50	0.999874
1	257	95	0.999605
1	337	112	0.999482
1	337	124	0.999482
0	378	222	0.999419
0	343	318	0.999472
1	461	93	0.999289
0	289	234	0.999554
1	477	141	0.999264
1	445	107	0.999313
0	358	275	0.999447
0	332	271	0.999487
0	260	202	0.999598
1	481	125	0.999256
0	115	87	0.999822
0	427	400	0.999339
0	133	100	0.999794
1	202	49	0.999687
1	444	169	0.999312
0	500	371	0.999225
0	500	379	0.999225
1	427	49	0.999338
0	225	205	0.999651
1	499	240	0.999226
0	439	268	0.999319
0	337	270	0.999477
0	371	244	0.999424
0	439	265	0.999318
0	352	238	0.999453
1	350	76	0.999456
1	205	46	0.999681
1	385	181	0.999401
0	354	242	0.999449
1	429	198	0.999332
0	490	427	0.999237
0	320	162	0.999501
1	296	102	0.999538
1	490	158	0.999235
0	359	304	0.999439
0	94	88	0.999853
1	266	44	0.999584
0	257	130	0.999598
0	260	255	0.999593
1	430	118	0.999327
0	245	132	0.999616
0	234	210	0.999633
1	483	197	0.999242
1	410	126	0.999356
1	346	162	0.999456
0	458	417	0.99928
0	486	275	0.999236
1	445	48	0.9993
1	298	122	0.999531
1	207	101	0.999674
1	485	93	0.999236
1	413	154	0.999349
0	322	317	0.999492
0	173	136	0.999727
0	387	340	0.999389
1	392	125	0.999381
0	112	99	0.999823
0	338	324	0.999466
1	407	162	0.999357
0	117	109	0.999815
0	363	291	0.999426
1	321	17	0.999492
1	493	212	0.99922
1	307	96	0.999514
0	441	370	0.999302
1	457	179	0.999276
1	498	135	0.999211
0	482	412	0.999236
0	498	260	0.999209
1	415	79	0.999339
0	281	155	0.999552
1	330	59	0.999473
1	449	121	0.999283
0	110	68	0.999824
0	255	252	0.999592
0	265	232	0.999576
0	447	407	0.999285
0	339	259	0.999457
1	467	147	0.999252
0	244	231	0.999609
1	480	127	0.999231
1	458	199	0.999266
1	481	184	0.999229
1	500	243	0.999197
1	280	28	0.99955
0	293	282	0.999529
1	489	185	0.999214
1	350	93	0.999437
0	214	113	0.999655
1	469	121	0.999244
1	264	76	0.999574
0	486	279	0.999216
0	500	306	0.999192
0	498	412	0.999194
0	205	109	0.999668
0	413	283	0.999331
0	227	150	0.999632
1	394	42	0.999361
0	331	221	0.999463
0	405	326	0.999343
1	374	164	0.999393
0	393	230	0.999362
0	452	274	0.999266
0	399	310	0.999352
0	454	401	0.999262
0	271	206	0.999559
1	400	145	0.999349
1	434	210	0.999293
1	438	81	0.999286
0	430	284	0.999299
1	395	136	0.999356
0	223	216	0.999636
1	358	148	0.999415
0	359	187	0.999413
1	428	124	0.9993
0	488	369	0.999201
1	83	17	0.999864
0	469	398	0.999232
1	412	94	0.999325
1	151	43	0.999752
0	207	159	0.99966
0	146	112	0.99976
0	191	115	0.999686
0	405	253	0.999334
1	327	46	0.999462
0	330	272	0.999457
1	437	188	0.999281
0	433	260	0.999287
0	388	240	0.999361
1	108	20	0.999822
0	185	133	0.999695
0	146	142	0.999759
0	309	203	0.99949
1	406	176	0.99933
1	201	55	0.999668
0	296	215	0.999511
0	226	133	0.999626
1	339	51	0.999439
0	320	217	0.99947
1	335	144	0.999445
0	415	229	0.999312
0	402	218	0.999332
1	296	133	0.999508
0	110	100	0.999817
0	227	157	0.999622
0	353	311	0.999412
1	72	22	0.99988
1	334	118	0.999443
0	427	401	0.999288
1	404	194	0.999326
0	388	226	0.999351
0	362	256	0.999394
1	252	36	0.999578
0	191	174	0.99968
1	191	92	0.99968
0	164	100	0.999725
1	347	76	0.999418
0	436	416	0.999268
0	295	233	0.999504
1	430	70	0.999277
0	319	254	0.999463
1	465	178	0.999216
1	247	110	0.999583
1	395	94	0.999333
0	142	129	0.99976
0	423	288	0.999285
1	478	161	0.999192
1	373	58	0.999369
1	257	74	0.999565
0	134	106	0.999773
0	314	309	0.999468
0	474	417	0.999197
1	361	123	0.999387
1	299	127	0.999492
1	386	157	0.999344
0	268	153	0.999544
0	403	235	0.999314
0	474	382	0.999193
0	125	101	0.999787
1	473	28	0.999194
0	396	268	0.999325
0	363	211	0.999381
1	433	81	0.999261
0	311	168	0.999469
1	248	50	0.999576
0	284	281	0.999514
0	484	426	0.999172
1	291	54	0.999502
0	291	271	0.999502
1	316	97	0.999459
0	261	162	0.999553
0	379	248	0.999351
0	390	346	0.999332
0	126	77	0.999784
0	426	227	0.99927
0	273	144	0.999531
0	312	289	0.999464
0	436	400	0.99925
0	326	166	0.999439
0	244	170	0.99958
1	469	87	0.999193
0	352	245	0.999394
0	361	336	0.999378
1	440	173	0.999241
0	430	412	0.999258
1	461	45	0.999203
1	434	193	0.999249
1	272	70	0.999529
0	105	78	0.999818
1	270	117	0.999532
1	241	39	0.999582
0	496	252	0.99914
1	374	102	0.999351
1	495	169	0.999141
0	356	352	0.999382
0	492	237	0.999146
0	289	177	0.999498
0	395	308	0.999314
0	347	320	0.999397
1	130	51	0.999774
1	218	38	0.999621
0	386	319	0.999329
0	345	216	0.9994
0	498	460	0.999134
0	278	220	0.999516
0	428	238	0.999255
0	409	398	0.999288
0	471	276	0.99918
0	341	267	0.999406
1	456	173	0.999203
1	486	101	0.999149
1	417	196	0.999269
1	224	14	0.999607
1	172	40	0.999698
0	123	82	0.999784
1	140	38	0.999754
1	243	108	0.999573
1	442	61	0.999223
1	426	60	0.999251
1	352	71	0.999381
0	370	361	0.999349
0	494	344	0.999131
1	280	17	0.999507
1	365	117	0.999357
1	475	68	0.999163
0	387	359	0.999317
1	312	97	0.999449
0	390	359	0.999311
1	421	107	0.999256
0	385	257	0.999319
0	381	346	0.999326
1	467	44	0.999173
1	416	117	0.999263
0	364	278	0.999355
0	471	367	0.999165
0	345	261	0.999388
0	457	275	0.999188
1	162	75	0.999712
1	169	75	0.999699
1	348	47	0.99938
1	353	164	0.999371
0	449	330	0.9992
0	352	184	0.999372
1	459	137	0.999181
1	113	31	0.999798
0	296	212	0.999471
1	399	39	0.999287
0	165	140	0.999705
0	494	456	0.999117
0	373	330	0.999333
0	440	337	0.999213
1	480	30	0.999141
0	392	345	0.999298
0	393	274	0.999296
0	475	264	0.999149
0	483	428	0.999134
1	152	38	0.999727
0	419	306	0.999247
1	208	21	0.999626
1	475	204	0.999146
1	413	191	0.999257
1	319	147	0.999426
1	423	124	0.999239
0	438	218	0.999212
0	315	176	0.999432
0	92	72	0.999834
0	251	219	0.999547
1	485	132	0.999125
1	277	84	0.9995
0	283	237	0.999489
1	269	49	0.999514
1	296	138	0.999465
1	395	51	0.999286
1	318	71	0.999425
1	389	117	0.999296
1	405	137	0.999267
0	413	377	0.999252
0	414	305	0.99925
1	483	148	0.999125
1	464	189	0.999159
0	358	264	0.999351
0	351	222	0.999363
1	141	41	0.999744
0	447	264	0.999188
0	319	166	0.99942
1	417	191	0.999241
0	329	277	0.999401
0	118	66	0.999785
0	447	301	0.999186
1	353	152	0.999357
0	349	292	0.999364
0	277	229	0.999495
1	172	27	0.999686
0	373	186	0.999319
0	403	296	0.999264
0	432	236	0.999211
0	135	128	0.999753
1	293	122	0.999464
0	278	236	0.999491
0	489	271	0.999105
0	419	403	0.999233
1	119	41	0.999782
1	445	158	0.999185
1	114	38	0.999791
0	212	201	0.999611
1	447	100	0.99918
0	110	83	0.999798
1	214	36	0.999607
1	184	34	0.999662
1	325	65	0.999403
0	497	265	0.999087
0	302	278	0.999445
1	247	68	0.999545
0	476	289	0.999123
1	281	86	0.999482
0	180	89	0.999668
1	116	47	0.999786
0	499	492	0.99908
0	488	392	0.9991
1	358	29	0.999339
0	320	200	0.999409
0	348	232	0.999357
1	344	33	0.999364
1	489	53	0.999096
0	160	154	0.999704
0	378	323	0.9993
1	493	133	0.999087
0	143	93	0.999735
0	454	387	0.999157
1	337	129	0.999374
1	184	25	0.999658
1	57	19	0.999894
1	122	14	0.999773
0	443	365	0.999176
0	414	401	0.999229
0	264	160	0.999508
1	373	165	0.999305
0	485	289	0.999096
0	121	109	0.999774
0	325	274	0.999393
0	319	267	0.999403
0	483	363	0.999096
1	485	204	0.999092
0	402	226	0.999247
0	349	193	0.999346
1	491	88	0.99908
0	471	262	0.999117
0	356	225	0.999332
1	463	172	0.999131
0	488	303	0.999083
1	383	125	0.99928
1	385	172	0.999276
1	382	22	0.999281
0	409	197	0.99923
0	304	242	0.999427
0	417	375	0.999214
1	158	38	0.999702
1	419	49	0.99921
0	324	156	0.999389
0	343	223	0.999353
1	347	121	0.999345
0	91	76	0.999828
0	488	260	0.999078
0	286	181	0.999459
1	406	65	0.999231
1	454	136	0.99914
1	372	135	0.999295
0	145	119	0.999725
0	282	268	0.999465
0	446	250	0.999154
0	389	326	0.999262
1	423	82	0.999197
0	391	210	0.999257
1	133	35	0.999747
0	446	241	0.999152
0	278	268	0.999471
1	453	101	0.999138
0	188	158	0.999642
0	232	197	0.999558
0	483	438	0.99908
1	435	142	0.999171
0	436	225	0.999169
0	363	230	0.999308
0	87	80	0.999834
1	303	41	0.999422
1	469	115	0.999105
0	449	441	0.999143
0	222	209	0.999576
1	323	137	0.999383
0	379	255	0.999276
1	403	139	0.99923
0	70	60	0.999866
0	325	289	0.999378
0	327	246	0.999374
0	318	299	0.999391
1	480	170	0.999081
1	262	29	0.999498
0	310	168	0.999406
0	340	199	0.999348
1	364	120	0.999302
0	464	268	0.999109
0	347	175	0.999332
1	207	46	0.999601
0	465	444	0.999104
1	372	50	0.999283
0	251	205	0.999516
0	433	250	0.999165
0	491	409	0.999053
0	369	303	0.999288
1	330	78	0.999362
0	286	213	0.999447
1	477	84	0.999078
0	107	66	0.999793
0	340	314	0.999342
0	492	350	0.999047
1	262	47	0.999492
0	375	330	0.999273
0	251	129	0.999513
0	351	263	0.999319
0	269	172	0.999478
0	188	162	0.999635
1	469	62	0.999089
1	466	200	0.999094
0	436	424	0.999152
0	132	117	0.999743
0	347	162	0.999324
0	164	103	0.99968
0	300	166	0.999414
0	88	85	0.999828
0	469	401	0.999084
0	387	336	0.999244
1	467	147	0.999087
0	474	370	0.999072
0	221	220	0.999567
1	228	63	0.999553
0	400	379	0.999216
1	385	123	0.999245
1	107	27	0.99979
0	381	190	0.999252
0	309	160	0.999393
0	399	268	0.999216
0	347	263	0.999318
1	300	119	0.99941
0	153	116	0.999699
1	455	108	0.999105
1	339	34	0.999333
0	67	63	0.999868
1	262	56	0.999484
1	199	89	0.999608
0	364	272	0.999283
0	486	274	0.999042
1	255	72	0.999497
0	400	259	0.999211
1	438	107	0.999136
0	288	194	0.999431
1	369	115	0.999271
1	332	57	0.999344
0	355	230	0.999298
1	484	199	0.999043
1	446	106	0.999118
1	247	86	0.999511
0	102	83	0.999798
0	437	227	0.999135
0	443	398	0.999123
0	378	199	0.999251
0	336	325	0.999334
0	391	178	0.999225
1	242	33	0.99952
0	389	360	0.999228
1	420	151	0.999166
1	318	49	0.999368
0	284	250	0.999435
0	112	62	0.999777
1	486	47	0.999033
0	126	90	0.999749
1	378	63	0.999247
1	167	62	0.999667
1	480	174	0.999042
0	480	345	0.999041
0	114	81	0.999772
1	214	18	0.999572
1	227	14	0.999546
0	314	160	0.999372
0	344	159	0.999312
0	447	337	0.999106
0	306	300	0.999387
0	284	224	0.999431
0	256	210	0.999487
1	229	93	0.999541
0	203	140	0.999593
1	447	37	0.999104
1	355	45	0.999288
1	465	136	0.999067
0	454	321	0.999089
1	113	34	0.999773
1	383	158	0.999231
1	427	127	0.999142
1	346	52	0.999304
1	248	58	0.999501
1	442	190	0.999111
1	245	100	0.999507
1	483	119	0.999028
0	372	201	0.999251
0	436	411	0.999122
1	332	137	0.999331
0	191	155	0.999615
1	368	151	0.999258
0	343	172	0.999308
0	456	232	0.99908
1	412	81	0.999168
0	391	376	0.99921
1	274	60	0.999446
1	456	129	0.999078
0	445	379	0.9991
0	437	231	0.999116
1	478	138	0.999033
0	376	331	0.999239
1	414	32	0.999162
0	403	242	0.999184
0	495	353	0.998997
0	373	354	0.999244
0	293	163	0.999406
0	174	120	0.999647
1	172	44	0.999651
1	207	33	0.99958
0	452	421	0.999083
1	95	6	0.999807
0	192	120	0.99961
0	451	217	0.999084
1	414	106	0.999159
0	309	258	0.999372
0	431	201	0.999124
0	399	338	0.999188
1	219	11	0.999554
1	270	17	0.99945
0	410	360	0.999165
0	372	267	0.999242
0	288	264	0.999413
1	340	149	0.999307
0	415	413	0.999154
1	415	31	0.999153
1	486	138	0.999008
1	377	55	0.99923
1	421	56	0.99914
1	135	11	0.999724
0	342	204	0.999301
1	318	135	0.99935
0	340	226	0.999305
1	260	73	0.999468
0	416	335	0.999149
0	370	238	0.999243
1	298	23	0.99939
0	385	252	0.999212
0	264	194	0.999459
0	298	147	0.999389
1	359	75	0.999264
1	461	176	0.999055
0	411	270	0.999157
0	384	177	0.999212
0	375	292	0.99923
0	315	208	0.999353
0	399	337	0.99918
1	436	80	0.999104
1	429	55	0.999118
0	68	50	0.99986
1	484	49	0.999004
0	354	348	0.999271
0	471	260	0.99903
1	264	50	0.999456
1	357	111	0.999264
1	440	38	0.999093
0	406	327	0.999163
0	468	332	0.999035
1	281	54	0.99942
0	388	382	0.999199
0	484	320	0.999001
0	443	197	0.999085
1	467	110	0.999035
1	446	132	0.999078
0	448	423	0.999073
0	477	437	0.999013
1	256	54	0.99947
1	54	4	0.999888
1	450	39	0.999067
1	359	75	0.999255
0	493	469	0.998977
1	368	137	0.999236
0	274	260	0.999431
1	340	116	0.999294
1	385	167	0.9992
0	378	370	0.999214
1	428	173	0.99911
1	479	174	0.999004
0	363	333	0.999245
0	371	364	0.999228
1	383	129	0.999203
0	483	335	0.998995
1	381	93	0.999207
0	413	257	0.99914
0	460	292	0.999042
0	238	148	0.999504
0	492	320	0.998975
1	405	66	0.999156
1	164	45	0.999658
0	414	402	0.999137
0	473	452	0.999014
0	204	147	0.999574
1	408	53	0.999148
0	439	417	0.999083
1	335	27	0.9993
0	278	272	0.999419
0	253	179	0.999471
1	53	15	0.999889
0	427	351	0.999106
1	403	135	0.999156
0	229	215	0.99952
1	452	52	0.999053
1	301	77	0.999369
1	370	115	0.999224
0	370	169	0.999224
0	345	276	0.999276
1	181	27	0.99962
0	450	349	0.999055
0	470	458	0.999013
0	237	137	0.999502
1	484	48	0.998982
0	219	169	0.999539
1	499	74	0.99895
0	222	99	0.999532
1	389	102	0.99918
1	482	206	0.998984
0	146	115	0.999692
1	283	65	0.999403
0	234	124	0.999506
0	270	262	0.99943
1	233	96	0.999508
0	250	144	0.999472
0	464	457	0.99902
0	203	130	0.999571
1	345	132	0.999271
0	279	158	0.99941
1	459	168	0.999029
0	396	255	0.999162
0	331	325	0.999299
1	389	23	0.999176
0	251	131	0.999468
1	407	61	0.999137
0	444	394	0.999058
1	458	59	0.999028
0	309	251	0.999344
1	283	25	0.999399
0	496	401	0.998947
0	294	256	0.999375
0	428	406	0.99909
1	419	118	0.999109
0	441	294	0.999062
1	383	59	0.999185
1	499	113	0.998938
1	499	52	0.998938
1	349	102	0.999257
0	107	58	0.999772
1	417	120	0.999112
0	432	392	0.99908
0	275	238	0.999414
0	255	130	0.999456
0	187	175	0.999601
0	89	67	0.99981
0	351	239	0.999251
0	403	306	0.99914
1	455	32	0.999029
0	485	296	0.998965
1	241	46	0.999485
1	374	141	0.999201
0	415	257	0.999113
0	457	315	0.999023
1	100	23	0.999786
0	241	142	0.999484
0	353	309	0.999244
0	126	63	0.99973
0	380	358	0.999186
0	336	244	0.99928
0	209	195	0.999552
0	433	216	0.999072
1	68	21	0.999854
0	495	365	0.998938
0	486	380	0.998957
1	368	66	0.99921
0	423	206	0.999092
0	316	313	0.999321
1	301	122	0.999353
1	260	60	0.999441
0	385	255	0.999172
0	398	190	0.999144
1	257	104	0.999447
0	249	224	0.999464
0	320	195	0.999311
1	71	28	0.999847
1	311	74	0.99933
1	245	91	0.999472
0	333	310	0.999282
1	473	35	0.99898
0	350	349	0.999245
1	354	109	0.999236
1	376	29	0.999188
0	388	174	0.999162
1	406	59	0.999123
0	155	98	0.999665
0	428	279	0.999075
0	98	68	0.999788
0	313	169	0.999323
0	282	265	0.99939
0	334	319	0.999277
1	321	94	0.999305
0	162	146	0.999649
0	458	435	0.999008
1	137	38	0.999703
1	317	79	0.999313
1	341	93	0.999261
0	190	98	0.999588
1	376	37	0.999185
1	437	139	0.999052
0	335	334	0.999273
1	456	116	0.99901
0	390	275	0.999153
0	465	384	0.998989
0	481	461	0.998954
0	198	114	0.999569
0	335	282	0.999271
0	495	396	0.998923
1	380	66	0.999173
0	459	227	0.999001
0	95	63	0.999793
1	95	5	0.999793
1	241	101	0.999475
1	177	20	0.999614
1	350	95	0.999237
0	445	266	0.99903
0	66	46	0.999856
0	265	225	0.999422
0	451	422	0.999016
0	304	220	0.999336
0	249	152	0.999456
0	281	144	0.999386
1	494	89	0.998921
1	295	75	0.999355
0	408	217	0.999108
1	228	57	0.999501
0	276	202	0.999396
1	329	30	0.99928
0	377	289	0.999175
0	222	105	0.999514
1	311	71	0.999319
1	427	100	0.999065
0	236	187	0.999483
0	299	221	0.999345
1	499	68	0.998907
1	261	54	0.999428
0	456	361	0.999001
0	461	454	0.99899
0	155	121	0.99966
0	221	165	0.999515
0	491	232	0.998923
0	394	376	0.999135
0	127	124	0.999721
1	243	71	0.999466
0	421	401	0.999075
1	257	22	0.999435
0	479	239	0.998947
0	382	241	0.99916
1	461	55	0.998986
0	99	85	0.999782
1	498	181	0.998904
1	287	80	0.999368
1	386	163	0.99915
1	455	136	0.998998
0	458	235	0.998991
0	458	266	0.998991
0	372	161	0.99918
0	217	185	0.99952
0	471	231	0.998958
0	168	144	0.999628
1	460	65	0.998982
0	436	289	0.999035
0	477	338	0.998944
0	345	231	0.999236
0	437	197	0.999032
1	333	73	0.999262
0	454	392	0.998994
1	409	94	0.999093
0	131	66	0.999709
1	125	45	0.999722
0	317	250	0.999295
1	266	51	0.999408
1	485	183	0.998921
0	470	400	0.998954
0	405	339	0.999098
0	346	220	0.999229
1	403	105	0.999102
0	291	287	0.999351
0	466	332	0.998961
0	417	320	0.99907
0	405	227	0.999096
0	192	94	0.999571
0	302	203	0.999325
0	257	133	0.999425
0	380	171	0.999149
0	236	196	0.999471
1	464	47	0.99896
1	489	156	0.998903
0	322	211	0.999277
0	407	381	0.999086
0	101	59	0.999773
1	290	93	0.999348
1	465	46	0.998954
0	428	329	0.999037
0	278	197	0.999374
0	313	211	0.999295
0	237	233	0.999466
1	246	72	0.999445
0	417	258	0.999059
0	342	237	0.999228
0	337	193	0.999239
0	290	255	0.999345
0	445	217	0.998995
0	307	155	0.999306
1	425	40	0.999039
0	236	139	0.999466
1	434	160	0.999018
0	410	392	0.999072
0	402	222	0.99909
0	297	256	0.999327
0	390	219	0.999116
1	391	127	0.999112
0	220	218	0.9995
0	474	202	0.998923
1	241	30	0.999452
0	274	178	0.999377
1	69	10	0.999843
1	255	50	0.99942
1	196	38	0.999554
1	364	104	0.999172
0	433	356	0.999015
1	400	58	0.99909
0	479	265	0.99891
0	303	132	0.99931
0	424	317	0.999034
0	159	86	0.999637
0	400	283	0.999087
1	154	56	0.999648
0	361	279	0.999175
1	308	113	0.999295
1	480	49	0.998901
0	302	193	0.999308
0	274	228	0.999372
0	350	338	0.999197
0	442	239	0.998986
0	369	283	0.999153
1	260	13	0.999403
1	313	48	0.999281
0	393	237	0.999097
1	224	63	0.999485
1	412	64	0.999053
0	421	341	0.999032
0	183	140	0.999579
0	96	54	0.999779
0	66	60	0.999848
0	370	297	0.999147
0	369	340	0.999149
0	498	305	0.998851
1	311	120	0.999282
0	389	169	0.999102
0	353	277	0.999185
0	491	265	0.998866
1	428	78	0.999011
0	418	272	0.999034
1	499	26	0.998847
0	172	89	0.999602
0	477	261	0.998897
0	287	237	0.999336
1	431	125	0.999003
0	365	355	0.999155
0	425	300	0.999016
0	486	357	0.998874
0	450	418	0.998957
0	380	193	0.999119
1	446	34	0.998966
1	401	75	0.99907
1	442	94	0.998975
0	218	99	0.999494
0	108	96	0.999749
0	371	179	0.999138
0	399	332	0.999073
0	225	95	0.999477
0	429	292	0.999003
0	385	294	0.999105
1	236	46	0.999451
0	214	158	0.999502
0	466	460	0.998916
1	406	113	0.999055
0	185	126	0.999569
1	466	85	0.998915
1	270	85	0.999371
0	493	269	0.998851
0	441	240	0.998972
0	306	219	0.999286
0	463	416	0.99892
0	495	243	0.998845
0	332	298	0.999225
0	376	308	0.999122
0	379	315	0.999115
0	408	304	0.999047
0	77	65	0.99982
0	464	435	0.998916
1	286	78	0.999331
1	443	93	0.998964
0	339	280	0.999207
0	377	363	0.999118
1	486	39	0.998863
0	381	362	0.999108
0	499	360	0.998832
1	329	35	0.999229
0	355	230	0.999167
0	307	134	0.999279
0	140	89	0.999671
1	239	34	0.999438
1	316	34	0.999257
0	491	437	0.998846
0	429	268	0.998991
1	406	37	0.999045
0	427	321	0.998995
0	455	316	0.998929
1	273	101	0.999357
1	448	62	0.998945
0	391	195	0.999079
0	81	41	0.999809
0	310	274	0.999269
1	264	22	0.999377
0	339	235	0.9992
0	272	173	0.999358
1	462	31	0.99891
1	194	72	0.999542
0	235	141	0.999445
1	318	74	0.999249
0	171	137	0.999596
1	434	41	0.998975
0	497	397	0.998826
0	377	372	0.999109
0	170	141	0.999598
0	465	221	0.998901
0	101	61	0.999761
0	213	91	0.999496
1	221	68	0.999477
1	87	22	0.999794
0	473	466	0.998881
0	445	343	0.998947
0	457	361	0.998918
1	167	53	0.999604
1	468	154	0.998891
0	291	243	0.99931
0	431	402	0.998978
1	333	88	0.99921
0	343	206	0.999186
1	490	159	0.998837
1	279	18	0.999337
0	308	266	0.999268
0	95	68	0.999774
0	488	483	0.99884
0	365	277	0.999132
0	495	473	0.998823
1	333	87	0.999207
0	425	221	0.998988
1	130	26	0.99969
0	281	275	0.99933
0	461	298	0.998901
1	263	57	0.999372
1	312	120	0.999255
1	309	82	0.999262
0	412	267	0.999016
0	375	160	0.999104
0	305	214	0.999271
0	487	272	0.998836
1	135	33	0.999677
1	367	112	0.999121
0	451	352	0.99892
1	458	77	0.998903
1	493	89	0.998819
1	158	8	0.999621
0	394	175	0.999055
1	403	50	0.999033
1	399	159	0.999042
1	57	15	0.999863
0	428	336	0.998972
0	468	449	0.998876
1	268	66	0.999356
0	260	166	0.999375
0	205	190	0.999507
0	470	258	0.99887
0	467	393	0.998877
1	366	38	0.999119
0	415	405	0.999001
0	149	89	0.999641
1	222	81	0.999465
1	408	57	0.999017
1	168	18	0.999595
1	466	53	0.998877
0	319	217	0.99923
0	338	321	0.999184
0	250	169	0.999396
0	218	96	0.999473
0	148	130	0.999642
1	287	91	0.999306
0	472	278	0.998859
0	454	271	0.998902
1	389	96	0.999059
1	238	29	0.999424
0	422	273	0.998979
1	447	81	0.998918
0	226	209	0.999452
0	261	157	0.999367
1	246	76	0.999403
0	388	386	0.999058
0	489	477	0.998813
1	303	67	0.999264
0	379	315	0.999079
0	412	239	0.998998
0	386	175	0.999061
1	309	64	0.999248
0	251	119	0.999389
0	311	258	0.999243
1	458	123	0.998885
1	251	46	0.999388
0	446	347	0.998913
1	262	51	0.999361
0	150	72	0.999634
0	264	258	0.999356
0	362	360	0.999117
0	400	258	0.999024
0	295	247	0.99928
0	342	312	0.999165
0	326	135	0.999204
0	451	341	0.998899
0	430	252	0.99895
1	370	148	0.999096
0	424	387	0.998964
0	374	350	0.999086
0	168	104	0.999589
0	422	310	0.998967
1	376	69	0.999079
1	266	69	0.999348
0	466	273	0.998858
1	443	145	0.998914
0	476	201	0.998833
0	437	349	0.998928
1	456	132	0.99888
0	225	220	0.999447
0	231	149	0.999432
0	365	354	0.999102
0	432	270	0.998937
0	226	181	0.999443
0	103	61	0.999746
1	289	39	0.999287
0	346	252	0.999146
1	369	43	0.999089
0	324	280	0.9992
1	106	36	0.999738
1	212	80	0.999476
0	387	218	0.999043
0	268	257	0.999337
0	310	163	0.999233
0	475	349	0.998825
0	244	222	0.999396
0	406	349	0.998995
0	463	343	0.998853
0	98	76	0.999757
0	294	121	0.999271
0	341	260	0.999154
1	341	32	0.999154
0	168	131	0.999583
0	369	210	0.999084
0	437	279	0.998915
0	389	172	0.999034
0	460	327	0.998857
0	220	184	0.999453
0	201	138	0.9995
1	315	111	0.999216
0	239	111	0.999405
0	347	245	0.999136
0	398	243	0.999009
1	183	53	0.999544
1	71	12	0.999823
0	288	120	0.999282
1	291	102	0.999274
0	370	360	0.999077
0	228	143	0.999431
0	215	104	0.999463
0	410	175	0.998976
1	450	132	0.998874
0	409	301	0.998976
0	328	150	0.999178
0	252	128	0.999368
0	335	215	0.99916
1	370	61	0.999072
1	463	107	0.998839
0	306	133	0.999232
1	443	50	0.998888
0	309	230	0.999224
0	281	253	0.999294
0	430	240	0.99892
0	445	427	0.998882
0	280	125	0.999295
1	380	127	0.999043
0	257	215	0.999352
1	230	88	0.99942
0	322	294	0.999188
1	285	36	0.999281
0	406	202	0.998976
1	175	64	0.999558
0	383	324	0.999033
1	253	71	0.999361
0	400	309	0.99899
0	348	192	0.999121
1	108	43	0.999727
0	422	185	0.998933
0	318	150	0.999195
0	182	121	0.999539
0	182	85	0.999539
0	376	253	0.999048
0	427	390	0.998919
1	377	144	0.999045
0	325	287	0.999175
0	176	106	0.999553
0	122	112	0.99969
0	316	149	0.999197
1	160	14	0.999593
1	457	67	0.998838
0	183	76	0.999534
0	397	211	0.998989
0	445	322	0.998866
1	362	81	0.999077
1	83	20	0.999788
0	186	119	0.999525
0	269	156	0.999313
0	146	80	0.999627
0	393	182	0.998996
0	240	121	0.999386
0	231	222	0.999409
1	412	107	0.998946
1	350	55	0.999104
0	382	353	0.999022
0	278	272	0.999288
0	396	233	0.998986
0	458	207	0.998826
1	258	25	0.999338
1	304	28	0.99922
0	130	126	0.999666
0	442	412	0.998865
0	205	141	0.999472
1	238	15	0.999387
0	358	348	0.999078
0	71	54	0.999817
1	350	83	0.999098
1	315	17	0.999188
1	441	56	0.998863
1	236	28	0.999391
1	414	106	0.998932
0	317	188	0.999181
0	58	56	0.99985
0	302	288	0.999219
1	214	72	0.999446
0	453	387	0.998828
1	185	68	0.999521
0	311	272	0.999195
1	395	110	0.998977
0	412	396	0.998932
1	273	36	0.999292
0	446	372	0.998843
0	397	227	0.998969
1	281	76	0.99927
0	273	112	0.99929
0	378	252	0.999017
1	414	93	0.998923
0	194	81	0.999495
1	179	72	0.999534
0	187	178	0.999513
0	79	32	0.999794
1	376	140	0.99902
0	308	171	0.999197
1	250	16	0.999348
0	390	163	0.998983
1	275	58	0.999282
0	116	68	0.999697
1	348	126	0.999091
1	181	47	0.999527
0	331	204	0.999135
0	446	395	0.998834
0	410	363	0.998928
1	149	24	0.99961
0	63	28	0.999835
0	210	100	0.99945
1	247	16	0.999353
0	216	104	0.999434
0	321	286	0.999159
0	274	252	0.999282
1	228	57	0.999402
0	144	114	0.999622
1	306	118	0.999197
0	336	174	0.999118
0	206	90	0.999459
1	411	94	0.998921
0	216	139	0.999432
0	305	220	0.999198
0	297	184	0.999219
0	405	165	0.998935
0	270	151	0.999289
0	186	103	0.99951
0	208	86	0.999452
0	388	260	0.998978
1	261	89	0.999312
0	332	304	0.999125
0	117	63	0.999691
1	413	88	0.99891
1	381	101	0.998994
1	401	22	0.99894
1	375	84	0.999008
1	417	85	0.998897
1	448	82	0.998815
0	443	412	0.998828
0	108	102	0.999714
1	137	20	0.999637
1	248	82	0.999343
1	218	32	0.999422
0	282	146	0.999252
0	104	54	0.999724
0	176	97	0.999533
0	385	231	0.998979
0	431	273	0.998857
0	371	201	0.999015
1	312	44	0.999171
0	391	216	0.99896
1	355	34	0.999055
0	434	344	0.998844
1	426	76	0.998865
0	374	269	0.999003
1	317	42	0.999154
0	269	265	0.999282
1	276	40	0.999263
0	355	283	0.999052
0	319	152	0.999148
1	297	68	0.999206
0	440	232	0.998824
0	246	183	0.999342
1	384	95	0.998973
1	136	7	0.999636
0	214	91	0.999427
0	322	233	0.999137
0	338	292	0.999094
0	195	128	0.999477
1	442	87	0.998815
0	387	206	0.998961
0	383	170	0.998971
0	353	198	0.999048
0	216	137	0.999416
0	237	166	0.999359
1	140	24	0.999621
0	377	355	0.99898
0	352	225	0.999047
0	278	148	0.999247
1	418	54	0.998868
0	245	122	0.999336
0	297	291	0.999195
1	308	109	0.999165
0	361	184	0.999021
1	199	78	0.99946
0	307	280	0.999167
1	411	96	0.998885
0	392	337	0.998935
0	118	76	0.999679
1	246	89	0.999331
1	317	57	0.999138
0	332	146	0.999097
0	322	250	0.999124
0	188	144	0.999488
0	427	258	0.998837
0	165	114	0.99955
0	410	187	0.998882
0	433	250	0.998818
0	384	349	0.998951
1	426	89	0.998836
0	369	231	0.998991
0	332	324	0.999092
0	276	271	0.999245
1	409	32	0.998881
1	369	55	0.99899
0	321	291	0.999121
1	239	16	0.999345
0	105	82	0.999712
0	294	212	0.999194
1	368	54	0.998991
0	90	68	0.999753
0	94	52	0.999742
1	177	61	0.999514
0	316	214	0.999132
1	404	144	0.99889
0	306	246	0.999159
0	358	307	0.999016
0	364	187	0.998999
0	253	119	0.999304
0	390	352	0.998927
0	196	107	0.99946
0	330	325	0.999091
1	185	26	0.99949
0	91	70	0.999749
1	142	23	0.999608
1	304	73	0.999161
0	110	81	0.999696
0	419	315	0.998843
0	356	248	0.999016
0	311	229	0.99914
0	269	115	0.999256
0	155	67	0.999571
0	266	109	0.999264
0	386	193	0.998932
1	425	141	0.998824
1	390	58	0.99892
0	292	190	0.999191
0	421	168	0.998834
0	128	111	0.999645
0	300	246	0.999168
1	275	67	0.999237
0	421	190	0.998832
1	254	55	0.999294
0	329	291	0.999085
1	234	75	0.999349
0	420	374	0.998832
0	65	63	0.999819
0	354	140	0.999015
1	415	81	0.998845
1	168	13	0.999532
1	369	60	0.998972
1	351	69	0.999022
1	329	47	0.999083
0	363	149	0.998988
0	419	296	0.99883
0	388	365	0.998916
0	399	270	0.998885
1	279	86	0.99922
0	331	229	0.999074
0	424	398	0.998814
1	298	16	0.999166
1	358	56	0.998998
0	390	184	0.998908
0	420	182	0.998824
1	298	53	0.999165
1	378	45	0.998941
1	102	8	0.999714
0	168	108	0.999529
0	304	131	0.999147
1	408	108	0.998855
0	333	317	0.999065
0	374	371	0.99895
0	272	191	0.999236
0	116	97	0.999674
1	404	126	0.998865
0	228	94	0.999359
0	160	159	0.99955
1	119	18	0.999665
0	285	258	0.999198
0	191	124	0.999462
0	338	198	0.999048
0	339	185	0.999045
1	276	28	0.999222
1	398	45	0.998878
0	416	362	0.998826
0	395	215	0.998885
0	160	117	0.999548
0	225	143	0.999364
1	388	138	0.998903
1	142	10	0.999598
0	190	111	0.999462
1	370	132	0.998952
0	282	136	0.999201
1	181	63	0.999487
0	181	147	0.999487
0	349	273	0.99901
0	249	193	0.999293
0	216	176	0.999386
1	360	75	0.998977
0	413	250	0.998825
0	299	208	0.999149
0	300	211	0.999146
0	385	234	0.998904
0	321	159	0.999086
0	323	195	0.99908
0	317	167	0.999097
1	306	40	0.999128
0	341	328	0.999028
0	316	211	0.999099
1	164	34	0.999532
1	316	31	0.999098
0	163	91	0.999534
1	318	85	0.999091
1	79	29	0.999774
0	400	177	0.998856
0	231	148	0.999339
0	231	200	0.999339
0	233	204	0.999333
0	333	152	0.999047
1	348	70	0.999004
0	258	175	0.999261
0	237	132	0.999321
0	359	229	0.998971
0	85	65	0.999756
1	242	92	0.999305
0	312	203	0.999104
1	389	97	0.998882
0	321	305	0.999077
0	332	287	0.999045
0	293	175	0.999157
1	205	77	0.99941
1	198	55	0.99943
1	288	61	0.999171
0	225	176	0.999352
0	371	219	0.998931
0	404	181	0.998836
0	397	208	0.998856
1	206	14	0.999406
1	324	119	0.999066
0	139	126	0.999599
0	411	314	0.998814
0	64	53	0.999815
1	264	102	0.999237
1	353	98	0.99898
0	111	96	0.999679
1	382	57	0.998896
0	149	118	0.999569
0	159	149	0.99954
0	188	112	0.999456
0	96	63	0.999722
0	345	206	0.999001
0	394	289	0.998859
0	269	127	0.999219
0	262	204	0.999239
0	233	167	0.999323
0	326	248	0.999053
1	87	25	0.999747
0	300	183	0.999128
0	386	270	0.998878
0	272	147	0.999209
1	388	74	0.998872
1	199	70	0.999421
1	304	64	0.999115
0	283	208	0.999176
1	106	7	0.999691
0	176	154	0.999487
1	318	39	0.999073
1	353	79	0.998971
1	287	48	0.999163
0	315	131	0.999081
1	209	28	0.99939
0	376	312	0.998903
1	302	53	0.999118
1	403	90	0.998823
0	207	100	0.999395
0	296	223	0.999135
0	399	240	0.998834
0	337	166	0.999015
0	82	52	0.99976
0	311	193	0.99909
0	219	198	0.999359
0	314	213	0.999081
0	135	103	0.999604
0	80	55	0.999765
0	298	201	0.999124
1	240	68	0.999294
0	174	89	0.999488
0	366	241	0.998923
0	77	32	0.999773
1	357	84	0.998948
0	212	133	0.999375
1	244	18	0.99928
0	391	222	0.998846
0	395	287	0.998834
0	399	212	0.998821
1	96	13	0.999716
1	237	32	0.999299
0	374	206	0.998893
0	233	222	0.99931
0	309	245	0.999084
0	236	210	0.9993
0	211	206	0.999374
1	128	10	0.99962
0	299	236	0.999112
1	269	73	0.999201
0	395	190	0.998827
1	395	50	0.998826
0	393	337	0.998831
0	365	216	0.998914
0	194	145	0.999422
1	246	43	0.999267
1	345	103	0.998972
0	211	91	0.999371
0	270	266	0.999195
0	379	156	0.99887
0	125	89	0.999627
0	192	114	0.999426
1	104	8	0.999689
1	386	131	0.998846
0	137	65	0.99959
0	298	128	0.999108
0	187	174	0.99944
0	323	302	0.999033
0	340	300	0.998982
0	214	142	0.999359
1	248	61	0.999257
0	287	141	0.99914
0	287	131	0.99914
0	325	239	0.999026
1	159	52	0.999523
0	314	184	0.999058
0	287	238	0.999138
1	263	76	0.99921
1	177	41	0.999468
1	147	22	0.999558
1	311	38	0.999065
0	293	162	0.999119
0	331	296	0.999004
1	296	38	0.999109
0	226	139	0.999318
0	149	108	0.99955
0	94	37	0.999716
1	194	51	0.999414
0	336	304	0.998985
1	369	77	0.998885
0	254	134	0.999232
0	202	170	0.999389
1	336	71	0.998984
1	357	26	0.99892
0	351	260	0.998938
1	182	13	0.999449
1	298	110	0.999098
0	380	211	0.998849
0	383	318	0.998839
0	347	151	0.998948
0	80	66	0.999757
0	318	240	0.999034
0	100	70	0.999696
0	303	173	0.999079
1	187	65	0.999431
1	216	48	0.999342
0	224	93	0.999317
1	57	8	0.999826
0	212	211	0.999352
0	149	90	0.999544
0	317	192	0.99903
0	279	263	0.999146
0	203	140	0.999378
0	105	69	0.999678
0	172	157	0.999472
0	213	107	0.999346
1	210	70	0.999355
0	276	271	0.999152
0	256	230	0.999213
0	268	116	0.999176
0	246	146	0.999243
1	264	80	0.999187
0	60	29	0.999815
0	331	177	0.99898
0	317	263	0.999023
0	70	68	0.999784
1	362	33	0.998883
0	362	159	0.998881
0	237	177	0.999267
0	236	225	0.99927
0	332	167	0.998973
1	295	54	0.999087
0	305	120	0.999056
0	103	58	0.999681
0	346	182	0.998929
0	339	193	0.99895
1	307	16	0.999049
1	192	66	0.999405
1	293	42	0.999092
0	244	188	0.999243
1	375	114	0.998837
0	338	213	0.998951
0	326	246	0.998988
0	218	87	0.999323
0	247	137	0.999232
0	374	274	0.998837
0	196	193	0.99939
0	277	264	0.999138
0	266	122	0.999172
0	284	240	0.999116
0	146	64	0.999545
1	224	62	0.999302
1	300	74	0.999065
0	101	79	0.999685
0	238	211	0.999258
0	246	211	0.999233
0	359	140	0.998881
1	134	27	0.999582
0	309	127	0.999036
0	303	274	0.999054
1	174	61	0.999456
0	110	96	0.999656
0	366	266	0.998856
1	223	31	0.999302
0	199	143	0.999377
1	151	30	0.999527
1	89	31	0.999721
0	266	265	0.999166
0	50	26	0.999843
0	249	128	0.999218
0	285	197	0.999105
0	162	87	0.999491
0	183	160	0.999425
0	182	81	0.999428
0	281	252	0.999117
0	324	147	0.998982
0	248	107	0.99922
0	209	203	0.999342
0	160	109	0.999496
0	371	330	0.998832
0	357	278	0.998876
0	335	238	0.998945
1	256	47	0.999193
1	141	50	0.999555
0	203	90	0.999359
0	217	117	0.999314
0	55	26	0.999826
0	312	295	0.999013
0	60	25	0.99981
1	265	35	0.999161
0	233	220	0.999262
1	289	68	0.999084
0	274	174	0.999131
1	290	34	0.99908
1	319	63	0.998988
0	328	323	0.998959
1	326	82	0.998965
0	261	222	0.999171
0	219	176	0.999304
1	328	63	0.998957
0	338	193	0.998925
0	354	351	0.998872
0	370	298	0.998821
0	367	262	0.99883
0	203	130	0.999352
0	332	207	0.99894
0	234	94	0.999252
0	209	85	0.999331
1	335	93	0.998928
0	328	159	0.99895
1	244	78	0.999218
0	214	183	0.999313
0	291	156	0.999064
0	337	212	0.998916
0	151	142	0.999514
1	290	88	0.999067
1	339	66	0.998909
0	333	208	0.998928
1	257	92	0.999172
1	261	84	0.999159
1	248	45	0.9992
1	180	28	0.999419
0	215	207	0.999306
0	268	188	0.999135
0	360	271	0.998838
1	314	44	0.998986
1	56	20	0.999819
0	138	106	0.999554
0	190	122	0.999386
0	351	179	0.998866
0	326	209	0.998945
1	278	74	0.9991
1	283	31	0.999083
1	319	97	0.998966
1	248	73	0.999195
0	284	125	0.999078
1	231	56	0.999249
1	206	40	0.99933
0	336	322	0.998907
0	131	82	0.999573
0	271	115	0.999117
1	267	18	0.99913
0	238	230	0.999224
1	253	21	0.999175
0	297	168	0.99903
0	298	277	0.999026
0	258	160	0.999156
1	84	6	0.999725
0	168	152	0.99945
0	286	127	0.999064
0	200	131	0.999345
1	302	21	0.999011
0	169	120	0.999446
0	244	117	0.9992
0	218	205	0.999285
0	337	172	0.998895
1	160	38	0.999475
0	192	159	0.99937
1	140	40	0.99954
1	325	31	0.998932
0	90	87	0.999704
0	189	73	0.999378
0	240	130	0.99921
0	233	178	0.999233
0	353	325	0.998838
0	290	113	0.999045
1	350	60	0.998846
0	221	135	0.99927
1	357	127	0.998821
1	280	63	0.999075
0	210	111	0.999306
1	289	89	0.999045
1	344	71	0.998863
0	350	347	0.998843
0	208	175	0.999312
0	71	51	0.999765
1	61	16	0.999798
0	349	307	0.998844
0	167	87	0.999446
0	255	149	0.999154
1	231	64	0.999233
0	220	194	0.999269
1	176	20	0.999415
0	268	222	0.999109
0	255	223	0.999152
0	228	134	0.999241
1	147	10	0.99951
0	240	175	0.9992
1	134	14	0.999553
0	285	257	0.999049
1	348	52	0.998837
0	113	112	0.999622
0	137	119	0.999541
1	182	63	0.99939
0	354	337	0.998814
1	216	56	0.999276
0	314	312	0.998947
0	294	187	0.999014
0	173	106	0.999419
1	103	28	0.999654
1	206	14	0.999308
1	135	38	0.999546
0	181	147	0.999391
1	249	68	0.999162
0	282	139	0.999051
1	138	40	0.999535
0	258	250	0.999131
0	165	163	0.999444
0	280	154	0.999056
1	326	49	0.9989
0	347	321	0.998828
0	287	143	0.99903
0	281	218	0.999049
1	145	8	0.999509
0	184	130	0.999377
0	260	110	0.999119
0	291	161	0.999014
0	314	257	0.998935
0	290	241	0.999016
0	259	252	0.999121
1	321	88	0.99891
0	80	58	0.999728
0	301	297	0.998977
0	224	173	0.999238
0	347	300	0.998819
0	262	147	0.999108
0	296	241	0.998992
0	135	99	0.99954
1	209	34	0.999288
0	130	71	0.999557
0	323	252	0.9989
1	263	61	0.999104
0	156	148	0.999468
1	199	33	0.999321
0	133	96	0.999546
1	316	62	0.99892
0	233	201	0.999203
1	170	53	0.999418
0	302	270	0.998965
0	186	106	0.999362
0	148	91	0.999492
1	53	11	0.999818
1	327	37	0.998878
0	219	110	0.999248
0	197	176	0.999323
1	222	44	0.999237
0	130	85	0.999553
0	336	169	0.998845
1	152	41	0.999477
0	253	215	0.999129
0	168	139	0.999421
0	241	132	0.999169
0	91	52	0.999686
0	296	277	0.998979
0	315	272	0.998913
1	274	80	0.999054
0	194	169	0.99933
0	149	136	0.999485
0	296	295	0.998977
0	273	203	0.999056
0	290	136	0.998997
1	187	26	0.999353
0	307	214	0.998938
0	167	134	0.999422
0	340	249	0.998823
1	259	30	0.999103
1	81	12	0.999719
0	183	126	0.999365
1	340	42	0.99882
0	80	60	0.999722
0	285	265	0.99901
0	304	188	0.998944
0	310	210	0.998923
0	128	53	0.999555
1	281	27	0.999023
1	198	48	0.999311
1	288	77	0.998998
1	183	37	0.999363
0	301	293	0.998952
0	161	124	0.999439
0	314	174	0.998906
0	179	91	0.999376
0	245	168	0.999146
0	253	159	0.999118
0	317	138	0.998895
1	232	46	0.999191
0	334	152	0.998833
0	143	112	0.9995
0	295	217	0.998969
0	319	219	0.998885
0	266	218	0.99907
0	96	53	0.999664
0	216	171	0.999244
0	332	288	0.998838
0	209	160	0.999268
0	335	325	0.998827
1	170	58	0.999403
0	102	80	0.999641
0	278	155	0.999022
0	231	229	0.999187
1	167	21	0.999412
1	307	105	0.998919
1	276	67	0.999028
1	256	63	0.999098
0	185	94	0.999348
0	127	102	0.999552
0	293	216	0.998967
0	175	73	0.999382
0	135	98	0.999523
1	278	81	0.999018
1	298	17	0.998947
0	195	147	0.99931
0	308	256	0.99891
1	206	17	0.999269
1	172	20	0.999389
0	166	103	0.99941
0	178	136	0.999367
0	233	219	0.999171
0	295	137	0.99895
0	282	152	0.998996
0	301	250	0.998928
0	252	110	0.999102
1	293	92	0.998956
0	226	208	0.999194
0	95	79	0.999661
1	199	17	0.99929
0	333	264	0.998812
1	260	59	0.999072
1	210	38	0.99925
0	146	72	0.999478
0	210	185	0.999249
0	257	138	0.999081
1	257	38	0.999081
0	281	115	0.998995
1	157	31	0.999438
0	243	168	0.99913
0	51	50	0.999817
0	209	100	0.99925
1	290	34	0.998959
0	186	84	0.999332
0	167	65	0.9994
0	199	115	0.999285
1	249	46	0.999105
0	325	292	0.998832
1	269	17	0.999033
1	140	25	0.999496
0	180	102	0.999352
1	151	27	0.999456
1	99	23	0.999643
0	276	136	0.999005
0	191	179	0.999311
1	326	106	0.998824
0	325	200	0.998827
0	322	295	0.998837
0	140	128	0.999494
0	174	69	0.999371
0	97	38	0.999649
0	230	153	0.999168
1	316	68	0.998857
1	202	52	0.999269
1	190	49	0.999312
0	261	194	0.999055
0	162	118	0.999413
0	196	128	0.999289
0	219	151	0.999205
0	87	77	0.999684
0	316	172	0.998853
0	142	131	0.999484
0	167	121	0.999393
1	327	19	0.998812
1	207	32	0.999247
0	211	194	0.999232
0	305	145	0.99889
0	109	75	0.999603
1	181	17	0.99934
0	257	202	0.999062
0	252	221	0.999079
1	291	16	0.998935
1	178	21	0.999348
0	181	119	0.999337
0	285	258	0.998956
1	150	41	0.99945
0	118	67	0.999567
0	297	243	0.99891
0	187	117	0.999313
0	273	172	0.998996
1	258	35	0.999051
1	144	27	0.99947
1	314	16	0.998845
1	302	51	0.998889
0	293	170	0.998922
0	85	38	0.999687
0	309	234	0.998863
1	263	44	0.999032
1	170	38	0.999374
1	54	7	0.999801
0	207	154	0.999236
0	179	66	0.999339
1	296	79	0.998907
0	203	80	0.99925
0	271	101	0.998999
0	213	151	0.999213
0	117	73	0.999567
1	210	35	0.999223
0	270	261	0.999001
1	150	9	0.999444
0	202	129	0.99925
1	78	18	0.99971
0	261	127	0.99903
0	309	253	0.998851
0	256	219	0.999047
1	211	34	0.999214
0	195	177	0.999273
0	256	164	0.999045
1	84	26	0.999686
0	236	134	0.999118
0	66	30	0.999753
0	66	26	0.999753
0	234	135	0.999124
1	297	59	0.998887
0	126	90	0.999527
0	282	196	0.998942
0	313	250	0.998824
0	200	185	0.999248
0	274	130	0.99897
1	130	38	0.999511
0	289	186	0.998913
1	183	59	0.999311
1	156	18	0.999412
0	274	198	0.998967
0	299	232	0.998872
0	274	240	0.998966
0	293	132	0.998894
1	110	7	0.999584
1	256	22	0.999032
0	275	262	0.99896
1	90	11	0.999659
1	302	25	0.998855
0	255	190	0.999033
0	141	64	0.999465
0	64	56	0.999757
0	219	175	0.999168
1	197	67	0.999251
1	114	10	0.999566
0	297	277	0.99887
1	89	23	0.999661
0	190	112	0.999276
0	296	251	0.998871
0	223	93	0.999148
1	245	46	0.999064
0	180	105	0.999312
0	210	85	0.999197
0	278	252	0.998937
0	230	229	0.999119
1	219	67	0.99916
0	263	252	0.998991
1	229	83	0.999121
0	198	187	0.999239
1	243	26	0.999066
1	276	20	0.998939
0	212	95	0.999184
0	297	110	0.998855
0	149	65	0.999425
0	308	148	0.998812
0	131	70	0.999494
1	220	32	0.99915
0	185	113	0.999285
0	256	229	0.99901
0	102	96	0.999605
0	111	81	0.99957
0	252	221	0.999024
0	106	79	0.999589
0	177	140	0.999313
0	275	272	0.998932
1	71	25	0.999724
0	302	160	0.998827
0	294	236	0.998858
0	264	151	0.998973
0	219	180	0.999146
0	210	106	0.999181
0	241	219	0.99906
1	243	48	0.999052
1	288	22	0.998875
0	300	242	0.998828
1	124	18	0.999515
0	212	165	0.999171
0	230	134	0.9991
0	299	277	0.99883
0	121	96	0.999526
0	87	54	0.999659
0	149	56	0.999416
0	191	91	0.999251
0	66	53	0.999741
0	280	252	0.998902
0	299	166	0.998827
0	254	148	0.999003
0	243	174	0.999046
0	194	91	0.999238
0	186	78	0.999269
1	180	27	0.999292
0	300	151	0.99882
0	113	94	0.999555
0	192	108	0.999243
1	204	46	0.999195
1	299	83	0.998819
0	127	104	0.999498
0	208	173	0.999178
0	198	170	0.999217
1	178	25	0.999296
1	298	44	0.998821
0	281	199	0.998888
1	78	25	0.999691
0	202	143	0.9992
0	210	159	0.999168
0	106	92	0.999579
0	283	188	0.998876
0	216	211	0.999141
1	287	59	0.998857
1	245	86	0.999024
0	258	182	0.998972
1	261	27	0.99896
0	169	63	0.999324
0	195	175	0.999219
1	175	55	0.999299
0	169	94	0.999323
0	130	71	0.999479
1	102	6	0.999591
0	273	150	0.998906
1	206	42	0.999172
1	188	15	0.999244
0	291	118	0.99883
0	282	125	0.998865
0	244	169	0.999017
0	152	149	0.999387
0	211	142	0.999149
0	280	234	0.998871
0	104	84	0.99958
0	129	105	0.999479
0	253	220	0.998977
1	293	104	0.998815
1	287	81	0.998839
1	68	15	0.999724
0	257	113	0.998957
0	272	169	0.998896
0	207	205	0.999156
1	277	56	0.998869
0	236	86	0.999036
1	208	46	0.99915
0	180	174	0.999263
0	143	62	0.999414
0	111	45	0.999545
1	183	60	0.99925
0	257	142	0.998947
0	69	61	0.999717
0	198	80	0.999188
0	57	40	0.999766
1	254	82	0.998958
1	280	85	0.99885
0	53	51	0.999782
0	278	221	0.998857
0	267	184	0.998901
1	169	56	0.999304
0	144	80	0.999406
0	183	130	0.999245
0	255	148	0.998948
0	263	236	0.998915
0	283	226	0.998832
1	161	24	0.999334
0	180	98	0.999255
1	187	41	0.999226
0	252	217	0.998957
0	137	95	0.999432
0	271	248	0.998877
1	263	58	0.99891
1	155	26	0.999357
0	125	47	0.999481
0	255	99	0.998941
0	185	160	0.999231
0	232	198	0.999035
0	235	134	0.999022
0	112	106	0.999533
1	76	20	0.999683
1	98	6	0.999591
0	89	55	0.999628
1	105	23	0.999561
0	273	193	0.998858
0	208	176	0.999128
1	244	13	0.998977
1	228	15	0.999043
0	109	108	0.999542
1	129	24	0.999457
0	124	105	0.999478
0	148	137	0.999377
0	270	146	0.998864
0	230	191	0.999032
0	257	251	0.998918
0	226	157	0.999048
0	237	183	0.999001
0	194	172	0.999182
0	189	151	0.999203
0	263	260	0.998891
0	174	117	0.999266
0	86	68	0.999637
0	159	118	0.999329
0	270	111	0.998861
0	80	72	0.999662
0	256	96	0.998919
0	274	224	0.998843
0	169	65	0.999285
1	243	61	0.998972
0	203	108	0.999141
0	258	211	0.998908
1	247	79	0.998954
0	235	116	0.999004
0	191	98	0.99919
0	90	52	0.999618
0	268	154	0.998863
1	238	84	0.99899
0	275	118	0.998833
0	207	126	0.999119
0	242	213	0.99897
0	245	218	0.998957
0	261	200	0.998888
0	175	148	0.999254
1	271	78	0.998844
0	223	125	0.999047
0	233	137	0.999004
1	203	57	0.999132
0	192	136	0.999178
0	183	122	0.999216
0	101	72	0.999567
0	238	118	0.99898
0	119	104	0.999489
0	112	96	0.999519
1	94	9	0.999596
1	164	37	0.999295
0	132	128	0.999432
1	258	61	0.99889
0	136	98	0.999414
0	188	184	0.99919
1	171	19	0.999263
0	156	103	0.999327
0	233	103	0.998995
1	91	8	0.999607
0	87	66	0.999624
0	256	245	0.998894
1	228	19	0.999014
0	162	60	0.999299
0	214	76	0.999074
0	273	191	0.998819
0	204	144	0.999117
1	202	55	0.999125
1	268	54	0.998839
0	158	99	0.999315
1	139	23	0.999396
0	218	143	0.999053
1	247	68	0.998927
0	214	140	0.99907
0	218	79	0.999051
1	78	11	0.99966
0	198	108	0.999137
1	194	45	0.999152
0	221	113	0.999034
0	264	230	0.998845
1	199	55	0.999129
1	196	25	0.999142
1	89	19	0.99961
0	216	200	0.999054
1	104	25	0.999544
0	106	86	0.999535
1	150	18	0.999342
0	164	117	0.99928
0	155	69	0.999319
1	209	58	0.999081
0	254	133	0.998883
0	268	224	0.998821
0	156	133	0.999313
0	192	132	0.999154
0	232	122	0.998977
1	207	12	0.999087
0	219	112	0.999034
0	249	103	0.998901
0	199	144	0.999121
0	71	26	0.999686
0	183	97	0.999191
1	104	20	0.99954
0	118	75	0.999478
0	165	92	0.99927
0	191	182	0.999154
1	244	80	0.998919
0	168	100	0.999255
0	198	99	0.999122
1	61	14	0.999729
0	250	238	0.99889
0	112	40	0.999502
0	150	128	0.999332
0	245	184	0.998909
0	217	133	0.999033
0	216	185	0.999037
0	154	69	0.999313
0	250	143	0.998885
1	160	28	0.999286
0	255	133	0.998862
0	156	88	0.999302
1	185	44	0.999172
0	246	101	0.998899
0	258	165	0.998845
1	129	39	0.999422
0	173	102	0.999225
0	233	137	0.998956
0	264	235	0.998817
0	176	89	0.999211
0	195	183	0.999125
0	246	127	0.998895
0	235	150	0.998944
1	188	20	0.999155
0	147	53	0.999339
0	231	213	0.998961
0	130	107	0.999415
1	174	34	0.999217
0	118	103	0.999468
0	213	83	0.99904
0	244	127	0.9989
0	126	73	0.999431
0	249	244	0.998876
0	206	170	0.999068
0	171	169	0.999226
0	184	171	0.999167
1	111	6	0.999497
0	94	72	0.999574
0	241	135	0.998906
0	193	68	0.999122
0	163	156	0.999258
0	177	147	0.999194
0	104	59	0.999526
1	226	13	0.998969
0	181	160	0.999174
0	106	66	0.999516
0	221	117	0.99899
0	233	83	0.998935
0	220	204	0.998994
0	251	124	0.998851
0	160	100	0.999267
0	251	183	0.99885
1	186	27	0.999147
0	210	207	0.999037
0	74	67	0.99966
0	101	64	0.999536
1	169	23	0.999222
0	258	178	0.998812
0	118	89	0.999456
0	201	196	0.999073
0	214	188	0.999013
0	160	137	0.99926
1	165	19	0.999236
1	246	55	0.998861
0	72	29	0.999666
0	77	50	0.999642
1	168	30	0.999217
0	242	95	0.998872
0	153	108	0.999286
1	118	28	0.999449
1	167	46	0.99922
1	179	20	0.999163
0	74	55	0.999653
1	242	79	0.998865
0	137	81	0.999357
0	179	172	0.99916
0	126	85	0.999408
0	114	51	0.999464
1	200	33	0.99906
0	177	133	0.999168
1	219	56	0.99897
0	180	119	0.999152
0	178	175	0.999161
0	127	59	0.999401
1	92	17	0.999566
0	194	163	0.999085
1	83	13	0.999608
1	238	50	0.998876
1	159	46	0.999247
0	137	107	0.999351
1	134	35	0.999365
0	229	185	0.998913
0	191	146	0.999092
0	215	155	0.998978
0	245	209	0.998832
1	122	28	0.999418
0	119	111	0.999432
1	202	70	0.999036
0	173	134	0.999174
1	190	39	0.999091
0	149	131	0.999287
1	104	26	0.999502
0	181	132	0.999132
1	138	7	0.999338
0	116	114	0.999443
1	245	78	0.998823
0	155	120	0.999255
0	210	107	0.99899
0	96	54	0.999538
1	222	52	0.998932
1	207	26	0.999004
0	140	90	0.999326
0	173	81	0.999166
0	219	175	0.998944
0	224	99	0.998919
0	204	180	0.999015
0	108	40	0.999478
1	134	29	0.999352
0	150	77	0.999274
0	196	91	0.999051
0	159	93	0.99923
0	184	155	0.999109
0	84	64	0.999593
0	131	49	0.999365
0	206	200	0.999001
1	129	26	0.999374
0	149	68	0.999277
1	213	57	0.998966
0	110	46	0.999465
1	228	72	0.998891
1	110	9	0.999464
0	142	120	0.999308
0	89	38	0.999566
0	121	95	0.99941
1	184	22	0.999103
0	132	69	0.999356
0	52	28	0.999746
0	170	125	0.999169
1	173	25	0.999153
0	233	128	0.998859
0	166	157	0.999184
1	156	43	0.999233
0	99	37	0.999513
1	172	37	0.999154
0	55	35	0.999729
0	220	144	0.998915
0	175	171	0.999136
0	219	193	0.998919
1	182	18	0.9991
0	96	79	0.999525
0	99	53	0.99951
1	176	11	0.999129
1	159	10	0.999213
0	114	60	0.999435
0	188	117	0.999068
0	112	88	0.999444
0	189	146	0.999062
0	172	148	0.999144
1	167	56	0.999168
0	147	61	0.999267
0	104	37	0.999481
1	116	26	0.999421
1	177	20	0.999115
1	199	25	0.999005
0	223	80	0.998885
0	235	97	0.998825
0	121	96	0.999394
0	234	210	0.998828
0	219	195	0.998903
0	155	116	0.999223
1	223	44	0.998882
1	177	17	0.999111
1	183	38	0.99908
0	208	101	0.998954
0	103	62	0.999481
0	155	104	0.999219
0	72	32	0.999637
1	208	55	0.998952
0	113	86	0.99943
0	172	121	0.999132
1	204	24	0.99897
0	206	187	0.998959
1	163	49	0.999176
0	143	64	0.999277
0	87	35	0.99956
1	184	48	0.999068
0	159	144	0.999194
0	195	113	0.999011
1	128	24	0.999349
0	124	85	0.999369
1	177	19	0.999099
0	218	109	0.99889
0	158	55	0.999195
0	121	93	0.999383
1	206	42	0.99895
0	202	167	0.998969
0	124	57	0.999364
0	167	85	0.999143
0	205	107	0.998947
0	180	94	0.999075
1	193	29	0.999007
1	217	64	0.998883
0	215	159	0.998893
0	200	144	0.99897
1	125	37	0.999356
0	176	146	0.999093
0	143	93	0.999262
0	121	111	0.999375
0	205	111	0.998941
0	192	186	0.999008
1	71	16	0.999632
0	180	81	0.999067
1	152	38	0.999212
1	194	60	0.998991
0	176	120	0.999084
1	224	65	0.998832
0	167	73	0.999128
1	214	22	0.998882
0	209	156	0.998907
1	206	17	0.998922
0	143	138	0.999251
0	91	66	0.999523
0	186	117	0.999024
0	142	140	0.999254
1	188	48	0.99901
0	66	31	0.999652
0	190	124	0.998998
0	98	64	0.999482
1	69	9	0.999635
1	215	42	0.998861
0	159	70	0.999156
1	187	47	0.999007
0	89	65	0.999527
1	133	17	0.999292
1	211	47	0.998877
1	79	23	0.999579
0	211	84	0.998876
1	102	21	0.999456
1	182	41	0.999029
0	175	148	0.999066
0	94	39	0.999498
0	67	42	0.999642
0	197	195	0.998948
0	187	140	0.999001
0	130	91	0.999305
1	57	9	0.999695
0	166	147	0.999111
0	162	127	0.999132
1	161	47	0.999137
0	202	69	0.998916
1	219	68	0.998824
0	90	73	0.999516
0	189	101	0.998984
0	213	166	0.998855
0	155	80	0.999166
0	167	59	0.9991
0	193	170	0.998958
1	96	19	0.999481
0	113	40	0.999389
0	195	193	0.998941
0	200	149	0.998913
1	204	12	0.99889
0	131	83	0.999286
1	178	35	0.99903
0	189	124	0.99897
1	83	25	0.999547
0	129	44	0.999296
0	112	105	0.999388
1	60	14	0.999672
0	106	42	0.99942
0	202	126	0.998895
0	61	32	0.999666
0	213	190	0.998833
1	79	25	0.999566
1	134	10	0.999264
0	95	77	0.999478
1	112	25	0.999384
0	182	93	0.998999
0	81	31	0.999554
0	108	102	0.999405
0	210	189	0.998843
0	207	140	0.998859
0	91	35	0.999497
1	168	34	0.999071
0	170	76	0.999058
1	190	11	0.998947
0	153	94	0.999149
0	120	106	0.999331
0	111	85	0.999381
0	131	86	0.999269
1	146	49	0.999185
0	154	126	0.99914
1	68	15	0.99962
1	181	38	0.998989
1	206	41	0.998849
0	192	162	0.998925
0	175	172	0.99902
0	211	186	0.998818
1	177	58	0.999008
0	141	86	0.999209
0	144	107	0.999192
0	172	159	0.999034
0	103	36	0.99942
1	174	52	0.99902
0	208	123	0.998827
1	187	18	0.998945
0	197	152	0.998887
0	210	186	0.998813
0	114	74	0.999355
0	135	57	0.999236
0	182	161	0.99897
1	208	70	0.998823
1	127	29	0.999279
0	190	120	0.998921
0	190	168	0.99892
0	109	52	0.99938
0	146	66	0.999169
0	206	88	0.998827
0	96	38	0.999452
0	76	43	0.999566
1	195	20	0.998887
1	77	8	0.99956
1	137	8	0.999217
0	169	93	0.999034
0	131	64	0.999251
1	122	36	0.999301
1	88	14	0.999495
0	178	142	0.998979
0	107	60	0.999386
0	134	48	0.999231
0	168	139	0.999036
0	109	75	0.999374
0	56	38	0.999678
0	177	145	0.998982
1	62	15	0.999643
0	124	59	0.999285
1	121	6	0.999302
0	166	154	0.999042
1	184	61	0.998937
0	168	159	0.999028
0	164	108	0.999051
1	136	44	0.999212
1	194	31	0.998875
0	181	140	0.99895
1	152	26	0.999118
1	189	36	0.998903
0	199	128	0.998845
0	139	103	0.999192
0	173	61	0.998994
0	133	81	0.999226
1	96	13	0.999441
1	115	33	0.99933
0	194	118	0.99887
0	119	45	0.999306
1	188	23	0.998904
0	176	120	0.998973
1	182	12	0.998938
0	144	50	0.999159
0	170	160	0.999007
0	66	48	0.999614
0	174	104	0.998982
0	115	96	0.999326
0	137	64	0.999197
0	91	76	0.999466
0	88	59	0.999483
0	118	106	0.999306
0	118	76	0.999306
1	143	27	0.999159
1	91	20	0.999463
0	186	163	0.998902
0	150	115	0.999113
0	54	42	0.99968
1	82	24	0.999514
0	104	88	0.999383
0	187	99	0.99889
0	175	132	0.998959
0	115	93	0.999315
1	139	12	0.999171
0	184	177	0.998902
1	75	11	0.999552
0	61	40	0.999635
0	63	35	0.999622
0	86	60	0.999484
0	119	53	0.999286
0	122	104	0.999264
0	118	66	0.999287
1	167	56	0.998991
0	61	26	0.99963
1	108	14	0.999344
0	50	18	0.999696
0	161	146	0.99902
0	127	122	0.999226
0	191	94	0.998836
1	168	48	0.998976
0	102	54	0.999378
1	152	39	0.999072
0	132	113	0.999194
0	98	40	0.999401
1	150	24	0.999081
0	193	180	0.998817
0	146	141	0.999104
0	138	49	0.999152
0	172	114	0.998942
1	117	10	0.99928
0	137	131	0.999157
1	191	62	0.998824
0	128	127	0.999211
1	180	35	0.998888
0	162	55	0.998999
0	187	93	0.998839
1	171	43	0.998938
1	179	22	0.998887
1	180	45	0.99888
1	87	10	0.999458
1	135	11	0.999159
0	172	132	0.998926
1	176	42	0.998901
1	189	52	0.998819
0	151	126	0.999055
1	134	29	0.999161
0	145	128	0.999091
0	167	100	0.998952
0	155	63	0.999027
0	106	51	0.999334
0	73	29	0.999541
0	136	106	0.999144
0	150	135	0.999053
0	126	82	0.999204
0	116	91	0.999267
1	65	19	0.999589
0	153	123	0.999033
1	162	43	0.998976
0	114	88	0.999279
1	129	42	0.999182
0	180	177	0.998858
0	147	140	0.999067
0	89	77	0.999434
0	174	163	0.998894
0	128	89	0.999186
0	180	92	0.998855
1	172	25	0.998903
1	174	43	0.998887
1	113	35	0.999276
1	157	21	0.998994
0	165	125	0.998942
0	105	103	0.999326
1	157	26	0.998992
0	130	113	0.999165
0	86	63	0.999447
0	120	101	0.999225
0	169	102	0.998908
0	140	99	0.999094
1	146	13	0.999055
1	138	15	0.999105
0	73	36	0.999526
0	146	93	0.999052
0	123	115	0.9992
0	59	21	0.999616
1	84	20	0.999453
0	173	77	0.998874
0	168	69	0.998906
1	139	45	0.999093
0	141	98	0.999079
0	149	137	0.999026
0	127	112	0.999169
0	107	64	0.999299
0	180	80	0.998818
1	174	33	0.998857
0	141	77	0.999073
0	116	78	0.999237
1	140	24	0.999079
0	144	127	0.999051
0	112	68	0.999261
0	171	91	0.998872
1	105	34	0.999307
1	131	13	0.999135
0	127	118	0.999161
0	171	100	0.99887
0	134	95	0.999112
0	105	79	0.999304
0	129	60	0.999144
1	103	7	0.999315
1	149	31	0.999008
0	124	118	0.999174
0	177	175	0.99882
0	162	136	0.998918
0	113	87	0.999245
0	147	100	0.999018
0	163	102	0.998909
0	143	50	0.999041
0	61	37	0.99959
0	159	114	0.998932
0	99	95	0.999334
0	131	94	0.999118
0	129	84	0.999131
0	168	114	0.998868
0	102	83	0.999312
0	108	72	0.99927
0	171	83	0.998844
1	139	32	0.99906
1	153	45	0.998964
0	126	118	0.999146
0	117	56	0.999206
1	122	28	0.999171
1	109	26	0.999258
1	59	12	0.999597
1	61	19	0.999583
0	73	32	0.9995
1	96	15	0.999342
1	147	9	0.998991
1	109	16	0.999251
0	161	105	0.998894
0	138	137	0.999051
0	104	78	0.999282
1	156	31	0.998923
0	106	82	0.999267
1	113	21	0.999218
1	104	9	0.99928
0	164	56	0.998865
1	69	11	0.999522
0	95	47	0.999342
1	163	40	0.998871
1	120	23	0.999168
0	144	142	0.998999
0	88	43	0.999387
0	90	42	0.999372
0	149	116	0.998958
1	50	6	0.999649
1	105	13	0.999263
0	149	74	0.998954
1	138	42	0.99903
1	153	33	0.998923
0	111	58	0.999218
0	134	54	0.999056
0	128	109	0.999098
0	65	23	0.999541
0	153	119	0.99892
1	97	14	0.999314
0	88	43	0.999377
1	139	15	0.999016
1	149	16	0.998944
0	124	54	0.999121
1	109	28	0.999226
0	119	68	0.999154
0	107	69	0.999238
0	127	125	0.999094
0	125	115	0.999108
0	124	96	0.999113
0	143	123	0.998976
0	141	116	0.998988
0	135	47	0.999029
1	66	12	0.999525
1	64	21	0.999538
0	89	65	0.999357
1	138	25	0.999003
0	106	50	0.999229
0	60	24	0.999563
1	134	18	0.999024
0	148	87	0.998922
0	92	66	0.999329
0	121	111	0.999117
0	86	43	0.999371
0	68	41	0.999502
0	155	57	0.998865
0	141	54	0.998967
0	144	118	0.998941
1	108	22	0.999205
0	153	124	0.998874
0	123	73	0.999093
1	117	8	0.999137
0	154	137	0.998864
1	105	25	0.999225
0	129	122	0.999047
0	83	59	0.999386
0	67	24	0.999504
0	152	94	0.998874
0	127	85	0.999058
0	153	126	0.998864
1	146	30	0.998908
1	89	5	0.999334
0	86	83	0.999355
1	92	15	0.99931
0	110	73	0.999175
0	66	35	0.999504
0	105	57	0.999211
0	98	91	0.999262
0	113	54	0.999149
1	65	4	0.99951
0	147	103	0.998891
0	121	120	0.999086
1	80	15	0.999395
0	102	58	0.999228
1	151	47	0.998857
0	88	73	0.999331
0	133	124	0.998989
0	143	104	0.998912
0	73	69	0.999444
0	155	125	0.99882
0	140	116	0.998933
1	67	15	0.999489
0	154	107	0.998826
0	125	81	0.999045
0	142	91	0.998915
0	90	84	0.999312
0	98	71	0.99925
0	146	78	0.998882
0	155	77	0.998812
0	100	45	0.999233
1	144	28	0.998895
1	145	19	0.998887
0	99	35	0.999239
0	115	105	0.999115
1	138	7	0.998934
0	116	73	0.999102
0	83	56	0.999357
0	105	93	0.999186
0	85	32	0.999339
1	112	11	0.999129
0	85	29	0.999337
1	145	23	0.998869
0	92	49	0.999281
0	99	80	0.999226
0	112	51	0.999124
0	138	74	0.998919
0	120	86	0.999058
0	136	47	0.998932
0	102	58	0.999198
1	74	24	0.999418
0	144	114	0.998868
1	93	21	0.999266
0	100	89	0.999209
0	92	49	0.99927
0	91	47	0.999273
0	134	76	0.998928
1	134	31	0.998927
0	137	57	0.998899
1	126	15	0.998984
0	145	57	0.99883
0	115	73	0.999071
0	108	85	0.999125
0	119	80	0.999034
0	133	98	0.998919
0	112	44	0.999089
0	121	102	0.999015
1	55	11	0.99955
0	75	52	0.999386
0	81	50	0.999336
0	50	38	0.99959
0	133	114	0.99891
1	140	41	0.998852
1	143	19	0.998826
1	92	28	0.999243
1	119	11	0.999021
1	141	17	0.998839
0	111	65	0.999084
0	82	37	0.999323
1	134	16	0.998891
0	67	46	0.999445
1	103	31	0.999147
0	130	122	0.998923
0	51	49	0.999577
0	89	70	0.999261
0	106	67	0.999119
1	88	16	0.999268
0	62	57	0.999484
0	130	105	0.998913
1	114	21	0.999046
0	132	86	0.998895
0	85	45	0.999288
0	95	80	0.999204
0	70	59	0.999413
0	58	51	0.999513
0	117	41	0.999018
0	60	27	0.999496
0	136	45	0.998858
1	59	15	0.999504
0	133	84	0.99888
1	79	18	0.999333
1	81	10	0.999313
0	137	89	0.998838
1	108	22	0.999083
1	62	5	0.999472
0	137	121	0.998834
1	129	20	0.9989
1	74	5	0.999368
0	105	91	0.999103
0	118	54	0.99899
0	124	94	0.998938
0	87	58	0.999254
0	75	72	0.999356
1	132	25	0.998862
0	107	94	0.999077
0	90	73	0.999222
0	96	69	0.999169
0	108	40	0.999058
0	129	86	0.998875
1	125	40	0.998907
0	102	85	0.999106
0	115	96	0.99899
0	132	51	0.99884
0	102	88	0.999103
0	128	107	0.998874
0	85	74	0.999249
0	129	114	0.998858
1	95	12	0.999156
0	112	65	0.999001
1	99	25	0.999113
0	110	57	0.99901
0	128	116	0.998844
0	65	34	0.999412
0	83	47	0.999248
0	122	110	0.998895
0	123	115	0.998882
0	121	80	0.9989
0	50	44	0.999544
1	71	16	0.999352
0	123	106	0.998877
0	130	75	0.998813
1	128	25	0.998831
1	111	24	0.998986
1	113	35	0.998966
1	71	13	0.99935
1	101	31	0.999075
0	77	43	0.999293
1	74	7	0.999317
0	65	44	0.9994
0	106	95	0.999021
0	105	57	0.99903
0	112	62	0.998964
1	120	23	0.998888
1	65	17	0.999395
0	61	55	0.999432
0	125	99	0.998834
0	82	48	0.999233
1	89	6	0.999167
0	79	61	0.99926
0	126	109	0.998812
1	123	21	0.99884
0	117	100	0.998896
0	113	103	0.998925
0	122	119	0.998836
0	99	75	0.999055
0	89	45	0.999148
1	119	14	0.998861
0	58	33	0.999444
0	95	54	0.999089
0	81	47	0.999222
1	87	24	0.999163
0	72	33	0.999307
0	117	51	0.998866
0	91	84	0.999117
1	121	37	0.998826
0	115	60	0.998884
0	114	51	0.99889
1	101	12	0.999016
0	116	101	0.99887
0	68	25	0.999337
0	84	77	0.99918
0	60	29	0.999414
0	66	41	0.999353
1	67	10	0.999343
0	72	55	0.999294
0	64	26	0.999372
0	102	101	0.998999
0	90	87	0.999116
0	51	26	0.999498
1	98	28	0.999035
1	74	4	0.99927
1	70	4	0.999308
0	94	70	0.99907
0	111	92	0.998901
1	112	15	0.998889
0	77	55	0.999235
1	84	5	0.999163
0	110	60	0.998904
1	56	14	0.999441
0	73	30	0.999271
0	90	79	0.9991
1	103	32	0.998969
0	79	66	0.999207
1	84	11	0.999156
0	110	50	0.998893
1	63	11	0.999358
1	71	20	0.999276
1	113	36	0.998847
0	77	71	0.999214
0	107	101	0.998908
0	114	64	0.998836
0	67	62	0.999313
0	87	64	0.999108
0	109	84	0.998882
0	92	66	0.999053
1	85	13	0.999119
0	93	30	0.999035
0	60	41	0.999377
0	89	88	0.99907
1	93	9	0.999027
1	102	9	0.998932
0	61	29	0.999361
1	56	7	0.999412
0	96	49	0.998992
1	91	23	0.999041
1	92	10	0.999029
1	103	23	0.998913
0	77	35	0.999186
0	75	28	0.999207
1	104	33	0.998899
0	103	96	0.998908
0	104	72	0.998896
0	100	92	0.998935
1	94	30	0.998992
1	69	12	0.999256
0	77	30	0.999161
0	53	49	0.999422
0	66	40	0.99928
1	77	14	0.99916
1	59	10	0.999356
0	96	81	0.99895
1	105	31	0.99885
0	59	29	0.999349
1	57	16	0.999371
0	89	79	0.999017
1	51	14	0.999434
0	81	49	0.999096
0	65	61	0.999273
1	65	8	0.999273
0	93	87	0.99896
0	81	66	0.99909
0	88	56	0.999008
1	80	13	0.999098
0	53	49	0.999402
0	52	38	0.999413
0	59	56	0.999333
0	64	46	0.999275
1	52	11	0.999409
0	60	21	0.999313
1	86	10	0.999013
0	59	20	0.999319
0	66	48	0.999238
0	88	73	0.998982
1	64	8	0.999255
0	101	90	0.998821
0	100	75	0.998832
0	101	51	0.99882
1	84	15	0.999018
1	61	18	0.999286
0	82	77	0.99904
0	61	55	0.999285
0	68	65	0.999201
0	68	47	0.999195
0	94	88	0.99888
0	73	72	0.999128
0	80	38	0.999042
0	63	59	0.999244
0	72	71	0.999132
0	65	22	0.999209
1	70	4	0.999148
1	74	16	0.999097
0	91	85	0.998888
1	69	9	0.999156
0	69	53	0.999154
1	69	16	0.999153
0	84	71	0.998967
1	65	5	0.999198
0	92	58	0.998865
1	73	18	0.999099
0	89	60	0.998894
0	82	72	0.99898
0	91	32	0.998868
0	78	49	0.999029
1	75	4	0.999062
1	59	14	0.99926
1	93	18	0.998819
0	75	44	0.999047
0	57	56	0.999275
0	75	59	0.999045
0	58	50	0.999257
0	65	36	0.999165
1	72	9	0.999073
0	69	47	0.99911
1	78	8	0.998992
0	77	35	0.999004
0	70	33	0.999086
0	66	61	0.999137
1	81	13	0.998941
1	81	23	0.998937
1	90	15	0.998818
0	51	38	0.999329
0	75	28	0.999005
0	51	28	0.999323
0	62	25	0.999176
0	86	54	0.998857
0	87	56	0.998834
1	80	10	0.998916
0	55	41	0.999249
0	60	47	0.99918
0	78	32	0.998932
0	65	44	0.999105
1	81	23	0.998882
0	77	44	0.998937
0	60	49	0.999169
0	79	42	0.998904
0	58	37	0.999195
0	67	66	0.999068
0	60	28	0.999163
0	67	53	0.999062
0	50	45	0.999298
0	81	64	0.998859
0	72	71	0.998985
1	51	14	0.999279
1	83	24	0.998821
0	73	67	0.99896
0	71	63	0.998988
0	78	35	0.998885
0	68	49	0.999022
0	76	37	0.998906
1	77	24	0.998891
1	63	12	0.999092
0	52	22	0.999249
0	57	19	0.999172
1	53	9	0.999226
0	63	56	0.999079
0	67	29	0.999016
1	50	15	0.999264
0	54	50	0.999204
0	74	62	0.998906
1	63	16	0.999066
0	51	47	0.999241
0	75	51	0.998884
0	67	60	0.998997
1	58	8	0.999131
0	56	26	0.99916
0	75	42	0.998871
0	75	30	0.998869
1	56	10	0.999152
0	77	28	0.998833
1	78	23	0.998814
0	64	39	0.99902
0	57	46	0.999127
0	50	23	0.999232
0	70	38	0.998921
0	54	19	0.999166
1	64	6	0.998996
0	59	54	0.999066
0	68	26	0.998919
1	55	5	0.999123
0	67	59	0.998928
0	69	48	0.998887
0	54	47	0.999128
0	67	38	0.998918
0	63	39	0.998982
1	68	6	0.998897
0	57	46	0.999075
0	53	37	0.999137
0	50	32	0.999179
1	67	4	0.998894
0	66	32	0.998909
0	58	47	0.999041
0	50	47	0.999173
0	55	36	0.99909
0	58	45	0.99904
1	58	5	0.999022
1	66	13	0.998884
1	64	12	0.998914
1	63	9	0.998929
0	54	18	0.99908
0	61	27	0.998958
0	60	57	0.998971
0	50	36	0.999132
0	66	28	0.998847
0	60	57	0.998946
0	55	50	0.999033
1	54	8	0.999047
0	61	26	0.998918
0	52	42	0.999075
1	66	17	0.998826
0	63	34	0.998872
0	66	61	0.998813
0	55	25	0.998997
0	64	51	0.998828
0	55	25	0.998991
0	62	25	0.998857
0	50	36	0.999073
1	61	8	0.998864
0	62	47	0.998836
1	57	16	0.998929
1	55	16	0.998963
0	59	35	0.998884
0	54	36	0.998972
1	60	12	0.998857
0	62	46	0.998814
0	56	33	0.998921
1	50	9	0.999026
1	50	4	0.999022
0	57	40	0.998882
1	52	13	0.998975
0	58	23	0.998851
1	54	9	0.998921
0	52	46	0.998952
0	55	18	0.998876
0	53	38	0.998915
0	53	52	0.998904
0	52	47	0.998922
0	55	30	0.998817
0	50	19	0.998839
