313743
15.7075
5000
1	430	279	0.999999
1	405	43	0.999999
1	329	189	0.999999
1	456	49	0.999998
1	196	84	0.999999
1	166	51	0.999999
1	486	284	0.999997
1	479	228	0.999997
1	270	144	0.999998
1	398	191	0.999997
1	371	264	0.999997
1	350	155	0.999997
1	91	67	0.999999
1	269	37	0.999997
1	492	306	0.999994
1	441	53	0.999994
1	359	297	0.999995
1	266	52	0.999996
0	389	387	0.999994
1	321	116	0.999995
1	187	28	0.999997
1	245	149	0.999996
1	168	159	0.999997
1	361	122	0.999993
1	251	222	0.999995
1	223	94	0.999995
1	397	216	0.999991
1	86	52	0.999998
1	462	262	0.999989
1	287	147	0.999993
0	281	278	0.999993
1	310	98	0.999992
1	340	113	0.999991
1	489	337	0.999987
1	222	122	0.999994
1	403	198	0.999989
1	470	246	0.999987
1	393	139	0.999989
1	249	207	0.999993
1	388	189	0.999989
1	140	35	0.999996
1	205	60	0.999994
1	298	224	0.999991
1	491	74	0.999985
1	195	108	0.999994
1	453	349	0.999986
1	418	175	0.999987
1	62	40	0.999998
1	152	58	0.999995
1	411	232	0.999986
1	404	81	0.999986
1	395	61	0.999986
1	469	312	0.999983
1	314	290	0.999988
1	182	28	0.999993
1	490	461	0.999981
1	422	372	0.999983
1	97	29	0.999996
1	435	131	0.999982
1	313	180	0.999987
1	401	51	0.999983
1	70	65	0.999997
1	384	150	0.999983
1	428	122	0.999981
1	422	80	0.999981
1	66	19	0.999997
1	281	70	0.999987
1	492	294	0.999976
1	100	60	0.999995
1	259	239	0.999987
1	159	67	0.999992
1	451	133	0.999977
1	370	154	0.999981
1	399	314	0.999979
1	341	52	0.999982
1	413	60	0.999978
1	393	257	0.999979
1	260	87	0.999986
1	426	103	0.999977
1	73	18	0.999996
1	399	251	0.999978
1	343	284	0.999981
1	450	367	0.999975
1	213	198	0.999988
1	265	91	0.999985
1	457	160	0.999974
1	400	114	0.999977
1	243	37	0.999986
1	275	207	0.999984
1	326	87	0.999981
1	325	93	0.999981
1	355	66	0.999979
1	354	303	0.999979
1	440	143	0.999973
1	129	10	0.999992
0	192	187	0.999988
1	171	35	0.999989
0	357	348	0.999977
1	465	152	0.99997
1	263	56	0.999983
1	216	56	0.999986
1	293	197	0.999981
1	462	37	0.99997
1	122	57	0.999992
0	385	380	0.999974
1	444	348	0.99997
1	412	139	0.999972
1	396	121	0.999973
1	337	119	0.999977
1	378	260	0.999974
0	87	84	0.999994
1	430	240	0.99997
1	356	166	0.999975
1	466	94	0.999967
1	280	54	0.99998
1	448	379	0.999968
0	470	459	0.999966
0	424	419	0.999969
1	232	26	0.999983
1	496	171	0.999963
1	279	207	0.999979
1	212	168	0.999984
1	447	58	0.999966
1	446	70	0.999966
1	354	173	0.999973
1	365	112	0.999972
1	208	195	0.999984
1	268	26	0.999979
1	191	165	0.999985
1	379	77	0.99997
1	290	26	0.999977
1	325	213	0.999974
1	375	352	0.99997
1	249	99	0.99998
1	322	73	0.999974
1	425	205	0.999965
1	326	149	0.999973
1	494	203	0.999959
1	361	305	0.99997
1	324	269	0.999973
1	251	168	0.999979
1	367	271	0.999969
1	395	78	0.999966
1	477	87	0.999958
1	214	56	0.999981
1	437	192	0.999961
1	56	37	0.999995
1	474	396	0.999957
1	175	74	0.999984
1	464	371	0.999957
1	86	32	0.999992
1	386	286	0.999964
1	149	114	0.999986
1	436	339	0.999959
1	489	170	0.999954
1	116	32	0.999989
1	420	369	0.99996
1	241	104	0.999977
1	327	293	0.999968
1	452	116	0.999955
1	407	60	0.999959
1	331	201	0.999966
0	360	352	0.999963
1	439	293	0.999954
1	142	26	0.999985
1	490	385	0.999948
1	122	105	0.999987
1	459	286	0.999949
1	381	241	0.999957
1	175	134	0.99998
1	461	232	0.999947
1	482	79	0.999944
1	232	213	0.999973
1	334	35	0.999961
1	264	223	0.999969
1	119	17	0.999986
1	76	70	0.999991
1	363	220	0.999957
1	498	398	0.999941
1	404	45	0.999952
0	437	414	0.999948
1	452	311	0.999946
1	264	71	0.999968
1	321	237	0.999961
1	443	325	0.999946
1	276	102	0.999966
1	477	195	0.999941
1	307	210	0.999962
1	210	192	0.999974
1	347	116	0.999957
1	248	85	0.999969
1	453	166	0.999943
1	434	368	0.999945
1	402	273	0.999949
1	343	219	0.999956
1	452	218	0.999941
1	424	110	0.999944
1	404	341	0.999946
1	201	70	0.999973
1	420	270	0.999943
1	279	202	0.999962
1	197	125	0.999973
1	433	201	0.99994
1	417	376	0.999941
1	423	103	0.99994
1	417	261	0.99994
1	104	93	0.999985
1	367	61	0.999947
1	173	95	0.999975
1	490	331	0.999929
0	138	135	0.99998
1	310	182	0.999955
1	272	226	0.99996
1	224	154	0.999967
0	155	153	0.999977
1	323	252	0.999952
1	266	96	0.99996
1	212	73	0.999968
1	375	188	0.999943
0	301	292	0.999954
1	305	162	0.999953
1	499	170	0.999922
1	374	58	0.999941
0	417	390	0.999934
1	346	67	0.999945
1	262	151	0.999958
1	330	125	0.999947
1	323	187	0.999948
1	335	66	0.999946
1	110	99	0.999982
1	231	46	0.999962
1	237	146	0.999961
1	430	49	0.999929
0	108	101	0.999982
1	438	176	0.999927
1	359	282	0.99994
1	239	113	0.99996
1	221	193	0.999963
1	340	35	0.999943
1	131	105	0.999978
1	230	29	0.999961
1	218	101	0.999963
1	453	97	0.999923
0	158	146	0.999973
1	386	44	0.999934
1	245	89	0.999958
1	99	54	0.999983
1	157	62	0.999973
1	174	71	0.99997
1	260	59	0.999955
1	397	314	0.99993
1	158	24	0.999972
1	343	215	0.999939
1	413	353	0.999926
1	188	40	0.999966
1	373	195	0.999932
1	400	166	0.999927
1	230	124	0.999958
1	388	104	0.999929
1	277	69	0.999949
0	308	298	0.999943
1	477	239	0.999911
1	486	253	0.999909
0	385	378	0.999927
1	371	113	0.999929
1	198	154	0.999962
1	327	156	0.999937
1	414	222	0.99992
1	377	216	0.999927
1	87	55	0.999983
1	496	265	0.999903
1	184	114	0.999964
1	469	97	0.999908
1	437	372	0.999914
0	325	306	0.999936
1	304	107	0.99994
1	286	137	0.999943
0	353	343	0.999929
1	256	35	0.999948
1	384	120	0.999922
1	497	283	0.999899
1	221	64	0.999955
0	388	352	0.99992
1	489	130	0.999899
1	481	188	0.9999
1	470	218	0.999902
1	340	284	0.999929
1	463	118	0.999903
1	496	350	0.999896
1	218	193	0.999954
1	113	80	0.999976
1	169	40	0.999964
1	384	312	0.999918
1	345	32	0.999926
1	288	92	0.999938
1	496	373	0.999893
1	253	138	0.999945
1	410	99	0.99991
1	259	185	0.999943
0	245	241	0.999946
1	145	114	0.999968
1	357	70	0.999921
0	365	354	0.999919
1	108	12	0.999976
1	196	168	0.999956
1	296	259	0.999933
1	184	45	0.999958
1	423	201	0.999903
1	484	322	0.999889
1	357	109	0.999918
1	350	63	0.999919
1	337	78	0.999922
1	358	184	0.999917
1	237	74	0.999945
1	258	188	0.99994
1	394	318	0.999908
0	388	345	0.999909
0	405	393	0.999905
1	260	31	0.999939
1	366	39	0.999914
1	157	109	0.999963
1	322	167	0.999924
1	452	284	0.999893
1	280	208	0.999933
1	313	140	0.999925
1	382	205	0.999908
1	479	219	0.999884
1	425	56	0.999896
0	449	443	0.99989
1	212	25	0.999948
1	318	69	0.999922
1	326	279	0.99992
1	299	253	0.999926
1	307	162	0.999924
1	318	174	0.999921
1	394	183	0.999902
1	302	127	0.999924
1	246	168	0.999938
1	464	296	0.999883
1	333	84	0.999916
1	400	85	0.999899
0	267	241	0.999932
1	402	186	0.999897
1	382	259	0.999902
1	436	266	0.999888
1	463	90	0.999881
1	301	125	0.999922
1	474	111	0.999877
1	242	104	0.999937
1	330	281	0.999914
1	317	158	0.999917
1	452	100	0.999881
1	448	269	0.999882
1	429	44	0.999887
1	488	233	0.999871
1	398	222	0.999894
1	255	119	0.999932
1	461	166	0.999877
1	484	128	0.99987
1	443	252	0.999881
1	171	35	0.999954
1	270	88	0.999927
1	303	154	0.999918
1	203	170	0.999945
0	417	377	0.999887
1	493	286	0.999866
1	297	197	0.999919
1	300	52	0.999918
1	464	78	0.999872
0	402	351	0.999889
1	417	42	0.999884
0	467	462	0.999869
0	260	256	0.999927
1	327	66	0.999908
1	337	183	0.999905
1	282	226	0.99992
1	260	98	0.999926
1	207	98	0.999941
1	403	289	0.999885
0	220	210	0.999937
1	199	157	0.999943
1	178	102	0.999949
1	194	72	0.999944
1	422	51	0.999878
0	242	221	0.99993
1	190	82	0.999945
1	300	85	0.999913
1	385	180	0.999888
1	261	46	0.999924
1	278	125	0.999919
1	393	257	0.999885
1	344	54	0.999899
1	320	51	0.999906
1	408	252	0.99988
1	384	104	0.999887
1	438	173	0.999871
1	444	120	0.999868
1	248	142	0.999926
1	469	355	0.99986
1	365	157	0.999891
1	214	128	0.999936
0	357	314	0.999893
1	300	245	0.99991
1	388	302	0.999883
1	315	121	0.999905
1	268	70	0.999919
1	462	332	0.99986
1	470	180	0.999856
1	475	271	0.999854
1	377	290	0.999884
1	406	338	0.999875
0	295	256	0.999909
1	271	81	0.999916
1	161	83	0.99995
1	318	162	0.999901
1	398	163	0.999876
1	230	68	0.999928
1	268	216	0.999916
1	232	56	0.999927
1	162	14	0.999949
1	295	60	0.999907
1	479	254	0.999849
0	206	204	0.999935
1	386	85	0.999878
1	205	165	0.999935
1	312	213	0.999901
1	424	137	0.999865
1	339	77	0.999891
0	453	416	0.999854
1	459	357	0.999852
1	344	29	0.999889
1	377	257	0.999878
1	451	145	0.999854
1	287	50	0.999906
1	473	230	0.999845
1	137	101	0.999955
0	152	140	0.99995
1	279	86	0.999908
0	464	450	0.999847
0	300	282	0.999901
1	387	64	0.999872
1	54	19	0.999982
1	54	5	0.999982
1	186	51	0.999938
1	361	121	0.999879
1	98	36	0.999967
1	291	202	0.999902
1	341	63	0.999885
1	246	193	0.999917
1	280	23	0.999905
0	336	290	0.999885
1	298	73	0.999898
1	70	58	0.999976
1	411	69	0.999859
1	390	172	0.999866
0	470	422	0.999838
1	490	182	0.999831
1	491	129	0.99983
1	430	152	0.999851
1	400	29	0.999861
1	373	297	0.99987
1	143	93	0.99995
0	394	348	0.999862
1	291	181	0.999898
1	77	28	0.999973
1	407	285	0.999857
1	429	326	0.999848
1	285	161	0.999899
1	392	303	0.999861
0	445	428	0.999842
1	374	34	0.999867
1	450	48	0.999838
0	358	333	0.999871
0	208	190	0.999925
0	221	185	0.99992
1	427	184	0.999845
1	402	322	0.999854
1	428	277	0.999844
1	417	124	0.999848
1	230	64	0.999916
1	271	166	0.999901
0	331	297	0.999879
1	213	166	0.999922
1	297	218	0.999891
1	489	236	0.99982
1	382	195	0.999859
1	111	81	0.999959
1	197	59	0.999927
1	261	143	0.999903
1	489	83	0.999818
1	498	89	0.999813
0	434	385	0.999837
1	314	192	0.999882
1	298	206	0.999888
1	429	292	0.999838
1	127	61	0.999952
1	272	24	0.999897
1	401	163	0.999848
1	174	97	0.999934
1	303	83	0.999885
1	453	119	0.999828
1	200	138	0.999924
0	326	285	0.999876
1	467	115	0.999822
1	493	211	0.999811
1	398	215	0.999847
1	156	24	0.99994
1	293	136	0.999887
1	212	56	0.999918
1	266	134	0.999897
1	485	39	0.999812
0	441	400	0.999829
1	362	143	0.999859
1	399	107	0.999844
1	414	269	0.999837
1	218	74	0.999914
1	304	234	0.99988
1	491	326	0.999806
1	233	60	0.999907
0	421	409	0.999831
1	367	167	0.999852
1	492	147	0.999801
1	478	222	0.999806
1	113	78	0.999954
1	307	109	0.999875
1	496	72	0.999798
0	356	346	0.999855
1	323	148	0.999868
1	440	345	0.99982
1	462	195	0.999811
0	178	174	0.999927
1	459	211	0.999811
1	449	275	0.999815
1	485	148	0.9998
0	63	57	0.999974
1	445	94	0.999816
0	370	312	0.999847
0	471	404	0.999805
1	357	179	0.999852
1	164	32	0.999932
1	205	96	0.999915
1	364	74	0.999849
0	202	192	0.999916
1	359	238	0.999849
1	354	60	0.999851
1	391	200	0.999835
1	443	140	0.999813
0	499	482	0.999789
1	227	115	0.999904
1	463	202	0.999804
1	139	108	0.999941
1	447	205	0.99981
1	286	28	0.999878
0	257	232	0.99989
1	310	112	0.999867
1	282	123	0.999879
0	219	175	0.999906
1	454	337	0.999805
0	437	433	0.999812
1	230	104	0.999901
1	153	107	0.999934
1	445	315	0.999808
1	500	239	0.999784
1	441	341	0.999809
1	210	37	0.999909
1	161	115	0.99993
1	207	111	0.99991
0	302	288	0.999868
1	297	97	0.99987
1	249	44	0.999891
1	326	149	0.999857
1	173	93	0.999924
1	472	88	0.999792
1	490	134	0.999784
1	372	190	0.999836
0	220	178	0.999903
1	231	42	0.999898
1	490	59	0.999783
1	447	197	0.999802
1	370	224	0.999836
1	388	300	0.999828
1	162	92	0.999928
1	148	112	0.999934
0	361	319	0.999839
1	123	39	0.999945
1	228	54	0.999898
1	446	340	0.999797
1	316	90	0.999856
1	463	82	0.999789
1	272	118	0.999876
1	483	313	0.999779
1	83	29	0.999962
1	297	139	0.999864
0	366	342	0.999832
0	344	281	0.999842
1	202	30	0.999907
0	356	297	0.999836
1	230	173	0.999894
1	477	205	0.99978
1	143	27	0.999934
1	452	298	0.99979
1	187	114	0.999913
0	159	128	0.999926
1	380	234	0.999823
1	404	135	0.999811
0	79	69	0.999963
0	476	455	0.999777
0	211	193	0.999901
1	262	88	0.999877
1	366	53	0.999828
1	306	46	0.999856
0	223	182	0.999895
1	140	22	0.999934
1	409	302	0.999807
1	375	46	0.999823
1	457	343	0.999784
1	361	97	0.999829
1	380	178	0.99982
1	194	67	0.999908
0	59	48	0.999972
0	465	377	0.999779
1	352	192	0.999832
0	381	359	0.999818
1	441	130	0.999789
1	474	222	0.999773
0	340	282	0.999837
0	223	191	0.999893
1	250	99	0.99988
0	375	298	0.99982
0	434	420	0.999791
0	298	243	0.999856
1	478	170	0.999769
1	300	58	0.999855
1	211	20	0.999898
0	380	329	0.999816
1	128	76	0.999938
1	455	275	0.999779
1	460	244	0.999776
0	334	281	0.999837
0	498	463	0.999756
1	204	122	0.9999
0	410	332	0.999799
1	465	205	0.999772
1	112	40	0.999945
0	399	314	0.999804
1	488	311	0.99976
1	437	73	0.999785
0	457	378	0.999775
1	199	141	0.999902
1	477	308	0.999765
1	233	85	0.999885
1	275	174	0.999864
1	339	242	0.999832
0	400	311	0.999801
0	450	368	0.999776
1	417	123	0.999792
1	457	263	0.999772
1	299	224	0.99985
1	404	147	0.999797
1	195	58	0.999902
0	464	363	0.999766
0	460	442	0.999768
1	427	135	0.999784
1	494	361	0.99975
1	241	126	0.999878
0	282	226	0.999857
1	280	116	0.999858
1	335	75	0.99983
1	462	325	0.999765
1	460	268	0.999766
1	432	147	0.99978
1	313	126	0.99984
1	129	32	0.999934
1	125	44	0.999936
1	207	107	0.999894
1	421	228	0.999784
1	496	196	0.999745
1	317	185	0.999837
1	459	145	0.999764
1	103	61	0.999947
1	478	71	0.999754
0	373	332	0.999808
0	331	325	0.999829
1	201	28	0.999896
1	490	248	0.999746
1	308	147	0.99984
1	418	247	0.999782
0	174	153	0.999909
0	237	208	0.999876
1	378	57	0.999802
0	427	392	0.999776
0	114	111	0.99994
1	328	73	0.999827
1	377	195	0.999801
1	370	250	0.999804
1	302	217	0.99984
1	334	26	0.999823
1	113	30	0.99994
1	462	255	0.999754
1	358	45	0.999809
0	461	374	0.999754
1	236	39	0.999874
0	406	344	0.999783
1	183	130	0.999902
1	373	113	0.999799
1	446	44	0.999759
1	329	77	0.999822
1	155	45	0.999916
1	406	155	0.99978
1	164	123	0.999911
0	455	450	0.999752
0	66	53	0.999964
1	359	81	0.999804
0	342	281	0.999813
1	325	184	0.999822
1	253	113	0.999861
1	249	88	0.999863
1	327	56	0.99982
0	339	314	0.999813
1	368	215	0.999797
1	270	197	0.999851
0	440	371	0.999757
1	275	82	0.999848
0	215	185	0.999881
0	334	307	0.999815
0	457	415	0.999746
1	439	201	0.999756
1	239	107	0.999867
1	409	161	0.999772
1	95	56	0.999947
1	154	101	0.999914
0	486	423	0.999728
1	309	83	0.999827
0	148	134	0.999917
1	257	96	0.999855
1	457	153	0.999742
0	240	202	0.999864
1	312	92	0.999823
0	259	198	0.999852
1	490	65	0.99972
1	404	155	0.999769
1	362	76	0.999793
1	355	78	0.999797
1	479	326	0.999726
1	122	58	0.99993
1	362	120	0.999792
1	279	190	0.999839
1	313	135	0.999819
1	435	250	0.999747
1	182	36	0.999894
1	469	164	0.999726
0	340	313	0.999801
1	268	183	0.999843
1	75	14	0.999956
1	393	49	0.999769
1	90	47	0.999947
0	219	168	0.999871
1	78	41	0.999954
1	346	80	0.999795
1	108	64	0.999936
1	361	163	0.999786
1	375	245	0.999777
0	275	219	0.999836
1	256	119	0.999847
1	413	33	0.999753
1	167	57	0.9999
1	481	75	0.999712
1	257	24	0.999846
0	208	205	0.999875
1	463	200	0.99972
1	365	123	0.999779
1	399	214	0.999758
1	84	17	0.999949
1	362	221	0.99978
0	217	194	0.999868
0	388	337	0.999764
1	230	159	0.99986
0	253	203	0.999846
0	358	270	0.999782
0	463	394	0.999718
1	126	78	0.999923
1	296	30	0.999819
1	484	98	0.999704
1	353	219	0.999784
1	410	95	0.999749
0	413	411	0.999746
1	478	172	0.999706
1	411	292	0.999747
1	385	87	0.999763
1	99	20	0.999939
1	297	79	0.999817
1	107	66	0.999934
0	267	239	0.999835
1	412	184	0.999745
1	268	35	0.999834
0	493	392	0.999694
0	319	268	0.999801
0	500	434	0.999688
0	256	224	0.99984
1	472	171	0.999705
1	499	99	0.999688
0	214	157	0.999866
1	284	22	0.999822
1	363	134	0.999772
1	455	84	0.999714
0	493	451	0.999689
1	277	66	0.999825
1	500	195	0.999684
1	442	110	0.99972
0	406	350	0.999742
0	420	393	0.999733
1	234	167	0.999851
0	325	268	0.999793
1	463	98	0.999705
1	441	208	0.999719
1	284	54	0.999819
1	279	60	0.999822
1	210	78	0.999866
0	447	410	0.999714
0	399	300	0.999744
1	271	159	0.999826
1	461	54	0.999704
0	484	396	0.999689
1	353	236	0.999773
1	454	120	0.999708
1	331	150	0.999787
1	461	227	0.999703
1	402	63	0.999741
1	360	195	0.999768
1	400	146	0.999742
1	493	45	0.999682
0	265	225	0.999829
1	260	157	0.999832
1	51	20	0.999967
0	357	293	0.999769
1	364	65	0.999764
1	340	167	0.999779
0	441	366	0.999713
1	366	82	0.999761
0	467	344	0.999694
1	267	86	0.999825
1	308	117	0.999798
1	378	88	0.999752
1	285	189	0.999813
1	480	157	0.999685
1	425	192	0.999721
0	364	343	0.999761
0	482	435	0.999683
1	459	161	0.999698
1	436	284	0.999713
0	460	333	0.999697
1	431	244	0.999716
1	141	70	0.999907
1	365	180	0.999759
1	458	305	0.999697
0	443	441	0.999706
1	455	206	0.999698
0	358	314	0.999762
1	418	95	0.999722
1	257	51	0.999829
1	269	167	0.999821
0	335	244	0.999777
1	346	47	0.999769
1	402	179	0.99973
0	343	280	0.999769
1	386	227	0.99974
0	282	228	0.99981
1	249	35	0.999832
1	286	148	0.999807
0	449	421	0.999697
1	320	121	0.999784
0	148	106	0.9999
0	337	310	0.999772
1	297	118	0.999799
0	124	104	0.999916
1	499	282	0.999662
0	348	332	0.999764
0	387	377	0.999737
1	94	31	0.999936
1	298	83	0.999797
0	295	264	0.999799
1	472	58	0.999678
1	337	161	0.99977
1	467	210	0.99968
1	318	92	0.999782
1	404	130	0.999723
1	153	12	0.999895
1	240	135	0.999835
1	430	138	0.999704
1	392	271	0.999729
0	376	373	0.999739
1	412	238	0.999714
0	413	321	0.999713
0	315	266	0.999781
1	349	129	0.999757
1	441	174	0.999692
0	418	323	0.999708
1	418	166	0.999708
0	186	180	0.99987
1	433	53	0.999697
1	344	63	0.999759
1	298	78	0.999791
1	382	210	0.999732
1	362	209	0.999746
0	471	371	0.999667
0	219	157	0.999845
1	440	222	0.999688
1	420	111	0.999702
0	310	252	0.99978
1	321	51	0.999772
1	392	209	0.999721
1	396	105	0.999718
0	286	265	0.999796
1	318	106	0.999773
1	383	130	0.999726
0	211	199	0.999849
1	476	87	0.999659
0	403	339	0.999711
0	131	96	0.999906
0	485	343	0.999652
0	496	416	0.999644
0	188	165	0.999865
1	344	31	0.999753
0	448	343	0.999678
1	377	188	0.999729
1	285	146	0.999795
0	481	410	0.999654
0	164	149	0.999882
1	385	130	0.999723
1	394	50	0.999716
0	492	467	0.999645
1	412	174	0.999702
1	181	24	0.999869
0	404	354	0.999707
0	266	214	0.999807
1	321	218	0.999767
0	173	147	0.999874
0	232	208	0.999831
1	457	55	0.999667
1	170	102	0.999876
1	222	126	0.999838
0	236	211	0.999827
1	109	41	0.99992
1	387	239	0.999716
1	301	205	0.999779
1	399	33	0.999707
0	438	369	0.999678
1	393	211	0.999711
1	455	268	0.999665
1	247	128	0.999818
1	445	189	0.999672
0	255	195	0.999812
1	462	235	0.999659
0	203	159	0.99985
0	449	392	0.999668
0	173	162	0.999872
1	390	248	0.999711
0	345	288	0.999744
1	293	136	0.999782
1	215	84	0.99984
1	340	121	0.999747
1	282	149	0.99979
1	471	83	0.999649
1	346	48	0.999742
1	245	144	0.999817
1	380	113	0.999716
0	457	429	0.999658
1	259	62	0.999806
1	487	187	0.999635
1	124	40	0.999907
1	461	111	0.999652
1	339	98	0.999744
1	308	48	0.999767
1	444	60	0.999664
1	107	66	0.999919
1	395	98	0.999701
0	420	314	0.999682
1	219	141	0.999834
0	186	144	0.999859
0	290	228	0.99978
0	464	431	0.999647
1	385	224	0.999707
0	88	71	0.999933
1	114	18	0.999913
0	284	251	0.999783
0	365	250	0.999721
1	370	196	0.999717
1	200	52	0.999847
1	457	103	0.99965
1	406	176	0.999689
0	137	109	0.999895
0	228	227	0.999825
1	430	273	0.99967
0	198	143	0.999848
0	177	130	0.999864
0	406	351	0.999688
1	312	185	0.99976
1	113	40	0.999913
1	252	106	0.999806
0	430	345	0.999669
1	419	245	0.999677
1	391	162	0.999698
0	251	175	0.999806
0	141	123	0.999891
0	265	255	0.999795
0	420	352	0.999675
1	218	131	0.999831
1	299	165	0.999768
1	259	119	0.999799
1	148	59	0.999885
0	396	363	0.999691
1	155	64	0.999879
1	406	233	0.999683
1	338	115	0.999736
0	441	305	0.999655
1	308	117	0.999759
1	189	103	0.999852
1	361	216	0.999717
1	424	179	0.999667
0	457	430	0.999641
0	159	122	0.999875
0	390	379	0.999693
0	297	275	0.999766
1	270	79	0.999787
0	291	231	0.99977
1	296	126	0.999766
1	86	29	0.999932
0	72	53	0.999943
0	399	363	0.999684
1	380	128	0.999699
1	203	103	0.999839
1	267	27	0.999788
1	214	101	0.99983
0	132	90	0.999895
1	408	181	0.999675
1	133	75	0.999894
1	419	117	0.999666
0	479	464	0.999618
1	272	66	0.999783
0	447	420	0.999643
1	468	83	0.999626
0	100	92	0.99992
0	436	333	0.999651
1	453	166	0.999637
0	329	283	0.999736
1	238	76	0.999809
1	218	20	0.999825
0	224	203	0.99982
0	398	381	0.99968
0	424	323	0.999659
1	491	191	0.999605
0	488	374	0.999607
0	386	286	0.999689
1	443	174	0.999643
0	224	185	0.999819
1	224	128	0.999819
1	261	129	0.999789
0	497	464	0.999598
1	173	107	0.99986
1	374	229	0.999697
1	148	24	0.99988
1	450	76	0.999635
1	482	194	0.999609
1	175	96	0.999858
0	488	384	0.999604
1	352	64	0.999714
1	395	38	0.999679
0	210	154	0.999829
0	330	298	0.999731
1	152	71	0.999876
0	332	245	0.999729
0	143	115	0.999883
0	369	359	0.999698
0	210	206	0.999828
1	382	155	0.999687
1	189	25	0.999845
1	234	26	0.999808
1	314	74	0.999742
1	475	169	0.999609
0	301	242	0.999752
0	320	249	0.999736
0	395	329	0.999674
1	159	55	0.999868
0	424	393	0.999648
1	377	146	0.999687
1	401	121	0.999667
0	266	188	0.999779
1	332	29	0.999724
1	376	87	0.999687
1	492	76	0.99959
0	373	254	0.999689
1	460	275	0.999615
0	485	416	0.999594
1	474	87	0.999603
1	382	245	0.99968
0	420	383	0.999648
1	186	14	0.999844
1	437	66	0.999633
1	428	157	0.99964
0	498	385	0.999581
0	303	224	0.999745
1	461	299	0.999612
1	457	49	0.999615
0	417	406	0.999648
0	341	299	0.999712
1	200	71	0.999831
1	415	58	0.999649
1	469	175	0.999603
0	261	189	0.999779
1	342	166	0.99971
1	344	60	0.999708
0	496	416	0.999579
1	206	78	0.999825
1	498	182	0.999576
1	485	263	0.999587
0	292	275	0.999751
0	328	303	0.99972
0	247	174	0.999789
0	303	268	0.99974
0	452	379	0.999612
0	206	195	0.999823
0	320	231	0.999725
1	249	120	0.999786
1	413	123	0.999645
1	221	122	0.99981
0	50	47	0.999957
1	329	203	0.999717
1	358	72	0.999692
0	489	488	0.999579
1	317	52	0.999727
1	486	172	0.999581
1	197	66	0.99983
0	329	229	0.999716
1	300	107	0.999741
0	476	316	0.999588
1	448	169	0.999612
0	359	327	0.999689
0	317	310	0.999725
1	223	95	0.999806
1	394	127	0.999657
1	320	190	0.999721
1	276	174	0.999759
1	491	232	0.999571
0	279	184	0.999756
1	391	55	0.999658
1	446	157	0.999609
0	434	371	0.999619
1	422	188	0.999629
0	441	359	0.999612
0	369	286	0.999675
1	448	174	0.999605
1	393	60	0.999653
1	380	218	0.999664
1	321	119	0.999716
0	403	364	0.999643
0	176	171	0.999844
0	421	403	0.999626
0	305	298	0.999729
1	480	155	0.999573
1	383	193	0.999659
1	485	82	0.999568
1	295	139	0.999737
0	65	47	0.999942
0	195	148	0.999826
1	409	236	0.999635
0	207	193	0.999815
1	85	10	0.999924
1	85	23	0.999924
1	312	67	0.999721
0	331	280	0.999704
0	144	141	0.999871
1	154	86	0.999862
0	471	415	0.999578
1	145	71	0.99987
1	291	34	0.999739
1	487	188	0.999563
0	401	273	0.99964
0	364	275	0.999673
1	447	150	0.999598
1	488	192	0.999561
1	381	95	0.999657
1	453	225	0.999591
0	476	456	0.99957
1	288	182	0.999739
1	246	45	0.999777
0	321	260	0.999709
0	204	161	0.999815
0	434	292	0.999606
1	153	31	0.999861
1	340	34	0.999691
0	363	297	0.99967
1	418	62	0.99962
0	177	153	0.999839
1	460	88	0.999581
0	432	361	0.999605
0	258	227	0.999764
1	189	50	0.999827
1	355	198	0.999675
0	348	246	0.999681
1	488	185	0.999552
1	367	191	0.999663
1	319	60	0.999707
0	486	382	0.999553
1	444	257	0.999591
1	343	171	0.999684
0	448	342	0.999587
1	194	118	0.999821
1	478	50	0.999559
0	479	404	0.999558
1	239	98	0.999779
1	213	29	0.999803
1	452	206	0.999582
0	439	296	0.999594
0	455	316	0.999578
0	236	217	0.999781
1	362	117	0.999664
1	213	99	0.999802
1	428	127	0.999602
0	500	329	0.999535
0	102	80	0.999905
1	421	47	0.999608
1	206	101	0.999808
1	343	142	0.99968
0	345	290	0.999678
0	473	465	0.999558
0	433	346	0.999595
1	459	119	0.99957
1	244	123	0.999771
1	441	136	0.999586
1	427	70	0.999599
1	149	73	0.99986
0	416	374	0.999609
1	51	20	0.999952
1	305	95	0.999713
0	465	429	0.999562
1	161	26	0.999848
1	268	36	0.999747
1	450	136	0.999575
0	325	241	0.999693
1	373	46	0.999647
1	414	203	0.999608
1	208	129	0.999803
1	154	33	0.999854
0	392	310	0.999628
1	334	66	0.999683
0	378	275	0.999641
0	228	162	0.999783
0	440	309	0.999581
0	190	126	0.999819
0	383	250	0.999634
0	477	366	0.999544
1	234	55	0.999776
0	171	163	0.999836
1	76	15	0.999927
0	378	349	0.999637
1	204	27	0.999804
1	180	50	0.999827
1	316	191	0.999696
1	291	114	0.99972
1	404	237	0.999611
1	431	128	0.999585
0	82	64	0.999921
1	218	31	0.99979
1	218	107	0.99979
0	409	355	0.999606
1	394	226	0.99962
1	461	64	0.999555
1	215	67	0.999792
0	281	217	0.999728
0	302	278	0.999707
1	398	126	0.999613
1	363	56	0.999647
1	221	111	0.999785
1	335	78	0.999674
0	303	210	0.999705
0	416	310	0.999595
1	480	230	0.999532
1	445	100	0.999566
1	491	223	0.999521
0	467	460	0.999544
1	172	46	0.999832
0	470	341	0.999541
0	420	330	0.999589
1	393	155	0.999615
1	372	165	0.999635
0	162	105	0.999841
1	216	48	0.999788
0	443	306	0.999565
1	463	288	0.999545
1	295	109	0.99971
1	420	77	0.999587
0	303	237	0.999702
0	253	204	0.999751
0	270	207	0.999734
1	207	111	0.999796
1	141	40	0.999861
1	211	74	0.999792
1	463	49	0.999543
1	394	79	0.999611
0	406	363	0.999599
1	365	167	0.999639
1	186	33	0.999816
1	458	255	0.999547
1	231	105	0.999771
0	284	231	0.999718
0	480	344	0.999523
0	329	262	0.999673
1	495	208	0.999508
0	434	426	0.999568
0	465	417	0.999537
1	348	213	0.999653
1	403	244	0.999598
0	405	336	0.999596
0	478	352	0.999523
1	57	21	0.999943
1	114	58	0.999886
0	374	250	0.999626
1	401	86	0.999599
1	393	71	0.999606
0	155	145	0.999844
1	435	177	0.999562
1	471	42	0.999525
0	450	389	0.999546
1	200	121	0.999798
0	298	212	0.999699
1	281	76	0.999716
0	452	373	0.999543
1	440	160	0.999555
0	238	228	0.999759
1	387	164	0.999608
1	280	172	0.999716
1	415	48	0.999579
1	262	39	0.999734
0	326	284	0.999669
1	385	148	0.999609
1	240	117	0.999756
0	406	276	0.999587
1	276	40	0.999719
1	374	138	0.999619
1	475	52	0.999516
1	103	15	0.999895
0	340	254	0.999653
1	439	65	0.999552
1	239	62	0.999756
0	384	324	0.999608
1	250	20	0.999744
0	396	320	0.999594
0	413	291	0.999576
0	223	210	0.999771
1	205	89	0.999789
1	436	40	0.999551
1	189	95	0.999805
0	188	159	0.999806
1	496	183	0.999488
1	363	30	0.999625
0	391	320	0.999596
0	448	425	0.999536
1	187	44	0.999806
0	156	124	0.999838
1	469	246	0.999513
1	472	201	0.999509
0	72	61	0.999925
1	357	76	0.999628
1	236	132	0.999754
1	94	12	0.999902
0	424	296	0.999558
0	442	374	0.999539
0	480	308	0.999499
0	293	207	0.999694
1	406	182	0.999576
1	279	164	0.999708
0	448	292	0.999531
0	287	285	0.999699
1	97	35	0.999898
1	445	202	0.999532
0	411	356	0.999567
1	223	84	0.999765
1	426	66	0.999551
1	365	157	0.999615
1	488	285	0.999485
0	432	413	0.999544
1	442	246	0.999533
1	342	169	0.999638
1	353	63	0.999626
0	147	114	0.999844
1	277	51	0.999706
0	243	197	0.999742
0	207	190	0.99978
1	191	48	0.999797
0	63	51	0.999933
0	282	189	0.9997
1	444	96	0.999526
1	235	31	0.999749
0	410	377	0.999562
1	385	191	0.999588
0	179	123	0.999808
1	206	68	0.999779
0	495	451	0.999469
1	489	48	0.999474
0	453	287	0.999512
0	419	280	0.999548
1	139	62	0.99985
1	376	133	0.999594
1	417	122	0.999549
0	183	143	0.999802
1	408	160	0.999558
0	227	138	0.999754
1	466	55	0.999495
1	490	291	0.999469
0	499	409	0.999459
0	176	149	0.999809
0	234	207	0.999746
1	273	91	0.999703
1	421	168	0.999542
1	157	69	0.999829
1	155	84	0.999831
0	216	193	0.999764
0	218	214	0.999761
0	92	88	0.999899
1	339	90	0.999627
0	459	435	0.999494
0	466	379	0.999486
1	284	100	0.999686
0	452	410	0.9995
1	310	176	0.999657
1	413	236	0.999543
1	391	118	0.999567
1	343	43	0.99962
0	491	336	0.999455
0	390	338	0.999567
1	397	85	0.999559
1	279	119	0.99969
1	358	152	0.999602
1	382	35	0.999575
0	450	288	0.999499
1	446	242	0.999503
0	312	235	0.999652
1	415	234	0.999537
0	492	467	0.999451
0	346	330	0.999613
1	446	58	0.999501
1	298	53	0.999666
0	475	471	0.999467
1	120	24	0.999865
1	256	34	0.999712
1	348	149	0.999608
0	427	275	0.999519
0	426	263	0.99952
0	322	233	0.999637
1	344	109	0.999612
1	342	161	0.999614
1	464	107	0.999476
1	346	131	0.999609
0	368	301	0.999583
1	306	59	0.999653
0	222	213	0.999748
1	472	276	0.999464
0	360	223	0.999591
0	286	272	0.999675
1	227	125	0.999742
1	278	81	0.999684
1	234	130	0.999734
1	73	14	0.999917
0	195	153	0.999778
0	256	156	0.999708
0	484	416	0.999448
1	367	147	0.999581
0	98	60	0.999888
1	257	147	0.999706
1	496	100	0.999432
1	164	40	0.999812
1	464	263	0.999467
1	396	105	0.999545
1	313	82	0.99964
0	66	61	0.999924
0	256	237	0.999705
1	439	168	0.999494
1	365	203	0.999579
1	286	125	0.99967
0	468	388	0.99946
1	240	135	0.999723
1	472	91	0.999455
1	465	71	0.999463
1	399	189	0.999539
0	413	273	0.999522
0	438	403	0.999493
0	182	128	0.999789
0	416	311	0.999517
1	497	258	0.999423
1	241	133	0.99972
1	247	46	0.999713
0	395	291	0.999541
0	178	169	0.999793
0	85	80	0.999901
0	164	132	0.999809
1	242	112	0.999718
1	421	125	0.999509
1	433	35	0.999495
1	354	119	0.999587
1	113	23	0.999868
1	196	54	0.999771
0	396	331	0.999536
1	215	120	0.999748
1	167	63	0.999804
1	311	54	0.999635
1	487	231	0.999428
1	137	67	0.999839
0	438	370	0.999484
0	156	124	0.999816
0	480	401	0.999434
0	299	275	0.999647
1	292	147	0.999655
0	417	257	0.999507
1	366	162	0.999567
0	386	345	0.999543
1	429	186	0.999492
0	464	410	0.99945
1	354	104	0.99958
1	214	101	0.999746
0	320	233	0.99962
0	425	284	0.999495
1	494	187	0.999413
0	168	123	0.9998
1	231	18	0.999725
1	367	111	0.999563
1	224	37	0.999733
0	286	184	0.999659
1	83	15	0.999901
1	420	181	0.999499
0	292	219	0.999651
0	163	148	0.999805
1	314	78	0.999624
0	400	364	0.999521
0	410	372	0.999509
0	464	434	0.999444
0	441	295	0.999471
0	225	169	0.99973
1	486	90	0.999416
0	297	238	0.999642
0	102	88	0.999877
1	217	48	0.999738
1	260	64	0.999685
1	66	5	0.99992
1	458	95	0.999445
1	461	251	0.999441
1	487	128	0.999409
1	210	61	0.999745
0	367	211	0.999554
1	486	155	0.999409
1	210	27	0.999744
1	281	69	0.999657
0	122	110	0.999851
0	401	371	0.99951
1	470	115	0.999425
0	201	157	0.999754
1	409	117	0.999499
1	493	46	0.999396
1	381	134	0.999533
0	375	306	0.99954
1	260	84	0.999681
0	488	307	0.999401
1	430	76	0.999472
0	499	304	0.999387
0	275	192	0.999662
0	395	327	0.999514
0	221	167	0.999728
0	351	264	0.999568
0	493	427	0.999393
1	249	61	0.999693
1	468	259	0.999423
0	137	129	0.999831
0	338	305	0.999583
0	175	143	0.999784
1	375	128	0.999537
1	494	252	0.99939
1	432	229	0.999466
0	306	297	0.999621
0	478	359	0.999408
0	368	270	0.999544
1	418	39	0.999482
0	357	268	0.999556
1	278	106	0.999654
1	282	130	0.999649
1	151	82	0.999812
1	155	23	0.999807
0	309	185	0.999615
0	319	278	0.999602
0	261	159	0.999674
0	422	351	0.999473
1	469	55	0.999414
0	236	200	0.999705
0	468	428	0.999415
0	290	246	0.999637
1	481	186	0.999398
0	317	241	0.999603
1	440	183	0.999449
0	339	292	0.999575
1	459	85	0.999424
1	391	88	0.999509
0	66	39	0.999917
1	445	131	0.99944
1	231	129	0.999709
1	169	71	0.999787
0	218	181	0.999725
0	490	422	0.999382
1	126	37	0.999841
0	362	308	0.999543
0	362	259	0.999543
1	293	121	0.99963
0	384	222	0.999515
0	399	331	0.999496
1	496	271	0.999373
0	331	239	0.999581
1	184	24	0.999767
0	408	375	0.999483
1	171	39	0.999783
1	449	238	0.99943
1	404	106	0.999487
1	407	157	0.999483
1	470	230	0.999403
1	314	171	0.999601
1	458	225	0.999418
0	129	86	0.999836
1	423	66	0.999461
1	444	109	0.999434
1	418	200	0.999467
1	436	63	0.999444
1	336	153	0.999571
0	277	156	0.999646
0	279	180	0.999643
0	300	214	0.999616
1	221	99	0.999717
0	395	345	0.999494
0	361	276	0.999537
0	240	200	0.999692
0	267	181	0.999657
0	200	145	0.999743
1	455	121	0.999415
0	333	227	0.999571
1	232	46	0.999701
0	492	410	0.999366
1	432	75	0.999443
0	231	160	0.999702
0	293	232	0.999622
0	210	122	0.999729
1	264	108	0.999659
1	463	160	0.999402
0	482	289	0.999376
1	213	16	0.999724
0	477	453	0.999382
1	436	187	0.999435
1	473	49	0.999387
1	168	54	0.999782
1	181	23	0.999765
1	473	152	0.999386
1	454	162	0.99941
1	351	167	0.999543
0	457	324	0.999404
0	429	264	0.99944
0	202	181	0.999736
0	400	221	0.999477
0	406	403	0.999469
1	409	132	0.999465
1	285	104	0.999627
0	270	195	0.999646
1	373	169	0.999511
1	154	23	0.999798
1	408	156	0.999465
0	385	352	0.999495
1	333	68	0.999563
0	380	307	0.999501
1	226	100	0.999703
1	497	115	0.999347
0	436	272	0.999427
0	499	307	0.999342
0	436	280	0.999425
0	72	60	0.999905
0	478	364	0.999369
1	84	16	0.999889
1	230	101	0.999696
0	183	170	0.999758
0	359	352	0.999525
1	280	71	0.999629
1	347	60	0.99954
0	368	326	0.999512
0	462	267	0.999387
0	498	419	0.999339
0	128	120	0.99983
0	195	107	0.999741
1	488	56	0.999352
1	462	204	0.999386
0	367	336	0.999512
0	499	487	0.999336
1	484	105	0.999355
0	123	75	0.999836
1	198	15	0.999736
1	417	141	0.999444
1	423	59	0.999436
0	486	359	0.999352
0	257	175	0.999657
0	372	226	0.999503
0	217	142	0.99971
1	490	190	0.999345
0	237	154	0.999683
0	495	402	0.999338
0	188	120	0.999748
1	326	155	0.999563
0	311	218	0.999583
0	266	189	0.999643
1	410	130	0.999449
0	232	213	0.999688
0	499	316	0.999329
0	486	282	0.999346
1	422	101	0.999432
0	361	277	0.999514
0	480	315	0.999353
1	482	108	0.99935
0	481	373	0.999351
0	455	299	0.999385
1	403	43	0.999455
0	468	401	0.999367
1	147	31	0.999801
1	260	121	0.999648
1	141	70	0.999809
0	228	141	0.999691
0	431	273	0.999416
1	349	105	0.999527
1	455	184	0.999383
0	500	405	0.999321
1	430	59	0.999416
0	424	406	0.999424
1	309	84	0.99958
1	239	52	0.999675
1	144	41	0.999804
1	199	38	0.999729
1	210	65	0.999714
1	366	100	0.999501
0	253	204	0.999655
0	197	138	0.999731
1	312	26	0.999574
0	427	252	0.999417
0	300	243	0.99959
0	431	254	0.99941
1	395	172	0.999459
0	357	331	0.999511
0	435	301	0.999404
0	462	268	0.999367
0	248	231	0.99966
1	488	44	0.999331
0	379	290	0.99948
0	427	315	0.999414
1	249	29	0.999658
1	251	95	0.999655
1	165	74	0.999773
1	380	171	0.999477
1	106	42	0.999854
1	418	221	0.999423
0	110	85	0.999848
0	156	104	0.999784
1	179	22	0.999752
0	101	89	0.99986
0	485	448	0.999328
1	352	52	0.999511
1	478	195	0.999335
0	493	406	0.999314
1	288	148	0.999599
1	459	184	0.999361
1	374	158	0.999479
0	383	225	0.999466
0	436	290	0.999392
1	469	104	0.999345
1	486	180	0.999321
0	470	288	0.999343
1	329	58	0.99954
1	482	217	0.999326
0	386	342	0.99946
1	308	27	0.999569
1	446	45	0.999376
0	323	257	0.999548
0	392	389	0.999451
0	226	187	0.999683
1	283	92	0.999603
0	315	175	0.999558
1	315	27	0.999558
0	362	259	0.999492
0	322	243	0.999548
1	213	33	0.9997
1	212	77	0.999701
0	307	298	0.999567
0	482	443	0.999319
0	278	250	0.999607
1	157	35	0.999778
1	451	183	0.999362
0	130	129	0.999816
1	366	88	0.999482
1	407	193	0.999424
1	349	183	0.999506
1	278	123	0.999606
0	325	213	0.999539
1	447	46	0.999366
0	458	371	0.99935
0	433	294	0.999385
1	391	118	0.999444
0	194	182	0.999724
0	428	294	0.999391
1	222	112	0.999684
1	288	64	0.99959
0	302	257	0.99957
0	226	171	0.999678
1	313	120	0.999554
0	150	90	0.999786
0	246	197	0.999649
0	389	259	0.999445
1	474	104	0.999323
1	431	184	0.999384
1	291	66	0.999584
0	223	148	0.999681
1	494	143	0.999293
1	473	43	0.999323
0	67	43	0.999904
1	372	143	0.999467
0	485	410	0.999305
0	136	84	0.999805
1	453	104	0.99935
1	411	174	0.99941
0	378	315	0.999457
1	476	129	0.999316
1	73	23	0.999895
0	358	200	0.999485
0	435	283	0.999374
0	50	40	0.999928
1	193	34	0.999722
1	390	36	0.999438
0	432	274	0.999377
1	169	39	0.999756
0	458	306	0.999339
1	406	57	0.999414
0	478	285	0.999309
1	246	109	0.999644
1	313	86	0.999547
1	494	100	0.999285
1	394	111	0.999429
0	499	316	0.999275
1	205	103	0.999702
0	461	365	0.99933
1	383	89	0.999443
1	365	163	0.999469
1	365	126	0.999469
0	423	385	0.999384
0	357	332	0.99948
0	337	203	0.999509
1	461	37	0.999328
1	487	40	0.99929
1	274	69	0.9996
0	313	230	0.999543
0	478	320	0.999302
0	108	76	0.999842
1	367	34	0.999463
0	408	273	0.999403
1	443	71	0.999351
1	133	35	0.999805
0	367	274	0.999462
1	242	36	0.999645
1	293	93	0.99957
0	426	262	0.999374
0	266	201	0.999609
0	493	406	0.999275
1	480	225	0.999294
0	194	125	0.999714
0	483	456	0.999288
0	298	223	0.99956
0	466	408	0.999312
0	480	435	0.999291
1	291	74	0.99957
0	484	320	0.999285
1	435	83	0.999357
1	98	9	0.999855
1	428	200	0.999366
0	292	211	0.999567
1	458	179	0.999321
1	298	56	0.999558
0	422	229	0.999374
0	384	321	0.99943
1	200	19	0.999703
1	269	78	0.9996
0	487	423	0.999276
0	203	194	0.999698
1	283	41	0.999579
1	371	63	0.999448
1	313	70	0.999534
1	194	74	0.999711
0	286	257	0.999574
0	396	276	0.99941
0	65	44	0.999903
0	340	213	0.999492
0	342	308	0.999489
0	315	289	0.999529
0	442	409	0.999339
1	354	129	0.99947
0	472	295	0.999293
1	483	70	0.999276
0	484	318	0.999274
0	183	124	0.999725
1	442	226	0.999336
0	396	363	0.999405
1	446	186	0.999329
0	239	163	0.99964
1	459	179	0.999308
1	417	180	0.999371
0	471	294	0.999289
0	247	168	0.999627
1	92	40	0.999861
0	109	96	0.999835
1	424	103	0.999358
0	385	330	0.999417
0	130	116	0.999803
0	293	218	0.999556
1	282	110	0.999572
0	467	439	0.999291
0	156	143	0.999763
0	428	277	0.99935
0	375	195	0.99943
1	438	66	0.999334
0	345	206	0.999475
0	180	155	0.999726
0	199	111	0.999697
0	302	203	0.99954
0	277	274	0.999578
1	453	131	0.99931
1	428	48	0.999348
1	185	76	0.999718
0	353	220	0.999461
1	450	115	0.999312
0	117	80	0.999821
0	251	197	0.999616
1	479	182	0.999267
1	496	196	0.999241
1	224	70	0.999657
1	423	56	0.999352
0	455	326	0.999303
1	353	72	0.999459
0	432	248	0.999338
0	492	430	0.999246
1	381	109	0.999416
0	426	263	0.999347
1	347	135	0.999468
1	367	183	0.999437
0	481	336	0.999262
1	210	53	0.999677
0	202	151	0.999689
0	419	418	0.999355
1	500	57	0.999229
1	151	18	0.999767
0	381	275	0.999412
1	147	69	0.999773
1	307	136	0.999526
1	329	48	0.999492
0	253	246	0.999609
1	438	119	0.999323
0	469	330	0.999275
0	139	73	0.999785
1	340	85	0.999474
0	411	328	0.999364
1	480	207	0.999257
0	314	293	0.999513
1	434	105	0.999327
1	430	84	0.999333
1	306	137	0.999525
1	360	72	0.999441
1	130	20	0.999798
1	448	209	0.999304
1	357	93	0.999445
1	126	25	0.999804
0	144	122	0.999776
1	363	86	0.999435
0	492	315	0.999234
0	138	134	0.999785
1	339	78	0.999472
0	412	382	0.999358
1	304	22	0.999526
0	227	213	0.999646
0	273	261	0.999574
1	370	121	0.999422
0	124	90	0.999806
1	271	103	0.999576
1	347	161	0.999457
1	409	115	0.99936
0	478	243	0.999252
1	433	177	0.999322
0	340	228	0.999467
0	301	262	0.999528
1	387	143	0.999393
0	422	241	0.999338
0	121	115	0.99981
0	142	116	0.999777
0	430	411	0.999325
0	170	116	0.999733
1	396	199	0.999378
1	380	188	0.999403
1	201	93	0.999684
0	334	265	0.999475
1	115	35	0.999819
1	209	58	0.999671
0	80	55	0.999874
0	449	388	0.999293
0	276	267	0.999565
1	345	68	0.999456
0	221	195	0.999651
0	454	413	0.999283
1	420	206	0.999336
1	354	79	0.99944
1	335	87	0.99947
0	421	337	0.999334
1	464	225	0.999266
0	340	225	0.999462
0	419	417	0.999337
0	376	300	0.999405
0	472	350	0.999253
1	484	101	0.999234
1	344	138	0.999455
1	176	14	0.999721
1	306	115	0.999515
1	234	87	0.999629
1	350	161	0.999445
0	293	276	0.999535
1	465	93	0.999262
0	475	326	0.999246
1	468	150	0.999257
1	56	26	0.999911
0	401	341	0.999363
1	253	32	0.999598
0	317	271	0.999496
0	490	478	0.999221
0	198	120	0.999685
0	499	470	0.999206
1	376	144	0.999401
0	256	184	0.999592
1	497	180	0.999208
0	259	187	0.999587
0	348	239	0.999445
0	328	226	0.999476
1	395	102	0.999369
1	299	28	0.999522
0	386	214	0.999383
1	431	122	0.999311
0	255	220	0.999592
1	467	187	0.999253
0	223	160	0.999643
0	358	218	0.999427
1	366	148	0.999414
0	441	407	0.999294
0	196	162	0.999686
1	435	172	0.999303
1	441	127	0.999293
0	96	72	0.999846
0	464	237	0.999256
0	172	135	0.999724
0	289	205	0.999536
0	336	187	0.99946
1	453	182	0.999272
1	199	33	0.99968
1	451	171	0.999274
1	272	83	0.999562
1	303	43	0.999512
0	126	80	0.999797
1	350	106	0.999436
0	356	187	0.999426
0	500	420	0.999194
0	448	346	0.999277
0	411	285	0.999336
0	352	212	0.999431
0	204	106	0.99967
1	139	49	0.999775
0	283	264	0.999542
1	351	152	0.999432
1	391	44	0.999367
0	474	448	0.999232
0	185	104	0.9997
0	309	285	0.999499
1	420	139	0.999319
1	336	67	0.999455
1	257	80	0.999583
0	376	257	0.99939
0	400	375	0.999351
0	326	236	0.999471
1	493	205	0.9992
1	72	29	0.999883
0	402	208	0.999347
1	192	70	0.999688
0	316	275	0.999486
1	322	148	0.999476
0	274	138	0.999554
1	317	75	0.999484
0	411	283	0.999331
0	222	218	0.999638
0	387	300	0.999369
0	212	137	0.999654
1	461	139	0.999247
0	134	127	0.999781
0	287	153	0.999531
0	247	200	0.999596
0	458	353	0.999251
0	324	256	0.99947
1	171	81	0.99972
0	447	407	0.999267
1	339	61	0.999444
1	441	65	0.999276
0	439	303	0.999279
1	437	189	0.999282
1	407	150	0.999331
1	200	78	0.999671
0	321	221	0.999472
1	280	32	0.999539
0	358	277	0.99941
1	205	15	0.999662
1	475	207	0.999217
1	251	83	0.999586
0	408	312	0.999327
1	449	80	0.999259
1	340	132	0.999438
0	153	126	0.999747
1	217	35	0.999641
1	370	69	0.999388
1	408	120	0.999324
0	283	193	0.999531
1	426	136	0.999294
0	100	54	0.999834
0	461	401	0.999235
1	327	39	0.999457
1	80	39	0.999867
0	349	305	0.99942
0	267	144	0.999556
0	285	168	0.999526
0	380	227	0.999368
0	397	230	0.999339
0	414	224	0.99931
0	440	257	0.999266
1	356	151	0.999406
1	260	28	0.999566
1	381	108	0.999364
1	424	99	0.999292
0	489	389	0.999183
1	61	23	0.999898
0	132	92	0.999779
1	306	48	0.999487
0	405	385	0.999321
1	319	128	0.999465
0	236	215	0.999604
0	134	80	0.999775
1	274	57	0.999539
0	249	151	0.999581
1	353	82	0.999406
0	304	226	0.999488
1	188	90	0.999683
0	96	70	0.999838
0	448	415	0.999244
1	247	108	0.999583
0	324	220	0.999453
0	500	444	0.999156
1	328	77	0.999446
1	280	93	0.999527
0	290	168	0.99951
1	304	58	0.999486
0	372	303	0.999371
0	293	171	0.999504
0	416	315	0.999295
0	354	322	0.9994
1	434	193	0.999264
0	244	207	0.999586
0	208	196	0.999647
0	460	411	0.999219
0	322	304	0.999453
0	382	309	0.999351
1	419	82	0.999288
1	184	19	0.999687
0	478	406	0.999187
0	101	84	0.999828
1	401	122	0.999317
1	88	28	0.99985
1	422	45	0.999281
0	412	386	0.999298
1	234	83	0.999601
0	180	123	0.999693
1	293	97	0.9995
1	458	47	0.999218
0	391	246	0.999332
1	275	130	0.99953
1	380	111	0.99935
0	421	259	0.999279
1	363	91	0.999378
0	447	426	0.999234
0	427	249	0.999268
1	334	35	0.999427
0	229	187	0.999607
1	433	39	0.999257
1	437	51	0.99925
0	474	401	0.999186
0	401	287	0.999311
0	485	294	0.999166
0	376	277	0.999353
0	251	247	0.999568
0	225	110	0.999612
1	496	227	0.999145
1	157	56	0.999729
0	459	368	0.999208
1	456	168	0.999213
0	304	199	0.999475
0	275	213	0.999525
0	499	330	0.999138
0	493	434	0.999148
0	306	234	0.999471
0	74	51	0.999872
1	435	121	0.999248
0	472	282	0.999184
1	463	179	0.999199
1	276	110	0.999522
1	436	92	0.999245
1	415	32	0.999281
1	363	174	0.999371
0	346	298	0.9994
0	384	279	0.999334
1	102	44	0.999823
0	448	283	0.999223
0	87	84	0.999849
0	470	387	0.999184
1	293	95	0.999491
0	479	315	0.999168
1	263	34	0.999543
0	161	122	0.99972
0	489	421	0.99915
1	276	119	0.99952
0	364	245	0.999367
1	250	84	0.999565
1	396	187	0.999311
0	358	273	0.999377
0	395	333	0.999312
1	372	139	0.999352
1	462	198	0.999195
0	443	421	0.999228
0	389	375	0.999322
0	129	101	0.999775
1	98	33	0.999829
1	110	45	0.999808
0	138	111	0.999759
0	446	402	0.999221
0	266	213	0.999535
1	489	85	0.999145
0	181	179	0.999683
1	351	52	0.999385
0	306	245	0.999463
0	485	259	0.999149
1	343	97	0.999398
1	246	20	0.999568
1	491	71	0.999138
0	430	411	0.999245
0	433	289	0.999238
1	400	85	0.999296
1	323	27	0.999431
0	244	224	0.99957
0	353	294	0.999378
0	375	262	0.999339
1	364	106	0.999358
1	356	88	0.999372
0	311	165	0.999451
0	222	181	0.999608
0	201	136	0.999645
0	339	171	0.999401
0	497	465	0.999122
1	488	107	0.999136
1	66	17	0.999883
0	452	344	0.999199
0	461	321	0.999183
0	375	313	0.999335
0	293	155	0.99948
1	303	128	0.999462
1	445	62	0.99921
1	247	92	0.999561
1	358	47	0.999363
1	491	102	0.999126
1	446	107	0.999206
1	275	40	0.99951
0	449	347	0.9992
0	464	435	0.999173
1	350	47	0.999376
0	371	316	0.999338
1	276	45	0.999507
1	445	163	0.999205
1	494	37	0.999117
0	279	192	0.999501
0	393	315	0.999297
1	252	63	0.999549
0	464	222	0.999169
1	474	218	0.999151
0	183	107	0.999672
0	375	301	0.999328
1	271	90	0.999514
1	440	179	0.999211
0	470	310	0.999156
0	340	215	0.999389
0	104	73	0.999813
1	470	167	0.999155
0	393	234	0.999293
0	135	128	0.999757
1	405	121	0.999271
1	121	38	0.999782
0	473	226	0.999148
1	241	18	0.999565
1	190	78	0.999657
0	270	163	0.999512
1	492	50	0.999111
0	120	59	0.999783
0	367	260	0.999336
0	294	147	0.999468
0	242	145	0.999562
0	186	143	0.999663
1	342	151	0.99938
0	406	238	0.999264
0	402	212	0.999271
0	328	203	0.999405
0	195	127	0.999646
0	389	195	0.999294
1	93	9	0.999831
0	392	361	0.999288
1	247	71	0.999551
1	210	50	0.999618
0	210	105	0.999618
0	473	228	0.99914
0	326	270	0.999407
0	216	208	0.999607
0	299	215	0.999456
1	173	79	0.999685
0	418	385	0.999239
0	98	84	0.999821
1	356	94	0.99935
0	473	359	0.999136
1	400	141	0.999269
0	285	200	0.999479
0	304	248	0.999444
0	478	433	0.999126
0	421	207	0.99923
0	492	349	0.9991
0	300	182	0.999451
1	189	28	0.999654
1	365	117	0.999332
0	471	405	0.999138
0	101	79	0.999815
1	291	108	0.999467
0	309	260	0.999434
0	205	132	0.999624
1	458	175	0.99916
1	423	61	0.999224
1	225	30	0.999587
0	256	224	0.99953
0	433	403	0.999205
1	308	129	0.999434
0	407	299	0.999252
1	225	18	0.999586
0	390	259	0.999282
0	259	195	0.999523
1	308	132	0.999432
1	246	19	0.999546
1	445	170	0.999179
1	216	48	0.999601
0	487	328	0.9991
0	312	292	0.999423
0	433	302	0.999199
0	454	363	0.99916
1	435	145	0.999195
0	298	162	0.999448
0	258	169	0.999522
0	440	226	0.999185
0	449	279	0.999168
0	404	236	0.999251
1	451	195	0.999163
1	453	150	0.999159
1	364	85	0.999324
1	375	114	0.999303
1	475	64	0.999117
1	331	89	0.999384
0	346	176	0.999356
1	269	53	0.999499
1	59	18	0.99989
0	334	306	0.999377
0	408	287	0.999239
0	343	273	0.99936
0	314	276	0.999414
1	270	36	0.999496
0	411	346	0.999233
0	235	117	0.999561
0	220	210	0.999589
1	115	32	0.999785
0	346	262	0.999353
0	339	209	0.999366
1	164	32	0.999693
1	314	114	0.999412
0	301	241	0.999436
1	160	71	0.9997
0	305	219	0.999428
0	417	231	0.999218
1	378	98	0.999291
0	397	187	0.999255
0	302	171	0.999433
0	230	163	0.999568
0	325	271	0.999389
1	135	43	0.999746
1	136	54	0.999744
1	455	76	0.999144
0	498	369	0.999062
0	431	211	0.999187
1	471	36	0.999111
0	117	89	0.999779
1	403	43	0.999239
0	306	150	0.999422
1	219	97	0.999586
0	248	197	0.999531
1	315	100	0.999404
1	190	24	0.99964
1	426	116	0.999193
0	153	114	0.99971
1	418	69	0.999208
1	353	55	0.999331
0	487	322	0.999077
0	499	331	0.999054
0	281	246	0.999467
1	340	126	0.999355
0	408	243	0.999226
0	468	432	0.999112
0	99	81	0.999812
1	479	67	0.999091
1	431	43	0.999182
1	229	35	0.999565
0	474	284	0.9991
0	319	306	0.999394
1	201	24	0.999618
1	271	74	0.999485
0	242	113	0.99954
1	413	143	0.999215
0	386	256	0.999266
0	336	198	0.999361
0	286	209	0.999456
1	408	77	0.999224
0	155	87	0.999705
0	371	328	0.999294
0	157	132	0.999701
0	292	211	0.999444
0	482	449	0.999082
0	359	226	0.999316
0	193	150	0.999632
1	488	93	0.99907
0	173	89	0.99967
1	173	80	0.99967
0	443	215	0.999155
0	219	134	0.999582
0	460	381	0.999122
1	254	108	0.999515
1	145	19	0.999723
1	311	98	0.999406
1	112	30	0.999786
0	136	101	0.99974
0	483	403	0.999077
0	295	251	0.999436
1	285	24	0.999455
0	464	359	0.999113
1	298	62	0.99943
0	299	149	0.999428
0	70	34	0.999866
0	381	260	0.999271
0	280	152	0.999463
1	247	37	0.999526
1	333	114	0.999361
0	362	231	0.999305
0	152	126	0.999708
0	64	38	0.999877
0	330	187	0.999366
1	480	134	0.999078
0	456	330	0.999124
1	483	83	0.999072
0	259	247	0.999502
0	350	266	0.999327
0	457	289	0.99912
1	368	42	0.999291
0	97	46	0.999813
1	320	61	0.999383
1	398	72	0.999232
1	359	93	0.999307
1	346	137	0.999332
1	318	40	0.999386
1	497	97	0.99904
1	296	30	0.999428
1	381	87	0.999263
0	368	283	0.999288
1	78	7	0.999849
0	479	318	0.999073
0	298	290	0.999423
0	395	231	0.999235
1	192	59	0.999628
0	317	316	0.999385
0	384	297	0.999255
0	473	391	0.999082
1	308	128	0.999402
1	241	64	0.999532
1	245	86	0.999524
1	195	25	0.999621
1	108	41	0.99979
0	326	245	0.999366
1	489	166	0.999049
1	295	71	0.999426
0	337	284	0.999344
1	395	87	0.999231
1	175	68	0.999659
0	406	213	0.999209
0	441	323	0.99914
0	190	163	0.999629
0	417	198	0.999186
0	316	254	0.999383
1	301	120	0.999412
1	343	122	0.99933
0	133	132	0.99974
0	498	496	0.999027
1	253	52	0.999505
1	234	91	0.999542
0	328	205	0.999358
0	359	226	0.999297
0	406	299	0.999204
1	396	151	0.999223
0	268	225	0.999474
0	245	134	0.999519
1	138	46	0.999729
1	433	95	0.99915
0	488	487	0.999042
0	149	114	0.999707
0	351	260	0.99931
0	404	283	0.999205
0	350	307	0.999311
0	443	435	0.999128
0	103	83	0.999797
0	209	120	0.999588
1	485	69	0.999044
1	269	83	0.999469
1	345	109	0.999318
1	222	64	0.999561
1	352	150	0.999304
0	276	153	0.999454
0	365	180	0.999278
0	159	135	0.999685
1	450	73	0.999109
1	309	76	0.999388
0	314	264	0.999378
0	370	316	0.999267
0	58	35	0.999885
0	281	213	0.999443
0	495	412	0.999019
1	290	119	0.999425
0	121	79	0.99976
1	251	109	0.999502
0	319	254	0.999367
0	464	339	0.999079
1	147	37	0.999708
0	217	160	0.999569
0	229	170	0.999545
1	174	76	0.999654
1	185	22	0.999632
0	457	347	0.999091
1	380	122	0.999244
0	295	271	0.999413
0	499	429	0.999007
0	455	437	0.999094
0	487	453	0.99903
0	281	270	0.99944
0	407	269	0.999188
1	267	92	0.999467
0	454	223	0.999093
0	474	466	0.999053
0	484	242	0.999033
1	159	30	0.999682
1	217	53	0.999566
0	371	255	0.999258
1	455	101	0.99909
1	294	98	0.999411
0	266	261	0.999467
1	233	59	0.999533
0	230	195	0.999539
1	322	73	0.999354
0	492	418	0.999013
1	400	159	0.999197
0	314	144	0.999369
0	490	308	0.999015
1	364	102	0.999268
0	315	198	0.999366
1	405	165	0.999185
1	493	137	0.999008
0	392	284	0.999211
0	389	281	0.999217
1	376	39	0.999243
1	373	107	0.999249
0	179	154	0.999639
0	380	353	0.999233
1	491	133	0.999009
0	390	201	0.999212
1	385	91	0.999222
1	323	79	0.999347
0	416	388	0.999159
0	308	302	0.999377
0	446	283	0.999098
0	476	445	0.999037
0	323	186	0.999346
0	481	292	0.999026
1	269	25	0.999455
1	344	128	0.999303
0	452	383	0.999084
0	143	76	0.99971
0	366	312	0.999258
1	400	166	0.999189
0	174	87	0.999647
1	357	89	0.999276
0	430	419	0.999128
1	427	163	0.999134
1	100	35	0.999797
0	444	225	0.999099
0	214	125	0.999565
0	438	425	0.99911
0	207	171	0.999579
1	145	58	0.999705
0	314	201	0.999361
0	421	366	0.999143
0	384	321	0.999218
0	462	221	0.999059
1	458	115	0.999067
0	236	182	0.999519
0	482	240	0.999018
0	437	360	0.999109
1	489	145	0.999003
1	239	61	0.999512
0	352	270	0.999281
0	301	223	0.999385
0	463	249	0.999054
1	319	103	0.999348
1	301	95	0.999384
0	364	181	0.999255
0	376	278	0.99923
0	286	259	0.999414
1	492	139	0.998992
1	488	205	0.999
1	466	155	0.999045
0	486	341	0.999003
1	208	69	0.999573
1	463	149	0.99905
0	481	281	0.999013
0	186	95	0.999618
0	475	255	0.999025
0	73	71	0.99985
1	220	16	0.999548
0	275	219	0.999435
0	392	272	0.999194
1	261	70	0.999463
0	381	248	0.999216
0	309	227	0.999364
0	410	381	0.999156
0	304	180	0.999374
0	425	351	0.999125
0	458	301	0.999057
0	420	327	0.999135
0	98	64	0.999798
0	97	45	0.9998
0	393	186	0.99919
0	409	336	0.999157
0	252	140	0.99948
0	89	41	0.999816
1	414	46	0.999144
1	129	48	0.999733
0	363	202	0.999249
1	362	102	0.999251
1	331	116	0.999315
0	490	443	0.998986
0	310	222	0.999358
1	165	34	0.999658
1	488	78	0.998989
0	400	203	0.999171
1	427	100	0.999115
0	439	371	0.99909
1	368	132	0.999237
0	311	207	0.999355
0	319	306	0.999338
0	197	154	0.999591
1	285	119	0.999408
0	455	207	0.999054
0	429	267	0.999108
1	488	86	0.998985
1	269	24	0.99944
0	276	196	0.999425
0	358	335	0.999254
1	245	54	0.999489
0	363	274	0.999243
0	369	217	0.99923
0	416	278	0.999132
0	392	244	0.999182
0	102	91	0.999787
0	483	350	0.998991
1	470	58	0.999018
0	334	266	0.999301
1	358	107	0.99925
1	312	27	0.999346
0	427	281	0.999104
0	435	432	0.999087
0	483	467	0.998986
1	317	73	0.999334
0	385	361	0.999191
0	156	148	0.999672
0	354	204	0.999256
0	214	207	0.99955
0	184	148	0.999613
1	499	147	0.998951
0	495	224	0.998959
1	357	87	0.999249
0	187	181	0.999606
1	177	24	0.999627
0	328	289	0.999309
0	442	205	0.999069
1	92	13	0.999806
1	484	83	0.99898
0	294	250	0.99938
1	289	46	0.99939
0	433	382	0.999086
0	250	173	0.999472
1	440	150	0.999071
0	462	393	0.999024
1	402	129	0.99915
0	251	138	0.999469
0	242	110	0.999488
0	282	178	0.999403
0	489	316	0.998965
0	487	313	0.998969
0	312	228	0.999339
1	75	23	0.999841
1	345	35	0.999269
0	455	243	0.999036
0	352	288	0.999254
1	479	78	0.998985
0	272	154	0.999423
1	385	121	0.999183
0	343	280	0.999272
0	301	205	0.999361
1	113	47	0.99976
0	251	146	0.999467
0	477	299	0.998987
1	459	203	0.999025
0	159	118	0.999662
0	63	57	0.999866
0	63	45	0.999866
0	78	75	0.999834
0	410	347	0.999128
1	450	195	0.999043
1	335	92	0.999286
0	396	195	0.999156
0	342	254	0.999271
0	113	98	0.999759
0	348	254	0.999258
0	439	208	0.999063
0	273	209	0.999417
1	419	107	0.999105
0	101	67	0.999784
1	442	89	0.999055
1	360	134	0.99923
0	462	386	0.999012
1	395	75	0.999155
0	424	211	0.999093
1	418	58	0.999105
0	378	266	0.99919
0	397	281	0.999149
0	353	241	0.999243
0	255	120	0.999453
0	227	166	0.999513
0	366	302	0.999215
1	426	178	0.999086
1	376	94	0.999193
1	430	34	0.999077
0	419	242	0.9991
1	262	88	0.999437
0	418	276	0.999102
0	221	125	0.999525
0	342	234	0.999265
1	253	84	0.999456
1	249	36	0.999464
0	385	361	0.999171
0	149	128	0.999679
1	201	73	0.999567
0	324	268	0.999302
1	180	18	0.999612
0	385	305	0.99917
1	416	35	0.999103
0	317	233	0.999316
0	144	83	0.999689
0	237	157	0.999488
0	477	310	0.99897
0	80	74	0.999827
0	382	304	0.999174
0	485	293	0.998951
1	429	104	0.999072
0	476	339	0.998969
1	462	139	0.998999
0	486	277	0.998947
0	363	343	0.999213
1	261	19	0.999434
0	462	381	0.998998
0	336	174	0.999271
1	406	103	0.999119
0	311	236	0.999325
0	456	379	0.99901
1	209	27	0.999546
0	150	97	0.999674
1	446	195	0.999031
0	310	231	0.999326
0	420	325	0.999087
1	430	128	0.999065
1	228	52	0.999504
0	327	150	0.999288
0	123	74	0.999732
1	121	24	0.999736
0	460	439	0.998997
1	301	86	0.999343
1	406	84	0.999114
0	433	294	0.999055
0	76	40	0.999834
1	300	64	0.999345
1	152	12	0.999668
1	409	72	0.999107
0	442	267	0.999035
0	184	90	0.999598
0	243	140	0.999469
0	341	194	0.999255
0	215	143	0.99953
0	177	152	0.999613
0	192	94	0.99958
0	426	256	0.999068
1	270	113	0.999409
0	366	348	0.999199
0	253	238	0.999446
1	147	45	0.999678
1	242	20	0.99947
0	460	239	0.998993
0	199	168	0.999564
0	426	334	0.999067
1	276	93	0.999395
1	312	75	0.999316
0	364	318	0.999202
0	175	85	0.999616
0	82	52	0.99982
1	300	25	0.999341
1	116	49	0.999745
0	309	196	0.999321
0	401	363	0.999119
0	400	218	0.99912
1	184	50	0.999595
1	289	32	0.999364
1	379	132	0.999166
0	188	110	0.999586
0	74	47	0.999837
1	167	16	0.999632
1	406	101	0.999105
0	315	152	0.999305
0	106	82	0.999766
1	461	107	0.998983
1	159	41	0.999649
1	377	49	0.999168
0	427	371	0.999057
1	361	65	0.999202
1	373	96	0.999174
1	456	133	0.998989
0	357	229	0.999208
0	426	360	0.999055
0	474	294	0.998948
1	184	18	0.999591
0	237	115	0.999473
0	425	227	0.999055
1	473	205	0.998947
0	223	187	0.999503
0	465	284	0.998964
0	209	103	0.999534
0	353	334	0.999213
1	287	119	0.99936
0	217	177	0.999516
1	299	127	0.999333
0	316	262	0.999295
0	464	461	0.998965
0	379	192	0.999154
0	300	255	0.99933
0	330	229	0.999263
1	368	142	0.999178
0	165	82	0.999631
1	377	31	0.999157
0	291	192	0.999349
0	206	195	0.999539
0	340	294	0.999239
1	436	32	0.999024
1	427	71	0.999044
0	128	114	0.999713
1	190	81	0.999574
0	343	154	0.999231
1	317	90	0.999289
1	292	35	0.999345
1	286	87	0.999358
0	446	419	0.998999
0	187	186	0.99958
0	468	429	0.998949
0	422	401	0.999052
1	411	137	0.999076
0	270	196	0.999392
0	226	200	0.999491
0	110	54	0.999752
1	397	156	0.999105
1	393	121	0.999114
0	391	291	0.999118
0	93	53	0.99979
0	328	310	0.999259
1	390	44	0.999119
1	343	133	0.999225
0	339	295	0.999234
0	192	166	0.999566
1	358	87	0.999191
0	379	230	0.999143
1	259	112	0.999414
1	420	106	0.99905
0	372	326	0.999158
1	390	96	0.999117
0	436	221	0.999012
0	408	260	0.999075
1	456	62	0.998966
0	428	313	0.999029
1	122	50	0.999723
1	459	166	0.998958
0	232	117	0.999473
0	136	131	0.999691
1	391	169	0.999112
1	446	75	0.998987
1	69	23	0.999843
0	384	279	0.999126
0	398	339	0.999094
0	372	279	0.999153
0	346	283	0.999212
0	276	120	0.999371
0	427	199	0.999027
0	167	111	0.999619
0	234	209	0.999466
1	262	69	0.999402
0	408	215	0.999069
0	95	75	0.999783
1	416	151	0.99905
1	390	107	0.999109
1	203	35	0.999536
1	361	153	0.999175
1	273	111	0.999375
1	290	53	0.999336
1	246	106	0.999436
0	208	185	0.999523
0	180	175	0.999587
1	433	121	0.999007
1	427	71	0.99902
1	386	80	0.999114
1	402	166	0.999077
0	357	320	0.99918
0	431	256	0.99901
0	393	270	0.999097
1	280	114	0.999356
0	194	149	0.999553
1	260	58	0.999401
0	437	245	0.998993
1	410	41	0.999055
0	412	338	0.99905
0	94	81	0.999783
0	363	198	0.999162
0	418	354	0.999035
1	336	144	0.999224
0	203	177	0.999531
0	212	195	0.99951
0	427	243	0.999012
0	291	155	0.999326
1	352	72	0.999184
0	255	247	0.999408
0	355	200	0.999176
0	355	254	0.999176
0	155	106	0.99964
1	400	31	0.999071
0	266	200	0.999382
0	311	192	0.999277
0	329	184	0.999234
1	298	70	0.999306
1	381	114	0.999112
1	383	155	0.999107
1	388	94	0.999095
0	188	93	0.999561
1	437	48	0.99898
1	446	68	0.998959
0	104	86	0.999757
0	448	371	0.998954
0	235	170	0.999451
1	432	92	0.998991
0	386	366	0.999098
0	400	229	0.999065
0	388	315	0.999093
0	447	224	0.998955
1	203	19	0.999524
0	95	90	0.999777
0	306	240	0.999282
1	387	103	0.999092
0	190	132	0.999554
0	265	217	0.999377
0	159	136	0.999626
0	410	317	0.999036
0	284	165	0.999332
1	383	159	0.999099
0	297	165	0.999301
1	62	24	0.999854
0	329	289	0.999225
1	401	152	0.999055
1	353	122	0.999168
1	277	98	0.999347
0	366	344	0.999137
1	422	66	0.999005
0	183	134	0.999568
1	146	30	0.999655
1	168	61	0.999603
0	212	145	0.999499
1	339	32	0.999199
0	394	208	0.999069
0	349	230	0.999175
0	150	132	0.999645
0	357	333	0.999155
0	261	117	0.999382
0	206	143	0.999511
0	308	290	0.999269
1	208	22	0.999506
0	304	289	0.999278
0	319	286	0.999242
1	199	17	0.999527
0	382	294	0.999091
0	170	119	0.999595
1	272	52	0.999352
0	356	194	0.999152
0	243	203	0.999421
1	290	103	0.999309
0	373	321	0.999111
0	195	136	0.999535
0	329	221	0.999215
0	386	334	0.999079
1	409	116	0.999024
0	198	164	0.999527
0	340	296	0.999188
0	354	241	0.999154
0	297	248	0.99929
1	221	51	0.999471
0	387	272	0.999074
0	258	187	0.999382
0	229	123	0.999451
0	238	200	0.999429
1	150	49	0.99964
0	386	213	0.999074
1	428	127	0.998973
0	405	256	0.999028
1	231	43	0.999445
0	367	360	0.999118
0	197	87	0.999526
0	432	396	0.99896
1	348	141	0.999162
0	176	89	0.999576
1	261	71	0.999371
0	90	76	0.999783
0	338	279	0.999185
0	240	103	0.999421
1	276	107	0.999334
1	322	97	0.999223
0	82	55	0.999802
1	358	59	0.999136
0	231	188	0.999442
0	98	85	0.999763
1	258	40	0.999376
0	292	237	0.999293
0	433	403	0.998951
1	273	90	0.999338
0	313	213	0.999241
0	374	313	0.999093
0	284	123	0.999311
0	291	246	0.999294
1	364	85	0.999117
0	338	224	0.99918
1	400	51	0.999029
1	219	49	0.999468
0	419	301	0.998982
0	153	124	0.999628
0	253	112	0.999384
1	234	17	0.99943
0	303	169	0.999262
0	227	168	0.999447
0	158	86	0.999615
0	316	170	0.99923
1	350	35	0.999147
0	114	113	0.999722
0	410	184	0.999
1	396	148	0.999034
1	81	17	0.999802
0	293	169	0.999284
1	402	138	0.999016
1	55	18	0.999865
1	205	34	0.999497
1	66	13	0.999838
0	306	188	0.999249
0	255	184	0.999374
0	382	184	0.999062
0	344	328	0.999155
1	421	103	0.998965
0	366	323	0.9991
0	337	334	0.999171
0	281	211	0.999308
0	387	317	0.999047
0	356	329	0.999123
0	395	221	0.999027
1	298	35	0.999265
0	351	291	0.999134
0	376	229	0.999072
0	281	138	0.999306
1	234	32	0.999422
0	178	89	0.99956
0	231	148	0.999429
0	216	197	0.999466
1	223	32	0.999448
1	67	5	0.999834
0	421	180	0.998957
1	372	143	0.999078
0	345	262	0.999144
0	395	299	0.999019
0	231	229	0.999426
1	144	46	0.999642
0	377	207	0.999063
0	391	220	0.999028
1	362	150	0.9991
1	304	119	0.999244
0	379	278	0.999057
0	236	167	0.999412
0	293	272	0.99927
1	251	37	0.999374
1	389	145	0.99903
1	206	86	0.999486
1	346	110	0.999136
1	233	73	0.999418
0	152	144	0.99962
0	411	177	0.998973
1	385	85	0.999037
1	111	23	0.999722
1	285	80	0.999286
1	306	105	0.999233
1	389	136	0.999025
1	388	115	0.999027
0	303	206	0.999239
0	244	148	0.999387
1	236	33	0.999407
1	177	56	0.999555
1	311	74	0.999218
0	308	243	0.999225
0	337	241	0.999151
1	358	139	0.999098
0	284	214	0.999284
1	359	80	0.999095
1	193	68	0.999513
0	383	287	0.999034
0	258	160	0.999349
1	390	132	0.999016
0	409	194	0.998968
0	172	73	0.999565
0	115	92	0.999709
1	196	17	0.999504
1	245	26	0.99938
0	301	288	0.999238
0	376	182	0.999048
1	73	23	0.999815
1	343	36	0.999131
1	197	75	0.9995
0	396	296	0.998995
1	189	23	0.99952
1	74	21	0.999812
0	324	323	0.999177
0	350	311	0.999111
0	301	257	0.999235
1	363	35	0.999077
1	390	149	0.999008
0	161	100	0.99959
0	247	209	0.999371
0	383	329	0.999025
1	51	14	0.99987
0	411	384	0.998953
1	204	85	0.99948
1	147	26	0.999625
1	174	72	0.999556
1	255	67	0.999349
1	302	61	0.999229
0	180	80	0.99954
1	169	15	0.999568
1	287	52	0.999266
0	304	180	0.999222
1	404	73	0.998966
0	382	309	0.999022
1	228	86	0.999416
0	210	208	0.999462
0	363	329	0.99907
0	163	87	0.999582
1	314	31	0.999195
0	409	189	0.998951
0	240	114	0.999384
0	316	285	0.999189
1	251	66	0.999355
0	207	193	0.999468
0	63	57	0.999838
1	365	101	0.999062
0	382	371	0.999018
1	301	34	0.999226
1	89	8	0.999771
0	343	149	0.999118
0	271	238	0.999303
1	244	45	0.999372
1	203	82	0.999476
1	158	29	0.999592
0	190	110	0.999509
1	313	93	0.999191
0	193	173	0.999501
0	260	223	0.999327
0	332	263	0.99914
1	196	65	0.999492
0	378	165	0.999019
0	228	191	0.999408
0	112	94	0.999709
0	142	79	0.999631
0	376	353	0.999023
0	285	225	0.999259
0	199	98	0.999482
1	335	122	0.999128
0	228	158	0.999406
1	286	92	0.999255
1	211	74	0.99945
0	308	230	0.999197
0	265	139	0.999309
0	82	80	0.999786
1	345	133	0.999099
0	251	150	0.999344
0	295	272	0.999229
0	357	200	0.999067
0	299	259	0.999218
1	293	117	0.999233
1	197	51	0.999484
0	333	299	0.999128
0	166	70	0.999565
0	216	198	0.999434
1	342	142	0.999104
0	401	346	0.998949
0	305	287	0.9992
0	362	224	0.99905
0	360	239	0.999055
1	174	19	0.999543
1	395	137	0.998963
1	257	96	0.999325
0	130	109	0.999658
1	141	32	0.999629
0	373	196	0.999018
1	357	33	0.99906
0	220	146	0.99942
0	234	108	0.999383
0	311	309	0.99918
1	355	34	0.999064
0	144	141	0.99962
0	271	135	0.999285
0	139	137	0.999633
1	137	24	0.999638
1	377	130	0.999004
0	166	100	0.999561
1	304	79	0.999196
0	318	181	0.999159
1	167	27	0.999558
0	366	300	0.999031
0	397	229	0.998949
0	380	328	0.998992
1	321	48	0.999147
0	327	206	0.999131
0	132	130	0.999649
1	365	113	0.99903
0	255	228	0.999321
0	332	275	0.999116
1	392	144	0.998956
1	298	50	0.999206
1	245	45	0.999347
0	99	88	0.999736
0	294	166	0.999216
1	319	43	0.999149
0	227	103	0.999394
0	378	189	0.998991
0	201	170	0.999463
0	319	137	0.999148
0	332	307	0.999113
0	120	59	0.999679
0	102	80	0.999727
0	332	152	0.999111
0	169	129	0.999547
0	311	270	0.999166
0	309	295	0.999171
1	389	105	0.998956
1	295	118	0.999207
0	133	65	0.999642
0	347	221	0.999065
0	355	294	0.999043
1	225	37	0.999393
1	328	67	0.999115
1	288	66	0.999222
0	54	49	0.999854
1	213	69	0.999424
0	324	244	0.999124
0	284	244	0.999232
1	72	11	0.999805
1	383	116	0.998963
0	224	118	0.999393
0	116	67	0.999685
0	159	97	0.999568
1	138	38	0.999625
0	338	235	0.999082
1	93	26	0.999747
0	215	121	0.999415
0	216	124	0.999412
1	320	36	0.999129
0	187	153	0.99949
0	341	330	0.99907
0	342	144	0.999067
1	170	32	0.999536
0	364	155	0.999007
0	363	219	0.999009
0	71	49	0.999806
1	281	101	0.999232
0	283	247	0.999226
0	317	270	0.999133
1	220	36	0.999398
0	293	256	0.999198
0	229	133	0.999373
1	337	113	0.999077
0	205	101	0.999438
0	309	140	0.999153
0	355	278	0.999027
0	348	222	0.999044
1	353	65	0.999029
1	194	63	0.999466
1	315	88	0.999133
0	346	237	0.999047
1	123	23	0.999661
1	161	56	0.999556
1	328	37	0.999095
1	367	126	0.998987
1	348	108	0.999039
1	315	122	0.99913
1	313	78	0.999135
0	257	123	0.999289
1	82	9	0.999773
1	271	23	0.99925
1	324	26	0.999103
0	312	260	0.999136
0	365	249	0.998989
0	343	185	0.999049
0	169	94	0.999531
1	96	22	0.999733
0	278	114	0.999227
0	192	191	0.999466
0	369	310	0.998974
1	317	102	0.999118
0	364	315	0.998987
1	310	122	0.999137
0	122	94	0.99966
1	378	28	0.998947
0	258	163	0.999281
0	179	120	0.999501
0	296	213	0.999175
0	292	122	0.999186
0	275	207	0.999233
1	340	98	0.999051
0	313	182	0.999126
1	313	71	0.999126
1	151	14	0.999578
0	176	165	0.999508
0	296	140	0.999172
0	213	102	0.999404
0	253	159	0.999292
1	189	23	0.999471
1	328	38	0.999082
0	118	112	0.999669
0	287	171	0.999195
0	350	313	0.999018
0	335	274	0.99906
1	218	24	0.999388
0	249	193	0.999301
0	283	170	0.999205
1	371	63	0.998958
1	351	54	0.999014
0	324	304	0.999089
0	241	136	0.999322
0	172	166	0.999516
0	368	332	0.998965
0	232	95	0.999347
0	201	148	0.999434
0	261	136	0.999265
1	274	59	0.999228
1	304	109	0.999143
0	266	160	0.99925
0	102	100	0.999712
1	153	21	0.999568
0	322	148	0.999091
0	330	250	0.999068
0	264	181	0.999254
0	58	42	0.999836
1	196	47	0.999446
0	362	305	0.998977
0	306	159	0.999135
1	204	74	0.999423
1	240	42	0.999321
0	182	115	0.999485
0	214	200	0.999394
1	357	71	0.998989
0	210	177	0.999405
0	79	51	0.999776
0	320	247	0.999093
0	370	288	0.99895
0	258	118	0.999267
0	303	287	0.999139
0	342	180	0.999028
1	199	42	0.999434
0	161	70	0.999542
1	162	25	0.999539
0	285	182	0.999189
1	336	131	0.999044
1	165	60	0.99953
1	272	22	0.999225
1	207	25	0.99941
1	247	88	0.999296
0	348	255	0.999008
1	304	30	0.999133
0	224	94	0.999361
1	98	8	0.99972
1	332	132	0.999052
1	127	34	0.999637
0	344	302	0.999017
0	338	150	0.999034
1	264	56	0.999245
0	280	226	0.999199
0	273	163	0.999219
0	288	141	0.999176
0	351	266	0.998995
0	97	74	0.999722
0	274	183	0.999215
0	348	274	0.999003
0	242	202	0.999306
1	160	26	0.999541
1	264	68	0.999242
0	326	174	0.999064
0	174	144	0.9995
0	349	148	0.998997
1	127	36	0.999634
0	306	259	0.999117
0	224	152	0.999353
0	173	107	0.9995
0	165	91	0.999523
1	306	52	0.999115
1	188	72	0.999456
0	163	158	0.999528
1	295	26	0.999146
0	259	247	0.99925
1	167	21	0.999516
0	246	139	0.999287
0	110	73	0.999681
0	155	147	0.99955
1	206	29	0.999402
1	147	42	0.999572
0	182	95	0.99947
1	304	92	0.999114
0	314	149	0.999084
0	208	107	0.999393
1	140	46	0.999591
1	92	30	0.999731
0	132	100	0.999614
0	175	162	0.999488
0	216	103	0.999368
0	283	179	0.999172
0	258	254	0.999245
1	127	10	0.999628
1	345	108	0.99899
0	305	181	0.999106
1	75	28	0.99978
1	145	44	0.999574
0	182	151	0.999465
1	200	42	0.999412
0	158	115	0.999535
1	348	82	0.998975
0	98	75	0.999711
1	199	62	0.999413
0	313	149	0.999077
1	167	42	0.999506
0	307	176	0.999092
0	310	199	0.999083
1	104	19	0.999692
0	311	281	0.999079
0	275	209	0.999185
0	312	308	0.999075
1	156	59	0.999537
0	281	259	0.999166
0	318	206	0.999056
0	248	201	0.999263
0	315	214	0.999064
0	353	323	0.998951
0	295	289	0.999122
1	245	97	0.99927
1	352	81	0.998951
0	217	169	0.999353
0	313	275	0.999067
0	231	228	0.999311
1	218	42	0.999349
0	243	133	0.999274
0	311	245	0.999071
1	265	36	0.999208
0	194	177	0.99942
1	332	68	0.999007
0	245	235	0.999267
0	142	120	0.999575
1	264	89	0.99921
0	315	264	0.999057
1	249	47	0.999254
0	103	93	0.999691
0	157	99	0.999529
0	188	114	0.999436
0	209	190	0.999373
0	317	243	0.999049
0	211	209	0.999366
0	341	179	0.998975
0	296	213	0.99911
0	290	254	0.999128
1	286	69	0.99914
0	113	68	0.99966
0	319	280	0.99904
0	311	251	0.999064
0	282	157	0.999151
0	327	251	0.999015
1	130	35	0.999608
0	278	253	0.999162
0	126	109	0.99962
0	335	334	0.99899
1	117	39	0.999647
0	171	157	0.999484
0	298	270	0.9991
0	290	217	0.999124
0	218	147	0.999341
0	315	171	0.999048
0	215	153	0.99935
0	78	34	0.999764
0	241	103	0.999271
0	189	150	0.999428
0	102	52	0.999691
0	101	80	0.999694
0	208	171	0.99937
0	203	157	0.999385
0	279	221	0.999154
0	275	127	0.999166
0	107	64	0.999675
0	334	236	0.998986
1	253	61	0.999231
0	198	113	0.999398
0	340	285	0.998966
0	304	142	0.999074
0	212	180	0.999354
0	335	186	0.998979
0	333	173	0.998985
0	305	129	0.99907
0	283	195	0.999137
1	336	101	0.998975
1	230	30	0.999298
0	228	153	0.999304
0	149	65	0.999545
0	344	269	0.99895
1	344	123	0.99895
1	54	7	0.999835
1	72	27	0.99978
0	197	146	0.999398
0	194	78	0.999407
0	297	187	0.999092
0	324	308	0.999008
1	327	118	0.998998
0	162	66	0.999503
0	201	111	0.999383
1	126	10	0.999613
1	267	66	0.99918
1	324	126	0.999004
0	185	134	0.99943
0	84	60	0.999741
0	333	229	0.998974
0	181	170	0.999442
0	301	225	0.999072
1	197	22	0.999392
0	273	166	0.999157
1	219	72	0.999322
1	325	81	0.998994
1	291	100	0.999099
0	237	121	0.999266
0	156	110	0.999516
1	162	31	0.999497
0	264	254	0.99918
1	250	33	0.999223
1	153	15	0.999524
0	308	227	0.999042
0	296	253	0.999079
1	277	77	0.999138
1	256	39	0.999203
1	270	21	0.999159
0	172	162	0.999464
0	68	43	0.999788
0	287	198	0.999104
0	113	83	0.999647
0	87	40	0.999728
0	238	206	0.999256
1	212	58	0.999337
0	290	236	0.999093
1	314	96	0.999018
0	147	94	0.99954
0	315	280	0.999014
1	303	34	0.999051
0	310	279	0.999029
1	330	108	0.998964
1	268	59	0.999158
0	203	144	0.999362
0	158	119	0.999503
1	289	73	0.999091
0	245	146	0.999229
1	202	24	0.999364
0	214	93	0.999326
0	322	143	0.998985
0	248	234	0.999217
0	286	174	0.999097
0	302	225	0.999045
1	223	80	0.999294
1	291	66	0.999078
0	303	159	0.99904
0	292	161	0.999074
0	156	75	0.999505
1	261	53	0.999172
0	125	78	0.999603
1	164	18	0.999479
0	50	41	0.999841
1	241	48	0.999234
0	267	257	0.999151
0	298	295	0.999052
0	223	187	0.99929
1	256	64	0.999185
0	177	74	0.999436
1	325	30	0.998964
0	125	64	0.999601
0	245	167	0.999218
0	291	141	0.999071
0	290	275	0.999074
0	315	305	0.998993
0	268	172	0.999143
0	135	95	0.999568
1	285	71	0.999088
0	239	220	0.999235
1	310	114	0.999007
1	229	43	0.999266
0	155	89	0.999503
0	228	197	0.999269
1	173	27	0.999445
0	182	74	0.999416
0	204	194	0.999345
0	328	263	0.998947
0	272	264	0.999125
0	238	164	0.999233
0	71	58	0.999771
0	240	175	0.999225
0	239	196	0.999228
0	241	134	0.999221
0	51	32	0.999835
0	229	173	0.999259
0	261	237	0.999155
0	282	152	0.999087
0	319	171	0.998967
0	137	56	0.999556
1	187	70	0.999394
1	250	85	0.999189
1	202	48	0.999344
0	104	53	0.999662
1	59	8	0.999808
0	204	95	0.999336
0	191	156	0.999378
0	116	52	0.999622
0	119	79	0.999612
0	258	125	0.999158
0	139	111	0.999546
0	316	142	0.998968
0	104	100	0.99966
1	245	64	0.999199
1	256	37	0.999163
0	288	114	0.999058
0	113	61	0.99963
0	205	168	0.999328
0	249	246	0.999183
1	275	22	0.999097
0	211	169	0.999307
1	314	90	0.998967
0	274	130	0.999098
0	295	124	0.999027
0	288	175	0.99905
1	193	65	0.999363
1	243	24	0.999197
0	147	65	0.999514
0	97	52	0.999679
0	113	53	0.999626
0	318	148	0.998948
1	229	24	0.999242
1	225	48	0.999255
1	204	76	0.999324
0	75	50	0.999751
1	90	13	0.999701
0	221	165	0.999266
1	274	98	0.99909
0	316	270	0.99895
1	222	81	0.999262
1	240	70	0.999202
0	207	121	0.999311
0	262	196	0.999127
1	254	90	0.999153
0	269	142	0.999103
0	131	76	0.999562
1	196	74	0.999344
0	207	178	0.999307
1	123	21	0.999587
1	137	29	0.99954
1	217	27	0.999271
0	232	164	0.999219
0	221	130	0.999256
0	184	158	0.99938
0	181	114	0.99939
0	205	162	0.999309
0	138	85	0.999534
0	148	67	0.9995
1	310	64	0.998953
1	129	29	0.999564
0	259	222	0.999124
0	280	234	0.999053
0	304	131	0.998971
1	72	21	0.999756
0	136	100	0.999539
0	297	284	0.998993
0	191	139	0.999352
0	290	118	0.999016
0	305	176	0.998964
0	174	102	0.999408
0	283	280	0.999037
0	233	127	0.999207
0	116	110	0.999605
1	106	14	0.999639
0	291	182	0.999009
1	88	15	0.9997
0	280	202	0.999046
0	291	155	0.999006
0	148	146	0.999494
0	155	97	0.99947
0	255	170	0.999128
1	166	26	0.999432
0	307	266	0.99895
0	199	169	0.999319
0	246	201	0.999158
0	236	191	0.999192
1	221	67	0.999243
0	213	198	0.99927
1	193	19	0.999338
0	81	51	0.999722
0	232	129	0.999204
1	173	45	0.999406
0	272	193	0.999064
1	92	15	0.999683
0	198	92	0.999318
0	247	135	0.999149
0	299	288	0.99897
0	161	70	0.999445
1	127	18	0.999562
0	262	229	0.999096
0	229	182	0.999209
0	206	98	0.999288
1	61	22	0.999789
1	249	53	0.999139
0	296	145	0.998975
1	174	43	0.999397
1	228	55	0.99921
0	148	106	0.999487
0	273	261	0.999053
0	293	150	0.998983
0	296	283	0.998972
0	268	235	0.999068
0	298	127	0.998963
1	166	29	0.999422
1	141	46	0.999509
0	141	96	0.999509
1	248	56	0.999136
0	168	68	0.999414
0	168	120	0.999414
0	278	236	0.99903
0	161	72	0.999438
0	255	168	0.99911
1	175	43	0.999389
1	271	89	0.999054
1	295	101	0.99897
1	259	95	0.999095
0	283	124	0.999011
0	254	183	0.999112
0	76	39	0.999734
1	299	87	0.998953
0	125	58	0.999562
0	105	98	0.999632
0	284	275	0.999005
1	226	52	0.999208
0	255	125	0.999106
0	280	202	0.999018
0	273	132	0.999042
0	251	108	0.999119
0	219	164	0.999231
1	173	24	0.999392
0	204	187	0.999283
1	202	38	0.99929
1	106	11	0.999627
0	148	111	0.999479
0	169	158	0.999405
0	132	120	0.999535
0	220	189	0.999225
1	173	28	0.99939
0	287	183	0.998988
1	238	85	0.99916
0	228	121	0.999195
0	271	182	0.99904
1	208	31	0.999263
1	228	77	0.999192
1	202	41	0.999284
0	261	255	0.999075
0	245	133	0.999129
0	152	60	0.999459
0	268	159	0.999046
0	198	141	0.999295
1	273	31	0.999027
1	219	17	0.999219
0	249	203	0.999112
0	105	57	0.999625
0	279	111	0.999004
0	240	106	0.999143
0	159	86	0.999432
1	223	36	0.999203
0	152	145	0.999456
0	150	128	0.999463
0	189	156	0.999323
0	189	113	0.999322
1	264	46	0.999053
1	97	15	0.999651
0	228	175	0.99918
1	212	58	0.999236
0	89	48	0.999679
0	77	51	0.999722
1	278	65	0.998997
0	95	54	0.999657
0	127	121	0.999541
0	210	155	0.999241
0	201	143	0.999272
0	207	125	0.99925
1	242	80	0.999123
0	83	41	0.999699
0	208	207	0.999246
0	282	174	0.998977
0	150	73	0.999455
0	272	182	0.999012
1	282	38	0.998975
1	146	33	0.999468
0	285	222	0.998962
0	252	232	0.999082
1	211	40	0.999231
0	278	144	0.998987
0	231	173	0.999157
0	288	201	0.998949
1	246	84	0.9991
0	232	172	0.999151
1	71	25	0.99974
0	263	158	0.999036
0	249	131	0.999087
0	225	162	0.999174
1	277	71	0.998983
1	173	24	0.999364
0	272	226	0.999
1	179	53	0.999341
0	196	85	0.999278
0	207	193	0.999237
0	212	111	0.999218
0	228	220	0.999159
1	282	75	0.99896
0	209	118	0.999229
0	238	184	0.999122
1	98	24	0.999638
1	79	24	0.999708
0	148	138	0.999453
1	221	80	0.999183
0	265	239	0.99902
1	187	64	0.999308
1	227	74	0.99916
0	214	195	0.999208
0	237	220	0.999122
1	264	77	0.999022
1	151	18	0.99944
1	278	56	0.998969
1	59	11	0.999781
1	187	57	0.999306
1	281	95	0.998957
1	218	65	0.99919
0	218	197	0.99919
0	239	121	0.999112
0	275	205	0.998978
1	131	43	0.999512
1	168	18	0.999373
0	191	91	0.999287
0	177	172	0.999339
1	259	55	0.999033
0	170	101	0.999365
0	178	169	0.999335
0	201	100	0.999249
0	175	85	0.999346
0	107	102	0.9996
0	62	50	0.999768
1	116	37	0.999566
1	220	30	0.999177
0	274	246	0.998975
0	190	185	0.999288
1	135	12	0.999494
1	187	21	0.999298
0	277	260	0.99896
1	62	5	0.999767
0	136	78	0.999489
0	234	146	0.99912
0	231	173	0.999131
0	89	40	0.999665
0	153	128	0.999424
0	120	100	0.999548
0	218	151	0.999179
0	193	104	0.999272
0	193	190	0.999272
1	118	24	0.999554
0	186	121	0.999297
0	182	123	0.999311
0	124	82	0.99953
0	204	189	0.999227
0	77	60	0.999708
0	154	70	0.999416
1	230	31	0.999127
1	269	70	0.998978
0	166	136	0.999369
0	244	210	0.999072
1	174	29	0.999338
0	196	163	0.999253
0	166	104	0.999367
0	230	112	0.999123
1	51	4	0.999805
0	262	178	0.998999
1	165	26	0.999369
1	143	14	0.999453
0	234	198	0.999105
0	82	53	0.999686
0	177	134	0.999322
0	213	170	0.999184
1	190	50	0.999272
1	233	88	0.999107
1	185	16	0.99929
1	253	79	0.999029
1	63	9	0.999758
1	261	62	0.998998
0	170	144	0.999347
1	241	31	0.999074
0	103	90	0.999604
0	250	153	0.999039
1	150	37	0.999423
1	92	30	0.999645
0	115	71	0.999556
0	259	130	0.999
1	126	33	0.999513
0	192	189	0.999258
1	120	24	0.999536
0	128	85	0.999505
0	261	124	0.998991
1	176	43	0.999319
1	172	39	0.999334
0	271	260	0.99895
0	201	105	0.999221
1	211	76	0.999182
0	150	149	0.999418
0	137	65	0.999468
0	250	197	0.999029
1	250	52	0.999029
0	151	140	0.999413
0	151	114	0.999412
1	224	28	0.999126
1	185	42	0.999278
0	198	135	0.999227
1	269	52	0.99895
1	148	29	0.999422
0	77	53	0.999699
0	102	41	0.999601
0	91	57	0.999644
0	204	80	0.999202
0	264	232	0.998967
0	231	142	0.999096
1	144	34	0.999436
0	138	91	0.999459
1	65	12	0.999745
0	171	101	0.999329
1	239	79	0.999062
0	145	61	0.99943
0	217	102	0.999147
1	61	16	0.99976
0	185	155	0.999272
0	181	115	0.999287
1	220	77	0.999132
1	155	39	0.999387
0	83	57	0.999671
0	217	121	0.99914
1	157	33	0.999377
0	215	139	0.999147
0	129	104	0.999488
0	101	70	0.999599
1	75	24	0.999702
0	252	129	0.998999
1	256	58	0.998983
0	262	121	0.998959
0	115	98	0.999542
0	145	99	0.999421
1	97	12	0.999612
0	238	136	0.999047
1	63	11	0.999747
1	180	23	0.999277
1	213	78	0.999144
0	154	87	0.99938
0	112	56	0.999549
0	102	71	0.999589
1	83	30	0.999665
1	73	20	0.999705
1	227	84	0.999083
0	93	79	0.999624
0	147	144	0.999405
0	120	80	0.999514
0	91	84	0.999631
0	122	112	0.999504
1	115	41	0.999532
0	154	74	0.999373
0	202	183	0.999177
0	240	193	0.99902
0	254	151	0.998962
0	246	205	0.998994
1	201	49	0.999177
0	129	112	0.999471
0	98	46	0.999598
0	124	59	0.999491
0	101	87	0.999585
0	216	180	0.999112
0	186	164	0.999234
1	220	18	0.999094
0	235	151	0.999031
0	235	149	0.999031
1	233	64	0.999039
0	206	100	0.99915
0	215	183	0.999112
1	189	62	0.999219
1	221	16	0.999086
1	228	77	0.999057
0	211	133	0.999127
0	202	175	0.999164
0	156	153	0.999353
0	212	140	0.99912
0	209	104	0.99913
0	248	113	0.998966
1	246	70	0.998974
0	225	95	0.99906
0	195	172	0.999185
0	196	155	0.999179
0	157	69	0.999341
0	98	59	0.999588
1	180	38	0.999243
0	154	137	0.999352
1	100	24	0.999579
0	226	158	0.999049
0	94	76	0.999604
0	88	69	0.999628
0	244	115	0.998969
0	216	122	0.999087
0	116	69	0.999509
0	67	60	0.999716
0	243	212	0.99897
0	97	57	0.999588
0	146	109	0.99938
0	76	62	0.999677
0	225	189	0.999044
1	180	59	0.999235
0	84	79	0.999642
0	136	94	0.99942
0	199	158	0.999148
1	242	77	0.998964
1	218	71	0.999066
0	199	198	0.999147
0	211	107	0.999095
0	151	58	0.999352
0	99	59	0.999575
1	109	26	0.999532
0	236	181	0.998986
0	117	111	0.999497
0	190	140	0.999183
0	116	53	0.999501
0	88	55	0.999621
0	203	83	0.999126
0	143	83	0.999384
1	154	12	0.999336
0	231	155	0.999004
1	240	72	0.998965
0	205	117	0.999115
0	62	43	0.999732
0	182	92	0.999213
1	128	14	0.999446
0	187	114	0.99919
1	163	52	0.999293
1	76	25	0.99967
0	203	201	0.999119
1	233	87	0.998988
0	142	111	0.999383
1	180	19	0.999218
0	95	53	0.999587
0	178	86	0.999226
0	57	44	0.999752
1	212	64	0.999078
0	104	96	0.999545
0	234	129	0.998975
0	219	195	0.999039
0	89	74	0.999609
1	67	17	0.999705
1	134	28	0.99941
1	148	46	0.999348
0	68	34	0.999699
1	56	19	0.999752
0	196	195	0.999132
0	196	188	0.999132
0	110	95	0.999512
0	178	167	0.99921
0	102	45	0.999547
0	202	81	0.999103
0	211	159	0.999063
0	58	39	0.999742
0	96	71	0.999573
1	189	51	0.999159
1	106	9	0.999528
0	96	92	0.999572
0	75	52	0.999665
0	217	169	0.999031
0	126	68	0.999437
0	185	105	0.999173
1	110	21	0.999508
1	224	83	0.998998
0	134	116	0.999398
1	177	47	0.999204
0	229	163	0.99897
1	80	13	0.999639
0	205	193	0.999075
1	183	67	0.999174
0	162	66	0.999268
1	153	17	0.999306
0	183	69	0.99917
0	184	126	0.999165
1	167	24	0.999242
0	193	76	0.999124
0	226	122	0.998969
1	207	29	0.999055
1	210	33	0.99904
0	220	94	0.998993
1	145	49	0.999336
0	122	82	0.999441
0	128	112	0.999413
0	222	215	0.998982
0	158	121	0.999275
1	64	21	0.999706
0	172	115	0.999209
0	83	66	0.999618
0	87	33	0.999599
0	86	37	0.999603
0	57	48	0.999736
0	109	80	0.999495
0	145	93	0.999328
1	225	29	0.998957
0	209	195	0.999031
0	202	137	0.999063
1	143	36	0.999336
1	193	29	0.999104
0	225	93	0.998955
0	218	159	0.998987
0	221	85	0.998973
0	163	93	0.999242
1	195	56	0.999093
0	195	82	0.999091
0	57	33	0.999734
0	109	105	0.999491
1	128	25	0.999402
0	208	112	0.999027
0	156	73	0.999269
0	188	124	0.999119
0	182	145	0.999147
1	186	20	0.999128
0	148	59	0.999306
0	210	157	0.999015
0	173	154	0.999188
1	186	61	0.999126
0	117	85	0.99945
0	72	64	0.999661
0	123	111	0.999421
0	130	94	0.999388
0	216	115	0.998983
0	213	108	0.998997
0	170	103	0.999199
0	202	134	0.999045
1	214	29	0.998988
0	211	83	0.999002
0	172	126	0.999186
0	209	93	0.999011
1	188	65	0.99911
0	158	142	0.999251
0	121	111	0.999426
0	136	122	0.999354
0	81	34	0.999615
0	157	124	0.999254
0	160	79	0.999239
1	104	28	0.999505
0	68	31	0.999675
0	82	79	0.999608
0	159	83	0.999238
0	207	153	0.999007
0	128	88	0.999385
1	186	50	0.999106
1	141	24	0.999322
0	188	155	0.999096
1	111	34	0.999466
1	102	36	0.999509
0	113	42	0.999456
0	200	154	0.999036
0	216	113	0.998956
0	171	136	0.999173
1	88	29	0.999574
1	175	31	0.999152
1	177	15	0.999142
0	190	91	0.999079
0	190	147	0.999079
1	179	48	0.999132
1	202	66	0.99902
0	207	170	0.998995
0	150	121	0.99927
0	101	76	0.999507
0	215	187	0.998951
1	79	18	0.999614
0	103	99	0.999496
0	84	40	0.999588
0	175	92	0.999142
0	130	129	0.999362
1	152	50	0.999252
0	67	25	0.99967
1	196	50	0.999035
1	140	19	0.99931
0	180	122	0.999113
0	195	81	0.999039
1	207	27	0.998979
1	169	42	0.999166
1	156	57	0.99923
0	202	112	0.999002
0	108	68	0.999466
1	163	27	0.999194
0	58	34	0.999713
0	138	128	0.999317
0	62	52	0.999693
0	151	148	0.999252
1	69	7	0.999658
0	121	116	0.9994
1	208	19	0.998969
0	168	139	0.999166
1	184	24	0.999086
0	118	114	0.999413
1	177	63	0.999119
1	188	44	0.999064
0	203	96	0.998989
0	183	82	0.999087
0	163	142	0.999185
0	180	160	0.999099
0	139	79	0.999304
0	203	76	0.998983
0	129	96	0.999352
1	201	54	0.998989
0	195	171	0.999019
0	120	84	0.999396
1	153	46	0.99923
0	55	45	0.999723
0	180	174	0.999094
1	183	23	0.999078
0	205	148	0.998967
0	177	161	0.999107
0	150	96	0.999243
1	92	32	0.999535
0	54	50	0.999727
0	67	36	0.999661
1	181	57	0.999084
0	162	119	0.99918
0	205	80	0.998962
1	183	46	0.999073
1	199	36	0.998992
0	182	106	0.999078
0	112	84	0.999432
0	163	71	0.999173
1	104	9	0.999472
0	204	171	0.998963
1	190	38	0.999034
1	68	19	0.999654
1	148	20	0.999247
0	106	55	0.99946
1	172	33	0.999124
1	169	34	0.999139
0	129	58	0.999342
1	86	26	0.999561
0	163	112	0.999165
1	205	23	0.99895
0	203	184	0.99896
1	63	5	0.999677
0	185	128	0.999052
0	110	42	0.999434
0	160	122	0.999176
0	179	97	0.999078
0	132	79	0.999319
1	190	47	0.99902
0	95	57	0.999509
0	192	149	0.999008
1	98	29	0.999493
0	178	177	0.999079
0	194	183	0.998996
1	83	18	0.99957
0	144	130	0.999254
1	183	23	0.999052
0	98	61	0.999491
0	87	72	0.999548
0	181	144	0.999057
0	147	61	0.999234
0	100	96	0.999477
0	187	177	0.999022
0	141	100	0.999262
0	144	110	0.999246
0	123	63	0.999355
0	52	22	0.999727
0	161	125	0.999155
1	162	18	0.999149
0	153	130	0.999196
1	195	36	0.998975
0	162	137	0.999148
0	168	157	0.999115
0	130	116	0.999315
0	126	96	0.999336
0	164	68	0.999134
0	117	82	0.999382
1	122	39	0.999355
0	169	70	0.999106
0	172	143	0.99909
0	186	81	0.999016
0	84	41	0.999555
0	99	68	0.999475
0	186	80	0.999014
0	142	86	0.999247
1	85	11	0.999549
0	185	157	0.999018
1	85	18	0.999548
0	110	44	0.999415
0	198	129	0.998947
0	198	78	0.998947
1	179	59	0.999047
1	181	34	0.999036
0	192	166	0.998977
0	107	99	0.999429
0	144	139	0.99923
1	183	49	0.99902
1	92	33	0.999507
0	121	78	0.999351
0	129	77	0.999305
1	183	66	0.999013
0	78	61	0.999579
1	189	15	0.99898
0	186	79	0.998996
0	168	80	0.999092
1	158	36	0.999145
0	167	110	0.999096
0	146	61	0.999209
0	193	124	0.998954
0	166	74	0.9991
0	190	88	0.998969
0	60	49	0.999674
0	191	183	0.998962
0	90	66	0.99951
1	182	52	0.999008
0	168	131	0.999084
0	190	89	0.998963
1	188	62	0.998973
0	66	43	0.999639
0	113	77	0.999382
0	53	25	0.99971
0	72	28	0.999606
0	133	120	0.999272
0	167	154	0.999086
0	124	88	0.999321
0	167	114	0.999085
0	111	77	0.99939
1	129	32	0.999291
1	142	28	0.999218
1	156	14	0.99914
1	158	52	0.999128
0	124	120	0.999315
1	96	27	0.999469
0	133	130	0.999264
0	181	153	0.998994
1	114	12	0.999366
0	60	43	0.999665
1	171	59	0.999045
0	150	75	0.999162
1	139	30	0.999223
1	98	8	0.999452
0	86	49	0.999519
0	133	62	0.999256
1	91	10	0.99949
0	89	83	0.999501
1	64	7	0.999641
1	128	45	0.999282
0	144	86	0.999192
0	60	24	0.999663
1	68	10	0.999618
0	180	116	0.998989
1	164	21	0.999078
0	163	70	0.999083
0	152	141	0.999144
1	107	18	0.999397
0	126	113	0.99929
0	179	133	0.998989
0	153	148	0.999135
0	128	114	0.999275
0	58	47	0.999671
1	128	18	0.999274
0	174	73	0.999012
1	83	10	0.999527
1	116	35	0.999337
1	134	25	0.999234
0	72	59	0.999588
0	117	78	0.99933
0	76	55	0.999564
0	165	140	0.999053
0	114	43	0.999345
1	59	19	0.99966
1	130	14	0.999251
1	90	31	0.999481
1	176	24	0.998984
0	82	54	0.999526
1	127	43	0.999266
1	123	41	0.999289
0	173	77	0.999
1	158	39	0.999086
1	103	24	0.999403
1	175	24	0.998986
0	159	116	0.999076
0	181	102	0.998947
1	172	46	0.998999
0	135	80	0.999213
1	156	33	0.999087
1	161	56	0.999057
1	158	24	0.999073
1	169	29	0.999007
0	165	157	0.999029
1	142	46	0.999164
0	155	150	0.999087
1	134	19	0.999208
1	162	35	0.999042
1	173	56	0.998977
0	120	106	0.99929
0	121	48	0.999284
1	89	28	0.999473
0	125	67	0.999257
0	78	37	0.999536
0	149	141	0.999114
0	136	135	0.999191
0	119	109	0.999292
0	146	98	0.999131
0	166	67	0.999012
0	90	50	0.999463
1	64	14	0.999618
1	156	36	0.999069
1	138	48	0.999176
1	139	44	0.99917
0	175	149	0.998952
0	156	113	0.999065
0	62	47	0.999628
0	130	74	0.999218
0	135	109	0.999187
1	117	15	0.999295
1	148	31	0.999108
0	90	87	0.999457
0	147	83	0.999112
0	166	125	0.998997
1	145	15	0.999123
0	107	46	0.999352
0	146	114	0.999116
1	100	8	0.999394
0	107	73	0.999351
0	146	139	0.999112
0	162	63	0.999013
0	103	47	0.999372
0	71	61	0.999567
1	143	40	0.999127
0	113	69	0.99931
1	98	21	0.999401
1	140	35	0.999144
0	120	49	0.999266
0	105	69	0.999357
0	146	105	0.999106
1	159	31	0.999026
0	97	88	0.999405
0	148	121	0.999088
0	75	70	0.999537
0	97	69	0.999401
1	65	17	0.999598
1	126	39	0.999221
1	134	20	0.999171
1	84	13	0.99948
0	146	100	0.999093
1	159	43	0.999009
0	72	61	0.999551
0	84	72	0.999476
0	84	71	0.999476
1	165	25	0.998971
0	150	110	0.999064
0	145	133	0.999094
1	123	36	0.99923
0	72	55	0.999549
0	140	123	0.999123
1	122	22	0.999234
1	96	7	0.999397
0	131	110	0.999176
0	149	78	0.999062
0	154	77	0.99903
0	150	100	0.999055
0	136	92	0.999143
1	99	26	0.999376
0	76	41	0.99952
0	75	63	0.999526
0	99	57	0.999374
0	139	122	0.999119
0	144	82	0.999087
1	72	25	0.999543
1	123	19	0.999219
0	68	37	0.999568
1	151	49	0.99904
0	70	51	0.999554
0	136	56	0.999133
0	94	55	0.9994
0	56	47	0.999642
1	149	31	0.999045
0	55	27	0.999647
1	118	35	0.999241
0	123	83	0.999208
0	75	58	0.999516
0	77	40	0.999503
0	74	72	0.999522
1	106	30	0.999314
1	151	37	0.999019
0	80	41	0.99948
0	109	57	0.999291
0	145	61	0.999057
0	154	117	0.998998
0	90	51	0.999414
1	133	30	0.999134
0	113	55	0.999264
0	105	102	0.999316
0	160	82	0.998955
1	158	41	0.998967
0	98	58	0.999358
0	150	109	0.999017
0	112	41	0.999265
0	61	47	0.999599
0	151	128	0.999007
1	150	12	0.999013
0	148	102	0.999026
1	149	26	0.999019
1	142	49	0.999064
0	120	67	0.999208
0	63	58	0.999584
1	86	28	0.999432
0	110	94	0.999272
0	64	47	0.999576
0	104	66	0.999311
0	59	32	0.999609
1	123	20	0.999185
1	55	4	0.999635
1	110	25	0.99927
1	133	46	0.999117
0	107	56	0.999289
0	143	99	0.99905
0	104	81	0.999307
1	91	21	0.999393
1	110	28	0.999266
0	105	56	0.999299
0	142	95	0.999048
1	104	31	0.999302
0	90	34	0.999395
0	108	86	0.999274
0	143	134	0.999038
0	73	29	0.999508
0	81	61	0.999452
0	148	103	0.998997
0	96	68	0.999348
0	124	49	0.999157
0	81	76	0.999449
0	70	44	0.999523
0	148	117	0.99899
1	145	14	0.99901
0	137	54	0.999064
0	145	126	0.999007
0	125	67	0.99914
0	92	36	0.999366
1	112	31	0.999228
0	106	98	0.999269
0	125	54	0.999136
1	75	20	0.99948
0	75	64	0.99948
1	91	29	0.999367
1	74	25	0.999485
0	109	56	0.999241
0	121	95	0.999157
0	100	91	0.999303
1	94	27	0.999344
0	138	93	0.999037
0	125	90	0.999127
1	130	19	0.999092
1	111	39	0.999222
0	63	51	0.999558
0	124	112	0.99913
0	139	63	0.999022
0	61	50	0.99957
1	113	37	0.999202
1	136	48	0.999039
0	130	61	0.999077
1	109	31	0.999224
0	84	35	0.9994
0	133	112	0.999049
0	90	74	0.999356
1	110	31	0.999213
0	70	27	0.999499
1	94	25	0.999326
1	120	14	0.999137
0	106	79	0.999234
1	95	31	0.99931
0	119	116	0.999135
0	141	87	0.998975
0	134	58	0.999025
0	64	33	0.999534
0	110	74	0.999197
0	110	98	0.999196
1	130	38	0.999049
0	53	38	0.999612
1	86	10	0.999369
0	76	47	0.999442
0	111	54	0.999185
0	81	44	0.999405
1	85	14	0.999375
0	70	34	0.999485
0	55	23	0.999595
0	142	125	0.998953
1	120	34	0.999115
0	66	34	0.999513
1	126	11	0.999068
0	123	74	0.99909
0	137	96	0.998986
0	76	56	0.999437
0	53	26	0.999607
0	142	135	0.998947
0	65	58	0.999517
1	57	18	0.999576
1	136	14	0.998988
0	101	62	0.999248
0	120	77	0.999104
0	121	81	0.999095
0	120	105	0.999102
0	121	69	0.999093
1	54	17	0.999595
0	135	67	0.998986
0	96	53	0.999278
1	102	11	0.999231
0	109	43	0.999177
0	113	46	0.999144
1	122	37	0.999069
0	53	43	0.999593
1	122	31	0.999063
0	107	86	0.999177
1	92	11	0.999292
1	80	11	0.999383
1	134	26	0.998966
1	84	9	0.99935
0	59	26	0.999543
0	118	113	0.999085
0	54	30	0.999581
0	120	92	0.999067
1	82	27	0.999362
0	80	39	0.999377
0	94	44	0.999268
0	109	46	0.99915
0	121	88	0.999056
1	74	10	0.999422
1	90	17	0.999297
0	80	50	0.999371
0	53	34	0.999583
1	66	19	0.999479
0	124	96	0.999018
0	109	73	0.999136
0	97	57	0.999231
0	58	45	0.99954
0	92	70	0.999269
0	111	92	0.999115
0	83	36	0.999337
1	94	7	0.999248
0	97	50	0.999224
0	98	63	0.999216
0	106	99	0.999151
1	91	31	0.999271
0	96	95	0.999228
1	62	11	0.999501
0	110	90	0.999114
0	69	40	0.999444
0	76	61	0.999387
0	88	79	0.999286
0	99	45	0.999196
1	111	29	0.999098
1	126	38	0.998975
0	103	64	0.99916
1	121	14	0.999013
0	91	68	0.999257
0	101	61	0.999175
0	128	110	0.998951
1	80	22	0.999342
0	125	56	0.998972
0	52	49	0.999572
0	120	112	0.999012
1	92	20	0.999241
0	122	74	0.998992
0	83	77	0.999314
0	110	69	0.99909
1	82	11	0.999319
1	74	14	0.999385
0	60	55	0.9995
1	63	22	0.999474
0	100	62	0.999165
0	95	35	0.999206
1	74	14	0.999381
0	96	57	0.999197
0	114	50	0.999045
0	72	59	0.999396
0	119	108	0.998994
0	80	59	0.999323
1	101	12	0.999145
0	73	41	0.999381
1	118	24	0.998997
0	109	75	0.999069
1	99	22	0.999154
0	112	107	0.999043
0	50	46	0.999572
0	76	37	0.999349
1	97	24	0.999165
0	94	50	0.99919
1	118	18	0.998982
1	115	14	0.999005
0	56	29	0.999515
0	104	40	0.999096
1	87	23	0.999243
1	66	23	0.999424
0	116	107	0.998988
0	90	89	0.999214
0	99	87	0.999135
0	55	42	0.999519
0	56	34	0.999509
1	97	16	0.999148
1	115	39	0.99899
1	51	16	0.999551
0	52	41	0.999542
1	75	10	0.999339
0	71	60	0.999374
0	110	106	0.999029
0	106	67	0.999063
1	105	21	0.999069
0	81	44	0.999281
0	97	51	0.999137
0	68	34	0.999393
0	108	52	0.999036
0	63	42	0.999437
0	110	61	0.999016
0	76	60	0.999318
1	75	23	0.999325
0	75	31	0.999324
1	74	13	0.999332
0	63	38	0.99943
0	90	50	0.999185
1	109	13	0.999011
0	102	51	0.999073
0	84	68	0.999236
1	82	28	0.999252
0	82	53	0.999251
1	103	23	0.999058
1	95	26	0.999131
0	87	36	0.999204
0	101	49	0.999076
1	79	18	0.999275
0	87	57	0.9992
1	71	9	0.999347
0	68	61	0.999374
0	96	62	0.999114
0	89	81	0.999178
0	70	68	0.999353
1	68	18	0.999371
0	107	47	0.99901
1	103	30	0.999044
0	85	38	0.999207
0	91	35	0.999147
1	60	8	0.999437
1	77	17	0.999277
0	58	35	0.999452
1	89	11	0.999159
0	66	51	0.999375
1	60	7	0.99943
1	60	10	0.99943
0	51	27	0.999515
0	90	36	0.999143
0	101	100	0.999036
0	75	66	0.999279
0	71	58	0.999316
0	52	21	0.999497
0	91	72	0.999119
1	67	20	0.999349
1	95	14	0.999075
0	107	67	0.99895
1	103	12	0.998988
0	96	95	0.999053
0	98	72	0.999029
0	71	38	0.999296
1	74	9	0.999265
0	78	68	0.999224
1	96	23	0.999045
0	52	41	0.999482
0	66	60	0.999342
0	67	60	0.999332
0	57	23	0.999426
0	103	83	0.99896
0	69	32	0.999303
0	102	93	0.998968
0	83	35	0.999159
0	82	40	0.999166
1	102	27	0.998962
1	77	16	0.999212
0	50	41	0.999488
0	86	59	0.999116
1	51	13	0.999475
0	94	92	0.999028
0	81	33	0.999162
0	81	71	0.999159
0	81	29	0.999155
1	73	11	0.999235
0	60	47	0.999369
1	93	24	0.999022
0	79	52	0.999168
0	90	89	0.999049
0	78	29	0.999173
0	76	38	0.999193
1	66	17	0.999299
0	87	71	0.999076
1	97	16	0.998969
1	63	13	0.999327
1	74	24	0.999209
0	56	21	0.999401
1	64	19	0.999315
0	63	27	0.999324
0	92	75	0.999011
0	97	93	0.998957
0	86	70	0.999075
1	97	18	0.998948
0	51	32	0.999446
1	85	9	0.999072
0	93	76	0.998983
1	94	11	0.998967
0	54	47	0.999406
0	80	63	0.999111
0	74	33	0.99917
0	86	40	0.999033
0	59	42	0.999335
1	63	5	0.999289
0	62	53	0.999299
0	85	43	0.999039
1	56	16	0.999363
0	73	71	0.999166
0	84	82	0.999037
0	91	81	0.998947
0	57	50	0.999338
0	51	48	0.999406
0	69	25	0.999196
0	63	56	0.999265
0	78	39	0.999085
0	82	76	0.999035
0	82	68	0.999033
1	55	19	0.999347
0	63	25	0.99925
0	77	67	0.999082
0	87	82	0.998948
0	62	41	0.999247
0	80	48	0.999027
0	52	25	0.999366
1	78	26	0.999046
0	71	51	0.999131
1	56	7	0.999313
0	74	33	0.999089
0	63	41	0.999222
0	56	44	0.999307
1	77	15	0.999045
1	77	12	0.999043
0	63	23	0.999214
0	65	35	0.999186
1	79	14	0.999003
0	82	67	0.998959
0	67	40	0.999144
1	77	24	0.999008
0	67	61	0.999135
0	81	32	0.998953
0	65	28	0.999159
0	73	68	0.999054
0	64	40	0.99916
1	62	20	0.999186
0	78	57	0.998971
0	60	49	0.999208
0	50	22	0.999336
1	79	18	0.998951
1	62	9	0.999174
0	55	48	0.999266
0	50	40	0.999329
0	72	54	0.999025
0	64	51	0.999132
0	76	70	0.998969
0	64	61	0.999118
0	67	46	0.999076
0	69	35	0.999045
0	53	44	0.999264
0	63	49	0.999109
0	71	66	0.998988
0	68	43	0.99903
0	72	42	0.998969
0	57	38	0.999178
0	63	44	0.999086
1	52	7	0.999245
1	69	10	0.998985
0	63	25	0.999068
0	67	56	0.999008
0	70	63	0.998955
0	69	67	0.998965
1	64	8	0.999029
0	56	46	0.99915
0	68	55	0.99896
0	53	22	0.999187
1	51	10	0.999214
0	52	47	0.999198
0	59	54	0.999082
0	53	33	0.999172
1	58	19	0.999089
1	65	17	0.998978
0	57	49	0.9991
0	63	57	0.998999
0	50	40	0.999196
1	58	20	0.999065
0	61	27	0.999016
1	57	13	0.999078
1	62	15	0.998992
0	58	47	0.999051
0	62	39	0.998985
0	60	23	0.999005
0	63	40	0.998947
1	58	11	0.999027
0	54	30	0.999091
1	61	19	0.998972
1	58	9	0.999013
1	61	14	0.998959
0	55	47	0.999056
0	61	30	0.998953
1	55	4	0.999054
0	55	36	0.999043
1	54	17	0.999057
0	53	35	0.999051
0	52	35	0.999066
0	55	52	0.999003
0	53	46	0.999029
0	54	36	0.999003
1	53	16	0.999009
0	52	35	0.998986
1	53	14	0.998957
0	50	23	0.998956
