29862.3
0.103597
500
1	409	20	0.999886
1	423	201	0.999837
1	418	212	0.99982
1	383	99	0.999738
1	93	68	0.999935
1	129	108	0.999902
1	409	348	0.999673
1	463	213	0.999624
1	362	24	0.999689
1	322	281	0.999689
0	401	382	0.999591
1	356	129	0.999542
1	225	168	0.999706
1	262	157	0.999657
1	363	51	0.99951
1	338	87	0.999526
1	197	142	0.999722
1	148	50	0.999771
1	487	252	0.999199
1	296	86	0.999493
1	328	43	0.999412
1	373	262	0.999281
1	370	118	0.999183
1	402	162	0.998987
1	466	138	0.998807
1	323	169	0.999085
1	293	242	0.999134
1	477	128	0.998497
1	366	310	0.99884
1	392	59	0.998742
1	110	75	0.99964
1	87	42	0.999689
0	359	358	0.998709
1	444	275	0.998383
1	488	406	0.998154
1	431	140	0.998366
1	303	202	0.99884
1	494	91	0.998073
0	421	369	0.99835
1	97	14	0.999608
1	231	57	0.999019
1	397	164	0.998301
1	467	26	0.997991
0	421	397	0.99817
0	291	240	0.998595
1	439	132	0.99786
0	361	322	0.998219
0	258	217	0.998709
1	90	14	0.999542
1	413	279	0.997877
1	85	6	0.999559
0	432	368	0.997714
1	321	173	0.998122
1	233	15	0.998628
1	280	26	0.998285
1	236	84	0.998546
0	347	285	0.997844
1	337	80	0.997893
0	173	171	0.998889
1	384	106	0.997518
1	463	291	0.996898
1	464	19	0.996882
1	226	103	0.998464
1	231	148	0.99835
1	311	89	0.997746
0	413	339	0.996996
1	358	91	0.997273
1	243	22	0.998073
1	197	12	0.998432
1	419	178	0.99667
0	329	269	0.997322
1	326	204	0.997338
1	495	223	0.995905
0	489	385	0.995937
0	303	216	0.997453
1	321	17	0.99729
0	408	343	0.996556
1	362	88	0.996931
1	287	102	0.997534
1	328	116	0.99711
1	406	252	0.996409
1	438	190	0.996116
1	380	162	0.996605
1	385	26	0.996507
1	316	203	0.997127
1	293	161	0.997322
0	346	251	0.996833
0	269	219	0.997518
1	121	36	0.998872
1	141	74	0.998677
1	398	46	0.9961
1	168	20	0.998334
1	184	76	0.998154
1	413	186	0.995807
1	291	131	0.996996
1	362	170	0.99623
1	388	33	0.995905
1	165	29	0.998252
1	476	131	0.994847
0	311	226	0.996605
1	490	289	0.994652
1	110	56	0.998791
0	492	359	0.994603
0	457	429	0.994961
0	420	263	0.995351
1	252	22	0.997192
0	125	101	0.998595
1	402	157	0.995384
1	207	4	0.997616
1	300	29	0.99654
1	177	54	0.997893
1	315	10	0.996198
1	113	45	0.998628
1	321	9	0.996084
1	423	132	0.994635
1	406	95	0.994847
0	421	356	0.994635
0	225	198	0.997094
0	496	392	0.993579
1	402	86	0.994652
1	241	57	0.996784
0	352	257	0.995286
0	446	378	0.993904
0	425	307	0.994115
1	407	44	0.994326
0	494	281	0.993092
0	500	488	0.992978
0	309	295	0.995563
1	287	150	0.995758
1	462	78	0.99314
0	227	121	0.996589
1	314	139	0.995107
1	480	156	0.99228
0	264	181	0.995709
1	411	194	0.993335
0	284	149	0.995302
0	397	364	0.993368
1	489	148	0.99181
1	464	215	0.992215
0	457	248	0.992296
1	500	135	0.991502
0	345	312	0.994099
0	298	183	0.994896
0	284	270	0.995107
0	102	94	0.998236
1	281	110	0.995091
1	222	97	0.996116
1	425	36	0.992556
1	227	8	0.995937
0	187	168	0.996605
0	459	426	0.99168
0	491	313	0.991096
1	298	83	0.99457
0	400	313	0.992686
1	394	126	0.992783
1	89	40	0.99835
1	240	110	0.995546
0	343	287	0.993563
1	293	47	0.994489
1	231	69	0.995644
0	372	316	0.992994
0	462	263	0.991291
1	302	132	0.994261
0	480	376	0.990902
0	246	117	0.995302
1	357	155	0.993156
1	195	88	0.996247
0	152	97	0.997061
0	481	246	0.990756
1	447	175	0.991372
1	283	116	0.994473
0	97	66	0.998089
1	238	62	0.995319
1	460	24	0.990902
0	236	134	0.995286
1	314	38	0.993725
0	365	219	0.992637
0	373	308	0.992475
0	448	205	0.990967
0	309	139	0.993709
1	298	86	0.993887
1	435	167	0.99108
0	353	261	0.992702
1	260	79	0.994603
1	262	114	0.994538
0	492	431	0.989752
0	415	251	0.991291
1	358	24	0.992475
1	307	81	0.993384
1	146	20	0.996833
0	103	45	0.997763
0	205	108	0.995546
1	498	108	0.989186
0	242	231	0.994668
1	485	31	0.989364
1	413	167	0.990918
0	259	212	0.994196
0	258	135	0.994213
1	367	93	0.991777
1	73	16	0.99835
0	403	290	0.990951
0	312	246	0.992962
1	198	32	0.995514
1	345	22	0.992199
0	161	68	0.996295
0	463	384	0.989396
0	337	223	0.992166
0	381	159	0.991064
1	479	109	0.988766
1	290	28	0.993124
1	372	32	0.991177
0	432	187	0.989752
0	373	195	0.991113
1	108	14	0.997387
0	486	452	0.988329
0	412	350	0.989979
0	152	86	0.996263
0	377	220	0.990724
1	368	82	0.990853
1	262	27	0.993449
0	372	314	0.990659
1	221	66	0.994424
0	69	59	0.998236
0	203	113	0.994814
0	367	350	0.990659
1	482	29	0.987699
0	445	277	0.98862
0	460	408	0.988184
0	385	167	0.990076
0	415	393	0.989267
1	353	121	0.990789
1	331	88	0.991356
1	196	4	0.994863
0	367	292	0.990351
0	435	363	0.988539
0	500	420	0.986731
0	407	289	0.98917
0	319	234	0.991404
0	182	90	0.995042
0	472	393	0.98707
1	212	67	0.994066
0	274	136	0.992329
0	124	101	0.996507
1	245	66	0.993043
0	161	68	0.9954
0	364	286	0.989655
0	449	239	0.987118
1	277	97	0.991988
0	365	303	0.989364
0	299	138	0.991258
1	153	46	0.995465
0	492	211	0.985522
0	52	28	0.998448
0	393	232	0.988329
0	339	210	0.989914
0	398	270	0.988168
0	341	304	0.989833
1	302	11	0.99087
0	459	201	0.986134
0	453	326	0.986279
0	476	348	0.985522
1	128	11	0.995986
1	446	88	0.98615
0	441	296	0.98615
1	467	101	0.98528
0	403	164	0.987263
0	331	210	0.989477
0	282	258	0.991015
0	263	243	0.991615
0	455	359	0.985522
1	378	106	0.987893
0	169	101	0.994538
1	341	62	0.988976
0	442	218	0.985667
0	452	252	0.985312
0	184	171	0.99392
0	219	90	0.992767
1	330	86	0.989138
1	239	5	0.992085
0	349	223	0.988378
1	346	17	0.988475
1	442	112	0.985232
1	485	152	0.983799
1	353	56	0.988055
0	436	188	0.98528
0	315	293	0.989315
1	366	87	0.98757
1	397	36	0.986505
0	344	264	0.988184
0	368	129	0.98736
1	337	11	0.988378
0	381	348	0.986876
0	467	419	0.983944
0	419	178	0.98557
0	160	88	0.994424
0	463	181	0.983879
1	156	27	0.994505
0	192	95	0.993173
1	285	44	0.989898
0	453	382	0.983879
1	312	76	0.988766
1	126	31	0.995432
0	345	331	0.987522
0	110	37	0.995986
1	319	52	0.98841
0	98	92	0.996409
1	340	14	0.987602
1	369	33	0.986553
0	396	366	0.985538
0	281	178	0.989607
1	407	99	0.98499
1	336	24	0.987538
0	429	308	0.98404
0	403	295	0.984926
1	295	78	0.988863
0	305	145	0.988475
0	275	127	0.989542
0	400	382	0.984797
0	383	356	0.985409
0	414	316	0.984137
0	293	91	0.988685
0	209	87	0.991875
1	340	75	0.986715
0	354	125	0.986166
1	384	44	0.984974
0	411	286	0.983879
0	346	290	0.986263
0	356	310	0.98586
1	318	63	0.98715
0	187	118	0.992329
0	218	207	0.991048
0	389	306	0.983992
0	372	266	0.984555
0	172	162	0.992783
1	334	19	0.98607
1	319	43	0.986376
0	312	127	0.986666
0	243	89	0.989558
0	355	123	0.984781
0	149	141	0.99353
1	287	35	0.987586
0	156	90	0.993156
1	278	19	0.987748
0	122	103	0.994586
0	105	69	0.995335
1	318	75	0.985973
1	201	32	0.991048
0	348	126	0.984587
0	247	95	0.989008
0	307	297	0.986328
0	270	97	0.987877
1	305	83	0.986263
1	158	21	0.992832
0	168	130	0.992361
0	340	104	0.984024
0	108	87	0.994863
0	308	125	0.98536
1	156	39	0.992475
1	126	29	0.993839
0	172	59	0.991566
1	254	45	0.987586
1	300	64	0.98536
0	332	302	0.983799
0	274	248	0.986408
0	253	153	0.987086
0	254	208	0.987005
0	282	199	0.985554
0	254	138	0.98665
1	281	73	0.985215
0	256	195	0.986505
0	232	165	0.987602
1	122	28	0.993416
1	208	27	0.988507
1	288	65	0.984056
1	228	38	0.987167
0	253	219	0.98557
0	56	36	0.996752
0	277	170	0.984105
1	192	4	0.988879
1	106	7	0.993822
0	257	173	0.985071
1	148	37	0.991339
1	238	58	0.985941
0	159	109	0.990562
0	266	100	0.984201
0	259	210	0.984523
0	188	57	0.988685
1	212	14	0.987231
0	224	104	0.986505
0	84	56	0.994847
1	85	4	0.994765
0	203	199	0.987538
0	255	179	0.984362
1	239	58	0.985296
0	134	86	0.991631
0	223	158	0.986021
1	114	24	0.992799
0	163	49	0.989477
0	243	67	0.98433
0	242	138	0.984362
0	141	104	0.990821
1	194	40	0.987296
0	211	97	0.985973
0	106	57	0.992897
0	73	39	0.995091
0	210	67	0.985876
0	110	56	0.992523
0	191	105	0.987005
1	65	2	0.995514
0	226	188	0.984571
0	209	76	0.98557
1	68	16	0.995237
0	192	186	0.986618
0	118	88	0.991712
0	200	144	0.985989
0	132	52	0.990578
0	117	57	0.991566
0	223	169	0.983992
1	63	15	0.995416
0	143	77	0.989655
1	208	7	0.984958
0	202	104	0.98528
0	116	58	0.991469
0	160	113	0.988216
0	214	131	0.984249
0	194	127	0.985634
1	99	6	0.992507
0	111	90	0.991566
0	169	74	0.987183
0	80	23	0.993871
1	103	7	0.992037
0	139	87	0.989251
0	94	57	0.992621
0	59	36	0.995319
0	203	178	0.984072
0	87	75	0.992978
1	96	25	0.99215
1	63	11	0.99483
0	78	48	0.993595
0	181	161	0.985199
1	87	14	0.992816
0	103	39	0.991113
0	93	26	0.991891
0	185	160	0.983831
0	149	127	0.986828
1	136	12	0.987925
0	154	87	0.986328
1	180	36	0.984024
0	147	51	0.986505
0	61	18	0.994034
0	158	146	0.984652
0	149	82	0.985377
0	116	78	0.988475
0	155	72	0.984555
1	113	17	0.988572
0	65	63	0.993368
0	136	85	0.986086
0	67	63	0.993059
0	122	92	0.987167
0	99	80	0.989493
0	56	43	0.994001
0	107	75	0.988556
1	140	30	0.985054
0	74	65	0.99202
0	143	122	0.984459
0	121	45	0.986666
0	94	84	0.988944
0	102	47	0.988006
0	138	43	0.983783
1	91	9	0.98896
0	119	115	0.985022
0	69	26	0.99108
0	56	49	0.992637
0	101	79	0.986634
0	108	61	0.985538
0	68	54	0.990756
0	109	98	0.985183
1	100	25	0.986376
0	92	83	0.987312
1	91	5	0.987247
0	94	74	0.986682
0	113	70	0.983815
0	103	38	0.985135
0	58	24	0.991534
1	105	6	0.984652
0	76	58	0.988491
1	89	4	0.986457
0	97	80	0.984668
0	98	26	0.984089
0	63	43	0.989558
0	62	36	0.989591
0	55	25	0.99074
0	91	82	0.984475
0	61	23	0.989413
0	54	46	0.989914
1	58	8	0.989105
0	73	69	0.985731
1	70	10	0.98565
1	61	3	0.987021
0	52	21	0.988281
