156905
1.2832
2500
1	308	142	0.999999
1	308	272	0.999999
1	308	177	0.999999
1	308	275	0.999998
1	308	178	0.999998
1	308	146	0.999998
1	308	161	0.999998
1	308	91	0.999996
1	308	165	0.999996
1	308	77	0.999996
1	308	99	0.999996
1	308	104	0.999995
1	308	220	0.999995
1	308	224	0.999995
1	308	122	0.999994
1	308	79	0.999994
1	308	217	0.999994
1	308	112	0.999994
1	308	144	0.999993
1	308	173	0.999993
1	308	139	0.999993
1	308	254	0.999993
1	308	284	0.999992
1	308	107	0.999991
1	308	87	0.999991
1	308	215	0.999991
1	308	82	0.999989
1	308	173	0.999989
1	308	177	0.999989
1	308	79	0.999989
1	308	167	0.999988
1	308	292	0.999987
1	308	270	0.999987
1	308	261	0.999987
1	308	261	0.999986
1	308	302	0.999985
1	308	249	0.999985
1	308	74	0.999983
1	308	201	0.999983
1	308	140	0.999983
1	308	106	0.999983
1	308	229	0.999982
1	308	235	0.999982
1	308	152	0.999981
1	308	294	0.999981
1	308	90	0.999981
1	308	157	0.99998
1	308	199	0.99998
1	308	133	0.999979
1	308	190	0.999979
1	308	282	0.999976
1	308	201	0.999976
1	308	157	0.999976
1	308	194	0.999976
1	308	122	0.999976
1	308	154	0.999975
1	308	280	0.999975
1	308	122	0.999975
1	308	241	0.999975
1	308	238	0.999975
1	308	167	0.999975
1	308	230	0.999974
1	308	88	0.999974
1	308	154	0.999974
1	308	146	0.999974
1	308	235	0.999974
1	308	91	0.999973
1	308	115	0.999973
1	308	225	0.999973
1	308	227	0.999972
1	308	280	0.999972
1	308	198	0.999971
1	308	191	0.999971
1	308	270	0.999971
1	308	75	0.999971
1	308	76	0.999969
1	308	81	0.999969
1	308	259	0.999969
1	308	269	0.999969
1	308	245	0.999968
1	308	285	0.999968
1	308	278	0.999967
1	308	89	0.999967
1	308	223	0.999967
1	308	152	0.999967
1	308	99	0.999966
1	308	139	0.999965
1	308	240	0.999965
1	308	292	0.999963
1	308	289	0.999963
1	308	184	0.999963
1	308	92	0.999962
1	308	106	0.999961
0	308	297	0.999961
1	308	96	0.999961
1	308	281	0.99996
1	308	127	0.999959
1	308	88	0.999959
1	308	281	0.999959
1	308	273	0.999958
1	308	221	0.999958
1	308	168	0.999956
1	308	270	0.999956
1	308	270	0.999956
1	308	249	0.999956
1	308	239	0.999956
1	308	233	0.999955
1	308	172	0.999955
1	308	276	0.999954
0	308	304	0.999954
1	308	179	0.999953
1	308	79	0.999953
1	308	144	0.999953
1	308	259	0.999952
1	308	232	0.999952
1	308	194	0.99995
1	308	171	0.99995
1	308	256	0.999949
1	308	193	0.999949
1	308	114	0.999948
1	308	289	0.999948
0	308	302	0.999948
1	308	167	0.999947
1	308	212	0.999947
1	308	216	0.999947
0	308	290	0.999946
1	308	90	0.999946
1	308	215	0.999946
1	308	278	0.999946
1	308	136	0.999945
1	308	232	0.999945
1	308	148	0.999945
1	308	159	0.999945
1	308	143	0.999943
1	308	271	0.999943
1	308	91	0.999942
1	308	205	0.999942
1	308	209	0.999942
1	308	258	0.999941
0	308	296	0.999941
1	308	78	0.99994
1	308	282	0.99994
1	308	121	0.99994
0	308	302	0.99994
1	308	116	0.99994
1	308	172	0.999939
0	308	306	0.999939
1	308	129	0.999939
1	308	216	0.999939
1	308	113	0.999937
1	308	204	0.999937
1	308	207	0.999936
1	308	203	0.999936
1	308	224	0.999935
1	308	195	0.999934
1	308	276	0.999934
1	308	96	0.999934
1	308	220	0.999934
1	308	235	0.999933
1	308	141	0.999933
1	308	264	0.999932
1	308	200	0.99993
1	308	210	0.999929
1	308	189	0.999929
1	308	262	0.999929
1	308	221	0.999929
1	308	113	0.999928
1	308	228	0.999928
1	308	185	0.999928
1	308	177	0.999927
1	308	278	0.999927
1	308	72	0.999926
1	308	89	0.999924
1	308	178	0.999923
1	308	150	0.999923
1	308	270	0.999923
1	308	240	0.999922
0	308	301	0.999922
1	308	229	0.999921
1	308	176	0.999921
1	308	123	0.999921
1	308	211	0.99992
1	308	225	0.99992
1	308	86	0.99992
1	308	243	0.999919
1	308	83	0.999919
1	308	248	0.999917
1	308	182	0.999917
1	308	129	0.999916
1	308	124	0.999916
1	308	84	0.999916
1	308	197	0.999916
1	308	212	0.999915
1	308	84	0.999915
1	308	189	0.999915
1	308	196	0.999914
1	308	191	0.999914
1	308	206	0.999914
1	308	239	0.999913
1	308	190	0.999912
1	308	232	0.999912
1	308	234	0.999912
1	308	275	0.999912
1	308	192	0.99991
1	308	170	0.99991
1	308	174	0.999909
1	308	189	0.999909
1	308	105	0.999909
1	308	114	0.999908
1	308	154	0.999908
1	308	163	0.999907
1	308	99	0.999906
1	308	205	0.999906
1	308	132	0.999906
1	308	168	0.999906
1	308	128	0.999906
0	308	284	0.999906
1	308	273	0.999904
1	308	186	0.999904
1	308	123	0.999902
1	308	271	0.999902
1	308	216	0.999902
1	308	230	0.999901
0	308	278	0.9999
1	308	104	0.9999
0	308	278	0.999899
1	308	199	0.999899
1	308	141	0.999899
1	308	161	0.999899
1	308	80	0.999897
1	308	274	0.999897
1	308	85	0.999896
1	308	252	0.999896
1	308	125	0.999896
1	308	230	0.999895
1	308	102	0.999895
1	308	140	0.999894
1	308	124	0.999894
1	308	205	0.999893
1	308	84	0.999893
1	308	149	0.999893
0	308	289	0.999891
1	308	241	0.999891
0	308	295	0.999891
1	308	174	0.99989
0	308	288	0.99989
1	308	145	0.99989
1	308	216	0.99989
1	308	227	0.99989
1	308	217	0.999889
1	308	142	0.999888
1	308	238	0.999888
1	308	177	0.999887
1	308	115	0.999886
1	308	270	0.999886
1	308	109	0.999886
1	308	110	0.999884
1	308	184	0.999884
1	308	102	0.999883
0	308	307	0.999883
1	308	204	0.999882
1	308	120	0.999882
1	308	140	0.999881
1	308	268	0.999881
1	308	164	0.99988
1	308	189	0.99988
1	308	229	0.999878
1	308	116	0.999878
1	308	256	0.999877
0	308	274	0.999875
1	308	242	0.999875
1	308	102	0.999875
1	308	127	0.999875
1	308	239	0.999875
1	308	201	0.999874
1	308	214	0.999874
1	308	222	0.999873
1	308	109	0.999873
1	308	180	0.99987
1	308	202	0.99987
1	308	225	0.99987
1	308	186	0.99987
1	308	227	0.999869
1	308	203	0.999869
1	308	161	0.999869
0	308	297	0.999869
1	308	152	0.999869
1	308	181	0.999869
1	308	114	0.999869
0	308	284	0.999868
1	308	242	0.999868
1	308	112	0.999868
1	308	252	0.999868
1	308	157	0.999867
0	308	289	0.999867
1	308	180	0.999867
1	308	239	0.999867
1	308	95	0.999866
1	308	96	0.999864
1	308	233	0.999864
1	308	163	0.999864
1	308	250	0.999863
1	308	101	0.999863
1	308	265	0.999863
1	308	154	0.999862
1	308	145	0.999862
1	308	220	0.999861
1	308	111	0.999861
1	308	177	0.999861
0	308	296	0.999858
1	308	105	0.999858
1	308	177	0.999857
0	308	306	0.999856
1	308	195	0.999855
1	308	104	0.999855
1	308	235	0.999854
0	308	271	0.999854
1	308	248	0.999853
0	308	290	0.999853
1	308	239	0.999853
1	308	261	0.999853
0	308	286	0.999851
0	308	287	0.999851
1	308	152	0.999851
1	308	129	0.999851
1	308	114	0.999851
1	308	87	0.99985
0	308	286	0.99985
1	308	119	0.999849
1	308	207	0.999849
1	308	202	0.999849
1	308	105	0.999848
0	308	266	0.999847
1	308	216	0.999847
1	308	103	0.999845
1	308	73	0.999844
1	308	224	0.999843
1	308	224	0.999843
1	308	121	0.999843
1	308	201	0.999843
1	308	89	0.999842
1	308	254	0.99984
1	308	90	0.99984
1	308	224	0.999838
1	308	131	0.999838
1	308	166	0.999837
1	308	120	0.999837
1	308	138	0.999836
1	308	181	0.999836
1	308	162	0.999836
1	308	171	0.999836
1	308	127	0.999835
1	308	194	0.999835
1	308	219	0.999835
1	308	238	0.999834
1	308	122	0.999834
1	308	172	0.999834
1	308	180	0.999834
0	308	263	0.999834
1	308	83	0.999832
1	308	245	0.999832
1	308	99	0.999832
1	308	168	0.999832
0	308	284	0.999832
1	308	184	0.999831
1	308	215	0.999831
1	308	247	0.999831
1	308	215	0.999831
1	308	127	0.999831
1	308	187	0.99983
1	308	152	0.99983
1	308	211	0.999829
1	308	253	0.999829
1	308	103	0.999828
1	308	139	0.999828
1	308	199	0.999828
1	308	155	0.999828
1	308	140	0.999828
1	308	227	0.999828
1	308	79	0.999825
1	308	250	0.999825
1	308	148	0.999824
1	308	113	0.999823
0	308	296	0.999823
1	308	215	0.999823
1	308	132	0.999822
1	308	179	0.999822
0	308	294	0.999822
1	308	77	0.999821
1	308	183	0.999821
1	308	152	0.999819
1	308	95	0.999819
0	308	286	0.999818
1	308	185	0.999817
1	308	162	0.999817
0	308	296	0.999817
1	308	135	0.999816
0	308	272	0.999816
1	308	139	0.999816
0	308	266	0.999814
1	308	84	0.999814
1	308	159	0.999812
1	308	140	0.999812
1	308	184	0.999812
1	308	119	0.999812
1	308	198	0.999812
1	308	97	0.999812
1	308	191	0.999812
1	308	72	0.999811
1	308	229	0.999811
1	308	95	0.99981
1	308	227	0.99981
1	308	235	0.99981
1	308	86	0.99981
1	308	149	0.99981
1	308	75	0.99981
1	308	233	0.999809
1	308	194	0.999808
1	308	160	0.999808
0	308	254	0.999808
0	308	263	0.999807
1	308	183	0.999807
1	308	249	0.999807
0	308	289	0.999805
1	308	174	0.999805
1	308	209	0.999805
1	308	231	0.999804
1	308	234	0.999804
1	308	206	0.999804
0	308	284	0.999804
1	308	118	0.999803
1	308	128	0.999803
1	308	230	0.999803
1	308	122	0.999802
0	308	275	0.999801
1	308	122	0.999801
1	308	88	0.999798
1	308	141	0.999798
1	308	167	0.999798
1	308	171	0.999798
1	308	221	0.999798
1	308	205	0.999798
1	308	142	0.999797
1	308	128	0.999797
1	308	245	0.999795
1	308	218	0.999792
1	308	206	0.999792
0	308	302	0.999791
1	308	76	0.99979
0	308	300	0.99979
1	308	90	0.99979
1	308	148	0.999786
0	308	248	0.999786
0	308	250	0.999786
0	308	274	0.999786
1	308	84	0.999786
1	308	228	0.999785
1	308	156	0.999785
1	308	73	0.999784
1	308	100	0.999784
1	308	159	0.999784
1	308	244	0.999782
1	308	137	0.999781
1	308	195	0.999781
0	308	258	0.999781
1	308	189	0.999781
1	308	91	0.999781
1	308	129	0.999781
1	308	241	0.999781
1	308	158	0.999778
0	308	297	0.999777
1	308	99	0.999776
0	308	306	0.999776
1	308	150	0.999776
1	308	75	0.999775
1	308	145	0.999772
1	308	105	0.999772
1	308	231	0.999772
1	308	161	0.999772
0	308	287	0.999772
0	308	307	0.999771
1	308	88	0.999771
1	308	182	0.99977
1	308	183	0.99977
1	308	119	0.99977
1	308	177	0.99977
1	308	136	0.999769
0	308	294	0.999768
1	308	103	0.999766
0	308	285	0.999766
0	308	262	0.999766
0	308	259	0.999766
1	308	141	0.999765
1	308	119	0.999765
1	308	213	0.999765
1	308	226	0.999765
1	308	137	0.999765
1	308	199	0.999765
1	308	89	0.999764
1	308	76	0.999764
1	308	185	0.999763
1	308	180	0.999763
1	308	82	0.999763
1	308	228	0.999763
0	308	250	0.999763
1	308	195	0.999763
1	308	118	0.999763
0	308	247	0.999762
1	308	169	0.999762
1	308	191	0.999762
0	308	244	0.999762
1	308	87	0.999762
1	308	181	0.999762
1	308	221	0.999761
1	308	111	0.999761
1	308	237	0.999759
0	308	292	0.999759
0	308	289	0.999759
1	308	75	0.999759
1	308	88	0.999759
0	308	250	0.999758
0	308	294	0.999757
1	308	159	0.999757
1	308	189	0.999757
0	308	251	0.999756
1	308	162	0.999756
1	308	157	0.999756
1	308	101	0.999755
1	308	212	0.999755
1	308	236	0.999753
1	308	234	0.999753
0	308	248	0.999751
1	308	216	0.999751
1	308	127	0.999751
0	308	243	0.999751
1	308	160	0.999751
1	308	218	0.99975
1	308	176	0.99975
1	308	85	0.99975
0	308	241	0.999749
1	308	170	0.999749
1	308	230	0.999749
0	308	276	0.999749
1	308	141	0.999749
0	308	249	0.999748
0	308	287	0.999748
1	308	209	0.999748
1	308	213	0.999748
1	308	114	0.999748
0	308	274	0.999748
1	308	104	0.999746
1	308	96	0.999746
1	308	119	0.999746
1	308	157	0.999745
1	308	128	0.999745
1	308	191	0.999744
0	308	243	0.999744
1	308	117	0.999743
1	308	87	0.999743
1	308	160	0.999743
1	308	225	0.999742
1	308	157	0.999742
1	308	216	0.999742
0	308	268	0.99974
1	308	180	0.99974
1	308	132	0.999739
1	308	202	0.999738
1	308	123	0.999738
0	308	269	0.999738
1	308	89	0.999738
0	308	289	0.999737
0	308	251	0.999737
0	308	286	0.999737
1	308	112	0.999735
1	308	103	0.999735
1	308	79	0.999735
0	308	244	0.999733
0	308	288	0.999733
1	308	83	0.999733
0	308	306	0.999732
1	308	144	0.999732
1	308	187	0.999732
0	308	294	0.999732
1	308	228	0.999731
1	308	145	0.999731
1	308	98	0.999731
1	308	169	0.99973
1	308	125	0.99973
0	308	282	0.999729
0	308	238	0.999729
1	308	206	0.999727
1	308	73	0.999727
1	308	125	0.999727
1	308	214	0.999727
0	308	277	0.999727
1	308	161	0.999726
0	308	263	0.999726
1	308	78	0.999724
0	308	266	0.999723
0	308	273	0.999722
0	308	272	0.999722
1	308	229	0.999722
0	308	302	0.999722
0	308	268	0.99972
1	308	113	0.999718
1	308	118	0.999718
1	308	162	0.999718
1	308	90	0.999717
1	308	188	0.999717
0	308	297	0.999717
1	308	155	0.999717
0	308	307	0.999717
0	308	255	0.999716
1	308	187	0.999716
1	308	143	0.999715
0	308	298	0.999715
1	308	137	0.999715
1	308	103	0.999715
0	308	288	0.999715
1	308	185	0.999713
0	308	289	0.999712
1	308	75	0.999712
1	308	125	0.999711
1	308	99	0.999711
1	308	175	0.999711
1	308	82	0.99971
1	308	82	0.99971
1	308	198	0.999709
1	308	211	0.999709
0	308	287	0.999707
1	308	73	0.999707
1	308	148	0.999706
1	308	173	0.999706
0	308	307	0.999706
1	308	209	0.999704
1	308	147	0.999704
1	308	196	0.999703
1	308	75	0.999703
1	308	144	0.999703
1	308	142	0.999703
1	308	153	0.999703
0	308	237	0.999702
1	308	150	0.999702
0	308	255	0.999702
0	308	304	0.999699
1	308	152	0.999699
1	308	224	0.999699
1	308	89	0.999698
0	308	287	0.999698
0	308	234	0.999698
1	308	86	0.999697
0	308	300	0.999697
1	308	121	0.999697
1	308	159	0.999696
0	308	227	0.999696
0	308	296	0.999696
0	308	240	0.999694
1	308	175	0.999694
1	308	194	0.999694
1	308	221	0.999694
1	308	160	0.999694
1	308	139	0.999694
1	308	199	0.999693
0	308	236	0.999693
0	308	263	0.999693
0	308	260	0.999693
0	308	259	0.999692
1	308	78	0.999692
1	308	157	0.999691
1	308	183	0.999691
1	308	158	0.99969
1	308	125	0.99969
1	308	143	0.999687
1	308	92	0.999687
1	308	115	0.999684
0	308	288	0.999684
0	308	278	0.999684
0	308	238	0.999684
1	308	144	0.999683
1	308	138	0.999683
1	308	131	0.999683
1	308	198	0.999683
1	308	96	0.999683
0	308	299	0.999681
1	308	126	0.999681
1	308	77	0.99968
0	308	290	0.99968
1	308	107	0.999679
0	308	270	0.999679
0	308	266	0.999679
1	308	164	0.999678
1	308	211	0.999678
0	308	293	0.999677
0	308	244	0.999677
1	308	164	0.999677
0	308	307	0.999677
1	308	158	0.999676
1	308	151	0.999674
1	308	139	0.999674
1	308	182	0.999674
0	308	284	0.999673
1	308	116	0.999673
1	308	103	0.999672
1	308	95	0.999671
1	308	162	0.999671
0	308	236	0.999671
1	308	123	0.999669
1	308	77	0.999669
0	308	307	0.999669
0	308	232	0.999669
0	308	272	0.999669
1	308	112	0.999669
1	308	175	0.999666
1	308	177	0.999666
0	308	289	0.999666
0	308	289	0.999666
1	308	92	0.999665
0	308	303	0.999665
1	308	83	0.999665
1	308	73	0.999664
1	308	98	0.999664
1	308	147	0.999664
1	308	193	0.999663
1	308	170	0.999663
1	308	182	0.999663
0	308	246	0.999661
1	308	210	0.999661
0	308	295	0.999661
1	308	218	0.999661
1	308	80	0.999661
1	308	102	0.999661
1	308	77	0.99966
1	308	189	0.99966
1	308	203	0.99966
0	308	279	0.99966
0	308	223	0.999658
1	308	161	0.999657
1	308	84	0.999657
0	308	240	0.999657
1	308	138	0.999657
1	308	196	0.999656
0	308	250	0.999656
1	308	178	0.999656
1	308	80	0.999654
0	308	225	0.999654
1	308	212	0.999654
0	308	242	0.999653
1	308	112	0.999653
1	308	171	0.999653
0	308	291	0.999653
0	308	238	0.999652
1	308	97	0.999652
0	308	282	0.999652
1	308	157	0.999651
0	308	232	0.999651
1	308	98	0.99965
0	308	245	0.99965
1	308	145	0.99965
0	308	275	0.999648
1	308	112	0.999648
0	308	259	0.999647
1	308	111	0.999646
1	308	197	0.999646
1	308	74	0.999645
1	308	214	0.999645
0	308	223	0.999645
0	308	299	0.999643
1	308	163	0.999643
0	308	231	0.999641
1	308	172	0.99964
1	308	207	0.99964
1	308	183	0.99964
0	308	228	0.99964
0	308	296	0.99964
0	308	238	0.999639
1	308	155	0.999638
1	308	125	0.999638
1	308	90	0.999638
0	308	307	0.999635
1	308	147	0.999635
1	308	99	0.999635
1	308	170	0.999634
0	308	273	0.999634
1	308	96	0.999634
0	308	218	0.999634
1	308	165	0.999633
0	308	245	0.999633
1	308	115	0.999633
0	308	276	0.999633
1	308	89	0.999633
1	308	180	0.999633
0	308	241	0.999633
0	308	295	0.999632
1	308	86	0.999632
1	308	189	0.999632
0	308	260	0.999631
1	308	149	0.99963
1	308	120	0.99963
0	308	254	0.99963
1	308	158	0.99963
0	308	272	0.999628
1	308	169	0.999627
1	308	84	0.999627
1	308	88	0.999627
1	308	165	0.999626
1	308	85	0.999626
1	308	206	0.999625
1	308	175	0.999625
1	308	167	0.999625
0	308	258	0.999625
1	308	91	0.999625
1	308	131	0.999624
0	308	276	0.999623
1	308	177	0.999623
1	308	123	0.999621
1	308	144	0.999621
1	308	212	0.99962
1	308	148	0.999618
1	308	184	0.999618
1	308	159	0.999618
0	308	260	0.999617
1	308	89	0.999617
1	308	199	0.999615
1	308	116	0.999615
1	308	105	0.999615
0	308	289	0.999615
1	308	163	0.999615
1	308	113	0.999614
0	308	296	0.999613
0	308	244	0.999612
0	308	214	0.999612
0	308	230	0.999612
0	308	266	0.999612
1	308	120	0.999611
0	308	240	0.999611
1	308	146	0.99961
1	308	197	0.99961
1	308	83	0.99961
1	308	109	0.99961
0	308	283	0.99961
1	308	179	0.999608
0	308	255	0.999608
0	308	282	0.999608
1	308	181	0.999608
1	308	146	0.999607
1	308	79	0.999607
1	308	108	0.999607
1	308	103	0.999607
1	308	135	0.999607
0	308	259	0.999607
0	308	287	0.999607
0	308	245	0.999607
0	308	248	0.999606
1	308	184	0.999606
1	308	150	0.999606
1	308	170	0.999606
0	308	296	0.999605
0	308	301	0.999605
0	308	297	0.999605
0	308	297	0.999604
1	308	173	0.999604
1	308	78	0.999604
0	308	235	0.999604
0	308	261	0.999604
1	308	95	0.999604
1	308	167	0.999601
1	308	83	0.999601
0	308	246	0.999601
1	308	190	0.999601
0	308	263	0.999601
1	308	72	0.9996
1	308	129	0.9996
0	308	216	0.9996
1	308	115	0.9996
1	308	156	0.999599
1	308	191	0.999599
1	308	139	0.999598
1	308	118	0.999597
1	308	195	0.999597
0	308	271	0.999595
1	308	149	0.999595
0	308	237	0.999595
0	308	239	0.999595
0	308	299	0.999595
1	308	132	0.999593
0	308	239	0.999592
0	308	220	0.999592
0	308	228	0.999592
0	308	285	0.999591
1	308	188	0.999591
0	308	215	0.999589
0	308	248	0.999588
1	308	184	0.999587
1	308	166	0.999587
0	308	244	0.999587
0	308	270	0.999585
0	308	271	0.999585
1	308	194	0.999585
0	308	266	0.999584
1	308	114	0.999584
0	308	219	0.999584
0	308	287	0.999581
0	308	286	0.999581
1	308	154	0.99958
1	308	179	0.999579
1	308	175	0.999579
1	308	150	0.999579
0	308	226	0.999578
0	308	282	0.999575
0	308	307	0.999575
0	308	255	0.999575
1	308	127	0.999574
1	308	136	0.999572
0	308	290	0.999572
0	308	290	0.999571
0	308	278	0.999569
1	308	186	0.999568
1	308	116	0.999568
1	308	96	0.999568
0	308	292	0.999567
1	308	92	0.999567
0	308	257	0.999567
1	308	164	0.999567
1	308	93	0.999566
0	308	285	0.999566
1	308	140	0.999566
1	308	198	0.999566
0	308	251	0.999566
0	308	261	0.999566
1	308	127	0.999565
1	308	146	0.999565
1	308	127	0.999564
1	308	99	0.999564
0	308	214	0.999564
0	308	303	0.999562
0	308	257	0.999561
1	308	194	0.999561
0	308	301	0.999561
0	308	295	0.999561
1	308	93	0.999561
1	308	159	0.999561
1	308	200	0.99956
1	308	164	0.99956
1	308	198	0.99956
1	308	165	0.999559
0	308	282	0.999559
1	308	133	0.999559
0	308	263	0.999559
1	308	161	0.999558
1	308	88	0.999556
0	308	242	0.999555
0	308	236	0.999555
1	308	85	0.999555
0	308	283	0.999555
0	308	291	0.999555
1	308	135	0.999554
1	308	102	0.999553
1	308	178	0.999553
1	308	182	0.999552
0	308	267	0.999551
1	308	135	0.999551
1	308	165	0.999549
0	308	242	0.999549
1	308	198	0.999549
0	308	261	0.999548
1	308	95	0.999548
1	308	153	0.999547
1	308	103	0.999547
1	308	192	0.999547
1	308	201	0.999547
1	308	77	0.999546
1	308	118	0.999546
1	308	91	0.999546
0	308	273	0.999545
1	308	104	0.999545
0	308	289	0.999545
0	308	264	0.999545
0	308	240	0.999545
1	308	134	0.999544
1	308	106	0.999544
0	308	244	0.999542
0	308	293	0.999542
0	308	204	0.999542
0	308	234	0.999542
1	308	76	0.999541
0	308	302	0.999539
0	308	230	0.999538
0	308	302	0.999538
0	308	306	0.999536
0	308	265	0.999535
0	308	216	0.999535
0	308	243	0.999535
1	308	135	0.999534
1	308	195	0.999534
1	308	123	0.999534
1	308	112	0.999534
1	308	122	0.999534
1	308	145	0.999533
0	308	203	0.999533
1	308	100	0.999533
1	308	178	0.999532
1	308	73	0.999532
0	308	219	0.999531
1	308	85	0.999529
0	308	264	0.999529
1	308	160	0.999528
1	308	157	0.999528
1	308	177	0.999527
1	308	152	0.999527
1	308	136	0.999527
1	308	156	0.999527
1	308	154	0.999527
1	308	189	0.999526
1	308	78	0.999526
1	308	179	0.999525
0	308	245	0.999523
0	308	212	0.999522
1	308	125	0.999522
1	308	169	0.999521
0	308	304	0.999521
1	308	106	0.999521
0	308	295	0.99952
0	308	251	0.999519
0	308	292	0.999519
0	308	235	0.999518
1	308	186	0.999518
1	308	174	0.999516
0	308	209	0.999516
1	308	130	0.999516
1	308	85	0.999515
1	308	80	0.999514
1	308	150	0.999514
0	308	203	0.999514
1	308	144	0.999513
0	308	294	0.999513
0	308	284	0.999513
0	308	231	0.999512
0	308	270	0.99951
0	308	229	0.999509
0	308	205	0.999508
0	308	290	0.999508
0	308	305	0.999507
1	308	124	0.999507
1	308	170	0.999507
1	308	163	0.999506
1	308	112	0.999506
1	308	111	0.999505
1	308	114	0.999505
1	308	183	0.999505
1	308	113	0.999503
1	308	93	0.999503
0	308	246	0.999503
1	308	188	0.999503
1	308	189	0.999502
1	308	113	0.999502
1	308	116	0.999502
1	308	111	0.999502
1	308	189	0.999501
1	308	138	0.999501
1	308	179	0.999499
0	308	225	0.999499
0	308	229	0.999499
1	308	137	0.999499
0	308	306	0.999498
0	308	235	0.999498
0	308	260	0.999496
0	308	306	0.999496
0	308	215	0.999496
1	308	178	0.999496
0	308	290	0.999496
1	308	167	0.999495
1	308	144	0.999495
1	308	107	0.999494
1	308	89	0.999494
0	308	248	0.999493
0	308	252	0.999493
1	308	115	0.999492
1	308	167	0.99949
0	308	285	0.99949
0	308	280	0.999488
0	308	280	0.999488
0	308	211	0.999488
1	308	91	0.999488
0	308	291	0.999488
1	308	162	0.999487
1	308	165	0.999487
1	308	76	0.999487
0	308	222	0.999487
0	308	206	0.999487
0	308	211	0.999487
0	308	300	0.999486
0	308	248	0.999486
1	308	133	0.999485
1	308	129	0.999485
1	308	138	0.999485
0	308	307	0.999485
0	308	234	0.999483
0	308	261	0.999483
0	308	221	0.999483
0	308	255	0.999483
0	308	268	0.999481
1	308	92	0.999481
1	308	95	0.99948
0	308	244	0.999479
1	308	117	0.999479
0	308	289	0.999479
0	308	215	0.999479
1	308	165	0.999477
1	308	137	0.999476
0	308	235	0.999476
1	308	99	0.999475
1	308	140	0.999475
1	308	83	0.999475
1	308	190	0.999474
1	308	77	0.999474
0	308	296	0.999473
0	308	274	0.999472
1	308	154	0.999472
0	308	212	0.999472
1	308	159	0.99947
0	308	299	0.99947
1	308	143	0.99947
1	308	132	0.999469
1	308	179	0.999469
1	308	125	0.999469
1	308	95	0.999468
0	308	290	0.999468
0	308	298	0.999468
0	308	198	0.999466
1	308	190	0.999466
1	308	168	0.999466
1	308	152	0.999466
0	308	218	0.999464
1	308	149	0.999464
1	308	97	0.999464
0	308	290	0.999464
1	308	152	0.999463
0	308	264	0.999463
0	308	266	0.999462
0	308	293	0.999461
1	308	74	0.999461
0	308	241	0.999461
1	308	135	0.999461
0	308	223	0.999461
0	308	247	0.99946
1	308	123	0.999459
0	308	292	0.999459
1	308	173	0.999459
1	308	175	0.999459
1	308	131	0.999457
1	308	169	0.999457
1	308	177	0.999457
0	308	210	0.999457
1	308	134	0.999456
0	308	218	0.999456
0	308	272	0.999455
0	308	303	0.999454
1	308	108	0.999454
1	308	137	0.999454
0	308	214	0.999454
1	308	90	0.999454
1	308	119	0.999454
1	308	170	0.999454
1	308	173	0.999453
0	308	271	0.999453
1	308	184	0.999452
1	308	100	0.999452
1	308	147	0.999452
1	308	174	0.99945
1	308	161	0.99945
1	308	135	0.99945
0	308	300	0.999449
0	308	261	0.999449
0	308	215	0.999448
0	308	223	0.999448
0	308	265	0.999447
0	308	307	0.999446
0	308	220	0.999446
0	308	306	0.999446
0	308	205	0.999446
0	308	299	0.999444
0	308	295	0.999444
1	308	182	0.999444
0	308	285	0.999444
1	308	85	0.999443
1	308	118	0.999443
1	308	74	0.999443
0	308	300	0.999442
0	308	295	0.999442
0	308	304	0.999442
1	308	156	0.999441
0	308	275	0.99944
0	308	231	0.999437
0	308	211	0.999437
0	308	193	0.999437
1	308	180	0.999436
0	308	274	0.999435
0	308	256	0.999434
0	308	229	0.999434
0	308	244	0.999434
1	308	131	0.999434
0	308	300	0.999433
1	308	166	0.999433
1	308	134	0.999433
1	308	83	0.999433
0	308	275	0.999431
1	308	160	0.999431
0	308	225	0.999431
0	308	299	0.999431
1	308	179	0.999429
0	308	221	0.999429
0	308	295	0.999429
0	308	246	0.999428
0	308	278	0.999428
1	308	93	0.999427
1	308	89	0.999426
0	308	275	0.999426
1	308	72	0.999424
0	308	210	0.999424
0	308	283	0.999423
0	308	269	0.999422
1	308	156	0.999422
0	308	227	0.999421
0	308	242	0.999421
0	308	256	0.99942
0	308	286	0.999419
1	308	139	0.999419
1	308	126	0.999417
1	308	181	0.999417
1	308	79	0.999417
1	308	138	0.999417
0	308	301	0.999417
0	308	230	0.999417
0	308	208	0.999417
1	308	140	0.999416
1	308	130	0.999416
0	308	267	0.999416
0	308	206	0.999416
0	308	272	0.999416
0	308	235	0.999415
1	308	114	0.999415
1	308	162	0.999415
0	308	235	0.999415
0	308	277	0.999414
1	308	93	0.999414
1	308	112	0.999414
1	308	156	0.999413
1	308	172	0.999413
1	308	72	0.999413
0	308	207	0.999413
1	308	101	0.999411
0	308	256	0.999411
0	308	297	0.999411
1	308	117	0.999411
0	308	233	0.99941
0	308	196	0.99941
1	308	108	0.99941
0	308	289	0.99941
1	308	122	0.99941
1	308	150	0.99941
0	308	298	0.999409
0	308	263	0.999409
0	308	291	0.999407
0	308	195	0.999406
0	308	215	0.999406
1	308	131	0.999406
0	308	276	0.999404
1	308	156	0.999404
1	308	96	0.999404
1	308	168	0.999403
1	308	122	0.999403
0	308	226	0.999403
0	308	227	0.999403
0	308	271	0.999403
0	308	245	0.999403
1	308	106	0.999402
0	308	244	0.999402
1	308	163	0.999402
0	308	281	0.999402
0	308	247	0.999402
0	308	258	0.999401
0	308	215	0.9994
1	308	183	0.999398
1	308	98	0.999398
1	308	117	0.999398
0	308	196	0.999398
1	308	182	0.999397
0	308	192	0.999397
0	308	264	0.999397
0	308	255	0.999396
1	308	156	0.999396
0	308	228	0.999395
1	308	122	0.999395
0	308	278	0.999395
1	308	144	0.999394
0	308	307	0.999393
0	308	190	0.999393
0	308	212	0.999389
1	308	153	0.999389
0	308	290	0.999389
0	308	296	0.999388
1	308	114	0.999388
1	308	131	0.999387
1	308	77	0.999387
0	308	198	0.999385
1	308	131	0.999385
0	308	227	0.999385
1	308	157	0.999385
1	308	172	0.999384
1	308	73	0.999384
1	308	142	0.999384
0	308	276	0.999383
0	308	233	0.999383
0	308	192	0.999381
1	308	91	0.999381
0	308	204	0.999381
0	308	211	0.99938
1	308	106	0.999378
1	308	96	0.999378
1	308	165	0.999378
0	308	221	0.999378
1	308	152	0.999377
0	308	239	0.999377
1	308	174	0.999377
0	308	218	0.999377
1	308	159	0.999377
0	308	185	0.999377
0	308	182	0.999376
0	308	233	0.999375
0	308	215	0.999375
0	308	212	0.999375
1	308	171	0.999375
1	308	118	0.999375
0	308	296	0.999373
1	308	112	0.999373
1	308	165	0.999373
0	308	234	0.999371
0	308	270	0.999371
0	308	250	0.999371
1	308	93	0.999371
0	308	214	0.999371
1	308	173	0.999371
1	308	83	0.99937
1	308	75	0.99937
0	308	194	0.999369
0	308	225	0.999369
0	308	200	0.999369
0	308	224	0.999369
1	308	154	0.999368
1	308	139	0.999368
0	308	290	0.999367
0	308	298	0.999365
0	308	197	0.999364
1	308	90	0.999364
1	308	178	0.999363
0	308	252	0.999363
1	308	145	0.999362
1	308	120	0.999362
1	308	157	0.999362
0	308	297	0.999362
0	308	221	0.999362
1	308	81	0.999361
1	308	80	0.999361
1	308	163	0.99936
1	308	76	0.99936
1	308	154	0.99936
1	308	177	0.999358
1	308	155	0.999358
0	308	248	0.999358
1	308	167	0.999357
0	308	289	0.999357
0	308	276	0.999356
0	308	226	0.999356
1	308	176	0.999356
1	308	154	0.999356
1	308	164	0.999355
1	308	73	0.999355
1	308	100	0.999355
0	308	296	0.999355
1	308	173	0.999354
1	308	161	0.999354
0	308	196	0.999354
0	308	182	0.999354
0	308	219	0.999354
0	308	214	0.999352
0	308	282	0.999352
0	308	180	0.999352
0	308	214	0.999351
1	308	79	0.999351
0	308	183	0.99935
1	308	77	0.99935
0	308	220	0.99935
1	308	138	0.99935
0	308	289	0.99935
0	308	187	0.999349
0	308	279	0.999349
0	308	269	0.999349
1	308	95	0.999348
0	308	254	0.999348
1	308	123	0.999347
0	308	198	0.999347
1	308	75	0.999345
1	308	120	0.999345
0	308	228	0.999344
1	308	126	0.999344
1	308	110	0.999344
1	308	104	0.999344
0	308	251	0.999344
1	308	104	0.999343
0	308	271	0.999343
1	308	174	0.999342
0	308	298	0.999342
0	308	193	0.999342
0	308	294	0.999342
0	308	243	0.999342
0	308	273	0.999341
1	308	145	0.999341
0	308	300	0.99934
1	308	92	0.99934
0	308	258	0.99934
1	308	119	0.999338
0	308	210	0.999338
0	308	298	0.999338
0	308	191	0.999338
1	308	136	0.999335
0	308	305	0.999335
0	308	183	0.999334
1	308	131	0.999331
0	308	187	0.999331
0	308	204	0.99933
1	308	162	0.99933
1	308	103	0.999329
1	308	176	0.999329
0	308	221	0.999329
1	308	117	0.999328
1	308	167	0.999327
0	308	289	0.999327
1	308	118	0.999327
1	308	110	0.999327
1	308	81	0.999325
1	308	78	0.999325
0	308	230	0.999325
0	308	296	0.999325
1	308	140	0.999325
0	308	278	0.999325
1	308	135	0.999324
0	308	227	0.999323
0	308	273	0.999323
1	308	163	0.999323
0	308	244	0.999323
1	308	145	0.999323
1	308	153	0.999323
1	308	159	0.999322
0	308	273	0.999322
0	308	215	0.999322
1	308	73	0.999322
0	308	255	0.999319
1	308	170	0.999319
1	308	135	0.999319
1	308	164	0.999319
0	308	276	0.999319
1	308	161	0.999318
1	308	113	0.999317
0	308	181	0.999317
1	308	106	0.999317
0	308	299	0.999317
0	308	250	0.999316
1	308	149	0.999316
1	308	130	0.999316
1	308	135	0.999315
0	308	196	0.999315
0	308	194	0.999314
1	308	172	0.999312
1	308	90	0.999312
1	308	174	0.999312
1	308	109	0.999312
0	308	206	0.99931
1	308	154	0.99931
0	308	197	0.999309
0	308	194	0.999308
1	308	88	0.999308
0	308	264	0.999308
1	308	107	0.999308
1	308	157	0.999306
1	308	112	0.999306
1	308	80	0.999306
0	308	204	0.999306
1	308	105	0.999305
1	308	145	0.999304
1	308	112	0.999304
1	308	145	0.999304
0	308	217	0.999304
0	308	280	0.999303
1	308	168	0.999303
0	308	229	0.999303
1	308	145	0.999303
1	308	142	0.999301
1	308	170	0.999301
0	308	245	0.999301
0	308	284	0.999299
0	308	231	0.999298
1	308	124	0.999298
0	308	251	0.999298
1	308	171	0.999297
0	308	210	0.999296
1	308	120	0.999296
0	308	192	0.999296
1	308	157	0.999296
1	308	171	0.999295
0	308	210	0.999295
1	308	129	0.999294
1	308	91	0.999294
1	308	100	0.999294
0	308	220	0.999292
1	308	92	0.999292
0	308	302	0.999292
0	308	176	0.99929
1	308	141	0.999289
1	308	164	0.999288
1	308	162	0.999288
1	308	86	0.999288
1	308	143	0.999288
0	308	202	0.999286
0	308	231	0.999286
1	308	72	0.999286
0	308	278	0.999285
0	308	236	0.999285
0	308	191	0.999285
0	308	228	0.999284
0	308	187	0.999284
1	308	116	0.999283
0	308	222	0.999283
0	308	261	0.999282
1	308	172	0.999282
1	308	124	0.999282
1	308	158	0.999281
1	308	93	0.999281
0	308	200	0.999281
0	308	190	0.999281
0	308	177	0.999279
1	308	77	0.999279
0	308	208	0.999279
0	308	279	0.999278
1	308	72	0.999278
1	308	161	0.999278
0	308	178	0.999278
1	308	142	0.999277
1	308	140	0.999276
1	308	146	0.999275
0	308	232	0.999275
0	308	174	0.999272
0	308	177	0.999272
1	308	133	0.999272
0	308	191	0.999272
0	308	237	0.999271
0	308	238	0.999271
0	308	290	0.999271
1	308	98	0.999271
0	308	284	0.99927
1	308	103	0.99927
1	308	72	0.999269
0	308	217	0.999269
1	308	143	0.999268
1	308	79	0.999268
0	308	259	0.999268
0	308	284	0.999266
1	308	73	0.999266
0	308	224	0.999265
0	308	185	0.999265
0	308	306	0.999265
0	308	223	0.999265
0	308	273	0.999264
0	308	223	0.999264
0	308	176	0.999264
0	308	253	0.999264
1	308	72	0.999264
1	308	163	0.999264
1	308	172	0.999263
0	308	245	0.999263
0	308	173	0.999262
0	308	302	0.999262
1	308	104	0.999261
1	308	117	0.999261
1	308	115	0.999261
1	308	162	0.999259
1	308	159	0.999259
0	308	306	0.999258
0	308	297	0.999258
0	308	258	0.999256
1	308	166	0.999256
0	308	184	0.999256
1	308	85	0.999256
0	308	243	0.999255
1	308	155	0.999252
0	308	292	0.999252
0	308	295	0.999251
0	308	283	0.999251
0	308	274	0.999251
1	308	72	0.99925
0	308	267	0.99925
1	308	140	0.999249
0	308	257	0.999249
1	308	134	0.999249
0	308	262	0.999248
1	308	133	0.999248
1	308	124	0.999248
1	308	168	0.999248
1	308	107	0.999246
0	308	280	0.999245
0	308	235	0.999245
1	308	95	0.999245
0	308	226	0.999243
1	308	154	0.999243
1	308	136	0.99924
0	308	304	0.99924
0	308	239	0.999239
0	308	174	0.999239
0	308	191	0.999238
0	308	275	0.999237
0	308	193	0.999236
1	308	92	0.999236
1	308	87	0.999235
1	308	79	0.999235
1	308	120	0.999235
0	308	226	0.999233
0	308	200	0.999233
1	308	79	0.999232
1	308	103	0.999232
0	308	178	0.999231
1	308	91	0.999231
0	308	200	0.999231
1	308	170	0.999231
1	308	102	0.99923
1	308	98	0.99923
1	308	94	0.99923
1	308	160	0.999229
1	308	115	0.999229
0	308	224	0.999229
1	308	97	0.999229
1	308	100	0.999229
0	308	232	0.999226
1	308	144	0.999226
1	308	149	0.999226
0	308	197	0.999225
1	308	92	0.999225
0	308	221	0.999225
0	308	180	0.999224
0	308	210	0.999223
1	308	80	0.999223
0	308	172	0.999222
0	308	278	0.99922
0	308	246	0.99922
1	308	75	0.99922
0	308	243	0.999219
1	308	142	0.999219
0	308	280	0.999218
0	308	255	0.999218
1	308	98	0.999218
1	308	146	0.999217
0	308	216	0.999217
0	308	203	0.999217
1	308	164	0.999217
1	308	127	0.999216
0	308	281	0.999216
1	308	101	0.999216
0	308	219	0.999215
0	308	228	0.999212
1	308	141	0.999212
0	308	233	0.999212
0	308	270	0.999211
0	308	216	0.999211
1	308	140	0.999211
0	308	218	0.999211
0	308	222	0.99921
0	308	294	0.999209
1	308	109	0.999209
0	308	207	0.999209
1	308	169	0.999207
0	308	195	0.999207
0	308	203	0.999206
0	308	180	0.999205
0	308	268	0.999205
0	308	180	0.999205
1	308	137	0.999205
0	308	189	0.999205
1	308	127	0.999205
0	308	182	0.999204
1	308	72	0.999204
0	308	237	0.999204
0	308	172	0.999203
0	308	275	0.999202
1	308	90	0.999202
0	308	243	0.9992
0	308	220	0.9992
1	308	147	0.9992
0	308	270	0.999199
0	308	189	0.999199
0	308	231	0.999198
0	308	282	0.999198
1	308	80	0.999198
0	308	215	0.999198
0	308	213	0.999197
0	308	263	0.999197
1	308	156	0.999197
0	308	306	0.999197
0	308	273	0.999197
1	308	130	0.999197
1	308	85	0.999197
1	308	84	0.999197
0	308	250	0.999196
0	308	277	0.999196
1	308	111	0.999196
1	308	80	0.999194
0	308	244	0.999194
1	308	123	0.999194
0	308	207	0.999193
1	308	140	0.999193
1	308	80	0.999193
0	308	221	0.999193
0	308	270	0.999193
0	308	225	0.999192
0	308	207	0.999192
1	308	122	0.999192
0	308	265	0.999192
1	308	154	0.999191
0	308	269	0.999191
0	308	171	0.999191
1	308	78	0.999191
0	308	209	0.999191
1	308	142	0.999191
1	308	138	0.99919
0	308	197	0.999189
0	308	287	0.999189
0	308	270	0.999187
0	308	206	0.999187
0	308	293	0.999187
0	308	208	0.999186
1	308	152	0.999186
1	308	106	0.999185
1	308	154	0.999185
0	308	223	0.999184
1	308	97	0.999184
0	308	231	0.999183
1	308	90	0.999183
0	308	266	0.999182
0	308	245	0.999182
0	308	183	0.99918
0	308	204	0.99918
0	308	245	0.99918
0	308	181	0.99918
1	308	130	0.999179
0	308	291	0.999179
0	308	223	0.999178
1	308	123	0.999178
1	308	86	0.999178
0	308	174	0.999177
0	308	299	0.999177
0	308	254	0.999174
1	308	141	0.999173
1	308	92	0.999173
1	308	116	0.999171
1	308	161	0.999171
1	308	166	0.999171
0	308	196	0.99917
1	308	97	0.99917
0	308	168	0.999169
0	308	270	0.999169
1	308	129	0.999169
1	308	157	0.999169
1	308	132	0.999167
0	308	250	0.999167
0	308	274	0.999167
1	308	145	0.999167
0	308	296	0.999166
0	308	265	0.999166
1	308	148	0.999166
1	308	131	0.999165
0	308	238	0.999165
0	308	252	0.999164
0	308	223	0.999164
1	308	166	0.999164
0	308	290	0.999163
1	308	76	0.999163
0	308	223	0.999163
1	308	122	0.999161
0	308	232	0.99916
0	308	176	0.99916
1	308	164	0.99916
0	308	285	0.999159
1	308	159	0.999158
1	308	96	0.999158
0	308	171	0.999158
1	308	107	0.999158
1	308	102	0.999157
1	308	96	0.999157
0	308	181	0.999157
0	308	174	0.999156
0	308	186	0.999156
0	308	179	0.999154
0	308	259	0.999154
0	308	261	0.999153
1	308	125	0.999152
0	308	272	0.999152
1	308	164	0.999152
0	308	245	0.999151
0	308	295	0.999151
1	308	126	0.999151
0	308	269	0.99915
0	308	190	0.99915
1	308	137	0.99915
0	308	205	0.99915
1	308	114	0.999149
1	308	159	0.999149
0	308	274	0.999149
0	308	232	0.999147
0	308	259	0.999147
1	308	83	0.999147
0	308	235	0.999146
0	308	226	0.999146
0	308	307	0.999146
1	308	92	0.999145
0	308	264	0.999145
1	308	85	0.999145
0	308	175	0.999143
0	308	172	0.999141
0	308	301	0.999141
0	308	204	0.999141
0	308	252	0.999141
1	308	148	0.999141
1	308	119	0.99914
0	308	229	0.99914
0	308	198	0.999139
0	308	299	0.999139
0	308	258	0.999139
1	308	126	0.999138
0	308	253	0.999138
0	308	273	0.999138
0	308	189	0.999138
0	308	284	0.999138
0	308	278	0.999138
1	308	112	0.999137
0	308	174	0.999137
1	308	103	0.999137
1	308	99	0.999137
0	308	188	0.999137
1	308	99	0.999137
0	308	202	0.999136
0	308	290	0.999136
0	308	241	0.999133
1	308	154	0.999133
1	308	164	0.999133
0	308	228	0.999133
1	308	93	0.999133
1	308	101	0.999132
1	308	73	0.999132
0	308	282	0.999132
0	308	242	0.999132
1	308	139	0.999131
1	308	113	0.999131
0	308	217	0.999131
0	308	256	0.99913
0	308	254	0.999128
0	308	257	0.999128
0	308	296	0.999127
0	308	251	0.999126
0	308	186	0.999126
0	308	227	0.999126
1	308	149	0.999126
0	308	217	0.999126
0	308	201	0.999126
0	308	166	0.999126
1	308	124	0.999125
1	308	80	0.999124
0	308	216	0.999124
0	308	217	0.999124
1	308	98	0.999124
0	308	239	0.999124
0	308	254	0.999123
0	308	195	0.999123
1	308	151	0.999123
0	308	229	0.999123
1	308	132	0.999123
1	308	163	0.999121
0	308	247	0.99912
0	308	177	0.99912
0	308	226	0.999117
0	308	242	0.999116
0	308	277	0.999116
0	308	259	0.999116
0	308	288	0.999114
0	308	192	0.999114
0	308	214	0.999114
0	308	295	0.999114
1	308	97	0.999113
0	308	247	0.999111
1	308	76	0.999111
1	308	79	0.99911
0	308	186	0.99911
0	308	235	0.999108
0	308	213	0.999108
0	308	167	0.999108
0	308	292	0.999108
0	308	207	0.999107
1	308	73	0.999107
1	308	155	0.999107
0	308	168	0.999106
0	308	246	0.999106
0	308	225	0.999106
1	308	139	0.999105
0	308	266	0.999105
1	308	90	0.999105
0	308	213	0.999105
1	308	91	0.999105
1	308	114	0.999104
1	308	107	0.999104
0	308	179	0.999103
1	308	100	0.999103
1	308	150	0.999101
1	308	77	0.9991
0	308	261	0.9991
1	308	115	0.9991
0	308	208	0.999099
1	308	135	0.999099
1	308	130	0.999099
1	308	132	0.999098
1	308	139	0.999098
1	308	108	0.999097
0	308	250	0.999097
0	308	278	0.999095
0	308	172	0.999095
1	308	154	0.999095
0	308	281	0.999094
0	308	165	0.999094
1	308	120	0.999094
1	308	120	0.999093
1	308	125	0.999092
1	308	108	0.999092
1	308	137	0.999091
0	308	170	0.999091
0	308	271	0.999091
0	308	272	0.999088
0	308	254	0.999088
0	308	215	0.999088
0	308	285	0.999087
1	308	149	0.999087
0	308	221	0.999087
0	308	181	0.999087
0	308	241	0.999087
1	308	121	0.999087
1	308	146	0.999086
0	308	171	0.999086
1	308	76	0.999085
0	308	178	0.999085
1	308	144	0.999085
0	308	307	0.999085
0	308	165	0.999084
0	308	169	0.999084
0	308	244	0.999082
0	308	292	0.999081
0	308	272	0.999081
0	308	224	0.999081
0	308	261	0.999081
0	308	276	0.999081
1	308	125	0.999079
0	308	223	0.999078
1	308	145	0.999078
0	308	301	0.999078
0	308	169	0.999077
0	308	224	0.999075
1	308	97	0.999075
1	308	91	0.999075
0	308	201	0.999075
0	308	187	0.999075
0	308	306	0.999075
1	308	90	0.999075
0	308	296	0.999075
1	308	148	0.999074
1	308	96	0.999074
0	308	171	0.999074
1	308	137	0.999073
0	308	233	0.999073
0	308	224	0.999073
1	308	132	0.999073
1	308	119	0.999073
0	308	206	0.999072
0	308	186	0.999072
0	308	262	0.999072
0	308	190	0.999072
0	308	189	0.999071
1	308	81	0.999071
1	308	158	0.999071
0	308	288	0.999071
1	308	92	0.999071
1	308	115	0.999071
1	308	118	0.99907
0	308	193	0.99907
1	308	119	0.99907
0	308	280	0.99907
0	308	286	0.99907
0	308	269	0.99907
0	308	218	0.99907
0	308	230	0.99907
0	308	277	0.999068
1	308	72	0.999066
0	308	222	0.999066
0	308	298	0.999066
0	308	257	0.999066
0	308	289	0.999066
0	308	290	0.999064
1	308	159	0.999064
0	308	228	0.999064
0	308	225	0.999064
0	308	305	0.999062
1	308	146	0.999061
0	308	219	0.99906
0	308	206	0.99906
0	308	269	0.999058
1	308	86	0.999058
0	308	281	0.999058
0	308	176	0.999057
0	308	219	0.999057
1	308	147	0.999057
0	308	219	0.999055
1	308	97	0.999055
0	308	166	0.999054
0	308	265	0.999053
0	308	260	0.999053
0	308	222	0.999052
0	308	230	0.999052
1	308	153	0.999052
1	308	79	0.999049
0	308	181	0.999049
0	308	301	0.999048
1	308	113	0.999047
1	308	82	0.999047
0	308	262	0.999047
1	308	143	0.999046
0	308	204	0.999045
1	308	97	0.999045
1	308	83	0.999045
0	308	293	0.999045
0	308	187	0.999045
0	308	222	0.999044
0	308	202	0.999042
0	308	186	0.999042
0	308	220	0.999041
0	308	244	0.999041
0	308	208	0.999041
0	308	258	0.999041
0	308	213	0.99904
1	308	89	0.999039
0	308	281	0.999039
0	308	252	0.999038
1	308	108	0.999038
0	308	226	0.999038
0	308	196	0.999035
1	308	115	0.999035
0	308	251	0.999035
0	308	250	0.999034
0	308	215	0.999034
0	308	173	0.999033
0	308	291	0.999033
0	308	292	0.999033
0	308	169	0.999033
0	308	274	0.999032
0	308	227	0.999029
0	308	228	0.999028
0	308	178	0.999027
1	308	153	0.999027
0	308	222	0.999027
1	308	149	0.999027
1	308	132	0.999027
0	308	210	0.999026
1	308	162	0.999025
0	308	283	0.999025
1	308	133	0.999024
1	308	128	0.999022
0	308	280	0.999022
0	308	300	0.999022
0	308	181	0.999022
1	308	92	0.999022
0	308	298	0.999021
1	308	139	0.999021
0	308	181	0.999021
0	308	306	0.99902
0	308	171	0.99902
0	308	207	0.99902
0	308	221	0.99902
0	308	179	0.99902
1	308	117	0.99902
1	308	141	0.99902
0	308	233	0.999019
0	308	177	0.999019
1	308	88	0.999019
1	308	151	0.999019
0	308	298	0.999019
0	308	171	0.999018
1	308	158	0.999018
0	308	287	0.999018
0	308	162	0.999018
1	308	158	0.999016
1	308	129	0.999016
1	308	76	0.999015
0	308	303	0.999015
0	308	218	0.999014
0	308	289	0.999014
1	308	118	0.999013
0	308	212	0.999012
1	308	130	0.999012
0	308	255	0.999011
0	308	306	0.999009
0	308	274	0.999008
0	308	290	0.999008
1	308	120	0.999007
1	308	132	0.999007
0	308	218	0.999006
0	308	237	0.999006
0	308	238	0.999006
0	308	222	0.999006
0	308	307	0.999006
1	308	84	0.999005
0	308	289	0.999004
0	308	260	0.999004
0	308	166	0.999002
1	308	135	0.999002
0	308	240	0.999001
1	308	125	0.999001
0	308	226	0.999001
0	308	235	0.999
0	308	169	0.999
0	308	299	0.998998
0	308	278	0.998998
0	308	185	0.998998
0	308	287	0.998996
0	308	239	0.998996
0	308	283	0.998995
0	308	219	0.998995
1	308	149	0.998995
0	308	282	0.998995
1	308	98	0.998994
1	308	156	0.998994
0	308	237	0.998994
1	308	116	0.998993
0	308	249	0.998993
0	308	257	0.998992
1	308	104	0.998991
1	308	72	0.998991
0	308	187	0.998991
0	308	193	0.998991
1	308	106	0.998991
1	308	85	0.998989
0	308	166	0.998989
0	308	290	0.998989
1	308	90	0.998988
1	308	144	0.998988
1	308	159	0.998988
0	308	226	0.998988
0	308	234	0.998987
1	308	78	0.998986
0	308	163	0.998986
0	308	245	0.998986
0	308	237	0.998986
0	308	298	0.998985
1	308	95	0.998985
0	308	306	0.998983
0	308	275	0.998982
0	308	197	0.998982
0	308	279	0.998981
0	308	266	0.998981
0	308	233	0.99898
1	308	142	0.99898
0	308	164	0.998979
0	308	190	0.998979
1	308	120	0.998978
0	308	229	0.998978
0	308	208	0.998978
0	308	193	0.998976
0	308	205	0.998976
0	308	207	0.998976
1	308	134	0.998975
1	308	156	0.998975
1	308	80	0.998975
0	308	269	0.998975
1	308	89	0.998974
1	308	119	0.998974
0	308	166	0.998973
1	308	141	0.998973
0	308	288	0.998973
1	308	153	0.998973
0	308	251	0.998972
1	308	158	0.998969
0	308	235	0.998968
0	308	256	0.998968
0	308	233	0.998968
0	308	190	0.998968
1	308	118	0.998968
0	308	210	0.998968
0	308	276	0.998968
0	308	260	0.998967
0	308	286	0.998967
1	308	102	0.998967
1	308	83	0.998966
0	308	238	0.998965
0	308	234	0.998963
0	308	171	0.998963
1	308	137	0.998963
1	308	159	0.998963
0	308	244	0.998963
0	308	289	0.998962
0	308	237	0.998962
1	308	136	0.998962
0	308	242	0.998961
1	308	75	0.99896
0	308	295	0.99896
0	308	250	0.99896
0	308	193	0.99896
0	308	163	0.998959
0	308	165	0.998959
1	308	93	0.998959
1	308	129	0.998959
0	308	299	0.998959
0	308	175	0.998959
1	308	109	0.998958
1	308	150	0.998958
0	308	189	0.998958
1	308	87	0.998956
0	308	260	0.998955
0	308	238	0.998955
0	308	185	0.998955
1	308	101	0.998955
0	308	304	0.998955
1	308	83	0.998955
1	308	127	0.998955
0	308	219	0.998954
1	308	97	0.998954
1	308	81	0.998954
1	308	118	0.998954
0	308	214	0.998954
0	308	165	0.998953
1	308	147	0.998953
0	308	254	0.998953
0	308	301	0.998952
1	308	127	0.998952
0	308	245	0.998952
1	308	116	0.99895
1	308	105	0.99895
0	308	268	0.99895
0	308	298	0.998949
0	308	181	0.998949
1	308	84	0.998949
0	308	225	0.998949
0	308	211	0.998949
1	308	143	0.998948
1	308	127	0.998948
1	308	76	0.998947
0	308	195	0.998947
0	308	281	0.998947
1	308	136	0.998947
0	308	187	0.998947
0	308	293	0.998946
0	308	188	0.998945
0	308	263	0.998945
1	308	90	0.998945
0	308	247	0.998945
0	308	184	0.998943
1	308	117	0.998943
1	308	83	0.998943
0	308	277	0.998942
0	308	182	0.998942
0	308	217	0.998942
1	308	116	0.998942
0	308	303	0.998942
1	308	85	0.998942
1	308	124	0.998941
0	308	174	0.99894
0	308	307	0.99894
0	308	255	0.99894
1	308	113	0.99894
0	308	284	0.99894
0	308	275	0.998939
1	308	135	0.998939
0	308	164	0.998939
1	308	103	0.998939
0	308	247	0.998938
0	308	277	0.998938
1	308	101	0.998936
0	308	212	0.998936
1	308	143	0.998935
1	308	146	0.998935
0	308	281	0.998935
0	308	264	0.998935
1	308	121	0.998935
0	308	254	0.998934
1	308	80	0.998934
1	308	154	0.998933
0	308	299	0.998933
0	308	162	0.998933
0	308	237	0.998932
0	308	182	0.998932
0	308	264	0.99893
1	308	135	0.998929
0	308	170	0.998929
0	308	254	0.998928
0	308	251	0.998927
0	308	291	0.998926
0	308	268	0.998925
0	308	266	0.998925
0	308	255	0.998923
0	308	215	0.998923
1	308	96	0.998923
0	308	302	0.998922
0	308	257	0.998922
0	308	256	0.998922
0	308	273	0.998921
0	308	174	0.99892
1	308	94	0.99892
0	308	264	0.99892
0	308	291	0.998919
1	308	115	0.998919
1	308	94	0.998919
0	308	191	0.998914
1	308	100	0.998913
0	308	175	0.998912
1	308	156	0.998912
0	308	263	0.99891
0	308	300	0.99891
0	308	161	0.99891
1	308	106	0.99891
0	308	161	0.998909
0	308	273	0.998909
1	308	148	0.998908
0	308	231	0.998908
0	308	163	0.998908
0	308	214	0.998908
0	308	257	0.998907
0	308	209	0.998906
0	308	230	0.998906
0	308	281	0.998906
0	308	222	0.998906
1	308	84	0.998905
0	308	293	0.998905
0	308	186	0.998903
1	308	75	0.998903
0	308	300	0.998903
1	308	97	0.998902
1	308	81	0.998902
1	308	123	0.998902
1	308	90	0.998902
0	308	301	0.998901
0	308	161	0.998901
1	308	141	0.998901
0	308	215	0.9989
0	308	201	0.998899
1	308	87	0.998899
1	308	90	0.998897
0	308	298	0.998897
0	308	288	0.998897
1	308	139	0.998896
1	308	78	0.998896
0	308	171	0.998896
0	308	200	0.998896
1	308	102	0.998895
0	308	231	0.998895
0	308	246	0.998895
1	308	126	0.998893
0	308	291	0.998892
0	308	287	0.99889
1	308	159	0.99889
0	308	250	0.998888
0	308	240	0.998887
0	308	178	0.998887
1	308	93	0.998887
0	308	193	0.998887
0	308	294	0.998887
0	308	269	0.998887
1	308	140	0.998886
0	308	164	0.998886
1	308	120	0.998884
1	308	111	0.998883
0	308	242	0.998883
1	308	104	0.998882
0	308	205	0.998882
0	308	300	0.998882
0	308	183	0.99888
1	308	81	0.99888
0	308	273	0.998879
1	308	137	0.998879
0	308	301	0.998879
0	308	273	0.998877
1	308	100	0.998877
0	308	285	0.998877
0	308	218	0.998877
1	308	119	0.998876
1	308	73	0.998876
0	308	243	0.998876
1	308	91	0.998874
0	308	295	0.998874
1	308	114	0.998874
0	308	259	0.998874
0	308	216	0.998874
1	308	101	0.998873
1	308	158	0.998873
0	308	226	0.998873
0	308	225	0.998872
1	308	133	0.998872
0	308	254	0.998872
0	308	255	0.998872
0	308	296	0.99887
0	308	235	0.99887
0	308	170	0.99887
0	308	299	0.99887
0	308	210	0.998869
0	308	284	0.998869
0	308	216	0.998869
1	308	73	0.998869
0	308	177	0.998869
1	308	79	0.998868
0	308	192	0.998868
0	308	184	0.998864
0	308	198	0.998864
0	308	219	0.998863
0	308	300	0.998862
1	308	146	0.998862
0	308	204	0.99886
1	308	136	0.99886
0	308	301	0.998859
0	308	223	0.998859
0	308	270	0.998859
0	308	254	0.998857
0	308	263	0.998857
0	308	182	0.998857
0	308	210	0.998856
1	308	147	0.998856
0	308	303	0.998856
1	308	154	0.998855
0	308	304	0.998854
0	308	228	0.998853
0	308	225	0.998853
0	308	215	0.998851
1	308	137	0.998851
0	308	229	0.998851
0	308	262	0.998851
1	308	97	0.99885
1	308	86	0.998849
0	308	211	0.998849
1	308	83	0.998848
0	308	236	0.998847
1	308	154	0.998846
0	308	165	0.998844
1	308	133	0.998844
0	308	302	0.998843
0	308	268	0.998843
0	308	160	0.998843
1	308	93	0.998842
0	308	209	0.998842
1	308	87	0.998842
0	308	294	0.998842
1	308	128	0.998841
1	308	104	0.998841
1	308	119	0.99884
1	308	155	0.99884
1	308	133	0.99884
0	308	170	0.99884
0	308	216	0.99884
0	308	264	0.99884
0	308	269	0.998839
1	308	154	0.998839
1	308	92	0.998837
0	308	268	0.998837
1	308	134	0.998837
0	308	162	0.998837
0	308	271	0.998836
1	308	97	0.998834
0	308	204	0.998834
1	308	141	0.998833
0	308	185	0.998831
0	308	179	0.998831
0	308	233	0.99883
1	308	128	0.99883
1	308	139	0.998829
0	308	170	0.998829
1	308	135	0.998829
0	308	249	0.998829
0	308	228	0.998828
0	308	246	0.998828
0	308	189	0.998828
1	308	93	0.998828
0	308	173	0.998828
0	308	179	0.998828
0	308	207	0.998828
1	308	129	0.998827
0	308	166	0.998827
0	308	242	0.998827
0	308	191	0.998826
0	308	163	0.998826
0	308	261	0.998824
1	308	88	0.998823
1	308	72	0.998823
0	308	281	0.998822
0	308	252	0.998822
