87105.1
5.26547
4000
1	108	28	0.999999
1	108	82	0.999999
1	108	59	0.999999
1	108	105	0.999999
1	108	64	0.999999
1	108	80	0.999999
1	108	85	0.999999
1	108	93	0.999999
1	108	73	0.999999
1	108	100	0.999999
1	108	77	0.999998
1	108	82	0.999998
1	108	91	0.999998
1	108	27	0.999997
1	108	102	0.999997
1	108	84	0.999996
1	108	64	0.999996
1	108	32	0.999996
1	108	35	0.999996
1	108	40	0.999996
1	108	37	0.999996
1	108	51	0.999996
1	108	80	0.999996
1	108	81	0.999995
1	108	36	0.999994
1	108	94	0.999994
1	108	101	0.999994
1	108	60	0.999994
0	108	107	0.999994
1	108	57	0.999994
1	108	51	0.999994
1	108	57	0.999994
1	108	36	0.999994
1	108	60	0.999993
1	108	101	0.999993
1	108	82	0.999993
1	108	56	0.999992
1	108	80	0.999992
1	108	30	0.999992
1	108	106	0.999992
1	108	79	0.999992
1	108	53	0.999992
1	108	77	0.999991
1	108	31	0.999991
1	108	51	0.999991
1	108	83	0.99999
1	108	28	0.99999
1	108	50	0.99999
1	108	29	0.99999
1	108	44	0.99999
1	108	97	0.999989
1	108	77	0.999989
1	108	90	0.999989
1	108	80	0.999989
1	108	63	0.999989
1	108	99	0.999989
1	108	85	0.999989
1	108	50	0.999988
1	108	95	0.999988
1	108	92	0.999988
1	108	57	0.999988
1	108	56	0.999988
1	108	77	0.999987
1	108	36	0.999987
1	108	91	0.999987
1	108	82	0.999986
1	108	66	0.999986
1	108	84	0.999986
1	108	29	0.999986
1	108	40	0.999985
1	108	52	0.999985
1	108	89	0.999985
1	108	58	0.999985
1	108	95	0.999985
1	108	78	0.999984
1	108	82	0.999984
1	108	77	0.999984
1	108	34	0.999984
1	108	40	0.999984
1	108	46	0.999983
1	108	96	0.999983
1	108	83	0.999983
1	108	60	0.999983
1	108	32	0.999982
1	108	91	0.999982
1	108	76	0.999982
1	108	31	0.999982
1	108	91	0.999982
1	108	65	0.999982
1	108	38	0.999982
1	108	38	0.999981
1	108	53	0.999981
1	108	60	0.999981
1	108	48	0.999981
1	108	61	0.999981
1	108	45	0.999981
1	108	93	0.99998
0	108	107	0.99998
1	108	85	0.99998
1	108	101	0.99998
1	108	98	0.99998
1	108	63	0.99998
1	108	66	0.999979
1	108	49	0.999979
1	108	27	0.999979
1	108	89	0.999979
1	108	62	0.999979
1	108	73	0.999978
1	108	83	0.999978
1	108	98	0.999978
1	108	78	0.999978
1	108	41	0.999978
1	108	101	0.999978
1	108	92	0.999978
1	108	38	0.999978
1	108	70	0.999978
1	108	101	0.999978
1	108	34	0.999978
1	108	30	0.999977
1	108	32	0.999977
1	108	37	0.999976
1	108	54	0.999976
1	108	92	0.999975
1	108	102	0.999975
1	108	53	0.999975
1	108	53	0.999973
1	108	97	0.999973
1	108	39	0.999973
1	108	68	0.999973
1	108	57	0.999973
1	108	86	0.999973
1	108	84	0.999973
1	108	91	0.999972
1	108	80	0.999972
1	108	43	0.999972
1	108	92	0.999972
1	108	86	0.999972
1	108	63	0.999971
1	108	58	0.999971
1	108	102	0.999971
1	108	53	0.999971
0	108	105	0.999971
1	108	73	0.999971
1	108	80	0.999971
1	108	102	0.999971
1	108	65	0.99997
1	108	87	0.99997
1	108	87	0.99997
1	108	91	0.999968
1	108	55	0.999968
1	108	70	0.999968
1	108	32	0.999968
1	108	39	0.999968
1	108	51	0.999968
1	108	95	0.999968
1	108	37	0.999968
1	108	84	0.999968
1	108	61	0.999968
1	108	64	0.999967
1	108	69	0.999967
1	108	83	0.999967
1	108	95	0.999967
1	108	92	0.999967
1	108	92	0.999966
1	108	38	0.999966
1	108	33	0.999966
1	108	45	0.999966
1	108	65	0.999966
1	108	50	0.999965
1	108	87	0.999965
1	108	45	0.999965
1	108	59	0.999965
1	108	65	0.999964
1	108	70	0.999964
1	108	48	0.999964
1	108	94	0.999964
1	108	86	0.999964
1	108	77	0.999964
0	108	107	0.999964
1	108	88	0.999964
1	108	59	0.999964
1	108	84	0.999963
0	108	102	0.999963
1	108	30	0.999963
1	108	47	0.999963
1	108	76	0.999962
1	108	78	0.999962
1	108	51	0.999962
1	108	31	0.999962
1	108	80	0.999961
1	108	29	0.999961
1	108	66	0.999961
1	108	41	0.999961
1	108	42	0.999961
0	108	106	0.999961
1	108	40	0.999961
1	108	60	0.999961
1	108	28	0.999961
1	108	86	0.999961
1	108	30	0.999961
1	108	82	0.999961
1	108	84	0.999961
1	108	66	0.999961
1	108	86	0.99996
1	108	66	0.99996
1	108	61	0.99996
1	108	35	0.99996
1	108	67	0.99996
1	108	30	0.99996
1	108	56	0.99996
1	108	70	0.999959
1	108	30	0.999959
1	108	62	0.999959
1	108	76	0.999959
1	108	64	0.999958
0	108	100	0.999958
1	108	97	0.999958
1	108	73	0.999958
1	108	63	0.999957
0	108	102	0.999957
1	108	27	0.999957
1	108	71	0.999957
1	108	65	0.999957
1	108	47	0.999957
1	108	88	0.999957
1	108	44	0.999957
1	108	88	0.999957
1	108	65	0.999957
0	108	106	0.999957
1	108	81	0.999956
1	108	56	0.999956
1	108	44	0.999956
1	108	63	0.999956
1	108	37	0.999956
1	108	69	0.999955
1	108	28	0.999955
1	108	57	0.999955
1	108	83	0.999955
1	108	46	0.999954
1	108	37	0.999954
1	108	61	0.999954
1	108	83	0.999954
1	108	49	0.999954
1	108	71	0.999954
1	108	50	0.999954
1	108	48	0.999954
1	108	47	0.999954
1	108	94	0.999954
1	108	35	0.999953
1	108	66	0.999953
1	108	41	0.999953
1	108	35	0.999953
0	108	102	0.999953
1	108	90	0.999952
1	108	84	0.999952
1	108	80	0.999952
0	108	105	0.999952
1	108	37	0.999952
1	108	27	0.999952
1	108	34	0.999952
1	108	95	0.999952
1	108	95	0.999951
1	108	33	0.999951
1	108	33	0.999951
1	108	93	0.99995
1	108	43	0.99995
1	108	84	0.99995
1	108	49	0.99995
1	108	56	0.99995
1	108	79	0.99995
1	108	71	0.999949
1	108	33	0.999949
1	108	86	0.999949
1	108	98	0.999949
1	108	83	0.999949
0	108	107	0.999949
0	108	100	0.999949
1	108	88	0.999948
1	108	98	0.999948
1	108	73	0.999948
1	108	55	0.999948
1	108	93	0.999947
1	108	54	0.999947
1	108	38	0.999947
1	108	46	0.999947
1	108	85	0.999947
1	108	28	0.999947
1	108	50	0.999947
1	108	73	0.999947
1	108	86	0.999947
1	108	69	0.999947
1	108	75	0.999946
0	108	99	0.999946
1	108	48	0.999946
1	108	45	0.999945
1	108	37	0.999945
1	108	48	0.999945
0	108	103	0.999945
1	108	88	0.999945
1	108	44	0.999945
1	108	32	0.999945
1	108	43	0.999945
1	108	62	0.999945
1	108	74	0.999944
1	108	79	0.999944
1	108	34	0.999943
1	108	80	0.999943
1	108	51	0.999942
1	108	75	0.999942
1	108	48	0.999942
1	108	92	0.999941
1	108	30	0.999941
1	108	54	0.999941
1	108	83	0.999941
1	108	39	0.99994
1	108	83	0.99994
1	108	56	0.99994
1	108	56	0.99994
0	108	101	0.99994
0	108	104	0.99994
1	108	32	0.99994
1	108	29	0.99994
1	108	32	0.99994
1	108	39	0.99994
1	108	79	0.99994
1	108	32	0.999939
1	108	55	0.999939
0	108	101	0.999939
0	108	105	0.999939
0	108	105	0.999939
1	108	69	0.999939
1	108	45	0.999938
1	108	41	0.999938
1	108	50	0.999938
1	108	30	0.999938
1	108	46	0.999938
1	108	31	0.999938
1	108	94	0.999938
1	108	44	0.999938
1	108	65	0.999937
1	108	95	0.999937
1	108	28	0.999937
1	108	42	0.999937
1	108	57	0.999937
1	108	46	0.999936
1	108	74	0.999936
1	108	52	0.999936
1	108	44	0.999936
1	108	62	0.999936
1	108	84	0.999936
1	108	54	0.999936
1	108	30	0.999936
1	108	81	0.999936
1	108	71	0.999935
1	108	37	0.999935
1	108	90	0.999934
1	108	35	0.999934
1	108	80	0.999933
1	108	33	0.999933
1	108	75	0.999933
1	108	41	0.999933
1	108	72	0.999933
1	108	77	0.999933
0	108	97	0.999933
0	108	97	0.999933
1	108	73	0.999932
1	108	95	0.999932
0	108	96	0.999931
1	108	69	0.999931
1	108	62	0.999931
0	108	103	0.999931
1	108	44	0.999931
1	108	68	0.999931
1	108	93	0.999931
1	108	63	0.999931
1	108	93	0.99993
1	108	77	0.99993
0	108	105	0.99993
1	108	85	0.999929
1	108	56	0.999929
1	108	74	0.999929
1	108	83	0.999929
0	108	107	0.999929
1	108	36	0.999929
1	108	82	0.999928
1	108	68	0.999928
1	108	88	0.999928
1	108	63	0.999928
1	108	65	0.999928
1	108	78	0.999927
1	108	61	0.999927
1	108	67	0.999927
1	108	29	0.999927
1	108	94	0.999927
1	108	27	0.999927
1	108	31	0.999927
1	108	67	0.999927
1	108	65	0.999927
1	108	27	0.999926
1	108	77	0.999926
1	108	92	0.999926
1	108	75	0.999926
0	108	96	0.999926
0	108	96	0.999926
0	108	101	0.999926
1	108	70	0.999926
1	108	94	0.999926
0	108	100	0.999925
1	108	81	0.999925
0	108	103	0.999925
1	108	54	0.999925
1	108	65	0.999925
0	108	106	0.999925
1	108	90	0.999925
1	108	90	0.999924
1	108	65	0.999924
0	108	99	0.999924
1	108	52	0.999924
1	108	45	0.999924
1	108	94	0.999924
1	108	78	0.999924
0	108	105	0.999924
1	108	76	0.999924
1	108	64	0.999924
1	108	29	0.999924
0	108	107	0.999923
0	108	105	0.999923
1	108	43	0.999923
1	108	87	0.999923
1	108	87	0.999923
1	108	62	0.999923
1	108	39	0.999922
1	108	32	0.999922
1	108	40	0.999922
1	108	92	0.999922
1	108	65	0.999922
1	108	72	0.999922
0	108	98	0.999922
1	108	87	0.999922
1	108	92	0.999921
1	108	43	0.999921
1	108	75	0.999921
1	108	41	0.99992
1	108	59	0.99992
0	108	105	0.999919
0	108	96	0.999919
1	108	78	0.999919
1	108	68	0.999919
1	108	91	0.999919
1	108	63	0.999919
1	108	72	0.999919
1	108	74	0.999919
0	108	98	0.999919
1	108	41	0.999919
1	108	35	0.999919
1	108	40	0.999918
1	108	40	0.999918
1	108	51	0.999918
0	108	102	0.999918
1	108	33	0.999917
1	108	62	0.999917
1	108	48	0.999917
1	108	38	0.999917
0	108	99	0.999917
1	108	52	0.999917
1	108	66	0.999917
1	108	79	0.999917
1	108	79	0.999916
0	108	97	0.999916
0	108	100	0.999916
1	108	67	0.999915
1	108	86	0.999915
1	108	63	0.999915
1	108	41	0.999915
1	108	39	0.999915
1	108	47	0.999914
0	108	94	0.999914
1	108	72	0.999914
1	108	41	0.999914
0	108	101	0.999913
1	108	42	0.999913
1	108	60	0.999913
1	108	85	0.999913
1	108	86	0.999913
0	108	106	0.999913
1	108	65	0.999913
1	108	35	0.999912
1	108	29	0.999912
1	108	73	0.999912
1	108	61	0.999912
1	108	81	0.999912
1	108	83	0.999912
1	108	31	0.999912
1	108	58	0.999912
0	108	103	0.999912
1	108	81	0.999912
1	108	75	0.999911
1	108	92	0.999911
1	108	56	0.999911
1	108	74	0.999911
1	108	84	0.999911
0	108	96	0.99991
1	108	54	0.99991
1	108	46	0.99991
1	108	36	0.99991
1	108	62	0.99991
1	108	34	0.99991
1	108	61	0.99991
1	108	90	0.99991
1	108	74	0.999909
1	108	79	0.999909
1	108	49	0.999909
1	108	45	0.999909
1	108	74	0.999909
1	108	67	0.999908
1	108	50	0.999908
1	108	67	0.999908
1	108	89	0.999908
1	108	91	0.999908
1	108	36	0.999908
1	108	58	0.999908
1	108	49	0.999907
1	108	60	0.999907
1	108	38	0.999907
1	108	57	0.999907
0	108	103	0.999907
0	108	103	0.999907
1	108	27	0.999906
1	108	33	0.999906
1	108	65	0.999906
1	108	46	0.999906
1	108	86	0.999906
1	108	45	0.999906
1	108	88	0.999906
0	108	100	0.999906
1	108	52	0.999906
1	108	49	0.999905
1	108	54	0.999905
1	108	88	0.999905
1	108	61	0.999905
1	108	67	0.999904
1	108	75	0.999904
1	108	29	0.999903
1	108	75	0.999903
0	108	95	0.999903
1	108	72	0.999903
1	108	76	0.999903
1	108	48	0.999903
1	108	65	0.999903
0	108	102	0.999903
1	108	52	0.999903
1	108	71	0.999903
0	108	104	0.999903
0	108	100	0.999903
0	108	94	0.999902
1	108	27	0.999902
1	108	45	0.999902
1	108	70	0.999901
1	108	59	0.999901
1	108	55	0.999901
1	108	60	0.999901
0	108	95	0.9999
0	108	97	0.9999
1	108	78	0.9999
1	108	37	0.999899
1	108	76	0.999899
1	108	34	0.999899
1	108	74	0.999899
1	108	70	0.999898
1	108	54	0.999898
1	108	72	0.999898
1	108	88	0.999898
1	108	76	0.999898
1	108	54	0.999898
1	108	34	0.999898
1	108	56	0.999898
1	108	89	0.999898
1	108	54	0.999898
1	108	73	0.999898
1	108	51	0.999898
0	108	95	0.999898
0	108	106	0.999898
0	108	98	0.999898
1	108	87	0.999897
1	108	73	0.999897
1	108	40	0.999897
0	108	92	0.999897
1	108	36	0.999897
1	108	39	0.999897
1	108	28	0.999897
0	108	100	0.999897
1	108	44	0.999897
1	108	79	0.999897
0	108	95	0.999896
1	108	83	0.999896
1	108	53	0.999896
1	108	86	0.999896
0	108	107	0.999896
1	108	55	0.999896
1	108	86	0.999896
0	108	99	0.999895
1	108	75	0.999895
1	108	28	0.999895
1	108	54	0.999894
1	108	43	0.999894
1	108	78	0.999894
1	108	67	0.999894
1	108	73	0.999894
1	108	65	0.999894
1	108	85	0.999894
0	108	104	0.999894
1	108	75	0.999894
1	108	29	0.999894
0	108	104	0.999893
1	108	71	0.999893
1	108	42	0.999892
0	108	94	0.999892
1	108	71	0.999892
1	108	40	0.999891
0	108	93	0.999891
1	108	69	0.999891
1	108	84	0.999891
1	108	43	0.999891
1	108	55	0.999891
1	108	53	0.99989
0	108	91	0.999889
1	108	70	0.999889
0	108	97	0.999889
1	108	51	0.999889
1	108	79	0.999889
1	108	31	0.999889
1	108	44	0.999889
1	108	51	0.999888
1	108	64	0.999888
1	108	82	0.999888
1	108	34	0.999888
1	108	81	0.999887
1	108	44	0.999887
1	108	88	0.999887
1	108	52	0.999887
1	108	73	0.999887
1	108	33	0.999886
0	108	94	0.999886
1	108	85	0.999886
1	108	50	0.999886
0	108	94	0.999886
1	108	45	0.999885
0	108	104	0.999885
1	108	32	0.999885
1	108	37	0.999885
0	108	106	0.999885
1	108	70	0.999885
1	108	79	0.999884
0	108	92	0.999884
1	108	67	0.999884
1	108	76	0.999884
1	108	87	0.999884
1	108	64	0.999884
1	108	61	0.999884
1	108	82	0.999884
1	108	47	0.999884
0	108	96	0.999883
0	108	101	0.999883
1	108	30	0.999883
0	108	105	0.999882
0	108	95	0.999882
1	108	68	0.999882
1	108	60	0.999882
1	108	30	0.999882
0	108	94	0.999881
1	108	59	0.99988
0	108	105	0.99988
1	108	46	0.99988
1	108	61	0.99988
1	108	47	0.99988
0	108	92	0.999879
1	108	71	0.999879
1	108	30	0.999879
1	108	85	0.999879
0	108	99	0.999879
1	108	47	0.999879
1	108	76	0.999878
1	108	57	0.999878
1	108	55	0.999878
0	108	105	0.999878
1	108	34	0.999878
0	108	102	0.999878
0	108	99	0.999877
1	108	56	0.999877
1	108	56	0.999877
0	108	99	0.999877
0	108	100	0.999877
1	108	61	0.999877
1	108	83	0.999877
0	108	106	0.999877
1	108	77	0.999877
1	108	38	0.999877
1	108	33	0.999877
1	108	75	0.999876
0	108	107	0.999876
1	108	56	0.999876
1	108	45	0.999876
1	108	29	0.999876
1	108	84	0.999876
1	108	64	0.999875
1	108	74	0.999875
0	108	100	0.999875
1	108	60	0.999875
1	108	36	0.999875
0	108	107	0.999875
0	108	95	0.999875
0	108	87	0.999874
1	108	79	0.999874
1	108	85	0.999873
0	108	104	0.999873
1	108	59	0.999873
1	108	62	0.999873
1	108	48	0.999873
1	108	35	0.999873
1	108	84	0.999873
1	108	81	0.999872
1	108	34	0.999872
1	108	27	0.999871
1	108	28	0.999871
1	108	81	0.999871
1	108	74	0.999871
1	108	50	0.999871
1	108	80	0.999871
1	108	45	0.999871
1	108	57	0.999871
1	108	61	0.999871
1	108	68	0.99987
1	108	27	0.99987
1	108	81	0.99987
0	108	87	0.99987
1	108	37	0.99987
0	108	88	0.99987
1	108	64	0.999869
1	108	58	0.999869
1	108	41	0.999869
1	108	55	0.999869
1	108	44	0.999869
0	108	90	0.999869
1	108	50	0.999869
0	108	102	0.999868
1	108	46	0.999868
1	108	83	0.999868
1	108	72	0.999868
0	108	107	0.999868
1	108	68	0.999868
1	108	76	0.999867
1	108	49	0.999867
0	108	92	0.999867
1	108	70	0.999866
0	108	87	0.999866
0	108	107	0.999866
0	108	100	0.999866
1	108	61	0.999866
1	108	83	0.999866
1	108	79	0.999866
0	108	96	0.999865
0	108	97	0.999865
1	108	70	0.999864
0	108	106	0.999864
1	108	31	0.999864
0	108	93	0.999864
1	108	44	0.999864
1	108	67	0.999863
1	108	52	0.999863
1	108	74	0.999862
0	108	90	0.999862
1	108	50	0.999861
1	108	68	0.999861
0	108	106	0.999861
1	108	43	0.999861
1	108	34	0.999861
1	108	80	0.999861
1	108	52	0.999861
1	108	57	0.999861
1	108	63	0.999861
1	108	41	0.99986
0	108	88	0.99986
1	108	37	0.99986
1	108	50	0.99986
0	108	97	0.999859
1	108	46	0.999859
1	108	63	0.999859
1	108	73	0.999859
1	108	62	0.999859
1	108	51	0.999859
1	108	67	0.999859
1	108	84	0.999859
1	108	53	0.999859
1	108	35	0.999859
1	108	28	0.999859
0	108	99	0.999859
1	108	58	0.999858
1	108	68	0.999858
1	108	54	0.999858
1	108	61	0.999858
1	108	65	0.999858
1	108	83	0.999858
1	108	58	0.999857
1	108	36	0.999857
1	108	45	0.999857
0	108	96	0.999857
1	108	45	0.999857
1	108	37	0.999857
1	108	56	0.999857
1	108	56	0.999857
1	108	42	0.999856
1	108	28	0.999856
1	108	59	0.999855
1	108	60	0.999855
1	108	27	0.999855
1	108	47	0.999855
1	108	49	0.999855
0	108	107	0.999855
0	108	102	0.999854
1	108	80	0.999854
0	108	103	0.999854
1	108	67	0.999854
1	108	63	0.999854
1	108	74	0.999854
1	108	40	0.999854
0	108	91	0.999854
0	108	85	0.999854
1	108	70	0.999854
1	108	45	0.999854
0	108	106	0.999854
0	108	94	0.999854
1	108	70	0.999853
0	108	96	0.999853
0	108	98	0.999853
0	108	89	0.999853
1	108	78	0.999852
0	108	101	0.999852
0	108	95	0.999852
1	108	66	0.999852
0	108	96	0.999852
0	108	107	0.999852
0	108	88	0.999852
1	108	83	0.999852
1	108	28	0.999852
0	108	95	0.999852
1	108	84	0.999852
1	108	83	0.999852
1	108	44	0.999851
0	108	107	0.999851
1	108	78	0.999851
0	108	89	0.999851
1	108	58	0.999851
0	108	88	0.99985
1	108	27	0.99985
1	108	66	0.99985
1	108	79	0.99985
1	108	65	0.99985
1	108	78	0.99985
0	108	93	0.999849
1	108	75	0.999849
1	108	77	0.999849
1	108	56	0.999849
1	108	70	0.999849
1	108	66	0.999849
1	108	55	0.999848
0	108	92	0.999848
0	108	87	0.999848
1	108	73	0.999848
1	108	52	0.999848
1	108	52	0.999848
1	108	78	0.999848
1	108	43	0.999848
0	108	97	0.999847
1	108	39	0.999847
1	108	50	0.999847
1	108	55	0.999847
0	108	86	0.999847
1	108	52	0.999847
1	108	80	0.999846
1	108	62	0.999846
1	108	42	0.999846
1	108	74	0.999846
0	108	90	0.999845
0	108	88	0.999845
1	108	54	0.999845
1	108	67	0.999845
1	108	51	0.999845
0	108	96	0.999845
1	108	51	0.999845
1	108	36	0.999844
0	108	105	0.999844
1	108	28	0.999844
0	108	92	0.999844
1	108	30	0.999844
1	108	62	0.999844
1	108	36	0.999843
1	108	31	0.999843
0	108	85	0.999843
1	108	55	0.999843
1	108	79	0.999843
1	108	71	0.999843
0	108	105	0.999843
1	108	64	0.999843
0	108	93	0.999843
1	108	35	0.999842
0	108	106	0.999842
0	108	86	0.999842
1	108	34	0.999842
1	108	29	0.999842
0	108	83	0.99984
0	108	84	0.99984
0	108	88	0.99984
1	108	29	0.99984
1	108	40	0.99984
1	108	59	0.99984
1	108	82	0.99984
0	108	95	0.999839
0	108	94	0.999839
1	108	78	0.999839
1	108	31	0.999838
0	108	86	0.999838
0	108	89	0.999838
1	108	33	0.999838
1	108	61	0.999838
1	108	54	0.999838
1	108	77	0.999838
1	108	72	0.999838
1	108	55	0.999838
1	108	43	0.999838
1	108	81	0.999837
0	108	94	0.999837
1	108	75	0.999837
0	108	86	0.999837
1	108	34	0.999836
1	108	77	0.999836
1	108	72	0.999836
1	108	72	0.999835
1	108	43	0.999835
1	108	81	0.999835
1	108	74	0.999834
0	108	89	0.999834
1	108	60	0.999834
1	108	64	0.999833
1	108	45	0.999833
1	108	70	0.999833
1	108	43	0.999833
1	108	60	0.999833
0	108	88	0.999833
1	108	31	0.999833
0	108	103	0.999833
1	108	62	0.999833
0	108	99	0.999833
1	108	77	0.999833
0	108	84	0.999832
0	108	91	0.999832
1	108	58	0.999832
0	108	104	0.999832
1	108	79	0.999831
1	108	35	0.999831
0	108	82	0.999831
1	108	66	0.999831
1	108	80	0.999831
0	108	84	0.999831
0	108	82	0.999831
0	108	89	0.999831
1	108	72	0.999831
0	108	100	0.999831
1	108	66	0.99983
1	108	73	0.99983
1	108	62	0.99983
1	108	61	0.999829
0	108	88	0.999829
1	108	35	0.999829
0	108	106	0.999829
1	108	32	0.999829
1	108	70	0.999829
0	108	105	0.999829
1	108	39	0.999829
1	108	74	0.999828
0	108	99	0.999828
1	108	33	0.999828
1	108	38	0.999828
1	108	35	0.999827
1	108	50	0.999827
1	108	45	0.999827
1	108	42	0.999827
0	108	99	0.999827
1	108	73	0.999826
1	108	69	0.999826
1	108	74	0.999826
0	108	103	0.999826
1	108	65	0.999826
1	108	39	0.999826
1	108	52	0.999826
1	108	75	0.999826
1	108	49	0.999826
0	108	82	0.999826
1	108	33	0.999825
0	108	88	0.999825
1	108	51	0.999825
1	108	37	0.999825
0	108	106	0.999825
1	108	45	0.999825
0	108	96	0.999824
1	108	29	0.999824
1	108	68	0.999824
1	108	71	0.999824
0	108	96	0.999824
0	108	99	0.999824
1	108	79	0.999823
1	108	80	0.999823
0	108	97	0.999823
1	108	43	0.999823
1	108	39	0.999822
0	108	90	0.999822
0	108	86	0.999822
0	108	95	0.999822
0	108	87	0.999822
1	108	39	0.999822
1	108	46	0.999822
1	108	75	0.999822
0	108	101	0.999822
1	108	56	0.999822
1	108	61	0.999821
1	108	32	0.99982
0	108	87	0.99982
0	108	90	0.99982
1	108	78	0.99982
1	108	69	0.99982
1	108	53	0.999819
1	108	51	0.999819
1	108	66	0.999819
1	108	76	0.999819
1	108	64	0.999819
0	108	90	0.999819
0	108	98	0.999819
1	108	41	0.999819
1	108	80	0.999819
1	108	28	0.999819
1	108	47	0.999818
1	108	67	0.999818
1	108	58	0.999818
0	108	86	0.999818
1	108	31	0.999818
1	108	47	0.999818
0	108	105	0.999818
1	108	51	0.999817
1	108	76	0.999817
1	108	64	0.999817
0	108	84	0.999817
0	108	100	0.999817
1	108	44	0.999816
0	108	95	0.999816
1	108	57	0.999816
0	108	98	0.999816
0	108	84	0.999816
1	108	72	0.999816
1	108	62	0.999816
1	108	72	0.999816
0	108	89	0.999815
1	108	57	0.999815
1	108	76	0.999815
1	108	31	0.999815
0	108	83	0.999815
1	108	43	0.999815
1	108	57	0.999814
1	108	59	0.999814
1	108	78	0.999814
0	108	96	0.999814
1	108	42	0.999813
0	108	89	0.999813
1	108	34	0.999813
0	108	91	0.999812
0	108	87	0.999812
0	108	101	0.999812
1	108	45	0.999812
1	108	50	0.999812
1	108	76	0.999812
1	108	59	0.999812
1	108	47	0.999812
1	108	27	0.999812
0	108	106	0.999812
1	108	71	0.999811
1	108	75	0.999811
1	108	70	0.99981
1	108	44	0.99981
1	108	44	0.99981
1	108	34	0.99981
0	108	96	0.99981
1	108	66	0.99981
1	108	46	0.99981
0	108	100	0.999809
0	108	93	0.999809
0	108	87	0.999809
1	108	48	0.999809
1	108	27	0.999809
0	108	79	0.999808
1	108	35	0.999808
0	108	103	0.999808
0	108	101	0.999808
1	108	27	0.999808
1	108	35	0.999808
0	108	98	0.999808
0	108	105	0.999808
0	108	106	0.999808
1	108	64	0.999807
1	108	77	0.999807
0	108	103	0.999807
1	108	61	0.999806
0	108	82	0.999806
0	108	83	0.999806
1	108	73	0.999806
1	108	54	0.999806
1	108	29	0.999806
0	108	106	0.999806
0	108	85	0.999806
0	108	81	0.999805
0	108	102	0.999805
1	108	36	0.999805
0	108	94	0.999805
0	108	97	0.999805
1	108	36	0.999805
0	108	94	0.999805
1	108	33	0.999805
0	108	99	0.999804
1	108	71	0.999804
1	108	63	0.999804
0	108	98	0.999804
1	108	61	0.999804
1	108	69	0.999804
1	108	48	0.999804
1	108	33	0.999804
1	108	63	0.999804
0	108	90	0.999803
1	108	53	0.999803
1	108	34	0.999803
1	108	78	0.999803
1	108	36	0.999803
1	108	31	0.999803
1	108	27	0.999803
1	108	43	0.999803
1	108	30	0.999802
1	108	61	0.999802
1	108	33	0.999802
1	108	66	0.999802
1	108	70	0.999802
1	108	34	0.999802
0	108	101	0.999801
0	108	105	0.999801
1	108	49	0.999801
1	108	76	0.999801
0	108	102	0.999801
1	108	36	0.999801
1	108	27	0.999801
0	108	82	0.9998
1	108	54	0.9998
0	108	85	0.999799
1	108	47	0.999799
1	108	72	0.999799
1	108	74	0.999799
1	108	69	0.999799
1	108	51	0.999798
0	108	84	0.999798
1	108	49	0.999798
1	108	55	0.999798
1	108	35	0.999798
0	108	97	0.999798
1	108	41	0.999798
0	108	94	0.999797
0	108	100	0.999797
1	108	45	0.999797
0	108	78	0.999797
1	108	31	0.999797
0	108	84	0.999797
1	108	59	0.999797
1	108	34	0.999797
0	108	79	0.999797
1	108	49	0.999796
1	108	68	0.999796
1	108	63	0.999796
0	108	81	0.999796
0	108	95	0.999796
0	108	91	0.999796
0	108	99	0.999796
1	108	51	0.999796
1	108	58	0.999796
1	108	27	0.999795
0	108	99	0.999795
1	108	75	0.999795
1	108	75	0.999794
0	108	87	0.999794
1	108	38	0.999794
0	108	87	0.999794
0	108	92	0.999794
1	108	59	0.999794
1	108	75	0.999794
1	108	74	0.999794
1	108	50	0.999794
0	108	82	0.999794
1	108	49	0.999794
1	108	71	0.999793
0	108	104	0.999793
1	108	48	0.999793
0	108	89	0.999793
1	108	56	0.999793
1	108	64	0.999792
1	108	33	0.999792
1	108	57	0.999792
1	108	70	0.999792
1	108	36	0.999791
1	108	49	0.999791
0	108	98	0.999791
1	108	54	0.999791
1	108	61	0.999791
1	108	56	0.999791
0	108	92	0.999791
1	108	33	0.999791
1	108	51	0.999791
1	108	29	0.999791
1	108	75	0.999791
0	108	88	0.99979
1	108	68	0.99979
1	108	34	0.999789
1	108	54	0.999789
0	108	91	0.999789
0	108	105	0.999789
1	108	41	0.999789
0	108	88	0.999789
1	108	64	0.999789
1	108	52	0.999789
1	108	37	0.999789
1	108	43	0.999789
0	108	96	0.999789
0	108	89	0.999789
1	108	57	0.999788
0	108	95	0.999788
0	108	105	0.999788
1	108	34	0.999788
1	108	44	0.999788
0	108	84	0.999788
1	108	41	0.999787
1	108	73	0.999787
1	108	27	0.999787
1	108	64	0.999787
1	108	36	0.999787
1	108	73	0.999787
0	108	88	0.999787
1	108	73	0.999787
1	108	44	0.999787
1	108	51	0.999787
1	108	61	0.999787
1	108	36	0.999787
1	108	75	0.999787
1	108	72	0.999787
1	108	40	0.999786
0	108	84	0.999786
0	108	87	0.999786
1	108	27	0.999786
0	108	95	0.999786
1	108	69	0.999785
1	108	59	0.999785
0	108	81	0.999785
0	108	80	0.999785
1	108	47	0.999785
0	108	87	0.999784
1	108	76	0.999784
0	108	78	0.999784
1	108	64	0.999784
1	108	37	0.999784
1	108	71	0.999783
1	108	55	0.999783
0	108	102	0.999783
1	108	30	0.999783
1	108	33	0.999783
0	108	93	0.999783
0	108	107	0.999783
0	108	102	0.999783
0	108	99	0.999782
1	108	40	0.999782
1	108	36	0.999782
0	108	93	0.999782
1	108	55	0.999782
1	108	42	0.999782
1	108	46	0.999782
1	108	74	0.999782
0	108	91	0.999782
0	108	101	0.999781
0	108	81	0.999781
1	108	37	0.999781
1	108	30	0.999781
1	108	40	0.99978
1	108	42	0.99978
0	108	79	0.99978
0	108	87	0.99978
0	108	96	0.99978
0	108	84	0.999778
1	108	32	0.999778
1	108	70	0.999778
1	108	33	0.999778
1	108	69	0.999777
1	108	66	0.999777
0	108	79	0.999777
1	108	56	0.999777
1	108	65	0.999777
1	108	57	0.999777
1	108	29	0.999777
1	108	38	0.999777
0	108	77	0.999776
1	108	61	0.999776
0	108	91	0.999775
0	108	106	0.999775
0	108	100	0.999775
1	108	58	0.999775
1	108	32	0.999775
1	108	27	0.999775
1	108	29	0.999775
1	108	41	0.999774
1	108	31	0.999774
1	108	27	0.999774
0	108	86	0.999773
1	108	72	0.999773
0	108	101	0.999773
0	108	101	0.999773
1	108	64	0.999773
0	108	90	0.999773
0	108	102	0.999773
0	108	87	0.999773
1	108	37	0.999773
0	108	87	0.999773
1	108	63	0.999773
1	108	65	0.999773
0	108	77	0.999773
1	108	65	0.999773
1	108	29	0.999772
0	108	76	0.999772
1	108	46	0.999772
1	108	30	0.999772
0	108	101	0.999772
1	108	72	0.999771
1	108	62	0.999771
0	108	94	0.999771
1	108	29	0.99977
1	108	68	0.99977
0	108	95	0.99977
1	108	55	0.99977
0	108	87	0.99977
1	108	55	0.99977
1	108	28	0.99977
1	108	64	0.999769
0	108	102	0.999769
0	108	101	0.999769
1	108	50	0.999769
1	108	73	0.999769
1	108	36	0.999769
0	108	86	0.999769
1	108	31	0.999768
1	108	66	0.999768
1	108	60	0.999768
0	108	79	0.999768
0	108	83	0.999768
1	108	45	0.999768
0	108	91	0.999768
0	108	77	0.999768
1	108	73	0.999768
0	108	87	0.999767
1	108	63	0.999767
1	108	52	0.999767
1	108	42	0.999767
1	108	45	0.999766
1	108	40	0.999766
1	108	56	0.999766
0	108	102	0.999766
1	108	71	0.999766
1	108	51	0.999766
0	108	98	0.999766
1	108	73	0.999765
0	108	91	0.999765
1	108	33	0.999765
1	108	52	0.999764
1	108	43	0.999764
0	108	94	0.999764
1	108	44	0.999764
0	108	97	0.999763
1	108	34	0.999763
1	108	53	0.999763
1	108	52	0.999763
0	108	85	0.999763
1	108	58	0.999762
0	108	90	0.999762
1	108	31	0.999762
1	108	72	0.999761
1	108	72	0.999761
0	108	105	0.999761
1	108	63	0.999761
1	108	40	0.999761
1	108	60	0.999761
0	108	83	0.999761
1	108	35	0.999761
0	108	99	0.999761
1	108	43	0.999761
1	108	68	0.99976
0	108	77	0.99976
1	108	44	0.99976
0	108	87	0.999759
0	108	80	0.999759
1	108	64	0.999759
1	108	74	0.999759
0	108	103	0.999759
1	108	40	0.999759
0	108	87	0.999759
0	108	106	0.999759
1	108	64	0.999758
0	108	82	0.999758
1	108	61	0.999757
1	108	27	0.999757
0	108	79	0.999757
0	108	90	0.999757
0	108	81	0.999756
1	108	34	0.999756
0	108	75	0.999756
0	108	101	0.999756
1	108	73	0.999756
0	108	87	0.999756
1	108	69	0.999756
0	108	87	0.999756
0	108	81	0.999756
1	108	55	0.999756
1	108	35	0.999755
1	108	46	0.999755
1	108	49	0.999755
0	108	80	0.999755
0	108	74	0.999755
1	108	39	0.999755
0	108	90	0.999755
0	108	86	0.999755
1	108	71	0.999754
1	108	45	0.999754
0	108	103	0.999754
0	108	104	0.999754
1	108	28	0.999754
1	108	51	0.999753
1	108	55	0.999753
1	108	63	0.999753
0	108	95	0.999753
0	108	103	0.999753
0	108	85	0.999753
1	108	68	0.999752
1	108	55	0.999752
0	108	84	0.999752
1	108	27	0.999752
0	108	75	0.999752
1	108	59	0.999752
1	108	67	0.999752
0	108	81	0.999751
0	108	85	0.999751
0	108	76	0.999751
0	108	104	0.99975
1	108	41	0.99975
1	108	43	0.99975
0	108	96	0.99975
1	108	29	0.99975
1	108	54	0.99975
1	108	66	0.999749
1	108	49	0.999749
0	108	83	0.999749
1	108	41	0.999749
1	108	65	0.999749
0	108	79	0.999749
1	108	50	0.999749
1	108	50	0.999749
0	108	91	0.999749
0	108	77	0.999749
1	108	32	0.999749
1	108	34	0.999749
0	108	91	0.999749
0	108	74	0.999748
0	108	80	0.999748
0	108	79	0.999748
1	108	46	0.999748
1	108	71	0.999748
1	108	45	0.999748
0	108	76	0.999747
0	108	92	0.999747
1	108	52	0.999747
1	108	61	0.999747
1	108	27	0.999747
0	108	103	0.999747
0	108	87	0.999747
1	108	40	0.999747
1	108	31	0.999747
0	108	79	0.999746
1	108	45	0.999746
0	108	73	0.999745
1	108	39	0.999745
1	108	45	0.999745
0	108	79	0.999745
1	108	56	0.999745
1	108	53	0.999745
1	108	42	0.999745
1	108	56	0.999745
0	108	75	0.999744
0	108	79	0.999744
1	108	27	0.999744
1	108	40	0.999744
1	108	27	0.999744
1	108	71	0.999743
1	108	29	0.999743
1	108	28	0.999743
0	108	94	0.999743
0	108	88	0.999743
1	108	47	0.999742
1	108	56	0.999742
1	108	63	0.999742
0	108	97	0.999742
0	108	89	0.999742
0	108	90	0.999742
1	108	41	0.999742
1	108	44	0.999742
1	108	29	0.999742
0	108	79	0.999742
1	108	32	0.999741
0	108	93	0.999741
0	108	78	0.999741
1	108	62	0.99974
1	108	60	0.99974
0	108	80	0.99974
0	108	91	0.99974
1	108	30	0.99974
0	108	101	0.99974
1	108	59	0.99974
1	108	29	0.99974
0	108	84	0.99974
1	108	67	0.99974
1	108	63	0.999739
0	108	97	0.999739
1	108	47	0.999739
1	108	29	0.999738
0	108	75	0.999738
0	108	89	0.999738
1	108	31	0.999738
1	108	30	0.999738
0	108	87	0.999737
0	108	73	0.999737
1	108	68	0.999737
0	108	74	0.999737
1	108	46	0.999737
1	108	46	0.999737
1	108	34	0.999736
0	108	98	0.999736
1	108	45	0.999736
1	108	38	0.999736
1	108	52	0.999736
0	108	76	0.999735
0	108	84	0.999735
1	108	69	0.999735
0	108	88	0.999735
0	108	89	0.999735
0	108	89	0.999735
0	108	87	0.999735
0	108	97	0.999735
0	108	85	0.999734
1	108	31	0.999734
0	108	92	0.999733
1	108	39	0.999733
0	108	107	0.999733
1	108	36	0.999733
1	108	50	0.999733
1	108	53	0.999733
1	108	66	0.999733
1	108	71	0.999733
0	108	102	0.999733
0	108	75	0.999732
0	108	98	0.999732
1	108	67	0.999732
0	108	105	0.999732
1	108	33	0.999731
0	108	96	0.999731
1	108	54	0.999731
1	108	59	0.999731
1	108	59	0.999731
0	108	83	0.999731
0	108	81	0.999731
0	108	93	0.999731
1	108	36	0.99973
1	108	55	0.99973
1	108	29	0.99973
1	108	46	0.999729
1	108	58	0.999729
0	108	98	0.999729
0	108	73	0.999728
0	108	104	0.999728
0	108	78	0.999728
0	108	86	0.999728
1	108	35	0.999728
0	108	93	0.999728
1	108	67	0.999728
0	108	83	0.999728
0	108	103	0.999728
1	108	44	0.999728
1	108	51	0.999727
1	108	38	0.999727
1	108	28	0.999726
0	108	100	0.999726
1	108	37	0.999726
1	108	51	0.999726
1	108	67	0.999726
0	108	80	0.999726
0	108	91	0.999726
0	108	106	0.999726
1	108	66	0.999726
0	108	76	0.999726
0	108	92	0.999725
1	108	36	0.999725
1	108	49	0.999725
1	108	64	0.999725
0	108	73	0.999725
0	108	78	0.999724
1	108	57	0.999724
1	108	31	0.999724
1	108	69	0.999724
1	108	67	0.999724
1	108	59	0.999724
1	108	63	0.999724
0	108	99	0.999724
0	108	72	0.999724
0	108	83	0.999724
1	108	61	0.999724
1	108	44	0.999724
0	108	107	0.999723
0	108	88	0.999723
1	108	69	0.999723
0	108	84	0.999723
1	108	36	0.999722
1	108	50	0.999722
0	108	82	0.999721
1	108	35	0.999721
0	108	103	0.999721
1	108	56	0.999721
1	108	64	0.999721
1	108	35	0.999721
0	108	96	0.999721
0	108	78	0.999721
1	108	40	0.99972
1	108	27	0.99972
1	108	60	0.99972
1	108	41	0.99972
0	108	82	0.99972
1	108	59	0.99972
0	108	86	0.99972
1	108	40	0.99972
1	108	57	0.99972
1	108	64	0.999719
1	108	27	0.999719
0	108	90	0.999719
1	108	34	0.999719
1	108	64	0.999718
0	108	99	0.999718
0	108	100	0.999718
0	108	73	0.999718
1	108	39	0.999717
1	108	51	0.999717
0	108	104	0.999717
1	108	51	0.999717
0	108	78	0.999717
0	108	106	0.999717
0	108	107	0.999717
1	108	60	0.999717
0	108	99	0.999717
1	108	30	0.999717
0	108	88	0.999716
0	108	76	0.999716
0	108	105	0.999716
0	108	76	0.999716
1	108	52	0.999716
1	108	54	0.999716
1	108	48	0.999715
0	108	106	0.999715
0	108	75	0.999715
1	108	34	0.999714
1	108	55	0.999714
1	108	66	0.999714
1	108	68	0.999714
0	108	95	0.999714
0	108	107	0.999714
1	108	35	0.999714
0	108	105	0.999714
0	108	71	0.999714
0	108	92	0.999713
1	108	67	0.999713
0	108	75	0.999713
1	108	63	0.999712
1	108	59	0.999712
0	108	83	0.999712
1	108	63	0.999712
1	108	63	0.999712
1	108	58	0.999712
1	108	33	0.999712
0	108	102	0.999712
0	108	80	0.999712
0	108	95	0.999712
1	108	60	0.999711
0	108	101	0.999711
1	108	47	0.999711
1	108	27	0.999711
1	108	39	0.999711
1	108	44	0.99971
1	108	35	0.99971
0	108	85	0.99971
0	108	74	0.99971
1	108	70	0.99971
1	108	43	0.99971
0	108	97	0.99971
0	108	77	0.99971
0	108	82	0.99971
1	108	44	0.99971
1	108	46	0.99971
1	108	28	0.99971
0	108	90	0.99971
0	108	81	0.99971
1	108	62	0.99971
1	108	59	0.999709
0	108	99	0.999709
1	108	60	0.999709
0	108	77	0.999709
0	108	73	0.999708
1	108	61	0.999708
0	108	106	0.999708
1	108	35	0.999707
1	108	63	0.999707
0	108	80	0.999707
0	108	77	0.999707
1	108	55	0.999707
0	108	101	0.999707
0	108	98	0.999707
0	108	80	0.999707
1	108	35	0.999707
1	108	54	0.999707
1	108	27	0.999707
1	108	38	0.999706
0	108	104	0.999706
0	108	92	0.999706
1	108	44	0.999706
0	108	87	0.999706
1	108	35	0.999705
1	108	38	0.999705
1	108	30	0.999705
0	108	84	0.999705
1	108	64	0.999705
0	108	99	0.999705
1	108	35	0.999705
0	108	74	0.999705
0	108	95	0.999704
0	108	83	0.999704
0	108	90	0.999704
1	108	29	0.999704
0	108	76	0.999704
1	108	37	0.999703
1	108	67	0.999703
1	108	54	0.999703
1	108	38	0.999703
0	108	79	0.999703
1	108	28	0.999703
1	108	31	0.999702
1	108	62	0.999702
0	108	70	0.999702
1	108	41	0.999702
0	108	91	0.999702
0	108	105	0.999702
1	108	58	0.999701
1	108	39	0.999701
1	108	50	0.999701
0	108	93	0.9997
1	108	34	0.9997
1	108	44	0.9997
0	108	82	0.9997
0	108	90	0.9997
1	108	64	0.9997
1	108	33	0.9997
1	108	67	0.9997
1	108	69	0.9997
0	108	101	0.999699
0	108	102	0.999699
0	108	71	0.999699
1	108	29	0.999699
0	108	105	0.999698
1	108	65	0.999698
1	108	59	0.999698
1	108	33	0.999698
0	108	91	0.999696
0	108	91	0.999696
0	108	82	0.999696
0	108	104	0.999696
1	108	43	0.999696
0	108	78	0.999695
1	108	60	0.999695
0	108	99	0.999695
1	108	41	0.999695
1	108	54	0.999694
0	108	98	0.999694
1	108	34	0.999694
1	108	60	0.999694
1	108	48	0.999694
1	108	47	0.999694
0	108	81	0.999694
0	108	77	0.999694
0	108	72	0.999693
1	108	36	0.999693
1	108	46	0.999693
0	108	92	0.999693
1	108	54	0.999693
0	108	73	0.999693
0	108	83	0.999693
1	108	57	0.999693
0	108	107	0.999692
0	108	80	0.999692
1	108	53	0.999692
0	108	73	0.999692
0	108	87	0.999691
1	108	54	0.999691
0	108	77	0.999691
1	108	44	0.999691
0	108	83	0.999691
0	108	73	0.999691
1	108	50	0.99969
1	108	62	0.99969
0	108	105	0.99969
1	108	28	0.99969
1	108	34	0.99969
0	108	72	0.99969
0	108	107	0.99969
1	108	66	0.99969
0	108	90	0.99969
1	108	58	0.999689
1	108	36	0.999689
1	108	49	0.999689
0	108	75	0.999689
1	108	29	0.999689
1	108	39	0.999689
0	108	72	0.999688
0	108	87	0.999688
0	108	77	0.999688
0	108	104	0.999688
1	108	46	0.999688
1	108	58	0.999688
0	108	72	0.999688
1	108	33	0.999687
1	108	61	0.999687
1	108	67	0.999686
0	108	71	0.999686
1	108	47	0.999686
1	108	29	0.999686
0	108	96	0.999686
0	108	91	0.999686
0	108	78	0.999685
1	108	35	0.999685
1	108	36	0.999685
1	108	34	0.999684
1	108	64	0.999684
1	108	35	0.999683
1	108	62	0.999683
0	108	99	0.999683
1	108	63	0.999683
1	108	54	0.999683
0	108	78	0.999683
0	108	93	0.999683
0	108	85	0.999682
0	108	85	0.999682
1	108	48	0.999682
0	108	97	0.999682
1	108	65	0.999682
0	108	87	0.999682
1	108	66	0.999682
0	108	94	0.999681
1	108	63	0.999681
1	108	33	0.999681
0	108	84	0.999681
0	108	87	0.99968
1	108	56	0.999679
0	108	93	0.999679
1	108	61	0.999679
1	108	42	0.999678
0	108	106	0.999678
0	108	85	0.999678
1	108	46	0.999678
0	108	98	0.999677
1	108	62	0.999677
1	108	40	0.999677
0	108	81	0.999677
0	108	88	0.999677
0	108	86	0.999677
1	108	52	0.999677
1	108	48	0.999677
0	108	84	0.999677
0	108	75	0.999677
0	108	95	0.999677
0	108	93	0.999676
1	108	35	0.999676
1	108	49	0.999676
0	108	77	0.999676
0	108	92	0.999676
0	108	94	0.999676
1	108	37	0.999676
0	108	77	0.999675
0	108	90	0.999675
1	108	61	0.999675
1	108	40	0.999675
0	108	100	0.999675
0	108	68	0.999675
1	108	31	0.999675
1	108	50	0.999675
0	108	98	0.999674
0	108	91	0.999674
0	108	103	0.999674
0	108	68	0.999674
0	108	78	0.999674
1	108	40	0.999674
0	108	87	0.999674
1	108	54	0.999674
1	108	33	0.999673
0	108	78	0.999673
0	108	98	0.999673
0	108	78	0.999673
0	108	71	0.999672
0	108	80	0.999672
1	108	42	0.999672
0	108	74	0.999672
0	108	72	0.999672
1	108	43	0.999672
1	108	67	0.999671
0	108	98	0.999671
1	108	55	0.999671
1	108	35	0.999671
1	108	55	0.99967
0	108	84	0.99967
1	108	45	0.99967
1	108	50	0.99967
1	108	50	0.99967
0	108	75	0.99967
1	108	47	0.99967
0	108	94	0.99967
1	108	34	0.999669
1	108	48	0.999669
1	108	67	0.999669
1	108	30	0.999669
0	108	101	0.999669
1	108	56	0.999669
0	108	103	0.999668
0	108	91	0.999668
0	108	97	0.999668
1	108	27	0.999668
0	108	86	0.999667
1	108	38	0.999667
1	108	29	0.999667
0	108	96	0.999667
1	108	42	0.999667
1	108	60	0.999667
0	108	102	0.999667
1	108	29	0.999666
0	108	76	0.999666
1	108	50	0.999665
1	108	37	0.999665
1	108	39	0.999665
1	108	36	0.999665
0	108	90	0.999665
0	108	69	0.999665
0	108	91	0.999665
0	108	73	0.999664
1	108	52	0.999664
0	108	103	0.999664
0	108	87	0.999664
1	108	45	0.999664
1	108	63	0.999664
0	108	98	0.999663
0	108	74	0.999663
1	108	32	0.999663
1	108	38	0.999663
1	108	37	0.999663
1	108	47	0.999663
1	108	55	0.999663
1	108	45	0.999663
0	108	92	0.999663
1	108	65	0.999662
1	108	34	0.999662
0	108	88	0.999662
0	108	92	0.999662
1	108	31	0.999662
1	108	39	0.999661
1	108	29	0.999661
1	108	33	0.999661
1	108	31	0.999661
1	108	39	0.999661
1	108	41	0.999661
1	108	27	0.999661
1	108	42	0.999661
0	108	107	0.999661
0	108	98	0.99966
0	108	106	0.99966
1	108	63	0.99966
0	108	72	0.99966
1	108	39	0.999659
1	108	49	0.999659
0	108	70	0.999658
0	108	106	0.999658
1	108	52	0.999658
0	108	85	0.999658
1	108	49	0.999658
0	108	85	0.999658
0	108	67	0.999657
1	108	56	0.999657
0	108	106	0.999657
0	108	96	0.999657
1	108	46	0.999656
1	108	38	0.999656
0	108	87	0.999656
0	108	75	0.999656
0	108	101	0.999655
1	108	45	0.999654
0	108	80	0.999654
1	108	41	0.999654
1	108	27	0.999654
0	108	69	0.999654
1	108	51	0.999654
0	108	69	0.999654
1	108	31	0.999654
1	108	43	0.999654
1	108	35	0.999654
0	108	89	0.999654
0	108	92	0.999654
0	108	96	0.999654
0	108	80	0.999653
1	108	28	0.999653
0	108	105	0.999653
0	108	99	0.999653
0	108	69	0.999652
1	108	60	0.999652
0	108	93	0.999652
1	108	53	0.999652
0	108	105	0.999652
0	108	91	0.999652
0	108	97	0.999651
0	108	82	0.999651
1	108	30	0.999651
0	108	80	0.99965
1	108	64	0.99965
1	108	59	0.999649
1	108	27	0.999649
1	108	54	0.999649
0	108	68	0.999649
0	108	80	0.999649
1	108	52	0.999649
1	108	50	0.999649
0	108	95	0.999649
0	108	103	0.999649
1	108	41	0.999649
1	108	50	0.999648
1	108	34	0.999648
0	108	66	0.999647
0	108	70	0.999647
0	108	71	0.999647
1	108	59	0.999647
0	108	82	0.999647
1	108	50	0.999647
1	108	37	0.999647
0	108	89	0.999647
0	108	89	0.999647
1	108	33	0.999647
1	108	52	0.999647
0	108	67	0.999646
1	108	35	0.999646
1	108	45	0.999645
0	108	103	0.999645
0	108	97	0.999645
0	108	97	0.999645
1	108	65	0.999645
1	108	42	0.999645
1	108	52	0.999645
1	108	42	0.999645
1	108	35	0.999645
1	108	44	0.999645
0	108	96	0.999645
1	108	29	0.999645
0	108	74	0.999644
1	108	59	0.999644
0	108	101	0.999644
1	108	61	0.999644
0	108	98	0.999644
0	108	99	0.999644
0	108	92	0.999644
1	108	57	0.999644
1	108	33	0.999644
0	108	66	0.999643
1	108	57	0.999643
1	108	40	0.999642
0	108	94	0.999641
1	108	34	0.999641
0	108	77	0.999641
1	108	44	0.999641
1	108	55	0.999641
1	108	33	0.999641
0	108	75	0.99964
1	108	30	0.99964
1	108	39	0.99964
0	108	97	0.99964
0	108	72	0.99964
1	108	34	0.999639
0	108	67	0.999639
1	108	39	0.999639
1	108	63	0.999639
0	108	70	0.999639
0	108	107	0.999639
1	108	63	0.999638
0	108	104	0.999638
1	108	48	0.999638
1	108	44	0.999637
0	108	67	0.999637
1	108	53	0.999637
0	108	80	0.999637
0	108	78	0.999637
1	108	46	0.999637
0	108	80	0.999637
0	108	89	0.999637
1	108	50	0.999636
0	108	107	0.999636
1	108	37	0.999636
1	108	27	0.999636
0	108	74	0.999636
0	108	97	0.999636
0	108	86	0.999635
0	108	99	0.999635
0	108	105	0.999635
1	108	37	0.999635
1	108	27	0.999635
0	108	102	0.999635
0	108	85	0.999635
0	108	88	0.999635
1	108	49	0.999635
1	108	44	0.999634
1	108	37	0.999634
0	108	68	0.999634
1	108	32	0.999633
1	108	29	0.999633
1	108	29	0.999633
0	108	80	0.999633
0	108	66	0.999633
0	108	80	0.999633
0	108	94	0.999633
1	108	52	0.999633
0	108	72	0.999633
0	108	98	0.999632
1	108	58	0.999632
1	108	41	0.999632
1	108	39	0.999631
1	108	49	0.999631
1	108	49	0.999631
0	108	93	0.99963
1	108	36	0.99963
0	108	72	0.99963
1	108	49	0.99963
0	108	82	0.99963
1	108	31	0.99963
0	108	66	0.99963
1	108	57	0.999629
1	108	32	0.999629
0	108	101	0.999629
0	108	104	0.999628
1	108	58	0.999628
0	108	75	0.999628
0	108	100	0.999628
1	108	32	0.999627
0	108	65	0.999627
0	108	71	0.999627
0	108	104	0.999626
0	108	86	0.999626
0	108	105	0.999626
0	108	75	0.999626
0	108	81	0.999626
1	108	40	0.999625
0	108	80	0.999625
1	108	59	0.999625
1	108	27	0.999624
0	108	92	0.999624
1	108	62	0.999624
1	108	58	0.999624
0	108	81	0.999624
0	108	67	0.999623
0	108	65	0.999623
0	108	74	0.999623
0	108	94	0.999623
0	108	103	0.999623
0	108	98	0.999623
1	108	43	0.999623
1	108	42	0.999623
0	108	85	0.999623
0	108	95	0.999623
1	108	35	0.999623
1	108	59	0.999623
0	108	73	0.999623
0	108	85	0.999622
0	108	95	0.999622
0	108	75	0.999622
0	108	98	0.999622
0	108	102	0.999621
0	108	79	0.999621
0	108	87	0.999621
0	108	100	0.999621
1	108	50	0.999621
0	108	86	0.999621
0	108	78	0.99962
0	108	93	0.99962
1	108	52	0.99962
0	108	82	0.99962
1	108	46	0.99962
0	108	96	0.999619
0	108	78	0.999619
0	108	95	0.999619
1	108	40	0.999619
0	108	91	0.999619
0	108	76	0.999619
1	108	31	0.999619
1	108	42	0.999619
0	108	89	0.999619
0	108	73	0.999619
1	108	44	0.999619
1	108	56	0.999618
1	108	56	0.999618
1	108	27	0.999617
0	108	65	0.999617
0	108	77	0.999617
0	108	102	0.999616
1	108	41	0.999616
1	108	32	0.999616
0	108	81	0.999616
1	108	33	0.999616
1	108	57	0.999616
0	108	72	0.999615
0	108	74	0.999615
1	108	61	0.999615
1	108	30	0.999615
0	108	74	0.999615
1	108	45	0.999615
0	108	73	0.999615
1	108	33	0.999614
1	108	63	0.999614
0	108	73	0.999614
1	108	36	0.999614
1	108	48	0.999614
0	108	75	0.999614
0	108	70	0.999614
0	108	104	0.999614
0	108	67	0.999614
0	108	104	0.999614
1	108	33	0.999614
1	108	48	0.999613
1	108	59	0.999613
1	108	56	0.999613
1	108	56	0.999613
1	108	53	0.999613
1	108	64	0.999613
1	108	64	0.999613
0	108	75	0.999613
1	108	63	0.999612
1	108	42	0.999612
1	108	53	0.999612
1	108	50	0.999612
0	108	71	0.999612
0	108	82	0.999612
0	108	104	0.999612
0	108	65	0.999611
0	108	76	0.999611
0	108	71	0.999611
0	108	96	0.999611
1	108	29	0.99961
0	108	106	0.99961
1	108	45	0.99961
0	108	83	0.99961
0	108	86	0.999609
1	108	50	0.999609
1	108	62	0.999609
1	108	63	0.999609
0	108	77	0.999609
1	108	49	0.999609
1	108	61	0.999608
1	108	34	0.999608
1	108	39	0.999608
1	108	57	0.999607
1	108	55	0.999607
0	108	75	0.999607
1	108	43	0.999607
1	108	27	0.999607
1	108	53	0.999606
0	108	84	0.999606
0	108	103	0.999606
0	108	97	0.999606
0	108	84	0.999606
1	108	39	0.999605
0	108	68	0.999605
1	108	46	0.999605
1	108	60	0.999605
0	108	89	0.999605
0	108	70	0.999605
1	108	62	0.999605
0	108	78	0.999605
1	108	63	0.999604
0	108	85	0.999604
0	108	100	0.999604
1	108	62	0.999604
1	108	62	0.999603
1	108	45	0.999603
0	108	91	0.999603
1	108	45	0.999603
1	108	35	0.999602
1	108	63	0.999602
0	108	76	0.999602
1	108	44	0.999602
0	108	101	0.999602
1	108	34	0.999602
0	108	90	0.999602
0	108	70	0.999602
1	108	63	0.999602
0	108	71	0.999601
1	108	47	0.999601
0	108	91	0.999601
1	108	47	0.999601
0	108	71	0.999601
0	108	77	0.9996
1	108	42	0.9996
0	108	100	0.9996
1	108	51	0.9996
0	108	93	0.9996
1	108	35	0.9996
0	108	90	0.9996
1	108	48	0.999599
0	108	70	0.999599
0	108	105	0.999598
0	108	96	0.999598
0	108	66	0.999598
0	108	78	0.999598
1	108	52	0.999598
0	108	89	0.999598
0	108	70	0.999596
0	108	71	0.999596
0	108	87	0.999596
0	108	106	0.999596
0	108	81	0.999595
1	108	28	0.999595
1	108	30	0.999595
1	108	49	0.999595
0	108	82	0.999595
0	108	99	0.999595
1	108	38	0.999595
1	108	30	0.999595
1	108	39	0.999594
1	108	42	0.999594
1	108	56	0.999594
0	108	64	0.999594
1	108	49	0.999594
1	108	40	0.999593
0	108	106	0.999593
1	108	56	0.999593
1	108	61	0.999593
0	108	95	0.999593
1	108	43	0.999593
0	108	100	0.999593
1	108	43	0.999593
1	108	62	0.999593
1	108	49	0.999593
1	108	34	0.999593
0	108	65	0.999592
0	108	87	0.999592
1	108	27	0.999592
1	108	40	0.999592
0	108	88	0.999591
0	108	89	0.999591
0	108	104	0.999591
0	108	91	0.999591
1	108	56	0.999591
1	108	34	0.999591
0	108	101	0.999591
1	108	42	0.99959
1	108	52	0.99959
0	108	104	0.99959
0	108	83	0.999589
1	108	43	0.999589
0	108	91	0.999589
0	108	75	0.999589
1	108	30	0.999588
0	108	84	0.999588
0	108	63	0.999588
1	108	58	0.999588
1	108	57	0.999588
1	108	61	0.999588
0	108	77	0.999588
0	108	98	0.999588
1	108	42	0.999588
1	108	60	0.999588
0	108	71	0.999587
0	108	99	0.999587
1	108	58	0.999587
0	108	77	0.999587
0	108	64	0.999586
0	108	100	0.999586
1	108	38	0.999586
1	108	54	0.999586
1	108	50	0.999586
0	108	70	0.999586
1	108	53	0.999586
1	108	34	0.999586
1	108	44	0.999586
0	108	91	0.999585
1	108	56	0.999585
1	108	39	0.999585
0	108	82	0.999585
0	108	77	0.999584
0	108	84	0.999584
1	108	31	0.999584
0	108	68	0.999584
1	108	52	0.999584
1	108	55	0.999584
0	108	98	0.999584
0	108	66	0.999584
0	108	91	0.999584
0	108	106	0.999584
1	108	27	0.999584
0	108	84	0.999584
1	108	29	0.999584
1	108	57	0.999583
0	108	84	0.999583
1	108	37	0.999583
0	108	90	0.999583
0	108	89	0.999583
0	108	78	0.999582
0	108	82	0.999582
0	108	92	0.999581
1	108	27	0.999581
0	108	107	0.999581
0	108	84	0.999581
0	108	81	0.999581
1	108	33	0.999581
1	108	57	0.99958
0	108	64	0.99958
0	108	76	0.99958
1	108	35	0.999579
0	108	92	0.999579
0	108	66	0.999579
0	108	79	0.999579
1	108	39	0.999579
0	108	91	0.999579
0	108	98	0.999578
1	108	48	0.999578
1	108	43	0.999578
0	108	94	0.999578
1	108	27	0.999577
1	108	44	0.999577
0	108	76	0.999577
1	108	30	0.999576
0	108	78	0.999576
0	108	96	0.999576
0	108	69	0.999576
0	108	72	0.999576
1	108	41	0.999576
1	108	35	0.999576
0	108	88	0.999575
0	108	101	0.999575
0	108	79	0.999575
0	108	94	0.999575
0	108	64	0.999574
1	108	30	0.999574
0	108	65	0.999574
0	108	106	0.999574
0	108	74	0.999574
0	108	98	0.999574
0	108	82	0.999574
1	108	29	0.999574
1	108	62	0.999573
1	108	36	0.999572
1	108	56	0.999572
1	108	48	0.999572
0	108	74	0.999572
0	108	81	0.999572
1	108	44	0.999572
1	108	28	0.999571
1	108	30	0.999571
0	108	81	0.999571
1	108	50	0.999571
1	108	44	0.999571
1	108	50	0.999571
0	108	71	0.99957
0	108	84	0.99957
0	108	89	0.99957
1	108	39	0.999569
1	108	50	0.999569
1	108	44	0.999569
1	108	62	0.999568
0	108	82	0.999568
1	108	32	0.999568
1	108	42	0.999568
1	108	31	0.999567
1	108	33	0.999567
0	108	85	0.999567
0	108	83	0.999567
0	108	71	0.999567
0	108	98	0.999567
0	108	67	0.999567
1	108	45	0.999567
1	108	45	0.999567
1	108	38	0.999567
0	108	70	0.999567
0	108	104	0.999566
0	108	89	0.999566
1	108	36	0.999566
1	108	42	0.999566
1	108	38	0.999566
1	108	33	0.999566
1	108	43	0.999565
1	108	51	0.999565
1	108	55	0.999565
1	108	62	0.999565
0	108	71	0.999565
0	108	76	0.999565
0	108	78	0.999565
1	108	46	0.999565
0	108	79	0.999565
1	108	56	0.999564
0	108	68	0.999564
0	108	100	0.999564
0	108	77	0.999564
1	108	60	0.999564
0	108	81	0.999564
1	108	52	0.999564
1	108	57	0.999564
1	108	45	0.999563
0	108	74	0.999563
0	108	93	0.999563
0	108	90	0.999563
0	108	97	0.999562
1	108	61	0.999562
0	108	95	0.999562
1	108	50	0.999562
1	108	52	0.999561
0	108	69	0.999561
1	108	28	0.999561
1	108	54	0.999561
0	108	84	0.999561
1	108	30	0.99956
1	108	41	0.99956
0	108	63	0.99956
0	108	71	0.99956
0	108	85	0.99956
1	108	31	0.99956
1	108	38	0.99956
0	108	96	0.99956
0	108	76	0.999559
1	108	35	0.999559
0	108	85	0.999559
1	108	29	0.999559
0	108	76	0.999559
1	108	35	0.999558
1	108	54	0.999558
0	108	69	0.999558
0	108	75	0.999558
1	108	38	0.999558
0	108	86	0.999558
0	108	87	0.999558
1	108	40	0.999558
1	108	40	0.999557
1	108	28	0.999557
1	108	36	0.999557
0	108	90	0.999557
1	108	37	0.999557
1	108	56	0.999557
1	108	27	0.999557
0	108	87	0.999556
1	108	56	0.999556
0	108	107	0.999556
0	108	69	0.999556
1	108	27	0.999556
1	108	36	0.999556
0	108	107	0.999556
0	108	74	0.999556
1	108	42	0.999556
1	108	39	0.999555
0	108	89	0.999555
1	108	45	0.999555
0	108	88	0.999555
0	108	106	0.999555
0	108	80	0.999555
1	108	27	0.999554
1	108	36	0.999554
1	108	53	0.999554
0	108	85	0.999554
0	108	65	0.999554
0	108	100	0.999553
1	108	36	0.999553
1	108	38	0.999553
1	108	50	0.999553
0	108	69	0.999553
1	108	47	0.999553
0	108	95	0.999553
0	108	65	0.999553
0	108	94	0.999553
1	108	44	0.999552
1	108	55	0.999552
0	108	105	0.999552
1	108	58	0.999551
1	108	31	0.999551
1	108	37	0.999551
0	108	106	0.999551
0	108	105	0.999551
0	108	85	0.999551
0	108	85	0.99955
1	108	37	0.99955
0	108	84	0.99955
1	108	54	0.99955
0	108	96	0.99955
0	108	73	0.999549
1	108	36	0.999549
0	108	73	0.999549
0	108	69	0.999549
1	108	34	0.999549
0	108	74	0.999549
0	108	104	0.999548
0	108	63	0.999548
0	108	71	0.999548
1	108	29	0.999547
0	108	89	0.999547
0	108	67	0.999547
1	108	29	0.999547
0	108	97	0.999547
0	108	73	0.999546
0	108	90	0.999546
0	108	74	0.999546
1	108	53	0.999546
1	108	47	0.999546
0	108	104	0.999546
0	108	98	0.999546
0	108	71	0.999546
0	108	92	0.999546
0	108	106	0.999545
1	108	47	0.999544
0	108	105	0.999544
0	108	94	0.999544
1	108	51	0.999544
0	108	68	0.999544
1	108	31	0.999544
1	108	45	0.999544
0	108	83	0.999544
0	108	89	0.999544
1	108	59	0.999544
0	108	85	0.999543
0	108	76	0.999543
0	108	88	0.999542
0	108	62	0.999542
0	108	88	0.999542
1	108	44	0.999541
0	108	69	0.999541
1	108	60	0.999541
0	108	86	0.999541
0	108	96	0.999541
1	108	51	0.999541
0	108	75	0.999541
0	108	71	0.999541
0	108	97	0.999541
0	108	96	0.99954
0	108	87	0.99954
1	108	32	0.999539
0	108	71	0.999539
1	108	57	0.999539
0	108	104	0.999539
1	108	29	0.999539
0	108	72	0.999539
0	108	106	0.999539
0	108	107	0.999539
0	108	91	0.999538
0	108	84	0.999537
1	108	27	0.999537
1	108	56	0.999537
0	108	66	0.999537
1	108	39	0.999537
1	108	42	0.999537
1	108	42	0.999537
0	108	99	0.999537
0	108	70	0.999537
0	108	92	0.999536
1	108	48	0.999536
0	108	88	0.999536
0	108	74	0.999535
0	108	84	0.999535
1	108	27	0.999535
0	108	87	0.999535
0	108	107	0.999535
0	108	70	0.999535
0	108	106	0.999535
1	108	38	0.999535
0	108	90	0.999535
0	108	92	0.999534
1	108	42	0.999534
0	108	100	0.999534
0	108	92	0.999534
1	108	37	0.999533
0	108	92	0.999533
0	108	73	0.999533
0	108	76	0.999532
0	108	67	0.999532
0	108	71	0.999532
0	108	80	0.999532
0	108	103	0.999532
1	108	55	0.999532
1	108	46	0.999532
1	108	47	0.999532
0	108	97	0.999532
1	108	60	0.999532
1	108	55	0.999531
0	108	88	0.999531
1	108	50	0.999531
0	108	61	0.99953
1	108	40	0.99953
1	108	27	0.99953
0	108	64	0.99953
0	108	61	0.999529
1	108	28	0.999529
0	108	91	0.999529
1	108	57	0.999528
0	108	83	0.999528
0	108	73	0.999528
1	108	34	0.999528
0	108	95	0.999528
0	108	83	0.999528
0	108	90	0.999528
1	108	44	0.999528
0	108	86	0.999528
0	108	67	0.999528
1	108	50	0.999528
0	108	78	0.999528
1	108	44	0.999528
0	108	101	0.999527
0	108	107	0.999527
0	108	69	0.999526
1	108	33	0.999526
0	108	78	0.999526
0	108	90	0.999525
0	108	90	0.999525
1	108	57	0.999525
1	108	32	0.999525
0	108	104	0.999524
0	108	69	0.999524
0	108	105	0.999524
0	108	102	0.999524
0	108	103	0.999524
1	108	44	0.999523
1	108	57	0.999523
0	108	64	0.999523
1	108	49	0.999523
0	108	81	0.999523
0	108	105	0.999523
0	108	65	0.999523
0	108	72	0.999523
0	108	104	0.999523
0	108	103	0.999523
0	108	95	0.999522
0	108	75	0.999522
0	108	86	0.999522
0	108	91	0.999521
1	108	34	0.999521
0	108	75	0.999521
0	108	63	0.999521
0	108	67	0.999521
1	108	37	0.999521
1	108	42	0.999521
0	108	64	0.999521
1	108	36	0.99952
1	108	48	0.99952
0	108	101	0.99952
0	108	62	0.99952
0	108	72	0.999519
0	108	68	0.999519
1	108	41	0.999518
1	108	59	0.999518
0	108	105	0.999518
1	108	28	0.999518
1	108	46	0.999518
0	108	95	0.999518
1	108	34	0.999518
0	108	91	0.999518
0	108	79	0.999518
1	108	41	0.999517
0	108	107	0.999517
1	108	27	0.999516
1	108	50	0.999516
1	108	42	0.999516
0	108	78	0.999516
1	108	57	0.999516
1	108	43	0.999516
0	108	67	0.999516
0	108	89	0.999516
0	108	73	0.999516
0	108	101	0.999516
0	108	69	0.999516
1	108	51	0.999515
0	108	92	0.999515
1	108	31	0.999515
0	108	75	0.999515
0	108	87	0.999514
1	108	31	0.999514
0	108	100	0.999514
0	108	97	0.999514
0	108	80	0.999514
0	108	88	0.999514
0	108	92	0.999514
0	108	95	0.999514
1	108	29	0.999513
0	108	91	0.999512
1	108	51	0.999512
0	108	61	0.999512
1	108	47	0.999512
1	108	54	0.999511
0	108	74	0.999511
0	108	100	0.999511
0	108	80	0.999511
1	108	54	0.999511
1	108	52	0.999511
1	108	36	0.999511
0	108	63	0.999511
1	108	41	0.999509
0	108	87	0.999509
0	108	86	0.999509
0	108	65	0.999509
1	108	27	0.999509
0	108	80	0.999509
0	108	79	0.999508
1	108	44	0.999508
0	108	102	0.999508
0	108	95	0.999508
0	108	81	0.999507
1	108	54	0.999507
0	108	75	0.999507
0	108	82	0.999507
0	108	80	0.999507
1	108	29	0.999507
0	108	82	0.999507
1	108	57	0.999507
1	108	30	0.999507
1	108	41	0.999506
0	108	77	0.999506
1	108	39	0.999506
0	108	94	0.999506
1	108	53	0.999506
1	108	37	0.999506
0	108	81	0.999506
0	108	77	0.999506
0	108	95	0.999506
0	108	60	0.999506
1	108	58	0.999505
0	108	99	0.999505
1	108	45	0.999505
1	108	41	0.999505
0	108	100	0.999505
0	108	98	0.999505
0	108	85	0.999505
1	108	52	0.999505
1	108	32	0.999505
1	108	31	0.999504
1	108	28	0.999504
1	108	51	0.999504
0	108	98	0.999504
0	108	92	0.999504
0	108	81	0.999504
0	108	88	0.999504
1	108	41	0.999503
0	108	75	0.999503
1	108	53	0.999502
0	108	81	0.999502
0	108	93	0.999502
1	108	43	0.999502
1	108	37	0.999502
0	108	79	0.999502
1	108	55	0.999502
0	108	89	0.999502
0	108	74	0.999502
1	108	48	0.999502
1	108	37	0.999502
1	108	50	0.999502
0	108	96	0.999501
1	108	30	0.999501
1	108	51	0.999501
0	108	103	0.999501
1	108	55	0.9995
1	108	42	0.9995
0	108	99	0.9995
0	108	104	0.9995
0	108	62	0.9995
1	108	40	0.9995
1	108	50	0.9995
1	108	28	0.9995
0	108	86	0.9995
0	108	66	0.9995
0	108	97	0.999499
0	108	99	0.999499
0	108	76	0.999499
0	108	74	0.999499
0	108	106	0.999498
0	108	71	0.999498
0	108	70	0.999498
1	108	33	0.999498
1	108	57	0.999498
0	108	83	0.999498
0	108	64	0.999498
0	108	107	0.999498
0	108	104	0.999497
1	108	53	0.999497
0	108	87	0.999497
0	108	65	0.999497
0	108	100	0.999497
1	108	29	0.999497
0	108	102	0.999497
0	108	67	0.999497
0	108	102	0.999496
0	108	102	0.999496
1	108	53	0.999495
0	108	65	0.999495
1	108	30	0.999495
0	108	85	0.999495
0	108	106	0.999495
1	108	57	0.999495
0	108	84	0.999495
1	108	28	0.999495
1	108	36	0.999495
0	108	98	0.999495
0	108	66	0.999494
0	108	84	0.999493
1	108	50	0.999493
0	108	75	0.999493
1	108	56	0.999493
0	108	92	0.999493
0	108	73	0.999493
0	108	71	0.999493
0	108	97	0.999492
1	108	57	0.999492
0	108	66	0.999492
1	108	50	0.999492
0	108	98	0.999491
1	108	43	0.999491
1	108	47	0.999491
1	108	35	0.99949
0	108	77	0.99949
0	108	61	0.99949
0	108	78	0.99949
0	108	104	0.99949
1	108	56	0.999489
1	108	48	0.999489
0	108	73	0.999488
0	108	87	0.999488
1	108	27	0.999488
1	108	36	0.999488
0	108	107	0.999487
1	108	51	0.999487
1	108	37	0.999487
0	108	78	0.999487
0	108	89	0.999487
0	108	63	0.999486
0	108	81	0.999486
1	108	40	0.999486
0	108	70	0.999486
0	108	103	0.999486
0	108	66	0.999486
0	108	65	0.999486
0	108	60	0.999486
0	108	93	0.999485
0	108	80	0.999485
0	108	90	0.999485
1	108	34	0.999484
1	108	56	0.999484
0	108	105	0.999484
0	108	66	0.999484
0	108	80	0.999484
0	108	86	0.999484
1	108	47	0.999484
1	108	46	0.999484
1	108	47	0.999484
0	108	77	0.999484
0	108	98	0.999484
1	108	44	0.999483
0	108	100	0.999483
0	108	81	0.999483
1	108	41	0.999483
1	108	33	0.999483
1	108	42	0.999482
1	108	39	0.999482
1	108	35	0.999482
0	108	106	0.999482
1	108	32	0.999481
1	108	49	0.999481
0	108	83	0.999481
0	108	99	0.999481
0	108	71	0.999481
1	108	57	0.999481
0	108	60	0.999481
0	108	96	0.999481
0	108	100	0.999481
0	108	82	0.99948
0	108	81	0.99948
1	108	54	0.99948
1	108	55	0.99948
1	108	29	0.999479
1	108	59	0.999479
0	108	65	0.999479
0	108	75	0.999479
0	108	62	0.999479
0	108	105	0.999478
0	108	107	0.999478
0	108	74	0.999478
1	108	36	0.999478
0	108	71	0.999478
0	108	102	0.999477
0	108	83	0.999477
1	108	35	0.999477
0	108	103	0.999477
0	108	92	0.999477
1	108	50	0.999477
1	108	33	0.999476
0	108	102	0.999476
0	108	68	0.999476
0	108	97	0.999475
0	108	106	0.999475
0	108	76	0.999475
0	108	90	0.999475
0	108	77	0.999474
0	108	70	0.999474
0	108	72	0.999474
0	108	68	0.999474
0	108	92	0.999474
0	108	91	0.999474
0	108	92	0.999474
0	108	73	0.999474
1	108	56	0.999473
1	108	39	0.999473
0	108	60	0.999472
0	108	79	0.999472
1	108	59	0.999472
0	108	103	0.999472
0	108	94	0.999472
0	108	107	0.999472
1	108	43	0.999472
1	108	47	0.999472
0	108	93	0.999471
0	108	73	0.999471
0	108	65	0.999471
0	108	86	0.999471
0	108	81	0.999471
0	108	88	0.99947
0	108	89	0.99947
0	108	83	0.99947
1	108	31	0.99947
0	108	101	0.99947
0	108	103	0.99947
0	108	64	0.999469
0	108	79	0.999469
0	108	92	0.999469
1	108	50	0.999469
0	108	97	0.999468
1	108	39	0.999468
1	108	27	0.999467
0	108	80	0.999467
0	108	68	0.999466
1	108	41	0.999466
0	108	88	0.999466
0	108	107	0.999466
0	108	75	0.999466
1	108	46	0.999465
1	108	49	0.999465
1	108	51	0.999465
0	108	89	0.999465
0	108	74	0.999465
1	108	40	0.999465
0	108	71	0.999465
0	108	88	0.999465
0	108	60	0.999464
0	108	103	0.999464
1	108	32	0.999464
1	108	58	0.999464
0	108	71	0.999463
0	108	67	0.999463
0	108	79	0.999463
0	108	100	0.999463
1	108	38	0.999463
1	108	52	0.999463
0	108	68	0.999462
0	108	59	0.999462
1	108	54	0.999462
1	108	48	0.999462
0	108	103	0.999462
0	108	68	0.999461
1	108	41	0.999461
1	108	55	0.999461
0	108	82	0.999461
1	108	35	0.999461
1	108	47	0.99946
0	108	69	0.99946
1	108	39	0.99946
0	108	107	0.99946
0	108	69	0.99946
1	108	34	0.99946
0	108	88	0.99946
0	108	75	0.99946
1	108	45	0.99946
1	108	51	0.99946
0	108	83	0.99946
0	108	59	0.99946
1	108	27	0.999459
0	108	65	0.999458
0	108	76	0.999458
1	108	40	0.999458
1	108	58	0.999458
1	108	33	0.999458
0	108	93	0.999458
0	108	86	0.999458
0	108	78	0.999458
0	108	98	0.999457
1	108	35	0.999457
0	108	62	0.999457
1	108	58	0.999457
1	108	44	0.999457
1	108	55	0.999457
0	108	97	0.999457
0	108	99	0.999456
1	108	32	0.999456
0	108	91	0.999456
1	108	57	0.999456
0	108	62	0.999456
0	108	81	0.999456
0	108	90	0.999455
1	108	33	0.999455
0	108	91	0.999454
0	108	89	0.999454
0	108	67	0.999454
1	108	30	0.999454
1	108	52	0.999454
0	108	71	0.999453
1	108	33	0.999453
0	108	80	0.999453
0	108	71	0.999453
0	108	75	0.999453
0	108	77	0.999453
0	108	91	0.999453
1	108	37	0.999453
0	108	62	0.999453
0	108	72	0.999453
1	108	47	0.999452
0	108	88	0.999451
0	108	71	0.999451
1	108	39	0.999451
0	108	97	0.999451
0	108	105	0.999451
1	108	56	0.999451
1	108	49	0.999451
1	108	39	0.999451
1	108	32	0.99945
1	108	28	0.99945
1	108	49	0.999449
0	108	73	0.999449
1	108	42	0.999449
0	108	64	0.999449
0	108	71	0.999449
1	108	36	0.999449
0	108	88	0.999449
1	108	34	0.999449
0	108	70	0.999449
1	108	36	0.999449
1	108	48	0.999449
0	108	79	0.999448
0	108	59	0.999448
0	108	71	0.999447
1	108	46	0.999447
0	108	91	0.999447
0	108	106	0.999447
0	108	103	0.999446
0	108	105	0.999446
1	108	29	0.999446
1	108	29	0.999446
1	108	30	0.999446
1	108	47	0.999446
1	108	27	0.999446
0	108	103	0.999446
1	108	48	0.999446
1	108	47	0.999446
1	108	43	0.999446
1	108	41	0.999446
0	108	106	0.999445
0	108	63	0.999445
1	108	48	0.999445
1	108	34	0.999445
1	108	39	0.999444
0	108	88	0.999444
0	108	75	0.999444
1	108	46	0.999443
0	108	100	0.999443
1	108	54	0.999443
0	108	98	0.999443
0	108	95	0.999443
0	108	62	0.999443
1	108	48	0.999443
0	108	89	0.999442
0	108	94	0.999442
0	108	102	0.999442
0	108	91	0.999442
0	108	93	0.999442
0	108	105	0.999442
1	108	28	0.999442
0	108	74	0.999442
0	108	74	0.999442
0	108	95	0.999442
1	108	27	0.999442
1	108	32	0.999442
1	108	58	0.999442
1	108	29	0.999441
1	108	55	0.999441
1	108	34	0.999441
0	108	73	0.999441
0	108	93	0.999441
1	108	49	0.99944
0	108	76	0.99944
1	108	36	0.99944
0	108	72	0.99944
0	108	83	0.999439
1	108	28	0.999439
1	108	32	0.999439
0	108	107	0.999439
0	108	106	0.999438
0	108	75	0.999438
1	108	33	0.999437
1	108	42	0.999437
0	108	64	0.999437
0	108	64	0.999437
0	108	64	0.999437
1	108	29	0.999437
0	108	80	0.999437
1	108	50	0.999437
1	108	38	0.999437
1	108	34	0.999437
0	108	80	0.999436
0	108	68	0.999436
1	108	39	0.999436
0	108	90	0.999435
0	108	69	0.999435
0	108	85	0.999435
1	108	42	0.999435
0	108	98	0.999435
0	108	105	0.999435
1	108	36	0.999435
0	108	102	0.999434
1	108	53	0.999434
0	108	81	0.999434
0	108	95	0.999434
1	108	30	0.999433
1	108	52	0.999433
0	108	106	0.999433
1	108	53	0.999433
0	108	105	0.999433
0	108	89	0.999433
0	108	65	0.999432
0	108	103	0.999432
0	108	83	0.999432
0	108	68	0.999432
1	108	39	0.999432
0	108	87	0.999432
1	108	39	0.999432
1	108	57	0.999432
1	108	29	0.999432
0	108	107	0.999432
1	108	27	0.999432
0	108	73	0.999431
1	108	31	0.999431
1	108	29	0.999431
0	108	78	0.999431
0	108	90	0.99943
0	108	100	0.99943
0	108	88	0.99943
0	108	86	0.99943
0	108	77	0.999429
0	108	74	0.999429
1	108	50	0.999429
1	108	51	0.999429
0	108	75	0.999428
0	108	93	0.999428
1	108	49	0.999428
1	108	46	0.999428
0	108	92	0.999428
1	108	32	0.999428
0	108	80	0.999427
0	108	68	0.999427
0	108	60	0.999427
1	108	35	0.999427
0	108	68	0.999426
0	108	85	0.999426
0	108	73	0.999425
1	108	45	0.999425
1	108	36	0.999425
1	108	46	0.999425
0	108	80	0.999425
1	108	34	0.999424
0	108	90	0.999424
0	108	75	0.999424
1	108	41	0.999424
0	108	100	0.999424
0	108	105	0.999423
0	108	94	0.999423
0	108	74	0.999423
0	108	102	0.999423
0	108	70	0.999422
0	108	93	0.999422
0	108	67	0.999422
0	108	62	0.999421
0	108	78	0.999421
0	108	80	0.999421
0	108	68	0.99942
0	108	97	0.99942
1	108	50	0.999419
0	108	103	0.999419
1	108	35	0.999419
1	108	34	0.999419
0	108	104	0.999418
1	108	30	0.999418
0	108	59	0.999418
1	108	45	0.999418
0	108	105	0.999418
1	108	31	0.999417
0	108	105	0.999417
0	108	62	0.999417
0	108	98	0.999417
0	108	87	0.999417
0	108	102	0.999417
0	108	90	0.999416
0	108	96	0.999416
1	108	32	0.999416
0	108	85	0.999416
0	108	73	0.999416
0	108	65	0.999416
1	108	30	0.999416
1	108	53	0.999416
0	108	88	0.999416
1	108	27	0.999416
0	108	93	0.999416
0	108	87	0.999415
0	108	77	0.999415
0	108	66	0.999415
1	108	54	0.999415
1	108	56	0.999415
0	108	98	0.999415
1	108	27	0.999414
0	108	92	0.999414
1	108	53	0.999414
1	108	34	0.999414
1	108	39	0.999414
0	108	97	0.999413
0	108	96	0.999413
1	108	36	0.999412
0	108	72	0.999412
0	108	67	0.999412
0	108	92	0.999412
1	108	48	0.999411
0	108	100	0.999411
1	108	50	0.999411
1	108	47	0.999411
0	108	94	0.999411
0	108	92	0.999411
0	108	102	0.999411
0	108	104	0.999411
0	108	62	0.99941
1	108	49	0.99941
0	108	90	0.99941
0	108	97	0.99941
1	108	48	0.99941
1	108	40	0.99941
0	108	95	0.999409
1	108	41	0.999409
0	108	101	0.999409
0	108	74	0.999409
1	108	51	0.999408
0	108	73	0.999408
1	108	54	0.999408
0	108	107	0.999408
1	108	48	0.999408
1	108	46	0.999407
1	108	28	0.999407
0	108	100	0.999407
1	108	36	0.999407
0	108	92	0.999407
0	108	70	0.999407
0	108	99	0.999407
0	108	95	0.999407
1	108	56	0.999406
0	108	73	0.999406
0	108	67	0.999406
0	108	98	0.999405
0	108	103	0.999405
0	108	95	0.999405
1	108	39	0.999404
0	108	81	0.999404
0	108	89	0.999404
1	108	54	0.999404
1	108	27	0.999404
1	108	45	0.999404
0	108	83	0.999404
0	108	78	0.999404
0	108	62	0.999404
0	108	87	0.999404
1	108	45	0.999403
1	108	39	0.999403
1	108	38	0.999402
0	108	104	0.999402
0	108	97	0.999402
0	108	92	0.999402
0	108	107	0.999402
0	108	81	0.999402
1	108	28	0.999402
0	108	79	0.999402
1	108	52	0.999402
1	108	42	0.999402
1	108	52	0.999401
0	108	92	0.999401
0	108	91	0.9994
0	108	68	0.9994
0	108	72	0.9994
0	108	87	0.9994
0	108	93	0.9994
0	108	90	0.9994
0	108	71	0.9994
0	108	94	0.9994
0	108	103	0.999399
0	108	75	0.999399
1	108	34	0.999399
1	108	27	0.999399
1	108	35	0.999398
0	108	101	0.999398
0	108	78	0.999398
1	108	33	0.999397
1	108	52	0.999397
0	108	84	0.999397
1	108	31	0.999397
1	108	43	0.999397
0	108	100	0.999397
1	108	48	0.999397
0	108	85	0.999397
0	108	73	0.999397
1	108	28	0.999397
1	108	48	0.999397
0	108	60	0.999397
0	108	90	0.999397
0	108	62	0.999396
0	108	85	0.999396
0	108	90	0.999396
0	108	66	0.999396
0	108	78	0.999395
1	108	34	0.999395
0	108	104	0.999395
0	108	77	0.999395
0	108	107	0.999395
1	108	31	0.999395
0	108	78	0.999395
1	108	29	0.999395
1	108	38	0.999395
0	108	87	0.999395
1	108	47	0.999395
0	108	63	0.999395
1	108	48	0.999395
0	108	67	0.999395
1	108	46	0.999395
1	108	43	0.999395
0	108	98	0.999395
1	108	27	0.999394
0	108	88	0.999394
0	108	97	0.999394
0	108	70	0.999394
0	108	99	0.999394
1	108	32	0.999393
1	108	31	0.999393
0	108	83	0.999393
0	108	75	0.999393
1	108	44	0.999393
1	108	40	0.999393
0	108	100	0.999393
0	108	104	0.999392
0	108	98	0.999392
0	108	105	0.999392
0	108	66	0.999392
1	108	47	0.999392
1	108	31	0.999392
1	108	50	0.999391
1	108	47	0.999391
0	108	88	0.99939
1	108	47	0.99939
1	108	38	0.99939
1	108	47	0.99939
0	108	88	0.99939
0	108	88	0.99939
0	108	79	0.99939
0	108	94	0.99939
1	108	51	0.99939
0	108	83	0.99939
0	108	82	0.999389
0	108	103	0.999389
0	108	75	0.999389
1	108	44	0.999388
1	108	40	0.999388
1	108	53	0.999388
0	108	103	0.999388
1	108	46	0.999388
0	108	95	0.999388
1	108	51	0.999388
1	108	42	0.999388
1	108	32	0.999388
0	108	93	0.999388
0	108	71	0.999388
0	108	92	0.999388
0	108	68	0.999388
0	108	68	0.999388
1	108	43	0.999387
0	108	59	0.999387
0	108	60	0.999387
0	108	87	0.999386
1	108	53	0.999386
1	108	45	0.999386
0	108	77	0.999386
1	108	50	0.999386
0	108	103	0.999386
0	108	81	0.999386
0	108	61	0.999386
0	108	79	0.999386
0	108	84	0.999385
0	108	73	0.999385
0	108	104	0.999385
0	108	63	0.999385
1	108	27	0.999385
1	108	34	0.999385
0	108	103	0.999384
0	108	83	0.999384
1	108	40	0.999384
0	108	98	0.999383
0	108	80	0.999383
0	108	68	0.999383
1	108	56	0.999383
1	108	48	0.999383
0	108	102	0.999383
1	108	54	0.999383
0	108	83	0.999383
0	108	103	0.999383
0	108	96	0.999382
1	108	50	0.999381
0	108	104	0.999381
1	108	39	0.999381
0	108	62	0.999381
0	108	103	0.999381
0	108	90	0.999381
0	108	107	0.999381
0	108	73	0.999381
0	108	90	0.999381
1	108	49	0.999381
1	108	34	0.999381
1	108	31	0.999381
0	108	62	0.99938
0	108	64	0.99938
1	108	35	0.999379
0	108	77	0.999379
0	108	77	0.999379
1	108	39	0.999379
0	108	68	0.999379
1	108	56	0.999379
1	108	47	0.999379
0	108	81	0.999379
1	108	43	0.999379
1	108	32	0.999379
0	108	99	0.999378
0	108	71	0.999377
1	108	43	0.999377
1	108	44	0.999377
1	108	57	0.999377
0	108	69	0.999377
0	108	69	0.999377
1	108	51	0.999377
0	108	87	0.999377
1	108	32	0.999376
0	108	89	0.999376
0	108	65	0.999376
0	108	61	0.999376
0	108	75	0.999376
1	108	52	0.999376
1	108	27	0.999376
0	108	78	0.999376
1	108	51	0.999375
0	108	103	0.999375
0	108	81	0.999374
0	108	75	0.999374
0	108	95	0.999374
0	108	93	0.999374
1	108	27	0.999374
1	108	53	0.999374
0	108	90	0.999374
1	108	36	0.999374
1	108	34	0.999374
0	108	99	0.999374
1	108	34	0.999374
1	108	40	0.999373
0	108	106	0.999373
0	108	87	0.999372
0	108	70	0.999372
0	108	76	0.999372
0	108	60	0.999372
1	108	27	0.999371
1	108	30	0.999371
1	108	44	0.999371
1	108	41	0.99937
0	108	71	0.99937
1	108	38	0.99937
0	108	106	0.999369
0	108	83	0.999369
0	108	83	0.999369
0	108	60	0.999369
1	108	49	0.999369
0	108	58	0.999369
0	108	85	0.999369
0	108	79	0.999369
1	108	27	0.999369
1	108	51	0.999368
0	108	91	0.999368
1	108	32	0.999368
0	108	88	0.999368
1	108	52	0.999368
0	108	69	0.999368
0	108	83	0.999367
0	108	85	0.999367
0	108	88	0.999367
0	108	85	0.999367
1	108	48	0.999367
0	108	64	0.999367
0	108	81	0.999367
1	108	41	0.999366
0	108	99	0.999366
0	108	89	0.999366
0	108	90	0.999366
0	108	100	0.999366
1	108	28	0.999366
1	108	42	0.999365
0	108	84	0.999365
0	108	92	0.999365
0	108	75	0.999365
1	108	27	0.999365
0	108	81	0.999365
0	108	97	0.999365
0	108	88	0.999364
1	108	50	0.999364
1	108	36	0.999364
0	108	62	0.999363
1	108	54	0.999363
1	108	53	0.999363
0	108	102	0.999363
0	108	61	0.999363
0	108	103	0.999363
1	108	47	0.999363
0	108	76	0.999363
1	108	52	0.999363
0	108	104	0.999363
0	108	96	0.999362
1	108	33	0.999362
1	108	30	0.999362
0	108	105	0.999362
1	108	32	0.999361
1	108	44	0.99936
1	108	33	0.99936
0	108	93	0.99936
0	108	87	0.99936
0	108	101	0.99936
1	108	56	0.999359
0	108	64	0.999359
0	108	88	0.999358
0	108	103	0.999358
0	108	58	0.999358
0	108	92	0.999358
1	108	45	0.999358
1	108	53	0.999358
0	108	75	0.999357
0	108	66	0.999357
0	108	78	0.999357
0	108	62	0.999357
0	108	79	0.999357
1	108	51	0.999356
1	108	27	0.999356
1	108	42	0.999356
1	108	30	0.999356
1	108	37	0.999355
1	108	41	0.999355
1	108	33	0.999355
0	108	67	0.999355
0	108	89	0.999355
0	108	100	0.999355
1	108	55	0.999355
0	108	60	0.999355
1	108	39	0.999354
1	108	27	0.999353
1	108	32	0.999353
0	108	107	0.999353
0	108	61	0.999353
0	108	86	0.999353
0	108	98	0.999352
0	108	68	0.999352
0	108	77	0.999352
0	108	81	0.999351
1	108	49	0.999351
0	108	95	0.999351
1	108	34	0.999351
0	108	71	0.999351
0	108	77	0.999351
0	108	79	0.999351
1	108	34	0.999351
0	108	88	0.999351
0	108	66	0.999351
0	108	99	0.999351
0	108	97	0.999351
0	108	60	0.99935
1	108	45	0.99935
1	108	51	0.99935
0	108	72	0.999349
0	108	99	0.999349
1	108	43	0.999349
0	108	58	0.999349
0	108	74	0.999348
0	108	81	0.999348
0	108	82	0.999348
0	108	75	0.999348
1	108	47	0.999347
0	108	75	0.999347
0	108	83	0.999347
1	108	47	0.999346
1	108	50	0.999346
0	108	64	0.999346
1	108	33	0.999346
1	108	50	0.999346
1	108	37	0.999346
1	108	32	0.999346
1	108	52	0.999345
0	108	92	0.999345
0	108	71	0.999344
1	108	41	0.999344
1	108	49	0.999344
0	108	73	0.999344
0	108	85	0.999344
1	108	30	0.999344
0	108	72	0.999344
0	108	74	0.999344
0	108	94	0.999344
0	108	68	0.999344
1	108	28	0.999344
0	108	72	0.999344
1	108	51	0.999344
0	108	85	0.999343
0	108	96	0.999343
1	108	34	0.999342
0	108	78	0.999342
0	108	86	0.999342
1	108	47	0.999342
1	108	29	0.999342
1	108	55	0.999341
1	108	28	0.999341
0	108	89	0.999341
1	108	31	0.999341
0	108	106	0.999341
0	108	65	0.999341
0	108	91	0.999341
0	108	107	0.999341
1	108	38	0.999341
0	108	98	0.999341
0	108	95	0.999341
0	108	88	0.999341
0	108	81	0.99934
0	108	60	0.99934
0	108	76	0.99934
0	108	105	0.999339
1	108	53	0.999339
0	108	64	0.999339
1	108	53	0.999339
0	108	105	0.999339
0	108	89	0.999339
0	108	87	0.999339
0	108	106	0.999339
0	108	77	0.999339
1	108	35	0.999339
0	108	107	0.999339
1	108	35	0.999338
1	108	56	0.999338
1	108	43	0.999338
1	108	46	0.999337
0	108	71	0.999337
1	108	54	0.999337
0	108	77	0.999337
0	108	73	0.999337
1	108	29	0.999337
0	108	63	0.999337
1	108	38	0.999337
0	108	78	0.999337
0	108	86	0.999337
0	108	102	0.999336
1	108	46	0.999336
1	108	40	0.999336
0	108	95	0.999336
0	108	97	0.999336
1	108	54	0.999336
1	108	36	0.999335
0	108	83	0.999335
0	108	100	0.999334
0	108	90	0.999334
0	108	100	0.999334
1	108	43	0.999334
1	108	29	0.999334
0	108	70	0.999334
1	108	32	0.999334
1	108	40	0.999334
0	108	83	0.999334
0	108	69	0.999334
0	108	98	0.999334
0	108	91	0.999334
0	108	61	0.999334
0	108	59	0.999333
1	108	36	0.999333
0	108	77	0.999333
0	108	64	0.999333
0	108	64	0.999333
0	108	68	0.999333
1	108	43	0.999332
1	108	33	0.999332
1	108	41	0.999332
1	108	38	0.999332
0	108	95	0.999332
0	108	105	0.999331
1	108	49	0.999331
1	108	29	0.999331
0	108	97	0.99933
1	108	53	0.99933
0	108	76	0.99933
1	108	47	0.99933
1	108	54	0.99933
0	108	72	0.99933
0	108	94	0.99933
0	108	94	0.999329
0	108	83	0.999329
0	108	78	0.999329
0	108	63	0.999328
1	108	28	0.999328
0	108	88	0.999328
1	108	55	0.999328
1	108	55	0.999328
1	108	37	0.999327
1	108	46	0.999327
0	108	79	0.999327
0	108	91	0.999327
0	108	77	0.999327
0	108	72	0.999326
1	108	27	0.999326
0	108	68	0.999326
1	108	32	0.999326
0	108	82	0.999325
1	108	49	0.999325
1	108	37	0.999325
0	108	71	0.999325
0	108	72	0.999325
1	108	48	0.999325
1	108	54	0.999325
0	108	90	0.999325
0	108	85	0.999324
0	108	67	0.999324
0	108	94	0.999324
0	108	77	0.999324
0	108	105	0.999323
1	108	32	0.999323
0	108	93	0.999323
1	108	37	0.999323
0	108	81	0.999323
0	108	94	0.999322
1	108	38	0.999322
0	108	100	0.999321
1	108	29	0.999321
0	108	88	0.999321
0	108	83	0.99932
0	108	68	0.99932
0	108	107	0.99932
0	108	88	0.99932
1	108	33	0.99932
0	108	68	0.99932
1	108	43	0.99932
0	108	80	0.999319
0	108	96	0.999319
0	108	96	0.999319
1	108	41	0.999319
0	108	104	0.999319
1	108	36	0.999318
1	108	47	0.999318
0	108	74	0.999318
0	108	80	0.999318
0	108	66	0.999318
0	108	93	0.999318
0	108	82	0.999318
0	108	90	0.999318
1	108	38	0.999318
1	108	50	0.999318
1	108	42	0.999318
1	108	51	0.999317
0	108	65	0.999317
1	108	53	0.999317
1	108	55	0.999317
0	108	96	0.999317
0	108	79	0.999316
1	108	35	0.999316
0	108	88	0.999316
0	108	74	0.999316
0	108	92	0.999316
0	108	99	0.999316
0	108	90	0.999316
0	108	76	0.999316
0	108	85	0.999315
0	108	73	0.999315
0	108	70	0.999315
0	108	89	0.999314
0	108	83	0.999314
1	108	28	0.999314
0	108	91	0.999314
0	108	100	0.999313
0	108	106	0.999313
0	108	62	0.999313
0	108	94	0.999313
0	108	101	0.999313
1	108	29	0.999313
1	108	55	0.999313
0	108	63	0.999313
0	108	62	0.999312
1	108	44	0.999312
0	108	68	0.999312
0	108	95	0.999312
0	108	83	0.999312
0	108	95	0.999311
0	108	86	0.999311
0	108	69	0.999311
0	108	82	0.999311
1	108	39	0.999311
0	108	87	0.999311
1	108	40	0.99931
1	108	50	0.99931
0	108	102	0.999309
1	108	50	0.999309
0	108	94	0.999309
0	108	90	0.999309
1	108	45	0.999309
0	108	83	0.999309
0	108	87	0.999309
0	108	96	0.999308
0	108	81	0.999308
1	108	46	0.999308
0	108	91	0.999308
0	108	79	0.999308
0	108	93	0.999308
0	108	76	0.999307
0	108	79	0.999307
0	108	95	0.999307
0	108	70	0.999307
1	108	55	0.999307
0	108	94	0.999307
1	108	57	0.999306
1	108	42	0.999306
0	108	99	0.999306
0	108	92	0.999306
1	108	49	0.999306
1	108	45	0.999306
0	108	62	0.999306
1	108	42	0.999306
1	108	54	0.999306
0	108	58	0.999306
1	108	48	0.999305
1	108	39	0.999305
0	108	106	0.999305
0	108	92	0.999305
0	108	82	0.999304
0	108	76	0.999304
0	108	99	0.999304
1	108	44	0.999304
0	108	76	0.999304
0	108	88	0.999304
0	108	91	0.999303
1	108	42	0.999303
0	108	91	0.999303
0	108	58	0.999303
0	108	94	0.999303
0	108	104	0.999302
0	108	96	0.999302
0	108	70	0.999302
0	108	73	0.999302
0	108	66	0.999302
0	108	84	0.999302
1	108	33	0.999302
1	108	48	0.999302
0	108	88	0.999302
0	108	103	0.999302
0	108	81	0.999301
1	108	35	0.9993
0	108	93	0.9993
