141059
8.26396
5000
1	134	125	0.999999
1	134	72	0.999999
1	134	97	0.999999
1	134	88	0.999998
1	134	17	0.999998
1	134	65	0.999998
1	134	63	0.999998
1	134	63	0.999998
1	134	117	0.999998
1	134	101	0.999998
1	134	95	0.999998
1	134	99	0.999997
1	134	39	0.999996
1	134	41	0.999996
1	134	76	0.999996
1	134	85	0.999996
1	134	82	0.999995
1	134	122	0.999995
1	134	87	0.999995
1	134	92	0.999995
1	134	89	0.999995
1	134	20	0.999995
1	134	51	0.999995
1	134	22	0.999994
1	134	35	0.999994
1	134	53	0.999994
1	134	96	0.999994
1	134	123	0.999994
1	134	76	0.999994
1	134	89	0.999994
1	134	95	0.999993
1	134	104	0.999993
1	134	69	0.999993
0	134	133	0.999993
1	134	27	0.999993
1	134	83	0.999992
1	134	82	0.999992
1	134	100	0.999992
1	134	80	0.999992
1	134	95	0.999992
1	134	59	0.999992
1	134	101	0.999991
1	134	61	0.999991
1	134	55	0.999991
1	134	41	0.999991
1	134	104	0.999991
1	134	72	0.99999
1	134	80	0.99999
1	134	40	0.99999
1	134	103	0.99999
1	134	125	0.99999
1	134	45	0.999989
1	134	80	0.999989
1	134	41	0.999989
1	134	51	0.999988
1	134	28	0.999988
1	134	36	0.999988
1	134	32	0.999988
0	134	131	0.999988
1	134	111	0.999988
1	134	101	0.999988
1	134	49	0.999988
1	134	120	0.999988
1	134	119	0.999987
1	134	77	0.999987
1	134	114	0.999987
1	134	26	0.999986
1	134	112	0.999986
1	134	53	0.999986
1	134	86	0.999986
1	134	61	0.999986
1	134	35	0.999985
1	134	130	0.999985
1	134	31	0.999985
1	134	54	0.999985
1	134	91	0.999985
1	134	113	0.999985
1	134	51	0.999985
1	134	114	0.999984
1	134	51	0.999984
1	134	107	0.999984
1	134	124	0.999984
1	134	108	0.999984
1	134	68	0.999983
0	134	133	0.999983
1	134	81	0.999983
1	134	26	0.999983
1	134	25	0.999983
1	134	93	0.999983
1	134	48	0.999983
1	134	128	0.999983
1	134	110	0.999983
1	134	91	0.999982
1	134	53	0.999982
1	134	36	0.999982
1	134	123	0.999982
1	134	69	0.999982
1	134	19	0.999982
1	134	126	0.999982
1	134	36	0.999982
1	134	83	0.999982
1	134	109	0.999982
1	134	71	0.999982
1	134	115	0.999982
1	134	107	0.999981
1	134	74	0.999981
1	134	101	0.99998
1	134	116	0.99998
0	134	131	0.99998
1	134	109	0.99998
1	134	33	0.999979
1	134	98	0.999979
1	134	45	0.999979
1	134	81	0.999979
1	134	89	0.999979
1	134	78	0.999979
1	134	64	0.999978
1	134	45	0.999978
1	134	84	0.999978
1	134	82	0.999978
1	134	90	0.999978
1	134	38	0.999978
1	134	81	0.999978
1	134	78	0.999978
1	134	65	0.999978
1	134	32	0.999978
1	134	41	0.999977
1	134	76	0.999977
1	134	37	0.999977
1	134	124	0.999977
1	134	115	0.999975
1	134	93	0.999975
0	134	131	0.999975
1	134	112	0.999975
1	134	26	0.999974
1	134	44	0.999974
1	134	29	0.999974
1	134	86	0.999974
1	134	52	0.999974
1	134	119	0.999973
1	134	72	0.999973
1	134	50	0.999973
1	134	25	0.999973
1	134	44	0.999973
1	134	114	0.999973
1	134	77	0.999973
1	134	116	0.999972
1	134	79	0.999972
1	134	22	0.999972
1	134	115	0.999972
1	134	110	0.999972
1	134	106	0.999972
1	134	63	0.999972
1	134	68	0.999971
1	134	80	0.999971
1	134	83	0.999971
1	134	102	0.99997
1	134	113	0.99997
1	134	120	0.99997
1	134	116	0.99997
1	134	101	0.99997
1	134	23	0.99997
1	134	72	0.99997
1	134	113	0.999969
1	134	123	0.999969
1	134	100	0.999969
1	134	61	0.999969
1	134	57	0.999968
1	134	114	0.999968
1	134	86	0.999968
1	134	60	0.999968
1	134	78	0.999968
1	134	93	0.999968
1	134	73	0.999967
1	134	73	0.999967
1	134	117	0.999967
1	134	24	0.999966
1	134	57	0.999966
1	134	17	0.999966
1	134	22	0.999966
1	134	39	0.999966
1	134	113	0.999965
1	134	55	0.999965
1	134	61	0.999965
1	134	66	0.999964
1	134	60	0.999964
1	134	79	0.999964
1	134	40	0.999964
1	134	20	0.999964
1	134	62	0.999964
1	134	118	0.999964
0	134	126	0.999964
1	134	35	0.999963
1	134	81	0.999963
1	134	45	0.999963
0	134	128	0.999963
1	134	28	0.999963
1	134	22	0.999963
1	134	97	0.999963
1	134	19	0.999963
1	134	42	0.999963
0	134	126	0.999963
0	134	130	0.999962
0	134	130	0.999962
1	134	94	0.999962
1	134	77	0.999961
1	134	68	0.999961
1	134	31	0.999961
1	134	63	0.999961
1	134	113	0.99996
1	134	30	0.99996
1	134	115	0.99996
1	134	65	0.99996
1	134	21	0.99996
1	134	110	0.99996
1	134	98	0.99996
1	134	66	0.999959
1	134	73	0.999959
1	134	20	0.999959
1	134	115	0.999958
1	134	34	0.999958
1	134	87	0.999958
1	134	42	0.999958
1	134	77	0.999958
1	134	75	0.999958
1	134	29	0.999958
1	134	97	0.999957
1	134	85	0.999957
1	134	121	0.999957
1	134	73	0.999956
1	134	28	0.999956
1	134	93	0.999956
1	134	76	0.999956
1	134	44	0.999956
1	134	95	0.999956
1	134	102	0.999956
0	134	124	0.999956
1	134	40	0.999956
1	134	101	0.999956
1	134	79	0.999956
1	134	28	0.999955
1	134	57	0.999955
1	134	106	0.999955
1	134	55	0.999955
1	134	55	0.999955
1	134	99	0.999955
1	134	101	0.999954
1	134	87	0.999954
1	134	22	0.999954
1	134	41	0.999954
0	134	131	0.999953
1	134	20	0.999953
1	134	121	0.999953
1	134	92	0.999953
1	134	25	0.999953
1	134	104	0.999953
1	134	65	0.999953
1	134	73	0.999953
1	134	116	0.999953
1	134	76	0.999953
1	134	54	0.999953
1	134	111	0.999953
1	134	107	0.999953
1	134	48	0.999952
1	134	77	0.999952
1	134	28	0.999952
1	134	91	0.999952
0	134	130	0.999952
1	134	58	0.999951
1	134	72	0.999951
1	134	49	0.999951
1	134	54	0.999951
0	134	130	0.999951
0	134	130	0.999951
0	134	123	0.99995
1	134	69	0.99995
1	134	62	0.99995
1	134	113	0.99995
1	134	46	0.99995
1	134	28	0.99995
1	134	70	0.99995
1	134	117	0.999949
1	134	43	0.999949
1	134	79	0.999949
1	134	77	0.999949
1	134	54	0.999949
1	134	77	0.999949
1	134	68	0.999948
0	134	132	0.999948
1	134	23	0.999948
1	134	27	0.999948
1	134	53	0.999948
1	134	58	0.999948
1	134	95	0.999948
1	134	55	0.999948
1	134	59	0.999947
1	134	38	0.999947
1	134	88	0.999947
1	134	77	0.999947
1	134	97	0.999947
1	134	71	0.999947
1	134	120	0.999946
1	134	39	0.999946
0	134	122	0.999946
1	134	91	0.999946
1	134	101	0.999945
1	134	82	0.999945
1	134	21	0.999945
1	134	87	0.999945
1	134	96	0.999945
1	134	79	0.999945
1	134	26	0.999944
0	134	129	0.999944
0	134	123	0.999944
1	134	62	0.999944
1	134	54	0.999944
1	134	114	0.999943
1	134	113	0.999943
1	134	91	0.999943
1	134	18	0.999943
1	134	107	0.999943
0	134	126	0.999943
1	134	28	0.999943
1	134	30	0.999943
1	134	30	0.999943
1	134	83	0.999943
1	134	101	0.999942
1	134	71	0.999942
1	134	38	0.999941
1	134	93	0.999941
1	134	79	0.999941
1	134	75	0.999941
1	134	82	0.99994
0	134	129	0.99994
1	134	28	0.99994
1	134	98	0.999939
1	134	26	0.999939
0	134	127	0.999939
0	134	121	0.999939
1	134	100	0.999938
0	134	121	0.999938
1	134	28	0.999938
1	134	33	0.999938
0	134	133	0.999938
0	134	121	0.999938
1	134	44	0.999938
1	134	73	0.999938
1	134	79	0.999938
1	134	64	0.999938
1	134	65	0.999938
1	134	110	0.999937
1	134	17	0.999937
1	134	62	0.999937
1	134	95	0.999936
0	134	130	0.999936
1	134	99	0.999936
1	134	109	0.999936
1	134	45	0.999935
0	134	126	0.999935
1	134	57	0.999935
0	134	128	0.999935
1	134	66	0.999934
1	134	74	0.999934
1	134	108	0.999934
1	134	61	0.999934
1	134	71	0.999934
1	134	27	0.999934
1	134	86	0.999934
1	134	46	0.999933
1	134	53	0.999933
1	134	77	0.999933
1	134	18	0.999933
0	134	128	0.999933
0	134	125	0.999933
1	134	47	0.999933
1	134	117	0.999933
1	134	80	0.999933
1	134	69	0.999932
1	134	67	0.999932
0	134	132	0.999932
1	134	41	0.999931
1	134	61	0.999931
1	134	39	0.999931
1	134	42	0.999931
0	134	133	0.99993
1	134	46	0.99993
0	134	133	0.99993
1	134	72	0.99993
1	134	62	0.999929
0	134	120	0.999929
1	134	98	0.999929
1	134	46	0.999929
1	134	66	0.999929
1	134	109	0.999929
1	134	39	0.999928
1	134	22	0.999928
1	134	40	0.999928
1	134	84	0.999928
1	134	49	0.999928
1	134	26	0.999928
1	134	32	0.999928
1	134	92	0.999928
1	134	43	0.999928
1	134	62	0.999928
1	134	62	0.999928
1	134	26	0.999927
1	134	27	0.999927
1	134	63	0.999927
1	134	110	0.999927
1	134	29	0.999927
1	134	59	0.999926
0	134	130	0.999926
1	134	103	0.999926
1	134	96	0.999925
1	134	20	0.999925
1	134	33	0.999925
1	134	103	0.999924
1	134	67	0.999924
0	134	120	0.999924
1	134	69	0.999924
1	134	76	0.999924
1	134	70	0.999924
1	134	87	0.999924
0	134	127	0.999924
1	134	67	0.999923
1	134	63	0.999923
1	134	74	0.999923
1	134	76	0.999923
1	134	66	0.999923
1	134	80	0.999923
1	134	41	0.999923
1	134	19	0.999923
0	134	131	0.999922
1	134	26	0.999922
1	134	96	0.999921
1	134	52	0.999921
1	134	98	0.999921
0	134	116	0.999921
1	134	80	0.99992
1	134	97	0.99992
1	134	105	0.99992
1	134	33	0.99992
1	134	48	0.999919
1	134	93	0.999919
0	134	120	0.999919
1	134	94	0.999919
0	134	128	0.999919
1	134	91	0.999919
1	134	57	0.999919
0	134	125	0.999919
1	134	64	0.999919
1	134	109	0.999919
0	134	132	0.999919
0	134	122	0.999919
1	134	65	0.999919
1	134	74	0.999918
1	134	46	0.999918
1	134	81	0.999918
0	134	127	0.999918
1	134	74	0.999918
1	134	40	0.999918
0	134	119	0.999917
1	134	58	0.999917
0	134	131	0.999917
1	134	34	0.999917
1	134	20	0.999917
1	134	64	0.999917
1	134	28	0.999916
1	134	93	0.999916
1	134	65	0.999916
1	134	56	0.999915
1	134	87	0.999915
0	134	122	0.999915
1	134	38	0.999915
1	134	87	0.999915
1	134	27	0.999914
1	134	95	0.999914
1	134	83	0.999914
1	134	29	0.999914
1	134	106	0.999914
1	134	95	0.999914
1	134	58	0.999914
1	134	112	0.999914
0	134	131	0.999914
0	134	128	0.999914
0	134	129	0.999914
1	134	33	0.999913
1	134	23	0.999913
1	134	109	0.999913
1	134	67	0.999913
1	134	35	0.999912
1	134	63	0.999912
1	134	68	0.999911
1	134	82	0.999911
1	134	110	0.999911
1	134	105	0.999911
1	134	22	0.999911
1	134	69	0.999911
0	134	131	0.99991
1	134	105	0.99991
1	134	29	0.999909
1	134	96	0.999909
1	134	29	0.999909
1	134	20	0.999909
1	134	66	0.999909
0	134	132	0.999909
0	134	119	0.999909
0	134	128	0.999909
1	134	17	0.999909
1	134	110	0.999908
1	134	53	0.999908
1	134	102	0.999908
1	134	101	0.999908
1	134	29	0.999908
1	134	54	0.999908
1	134	39	0.999907
0	134	128	0.999907
1	134	38	0.999907
1	134	57	0.999907
1	134	31	0.999907
1	134	49	0.999906
1	134	38	0.999906
0	134	120	0.999906
1	134	78	0.999906
1	134	72	0.999906
1	134	103	0.999906
1	134	30	0.999906
0	134	119	0.999906
1	134	55	0.999906
1	134	76	0.999905
1	134	109	0.999905
1	134	49	0.999905
1	134	110	0.999905
0	134	121	0.999905
1	134	47	0.999905
1	134	97	0.999904
1	134	78	0.999904
1	134	105	0.999904
0	134	132	0.999904
1	134	109	0.999904
1	134	23	0.999904
0	134	121	0.999904
1	134	37	0.999904
1	134	34	0.999904
1	134	64	0.999904
1	134	83	0.999903
1	134	85	0.999903
1	134	47	0.999903
1	134	100	0.999903
1	134	42	0.999902
1	134	67	0.999902
1	134	52	0.999902
1	134	82	0.999901
1	134	78	0.999901
1	134	48	0.9999
1	134	108	0.9999
1	134	19	0.9999
1	134	61	0.9999
0	134	120	0.9999
1	134	89	0.9999
1	134	27	0.9999
1	134	110	0.9999
1	134	27	0.999899
1	134	69	0.999899
1	134	57	0.999899
1	134	83	0.999899
1	134	76	0.999899
1	134	63	0.999899
0	134	124	0.999899
1	134	60	0.999899
0	134	120	0.999899
1	134	54	0.999899
1	134	61	0.999899
1	134	110	0.999899
1	134	92	0.999899
1	134	70	0.999898
1	134	95	0.999898
1	134	67	0.999898
0	134	116	0.999898
0	134	131	0.999897
1	134	27	0.999897
1	134	82	0.999897
0	134	127	0.999897
1	134	97	0.999897
1	134	27	0.999896
0	134	126	0.999896
1	134	56	0.999896
1	134	108	0.999895
0	134	124	0.999895
1	134	49	0.999895
1	134	65	0.999895
1	134	83	0.999895
1	134	48	0.999895
1	134	21	0.999894
1	134	76	0.999894
1	134	35	0.999894
1	134	55	0.999894
1	134	74	0.999894
1	134	46	0.999894
1	134	59	0.999894
1	134	57	0.999894
1	134	55	0.999893
1	134	66	0.999893
1	134	106	0.999893
1	134	19	0.999893
1	134	19	0.999892
1	134	48	0.999892
1	134	35	0.999892
1	134	61	0.999891
1	134	35	0.999891
1	134	31	0.999891
1	134	37	0.999891
1	134	60	0.999891
1	134	84	0.999891
1	134	30	0.999891
1	134	89	0.99989
1	134	83	0.99989
1	134	88	0.99989
0	134	131	0.99989
1	134	67	0.999889
0	134	129	0.999889
1	134	45	0.999889
1	134	83	0.999889
0	134	120	0.999889
0	134	129	0.999889
1	134	76	0.999889
0	134	132	0.999889
1	134	42	0.999889
1	134	38	0.999889
1	134	21	0.999889
1	134	50	0.999889
1	134	79	0.999889
1	134	94	0.999888
0	134	122	0.999888
0	134	122	0.999888
0	134	118	0.999888
1	134	35	0.999887
1	134	78	0.999887
1	134	100	0.999886
1	134	24	0.999886
1	134	96	0.999886
1	134	93	0.999885
0	134	108	0.999885
1	134	60	0.999885
1	134	39	0.999885
1	134	52	0.999884
1	134	99	0.999884
0	134	127	0.999884
1	134	18	0.999884
1	134	73	0.999884
1	134	66	0.999884
1	134	99	0.999884
1	134	72	0.999884
0	134	112	0.999884
0	134	108	0.999884
1	134	45	0.999884
1	134	28	0.999884
1	134	33	0.999884
1	134	44	0.999883
0	134	127	0.999883
1	134	64	0.999883
1	134	90	0.999882
0	134	130	0.999882
0	134	116	0.999882
0	134	124	0.999882
1	134	18	0.999882
1	134	33	0.999881
1	134	72	0.999881
1	134	65	0.999881
1	134	98	0.999881
1	134	89	0.999881
1	134	57	0.99988
1	134	81	0.99988
1	134	56	0.99988
1	134	61	0.99988
1	134	94	0.99988
1	134	90	0.999879
1	134	103	0.999879
0	134	128	0.999879
1	134	50	0.999879
1	134	23	0.999879
1	134	102	0.999879
1	134	42	0.999879
1	134	32	0.999879
1	134	86	0.999879
1	134	73	0.999879
0	134	120	0.999879
0	134	108	0.999878
1	134	30	0.999878
1	134	20	0.999878
1	134	96	0.999878
1	134	73	0.999878
0	134	109	0.999878
1	134	42	0.999877
1	134	21	0.999877
0	134	119	0.999877
0	134	111	0.999877
1	134	58	0.999876
1	134	86	0.999876
0	134	112	0.999876
0	134	131	0.999876
1	134	92	0.999876
1	134	94	0.999876
1	134	59	0.999875
0	134	107	0.999875
0	134	111	0.999875
1	134	87	0.999875
0	134	112	0.999874
1	134	44	0.999874
1	134	87	0.999874
1	134	67	0.999874
1	134	99	0.999874
0	134	128	0.999874
1	134	67	0.999874
1	134	77	0.999874
1	134	74	0.999874
1	134	84	0.999873
0	134	121	0.999873
1	134	75	0.999873
1	134	47	0.999873
0	134	111	0.999873
1	134	46	0.999872
1	134	101	0.999872
1	134	68	0.999872
1	134	69	0.999871
1	134	52	0.999871
0	134	132	0.999871
1	134	83	0.999871
1	134	87	0.999871
0	134	121	0.99987
0	134	111	0.99987
1	134	68	0.99987
1	134	86	0.99987
1	134	70	0.999869
0	134	132	0.999869
0	134	115	0.999869
0	134	118	0.999869
1	134	19	0.999869
1	134	30	0.999869
1	134	104	0.999869
1	134	36	0.999869
1	134	67	0.999869
0	134	113	0.999868
1	134	47	0.999867
1	134	59	0.999867
1	134	18	0.999867
1	134	51	0.999866
1	134	31	0.999866
1	134	27	0.999866
0	134	122	0.999865
0	134	124	0.999865
0	134	107	0.999865
0	134	114	0.999864
1	134	77	0.999864
1	134	80	0.999864
0	134	121	0.999864
1	134	88	0.999864
0	134	133	0.999864
1	134	42	0.999864
0	134	106	0.999864
0	134	110	0.999863
1	134	89	0.999862
1	134	102	0.999862
1	134	30	0.999862
0	134	123	0.999862
1	134	64	0.999862
1	134	87	0.999862
1	134	87	0.999862
1	134	31	0.999862
0	134	129	0.999862
1	134	97	0.999861
1	134	49	0.999861
1	134	36	0.999861
1	134	52	0.999861
1	134	97	0.999861
1	134	102	0.99986
0	134	114	0.99986
1	134	32	0.99986
0	134	119	0.99986
1	134	69	0.999859
1	134	22	0.999859
1	134	47	0.999859
0	134	117	0.999859
1	134	32	0.999859
1	134	88	0.999859
0	134	133	0.999859
1	134	31	0.999859
1	134	53	0.999859
0	134	108	0.999859
1	134	33	0.999859
1	134	66	0.999859
0	134	118	0.999859
1	134	76	0.999859
1	134	63	0.999858
1	134	75	0.999858
0	134	117	0.999858
0	134	109	0.999858
1	134	32	0.999858
0	134	126	0.999858
1	134	47	0.999858
0	134	122	0.999857
0	134	116	0.999857
0	134	103	0.999857
1	134	32	0.999857
0	134	112	0.999857
1	134	76	0.999856
1	134	101	0.999856
1	134	45	0.999856
0	134	122	0.999856
0	134	116	0.999856
1	134	38	0.999855
0	134	107	0.999855
1	134	33	0.999855
1	134	40	0.999855
1	134	24	0.999855
1	134	94	0.999855
1	134	53	0.999855
1	134	24	0.999855
1	134	89	0.999855
1	134	49	0.999855
1	134	85	0.999855
1	134	75	0.999855
1	134	89	0.999854
1	134	88	0.999854
1	134	46	0.999854
1	134	30	0.999854
1	134	69	0.999854
1	134	84	0.999853
1	134	64	0.999853
1	134	25	0.999853
0	134	132	0.999853
0	134	109	0.999852
0	134	123	0.999852
1	134	86	0.999852
0	134	117	0.999852
0	134	119	0.999852
0	134	105	0.999852
1	134	19	0.999851
1	134	97	0.999851
0	134	113	0.999851
1	134	76	0.99985
1	134	27	0.99985
1	134	91	0.99985
0	134	117	0.999849
0	134	109	0.999849
1	134	66	0.999849
1	134	30	0.999849
0	134	127	0.999849
1	134	99	0.999849
0	134	124	0.999849
1	134	36	0.999848
1	134	40	0.999848
1	134	66	0.999848
0	134	125	0.999848
0	134	118	0.999847
1	134	55	0.999847
1	134	83	0.999847
1	134	86	0.999846
0	134	129	0.999846
0	134	103	0.999846
1	134	19	0.999846
1	134	73	0.999846
1	134	59	0.999845
1	134	65	0.999845
0	134	133	0.999845
1	134	64	0.999845
1	134	21	0.999845
0	134	133	0.999845
1	134	19	0.999845
1	134	25	0.999845
1	134	21	0.999844
0	134	118	0.999844
1	134	72	0.999844
1	134	40	0.999844
0	134	114	0.999844
1	134	86	0.999843
1	134	43	0.999843
1	134	63	0.999843
0	134	129	0.999843
1	134	44	0.999843
0	134	131	0.999843
1	134	68	0.999842
1	134	19	0.999842
1	134	92	0.999842
1	134	76	0.999842
0	134	105	0.999842
1	134	71	0.999842
1	134	62	0.99984
0	134	131	0.99984
0	134	105	0.99984
0	134	129	0.99984
1	134	62	0.99984
1	134	97	0.99984
0	134	106	0.99984
1	134	70	0.99984
0	134	109	0.99984
1	134	19	0.99984
1	134	84	0.99984
1	134	71	0.99984
0	134	107	0.999839
0	134	100	0.999839
1	134	75	0.999838
1	134	23	0.999838
0	134	127	0.999838
1	134	26	0.999838
1	134	18	0.999838
1	134	26	0.999838
0	134	111	0.999837
1	134	54	0.999837
1	134	29	0.999837
1	134	53	0.999837
1	134	20	0.999836
1	134	88	0.999836
0	134	120	0.999836
1	134	38	0.999836
1	134	42	0.999835
1	134	50	0.999835
1	134	44	0.999835
1	134	91	0.999835
1	134	34	0.999835
1	134	73	0.999835
1	134	86	0.999835
1	134	64	0.999835
1	134	59	0.999835
1	134	52	0.999834
1	134	61	0.999833
0	134	117	0.999832
1	134	63	0.999832
1	134	51	0.999832
1	134	71	0.999831
1	134	25	0.999831
1	134	56	0.999831
1	134	59	0.999831
1	134	18	0.999831
0	134	98	0.99983
1	134	32	0.99983
1	134	27	0.99983
1	134	36	0.99983
0	134	118	0.99983
1	134	82	0.99983
1	134	84	0.99983
0	134	99	0.99983
0	134	107	0.99983
1	134	23	0.999829
0	134	100	0.999829
0	134	111	0.999829
1	134	69	0.999829
1	134	50	0.999829
0	134	102	0.999829
1	134	85	0.999829
1	134	78	0.999828
0	134	115	0.999828
1	134	30	0.999828
1	134	85	0.999828
0	134	116	0.999828
1	134	40	0.999828
1	134	70	0.999827
1	134	55	0.999827
1	134	76	0.999827
1	134	17	0.999827
1	134	91	0.999826
1	134	43	0.999826
1	134	46	0.999826
0	134	100	0.999826
1	134	82	0.999826
0	134	101	0.999826
0	134	103	0.999826
0	134	108	0.999825
1	134	52	0.999825
1	134	40	0.999825
1	134	53	0.999825
1	134	70	0.999825
1	134	70	0.999825
0	134	111	0.999825
1	134	54	0.999825
1	134	61	0.999825
1	134	69	0.999825
1	134	25	0.999825
1	134	41	0.999825
1	134	30	0.999825
1	134	48	0.999824
0	134	99	0.999824
1	134	48	0.999824
0	134	98	0.999824
1	134	83	0.999824
1	134	71	0.999824
1	134	62	0.999823
0	134	99	0.999823
1	134	27	0.999823
1	134	24	0.999823
0	134	121	0.999823
1	134	95	0.999823
0	134	120	0.999822
1	134	87	0.999822
0	134	122	0.999822
1	134	62	0.999822
0	134	122	0.999822
1	134	39	0.999821
1	134	37	0.999821
0	134	128	0.999821
1	134	70	0.999821
1	134	40	0.999821
0	134	105	0.99982
1	134	87	0.99982
0	134	130	0.99982
1	134	59	0.99982
0	134	105	0.99982
0	134	116	0.99982
1	134	76	0.99982
0	134	99	0.99982
1	134	93	0.99982
0	134	98	0.99982
1	134	70	0.999819
0	134	114	0.999819
1	134	95	0.999819
1	134	66	0.999819
1	134	79	0.999818
1	134	68	0.999818
1	134	94	0.999818
1	134	76	0.999818
1	134	83	0.999818
1	134	34	0.999818
0	134	115	0.999817
0	134	121	0.999817
0	134	109	0.999817
1	134	59	0.999817
1	134	69	0.999817
1	134	60	0.999817
0	134	125	0.999816
1	134	62	0.999816
1	134	88	0.999816
1	134	65	0.999816
0	134	119	0.999816
1	134	65	0.999816
0	134	126	0.999815
0	134	131	0.999815
1	134	87	0.999815
1	134	68	0.999815
1	134	42	0.999815
1	134	84	0.999815
1	134	51	0.999815
1	134	66	0.999815
0	134	129	0.999815
0	134	126	0.999815
1	134	77	0.999815
1	134	35	0.999815
1	134	93	0.999815
1	134	78	0.999815
0	134	107	0.999814
1	134	19	0.999814
0	134	128	0.999814
1	134	66	0.999814
0	134	111	0.999814
1	134	75	0.999813
1	134	81	0.999813
1	134	79	0.999813
1	134	26	0.999813
0	134	98	0.999813
1	134	82	0.999813
1	134	79	0.999812
1	134	32	0.999812
1	134	32	0.999812
1	134	48	0.999812
0	134	106	0.999811
1	134	49	0.999811
0	134	130	0.99981
1	134	51	0.99981
1	134	36	0.99981
1	134	25	0.99981
0	134	128	0.99981
1	134	44	0.99981
0	134	113	0.99981
0	134	106	0.99981
0	134	98	0.99981
0	134	117	0.99981
0	134	104	0.99981
0	134	123	0.99981
0	134	104	0.99981
0	134	116	0.999809
1	134	21	0.999809
0	134	119	0.999809
1	134	49	0.999809
1	134	18	0.999809
0	134	116	0.999809
1	134	60	0.999809
1	134	57	0.999809
1	134	93	0.999809
0	134	128	0.999809
1	134	73	0.999808
1	134	88	0.999808
1	134	41	0.999808
1	134	69	0.999808
0	134	100	0.999807
1	134	39	0.999807
1	134	82	0.999807
0	134	120	0.999807
0	134	104	0.999807
0	134	130	0.999807
1	134	84	0.999807
0	134	102	0.999806
0	134	133	0.999806
0	134	103	0.999806
1	134	55	0.999806
1	134	92	0.999806
1	134	82	0.999805
1	134	86	0.999805
0	134	106	0.999805
0	134	95	0.999805
0	134	94	0.999805
0	134	114	0.999805
1	134	34	0.999805
0	134	96	0.999805
1	134	40	0.999805
1	134	47	0.999804
1	134	73	0.999804
1	134	54	0.999804
0	134	119	0.999804
1	134	47	0.999804
0	134	103	0.999804
1	134	76	0.999804
1	134	58	0.999804
0	134	111	0.999803
1	134	20	0.999803
0	134	97	0.999803
1	134	86	0.999803
1	134	74	0.999803
0	134	129	0.999803
0	134	128	0.999802
1	134	25	0.999802
1	134	37	0.999802
1	134	26	0.999801
0	134	133	0.999801
1	134	22	0.999801
0	134	126	0.9998
1	134	52	0.9998
1	134	68	0.9998
1	134	23	0.9998
0	134	112	0.9998
0	134	110	0.9998
1	134	60	0.9998
1	134	81	0.9998
1	134	82	0.999799
1	134	37	0.999799
0	134	100	0.999799
1	134	22	0.999798
1	134	57	0.999798
1	134	50	0.999798
1	134	42	0.999798
1	134	24	0.999798
1	134	68	0.999798
0	134	117	0.999798
1	134	56	0.999798
1	134	69	0.999798
1	134	83	0.999798
0	134	133	0.999797
0	134	97	0.999797
0	134	107	0.999797
1	134	71	0.999797
1	134	71	0.999797
1	134	64	0.999797
1	134	92	0.999797
0	134	120	0.999797
1	134	79	0.999796
1	134	20	0.999796
0	134	111	0.999796
1	134	37	0.999796
0	134	117	0.999796
0	134	109	0.999796
1	134	74	0.999795
1	134	49	0.999795
1	134	46	0.999795
0	134	131	0.999795
0	134	122	0.999795
1	134	75	0.999795
1	134	55	0.999795
1	134	21	0.999795
1	134	65	0.999794
1	134	76	0.999794
1	134	27	0.999794
1	134	37	0.999794
0	134	131	0.999794
1	134	57	0.999794
0	134	92	0.999794
0	134	103	0.999793
0	134	109	0.999793
1	134	80	0.999793
1	134	22	0.999793
0	134	118	0.999792
1	134	89	0.999792
1	134	68	0.999792
1	134	45	0.999792
0	134	113	0.999792
1	134	85	0.999792
1	134	53	0.999792
1	134	27	0.999791
1	134	69	0.999791
1	134	89	0.999791
0	134	113	0.999791
1	134	23	0.999791
1	134	27	0.999791
0	134	95	0.999791
1	134	36	0.999791
1	134	35	0.999791
0	134	116	0.99979
1	134	89	0.99979
1	134	59	0.99979
1	134	35	0.99979
0	134	108	0.99979
0	134	112	0.99979
1	134	75	0.99979
1	134	65	0.999789
1	134	54	0.999789
1	134	81	0.999789
0	134	109	0.999789
1	134	47	0.999789
0	134	103	0.999789
1	134	64	0.999788
1	134	36	0.999788
0	134	132	0.999788
1	134	90	0.999788
1	134	89	0.999787
1	134	68	0.999787
0	134	98	0.999787
1	134	77	0.999787
0	134	115	0.999787
1	134	35	0.999787
0	134	123	0.999786
1	134	23	0.999786
1	134	56	0.999786
1	134	74	0.999785
1	134	25	0.999785
1	134	52	0.999785
0	134	117	0.999785
1	134	41	0.999784
1	134	78	0.999784
0	134	130	0.999784
1	134	80	0.999784
1	134	20	0.999784
1	134	35	0.999784
1	134	33	0.999784
1	134	26	0.999783
1	134	65	0.999783
1	134	29	0.999783
1	134	70	0.999783
1	134	79	0.999783
0	134	96	0.999782
1	134	51	0.999782
0	134	113	0.999782
0	134	117	0.999782
1	134	69	0.999782
1	134	74	0.999781
0	134	120	0.999781
0	134	123	0.999781
1	134	26	0.999781
1	134	28	0.999781
1	134	56	0.999781
1	134	36	0.99978
1	134	43	0.99978
1	134	66	0.99978
0	134	133	0.99978
0	134	121	0.999779
0	134	102	0.999779
1	134	82	0.999778
0	134	120	0.999778
0	134	125	0.999778
0	134	96	0.999778
1	134	89	0.999778
0	134	97	0.999778
0	134	106	0.999777
0	134	117	0.999777
1	134	87	0.999776
1	134	30	0.999776
1	134	61	0.999776
0	134	115	0.999776
1	134	19	0.999776
0	134	129	0.999776
1	134	70	0.999776
1	134	75	0.999776
0	134	94	0.999776
1	134	74	0.999776
0	134	114	0.999776
0	134	120	0.999775
1	134	37	0.999775
1	134	87	0.999775
0	134	131	0.999775
1	134	53	0.999774
1	134	55	0.999774
0	134	132	0.999774
1	134	77	0.999774
1	134	87	0.999774
1	134	83	0.999773
0	134	116	0.999773
1	134	68	0.999773
1	134	48	0.999773
1	134	61	0.999773
0	134	116	0.999772
1	134	45	0.999772
0	134	98	0.999772
1	134	31	0.999772
0	134	102	0.999772
1	134	19	0.999772
0	134	98	0.999772
0	134	118	0.999772
0	134	104	0.999771
1	134	42	0.999771
1	134	86	0.999771
1	134	81	0.999771
0	134	118	0.999771
1	134	60	0.999771
0	134	104	0.999771
0	134	122	0.999771
0	134	89	0.999771
1	134	29	0.999771
1	134	17	0.999771
1	134	24	0.999771
1	134	64	0.99977
0	134	112	0.99977
1	134	23	0.99977
1	134	54	0.99977
1	134	27	0.99977
0	134	102	0.999769
1	134	29	0.999769
0	134	112	0.999769
1	134	77	0.999769
0	134	91	0.999768
0	134	124	0.999768
0	134	90	0.999768
1	134	81	0.999768
1	134	39	0.999767
1	134	56	0.999767
1	134	81	0.999767
1	134	40	0.999767
0	134	125	0.999766
1	134	30	0.999766
0	134	110	0.999766
0	134	116	0.999766
0	134	117	0.999766
1	134	77	0.999766
1	134	60	0.999766
1	134	65	0.999766
0	134	111	0.999766
1	134	87	0.999766
0	134	95	0.999765
1	134	41	0.999765
1	134	20	0.999765
1	134	18	0.999765
0	134	119	0.999765
1	134	80	0.999763
1	134	80	0.999763
1	134	57	0.999763
0	134	129	0.999763
1	134	59	0.999763
1	134	38	0.999763
0	134	99	0.999762
1	134	82	0.999762
1	134	33	0.999762
1	134	84	0.999762
1	134	68	0.999761
1	134	52	0.999761
1	134	47	0.999761
1	134	45	0.999761
1	134	23	0.999761
0	134	113	0.999761
1	134	44	0.999761
0	134	115	0.999761
1	134	35	0.999761
1	134	68	0.999761
1	134	70	0.99976
1	134	75	0.99976
1	134	19	0.99976
0	134	116	0.99976
1	134	55	0.99976
0	134	127	0.99976
0	134	99	0.99976
1	134	24	0.99976
0	134	123	0.99976
1	134	82	0.999759
0	134	111	0.999759
1	134	51	0.999759
1	134	84	0.999758
1	134	25	0.999758
0	134	131	0.999758
1	134	46	0.999758
1	134	76	0.999757
1	134	52	0.999757
1	134	48	0.999757
0	134	122	0.999756
0	134	91	0.999756
0	134	107	0.999756
0	134	117	0.999756
1	134	49	0.999756
1	134	37	0.999756
1	134	21	0.999756
0	134	132	0.999755
1	134	48	0.999755
0	134	110	0.999755
1	134	65	0.999755
1	134	48	0.999755
1	134	51	0.999755
0	134	103	0.999754
1	134	17	0.999754
1	134	30	0.999754
0	134	133	0.999754
0	134	113	0.999753
1	134	47	0.999753
0	134	127	0.999753
1	134	61	0.999753
0	134	110	0.999753
1	134	30	0.999753
0	134	102	0.999752
1	134	81	0.999752
0	134	97	0.999752
0	134	110	0.999752
1	134	46	0.999752
0	134	117	0.999752
0	134	118	0.999752
1	134	72	0.999752
1	134	76	0.999752
0	134	117	0.999752
0	134	104	0.999752
1	134	62	0.999752
1	134	29	0.999751
1	134	26	0.999751
1	134	78	0.999751
0	134	121	0.999751
1	134	43	0.999751
0	134	128	0.999751
1	134	72	0.999751
0	134	123	0.999751
1	134	19	0.999751
1	134	55	0.999751
0	134	120	0.999751
0	134	121	0.999751
1	134	70	0.99975
1	134	66	0.99975
1	134	76	0.99975
1	134	39	0.99975
1	134	20	0.99975
1	134	45	0.99975
1	134	62	0.999749
0	134	125	0.999749
0	134	92	0.999749
1	134	41	0.999749
0	134	111	0.999748
1	134	82	0.999748
1	134	23	0.999748
1	134	58	0.999748
0	134	89	0.999748
1	134	41	0.999747
0	134	86	0.999747
0	134	91	0.999747
1	134	23	0.999747
1	134	61	0.999747
1	134	40	0.999747
1	134	65	0.999747
0	134	115	0.999746
1	134	34	0.999746
0	134	126	0.999746
0	134	105	0.999746
0	134	89	0.999746
0	134	101	0.999746
1	134	75	0.999746
1	134	37	0.999746
1	134	50	0.999746
1	134	29	0.999746
1	134	64	0.999746
0	134	128	0.999746
1	134	51	0.999745
1	134	66	0.999745
0	134	95	0.999745
0	134	94	0.999745
0	134	101	0.999745
1	134	72	0.999745
1	134	32	0.999744
1	134	31	0.999744
0	134	117	0.999744
1	134	78	0.999744
0	134	120	0.999744
0	134	87	0.999743
0	134	123	0.999743
0	134	101	0.999743
0	134	121	0.999743
1	134	77	0.999743
1	134	31	0.999743
0	134	108	0.999743
1	134	62	0.999743
0	134	113	0.999743
0	134	94	0.999742
1	134	39	0.999742
0	134	96	0.999742
0	134	88	0.999742
1	134	64	0.999742
1	134	70	0.999742
0	134	95	0.999742
0	134	85	0.999742
0	134	89	0.999741
1	134	42	0.999741
0	134	102	0.999741
1	134	55	0.999741
1	134	30	0.999741
1	134	44	0.999741
1	134	78	0.999741
1	134	17	0.999741
0	134	128	0.999741
1	134	34	0.99974
1	134	56	0.99974
0	134	94	0.99974
1	134	82	0.99974
1	134	25	0.99974
0	134	105	0.99974
1	134	33	0.999739
1	134	74	0.999739
1	134	24	0.999738
1	134	59	0.999738
1	134	27	0.999738
0	134	94	0.999738
1	134	50	0.999738
1	134	36	0.999738
0	134	97	0.999737
0	134	116	0.999737
0	134	130	0.999737
0	134	129	0.999737
1	134	30	0.999737
1	134	59	0.999737
0	134	110	0.999737
0	134	85	0.999736
1	134	54	0.999736
0	134	99	0.999736
0	134	116	0.999736
1	134	74	0.999736
1	134	63	0.999736
0	134	98	0.999735
1	134	18	0.999735
0	134	132	0.999735
1	134	45	0.999735
1	134	71	0.999734
0	134	103	0.999734
0	134	103	0.999733
0	134	94	0.999733
1	134	73	0.999733
1	134	28	0.999733
0	134	122	0.999733
1	134	28	0.999732
1	134	69	0.999732
1	134	46	0.999731
0	134	109	0.999731
0	134	132	0.999731
1	134	67	0.999731
0	134	112	0.999731
0	134	131	0.999731
0	134	133	0.999731
0	134	112	0.999731
0	134	123	0.999731
0	134	118	0.999731
0	134	131	0.999731
1	134	61	0.999731
0	134	125	0.999731
0	134	119	0.999731
1	134	51	0.99973
0	134	99	0.99973
1	134	64	0.99973
1	134	37	0.99973
0	134	89	0.99973
0	134	128	0.999729
1	134	31	0.999729
0	134	84	0.999729
1	134	32	0.999729
0	134	111	0.999729
1	134	74	0.999729
1	134	66	0.999728
1	134	35	0.999728
1	134	47	0.999728
0	134	127	0.999727
1	134	65	0.999727
0	134	90	0.999727
0	134	121	0.999727
0	134	89	0.999727
1	134	67	0.999727
0	134	92	0.999727
1	134	26	0.999726
0	134	132	0.999726
1	134	68	0.999726
1	134	77	0.999726
1	134	30	0.999726
1	134	68	0.999726
0	134	90	0.999726
0	134	123	0.999726
0	134	94	0.999726
1	134	37	0.999726
0	134	118	0.999726
0	134	132	0.999726
1	134	52	0.999725
0	134	88	0.999725
0	134	110	0.999725
1	134	20	0.999725
1	134	31	0.999725
0	134	118	0.999725
1	134	19	0.999724
0	134	94	0.999724
1	134	61	0.999724
0	134	121	0.999724
0	134	91	0.999724
0	134	111	0.999723
1	134	80	0.999723
1	134	71	0.999723
1	134	63	0.999723
1	134	69	0.999723
0	134	113	0.999723
1	134	78	0.999723
1	134	42	0.999722
1	134	45	0.999722
1	134	36	0.999722
1	134	38	0.999722
1	134	63	0.999722
1	134	33	0.999722
1	134	69	0.999722
1	134	33	0.999722
0	134	98	0.999722
1	134	77	0.999722
0	134	100	0.999722
0	134	83	0.999722
0	134	92	0.999722
1	134	71	0.999722
0	134	102	0.999722
1	134	75	0.999721
0	134	83	0.999721
0	134	111	0.99972
1	134	71	0.99972
1	134	59	0.99972
1	134	47	0.99972
1	134	42	0.99972
1	134	74	0.99972
0	134	112	0.99972
1	134	55	0.999719
0	134	84	0.999719
1	134	67	0.999719
0	134	126	0.999719
1	134	78	0.999719
0	134	126	0.999719
1	134	21	0.999718
1	134	29	0.999718
0	134	131	0.999718
1	134	31	0.999718
1	134	57	0.999717
0	134	105	0.999717
1	134	26	0.999717
1	134	37	0.999717
0	134	111	0.999717
1	134	37	0.999717
1	134	67	0.999717
0	134	124	0.999717
1	134	70	0.999717
1	134	75	0.999716
0	134	96	0.999716
0	134	84	0.999716
1	134	48	0.999716
1	134	48	0.999716
1	134	26	0.999715
0	134	84	0.999715
1	134	80	0.999715
1	134	26	0.999715
1	134	69	0.999715
0	134	98	0.999715
1	134	22	0.999714
0	134	120	0.999714
1	134	50	0.999714
1	134	63	0.999713
0	134	125	0.999713
1	134	73	0.999713
1	134	48	0.999713
1	134	34	0.999713
1	134	43	0.999713
0	134	85	0.999712
0	134	121	0.999712
1	134	24	0.999712
0	134	113	0.999712
1	134	70	0.999712
0	134	124	0.999712
1	134	49	0.999711
1	134	63	0.99971
1	134	51	0.99971
1	134	51	0.99971
1	134	43	0.99971
1	134	69	0.99971
1	134	27	0.99971
0	134	82	0.99971
1	134	24	0.99971
1	134	28	0.999709
1	134	28	0.999709
0	134	123	0.999709
1	134	75	0.999709
1	134	28	0.999708
1	134	22	0.999708
0	134	128	0.999708
1	134	65	0.999708
0	134	119	0.999708
1	134	45	0.999708
1	134	69	0.999708
0	134	93	0.999708
0	134	129	0.999708
1	134	80	0.999707
0	134	110	0.999707
1	134	61	0.999707
0	134	98	0.999707
1	134	59	0.999707
0	134	87	0.999707
0	134	110	0.999706
1	134	62	0.999706
0	134	120	0.999706
1	134	28	0.999706
1	134	57	0.999706
0	134	126	0.999706
0	134	111	0.999706
1	134	34	0.999705
0	134	89	0.999705
0	134	115	0.999705
0	134	117	0.999705
0	134	119	0.999705
0	134	127	0.999705
1	134	64	0.999704
0	134	91	0.999704
0	134	86	0.999704
0	134	82	0.999704
1	134	23	0.999704
1	134	45	0.999704
0	134	108	0.999704
0	134	120	0.999703
1	134	59	0.999703
0	134	108	0.999703
1	134	21	0.999703
0	134	113	0.999702
1	134	23	0.999702
1	134	55	0.999702
0	134	131	0.999702
0	134	108	0.999702
0	134	129	0.999702
0	134	85	0.999701
1	134	24	0.999701
0	134	120	0.999701
0	134	128	0.999701
0	134	108	0.999701
0	134	111	0.999701
0	134	100	0.999701
1	134	78	0.9997
1	134	47	0.9997
1	134	73	0.9997
0	134	131	0.9997
1	134	32	0.9997
1	134	33	0.9997
1	134	66	0.9997
0	134	86	0.9997
1	134	24	0.999699
0	134	127	0.999699
0	134	89	0.999699
1	134	17	0.999699
0	134	99	0.999698
0	134	128	0.999697
0	134	86	0.999697
1	134	31	0.999697
0	134	87	0.999697
0	134	130	0.999697
0	134	132	0.999697
1	134	67	0.999697
0	134	108	0.999697
1	134	30	0.999697
0	134	86	0.999697
0	134	82	0.999696
0	134	93	0.999696
1	134	54	0.999696
1	134	41	0.999696
0	134	123	0.999695
1	134	71	0.999695
1	134	50	0.999695
1	134	66	0.999695
1	134	77	0.999695
0	134	106	0.999694
1	134	31	0.999694
0	134	93	0.999694
0	134	127	0.999693
0	134	132	0.999693
1	134	48	0.999693
0	134	80	0.999693
1	134	37	0.999693
0	134	81	0.999693
1	134	30	0.999693
1	134	56	0.999693
0	134	88	0.999692
0	134	131	0.999692
1	134	50	0.999692
0	134	86	0.999692
1	134	39	0.999692
1	134	23	0.999692
0	134	105	0.999692
1	134	65	0.999692
1	134	59	0.999692
0	134	131	0.999692
1	134	19	0.999691
0	134	87	0.999691
0	134	114	0.999691
0	134	100	0.999691
0	134	121	0.99969
0	134	123	0.99969
1	134	34	0.999689
0	134	121	0.999689
1	134	72	0.999689
1	134	35	0.999689
0	134	124	0.999688
0	134	96	0.999688
0	134	81	0.999688
0	134	79	0.999688
0	134	125	0.999688
0	134	86	0.999688
1	134	33	0.999688
0	134	90	0.999688
1	134	58	0.999688
1	134	68	0.999688
1	134	30	0.999687
0	134	98	0.999687
1	134	18	0.999687
0	134	114	0.999687
0	134	97	0.999687
0	134	110	0.999687
1	134	25	0.999687
0	134	130	0.999687
1	134	25	0.999687
1	134	77	0.999687
1	134	66	0.999686
1	134	35	0.999686
1	134	44	0.999686
0	134	124	0.999686
1	134	73	0.999686
0	134	84	0.999686
0	134	115	0.999686
0	134	95	0.999685
0	134	107	0.999685
1	134	77	0.999685
0	134	87	0.999685
1	134	36	0.999684
1	134	48	0.999684
0	134	133	0.999684
1	134	35	0.999683
1	134	24	0.999683
0	134	90	0.999683
1	134	64	0.999683
1	134	46	0.999683
1	134	57	0.999683
1	134	65	0.999682
0	134	92	0.999682
0	134	89	0.999682
1	134	52	0.999682
1	134	47	0.999682
0	134	101	0.999682
1	134	21	0.999682
0	134	126	0.999682
0	134	108	0.999682
1	134	58	0.999682
1	134	47	0.999682
1	134	60	0.999681
0	134	119	0.999681
0	134	85	0.999681
1	134	26	0.999681
1	134	65	0.999681
0	134	82	0.99968
1	134	72	0.99968
1	134	20	0.99968
0	134	131	0.999679
0	134	102	0.999679
1	134	22	0.999679
1	134	24	0.999679
1	134	37	0.999679
1	134	77	0.999679
0	134	83	0.999679
0	134	124	0.999679
0	134	111	0.999679
1	134	65	0.999678
1	134	46	0.999678
1	134	62	0.999678
0	134	125	0.999678
0	134	131	0.999677
0	134	131	0.999677
0	134	94	0.999677
1	134	21	0.999677
0	134	133	0.999677
1	134	67	0.999677
0	134	98	0.999676
1	134	48	0.999676
1	134	66	0.999676
1	134	21	0.999676
1	134	59	0.999676
1	134	59	0.999675
1	134	23	0.999675
1	134	27	0.999674
1	134	76	0.999674
0	134	109	0.999673
0	134	128	0.999673
0	134	95	0.999673
0	134	110	0.999673
0	134	128	0.999673
0	134	101	0.999673
1	134	42	0.999673
1	134	29	0.999673
0	134	104	0.999672
1	134	46	0.999672
1	134	67	0.999672
1	134	64	0.999671
0	134	101	0.999671
0	134	102	0.999671
0	134	84	0.999671
1	134	53	0.999671
0	134	85	0.999671
0	134	107	0.999671
0	134	126	0.999671
0	134	106	0.999671
1	134	53	0.99967
0	134	98	0.99967
1	134	57	0.999669
0	134	130	0.999669
0	134	94	0.999669
0	134	76	0.999668
0	134	100	0.999668
1	134	56	0.999668
1	134	43	0.999668
0	134	103	0.999668
1	134	70	0.999668
0	134	110	0.999667
1	134	25	0.999667
1	134	75	0.999667
1	134	29	0.999667
0	134	102	0.999667
1	134	28	0.999667
1	134	60	0.999667
0	134	103	0.999667
1	134	34	0.999667
1	134	39	0.999667
0	134	85	0.999667
0	134	117	0.999667
1	134	26	0.999667
1	134	34	0.999666
1	134	20	0.999665
0	134	87	0.999665
0	134	107	0.999665
0	134	132	0.999665
1	134	64	0.999665
0	134	97	0.999664
0	134	130	0.999664
1	134	47	0.999664
0	134	101	0.999664
1	134	48	0.999664
1	134	39	0.999664
0	134	120	0.999663
0	134	94	0.999663
1	134	22	0.999663
1	134	41	0.999663
1	134	57	0.999663
1	134	34	0.999663
1	134	64	0.999663
1	134	29	0.999663
1	134	38	0.999663
1	134	29	0.999663
1	134	72	0.999662
0	134	82	0.999662
0	134	111	0.999662
0	134	110	0.999662
1	134	38	0.999662
1	134	74	0.999662
1	134	26	0.999662
1	134	28	0.999662
1	134	31	0.999662
0	134	81	0.999662
1	134	38	0.999662
0	134	112	0.999661
0	134	89	0.999661
0	134	107	0.999661
1	134	33	0.99966
1	134	46	0.99966
1	134	62	0.99966
1	134	75	0.99966
1	134	28	0.99966
0	134	83	0.99966
0	134	121	0.99966
1	134	23	0.99966
0	134	84	0.99966
0	134	111	0.999659
1	134	24	0.999659
1	134	18	0.999659
0	134	119	0.999658
1	134	42	0.999658
1	134	30	0.999658
0	134	102	0.999658
0	134	129	0.999658
1	134	65	0.999658
1	134	47	0.999658
1	134	17	0.999658
1	134	71	0.999657
1	134	56	0.999657
1	134	42	0.999657
0	134	132	0.999657
1	134	58	0.999657
0	134	76	0.999657
1	134	72	0.999657
1	134	50	0.999656
1	134	29	0.999656
1	134	65	0.999656
1	134	48	0.999656
1	134	38	0.999655
1	134	56	0.999655
0	134	118	0.999655
0	134	93	0.999655
1	134	47	0.999655
0	134	80	0.999654
0	134	127	0.999654
1	134	72	0.999654
0	134	101	0.999654
0	134	118	0.999654
0	134	77	0.999653
0	134	104	0.999653
1	134	51	0.999653
0	134	109	0.999653
1	134	27	0.999653
1	134	65	0.999653
0	134	86	0.999653
1	134	73	0.999653
1	134	52	0.999653
0	134	83	0.999653
1	134	72	0.999653
0	134	90	0.999653
0	134	110	0.999652
0	134	86	0.999652
1	134	46	0.999652
0	134	119	0.999652
0	134	81	0.999652
1	134	51	0.999652
0	134	100	0.999652
0	134	81	0.999652
0	134	123	0.999651
1	134	28	0.999651
0	134	102	0.999651
1	134	53	0.999651
0	134	83	0.99965
0	134	76	0.99965
0	134	91	0.99965
1	134	42	0.99965
1	134	48	0.999649
0	134	111	0.999649
1	134	68	0.999649
1	134	60	0.999649
0	134	105	0.999649
0	134	104	0.999649
0	134	99	0.999649
1	134	43	0.999649
1	134	38	0.999648
1	134	45	0.999648
1	134	26	0.999648
1	134	70	0.999648
1	134	33	0.999648
0	134	117	0.999647
1	134	49	0.999647
1	134	55	0.999647
1	134	73	0.999647
1	134	59	0.999646
0	134	83	0.999646
1	134	30	0.999646
0	134	121	0.999646
1	134	72	0.999645
1	134	18	0.999645
1	134	21	0.999645
1	134	44	0.999645
1	134	44	0.999645
0	134	107	0.999644
0	134	85	0.999644
1	134	52	0.999644
1	134	21	0.999643
0	134	86	0.999643
1	134	33	0.999643
1	134	59	0.999643
0	134	123	0.999643
1	134	27	0.999642
1	134	72	0.999642
0	134	88	0.999642
1	134	35	0.999642
0	134	131	0.999642
0	134	116	0.999642
1	134	73	0.999642
0	134	80	0.999641
0	134	95	0.999641
1	134	73	0.999641
0	134	93	0.999641
1	134	51	0.999641
1	134	46	0.999641
1	134	21	0.999641
1	134	70	0.999641
1	134	59	0.99964
0	134	120	0.99964
0	134	123	0.99964
0	134	91	0.99964
1	134	56	0.99964
1	134	45	0.99964
1	134	50	0.99964
1	134	54	0.99964
0	134	118	0.999639
1	134	55	0.999639
0	134	94	0.999639
0	134	78	0.999639
1	134	53	0.999639
0	134	107	0.999638
1	134	66	0.999638
0	134	131	0.999638
0	134	81	0.999638
0	134	91	0.999638
1	134	27	0.999638
1	134	30	0.999638
0	134	128	0.999638
0	134	99	0.999638
0	134	128	0.999638
0	134	84	0.999638
0	134	82	0.999638
0	134	92	0.999637
1	134	37	0.999637
0	134	84	0.999637
0	134	90	0.999637
0	134	103	0.999637
0	134	103	0.999637
1	134	41	0.999637
1	134	57	0.999636
0	134	82	0.999636
0	134	117	0.999636
1	134	70	0.999636
1	134	64	0.999636
0	134	104	0.999636
1	134	21	0.999636
0	134	88	0.999636
0	134	118	0.999636
0	134	109	0.999635
1	134	67	0.999635
0	134	114	0.999635
1	134	37	0.999635
0	134	90	0.999635
0	134	75	0.999635
0	134	86	0.999635
0	134	117	0.999634
1	134	36	0.999634
1	134	22	0.999634
1	134	34	0.999634
0	134	81	0.999634
1	134	50	0.999634
1	134	35	0.999634
0	134	110	0.999634
1	134	47	0.999634
0	134	90	0.999634
1	134	49	0.999633
0	134	128	0.999633
1	134	49	0.999633
0	134	78	0.999633
0	134	114	0.999633
0	134	124	0.999633
1	134	59	0.999632
1	134	28	0.999632
1	134	49	0.999632
0	134	130	0.999632
0	134	88	0.999632
0	134	94	0.999632
0	134	76	0.999632
1	134	36	0.999631
1	134	66	0.999631
0	134	84	0.999631
0	134	106	0.999631
0	134	78	0.999631
0	134	78	0.999631
1	134	27	0.99963
0	134	105	0.99963
1	134	28	0.99963
0	134	93	0.99963
0	134	100	0.99963
1	134	67	0.99963
1	134	64	0.999629
0	134	126	0.999629
1	134	45	0.999629
1	134	47	0.999629
0	134	130	0.999629
1	134	20	0.999628
1	134	31	0.999628
1	134	72	0.999628
1	134	37	0.999628
0	134	123	0.999628
1	134	41	0.999628
1	134	35	0.999628
0	134	104	0.999628
0	134	84	0.999628
1	134	28	0.999628
1	134	71	0.999627
1	134	17	0.999627
1	134	54	0.999627
1	134	53	0.999627
1	134	40	0.999627
0	134	131	0.999627
1	134	43	0.999626
1	134	27	0.999626
1	134	50	0.999626
1	134	68	0.999626
1	134	71	0.999626
1	134	52	0.999625
1	134	57	0.999625
1	134	37	0.999625
1	134	50	0.999625
1	134	25	0.999624
0	134	117	0.999624
1	134	71	0.999624
1	134	18	0.999624
0	134	131	0.999624
0	134	78	0.999624
0	134	100	0.999623
0	134	91	0.999623
1	134	64	0.999623
1	134	64	0.999623
0	134	77	0.999623
0	134	98	0.999623
1	134	21	0.999623
1	134	49	0.999623
0	134	122	0.999623
0	134	88	0.999622
1	134	59	0.999622
0	134	85	0.999622
0	134	103	0.999622
1	134	33	0.999622
0	134	94	0.999622
0	134	82	0.999622
1	134	52	0.999622
0	134	98	0.999621
0	134	78	0.999621
0	134	93	0.999621
0	134	82	0.999621
1	134	53	0.999621
0	134	116	0.999621
1	134	43	0.99962
0	134	83	0.99962
0	134	76	0.99962
1	134	37	0.999619
1	134	18	0.999619
1	134	58	0.999619
1	134	26	0.999619
1	134	69	0.999619
0	134	97	0.999619
0	134	91	0.999619
1	134	54	0.999619
1	134	60	0.999619
0	134	97	0.999619
1	134	70	0.999619
0	134	118	0.999619
0	134	72	0.999619
1	134	49	0.999619
1	134	25	0.999619
1	134	45	0.999618
1	134	48	0.999618
0	134	109	0.999618
1	134	24	0.999618
0	134	109	0.999618
0	134	112	0.999618
1	134	45	0.999617
1	134	32	0.999617
1	134	67	0.999617
0	134	97	0.999617
0	134	81	0.999617
1	134	22	0.999617
1	134	17	0.999617
1	134	47	0.999616
1	134	62	0.999616
0	134	131	0.999616
0	134	106	0.999616
0	134	129	0.999616
0	134	90	0.999616
0	134	101	0.999616
1	134	42	0.999616
0	134	124	0.999615
0	134	111	0.999615
0	134	93	0.999615
0	134	87	0.999615
1	134	52	0.999615
1	134	54	0.999615
1	134	50	0.999615
0	134	117	0.999614
0	134	129	0.999614
1	134	20	0.999614
1	134	28	0.999614
1	134	47	0.999613
0	134	115	0.999613
0	134	92	0.999613
0	134	97	0.999613
0	134	108	0.999613
1	134	66	0.999613
0	134	100	0.999613
1	134	18	0.999613
0	134	86	0.999612
0	134	116	0.999612
1	134	64	0.999612
0	134	91	0.999612
1	134	28	0.999611
0	134	130	0.999611
1	134	38	0.999611
1	134	61	0.999611
0	134	107	0.99961
0	134	90	0.99961
0	134	121	0.99961
1	134	56	0.99961
0	134	114	0.99961
1	134	37	0.99961
1	134	51	0.99961
1	134	59	0.99961
1	134	52	0.999609
1	134	54	0.999609
1	134	35	0.999609
0	134	95	0.999608
0	134	121	0.999608
1	134	22	0.999608
0	134	75	0.999608
0	134	87	0.999608
0	134	125	0.999608
1	134	23	0.999608
0	134	106	0.999608
1	134	58	0.999608
1	134	58	0.999608
1	134	62	0.999608
0	134	104	0.999608
1	134	39	0.999608
0	134	107	0.999608
1	134	49	0.999608
0	134	80	0.999607
1	134	64	0.999607
1	134	44	0.999607
1	134	33	0.999607
0	134	97	0.999607
0	134	111	0.999606
1	134	22	0.999606
0	134	99	0.999606
0	134	126	0.999606
0	134	119	0.999606
1	134	21	0.999606
1	134	48	0.999606
1	134	21	0.999605
0	134	92	0.999605
0	134	81	0.999605
0	134	128	0.999605
1	134	21	0.999605
1	134	40	0.999605
1	134	30	0.999605
0	134	86	0.999604
0	134	103	0.999604
1	134	66	0.999604
0	134	93	0.999603
1	134	64	0.999603
0	134	132	0.999603
0	134	92	0.999603
0	134	82	0.999603
1	134	37	0.999603
0	134	79	0.999603
1	134	24	0.999603
0	134	104	0.999603
1	134	51	0.999603
0	134	107	0.999603
1	134	19	0.999603
1	134	60	0.999602
1	134	56	0.999602
1	134	62	0.999602
1	134	31	0.999602
0	134	105	0.999601
1	134	49	0.999601
1	134	37	0.999601
0	134	95	0.999601
0	134	94	0.999601
0	134	106	0.9996
1	134	21	0.9996
1	134	24	0.999599
1	134	30	0.999599
1	134	32	0.999599
0	134	94	0.999599
0	134	100	0.999599
1	134	37	0.999599
0	134	86	0.999599
0	134	92	0.999599
0	134	101	0.999599
0	134	73	0.999598
0	134	76	0.999598
1	134	58	0.999598
0	134	113	0.999598
0	134	133	0.999598
0	134	127	0.999598
0	134	127	0.999598
0	134	104	0.999598
1	134	39	0.999597
1	134	46	0.999597
0	134	90	0.999597
0	134	78	0.999597
1	134	19	0.999596
1	134	53	0.999596
0	134	88	0.999596
0	134	90	0.999596
1	134	31	0.999596
1	134	48	0.999596
1	134	58	0.999595
0	134	133	0.999595
1	134	57	0.999595
1	134	38	0.999595
1	134	28	0.999595
0	134	96	0.999594
0	134	75	0.999594
1	134	31	0.999594
0	134	82	0.999594
0	134	131	0.999594
0	134	77	0.999594
0	134	103	0.999594
1	134	49	0.999594
0	134	112	0.999594
1	134	26	0.999594
0	134	126	0.999594
0	134	79	0.999594
0	134	128	0.999594
1	134	56	0.999594
1	134	25	0.999594
0	134	99	0.999593
0	134	114	0.999593
1	134	29	0.999593
1	134	21	0.999593
0	134	73	0.999593
0	134	123	0.999592
0	134	128	0.999592
0	134	120	0.999592
1	134	46	0.999592
1	134	51	0.999592
1	134	29	0.999592
0	134	127	0.999591
0	134	99	0.999591
0	134	124	0.999591
1	134	22	0.99959
0	134	116	0.99959
1	134	69	0.99959
0	134	78	0.99959
1	134	57	0.999589
1	134	31	0.999589
0	134	75	0.999589
1	134	19	0.999589
0	134	107	0.999589
1	134	36	0.999589
0	134	91	0.999589
0	134	96	0.999589
1	134	46	0.999589
0	134	82	0.999588
0	134	91	0.999588
1	134	57	0.999588
1	134	64	0.999588
0	134	71	0.999587
0	134	74	0.999586
0	134	107	0.999586
0	134	112	0.999586
0	134	72	0.999586
1	134	19	0.999586
1	134	65	0.999586
1	134	65	0.999586
0	134	133	0.999586
1	134	41	0.999586
0	134	128	0.999586
0	134	111	0.999586
1	134	23	0.999585
0	134	75	0.999585
1	134	25	0.999585
0	134	118	0.999585
0	134	100	0.999585
0	134	126	0.999585
0	134	128	0.999585
0	134	109	0.999585
0	134	128	0.999585
0	134	125	0.999584
0	134	105	0.999584
0	134	98	0.999584
0	134	123	0.999584
1	134	50	0.999584
1	134	26	0.999584
1	134	57	0.999583
1	134	58	0.999583
1	134	25	0.999583
1	134	28	0.999583
1	134	34	0.999583
0	134	73	0.999583
1	134	18	0.999583
0	134	90	0.999583
1	134	50	0.999583
0	134	129	0.999582
1	134	49	0.999581
1	134	39	0.999581
1	134	18	0.999581
0	134	117	0.999581
1	134	29	0.999581
0	134	123	0.999581
0	134	128	0.99958
1	134	52	0.99958
0	134	105	0.99958
0	134	89	0.99958
0	134	69	0.99958
0	134	89	0.99958
1	134	35	0.99958
0	134	74	0.999579
0	134	91	0.999579
1	134	35	0.999579
1	134	47	0.999579
1	134	66	0.999579
0	134	124	0.999579
0	134	133	0.999579
0	134	79	0.999579
1	134	59	0.999578
0	134	108	0.999578
0	134	85	0.999578
0	134	133	0.999578
0	134	123	0.999578
1	134	28	0.999578
1	134	58	0.999578
0	134	123	0.999578
1	134	44	0.999577
1	134	47	0.999577
0	134	76	0.999577
0	134	119	0.999577
1	134	18	0.999577
0	134	88	0.999577
0	134	92	0.999577
0	134	74	0.999577
0	134	102	0.999577
0	134	110	0.999577
1	134	46	0.999576
0	134	123	0.999576
1	134	26	0.999576
1	134	47	0.999576
1	134	26	0.999576
0	134	118	0.999576
0	134	106	0.999576
0	134	75	0.999576
0	134	74	0.999576
1	134	52	0.999575
0	134	96	0.999575
0	134	115	0.999575
0	134	117	0.999575
1	134	34	0.999575
0	134	99	0.999575
1	134	63	0.999575
0	134	72	0.999574
1	134	59	0.999574
0	134	79	0.999574
0	134	105	0.999574
0	134	111	0.999574
0	134	80	0.999574
0	134	87	0.999574
0	134	93	0.999574
1	134	19	0.999574
1	134	63	0.999574
0	134	76	0.999573
1	134	43	0.999573
1	134	65	0.999573
0	134	133	0.999573
0	134	86	0.999573
1	134	21	0.999573
1	134	39	0.999573
0	134	117	0.999573
0	134	69	0.999572
1	134	19	0.999572
1	134	48	0.999572
1	134	36	0.999572
1	134	64	0.999571
0	134	107	0.999571
1	134	35	0.99957
0	134	91	0.99957
1	134	40	0.99957
1	134	17	0.99957
0	134	98	0.99957
0	134	70	0.99957
0	134	86	0.99957
0	134	108	0.99957
1	134	35	0.999569
0	134	90	0.999569
0	134	123	0.999569
1	134	57	0.999569
0	134	131	0.999569
1	134	18	0.999569
0	134	85	0.999569
1	134	30	0.999569
1	134	53	0.999569
1	134	51	0.999568
0	134	113	0.999568
0	134	132	0.999568
0	134	116	0.999568
1	134	66	0.999568
0	134	114	0.999568
0	134	113	0.999568
1	134	65	0.999568
0	134	80	0.999568
1	134	49	0.999567
1	134	47	0.999567
1	134	39	0.999567
0	134	133	0.999567
0	134	77	0.999567
0	134	117	0.999566
1	134	44	0.999566
0	134	120	0.999566
0	134	81	0.999566
0	134	82	0.999566
0	134	128	0.999565
1	134	27	0.999565
1	134	49	0.999565
1	134	67	0.999565
1	134	55	0.999565
1	134	43	0.999565
1	134	27	0.999565
0	134	130	0.999564
1	134	49	0.999564
1	134	49	0.999564
1	134	28	0.999564
0	134	88	0.999564
0	134	100	0.999564
0	134	86	0.999564
0	134	108	0.999564
1	134	18	0.999564
0	134	112	0.999564
1	134	22	0.999564
0	134	118	0.999564
0	134	121	0.999564
0	134	86	0.999564
0	134	83	0.999564
1	134	53	0.999563
1	134	65	0.999563
1	134	36	0.999563
0	134	96	0.999563
0	134	117	0.999563
0	134	99	0.999563
1	134	61	0.999562
1	134	43	0.999561
1	134	22	0.999561
0	134	107	0.999561
0	134	87	0.999561
1	134	31	0.999561
1	134	35	0.999561
0	134	117	0.99956
0	134	116	0.99956
1	134	53	0.99956
0	134	133	0.999559
1	134	63	0.999559
1	134	61	0.999559
0	134	72	0.999559
1	134	37	0.999559
1	134	57	0.999559
0	134	112	0.999559
1	134	18	0.999559
1	134	22	0.999559
1	134	31	0.999559
1	134	18	0.999559
0	134	76	0.999559
1	134	64	0.999559
1	134	17	0.999559
1	134	23	0.999559
1	134	38	0.999559
1	134	43	0.999558
0	134	87	0.999558
0	134	79	0.999558
0	134	112	0.999558
0	134	88	0.999558
0	134	124	0.999558
0	134	104	0.999557
0	134	117	0.999557
0	134	88	0.999557
1	134	36	0.999556
0	134	96	0.999556
1	134	29	0.999556
1	134	24	0.999555
1	134	46	0.999555
0	134	100	0.999555
0	134	76	0.999555
1	134	37	0.999554
0	134	75	0.999554
0	134	71	0.999554
0	134	123	0.999554
1	134	57	0.999554
0	134	105	0.999554
0	134	107	0.999554
0	134	82	0.999554
0	134	123	0.999553
1	134	50	0.999553
0	134	79	0.999553
0	134	119	0.999553
0	134	120	0.999553
0	134	95	0.999553
0	134	73	0.999553
1	134	54	0.999553
1	134	31	0.999552
0	134	71	0.999552
0	134	95	0.999552
1	134	38	0.999552
0	134	103	0.999551
0	134	113	0.999551
1	134	24	0.999551
1	134	30	0.999551
1	134	49	0.999551
0	134	100	0.99955
1	134	55	0.99955
1	134	22	0.999549
0	134	76	0.999549
1	134	50	0.999549
1	134	52	0.999549
0	134	70	0.999549
0	134	115	0.999549
1	134	61	0.999549
0	134	132	0.999549
0	134	82	0.999549
0	134	104	0.999549
0	134	109	0.999549
0	134	118	0.999549
1	134	57	0.999548
0	134	129	0.999548
1	134	24	0.999548
0	134	71	0.999548
0	134	91	0.999548
0	134	131	0.999548
0	134	124	0.999547
0	134	106	0.999547
1	134	44	0.999547
0	134	110	0.999547
0	134	69	0.999547
1	134	24	0.999547
0	134	76	0.999547
1	134	37	0.999547
1	134	57	0.999547
1	134	37	0.999546
0	134	101	0.999546
1	134	56	0.999546
0	134	105	0.999546
0	134	68	0.999546
0	134	95	0.999546
0	134	98	0.999545
0	134	68	0.999545
1	134	34	0.999545
1	134	30	0.999545
0	134	132	0.999545
0	134	73	0.999545
1	134	49	0.999545
0	134	133	0.999544
0	134	133	0.999544
1	134	33	0.999544
0	134	103	0.999544
0	134	108	0.999544
1	134	35	0.999544
0	134	117	0.999544
0	134	131	0.999544
0	134	132	0.999543
0	134	73	0.999543
1	134	58	0.999543
0	134	126	0.999543
1	134	48	0.999543
1	134	45	0.999542
0	134	124	0.999542
0	134	119	0.999542
1	134	55	0.999542
1	134	52	0.999541
0	134	93	0.999541
0	134	96	0.999541
1	134	56	0.999541
0	134	88	0.99954
0	134	105	0.99954
1	134	35	0.99954
0	134	110	0.999539
0	134	82	0.999539
0	134	96	0.999539
1	134	60	0.999539
1	134	47	0.999539
0	134	126	0.999539
0	134	108	0.999539
0	134	74	0.999539
0	134	124	0.999539
0	134	105	0.999539
1	134	43	0.999539
1	134	29	0.999539
0	134	79	0.999539
0	134	114	0.999539
1	134	33	0.999538
1	134	38	0.999538
1	134	51	0.999538
0	134	126	0.999538
0	134	109	0.999538
0	134	100	0.999537
0	134	132	0.999537
0	134	104	0.999537
0	134	76	0.999537
0	134	81	0.999537
1	134	28	0.999536
1	134	50	0.999535
1	134	36	0.999535
0	134	125	0.999535
1	134	41	0.999535
0	134	74	0.999535
0	134	76	0.999535
0	134	107	0.999535
1	134	33	0.999535
0	134	125	0.999533
0	134	93	0.999533
0	134	103	0.999533
0	134	75	0.999533
0	134	96	0.999532
0	134	132	0.999532
0	134	127	0.999532
0	134	80	0.999532
1	134	21	0.999532
1	134	65	0.999531
1	134	52	0.999531
0	134	99	0.999531
1	134	41	0.999531
0	134	81	0.999531
1	134	25	0.99953
0	134	94	0.99953
1	134	38	0.99953
0	134	73	0.99953
1	134	18	0.99953
0	134	84	0.99953
0	134	101	0.99953
0	134	114	0.99953
0	134	131	0.999529
0	134	95	0.999529
0	134	98	0.999529
1	134	20	0.999529
1	134	44	0.999529
0	134	92	0.999529
1	134	36	0.999528
0	134	71	0.999528
0	134	105	0.999528
0	134	72	0.999528
1	134	58	0.999528
1	134	45	0.999528
1	134	57	0.999528
1	134	56	0.999528
1	134	29	0.999528
0	134	78	0.999528
0	134	96	0.999527
0	134	73	0.999527
1	134	21	0.999527
0	134	67	0.999527
1	134	63	0.999526
0	134	100	0.999526
0	134	83	0.999526
0	134	71	0.999526
1	134	46	0.999526
0	134	68	0.999525
0	134	119	0.999525
0	134	77	0.999525
0	134	69	0.999525
0	134	125	0.999525
1	134	21	0.999525
0	134	118	0.999525
1	134	62	0.999525
1	134	62	0.999525
0	134	90	0.999525
0	134	78	0.999525
1	134	17	0.999524
1	134	50	0.999524
0	134	71	0.999524
0	134	110	0.999524
0	134	86	0.999524
0	134	115	0.999524
1	134	56	0.999524
0	134	106	0.999524
0	134	88	0.999524
1	134	23	0.999523
0	134	109	0.999523
1	134	26	0.999523
1	134	17	0.999523
1	134	25	0.999523
1	134	27	0.999523
0	134	109	0.999523
1	134	47	0.999523
0	134	116	0.999523
0	134	111	0.999523
0	134	120	0.999523
0	134	130	0.999522
0	134	83	0.999522
0	134	108	0.999522
0	134	75	0.999522
1	134	48	0.999522
1	134	39	0.999522
1	134	59	0.999521
0	134	129	0.999521
1	134	40	0.999521
0	134	68	0.999521
0	134	87	0.999521
1	134	34	0.999521
0	134	98	0.999521
1	134	17	0.999521
0	134	110	0.999521
0	134	65	0.99952
0	134	91	0.99952
0	134	82	0.99952
0	134	70	0.99952
1	134	43	0.99952
0	134	74	0.99952
0	134	94	0.99952
1	134	50	0.99952
0	134	85	0.999519
1	134	25	0.999519
1	134	24	0.999519
0	134	129	0.999519
0	134	124	0.999519
0	134	70	0.999519
0	134	78	0.999518
1	134	63	0.999518
0	134	99	0.999517
0	134	113	0.999517
1	134	41	0.999517
0	134	122	0.999517
0	134	99	0.999517
1	134	39	0.999517
0	134	115	0.999516
0	134	121	0.999516
1	134	24	0.999516
0	134	92	0.999516
0	134	115	0.999516
0	134	113	0.999516
1	134	58	0.999516
1	134	35	0.999516
1	134	30	0.999516
0	134	106	0.999516
1	134	21	0.999516
0	134	78	0.999515
1	134	21	0.999515
0	134	88	0.999515
0	134	107	0.999515
1	134	56	0.999515
0	134	81	0.999515
1	134	26	0.999515
0	134	108	0.999515
0	134	98	0.999515
0	134	77	0.999515
1	134	46	0.999515
0	134	105	0.999514
0	134	81	0.999514
0	134	76	0.999513
0	134	123	0.999513
1	134	33	0.999513
0	134	81	0.999513
0	134	66	0.999512
0	134	99	0.999512
0	134	108	0.999512
1	134	55	0.999512
1	134	33	0.999512
1	134	32	0.999512
0	134	83	0.999511
0	134	111	0.999511
0	134	78	0.999511
0	134	113	0.999511
0	134	69	0.999511
1	134	41	0.999511
0	134	101	0.999511
0	134	115	0.99951
1	134	22	0.99951
0	134	103	0.99951
0	134	133	0.99951
1	134	32	0.99951
0	134	112	0.99951
1	134	22	0.99951
0	134	123	0.99951
0	134	85	0.99951
0	134	94	0.99951
1	134	38	0.99951
1	134	42	0.99951
1	134	61	0.999509
0	134	80	0.999509
0	134	122	0.999509
1	134	26	0.999508
1	134	20	0.999508
1	134	28	0.999508
1	134	62	0.999507
0	134	70	0.999507
0	134	96	0.999507
1	134	46	0.999507
1	134	44	0.999507
0	134	99	0.999506
0	134	112	0.999506
0	134	120	0.999506
0	134	127	0.999505
0	134	65	0.999505
0	134	118	0.999505
0	134	99	0.999505
1	134	51	0.999505
1	134	50	0.999505
0	134	77	0.999505
1	134	62	0.999505
1	134	39	0.999505
0	134	66	0.999505
1	134	34	0.999505
0	134	133	0.999505
0	134	113	0.999505
0	134	87	0.999504
0	134	108	0.999504
0	134	113	0.999504
0	134	101	0.999504
1	134	51	0.999504
0	134	87	0.999504
0	134	75	0.999503
0	134	123	0.999503
0	134	71	0.999503
0	134	83	0.999503
1	134	45	0.999503
1	134	45	0.999502
0	134	115	0.999502
0	134	73	0.999502
1	134	56	0.999502
0	134	64	0.999502
0	134	73	0.999502
0	134	126	0.999502
0	134	66	0.999502
1	134	18	0.999502
0	134	116	0.999501
1	134	36	0.999501
1	134	50	0.999501
0	134	90	0.999501
1	134	22	0.9995
1	134	50	0.9995
1	134	37	0.9995
1	134	49	0.9995
0	134	91	0.9995
0	134	95	0.9995
1	134	19	0.9995
1	134	29	0.9995
0	134	131	0.9995
0	134	89	0.9995
0	134	102	0.999499
0	134	95	0.999499
0	134	112	0.999498
0	134	109	0.999498
1	134	47	0.999498
0	134	99	0.999498
0	134	80	0.999498
0	134	103	0.999498
0	134	82	0.999497
0	134	130	0.999497
1	134	38	0.999497
0	134	105	0.999497
0	134	102	0.999497
0	134	64	0.999496
1	134	26	0.999496
0	134	66	0.999496
1	134	29	0.999496
0	134	91	0.999496
0	134	95	0.999496
0	134	127	0.999496
0	134	73	0.999495
1	134	46	0.999495
0	134	88	0.999495
0	134	108	0.999495
1	134	19	0.999495
1	134	36	0.999495
0	134	95	0.999494
1	134	56	0.999494
0	134	86	0.999494
0	134	132	0.999494
0	134	75	0.999494
0	134	96	0.999494
1	134	36	0.999493
1	134	48	0.999493
0	134	85	0.999493
0	134	114	0.999492
1	134	26	0.999492
1	134	34	0.999492
0	134	131	0.999492
0	134	109	0.999492
0	134	93	0.999491
0	134	129	0.999491
0	134	91	0.999491
1	134	37	0.999491
0	134	75	0.999491
0	134	97	0.999491
0	134	106	0.999491
0	134	128	0.999491
0	134	93	0.99949
0	134	110	0.99949
1	134	25	0.99949
1	134	38	0.99949
0	134	128	0.99949
1	134	63	0.99949
0	134	132	0.99949
0	134	109	0.99949
0	134	83	0.99949
0	134	84	0.99949
1	134	47	0.99949
0	134	121	0.99949
0	134	92	0.99949
0	134	85	0.999489
1	134	31	0.999488
1	134	25	0.999488
0	134	125	0.999488
0	134	108	0.999488
1	134	28	0.999488
0	134	91	0.999488
0	134	92	0.999487
0	134	74	0.999487
0	134	82	0.999486
0	134	102	0.999486
1	134	23	0.999485
1	134	50	0.999485
1	134	25	0.999485
0	134	85	0.999485
1	134	17	0.999485
0	134	113	0.999485
0	134	76	0.999485
0	134	113	0.999485
0	134	123	0.999484
0	134	116	0.999484
0	134	85	0.999484
1	134	26	0.999484
0	134	123	0.999484
0	134	122	0.999484
0	134	112	0.999483
0	134	98	0.999483
1	134	48	0.999483
0	134	114	0.999483
0	134	95	0.999483
0	134	127	0.999482
0	134	99	0.999482
1	134	55	0.999482
1	134	53	0.999482
1	134	59	0.999482
1	134	39	0.999482
1	134	61	0.999482
0	134	68	0.999481
1	134	18	0.999481
1	134	48	0.999481
0	134	92	0.999481
1	134	34	0.999481
0	134	83	0.99948
1	134	38	0.99948
1	134	40	0.99948
1	134	55	0.99948
0	134	101	0.99948
0	134	81	0.99948
0	134	124	0.99948
0	134	109	0.99948
0	134	133	0.99948
1	134	55	0.99948
0	134	71	0.99948
0	134	71	0.99948
1	134	24	0.99948
1	134	44	0.999479
1	134	55	0.999479
1	134	24	0.999479
0	134	104	0.999479
0	134	105	0.999478
0	134	84	0.999478
0	134	75	0.999478
0	134	121	0.999478
0	134	97	0.999478
0	134	71	0.999478
0	134	118	0.999478
0	134	106	0.999478
1	134	38	0.999478
1	134	20	0.999478
0	134	107	0.999478
0	134	116	0.999477
1	134	49	0.999477
1	134	39	0.999477
0	134	101	0.999477
1	134	36	0.999477
0	134	106	0.999477
0	134	86	0.999476
1	134	38	0.999476
0	134	103	0.999476
0	134	112	0.999476
1	134	49	0.999476
0	134	99	0.999476
0	134	109	0.999476
0	134	96	0.999476
0	134	69	0.999476
0	134	82	0.999475
0	134	76	0.999475
1	134	34	0.999474
0	134	116	0.999474
0	134	73	0.999474
0	134	65	0.999474
1	134	49	0.999474
0	134	72	0.999474
0	134	98	0.999474
1	134	57	0.999473
0	134	80	0.999473
0	134	103	0.999472
0	134	97	0.999472
1	134	40	0.999471
1	134	40	0.999471
1	134	18	0.999471
0	134	76	0.999471
0	134	127	0.999471
0	134	88	0.999471
1	134	57	0.999471
1	134	23	0.999471
0	134	89	0.999471
1	134	36	0.999471
0	134	66	0.999471
0	134	109	0.99947
0	134	78	0.99947
0	134	132	0.999469
1	134	23	0.999469
1	134	24	0.999469
0	134	127	0.999469
1	134	21	0.999469
1	134	47	0.999468
1	134	27	0.999468
0	134	122	0.999468
0	134	80	0.999467
1	134	27	0.999467
0	134	71	0.999467
0	134	72	0.999466
0	134	98	0.999466
1	134	43	0.999466
0	134	128	0.999466
1	134	35	0.999466
0	134	93	0.999466
0	134	84	0.999466
1	134	37	0.999466
0	134	100	0.999466
0	134	97	0.999466
0	134	65	0.999466
0	134	96	0.999466
0	134	124	0.999466
0	134	67	0.999465
0	134	127	0.999465
1	134	33	0.999464
1	134	34	0.999464
0	134	120	0.999464
1	134	56	0.999463
0	134	67	0.999463
0	134	85	0.999463
0	134	121	0.999463
0	134	77	0.999463
0	134	93	0.999463
0	134	78	0.999463
0	134	112	0.999463
1	134	52	0.999462
0	134	71	0.999461
1	134	37	0.999461
1	134	25	0.999461
1	134	24	0.999461
0	134	126	0.999461
1	134	32	0.999461
1	134	60	0.999461
0	134	88	0.999461
1	134	27	0.999461
0	134	133	0.999461
0	134	115	0.999461
1	134	59	0.99946
1	134	18	0.99946
0	134	102	0.99946
0	134	114	0.999459
1	134	36	0.999459
0	134	112	0.999459
0	134	98	0.999459
1	134	47	0.999459
0	134	81	0.999459
0	134	64	0.999459
1	134	26	0.999459
0	134	87	0.999458
0	134	96	0.999457
1	134	44	0.999457
1	134	35	0.999457
0	134	75	0.999457
0	134	85	0.999457
1	134	61	0.999457
0	134	95	0.999457
1	134	17	0.999456
0	134	80	0.999456
1	134	45	0.999456
0	134	118	0.999456
0	134	122	0.999456
1	134	54	0.999456
0	134	112	0.999456
0	134	78	0.999456
0	134	73	0.999456
0	134	85	0.999456
1	134	59	0.999456
1	134	33	0.999456
0	134	101	0.999456
0	134	120	0.999456
0	134	82	0.999455
0	134	98	0.999455
1	134	28	0.999455
0	134	65	0.999455
0	134	68	0.999455
1	134	61	0.999455
0	134	119	0.999454
0	134	119	0.999454
0	134	85	0.999454
0	134	124	0.999454
1	134	30	0.999454
0	134	122	0.999453
1	134	38	0.999453
1	134	30	0.999453
1	134	51	0.999452
1	134	36	0.999452
0	134	75	0.999452
0	134	132	0.999452
0	134	96	0.999452
0	134	95	0.999451
0	134	78	0.999451
1	134	41	0.999451
1	134	60	0.999451
0	134	65	0.999451
0	134	79	0.999451
1	134	26	0.999451
0	134	130	0.999451
0	134	64	0.999451
1	134	48	0.99945
0	134	113	0.99945
0	134	127	0.99945
0	134	117	0.99945
0	134	125	0.999449
1	134	33	0.999449
1	134	35	0.999448
0	134	86	0.999448
0	134	103	0.999448
0	134	77	0.999448
0	134	114	0.999448
0	134	89	0.999448
1	134	30	0.999447
1	134	33	0.999447
0	134	63	0.999447
0	134	76	0.999447
1	134	46	0.999447
0	134	86	0.999447
1	134	57	0.999447
1	134	59	0.999447
1	134	49	0.999447
0	134	120	0.999447
0	134	99	0.999446
0	134	68	0.999446
1	134	24	0.999446
0	134	133	0.999446
0	134	63	0.999446
0	134	130	0.999446
0	134	105	0.999446
0	134	93	0.999446
0	134	63	0.999446
0	134	95	0.999446
1	134	26	0.999446
0	134	120	0.999445
0	134	63	0.999445
0	134	89	0.999445
1	134	54	0.999445
1	134	39	0.999444
0	134	94	0.999444
1	134	24	0.999444
0	134	75	0.999444
0	134	115	0.999444
1	134	57	0.999443
1	134	33	0.999443
0	134	72	0.999443
1	134	43	0.999443
1	134	57	0.999443
0	134	83	0.999443
0	134	106	0.999442
0	134	127	0.999442
1	134	52	0.999442
0	134	128	0.999442
0	134	103	0.999442
0	134	71	0.999441
0	134	128	0.999441
0	134	114	0.999441
1	134	27	0.999441
0	134	111	0.999441
0	134	94	0.999441
1	134	28	0.999441
1	134	59	0.999441
1	134	29	0.999441
1	134	35	0.999441
0	134	128	0.999441
0	134	98	0.99944
0	134	77	0.99944
1	134	36	0.99944
1	134	49	0.99944
0	134	103	0.99944
0	134	62	0.99944
0	134	62	0.999439
0	134	88	0.999439
0	134	114	0.999439
0	134	80	0.999439
0	134	71	0.999439
1	134	20	0.999439
0	134	114	0.999439
0	134	92	0.999439
1	134	36	0.999438
1	134	24	0.999438
0	134	65	0.999438
1	134	34	0.999438
0	134	99	0.999438
1	134	31	0.999437
1	134	56	0.999437
0	134	80	0.999437
1	134	21	0.999437
1	134	22	0.999437
1	134	37	0.999436
0	134	79	0.999436
1	134	59	0.999436
0	134	67	0.999436
1	134	21	0.999436
1	134	57	0.999436
0	134	66	0.999436
0	134	72	0.999436
0	134	85	0.999436
0	134	107	0.999436
1	134	56	0.999435
0	134	104	0.999435
0	134	76	0.999435
1	134	49	0.999435
0	134	126	0.999435
0	134	130	0.999435
1	134	18	0.999434
1	134	27	0.999434
0	134	110	0.999434
0	134	67	0.999434
1	134	41	0.999434
1	134	33	0.999433
0	134	107	0.999433
1	134	49	0.999433
0	134	93	0.999433
0	134	112	0.999433
0	134	76	0.999433
0	134	105	0.999433
0	134	72	0.999432
1	134	57	0.999432
1	134	57	0.999432
0	134	129	0.999432
0	134	95	0.999432
0	134	125	0.999432
1	134	52	0.999432
0	134	63	0.999431
0	134	111	0.999431
0	134	91	0.999431
0	134	90	0.999431
1	134	49	0.999431
0	134	69	0.999431
0	134	122	0.999431
0	134	72	0.999431
0	134	88	0.999431
0	134	105	0.999431
0	134	114	0.999431
0	134	126	0.999431
1	134	52	0.999431
1	134	22	0.99943
0	134	119	0.99943
1	134	44	0.99943
0	134	62	0.99943
0	134	124	0.99943
0	134	78	0.99943
0	134	77	0.999429
0	134	69	0.999429
0	134	80	0.999429
0	134	81	0.999429
1	134	34	0.999428
0	134	128	0.999428
1	134	56	0.999428
1	134	60	0.999428
1	134	38	0.999428
1	134	43	0.999428
1	134	41	0.999428
0	134	66	0.999427
1	134	52	0.999427
0	134	77	0.999427
0	134	82	0.999427
0	134	108	0.999426
0	134	122	0.999426
0	134	115	0.999426
1	134	45	0.999426
1	134	47	0.999426
0	134	67	0.999426
0	134	118	0.999425
0	134	95	0.999425
1	134	27	0.999425
1	134	57	0.999425
1	134	19	0.999425
1	134	43	0.999425
0	134	119	0.999424
0	134	86	0.999424
1	134	51	0.999424
1	134	59	0.999424
0	134	100	0.999424
0	134	125	0.999424
0	134	128	0.999423
0	134	80	0.999423
1	134	40	0.999423
1	134	39	0.999423
1	134	34	0.999422
0	134	77	0.999422
1	134	34	0.999422
0	134	109	0.999422
1	134	39	0.999422
0	134	97	0.999422
1	134	51	0.999421
0	134	103	0.999421
0	134	108	0.999421
0	134	96	0.999421
0	134	75	0.999421
0	134	103	0.999421
0	134	115	0.999421
1	134	29	0.999421
0	134	61	0.999421
1	134	41	0.999421
1	134	49	0.999421
0	134	100	0.99942
1	134	60	0.99942
0	134	99	0.99942
0	134	94	0.99942
0	134	79	0.999419
0	134	111	0.999419
1	134	48	0.999419
1	134	35	0.999419
0	134	64	0.999419
0	134	85	0.999418
0	134	76	0.999418
0	134	104	0.999418
0	134	92	0.999418
1	134	34	0.999418
0	134	63	0.999418
1	134	34	0.999417
0	134	133	0.999417
0	134	120	0.999417
0	134	72	0.999417
0	134	77	0.999417
0	134	69	0.999417
1	134	18	0.999417
1	134	35	0.999417
0	134	105	0.999417
1	134	22	0.999417
0	134	74	0.999417
1	134	36	0.999417
0	134	97	0.999417
0	134	124	0.999416
0	134	103	0.999416
1	134	18	0.999416
1	134	20	0.999416
1	134	40	0.999416
0	134	70	0.999415
1	134	38	0.999415
1	134	41	0.999415
0	134	133	0.999415
1	134	54	0.999415
1	134	23	0.999415
0	134	92	0.999415
1	134	50	0.999415
0	134	76	0.999414
0	134	114	0.999414
0	134	86	0.999414
1	134	51	0.999413
1	134	53	0.999413
0	134	76	0.999413
0	134	118	0.999413
1	134	55	0.999413
0	134	100	0.999413
1	134	32	0.999412
1	134	24	0.999412
0	134	72	0.999412
1	134	59	0.999412
0	134	116	0.999412
0	134	116	0.999412
0	134	100	0.999412
0	134	70	0.999411
1	134	38	0.999411
0	134	61	0.999411
0	134	107	0.999411
0	134	104	0.999411
0	134	87	0.99941
1	134	17	0.99941
1	134	19	0.99941
1	134	59	0.99941
0	134	132	0.999409
0	134	91	0.999409
0	134	92	0.999409
0	134	74	0.999409
0	134	61	0.999408
0	134	113	0.999408
0	134	117	0.999408
0	134	107	0.999408
1	134	52	0.999408
1	134	42	0.999408
1	134	48	0.999407
1	134	24	0.999407
1	134	51	0.999407
1	134	21	0.999407
1	134	58	0.999407
1	134	17	0.999407
1	134	40	0.999407
1	134	54	0.999407
0	134	76	0.999407
1	134	30	0.999407
0	134	88	0.999406
0	134	82	0.999406
1	134	52	0.999406
1	134	57	0.999406
0	134	125	0.999405
1	134	19	0.999405
0	134	120	0.999405
0	134	75	0.999405
0	134	92	0.999405
1	134	36	0.999404
0	134	83	0.999404
0	134	94	0.999404
1	134	46	0.999404
0	134	109	0.999404
0	134	85	0.999403
0	134	108	0.999403
0	134	86	0.999403
0	134	128	0.999403
0	134	90	0.999403
0	134	82	0.999403
1	134	28	0.999402
0	134	98	0.999402
0	134	79	0.999402
1	134	45	0.999402
0	134	90	0.999402
0	134	128	0.999402
1	134	25	0.999402
1	134	23	0.999401
0	134	63	0.999401
1	134	39	0.999401
1	134	28	0.999401
0	134	122	0.999401
0	134	121	0.999401
0	134	84	0.999401
0	134	118	0.9994
1	134	41	0.9994
1	134	25	0.9994
1	134	25	0.9994
0	134	74	0.9994
0	134	133	0.9994
0	134	61	0.999399
1	134	34	0.999399
0	134	100	0.999399
1	134	30	0.999399
1	134	25	0.999399
1	134	41	0.999399
1	134	55	0.999398
0	134	63	0.999397
1	134	28	0.999397
1	134	35	0.999397
1	134	42	0.999397
0	134	109	0.999397
1	134	32	0.999396
1	134	30	0.999396
1	134	37	0.999396
0	134	111	0.999396
0	134	127	0.999396
0	134	87	0.999396
0	134	79	0.999395
0	134	91	0.999395
0	134	93	0.999395
0	134	105	0.999395
1	134	27	0.999395
1	134	47	0.999395
0	134	88	0.999395
1	134	56	0.999395
1	134	25	0.999395
0	134	104	0.999395
0	134	80	0.999394
1	134	37	0.999394
0	134	75	0.999394
0	134	84	0.999394
0	134	69	0.999393
0	134	121	0.999393
0	134	129	0.999393
0	134	93	0.999392
0	134	106	0.999392
0	134	94	0.999392
1	134	21	0.999392
1	134	31	0.999392
0	134	88	0.999392
1	134	49	0.999392
0	134	104	0.999391
0	134	133	0.999391
0	134	105	0.999391
1	134	56	0.999391
1	134	37	0.99939
0	134	121	0.99939
1	134	57	0.99939
0	134	118	0.99939
1	134	45	0.999389
0	134	114	0.999389
0	134	111	0.999388
0	134	76	0.999387
1	134	35	0.999387
1	134	38	0.999387
0	134	123	0.999387
0	134	67	0.999387
0	134	71	0.999387
1	134	57	0.999387
0	134	125	0.999386
0	134	110	0.999386
0	134	70	0.999386
1	134	41	0.999386
0	134	90	0.999386
1	134	33	0.999386
1	134	34	0.999386
0	134	131	0.999386
0	134	115	0.999385
1	134	32	0.999385
1	134	49	0.999384
0	134	106	0.999384
0	134	105	0.999384
0	134	79	0.999384
0	134	65	0.999384
0	134	80	0.999384
0	134	76	0.999384
0	134	115	0.999383
0	134	82	0.999383
1	134	39	0.999383
0	134	113	0.999382
0	134	118	0.999382
1	134	22	0.999382
1	134	42	0.999382
0	134	89	0.999382
0	134	80	0.999382
0	134	75	0.999382
0	134	114	0.999382
1	134	34	0.999382
1	134	51	0.999381
0	134	84	0.999381
0	134	121	0.999381
0	134	101	0.999381
0	134	83	0.999381
1	134	26	0.999381
1	134	52	0.999381
1	134	34	0.99938
1	134	41	0.99938
0	134	111	0.99938
1	134	17	0.99938
1	134	26	0.99938
1	134	57	0.999379
1	134	49	0.999379
0	134	69	0.999379
0	134	119	0.999378
0	134	131	0.999378
0	134	121	0.999378
0	134	123	0.999378
0	134	118	0.999378
0	134	118	0.999378
0	134	116	0.999378
1	134	28	0.999378
0	134	101	0.999377
1	134	31	0.999377
1	134	49	0.999377
1	134	37	0.999377
0	134	75	0.999377
0	134	62	0.999377
1	134	50	0.999377
1	134	32	0.999377
0	134	73	0.999377
1	134	27	0.999377
0	134	64	0.999376
1	134	41	0.999375
0	134	76	0.999375
0	134	68	0.999375
0	134	96	0.999375
0	134	117	0.999374
0	134	90	0.999374
1	134	33	0.999374
1	134	19	0.999374
1	134	24	0.999374
0	134	105	0.999374
0	134	88	0.999374
1	134	43	0.999373
1	134	57	0.999373
1	134	45	0.999373
0	134	112	0.999372
0	134	77	0.999372
1	134	56	0.999372
1	134	26	0.999372
0	134	127	0.999372
0	134	133	0.999372
0	134	119	0.999372
1	134	32	0.999372
0	134	71	0.999372
0	134	112	0.999371
0	134	85	0.999371
1	134	27	0.999371
0	134	88	0.99937
1	134	57	0.99937
1	134	32	0.99937
0	134	128	0.99937
0	134	91	0.99937
0	134	102	0.99937
0	134	131	0.99937
1	134	42	0.99937
1	134	22	0.999369
0	134	74	0.999369
1	134	28	0.999369
0	134	118	0.999369
1	134	56	0.999368
1	134	42	0.999368
1	134	39	0.999368
1	134	34	0.999368
1	134	33	0.999368
0	134	72	0.999367
1	134	39	0.999367
1	134	36	0.999367
0	134	116	0.999367
0	134	95	0.999367
0	134	73	0.999367
0	134	95	0.999367
0	134	133	0.999367
1	134	58	0.999367
0	134	70	0.999367
1	134	52	0.999366
1	134	46	0.999366
1	134	21	0.999366
0	134	66	0.999366
1	134	36	0.999366
0	134	60	0.999365
0	134	82	0.999365
0	134	95	0.999365
1	134	33	0.999365
0	134	112	0.999365
1	134	31	0.999364
1	134	20	0.999364
1	134	23	0.999364
0	134	64	0.999364
1	134	24	0.999363
0	134	76	0.999363
0	134	127	0.999363
0	134	104	0.999363
0	134	79	0.999363
0	134	92	0.999363
0	134	79	0.999363
0	134	118	0.999363
0	134	128	0.999362
1	134	50	0.999362
0	134	127	0.999362
0	134	62	0.999362
0	134	62	0.999362
1	134	30	0.999362
1	134	47	0.999362
0	134	132	0.999362
1	134	44	0.999361
0	134	61	0.999361
0	134	107	0.999361
0	134	121	0.999361
1	134	20	0.999361
0	134	103	0.99936
0	134	64	0.99936
0	134	102	0.99936
0	134	85	0.99936
0	134	84	0.99936
0	134	132	0.99936
0	134	60	0.999359
1	134	31	0.999358
0	134	69	0.999358
0	134	72	0.999358
1	134	17	0.999358
0	134	120	0.999358
1	134	53	0.999358
0	134	115	0.999358
0	134	87	0.999358
1	134	57	0.999357
0	134	61	0.999357
1	134	56	0.999357
0	134	84	0.999356
0	134	76	0.999356
1	134	54	0.999356
1	134	53	0.999355
1	134	53	0.999355
0	134	65	0.999355
1	134	17	0.999355
1	134	19	0.999354
0	134	59	0.999354
1	134	50	0.999354
0	134	101	0.999354
1	134	56	0.999354
0	134	73	0.999354
0	134	74	0.999354
0	134	125	0.999354
0	134	111	0.999354
0	134	119	0.999354
0	134	66	0.999353
0	134	77	0.999353
0	134	109	0.999353
0	134	114	0.999353
0	134	115	0.999353
0	134	123	0.999353
1	134	27	0.999353
1	134	54	0.999353
1	134	23	0.999353
0	134	63	0.999353
1	134	30	0.999353
0	134	97	0.999353
0	134	121	0.999353
1	134	47	0.999352
1	134	23	0.999352
0	134	78	0.999352
1	134	27	0.999352
0	134	106	0.999352
1	134	24	0.999352
0	134	87	0.999351
0	134	131	0.999351
0	134	108	0.999351
0	134	129	0.999351
1	134	34	0.999351
0	134	64	0.999351
1	134	32	0.999351
0	134	69	0.999351
1	134	54	0.99935
1	134	48	0.99935
1	134	39	0.99935
0	134	107	0.999349
0	134	85	0.999349
0	134	79	0.999349
0	134	76	0.999349
1	134	25	0.999349
0	134	125	0.999349
0	134	73	0.999348
0	134	81	0.999348
1	134	47	0.999348
0	134	112	0.999348
1	134	24	0.999348
0	134	120	0.999348
1	134	53	0.999348
1	134	22	0.999348
0	134	84	0.999348
0	134	106	0.999348
0	134	128	0.999347
1	134	37	0.999347
1	134	47	0.999347
0	134	132	0.999347
1	134	22	0.999347
1	134	35	0.999347
0	134	109	0.999347
0	134	131	0.999347
0	134	125	0.999347
1	134	31	0.999347
0	134	70	0.999346
1	134	31	0.999346
1	134	39	0.999346
1	134	56	0.999346
1	134	17	0.999346
0	134	104	0.999346
1	134	37	0.999346
0	134	87	0.999345
0	134	120	0.999345
1	134	26	0.999345
0	134	125	0.999345
1	134	33	0.999344
0	134	80	0.999344
1	134	30	0.999344
0	134	76	0.999343
0	134	84	0.999343
1	134	19	0.999343
1	134	54	0.999343
0	134	106	0.999343
0	134	74	0.999343
0	134	84	0.999343
0	134	76	0.999343
1	134	45	0.999343
0	134	114	0.999343
1	134	40	0.999343
0	134	110	0.999343
1	134	19	0.999342
0	134	96	0.999342
0	134	78	0.999341
0	134	93	0.999341
1	134	55	0.999341
1	134	22	0.999341
0	134	78	0.99934
1	134	19	0.99934
0	134	110	0.99934
0	134	81	0.99934
0	134	98	0.999339
0	134	121	0.999339
0	134	125	0.999339
0	134	92	0.999339
0	134	88	0.999339
0	134	120	0.999339
1	134	24	0.999339
0	134	115	0.999338
0	134	89	0.999338
1	134	30	0.999338
0	134	80	0.999338
0	134	132	0.999338
0	134	130	0.999338
1	134	27	0.999338
1	134	38	0.999338
0	134	111	0.999337
0	134	114	0.999337
0	134	70	0.999337
0	134	98	0.999337
0	134	101	0.999337
0	134	64	0.999337
1	134	41	0.999337
0	134	86	0.999337
0	134	123	0.999336
0	134	122	0.999336
0	134	130	0.999336
0	134	116	0.999336
1	134	44	0.999336
0	134	83	0.999336
1	134	26	0.999336
0	134	83	0.999335
1	134	24	0.999335
1	134	46	0.999335
1	134	18	0.999335
1	134	42	0.999335
0	134	85	0.999334
0	134	89	0.999334
0	134	127	0.999333
0	134	95	0.999333
0	134	101	0.999333
0	134	107	0.999333
0	134	130	0.999333
0	134	129	0.999333
1	134	36	0.999333
0	134	63	0.999333
1	134	22	0.999332
1	134	42	0.999332
1	134	54	0.999332
0	134	86	0.999332
1	134	50	0.999332
1	134	29	0.999332
1	134	29	0.999331
1	134	42	0.999331
0	134	106	0.999331
0	134	92	0.999331
0	134	125	0.99933
1	134	28	0.99933
1	134	51	0.99933
0	134	88	0.99933
1	134	24	0.99933
0	134	90	0.99933
0	134	77	0.99933
0	134	120	0.99933
0	134	62	0.999329
0	134	80	0.999329
0	134	83	0.999329
0	134	77	0.999329
1	134	54	0.999329
0	134	70	0.999329
0	134	61	0.999329
0	134	68	0.999329
0	134	102	0.999328
0	134	105	0.999328
1	134	35	0.999328
0	134	132	0.999328
0	134	84	0.999328
0	134	112	0.999328
1	134	40	0.999328
0	134	103	0.999327
1	134	27	0.999327
0	134	66	0.999327
0	134	63	0.999327
1	134	24	0.999327
1	134	26	0.999327
0	134	116	0.999327
0	134	58	0.999326
0	134	113	0.999326
0	134	114	0.999326
1	134	32	0.999326
0	134	98	0.999326
1	134	40	0.999325
0	134	91	0.999325
0	134	124	0.999325
1	134	19	0.999325
0	134	67	0.999325
0	134	63	0.999325
0	134	97	0.999324
0	134	89	0.999324
0	134	116	0.999324
0	134	103	0.999324
0	134	124	0.999324
0	134	89	0.999323
0	134	70	0.999323
1	134	39	0.999323
0	134	81	0.999323
0	134	127	0.999323
0	134	72	0.999323
0	134	107	0.999323
1	134	42	0.999323
0	134	116	0.999323
1	134	49	0.999323
1	134	23	0.999323
0	134	124	0.999323
0	134	75	0.999322
0	134	101	0.999322
0	134	68	0.999322
0	134	75	0.999322
0	134	132	0.999322
0	134	85	0.999322
0	134	60	0.999322
1	134	28	0.999322
0	134	118	0.999322
0	134	80	0.999321
0	134	100	0.999321
1	134	37	0.999321
0	134	112	0.999321
0	134	66	0.999321
0	134	62	0.999321
0	134	113	0.99932
1	134	37	0.99932
0	134	77	0.99932
0	134	105	0.99932
0	134	114	0.99932
0	134	92	0.999319
1	134	46	0.999319
1	134	28	0.999319
0	134	63	0.999319
0	134	111	0.999318
0	134	60	0.999318
1	134	29	0.999318
1	134	22	0.999318
1	134	41	0.999318
0	134	79	0.999318
0	134	62	0.999318
0	134	79	0.999318
0	134	80	0.999317
1	134	18	0.999317
0	134	122	0.999317
0	134	81	0.999317
0	134	65	0.999316
1	134	22	0.999316
0	134	62	0.999316
0	134	124	0.999316
1	134	57	0.999315
0	134	117	0.999315
1	134	19	0.999315
0	134	94	0.999315
0	134	66	0.999315
0	134	115	0.999315
0	134	114	0.999314
1	134	34	0.999314
0	134	118	0.999314
0	134	128	0.999313
0	134	117	0.999313
0	134	105	0.999313
1	134	39	0.999313
0	134	121	0.999313
1	134	45	0.999313
0	134	103	0.999313
1	134	20	0.999313
0	134	104	0.999313
1	134	44	0.999313
0	134	122	0.999312
0	134	88	0.999312
0	134	99	0.999312
0	134	104	0.999312
0	134	123	0.999312
1	134	30	0.999312
0	134	60	0.999311
1	134	22	0.999311
1	134	35	0.999311
0	134	71	0.999311
1	134	57	0.999311
1	134	52	0.999311
1	134	56	0.99931
0	134	78	0.99931
0	134	88	0.999309
0	134	107	0.999309
0	134	94	0.999309
1	134	50	0.999309
1	134	41	0.999309
1	134	35	0.999309
1	134	28	0.999309
1	134	55	0.999309
1	134	55	0.999309
0	134	59	0.999308
0	134	74	0.999308
1	134	36	0.999308
1	134	38	0.999308
0	134	127	0.999308
0	134	62	0.999308
0	134	94	0.999308
0	134	131	0.999308
0	134	77	0.999308
0	134	105	0.999307
0	134	59	0.999307
0	134	107	0.999307
1	134	40	0.999307
0	134	107	0.999307
0	134	124	0.999306
1	134	56	0.999306
0	134	117	0.999306
1	134	23	0.999306
1	134	37	0.999306
1	134	48	0.999306
0	134	130	0.999306
0	134	64	0.999306
0	134	129	0.999306
1	134	57	0.999305
1	134	33	0.999305
0	134	118	0.999305
0	134	85	0.999305
1	134	24	0.999305
0	134	99	0.999305
0	134	119	0.999305
1	134	20	0.999305
0	134	131	0.999305
0	134	98	0.999304
1	134	43	0.999304
1	134	41	0.999304
1	134	41	0.999304
0	134	62	0.999304
1	134	36	0.999304
1	134	28	0.999304
1	134	40	0.999304
0	134	114	0.999304
0	134	127	0.999304
0	134	85	0.999304
0	134	103	0.999304
0	134	96	0.999304
0	134	62	0.999303
0	134	104	0.999303
0	134	123	0.999303
1	134	32	0.999302
0	134	111	0.999302
0	134	76	0.999302
0	134	73	0.999302
1	134	30	0.999302
0	134	107	0.999302
0	134	106	0.999302
0	134	110	0.999302
1	134	20	0.999302
0	134	131	0.999302
1	134	18	0.999301
0	134	108	0.999301
0	134	111	0.999301
0	134	69	0.999301
0	134	114	0.999301
0	134	78	0.9993
1	134	35	0.9993
1	134	50	0.9993
0	134	133	0.999299
0	134	86	0.999299
1	134	17	0.999299
0	134	83	0.999299
0	134	118	0.999299
1	134	48	0.999299
0	134	83	0.999299
0	134	129	0.999299
1	134	27	0.999299
0	134	105	0.999298
1	134	34	0.999298
0	134	68	0.999298
0	134	117	0.999298
0	134	68	0.999297
0	134	66	0.999297
0	134	59	0.999297
0	134	105	0.999296
1	134	41	0.999295
0	134	109	0.999295
0	134	133	0.999295
0	134	130	0.999295
0	134	70	0.999295
0	134	67	0.999295
0	134	65	0.999295
1	134	48	0.999295
1	134	27	0.999295
0	134	127	0.999295
0	134	97	0.999294
1	134	31	0.999294
0	134	126	0.999294
0	134	106	0.999294
0	134	98	0.999294
0	134	115	0.999294
1	134	37	0.999294
1	134	20	0.999293
1	134	25	0.999293
0	134	73	0.999293
0	134	93	0.999293
0	134	125	0.999293
0	134	60	0.999292
0	134	75	0.999292
1	134	19	0.999292
0	134	60	0.999292
1	134	37	0.999292
1	134	30	0.999291
0	134	131	0.999291
1	134	30	0.999291
0	134	125	0.999291
1	134	49	0.999291
1	134	28	0.999291
1	134	36	0.99929
1	134	23	0.99929
0	134	125	0.99929
1	134	44	0.99929
0	134	66	0.99929
0	134	61	0.999289
1	134	41	0.999289
0	134	57	0.999289
1	134	54	0.999289
0	134	73	0.999289
0	134	77	0.999289
0	134	85	0.999289
1	134	22	0.999289
1	134	56	0.999289
0	134	62	0.999288
0	134	116	0.999288
0	134	83	0.999288
0	134	84	0.999287
0	134	114	0.999287
1	134	55	0.999287
1	134	49	0.999287
0	134	98	0.999286
0	134	57	0.999286
0	134	94	0.999286
0	134	58	0.999286
0	134	95	0.999285
1	134	43	0.999285
1	134	21	0.999285
0	134	102	0.999285
0	134	116	0.999285
0	134	58	0.999285
0	134	81	0.999285
0	134	76	0.999284
0	134	107	0.999284
0	134	90	0.999284
0	134	101	0.999284
0	134	94	0.999284
0	134	69	0.999284
0	134	104	0.999284
0	134	68	0.999284
0	134	84	0.999284
0	134	104	0.999284
0	134	106	0.999283
1	134	55	0.999283
0	134	70	0.999283
1	134	39	0.999283
0	134	106	0.999283
0	134	94	0.999282
1	134	27	0.999282
0	134	108	0.999282
0	134	132	0.999282
0	134	127	0.999281
1	134	26	0.999281
0	134	84	0.999281
0	134	76	0.999281
0	134	133	0.999281
0	134	112	0.999281
0	134	116	0.999281
1	134	50	0.999281
1	134	29	0.999281
1	134	36	0.999281
0	134	123	0.99928
0	134	76	0.99928
0	134	113	0.99928
1	134	33	0.99928
0	134	96	0.99928
0	134	61	0.99928
1	134	37	0.99928
1	134	54	0.99928
1	134	32	0.999279
0	134	126	0.999279
1	134	20	0.999279
0	134	95	0.999279
1	134	27	0.999279
1	134	53	0.999279
1	134	18	0.999279
1	134	55	0.999279
0	134	132	0.999279
1	134	26	0.999279
0	134	109	0.999279
0	134	120	0.999279
1	134	31	0.999279
0	134	117	0.999278
0	134	129	0.999278
0	134	79	0.999278
1	134	32	0.999278
1	134	55	0.999278
1	134	45	0.999278
0	134	98	0.999277
0	134	103	0.999277
1	134	23	0.999276
0	134	124	0.999276
0	134	120	0.999276
0	134	74	0.999276
0	134	114	0.999276
0	134	90	0.999276
0	134	122	0.999276
0	134	98	0.999276
0	134	119	0.999276
0	134	118	0.999276
1	134	41	0.999275
0	134	131	0.999275
0	134	108	0.999274
0	134	101	0.999274
0	134	82	0.999274
0	134	108	0.999274
1	134	56	0.999274
0	134	84	0.999274
0	134	83	0.999274
0	134	119	0.999274
0	134	106	0.999274
0	134	123	0.999274
0	134	112	0.999274
0	134	106	0.999273
0	134	66	0.999273
1	134	36	0.999273
0	134	117	0.999273
0	134	130	0.999273
1	134	29	0.999272
0	134	85	0.999272
1	134	54	0.999272
1	134	20	0.999272
1	134	41	0.999272
1	134	20	0.999272
0	134	111	0.999272
0	134	117	0.999271
0	134	60	0.999271
1	134	53	0.999271
1	134	45	0.999271
0	134	97	0.99927
1	134	52	0.999269
0	134	91	0.999269
0	134	89	0.999269
1	134	26	0.999269
0	134	95	0.999269
0	134	130	0.999269
0	134	87	0.999269
1	134	32	0.999268
1	134	21	0.999268
0	134	94	0.999268
0	134	82	0.999267
0	134	77	0.999267
0	134	120	0.999267
1	134	24	0.999267
1	134	21	0.999266
0	134	57	0.999266
1	134	20	0.999266
1	134	42	0.999266
0	134	130	0.999266
0	134	91	0.999266
0	134	62	0.999266
0	134	63	0.999266
0	134	72	0.999265
0	134	78	0.999265
1	134	21	0.999265
1	134	19	0.999265
0	134	106	0.999265
0	134	79	0.999265
0	134	77	0.999265
0	134	104	0.999265
0	134	115	0.999264
1	134	29	0.999264
1	134	37	0.999264
0	134	92	0.999264
0	134	131	0.999264
0	134	94	0.999264
0	134	115	0.999264
0	134	74	0.999264
0	134	117	0.999263
0	134	127	0.999263
0	134	76	0.999263
0	134	130	0.999262
0	134	112	0.999262
0	134	97	0.999261
0	134	114	0.999261
1	134	25	0.999261
0	134	130	0.99926
1	134	23	0.99926
1	134	31	0.99926
1	134	30	0.99926
0	134	60	0.99926
1	134	19	0.99926
0	134	58	0.99926
1	134	50	0.999259
1	134	35	0.999259
0	134	78	0.999259
1	134	43	0.999259
0	134	61	0.999259
0	134	85	0.999259
0	134	117	0.999259
0	134	110	0.999258
1	134	18	0.999258
0	134	89	0.999258
0	134	84	0.999258
1	134	36	0.999258
0	134	59	0.999258
0	134	90	0.999257
0	134	132	0.999257
1	134	30	0.999257
1	134	38	0.999257
0	134	94	0.999256
1	134	21	0.999256
0	134	100	0.999256
1	134	53	0.999256
0	134	60	0.999255
0	134	122	0.999255
0	134	105	0.999255
0	134	107	0.999255
0	134	128	0.999255
0	134	120	0.999255
1	134	29	0.999255
0	134	126	0.999255
0	134	94	0.999254
0	134	61	0.999254
1	134	17	0.999254
0	134	97	0.999254
1	134	34	0.999254
0	134	86	0.999254
0	134	100	0.999254
0	134	86	0.999254
1	134	21	0.999253
0	134	81	0.999253
1	134	38	0.999253
1	134	22	0.999253
0	134	79	0.999253
0	134	57	0.999253
1	134	52	0.999252
0	134	102	0.999252
0	134	126	0.999252
0	134	101	0.999252
0	134	108	0.999252
0	134	130	0.999251
0	134	83	0.999251
1	134	53	0.999251
0	134	97	0.999251
1	134	19	0.999251
0	134	71	0.999251
0	134	104	0.99925
0	134	78	0.99925
1	134	31	0.99925
1	134	18	0.99925
0	134	130	0.99925
1	134	42	0.99925
1	134	47	0.999249
1	134	50	0.999249
0	134	112	0.999249
0	134	128	0.999249
0	134	94	0.999249
0	134	84	0.999249
0	134	64	0.999249
0	134	72	0.999249
0	134	92	0.999249
0	134	114	0.999248
1	134	27	0.999248
0	134	131	0.999248
0	134	105	0.999248
1	134	21	0.999248
0	134	63	0.999248
0	134	101	0.999247
1	134	45	0.999247
0	134	65	0.999247
0	134	126	0.999247
0	134	79	0.999246
0	134	107	0.999246
1	134	34	0.999246
0	134	93	0.999246
0	134	108	0.999246
0	134	60	0.999246
0	134	95	0.999246
1	134	32	0.999245
0	134	102	0.999245
0	134	132	0.999245
0	134	115	0.999245
1	134	43	0.999245
0	134	130	0.999245
0	134	64	0.999244
0	134	129	0.999244
0	134	88	0.999244
0	134	57	0.999243
0	134	111	0.999243
0	134	123	0.999243
0	134	120	0.999243
0	134	131	0.999243
1	134	42	0.999243
0	134	93	0.999242
0	134	117	0.999242
1	134	26	0.999242
1	134	54	0.999241
0	134	92	0.999241
1	134	45	0.999241
1	134	17	0.999241
1	134	38	0.99924
1	134	30	0.99924
0	134	72	0.99924
0	134	68	0.99924
1	134	31	0.99924
0	134	100	0.99924
0	134	72	0.99924
0	134	83	0.99924
0	134	124	0.999239
0	134	119	0.999239
0	134	74	0.999239
1	134	21	0.999238
1	134	18	0.999238
0	134	60	0.999238
1	134	43	0.999237
1	134	43	0.999237
0	134	101	0.999237
0	134	120	0.999237
1	134	20	0.999236
0	134	66	0.999236
0	134	122	0.999236
1	134	35	0.999236
0	134	82	0.999236
0	134	91	0.999236
0	134	61	0.999235
0	134	79	0.999235
0	134	79	0.999235
0	134	106	0.999235
0	134	78	0.999235
1	134	35	0.999235
1	134	27	0.999235
1	134	54	0.999235
0	134	107	0.999235
0	134	112	0.999235
1	134	36	0.999235
0	134	110	0.999235
0	134	132	0.999235
0	134	60	0.999235
0	134	81	0.999235
1	134	39	0.999235
0	134	130	0.999234
1	134	38	0.999234
1	134	37	0.999234
0	134	106	0.999234
0	134	98	0.999234
0	134	98	0.999234
0	134	112	0.999234
0	134	79	0.999233
1	134	31	0.999233
1	134	35	0.999233
1	134	54	0.999233
1	134	27	0.999233
1	134	44	0.999232
0	134	70	0.999232
1	134	56	0.999232
0	134	61	0.999232
1	134	45	0.999232
1	134	35	0.999232
0	134	131	0.999232
1	134	44	0.999232
0	134	133	0.999232
0	134	127	0.999232
0	134	105	0.999231
1	134	29	0.999231
0	134	70	0.999231
1	134	31	0.999231
0	134	80	0.999231
0	134	104	0.999231
0	134	128	0.999231
1	134	32	0.999231
0	134	103	0.99923
0	134	109	0.99923
0	134	91	0.99923
0	134	88	0.99923
0	134	84	0.99923
1	134	49	0.99923
0	134	58	0.99923
0	134	58	0.99923
0	134	94	0.99923
0	134	87	0.99923
1	134	21	0.99923
0	134	98	0.99923
0	134	81	0.99923
0	134	96	0.99923
0	134	75	0.99923
0	134	128	0.99923
0	134	76	0.999229
0	134	78	0.999228
0	134	118	0.999228
0	134	124	0.999228
0	134	89	0.999228
0	134	96	0.999227
0	134	59	0.999227
1	134	35	0.999227
1	134	34	0.999227
0	134	114	0.999227
0	134	123	0.999227
1	134	46	0.999226
0	134	103	0.999226
0	134	106	0.999226
0	134	122	0.999226
0	134	100	0.999226
0	134	101	0.999225
0	134	80	0.999225
1	134	30	0.999225
1	134	42	0.999225
0	134	98	0.999224
0	134	66	0.999224
0	134	122	0.999224
0	134	98	0.999224
0	134	93	0.999224
0	134	93	0.999224
0	134	78	0.999224
0	134	86	0.999224
0	134	90	0.999224
0	134	103	0.999223
0	134	114	0.999223
0	134	122	0.999223
0	134	82	0.999223
0	134	88	0.999223
1	134	21	0.999222
1	134	44	0.999222
0	134	91	0.999222
0	134	75	0.999222
0	134	131	0.999222
0	134	105	0.999222
0	134	106	0.999221
0	134	67	0.999221
0	134	71	0.999221
0	134	105	0.999221
0	134	106	0.999221
0	134	85	0.999221
0	134	107	0.999221
0	134	96	0.99922
0	134	63	0.99922
0	134	71	0.99922
1	134	28	0.99922
1	134	49	0.999219
1	134	20	0.999219
0	134	130	0.999219
0	134	78	0.999219
0	134	107	0.999218
0	134	111	0.999218
0	134	63	0.999218
0	134	65	0.999218
0	134	86	0.999218
0	134	62	0.999218
0	134	106	0.999217
0	134	125	0.999217
1	134	56	0.999217
1	134	50	0.999217
0	134	126	0.999216
0	134	82	0.999215
1	134	36	0.999215
1	134	43	0.999215
1	134	38	0.999215
0	134	131	0.999214
0	134	84	0.999214
0	134	98	0.999214
0	134	82	0.999214
0	134	95	0.999213
1	134	40	0.999213
0	134	69	0.999213
0	134	97	0.999212
0	134	133	0.999212
0	134	109	0.999212
0	134	109	0.999211
1	134	37	0.999211
0	134	115	0.999211
0	134	112	0.999211
1	134	26	0.999211
1	134	54	0.999211
1	134	33	0.99921
0	134	65	0.99921
0	134	63	0.99921
0	134	65	0.99921
0	134	98	0.99921
1	134	22	0.99921
1	134	36	0.99921
0	134	130	0.99921
1	134	52	0.99921
1	134	36	0.99921
0	134	132	0.99921
0	134	60	0.99921
0	134	103	0.99921
1	134	47	0.99921
0	134	72	0.99921
0	134	60	0.99921
1	134	19	0.999209
1	134	30	0.999209
0	134	102	0.999209
0	134	60	0.999209
1	134	17	0.999209
0	134	94	0.999208
0	134	95	0.999208
0	134	104	0.999208
0	134	61	0.999208
0	134	79	0.999208
0	134	58	0.999208
0	134	96	0.999207
0	134	80	0.999207
1	134	37	0.999207
0	134	100	0.999206
0	134	57	0.999206
0	134	69	0.999206
0	134	60	0.999206
0	134	81	0.999206
0	134	75	0.999206
0	134	120	0.999206
0	134	93	0.999206
0	134	102	0.999206
0	134	90	0.999205
1	134	55	0.999205
0	134	74	0.999205
0	134	131	0.999205
0	134	95	0.999205
0	134	129	0.999205
1	134	46	0.999205
0	134	65	0.999205
0	134	67	0.999205
0	134	100	0.999205
1	134	34	0.999205
0	134	81	0.999205
0	134	61	0.999205
1	134	40	0.999205
1	134	42	0.999205
1	134	34	0.999205
0	134	116	0.999204
0	134	103	0.999204
0	134	72	0.999203
0	134	128	0.999203
0	134	92	0.999203
0	134	126	0.999203
0	134	101	0.999203
0	134	103	0.999202
0	134	82	0.999202
0	134	102	0.999202
0	134	102	0.999202
0	134	80	0.999202
0	134	120	0.999201
0	134	63	0.999201
0	134	132	0.999201
1	134	53	0.9992
0	134	83	0.9992
0	134	80	0.9992
1	134	37	0.9992
1	134	42	0.9992
0	134	65	0.9992
1	134	22	0.9992
0	134	70	0.9992
1	134	26	0.9992
0	134	81	0.9992
0	134	88	0.9992
0	134	101	0.9992
0	134	93	0.9992
0	134	115	0.9992
1	134	43	0.9992
1	134	40	0.999199
1	134	32	0.999199
0	134	63	0.999199
0	134	127	0.999198
1	134	52	0.999198
1	134	32	0.999198
1	134	22	0.999198
0	134	83	0.999198
0	134	118	0.999197
0	134	63	0.999197
1	134	36	0.999196
0	134	129	0.999196
0	134	127	0.999196
0	134	65	0.999196
0	134	62	0.999196
0	134	118	0.999196
1	134	28	0.999196
0	134	96	0.999196
1	134	46	0.999196
0	134	83	0.999196
0	134	80	0.999196
0	134	79	0.999196
1	134	46	0.999196
0	134	71	0.999195
0	134	102	0.999195
1	134	52	0.999195
1	134	19	0.999195
1	134	20	0.999195
0	134	76	0.999195
0	134	86	0.999195
1	134	49	0.999195
0	134	107	0.999195
1	134	46	0.999195
0	134	81	0.999194
0	134	99	0.999194
0	134	71	0.999194
0	134	103	0.999194
0	134	133	0.999194
0	134	68	0.999194
1	134	22	0.999194
1	134	18	0.999194
0	134	122	0.999194
1	134	31	0.999194
1	134	34	0.999193
0	134	96	0.999192
1	134	54	0.999192
1	134	53	0.999192
0	134	90	0.999191
1	134	23	0.999191
1	134	54	0.999191
1	134	48	0.999191
0	134	77	0.999191
1	134	45	0.999191
1	134	50	0.999191
0	134	75	0.999191
0	134	96	0.999191
1	134	40	0.999191
1	134	42	0.999191
0	134	90	0.999191
0	134	96	0.99919
0	134	107	0.99919
1	134	49	0.99919
1	134	19	0.99919
0	134	126	0.99919
0	134	120	0.99919
0	134	62	0.999189
0	134	125	0.999189
1	134	56	0.999189
1	134	44	0.999188
0	134	88	0.999188
1	134	47	0.999188
1	134	54	0.999188
0	134	96	0.999188
1	134	56	0.999187
1	134	56	0.999187
0	134	112	0.999187
0	134	60	0.999187
0	134	114	0.999187
1	134	49	0.999186
0	134	119	0.999186
1	134	45	0.999186
1	134	37	0.999186
0	134	66	0.999186
0	134	122	0.999185
1	134	47	0.999185
0	134	76	0.999185
0	134	130	0.999185
0	134	74	0.999185
0	134	105	0.999184
0	134	64	0.999184
0	134	116	0.999184
0	134	119	0.999183
0	134	103	0.999183
1	134	54	0.999182
0	134	97	0.999182
0	134	121	0.999182
0	134	80	0.999182
1	134	29	0.999181
0	134	84	0.999181
0	134	86	0.999181
0	134	96	0.999181
0	134	107	0.999181
1	134	52	0.999181
0	134	91	0.999181
0	134	78	0.999181
0	134	125	0.999181
1	134	33	0.999181
0	134	107	0.99918
0	134	72	0.99918
0	134	61	0.99918
1	134	17	0.99918
0	134	111	0.999179
1	134	33	0.999179
0	134	120	0.999179
1	134	32	0.999179
0	134	71	0.999179
0	134	104	0.999179
0	134	72	0.999179
0	134	132	0.999179
1	134	24	0.999179
1	134	49	0.999178
0	134	98	0.999178
1	134	20	0.999178
1	134	35	0.999177
1	134	38	0.999177
0	134	106	0.999177
1	134	40	0.999177
0	134	68	0.999177
0	134	79	0.999177
0	134	59	0.999177
0	134	82	0.999177
0	134	79	0.999176
0	134	104	0.999176
0	134	69	0.999176
1	134	53	0.999176
0	134	112	0.999176
1	134	56	0.999176
1	134	28	0.999176
0	134	79	0.999176
0	134	107	0.999176
0	134	66	0.999176
1	134	40	0.999175
1	134	32	0.999175
1	134	28	0.999175
1	134	31	0.999175
0	134	78	0.999174
0	134	82	0.999173
1	134	25	0.999173
0	134	108	0.999173
0	134	59	0.999173
0	134	68	0.999173
1	134	35	0.999173
0	134	88	0.999173
0	134	108	0.999173
1	134	54	0.999172
0	134	73	0.999172
1	134	44	0.999172
0	134	89	0.999172
0	134	114	0.999172
0	134	88	0.999171
1	134	53	0.999171
0	134	92	0.999171
0	134	94	0.999171
0	134	98	0.999171
1	134	42	0.999171
1	134	53	0.999171
0	134	74	0.99917
0	134	57	0.99917
1	134	22	0.99917
1	134	28	0.99917
0	134	106	0.99917
0	134	117	0.999169
0	134	83	0.999169
0	134	108	0.999169
0	134	119	0.999169
0	134	83	0.999169
