7810.1
0.00340387
105
1	357	348	0.999802
1	357	145	0.999703
1	357	291	0.999407
1	357	258	0.998764
1	357	91	0.997629
1	357	207	0.996149
1	357	251	0.995066
1	357	58	0.994476
1	357	66	0.993984
1	357	126	0.993935
1	357	61	0.993591
0	357	320	0.992707
1	357	258	0.992167
0	357	308	0.991284
1	357	32	0.991039
0	357	287	0.99099
0	357	295	0.990891
0	357	299	0.99045
1	357	145	0.990157
1	357	70	0.989814
0	357	320	0.98908
0	357	349	0.98908
0	357	269	0.98864
0	357	330	0.987027
0	357	336	0.986734
0	357	280	0.986686
1	357	104	0.986637
0	357	314	0.986246
1	357	45	0.985808
0	357	271	0.985369
1	357	64	0.98532
0	357	276	0.985223
1	357	173	0.984833
0	357	203	0.984297
0	357	330	0.984248
0	357	332	0.983421
1	357	142	0.983227
1	357	31	0.982497
1	357	45	0.982206
1	357	171	0.982157
1	357	143	0.982012
0	357	275	0.981429
0	357	202	0.98138
1	357	135	0.980992
0	357	257	0.980944
1	357	129	0.980556
1	357	36	0.980216
0	357	207	0.980022
0	357	296	0.979877
1	357	46	0.979635
1	357	139	0.979635
1	357	60	0.978714
1	357	85	0.978182
1	357	75	0.978134
0	357	346	0.977553
1	357	138	0.977312
0	357	163	0.975235
0	357	213	0.975139
0	357	212	0.974416
0	357	159	0.973982
1	357	61	0.973597
0	357	232	0.973404
1	357	122	0.973211
0	357	195	0.972057
0	357	326	0.972009
1	357	106	0.971528
0	357	336	0.971432
0	357	253	0.971384
1	357	143	0.970616
1	357	135	0.967596
0	357	142	0.967596
0	357	231	0.967261
1	357	28	0.967165
1	357	111	0.965683
0	357	226	0.965301
1	357	110	0.965254
0	357	148	0.965206
0	357	279	0.96449
0	357	188	0.964395
0	357	248	0.963298
1	357	86	0.962965
0	357	223	0.961204
1	357	35	0.961204
1	357	48	0.961204
1	357	118	0.960966
0	357	343	0.960871
0	357	225	0.960681
0	357	297	0.960681
0	357	339	0.960586
1	357	57	0.959731
1	357	72	0.959257
1	357	45	0.959209
0	357	301	0.959162
1	357	93	0.959114
0	357	170	0.958498
0	357	264	0.957598
0	357	341	0.956698
0	357	178	0.956272
0	357	127	0.955847
1	357	34	0.95476
0	357	334	0.95391
0	357	330	0.952637
1	357	88	0.952402
0	357	142	0.952308
0	357	238	0.952308
