3716.14
0.0023207
100
1	183	89	0.999707
1	183	39	0.999073
1	183	166	0.998488
1	183	155	0.998293
1	183	55	0.997611
1	183	154	0.997124
0	183	175	0.996248
1	183	134	0.995373
0	183	179	0.994498
1	183	130	0.994013
1	183	133	0.993916
0	183	162	0.99377
0	183	174	0.99188
1	183	37	0.991638
1	183	73	0.990187
1	183	99	0.989075
1	183	27	0.988979
1	183	17	0.988544
1	183	67	0.988448
0	183	124	0.988158
1	183	79	0.98811
0	183	175	0.987338
1	183	70	0.986953
0	183	117	0.986905
1	183	63	0.985557
1	183	46	0.98522
0	183	134	0.984931
1	183	70	0.984835
1	183	16	0.984451
0	183	118	0.984354
0	183	145	0.984114
0	183	160	0.984066
1	183	81	0.983778
1	183	62	0.981523
1	183	90	0.981475
1	183	21	0.980948
1	183	66	0.979991
1	183	51	0.979465
0	183	133	0.9787
1	183	74	0.978079
0	183	132	0.97784
1	183	25	0.97784
1	183	47	0.97784
1	183	66	0.977268
0	183	135	0.977077
0	183	86	0.976886
0	183	84	0.974885
0	183	165	0.974742
0	183	95	0.974647
1	183	37	0.974504
1	183	15	0.974171
0	183	144	0.973648
0	183	136	0.973458
1	183	47	0.972935
1	183	42	0.97284
0	183	141	0.972745
1	183	76	0.972128
1	183	53	0.971369
1	183	18	0.970611
0	183	174	0.970374
0	183	128	0.969853
0	183	173	0.969758
0	183	142	0.969711
0	183	123	0.969663
0	183	155	0.969427
1	183	27	0.968906
0	183	122	0.968433
0	183	159	0.967772
0	183	152	0.967158
1	183	23	0.966922
1	183	23	0.966497
0	183	123	0.965884
1	183	70	0.965884
1	183	25	0.965884
0	183	142	0.965459
1	183	66	0.964376
0	183	147	0.964187
0	183	118	0.963058
0	183	151	0.962776
0	183	75	0.962729
0	183	132	0.961837
0	183	84	0.961273
1	183	15	0.961226
1	183	23	0.961039
0	183	86	0.960898
0	183	171	0.960663
1	183	43	0.960288
1	183	57	0.959445
1	183	38	0.959257
0	183	123	0.958976
0	183	154	0.958368
0	183	163	0.958041
0	183	135	0.957339
0	183	92	0.957199
0	183	72	0.956732
0	183	81	0.956685
0	183	152	0.955611
0	183	76	0.955518
0	183	116	0.95412
0	183	156	0.953561
