4882.64
0.00325395
110
1	206	23	0.999903
1	206	174	0.999419
1	206	77	0.998356
1	206	164	0.998259
1	206	106	0.998211
1	206	58	0.998162
1	206	21	0.998114
1	206	141	0.997776
1	206	53	0.997148
1	206	45	0.996617
1	206	111	0.996039
1	206	108	0.996039
1	206	58	0.995075
1	206	18	0.994112
1	206	19	0.994016
1	206	125	0.991853
1	206	53	0.991613
1	206	41	0.991565
1	206	107	0.991181
0	206	201	0.99003
1	206	26	0.989025
0	206	148	0.989025
1	206	56	0.988977
0	206	152	0.988785
1	206	63	0.98845
1	206	97	0.987876
1	206	126	0.987876
0	206	195	0.987876
0	206	159	0.987781
1	206	128	0.986634
1	206	123	0.986443
0	206	152	0.986013
0	206	190	0.985822
1	206	65	0.985631
0	206	182	0.984964
0	206	172	0.984296
0	206	152	0.984011
0	206	194	0.983344
1	206	33	0.983201
1	206	111	0.980397
1	206	41	0.980018
0	206	184	0.979828
0	206	121	0.979496
1	206	47	0.979212
0	206	176	0.978975
1	206	100	0.978643
1	206	41	0.978264
0	206	184	0.97727
0	206	115	0.976514
1	206	100	0.976277
1	206	41	0.976277
1	206	68	0.975899
0	206	153	0.975002
1	206	23	0.974389
0	206	144	0.974295
0	206	193	0.973682
0	206	131	0.972693
1	206	90	0.972222
0	206	114	0.972081
1	206	94	0.971987
0	206	158	0.971563
1	206	90	0.971563
1	206	62	0.971187
0	206	172	0.969355
1	206	27	0.968886
1	206	22	0.968652
0	206	142	0.968371
0	206	98	0.968277
0	206	139	0.968043
0	206	145	0.967855
0	206	167	0.967715
0	206	170	0.967293
1	206	32	0.967012
0	206	103	0.966825
0	206	148	0.965609
0	206	192	0.965422
0	206	134	0.965282
0	206	91	0.965235
0	206	127	0.964768
0	206	160	0.964628
0	206	91	0.964581
1	206	21	0.964161
1	206	26	0.963975
0	206	134	0.963601
0	206	116	0.963555
0	206	96	0.963508
0	206	177	0.962949
0	206	181	0.962949
0	206	192	0.962296
0	206	184	0.961458
0	206	182	0.961226
0	206	128	0.9609
1	206	43	0.960295
1	206	56	0.959924
0	206	167	0.959413
0	206	186	0.959041
1	206	60	0.958809
0	206	163	0.958252
0	206	187	0.957464
0	206	148	0.956955
0	206	171	0.956816
1	206	29	0.956306
1	206	19	0.955936
0	206	88	0.955705
0	206	175	0.955381
0	206	137	0.954549
0	206	95	0.954364
0	206	109	0.954133
0	206	154	0.952841
0	206	179	0.952795
