9861.53
0.00436348
115
1	388	246	0.999255
1	388	120	0.999255
1	388	38	0.998685
1	388	93	0.998598
1	388	79	0.99816
1	388	193	0.99816
1	388	59	0.997985
1	388	339	0.997679
1	388	256	0.99711
1	388	299	0.995756
0	388	336	0.995537
0	388	325	0.995232
1	388	180	0.994839
1	388	207	0.994664
1	388	134	0.994185
1	388	147	0.994141
1	388	259	0.993139
1	388	157	0.992921
1	388	54	0.992573
1	388	30	0.991659
1	388	81	0.991094
1	388	260	0.99053
0	388	283	0.990356
1	388	98	0.989835
0	388	323	0.989791
0	388	367	0.989227
1	388	94	0.989054
1	388	115	0.98797
1	388	118	0.98797
0	388	368	0.987927
0	388	375	0.987927
1	388	124	0.987277
1	388	218	0.987061
0	388	340	0.986844
0	388	371	0.986671
1	388	73	0.986585
0	388	252	0.986412
1	388	106	0.986368
1	388	92	0.986066
1	388	133	0.98572
1	388	162	0.985633
1	388	178	0.985158
1	388	174	0.984597
1	388	136	0.984424
0	388	360	0.982483
1	388	165	0.982311
0	388	238	0.982053
0	388	264	0.98201
0	388	368	0.981493
1	388	59	0.981278
1	388	175	0.981106
1	388	91	0.980246
0	388	257	0.978828
0	388	308	0.978656
0	388	186	0.978614
1	388	131	0.978313
0	388	331	0.976984
0	388	352	0.97677
1	388	85	0.976385
0	388	354	0.976128
1	388	131	0.975999
0	388	348	0.975785
0	388	236	0.975315
0	388	275	0.974631
0	388	275	0.974545
0	388	269	0.974503
0	388	256	0.973136
0	388	172	0.97288
0	388	294	0.971473
0	388	316	0.971133
0	388	349	0.97092
1	388	142	0.970835
0	388	156	0.970324
0	388	295	0.970111
1	388	131	0.970026
0	388	219	0.969941
0	388	243	0.969813
0	388	153	0.969346
1	388	35	0.969261
1	388	73	0.969261
0	388	307	0.969176
0	388	275	0.968878
0	388	343	0.968836
0	388	168	0.968326
1	388	40	0.968114
1	388	77	0.967774
1	388	70	0.967265
0	388	308	0.966332
1	388	73	0.965739
1	388	33	0.965189
0	388	274	0.965189
1	388	68	0.964258
0	388	206	0.964047
0	388	313	0.963793
0	388	144	0.963793
0	388	174	0.963497
0	388	165	0.962822
1	388	118	0.962695
0	388	349	0.962231
0	388	186	0.962146
0	388	176	0.961514
1	388	110	0.961134
0	388	372	0.960544
0	388	208	0.960081
0	388	150	0.959787
1	388	107	0.959702
1	388	122	0.959576
0	388	354	0.958525
0	388	276	0.958483
0	388	180	0.958441
1	388	31	0.958231
0	388	141	0.958189
0	388	151	0.958147
1	388	81	0.958063
1	388	132	0.957769
