8841.33
0.00301489
130
1	354	216	0.999922
1	354	99	0.999844
0	354	349	0.999687
1	354	229	0.999492
1	354	131	0.998828
1	354	186	0.998672
1	354	236	0.998438
1	354	224	0.997735
1	354	254	0.99754
1	354	234	0.997229
1	354	57	0.996449
1	354	72	0.996449
1	354	228	0.995943
0	354	346	0.995554
1	354	232	0.995398
1	354	143	0.995243
1	354	261	0.995204
1	354	213	0.994815
1	354	74	0.992213
1	354	193	0.992174
0	354	283	0.992058
0	354	254	0.991786
0	354	291	0.99105
0	354	269	0.990818
1	354	224	0.99074
0	354	261	0.990198
0	354	345	0.990043
1	354	35	0.989927
0	354	304	0.988844
1	354	219	0.988767
0	354	314	0.98869
1	354	163	0.987107
1	354	45	0.986528
1	354	180	0.986528
0	354	222	0.985834
1	354	168	0.985834
1	354	105	0.985603
1	354	57	0.985526
1	354	70	0.98541
0	354	324	0.985372
0	354	205	0.984833
1	354	160	0.984679
0	354	228	0.983986
1	354	177	0.983794
0	354	340	0.983679
0	354	317	0.98291
0	354	296	0.982871
0	354	332	0.982795
1	354	30	0.982718
1	354	166	0.98241
0	354	272	0.98218
0	354	278	0.981528
0	354	260	0.980607
1	354	89	0.979994
0	354	217	0.979994
1	354	41	0.979611
1	354	108	0.979382
0	354	318	0.979152
0	354	326	0.978769
1	354	67	0.978654
1	354	124	0.978425
0	354	305	0.978272
0	354	238	0.978272
0	354	322	0.978157
1	354	90	0.978043
1	354	51	0.978004
0	354	197	0.978004
1	354	89	0.977737
0	354	237	0.977507
0	354	157	0.977278
0	354	155	0.976896
0	354	262	0.97682
0	354	299	0.976629
0	354	178	0.976553
1	354	111	0.976515
1	354	56	0.976247
0	354	167	0.976209
0	354	137	0.97537
0	354	260	0.975027
1	354	93	0.974189
1	354	98	0.973846
0	354	145	0.973352
0	354	222	0.973199
0	354	242	0.972743
1	354	101	0.972743
0	354	321	0.972059
0	354	189	0.971945
0	354	216	0.971945
1	354	31	0.971907
1	354	100	0.971413
0	354	270	0.971299
1	354	73	0.971109
0	354	287	0.971071
1	354	86	0.970654
0	354	161	0.970388
0	354	203	0.97035
0	354	214	0.970161
0	354	328	0.970123
1	354	52	0.969782
0	354	133	0.969592
0	354	337	0.969516
1	354	60	0.969516
1	354	114	0.969403
0	354	217	0.969213
0	354	211	0.969213
1	354	116	0.969213
0	354	143	0.969175
0	354	121	0.968835
0	354	263	0.968759
0	354	172	0.968607
1	354	87	0.967813
1	354	71	0.967813
1	354	56	0.967661
1	354	56	0.967586
0	354	304	0.967586
0	354	189	0.966716
0	354	251	0.966376
1	354	46	0.966112
1	354	36	0.965847
1	354	78	0.964263
1	354	99	0.964263
0	354	336	0.963962
0	354	286	0.963585
1	354	25	0.963472
0	354	144	0.963095
0	354	122	0.963095
0	354	270	0.962568
0	354	146	0.962456
0	354	323	0.962117
0	354	263	0.961967
