1735.98
0.00163988
130
1	63	25	0.999769
1	63	60	0.999583
1	63	25	0.999445
1	63	53	0.999398
0	63	62	0.99926
1	63	26	0.998982
1	63	48	0.998659
1	63	26	0.998058
1	63	35	0.997919
1	63	20	0.997919
0	63	59	0.997319
1	63	48	0.997227
1	63	36	0.996903
1	63	47	0.99658
1	63	9	0.996258
0	63	56	0.995612
1	63	19	0.994737
1	63	17	0.994691
0	63	60	0.994231
1	63	25	0.994185
1	63	19	0.993863
1	63	38	0.993127
0	63	48	0.993127
1	63	4	0.992989
1	63	32	0.992851
1	63	35	0.992116
1	63	4	0.99184
1	63	35	0.991657
1	63	17	0.991611
1	63	9	0.990647
1	63	6	0.990051
0	63	48	0.989868
1	63	23	0.988861
0	63	60	0.988129
1	63	23	0.987854
0	63	48	0.987488
0	63	45	0.987488
1	63	8	0.987397
1	63	4	0.986894
1	63	17	0.986849
1	63	19	0.986255
1	63	22	0.985662
0	63	39	0.985434
1	63	29	0.985069
1	63	6	0.984431
1	63	13	0.984112
0	63	49	0.983838
0	63	57	0.983201
0	63	40	0.982746
1	63	28	0.982473
0	63	36	0.982382
0	63	55	0.982246
1	63	15	0.981882
1	63	30	0.981655
1	63	18	0.981564
0	63	52	0.981428
1	63	20	0.981246
0	63	31	0.981064
0	63	30	0.980656
1	63	20	0.979839
0	63	43	0.979612
1	63	17	0.979431
0	63	53	0.979068
0	63	51	0.978887
0	63	37	0.978208
0	63	48	0.978117
0	63	51	0.977619
1	63	11	0.977257
0	63	35	0.977167
0	63	53	0.977076
1	63	11	0.976127
0	63	48	0.97554
0	63	60	0.975224
1	63	20	0.974953
1	63	7	0.974502
1	63	14	0.974051
1	63	9	0.97351
0	63	49	0.973375
0	63	52	0.973194
1	63	22	0.972879
0	63	25	0.972429
0	63	59	0.970945
0	63	40	0.970675
1	63	15	0.970226
0	63	54	0.969777
0	63	39	0.968297
0	63	36	0.967669
1	63	21	0.96749
0	63	42	0.966147
0	63	27	0.966103
0	63	29	0.965834
1	63	13	0.965164
0	63	27	0.96503
1	63	20	0.964985
0	63	49	0.963869
1	63	19	0.963691
0	63	43	0.963423
1	63	6	0.962933
0	63	58	0.962933
0	63	49	0.962888
1	63	9	0.962398
0	63	51	0.962175
0	63	35	0.961864
0	63	40	0.961819
0	63	30	0.961775
1	63	20	0.96173
0	63	38	0.961641
0	63	28	0.961107
1	63	4	0.961063
1	63	18	0.961018
1	63	8	0.960885
0	63	50	0.960707
0	63	21	0.96044
0	63	22	0.960218
0	63	57	0.959507
0	63	30	0.959418
1	63	20	0.959285
0	63	48	0.959285
0	63	45	0.95924
0	63	54	0.958974
0	63	58	0.958841
1	63	17	0.958308
0	63	45	0.957643
0	63	30	0.957333
0	63	37	0.957333
0	63	27	0.957333
1	63	20	0.956713
0	63	44	0.95596
0	63	59	0.955474
0	63	28	0.954899
