4218.26
0.00341351
145
1	142	71	0.998997
1	142	56	0.998796
1	142	29	0.998262
1	142	77	0.998062
1	142	22	0.997728
0	142	123	0.996727
1	142	5	0.99666
1	142	33	0.996394
1	142	47	0.99626
1	142	4	0.99586
1	142	67	0.995794
1	142	85	0.995594
0	142	128	0.994862
0	142	124	0.994662
1	142	18	0.994263
1	142	35	0.993797
1	142	95	0.993664
1	142	35	0.992867
0	142	132	0.992867
1	142	67	0.992003
0	142	105	0.992003
1	142	27	0.991804
1	142	16	0.991672
1	142	11	0.991207
1	142	82	0.990743
1	142	35	0.990346
0	142	108	0.990081
0	142	92	0.989485
1	142	60	0.989352
1	142	77	0.989087
1	142	17	0.988955
1	142	65	0.988823
1	142	74	0.988492
0	142	136	0.988426
1	142	71	0.988095
1	142	72	0.987699
0	142	111	0.987038
1	142	36	0.98618
0	142	99	0.985916
1	142	28	0.985784
1	142	15	0.985652
0	142	110	0.98552
1	142	48	0.985454
0	142	77	0.985389
1	142	65	0.985191
1	142	49	0.985191
1	142	54	0.985059
0	142	107	0.984071
0	142	79	0.983347
0	142	120	0.983347
1	142	55	0.982623
1	142	53	0.981375
1	142	46	0.981244
0	142	134	0.98026
1	142	4	0.980194
1	142	15	0.979473
1	142	46	0.979276
0	142	120	0.978621
0	142	76	0.978098
1	142	53	0.97594
1	142	17	0.97581
0	142	58	0.975614
0	142	93	0.974896
1	142	28	0.974505
0	142	58	0.974505
0	142	59	0.974179
1	142	32	0.973137
1	142	5	0.973137
0	142	53	0.972876
0	142	115	0.972291
0	142	51	0.971445
0	142	90	0.970601
1	142	22	0.970146
0	142	90	0.969433
0	142	95	0.969173
0	142	120	0.968979
0	142	62	0.968784
0	142	137	0.968136
1	142	34	0.967489
0	142	104	0.967424
0	142	113	0.967165
1	142	15	0.966454
1	142	40	0.966066
0	142	122	0.965743
0	142	104	0.96529
0	142	74	0.964838
0	142	100	0.963871
0	142	51	0.963162
0	142	98	0.962839
0	142	87	0.962646
0	142	96	0.962195
1	142	27	0.961874
0	142	111	0.960587
1	142	2	0.96033
1	142	30	0.960266
0	142	62	0.958661
0	142	52	0.95802
1	142	24	0.957764
0	142	40	0.957764
0	142	129	0.9577
0	142	95	0.956739
1	142	12	0.955204
0	142	113	0.954437
0	142	120	0.954182
0	142	69	0.954118
0	142	114	0.953927
0	142	50	0.953544
0	142	80	0.953544
0	142	45	0.953352
0	142	105	0.953033
1	142	34	0.951886
0	142	105	0.950041
0	142	92	0.949596
0	142	116	0.948771
1	142	6	0.94858
0	142	59	0.948517
0	142	106	0.94839
0	142	66	0.947312
0	142	79	0.947059
0	142	52	0.946552
0	142	62	0.946425
0	142	68	0.945286
0	142	72	0.944843
0	142	47	0.944211
1	142	12	0.944148
1	142	22	0.943959
1	142	14	0.943138
0	142	95	0.942129
0	142	109	0.941877
0	142	73	0.941562
1	142	28	0.941247
0	142	36	0.940492
0	142	126	0.94024
0	142	35	0.939863
1	142	14	0.939548
0	142	81	0.939297
1	142	19	0.938983
0	142	79	0.937602
0	142	64	0.936473
0	142	91	0.936348
0	142	70	0.936222
1	142	16	0.93616
1	142	2	0.936097
0	142	48	0.935972
0	142	42	0.935596
