3299.38
0.0013216
55
1	286	129	0.999553
1	286	211	0.999285
1	286	88	0.99866
1	286	246	0.996431
1	286	262	0.996431
1	286	133	0.996075
1	286	78	0.99474
0	286	264	0.993141
1	286	179	0.992431
1	286	83	0.992077
0	286	241	0.991013
1	286	75	0.989862
1	286	199	0.986859
0	286	238	0.982722
1	286	129	0.979215
1	286	169	0.975023
1	286	140	0.973977
1	286	39	0.97302
1	286	163	0.972238
0	286	223	0.97163
1	286	86	0.969721
1	286	85	0.969635
0	286	202	0.969375
1	286	109	0.966088
0	286	163	0.96557
0	286	161	0.960405
0	286	250	0.957662
1	286	137	0.957406
1	286	40	0.956978
0	286	233	0.955098
1	286	135	0.953648
0	286	193	0.950584
1	286	75	0.949905
0	286	147	0.94948
0	286	252	0.948293
0	286	262	0.945078
1	286	57	0.942042
0	286	181	0.941116
1	286	50	0.938764
0	286	174	0.937003
0	286	185	0.932325
0	286	241	0.930993
0	286	130	0.930577
1	286	49	0.929745
0	286	184	0.924112
1	286	37	0.923946
1	286	65	0.921967
0	286	207	0.919087
0	286	120	0.918923
0	286	225	0.91884
0	286	202	0.917855
0	286	244	0.917363
0	286	111	0.917281
0	286	162	0.917281
1	286	84	0.914743
