2367.92
0.000846827
55
1	208	54	0.996734
1	208	79	0.994455
1	208	171	0.992992
1	208	13	0.992505
1	208	54	0.991045
1	208	69	0.981689
0	208	198	0.978163
1	208	115	0.975926
1	208	116	0.971467
1	208	8	0.969879
1	208	24	0.966554
1	208	66	0.966396
0	208	153	0.963398
1	208	37	0.963398
1	208	84	0.962925
1	208	13	0.949787
0	208	112	0.94808
0	208	176	0.947305
0	208	133	0.935756
0	208	103	0.928135
0	208	94	0.926618
1	208	65	0.925861
0	208	123	0.924348
1	208	29	0.924045
0	208	164	0.920426
0	208	187	0.919372
0	208	114	0.914873
1	208	22	0.914125
0	208	180	0.913826
1	208	12	0.906532
1	208	26	0.904902
0	208	105	0.904311
1	208	19	0.903276
0	208	70	0.90121
1	208	31	0.901063
1	208	23	0.900473
0	208	150	0.899296
0	208	126	0.898267
0	208	66	0.897239
0	208	177	0.896506
0	208	84	0.896359
1	208	24	0.892118
0	208	57	0.889495
0	208	129	0.88935
0	208	63	0.888768
1	208	16	0.887606
0	208	138	0.886301
0	208	132	0.881963
0	208	155	0.878651
0	208	83	0.877359
0	208	157	0.869076
0	208	124	0.861153
0	208	162	0.859745
0	208	52	0.8582
0	208	71	0.856798
