6187.14
0.00115536
60
1	489	289	0.997797
1	489	49	0.996606
1	489	317	0.994685
1	489	161	0.994045
1	489	253	0.993132
1	489	255	0.992859
1	489	327	0.992767
0	489	463	0.990945
0	489	395	0.984682
1	489	118	0.979989
1	489	99	0.978639
1	489	251	0.97792
0	489	308	0.975317
0	489	334	0.975228
1	489	167	0.973258
0	489	388	0.971382
1	489	163	0.969955
0	489	457	0.969866
1	489	186	0.969777
0	489	444	0.969688
1	489	124	0.968886
0	489	298	0.968619
1	489	45	0.96853
0	489	280	0.967374
1	489	110	0.96693
1	489	124	0.964711
0	489	308	0.964623
1	489	137	0.964445
1	489	148	0.963471
0	489	264	0.961879
0	489	366	0.959319
1	489	87	0.958702
0	489	424	0.957206
1	489	169	0.955185
0	489	229	0.951506
0	489	411	0.94758
1	489	40	0.94393
1	489	121	0.943237
0	489	324	0.942977
0	489	460	0.941851
1	489	121	0.940035
1	489	142	0.93762
0	489	191	0.933065
1	489	136	0.928618
0	489	165	0.927935
0	489	360	0.927765
0	489	326	0.926998
0	489	309	0.925976
0	489	276	0.925636
1	489	57	0.924531
1	489	93	0.924276
0	489	426	0.924276
0	489	450	0.921986
0	489	434	0.921224
0	489	389	0.919617
1	489	88	0.915907
0	489	229	0.913805
0	489	382	0.913386
0	489	304	0.912882
0	489	434	0.91263
