62283.7
0.411314
1000
1	481	322	0.999989
1	122	108	0.999993
1	389	108	0.999967
1	81	42	0.999993
1	278	216	0.99997
1	340	289	0.999963
1	335	55	0.999963
1	494	126	0.999944
1	382	279	0.999955
1	452	323	0.999937
1	219	75	0.999967
1	310	199	0.999952
1	155	118	0.999974
1	500	409	0.999914
1	150	38	0.999974
1	173	135	0.999967
1	465	162	0.9999
1	442	304	0.9999
1	194	100	0.999955
1	465	285	0.999892
1	326	169	0.999907
1	395	356	0.999885
1	441	316	0.999866
1	434	394	0.999862
1	171	126	0.999937
1	220	67	0.999914
1	491	315	0.999807
1	187	32	0.999926
1	383	363	0.999844
1	324	55	0.999866
1	350	196	0.999855
1	422	212	0.999825
0	303	291	0.999874
1	413	308	0.999825
1	214	137	0.9999
1	393	310	0.999807
1	378	63	0.999814
1	335	92	0.999825
1	326	297	0.999829
1	438	200	0.999769
1	454	120	0.999751
1	237	107	0.999866
1	370	198	0.999784
0	491	480	0.999699
1	178	69	0.999888
1	466	369	0.999706
1	445	294	0.999717
0	361	356	0.999769
0	317	299	0.999796
1	305	196	0.999792
0	463	442	0.99968
1	81	41	0.999944
1	123	79	0.999914
1	494	86	0.999651
0	309	288	0.999777
1	467	102	0.999643
1	180	104	0.999859
1	356	256	0.999721
1	196	103	0.99984
1	458	271	0.999625
1	490	367	0.999587
1	406	127	0.999651
0	486	440	0.999572
1	292	99	0.99974
0	407	368	0.999632
1	342	139	0.99968
1	372	180	0.999651
1	441	238	0.999584
1	307	139	0.99971
1	363	232	0.999654
1	132	33	0.999874
1	435	312	0.999572
1	381	205	0.999625
0	350	324	0.999654
0	455	405	0.999539
0	146	134	0.999851
1	410	180	0.99958
1	233	61	0.999755
1	464	238	0.999509
1	288	210	0.999695
1	190	90	0.999796
0	398	357	0.999569
1	181	95	0.999803
1	293	169	0.999677
1	461	277	0.999487
1	446	118	0.999487
1	471	101	0.999442
1	483	284	0.99942
1	349	54	0.999576
1	499	286	0.999387
1	74	44	0.999907
0	289	284	0.999632
1	386	266	0.999506
1	493	261	0.999368
1	498	190	0.999361
0	205	196	0.999736
1	184	69	0.999762
1	445	122	0.999394
1	127	105	0.999825
1	421	277	0.999413
1	415	346	0.99942
1	452	158	0.999368
1	102	37	0.999855
1	225	90	0.99968
1	281	231	0.999598
0	96	91	0.999862
1	121	81	0.999822
1	380	212	0.999439
0	211	198	0.999688
1	446	214	0.999331
1	355	157	0.999465
0	272	264	0.999584
0	401	400	0.999379
1	466	208	0.999271
1	427	197	0.999331
1	168	127	0.999736
1	476	288	0.999249
1	170	109	0.999729
1	259	154	0.999587
1	360	240	0.999424
0	409	361	0.999338
1	457	163	0.999253
0	216	212	0.999636
1	258	111	0.999561
1	63	49	0.999892
1	441	141	0.999234
1	66	52	0.999885
0	384	338	0.99932
1	427	182	0.999238
1	384	61	0.999309
1	358	253	0.999346
0	371	355	0.99932
1	494	94	0.999086
0	436	434	0.999193
1	275	42	0.999487
1	124	25	0.999766
1	380	94	0.999283
1	242	52	0.999543
0	471	377	0.999108
1	446	129	0.999153
1	424	315	0.999193
1	399	63	0.999238
0	215	190	0.999587
1	339	119	0.999335
1	494	126	0.99903
0	447	357	0.999119
0	465	433	0.999063
1	134	30	0.999729
0	437	427	0.999115
1	253	46	0.999483
1	497	168	0.998978
1	323	226	0.999331
1	390	77	0.99919
1	474	244	0.999015
1	254	187	0.999468
1	497	362	0.998956
1	358	63	0.999242
1	477	276	0.998971
1	437	123	0.999056
1	499	253	0.998922
1	382	288	0.999171
1	240	134	0.999476
0	498	452	0.9989
1	332	214	0.999253
0	440	413	0.999008
1	412	293	0.99906
1	148	37	0.999662
0	496	385	0.998863
1	298	171	0.999316
0	378	374	0.99913
0	481	474	0.998889
0	433	415	0.998997
1	373	238	0.999134
1	403	244	0.999063
1	89	65	0.999792
0	314	308	0.999264
1	470	224	0.998893
1	474	151	0.998878
0	274	220	0.999349
0	498	488	0.998807
1	488	352	0.998822
1	359	216	0.999108
1	344	105	0.999145
1	298	46	0.999249
1	215	134	0.999454
0	442	413	0.99887
0	375	365	0.999037
1	292	47	0.999242
0	306	240	0.999205
1	304	194	0.999205
0	202	150	0.999461
0	346	333	0.999075
1	97	20	0.99974
1	230	76	0.999383
1	411	100	0.998896
1	333	159	0.999104
0	364	318	0.999011
0	251	231	0.999316
0	286	282	0.999216
1	187	121	0.999487
1	161	65	0.999558
1	107	46	0.999706
1	407	139	0.998881
1	489	201	0.998647
0	195	186	0.999457
0	472	366	0.998685
0	282	218	0.999208
1	307	105	0.999134
0	451	417	0.998722
1	339	175	0.999037
1	77	50	0.999781
1	74	18	0.999788
0	266	249	0.999231
1	404	275	0.998822
1	163	41	0.999524
1	215	139	0.999372
1	320	228	0.999063
1	444	72	0.998699
1	352	170	0.998967
1	394	252	0.998841
1	409	146	0.998792
1	422	146	0.998748
1	316	166	0.99906
1	159	25	0.999524
1	223	142	0.999331
1	138	91	0.999584
0	448	354	0.998647
0	486	376	0.998532
1	417	202	0.998722
1	249	104	0.999231
1	344	165	0.998933
0	183	159	0.999428
0	435	373	0.998625
0	498	441	0.998414
0	322	284	0.998971
1	147	39	0.999528
1	483	121	0.998447
0	355	264	0.998848
1	473	172	0.998465
1	270	63	0.999123
0	426	376	0.998599
1	150	86	0.999506
0	372	268	0.998774
1	399	79	0.998677
1	356	156	0.998818
0	427	396	0.998569
0	69	67	0.999766
1	459	123	0.998436
1	242	163	0.999167
1	126	72	0.999565
0	349	341	0.998796
0	210	187	0.999275
0	353	347	0.998781
1	375	144	0.998703
1	377	193	0.998685
0	415	332	0.998551
1	411	101	0.998562
0	489	412	0.998287
1	309	167	0.998915
0	258	240	0.999093
0	454	448	0.998399
1	315	74	0.998885
1	319	167	0.998867
1	248	126	0.999115
1	474	270	0.998306
1	414	237	0.998506
1	272	80	0.999008
0	316	262	0.998833
1	439	75	0.998373
1	107	31	0.999602
1	436	136	0.998373
1	468	249	0.998243
0	206	178	0.999223
1	330	105	0.998751
1	275	66	0.998956
1	421	223	0.998399
1	229	47	0.999127
0	240	186	0.999082
1	351	161	0.998651
1	306	110	0.998822
0	252	196	0.999026
1	270	118	0.998956
1	70	26	0.999729
1	244	147	0.999056
1	267	41	0.998963
1	500	240	0.998053
0	457	420	0.99822
1	396	197	0.998447
1	398	175	0.998436
1	459	274	0.998195
1	367	105	0.998551
1	484	107	0.998087
0	246	215	0.999023
0	296	260	0.998822
1	81	22	0.999677
1	324	62	0.998707
1	255	94	0.998978
0	418	275	0.998313
1	482	236	0.998046
0	454	319	0.998157
1	269	121	0.9989
1	223	142	0.999086
1	444	97	0.998176
1	440	116	0.998183
1	472	89	0.99805
1	350	57	0.998551
1	317	155	0.998685
1	446	95	0.998128
1	396	166	0.998336
0	240	197	0.998985
1	486	259	0.997942
1	117	71	0.999502
1	326	206	0.998607
1	305	191	0.998692
1	76	39	0.999673
1	472	153	0.997972
1	346	108	0.998506
1	398	157	0.99828
0	292	248	0.998737
0	273	256	0.998818
1	394	134	0.998265
0	446	399	0.998024
0	170	167	0.999245
1	382	176	0.998287
0	458	354	0.997931
1	312	125	0.998588
1	299	60	0.99864
1	239	37	0.998911
1	496	235	0.997742
0	277	222	0.998737
1	295	71	0.998644
0	159	140	0.999264
1	426	187	0.998024
1	409	128	0.998091
1	220	59	0.998967
1	353	91	0.998343
0	488	414	0.997694
1	253	151	0.9988
0	133	126	0.999368
1	231	37	0.9989
1	417	215	0.998016
1	466	160	0.997775
0	103	100	0.999506
0	400	352	0.998083
0	147	120	0.999294
1	497	244	0.997608
1	314	134	0.998484
1	249	45	0.998789
0	497	347	0.997582
0	244	159	0.998807
0	406	246	0.998005
0	287	284	0.998584
0	397	386	0.998042
1	318	145	0.998428
0	299	265	0.998514
1	414	142	0.997942
1	413	147	0.997935
0	433	348	0.997835
1	462	104	0.997686
1	207	83	0.998959
1	138	65	0.999305
0	351	273	0.998232
1	299	161	0.998488
1	477	188	0.997586
1	329	69	0.998332
0	374	372	0.998102
0	68	54	0.999654
1	62	18	0.999684
1	288	128	0.998532
1	480	131	0.997549
1	358	121	0.998169
0	398	359	0.997964
1	243	115	0.998755
1	357	111	0.998161
0	217	152	0.998878
1	261	131	0.998647
0	412	408	0.997857
0	490	425	0.997449
1	125	36	0.999346
0	286	185	0.998503
0	369	273	0.998068
1	408	235	0.997864
0	369	245	0.998065
1	67	19	0.999647
0	368	246	0.998061
1	360	156	0.998091
0	491	289	0.997397
0	149	108	0.999208
1	455	130	0.997571
1	207	105	0.998893
1	240	86	0.998714
0	140	119	0.999249
1	367	106	0.998031
1	439	91	0.997642
1	487	126	0.997382
1	178	81	0.999041
0	260	160	0.998599
0	277	194	0.998499
1	472	162	0.997445
1	380	73	0.997938
1	240	121	0.998696
1	494	199	0.997312
0	186	165	0.998985
0	479	431	0.997386
0	371	327	0.997972
0	482	410	0.997363
1	291	72	0.998406
1	307	171	0.99831
0	274	229	0.998491
0	251	211	0.998614
0	398	278	0.997801
0	474	455	0.997382
1	496	196	0.997245
0	311	236	0.998269
1	442	215	0.997541
1	334	179	0.998124
0	286	284	0.998391
0	273	163	0.998462
1	323	62	0.99818
0	311	193	0.998239
1	391	185	0.997779
0	470	444	0.997319
1	416	197	0.997623
0	315	314	0.998191
0	311	276	0.998209
0	370	267	0.997868
1	103	31	0.999402
0	216	195	0.99874
0	329	277	0.998079
1	416	149	0.997571
1	383	146	0.997757
0	395	356	0.997686
1	420	235	0.997527
0	288	283	0.998302
1	321	112	0.998105
0	400	282	0.997623
0	245	159	0.99854
1	248	77	0.998521
0	427	417	0.997456
0	352	340	0.99789
0	438	268	0.997375
1	422	206	0.997456
1	268	149	0.998376
1	283	49	0.99828
0	183	177	0.998885
0	450	275	0.997248
1	430	174	0.997363
0	317	191	0.998053
0	423	306	0.997397
0	160	156	0.999008
1	372	63	0.997694
1	439	183	0.997274
0	216	150	0.998655
0	430	407	0.997326
0	276	161	0.998276
1	104	25	0.999349
1	380	107	0.997605
1	179	44	0.99887
1	387	139	0.997553
1	428	175	0.997289
0	476	287	0.996985
1	180	52	0.998855
0	431	341	0.997248
1	453	132	0.997104
1	465	242	0.997026
0	127	78	0.999182
1	437	143	0.997171
1	472	152	0.996937
0	475	430	0.996915
1	311	123	0.997976
0	247	194	0.998391
1	347	112	0.997738
0	380	331	0.997523
0	214	184	0.998599
1	393	212	0.997426
0	408	402	0.997323
1	483	214	0.996822
1	160	56	0.998945
1	246	116	0.998376
0	68	40	0.99955
1	499	239	0.996704
0	446	278	0.997052
0	364	197	0.997575
0	242	241	0.998376
1	485	102	0.996737
0	146	132	0.999015
1	416	123	0.997197
0	462	255	0.996881
1	267	114	0.998195
1	346	145	0.99766
0	458	327	0.996893
1	395	75	0.997312
1	489	94	0.99667
1	314	117	0.997853
1	484	217	0.996692
1	65	20	0.999554
0	296	181	0.997968
1	434	145	0.997022
0	335	246	0.997697
0	465	429	0.996804
1	445	197	0.996941
0	361	287	0.997512
0	446	241	0.996922
0	480	264	0.996685
1	485	80	0.996648
0	351	292	0.997571
0	449	402	0.996885
1	200	72	0.998595
1	283	103	0.998013
0	438	371	0.996926
1	266	127	0.99812
1	425	172	0.996974
0	260	237	0.998146
1	434	105	0.996907
0	356	346	0.99746
1	294	140	0.997898
0	438	318	0.996867
1	293	75	0.997879
0	398	276	0.997115
0	241	181	0.99825
1	247	64	0.998206
0	477	462	0.99654
1	339	115	0.997538
0	412	375	0.997007
0	267	205	0.998057
1	469	135	0.996592
1	363	85	0.99736
1	226	90	0.998347
0	86	58	0.999368
1	404	80	0.997033
0	251	248	0.998154
1	235	94	0.998269
0	472	411	0.996526
1	282	54	0.99792
1	443	186	0.996733
0	214	141	0.998417
1	316	82	0.997664
1	349	127	0.997415
1	394	181	0.997078
1	432	223	0.996792
0	399	218	0.997022
0	394	354	0.997056
0	203	137	0.99848
0	352	228	0.997367
1	336	129	0.997482
0	242	136	0.998183
1	459	76	0.996559
0	174	152	0.998692
1	384	156	0.997115
0	200	173	0.998491
1	442	113	0.996663
0	351	331	0.997337
1	239	56	0.99818
1	407	198	0.996904
0	196	127	0.998506
0	228	158	0.998258
0	357	197	0.997274
0	361	188	0.997241
0	440	415	0.996633
0	387	306	0.997037
1	484	215	0.996292
0	466	355	0.996426
0	225	190	0.998265
0	324	258	0.997501
0	430	425	0.996681
1	108	38	0.999164
1	294	134	0.997727
0	280	160	0.997835
0	377	329	0.997074
0	378	203	0.997063
0	471	271	0.996337
1	277	70	0.997842
0	287	193	0.997757
0	377	251	0.997048
0	369	197	0.997108
0	259	166	0.997968
1	357	165	0.997197
0	383	338	0.996993
0	193	189	0.998477
0	290	164	0.997708
1	308	106	0.997564
1	432	203	0.996585
0	353	313	0.997204
1	392	173	0.996896
0	202	153	0.998395
1	312	136	0.997523
1	244	101	0.998061
0	442	414	0.996481
0	300	213	0.997608
1	398	95	0.996822
0	276	234	0.997794
1	134	41	0.998926
0	173	127	0.99861
0	366	294	0.997052
1	324	123	0.997386
0	446	285	0.996392
1	184	28	0.998506
1	391	127	0.99683
1	442	164	0.996407
1	438	195	0.996433
0	270	195	0.997797
1	236	101	0.998072
0	403	250	0.996685
1	396	80	0.996741
0	439	269	0.996381
0	189	137	0.998436
1	304	106	0.997482
1	370	116	0.996937
1	239	119	0.998013
0	353	346	0.997059
1	384	139	0.996792
0	201	116	0.998313
1	202	79	0.998298
1	406	160	0.996578
1	215	56	0.998176
0	289	199	0.997549
1	251	72	0.997864
1	355	120	0.996948
1	396	140	0.996596
0	196	182	0.99831
0	358	287	0.996915
1	246	93	0.997872
0	181	113	0.998432
0	310	290	0.997312
1	386	152	0.996629
1	120	58	0.998945
1	194	68	0.998295
0	144	100	0.998733
0	282	209	0.997519
1	405	189	0.996429
0	237	128	0.997901
0	385	198	0.996592
0	271	267	0.997597
0	251	172	0.997764
1	299	110	0.99733
0	307	179	0.997256
1	278	123	0.997512
1	273	64	0.997549
0	366	247	0.9967
0	185	166	0.998328
0	317	261	0.997134
0	61	58	0.999446
0	333	272	0.996982
1	387	191	0.996489
0	196	195	0.998209
0	325	283	0.997026
0	382	281	0.9965
0	196	191	0.998195
0	316	203	0.997085
0	102	59	0.999056
0	293	287	0.997293
1	334	122	0.996915
0	152	91	0.998592
0	300	166	0.997208
0	295	152	0.997252
1	137	45	0.998714
0	365	307	0.996581
0	355	336	0.99667
1	321	136	0.996982
0	303	240	0.997148
1	158	64	0.998503
0	225	158	0.997868
1	56	10	0.999468
0	289	226	0.997256
1	304	79	0.997108
1	255	66	0.997571
1	374	124	0.99644
0	293	155	0.997197
0	225	209	0.997835
1	220	48	0.997883
1	112	25	0.998919
0	249	141	0.997597
0	170	136	0.998354
0	251	146	0.997564
0	163	106	0.998414
0	278	211	0.997289
0	242	203	0.997638
1	335	121	0.996722
0	232	172	0.997723
1	241	62	0.997634
0	356	211	0.9965
1	161	68	0.998414
1	235	112	0.997679
0	366	302	0.996381
1	227	41	0.997746
0	362	186	0.9964
1	356	127	0.996459
1	245	104	0.997549
0	281	266	0.997189
0	127	114	0.998725
1	353	111	0.996459
0	217	215	0.997816
0	322	161	0.996759
1	207	101	0.997905
1	223	106	0.997742
0	313	213	0.99683
0	269	194	0.997271
0	107	94	0.998911
1	257	46	0.997378
1	353	108	0.9964
1	335	92	0.996581
1	217	85	0.997779
0	54	41	0.999446
0	85	84	0.999123
0	111	77	0.998855
0	150	137	0.998443
0	215	114	0.997768
1	325	66	0.996626
0	276	259	0.997126
0	278	229	0.997104
0	158	80	0.99835
0	308	236	0.996778
0	255	192	0.99733
0	310	300	0.996744
0	340	224	0.996429
0	104	96	0.998896
1	222	98	0.997642
0	266	232	0.997174
0	301	197	0.9968
0	62	60	0.999338
0	210	195	0.99776
0	233	119	0.997497
1	340	103	0.996326
0	60	49	0.999349
1	272	63	0.997052
0	304	267	0.996704
0	319	313	0.99654
0	298	264	0.996744
1	295	45	0.99677
1	237	72	0.997397
0	332	298	0.996355
0	334	258	0.996329
0	235	118	0.997397
0	252	200	0.997208
0	203	124	0.997705
0	193	174	0.997816
0	274	184	0.996896
1	313	104	0.996455
0	71	45	0.999193
1	148	33	0.998317
1	195	84	0.997779
0	256	222	0.997085
0	275	141	0.996867
0	294	249	0.996644
0	272	183	0.996893
0	218	139	0.997497
0	199	130	0.997708
0	218	147	0.997467
0	258	174	0.996985
0	303	152	0.996459
1	250	50	0.997074
0	219	111	0.997426
0	293	148	0.996552
1	305	125	0.996411
1	286	67	0.996633
0	199	157	0.997645
0	191	190	0.997738
0	183	136	0.997831
1	296	93	0.996496
1	280	67	0.996674
1	100	28	0.998807
1	129	40	0.998451
0	305	236	0.996344
0	107	93	0.998714
0	113	58	0.99864
1	166	47	0.99799
0	180	120	0.99782
1	289	116	0.9965
0	256	194	0.996893
1	123	22	0.998499
0	155	142	0.998105
0	53	29	0.999346
0	214	132	0.997349
0	282	203	0.996466
0	237	139	0.997007
0	153	94	0.998065
0	228	190	0.997108
0	212	183	0.997308
0	228	163	0.997104
0	178	171	0.997727
0	281	197	0.996415
0	234	186	0.997
0	164	137	0.997886
0	226	141	0.997074
0	201	166	0.997378
0	85	72	0.998889
0	239	125	0.996826
0	263	170	0.996503
0	227	122	0.996978
1	239	84	0.996811
1	239	103	0.996811
1	148	40	0.998002
0	71	49	0.999037
1	231	86	0.996867
0	238	180	0.996767
1	84	33	0.998855
0	229	116	0.996878
1	149	24	0.997964
0	106	86	0.998547
0	156	116	0.997857
0	192	145	0.997363
0	151	122	0.997924
1	261	70	0.996415
0	97	75	0.998662
0	213	176	0.997059
1	126	39	0.998235
0	253	136	0.996459
0	176	133	0.997534
0	196	173	0.997248
0	218	205	0.996937
1	161	52	0.997731
0	182	86	0.997415
1	240	58	0.996581
0	257	179	0.996329
1	155	42	0.997764
0	211	122	0.996952
0	253	151	0.99634
0	183	179	0.997349
0	223	173	0.996759
0	115	73	0.998324
0	120	116	0.998246
1	203	88	0.997033
1	188	37	0.997245
0	191	163	0.997182
0	206	136	0.996944
0	233	209	0.996507
0	56	31	0.999156
0	245	127	0.996311
0	104	55	0.998428
1	100	37	0.998477
1	155	62	0.997638
0	156	149	0.997616
0	241	207	0.996314
0	223	186	0.996559
0	162	114	0.99749
0	133	131	0.997938
1	169	71	0.99736
0	162	114	0.997467
0	151	103	0.997634
0	166	116	0.997389
0	230	118	0.996385
1	224	97	0.996474
1	117	24	0.998154
0	178	171	0.997167
0	109	91	0.998261
0	73	52	0.998833
0	207	142	0.996685
1	91	16	0.998525
0	104	74	0.998313
0	189	89	0.996919
0	182	147	0.997015
0	222	134	0.996333
0	131	71	0.997831
0	184	149	0.996956
0	154	122	0.997438
0	98	83	0.998358
0	187	97	0.996856
0	158	93	0.997337
0	73	70	0.998763
0	210	159	0.996444
0	189	157	0.996796
0	172	113	0.997067
1	200	71	0.996578
1	138	43	0.997623
0	197	92	0.996544
1	171	45	0.996985
0	200	188	0.996474
1	52	18	0.999078
0	79	56	0.998592
0	189	144	0.996633
1	175	28	0.996874
1	148	64	0.997345
1	161	48	0.9971
0	167	141	0.996967
1	186	54	0.996585
0	125	79	0.997701
0	77	52	0.998581
1	168	58	0.996907
0	74	42	0.998621
0	170	166	0.996837
0	170	149	0.99683
1	171	63	0.996789
0	133	110	0.99749
1	186	66	0.996492
1	174	52	0.996704
0	85	49	0.998384
1	107	28	0.997964
0	123	63	0.997601
0	189	125	0.996307
1	168	67	0.996711
0	90	53	0.998235
1	102	16	0.997994
0	153	145	0.996989
0	62	29	0.998777
0	118	67	0.997664
0	148	75	0.997037
0	118	105	0.997582
0	139	67	0.997115
0	163	87	0.996618
0	172	155	0.996389
0	160	111	0.996629
0	175	137	0.996314
1	100	44	0.997853
0	141	134	0.996963
0	144	120	0.99687
1	75	22	0.998362
0	66	34	0.998551
0	133	117	0.997059
1	99	16	0.997805
0	139	89	0.996904
1	146	34	0.996737
0	150	77	0.996626
1	104	47	0.997638
1	137	61	0.996889
0	106	77	0.997582
1	118	49	0.997304
0	117	82	0.997315
0	125	75	0.997067
1	141	43	0.996692
0	108	59	0.997434
0	132	110	0.996852
0	142	124	0.996585
1	107	45	0.997371
1	73	24	0.998195
1	98	43	0.997545
0	71	67	0.998213
0	115	58	0.997071
0	79	56	0.997961
0	129	68	0.996655
0	123	77	0.996792
0	52	41	0.99864
1	119	40	0.996881
1	129	24	0.9966
0	103	78	0.997278
0	95	74	0.997478
0	139	123	0.996314
0	87	68	0.997653
0	125	98	0.996607
1	101	19	0.997245
0	117	102	0.996807
0	85	42	0.997638
0	79	67	0.997786
0	132	74	0.996296
1	68	15	0.998087
1	96	27	0.997293
0	115	56	0.996707
0	100	76	0.99713
0	127	68	0.996352
1	106	25	0.996926
0	122	108	0.996392
1	79	25	0.99766
0	88	76	0.997375
0	106	90	0.99683
0	81	57	0.997486
1	114	49	0.996463
0	76	51	0.997619
0	84	45	0.997326
1	85	33	0.997293
0	92	46	0.99703
1	68	22	0.997801
0	93	64	0.996956
0	105	55	0.996544
1	66	28	0.997701
1	96	30	0.996644
1	61	24	0.997849
0	50	48	0.99822
0	94	60	0.996648
0	102	73	0.996352
1	80	35	0.996967
0	69	36	0.997367
0	79	38	0.996982
1	84	23	0.996767
0	90	47	0.996503
0	77	69	0.996996
1	60	20	0.997553
0	71	68	0.997059
0	64	38	0.997345
1	72	26	0.996985
0	65	40	0.997274
1	70	18	0.996996
0	81	50	0.9965
0	55	37	0.997612
0	63	41	0.997156
0	61	43	0.997208
0	59	31	0.997293
0	73	36	0.9966
1	74	20	0.996548
0	62	57	0.9971
1	53	23	0.997367
1	65	10	0.996678
1	51	15	0.997382
0	65	51	0.996615
0	54	26	0.997122
1	57	12	0.996956
0	67	46	0.996396
0	61	58	0.996566
0	63	48	0.996444
0	65	59	0.996314
0	54	37	0.996818
1	52	17	0.99647
