148222
2.18222
2500
1	475	403	0.999999
1	457	218	0.999999
1	441	249	0.999999
1	300	159	0.999999
1	407	121	0.999998
1	400	272	0.999998
1	394	111	0.999997
1	245	210	0.999998
1	355	165	0.999997
1	117	106	0.999999
1	102	49	0.999999
1	395	370	0.999996
1	412	255	0.999995
1	382	232	0.999995
1	477	147	0.999993
1	399	302	0.999994
1	245	169	0.999996
1	304	143	0.999995
1	482	422	0.99999
1	366	283	0.999991
1	184	86	0.999995
1	353	106	0.99999
1	196	192	0.999994
1	370	234	0.999988
1	495	205	0.999982
1	136	104	0.999995
1	216	84	0.999992
1	456	274	0.999981
1	402	164	0.999983
1	334	103	0.999985
1	266	130	0.999988
1	218	193	0.99999
1	394	360	0.999981
1	419	153	0.999978
1	297	232	0.999984
1	431	151	0.999976
1	407	382	0.999977
1	310	248	0.999981
1	350	308	0.999978
1	225	86	0.999985
1	296	179	0.99998
1	469	145	0.999968
1	292	122	0.99998
1	500	469	0.999963
1	270	192	0.99998
1	415	261	0.999969
1	381	215	0.999971
0	444	434	0.999966
1	235	224	0.999981
1	234	163	0.999981
1	283	141	0.999977
1	332	235	0.999973
1	388	260	0.999968
1	143	42	0.999988
1	446	325	0.999962
1	152	66	0.999987
1	174	53	0.999985
1	402	221	0.999965
1	337	235	0.99997
1	125	117	0.999988
1	403	298	0.999961
1	210	165	0.999979
1	208	97	0.999979
1	379	271	0.999961
1	145	108	0.999985
1	461	301	0.999952
1	500	390	0.999946
1	365	213	0.99996
1	427	202	0.999953
1	278	261	0.999969
1	308	150	0.999965
1	290	138	0.999967
1	314	241	0.999964
1	252	154	0.999971
1	95	36	0.999989
1	185	120	0.999978
1	109	37	0.999987
1	200	126	0.999976
1	239	77	0.999971
1	469	242	0.999943
1	437	260	0.999946
1	419	221	0.999946
0	256	253	0.999967
1	314	151	0.999959
1	458	307	0.99994
1	381	116	0.99995
1	327	171	0.999956
1	449	173	0.999939
1	287	221	0.999961
1	279	79	0.999962
1	442	136	0.999939
1	459	373	0.999936
1	465	361	0.999935
1	143	61	0.99998
1	63	23	0.999991
0	344	343	0.99995
1	484	351	0.999929
1	445	320	0.999934
1	426	140	0.999936
1	184	110	0.999972
1	453	405	0.999931
1	279	126	0.999957
1	278	132	0.999957
1	465	336	0.999927
1	282	83	0.999955
1	376	143	0.99994
1	485	409	0.999922
1	245	73	0.99996
0	426	420	0.999928
1	396	134	0.999933
1	348	309	0.99994
1	201	79	0.999965
1	500	328	0.999912
1	411	148	0.999927
1	465	139	0.999916
1	445	178	0.999919
1	269	245	0.999951
1	269	100	0.999951
1	448	166	0.999918
0	123	122	0.999977
1	133	61	0.999975
1	323	271	0.999939
0	208	198	0.99996
0	144	142	0.999972
1	264	136	0.999948
1	495	181	0.999902
1	106	57	0.999979
1	362	280	0.999928
0	442	413	0.999912
1	251	140	0.99995
1	375	149	0.999925
1	488	227	0.999901
1	403	124	0.999918
1	499	267	0.999898
1	107	38	0.999978
1	323	278	0.999933
1	256	206	0.999946
1	417	120	0.99991
1	446	411	0.999903
0	445	435	0.999903
1	500	255	0.999891
0	409	406	0.999909
1	381	179	0.999914
0	398	372	0.999909
1	459	404	0.999894
1	385	117	0.999911
1	214	190	0.99995
1	321	98	0.999925
1	410	142	0.999904
1	132	98	0.999969
1	55	27	0.999987
1	460	192	0.999891
1	491	372	0.999881
1	464	295	0.999886
1	222	99	0.999945
1	232	74	0.999942
0	404	400	0.999898
1	463	159	0.999883
1	352	188	0.999911
1	220	106	0.999944
1	486	377	0.999876
1	327	103	0.999916
1	200	65	0.999948
1	384	298	0.9999
0	370	344	0.999903
1	255	224	0.999933
1	193	82	0.999949
1	333	99	0.999911
1	384	262	0.999897
1	437	241	0.999881
1	246	139	0.999933
1	293	222	0.99992
1	498	191	0.999864
1	62	30	0.999983
1	472	248	0.99987
1	416	157	0.999885
1	54	38	0.999985
1	352	230	0.999902
1	92	72	0.999974
1	165	68	0.999953
1	341	214	0.999902
1	464	408	0.999866
0	426	417	0.999876
1	219	185	0.999936
1	449	366	0.999868
1	494	248	0.999852
1	103	36	0.999969
1	322	119	0.999903
1	418	209	0.999874
0	152	139	0.999954
1	138	70	0.999958
0	288	265	0.999912
1	391	157	0.99988
0	436	402	0.999866
1	249	83	0.999923
1	363	270	0.999885
1	315	222	0.9999
1	225	202	0.999928
1	470	371	0.999849
1	56	43	0.999982
1	319	102	0.999897
1	433	318	0.99986
1	296	145	0.999903
1	499	213	0.999835
1	382	229	0.999873
1	448	137	0.99985
1	370	215	0.999875
1	491	152	0.999834
0	204	194	0.999931
1	97	62	0.999967
1	431	250	0.999852
1	500	144	0.999828
1	136	71	0.999953
1	190	162	0.999934
0	414	405	0.999856
1	376	259	0.999869
1	370	210	0.999871
1	272	167	0.999905
0	352	322	0.999877
1	377	244	0.999868
0	237	233	0.999917
0	301	287	0.999894
1	351	208	0.999876
1	334	145	0.999882
1	353	191	0.999875
1	460	354	0.999835
1	398	302	0.999857
1	163	120	0.999941
1	436	224	0.999842
1	355	150	0.99987
0	333	301	0.999878
1	110	74	0.999959
1	64	26	0.999976
1	448	230	0.999831
1	391	200	0.999852
1	476	159	0.999819
1	318	129	0.999879
1	343	170	0.999869
1	289	163	0.999889
1	432	373	0.999834
1	499	238	0.999808
0	399	382	0.999846
1	116	41	0.999955
0	366	339	0.999857
0	428	400	0.999832
1	218	89	0.999914
1	324	125	0.999872
1	479	152	0.99981
1	350	242	0.999861
0	399	360	0.999841
1	171	111	0.999931
0	450	433	0.999818
1	495	186	0.999796
1	434	125	0.999821
1	267	228	0.999889
1	290	122	0.999879
1	446	299	0.999813
0	213	209	0.99991
1	492	339	0.999792
1	66	40	0.999972
1	435	227	0.999815
0	68	65	0.999971
1	324	133	0.99986
1	175	147	0.999924
1	103	88	0.999955
1	346	162	0.999848
0	305	304	0.999866
1	464	377	0.999796
1	127	79	0.999944
1	337	231	0.999851
1	330	268	0.999854
1	375	279	0.999833
1	402	226	0.99982
0	162	140	0.999927
1	412	182	0.999814
1	290	213	0.999869
1	139	60	0.999937
1	372	105	0.999831
1	473	219	0.999785
1	399	310	0.999818
1	424	342	0.999806
1	299	216	0.999861
0	276	246	0.999871
0	293	272	0.999863
1	419	274	0.999804
1	378	274	0.999823
1	356	296	0.999833
1	183	140	0.999914
0	408	406	0.999807
1	319	248	0.999849
1	455	143	0.999784
1	179	143	0.999915
1	367	296	0.999825
1	436	244	0.999791
1	299	114	0.999856
1	186	115	0.99991
0	375	372	0.999818
1	257	154	0.999875
1	254	193	0.999876
1	426	130	0.999792
1	456	303	0.999777
1	304	87	0.999851
0	475	411	0.999767
1	493	361	0.999758
1	494	219	0.999757
1	347	193	0.999829
1	326	243	0.999839
1	471	171	0.999767
1	404	218	0.9998
1	491	323	0.999756
1	267	87	0.999867
1	341	246	0.99983
1	150	104	0.999925
1	251	90	0.999874
0	482	477	0.999758
1	470	225	0.999764
1	448	212	0.999775
1	497	199	0.99975
0	314	300	0.999842
1	186	65	0.999906
1	321	180	0.999837
1	399	285	0.999796
0	485	412	0.999752
1	103	59	0.999947
0	444	375	0.999771
1	306	208	0.999842
1	448	127	0.999767
1	346	127	0.99982
1	405	250	0.999789
1	113	50	0.999941
0	139	117	0.999927
1	446	159	0.999764
1	392	118	0.999792
0	109	97	0.999942
1	243	144	0.99987
1	418	254	0.999776
1	388	180	0.999792
1	309	111	0.999834
0	369	349	0.999801
0	202	171	0.999891
1	210	79	0.999886
1	429	276	0.999767
1	302	170	0.999835
1	491	306	0.999731
1	480	146	0.999737
1	156	76	0.999914
0	201	176	0.999888
0	436	385	0.999757
1	488	297	0.999728
1	381	158	0.999787
1	330	273	0.999815
0	449	420	0.999747
0	149	129	0.999916
1	447	302	0.999748
1	374	187	0.999789
1	285	161	0.999839
1	329	140	0.999814
1	495	254	0.99972
1	463	205	0.999738
1	348	215	0.999803
1	404	215	0.999771
1	261	148	0.999852
1	390	302	0.999778
1	365	140	0.999792
1	496	373	0.999716
1	468	318	0.999732
1	363	138	0.999792
1	464	162	0.999734
1	248	125	0.999857
1	407	183	0.999765
0	226	216	0.999869
0	497	460	0.999711
1	438	307	0.999745
0	400	341	0.999767
1	456	231	0.999734
1	270	221	0.999842
1	451	183	0.999736
1	386	120	0.999774
1	496	299	0.999709
1	463	273	0.999727
1	382	164	0.999774
0	475	443	0.999716
1	330	115	0.999802
1	428	190	0.999743
0	243	204	0.999854
1	494	273	0.999702
1	492	255	0.999702
1	365	105	0.999777
1	304	221	0.999813
1	317	193	0.999805
1	491	339	0.999695
1	214	87	0.999867
1	444	266	0.999724
0	460	377	0.999714
1	283	147	0.999824
1	289	212	0.99982
1	459	188	0.999714
1	425	346	0.999735
1	498	350	0.999686
0	482	446	0.999696
1	461	160	0.999709
1	448	339	0.999717
1	254	129	0.999839
1	443	147	0.999719
1	465	214	0.999703
1	347	128	0.999778
1	497	237	0.999682
1	314	211	0.999799
1	239	177	0.999847
0	190	169	0.999878
1	395	260	0.999746
1	241	133	0.999845
1	477	193	0.999693
1	217	117	0.99986
1	68	39	0.999956
1	159	54	0.999897
0	335	293	0.999783
1	177	131	0.999885
0	281	270	0.999817
1	418	296	0.999727
1	409	319	0.999732
1	495	181	0.999675
1	342	179	0.999775
1	347	275	0.999771
1	53	36	0.999965
0	323	296	0.999786
1	312	175	0.999793
1	327	150	0.999783
0	376	306	0.99975
1	401	303	0.999733
0	153	151	0.999898
1	384	208	0.999744
1	368	162	0.999754
1	488	314	0.999673
1	347	210	0.999767
1	268	155	0.99982
1	500	326	0.999663
0	284	260	0.999808
1	84	50	0.999943
1	433	157	0.999706
1	376	243	0.999744
1	82	65	0.999944
1	498	191	0.999659
1	162	101	0.999889
1	294	146	0.999798
1	440	224	0.999696
0	289	241	0.9998
1	323	110	0.999776
1	429	189	0.999701
1	225	95	0.999843
0	311	265	0.999783
1	346	171	0.999758
0	203	179	0.999858
1	381	116	0.999733
1	220	127	0.999845
0	298	268	0.99979
1	378	295	0.999733
1	496	321	0.999649
1	397	236	0.999719
0	278	249	0.999803
1	499	310	0.999646
1	444	294	0.999685
1	440	203	0.999687
1	163	78	0.999884
0	458	376	0.999674
1	471	232	0.999663
1	335	96	0.99976
1	60	42	0.999957
1	57	24	0.999959
1	364	235	0.999738
1	332	121	0.999761
1	457	166	0.999671
1	322	146	0.999768
1	280	132	0.999798
1	492	346	0.999644
0	250	219	0.999819
1	290	146	0.99979
1	282	150	0.999794
1	320	119	0.999765
1	249	111	0.999817
1	185	57	0.999864
1	265	98	0.999805
1	353	180	0.99974
1	350	176	0.999742
1	329	230	0.999757
1	469	211	0.999652
1	264	91	0.999804
1	328	208	0.999756
0	414	370	0.999692
1	79	41	0.999941
0	400	378	0.999701
1	408	202	0.999695
1	290	112	0.999783
1	306	188	0.999771
1	255	93	0.999809
1	462	174	0.999654
1	490	144	0.999632
0	482	423	0.999636
1	454	338	0.999656
1	238	143	0.999818
0	336	284	0.999743
0	488	448	0.999626
1	296	95	0.999772
1	419	288	0.999677
0	147	119	0.999886
0	348	344	0.99973
1	312	109	0.999757
1	337	189	0.999737
1	343	140	0.999732
1	359	176	0.999718
1	413	169	0.999675
1	155	112	0.999878
1	443	241	0.999651
1	190	119	0.99985
0	305	242	0.999759
0	472	385	0.999627
0	406	317	0.999679
1	385	295	0.999695
0	321	257	0.999745
0	393	355	0.999686
1	265	181	0.999788
1	500	175	0.999598
0	138	127	0.999889
0	87	82	0.99993
0	242	211	0.999805
1	111	37	0.99991
1	155	74	0.999874
1	164	114	0.999866
0	398	350	0.999674
1	327	223	0.999732
1	388	163	0.999682
1	362	121	0.999703
0	157	155	0.999871
1	418	210	0.999656
1	334	254	0.999725
0	406	334	0.999664
0	465	426	0.999615
1	356	131	0.999705
1	473	254	0.999608
0	439	365	0.999634
1	274	186	0.999771
1	129	73	0.999892
0	289	265	0.999758
0	271	270	0.999773
1	481	169	0.999597
1	150	106	0.999874
1	420	228	0.999647
1	366	123	0.999692
1	434	129	0.999634
1	469	272	0.999604
1	58	40	0.999951
1	459	221	0.999612
1	365	229	0.999691
1	437	151	0.99963
0	132	131	0.999888
1	287	133	0.999756
1	444	231	0.999622
0	137	123	0.999883
0	370	324	0.999684
0	441	429	0.999623
0	228	226	0.999805
1	209	85	0.99982
1	225	120	0.999806
0	467	370	0.999597
0	258	247	0.999777
1	350	236	0.999697
0	408	403	0.999646
1	440	133	0.999618
1	465	181	0.999596
0	313	267	0.999728
1	420	249	0.999634
0	250	205	0.999782
1	452	146	0.999605
0	468	368	0.999591
1	498	233	0.999562
1	309	158	0.999728
1	464	280	0.99959
0	394	332	0.999651
1	344	144	0.999695
0	356	307	0.999684
1	373	107	0.999668
0	463	455	0.999587
1	310	121	0.999722
0	195	163	0.999825
1	365	219	0.999671
0	225	213	0.999797
1	399	238	0.99964
1	381	206	0.999656
1	372	235	0.999664
1	465	226	0.99958
1	446	205	0.999597
1	491	143	0.999556
1	341	120	0.999691
1	223	89	0.999797
1	350	134	0.999681
1	430	168	0.999608
0	330	292	0.999698
1	71	37	0.999935
0	202	196	0.999814
0	444	336	0.999591
0	439	387	0.999595
1	392	178	0.999638
1	380	184	0.999649
0	460	402	0.999575
1	453	130	0.999581
0	447	403	0.999586
1	480	210	0.999555
1	376	191	0.999651
0	342	267	0.999682
1	442	225	0.999589
0	265	237	0.999753
1	500	177	0.999534
1	212	104	0.999802
1	426	142	0.999602
0	488	461	0.999544
0	473	442	0.999558
1	357	207	0.999666
0	236	216	0.999779
1	397	183	0.999628
1	287	195	0.999731
0	112	99	0.999895
1	242	110	0.999773
1	98	43	0.999908
0	431	408	0.999594
0	273	213	0.999742
1	247	151	0.999766
0	267	246	0.999747
1	348	129	0.99967
0	467	428	0.999556
0	193	188	0.999816
1	420	290	0.999599
1	428	253	0.999591
1	233	76	0.999777
1	193	111	0.999815
0	319	298	0.999693
0	493	421	0.999525
1	415	297	0.9996
1	445	266	0.999571
0	295	249	0.999715
1	120	66	0.999884
1	159	47	0.999846
1	443	269	0.999571
1	379	245	0.999632
1	323	206	0.999686
0	474	473	0.999539
1	369	180	0.999641
1	317	156	0.999691
0	322	251	0.999686
0	326	307	0.999682
1	478	296	0.999532
1	450	261	0.999559
1	499	327	0.999511
0	163	143	0.99984
1	227	162	0.999777
1	339	118	0.999667
1	432	139	0.999575
0	340	261	0.999665
0	255	245	0.999748
1	409	195	0.999595
0	110	82	0.999891
1	118	55	0.999883
0	259	215	0.999743
0	481	438	0.999522
1	474	306	0.999528
1	251	114	0.99975
1	364	139	0.999637
0	263	224	0.999736
1	191	116	0.999808
0	435	368	0.999561
0	402	387	0.999594
0	77	57	0.999922
1	350	174	0.999644
1	114	68	0.999884
0	343	305	0.999651
1	447	136	0.999545
1	384	135	0.999609
1	303	213	0.999691
1	451	302	0.99954
1	488	187	0.999502
1	330	184	0.999663
1	412	129	0.999579
0	192	189	0.999803
1	467	198	0.99952
0	379	361	0.99961
1	204	132	0.99979
1	165	65	0.99983
1	297	136	0.999693
1	323	157	0.999666
0	408	349	0.999578
1	258	132	0.999733
1	279	112	0.99971
0	431	363	0.999552
1	405	266	0.999579
1	474	345	0.999505
1	333	205	0.999652
1	321	211	0.999664
1	286	182	0.9997
0	303	235	0.999682
1	495	358	0.999479
1	485	233	0.999488
0	303	284	0.99968
1	428	270	0.999547
1	360	224	0.999618
1	326	225	0.999654
1	436	208	0.999537
0	493	455	0.999475
1	223	156	0.999762
0	279	207	0.999701
1	390	162	0.999582
0	373	346	0.9996
1	369	165	0.999604
1	313	175	0.999663
1	440	126	0.999525
0	460	443	0.999503
0	447	376	0.999517
1	254	171	0.999725
0	465	377	0.999496
1	208	87	0.999774
0	194	149	0.999789
1	492	155	0.999465
1	484	271	0.999473
0	433	381	0.999528
0	308	261	0.999664
0	374	361	0.999592
0	359	311	0.999608
0	344	271	0.999624
0	493	467	0.999461
1	318	176	0.999652
1	318	201	0.999652
0	112	106	0.999877
0	388	301	0.999574
1	449	265	0.999507
1	253	139	0.999722
1	117	36	0.999871
1	322	198	0.999645
0	278	211	0.999693
1	399	117	0.999559
1	196	109	0.999783
0	231	224	0.999744
0	413	323	0.999542
0	412	311	0.999543
1	475	281	0.999473
1	483	177	0.999464
0	300	299	0.999667
0	212	185	0.999764
1	155	44	0.999827
1	137	43	0.999847
1	186	68	0.999792
1	371	141	0.999585
1	338	114	0.999621
1	427	272	0.999521
1	352	147	0.999605
1	418	261	0.99953
0	366	356	0.999588
1	291	158	0.999672
0	478	423	0.99946
1	258	152	0.999708
0	432	372	0.999511
0	472	395	0.999465
0	351	279	0.999602
1	484	144	0.999451
1	409	206	0.999535
1	262	109	0.999702
1	64	28	0.999927
0	255	234	0.999709
1	489	208	0.999441
0	441	377	0.999495
0	454	347	0.99948
1	260	171	0.999702
0	496	378	0.999431
0	216	195	0.999752
0	483	402	0.999445
1	80	44	0.999908
1	239	140	0.999725
0	357	279	0.999589
0	415	397	0.999522
0	307	282	0.999646
1	477	341	0.99945
1	414	256	0.999522
0	333	321	0.999615
0	498	366	0.999424
0	403	364	0.999533
0	447	375	0.999482
1	175	92	0.999797
1	343	222	0.999602
1	286	157	0.999668
1	341	167	0.999603
1	478	169	0.999442
1	312	135	0.999635
0	381	284	0.999554
0	250	244	0.999707
0	401	382	0.99953
0	364	341	0.999573
1	264	126	0.99969
1	166	49	0.999805
0	320	235	0.999624
1	297	137	0.999651
0	398	383	0.999532
0	420	390	0.999506
1	406	154	0.999522
1	418	272	0.999507
1	161	88	0.99981
1	470	277	0.999445
1	349	166	0.999587
1	459	159	0.999456
1	140	66	0.999834
1	335	131	0.999602
1	276	151	0.999672
1	403	278	0.99952
1	402	277	0.999521
1	187	100	0.999777
0	478	389	0.99943
1	478	323	0.99943
0	323	320	0.999612
1	129	52	0.999845
1	375	115	0.999549
0	295	243	0.999645
1	150	50	0.999819
0	296	227	0.999642
0	205	157	0.999752
1	329	128	0.999602
1	290	151	0.999648
1	421	247	0.999489
1	299	131	0.999637
1	344	112	0.999582
1	465	308	0.999435
1	60	24	0.999927
0	248	186	0.999698
0	464	424	0.999434
0	313	293	0.999618
1	104	62	0.999873
1	438	295	0.999465
1	427	300	0.999477
1	319	134	0.999609
1	117	73	0.999856
1	493	320	0.999393
1	98	30	0.999879
1	243	69	0.9997
0	72	51	0.999911
1	363	114	0.999551
1	498	153	0.999383
0	217	186	0.999731
1	288	106	0.999643
1	399	127	0.999505
0	493	426	0.999388
1	297	120	0.999631
0	312	248	0.999612
0	250	191	0.999689
1	437	168	0.999456
1	393	238	0.999508
1	447	193	0.999437
0	184	183	0.999768
1	256	113	0.999677
1	152	67	0.999808
0	429	327	0.999458
0	334	265	0.999577
0	328	295	0.999584
0	272	218	0.999654
1	374	130	0.999524
0	164	143	0.999791
1	445	249	0.999433
1	287	87	0.999634
0	347	270	0.999557
1	460	173	0.999412
0	460	340	0.999412
1	419	219	0.999464
1	148	60	0.99981
1	303	97	0.999611
1	485	142	0.999375
1	299	181	0.999614
0	152	108	0.999803
1	487	138	0.999367
1	355	207	0.999538
0	433	413	0.999436
1	174	71	0.999773
1	52	25	0.999932
0	481	393	0.999371
1	253	101	0.999669
0	363	273	0.999525
1	58	25	0.999924
0	442	394	0.999421
1	405	257	0.999469
1	359	198	0.999529
0	484	480	0.999365
0	448	329	0.999412
1	473	174	0.999379
0	421	374	0.999447
1	419	241	0.999448
1	125	43	0.999835
0	247	204	0.999674
0	200	196	0.999736
0	419	388	0.999447
1	419	191	0.999446
1	462	313	0.999389
1	347	143	0.999541
0	381	370	0.999496
1	460	197	0.999391
0	404	350	0.999465
0	458	334	0.999393
1	477	317	0.999366
0	480	434	0.999362
0	409	366	0.999456
1	478	262	0.999364
1	279	98	0.999628
0	366	358	0.999512
0	281	228	0.999625
1	254	116	0.999661
0	355	265	0.999526
1	345	118	0.999539
1	340	228	0.999545
1	362	132	0.999515
1	194	99	0.99974
1	314	121	0.999578
0	495	380	0.999334
0	211	153	0.999716
1	485	140	0.999347
0	270	193	0.999636
1	458	255	0.999382
1	273	105	0.999629
1	275	100	0.999626
1	122	61	0.999834
1	155	78	0.999789
1	462	310	0.99937
0	266	216	0.999637
1	326	188	0.999555
0	172	149	0.999765
1	496	248	0.999322
1	142	71	0.999805
1	265	122	0.999636
0	287	263	0.999605
1	158	73	0.999782
0	287	250	0.999604
0	406	281	0.999439
1	361	202	0.9995
1	197	119	0.999727
0	347	250	0.999519
0	427	292	0.999408
1	287	122	0.999602
0	468	368	0.999351
1	320	213	0.999556
0	335	334	0.999535
0	437	318	0.999393
1	344	132	0.999522
1	277	85	0.999615
0	378	273	0.999474
1	296	121	0.999588
0	461	436	0.999358
1	269	76	0.999625
1	382	166	0.999467
1	415	246	0.99942
1	500	307	0.999301
0	373	350	0.999476
1	296	118	0.999584
0	273	269	0.999615
1	396	120	0.999441
1	352	154	0.999503
1	320	127	0.999548
1	410	152	0.99942
1	396	235	0.999439
1	337	182	0.999521
0	489	400	0.999305
0	426	299	0.999394
0	344	300	0.99951
0	258	250	0.999632
1	420	173	0.9994
1	440	146	0.999371
1	499	253	0.999286
1	219	78	0.999686
0	472	439	0.999323
1	467	261	0.99933
1	421	245	0.999395
1	392	224	0.999436
0	239	177	0.999656
0	279	250	0.999598
0	328	320	0.999527
1	485	150	0.9993
0	408	355	0.999411
0	331	282	0.999522
1	249	110	0.999639
1	217	98	0.999685
1	278	108	0.999596
1	485	205	0.999295
1	123	74	0.999821
1	213	106	0.99969
1	496	322	0.999278
0	173	158	0.999748
1	467	283	0.99932
1	434	133	0.999368
1	273	139	0.999602
1	493	301	0.999281
1	303	159	0.999557
0	311	210	0.999545
1	231	72	0.999662
1	422	241	0.999382
1	450	173	0.99934
1	482	139	0.999293
1	139	41	0.999796
1	361	167	0.999468
1	401	163	0.999409
1	413	185	0.999391
0	450	385	0.999336
0	313	294	0.999538
0	462	434	0.999318
1	439	125	0.999351
0	252	181	0.999627
1	129	46	0.999809
1	291	98	0.999568
1	348	126	0.999483
1	429	151	0.999362
0	371	251	0.999447
0	315	293	0.99953
0	457	430	0.999318
0	217	160	0.999676
0	483	407	0.999278
0	317	278	0.999525
1	427	266	0.99936
1	333	164	0.9995
0	273	259	0.99959
1	200	86	0.999699
1	186	60	0.99972
1	318	206	0.999521
0	422	296	0.999363
1	410	229	0.999381
1	305	194	0.999539
0	446	364	0.999325
1	401	215	0.999393
0	354	344	0.999464
1	498	300	0.999246
0	306	216	0.999536
1	296	87	0.99955
1	319	145	0.999514
1	289	118	0.999559
1	438	197	0.999331
0	265	181	0.999595
0	218	193	0.999666
1	253	147	0.999612
0	247	203	0.999621
0	304	303	0.999533
0	458	324	0.999296
1	413	234	0.999365
0	431	290	0.999336
0	386	369	0.999405
0	80	68	0.999876
1	371	212	0.999425
0	453	397	0.999298
1	239	69	0.999629
1	496	230	0.999229
1	151	67	0.999765
1	127	75	0.999802
1	471	234	0.999266
1	473	144	0.999262
0	430	361	0.999329
1	400	249	0.999375
0	328	322	0.999487
0	255	194	0.999601
0	207	203	0.999676
0	313	243	0.99951
0	424	298	0.999336
0	164	115	0.999743
0	265	229	0.999584
1	322	171	0.999494
0	323	298	0.999492
1	305	193	0.999519
0	357	350	0.999437
0	225	167	0.999645
0	367	333	0.999421
1	271	173	0.999572
0	489	368	0.999227
0	376	303	0.999405
1	207	115	0.999672
0	367	356	0.999417
1	467	267	0.999257
1	431	181	0.999314
0	233	158	0.999629
0	337	280	0.999463
1	317	191	0.999494
1	330	209	0.999473
0	221	162	0.999647
1	444	159	0.99929
1	423	137	0.999322
1	446	165	0.999285
1	135	72	0.999783
0	417	410	0.99933
1	346	132	0.999444
0	291	216	0.999532
1	100	31	0.999839
0	223	192	0.999641
1	461	225	0.999258
0	473	328	0.999238
0	482	355	0.999221
0	403	271	0.999348
0	449	418	0.999273
0	179	165	0.99971
0	116	87	0.999812
1	150	91	0.999756
1	354	187	0.999424
1	108	38	0.999824
0	319	271	0.99948
0	390	257	0.999362
0	275	245	0.99955
0	380	363	0.999378
1	130	53	0.999787
0	359	285	0.99941
0	463	446	0.999239
0	386	316	0.999365
0	336	270	0.999447
1	198	128	0.999674
0	468	318	0.999226
1	362	193	0.999401
1	455	156	0.999247
0	327	300	0.999457
1	420	240	0.999302
1	89	43	0.999852
1	460	138	0.999234
1	497	245	0.99917
0	349	327	0.999417
0	228	170	0.999619
1	397	221	0.999335
1	466	253	0.999218
0	289	194	0.999514
1	170	73	0.999714
1	387	154	0.999349
1	344	169	0.999421
0	203	164	0.999658
0	368	301	0.99938
0	249	178	0.99958
1	454	185	0.999234
1	388	127	0.999345
1	283	133	0.999522
0	479	335	0.999191
0	303	197	0.999488
0	165	133	0.999721
0	330	229	0.999442
0	337	300	0.99943
1	438	192	0.999259
0	329	265	0.999443
1	418	184	0.999292
0	311	292	0.999473
1	391	188	0.999335
0	84	72	0.999857
0	334	292	0.999431
0	298	235	0.999492
0	498	358	0.999151
0	469	339	0.9992
1	303	146	0.999483
0	259	228	0.999558
1	310	104	0.999471
1	368	104	0.999371
1	417	174	0.999287
1	478	228	0.999182
1	271	139	0.999536
0	453	312	0.999223
0	317	240	0.999456
0	385	252	0.999339
0	456	374	0.999217
0	467	437	0.999198
0	461	393	0.999208
1	227	144	0.999609
1	130	77	0.999776
1	401	222	0.999309
0	301	215	0.999481
0	497	464	0.999143
1	234	95	0.999596
0	132	116	0.999772
1	491	203	0.999152
0	448	433	0.999226
1	269	152	0.999535
0	197	139	0.999659
1	324	193	0.999439
1	411	186	0.999288
0	135	132	0.999766
0	281	273	0.999513
1	474	237	0.999176
1	498	297	0.999132
1	461	290	0.999196
1	295	142	0.999485
0	493	384	0.999139
1	198	78	0.999654
0	488	342	0.999147
1	219	134	0.999617
1	359	184	0.999372
0	228	193	0.999601
1	300	144	0.999475
1	392	221	0.999314
1	396	248	0.999307
1	374	160	0.999344
1	204	71	0.999642
0	188	135	0.99967
1	347	114	0.999389
0	302	263	0.999468
1	309	89	0.999454
0	366	358	0.999353
0	396	300	0.9993
0	319	244	0.999436
1	476	203	0.999157
0	415	387	0.999264
1	412	167	0.999269
0	355	282	0.999369
0	342	316	0.99939
1	434	217	0.999225
1	467	248	0.999166
1	254	140	0.999546
1	468	190	0.999163
0	242	228	0.999567
1	415	183	0.999257
0	327	251	0.999414
1	400	223	0.999283
0	330	277	0.999408
0	380	343	0.999318
0	414	399	0.999257
0	338	294	0.999393
1	114	51	0.999795
1	449	270	0.999192
1	432	229	0.999221
0	169	130	0.999695
1	497	269	0.999103
0	400	334	0.999277
1	319	123	0.999423
0	194	136	0.999649
0	436	298	0.999211
0	374	319	0.999323
1	266	82	0.999518
0	488	370	0.999116
0	412	304	0.999252
0	267	228	0.999515
1	426	183	0.999226
0	492	328	0.999104
0	131	127	0.999761
0	188	171	0.999657
1	360	221	0.999343
1	414	129	0.999244
1	462	240	0.999156
0	390	374	0.999287
1	240	117	0.999561
0	77	50	0.999859
1	215	117	0.999606
1	102	37	0.999813
0	362	266	0.999336
1	429	246	0.999213
1	441	255	0.999191
0	388	287	0.999288
0	208	200	0.999618
0	459	329	0.999157
1	125	56	0.99977
1	400	147	0.999264
0	490	352	0.999098
1	437	143	0.999195
0	450	357	0.999171
0	148	101	0.999727
1	399	121	0.999262
1	395	184	0.999269
0	381	245	0.999294
1	401	131	0.999256
0	465	334	0.999137
1	469	221	0.999129
1	469	292	0.999127
1	312	196	0.999419
0	249	185	0.999536
0	193	146	0.99964
0	476	358	0.999111
0	327	319	0.999389
0	161	130	0.999699
0	325	232	0.999392
1	370	200	0.999306
0	387	338	0.999274
1	333	146	0.999375
1	245	100	0.999539
0	180	139	0.999661
0	417	392	0.999215
0	139	102	0.999738
0	388	368	0.999269
1	382	217	0.99928
0	495	393	0.999067
1	275	140	0.999481
0	319	318	0.999397
0	239	167	0.999548
0	203	171	0.999616
0	480	465	0.999092
1	481	147	0.99909
0	431	399	0.999184
1	316	124	0.999401
1	457	237	0.999133
1	362	127	0.999313
1	310	155	0.99941
1	496	255	0.999055
1	340	119	0.999352
1	450	168	0.999142
0	410	301	0.999218
0	369	348	0.999296
1	335	199	0.99936
1	271	120	0.999482
1	463	149	0.999115
0	452	415	0.999136
1	359	132	0.999313
0	257	162	0.999508
1	342	152	0.999345
1	477	157	0.999084
0	363	276	0.999302
1	313	96	0.999398
1	133	66	0.999744
0	399	311	0.999231
0	409	375	0.999211
0	354	281	0.999317
0	405	381	0.999217
1	498	185	0.999037
1	458	132	0.999114
1	174	63	0.999663
1	291	84	0.999434
1	422	128	0.999179
0	357	280	0.999305
0	394	349	0.999233
1	487	149	0.999052
1	285	88	0.999444
1	125	39	0.999756
1	449	279	0.999124
1	425	182	0.99917
0	157	136	0.999693
0	332	324	0.999351
0	465	428	0.999091
0	417	325	0.999184
0	123	113	0.999759
1	224	84	0.999561
1	363	188	0.999288
1	89	40	0.999825
0	374	280	0.999265
1	489	234	0.999039
0	448	284	0.999119
0	129	107	0.999746
0	500	433	0.999016
1	416	160	0.999181
1	232	114	0.999543
0	265	196	0.999478
0	375	337	0.999261
0	437	422	0.999138
0	485	361	0.999043
0	317	280	0.999374
1	170	96	0.999664
0	375	359	0.999259
0	103	73	0.999796
0	301	207	0.999404
0	483	320	0.999043
0	485	349	0.999038
0	487	446	0.999034
1	330	184	0.999344
1	416	258	0.999172
0	381	259	0.999241
1	155	51	0.999691
0	417	410	0.999169
1	490	283	0.999022
1	429	205	0.999143
1	481	136	0.999039
1	286	122	0.999428
1	469	271	0.999061
1	439	148	0.999121
1	413	215	0.999173
0	326	266	0.999347
1	224	97	0.999551
0	452	388	0.999094
0	174	167	0.999651
0	419	306	0.99916
0	359	281	0.99928
1	435	234	0.999127
1	415	198	0.999167
0	410	331	0.999177
1	186	97	0.999626
1	288	115	0.999421
1	244	88	0.999509
0	484	445	0.999025
0	452	332	0.999087
1	455	153	0.99908
1	426	157	0.999138
0	458	319	0.999073
0	418	261	0.999152
1	487	152	0.999012
1	407	167	0.999173
1	243	132	0.999506
1	424	198	0.999138
1	450	203	0.999085
1	252	74	0.999487
1	193	69	0.999607
1	187	105	0.999619
1	401	201	0.999183
1	256	98	0.999478
1	435	140	0.999113
0	440	282	0.999102
1	263	135	0.999463
0	478	387	0.999024
0	315	248	0.999356
1	436	151	0.999106
0	406	384	0.999167
0	425	296	0.999128
1	168	76	0.999655
0	323	211	0.999336
0	85	77	0.999825
0	407	275	0.999162
1	199	64	0.99959
1	164	71	0.999662
1	376	191	0.999225
1	323	156	0.999334
1	138	43	0.999715
0	200	165	0.999587
1	340	102	0.999297
0	228	162	0.999528
0	274	261	0.999431
0	401	279	0.999166
1	363	165	0.999244
0	460	416	0.999042
1	166	67	0.999654
1	469	266	0.999023
0	463	359	0.999034
1	389	208	0.999188
1	271	154	0.999434
0	463	325	0.999033
1	347	209	0.999275
1	465	282	0.999028
1	406	151	0.999151
1	408	245	0.999145
0	446	278	0.999065
0	475	402	0.999004
0	325	253	0.999318
0	256	196	0.999462
1	431	210	0.999094
0	239	182	0.999497
0	426	310	0.999103
1	224	123	0.999528
1	346	209	0.999271
0	390	320	0.999178
0	212	190	0.999553
0	276	206	0.999418
0	463	377	0.999022
0	104	79	0.99978
1	205	101	0.999566
0	294	195	0.999377
0	147	104	0.999688
1	308	135	0.999345
0	221	213	0.999529
1	197	84	0.999579
0	363	256	0.999224
0	244	225	0.999478
0	323	307	0.999309
1	424	245	0.999092
0	358	238	0.999233
0	372	311	0.999203
1	457	211	0.999021
1	431	130	0.999076
0	334	326	0.999283
1	409	168	0.99912
0	77	75	0.999834
0	250	200	0.999461
0	353	257	0.999239
0	398	289	0.999142
1	423	145	0.999088
0	197	124	0.999574
1	67	30	0.999855
0	134	116	0.99971
0	261	256	0.999435
0	340	217	0.999264
1	106	60	0.99977
1	287	86	0.999377
1	292	119	0.999365
0	410	278	0.999108
1	272	105	0.999408
1	254	132	0.999447
0	276	259	0.999399
1	241	138	0.999475
0	300	226	0.999346
1	376	204	0.99918
0	443	425	0.999032
1	443	238	0.999031
1	265	149	0.99942
0	307	191	0.999328
1	411	164	0.9991
1	358	196	0.999215
0	303	207	0.999335
0	138	95	0.999697
0	379	324	0.999168
1	145	81	0.999681
1	285	84	0.999373
1	293	146	0.999355
1	392	228	0.999137
0	400	310	0.999118
0	53	38	0.999883
1	193	104	0.999573
1	321	127	0.99929
1	272	146	0.999398
1	424	127	0.999061
0	156	122	0.999654
1	230	137	0.999489
1	335	96	0.999255
0	62	52	0.999862
0	441	412	0.999019
0	402	290	0.999104
1	64	27	0.999857
1	403	146	0.999099
0	365	344	0.999183
0	305	284	0.999317
1	284	151	0.999363
0	320	244	0.999282
0	408	326	0.999084
1	165	65	0.999629
1	294	100	0.999339
1	269	148	0.999395
0	200	151	0.99955
0	218	181	0.999509
1	198	73	0.999554
1	414	195	0.999066
1	252	138	0.999431
0	220	143	0.999503
0	312	249	0.999295
1	357	111	0.999193
0	382	316	0.999136
1	262	106	0.999407
1	131	65	0.999703
0	148	125	0.999664
0	107	84	0.999757
0	66	44	0.99985
1	378	197	0.999139
1	392	143	0.999107
1	292	147	0.999334
1	343	122	0.999217
1	204	119	0.999534
0	112	100	0.999744
0	281	185	0.999357
0	327	302	0.999251
0	406	300	0.99907
1	317	104	0.999272
0	395	355	0.999093
1	306	176	0.999297
1	221	64	0.999492
1	381	177	0.999124
0	428	320	0.999015
0	112	107	0.999742
1	223	127	0.999486
0	430	343	0.999009
1	370	194	0.999146
1	352	185	0.999186
1	355	153	0.999179
1	370	112	0.999143
0	384	311	0.99911
1	371	127	0.99914
1	367	105	0.999149
0	284	187	0.999341
0	402	270	0.999067
1	326	131	0.999243
1	207	120	0.999519
1	314	111	0.99927
1	184	81	0.999572
1	403	128	0.999063
1	278	146	0.999353
0	345	246	0.999197
0	257	230	0.9994
1	424	220	0.999007
1	349	178	0.999182
0	279	218	0.999345
0	378	354	0.999112
0	345	279	0.999189
1	278	93	0.999346
0	289	182	0.999319
1	384	183	0.999094
0	196	191	0.999537
0	195	158	0.999539
0	216	163	0.999489
0	280	214	0.999337
0	290	276	0.999313
0	203	136	0.999519
1	401	115	0.999049
1	392	177	0.99907
0	250	167	0.999405
0	127	118	0.999697
0	320	303	0.999236
1	311	163	0.999257
0	414	353	0.99901
1	407	172	0.999026
1	73	25	0.999825
1	100	33	0.99976
1	371	165	0.99911
1	362	143	0.99913
1	297	89	0.999286
0	376	321	0.999096
1	197	61	0.999526
0	315	307	0.999242
1	412	246	0.999008
0	345	241	0.999169
1	369	140	0.99911
0	325	243	0.999216
0	198	133	0.999522
1	253	76	0.999389
0	403	370	0.999027
1	71	41	0.999828
0	291	250	0.999295
0	115	96	0.999721
1	279	84	0.999323
0	159	135	0.999614
0	371	295	0.999099
1	247	116	0.999398
0	378	353	0.999079
0	397	293	0.999031
1	190	113	0.999536
0	390	352	0.999048
1	398	225	0.999027
1	233	134	0.99943
0	153	109	0.999625
1	362	116	0.999113
1	152	71	0.999627
0	227	180	0.999443
0	387	258	0.999049
1	148	80	0.999636
0	204	137	0.999498
1	350	173	0.999135
1	386	212	0.999044
0	331	236	0.99918
0	123	120	0.999695
0	286	251	0.999291
1	378	194	0.999063
1	160	91	0.999603
0	110	80	0.999727
1	383	108	0.999049
1	336	114	0.999165
1	369	134	0.999082
0	296	230	0.999263
0	177	152	0.999558
0	302	270	0.999246
0	184	160	0.99954
0	244	194	0.99939
0	304	229	0.999239
1	200	112	0.999499
0	284	275	0.999288
1	193	115	0.999516
1	169	99	0.999576
0	202	148	0.999493
0	101	73	0.999746
0	308	272	0.999225
1	112	45	0.999718
0	141	85	0.999645
0	191	140	0.999519
1	361	154	0.999091
1	374	160	0.999057
1	63	32	0.999841
0	339	244	0.999145
1	214	93	0.99946
0	302	243	0.999238
0	387	323	0.999022
0	344	343	0.999127
0	185	124	0.99953
0	218	202	0.999446
1	186	85	0.999527
1	381	174	0.999031
0	317	303	0.999193
0	232	139	0.999409
0	189	135	0.999518
0	349	213	0.99911
0	362	217	0.999076
1	203	62	0.999481
0	148	129	0.999621
1	196	95	0.999498
1	171	98	0.999562
1	224	132	0.999426
1	236	133	0.999395
0	335	244	0.999141
1	361	120	0.999074
1	175	82	0.99955
0	371	279	0.999045
1	217	96	0.99944
0	103	95	0.999734
1	60	24	0.999845
0	262	235	0.999323
0	278	180	0.999278
1	214	93	0.999444
0	356	238	0.999075
1	140	81	0.999636
1	190	73	0.999506
1	137	50	0.999643
0	364	328	0.999051
1	309	157	0.999194
1	349	175	0.999088
1	371	160	0.99903
0	228	161	0.999403
0	338	262	0.999115
1	298	98	0.999218
0	142	95	0.999627
1	105	36	0.999724
1	167	63	0.999561
1	267	158	0.999298
1	82	36	0.999784
0	365	346	0.999039
0	85	52	0.999776
1	295	170	0.999223
0	181	118	0.999523
1	69	20	0.999818
0	190	125	0.999499
0	267	220	0.999296
0	158	118	0.999583
0	206	135	0.999456
0	374	349	0.999012
1	350	118	0.999071
0	198	159	0.999473
1	201	66	0.999465
0	304	246	0.99919
0	256	165	0.999316
1	171	87	0.999543
1	206	61	0.999449
0	310	309	0.99917
0	342	239	0.999082
1	232	78	0.999377
0	155	143	0.999583
1	318	183	0.999144
1	141	48	0.99962
1	324	110	0.999126
0	319	272	0.999139
1	98	33	0.999735
1	116	44	0.999686
0	356	267	0.999036
1	210	72	0.99943
0	340	255	0.999077
0	267	192	0.999275
0	57	47	0.999845
0	239	144	0.99935
0	345	313	0.999061
0	161	125	0.99956
1	79	26	0.999784
1	102	34	0.999721
1	351	141	0.99904
0	355	307	0.999028
0	150	93	0.999589
1	260	132	0.999287
0	110	69	0.999698
0	231	219	0.999366
0	181	165	0.999503
0	165	117	0.999546
0	221	170	0.999392
0	286	192	0.999213
1	218	64	0.9994
0	66	45	0.999818
0	346	304	0.999046
0	350	321	0.999033
1	166	51	0.999541
0	137	120	0.999621
1	327	96	0.999095
0	325	285	0.999099
1	321	94	0.999109
0	349	322	0.99903
0	291	284	0.99919
0	228	172	0.999363
1	200	71	0.999441
1	325	104	0.999091
1	209	96	0.999415
0	308	213	0.999137
1	354	147	0.999008
1	119	56	0.999666
1	217	124	0.999391
0	330	303	0.999074
0	339	222	0.999048
0	262	157	0.999264
1	288	135	0.999189
1	272	157	0.999234
1	181	53	0.99949
0	236	230	0.999334
1	237	71	0.999331
1	304	105	0.999141
0	284	223	0.999196
0	228	154	0.999354
1	252	123	0.999286
1	217	78	0.999385
0	328	301	0.99907
1	349	160	0.999007
0	191	155	0.999456
1	236	75	0.999327
0	171	124	0.999511
0	334	268	0.999044
0	115	70	0.99967
0	224	147	0.999357
0	340	303	0.999021
1	179	92	0.999483
0	308	209	0.999108
0	130	114	0.999623
0	307	245	0.99911
1	121	62	0.999649
0	243	185	0.999295
1	219	121	0.999364
0	167	127	0.999514
1	221	78	0.999356
0	280	253	0.999184
1	107	35	0.999688
0	328	233	0.999038
1	243	102	0.999287
0	278	181	0.999184
0	234	154	0.999313
0	234	138	0.999313
0	282	226	0.999171
0	220	151	0.999353
0	334	223	0.999016
1	291	131	0.999142
0	285	250	0.999159
1	267	99	0.999212
0	251	155	0.999259
1	265	84	0.999216
1	291	136	0.999139
0	226	161	0.999331
0	296	204	0.999122
1	228	131	0.999323
1	214	88	0.999364
0	315	304	0.999064
1	317	161	0.999056
0	318	248	0.999053
0	245	150	0.99927
1	247	119	0.999264
1	228	126	0.99932
1	79	30	0.999764
1	124	40	0.999629
1	266	111	0.999202
0	330	219	0.99901
1	324	127	0.999027
0	227	206	0.999317
1	289	117	0.99913
0	211	170	0.999364
0	274	167	0.999174
1	58	19	0.999825
0	173	112	0.999478
0	229	167	0.999309
1	153	81	0.999538
0	145	124	0.999562
0	321	195	0.99903
0	239	155	0.999277
0	292	229	0.999115
1	324	125	0.999017
0	295	231	0.999101
0	117	88	0.999643
0	302	227	0.999079
1	214	64	0.999347
1	314	120	0.999042
0	201	146	0.999386
0	288	281	0.99912
0	233	222	0.999286
0	211	170	0.999353
1	139	41	0.999573
1	110	46	0.999662
0	161	112	0.999505
0	102	66	0.999686
1	162	84	0.999501
1	300	157	0.999076
1	153	50	0.999528
1	150	55	0.999537
1	291	133	0.999102
1	155	62	0.999521
0	146	125	0.999548
0	301	282	0.999068
1	322	126	0.999003
0	204	160	0.999368
1	102	39	0.999683
0	262	255	0.999186
1	239	122	0.999255
0	92	65	0.999713
0	210	194	0.999345
0	296	251	0.999077
1	209	94	0.999348
0	126	82	0.999606
0	251	159	0.999215
1	234	100	0.999268
1	241	87	0.999246
0	168	167	0.999474
1	296	163	0.99907
0	85	61	0.999732
1	269	129	0.999152
1	223	65	0.999296
0	87	76	0.999725
1	309	171	0.999023
0	199	181	0.99937
0	265	162	0.999161
1	255	123	0.999192
0	185	142	0.999413
0	246	144	0.999219
0	210	128	0.999333
1	254	77	0.99919
0	200	182	0.999362
1	300	143	0.999042
0	96	67	0.999693
0	140	100	0.99955
1	182	66	0.999415
1	222	100	0.999286
0	277	220	0.999109
1	276	111	0.999112
0	215	159	0.999308
0	292	278	0.99906
0	165	122	0.999468
0	251	222	0.999189
1	172	95	0.999444
1	128	45	0.999586
1	254	125	0.999178
0	192	173	0.999377
1	223	98	0.999276
0	112	98	0.999636
0	173	172	0.999437
0	149	102	0.999515
1	188	53	0.999388
0	154	117	0.999498
0	214	176	0.999302
1	222	64	0.999275
1	229	120	0.999252
0	232	217	0.999242
1	302	170	0.999013
0	244	238	0.999202
1	281	104	0.999081
1	209	96	0.999315
0	208	188	0.999318
0	262	254	0.999141
1	168	83	0.999449
1	149	68	0.99951
0	128	108	0.999579
0	234	231	0.99923
0	98	81	0.999677
0	142	86	0.999532
0	268	194	0.999116
1	273	146	0.999099
0	132	103	0.999564
0	228	144	0.999247
0	277	256	0.999083
0	83	66	0.999725
0	265	218	0.999117
1	185	57	0.999383
0	114	111	0.999619
1	157	85	0.999475
1	133	42	0.999555
1	130	67	0.999564
0	147	109	0.999507
1	215	108	0.999279
1	262	150	0.999121
0	284	251	0.999047
0	92	75	0.999691
1	158	88	0.999469
1	191	85	0.999355
0	239	170	0.999193
0	279	211	0.999056
1	85	34	0.999712
0	279	206	0.999055
0	198	173	0.999328
1	232	105	0.999212
1	243	135	0.999174
1	285	142	0.99903
1	53	22	0.999819
0	163	129	0.999443
0	273	258	0.999067
0	164	149	0.999439
1	220	77	0.999247
1	106	36	0.999637
1	235	68	0.999195
0	196	169	0.999326
0	233	165	0.999198
1	288	101	0.999004
0	261	260	0.999097
0	249	147	0.999136
0	232	156	0.999194
1	222	86	0.999228
0	161	123	0.999439
1	127	64	0.999556
0	51	33	0.999821
0	233	212	0.999182
1	235	133	0.999174
0	141	105	0.999504
1	248	84	0.999126
0	218	163	0.99923
1	228	105	0.999186
1	121	51	0.999567
0	157	107	0.999436
0	199	191	0.999283
0	252	176	0.999091
1	79	34	0.999714
0	249	215	0.999099
0	167	158	0.999395
0	168	100	0.999391
0	260	202	0.999053
1	269	150	0.999019
1	86	42	0.999686
0	255	156	0.999069
0	78	69	0.999715
0	158	142	0.999422
0	213	198	0.99922
1	216	89	0.999208
0	248	211	0.999086
1	177	101	0.999347
0	180	159	0.999333
0	164	136	0.999392
0	261	252	0.999032
0	139	112	0.999484
1	98	33	0.999636
1	123	56	0.999543
0	221	210	0.999176
1	248	73	0.999075
0	116	106	0.999566
1	227	84	0.999151
0	221	219	0.999172
0	231	194	0.999134
1	261	95	0.99902
1	187	73	0.999297
0	221	197	0.999169
0	138	80	0.99948
0	134	105	0.999495
0	207	140	0.999219
1	262	99	0.999008
0	256	205	0.999029
0	191	130	0.999274
0	180	165	0.999315
1	221	94	0.999159
0	176	131	0.99933
0	133	76	0.999493
0	226	129	0.999138
1	226	123	0.999137
1	96	30	0.999633
0	104	69	0.999602
1	191	78	0.999269
0	114	107	0.999563
0	211	166	0.999191
0	251	214	0.999036
0	168	135	0.999353
1	211	75	0.999187
0	142	89	0.999452
0	213	141	0.999178
0	65	61	0.999749
0	181	150	0.999301
1	181	51	0.999301
0	68	50	0.999736
0	226	180	0.999123
0	150	134	0.999416
1	93	41	0.999636
0	249	181	0.999025
1	238	80	0.999065
0	122	112	0.99952
1	232	74	0.999085
1	213	60	0.999155
1	165	93	0.999344
0	165	97	0.999341
0	123	104	0.999508
0	162	107	0.999352
1	209	94	0.999164
0	135	126	0.999459
1	239	128	0.999041
0	185	133	0.999256
0	199	145	0.999199
0	63	41	0.999746
0	137	91	0.999447
1	222	108	0.999104
0	218	169	0.99912
1	154	55	0.999378
1	146	56	0.99941
1	218	81	0.999119
1	175	89	0.999292
0	158	123	0.99936
0	96	68	0.999611
0	198	187	0.999197
0	152	131	0.999381
0	54	44	0.99978
0	206	155	0.99916
0	217	195	0.999115
0	129	111	0.999471
1	166	73	0.999319
1	181	68	0.999257
1	227	95	0.999068
0	196	143	0.999195
0	148	90	0.999391
0	181	164	0.999255
0	160	153	0.999341
0	149	113	0.999386
0	106	84	0.999563
0	211	133	0.999128
0	235	183	0.999027
1	219	80	0.999093
1	199	80	0.999175
0	106	87	0.999559
0	229	176	0.999045
0	131	109	0.999451
1	232	72	0.999026
0	214	131	0.999101
1	207	94	0.99913
0	102	93	0.99957
0	106	89	0.999553
1	162	86	0.999316
1	216	89	0.999088
0	186	183	0.999213
0	147	136	0.999375
0	54	53	0.99977
0	112	65	0.999523
0	189	168	0.999193
0	118	105	0.999496
0	157	137	0.999329
1	175	50	0.999249
0	84	82	0.999639
0	143	104	0.999385
1	51	28	0.99978
0	106	90	0.999542
0	110	91	0.999523
1	107	31	0.999536
1	159	76	0.99931
1	105	43	0.999544
0	95	92	0.999586
0	148	98	0.999354
1	114	47	0.999502
0	171	116	0.999253
0	188	120	0.999177
0	215	126	0.999057
1	123	54	0.999459
1	155	59	0.999316
1	156	58	0.999311
1	163	48	0.999279
0	199	149	0.999119
0	109	92	0.999516
1	207	69	0.999081
0	203	144	0.999097
1	77	35	0.999656
1	212	110	0.999052
0	83	82	0.999628
0	214	176	0.999041
0	172	170	0.999229
0	184	107	0.999175
0	186	110	0.999166
0	205	142	0.99908
0	182	117	0.99918
0	77	62	0.999652
0	188	134	0.999148
1	170	57	0.999229
0	195	130	0.999115
0	114	101	0.999481
1	137	49	0.999376
0	99	87	0.999545
1	168	70	0.999228
1	214	84	0.99901
1	189	57	0.999124
0	153	136	0.999289
0	55	42	0.999744
1	194	87	0.999097
1	156	64	0.999273
0	138	117	0.999356
0	161	159	0.999247
0	158	134	0.999261
1	188	101	0.999119
1	183	76	0.999141
0	92	80	0.999565
0	191	127	0.999097
1	122	63	0.999421
0	158	152	0.99925
0	164	163	0.99922
0	106	88	0.999495
0	183	139	0.999128
1	161	68	0.99923
1	193	61	0.999075
0	161	106	0.999225
1	174	65	0.999161
1	155	56	0.999251
1	197	107	0.999048
1	137	47	0.999337
0	191	180	0.999075
0	198	167	0.999041
1	98	49	0.999525
0	89	77	0.999568
0	56	42	0.999728
0	157	104	0.999237
1	82	31	0.9996
0	96	79	0.999529
0	189	161	0.999072
1	118	49	0.999419
0	196	172	0.999035
0	177	139	0.999127
0	96	65	0.999524
0	140	100	0.999304
0	183	121	0.999089
1	136	73	0.99932
0	181	103	0.999093
0	51	46	0.999744
0	173	141	0.999131
0	184	123	0.999075
0	159	148	0.9992
0	87	55	0.999561
0	62	50	0.999687
0	197	148	0.999006
0	180	163	0.999091
0	55	47	0.999722
0	194	184	0.999015
0	132	105	0.999328
0	151	120	0.99923
1	79	41	0.999597
0	74	46	0.999622
1	173	54	0.999115
0	130	122	0.999334
1	54	30	0.999723
1	152	63	0.99922
1	177	57	0.999091
0	153	132	0.999214
1	158	76	0.999184
0	177	106	0.999084
1	60	31	0.999689
0	154	139	0.999201
0	142	113	0.999263
1	159	81	0.999174
0	50	35	0.999739
0	170	103	0.999112
1	93	27	0.999513
1	151	62	0.999209
1	185	102	0.999028
1	128	40	0.999327
0	142	125	0.999253
0	139	86	0.999266
0	106	78	0.999438
1	72	30	0.999617
1	135	68	0.999281
0	146	124	0.999222
1	151	83	0.999194
0	186	119	0.999004
1	73	35	0.999607
1	131	72	0.999291
0	125	112	0.999323
0	67	62	0.999636
0	66	58	0.999641
0	155	133	0.999157
1	181	73	0.999015
0	58	41	0.999684
1	174	72	0.999051
0	145	89	0.999208
0	165	160	0.999098
1	127	70	0.999304
0	168	122	0.999079
0	138	92	0.999243
0	122	116	0.99933
0	85	54	0.999533
1	52	28	0.999714
0	52	49	0.999714
0	80	49	0.99956
1	171	75	0.999057
0	71	67	0.999606
0	109	81	0.999395
0	154	148	0.999145
1	169	87	0.999059
1	142	47	0.999209
0	109	95	0.999387
1	95	51	0.999465
0	130	87	0.999265
0	102	74	0.999423
0	176	104	0.999003
0	115	84	0.999346
0	106	82	0.999397
1	122	51	0.999306
0	103	77	0.999414
0	129	128	0.999258
0	123	107	0.999288
1	127	54	0.999264
1	77	27	0.999553
0	146	89	0.999151
0	158	115	0.999075
0	107	65	0.999373
0	164	105	0.999039
1	112	41	0.999337
1	52	27	0.999691
0	110	75	0.999343
1	149	43	0.999109
0	117	96	0.999299
0	60	36	0.99964
1	107	57	0.999358
0	104	86	0.999375
1	157	60	0.999056
1	52	20	0.999687
0	136	114	0.99918
0	143	98	0.999133
0	75	46	0.999545
1	123	46	0.999254
0	118	76	0.999283
1	103	40	0.999374
0	73	54	0.999555
0	157	100	0.999042
0	134	127	0.999181
1	76	41	0.999534
1	79	30	0.999513
1	88	43	0.999457
1	136	60	0.99916
0	96	69	0.999405
0	159	96	0.99901
0	116	114	0.999277
0	100	93	0.999375
1	82	29	0.999485
1	66	36	0.999584
0	132	81	0.999164
0	142	80	0.999099
1	156	58	0.999006
1	154	83	0.999018
1	153	54	0.999024
1	134	69	0.999145
1	124	56	0.999208
0	150	96	0.999042
1	130	54	0.999169
0	140	86	0.999103
0	152	103	0.999024
1	125	52	0.999192
1	74	40	0.999521
1	79	35	0.999488
0	150	100	0.999027
0	143	85	0.999071
0	134	105	0.999126
0	52	36	0.999659
1	128	51	0.999161
0	106	71	0.999305
0	120	76	0.999212
1	86	30	0.999435
0	126	110	0.999171
0	128	120	0.999154
0	87	55	0.999422
0	123	88	0.999183
1	132	71	0.999109
0	127	79	0.999142
0	89	77	0.999396
1	76	31	0.999481
0	142	129	0.999023
1	111	42	0.999236
1	51	22	0.999648
0	80	68	0.999445
1	95	27	0.999341
1	115	61	0.999202
0	59	56	0.99959
0	91	80	0.999367
0	107	62	0.999251
1	130	39	0.999089
1	127	41	0.999108
0	97	57	0.999315
0	98	77	0.999306
1	107	43	0.999242
0	117	69	0.99917
1	133	64	0.999056
0	121	108	0.99914
0	72	59	0.999487
0	121	74	0.999138
0	124	106	0.99911
1	68	22	0.999511
0	106	73	0.999235
1	69	28	0.999499
0	132	95	0.999041
1	58	30	0.999577
0	94	60	0.999314
1	123	59	0.999102
0	106	98	0.999222
0	52	46	0.999618
0	109	98	0.999196
0	90	77	0.999334
1	120	54	0.999111
0	120	75	0.999102
0	99	74	0.999256
0	124	123	0.999068
0	77	54	0.999421
1	103	48	0.999224
1	118	41	0.999108
0	71	66	0.999462
1	70	38	0.999469
0	114	112	0.999134
0	107	96	0.999186
0	97	76	0.999262
1	98	37	0.999253
0	106	98	0.99919
1	125	42	0.999043
0	58	49	0.999552
1	70	31	0.999458
1	91	38	0.999294
0	89	74	0.999304
1	63	30	0.999507
1	55	27	0.999567
0	108	103	0.999149
0	78	72	0.999384
0	59	55	0.999533
0	120	94	0.999043
0	97	90	0.999226
1	60	24	0.99952
0	124	78	0.999006
0	77	59	0.999379
1	92	48	0.999256
0	55	49	0.999555
1	85	31	0.99931
0	119	79	0.999033
0	56	54	0.999543
0	113	73	0.999078
0	102	96	0.999163
1	58	21	0.999523
0	76	58	0.999375
0	93	83	0.999234
1	102	30	0.999159
0	77	71	0.999362
0	105	84	0.999129
1	101	46	0.999161
0	54	49	0.999551
0	92	59	0.999234
0	57	49	0.999525
0	88	65	0.999264
0	104	66	0.999123
1	55	20	0.999532
1	110	36	0.999062
1	97	43	0.999172
0	111	102	0.999052
0	60	47	0.999486
1	109	34	0.999064
0	85	66	0.999269
1	86	40	0.999258
0	76	50	0.999343
0	115	92	0.999003
0	108	77	0.999062
1	114	44	0.999009
0	91	67	0.999208
0	79	54	0.999307
0	82	63	0.999277
1	110	43	0.999029
0	100	94	0.999112
0	54	44	0.99952
0	100	62	0.999111
1	101	55	0.999096
0	65	59	0.999417
0	91	50	0.999178
0	106	95	0.999042
0	103	84	0.999069
1	82	36	0.999253
1	80	23	0.999267
0	69	44	0.999367
0	105	69	0.999026
1	107	31	0.999003
1	104	42	0.999025
0	103	91	0.999031
0	73	42	0.999301
0	66	48	0.999361
0	78	66	0.999244
0	61	47	0.999408
1	62	22	0.999396
0	87	48	0.999146
0	91	63	0.999102
1	71	37	0.999294
1	53	21	0.999469
0	85	65	0.999148
1	79	35	0.999207
0	96	54	0.999035
0	79	45	0.999193
0	75	59	0.999233
1	58	23	0.999406
0	87	55	0.999097
0	86	61	0.999107
0	91	89	0.999047
1	93	47	0.999022
1	68	25	0.999279
1	64	24	0.999318
1	85	42	0.999083
0	77	58	0.999169
0	80	50	0.999134
0	71	58	0.999231
0	85	68	0.999077
0	72	64	0.999211
0	52	40	0.999429
0	63	51	0.999307
0	85	49	0.99905
0	71	69	0.999206
0	66	48	0.99926
0	56	50	0.999369
1	82	43	0.999061
1	85	40	0.999019
0	78	50	0.999097
1	68	25	0.999208
0	81	61	0.999045
0	66	65	0.999213
0	50	31	0.999401
0	56	32	0.999326
1	57	28	0.999313
1	62	24	0.999247
0	51	37	0.999361
0	52	44	0.999346
1	73	30	0.999075
0	59	52	0.999252
0	51	35	0.999343
0	65	55	0.99916
0	72	57	0.999068
1	61	33	0.999206
1	71	36	0.99907
0	53	45	0.9993
1	72	26	0.999046
0	72	65	0.999044
0	72	40	0.999031
0	72	62	0.999027
0	63	59	0.999142
0	63	37	0.999141
0	54	39	0.999263
0	67	46	0.999077
1	68	28	0.999046
1	66	26	0.999068
0	65	60	0.999082
0	62	58	0.999124
1	57	27	0.999182
0	64	60	0.999062
1	51	24	0.999249
1	59	26	0.999125
1	57	21	0.999132
0	61	37	0.999068
1	55	16	0.999155
1	62	33	0.999044
0	53	33	0.99918
1	50	20	0.999218
0	56	44	0.999124
0	60	55	0.999047
1	55	16	0.999114
1	51	26	0.999165
0	57	43	0.999054
0	52	35	0.999115
0	55	53	0.99906
0	50	37	0.999133
0	52	44	0.999069
