147376
2.05437
2500
1	430	109	0.999998
1	280	184	0.999998
1	490	208	0.999995
1	387	322	0.999996
1	348	329	0.999995
1	205	131	0.999996
1	495	324	0.999988
1	448	421	0.999989
1	292	164	0.999992
1	422	343	0.999988
1	268	120	0.999992
1	429	118	0.999987
1	462	102	0.999986
1	497	384	0.999983
1	307	127	0.999989
1	388	237	0.999986
1	215	209	0.999992
1	354	112	0.999986
1	302	290	0.999988
1	425	321	0.999983
1	274	74	0.999989
1	170	98	0.999993
1	258	179	0.999989
1	337	164	0.999985
1	447	360	0.99998
1	428	301	0.999979
1	230	180	0.999988
1	402	199	0.999979
1	482	202	0.999974
1	437	335	0.999976
1	427	119	0.999976
1	301	173	0.999983
1	371	144	0.999979
1	419	153	0.999976
1	456	392	0.999973
1	216	179	0.999987
1	467	227	0.999971
1	377	289	0.999976
1	471	265	0.99997
1	198	125	0.999987
1	483	331	0.999968
1	434	106	0.99997
1	216	186	0.999985
1	191	133	0.999986
1	256	72	0.999981
1	490	375	0.999963
1	144	89	0.999989
1	462	318	0.999964
1	383	323	0.99997
1	316	196	0.999975
1	316	282	0.999975
1	306	155	0.999974
1	491	278	0.999958
1	360	158	0.999969
1	196	59	0.999983
1	227	127	0.99998
1	226	105	0.99998
1	65	44	0.999994
1	211	133	0.99998
1	412	244	0.99996
1	499	474	0.99995
1	314	109	0.999967
1	281	145	0.999968
0	306	296	0.999965
1	428	317	0.999951
1	338	313	0.999961
1	215	141	0.999975
0	257	256	0.99997
0	279	271	0.999967
1	411	267	0.999951
1	198	63	0.999976
1	255	134	0.999968
1	397	87	0.99995
1	210	173	0.999973
1	223	102	0.999971
1	425	201	0.999944
1	431	408	0.999943
1	418	149	0.999944
0	462	459	0.999937
1	301	164	0.999958
1	441	288	0.999938
1	428	151	0.999939
1	354	244	0.999949
1	380	242	0.999945
1	198	60	0.999971
1	135	98	0.99998
1	404	229	0.999939
1	439	244	0.999933
1	446	140	0.999931
1	236	190	0.999963
1	298	217	0.999952
1	300	184	0.99995
0	326	322	0.999945
1	443	191	0.999925
1	248	58	0.999958
1	146	43	0.999975
1	256	80	0.999956
1	493	242	0.999914
1	361	131	0.999937
1	457	135	0.999918
0	345	340	0.999938
1	125	45	0.999977
1	238	183	0.999956
1	451	375	0.999916
1	112	43	0.999979
1	302	105	0.999943
1	440	298	0.999916
1	448	149	0.999912
1	228	59	0.999955
1	156	113	0.999969
1	400	333	0.99992
1	420	357	0.999916
1	300	209	0.999939
1	279	186	0.999943
1	466	137	0.999904
1	497	160	0.999897
0	331	318	0.99993
0	425	414	0.99991
1	425	95	0.99991
1	144	126	0.999969
1	441	264	0.999905
1	323	252	0.99993
1	287	170	0.999937
1	434	335	0.999902
0	337	319	0.999923
1	140	114	0.999968
1	459	310	0.999895
1	307	162	0.999929
1	103	84	0.999976
1	424	131	0.999901
0	402	398	0.999906
1	404	195	0.999904
1	500	132	0.999881
1	178	109	0.999957
1	496	410	0.99988
1	434	177	0.999892
1	450	212	0.999888
1	373	145	0.999907
1	117	85	0.99997
1	120	40	0.999969
1	491	292	0.999873
1	297	267	0.999923
1	258	216	0.999933
1	249	129	0.999935
1	409	372	0.999893
1	193	63	0.999949
1	314	199	0.999917
0	496	468	0.999868
1	156	88	0.999958
1	234	136	0.999937
1	441	243	0.99988
1	116	39	0.999968
1	404	235	0.999888
1	286	250	0.99992
1	495	364	0.999858
0	435	410	0.999875
1	265	118	0.999923
1	428	131	0.999875
1	222	115	0.999935
1	150	80	0.999956
1	184	108	0.999946
1	156	139	0.999954
1	76	23	0.999977
1	409	215	0.999876
0	418	406	0.999872
0	414	381	0.999873
0	292	269	0.99991
1	364	238	0.999886
1	397	148	0.999875
1	390	263	0.999877
0	326	297	0.999897
1	231	62	0.999927
0	331	305	0.999895
1	270	110	0.999914
0	432	395	0.999862
1	338	220	0.999892
1	392	172	0.999873
1	330	224	0.999893
1	241	70	0.999921
1	295	135	0.999902
1	126	56	0.999958
1	146	120	0.999951
0	290	265	0.999902
1	445	275	0.999849
1	251	186	0.999914
1	102	35	0.999965
0	416	400	0.999856
1	427	274	0.999852
1	164	83	0.999943
1	373	121	0.99987
1	467	323	0.999837
1	485	335	0.999829
1	99	64	0.999964
1	479	388	0.999825
1	478	399	0.999825
1	403	96	0.999852
0	428	421	0.999842
1	493	151	0.999818
1	285	220	0.999894
1	216	183	0.999919
1	301	245	0.999886
1	489	356	0.999814
1	236	150	0.99991
1	461	120	0.999824
1	443	216	0.99983
1	242	136	0.999907
1	359	156	0.999862
1	239	82	0.999908
1	454	201	0.999825
1	248	206	0.999904
1	366	172	0.999858
1	291	219	0.999887
1	337	259	0.999869
1	215	88	0.999916
1	287	215	0.999887
1	383	224	0.999847
1	464	119	0.999814
1	420	307	0.999831
1	285	145	0.999885
1	375	270	0.999848
1	234	97	0.999904
1	225	125	0.999906
1	498	280	0.999791
1	200	57	0.999916
0	197	179	0.999917
1	413	285	0.999823
0	461	457	0.9998
1	336	153	0.999854
1	110	39	0.999952
0	80	75	0.999965
1	493	417	0.999783
1	311	212	0.999863
0	472	471	0.999792
1	89	31	0.99996
1	362	221	0.999837
1	430	205	0.999806
1	185	114	0.999916
1	253	181	0.999885
1	233	133	0.999894
1	180	148	0.999918
1	495	175	0.999774
1	496	369	0.99977
1	485	376	0.999774
1	497	174	0.999768
1	447	211	0.999791
1	389	153	0.999818
1	465	334	0.999782
1	422	110	0.999801
1	429	297	0.999797
1	410	263	0.999805
1	459	286	0.999781
1	371	318	0.999822
1	444	256	0.999786
1	343	237	0.999833
1	234	90	0.999886
1	235	89	0.999883
0	463	406	0.999769
1	328	277	0.999835
1	107	24	0.999946
1	301	120	0.999847
1	464	355	0.999764
0	391	365	0.999801
1	343	285	0.999825
0	135	126	0.999931
1	78	55	0.99996
1	444	225	0.999772
1	499	377	0.999743
1	388	253	0.9998
1	411	91	0.999788
1	445	142	0.99977
0	137	134	0.999929
0	239	233	0.999875
1	466	329	0.999755
1	391	264	0.999794
1	209	91	0.999889
1	418	161	0.999776
1	412	255	0.999779
1	441	164	0.999762
0	207	204	0.999888
0	205	203	0.999889
1	397	265	0.999785
1	428	251	0.999768
0	377	349	0.999795
1	463	350	0.999748
1	380	131	0.999793
1	401	187	0.999781
1	426	346	0.999767
0	73	63	0.99996
0	376	369	0.999794
1	425	322	0.999767
1	459	221	0.999748
1	201	110	0.999889
1	420	129	0.999766
1	467	221	0.999739
1	266	191	0.999851
0	451	430	0.999747
0	478	438	0.999731
1	87	46	0.999951
1	142	103	0.99992
1	486	333	0.999725
1	416	333	0.999764
1	255	170	0.999855
0	161	137	0.999908
1	188	135	0.999892
1	336	80	0.999806
1	410	257	0.999763
1	354	231	0.999794
0	469	412	0.999724
0	237	235	0.99986
1	372	130	0.999779
0	348	322	0.999793
1	457	209	0.999725
1	290	202	0.999825
0	392	346	0.999763
1	325	129	0.999803
1	412	224	0.99975
1	312	157	0.99981
0	310	304	0.999811
1	116	28	0.999929
1	471	339	0.999711
1	174	131	0.999893
1	464	314	0.999713
1	466	209	0.999711
0	456	414	0.999717
1	422	215	0.999738
1	219	139	0.999864
1	61	32	0.999962
1	460	326	0.999713
1	497	326	0.999687
1	437	257	0.999724
0	494	420	0.999688
1	453	140	0.999713
1	498	367	0.999684
1	407	250	0.999741
0	454	374	0.999709
1	471	204	0.999698
1	146	104	0.999906
0	467	453	0.999698
1	292	153	0.999811
1	281	71	0.999818
0	288	246	0.999812
1	497	251	0.999675
0	298	289	0.999805
1	165	119	0.999892
0	275	234	0.99982
1	244	69	0.999839
1	410	312	0.999729
1	482	150	0.999681
1	145	87	0.999904
0	358	301	0.999763
1	462	267	0.999694
1	343	124	0.999772
1	294	231	0.999804
1	373	260	0.999751
1	479	219	0.99968
1	167	54	0.999888
1	204	67	0.999863
1	430	346	0.999711
1	330	134	0.999778
0	231	227	0.999844
1	495	390	0.999665
1	391	304	0.999735
0	273	261	0.999814
1	330	226	0.999775
1	406	282	0.999722
1	359	259	0.999754
1	438	151	0.999697
0	286	251	0.999801
1	204	101	0.999858
1	492	234	0.999657
1	206	73	0.999856
1	293	220	0.999794
1	453	123	0.99968
0	248	217	0.999824
1	294	214	0.999791
1	126	90	0.99991
1	282	124	0.999798
1	279	173	0.9998
1	234	80	0.999832
1	309	177	0.999778
1	439	343	0.999682
1	211	108	0.999847
0	451	429	0.999673
1	441	157	0.99968
0	427	414	0.99969
1	499	348	0.999637
1	324	167	0.999763
1	87	55	0.999936
1	401	286	0.999705
0	161	158	0.999881
0	328	265	0.999757
1	232	163	0.999828
1	159	41	0.999882
0	473	456	0.999647
0	146	132	0.999891
0	112	111	0.999916
1	302	240	0.999773
1	475	235	0.999643
1	327	111	0.999753
1	234	182	0.999823
1	229	91	0.999825
1	415	276	0.999681
0	480	443	0.999631
1	269	98	0.999793
1	339	249	0.999739
1	437	184	0.999663
1	388	120	0.9997
1	226	95	0.999825
1	272	150	0.999789
0	231	203	0.99982
1	324	231	0.999747
1	64	23	0.99995
1	443	159	0.999651
0	384	366	0.999697
1	367	209	0.99971
1	129	75	0.999898
0	331	296	0.999737
1	147	64	0.999883
1	391	177	0.999687
0	286	267	0.99977
0	225	184	0.999819
1	314	137	0.999747
0	341	325	0.999725
1	472	258	0.999619
0	308	252	0.999751
1	350	221	0.999715
0	299	265	0.999756
1	500	319	0.999592
1	342	108	0.99972
1	420	175	0.999656
1	289	202	0.999762
1	358	240	0.999705
1	236	130	0.999805
1	304	70	0.999748
0	89	75	0.999926
1	499	377	0.999585
1	119	63	0.999901
0	472	399	0.999607
1	361	276	0.999699
1	421	222	0.999647
0	262	245	0.99978
0	256	228	0.999785
1	281	71	0.999764
1	141	67	0.999881
0	117	111	0.999901
1	452	119	0.999617
1	271	126	0.99977
1	258	110	0.999781
1	346	258	0.999706
1	165	120	0.999858
1	373	165	0.999679
1	353	253	0.999695
1	281	76	0.999757
1	364	137	0.999685
1	456	318	0.999605
1	491	320	0.999574
1	443	136	0.999615
0	311	253	0.999728
0	273	215	0.999761
1	465	210	0.999592
1	415	314	0.999635
1	440	165	0.999613
1	366	158	0.999678
1	418	184	0.999631
0	390	324	0.999655
1	219	82	0.999806
0	397	307	0.999648
0	458	365	0.999593
0	463	424	0.999588
1	376	143	0.999665
0	259	226	0.999769
0	362	305	0.999676
0	414	394	0.999629
1	251	67	0.999774
1	383	187	0.999655
1	306	67	0.999724
0	486	442	0.999561
0	418	344	0.999622
1	239	79	0.999783
1	272	123	0.999753
0	241	185	0.999781
0	157	130	0.999857
1	408	134	0.999628
1	397	131	0.999638
1	83	55	0.999924
0	464	376	0.999575
1	466	330	0.999573
1	145	92	0.999867
1	422	130	0.999612
1	395	161	0.999636
1	328	134	0.999697
1	422	106	0.999609
0	260	200	0.999759
1	155	63	0.999856
1	299	162	0.999722
1	277	203	0.999742
1	444	133	0.999585
1	423	299	0.999604
1	461	240	0.999568
1	348	111	0.999673
1	220	141	0.999793
1	242	172	0.999772
1	450	123	0.999575
0	147	134	0.999861
1	179	58	0.99983
1	295	184	0.999719
1	262	180	0.99975
0	422	378	0.999597
0	336	301	0.999679
1	229	92	0.999781
1	164	69	0.999843
1	378	163	0.999637
1	410	161	0.999606
0	438	408	0.999579
1	87	48	0.999916
0	352	304	0.99966
1	93	49	0.99991
1	500	160	0.999516
1	346	235	0.999665
1	320	207	0.99969
0	279	250	0.999729
1	246	113	0.999759
0	177	141	0.999826
1	415	119	0.999592
1	484	301	0.999524
1	323	102	0.999682
0	282	266	0.999722
1	382	132	0.999623
1	369	81	0.999634
0	451	379	0.999552
1	170	62	0.999831
1	385	104	0.999617
1	292	172	0.999709
1	449	162	0.999552
0	498	472	0.999503
1	472	224	0.999527
1	415	192	0.999584
1	269	91	0.999729
1	386	161	0.99961
1	345	235	0.999651
0	74	61	0.999925
0	362	317	0.999632
1	387	211	0.999606
1	402	236	0.99959
1	349	100	0.999644
0	326	253	0.999667
1	447	110	0.999541
1	425	150	0.999563
1	384	92	0.999604
1	276	132	0.999715
1	150	103	0.999845
1	298	154	0.999692
1	466	280	0.999517
1	237	115	0.999754
1	308	98	0.999678
1	198	104	0.999792
1	257	86	0.99973
1	350	167	0.999632
1	384	116	0.999596
0	358	293	0.999623
1	255	72	0.999731
1	154	60	0.999837
0	368	347	0.99961
1	214	91	0.999773
1	377	141	0.9996
0	291	267	0.999691
1	246	61	0.999738
1	456	133	0.999514
1	330	149	0.999648
1	296	124	0.999684
1	310	128	0.999669
0	58	48	0.999938
0	477	417	0.999489
0	320	258	0.999656
0	290	219	0.999688
1	487	238	0.999475
1	320	115	0.999654
1	320	91	0.999654
1	299	139	0.999676
1	356	111	0.999613
1	411	259	0.999553
1	192	138	0.999791
0	468	354	0.99949
1	88	52	0.999904
1	468	329	0.999489
0	498	405	0.999455
1	339	79	0.999627
1	347	204	0.999618
1	441	302	0.999514
1	363	240	0.999599
1	417	149	0.999539
1	413	258	0.999543
1	365	132	0.999596
1	279	153	0.999691
1	436	101	0.999516
0	407	338	0.999548
1	390	101	0.999566
0	96	88	0.999893
1	477	313	0.999467
1	458	228	0.999487
1	453	274	0.999491
1	428	165	0.999519
0	128	107	0.999856
1	373	108	0.99958
0	481	474	0.999458
0	481	425	0.999458
1	109	65	0.999877
0	302	250	0.999659
1	488	233	0.999449
1	238	132	0.999731
1	275	157	0.999688
1	291	84	0.999669
1	266	189	0.999697
0	417	330	0.999525
1	340	171	0.999612
1	404	119	0.999537
1	295	192	0.999661
0	351	349	0.999596
1	429	300	0.999503
0	466	443	0.99946
1	490	339	0.999431
1	440	268	0.999489
0	250	194	0.999709
1	188	43	0.999781
1	406	216	0.999527
0	174	155	0.999797
1	450	111	0.999474
1	283	93	0.999668
0	86	64	0.999899
1	430	188	0.999495
0	493	441	0.999421
1	406	240	0.999523
0	461	439	0.999458
1	278	140	0.999673
1	340	229	0.999599
0	353	253	0.999583
1	356	163	0.999579
0	421	392	0.999502
1	76	24	0.99991
0	259	232	0.999693
0	128	108	0.999848
0	205	193	0.999756
0	374	334	0.999554
0	432	348	0.999484
1	490	281	0.999414
1	213	129	0.999745
1	162	55	0.999806
1	435	210	0.999478
0	83	76	0.9999
0	457	425	0.999449
1	301	139	0.999637
1	390	98	0.999528
1	339	117	0.999588
1	336	148	0.999591
1	465	169	0.999434
0	369	329	0.99955
0	334	248	0.999592
1	310	124	0.999621
1	492	184	0.999396
1	235	115	0.999711
1	393	88	0.999516
0	310	282	0.999618
1	387	246	0.999521
1	433	289	0.999464
1	421	157	0.999477
0	441	415	0.999452
1	498	123	0.99938
1	346	125	0.999569
0	415	333	0.999483
1	500	217	0.999377
0	223	212	0.999722
0	247	189	0.999692
0	328	300	0.999591
1	263	61	0.999672
1	59	40	0.999926
0	339	287	0.999574
0	408	297	0.999487
1	348	91	0.999562
0	377	312	0.999525
1	402	252	0.999493
1	448	189	0.999434
1	245	98	0.99969
1	217	145	0.999725
1	412	275	0.999478
1	307	187	0.99961
1	347	198	0.999559
0	271	190	0.999653
1	369	215	0.999527
0	180	179	0.999769
0	334	293	0.999571
1	442	254	0.999427
0	401	355	0.99948
1	362	206	0.999529
0	211	200	0.999725
1	415	203	0.999459
1	348	154	0.999546
1	259	121	0.999661
0	486	475	0.999364
0	355	289	0.999535
1	343	149	0.99955
1	452	288	0.999407
0	156	146	0.999795
1	281	178	0.99963
0	254	247	0.999665
1	385	160	0.999492
0	112	91	0.999852
1	239	155	0.999684
1	481	253	0.999364
1	415	281	0.999451
0	371	354	0.999508
0	205	174	0.999728
1	212	83	0.999718
0	287	247	0.999618
0	477	376	0.999365
0	198	176	0.999736
1	453	110	0.999395
0	411	300	0.999451
0	136	94	0.999818
1	336	136	0.99955
0	247	231	0.999669
1	482	191	0.999354
1	486	165	0.999348
1	131	53	0.999824
0	230	174	0.999691
1	262	171	0.999648
0	366	328	0.999508
0	473	353	0.999364
1	312	142	0.99958
0	483	344	0.999349
1	494	147	0.999334
1	409	91	0.999448
1	440	131	0.999405
0	391	330	0.999471
1	217	67	0.999706
0	353	295	0.999521
1	425	242	0.999421
0	217	180	0.999704
1	252	125	0.999656
0	304	275	0.999585
1	213	47	0.999709
1	423	140	0.999421
0	416	400	0.99943
1	261	137	0.999642
1	142	72	0.999805
0	182	174	0.99975
0	382	364	0.999475
1	446	156	0.999386
0	177	133	0.999756
1	388	112	0.999464
0	410	346	0.999433
0	464	322	0.999353
1	380	236	0.99947
0	490	437	0.999316
0	223	215	0.999688
1	448	167	0.999373
1	335	221	0.999531
1	468	252	0.999344
1	437	271	0.999387
0	209	164	0.999706
1	162	83	0.999772
1	379	254	0.999465
1	442	248	0.999376
0	177	144	0.99975
0	470	454	0.999336
0	229	217	0.999676
1	400	222	0.999433
0	452	330	0.999358
0	408	394	0.99942
0	416	362	0.999408
1	491	306	0.999301
0	401	293	0.999428
1	384	86	0.999451
0	455	372	0.999349
1	350	185	0.999499
0	333	296	0.999522
1	319	130	0.999542
1	144	92	0.999793
0	157	125	0.999774
1	309	148	0.999555
1	427	263	0.999385
1	383	186	0.999448
1	156	47	0.999775
1	445	242	0.999357
0	139	133	0.999799
0	330	238	0.999522
1	361	224	0.999477
1	495	317	0.999283
0	356	294	0.999483
0	471	329	0.999316
1	393	111	0.999429
0	478	427	0.999303
1	443	149	0.999354
0	231	211	0.999663
0	442	390	0.999355
1	306	112	0.999552
0	334	293	0.99951
1	490	263	0.99928
1	367	183	0.99946
1	188	115	0.999723
1	285	104	0.99958
0	82	57	0.999879
1	180	68	0.999734
0	456	401	0.999323
0	251	221	0.999627
1	444	244	0.99934
1	80	46	0.999881
1	350	117	0.999479
0	458	367	0.999316
1	401	157	0.999401
0	119	118	0.999822
0	226	198	0.999662
1	233	69	0.999651
0	295	208	0.999558
0	424	291	0.999364
1	361	151	0.999458
1	281	92	0.999578
1	215	56	0.999676
1	238	83	0.999641
0	424	370	0.999359
1	333	121	0.999496
0	440	360	0.999334
0	245	243	0.999629
0	266	208	0.999597
1	431	259	0.999346
1	328	79	0.999502
1	290	182	0.999559
1	447	130	0.99932
1	395	112	0.999399
0	176	143	0.999732
1	444	237	0.999324
1	292	143	0.999555
0	423	379	0.999355
0	432	362	0.999341
0	378	260	0.999423
0	488	406	0.999254
0	489	409	0.999251
0	487	478	0.999253
1	492	279	0.999245
0	191	163	0.999705
1	395	218	0.99939
1	332	147	0.999487
1	420	99	0.999351
0	327	282	0.999493
1	368	90	0.999429
1	398	258	0.999382
0	90	69	0.99986
0	315	242	0.99951
1	158	104	0.999754
1	226	125	0.999648
0	86	69	0.999866
1	364	108	0.999433
1	431	276	0.999327
1	345	167	0.999461
0	462	436	0.999278
0	148	100	0.999768
1	237	104	0.999628
0	479	356	0.999248
1	192	56	0.999698
0	336	322	0.99947
0	488	484	0.999226
1	317	115	0.999497
1	462	230	0.999267
0	322	249	0.999489
0	482	446	0.999235
1	205	129	0.999674
0	166	155	0.999736
0	266	208	0.999577
0	238	218	0.999621
1	297	104	0.999527
0	155	141	0.999753
0	131	108	0.999791
0	381	306	0.999392
1	447	176	0.999286
1	221	104	0.999646
1	419	189	0.999329
1	408	175	0.999346
1	61	23	0.999902
0	404	300	0.999351
0	361	277	0.99942
0	102	83	0.999836
0	448	350	0.999279
1	124	74	0.9998
1	57	24	0.999908
0	493	477	0.999204
0	329	221	0.999468
1	350	160	0.999431
1	361	182	0.999412
1	416	212	0.999322
0	423	375	0.99931
1	226	140	0.999631
0	396	355	0.999353
1	467	158	0.999237
1	301	137	0.999508
1	381	85	0.999377
0	491	394	0.999197
1	308	179	0.999496
0	473	458	0.999226
1	427	224	0.999301
0	436	291	0.999286
1	97	41	0.999841
0	482	398	0.99921
0	203	160	0.999667
1	414	164	0.99932
1	373	117	0.999387
0	155	127	0.999745
1	243	115	0.9996
0	283	274	0.999534
1	450	276	0.999258
1	423	170	0.999302
0	256	250	0.999577
1	82	53	0.999864
1	477	121	0.999209
0	291	247	0.999517
1	294	103	0.999512
1	432	100	0.999283
0	473	324	0.999215
1	118	46	0.999803
0	230	186	0.999616
1	488	117	0.999184
1	339	106	0.999433
0	153	118	0.999744
1	318	144	0.999468
1	429	240	0.999282
1	210	115	0.999648
0	306	267	0.999487
1	340	88	0.99943
1	325	158	0.999455
0	469	381	0.999213
1	309	77	0.999481
0	482	387	0.99919
0	453	319	0.999238
0	225	183	0.999621
1	485	213	0.999182
0	492	332	0.99917
1	269	133	0.999546
0	287	282	0.999514
1	160	43	0.999729
1	181	41	0.999693
1	336	211	0.999429
1	280	115	0.999524
0	499	438	0.999152
0	335	267	0.99943
1	245	90	0.999583
0	443	316	0.999246
1	481	236	0.999179
0	267	192	0.999544
1	319	180	0.999455
0	444	440	0.99924
0	359	266	0.999385
0	433	283	0.999257
1	311	158	0.999466
0	78	70	0.999866
1	51	22	0.999912
1	367	170	0.999367
1	190	112	0.999672
1	367	102	0.999366
1	488	296	0.999156
1	396	215	0.999314
1	193	110	0.999665
1	239	87	0.999585
0	490	473	0.999149
1	470	137	0.999182
0	113	74	0.999803
0	137	89	0.999761
0	432	428	0.999245
1	453	169	0.999208
0	272	196	0.999524
0	69	63	0.999879
0	471	470	0.999174
1	471	262	0.999174
0	423	377	0.999258
1	373	92	0.999345
1	289	83	0.999492
0	469	385	0.999175
0	229	188	0.999597
1	420	149	0.99926
0	328	297	0.999422
1	255	93	0.99955
1	232	51	0.99959
1	78	33	0.999862
0	479	454	0.999153
1	312	146	0.999448
1	333	199	0.99941
1	373	125	0.999339
1	490	301	0.999131
0	151	141	0.999732
0	72	57	0.999872
1	405	138	0.999279
0	96	70	0.999829
0	251	211	0.999553
1	352	205	0.999372
1	168	63	0.9997
0	405	353	0.999277
0	108	97	0.999807
1	469	124	0.999162
1	137	68	0.999755
1	317	193	0.999433
0	270	260	0.999516
0	472	376	0.999153
1	434	118	0.999221
0	382	361	0.999314
0	354	289	0.999364
1	286	104	0.999486
0	382	368	0.999313
0	265	199	0.999523
1	353	110	0.999364
1	320	108	0.999423
0	163	114	0.999705
1	322	140	0.999417
0	180	177	0.999674
0	412	409	0.999254
1	244	97	0.999558
1	361	181	0.999346
0	428	309	0.999223
0	407	334	0.999261
1	441	228	0.999198
0	161	154	0.999707
0	492	369	0.999105
0	495	415	0.999099
1	414	249	0.999246
0	488	459	0.999111
1	461	124	0.99916
1	272	82	0.999504
0	490	358	0.999106
1	218	120	0.999602
1	121	32	0.999779
1	196	72	0.999642
1	451	179	0.999176
0	470	393	0.999141
0	488	429	0.999108
0	490	456	0.9991
1	457	207	0.99916
0	439	435	0.999193
0	485	344	0.999108
0	253	182	0.999534
1	311	156	0.999427
0	420	360	0.999226
0	408	286	0.999248
0	475	383	0.999124
1	480	112	0.999113
0	260	237	0.999519
1	235	112	0.999565
1	419	172	0.999223
1	319	188	0.999408
1	328	149	0.999391
0	72	46	0.999866
1	217	125	0.999596
0	482	420	0.999103
1	276	62	0.999486
0	422	406	0.999214
1	334	195	0.999377
1	324	93	0.999395
1	461	128	0.999138
0	449	349	0.99916
0	431	307	0.999193
0	64	55	0.99988
1	425	228	0.999203
0	348	265	0.999347
0	228	143	0.999572
1	74	36	0.999861
0	429	348	0.999194
1	264	156	0.999502
1	323	193	0.99939
1	394	116	0.999256
1	346	120	0.999346
1	448	204	0.999152
1	76	44	0.999856
1	469	257	0.999112
1	442	143	0.999163
1	335	191	0.999363
0	52	47	0.999901
1	306	103	0.999417
1	128	54	0.999756
0	410	348	0.999216
0	378	362	0.999277
0	430	330	0.999175
1	350	197	0.999328
0	279	183	0.999464
1	270	135	0.999481
1	387	185	0.999253
1	335	120	0.999353
1	120	30	0.999768
1	139	57	0.999731
0	422	332	0.999183
1	321	118	0.999378
0	66	60	0.999872
0	460	319	0.999108
1	445	191	0.999137
1	243	58	0.999528
0	318	258	0.999382
1	356	156	0.999308
1	332	90	0.999354
0	423	350	0.999177
1	76	34	0.999852
0	228	221	0.999556
0	285	240	0.999445
1	386	176	0.999248
0	395	266	0.999229
1	315	179	0.999385
1	372	167	0.999273
1	457	197	0.999106
1	350	94	0.999315
1	343	200	0.999328
1	249	128	0.999512
0	458	386	0.999101
0	333	295	0.999345
0	363	265	0.999286
0	163	135	0.999679
1	414	200	0.999185
1	488	242	0.999039
1	442	259	0.999128
0	284	280	0.999439
1	288	77	0.999431
0	443	345	0.999125
0	323	277	0.999361
0	151	105	0.999701
0	406	370	0.999196
1	487	138	0.999034
0	268	174	0.999468
1	343	163	0.999319
0	149	140	0.999704
1	342	140	0.999319
0	476	393	0.999052
0	388	308	0.999226
1	265	112	0.999471
1	349	148	0.999303
0	367	337	0.999267
0	460	430	0.999081
0	409	275	0.999182
1	366	132	0.999267
1	305	97	0.999389
0	403	292	0.999191
1	435	241	0.999126
1	437	170	0.999121
1	385	217	0.999225
1	446	140	0.999102
1	173	96	0.999651
0	286	273	0.999423
0	340	334	0.999313
0	246	212	0.999502
0	412	351	0.999166
0	198	151	0.999599
0	73	62	0.999852
1	421	136	0.999147
1	219	86	0.999556
1	373	114	0.999244
0	494	355	0.998999
0	333	230	0.999324
1	368	196	0.999253
0	474	373	0.999036
1	473	141	0.999037
1	236	143	0.999519
0	199	142	0.999594
1	440	198	0.999102
0	349	319	0.999286
0	203	198	0.999584
1	365	99	0.999252
1	284	153	0.999417
0	479	337	0.999017
0	454	375	0.999067
1	476	241	0.999021
1	416	243	0.999144
1	462	202	0.999048
0	177	174	0.999635
0	335	316	0.999309
1	359	102	0.999259
1	351	163	0.999275
1	347	97	0.999282
1	471	189	0.999025
1	387	138	0.999198
1	388	103	0.999194
0	440	298	0.999086
0	382	257	0.999206
0	488	421	0.998983
1	426	234	0.999112
1	280	84	0.999416
1	428	128	0.999107
0	148	115	0.999691
0	356	282	0.999257
1	136	64	0.999716
1	376	163	0.999215
1	277	122	0.999421
0	357	248	0.999253
0	467	414	0.999023
0	334	305	0.999301
1	394	211	0.999175
0	210	133	0.99956
0	495	407	0.998963
1	366	197	0.999233
0	394	250	0.999174
1	269	126	0.999435
1	361	186	0.999241
0	492	348	0.998965
1	296	160	0.999377
0	247	186	0.99948
0	72	61	0.999848
0	437	374	0.999078
1	271	60	0.999428
1	352	142	0.999256
0	60	41	0.999873
1	142	47	0.999699
0	243	173	0.999485
0	404	356	0.999144
1	360	171	0.999237
1	115	31	0.999756
1	463	148	0.999018
0	220	134	0.999533
0	186	161	0.999605
1	495	173	0.998949
1	403	234	0.999144
1	482	168	0.998976
1	210	54	0.999553
0	163	103	0.999653
0	387	381	0.999175
1	439	224	0.999064
0	452	360	0.999036
0	336	306	0.999283
1	352	92	0.999248
1	403	238	0.999139
0	303	282	0.999352
1	341	121	0.999269
0	405	339	0.999131
1	363	140	0.999221
0	467	346	0.998998
1	434	196	0.999068
0	411	371	0.999114
0	289	267	0.999376
1	467	127	0.998992
0	192	165	0.999585
1	373	181	0.999194
1	247	98	0.999466
0	355	283	0.999232
0	207	154	0.999552
0	397	394	0.999141
0	358	241	0.999225
1	451	166	0.999023
0	161	119	0.999651
1	397	162	0.999138
0	437	363	0.999051
1	423	170	0.999081
1	446	219	0.999031
1	358	183	0.999222
1	266	97	0.999421
0	499	490	0.998913
1	245	59	0.999466
1	424	242	0.999076
0	437	417	0.999046
0	399	394	0.999128
1	252	150	0.999449
0	132	92	0.999711
0	339	258	0.999258
1	480	111	0.998948
1	395	173	0.999133
1	394	183	0.999135
1	95	39	0.999791
1	458	111	0.998993
1	195	48	0.999571
0	210	206	0.999537
1	493	203	0.998913
1	455	109	0.998996
0	430	336	0.999049
0	443	411	0.99902
0	400	379	0.999115
0	293	265	0.999351
1	498	204	0.998897
0	487	404	0.998919
1	496	172	0.998899
0	440	378	0.999023
0	189	117	0.99958
0	225	195	0.9995
0	396	285	0.99912
1	285	87	0.999366
0	385	331	0.999143
1	319	129	0.999289
0	426	305	0.99905
0	429	406	0.999043
0	205	162	0.999542
0	184	155	0.999588
1	409	153	0.999084
0	241	178	0.99946
1	207	51	0.999536
0	319	307	0.999284
1	199	52	0.999553
0	311	235	0.999301
1	490	264	0.998898
1	497	244	0.998882
0	257	166	0.99942
1	487	107	0.998901
1	446	239	0.998993
0	360	241	0.999187
0	412	360	0.999069
0	498	322	0.998874
0	292	198	0.999339
0	214	193	0.999515
1	251	56	0.999431
1	193	107	0.999562
0	274	241	0.999378
0	497	397	0.998872
0	479	369	0.998912
0	290	225	0.999341
1	403	228	0.999084
0	365	241	0.99917
1	365	192	0.999169
1	447	255	0.998982
0	428	281	0.999024
0	484	481	0.998895
0	500	454	0.998857
1	435	135	0.999005
1	121	30	0.999723
0	354	328	0.99919
1	296	169	0.999322
1	290	162	0.999335
0	432	255	0.999009
0	392	359	0.9991
0	419	300	0.999038
1	408	213	0.999063
1	339	188	0.999221
0	356	310	0.999181
1	255	98	0.999412
0	165	158	0.999619
0	381	235	0.99912
0	476	422	0.998897
1	477	255	0.998894
0	436	261	0.998988
0	492	428	0.998857
0	390	383	0.999093
0	119	88	0.999723
0	139	84	0.999676
1	263	136	0.999387
0	459	362	0.99893
0	220	165	0.999486
0	449	394	0.998951
0	188	125	0.99956
0	331	301	0.999225
0	415	310	0.999028
0	211	151	0.999505
1	321	92	0.999247
0	401	236	0.999059
0	272	215	0.999361
0	280	266	0.999342
1	295	156	0.999305
0	302	215	0.999288
0	243	197	0.999427
0	461	454	0.998913
1	244	55	0.999424
1	380	182	0.999102
0	236	162	0.999442
0	447	427	0.998943
0	386	346	0.999086
1	238	127	0.999434
0	413	380	0.999018
1	432	160	0.998971
0	386	326	0.99908
1	280	119	0.999332
0	379	225	0.999096
1	383	86	0.999086
1	408	108	0.999024
0	414	292	0.999009
1	391	150	0.999064
0	421	273	0.998992
0	463	354	0.998891
1	221	107	0.99947
0	344	277	0.999175
1	446	139	0.998926
0	442	299	0.998935
1	444	211	0.99893
1	457	173	0.998898
0	412	248	0.999006
1	101	30	0.999756
1	231	103	0.999441
1	317	99	0.999232
0	466	324	0.99887
1	93	47	0.999774
0	368	263	0.999105
0	479	368	0.998834
1	314	152	0.999235
1	164	48	0.9996
0	237	163	0.999422
1	234	66	0.999429
1	396	204	0.999034
0	479	463	0.998831
0	241	199	0.999411
1	402	207	0.999017
1	448	109	0.998904
1	332	111	0.999187
1	253	78	0.99938
1	406	124	0.999004
0	417	332	0.998977
0	453	349	0.998888
0	116	79	0.999715
0	96	90	0.999764
1	324	174	0.999202
1	181	75	0.999554
1	321	91	0.999209
0	282	168	0.999305
0	165	157	0.999593
1	365	136	0.9991
1	242	131	0.999403
1	295	161	0.999271
1	440	155	0.998913
0	340	250	0.999159
1	480	273	0.998813
0	433	336	0.998929
0	246	171	0.999391
1	286	157	0.999291
0	475	320	0.998822
0	385	356	0.999043
0	169	161	0.999579
1	154	60	0.999616
0	263	192	0.999344
1	192	109	0.999521
0	327	190	0.999184
0	310	290	0.999226
0	445	377	0.998889
1	373	183	0.999067
0	344	330	0.999139
0	403	269	0.99899
1	374	125	0.999062
1	273	84	0.999315
0	473	293	0.998813
1	321	114	0.999193
1	387	200	0.999026
1	463	165	0.998832
0	441	364	0.998886
1	457	171	0.998845
1	240	99	0.999393
1	66	31	0.999833
1	94	21	0.999762
1	415	118	0.99895
1	184	95	0.999534
0	342	237	0.999134
0	414	317	0.998951
1	455	258	0.998847
0	257	241	0.999348
0	238	147	0.999396
0	426	394	0.998918
0	166	132	0.999578
1	418	161	0.998936
0	405	329	0.998968
0	351	306	0.999105
1	437	130	0.998883
1	395	160	0.99899
0	230	179	0.999411
0	428	257	0.998903
1	358	181	0.999081
1	456	126	0.998829
0	416	392	0.99893
0	301	235	0.999225
0	224	215	0.999423
0	283	275	0.999271
0	347	202	0.999106
1	304	91	0.999216
0	457	276	0.998821
1	362	170	0.999065
1	303	75	0.999217
1	150	45	0.999612
1	415	171	0.998927
1	178	85	0.999539
0	167	110	0.999567
0	295	210	0.999235
0	305	199	0.999209
0	283	225	0.999266
0	269	228	0.999302
0	225	161	0.999416
1	202	46	0.999475
0	212	180	0.999449
1	245	89	0.999363
0	293	195	0.999238
1	237	130	0.999383
1	450	200	0.998828
1	423	223	0.998897
0	379	220	0.999011
1	380	85	0.999007
0	365	311	0.999044
0	419	267	0.9989
1	244	72	0.999359
1	421	180	0.998894
1	249	70	0.999344
0	411	298	0.998917
1	343	79	0.999096
0	160	152	0.999578
0	398	251	0.99895
0	328	323	0.999134
1	368	84	0.999028
1	386	163	0.998979
1	270	82	0.999285
1	395	182	0.998954
1	412	182	0.998908
0	374	372	0.999008
1	273	138	0.999275
0	111	102	0.999705
0	320	292	0.999149
0	400	261	0.998936
0	345	233	0.999081
0	295	192	0.999214
1	260	86	0.999307
1	396	221	0.998944
0	434	286	0.998841
0	411	234	0.998901
1	225	68	0.999398
0	364	286	0.999026
1	371	174	0.999006
1	210	101	0.999437
0	375	228	0.998994
1	391	139	0.998951
0	241	223	0.999352
0	342	339	0.99908
0	359	355	0.999034
0	182	155	0.99951
0	124	110	0.999666
1	343	87	0.999076
1	397	152	0.99893
1	403	169	0.998912
0	353	292	0.999044
1	182	94	0.999506
0	425	364	0.998847
0	393	339	0.998933
0	356	234	0.999033
1	419	221	0.998862
0	164	151	0.999554
1	384	141	0.998955
0	424	286	0.998845
1	390	152	0.998937
0	191	130	0.999479
0	204	178	0.999443
0	68	50	0.999814
0	282	181	0.999229
1	294	118	0.999196
0	224	218	0.999387
0	116	93	0.999682
0	234	199	0.999358
0	201	177	0.999448
1	227	88	0.999376
1	335	91	0.999078
1	409	91	0.998874
0	326	258	0.9991
0	341	200	0.999058
0	291	242	0.999196
1	293	70	0.99919
1	405	111	0.99888
0	398	316	0.998899
0	311	217	0.999139
1	109	49	0.999698
0	248	247	0.999313
0	76	69	0.999789
1	330	115	0.999084
0	176	152	0.999511
0	355	302	0.999014
1	60	22	0.999833
0	362	215	0.998993
0	239	173	0.999334
0	286	198	0.999203
0	214	198	0.999403
1	243	104	0.999322
0	296	286	0.999174
0	194	170	0.999458
1	276	85	0.999229
0	169	103	0.999527
0	371	220	0.998962
1	161	49	0.999549
0	399	271	0.998883
1	101	52	0.999717
0	354	223	0.999007
0	301	277	0.999154
0	298	269	0.999162
0	134	90	0.999623
0	210	184	0.999409
1	328	78	0.999077
0	368	208	0.998964
1	359	141	0.998988
1	378	95	0.998933
0	318	225	0.999102
1	243	101	0.999313
0	228	134	0.999354
0	326	255	0.999075
1	387	192	0.998901
0	396	264	0.998874
0	191	115	0.999456
1	373	119	0.998936
1	315	104	0.9991
1	379	83	0.998917
0	339	328	0.99903
0	275	209	0.999212
0	194	130	0.999443
1	397	158	0.998859
1	288	130	0.999171
0	225	154	0.999352
0	239	151	0.999311
0	316	216	0.999089
0	406	258	0.998828
0	230	226	0.999335
0	308	179	0.999109
0	272	204	0.999213
1	394	138	0.99886
1	201	82	0.999418
1	325	131	0.999059
0	368	262	0.998933
1	242	95	0.999298
1	251	67	0.999271
0	403	329	0.998829
1	123	27	0.999642
0	283	276	0.999176
0	334	260	0.999027
0	101	91	0.999705
0	243	177	0.99929
0	368	222	0.998924
0	283	174	0.999172
1	384	163	0.998875
0	276	249	0.99919
0	259	230	0.999239
0	311	270	0.999086
0	345	238	0.998986
1	186	70	0.999453
1	372	152	0.998906
0	141	100	0.999585
1	360	124	0.998941
1	147	77	0.999567
0	187	116	0.999449
1	271	86	0.999201
1	385	191	0.998862
1	376	139	0.998888
0	271	226	0.999198
0	369	231	0.998908
0	116	97	0.999656
1	189	99	0.999439
0	334	302	0.999007
0	334	281	0.999007
0	292	167	0.999131
1	358	99	0.998933
1	388	90	0.998843
0	365	322	0.99891
0	176	149	0.999474
0	367	331	0.998901
0	299	254	0.999103
0	383	276	0.998851
0	351	276	0.998946
1	330	88	0.999008
1	287	79	0.999137
0	363	305	0.998908
1	376	130	0.998867
0	394	334	0.998812
1	174	76	0.999475
0	292	253	0.999118
0	370	308	0.998881
0	336	271	0.998983
1	287	71	0.999131
1	386	184	0.998829
0	220	142	0.999332
0	284	204	0.999137
1	169	43	0.999486
0	301	274	0.999083
1	94	47	0.999713
0	106	59	0.999676
1	248	98	0.999242
1	175	50	0.999465
0	68	39	0.999792
0	321	235	0.999018
1	88	47	0.99973
0	194	151	0.999404
0	159	126	0.999511
1	288	118	0.999114
0	88	81	0.999729
0	188	162	0.999421
0	299	227	0.999076
1	378	188	0.998832
0	263	160	0.999187
1	195	102	0.999397
0	376	243	0.998837
0	331	235	0.998976
0	282	250	0.999127
0	365	292	0.99887
0	251	145	0.999222
0	180	178	0.999441
0	301	213	0.999065
1	55	30	0.999829
0	314	294	0.999023
0	173	148	0.999461
1	223	52	0.999305
0	161	93	0.999498
0	278	249	0.999131
0	62	42	0.999806
0	361	239	0.99887
0	221	167	0.999307
0	188	107	0.99941
0	332	306	0.998958
1	136	39	0.999572
0	174	151	0.999452
0	220	156	0.999307
0	183	103	0.999423
0	371	208	0.99883
0	199	177	0.999372
1	195	78	0.999384
1	264	72	0.999166
1	283	64	0.999106
1	178	57	0.999437
0	268	188	0.999151
0	111	70	0.999648
0	182	112	0.999422
1	328	173	0.998957
1	271	102	0.999138
1	361	101	0.998848
1	272	104	0.999131
1	232	92	0.999258
0	244	197	0.999219
0	285	199	0.999087
0	357	248	0.998856
0	357	341	0.998855
0	209	208	0.999329
1	357	154	0.998854
1	252	119	0.99919
0	304	252	0.999023
0	279	245	0.999103
0	282	166	0.999093
0	225	125	0.999275
0	364	214	0.998826
1	364	105	0.998825
1	121	63	0.999609
0	264	184	0.999147
0	354	301	0.998856
0	68	38	0.99978
1	296	71	0.99904
0	323	267	0.998952
1	278	151	0.999097
0	128	118	0.999584
0	257	181	0.999165
1	120	37	0.999609
1	258	140	0.999159
0	261	159	0.999149
1	282	152	0.99908
0	181	145	0.999409
0	363	328	0.998815
0	96	64	0.999686
0	217	121	0.99929
0	349	206	0.998857
1	235	119	0.999229
1	231	81	0.999242
0	292	259	0.999042
1	88	30	0.999711
1	119	28	0.999609
0	139	114	0.999543
1	132	32	0.999566
1	156	53	0.999486
0	156	130	0.999486
0	255	196	0.999158
0	306	174	0.998988
1	188	97	0.999377
1	125	30	0.999585
0	263	254	0.999127
0	263	169	0.999126
0	144	97	0.999521
1	314	101	0.998956
0	244	148	0.999188
1	177	81	0.99941
1	353	118	0.998823
1	352	92	0.998825
1	84	27	0.999718
0	196	122	0.999342
0	131	103	0.99956
0	286	236	0.999039
1	285	143	0.999042
1	200	69	0.999327
0	241	159	0.999188
0	305	272	0.998971
1	332	161	0.998879
0	350	315	0.998818
0	312	302	0.998945
1	78	26	0.999736
1	103	42	0.999651
0	128	126	0.999566
1	174	93	0.99941
1	331	90	0.998878
0	279	191	0.999053
0	135	130	0.999541
0	341	220	0.998841
0	94	89	0.99968
0	255	220	0.999132
1	333	166	0.998866
1	253	89	0.999138
1	227	50	0.999226
0	202	172	0.999311
0	195	174	0.999334
0	293	262	0.998999
0	156	155	0.999466
0	167	133	0.999427
1	159	52	0.999454
1	206	110	0.99929
1	314	78	0.998918
1	316	105	0.998911
1	232	67	0.9992
0	283	199	0.999024
1	176	71	0.999392
1	299	75	0.998965
0	83	61	0.999712
0	166	113	0.999424
0	325	281	0.998872
1	252	88	0.999124
0	222	209	0.999228
0	224	179	0.999221
1	304	89	0.998943
0	304	301	0.998943
1	165	37	0.999426
0	321	284	0.998882
0	273	236	0.999049
0	318	239	0.998888
1	286	103	0.998998
1	336	132	0.998823
1	178	61	0.999376
0	279	209	0.999021
1	256	78	0.999099
0	329	273	0.998838
0	317	311	0.998879
1	170	39	0.999398
0	194	125	0.999313
1	182	54	0.999355
0	113	92	0.999598
1	287	147	0.998979
1	161	63	0.999426
0	201	145	0.999282
1	271	113	0.999032
0	314	187	0.998878
0	252	198	0.999099
0	323	271	0.998841
0	108	100	0.999612
0	194	105	0.999302
0	194	127	0.9993
0	176	122	0.999364
0	271	152	0.999021
1	231	63	0.999165
1	138	39	0.999499
0	294	261	0.998933
0	261	245	0.999052
0	293	266	0.998935
0	299	225	0.998913
0	250	163	0.99909
0	193	155	0.999297
0	147	137	0.999464
0	201	162	0.999266
0	241	233	0.99912
0	205	176	0.999251
1	112	58	0.99959
0	241	144	0.999118
1	265	111	0.99903
1	230	119	0.999158
0	81	62	0.999703
0	263	166	0.999034
1	241	100	0.999114
0	238	135	0.999125
0	285	210	0.998949
1	245	116	0.999095
1	306	124	0.998869
0	192	175	0.999289
0	319	289	0.998816
0	261	169	0.999031
0	221	157	0.999179
0	218	138	0.99919
1	164	61	0.99939
0	271	157	0.998992
0	180	175	0.99933
0	252	179	0.999062
0	263	217	0.999021
0	247	159	0.99908
0	319	301	0.998812
1	70	24	0.999739
0	216	150	0.999195
1	306	70	0.998859
0	75	51	0.99972
0	279	215	0.998957
1	294	75	0.998897
1	136	67	0.999489
0	104	63	0.999609
1	205	87	0.999229
0	300	292	0.99887
1	234	55	0.999118
1	283	87	0.998933
1	260	120	0.999019
1	236	65	0.999107
0	214	172	0.99919
0	190	106	0.99928
1	304	137	0.998848
0	154	96	0.999415
0	310	308	0.998823
1	126	35	0.999521
0	299	194	0.998863
1	234	84	0.999108
1	140	69	0.999464
0	173	114	0.999336
0	209	195	0.999197
0	290	264	0.998886
0	202	133	0.999223
0	227	163	0.999126
1	202	49	0.999222
0	269	224	0.998963
0	255	170	0.999015
0	201	116	0.999222
0	292	201	0.998869
0	222	146	0.999138
0	77	43	0.9997
1	297	107	0.998843
1	274	107	0.998932
1	235	87	0.999082
0	199	112	0.999222
0	245	237	0.999042
0	243	193	0.999048
1	264	121	0.998963
0	229	129	0.999099
0	248	238	0.999023
0	158	134	0.999377
0	300	246	0.998813
1	233	104	0.999076
0	238	137	0.999056
1	169	80	0.999329
1	236	99	0.999063
0	141	115	0.999439
0	107	96	0.999573
0	214	125	0.999146
0	214	129	0.999143
1	264	126	0.998942
0	239	198	0.99904
0	200	131	0.999196
0	184	157	0.99926
0	188	167	0.999242
1	148	64	0.999403
0	292	179	0.998822
0	215	213	0.999132
0	243	229	0.999019
0	223	154	0.999099
0	247	158	0.999001
0	230	147	0.999068
0	132	101	0.999464
0	228	165	0.999074
0	176	158	0.999285
0	241	232	0.999021
1	171	68	0.999305
0	178	126	0.999276
0	223	120	0.999093
1	235	109	0.999044
0	219	140	0.999107
0	244	237	0.999005
0	214	193	0.999125
1	126	58	0.999483
0	288	276	0.998819
1	196	74	0.999193
0	264	189	0.998912
1	71	32	0.999707
0	238	183	0.999018
1	196	44	0.99919
0	250	215	0.998967
1	287	63	0.998813
0	63	53	0.999739
0	169	146	0.9993
1	108	53	0.999552
1	238	77	0.999012
1	253	96	0.998949
0	193	129	0.999198
0	251	175	0.998957
0	231	196	0.999039
1	186	98	0.999225
0	110	64	0.999541
0	238	150	0.999007
1	218	57	0.999089
1	53	21	0.999778
0	185	142	0.999225
1	252	122	0.998944
0	245	182	0.998973
0	187	164	0.999215
0	276	264	0.998835
0	204	173	0.999138
0	228	213	0.999036
1	262	107	0.998891
1	219	112	0.999071
0	200	152	0.999149
0	66	40	0.999719
1	181	61	0.999229
1	134	50	0.999428
1	210	90	0.999101
1	170	61	0.999272
0	180	98	0.999229
0	202	109	0.999134
1	276	107	0.998817
1	187	67	0.999196
0	234	175	0.998993
1	178	85	0.999233
0	208	187	0.999103
0	252	168	0.998913
1	164	51	0.999292
0	154	139	0.999335
0	259	174	0.998881
0	132	95	0.999429
0	212	199	0.999081
1	241	92	0.998955
0	133	76	0.999422
1	204	70	0.999113
1	240	108	0.998956
1	140	43	0.99939
1	194	99	0.999154
1	189	79	0.999175
1	247	87	0.998922
1	225	70	0.999017
1	256	90	0.998879
1	135	56	0.999408
0	262	209	0.998845
1	248	75	0.998906
0	266	147	0.998826
0	125	72	0.999447
1	138	54	0.999389
0	80	68	0.999643
1	151	76	0.999326
0	237	210	0.998942
0	113	81	0.999495
0	250	192	0.998882
1	206	87	0.999077
1	207	58	0.999072
1	235	123	0.998946
0	88	62	0.999605
0	153	85	0.999313
1	182	78	0.999182
0	110	102	0.999505
1	231	66	0.998957
1	240	61	0.998911
0	187	149	0.999151
1	79	31	0.99964
0	239	147	0.998911
0	224	210	0.998979
0	171	93	0.999216
1	146	41	0.99933
0	96	88	0.999558
0	225	135	0.998964
0	156	134	0.99928
0	200	185	0.999075
0	224	223	0.998964
0	143	119	0.999336
0	205	194	0.999048
0	113	110	0.999475
1	161	43	0.99925
0	245	174	0.998859
1	135	53	0.99937
0	252	137	0.998823
0	111	102	0.999481
1	212	59	0.999009
1	193	43	0.999097
0	147	131	0.999311
0	59	47	0.999723
0	110	106	0.999483
0	200	169	0.999059
1	196	72	0.999076
1	108	37	0.99949
0	132	112	0.999376
1	235	95	0.998887
0	199	168	0.999056
0	122	113	0.999421
0	228	180	0.998917
1	127	30	0.999396
1	205	68	0.999025
0	241	151	0.998853
0	189	159	0.9991
1	133	37	0.999365
1	244	119	0.998835
0	219	150	0.998954
1	156	63	0.999254
0	227	221	0.998914
0	156	116	0.999253
1	217	59	0.998956
0	103	55	0.999504
1	214	77	0.998969
0	102	92	0.999508
1	52	18	0.999749
1	220	68	0.998937
1	205	55	0.999008
0	207	108	0.998998
1	135	65	0.999346
0	181	99	0.999122
0	233	146	0.998868
0	188	154	0.999084
0	53	50	0.999741
0	235	201	0.99885
0	230	211	0.99887
0	197	181	0.999031
0	218	149	0.998926
0	210	132	0.998964
0	111	70	0.999452
1	187	92	0.999076
1	77	23	0.999616
0	77	55	0.999615
1	217	81	0.998914
0	107	103	0.999464
0	159	105	0.999203
0	197	132	0.999012
0	101	87	0.999492
1	195	93	0.999015
0	143	79	0.999276
1	211	58	0.998932
0	185	106	0.999063
0	192	170	0.999026
0	129	124	0.999345
0	113	98	0.999426
0	221	183	0.998878
1	165	73	0.999162
0	85	52	0.999567
0	194	146	0.999012
0	186	99	0.999052
0	224	184	0.998856
1	183	72	0.999063
1	173	87	0.999114
0	205	140	0.99895
0	61	43	0.999687
1	212	64	0.998913
1	191	72	0.99902
0	196	180	0.998993
0	211	142	0.998913
0	230	200	0.998815
0	93	74	0.999518
1	154	49	0.999202
0	199	174	0.998968
1	213	96	0.998891
0	226	148	0.998821
0	158	126	0.999174
1	189	70	0.999009
0	97	52	0.999491
1	156	53	0.999181
1	51	13	0.999732
0	69	56	0.999635
0	58	40	0.999692
1	161	53	0.999145
1	211	57	0.998879
0	209	110	0.998885
0	142	77	0.999242
0	192	125	0.998975
0	180	138	0.999038
0	89	56	0.999523
1	194	90	0.99896
1	190	46	0.99898
1	201	81	0.99892
1	93	44	0.9995
0	211	121	0.998866
0	138	125	0.999258
1	90	36	0.999515
0	181	146	0.999024
1	189	74	0.99898
1	170	77	0.999081
0	76	67	0.999588
0	143	115	0.999225
0	159	131	0.999137
0	74	55	0.999598
0	171	132	0.99907
0	136	117	0.999256
1	109	50	0.999401
1	157	49	0.999137
1	68	31	0.999625
1	134	42	0.99926
1	187	74	0.998965
1	213	108	0.998821
1	205	98	0.998864
1	158	70	0.999122
1	203	82	0.998872
0	210	176	0.998831
0	157	147	0.999124
1	90	35	0.999497
0	199	112	0.998888
0	205	148	0.998853
0	155	118	0.999132
1	197	93	0.998897
0	186	121	0.998956
1	194	85	0.99891
0	80	69	0.99955
0	88	67	0.999505
1	153	54	0.999135
0	67	59	0.999621
0	205	162	0.998834
1	180	55	0.998975
1	121	28	0.99931
1	165	52	0.999058
1	156	76	0.999105
1	96	27	0.999447
0	132	97	0.999239
1	161	76	0.999071
0	183	178	0.998943
0	53	36	0.999692
0	124	123	0.999279
0	84	74	0.99951
0	203	143	0.998815
0	59	58	0.999655
0	149	80	0.999128
0	77	55	0.999549
0	149	130	0.999124
0	96	85	0.999435
1	133	35	0.999217
1	116	36	0.999317
0	160	134	0.999055
1	140	62	0.999172
0	172	127	0.99898
0	157	97	0.999062
0	188	133	0.998875
0	192	130	0.998849
0	62	59	0.999628
0	57	42	0.999657
0	88	56	0.99947
0	176	116	0.998938
0	138	88	0.999166
0	129	91	0.999219
1	122	48	0.999261
1	158	72	0.999042
1	169	67	0.998974
1	61	25	0.999621
0	107	89	0.999335
0	172	134	0.99893
0	108	60	0.999327
0	70	44	0.999563
0	153	118	0.999045
1	170	40	0.998939
1	99	31	0.99938
0	157	92	0.999017
1	98	35	0.99938
1	181	62	0.998854
0	113	61	0.999284
0	167	104	0.998942
0	124	83	0.999213
0	74	55	0.999528
1	104	44	0.999335
1	180	51	0.998849
1	112	25	0.999283
0	171	131	0.998905
1	185	49	0.998815
1	110	55	0.99929
0	176	134	0.998864
1	100	48	0.999354
0	132	69	0.999143
1	143	41	0.999068
1	170	73	0.998888
0	169	144	0.998892
0	181	138	0.998812
0	116	94	0.999237
0	109	88	0.99928
0	140	103	0.999074
0	93	79	0.999384
0	128	111	0.999152
0	171	128	0.998863
0	176	119	0.998828
1	62	23	0.999584
0	123	72	0.999175
0	108	69	0.99927
1	63	23	0.999574
0	88	64	0.999404
1	88	26	0.999403
1	120	58	0.999184
0	56	54	0.999619
0	83	65	0.999435
0	171	164	0.998836
1	157	35	0.99893
0	66	34	0.999548
0	152	100	0.998958
1	106	31	0.999273
1	80	36	0.999451
0	84	76	0.999423
1	140	35	0.999036
0	171	101	0.998822
1	81	33	0.999441
0	146	97	0.99899
1	129	35	0.999107
1	151	69	0.998952
1	140	65	0.999028
1	161	56	0.998881
0	113	87	0.999214
0	141	105	0.999018
1	154	57	0.998922
0	148	122	0.998963
0	113	63	0.999208
0	138	137	0.999026
0	163	149	0.998849
1	115	55	0.999185
0	137	86	0.999028
1	98	34	0.999304
0	152	147	0.99892
0	149	91	0.998937
0	111	73	0.999206
0	128	70	0.999084
0	74	63	0.99947
1	85	23	0.99939
0	161	158	0.998841
1	90	36	0.999351
0	155	93	0.998881
1	53	13	0.999617
1	116	55	0.999162
0	69	47	0.9995
1	123	54	0.999109
1	141	51	0.998977
0	155	115	0.998875
0	135	106	0.99902
0	109	67	0.999208
0	160	134	0.998837
1	98	32	0.999286
1	148	39	0.998914
1	147	64	0.998918
0	135	116	0.999004
0	79	47	0.999416
0	112	93	0.999172
0	124	110	0.999083
0	136	135	0.998994
0	72	70	0.999465
0	50	27	0.999628
0	116	78	0.999135
1	153	56	0.998859
1	73	31	0.999455
0	116	110	0.999132
0	154	143	0.998844
1	122	31	0.999082
1	133	44	0.998993
0	67	54	0.999492
1	69	23	0.999475
0	96	95	0.999265
0	63	44	0.999517
0	94	90	0.999278
1	78	34	0.999399
0	115	73	0.999111
1	120	47	0.999071
0	101	57	0.999216
0	78	77	0.999393
1	146	63	0.998864
0	95	48	0.999259
1	148	54	0.998838
0	64	63	0.999496
1	149	37	0.998816
0	138	95	0.998903
1	147	46	0.99883
0	69	53	0.999449
1	110	48	0.999119
1	119	45	0.999045
1	98	33	0.999213
1	51	17	0.99959
0	142	141	0.998854
1	67	16	0.999458
1	142	32	0.998836
1	133	34	0.998906
0	134	93	0.998895
1	100	38	0.999175
0	96	83	0.999206
0	141	78	0.998834
0	66	65	0.999452
1	84	33	0.999302
1	101	24	0.999158
1	106	34	0.999115
1	109	26	0.999084
0	106	94	0.999108
1	64	29	0.999459
1	127	56	0.998927
0	140	71	0.998813
0	92	61	0.999219
0	124	118	0.998943
1	93	21	0.999204
1	131	62	0.998879
1	108	29	0.999075
1	103	40	0.999114
1	64	28	0.999448
0	135	131	0.998834
1	131	55	0.998857
0	78	73	0.999316
0	104	95	0.999088
0	126	120	0.998894
0	115	61	0.998987
1	111	25	0.999019
0	51	37	0.999548
1	133	55	0.998822
1	56	20	0.999503
0	114	72	0.998986
1	82	31	0.99927
0	74	62	0.99934
0	52	46	0.999535
0	114	97	0.998964
0	100	91	0.999083
0	119	71	0.998908
0	51	45	0.99953
1	118	46	0.9989
0	61	49	0.999429
0	86	70	0.999195
1	55	26	0.999481
0	116	88	0.998903
0	54	33	0.999489
1	84	35	0.999204
1	66	24	0.999373
1	117	38	0.998889
0	97	63	0.999078
0	111	101	0.998941
0	119	95	0.998864
1	88	40	0.99915
0	94	59	0.999082
1	92	22	0.9991
0	101	82	0.999011
1	102	49	0.998995
0	76	44	0.99925
1	76	18	0.999246
0	111	59	0.998899
0	57	33	0.999433
1	79	30	0.999214
1	102	27	0.998976
0	70	48	0.999291
0	97	79	0.999013
1	94	38	0.999037
0	104	62	0.998933
1	66	32	0.99932
1	57	17	0.999412
1	50	15	0.999483
1	112	45	0.998835
0	83	63	0.999135
0	80	57	0.999164
1	110	46	0.998841
0	87	60	0.999083
1	85	39	0.999101
1	72	22	0.999227
1	105	30	0.998867
0	92	79	0.999004
0	71	48	0.999231
0	72	65	0.999216
0	50	37	0.999447
0	80	74	0.999108
0	105	65	0.998819
0	96	76	0.998919
0	77	48	0.999128
0	52	29	0.999409
1	94	32	0.998922
0	53	46	0.999391
1	97	23	0.998881
0	95	58	0.998897
0	61	52	0.99929
0	79	77	0.99908
0	61	52	0.999289
1	64	16	0.999248
0	59	45	0.999304
1	100	46	0.998815
1	76	30	0.999099
0	59	48	0.9993
0	58	31	0.999307
1	91	37	0.9989
0	69	50	0.999164
0	85	50	0.998969
1	66	16	0.999198
1	76	20	0.999065
0	85	56	0.99895
0	79	40	0.999021
0	51	26	0.999364
1	78	25	0.999023
0	62	52	0.999217
0	52	32	0.999342
0	75	50	0.999045
0	50	48	0.999363
0	68	50	0.999114
0	79	78	0.998964
1	58	18	0.999239
1	83	25	0.998895
0	80	46	0.99893
0	63	45	0.999157
0	56	53	0.999247
0	59	55	0.999201
1	64	23	0.999119
0	82	43	0.998859
0	81	49	0.998869
0	71	37	0.999006
0	74	46	0.998957
1	79	22	0.99888
0	53	48	0.999235
0	50	43	0.999278
0	58	34	0.999151
1	74	32	0.998916
0	76	60	0.998885
0	77	59	0.998856
1	60	17	0.999101
0	68	57	0.99897
0	52	35	0.999209
0	78	57	0.998812
0	51	45	0.999216
0	68	64	0.998943
0	54	32	0.99915
0	73	68	0.998845
0	66	33	0.998952
0	66	62	0.998941
0	51	49	0.999178
0	65	50	0.998946
0	71	43	0.998832
0	55	49	0.999091
1	66	32	0.998903
0	69	36	0.998848
1	63	16	0.998923
0	66	37	0.998866
0	62	48	0.99893
0	56	30	0.999032
0	67	54	0.998842
1	66	22	0.998848
0	58	49	0.998987
1	59	14	0.998961
0	53	42	0.999045
0	63	50	0.998856
0	54	39	0.999008
0	61	38	0.998825
0	52	46	0.998975
0	56	28	0.998869
1	55	27	0.99885
0	52	43	0.998899
0	51	44	0.99892
1	50	21	0.998939
0	53	31	0.998851
0	52	51	0.998867
0	53	30	0.998816
