312577
13.8427
5000
1	404	142	0.999999
1	373	174	0.999999
1	323	151	0.999999
1	296	187	0.999999
1	268	134	0.999999
1	254	240	0.999999
1	200	192	0.999999
1	445	442	0.999997
1	500	127	0.999995
1	296	124	0.999997
1	288	141	0.999997
1	282	274	0.999997
1	260	242	0.999997
1	242	142	0.999997
1	450	437	0.999994
1	224	209	0.999997
1	372	115	0.999995
1	354	192	0.999995
1	424	194	0.999994
1	491	307	0.999993
1	490	186	0.999993
1	208	47	0.999997
1	477	362	0.999993
1	192	40	0.999997
1	448	363	0.999993
1	255	240	0.999996
1	437	177	0.999993
1	418	157	0.999993
1	170	126	0.999997
1	446	388	0.999992
1	493	479	0.999991
1	429	280	0.999992
1	369	109	0.999993
1	473	195	0.999991
1	464	140	0.999991
1	308	164	0.999994
1	458	178	0.999991
1	444	121	0.999991
1	444	129	0.999991
1	443	127	0.999991
1	235	170	0.999995
1	318	169	0.999993
1	452	93	0.99999
1	266	106	0.999994
1	351	304	0.999992
1	436	137	0.99999
1	254	106	0.999994
1	168	92	0.999996
1	378	109	0.999991
1	372	187	0.999991
0	326	323	0.999992
1	322	181	0.999992
1	477	219	0.999988
1	350	249	0.999991
1	268	96	0.999993
1	418	355	0.999989
1	486	196	0.999987
1	297	238	0.999992
1	329	247	0.999991
1	318	78	0.999991
0	459	451	0.999987
1	175	107	0.999995
1	243	52	0.999993
1	298	269	0.999991
1	427	255	0.999987
1	361	166	0.999989
1	457	161	0.999986
1	380	196	0.999988
1	342	272	0.999989
1	446	300	0.999985
1	286	98	0.99999
1	253	139	0.999991
1	472	102	0.999983
1	471	445	0.999983
1	473	158	0.999982
1	281	159	0.999989
1	330	102	0.999987
1	428	346	0.999983
1	125	117	0.999995
1	297	119	0.999988
1	346	95	0.999986
1	414	119	0.999983
1	120	62	0.999995
1	429	411	0.999982
1	450	241	0.999981
1	395	161	0.999983
1	344	281	0.999985
0	275	270	0.999988
1	458	93	0.99998
1	332	101	0.999985
1	310	167	0.999985
1	351	253	0.999983
1	349	225	0.999983
1	246	211	0.999988
1	266	165	0.999987
1	244	194	0.999988
1	345	100	0.999983
1	485	278	0.999976
1	464	299	0.999977
1	438	293	0.999978
1	197	167	0.99999
1	118	104	0.999994
1	470	357	0.999976
1	386	368	0.99998
1	460	159	0.999976
1	283	117	0.999985
1	358	102	0.999981
1	412	253	0.999978
1	429	345	0.999977
1	389	164	0.999979
1	222	152	0.999988
0	479	478	0.999974
1	438	311	0.999976
0	273	271	0.999985
1	235	200	0.999987
1	216	128	0.999988
1	447	379	0.999975
1	440	201	0.999975
1	457	190	0.999974
1	297	62	0.999983
1	309	67	0.999982
1	326	174	0.999981
1	489	101	0.999971
1	167	102	0.99999
1	360	139	0.999978
1	192	149	0.999988
1	288	68	0.999982
1	111	91	0.999993
1	310	251	0.99998
1	433	380	0.999972
1	274	231	0.999982
1	485	229	0.999968
1	478	270	0.999968
1	339	292	0.999977
1	339	305	0.999977
1	88	65	0.999994
1	466	441	0.999968
1	375	204	0.999974
1	416	95	0.999971
1	414	227	0.999971
1	356	181	0.999975
1	417	212	0.99997
1	485	164	0.999965
1	494	413	0.999964
1	485	200	0.999964
1	450	426	0.999966
1	224	205	0.999983
1	459	258	0.999965
1	314	254	0.999976
1	299	275	0.999977
1	363	222	0.999972
1	310	60	0.999976
1	116	86	0.999991
1	404	382	0.999968
1	397	144	0.999968
1	296	256	0.999976
1	160	55	0.999987
1	307	87	0.999975
1	325	124	0.999973
1	83	33	0.999993
1	154	33	0.999987
1	199	40	0.999983
1	338	307	0.999971
1	195	116	0.999983
0	389	373	0.999966
1	468	196	0.999959
1	285	105	0.999975
1	494	224	0.999956
1	244	134	0.999978
1	176	159	0.999984
1	434	338	0.99996
1	432	137	0.99996
1	183	157	0.999983
1	469	328	0.999956
1	296	62	0.999972
0	433	414	0.999959
1	496	216	0.999953
1	218	120	0.999979
0	435	422	0.999958
1	476	150	0.999954
1	331	198	0.999968
1	279	91	0.999973
1	464	98	0.999955
1	390	281	0.999962
1	225	108	0.999978
0	232	221	0.999977
1	251	228	0.999975
1	475	175	0.999952
1	385	74	0.999961
1	375	253	0.999962
1	286	123	0.999971
1	453	186	0.999954
1	499	376	0.999949
1	253	94	0.999974
1	408	223	0.999958
1	310	265	0.999968
1	77	24	0.999992
1	288	216	0.99997
0	393	370	0.999959
1	382	323	0.99996
1	362	81	0.999962
1	257	88	0.999973
1	133	93	0.999986
1	398	210	0.999958
1	180	41	0.999981
1	478	400	0.999949
1	467	411	0.99995
1	448	266	0.999952
1	204	52	0.999978
1	221	81	0.999976
1	64	12	0.999993
1	383	315	0.999958
1	433	256	0.999952
1	414	190	0.999954
1	305	154	0.999966
1	412	267	0.999954
1	232	190	0.999974
1	372	165	0.999958
1	301	157	0.999966
1	448	363	0.999949
1	288	113	0.999967
1	288	208	0.999967
1	348	79	0.99996
1	226	55	0.999974
1	217	153	0.999975
1	491	153	0.999943
1	396	261	0.999954
1	111	85	0.999987
1	384	73	0.999955
1	340	276	0.99996
1	286	120	0.999966
1	353	230	0.999958
1	445	133	0.999947
1	92	75	0.999989
1	301	91	0.999964
1	288	109	0.999965
1	212	193	0.999974
1	418	81	0.999948
0	241	229	0.99997
1	481	154	0.99994
1	224	116	0.999972
1	272	119	0.999966
1	469	215	0.999941
1	429	227	0.999946
1	349	152	0.999956
1	230	145	0.999971
1	393	151	0.99995
1	220	160	0.999972
1	360	264	0.999954
1	249	133	0.999968
1	186	168	0.999976
1	395	241	0.999949
1	461	144	0.99994
1	445	312	0.999942
0	229	217	0.99997
1	198	179	0.999974
1	144	68	0.999981
1	341	310	0.999955
1	331	154	0.999956
1	75	29	0.99999
1	449	177	0.99994
1	455	234	0.999939
1	230	179	0.999969
1	430	212	0.999942
1	318	146	0.999957
1	81	20	0.999989
1	470	92	0.999936
1	139	126	0.999981
1	342	88	0.999953
1	247	46	0.999966
0	87	84	0.999988
1	246	65	0.999966
1	402	343	0.999944
1	472	155	0.999934
1	284	60	0.99996
1	447	242	0.999937
0	339	332	0.999952
1	494	245	0.99993
1	499	441	0.999929
1	244	109	0.999965
1	327	106	0.999953
1	484	360	0.99993
1	200	66	0.999971
1	446	200	0.999935
1	473	341	0.999931
1	430	310	0.999937
1	218	146	0.999968
1	435	325	0.999936
1	360	200	0.999947
1	312	192	0.999954
1	372	292	0.999945
1	465	137	0.999931
1	215	125	0.999968
1	322	255	0.999952
1	367	232	0.999945
1	373	333	0.999944
1	213	165	0.999968
1	492	127	0.999926
0	392	388	0.999941
1	378	227	0.999943
1	119	108	0.999982
1	243	187	0.999963
1	348	86	0.999947
1	406	157	0.999938
1	144	68	0.999978
1	85	70	0.999987
1	378	109	0.999942
1	468	183	0.999928
1	492	253	0.999924
1	233	73	0.999964
1	402	246	0.999937
1	432	209	0.999932
1	425	142	0.999933
1	355	165	0.999944
1	474	160	0.999925
0	458	437	0.999927
1	476	156	0.999924
1	199	134	0.999968
1	373	258	0.99994
1	297	173	0.999952
1	382	101	0.999938
1	474	95	0.999923
1	80	20	0.999987
1	129	104	0.999979
1	147	127	0.999976
1	343	309	0.999944
1	306	105	0.99995
1	341	257	0.999944
1	215	126	0.999964
1	268	160	0.999955
1	77	35	0.999987
1	275	137	0.999953
0	397	381	0.999932
1	169	113	0.999971
0	371	366	0.999936
1	231	83	0.99996
1	438	156	0.999924
1	288	142	0.99995
1	403	227	0.99993
0	259	240	0.999955
1	407	132	0.999929
0	355	329	0.999938
1	240	115	0.999958
1	228	185	0.99996
1	424	214	0.999925
1	299	76	0.999947
1	107	69	0.999981
0	377	347	0.999933
1	342	184	0.999939
1	339	254	0.999939
1	322	225	0.999942
0	322	302	0.999942
1	337	118	0.999939
1	436	101	0.999921
1	413	92	0.999925
1	454	101	0.999917
1	175	88	0.999968
1	464	176	0.999915
1	239	192	0.999956
1	190	70	0.999965
1	238	164	0.999956
1	378	136	0.99993
1	210	185	0.999961
1	401	191	0.999925
1	315	113	0.999941
1	414	113	0.999922
1	374	253	0.999929
1	422	107	0.999919
1	187	156	0.999964
1	337	213	0.999935
1	408	303	0.999921
1	288	156	0.999944
1	226	185	0.999956
1	287	81	0.999944
1	251	86	0.999951
1	302	108	0.999941
1	383	90	0.999925
1	490	178	0.999904
1	296	179	0.999942
1	495	119	0.999903
1	301	189	0.999941
1	153	67	0.99997
1	265	96	0.999948
1	484	427	0.999905
1	433	317	0.999915
1	331	130	0.999935
0	458	431	0.99991
1	351	137	0.999931
1	442	135	0.999913
1	339	67	0.999933
1	101	62	0.99998
1	307	259	0.999939
1	436	353	0.999913
1	304	151	0.999939
1	452	132	0.999909
1	440	260	0.999911
1	285	154	0.999942
0	486	454	0.999901
1	480	262	0.999902
1	429	340	0.999912
1	462	198	0.999905
1	316	130	0.999935
1	204	122	0.999958
1	494	157	0.999898
1	266	206	0.999945
1	406	294	0.999916
1	477	394	0.999901
1	110	30	0.999977
0	282	271	0.999941
1	368	114	0.999923
1	334	212	0.99993
1	434	131	0.999909
1	443	360	0.999907
0	285	260	0.99994
1	384	226	0.999919
1	464	394	0.999902
1	409	247	0.999913
1	141	114	0.99997
1	381	127	0.999918
1	306	110	0.999934
1	240	125	0.999948
1	447	263	0.999903
1	261	116	0.999943
1	457	208	0.9999
1	251	176	0.999945
1	480	414	0.999894
1	416	185	0.999908
1	497	360	0.99989
1	387	314	0.999914
1	486	407	0.999892
1	409	268	0.999909
0	462	418	0.999897
1	453	264	0.999899
1	345	132	0.999923
1	492	326	0.99989
1	465	304	0.999896
1	496	290	0.999889
1	241	158	0.999946
1	232	163	0.999948
1	419	191	0.999906
1	256	200	0.999942
1	476	181	0.999892
1	353	238	0.999919
1	281	118	0.999935
1	419	221	0.999903
1	276	202	0.999936
1	332	90	0.999923
1	418	172	0.999903
1	280	87	0.999935
1	435	173	0.999899
1	383	198	0.999911
1	232	110	0.999946
0	257	246	0.99994
1	197	136	0.999954
0	431	374	0.999899
1	431	306	0.999899
1	494	415	0.999884
0	374	371	0.999912
1	347	154	0.999918
0	422	396	0.9999
1	447	238	0.999894
0	458	400	0.999891
0	500	465	0.999881
1	499	270	0.999881
1	430	254	0.999897
0	437	391	0.999895
1	440	292	0.999894
0	469	422	0.999887
0	377	349	0.999909
1	236	134	0.999943
1	500	418	0.999879
1	252	188	0.999939
1	190	62	0.999954
1	433	230	0.999895
0	424	379	0.999897
0	366	365	0.999911
1	185	109	0.999955
1	230	145	0.999944
1	426	343	0.999896
1	264	143	0.999935
1	421	85	0.999896
1	145	93	0.999964
1	298	95	0.999926
1	157	118	0.999961
1	201	150	0.99995
1	220	156	0.999945
1	260	222	0.999935
1	119	64	0.99997
1	408	166	0.999897
1	435	287	0.99989
1	486	337	0.999877
1	457	381	0.999884
0	480	437	0.999878
1	342	161	0.999913
1	145	104	0.999963
1	427	202	0.999891
1	270	115	0.999931
1	457	222	0.999883
0	385	358	0.999901
0	443	409	0.999886
1	474	391	0.999878
1	295	109	0.999924
1	163	132	0.999958
1	155	120	0.99996
1	372	305	0.999904
1	240	97	0.999938
1	274	102	0.999929
0	357	329	0.999907
1	464	316	0.999879
1	249	99	0.999935
1	352	234	0.999908
1	443	116	0.999884
1	408	338	0.999893
1	114	87	0.99997
1	190	130	0.99995
1	303	166	0.99992
1	272	119	0.999928
1	139	79	0.999963
1	195	149	0.999948
1	435	292	0.999884
0	460	407	0.999877
1	97	52	0.999974
1	82	45	0.999978
1	272	197	0.999927
0	421	411	0.999887
1	67	48	0.999982
1	483	216	0.99987
1	111	74	0.99997
1	499	134	0.999865
1	401	313	0.999891
1	246	74	0.999933
1	139	96	0.999962
0	273	253	0.999925
1	320	252	0.999912
1	429	361	0.999882
1	458	326	0.999874
0	116	113	0.999968
1	456	243	0.999874
1	336	121	0.999907
1	338	159	0.999906
0	262	239	0.999927
1	440	132	0.999877
1	143	85	0.99996
1	485	271	0.999864
1	449	311	0.999874
1	366	99	0.999897
0	266	231	0.999925
1	230	71	0.999935
1	258	68	0.999927
1	367	113	0.999896
1	187	118	0.999947
1	374	104	0.999894
1	486	286	0.999862
1	267	170	0.999924
1	386	302	0.99989
1	353	250	0.999899
1	251	142	0.999928
1	292	78	0.999916
1	413	295	0.999881
1	342	160	0.999901
0	392	363	0.999886
1	378	288	0.99989
1	457	216	0.999867
1	450	164	0.999869
1	453	335	0.999868
1	394	273	0.999885
0	390	335	0.999886
1	368	81	0.999892
1	414	190	0.999878
0	268	233	0.999921
1	78	18	0.999977
1	484	351	0.999857
1	159	56	0.999953
1	392	161	0.999884
0	431	429	0.999872
0	367	366	0.999891
1	138	84	0.999959
1	158	69	0.999953
1	447	142	0.999867
1	396	273	0.999882
1	218	142	0.999935
1	238	70	0.999929
1	362	144	0.999892
1	459	132	0.999863
1	211	90	0.999937
1	395	241	0.999882
1	468	149	0.99986
1	337	99	0.999899
1	100	41	0.99997
1	160	115	0.999952
1	396	180	0.999881
1	489	150	0.999853
1	372	169	0.999888
1	362	130	0.999891
0	499	481	0.999849
0	280	254	0.999915
1	467	117	0.999858
1	342	190	0.999896
1	414	319	0.999874
1	394	266	0.99988
0	308	270	0.999906
1	399	270	0.999878
1	480	356	0.999853
1	303	145	0.999907
0	198	174	0.999939
1	447	82	0.999862
1	447	272	0.999862
1	327	148	0.999899
0	71	61	0.999978
0	419	391	0.99987
1	218	54	0.999932
0	237	202	0.999926
1	397	197	0.999876
1	96	49	0.99997
1	153	32	0.999952
1	302	183	0.999905
1	270	188	0.999915
1	349	253	0.99989
1	443	121	0.99986
1	218	139	0.999931
0	445	408	0.999859
1	470	305	0.999851
1	410	251	0.99987
1	371	240	0.999882
0	380	330	0.999879
0	298	251	0.999905
1	479	368	0.999847
1	241	109	0.999923
0	222	219	0.999929
1	247	118	0.999921
1	399	108	0.999872
1	187	44	0.99994
1	243	54	0.999922
1	348	140	0.999888
1	472	89	0.999848
1	208	42	0.999933
1	450	296	0.999855
0	346	294	0.999888
1	105	60	0.999966
1	247	108	0.99992
1	268	113	0.999913
1	332	94	0.999892
1	386	267	0.999874
1	401	220	0.999869
1	445	119	0.999854
1	329	66	0.999892
0	341	315	0.999888
1	371	149	0.999878
1	298	202	0.999902
1	459	303	0.999849
1	270	127	0.999911
1	300	55	0.999901
0	330	289	0.999891
1	442	296	0.999854
1	451	131	0.999851
1	433	319	0.999856
1	66	23	0.999978
1	297	79	0.999901
0	309	295	0.999897
1	413	148	0.999862
1	442	267	0.999852
1	480	109	0.999839
0	316	289	0.999894
1	485	130	0.999837
1	354	209	0.999881
1	469	134	0.999842
0	255	234	0.999914
1	331	62	0.999888
1	446	291	0.999848
0	176	170	0.99994
0	398	397	0.999864
1	310	61	0.999894
1	500	220	0.999829
0	447	396	0.999847
1	482	322	0.999835
1	362	81	0.999876
1	289	120	0.999901
1	329	96	0.999887
1	424	199	0.999854
1	351	274	0.999879
1	287	53	0.999901
1	437	94	0.999849
1	133	99	0.999954
0	289	288	0.9999
1	205	127	0.999929
1	124	29	0.999957
1	442	268	0.999846
0	462	384	0.999839
0	63	58	0.999978
1	355	227	0.999876
0	477	443	0.999833
1	191	67	0.999933
1	487	194	0.999829
1	427	114	0.99985
0	381	353	0.999866
1	412	162	0.999855
1	485	366	0.999829
1	322	235	0.999886
1	431	95	0.999847
1	152	34	0.999946
0	419	415	0.999851
1	284	193	0.999899
1	478	189	0.99983
1	340	130	0.999879
1	463	289	0.999835
1	283	80	0.999899
1	182	133	0.999935
1	263	161	0.999906
1	95	52	0.999966
1	447	175	0.99984
1	215	82	0.999923
0	416	370	0.999851
1	254	116	0.999909
0	357	292	0.999872
0	251	220	0.99991
1	301	140	0.999892
0	376	328	0.999865
1	362	148	0.99987
1	464	308	0.999833
1	497	217	0.999821
1	444	245	0.99984
1	133	46	0.999952
1	144	104	0.999948
0	202	200	0.999927
1	307	200	0.999889
1	116	56	0.999958
1	356	176	0.999871
1	251	150	0.999909
1	369	284	0.999866
1	465	170	0.999831
1	426	207	0.999845
1	266	144	0.999903
1	473	255	0.999827
1	410	248	0.99985
0	499	472	0.999817
1	327	102	0.99988
1	492	366	0.999819
1	404	321	0.999851
1	200	141	0.999926
0	327	287	0.999879
1	454	342	0.999832
1	324	177	0.99988
0	394	354	0.999854
1	326	104	0.999879
1	382	83	0.999858
1	269	171	0.9999
1	78	43	0.999971
1	94	23	0.999965
0	201	165	0.999925
1	469	100	0.999825
0	499	471	0.999813
1	429	105	0.999839
1	413	146	0.999845
1	434	242	0.999837
1	322	221	0.999879
0	394	355	0.999851
1	370	243	0.99986
1	240	174	0.999909
1	440	349	0.999833
1	79	23	0.99997
1	329	145	0.999875
1	250	131	0.999905
0	271	221	0.999897
1	71	36	0.999973
1	317	232	0.999879
1	484	107	0.999815
1	368	283	0.999859
1	433	111	0.999834
1	450	213	0.999827
1	304	155	0.999883
1	88	22	0.999966
0	489	420	0.999811
1	284	120	0.99989
1	418	181	0.999838
1	301	208	0.999883
0	411	392	0.99984
1	459	269	0.999821
1	376	82	0.999853
1	179	132	0.99993
1	248	121	0.999903
0	299	260	0.999883
1	316	218	0.999876
1	297	118	0.999883
1	297	122	0.999883
1	324	94	0.999872
1	316	101	0.999875
0	204	195	0.999919
0	287	275	0.999886
1	483	240	0.999808
1	483	347	0.999808
1	314	96	0.999875
1	434	219	0.999827
0	444	422	0.999823
1	356	274	0.999858
0	406	395	0.999838
1	446	254	0.999822
1	258	181	0.999897
0	413	339	0.999835
1	150	66	0.99994
0	360	354	0.999856
1	387	295	0.999845
1	302	155	0.999879
1	187	95	0.999925
1	319	171	0.999872
1	396	251	0.999841
1	483	116	0.999806
1	428	180	0.999828
1	358	269	0.999856
1	318	205	0.999872
1	293	116	0.999882
1	330	235	0.999867
1	439	259	0.999823
1	389	103	0.999843
0	99	91	0.99996
1	408	107	0.999835
1	220	57	0.999911
1	262	122	0.999894
0	383	324	0.999845
1	311	75	0.999874
1	352	67	0.999857
0	434	414	0.999823
1	76	17	0.999969
1	159	101	0.999935
1	303	218	0.999876
0	315	273	0.999871
1	244	189	0.9999
1	488	257	0.9998
0	422	365	0.999827
1	456	316	0.999813
1	373	152	0.999847
1	373	103	0.999847
1	477	114	0.999804
1	107	42	0.999956
1	491	254	0.999798
1	435	222	0.999821
1	469	333	0.999807
0	211	167	0.999913
1	383	119	0.999842
1	458	291	0.999811
0	315	256	0.99987
0	460	397	0.99981
1	220	163	0.999909
0	423	359	0.999825
1	493	342	0.999796
1	478	354	0.999802
1	152	111	0.999937
1	453	176	0.999812
0	319	318	0.999867
1	472	142	0.999803
1	469	93	0.999804
0	500	461	0.99979
0	395	324	0.999834
1	304	91	0.999872
1	425	189	0.999821
0	147	138	0.999938
0	128	117	0.999946
1	199	99	0.999916
1	438	317	0.999815
1	477	349	0.999798
1	486	143	0.999793
0	460	438	0.999804
0	333	326	0.999858
1	422	267	0.99982
1	368	122	0.999843
1	433	173	0.999815
1	262	193	0.999888
1	456	91	0.999805
1	180	121	0.999923
0	481	387	0.999794
1	433	325	0.999814
0	426	409	0.999817
1	263	132	0.999887
0	363	284	0.999844
1	400	224	0.999828
1	488	289	0.99979
0	360	311	0.999845
1	497	327	0.999786
1	274	143	0.999882
0	239	195	0.999897
1	406	263	0.999825
0	74	67	0.999968
1	494	315	0.999786
1	376	191	0.999837
1	380	96	0.999835
1	389	153	0.999831
1	462	87	0.999799
0	262	233	0.999886
0	447	363	0.999805
0	71	62	0.999969
1	490	105	0.999786
0	412	345	0.99982
1	286	59	0.999875
1	160	74	0.99993
1	374	239	0.999836
0	442	386	0.999806
0	216	210	0.999905
1	224	100	0.999901
1	244	186	0.999892
1	372	87	0.999835
1	493	307	0.999781
1	493	284	0.999781
1	477	167	0.999788
0	495	454	0.99978
0	499	497	0.999778
0	155	125	0.999931
1	475	326	0.999788
1	410	187	0.999817
0	445	365	0.999801
1	306	111	0.999863
1	118	25	0.999947
1	342	144	0.999846
0	375	355	0.999831
1	416	114	0.999812
1	484	152	0.999781
1	338	199	0.999847
0	170	138	0.999923
0	256	222	0.999884
1	176	111	0.99992
1	431	182	0.999804
1	499	372	0.999773
1	268	136	0.999878
0	101	86	0.999954
1	393	139	0.999821
0	230	229	0.999895
1	188	54	0.999914
0	484	410	0.999778
0	496	380	0.999772
0	485	476	0.999777
1	304	167	0.99986
0	308	252	0.999858
1	323	219	0.999851
0	130	115	0.99994
1	498	217	0.99977
1	385	129	0.999822
1	333	139	0.999846
1	242	130	0.999888
1	483	160	0.999776
1	491	306	0.999772
0	243	220	0.999887
1	339	97	0.999842
1	360	235	0.999832
1	458	338	0.999786
0	383	351	0.999821
1	286	130	0.999866
1	485	345	0.999772
1	85	53	0.99996
1	306	106	0.999856
1	323	158	0.999848
1	393	272	0.999815
1	225	54	0.999894
1	280	77	0.999868
1	436	102	0.999794
0	465	437	0.99978
1	232	109	0.99989
0	295	248	0.99986
1	337	159	0.99984
0	499	392	0.999763
1	467	344	0.999778
1	416	120	0.999802
1	191	49	0.999909
0	391	307	0.999813
1	378	105	0.999819
0	50	47	0.999976
1	437	104	0.99979
1	468	263	0.999775
1	295	123	0.999858
0	323	249	0.999844
1	397	156	0.999808
1	490	162	0.999763
1	438	148	0.999788
1	262	137	0.999873
0	361	288	0.999825
1	307	184	0.999851
1	444	144	0.999784
1	277	56	0.999865
1	250	133	0.999878
0	475	376	0.999768
1	395	156	0.999807
0	489	460	0.999761
1	450	280	0.99978
1	425	283	0.999792
1	377	247	0.999815
1	495	315	0.999757
1	169	66	0.999917
1	228	130	0.999888
1	364	106	0.999821
1	366	79	0.99982
0	402	386	0.999802
0	343	309	0.999831
0	389	340	0.999808
1	314	101	0.999845
1	393	190	0.999806
0	89	69	0.999956
0	184	156	0.999909
1	101	47	0.99995
0	424	358	0.99979
1	474	116	0.999765
0	476	473	0.999764
1	369	109	0.999817
1	143	77	0.999929
1	451	205	0.999776
0	163	140	0.999919
0	352	326	0.999825
1	474	318	0.999764
1	351	76	0.999825
1	56	14	0.999972
1	146	81	0.999927
0	488	400	0.999756
1	337	228	0.999831
1	454	265	0.999772
1	179	89	0.99991
0	165	129	0.999917
0	296	273	0.999851
1	129	48	0.999935
1	387	261	0.999805
1	111	34	0.999944
1	493	238	0.999751
1	477	218	0.999759
1	170	124	0.999914
1	294	63	0.999851
0	290	280	0.999853
1	67	37	0.999966
1	189	133	0.999904
1	441	227	0.999776
1	352	85	0.999821
0	165	139	0.999916
1	316	155	0.999839
1	364	185	0.999814
1	448	147	0.999771
1	483	206	0.999753
1	258	54	0.999868
1	416	91	0.999787
1	332	127	0.99983
1	164	35	0.999916
1	416	153	0.999786
1	371	103	0.999809
1	468	207	0.999759
1	264	105	0.999864
0	227	222	0.999883
1	487	296	0.999749
0	345	309	0.999822
1	308	138	0.999841
0	481	468	0.999751
0	249	243	0.999871
1	289	98	0.99985
1	341	139	0.999823
0	235	204	0.999878
1	77	22	0.99996
1	435	219	0.999774
1	383	262	0.999801
1	436	226	0.999773
1	495	120	0.999742
1	164	47	0.999914
1	448	297	0.999765
1	272	93	0.999857
1	251	120	0.999868
0	271	249	0.999857
0	411	356	0.999783
1	278	125	0.999853
0	447	424	0.999763
0	443	409	0.999765
1	179	56	0.999905
0	456	396	0.999758
1	429	207	0.999772
1	333	202	0.999823
1	346	150	0.999816
0	440	361	0.999766
1	361	135	0.999808
0	414	348	0.999779
1	462	224	0.999753
1	71	31	0.999962
0	396	363	0.999788
1	239	126	0.999872
1	493	340	0.999736
1	345	233	0.999815
0	192	188	0.999897
1	164	87	0.999912
0	402	329	0.999784
0	266	260	0.999857
0	487	468	0.999738
0	156	130	0.999916
1	310	155	0.999833
1	265	121	0.999857
0	415	336	0.999776
1	465	319	0.999749
0	349	262	0.999811
0	214	177	0.999884
0	380	300	0.999794
1	81	16	0.999956
1	497	230	0.99973
0	114	99	0.999938
1	408	242	0.999778
1	433	285	0.999764
0	143	115	0.999922
1	198	65	0.999892
1	249	141	0.999864
1	496	331	0.999729
0	485	443	0.999735
1	441	141	0.999759
1	247	107	0.999865
0	459	441	0.999749
1	446	231	0.999756
1	387	143	0.999788
1	93	65	0.999949
1	476	246	0.999739
1	231	126	0.999873
0	409	349	0.999775
0	294	281	0.999838
0	430	417	0.999763
1	466	306	0.999743
1	96	51	0.999947
0	469	373	0.999741
1	340	68	0.999812
0	373	285	0.999793
0	425	401	0.999764
0	306	225	0.99983
0	419	307	0.999767
0	70	57	0.999961
1	235	73	0.999869
0	482	457	0.999731
1	206	102	0.999885
1	247	73	0.999862
1	488	353	0.999727
1	277	133	0.999845
0	448	359	0.999749
1	439	237	0.999754
1	260	133	0.999854
1	324	92	0.999818
0	436	386	0.999755
0	192	178	0.999892
1	151	51	0.999915
1	286	182	0.999839
1	78	38	0.999956
0	329	280	0.999814
1	433	86	0.999755
1	60	35	0.999966
0	443	417	0.999749
0	236	220	0.999866
1	369	170	0.99979
1	216	77	0.999877
0	409	301	0.999767
1	430	225	0.999755
1	358	116	0.999796
1	429	191	0.999755
1	446	208	0.999745
1	439	141	0.999749
1	319	135	0.999817
1	331	72	0.99981
1	418	170	0.99976
0	388	358	0.999777
1	294	98	0.999831
1	360	128	0.999793
1	497	271	0.999714
1	368	176	0.999788
1	111	59	0.999936
1	352	248	0.999797
0	175	134	0.999899
0	431	404	0.999751
0	327	269	0.999811
1	476	266	0.999724
1	482	195	0.99972
0	413	380	0.99976
1	440	123	0.999744
1	433	111	0.999748
0	312	280	0.999818
1	298	84	0.999826
1	262	179	0.999847
1	359	238	0.99979
0	217	157	0.999873
1	75	49	0.999956
1	327	104	0.999808
1	420	275	0.999753
1	251	88	0.999852
1	261	155	0.999846
1	354	186	0.999791
1	142	54	0.999916
1	262	134	0.999845
1	299	101	0.999823
1	398	126	0.999764
1	150	31	0.999911
1	300	84	0.999822
0	364	277	0.999784
0	406	380	0.999759
1	288	72	0.999829
0	479	469	0.999715
0	462	384	0.999725
0	413	403	0.999754
0	413	365	0.999754
1	260	84	0.999845
1	451	140	0.999731
1	310	130	0.999815
0	273	215	0.999837
1	269	155	0.999839
1	370	122	0.999778
1	470	245	0.999718
0	423	332	0.999746
0	278	224	0.999833
1	431	251	0.999741
0	183	159	0.99989
1	331	64	0.999801
1	319	89	0.999808
1	304	82	0.999817
1	176	40	0.999894
1	362	148	0.999782
1	292	197	0.999824
1	350	142	0.999789
1	481	324	0.99971
1	194	37	0.999883
0	407	376	0.999754
1	491	200	0.999702
0	265	238	0.999839
0	250	222	0.999848
1	500	130	0.999696
0	222	204	0.999865
1	485	280	0.999705
0	189	167	0.999885
1	363	130	0.999779
1	331	163	0.999798
1	484	326	0.999704
1	273	127	0.999833
1	80	47	0.999951
0	364	299	0.999777
1	380	192	0.999767
1	207	93	0.999873
0	478	407	0.999706
1	428	170	0.999736
1	437	194	0.99973
1	55	22	0.999966
0	296	289	0.999817
1	406	272	0.999749
0	336	250	0.999792
1	462	296	0.999714
1	197	131	0.999878
0	208	186	0.999871
0	366	267	0.999773
0	445	320	0.999724
1	476	217	0.999704
0	220	175	0.999863
0	464	386	0.999711
1	255	165	0.999841
1	279	119	0.999826
1	396	176	0.999753
1	487	112	0.999696
1	490	327	0.999694
1	317	98	0.999802
1	283	88	0.999823
1	214	71	0.999866
1	495	129	0.99969
1	485	233	0.999696
0	145	125	0.999909
1	290	91	0.999818
1	422	80	0.999735
1	312	113	0.999804
1	471	302	0.999704
0	194	190	0.999878
0	337	270	0.999788
1	499	247	0.999686
0	270	247	0.99983
1	484	237	0.999695
0	211	208	0.999867
0	466	389	0.999706
1	385	190	0.999757
1	76	44	0.999952
0	399	354	0.999748
1	418	235	0.999736
0	364	341	0.99977
0	382	341	0.999758
1	456	191	0.999711
1	269	156	0.999829
1	121	25	0.999923
0	253	249	0.999839
1	297	160	0.999811
0	484	411	0.999692
0	138	120	0.999912
1	371	79	0.999763
0	444	392	0.999716
0	450	352	0.999712
1	214	117	0.999863
0	464	335	0.999703
0	142	140	0.999909
0	362	302	0.999768
1	429	298	0.999725
0	482	435	0.999691
1	382	144	0.999755
1	218	111	0.99986
1	232	90	0.999851
1	375	253	0.999759
1	157	65	0.999899
1	300	74	0.999807
1	292	138	0.999812
0	399	392	0.999743
0	393	358	0.999746
0	215	188	0.999861
0	485	390	0.999686
1	355	244	0.99977
1	472	151	0.999694
1	444	282	0.999712
1	348	88	0.999774
1	137	48	0.999911
1	240	65	0.999844
1	263	51	0.999829
1	163	60	0.999894
0	450	313	0.999707
0	483	452	0.999685
0	288	227	0.999812
0	471	436	0.999692
0	269	216	0.999824
0	443	412	0.99971
1	476	278	0.999688
0	434	391	0.999715
1	409	170	0.999731
0	433	352	0.999715
1	261	89	0.999828
1	496	152	0.999673
1	276	138	0.999818
0	203	161	0.999866
0	359	250	0.999763
1	339	75	0.999776
1	62	36	0.999959
1	291	138	0.999807
0	389	277	0.999742
0	348	265	0.999769
1	402	149	0.999733
1	164	95	0.999891
0	170	165	0.999887
1	446	174	0.999703
0	420	360	0.99972
1	495	265	0.99967
1	259	64	0.999827
1	415	135	0.999722
1	282	81	0.999811
1	350	184	0.999765
1	418	104	0.999719
1	235	94	0.999842
0	293	226	0.999803
1	300	120	0.999798
0	378	267	0.999745
1	426	172	0.999712
0	423	418	0.999714
0	470	355	0.999682
0	232	206	0.999843
1	400	111	0.999729
1	270	168	0.999817
1	388	191	0.999737
0	416	306	0.999718
0	373	340	0.999747
1	252	104	0.999829
1	252	83	0.999829
1	277	140	0.999812
0	365	297	0.999752
1	387	230	0.999737
0	222	205	0.999849
1	473	98	0.999678
1	326	207	0.999778
1	458	138	0.999688
1	446	124	0.999696
1	478	276	0.999674
0	466	373	0.999682
1	454	155	0.99969
1	158	37	0.999892
1	114	26	0.999922
0	336	311	0.99977
1	429	208	0.999706
0	445	324	0.999695
1	461	136	0.999684
0	175	162	0.99988
1	387	154	0.999734
0	160	144	0.99989
1	317	213	0.999782
0	109	88	0.999925
1	327	211	0.999775
1	479	157	0.99967
1	393	138	0.999729
0	271	204	0.999813
1	500	335	0.999655
1	184	87	0.999873
1	323	156	0.999777
1	317	165	0.999781
1	421	254	0.999709
0	447	384	0.999691
0	422	301	0.999708
1	329	192	0.999772
1	456	105	0.999684
1	199	93	0.999862
0	62	47	0.999957
0	487	343	0.999662
0	72	66	0.99995
1	203	108	0.999859
0	475	363	0.99967
1	442	205	0.999692
0	340	301	0.999763
1	261	125	0.999818
1	463	295	0.999677
1	100	56	0.99993
1	307	142	0.999785
0	127	124	0.999911
1	352	126	0.999753
1	218	53	0.999847
0	399	282	0.99972
1	141	30	0.999901
1	400	167	0.999718
0	129	128	0.999909
0	136	115	0.999904
0	344	318	0.999757
0	215	151	0.999848
0	447	360	0.999684
0	413	404	0.999708
1	410	173	0.99971
1	154	87	0.999891
0	397	382	0.999719
0	445	368	0.999685
1	497	334	0.999648
0	271	212	0.999808
1	103	63	0.999927
1	203	62	0.999856
0	403	281	0.999714
0	343	280	0.999756
0	430	426	0.999694
0	396	360	0.999718
0	435	423	0.99969
1	423	239	0.999698
1	175	78	0.999875
1	196	76	0.99986
0	480	437	0.999657
0	459	446	0.999672
1	368	83	0.999737
1	348	211	0.999751
1	204	108	0.999854
1	292	147	0.999791
1	169	71	0.999879
1	127	34	0.999909
0	304	206	0.999782
1	375	72	0.999731
0	432	402	0.99969
0	411	397	0.999705
1	482	242	0.999654
1	494	262	0.999645
0	488	475	0.999649
0	232	165	0.999833
0	361	346	0.99974
1	186	54	0.999866
1	387	116	0.999721
0	294	229	0.999788
0	251	211	0.999819
0	441	304	0.999682
1	459	129	0.999669
0	391	308	0.999718
1	470	281	0.999661
1	237	128	0.999829
0	345	273	0.999751
0	397	345	0.999713
0	199	164	0.999856
1	355	162	0.999743
1	493	252	0.999642
1	318	184	0.999769
1	238	138	0.999827
1	487	194	0.999646
1	66	15	0.999952
0	460	321	0.999665
1	221	108	0.999839
0	288	231	0.99979
1	218	77	0.999841
1	370	155	0.99973
1	341	104	0.999751
1	134	59	0.999902
1	466	231	0.999659
1	366	193	0.999732
1	218	132	0.99984
1	470	99	0.999655
0	399	379	0.999707
0	388	293	0.999715
1	310	59	0.999772
0	360	271	0.999735
1	345	97	0.999746
1	357	222	0.999737
0	490	430	0.999639
1	468	259	0.999655
0	240	238	0.999823
1	226	137	0.999833
0	123	106	0.999909
1	377	232	0.999721
1	408	155	0.999698
1	444	189	0.999671
1	170	64	0.999874
1	58	11	0.999957
1	213	49	0.999842
0	217	200	0.999839
1	346	200	0.999743
1	393	203	0.999708
1	183	38	0.999864
0	370	362	0.999725
0	265	218	0.999803
0	324	299	0.999759
0	293	290	0.999782
1	361	131	0.999731
0	452	375	0.999663
1	185	77	0.999862
1	461	295	0.999656
1	481	232	0.999641
0	79	77	0.999941
0	266	190	0.999801
0	231	219	0.999827
0	136	100	0.999898
1	438	175	0.999671
1	129	69	0.999903
1	472	117	0.999645
0	416	365	0.999687
0	465	435	0.99965
1	360	207	0.999729
1	419	145	0.999684
0	285	214	0.999785
1	421	195	0.999682
0	344	277	0.99974
1	255	149	0.999807
0	128	123	0.999903
0	215	193	0.999837
1	488	196	0.99963
1	228	52	0.999827
1	493	292	0.999626
0	311	306	0.999764
0	336	309	0.999745
0	395	314	0.9997
0	495	369	0.999624
1	441	203	0.999665
0	71	67	0.999946
1	276	55	0.99979
0	181	147	0.999862
0	375	370	0.999714
0	399	277	0.999695
1	395	102	0.999698
1	290	108	0.999778
0	141	95	0.999892
0	383	298	0.999706
0	489	351	0.999624
0	498	457	0.999617
0	396	364	0.999695
0	92	88	0.999929
1	254	127	0.999804
0	320	312	0.999753
0	458	439	0.999646
1	216	96	0.999833
1	476	159	0.999632
0	203	158	0.999843
1	318	80	0.999754
0	424	320	0.999672
1	372	183	0.999712
1	195	80	0.999849
1	399	210	0.99969
1	408	126	0.999683
1	238	131	0.999815
0	140	139	0.999891
0	332	301	0.999741
0	305	240	0.999762
1	114	25	0.999911
0	488	418	0.999619
1	338	168	0.999736
1	375	160	0.999707
1	302	139	0.999764
0	156	125	0.999878
1	372	227	0.999709
1	286	82	0.999776
1	286	112	0.999776
0	310	225	0.999757
1	190	51	0.999851
0	385	302	0.999698
1	325	75	0.999745
1	93	39	0.999927
1	307	88	0.999759
1	135	41	0.999894
1	419	180	0.999671
1	481	306	0.999622
0	164	120	0.999871
1	150	60	0.999882
1	431	166	0.999661
1	413	120	0.999675
1	155	63	0.999878
1	113	52	0.999911
1	52	20	0.999959
0	123	93	0.999903
0	331	239	0.999739
1	328	72	0.999741
1	257	79	0.999797
1	162	65	0.999872
1	354	192	0.99972
0	225	191	0.999822
1	495	281	0.999608
0	246	178	0.999805
0	458	421	0.999637
0	478	325	0.999621
1	474	196	0.999624
0	437	308	0.999653
0	360	237	0.999714
0	239	163	0.99981
0	493	430	0.999608
0	420	284	0.999666
1	274	133	0.999782
0	323	318	0.999743
1	479	294	0.999618
1	218	121	0.999826
0	446	341	0.999644
1	473	225	0.999622
1	439	144	0.999649
1	55	23	0.999956
0	175	127	0.99986
1	406	177	0.999675
1	468	248	0.999625
1	476	97	0.999618
1	421	172	0.999662
0	193	142	0.999845
1	330	141	0.999735
1	331	198	0.999734
0	456	427	0.999633
0	457	379	0.999632
0	407	387	0.999672
1	390	76	0.999685
0	276	267	0.999777
1	376	205	0.999696
1	418	207	0.999662
1	262	118	0.999788
0	343	293	0.999722
1	444	248	0.99964
1	440	149	0.999643
1	398	141	0.999677
1	320	161	0.99974
0	342	319	0.999722
0	326	287	0.999735
0	375	280	0.999695
1	419	125	0.999659
1	258	105	0.99979
0	296	269	0.999759
1	469	202	0.999618
0	185	151	0.999849
0	495	486	0.999596
1	175	51	0.999857
1	330	142	0.99973
0	396	299	0.999676
1	320	94	0.999738
0	447	406	0.999634
1	155	98	0.999873
0	343	311	0.999719
1	89	46	0.999927
0	478	310	0.999608
1	201	116	0.999835
1	313	73	0.999743
0	230	197	0.999811
1	378	149	0.999689
0	474	393	0.99961
0	464	401	0.999618
1	481	306	0.999604
0	187	162	0.999846
0	216	172	0.999822
0	439	395	0.999638
1	80	35	0.999934
0	400	284	0.99967
0	498	380	0.999589
1	378	136	0.999688
0	408	359	0.999663
1	294	160	0.999757
1	364	126	0.999699
1	318	152	0.999737
1	451	190	0.999627
0	382	293	0.999684
1	349	70	0.999711
0	439	317	0.999636
0	182	171	0.999849
1	147	34	0.999878
1	500	146	0.999585
0	307	225	0.999745
0	478	476	0.999603
0	473	311	0.999607
1	479	276	0.999602
1	420	168	0.999651
0	351	257	0.999708
1	286	62	0.999762
0	287	222	0.999761
1	258	58	0.999785
0	427	369	0.999644
0	273	248	0.999772
0	475	474	0.999603
1	183	63	0.999847
1	472	189	0.999605
1	414	213	0.999653
1	488	264	0.999591
0	482	339	0.999596
1	402	194	0.999663
1	155	64	0.99987
1	434	160	0.999636
0	441	430	0.99963
1	337	157	0.999717
0	351	288	0.999705
1	420	123	0.999647
1	490	194	0.999588
1	384	135	0.999677
1	461	247	0.999612
0	222	170	0.999813
0	463	299	0.99961
1	89	44	0.999925
1	217	54	0.999817
0	326	223	0.999725
1	205	97	0.999827
0	385	343	0.999675
1	475	273	0.999599
1	316	106	0.999733
1	336	132	0.999716
0	488	462	0.999587
0	274	226	0.999768
1	374	75	0.999683
1	476	186	0.999596
1	411	253	0.999651
1	465	287	0.999605
0	173	111	0.999853
1	399	245	0.999661
1	487	187	0.999586
0	281	255	0.999761
1	148	87	0.999874
1	162	74	0.999862
1	89	20	0.999924
1	385	148	0.999671
1	173	65	0.999852
1	346	189	0.999704
0	194	170	0.999834
0	451	314	0.999614
0	162	150	0.999861
0	297	201	0.999745
1	412	153	0.999646
1	307	153	0.999736
1	350	146	0.999699
1	236	107	0.999797
0	194	191	0.999833
1	309	67	0.999734
1	447	187	0.999615
1	296	90	0.999745
0	319	244	0.999725
0	204	148	0.999824
1	495	212	0.999573
0	438	336	0.999622
1	324	177	0.99972
0	496	320	0.999571
0	335	253	0.99971
1	499	138	0.999568
1	425	238	0.999632
0	308	203	0.999733
0	346	336	0.9997
1	234	87	0.999797
1	136	60	0.999882
1	257	130	0.999777
0	69	55	0.99994
1	154	87	0.999866
0	464	304	0.999596
0	321	267	0.99972
1	450	181	0.999606
0	338	220	0.999704
1	355	199	0.999689
0	372	284	0.999674
1	478	120	0.999581
0	285	184	0.99975
0	400	287	0.999649
1	353	145	0.99969
1	258	91	0.999773
1	499	313	0.999561
0	400	269	0.999648
0	201	197	0.999823
0	322	209	0.999716
1	282	91	0.999751
1	445	131	0.999607
0	240	192	0.999788
0	421	378	0.999628
1	155	85	0.999863
1	320	65	0.999717
1	346	198	0.999694
0	61	48	0.999946
1	61	15	0.999946
1	487	91	0.999569
0	244	154	0.999784
0	450	363	0.999601
0	362	247	0.999679
1	320	80	0.999716
0	375	345	0.999667
1	170	64	0.999849
1	188	117	0.999833
0	385	249	0.999658
0	251	223	0.999777
0	439	371	0.99961
1	405	162	0.99964
1	434	228	0.999614
1	365	73	0.999675
0	438	427	0.99961
1	277	147	0.999753
0	371	350	0.999669
1	242	105	0.999784
0	354	270	0.999684
1	392	237	0.99965
1	132	57	0.999882
1	471	116	0.999578
1	177	91	0.999841
0	316	295	0.999716
1	474	91	0.999574
0	129	99	0.999884
1	469	153	0.999578
0	340	265	0.999694
1	324	99	0.999708
0	327	281	0.999705
1	399	137	0.99964
0	431	385	0.999611
1	478	219	0.999568
0	146	138	0.999868
0	407	369	0.999632
0	180	139	0.999837
0	297	244	0.999731
1	389	102	0.999647
1	405	134	0.999632
1	373	86	0.999661
1	167	95	0.999848
1	302	162	0.999725
1	404	127	0.999632
1	203	113	0.999815
1	362	206	0.99967
0	375	282	0.999658
0	308	252	0.999719
0	334	327	0.999695
1	221	117	0.999798
1	396	137	0.999638
1	396	129	0.999638
0	431	298	0.999606
0	457	415	0.999582
1	493	168	0.999549
1	493	178	0.999549
0	165	111	0.999849
0	484	344	0.999557
1	430	108	0.999606
1	73	41	0.999933
1	195	52	0.999821
0	414	357	0.99962
0	220	213	0.999798
0	347	276	0.999681
1	423	224	0.999611
0	499	349	0.999541
1	265	93	0.999756
0	469	391	0.999568
0	296	281	0.999727
0	489	383	0.999549
0	208	131	0.999808
0	470	296	0.999566
0	237	218	0.999781
0	486	345	0.999551
0	447	443	0.999587
1	106	48	0.999902
1	318	161	0.999706
0	266	212	0.999754
1	360	77	0.999667
0	362	347	0.999665
1	216	128	0.9998
1	454	173	0.999579
0	445	371	0.999587
1	197	49	0.999817
0	197	158	0.999817
0	385	372	0.999642
0	316	261	0.999706
0	456	378	0.999575
0	326	203	0.999696
0	271	208	0.999747
1	354	88	0.999669
0	492	487	0.99954
0	422	341	0.999605
0	220	168	0.999794
1	346	154	0.999676
0	268	215	0.999749
1	127	43	0.999881
0	364	262	0.999659
0	490	439	0.999541
1	493	197	0.999538
0	464	447	0.999565
1	322	76	0.999698
1	438	174	0.999589
1	476	107	0.999553
1	116	45	0.999891
0	431	294	0.999595
0	352	246	0.999669
1	436	83	0.99959
1	324	179	0.999695
1	312	191	0.999706
1	316	128	0.999702
1	355	166	0.999665
0	355	229	0.999665
0	444	370	0.999581
0	396	263	0.999626
1	348	76	0.999671
1	315	121	0.999702
0	466	375	0.999559
0	429	292	0.999594
1	432	150	0.999591
0	432	269	0.999591
1	395	198	0.999626
0	302	279	0.999714
1	190	67	0.99982
0	473	470	0.999552
0	399	279	0.999622
1	98	54	0.999907
1	450	243	0.999573
0	217	136	0.999794
1	162	45	0.999846
0	445	349	0.999577
1	468	116	0.999555
0	288	243	0.999726
0	391	346	0.999628
1	494	172	0.99953
0	420	364	0.9996
0	465	406	0.999557
0	383	330	0.999635
0	303	256	0.999711
1	484	289	0.999538
1	441	155	0.999579
1	398	193	0.99962
1	156	64	0.999851
1	179	109	0.999829
1	271	96	0.999741
1	339	96	0.999676
0	159	156	0.999848
1	430	132	0.999589
0	434	351	0.999585
1	331	130	0.999683
0	143	127	0.999863
0	499	365	0.999522
1	456	192	0.999563
0	148	140	0.999858
1	249	93	0.999761
1	500	195	0.99952
0	406	335	0.99961
0	459	382	0.999559
1	284	117	0.999727
0	310	298	0.999702
1	260	62	0.99975
1	405	106	0.99961
0	433	355	0.999583
1	462	277	0.999555
1	192	78	0.999815
1	221	53	0.999787
0	361	236	0.999652
0	84	57	0.999919
1	396	133	0.999618
0	466	305	0.99955
1	206	45	0.999801
1	480	122	0.999536
0	185	152	0.999821
0	278	247	0.999731
1	125	48	0.999879
0	466	446	0.999549
0	475	347	0.99954
1	477	118	0.999538
0	458	281	0.999556
1	395	178	0.999617
1	267	98	0.999741
0	471	449	0.999543
0	346	287	0.999664
1	454	124	0.999559
0	387	316	0.999624
1	462	220	0.999551
1	498	174	0.999516
0	148	131	0.999856
1	380	71	0.99963
0	468	456	0.999544
1	353	152	0.999656
0	377	276	0.999632
1	462	198	0.999549
1	213	71	0.999792
1	303	78	0.999704
0	305	210	0.999702
0	179	121	0.999825
0	179	141	0.999825
0	240	154	0.999765
1	393	133	0.999615
0	396	302	0.999612
0	101	75	0.999901
0	307	252	0.999699
0	411	361	0.999597
1	328	131	0.999678
1	329	109	0.999677
1	487	135	0.999521
0	253	181	0.999751
1	425	108	0.999581
0	443	419	0.999563
0	382	241	0.999623
1	310	90	0.999694
1	472	89	0.999534
0	480	458	0.999526
1	422	125	0.999583
0	428	342	0.999577
0	453	368	0.999552
1	321	179	0.999682
0	218	187	0.999784
1	455	140	0.999549
0	350	345	0.999653
0	470	446	0.999534
1	123	24	0.999878
1	417	224	0.999586
1	448	229	0.999555
1	475	260	0.999528
1	476	190	0.999527
1	167	41	0.999834
1	500	125	0.999503
1	188	76	0.999813
0	188	184	0.999813
0	451	380	0.999551
0	237	176	0.999764
1	458	119	0.999544
0	493	332	0.999509
1	499	103	0.999503
1	291	67	0.99971
1	436	179	0.999565
0	457	359	0.999544
0	112	87	0.999888
1	112	27	0.999888
0	141	128	0.999859
0	196	161	0.999804
1	216	53	0.999784
1	241	83	0.999759
0	250	215	0.99975
0	354	341	0.999646
0	489	409	0.999511
1	457	178	0.999542
1	453	252	0.999546
1	401	175	0.999598
1	362	212	0.999637
1	320	84	0.999679
0	227	137	0.999772
1	439	147	0.999559
0	205	137	0.999794
0	419	385	0.999579
0	416	379	0.999582
1	372	110	0.999626
1	172	41	0.999827
0	466	319	0.999531
0	444	302	0.999553
1	117	61	0.999882
0	330	268	0.999667
0	494	445	0.999501
0	494	403	0.999501
1	289	165	0.999708
0	339	265	0.999657
0	237	143	0.99976
0	72	61	0.999927
0	367	228	0.999628
1	405	107	0.999589
1	390	73	0.999604
0	320	303	0.999675
0	439	284	0.999554
1	122	47	0.999876
0	305	224	0.99969
1	243	60	0.999753
0	225	198	0.999771
0	330	217	0.999664
0	442	294	0.99955
1	486	253	0.999505
1	208	92	0.999788
1	469	110	0.999522
0	444	348	0.999547
0	478	344	0.999512
1	274	136	0.99972
1	458	218	0.999532
1	362	197	0.99963
1	496	266	0.999493
1	219	128	0.999776
0	257	236	0.999737
0	467	458	0.999522
1	458	171	0.999531
1	410	78	0.99958
0	405	327	0.999585
1	322	70	0.99967
1	399	215	0.999591
1	318	59	0.999674
1	462	103	0.999526
0	380	294	0.99961
1	226	65	0.999768
1	301	107	0.999691
1	411	141	0.999578
1	218	81	0.999776
1	398	132	0.999591
1	469	187	0.999518
0	357	216	0.999633
0	492	402	0.999494
1	173	44	0.999822
1	449	121	0.999538
0	344	219	0.999646
1	434	200	0.999553
0	467	360	0.999519
1	230	133	0.999763
1	355	68	0.999634
1	257	89	0.999735
1	350	94	0.999639
1	281	101	0.99971
1	124	69	0.999872
0	500	420	0.999484
0	403	256	0.999584
1	149	48	0.999846
1	235	49	0.999757
1	264	115	0.999727
0	264	208	0.999727
0	203	189	0.99979
1	365	160	0.999622
0	363	279	0.999624
1	381	180	0.999605
1	379	173	0.999607
1	433	207	0.999551
0	348	306	0.999639
0	427	275	0.999557
1	447	186	0.999536
0	234	140	0.999757
0	326	313	0.999661
1	399	172	0.999585
1	395	89	0.999589
1	196	98	0.999796
0	462	398	0.999519
0	486	413	0.999494
1	363	193	0.999622
0	256	163	0.999733
0	206	126	0.999785
1	473	149	0.999506
1	291	149	0.999696
1	401	123	0.999581
1	244	55	0.999745
0	66	43	0.999931
1	153	62	0.99984
1	371	210	0.999612
0	216	175	0.999774
1	400	109	0.999581
0	400	247	0.999581
1	271	140	0.999716
1	208	82	0.999782
0	103	76	0.999892
1	347	105	0.999636
0	383	230	0.999598
0	382	241	0.999599
0	180	123	0.999811
1	341	147	0.999642
0	396	345	0.999584
0	316	206	0.999668
1	393	182	0.999587
0	369	333	0.999612
1	406	202	0.999573
0	96	73	0.999899
0	365	327	0.999616
0	480	384	0.999495
1	114	26	0.99988
1	299	114	0.999685
0	355	227	0.999626
1	409	160	0.999569
1	333	159	0.999649
1	240	54	0.999747
1	55	23	0.999942
0	406	332	0.999572
0	326	297	0.999656
1	72	35	0.999924
0	360	274	0.99962
0	251	225	0.999735
1	354	173	0.999626
0	210	208	0.999778
0	207	132	0.999781
1	467	235	0.999506
1	322	185	0.999659
1	390	95	0.999587
0	489	362	0.999482
1	471	267	0.999501
1	298	119	0.999684
1	231	82	0.999755
0	294	202	0.999688
0	343	216	0.999636
0	473	367	0.999498
0	440	378	0.999533
0	129	107	0.999863
0	290	205	0.999692
0	400	358	0.999575
0	271	226	0.999712
1	495	219	0.999474
0	490	344	0.999479
1	466	264	0.999504
1	480	168	0.999489
0	399	384	0.999575
0	168	128	0.999821
0	212	155	0.999774
1	463	102	0.999506
1	178	66	0.99981
1	402	217	0.999571
1	280	146	0.999701
0	132	108	0.999859
0	442	338	0.999528
1	471	135	0.999497
1	363	191	0.999612
0	217	161	0.999768
1	448	226	0.999521
1	158	33	0.999831
0	429	411	0.999541
1	312	143	0.999666
0	469	442	0.999498
1	437	125	0.999532
1	421	215	0.999549
0	350	307	0.999625
0	406	315	0.999565
1	460	256	0.999507
1	236	48	0.999747
1	149	34	0.99984
0	108	88	0.999884
1	108	37	0.999884
0	418	247	0.999551
1	369	153	0.999603
1	355	141	0.999618
1	486	269	0.999477
0	183	122	0.999803
0	104	77	0.999888
1	339	121	0.999635
0	483	292	0.999479
0	227	224	0.999755
1	263	140	0.999716
0	497	439	0.999463
1	321	135	0.999653
1	221	69	0.999761
1	490	279	0.99947
1	489	178	0.999471
0	498	425	0.999461
0	471	401	0.99949
0	286	244	0.99969
1	415	212	0.99955
0	462	285	0.999499
1	458	109	0.999503
1	279	99	0.999697
0	419	357	0.999545
0	453	417	0.999508
1	125	47	0.999864
0	330	326	0.999641
1	193	56	0.99979
1	421	121	0.999542
1	488	192	0.999469
0	369	358	0.999598
0	144	142	0.999843
0	474	322	0.999483
1	428	189	0.999533
1	482	162	0.999474
0	492	415	0.999463
1	488	128	0.999467
1	313	80	0.999658
1	343	124	0.999625
1	375	149	0.99959
1	407	170	0.999555
0	287	170	0.999686
0	458	375	0.999499
0	435	294	0.999524
1	116	52	0.999873
0	412	361	0.999549
0	209	188	0.999771
0	302	198	0.999669
0	458	381	0.999498
1	374	101	0.99959
0	433	255	0.999525
0	225	185	0.999753
1	327	157	0.999641
0	364	317	0.9996
0	413	350	0.999546
1	463	204	0.999491
1	70	18	0.999923
0	468	379	0.999485
1	228	57	0.999749
1	235	99	0.999741
0	441	322	0.999514
0	234	166	0.999742
0	448	278	0.999506
1	213	73	0.999765
1	444	233	0.99951
0	115	113	0.999873
0	226	160	0.99975
1	290	148	0.999679
1	373	167	0.999587
0	371	258	0.999589
1	287	141	0.999682
1	156	88	0.999827
1	191	85	0.999788
1	491	135	0.999455
0	344	264	0.999618
1	262	123	0.999709
1	242	62	0.999731
1	178	69	0.999802
1	320	157	0.999644
1	382	221	0.999575
0	387	288	0.999569
0	394	282	0.999561
1	410	102	0.999543
1	330	147	0.999632
1	190	70	0.999788
1	372	159	0.999585
0	474	427	0.999471
1	388	199	0.999566
0	439	343	0.999508
0	156	102	0.999825
0	82	49	0.999908
0	295	216	0.999669
1	336	77	0.999623
1	500	124	0.999439
1	294	56	0.99967
1	446	164	0.999499
1	105	59	0.999882
0	486	382	0.999454
0	432	298	0.999514
0	432	286	0.999514
0	143	97	0.999839
1	388	119	0.999563
1	450	166	0.999493
0	398	236	0.999551
0	427	355	0.999518
1	442	216	0.999501
0	286	280	0.999677
0	456	338	0.999485
1	440	95	0.999503
1	401	215	0.999547
0	362	336	0.999591
0	406	262	0.999541
0	344	246	0.999611
1	267	83	0.999698
0	190	159	0.999785
0	365	243	0.999587
0	301	205	0.999659
1	248	53	0.999719
1	486	253	0.999449
1	409	143	0.999536
0	319	266	0.999638
0	355	271	0.999597
1	457	190	0.999481
0	346	326	0.999607
1	390	206	0.999557
0	294	200	0.999666
0	471	306	0.999465
0	484	325	0.99945
0	372	285	0.999577
0	444	328	0.999495
0	472	415	0.999463
0	409	371	0.999534
1	356	67	0.999594
0	177	116	0.999798
1	497	197	0.999433
1	430	116	0.999509
0	365	295	0.999583
0	133	126	0.999848
0	483	464	0.999448
0	278	178	0.999682
1	103	59	0.999882
0	356	232	0.999592
1	445	120	0.99949
1	75	28	0.999914
1	478	145	0.999452
0	149	131	0.999829
1	210	120	0.999759
0	108	86	0.999876
0	365	262	0.999581
1	465	172	0.999466
1	94	22	0.999892
1	336	66	0.999614
0	409	376	0.99953
0	368	314	0.999577
1	482	159	0.999446
1	420	170	0.999517
1	226	77	0.99974
0	332	234	0.999618
1	118	34	0.999864
0	85	59	0.999902
0	321	219	0.99963
0	485	308	0.999441
1	379	124	0.999563
0	313	243	0.999639
1	286	151	0.99967
1	201	66	0.999768
0	149	88	0.999828
1	363	73	0.999581
1	233	63	0.999731
1	375	88	0.999567
1	463	228	0.999465
0	371	315	0.999571
0	268	208	0.99969
1	498	281	0.999424
1	438	138	0.999493
0	480	321	0.999444
0	176	149	0.999796
0	377	366	0.999563
0	243	179	0.999718
1	479	123	0.999444
0	277	208	0.999678
0	283	223	0.999671
1	446	222	0.999481
1	433	109	0.999496
1	376	215	0.999562
1	410	194	0.999522
0	470	341	0.999452
1	270	129	0.999685
0	227	198	0.999735
1	382	88	0.999554
0	446	437	0.999479
1	427	180	0.999501
0	498	288	0.999418
0	276	207	0.999677
1	482	241	0.999436
1	498	199	0.999417
0	333	201	0.99961
0	467	273	0.999453
1	441	218	0.999483
0	339	294	0.999602
0	275	176	0.999677
1	315	178	0.99963
1	337	110	0.999604
1	428	233	0.999497
1	245	109	0.999712
0	426	374	0.999499
0	232	195	0.999727
1	147	39	0.999827
1	470	133	0.999447
1	487	239	0.999427
0	141	137	0.999834
1	496	202	0.999416
1	411	226	0.999516
1	245	129	0.999711
0	289	205	0.999659
0	377	220	0.999555
1	282	143	0.999667
0	259	189	0.999694
0	413	399	0.999512
1	484	179	0.999428
1	346	162	0.999591
0	71	49	0.999916
1	273	153	0.999677
0	300	201	0.999645
0	327	199	0.999613
1	200	84	0.999763
0	227	166	0.999731
1	156	53	0.999815
1	198	109	0.999765
0	464	418	0.999449
1	389	78	0.999538
0	260	243	0.999691
0	233	216	0.999723
1	445	150	0.999471
0	495	349	0.999411
0	410	282	0.999512
1	431	125	0.999487
1	288	76	0.999657
0	141	113	0.999832
0	387	250	0.999539
0	439	336	0.999477
1	334	84	0.999602
0	496	361	0.999409
1	318	73	0.999621
1	459	234	0.999453
1	426	97	0.999492
1	478	123	0.99943
0	410	263	0.999511
0	368	300	0.999561
1	191	42	0.999772
0	294	203	0.999649
1	149	54	0.999822
0	421	317	0.999497
0	369	364	0.999559
0	256	168	0.999694
0	445	358	0.999468
1	455	96	0.999456
0	337	308	0.999597
1	444	150	0.999469
1	329	115	0.999606
0	438	249	0.999475
1	206	86	0.999753
1	407	129	0.999512
1	85	40	0.999898
0	120	108	0.999856
0	344	336	0.999587
1	299	67	0.999641
0	358	336	0.99957
0	352	283	0.999577
0	406	303	0.999512
0	406	353	0.999512
1	490	225	0.999411
1	490	165	0.999411
0	469	460	0.999436
0	251	143	0.999698
0	488	435	0.999413
1	191	108	0.99977
1	268	52	0.999677
1	263	84	0.999683
1	209	72	0.999748
0	393	272	0.999526
1	461	135	0.999444
1	378	72	0.999544
1	445	112	0.999463
1	409	228	0.999506
1	201	48	0.999757
1	186	39	0.999775
0	272	173	0.999671
1	413	122	0.9995
0	327	270	0.999604
0	217	205	0.999737
0	335	207	0.999594
0	404	383	0.99951
1	374	107	0.999546
0	395	374	0.99952
0	427	252	0.999481
1	455	250	0.999446
1	500	216	0.999391
0	201	178	0.999755
1	237	70	0.999711
0	406	362	0.999505
1	205	61	0.99975
1	91	50	0.999889
1	222	101	0.999729
1	361	175	0.999559
1	492	237	0.999399
1	130	65	0.999841
1	287	116	0.999649
1	210	67	0.999743
1	201	106	0.999754
1	454	138	0.999444
1	480	161	0.999412
0	310	292	0.99962
1	239	85	0.999707
1	394	174	0.999517
0	212	191	0.99974
0	172	149	0.999789
1	468	250	0.999426
1	123	46	0.999849
0	136	128	0.999833
0	324	191	0.999602
0	201	156	0.999753
0	357	350	0.999561
1	86	30	0.999894
0	461	362	0.999432
0	467	344	0.999424
1	111	26	0.999863
1	346	180	0.999573
0	216	149	0.999733
1	449	128	0.999445
1	415	154	0.999487
0	453	392	0.99944
0	460	446	0.999431
0	408	285	0.999495
1	290	143	0.999641
1	374	87	0.999537
1	415	134	0.999486
1	71	18	0.999912
0	191	135	0.999763
1	473	90	0.999413
0	497	311	0.999383
1	347	137	0.999569
1	479	183	0.999405
0	61	39	0.999924
1	385	101	0.99952
1	181	56	0.999774
0	336	194	0.99958
0	496	280	0.99938
1	235	122	0.999706
0	382	286	0.999522
1	472	113	0.999409
1	317	101	0.999603
0	438	304	0.999451
0	335	272	0.99958
0	413	304	0.999482
0	487	483	0.999389
0	408	303	0.999488
0	262	172	0.999671
1	489	157	0.999386
1	273	114	0.999657
0	347	272	0.999564
0	413	411	0.999481
1	315	139	0.999604
0	424	393	0.999467
0	459	381	0.999423
0	190	161	0.999761
1	496	114	0.999376
0	453	266	0.99943
0	435	371	0.999452
0	265	213	0.999666
1	257	95	0.999676
1	325	136	0.99959
0	424	270	0.999465
1	481	127	0.999393
1	395	157	0.999501
1	250	131	0.999684
0	253	240	0.99968
0	336	266	0.999575
1	472	227	0.999403
0	397	242	0.999497
1	348	176	0.999559
1	355	88	0.99955
0	440	351	0.999442
0	188	144	0.999761
0	465	382	0.999409
1	424	203	0.999461
1	427	95	0.999457
0	294	252	0.999626
1	477	121	0.999393
1	157	76	0.9998
1	372	204	0.999526
0	497	440	0.999366
1	442	191	0.999436
1	195	58	0.999751
1	488	256	0.999377
0	238	166	0.999696
1	397	217	0.999493
1	368	93	0.99953
0	467	326	0.999403
0	128	110	0.999836
0	483	286	0.999381
1	450	143	0.999423
1	269	130	0.999655
1	318	130	0.999592
0	325	260	0.999583
0	470	443	0.999397
1	342	119	0.999561
0	197	154	0.999747
1	482	163	0.999381
0	422	325	0.999458
1	439	213	0.999436
0	473	388	0.999392
0	488	347	0.999372
0	302	217	0.999611
1	457	87	0.999411
1	286	99	0.999631
0	492	336	0.999365
0	485	307	0.999374
1	432	105	0.999442
0	456	284	0.999411
0	442	305	0.999429
1	229	75	0.999704
0	205	118	0.999735
1	498	216	0.999356
0	200	150	0.999741
0	366	280	0.999526
0	366	260	0.999526
0	342	261	0.999557
0	325	209	0.999579
1	470	225	0.999391
0	419	325	0.999457
1	280	67	0.999637
0	425	280	0.999449
0	424	336	0.99945
1	400	131	0.999481
0	356	239	0.999538
0	396	336	0.999486
0	201	174	0.999739
1	402	210	0.999478
1	449	123	0.999417
0	475	350	0.999383
0	391	252	0.999492
0	391	269	0.999492
0	391	291	0.999492
1	229	71	0.999702
0	498	457	0.999352
1	202	95	0.999737
0	192	135	0.99975
1	454	199	0.999409
0	460	377	0.999401
0	430	338	0.99944
1	303	114	0.999605
1	404	135	0.999473
0	229	187	0.999701
0	429	390	0.99944
0	314	189	0.99959
0	255	182	0.999667
0	291	213	0.99962
0	441	312	0.999424
0	418	346	0.999454
0	227	171	0.999703
1	68	24	0.999911
0	262	207	0.999657
0	268	150	0.999649
1	462	234	0.999395
0	264	263	0.999654
0	283	172	0.999629
1	470	241	0.999384
0	254	225	0.999667
0	402	278	0.999473
0	272	172	0.999643
1	259	97	0.99966
1	322	120	0.999577
0	242	145	0.999682
1	414	221	0.999456
1	302	83	0.999603
0	423	353	0.999444
0	378	366	0.999503
0	473	326	0.999378
0	500	338	0.999342
0	208	142	0.999726
0	309	177	0.999593
0	230	227	0.999697
0	85	69	0.999888
0	387	223	0.99949
0	482	376	0.999364
0	353	336	0.999534
0	206	114	0.999728
1	281	148	0.999629
0	384	359	0.999493
1	340	138	0.999551
1	393	105	0.999481
0	396	360	0.999477
1	371	201	0.99951
1	59	26	0.999922
1	448	154	0.999408
1	118	39	0.999844
0	351	261	0.999536
1	347	154	0.999541
1	439	192	0.999419
1	250	59	0.999669
0	417	240	0.999448
0	219	197	0.99971
0	274	264	0.999637
1	147	81	0.999805
0	297	196	0.999606
1	266	82	0.999647
0	113	91	0.99985
0	321	305	0.999574
0	468	323	0.999379
0	446	437	0.999408
0	487	385	0.999353
0	324	271	0.999569
1	427	192	0.999432
1	366	145	0.999513
0	387	294	0.999485
1	399	210	0.999469
1	412	141	0.999451
0	457	284	0.999391
0	291	167	0.999612
1	303	64	0.999596
0	495	423	0.99934
0	263	249	0.999649
0	227	215	0.999697
0	358	264	0.999522
1	497	232	0.999336
1	476	99	0.999364
0	434	412	0.99942
0	403	393	0.999461
1	468	224	0.999374
0	358	265	0.999521
0	201	136	0.999731
1	192	103	0.999743
0	467	354	0.999375
0	418	381	0.99944
0	320	317	0.999571
1	196	69	0.999737
0	272	169	0.999635
0	385	313	0.999483
0	177	124	0.999762
0	104	64	0.99986
0	462	413	0.999378
1	121	48	0.999837
1	268	52	0.999639
1	331	157	0.999554
0	198	186	0.999733
0	206	190	0.999722
0	363	287	0.99951
0	466	288	0.999371
1	254	75	0.999657
1	402	189	0.999457
1	324	111	0.999562
0	472	340	0.999362
1	405	186	0.999452
1	473	91	0.99936
0	453	440	0.999387
1	212	49	0.999713
0	308	266	0.999583
0	327	217	0.999557
1	276	92	0.999626
0	487	377	0.99934
0	439	295	0.999405
1	360	129	0.999512
1	345	84	0.999532
1	283	52	0.999616
0	212	153	0.999712
0	259	256	0.999648
1	376	167	0.999489
1	189	85	0.999743
1	350	163	0.999524
0	374	283	0.999491
0	368	324	0.999499
1	298	66	0.999594
0	474	336	0.999354
0	471	379	0.999358
1	486	208	0.999337
0	455	317	0.999379
0	208	191	0.999716
1	328	82	0.999552
1	380	204	0.999481
1	445	225	0.999392
1	382	183	0.999478
0	394	341	0.999461
1	315	75	0.999569
0	490	410	0.999329
1	308	167	0.999578
0	316	223	0.999567
0	351	292	0.999519
1	213	45	0.999708
1	310	71	0.999575
0	423	353	0.99942
0	339	278	0.999535
0	129	117	0.999823
1	398	140	0.999454
0	416	407	0.999429
0	467	361	0.999359
1	214	63	0.999706
0	345	269	0.999526
1	350	86	0.999519
0	358	356	0.999508
0	481	454	0.999339
0	446	434	0.999387
0	461	401	0.999366
1	302	157	0.999584
0	172	142	0.999763
1	217	114	0.999701
1	474	95	0.999347
1	222	109	0.999694
0	354	312	0.999512
1	316	158	0.999564
0	229	228	0.999684
1	403	200	0.999444
0	366	350	0.999495
0	461	436	0.999364
0	210	196	0.99971
0	391	333	0.99946
0	173	105	0.999761
0	249	154	0.999656
1	322	95	0.999555
1	345	92	0.999523
1	329	119	0.999545
0	342	267	0.999527
0	381	308	0.999473
1	305	121	0.999578
1	258	60	0.999643
0	177	147	0.999755
1	375	173	0.999481
0	328	228	0.999546
0	453	405	0.999373
1	348	116	0.999518
0	176	99	0.999756
0	274	150	0.99962
0	361	201	0.999499
1	422	207	0.999414
1	352	181	0.999511
1	295	143	0.99959
0	164	141	0.999772
1	413	106	0.999426
1	379	133	0.999473
1	307	68	0.999573
1	455	230	0.999367
1	452	234	0.999371
1	418	144	0.999418
1	313	169	0.999564
0	178	175	0.999752
0	330	208	0.99954
0	457	292	0.999363
0	462	377	0.999356
1	284	96	0.999604
1	416	119	0.99942
0	111	61	0.999845
0	169	157	0.999764
0	373	243	0.999479
0	422	324	0.99941
0	472	418	0.99934
1	424	150	0.999407
0	434	262	0.999393
0	105	84	0.999853
0	448	249	0.999373
1	385	155	0.999461
1	267	51	0.999626
0	407	391	0.99943
0	132	131	0.999815
0	440	386	0.999383
0	425	245	0.999404
0	405	246	0.999432
0	405	375	0.999432
1	340	95	0.999523
1	479	151	0.999328
1	225	113	0.999684
1	84	38	0.999882
0	438	263	0.999385
0	425	380	0.999403
0	353	200	0.999504
0	462	410	0.99935
1	439	198	0.999382
0	338	235	0.999524
0	88	77	0.999876
0	384	290	0.999459
0	227	168	0.99968
1	388	114	0.999453
1	434	173	0.999388
0	348	302	0.999509
1	423	81	0.999403
0	335	198	0.999527
0	228	206	0.999678
0	466	309	0.999342
0	363	247	0.999487
0	186	182	0.999737
0	384	383	0.999457
1	433	121	0.999387
0	372	306	0.999473
1	307	80	0.999565
0	242	214	0.999657
0	340	273	0.999518
0	383	310	0.999457
1	462	103	0.999345
1	330	88	0.999532
1	464	201	0.999342
0	105	97	0.999851
0	308	256	0.999563
1	468	157	0.999336
1	237	105	0.999663
0	320	228	0.999545
0	379	289	0.999461
1	443	183	0.99937
0	339	262	0.999517
0	400	380	0.99943
1	169	46	0.999759
1	277	93	0.999605
0	453	333	0.999354
1	422	98	0.999398
0	117	112	0.999833
1	365	154	0.999479
0	414	257	0.999409
0	332	203	0.999526
0	390	234	0.999443
0	207	114	0.999704
0	376	222	0.999462
0	443	289	0.999366
1	273	90	0.999609
1	456	183	0.999347
0	328	257	0.99953
1	325	105	0.999534
1	288	53	0.999587
0	384	247	0.999449
0	446	320	0.99936
0	250	177	0.999641
0	284	228	0.999592
1	263	70	0.999622
0	462	256	0.999336
1	439	212	0.999369
0	402	347	0.999422
1	453	162	0.999348
0	282	226	0.999594
0	84	82	0.999879
0	427	232	0.999385
0	336	200	0.999516
1	290	114	0.999582
1	129	68	0.999814
0	438	387	0.999368
0	250	205	0.999639
0	347	294	0.999499
0	171	95	0.999753
1	216	114	0.999688
1	281	68	0.999594
1	366	125	0.999471
0	312	253	0.999549
0	395	320	0.999429
0	291	221	0.999579
0	413	332	0.999402
0	298	233	0.999568
0	151	87	0.999781
0	102	100	0.999852
0	341	284	0.999505
1	433	145	0.999371
1	433	177	0.999371
1	196	74	0.999715
1	381	113	0.999446
0	244	176	0.999645
0	366	222	0.999467
1	398	81	0.99942
1	439	215	0.99936
1	242	107	0.999647
0	233	147	0.99966
0	271	186	0.999604
1	208	69	0.999696
1	438	158	0.999359
0	399	223	0.999416
0	402	391	0.999411
0	432	389	0.999367
0	352	253	0.999484
0	240	168	0.999648
0	111	101	0.999837
1	408	76	0.999401
1	160	43	0.999765
0	224	126	0.999671
0	113	72	0.999834
0	194	193	0.999715
0	384	367	0.999436
1	448	238	0.999342
1	127	40	0.999813
0	95	58	0.99986
0	152	90	0.999776
1	247	106	0.999636
0	234	186	0.999655
1	392	200	0.999422
1	214	61	0.999684
0	270	245	0.999601
0	400	234	0.999409
1	182	90	0.999731
0	362	321	0.999465
0	257	206	0.99962
0	305	299	0.999549
1	374	158	0.999447
1	275	73	0.999593
0	102	81	0.999849
0	402	281	0.999405
1	333	147	0.999507
0	387	227	0.999427
0	378	356	0.99944
0	411	389	0.999391
0	280	276	0.999585
0	147	136	0.999782
0	385	264	0.999429
0	401	250	0.999405
1	231	70	0.999657
1	328	61	0.999513
1	394	201	0.999415
0	218	130	0.999676
0	327	221	0.999514
1	207	74	0.999692
0	248	159	0.999631
0	372	201	0.999446
0	337	324	0.999498
1	378	168	0.999436
1	390	130	0.999418
0	416	353	0.999379
0	382	334	0.999429
0	210	113	0.999686
1	327	63	0.999511
0	329	259	0.999508
0	448	298	0.99933
0	211	183	0.999684
1	374	119	0.99944
1	243	68	0.999636
0	72	40	0.999892
0	212	148	0.999682
1	325	93	0.999512
0	179	178	0.999731
0	310	210	0.999534
1	421	177	0.999367
1	383	171	0.999424
0	432	316	0.99935
1	428	216	0.999356
0	271	218	0.999592
1	427	118	0.999357
1	415	217	0.999375
1	371	105	0.999441
1	349	125	0.999474
1	191	59	0.999712
0	331	295	0.999501
0	366	227	0.999448
1	352	147	0.999469
1	161	34	0.999757
0	304	192	0.999541
0	133	115	0.999799
0	426	342	0.999356
0	416	398	0.999371
1	197	101	0.999702
1	341	120	0.999484
0	181	138	0.999726
1	405	117	0.999387
0	391	385	0.999408
0	414	402	0.999373
0	421	318	0.999362
0	318	316	0.999518
1	407	84	0.999383
1	300	142	0.999545
1	83	42	0.999874
0	342	198	0.999481
0	314	301	0.999523
1	312	125	0.999526
1	339	99	0.999485
0	165	91	0.999749
0	426	408	0.999352
0	422	369	0.999358
1	295	82	0.999551
1	222	52	0.999662
0	379	330	0.999423
0	402	312	0.999388
1	263	95	0.999599
0	57	36	0.999913
0	348	263	0.999469
1	207	45	0.999684
0	380	274	0.99942
1	317	59	0.999516
1	408	170	0.999377
1	309	152	0.999528
0	326	270	0.999502
0	396	307	0.999395
0	318	205	0.999514
1	390	84	0.999404
0	177	106	0.999729
0	399	357	0.999389
0	229	214	0.999649
1	281	125	0.999569
1	273	91	0.999581
0	411	226	0.999369
1	205	69	0.999685
0	54	47	0.999917
0	104	85	0.99984
0	228	171	0.999649
1	434	93	0.999332
0	268	200	0.999587
1	218	111	0.999664
0	301	257	0.999536
0	225	154	0.999653
0	378	326	0.999417
1	293	107	0.999548
1	269	132	0.999585
0	289	245	0.999554
0	314	228	0.999515
0	407	382	0.999371
0	278	259	0.99957
1	62	29	0.999904
0	332	259	0.999486
0	326	230	0.999495
0	426	344	0.99934
0	431	407	0.999332
0	336	245	0.999479
0	265	206	0.999589
0	274	171	0.999575
1	332	135	0.999485
1	397	181	0.999384
1	76	14	0.999882
0	404	282	0.999373
0	302	229	0.999531
1	352	184	0.999453
1	344	127	0.999465
0	178	122	0.999723
0	367	205	0.999429
1	431	186	0.999329
0	420	399	0.999346
0	208	201	0.999676
1	357	131	0.999444
0	312	177	0.999514
1	396	138	0.999383
1	365	134	0.999431
0	123	111	0.999808
0	364	260	0.999432
0	246	170	0.999616
1	410	135	0.99936
1	146	32	0.999772
0	415	363	0.999352
1	324	167	0.999494
1	128	35	0.9998
0	281	216	0.999561
0	287	257	0.999551
1	131	64	0.999795
1	384	151	0.999399
0	189	109	0.999704
1	148	68	0.999768
0	305	238	0.999522
0	403	217	0.999368
1	385	171	0.999396
1	249	127	0.999609
0	284	189	0.999554
1	247	90	0.999612
0	196	157	0.999692
0	334	179	0.999475
0	110	77	0.999827
1	412	135	0.999352
1	377	76	0.999407
0	370	335	0.999418
0	268	266	0.999578
0	266	171	0.999581
1	377	174	0.999406
0	328	256	0.999483
1	256	51	0.999596
0	366	327	0.999422
0	212	146	0.999665
1	348	137	0.99945
1	384	115	0.999393
0	394	254	0.999377
1	365	145	0.999422
0	274	154	0.999566
1	166	76	0.999737
0	255	185	0.999596
1	152	80	0.999759
0	422	296	0.999331
0	186	144	0.999705
1	336	83	0.999467
0	305	197	0.999516
1	334	116	0.99947
0	335	207	0.999468
0	415	244	0.999341
1	222	110	0.999647
1	222	53	0.999647
0	361	252	0.999426
1	357	78	0.999432
1	277	99	0.999559
0	307	192	0.999511
1	263	137	0.999581
0	310	187	0.999506
1	74	18	0.999882
0	116	65	0.999815
1	419	211	0.999332
0	109	104	0.999826
0	342	328	0.999454
0	273	248	0.999564
0	376	319	0.999399
0	407	292	0.999349
1	251	63	0.999598
1	229	53	0.999633
1	86	33	0.999862
0	412	376	0.999339
1	218	96	0.99965
1	203	104	0.999674
1	301	125	0.999516
1	240	83	0.999614
0	133	89	0.999786
0	156	140	0.999749
0	335	312	0.999461
1	311	140	0.999499
1	170	58	0.999726
0	134	101	0.999784
1	227	58	0.999634
1	93	40	0.99985
1	309	147	0.999501
0	299	267	0.999517
1	255	68	0.999588
1	102	30	0.999835
0	338	281	0.999453
1	155	62	0.999749
1	360	68	0.999417
0	361	293	0.999415
0	198	172	0.999679
0	412	250	0.999332
0	106	70	0.999828
1	388	100	0.99937
0	197	180	0.99968
0	375	274	0.999391
0	72	42	0.999883
1	342	63	0.999444
0	166	106	0.99973
0	145	130	0.999764
1	266	78	0.999567
1	331	153	0.999461
0	412	221	0.999329
0	302	227	0.999508
0	162	152	0.999736
1	406	183	0.999338
0	342	295	0.999442
1	401	208	0.999345
1	284	120	0.999536
0	295	180	0.999518
1	366	111	0.999402
1	159	60	0.99974
0	326	264	0.999467
1	389	86	0.999364
0	55	51	0.99991
1	187	41	0.999694
0	237	134	0.999612
1	394	106	0.999355
1	224	88	0.999633
0	398	374	0.999348
0	368	296	0.999397
1	391	105	0.999359
0	114	93	0.999813
0	279	227	0.999542
0	396	297	0.99935
1	307	97	0.999496
0	73	58	0.99988
1	354	101	0.999418
0	172	130	0.999717
0	181	147	0.999702
1	294	131	0.999516
1	314	153	0.999483
1	207	101	0.999659
1	278	89	0.999542
1	182	78	0.9997
1	282	129	0.999535
0	322	231	0.999469
1	327	111	0.99946
0	316	193	0.999478
0	372	213	0.999385
0	156	149	0.999742
1	344	80	0.999431
0	255	243	0.999578
1	322	136	0.999467
0	366	298	0.999394
0	364	239	0.999397
1	320	73	0.999469
0	153	101	0.999746
1	388	114	0.999356
1	321	75	0.999467
1	277	65	0.99954
0	343	224	0.99943
0	311	171	0.999483
0	267	157	0.999556
0	174	138	0.99971
0	121	107	0.999798
0	330	309	0.999449
1	321	59	0.999464
1	176	83	0.999706
1	364	162	0.999392
1	401	130	0.99933
0	207	147	0.999654
0	374	296	0.999375
0	372	363	0.999378
1	284	61	0.999525
1	355	162	0.999406
1	240	73	0.999598
0	314	184	0.999474
1	198	71	0.999668
0	279	184	0.999532
0	371	260	0.999377
1	254	56	0.999573
1	154	61	0.999741
1	361	154	0.999393
1	383	182	0.999356
1	377	164	0.999366
1	237	83	0.999601
1	190	66	0.99968
0	329	301	0.999446
0	184	121	0.99969
0	346	260	0.999417
1	388	129	0.999346
1	236	109	0.999602
0	208	172	0.999649
1	304	80	0.999487
0	317	293	0.999465
1	305	61	0.999485
0	373	257	0.99937
0	383	297	0.999353
1	358	123	0.999395
0	210	146	0.999645
1	336	89	0.999432
0	233	127	0.999606
1	340	167	0.999425
1	321	108	0.999457
1	182	91	0.999692
0	354	253	0.999401
0	322	258	0.999455
0	369	274	0.999375
1	343	117	0.999419
0	322	265	0.999454
1	227	43	0.999615
0	395	289	0.99933
1	320	164	0.999457
0	228	164	0.999613
1	340	67	0.999423
0	180	140	0.999694
1	204	52	0.999653
0	164	150	0.999721
1	201	67	0.999658
1	335	77	0.99943
1	111	40	0.999811
1	363	85	0.999382
1	145	60	0.999753
1	340	76	0.999421
0	365	302	0.999378
0	210	195	0.999642
1	174	75	0.999703
0	266	253	0.999546
1	368	124	0.999372
1	294	108	0.999498
1	323	92	0.999448
1	392	189	0.99933
1	224	73	0.999617
1	184	72	0.999685
0	357	256	0.999389
1	230	46	0.999606
0	370	202	0.999366
0	304	298	0.999479
0	322	308	0.999448
1	371	158	0.999364
1	134	38	0.99977
0	201	150	0.999655
1	106	44	0.999818
0	226	194	0.999612
1	163	55	0.99972
0	284	155	0.999512
0	271	243	0.999534
0	261	255	0.999551
0	279	164	0.99952
1	258	98	0.999556
0	310	187	0.999466
0	376	298	0.999352
0	384	298	0.999338
0	305	164	0.999474
0	113	103	0.999805
0	186	154	0.999679
1	278	125	0.99952
0	316	202	0.999454
1	266	70	0.99954
1	347	103	0.9994
0	339	212	0.999413
1	297	55	0.999485
1	155	67	0.999731
0	125	119	0.999783
0	330	189	0.999427
0	374	363	0.99935
1	230	62	0.9996
1	257	121	0.999553
0	269	230	0.999532
0	380	256	0.999339
1	131	29	0.999772
1	197	48	0.999657
0	278	173	0.999516
1	66	32	0.999885
0	292	158	0.999491
0	324	201	0.999435
1	294	118	0.999487
0	283	175	0.999506
0	213	163	0.999628
1	265	121	0.999537
0	124	105	0.999783
1	216	74	0.999622
0	284	255	0.999503
1	383	184	0.999329
0	227	162	0.999602
1	216	49	0.999621
0	204	179	0.999642
0	172	90	0.999698
1	285	77	0.999499
0	215	205	0.999622
1	257	121	0.999548
1	79	21	0.999861
0	209	170	0.999632
1	134	56	0.999764
0	168	147	0.999704
1	322	103	0.999432
1	200	98	0.999647
0	285	164	0.999497
1	371	178	0.999345
1	299	97	0.999472
0	368	206	0.99935
0	326	254	0.999423
1	179	55	0.999683
1	118	46	0.999791
0	314	281	0.999444
0	315	303	0.999442
0	132	76	0.999766
1	269	71	0.999523
1	291	60	0.999484
1	231	83	0.99959
1	231	55	0.99959
0	169	101	0.9997
1	81	32	0.999856
0	328	208	0.999417
0	163	162	0.99971
1	339	170	0.999397
1	241	87	0.999571
0	70	58	0.999875
1	357	126	0.999362
0	85	62	0.999848
0	255	162	0.999544
0	347	185	0.999379
0	86	52	0.999846
0	161	130	0.999711
1	322	147	0.999422
0	103	65	0.999815
0	216	199	0.999612
1	199	48	0.999642
0	300	293	0.99946
0	373	243	0.999328
1	268	106	0.999517
1	354	77	0.999362
0	230	182	0.999585
0	210	110	0.999621
0	358	345	0.999354
0	318	220	0.999426
1	334	65	0.999397
1	114	34	0.999794
0	202	162	0.999635
0	328	204	0.999407
0	356	303	0.999356
0	159	114	0.999712
0	323	257	0.999415
0	250	203	0.999547
0	352	200	0.999362
0	65	44	0.999882
1	309	146	0.999438
0	266	218	0.999516
1	178	46	0.999676
1	257	128	0.999532
0	302	271	0.99945
1	358	126	0.999348
1	236	87	0.99957
1	169	66	0.999692
1	360	144	0.999343
1	69	24	0.999874
1	184	64	0.999664
1	312	81	0.999429
1	295	141	0.99946
1	89	28	0.999837
0	243	242	0.999555
0	285	268	0.999478
1	309	140	0.999434
0	357	335	0.999346
1	281	94	0.999485
1	326	112	0.999402
0	301	271	0.999447
0	305	158	0.999439
1	336	154	0.999382
0	195	149	0.999641
1	348	87	0.999358
0	262	150	0.999516
1	211	44	0.99961
0	356	336	0.999342
0	253	252	0.999532
0	167	164	0.999691
1	297	120	0.99945
1	331	91	0.999387
0	210	123	0.999611
1	318	120	0.999411
1	280	113	0.999481
1	103	26	0.999809
0	151	149	0.99972
0	268	206	0.999503
0	243	146	0.999549
1	326	138	0.999395
1	265	122	0.999508
0	177	161	0.999671
1	347	64	0.999355
0	216	205	0.999598
0	327	310	0.999391
0	97	68	0.999819
1	325	116	0.999393
1	266	120	0.999503
1	357	125	0.999333
1	237	58	0.999557
0	356	312	0.999333
1	278	69	0.999479
0	278	146	0.999479
1	341	154	0.99936
1	208	101	0.999609
0	211	165	0.999603
1	128	56	0.999759
1	315	156	0.999407
0	129	79	0.999757
1	155	59	0.999708
0	285	276	0.999463
1	285	88	0.999463
1	105	26	0.999802
1	105	31	0.999802
0	239	212	0.999549
0	291	223	0.99945
0	293	223	0.999446
1	270	98	0.999489
1	234	79	0.999557
0	142	138	0.999731
0	230	119	0.999564
0	288	178	0.999454
0	305	300	0.999421
1	305	127	0.999421
0	244	204	0.999536
1	296	109	0.999437
0	298	295	0.999433
1	350	176	0.999334
0	249	190	0.999526
0	189	108	0.99964
1	263	103	0.999499
1	180	33	0.999657
1	344	98	0.999344
0	346	341	0.99934
0	153	99	0.999708
1	145	39	0.999723
0	293	275	0.99944
1	159	40	0.999696
1	284	64	0.999457
0	160	146	0.999694
0	342	313	0.999346
1	218	108	0.999583
1	266	107	0.999491
1	336	162	0.999357
0	59	55	0.999887
0	331	221	0.999366
1	227	115	0.999565
1	275	58	0.999473
0	330	241	0.999367
0	222	221	0.999574
1	252	118	0.999516
0	266	173	0.999489
0	241	128	0.999537
1	167	46	0.999679
0	169	168	0.999675
0	234	204	0.99955
0	247	235	0.999525
1	209	42	0.999598
1	329	101	0.999366
0	317	304	0.999389
1	263	65	0.999493
0	170	87	0.999672
0	248	187	0.999521
0	223	126	0.999569
1	153	30	0.999704
0	245	237	0.999526
1	109	50	0.999789
0	189	121	0.999634
1	344	63	0.999334
1	332	65	0.999356
0	201	132	0.99961
0	201	119	0.99961
1	168	42	0.999674
1	203	71	0.999606
0	343	331	0.999334
0	249	131	0.999516
1	314	95	0.999389
1	224	67	0.999564
0	134	94	0.999739
1	333	97	0.999351
1	335	85	0.999347
0	240	148	0.999532
1	281	111	0.999452
0	230	143	0.999551
1	271	83	0.999471
1	312	153	0.999391
1	106	38	0.999793
1	298	129	0.999418
0	152	111	0.999703
0	113	86	0.999779
1	329	83	0.999356
0	201	112	0.999606
1	180	74	0.999647
0	301	162	0.999409
1	238	112	0.999532
1	325	79	0.999361
0	311	277	0.999388
1	96	39	0.999811
0	262	183	0.999484
1	167	41	0.999671
0	279	148	0.99945
0	286	239	0.999436
1	254	87	0.999499
0	295	253	0.999418
0	122	100	0.999759
0	246	138	0.999514
1	326	106	0.999356
0	305	285	0.999397
1	314	113	0.999379
0	292	183	0.999422
1	307	88	0.999391
1	199	86	0.999605
0	75	70	0.999851
0	301	172	0.999402
0	307	222	0.99939
0	239	158	0.999525
1	86	16	0.999829
1	323	138	0.999358
0	107	102	0.999787
0	117	85	0.999767
1	167	33	0.999667
0	329	259	0.999344
0	333	280	0.999336
0	250	237	0.999501
0	284	233	0.999433
0	63	36	0.999874
0	82	74	0.999836
0	184	98	0.999632
1	196	67	0.999608
0	252	242	0.999496
0	305	250	0.999389
0	251	217	0.999497
0	188	109	0.999623
1	162	73	0.999675
0	288	275	0.999422
1	155	62	0.999688
0	265	227	0.999466
0	264	202	0.999466
1	146	33	0.999704
1	215	67	0.999564
1	299	109	0.999393
0	285	163	0.999421
0	328	300	0.999333
1	175	53	0.999644
0	308	284	0.999373
0	135	103	0.999725
1	289	137	0.999411
0	76	72	0.999845
0	255	214	0.99948
0	289	244	0.99941
0	165	146	0.999663
0	227	156	0.999536
0	293	154	0.999401
0	200	128	0.999591
0	268	177	0.999452
0	245	142	0.999499
0	127	89	0.99974
0	142	103	0.999709
1	279	75	0.999428
0	288	282	0.999409
1	248	121	0.999491
0	283	278	0.999419
0	148	145	0.999696
0	314	284	0.999355
1	142	44	0.999708
0	69	47	0.999858
0	310	250	0.999362
1	312	69	0.999357
1	294	90	0.999394
0	227	216	0.999532
0	177	146	0.999635
0	123	110	0.999746
0	279	232	0.999424
0	178	163	0.999632
1	217	83	0.999551
1	260	74	0.999462
1	127	25	0.999737
1	224	110	0.999536
0	248	207	0.999486
0	136	94	0.999718
1	267	84	0.999446
0	172	138	0.999643
0	273	223	0.999432
0	295	236	0.999386
1	282	109	0.999413
1	318	150	0.999338
0	255	207	0.999469
0	204	140	0.999575
1	318	93	0.999337
1	288	102	0.999399
0	99	58	0.999793
0	254	207	0.999469
0	309	239	0.999354
0	214	204	0.999552
0	157	104	0.999671
1	156	45	0.999673
0	165	113	0.999654
0	153	149	0.999679
1	317	126	0.999335
0	142	109	0.999702
0	200	110	0.99958
1	227	91	0.999523
0	302	285	0.999365
1	262	115	0.999449
1	296	125	0.999377
1	160	65	0.999663
0	206	202	0.999566
1	246	73	0.999481
0	245	227	0.999483
0	235	219	0.999503
1	69	16	0.999854
0	316	279	0.999331
1	297	125	0.999371
0	67	64	0.999858
0	112	94	0.999762
0	279	201	0.999407
0	202	125	0.99957
0	153	120	0.999674
0	153	90	0.999674
1	314	106	0.999331
0	280	180	0.999403
0	232	135	0.999505
1	58	26	0.999876
0	145	78	0.99969
0	229	214	0.99951
0	142	111	0.999696
1	120	46	0.999743
0	305	215	0.999347
0	223	140	0.999522
1	131	41	0.999719
0	304	160	0.999348
0	230	155	0.999506
0	270	146	0.99942
0	134	132	0.999712
1	267	62	0.999426
1	106	44	0.999772
0	243	147	0.999477
1	295	56	0.999365
0	52	30	0.999888
1	215	85	0.999537
0	240	191	0.999483
1	274	99	0.999409
0	138	135	0.999702
0	138	81	0.999702
1	277	117	0.999402
1	50	20	0.999892
0	131	82	0.999717
0	288	246	0.999378
1	231	67	0.999501
1	211	92	0.999544
0	217	200	0.999531
1	289	107	0.999375
0	110	84	0.999762
0	268	136	0.99942
0	237	183	0.999487
0	121	91	0.999738
1	151	58	0.999673
0	230	161	0.999502
1	159	60	0.999655
0	270	196	0.999413
0	113	112	0.999754
0	295	221	0.999357
1	237	63	0.999483
0	224	113	0.999511
1	185	79	0.999596
1	280	72	0.999388
0	182	110	0.999602
0	121	93	0.999735
0	301	224	0.999341
1	234	48	0.999487
1	249	65	0.999454
1	240	48	0.999473
1	61	18	0.999866
0	250	128	0.999451
1	296	140	0.99935
0	127	82	0.999721
1	167	43	0.999633
1	243	84	0.999466
0	285	215	0.999373
0	300	185	0.99934
1	279	55	0.999386
1	144	61	0.999683
1	296	129	0.999348
1	150	34	0.999669
1	251	116	0.999446
0	186	118	0.999589
1	276	89	0.99939
0	246	164	0.999456
1	108	36	0.999761
0	200	117	0.999557
0	102	97	0.999774
0	223	166	0.999505
1	122	29	0.999729
0	262	261	0.999418
1	266	106	0.999409
0	205	165	0.999544
1	226	83	0.999497
1	159	41	0.999646
0	181	112	0.999597
0	105	57	0.999766
1	201	45	0.999552
1	240	60	0.999465
0	187	100	0.999583
0	260	195	0.99942
1	261	76	0.999417
0	136	111	0.999696
1	275	136	0.999385
1	227	80	0.999492
0	259	142	0.99942
1	268	119	0.999399
1	217	64	0.999513
0	162	92	0.999636
0	250	219	0.999438
1	269	76	0.999394
1	142	42	0.99968
0	288	165	0.999351
1	141	70	0.999682
1	125	56	0.999718
1	270	128	0.999391
1	238	79	0.999463
0	252	171	0.999431
0	135	84	0.999695
1	122	59	0.999724
0	152	135	0.999656
1	170	62	0.999615
1	242	81	0.999452
1	64	22	0.999855
0	52	26	0.999882
0	160	89	0.999637
1	216	87	0.99951
0	262	226	0.999405
0	121	95	0.999725
0	95	93	0.999784
0	222	191	0.999495
1	156	68	0.999645
0	283	182	0.999356
0	253	222	0.999424
0	183	138	0.999583
0	179	130	0.999592
0	185	168	0.999578
0	163	83	0.999628
0	184	141	0.99958
0	113	60	0.999742
1	253	73	0.999422
0	255	195	0.999417
0	223	184	0.99949
1	257	77	0.999412
0	288	268	0.999341
0	55	31	0.999874
0	148	91	0.999661
0	244	151	0.999439
1	210	80	0.999517
0	196	119	0.999549
1	186	40	0.999572
0	176	146	0.999595
0	236	192	0.999457
0	288	246	0.999336
0	120	77	0.999723
0	236	143	0.999454
1	105	26	0.999757
0	156	86	0.999639
1	191	43	0.999558
1	248	86	0.999426
0	285	235	0.99934
0	96	64	0.999777
0	117	89	0.999728
1	117	50	0.999728
1	240	115	0.999441
0	249	246	0.99942
1	184	44	0.999571
1	205	94	0.999522
1	176	46	0.999589
0	146	115	0.999659
1	95	29	0.999778
0	139	90	0.999675
0	245	235	0.999427
0	128	94	0.9997
0	280	245	0.999343
0	236	174	0.999446
0	214	108	0.999497
1	244	62	0.999426
0	235	189	0.999447
0	130	120	0.999694
0	203	185	0.999522
1	152	44	0.999642
0	137	74	0.999677
0	280	150	0.99934
0	92	61	0.999783
1	215	103	0.999493
0	222	153	0.999476
0	241	232	0.999431
0	140	120	0.999669
0	282	181	0.999333
0	162	97	0.999616
1	86	24	0.999796
0	274	239	0.99935
1	182	53	0.999568
0	156	146	0.999629
0	246	209	0.999415
1	193	59	0.99954
0	274	260	0.999347
0	164	118	0.999609
1	230	98	0.999451
0	72	42	0.999828
1	250	83	0.999403
0	105	100	0.999749
1	232	78	0.999444
0	254	220	0.999391
1	245	50	0.999412
0	252	178	0.999395
1	117	35	0.999719
0	221	145	0.999469
0	230	116	0.999447
1	210	51	0.999495
0	114	59	0.999725
0	203	192	0.99951
1	65	26	0.999843
0	266	240	0.999357
0	260	253	0.999371
1	114	47	0.999724
1	152	49	0.999632
0	212	160	0.999486
1	167	65	0.999595
1	194	71	0.999529
1	222	92	0.999461
1	266	91	0.999353
1	156	48	0.99962
1	263	55	0.999358
0	262	185	0.99936
1	240	65	0.999413
0	134	100	0.999672
0	246	144	0.999398
0	203	120	0.999503
1	109	35	0.999733
0	185	130	0.999546
0	222	194	0.999455
0	57	35	0.99986
0	179	124	0.99956
1	151	61	0.999628
1	136	30	0.999664
0	178	111	0.99956
0	233	137	0.999424
0	152	87	0.999624
0	212	143	0.999475
0	256	226	0.999366
0	197	172	0.999512
0	261	193	0.999353
0	227	131	0.999437
1	181	34	0.99955
0	247	191	0.999386
0	140	122	0.999651
0	200	189	0.999501
1	206	92	0.999486
1	224	96	0.999441
1	234	111	0.999416
1	256	117	0.999361
1	163	58	0.999593
1	225	106	0.999438
1	229	84	0.999428
0	84	58	0.99979
0	237	122	0.999407
0	190	138	0.999524
0	233	131	0.999416
0	252	193	0.999368
0	167	125	0.999581
1	255	88	0.999359
0	249	179	0.999374
1	126	58	0.999683
0	216	205	0.999456
0	262	208	0.99934
0	98	68	0.999753
1	113	49	0.999715
0	149	88	0.999624
0	80	57	0.999798
0	76	57	0.999808
1	247	95	0.999376
1	127	43	0.999679
0	203	149	0.999487
1	227	97	0.999426
0	230	205	0.999418
0	216	166	0.999452
0	132	86	0.999665
1	88	30	0.999776
0	242	239	0.999384
0	236	134	0.999399
1	133	38	0.999661
0	235	172	0.999401
0	193	127	0.999508
1	123	38	0.999686
0	236	214	0.999397
0	247	226	0.999368
0	202	158	0.999483
0	182	166	0.999534
1	123	50	0.999685
1	210	54	0.999462
1	258	66	0.999339
0	216	211	0.999445
0	243	193	0.999375
1	185	43	0.999524
0	164	154	0.999578
0	80	61	0.999794
0	212	183	0.999454
1	118	25	0.999696
1	192	49	0.999505
1	136	34	0.999649
0	220	218	0.999432
0	233	159	0.999398
1	224	79	0.999421
0	236	135	0.99939
0	249	225	0.999356
1	73	15	0.999811
0	225	189	0.999417
0	234	183	0.999393
1	215	91	0.999442
0	139	109	0.999639
1	82	39	0.999787
0	226	164	0.999413
0	235	138	0.999389
0	236	210	0.999386
1	161	72	0.999581
0	215	154	0.99944
0	200	173	0.999479
0	145	135	0.999622
0	136	121	0.999645
1	90	39	0.999765
0	252	203	0.999342
0	235	148	0.999385
1	199	73	0.999479
1	174	75	0.999544
0	143	126	0.999625
0	182	168	0.999522
1	247	63	0.999348
0	103	65	0.999728
0	78	60	0.999794
0	217	178	0.999427
0	243	193	0.999358
0	231	152	0.999389
0	178	109	0.999529
1	196	63	0.999481
0	206	171	0.999454
0	187	180	0.999504
0	110	95	0.999708
0	165	147	0.999562
0	183	123	0.999514
0	198	185	0.999474
1	129	54	0.999657
1	50	14	0.999867
0	168	151	0.999553
0	145	125	0.999614
0	238	128	0.999366
0	227	188	0.999395
0	57	31	0.999848
0	105	83	0.99972
0	138	91	0.999632
1	195	77	0.999479
0	126	111	0.999663
0	89	44	0.999761
0	215	193	0.999422
0	87	76	0.999766
0	209	141	0.999438
1	230	43	0.999381
1	200	60	0.99946
0	244	162	0.999341
0	187	163	0.999494
0	143	119	0.999613
1	90	36	0.999756
0	104	95	0.999718
1	202	83	0.999452
1	81	31	0.99978
1	57	23	0.999845
0	178	167	0.999516
0	178	165	0.999516
0	75	57	0.999796
0	118	68	0.999679
0	183	160	0.999501
1	239	64	0.999348
0	85	49	0.999768
1	245	92	0.99933
1	144	33	0.999606
1	123	42	0.999663
0	123	61	0.999663
0	181	126	0.999504
0	167	126	0.999542
1	102	47	0.99972
0	184	168	0.999494
1	61	14	0.999832
1	241	46	0.999336
0	134	70	0.99963
0	159	151	0.999561
0	241	167	0.999334
0	132	81	0.999634
0	198	162	0.999451
0	106	55	0.999706
0	228	114	0.999367
0	197	97	0.999453
1	185	52	0.999486
0	173	106	0.999519
0	81	40	0.999774
0	226	183	0.999369
0	140	80	0.999609
0	203	132	0.999433
0	54	51	0.999849
0	215	160	0.999399
1	240	107	0.999329
0	159	82	0.999555
0	173	157	0.999515
0	82	45	0.99977
1	200	69	0.999439
1	155	70	0.999565
0	104	53	0.999708
1	105	25	0.999705
1	213	100	0.999401
1	172	68	0.999516
0	140	99	0.999606
1	231	98	0.99935
0	231	230	0.99935
0	135	97	0.99962
1	99	20	0.999721
1	144	63	0.999594
0	190	119	0.999464
0	198	153	0.999441
1	222	98	0.999373
0	194	123	0.999452
0	169	130	0.999522
1	221	53	0.999375
0	129	122	0.999635
0	127	90	0.99964
1	231	83	0.999345
1	173	41	0.999509
0	168	99	0.999523
1	100	29	0.999716
1	225	93	0.999361
0	115	80	0.999673
1	174	65	0.999505
0	134	85	0.999618
1	74	18	0.999789
1	183	37	0.999478
0	77	60	0.99978
0	168	141	0.99952
0	210	161	0.9994
1	170	82	0.999514
0	89	60	0.999745
1	126	55	0.999639
1	115	36	0.99967
1	194	47	0.999443
0	179	147	0.999486
0	110	59	0.999684
0	219	121	0.999371
0	56	32	0.999839
0	81	72	0.999767
0	228	136	0.999344
0	156	155	0.999551
1	173	71	0.999502
0	151	137	0.999565
1	73	19	0.999789
0	185	95	0.999465
0	57	40	0.999835
1	226	85	0.999346
1	154	55	0.999554
0	195	156	0.999435
1	219	103	0.999365
0	174	114	0.999495
0	201	194	0.999416
0	202	189	0.999413
0	220	160	0.99936
0	132	96	0.999615
1	127	53	0.999629
0	128	85	0.999626
0	91	74	0.999734
0	53	35	0.999845
1	229	51	0.99933
0	150	105	0.999561
0	181	154	0.99947
0	222	114	0.99935
0	87	45	0.999745
1	59	28	0.999827
0	135	92	0.999604
1	150	37	0.99956
0	172	115	0.999495
0	222	177	0.999348
1	67	26	0.999803
0	217	215	0.999362
0	174	166	0.999488
0	129	74	0.99962
1	220	90	0.999352
0	206	135	0.999393
1	133	54	0.999607
1	178	58	0.999474
0	97	58	0.999713
1	200	64	0.999407
0	207	200	0.999385
0	156	84	0.999536
0	167	139	0.999503
0	128	78	0.999619
0	87	81	0.999741
0	217	154	0.999354
1	104	31	0.99969
0	210	129	0.999374
1	196	54	0.999415
1	194	50	0.99942
1	79	18	0.999763
0	214	192	0.999357
1	196	68	0.999411
1	181	57	0.999456
0	194	154	0.999416
0	175	156	0.999473
0	64	60	0.999807
0	179	115	0.99946
1	180	73	0.999455
1	218	94	0.99934
0	149	100	0.999548
0	159	83	0.999515
0	134	123	0.999591
1	130	36	0.999603
1	104	36	0.999682
0	168	100	0.999485
0	214	146	0.999344
1	59	21	0.999819
0	73	70	0.999776
0	141	140	0.999567
1	210	92	0.999355
0	104	85	0.99968
1	142	52	0.999563
0	175	110	0.999461
1	146	66	0.99955
0	72	55	0.999778
0	165	107	0.999491
0	186	160	0.999426
1	126	39	0.999611
0	196	174	0.999395
1	161	43	0.999502
1	125	30	0.999613
0	123	117	0.999619
1	215	50	0.999334
0	120	96	0.999628
1	130	40	0.999597
0	168	138	0.999479
0	127	120	0.999606
1	216	84	0.99933
0	150	114	0.999534
1	207	70	0.999357
0	138	89	0.999571
0	119	102	0.99963
0	139	134	0.999567
1	147	34	0.999542
1	199	80	0.99938
1	179	71	0.999442
1	144	68	0.999551
1	83	24	0.999741
0	115	99	0.999641
0	212	170	0.999338
0	170	154	0.999469
0	134	68	0.999581
0	126	107	0.999606
0	91	72	0.999715
0	144	138	0.999549
0	163	126	0.999489
0	200	98	0.999373
1	138	61	0.999567
0	101	57	0.999683
0	57	55	0.999821
0	174	173	0.999452
0	165	101	0.99948
1	112	37	0.999646
0	185	91	0.999415
0	184	97	0.999418
1	188	45	0.999405
0	186	106	0.999411
0	135	65	0.999571
1	195	91	0.99938
0	80	75	0.999745
0	209	119	0.999334
0	189	173	0.999396
0	184	102	0.999411
1	93	37	0.999702
1	132	60	0.999577
0	135	131	0.999567
0	191	146	0.999387
0	109	68	0.99965
0	179	131	0.999425
1	164	49	0.999473
1	164	61	0.999473
1	113	48	0.999636
1	120	52	0.999613
1	127	56	0.99959
0	185	117	0.999402
1	189	46	0.999389
0	189	125	0.999388
0	64	51	0.999792
1	100	37	0.999675
1	169	45	0.99945
0	94	71	0.999694
0	129	113	0.99958
1	148	33	0.999518
0	59	43	0.999807
0	103	56	0.999662
0	163	81	0.999464
0	199	122	0.999345
1	119	34	0.999608
1	74	20	0.999756
0	171	129	0.999436
0	90	49	0.999703
1	120	55	0.999604
0	126	117	0.999584
1	175	83	0.999422
1	118	32	0.999609
0	57	50	0.999811
0	158	125	0.999476
1	161	59	0.999465
0	134	84	0.999554
0	140	136	0.999534
1	120	49	0.9996
0	168	113	0.99944
0	136	126	0.999546
0	182	129	0.999392
1	199	67	0.999335
0	99	65	0.999669
1	101	32	0.999662
1	163	48	0.999453
0	115	92	0.999614
0	154	133	0.999482
1	145	42	0.999512
0	68	40	0.999771
1	118	26	0.999602
0	101	66	0.999659
0	123	119	0.999584
0	80	53	0.999729
0	129	108	0.999563
0	69	40	0.999766
0	119	97	0.999596
1	63	20	0.999786
0	78	55	0.999735
1	143	47	0.999514
0	70	69	0.999762
0	178	86	0.999395
1	196	78	0.999333
1	141	41	0.99952
0	126	62	0.999571
0	188	114	0.99936
0	69	40	0.999765
0	167	145	0.999431
0	176	92	0.9994
1	99	23	0.999662
0	145	101	0.999505
1	159	74	0.999456
0	90	86	0.999692
0	52	46	0.999822
0	97	88	0.999668
0	59	37	0.999798
1	162	56	0.999445
0	114	82	0.999609
0	105	92	0.999639
0	177	151	0.999391
1	138	56	0.999525
0	188	139	0.999353
0	149	111	0.999487
0	187	134	0.999356
0	166	107	0.999428
1	188	71	0.999352
0	143	78	0.999505
1	187	71	0.99935
0	151	147	0.999475
0	119	65	0.999586
0	145	69	0.999495
1	120	44	0.999581
0	134	100	0.999532
0	148	82	0.999483
1	183	85	0.99936
1	70	16	0.999755
1	162	44	0.999433
1	181	42	0.999366
0	136	111	0.999523
0	66	61	0.999768
0	173	171	0.999391
1	159	33	0.99944
0	91	65	0.999679
1	147	62	0.999481
0	160	124	0.999435
1	139	36	0.999508
0	178	132	0.99937
0	114	111	0.999596
0	185	149	0.999344
1	95	22	0.999663
0	100	52	0.999645
0	156	152	0.999445
1	168	58	0.999402
0	140	127	0.999501
1	56	11	0.9998
1	133	36	0.999525
0	129	111	0.999539
1	170	68	0.999391
0	92	61	0.999669
0	97	55	0.999651
1	135	28	0.999513
0	90	45	0.999675
1	167	63	0.999396
0	63	54	0.999772
0	92	62	0.999667
0	132	95	0.999522
0	53	39	0.999808
0	80	57	0.99971
0	136	83	0.999507
1	146	34	0.99947
1	85	21	0.999691
0	115	100	0.99958
1	128	28	0.999532
0	73	52	0.999733
0	154	80	0.999436
1	134	49	0.999509
0	108	67	0.999604
0	109	75	0.9996
0	79	68	0.99971
0	65	59	0.999761
0	96	94	0.999647
1	181	59	0.999334
0	67	51	0.999753
1	137	57	0.999495
0	173	86	0.999362
0	167	89	0.999383
1	56	26	0.999793
0	76	43	0.999719
0	132	67	0.999512
0	168	148	0.999377
1	124	38	0.99954
0	173	159	0.999358
0	146	73	0.999458
0	89	65	0.999669
0	122	87	0.999546
0	164	80	0.999387
1	62	14	0.999768
0	152	130	0.999431
1	102	46	0.999618
0	147	117	0.999449
1	111	48	0.999583
0	149	118	0.99944
0	163	88	0.999385
0	101	83	0.999618
0	100	55	0.99962
1	146	38	0.999445
0	126	74	0.99952
0	172	128	0.999344
0	174	164	0.999336
1	160	56	0.999389
0	78	66	0.999702
0	154	132	0.999411
0	75	68	0.999713
0	127	90	0.999514
1	105	44	0.999598
1	140	64	0.999463
0	174	159	0.999332
0	157	132	0.999397
0	133	121	0.999489
1	134	33	0.999485
1	126	38	0.999515
1	156	46	0.999399
1	103	30	0.999603
0	150	75	0.999421
0	138	74	0.999467
0	164	83	0.999366
0	162	87	0.999373
0	54	43	0.99979
0	134	105	0.999479
0	134	74	0.999477
0	64	45	0.99975
0	118	84	0.999538
1	171	61	0.99933
0	126	70	0.999506
1	156	33	0.999388
0	153	79	0.999399
0	57	38	0.999776
0	99	58	0.999611
0	122	73	0.99952
1	62	14	0.999756
1	98	34	0.999614
0	136	75	0.999464
0	140	117	0.999448
0	89	73	0.999649
0	155	77	0.999388
0	161	116	0.999364
1	76	16	0.999699
0	57	39	0.999774
0	147	143	0.999417
0	149	94	0.999409
0	64	50	0.999745
0	124	80	0.999506
0	68	64	0.999729
0	149	102	0.999405
0	58	56	0.999768
0	58	56	0.999768
0	63	36	0.999748
0	74	39	0.999704
1	76	34	0.999696
0	101	50	0.999596
0	152	123	0.999391
1	150	40	0.999399
0	82	50	0.999671
0	119	80	0.999522
1	102	21	0.99959
0	96	92	0.999614
1	126	47	0.999493
0	142	135	0.999428
0	111	110	0.999552
0	107	100	0.999567
0	82	71	0.999668
1	93	23	0.999622
1	143	58	0.999418
0	53	41	0.999784
0	158	118	0.999356
0	58	43	0.999763
0	91	79	0.999628
0	163	99	0.999332
1	88	17	0.999639
1	113	33	0.999536
0	145	84	0.999404
0	53	28	0.999782
1	130	24	0.999463
0	126	61	0.999479
1	73	17	0.999698
0	94	62	0.99961
0	132	103	0.999451
1	146	59	0.999392
0	74	59	0.999691
0	110	84	0.99954
0	145	140	0.999393
0	144	120	0.999397
0	152	88	0.999362
1	64	26	0.999731
0	143	118	0.999399
0	138	136	0.99942
1	81	17	0.999659
0	129	101	0.999457
0	142	94	0.999402
1	93	35	0.999608
0	58	54	0.999755
0	110	88	0.999535
0	87	43	0.999632
0	119	59	0.999496
0	153	114	0.999352
1	151	47	0.99936
0	66	61	0.999719
0	134	99	0.999429
0	110	88	0.999531
0	68	41	0.99971
1	140	47	0.999403
0	66	42	0.999718
0	115	92	0.999508
0	139	74	0.999405
0	95	76	0.999592
0	132	106	0.999433
0	141	92	0.999394
0	105	65	0.999547
0	94	76	0.999594
0	154	115	0.999334
1	137	30	0.999406
1	145	43	0.999371
1	130	52	0.999436
1	129	40	0.99944
0	61	52	0.999735
0	137	111	0.999405
0	124	96	0.999461
0	77	74	0.999665
0	73	61	0.999682
0	73	38	0.999682
0	111	84	0.999516
1	133	36	0.99942
1	146	66	0.999363
1	137	64	0.999401
1	126	50	0.999448
0	143	70	0.999372
1	86	34	0.999622
0	143	101	0.999371
1	94	41	0.999586
1	126	48	0.999445
0	120	100	0.999471
1	107	24	0.999528
1	144	33	0.999364
0	50	47	0.999779
0	93	55	0.999589
0	64	41	0.999717
0	134	107	0.999407
0	118	87	0.999477
1	148	56	0.999344
0	136	66	0.999397
0	126	71	0.999441
0	138	88	0.999386
0	53	31	0.999764
1	117	32	0.999479
1	110	43	0.99951
0	82	81	0.999634
0	124	88	0.999446
0	68	40	0.999695
0	138	95	0.999381
1	141	43	0.999366
1	64	14	0.999712
1	131	55	0.99941
0	78	50	0.999648
0	123	106	0.999445
1	113	37	0.999489
0	145	105	0.999344
0	72	62	0.999674
1	70	18	0.999683
1	137	48	0.999379
0	97	92	0.99956
0	134	68	0.999391
0	118	81	0.999463
1	72	23	0.999672
0	122	59	0.999444
0	140	110	0.999361
0	83	75	0.999621
1	51	12	0.999767
0	113	68	0.999482
1	64	19	0.999706
1	138	47	0.999366
1	131	41	0.999398
0	72	67	0.999669
1	128	49	0.999411
1	90	39	0.999585
1	119	26	0.999451
1	68	29	0.999686
1	124	43	0.999427
0	106	101	0.99951
0	141	94	0.999347
1	74	14	0.999657
0	129	99	0.999402
0	81	80	0.999624
0	124	80	0.999424
1	125	25	0.999417
0	117	104	0.999453
0	130	70	0.999392
1	53	18	0.999752
1	97	32	0.999546
1	80	27	0.999625
0	121	92	0.999432
0	141	103	0.999334
0	99	82	0.999532
0	123	81	0.999416
1	69	13	0.999672
1	104	40	0.999505
1	62	22	0.999704
1	107	43	0.999489
1	118	45	0.999436
1	127	40	0.999393
0	64	51	0.999694
1	111	24	0.999469
1	129	27	0.999382
1	63	16	0.999698
1	111	50	0.999468
0	61	52	0.999707
0	107	85	0.999484
1	123	33	0.999406
1	92	29	0.999555
0	107	67	0.999482
1	137	44	0.999336
1	105	42	0.999491
1	105	22	0.999489
1	136	26	0.999338
1	128	44	0.999376
0	97	51	0.999527
0	132	116	0.999355
1	115	47	0.999438
0	84	55	0.999589
0	128	78	0.999372
0	74	55	0.999636
0	75	42	0.999631
1	133	29	0.999344
1	106	24	0.999477
0	136	78	0.999328
0	109	68	0.99946
0	131	76	0.999349
0	71	67	0.999647
0	104	55	0.999481
0	60	49	0.9997
1	126	30	0.999368
0	101	51	0.999493
0	90	89	0.999548
1	72	24	0.999638
0	60	34	0.999698
1	109	45	0.999451
0	108	56	0.999456
0	96	50	0.999516
0	91	47	0.999541
0	113	79	0.99943
0	82	41	0.999586
0	128	125	0.999353
0	105	75	0.999469
0	120	115	0.999393
1	77	32	0.99961
0	85	48	0.999568
0	91	77	0.999536
0	106	97	0.999459
1	112	28	0.999428
0	72	46	0.999632
0	125	123	0.999356
0	63	54	0.999675
1	75	23	0.999613
0	113	96	0.999417
1	112	44	0.999422
0	72	61	0.999628
0	70	59	0.999638
0	107	89	0.999444
1	86	27	0.999553
0	110	102	0.999426
0	119	93	0.999378
0	72	46	0.999623
0	108	94	0.999431
1	55	25	0.99971
1	89	35	0.99953
0	90	51	0.999522
0	51	43	0.999729
0	77	56	0.99959
0	117	92	0.999377
0	61	33	0.999675
0	109	67	0.999418
0	66	37	0.999647
1	83	21	0.999556
1	82	29	0.999561
0	104	90	0.999443
0	80	78	0.999571
0	108	85	0.99942
0	83	40	0.999554
1	119	27	0.99936
0	91	61	0.99951
0	119	76	0.999359
0	90	60	0.999515
0	96	70	0.999482
0	106	62	0.999428
0	111	104	0.999401
1	116	30	0.999371
1	101	39	0.999452
0	108	88	0.999412
0	114	102	0.999379
1	84	35	0.999542
0	68	53	0.999629
0	70	45	0.999618
0	89	54	0.999514
0	78	39	0.999574
0	75	64	0.99959
0	75	38	0.99959
0	62	46	0.999661
0	109	95	0.999401
0	64	37	0.999647
1	99	22	0.999454
0	58	49	0.99968
1	110	21	0.999393
0	67	38	0.99963
0	107	93	0.999409
0	112	93	0.999379
0	64	30	0.999645
1	120	43	0.999334
0	77	58	0.999572
1	105	25	0.999416
0	68	34	0.99962
1	110	38	0.999385
0	113	80	0.999368
1	119	29	0.999333
0	110	59	0.999383
0	82	69	0.999538
0	94	80	0.99947
0	57	40	0.999677
1	118	32	0.99933
0	94	73	0.999466
1	83	32	0.999528
1	116	27	0.99934
0	103	63	0.999412
1	97	32	0.999445
1	107	43	0.999387
1	93	26	0.999467
0	94	92	0.999459
0	94	55	0.999459
1	80	24	0.999538
0	72	46	0.999583
1	95	22	0.999449
0	53	45	0.999692
0	67	40	0.99961
0	85	49	0.999503
0	86	49	0.999497
1	107	34	0.999372
0	56	30	0.999671
1	85	39	0.999499
0	97	83	0.999428
0	79	63	0.999534
0	102	93	0.999398
0	90	87	0.999468
0	91	86	0.999462
1	94	20	0.999444
0	61	36	0.999639
0	90	48	0.999467
1	89	26	0.999472
1	95	21	0.999436
1	72	26	0.999571
0	90	71	0.999463
0	73	48	0.999564
1	91	23	0.999456
0	100	85	0.999401
0	104	50	0.999377
1	68	28	0.999592
0	79	40	0.999526
1	99	35	0.999406
1	93	20	0.99944
0	99	65	0.999403
1	98	36	0.999409
0	87	43	0.999475
0	107	76	0.999354
1	89	17	0.99946
0	76	64	0.999538
1	90	25	0.999452
0	101	66	0.999385
1	86	35	0.999473
1	85	17	0.999477
0	98	68	0.999397
0	82	39	0.999492
0	106	86	0.999343
1	60	15	0.999628
0	53	42	0.999671
1	104	43	0.999353
1	79	25	0.999508
0	104	52	0.99935
0	65	38	0.999593
0	101	60	0.999365
1	106	43	0.999332
0	99	98	0.999376
1	88	39	0.999445
0	71	60	0.99955
0	89	75	0.999434
0	60	52	0.999617
0	71	70	0.999546
0	63	49	0.999596
0	102	53	0.999346
0	90	68	0.999422
1	66	30	0.999575
0	83	55	0.999464
0	97	94	0.99937
0	55	53	0.999641
1	70	16	0.999542
0	68	52	0.999555
0	81	41	0.999469
0	59	41	0.999612
0	75	47	0.999506
0	98	57	0.999351
0	56	48	0.999629
0	51	31	0.999661
0	96	86	0.999361
0	75	68	0.9995
0	75	67	0.999499
1	59	15	0.999604
0	78	72	0.999475
1	95	30	0.99936
1	99	39	0.999332
0	85	47	0.999425
1	88	29	0.999403
0	66	32	0.999549
0	79	57	0.99946
1	87	35	0.999405
1	67	25	0.999541
0	80	79	0.999448
0	95	46	0.999344
0	83	46	0.999424
0	71	62	0.999507
0	55	28	0.999618
0	82	62	0.99943
0	74	40	0.99948
0	71	65	0.999501
0	90	55	0.999364
1	80	25	0.999434
1	67	14	0.999524
0	63	34	0.999549
0	55	35	0.999605
0	82	42	0.999411
0	52	25	0.999626
0	89	87	0.99936
1	57	18	0.99959
1	85	22	0.999386
1	62	28	0.999551
1	81	24	0.999413
0	78	72	0.999434
0	64	43	0.999534
0	85	43	0.999379
0	76	67	0.999444
1	71	24	0.99948
0	70	63	0.999487
0	57	42	0.99958
0	50	47	0.99963
1	85	27	0.999364
0	64	45	0.99952
1	71	20	0.999466
0	68	38	0.999488
1	61	13	0.999539
0	74	59	0.999434
0	63	56	0.999518
0	86	42	0.999342
1	79	29	0.999394
1	70	20	0.999463
0	62	29	0.999524
0	84	41	0.999354
1	75	19	0.99942
0	77	66	0.999404
0	59	44	0.999542
0	52	31	0.999596
1	62	22	0.999518
0	74	48	0.999424
0	68	35	0.99947
0	83	44	0.99935
1	78	18	0.999389
1	61	22	0.999522
0	68	67	0.999467
0	68	33	0.999466
1	57	12	0.999549
1	63	12	0.999499
0	77	63	0.999387
0	84	72	0.99933
0	60	42	0.99952
1	69	18	0.999448
1	72	31	0.999422
0	59	57	0.999526
0	63	34	0.999493
1	60	18	0.999516
0	80	61	0.999353
1	51	10	0.999586
0	74	59	0.999399
0	71	65	0.999423
0	64	60	0.999479
0	63	59	0.999487
0	76	60	0.999376
0	68	42	0.999441
0	54	49	0.999554
0	67	36	0.999446
1	53	23	0.999555
1	77	16	0.999352
0	75	38	0.999362
0	67	65	0.999422
0	60	55	0.999476
0	75	36	0.999341
1	50	19	0.999559
0	59	33	0.999477
0	55	34	0.999512
1	74	22	0.99934
1	74	20	0.999338
0	53	31	0.999525
0	60	38	0.999461
1	74	16	0.999332
1	51	15	0.999538
0	65	48	0.999403
0	58	27	0.999467
1	70	19	0.999352
0	50	24	0.999536
1	71	19	0.999338
0	60	31	0.99944
0	63	34	0.999412
1	52	21	0.999514
1	54	14	0.999495
0	69	57	0.999348
0	70	63	0.999334
0	64	50	0.99939
0	52	24	0.999499
0	55	51	0.999462
0	59	37	0.999422
0	50	30	0.99951
1	63	25	0.999382
1	51	10	0.999498
1	64	19	0.999367
1	61	18	0.999395
1	67	16	0.999332
0	67	45	0.99933
1	64	19	0.999356
0	61	52	0.999373
0	61	50	0.999373
0	58	51	0.999401
0	61	56	0.999368
0	54	46	0.999438
0	55	35	0.999416
0	60	29	0.999357
1	60	15	0.999356
0	60	42	0.999347
0	54	28	0.99941
1	54	21	0.999409
1	56	15	0.999371
0	56	33	0.999356
1	56	11	0.999346
1	57	18	0.999334
0	54	29	0.999363
0	51	44	0.999383
0	52	29	0.999359
0	52	28	0.99934
1	50	11	0.99935
0	50	45	0.999332
