304681
13.072
5000
1	466	421	0.999999
1	443	352	0.999999
1	407	312	0.999999
1	377	115	0.999999
1	348	139	0.999999
1	496	236	0.999998
1	461	318	0.999998
1	228	134	0.999999
1	437	121	0.999998
1	216	151	0.999999
1	183	55	0.999999
1	320	200	0.999998
1	308	158	0.999998
1	305	137	0.999998
1	280	133	0.999998
1	266	228	0.999998
1	129	106	0.999999
1	256	248	0.999998
1	127	65	0.999999
1	374	339	0.999997
1	102	92	0.999999
1	201	79	0.999998
1	195	180	0.999998
1	249	65	0.999997
1	281	260	0.999996
1	483	340	0.999993
1	409	123	0.999994
1	340	132	0.999995
1	456	330	0.999993
1	323	301	0.999995
1	313	206	0.999995
0	438	437	0.999993
1	248	96	0.999996
1	244	73	0.999996
1	355	329	0.999994
1	468	323	0.999992
1	346	227	0.999994
1	401	179	0.999993
1	229	207	0.999996
1	216	81	0.999996
1	215	58	0.999996
1	430	104	0.999992
1	417	259	0.999992
1	466	327	0.999991
1	414	352	0.999992
1	463	309	0.999991
1	203	164	0.999996
1	251	198	0.999995
1	498	196	0.99999
1	485	137	0.99999
1	483	342	0.99999
1	362	113	0.999992
1	226	221	0.999995
1	405	219	0.999991
1	495	381	0.999989
1	307	297	0.999993
1	423	206	0.99999
1	210	159	0.999995
1	450	327	0.999989
1	201	161	0.999995
1	158	78	0.999996
1	454	139	0.999988
1	185	154	0.999995
1	333	239	0.999991
1	219	115	0.999994
1	474	420	0.999987
1	500	363	0.999986
1	211	95	0.999994
1	469	410	0.999986
1	466	374	0.999986
1	431	291	0.999987
1	197	111	0.999994
1	257	73	0.999992
1	218	208	0.999993
1	216	102	0.999993
1	437	166	0.999985
1	349	257	0.999988
1	172	89	0.999994
1	485	292	0.999983
1	114	100	0.999996
1	338	152	0.999988
1	112	43	0.999996
1	279	211	0.99999
1	415	137	0.999985
1	267	240	0.99999
1	417	247	0.999984
1	358	292	0.999986
1	382	180	0.999985
1	451	330	0.999982
1	446	340	0.999982
1	482	340	0.99998
1	479	186	0.99998
1	400	188	0.999983
1	92	55	0.999996
1	184	148	0.999992
1	340	212	0.999985
1	384	170	0.999983
1	382	211	0.999983
1	292	204	0.999987
1	332	114	0.999985
1	478	292	0.999978
1	410	361	0.999981
1	432	256	0.999979
1	285	193	0.999986
1	406	223	0.99998
1	364	337	0.999982
1	464	337	0.999977
1	337	152	0.999983
1	452	280	0.999977
1	431	280	0.999978
1	292	212	0.999985
1	327	119	0.999983
1	449	363	0.999976
1	387	311	0.999979
1	143	104	0.999992
1	352	80	0.99998
1	439	140	0.999975
1	385	235	0.999978
1	430	222	0.999975
1	376	353	0.999978
1	424	333	0.999975
1	151	100	0.999991
1	234	198	0.999986
1	149	79	0.999991
1	343	299	0.999979
1	273	111	0.999983
1	384	363	0.999976
1	318	237	0.99998
1	252	111	0.999984
1	378	316	0.999976
1	280	110	0.999982
1	480	108	0.999969
1	449	347	0.999971
1	462	270	0.99997
1	138	124	0.999991
1	230	107	0.999985
1	410	336	0.999973
1	393	229	0.999974
1	468	427	0.999969
1	422	112	0.999972
1	482	163	0.999968
1	481	434	0.999968
1	300	245	0.99998
1	418	133	0.999972
1	338	97	0.999977
1	132	53	0.999991
1	220	182	0.999985
1	218	90	0.999985
1	392	190	0.999973
1	462	308	0.999968
1	259	95	0.999982
1	273	137	0.999981
0	373	357	0.999974
1	495	268	0.999965
1	494	328	0.999965
1	237	212	0.999983
1	348	186	0.999975
1	428	151	0.999969
1	55	40	0.999996
1	122	104	0.999991
1	488	149	0.999964
1	325	198	0.999976
1	270	141	0.99998
1	445	255	0.999967
1	417	372	0.999969
1	482	161	0.999964
1	450	136	0.999966
1	290	177	0.999978
1	447	104	0.999966
1	443	357	0.999966
1	259	104	0.99998
1	411	178	0.999968
1	306	77	0.999976
1	242	183	0.999981
1	254	98	0.99998
1	253	134	0.99998
1	189	129	0.999985
1	401	245	0.999968
1	413	207	0.999967
1	474	148	0.999962
1	272	125	0.999978
1	482	139	0.999961
1	295	73	0.999976
1	218	57	0.999982
1	458	220	0.999962
1	373	274	0.999969
1	132	51	0.999989
0	384	366	0.999968
1	203	67	0.999983
1	237	217	0.99998
1	308	185	0.999974
1	468	364	0.99996
1	349	305	0.99997
1	383	179	0.999967
1	497	264	0.999957
1	439	232	0.999962
1	400	232	0.999965
1	475	334	0.999958
1	79	50	0.999993
1	158	58	0.999986
1	304	250	0.999973
1	483	358	0.999957
1	477	384	0.999957
1	332	259	0.99997
1	199	129	0.999982
1	319	256	0.999971
1	484	169	0.999956
1	249	133	0.999977
1	441	313	0.999959
1	148	118	0.999986
1	158	53	0.999985
1	94	74	0.999991
1	362	308	0.999965
1	93	58	0.999991
1	422	233	0.999959
1	450	323	0.999956
1	467	384	0.999954
0	436	429	0.999957
1	91	20	0.999991
0	283	266	0.999972
1	380	129	0.999962
1	410	205	0.999959
1	484	376	0.999951
1	464	321	0.999953
0	423	410	0.999957
1	441	150	0.999955
1	313	119	0.999968
1	387	98	0.99996
1	415	236	0.999957
1	192	64	0.99998
1	451	235	0.999953
1	245	173	0.999974
0	471	441	0.99995
1	244	205	0.999974
0	93	92	0.99999
1	288	91	0.999969
1	426	334	0.999954
1	314	120	0.999966
1	423	237	0.999954
1	421	300	0.999954
1	82	57	0.999991
1	373	228	0.999959
1	473	318	0.999948
1	417	172	0.999954
1	126	52	0.999986
1	162	40	0.999982
1	224	88	0.999975
1	480	159	0.999946
1	416	89	0.999953
1	79	58	0.999991
1	454	242	0.999948
1	209	81	0.999976
1	382	119	0.999956
1	217	143	0.999975
1	130	46	0.999985
1	468	155	0.999946
1	476	226	0.999945
1	467	116	0.999946
1	352	252	0.999959
1	420	148	0.999951
1	77	69	0.999991
1	444	345	0.999947
1	385	147	0.999954
1	459	192	0.999945
1	299	145	0.999964
1	381	328	0.999954
1	239	70	0.999971
1	386	306	0.999953
1	180	158	0.999978
1	382	263	0.999953
1	202	80	0.999975
1	387	281	0.999952
1	199	122	0.999975
1	461	290	0.999942
1	394	260	0.99995
1	385	272	0.999951
1	133	53	0.999983
1	380	214	0.999951
1	356	195	0.999954
1	371	196	0.999952
1	439	328	0.999943
1	454	349	0.999941
1	484	351	0.999937
1	92	55	0.999988
1	395	316	0.999948
1	235	138	0.999969
0	400	394	0.999947
1	332	237	0.999956
1	406	133	0.999946
0	165	158	0.999978
1	427	305	0.999943
1	396	293	0.999947
1	373	87	0.99995
1	378	332	0.999949
1	436	309	0.999941
1	58	36	0.999992
1	447	379	0.999938
1	108	65	0.999985
1	251	183	0.999965
1	86	61	0.999988
0	315	297	0.999956
1	408	345	0.999943
1	486	205	0.999932
1	369	188	0.999948
1	487	411	0.999931
1	401	129	0.999943
1	260	81	0.999963
1	323	151	0.999954
1	472	207	0.999932
1	298	161	0.999957
1	381	105	0.999945
1	256	131	0.999963
1	474	204	0.999931
1	219	92	0.999968
1	157	52	0.999977
1	313	147	0.999954
0	423	387	0.999937
1	396	86	0.999941
1	467	346	0.99993
1	320	243	0.999952
1	231	183	0.999965
1	323	74	0.999951
1	369	258	0.999944
1	230	136	0.999965
1	407	291	0.999938
0	124	122	0.999981
1	254	100	0.999961
1	422	164	0.999935
1	374	222	0.999942
1	461	270	0.999928
1	409	195	0.999936
1	479	287	0.999925
1	166	72	0.999974
1	300	123	0.999953
1	360	91	0.999943
1	157	100	0.999975
1	464	394	0.999926
1	213	130	0.999966
0	338	312	0.999946
1	344	170	0.999945
1	380	276	0.999939
0	186	178	0.99997
1	315	224	0.999949
1	382	213	0.999938
1	252	179	0.999959
1	282	247	0.999954
1	251	166	0.999959
1	365	213	0.99994
1	459	150	0.999924
1	217	109	0.999964
1	108	29	0.999982
1	294	181	0.999951
1	336	102	0.999944
0	372	361	0.999938
1	438	223	0.999927
1	226	189	0.999962
1	77	29	0.999987
1	447	283	0.999924
1	494	355	0.999916
1	252	175	0.999957
1	199	125	0.999966
1	173	100	0.99997
0	292	264	0.999949
1	435	286	0.999924
1	309	234	0.999946
1	240	173	0.999958
1	491	400	0.999914
1	182	123	0.999968
1	472	359	0.999917
1	386	127	0.999932
0	403	367	0.999929
1	226	71	0.99996
1	401	259	0.999929
1	180	74	0.999968
1	230	112	0.999959
1	211	113	0.999962
1	377	190	0.999932
1	316	146	0.999943
1	299	237	0.999946
1	497	311	0.99991
1	265	139	0.999952
1	364	287	0.999934
1	193	75	0.999965
1	204	87	0.999963
1	286	142	0.999948
1	269	168	0.999951
1	236	106	0.999957
1	274	61	0.99995
1	389	144	0.999929
1	488	158	0.99991
1	450	174	0.999917
0	260	258	0.999952
1	395	345	0.999927
1	205	85	0.999962
1	167	122	0.999969
1	490	369	0.999909
1	337	115	0.999937
0	144	130	0.999973
1	440	315	0.999917
1	437	179	0.999917
0	371	368	0.999929
1	120	70	0.999977
1	193	73	0.999963
0	431	397	0.999917
1	347	156	0.999933
1	310	148	0.99994
1	484	120	0.999906
1	355	293	0.999931
1	391	239	0.999924
1	447	278	0.999913
1	457	279	0.999911
1	421	124	0.999918
1	390	206	0.999924
1	492	404	0.999904
0	179	172	0.999965
1	442	331	0.999913
1	319	105	0.999937
1	243	57	0.999952
1	339	168	0.999933
1	458	166	0.999909
1	352	292	0.99993
1	352	90	0.99993
1	196	58	0.999961
1	236	121	0.999953
1	266	230	0.999947
1	330	96	0.999934
1	344	207	0.999931
1	452	250	0.999909
1	442	368	0.999911
1	233	159	0.999953
1	415	190	0.999916
1	454	113	0.999908
1	370	88	0.999925
1	444	181	0.99991
0	187	175	0.999962
0	162	161	0.999967
1	459	286	0.999906
0	151	134	0.999969
1	445	104	0.999908
1	298	89	0.999938
1	450	375	0.999906
1	210	76	0.999956
1	324	282	0.999932
1	362	250	0.999924
0	309	279	0.999935
1	133	52	0.999972
1	336	248	0.999929
1	118	38	0.999975
0	489	435	0.999896
1	423	96	0.99991
1	145	124	0.999969
1	304	237	0.999935
0	257	249	0.999945
1	445	245	0.999904
1	375	245	0.999919
1	398	225	0.999914
1	458	258	0.999901
1	467	234	0.999899
1	268	62	0.999942
1	499	119	0.999892
0	359	346	0.999922
1	326	128	0.999929
1	334	209	0.999927
0	398	364	0.999913
0	201	176	0.999956
1	455	295	0.9999
1	150	106	0.999967
0	359	341	0.999921
1	434	120	0.999904
0	434	423	0.999904
1	158	125	0.999965
1	352	121	0.999922
1	194	130	0.999957
1	360	138	0.99992
1	485	381	0.999892
1	426	135	0.999905
1	407	335	0.999909
1	152	93	0.999966
0	420	368	0.999906
1	433	252	0.999903
1	227	58	0.999949
1	399	176	0.99991
1	345	74	0.999922
1	495	398	0.999888
1	499	168	0.999887
1	331	212	0.999925
1	322	77	0.999927
1	366	121	0.999917
0	355	307	0.999919
1	70	56	0.999984
1	468	368	0.999893
1	345	130	0.999921
1	262	170	0.99994
1	441	356	0.999899
1	491	414	0.999887
1	246	79	0.999943
1	151	41	0.999965
1	151	42	0.999965
1	401	141	0.999907
1	452	309	0.999895
1	417	341	0.999903
1	369	301	0.999914
1	369	311	0.999914
1	403	98	0.999906
1	407	105	0.999905
1	201	97	0.999953
0	470	461	0.99989
1	252	57	0.999941
1	226	58	0.999947
0	297	265	0.99993
1	148	33	0.999965
1	376	227	0.999911
1	321	162	0.999924
1	287	130	0.999932
1	451	212	0.999893
1	295	124	0.99993
1	337	262	0.99992
1	260	68	0.999938
0	452	424	0.999892
1	414	241	0.999901
1	238	186	0.999943
1	271	62	0.999935
0	250	237	0.99994
1	278	122	0.999933
1	195	134	0.999953
1	497	198	0.99988
1	364	173	0.999912
1	432	368	0.999895
1	267	206	0.999935
1	115	28	0.999972
1	427	307	0.999896
1	385	320	0.999906
1	397	98	0.999903
1	319	142	0.999922
1	459	262	0.999887
1	353	109	0.999913
0	466	454	0.999885
1	397	117	0.999902
1	372	268	0.999908
1	295	94	0.999927
1	100	69	0.999975
1	136	92	0.999966
1	156	101	0.999961
1	164	38	0.999959
1	360	103	0.99991
1	495	361	0.999876
1	355	108	0.999911
1	323	272	0.999919
1	457	151	0.999885
1	437	198	0.99989
1	250	196	0.999937
1	460	246	0.999884
1	360	130	0.999909
1	439	335	0.999889
1	435	188	0.99989
1	486	324	0.999877
1	312	88	0.999921
0	454	433	0.999885
1	434	185	0.99989
1	350	203	0.999911
1	169	111	0.999957
1	106	53	0.999973
1	463	362	0.999882
1	391	105	0.9999
1	347	257	0.999911
1	358	298	0.999908
1	245	62	0.999937
1	369	163	0.999905
1	333	182	0.999914
1	429	189	0.999889
1	440	179	0.999886
1	476	200	0.999876
1	495	178	0.999871
1	249	173	0.999935
1	491	242	0.999871
1	372	304	0.999902
1	258	130	0.999932
1	375	102	0.999901
0	299	282	0.999921
1	487	312	0.999871
1	298	209	0.999921
1	94	33	0.999975
0	481	454	0.999872
0	338	332	0.99991
1	443	169	0.999882
1	367	273	0.999902
0	213	196	0.999943
1	320	229	0.999914
1	238	174	0.999936
1	312	222	0.999916
1	219	89	0.999941
1	219	126	0.999941
1	189	44	0.999949
0	336	298	0.999909
1	443	110	0.99988
0	210	202	0.999943
1	481	120	0.999869
0	275	237	0.999925
0	297	281	0.999919
1	352	286	0.999904
1	412	171	0.999887
1	255	164	0.99993
1	382	180	0.999895
1	371	245	0.999898
1	254	101	0.99993
1	134	29	0.999963
0	426	367	0.999882
1	54	24	0.999985
1	133	72	0.999963
1	165	134	0.999954
1	269	174	0.999925
1	222	63	0.999938
1	426	233	0.999881
1	186	73	0.999948
0	328	326	0.999908
1	335	248	0.999906
1	437	211	0.999877
0	206	186	0.999942
0	266	235	0.999925
1	322	186	0.999909
1	495	199	0.99986
1	152	68	0.999957
1	233	188	0.999934
1	480	246	0.999864
1	409	232	0.999884
1	461	269	0.999869
1	239	78	0.999932
1	253	171	0.999928
0	432	395	0.999877
0	358	339	0.999898
1	228	105	0.999935
1	262	130	0.999925
1	377	309	0.999892
1	310	155	0.999911
1	404	331	0.999884
1	355	270	0.999898
1	392	228	0.999887
1	371	239	0.999893
0	201	197	0.999942
1	332	216	0.999904
1	280	130	0.999919
1	411	296	0.999881
1	107	35	0.999969
1	169	78	0.999951
1	438	163	0.999873
1	285	75	0.999917
1	388	305	0.999887
1	127	58	0.999963
1	266	171	0.999922
1	201	150	0.999941
1	310	149	0.999909
1	439	194	0.999871
1	482	210	0.999858
0	95	83	0.999972
1	390	252	0.999885
1	230	93	0.999932
1	158	82	0.999953
1	316	256	0.999906
1	453	299	0.999865
1	255	133	0.999924
0	372	338	0.999889
1	439	192	0.999869
0	415	368	0.999876
1	414	208	0.999876
0	424	374	0.999873
1	300	125	0.99991
0	488	435	0.999853
1	411	323	0.999876
0	202	191	0.999939
1	96	48	0.999971
1	278	91	0.999916
0	187	179	0.999943
1	472	247	0.999856
1	367	228	0.999888
1	308	88	0.999906
1	448	306	0.999863
1	402	86	0.999877
0	497	468	0.999847
1	279	130	0.999914
0	298	273	0.999908
0	375	318	0.999884
1	320	83	0.999901
0	349	319	0.999892
0	84	76	0.999974
1	302	150	0.999906
1	334	141	0.999896
1	472	232	0.999853
0	366	305	0.999886
1	436	308	0.999864
1	233	90	0.999927
0	252	233	0.999921
1	484	137	0.999848
1	229	103	0.999928
1	394	214	0.999876
1	400	290	0.999874
1	438	173	0.999862
1	225	103	0.999929
1	450	155	0.999858
1	114	51	0.999964
1	459	346	0.999855
1	424	314	0.999866
0	490	410	0.999845
1	240	63	0.999924
1	63	21	0.99998
1	148	81	0.999953
1	387	93	0.999877
1	204	121	0.999935
0	455	375	0.999855
0	492	485	0.999843
0	404	332	0.999871
1	335	256	0.999893
1	325	92	0.999896
0	403	355	0.999871
1	418	130	0.999866
1	202	43	0.999935
1	470	112	0.999848
0	170	169	0.999945
1	345	143	0.999888
0	276	243	0.99991
0	276	260	0.99991
1	322	176	0.999895
1	380	183	0.999876
1	380	219	0.999876
1	257	122	0.999916
1	486	237	0.999841
1	299	99	0.999902
1	368	293	0.999879
1	401	99	0.999868
1	364	143	0.99988
1	461	248	0.999848
1	445	98	0.999853
1	363	275	0.99988
1	299	168	0.999901
1	498	237	0.999835
1	313	204	0.999896
1	322	128	0.999893
1	469	238	0.999844
1	96	54	0.999968
1	369	214	0.999877
1	378	298	0.999874
1	420	119	0.99986
0	471	442	0.999843
1	332	242	0.999889
1	329	177	0.99989
1	296	129	0.999901
1	349	224	0.999883
1	125	57	0.999958
1	380	114	0.999872
0	320	306	0.999892
0	317	289	0.999893
1	296	66	0.9999
1	423	333	0.999857
0	491	401	0.999834
1	343	169	0.999884
0	295	292	0.9999
1	324	168	0.99989
1	256	62	0.999913
0	285	272	0.999903
1	461	212	0.999843
0	220	219	0.999925
1	173	42	0.999941
1	363	161	0.999876
0	155	138	0.999947
1	152	104	0.999948
1	397	193	0.999864
1	431	296	0.999852
1	482	166	0.999834
1	313	73	0.999892
1	281	170	0.999903
1	411	324	0.999858
1	289	221	0.9999
1	416	295	0.999856
1	75	31	0.999974
1	450	297	0.999844
1	317	98	0.99989
1	438	130	0.999848
0	242	229	0.999916
1	354	214	0.999877
1	397	132	0.999862
1	299	138	0.999896
1	483	183	0.999832
1	402	189	0.99986
0	393	354	0.999863
1	453	278	0.999842
1	481	311	0.999832
1	146	105	0.999949
1	389	249	0.999864
1	420	269	0.999853
1	460	340	0.999839
1	328	245	0.999885
1	185	116	0.999935
1	125	73	0.999956
1	420	224	0.999852
1	473	189	0.999833
1	405	325	0.999857
1	461	105	0.999837
0	444	384	0.999843
1	477	328	0.999831
0	417	411	0.999852
0	284	281	0.999899
1	427	335	0.999848
1	250	165	0.999911
1	452	231	0.999839
0	435	425	0.999845
1	297	110	0.999894
1	451	234	0.999839
1	112	60	0.99996
1	484	204	0.999827
1	193	54	0.999931
0	299	252	0.999893
0	324	301	0.999884
0	173	158	0.999938
0	198	161	0.999929
1	359	268	0.999871
1	392	147	0.999859
1	275	162	0.999901
1	441	194	0.999841
1	330	126	0.999881
0	424	374	0.999847
1	216	133	0.999922
0	191	157	0.999931
1	332	99	0.99988
1	437	229	0.999842
1	459	214	0.999834
1	336	125	0.999878
1	342	225	0.999875
1	347	193	0.999873
0	224	186	0.999918
1	344	267	0.999874
1	363	87	0.999867
1	262	202	0.999904
1	469	293	0.999828
0	395	361	0.999855
1	444	292	0.999837
1	128	57	0.999953
1	493	367	0.999819
0	359	352	0.999868
0	201	181	0.999926
0	477	384	0.999824
1	362	211	0.999866
1	313	201	0.999884
1	429	238	0.999841
1	499	215	0.999815
1	488	298	0.999819
0	124	104	0.999954
1	496	106	0.999816
1	420	134	0.999844
1	452	288	0.999832
0	425	414	0.999842
0	449	394	0.999833
1	438	314	0.999837
1	59	18	0.999978
0	407	324	0.999848
1	493	179	0.999815
1	474	172	0.999822
1	484	337	0.999818
1	130	75	0.999951
1	485	138	0.999817
1	318	128	0.99988
0	424	409	0.99984
1	400	239	0.999849
1	412	214	0.999844
1	264	134	0.9999
1	285	190	0.999892
1	421	265	0.99984
1	442	263	0.999832
1	378	188	0.999856
1	223	115	0.999915
1	293	149	0.999888
0	484	386	0.999815
0	149	120	0.999943
1	413	308	0.999842
0	196	168	0.999925
0	235	194	0.99991
0	425	364	0.999837
0	307	250	0.999882
1	333	137	0.999872
1	486	159	0.999813
1	496	354	0.999808
1	325	169	0.999874
1	446	118	0.999827
1	456	145	0.999823
0	437	411	0.99983
1	393	205	0.999847
1	492	126	0.999808
1	474	190	0.999815
1	69	49	0.999973
1	457	104	0.999821
0	472	393	0.999815
1	306	79	0.99988
1	418	283	0.999836
1	158	97	0.999938
1	242	190	0.999905
1	461	333	0.999819
1	359	182	0.999859
1	401	273	0.999842
1	340	236	0.999866
1	459	155	0.999819
0	398	329	0.999843
1	466	328	0.999816
0	476	384	0.999812
1	438	266	0.999827
0	215	182	0.999915
1	240	110	0.999905
0	293	234	0.999884
0	482	430	0.999809
0	471	465	0.999813
1	317	100	0.999874
1	274	185	0.999891
1	113	40	0.999955
1	477	117	0.99981
1	261	82	0.999896
1	459	141	0.999817
1	348	145	0.999861
1	255	147	0.999898
1	490	351	0.999804
1	492	230	0.999803
1	367	183	0.999853
0	476	435	0.999809
1	498	299	0.9998
1	102	39	0.999959
1	267	68	0.999892
0	378	351	0.999847
1	101	77	0.999959
0	261	212	0.999894
1	226	57	0.999908
1	358	168	0.999854
1	424	128	0.999827
1	463	209	0.999811
1	191	70	0.999922
1	413	145	0.999831
1	474	109	0.999806
1	112	73	0.999954
1	481	198	0.999802
1	153	114	0.999937
0	422	371	0.999826
1	194	106	0.99992
1	446	233	0.999816
1	344	143	0.999858
1	450	347	0.999814
0	370	307	0.999847
0	464	438	0.999808
1	447	139	0.999815
1	342	221	0.999858
1	487	249	0.999797
1	295	82	0.999877
1	235	121	0.999902
1	373	135	0.999844
0	239	199	0.9999
1	435	255	0.999818
1	74	23	0.999969
0	315	269	0.999868
0	353	290	0.999852
0	250	203	0.999895
1	400	219	0.999832
1	490	227	0.999794
1	479	244	0.999797
1	490	176	0.999792
1	485	268	0.999794
1	320	232	0.999864
1	421	158	0.999821
1	395	106	0.999832
1	409	101	0.999826
1	376	166	0.99984
0	376	367	0.99984
1	445	155	0.99981
1	384	164	0.999836
1	124	94	0.999947
1	451	314	0.999807
1	404	232	0.999827
0	443	351	0.99981
1	328	122	0.999859
1	314	202	0.999865
0	393	392	0.999831
1	388	287	0.999833
1	399	161	0.999828
1	262	153	0.999887
0	139	135	0.99994
1	352	243	0.999848
1	480	362	0.999792
1	413	90	0.999821
0	443	436	0.999808
0	256	200	0.999889
1	430	293	0.999813
1	246	58	0.999893
1	131	62	0.999943
0	496	448	0.999784
0	319	251	0.999861
0	486	394	0.999788
0	355	320	0.999845
0	387	334	0.999831
1	403	309	0.999824
1	174	133	0.999924
1	286	175	0.999875
1	447	214	0.999804
1	196	78	0.999914
0	449	388	0.999803
0	323	291	0.999858
0	357	279	0.999843
1	493	324	0.999783
1	243	73	0.999893
1	345	185	0.999848
1	433	282	0.999809
0	351	328	0.999845
1	140	94	0.999938
1	490	166	0.999783
1	492	258	0.999782
0	273	231	0.999879
0	457	394	0.999797
1	497	286	0.999779
0	389	340	0.999827
1	371	191	0.999835
1	490	122	0.999781
0	436	389	0.999805
1	268	136	0.99988
0	368	334	0.999835
1	410	106	0.999816
1	441	327	0.999802
0	434	420	0.999805
1	431	187	0.999806
1	91	28	0.999959
0	437	391	0.999803
1	348	199	0.999843
1	474	131	0.999786
1	498	263	0.999775
1	438	254	0.999802
0	303	298	0.999863
0	307	283	0.999861
1	357	128	0.999838
0	390	381	0.999823
1	337	96	0.999847
1	308	179	0.99986
1	363	259	0.999835
1	299	90	0.999864
1	485	138	0.999779
1	353	225	0.999839
0	333	268	0.999848
0	293	267	0.999866
1	496	316	0.999773
0	323	291	0.999852
0	264	219	0.999879
1	346	77	0.999841
1	161	105	0.999926
1	476	133	0.999781
1	330	104	0.999848
1	373	85	0.999827
1	375	275	0.999826
1	152	64	0.999929
0	229	193	0.999893
1	169	121	0.999921
0	126	98	0.999941
0	111	109	0.999948
1	290	84	0.999864
1	358	96	0.999832
1	164	121	0.999923
1	215	131	0.999899
0	359	296	0.999831
0	480	377	0.999774
1	479	358	0.999774
0	320	292	0.999849
1	419	113	0.999802
1	402	129	0.99981
0	334	255	0.999842
0	348	276	0.999835
1	466	235	0.999779
1	219	110	0.999896
1	450	178	0.999786
1	103	43	0.999951
1	124	62	0.999941
1	147	35	0.99993
1	399	275	0.99981
0	153	123	0.999927
1	243	135	0.999884
1	337	210	0.999839
1	431	275	0.999794
0	302	291	0.999855
0	381	294	0.999817
1	458	299	0.99978
0	388	342	0.999813
1	251	181	0.999879
1	437	201	0.999789
1	352	79	0.99983
1	473	166	0.999771
1	483	195	0.999766
1	390	204	0.999811
1	134	73	0.999935
1	494	154	0.99976
1	329	166	0.99984
1	413	305	0.999799
0	265	252	0.999871
0	193	182	0.999906
0	277	242	0.999865
1	324	86	0.999842
1	350	120	0.999829
1	495	150	0.999758
1	188	94	0.999908
0	478	472	0.999766
1	369	258	0.999819
0	322	307	0.999842
1	423	237	0.999792
1	439	116	0.999784
1	211	88	0.999896
1	217	147	0.999893
0	387	299	0.999809
1	401	298	0.999802
1	346	117	0.999829
0	366	287	0.999819
0	372	315	0.999816
1	374	191	0.999815
1	402	194	0.999801
1	458	100	0.999773
0	232	205	0.999885
0	246	233	0.999878
1	431	271	0.999786
1	435	183	0.999784
0	477	407	0.999763
1	342	255	0.99983
0	241	195	0.99988
0	351	278	0.999825
1	363	131	0.999819
0	50	45	0.999975
1	70	24	0.999965
0	90	69	0.999955
1	158	75	0.999921
1	186	92	0.999907
1	296	214	0.999852
1	362	189	0.999819
1	370	201	0.999815
0	386	338	0.999807
0	424	403	0.999788
1	475	112	0.999762
1	369	134	0.999815
1	329	180	0.999835
0	261	205	0.999869
0	227	195	0.999886
0	372	293	0.999813
1	473	259	0.999762
0	151	149	0.999924
1	147	65	0.999926
0	268	239	0.999865
1	496	119	0.99975
1	113	60	0.999943
1	339	151	0.999829
1	450	282	0.999773
0	202	192	0.999898
0	366	326	0.999815
1	457	244	0.999769
1	318	188	0.999839
1	391	126	0.999802
1	381	162	0.999807
0	207	194	0.999895
1	483	321	0.999755
1	410	95	0.999792
1	329	154	0.999833
0	244	229	0.999876
0	299	267	0.999848
1	472	217	0.99976
1	55	36	0.999972
1	218	110	0.999889
1	428	202	0.999782
1	304	106	0.999845
0	341	261	0.999826
0	370	291	0.999811
1	90	29	0.999954
1	468	156	0.99976
1	337	240	0.999827
1	405	278	0.999792
1	356	152	0.999817
1	241	103	0.999876
1	443	262	0.999772
1	328	190	0.999831
0	217	178	0.999888
0	308	293	0.999841
0	362	341	0.999813
0	447	439	0.999769
1	476	118	0.999754
1	263	79	0.999864
1	216	108	0.999888
0	295	283	0.999847
1	335	131	0.999826
0	271	224	0.999859
0	194	148	0.999899
0	386	355	0.999799
1	272	78	0.999858
0	362	293	0.999811
1	151	43	0.999921
1	495	153	0.999741
0	361	336	0.999811
1	359	216	0.999812
0	105	87	0.999945
1	124	83	0.999935
0	433	419	0.999773
0	261	204	0.999863
0	276	235	0.999855
0	319	269	0.999832
1	315	148	0.999834
0	389	298	0.999795
1	303	147	0.99984
0	142	107	0.999925
1	274	69	0.999855
1	410	256	0.999783
1	341	154	0.999819
0	307	305	0.999837
1	207	107	0.99989
0	365	326	0.999806
1	461	160	0.999754
1	148	34	0.999921
1	206	132	0.99989
0	290	227	0.999845
1	230	145	0.999877
1	385	151	0.999794
1	349	162	0.999813
1	362	134	0.999806
1	397	197	0.999787
0	441	406	0.999763
1	413	91	0.999778
1	238	57	0.999872
1	476	196	0.999744
0	420	370	0.999774
1	269	130	0.999855
0	489	400	0.999736
1	450	220	0.999757
1	109	41	0.999941
1	473	265	0.999744
1	493	180	0.999733
0	408	324	0.999779
0	412	331	0.999776
0	480	356	0.999739
0	432	351	0.999765
1	489	246	0.999734
1	288	71	0.999843
1	331	81	0.999819
1	404	87	0.999779
0	494	433	0.999729
1	195	120	0.999893
1	355	198	0.999805
1	402	284	0.999779
1	329	214	0.999819
1	89	64	0.999951
0	492	490	0.999729
1	147	85	0.999919
1	234	160	0.999871
1	221	151	0.999878
1	166	49	0.999908
1	442	266	0.999755
1	81	54	0.999955
1	135	49	0.999925
1	437	308	0.999757
1	248	60	0.999862
0	354	284	0.999803
0	499	398	0.999722
0	477	369	0.999734
1	276	116	0.999846
1	186	54	0.999896
1	245	145	0.999863
0	395	361	0.999779
1	466	186	0.999739
1	91	21	0.999949
1	496	295	0.999722
1	449	116	0.999748
0	476	423	0.999732
0	364	314	0.999795
0	408	385	0.99977
0	326	306	0.999816
1	124	85	0.99993
0	368	293	0.999792
1	279	96	0.999842
0	330	243	0.999813
0	277	224	0.999843
1	453	181	0.999743
0	423	323	0.99976
1	111	61	0.999937
1	340	213	0.999807
1	488	261	0.999723
1	88	23	0.99995
0	176	138	0.9999
1	440	260	0.99975
1	253	128	0.999856
0	295	235	0.999832
1	305	183	0.999826
1	312	138	0.999822
1	417	266	0.999762
1	254	129	0.999855
0	487	447	0.999721
1	429	208	0.999754
1	392	231	0.999775
1	270	155	0.999845
1	402	121	0.999769
0	407	353	0.999766
1	473	163	0.999728
1	485	345	0.999721
1	212	71	0.999878
1	172	112	0.999901
0	453	403	0.999738
1	425	114	0.999754
1	437	194	0.999747
0	347	267	0.999799
1	107	48	0.999938
1	333	188	0.999807
1	274	116	0.999841
1	460	156	0.999733
1	191	95	0.999889
1	339	186	0.999803
1	394	152	0.999771
0	468	377	0.999728
1	466	132	0.999729
1	376	116	0.999781
1	156	69	0.999909
1	101	31	0.999941
1	474	337	0.999723
1	472	208	0.999724
1	412	226	0.999759
0	333	323	0.999805
1	223	69	0.999869
1	272	76	0.99984
0	374	369	0.99978
1	442	199	0.99974
1	151	40	0.999911
1	334	92	0.999803
1	327	147	0.999807
1	352	216	0.999792
0	345	267	0.999796
1	447	174	0.999735
1	192	61	0.999886
1	229	60	0.999864
0	328	321	0.999805
1	259	104	0.999846
0	116	107	0.999931
0	393	389	0.999766
1	403	133	0.99976
1	260	71	0.999845
0	416	322	0.999752
0	407	387	0.999757
1	328	77	0.999804
1	418	227	0.99975
0	132	114	0.999921
0	167	143	0.9999
1	217	136	0.99987
1	437	258	0.999738
1	375	224	0.999775
0	413	308	0.999752
1	396	198	0.999762
0	394	337	0.999763
0	206	156	0.999876
0	417	344	0.999749
1	470	249	0.999717
1	367	253	0.999779
0	254	228	0.999847
1	249	158	0.99985
0	401	332	0.999758
1	192	97	0.999884
1	440	160	0.999734
1	363	162	0.99978
0	292	279	0.999823
1	173	64	0.999895
1	280	132	0.99983
1	469	246	0.999715
0	51	50	0.999969
1	217	145	0.999868
0	460	378	0.99972
1	343	84	0.999791
1	228	146	0.999861
0	262	210	0.99984
0	456	417	0.999721
1	400	179	0.999755
0	222	199	0.999864
1	426	296	0.999739
0	328	263	0.999799
1	427	300	0.999738
0	202	200	0.999876
0	435	418	0.999733
1	425	276	0.999739
1	407	104	0.99975
1	349	179	0.999785
1	464	326	0.999714
0	438	364	0.99973
1	433	240	0.999733
1	449	116	0.999723
1	411	88	0.999746
0	110	103	0.999932
1	414	181	0.999744
1	380	228	0.999765
0	126	104	0.999922
1	478	222	0.999704
1	271	72	0.999832
1	329	127	0.999796
0	493	429	0.999694
0	306	292	0.99981
1	306	145	0.99981
0	140	108	0.999913
0	325	262	0.999798
0	222	157	0.999862
0	254	183	0.999842
0	257	232	0.99984
1	276	179	0.999828
1	393	144	0.999755
1	375	108	0.999766
0	370	307	0.999769
0	253	182	0.999842
1	467	112	0.999708
0	414	389	0.999741
1	468	139	0.999707
1	284	168	0.999822
0	493	449	0.999691
1	301	181	0.999811
1	253	139	0.999841
0	178	175	0.999888
0	453	353	0.999715
1	146	43	0.999908
0	414	314	0.999739
1	168	38	0.999894
1	469	220	0.999704
1	152	73	0.999904
0	437	408	0.999724
0	410	295	0.999741
1	386	207	0.999756
0	283	280	0.999821
0	224	169	0.999858
1	227	73	0.999856
1	477	201	0.999697
1	305	190	0.999806
1	490	135	0.999688
0	102	79	0.999935
1	485	200	0.999691
0	419	370	0.999733
1	326	152	0.999792
1	387	92	0.999753
1	483	307	0.999691
0	261	205	0.999833
1	325	108	0.999792
0	131	118	0.999916
1	436	169	0.99972
1	464	193	0.999702
1	233	88	0.99985
0	365	325	0.999765
1	429	199	0.999723
1	96	53	0.999938
1	297	133	0.999808
1	391	212	0.999747
1	411	239	0.999734
0	440	356	0.999715
0	301	239	0.999805
1	304	136	0.999803
0	446	361	0.999711
0	290	222	0.999812
0	97	96	0.999937
1	271	79	0.999824
1	137	68	0.999911
1	466	181	0.999697
1	306	111	0.999801
1	103	26	0.999933
1	289	68	0.999812
1	112	70	0.999927
0	368	322	0.99976
0	311	222	0.999797
0	306	259	0.9998
0	488	478	0.999681
1	411	280	0.999731
1	331	158	0.999783
0	387	357	0.999746
1	306	135	0.999799
0	446	430	0.999707
1	423	123	0.999722
1	254	101	0.999833
1	257	99	0.999831
0	336	335	0.999779
1	304	172	0.9998
0	398	332	0.999738
0	498	371	0.999672
1	282	159	0.999814
0	470	417	0.99969
1	291	140	0.999808
1	416	142	0.999725
1	163	42	0.999892
1	418	278	0.999723
1	303	183	0.999799
1	499	184	0.999669
1	265	138	0.999824
0	298	284	0.999802
1	337	178	0.999776
1	206	47	0.999863
1	293	161	0.999805
1	210	60	0.99986
1	234	138	0.999844
0	363	352	0.999758
1	319	70	0.999787
0	332	278	0.999778
1	492	322	0.999671
1	459	134	0.999693
0	441	409	0.999705
0	384	318	0.999743
1	499	339	0.999666
0	351	262	0.999765
0	497	352	0.999667
1	279	176	0.999813
0	492	377	0.99967
1	465	187	0.999688
1	295	136	0.999802
1	411	120	0.999724
1	427	173	0.999713
1	58	25	0.999961
1	116	50	0.999922
1	220	80	0.999852
1	211	117	0.999858
1	257	160	0.999827
0	248	225	0.999833
1	239	123	0.999839
1	356	86	0.99976
1	341	122	0.99977
1	403	271	0.999728
1	453	252	0.999694
1	490	137	0.999669
0	145	142	0.999902
1	332	135	0.999775
0	271	268	0.999816
1	446	306	0.999697
0	353	337	0.99976
1	494	321	0.999664
1	351	177	0.999761
0	176	136	0.99988
1	220	115	0.99985
1	309	165	0.999789
0	429	301	0.999707
1	231	91	0.999842
1	440	268	0.999699
1	149	57	0.999898
0	203	177	0.999861
1	235	110	0.999839
1	324	137	0.999778
1	251	65	0.999828
0	350	280	0.99976
1	459	233	0.999685
1	387	85	0.999734
1	160	97	0.99989
1	456	161	0.999686
1	264	79	0.999818
1	483	124	0.999667
0	258	184	0.999822
0	355	277	0.999755
0	422	389	0.999708
1	420	261	0.999709
1	238	104	0.999835
1	483	152	0.999665
0	256	184	0.999822
0	378	356	0.999737
0	204	154	0.999858
1	158	69	0.99989
0	372	317	0.999741
0	458	381	0.999681
1	488	298	0.99966
1	423	244	0.999705
1	400	91	0.999721
0	496	396	0.999654
1	421	245	0.999706
1	199	98	0.999861
1	375	167	0.999738
1	273	83	0.999809
0	260	197	0.999818
1	424	219	0.999703
0	414	321	0.99971
1	311	124	0.999782
0	67	59	0.999953
0	67	59	0.999953
1	350	86	0.999754
0	354	243	0.999751
0	499	486	0.999649
1	81	54	0.999943
1	466	136	0.999672
0	460	455	0.999676
0	491	409	0.999654
1	227	150	0.99984
1	258	67	0.999818
1	418	130	0.999705
1	435	184	0.999693
0	487	409	0.999656
0	249	247	0.999824
1	424	183	0.9997
0	233	220	0.999835
0	497	432	0.999648
0	354	349	0.999749
1	314	131	0.999777
0	353	333	0.999749
1	277	179	0.999803
1	291	156	0.999793
0	326	238	0.999768
1	236	150	0.999832
0	198	159	0.999859
1	330	140	0.999765
0	254	210	0.999819
1	477	293	0.99966
0	122	121	0.999913
1	460	170	0.999672
1	293	98	0.999791
0	147	108	0.999895
1	210	118	0.99985
0	281	200	0.999799
0	499	448	0.999643
1	334	167	0.999761
1	155	41	0.999889
0	247	222	0.999823
1	410	99	0.999706
1	234	57	0.999832
1	345	228	0.999752
1	121	76	0.999913
1	434	124	0.999688
0	395	315	0.999716
0	203	175	0.999854
0	400	283	0.999712
1	500	192	0.99964
1	318	163	0.999771
0	469	404	0.999662
1	337	221	0.999757
1	398	192	0.999713
0	223	167	0.999839
1	386	240	0.999721
1	383	179	0.999723
1	351	234	0.999746
0	309	296	0.999776
0	422	320	0.999694
0	495	380	0.999641
1	470	116	0.999659
1	281	61	0.999796
1	450	302	0.999673
1	418	248	0.999696
1	397	99	0.999711
1	386	245	0.999719
0	427	315	0.999689
1	118	77	0.999914
0	107	72	0.999922
1	336	105	0.999755
1	394	191	0.999712
0	306	293	0.999776
0	419	314	0.999693
0	341	262	0.99975
0	274	222	0.999799
1	323	115	0.999763
1	248	149	0.999818
1	94	41	0.999931
1	298	84	0.999781
1	492	162	0.999638
1	281	69	0.999793
1	228	52	0.999832
1	365	227	0.999731
1	350	83	0.999742
1	373	125	0.999725
1	198	64	0.999854
0	442	328	0.999674
1	462	194	0.999659
1	401	179	0.999704
1	459	100	0.999661
1	414	195	0.999694
0	257	229	0.99981
1	495	156	0.999634
1	453	274	0.999665
1	492	127	0.999636
0	404	281	0.999701
0	471	320	0.999651
1	406	270	0.999699
0	275	198	0.999796
1	124	35	0.999908
1	446	231	0.999669
0	440	405	0.999673
1	417	211	0.99969
1	464	181	0.999655
1	172	58	0.999872
0	383	292	0.999715
1	482	214	0.999641
0	221	193	0.999835
0	221	155	0.999835
0	316	262	0.999764
0	111	98	0.999917
1	321	96	0.99976
1	310	152	0.999768
0	318	224	0.999762
1	485	255	0.999637
0	458	315	0.999657
1	116	44	0.999913
1	328	119	0.999754
0	441	357	0.999669
1	478	225	0.999641
1	301	74	0.999773
1	424	191	0.99968
1	392	195	0.999704
0	290	225	0.999781
0	438	378	0.999669
0	205	173	0.999845
0	447	429	0.999662
1	469	114	0.999645
0	396	382	0.9997
0	194	177	0.999853
1	454	231	0.999656
0	496	396	0.999624
0	430	307	0.999674
1	473	301	0.999641
1	183	59	0.999861
1	387	212	0.999706
0	459	310	0.999651
0	305	245	0.999768
1	427	165	0.999675
0	264	192	0.999799
1	482	174	0.999633
0	449	310	0.999658
1	466	255	0.999645
1	353	165	0.999731
1	391	206	0.999702
0	408	390	0.999689
0	139	99	0.999894
1	371	91	0.999717
1	426	141	0.999675
0	161	154	0.999877
0	250	166	0.999809
0	51	49	0.999961
1	64	32	0.999951
1	470	310	0.99964
1	462	266	0.999646
1	287	131	0.99978
0	373	299	0.999714
1	468	293	0.999641
0	443	373	0.99966
1	203	125	0.999844
1	433	135	0.999667
1	498	279	0.999617
1	351	213	0.99973
0	479	459	0.999631
0	232	159	0.999821
0	479	390	0.99963
1	459	182	0.999645
1	473	123	0.999634
1	403	139	0.999688
1	494	295	0.999617
0	446	442	0.999654
0	397	363	0.999692
1	201	111	0.999844
0	326	254	0.999747
1	344	222	0.999733
0	492	392	0.999618
0	197	178	0.999847
1	327	90	0.999746
0	327	320	0.999746
0	390	382	0.999697
1	296	75	0.99977
0	435	341	0.999662
0	444	348	0.999655
1	117	50	0.999909
1	459	110	0.999643
1	491	126	0.999618
0	290	251	0.999774
0	414	284	0.999677
0	464	313	0.999638
1	123	29	0.999904
0	137	117	0.999893
0	142	107	0.999889
1	476	186	0.999628
1	412	181	0.999678
1	466	240	0.999635
1	208	50	0.999837
1	476	219	0.999627
1	320	171	0.999749
1	496	154	0.999611
1	283	162	0.999778
0	428	360	0.999664
1	191	117	0.99985
0	350	264	0.999725
1	187	90	0.999853
0	432	394	0.99966
0	367	353	0.999711
1	358	124	0.999718
1	293	121	0.999769
0	454	388	0.999642
0	393	273	0.99969
0	252	248	0.999801
1	398	227	0.999685
1	389	184	0.999692
0	58	47	0.999954
1	436	138	0.999654
1	330	147	0.999738
0	73	71	0.999942
1	371	199	0.999705
1	494	268	0.999607
0	245	173	0.999805
1	162	98	0.999871
1	398	144	0.999683
0	444	422	0.999646
1	361	90	0.999712
0	470	468	0.999625
0	218	216	0.999826
1	248	55	0.999802
0	367	334	0.999707
1	481	161	0.999616
0	363	285	0.99971
0	210	158	0.999832
0	471	360	0.999623
1	454	238	0.999636
1	288	170	0.999769
0	336	244	0.99973
1	410	91	0.99967
1	154	67	0.999876
0	467	463	0.999624
0	401	324	0.999677
1	340	89	0.999726
0	346	245	0.999721
0	310	213	0.99975
1	466	130	0.999623
1	294	120	0.999762
0	378	247	0.999694
1	431	228	0.999651
0	284	221	0.99977
1	195	103	0.999842
0	148	101	0.99988
0	354	332	0.999713
1	402	207	0.999674
1	382	226	0.99969
0	203	139	0.999835
1	252	117	0.999795
0	177	150	0.999856
0	204	179	0.999834
1	263	131	0.999786
0	129	87	0.999895
1	274	167	0.999777
0	167	141	0.999864
1	249	120	0.999797
0	233	202	0.99981
0	256	255	0.999791
0	365	328	0.999702
1	404	123	0.99967
0	471	433	0.999615
1	236	84	0.999807
1	171	50	0.99986
1	495	113	0.999594
1	475	233	0.99961
0	302	270	0.999752
0	219	152	0.99982
0	231	150	0.99981
0	446	290	0.999633
1	441	252	0.999637
1	441	127	0.999637
0	471	379	0.999612
1	313	158	0.999742
0	120	107	0.999901
1	286	87	0.999764
0	499	341	0.999588
0	196	155	0.999838
1	474	199	0.999608
0	272	270	0.999775
1	428	217	0.999646
0	417	331	0.999655
0	470	432	0.999611
0	316	283	0.999738
0	435	410	0.999639
1	407	223	0.999662
0	95	63	0.999921
1	292	145	0.999757
1	453	168	0.999623
1	471	121	0.999608
1	436	216	0.999637
1	138	65	0.999885
1	283	162	0.999764
1	314	76	0.999738
1	435	119	0.999637
0	381	268	0.999682
0	339	224	0.999717
0	97	77	0.999919
0	463	387	0.999613
1	342	194	0.999714
1	142	45	0.999881
0	470	465	0.999606
0	390	346	0.999673
1	385	146	0.999677
1	448	147	0.999624
1	237	89	0.999801
0	462	308	0.999612
1	481	153	0.999596
0	251	233	0.999789
1	377	166	0.999683
1	446	161	0.999625
0	453	382	0.999619
1	145	87	0.999878
0	398	271	0.999665
0	285	268	0.99976
0	409	269	0.999655
1	410	209	0.999654
0	423	333	0.999643
0	423	370	0.999643
0	199	154	0.999832
0	494	360	0.999583
1	283	148	0.999761
1	457	282	0.999614
0	464	430	0.999608
0	252	175	0.999787
0	491	325	0.999585
1	388	168	0.999672
0	233	225	0.999803
0	214	185	0.999819
1	468	252	0.999604
1	378	220	0.99968
0	489	343	0.999586
1	471	279	0.999601
1	140	72	0.999881
0	267	207	0.999773
0	486	475	0.999586
1	361	109	0.999692
1	116	63	0.999901
0	349	306	0.999702
1	110	38	0.999906
0	453	294	0.999613
1	361	147	0.999691
0	230	190	0.999803
1	477	206	0.999591
0	316	204	0.999729
1	380	153	0.999674
0	489	402	0.99958
0	194	175	0.999833
0	384	272	0.999669
1	283	143	0.999756
1	370	140	0.999681
0	80	62	0.999931
1	233	149	0.999799
1	393	142	0.999661
1	386	129	0.999667
0	318	291	0.999725
1	312	187	0.99973
1	416	92	0.99964
0	483	479	0.999582
0	448	443	0.999612
0	381	341	0.99967
1	226	53	0.999804
1	472	108	0.99959
0	343	340	0.999702
0	368	237	0.99968
0	376	264	0.999673
1	154	77	0.999866
1	385	106	0.999665
1	256	61	0.999777
0	349	262	0.999696
1	473	290	0.999588
0	452	402	0.999606
1	499	280	0.999564
1	397	237	0.999653
1	318	154	0.999722
0	453	443	0.999604
0	176	170	0.999846
1	320	170	0.99972
0	377	372	0.99967
1	442	270	0.999613
1	404	103	0.999646
0	138	125	0.999879
0	131	97	0.999885
1	319	88	0.99972
0	287	192	0.999748
1	279	81	0.999755
1	148	43	0.99987
1	442	218	0.999611
1	313	191	0.999724
0	406	337	0.999642
0	391	335	0.999655
1	420	151	0.999629
1	189	94	0.999833
0	352	294	0.999689
0	302	202	0.999733
1	312	99	0.999724
1	347	82	0.999693
0	304	207	0.999731
0	499	318	0.999558
1	377	183	0.999666
0	310	204	0.999725
1	373	190	0.999669
0	454	389	0.999597
1	455	274	0.999596
1	277	168	0.999754
1	304	173	0.99973
1	431	198	0.999617
1	467	184	0.999585
0	344	287	0.999694
1	110	34	0.999902
0	467	333	0.999584
0	434	324	0.999613
1	379	198	0.999662
1	176	45	0.999843
0	400	390	0.999643
1	493	142	0.99956
1	299	155	0.999733
1	477	198	0.999574
0	217	157	0.999806
1	471	202	0.999579
0	302	243	0.99973
1	458	131	0.99959
1	328	162	0.999706
1	482	304	0.999568
0	425	295	0.999619
0	184	144	0.999835
1	474	179	0.999575
1	484	213	0.999566
0	407	359	0.999635
1	465	245	0.999583
1	156	93	0.99986
0	254	169	0.999772
1	295	88	0.999735
0	306	293	0.999725
0	406	397	0.999635
0	495	428	0.999555
1	456	99	0.99959
0	456	432	0.99959
1	300	99	0.99973
1	225	89	0.999797
1	237	75	0.999786
0	248	225	0.999776
0	207	160	0.999813
1	437	149	0.999605
1	157	81	0.999858
0	491	469	0.999556
0	180	163	0.999837
0	328	284	0.999703
1	287	86	0.99974
0	322	284	0.999708
1	269	142	0.999756
0	475	429	0.999569
0	292	261	0.999735
1	455	243	0.999587
1	478	238	0.999566
1	424	117	0.999615
1	77	23	0.99993
1	408	148	0.999629
0	343	285	0.999688
0	100	71	0.999909
0	201	149	0.999817
1	426	217	0.999612
0	317	292	0.999711
1	91	21	0.999917
1	423	200	0.999614
1	391	244	0.999643
1	416	137	0.99962
1	301	166	0.999725
1	463	252	0.999577
1	453	136	0.999586
1	500	158	0.999543
1	361	227	0.99967
0	399	258	0.999635
1	306	190	0.99972
1	83	35	0.999924
0	190	136	0.999826
0	488	440	0.999553
1	358	177	0.999672
1	355	161	0.999674
0	345	297	0.999683
0	459	436	0.999578
1	250	146	0.99977
1	363	175	0.999666
0	495	328	0.999544
1	445	203	0.99959
1	458	242	0.999578
0	192	165	0.999823
0	439	354	0.999595
0	389	346	0.999641
1	248	95	0.999771
0	222	211	0.999795
0	53	50	0.999951
1	334	149	0.999691
0	388	296	0.999641
1	495	233	0.999542
1	402	227	0.999628
0	136	129	0.999874
0	204	184	0.999811
0	448	288	0.999585
0	138	118	0.999872
1	396	127	0.999632
1	185	99	0.999828
0	331	228	0.999692
0	460	352	0.999572
0	460	369	0.999572
0	433	387	0.999597
0	308	259	0.999713
0	299	244	0.999721
0	433	380	0.999596
1	121	66	0.999887
1	454	214	0.999576
0	500	492	0.999533
0	457	377	0.999573
0	123	107	0.999885
1	444	252	0.999585
0	308	228	0.999712
0	466	380	0.999564
1	328	140	0.999693
0	313	263	0.999707
0	427	286	0.9996
0	333	284	0.999688
1	335	157	0.999686
0	457	373	0.999571
1	100	41	0.999906
0	382	275	0.999641
0	400	325	0.999624
1	386	129	0.999637
0	324	310	0.999695
0	446	385	0.99958
1	413	173	0.999611
0	124	113	0.999883
1	338	192	0.999681
0	91	89	0.999914
1	473	164	0.999553
0	312	208	0.999705
0	461	330	0.999564
0	130	120	0.999877
0	462	452	0.999563
0	371	239	0.999649
0	75	58	0.999929
1	301	162	0.999715
0	227	219	0.999785
0	398	286	0.999623
1	153	92	0.999855
0	308	210	0.999708
1	155	66	0.999853
1	332	204	0.999685
1	294	93	0.999721
1	216	126	0.999795
0	460	410	0.999563
0	228	195	0.999783
1	393	126	0.999626
0	373	242	0.999645
1	437	141	0.999584
0	439	370	0.999582
0	274	264	0.999739
0	380	291	0.999638
1	191	57	0.999818
0	444	371	0.999577
1	497	292	0.999526
1	179	41	0.999829
0	359	349	0.999657
0	343	324	0.999672
1	184	81	0.999824
0	392	314	0.999625
0	303	240	0.99971
0	352	232	0.999663
1	424	212	0.999594
1	480	246	0.99954
1	121	60	0.999884
1	244	61	0.999766
0	245	174	0.999765
0	417	415	0.9996
0	222	207	0.999787
1	454	216	0.999564
0	331	267	0.999682
0	331	216	0.999682
1	129	75	0.999876
0	385	286	0.99963
0	480	349	0.999538
1	298	178	0.999713
1	406	175	0.999609
1	137	38	0.999868
0	438	374	0.999578
1	83	30	0.99992
0	456	329	0.99956
1	374	95	0.999639
1	461	256	0.999555
1	237	65	0.999771
0	242	153	0.999766
0	396	369	0.999617
0	308	253	0.999702
1	93	38	0.99991
1	463	230	0.999552
0	377	374	0.999635
0	253	227	0.999755
0	253	186	0.999755
0	317	211	0.999693
0	351	243	0.99966
1	487	158	0.999528
1	489	136	0.999526
0	198	153	0.999808
1	426	165	0.999587
0	100	71	0.999903
0	400	328	0.999612
0	412	310	0.9996
1	174	60	0.999831
1	347	201	0.999663
1	244	144	0.999763
1	453	121	0.99956
0	177	172	0.999828
0	323	259	0.999686
1	219	120	0.999787
0	293	276	0.999715
1	447	244	0.999565
0	350	339	0.999659
1	391	203	0.999619
0	238	200	0.999768
1	475	174	0.999537
1	491	208	0.999521
1	453	147	0.999558
0	208	178	0.999797
1	291	163	0.999716
1	335	176	0.999673
1	294	131	0.999713
1	295	123	0.999712
0	302	234	0.999705
0	438	331	0.999572
1	280	78	0.999726
0	490	430	0.99952
1	354	149	0.999653
1	417	230	0.999591
1	325	121	0.999681
0	354	255	0.999652
0	481	329	0.999527
1	401	178	0.999605
0	418	330	0.999588
1	215	118	0.999788
1	150	59	0.999852
1	399	137	0.999606
0	168	144	0.999834
1	271	96	0.999732
1	275	73	0.999728
0	94	70	0.999907
0	457	365	0.999548
1	466	200	0.999539
0	285	236	0.999718
0	381	318	0.999623
1	200	118	0.999802
0	323	224	0.99968
1	224	109	0.999778
1	453	220	0.999551
0	120	96	0.999881
0	122	88	0.999879
1	476	265	0.999528
1	251	136	0.999751
0	128	122	0.999873
1	138	80	0.999863
1	405	167	0.999598
0	279	232	0.999723
0	291	260	0.999711
0	432	431	0.999571
0	324	219	0.999678
1	349	132	0.999653
1	380	204	0.999622
1	403	100	0.999599
1	417	137	0.999585
0	467	406	0.999535
0	479	419	0.999523
1	309	164	0.999692
1	332	90	0.999669
0	397	348	0.999604
1	92	49	0.999908
0	171	119	0.999829
0	241	149	0.999759
1	269	128	0.999731
0	272	270	0.999728
1	331	159	0.999669
1	332	79	0.999668
1	338	139	0.999662
1	460	228	0.99954
1	470	194	0.999529
1	457	226	0.999542
0	379	276	0.99962
1	313	141	0.999686
1	306	66	0.999693
0	298	206	0.999701
1	282	132	0.999717
1	228	86	0.999771
1	463	214	0.999535
0	454	397	0.999544
0	408	256	0.99959
0	317	196	0.999681
0	466	329	0.999531
0	427	400	0.99957
0	387	339	0.99961
0	500	354	0.999496
0	498	386	0.999498
1	225	125	0.999773
1	335	132	0.999662
0	107	97	0.999892
1	211	126	0.999787
0	417	277	0.999579
0	407	390	0.999589
1	398	85	0.999598
1	294	177	0.999703
1	93	51	0.999906
0	480	374	0.999515
0	480	313	0.999515
0	271	233	0.999726
0	264	253	0.999733
1	445	125	0.99955
1	331	151	0.999665
1	322	110	0.999674
1	239	56	0.999758
1	236	134	0.999761
1	235	50	0.999762
1	231	125	0.999766
0	361	239	0.999634
1	287	88	0.999709
1	214	78	0.999783
1	412	234	0.999582
0	402	381	0.999592
1	471	187	0.999522
1	314	168	0.999681
1	186	65	0.999811
0	246	208	0.99975
0	363	268	0.999631
0	360	278	0.999634
0	337	307	0.999657
0	222	211	0.999774
1	278	88	0.999717
0	163	161	0.999834
0	492	419	0.999499
0	489	438	0.999502
1	433	250	0.999559
0	213	156	0.999783
1	481	187	0.99951
0	371	309	0.999622
0	104	84	0.999894
1	352	91	0.999641
1	495	265	0.999495
0	437	348	0.999554
1	139	49	0.999858
1	355	152	0.999637
1	460	267	0.999529
1	409	124	0.999581
0	392	378	0.999598
0	454	337	0.999534
1	480	222	0.999507
0	319	255	0.999672
0	247	239	0.999746
1	281	150	0.999711
0	419	347	0.999569
1	230	59	0.999763
0	463	308	0.999523
1	411	96	0.999576
1	249	95	0.999743
1	308	167	0.999682
1	183	64	0.999811
0	450	359	0.999535
1	450	203	0.999535
0	440	369	0.999545
0	440	361	0.999545
0	410	306	0.999576
0	368	348	0.999619
1	196	74	0.999797
1	275	119	0.999715
1	241	56	0.99975
0	306	293	0.999682
0	486	349	0.999495
0	482	353	0.999499
0	328	234	0.999659
0	430	262	0.999553
0	300	215	0.999688
0	448	298	0.999534
1	467	205	0.999514
0	417	381	0.999566
1	317	190	0.99967
0	445	366	0.999536
0	279	218	0.999709
0	416	294	0.999566
0	229	177	0.999761
0	362	352	0.999622
0	430	391	0.999551
0	157	120	0.999836
1	451	126	0.999529
1	177	87	0.999815
1	220	105	0.99977
0	476	334	0.999502
1	386	166	0.999596
1	125	30	0.999869
0	430	345	0.999549
1	446	124	0.999532
0	159	154	0.999833
1	256	55	0.999731
0	294	209	0.999691
0	308	250	0.999676
0	190	129	0.9998
0	353	270	0.999628
0	406	395	0.999572
1	350	156	0.999631
1	91	37	0.999904
0	303	297	0.99968
0	461	360	0.999513
1	435	110	0.99954
1	259	67	0.999726
1	309	138	0.999673
1	308	125	0.999674
1	389	225	0.999588
0	201	199	0.999787
1	296	103	0.999686
1	476	171	0.999495
0	422	298	0.999552
1	469	159	0.999502
0	371	341	0.999606
0	224	200	0.999762
0	288	280	0.999694
0	398	328	0.999577
1	316	70	0.999664
0	490	431	0.999479
0	436	432	0.999536
1	418	115	0.999555
1	338	116	0.99964
1	413	227	0.99956
0	258	195	0.999725
1	441	191	0.99953
1	425	178	0.999547
0	317	263	0.999662
0	438	322	0.999533
0	453	428	0.999517
1	392	119	0.999582
0	403	246	0.99957
0	118	89	0.999874
1	396	125	0.999577
1	333	131	0.999644
0	434	323	0.999536
1	230	97	0.999754
1	407	173	0.999564
0	236	226	0.999747
1	262	86	0.999719
0	456	358	0.999511
1	234	112	0.999749
1	482	193	0.999483
0	421	386	0.999548
1	243	106	0.999739
1	359	185	0.999614
0	145	123	0.999844
1	383	91	0.999588
1	421	172	0.999547
1	469	193	0.999495
1	311	81	0.999665
0	360	279	0.999612
1	398	115	0.999571
1	307	110	0.999669
1	446	109	0.999519
1	471	191	0.999492
1	352	169	0.99962
0	453	430	0.999511
1	250	103	0.99973
0	387	284	0.999582
1	424	93	0.999542
0	236	168	0.999745
0	409	376	0.999558
0	283	195	0.999694
1	406	171	0.999561
0	475	373	0.999486
1	377	225	0.999592
0	315	243	0.999659
0	278	191	0.999699
0	227	139	0.999754
0	346	332	0.999625
0	153	112	0.999834
0	200	188	0.999783
0	484	468	0.999475
1	152	48	0.999835
0	187	154	0.999797
0	431	325	0.999532
0	231	156	0.999749
0	126	116	0.999863
0	331	304	0.99964
0	262	169	0.999715
0	330	306	0.999641
0	181	137	0.999803
1	360	128	0.999608
1	123	70	0.999866
0	313	284	0.999659
1	410	142	0.999553
0	276	183	0.999699
1	487	121	0.999469
1	419	127	0.999543
0	429	417	0.999532
1	296	163	0.999677
0	415	342	0.999547
0	227	151	0.999752
1	487	219	0.999468
1	356	209	0.999611
0	75	52	0.999918
1	311	72	0.99966
0	451	423	0.999507
0	203	162	0.999778
1	458	182	0.999499
0	414	332	0.999547
0	495	414	0.999458
0	473	411	0.999482
0	367	329	0.999598
1	332	82	0.999636
1	207	84	0.999773
1	352	90	0.999614
0	267	248	0.999707
0	204	178	0.999776
1	408	106	0.999552
1	315	135	0.999654
1	325	105	0.999643
1	465	242	0.999489
1	372	93	0.999591
0	160	130	0.999824
0	429	360	0.999528
1	447	115	0.999508
1	452	218	0.999502
1	422	195	0.999535
0	487	325	0.999463
1	318	156	0.999649
0	153	118	0.999831
1	268	149	0.999704
0	229	162	0.999747
1	455	170	0.999497
0	435	401	0.999519
0	434	264	0.99952
1	414	180	0.999542
0	356	307	0.999606
0	148	122	0.999836
1	222	96	0.999754
1	402	195	0.999554
0	244	160	0.999729
1	370	109	0.999589
1	393	175	0.999563
0	97	60	0.999892
0	371	343	0.999587
0	484	342	0.999461
0	404	317	0.99955
1	460	238	0.999487
0	423	301	0.999528
0	172	157	0.999808
0	497	313	0.999445
0	322	212	0.99964
1	203	97	0.999773
0	169	137	0.999811
1	440	98	0.999508
1	337	191	0.999623
1	336	171	0.999624
1	409	224	0.999542
0	233	231	0.999739
0	224	214	0.999749
1	254	126	0.999715
0	286	232	0.999679
1	417	247	0.999532
0	464	327	0.999479
0	373	241	0.999581
0	485	460	0.999455
1	481	153	0.999459
0	496	328	0.999442
0	335	301	0.999623
0	415	360	0.999533
0	215	201	0.999758
0	127	89	0.999857
1	294	149	0.999669
0	397	306	0.999553
0	149	97	0.999832
0	423	267	0.999523
1	476	199	0.999463
1	217	106	0.999755
0	341	338	0.999615
1	192	55	0.999783
1	92	22	0.999896
0	344	342	0.999611
1	403	91	0.999544
1	303	154	0.999657
1	303	146	0.999657
1	477	183	0.99946
0	491	476	0.999444
0	392	345	0.999556
1	452	111	0.999488
1	388	214	0.99956
0	238	162	0.99973
1	476	255	0.99946
1	126	64	0.999857
0	480	285	0.999455
1	492	237	0.999441
1	249	56	0.999717
0	418	286	0.999525
1	351	164	0.999601
1	444	111	0.999495
1	428	176	0.999513
0	449	368	0.999489
1	463	204	0.999473
0	441	272	0.999498
1	332	117	0.999622
0	403	353	0.999541
0	316	221	0.99964
0	373	247	0.999575
1	143	45	0.999837
0	150	106	0.999829
0	157	93	0.999821
1	450	248	0.999487
0	424	381	0.999516
0	466	309	0.999468
1	288	88	0.999671
0	406	363	0.999536
0	469	294	0.999464
1	349	191	0.999601
0	447	323	0.999489
0	174	166	0.999801
0	453	364	0.999482
0	69	65	0.999921
0	165	129	0.999811
1	489	150	0.99944
0	412	256	0.999528
0	474	404	0.999457
0	342	320	0.999608
0	312	298	0.999642
1	142	40	0.999837
0	196	136	0.999775
0	324	211	0.999628
1	431	254	0.999505
1	248	90	0.999715
0	352	328	0.999595
0	285	280	0.999672
0	283	188	0.999674
0	144	116	0.999834
1	413	213	0.999524
0	380	264	0.999562
1	439	229	0.999494
1	287	82	0.999669
0	325	294	0.999625
0	167	135	0.999807
0	489	381	0.999435
0	392	295	0.999547
1	475	259	0.999451
1	449	106	0.999481
1	441	95	0.99949
0	153	134	0.999823
1	338	164	0.999609
1	471	154	0.999455
0	296	191	0.999657
1	491	205	0.999431
1	370	83	0.999571
0	362	359	0.99958
0	280	249	0.999675
0	80	71	0.999907
0	314	271	0.999635
1	165	61	0.999808
0	428	413	0.999502
1	329	187	0.999617
1	274	144	0.999681
0	335	241	0.99961
1	414	140	0.999518
1	151	71	0.999824
0	381	264	0.999556
0	338	278	0.999606
1	325	89	0.999621
0	474	306	0.999447
0	460	351	0.999463
0	442	301	0.999484
0	137	134	0.99984
1	101	35	0.999882
0	201	139	0.999765
0	432	267	0.999495
0	360	356	0.999579
0	365	277	0.999573
0	305	197	0.999643
1	356	99	0.999583
1	268	138	0.999686
0	361	341	0.999577
0	209	167	0.999755
1	214	107	0.999749
1	213	115	0.99975
0	420	341	0.999507
1	416	237	0.999511
0	347	243	0.999592
1	250	71	0.999706
0	261	237	0.999693
1	261	138	0.999693
0	457	344	0.999462
1	427	143	0.999497
0	112	87	0.999868
0	404	311	0.999524
1	485	280	0.999428
0	460	339	0.999457
1	105	53	0.999876
1	188	78	0.999778
0	482	331	0.999431
1	470	155	0.999445
0	374	259	0.999558
1	451	193	0.999467
1	387	219	0.999542
1	376	211	0.999555
0	291	236	0.999655
0	161	121	0.999809
1	69	19	0.999918
1	436	191	0.999482
0	191	154	0.999773
0	291	223	0.999654
0	492	462	0.999415
0	444	321	0.999472
0	311	280	0.99963
0	480	435	0.999429
1	473	104	0.999437
1	165	87	0.999803
0	376	365	0.999551
1	370	121	0.999558
0	236	232	0.999718
0	123	73	0.999853
1	446	205	0.999467
0	179	156	0.999786
0	138	135	0.999835
0	230	158	0.999725
1	440	145	0.999474
1	56	19	0.999933
1	219	74	0.999738
0	433	322	0.999482
1	402	187	0.999519
0	306	289	0.999633
1	351	90	0.999579
0	50	36	0.99994
0	200	199	0.99976
0	434	332	0.999479
0	249	175	0.999701
1	209	56	0.999749
0	366	342	0.99956
1	316	159	0.99962
0	296	201	0.999644
1	383	111	0.999539
1	466	163	0.999439
1	402	109	0.999516
0	274	166	0.99967
1	445	215	0.999464
0	493	336	0.999406
1	102	42	0.999877
0	403	348	0.999514
0	218	203	0.999737
0	87	60	0.999895
0	178	148	0.999785
0	178	174	0.999785
1	385	96	0.999535
1	278	74	0.999664
1	268	62	0.999676
0	488	413	0.99941
0	228	137	0.999724
1	123	64	0.999851
0	265	235	0.999679
1	374	127	0.999547
1	345	173	0.999582
1	127	64	0.999846
1	452	186	0.999452
1	225	115	0.999727
1	460	211	0.999442
0	487	452	0.999409
0	364	340	0.999558
1	331	131	0.999598
0	302	287	0.999633
0	362	292	0.99956
0	333	211	0.999595
0	225	179	0.999726
1	423	101	0.999485
0	349	208	0.999575
0	431	283	0.999475
0	169	138	0.999794
1	201	80	0.999755
1	473	251	0.999423
0	307	200	0.999625
1	261	120	0.999681
1	468	128	0.999428
1	495	176	0.999395
0	107	78	0.999869
0	303	252	0.999629
0	410	388	0.999498
0	378	353	0.999537
1	262	123	0.999679
1	204	79	0.99975
1	372	209	0.999544
0	434	405	0.999468
0	437	363	0.999464
1	419	90	0.999486
1	176	57	0.999784
0	462	291	0.999433
0	453	407	0.999444
0	391	338	0.99952
0	271	173	0.999667
0	420	310	0.999484
0	340	326	0.999582
0	431	279	0.99947
1	461	224	0.999433
0	499	493	0.999386
0	466	373	0.999426
0	336	323	0.999586
1	337	76	0.999584
1	478	126	0.99941
1	345	130	0.999574
1	409	94	0.999495
1	315	165	0.999611
0	225	139	0.999722
0	411	309	0.999492
0	224	151	0.999723
1	286	107	0.999646
0	214	140	0.999735
1	302	106	0.999626
0	465	464	0.999424
0	280	180	0.999653
1	284	154	0.999648
0	388	387	0.999519
1	421	158	0.999478
0	345	296	0.999572
0	448	346	0.999444
0	481	378	0.999403
0	298	284	0.99963
1	356	137	0.999558
0	272	210	0.999662
0	185	133	0.99977
0	325	243	0.999596
0	362	281	0.99955
0	300	175	0.999627
0	246	199	0.999694
1	208	109	0.999741
1	351	136	0.999563
0	396	267	0.999507
0	400	307	0.999502
1	118	31	0.999853
0	440	290	0.999452
0	293	234	0.999635
1	435	136	0.999458
1	381	93	0.999525
0	356	284	0.999556
0	420	252	0.999476
0	355	331	0.999557
0	452	295	0.999436
1	330	146	0.999588
0	257	197	0.999679
1	339	143	0.999576
0	187	167	0.999766
0	374	222	0.999532
0	234	194	0.999707
1	79	29	0.999901
1	332	150	0.999584
0	300	267	0.999624
1	386	84	0.999516
0	354	274	0.999556
0	121	83	0.999848
1	418	178	0.999475
0	390	265	0.99951
1	440	133	0.999447
0	373	319	0.999531
1	334	108	0.99958
0	330	265	0.999585
1	477	269	0.9994
1	178	94	0.999776
0	329	258	0.999586
1	277	133	0.999651
0	323	255	0.999593
1	207	88	0.999739
0	230	206	0.99971
1	468	198	0.99941
1	329	148	0.999585
0	137	108	0.999827
1	434	125	0.999452
0	266	235	0.999664
0	285	261	0.99964
1	296	104	0.999626
1	320	115	0.999595
0	399	271	0.999495
1	210	69	0.999734
0	311	249	0.999606
1	475	217	0.999398
1	280	154	0.999645
0	235	196	0.999702
0	149	145	0.999811
0	309	199	0.999608
1	186	72	0.999764
1	424	170	0.999462
0	334	217	0.999576
0	482	395	0.999388
0	452	363	0.999426
0	478	470	0.999393
0	429	271	0.999455
0	299	252	0.99962
0	199	154	0.999747
1	136	33	0.999827
0	397	271	0.999495
1	323	136	0.999589
1	297	134	0.999622
1	194	47	0.999753
0	252	235	0.999679
0	468	372	0.999404
1	208	107	0.999735
0	431	262	0.999451
1	332	171	0.999577
0	215	198	0.999726
1	277	89	0.999647
1	474	236	0.999396
0	331	207	0.999578
0	323	321	0.999588
0	123	102	0.999843
1	413	179	0.999473
1	322	110	0.999589
0	282	255	0.99964
1	173	69	0.999779
0	144	110	0.999816
1	194	106	0.999752
1	165	86	0.999789
0	340	255	0.999565
0	423	286	0.999458
1	202	91	0.999741
1	351	137	0.99955
1	198	48	0.999746
1	452	163	0.99942
0	243	166	0.999688
0	253	250	0.999675
1	376	120	0.999517
1	207	102	0.999734
0	456	432	0.999414
1	473	166	0.999392
1	139	60	0.999821
1	327	175	0.999579
0	285	264	0.999633
0	417	334	0.999463
0	350	282	0.999549
0	263	208	0.999661
1	363	84	0.999532
0	452	396	0.999417
1	369	118	0.999524
0	417	391	0.999462
1	134	53	0.999827
1	375	202	0.999516
0	305	208	0.999606
1	284	154	0.999633
0	475	278	0.999386
0	436	299	0.999436
0	180	160	0.999767
0	384	345	0.999503
0	370	321	0.999521
0	271	225	0.999649
0	461	407	0.999403
1	454	237	0.999412
1	396	157	0.999487
1	423	181	0.999452
1	466	225	0.999396
1	435	150	0.999436
1	138	71	0.999821
0	374	315	0.999515
0	420	255	0.999455
0	420	380	0.999455
0	308	185	0.9996
1	338	97	0.999561
0	462	376	0.9994
0	90	57	0.999883
0	213	191	0.999723
1	113	27	0.999853
1	385	92	0.999499
0	337	326	0.999561
0	366	284	0.999523
1	457	260	0.999404
0	236	213	0.999692
1	439	232	0.999427
0	170	146	0.999778
1	314	131	0.99959
0	402	343	0.999475
1	241	72	0.999685
1	166	61	0.999783
1	430	235	0.999438
0	306	185	0.9996
0	332	246	0.999566
0	429	324	0.999439
1	295	134	0.999614
1	324	91	0.999576
1	424	220	0.999445
0	213	123	0.999721
1	251	63	0.999671
0	440	428	0.999423
0	452	307	0.999407
1	243	65	0.999681
1	452	114	0.999406
1	334	141	0.999561
0	82	49	0.999892
1	413	169	0.999456
1	198	66	0.999739
0	232	160	0.999694
1	375	123	0.999505
1	131	60	0.999827
1	453	249	0.999402
1	392	157	0.999482
1	261	79	0.999655
0	189	147	0.99975
0	421	315	0.999443
0	429	395	0.999432
0	367	239	0.999514
0	391	378	0.999482
0	397	234	0.999474
1	363	97	0.999519
0	409	304	0.999458
1	429	152	0.999431
0	389	254	0.999484
1	318	180	0.999578
0	275	248	0.999635
0	420	317	0.999442
1	176	96	0.999766
0	300	202	0.999601
0	145	138	0.999807
1	290	150	0.999614
1	395	117	0.999474
1	186	81	0.999752
1	408	172	0.999456
0	447	330	0.999404
0	269	233	0.999641
1	251	64	0.999665
1	215	61	0.999713
0	456	307	0.999391
0	193	190	0.999742
0	440	369	0.999412
0	71	59	0.999905
1	186	51	0.999751
1	300	117	0.999598
0	347	326	0.999535
1	326	80	0.999563
0	308	288	0.999587
1	205	98	0.999725
1	278	108	0.999627
0	275	231	0.99963
0	326	229	0.999561
0	444	440	0.999402
0	397	279	0.999465
1	373	191	0.999497
0	350	206	0.999528
0	83	68	0.999888
1	343	179	0.999537
1	300	135	0.999595
0	300	210	0.999595
0	237	182	0.99968
0	368	274	0.999503
0	185	180	0.99975
1	256	137	0.999654
0	179	134	0.999758
1	372	210	0.999497
0	349	278	0.999528
1	309	171	0.999582
0	345	261	0.999533
1	452	127	0.999388
0	293	197	0.999603
0	338	308	0.999542
1	391	160	0.99947
1	202	62	0.999726
1	379	136	0.999486
1	375	153	0.999491
0	232	165	0.999685
1	433	113	0.999412
1	374	80	0.999492
1	117	47	0.999841
0	167	161	0.999773
1	373	115	0.999493
1	214	64	0.999709
1	125	27	0.99983
1	445	191	0.999395
1	319	90	0.999566
1	155	54	0.999789
0	409	263	0.999443
1	195	107	0.999734
0	431	263	0.999412
1	148	39	0.999798
0	356	277	0.999514
0	153	137	0.999791
0	446	350	0.999391
0	349	231	0.999523
0	392	342	0.999464
0	190	148	0.99974
0	141	130	0.999807
0	426	314	0.999417
1	298	134	0.999592
1	222	88	0.999696
0	127	73	0.999826
0	232	202	0.999682
1	280	81	0.999616
0	59	38	0.999919
1	400	111	0.999451
1	365	145	0.999499
1	402	163	0.999448
0	246	197	0.999662
0	326	282	0.999552
1	355	87	0.999512
1	240	60	0.99967
0	328	316	0.999549
0	205	120	0.999718
0	173	100	0.999762
1	274	125	0.999623
1	377	111	0.999481
0	236	219	0.999675
1	394	165	0.999457
0	431	285	0.999406
0	243	209	0.999665
0	425	242	0.999414
1	255	113	0.999648
1	176	96	0.999757
0	97	91	0.999866
0	391	372	0.99946
0	152	126	0.99979
1	446	115	0.999384
0	262	202	0.999638
1	290	146	0.999599
1	282	100	0.99961
1	120	30	0.999834
0	373	264	0.999484
1	195	57	0.99973
0	124	112	0.999828
0	419	278	0.999419
0	437	352	0.999394
1	359	140	0.999502
1	294	111	0.999592
0	330	195	0.999542
0	206	202	0.999714
0	193	180	0.999732
0	308	279	0.999572
0	141	102	0.999804
0	372	302	0.999483
0	269	237	0.999626
1	151	82	0.99979
1	302	104	0.99958
0	302	226	0.99958
1	324	125	0.999549
0	311	279	0.999567
0	84	75	0.999883
1	400	179	0.999443
0	211	136	0.999706
1	353	133	0.999508
0	337	293	0.99953
1	372	131	0.999481
0	301	227	0.99958
0	189	185	0.999736
1	365	174	0.99949
0	168	126	0.999765
0	379	275	0.99947
0	340	248	0.999524
0	367	345	0.999486
1	404	154	0.999434
0	259	252	0.999637
1	234	86	0.999672
0	92	52	0.999871
1	296	113	0.999585
0	323	194	0.999547
1	235	89	0.99967
1	239	97	0.999664
1	392	107	0.999449
0	330	191	0.999536
0	150	92	0.999789
0	332	276	0.999533
0	433	318	0.999391
0	206	118	0.99971
1	159	77	0.999776
0	159	124	0.999776
1	144	76	0.999797
0	327	213	0.999539
0	344	218	0.999515
0	312	220	0.99956
0	372	309	0.999475
1	330	118	0.999534
1	240	105	0.999661
0	349	307	0.999507
0	315	234	0.999555
1	230	99	0.999675
0	326	295	0.999539
0	313	309	0.999557
1	291	110	0.999588
1	387	162	0.999452
0	120	102	0.99983
1	435	241	0.999384
1	168	89	0.999762
0	389	350	0.999449
0	91	81	0.999871
0	146	132	0.999793
0	172	139	0.999756
1	427	149	0.999394
0	164	147	0.999767
1	318	96	0.999548
0	391	359	0.999444
0	251	187	0.999643
0	416	265	0.999408
0	330	321	0.99953
1	245	135	0.999651
1	410	119	0.999416
0	332	313	0.999527
1	200	72	0.999715
0	345	271	0.999508
0	262	208	0.999626
1	334	152	0.999523
1	114	49	0.999837
0	86	83	0.999877
0	290	194	0.999585
0	369	256	0.999472
1	385	214	0.999449
0	285	222	0.999592
0	408	242	0.999416
1	425	149	0.999391
1	106	29	0.999848
1	175	79	0.999749
1	401	210	0.999425
1	92	32	0.999868
1	154	38	0.999779
1	110	46	0.999842
1	243	107	0.999651
0	229	217	0.999671
1	424	122	0.999391
0	247	228	0.999645
0	294	247	0.999577
0	353	246	0.999492
1	207	111	0.999702
0	323	238	0.999535
1	290	118	0.999582
0	231	194	0.999667
0	358	331	0.999484
0	317	316	0.999543
0	70	55	0.999899
0	314	256	0.999547
0	415	318	0.999401
0	374	315	0.99946
0	328	317	0.999526
0	388	276	0.999439
1	251	70	0.999637
1	85	34	0.999877
0	199	114	0.999712
0	237	226	0.999657
0	335	321	0.999515
1	165	79	0.999761
1	395	154	0.999428
1	359	180	0.99948
0	149	119	0.999784
0	206	165	0.999701
0	352	277	0.999489
0	199	112	0.999711
0	320	205	0.999535
0	247	157	0.999641
0	337	335	0.99951
1	412	190	0.999401
0	412	315	0.999401
1	235	67	0.999658
1	305	107	0.999556
1	177	62	0.999742
0	225	182	0.999672
1	411	224	0.999401
0	389	361	0.999433
0	179	118	0.999739
0	402	282	0.999414
1	146	55	0.999787
1	281	116	0.99959
0	185	130	0.99973
0	259	194	0.999622
0	285	272	0.999584
0	215	187	0.999686
1	402	161	0.999413
1	115	42	0.999832
0	395	295	0.999423
1	232	86	0.999661
1	78	31	0.999886
1	275	102	0.999598
0	396	262	0.999421
1	268	70	0.999608
1	263	104	0.999615
0	71	63	0.999896
0	254	210	0.999628
1	374	108	0.999452
1	262	82	0.999616
0	397	377	0.999418
0	401	243	0.999412
1	308	121	0.999548
1	348	184	0.999489
1	333	171	0.999511
0	292	187	0.999571
1	326	105	0.999521
1	408	175	0.9994
1	325	142	0.999522
0	244	233	0.999641
0	325	184	0.999521
1	398	132	0.999413
0	143	139	0.999789
1	103	50	0.999848
1	366	133	0.99946
0	168	134	0.999752
0	386	370	0.99943
1	180	86	0.999734
0	117	81	0.999827
0	209	169	0.999691
1	394	191	0.999417
0	156	101	0.999769
0	368	340	0.999455
1	265	108	0.999607
1	356	137	0.999472
0	188	115	0.999721
0	403	289	0.999402
0	305	199	0.999547
1	375	187	0.999443
0	412	273	0.999388
0	290	209	0.999569
1	360	123	0.999465
0	349	253	0.999481
0	381	345	0.999433
0	383	255	0.99943
1	280	128	0.999583
0	382	319	0.999431
1	214	109	0.999681
1	389	155	0.99942
0	181	174	0.99973
0	336	218	0.999498
0	95	53	0.999858
0	113	68	0.999831
0	256	159	0.999617
0	177	139	0.999735
1	317	93	0.999525
0	321	289	0.999519
1	248	53	0.999628
0	316	194	0.999525
1	166	83	0.99975
0	322	227	0.999515
1	136	63	0.999795
0	254	206	0.999617
0	380	371	0.999427
1	224	117	0.999662
0	222	198	0.999665
1	273	99	0.999588
1	365	96	0.999449
0	341	267	0.999484
0	376	245	0.999431
0	237	135	0.999641
1	340	109	0.999485
0	334	333	0.999494
0	390	253	0.999409
0	314	280	0.999524
1	211	110	0.99968
1	209	77	0.999683
1	207	56	0.999686
0	323	252	0.99951
1	314	129	0.999523
0	258	190	0.999608
0	144	111	0.999781
1	205	102	0.999688
1	180	95	0.999726
1	304	97	0.999537
1	145	40	0.999779
0	353	311	0.999462
0	331	317	0.999495
0	281	248	0.999571
0	182	172	0.999722
1	396	136	0.999395
1	303	153	0.999537
0	355	212	0.999457
1	268	106	0.99959
1	249	116	0.999619
1	381	122	0.999417
0	226	210	0.999654
1	292	104	0.999553
0	254	214	0.999611
0	299	181	0.999542
0	233	178	0.999643
1	165	50	0.999747
0	376	285	0.999423
1	353	81	0.999458
0	248	163	0.999619
1	356	119	0.999453
0	300	199	0.999539
1	339	183	0.999479
0	188	154	0.999711
1	364	177	0.99944
0	219	130	0.999663
1	76	31	0.999883
0	384	281	0.999409
0	213	133	0.999672
0	244	203	0.999624
1	144	42	0.999778
1	345	118	0.999468
0	383	344	0.999409
1	171	69	0.999736
1	353	130	0.999455
0	99	77	0.999847
1	284	153	0.999561
0	339	285	0.999476
1	291	108	0.99955
1	301	137	0.999534
0	355	343	0.99945
0	300	201	0.999535
0	345	268	0.999465
1	370	156	0.999426
0	219	217	0.99966
0	257	245	0.999601
0	307	306	0.999523
0	307	172	0.999523
1	262	79	0.999592
1	340	161	0.99947
1	218	63	0.99966
1	187	56	0.999708
0	390	292	0.999391
0	183	177	0.999714
0	183	167	0.999714
1	238	74	0.999628
1	328	149	0.999487
1	342	122	0.999465
0	333	250	0.999479
0	376	363	0.999411
1	365	193	0.999428
0	241	209	0.999622
1	123	34	0.999807
0	376	336	0.99941
0	230	183	0.999639
0	298	262	0.999532
1	361	127	0.999433
0	182	125	0.999714
1	361	197	0.999432
0	347	316	0.999454
0	149	92	0.999765
0	260	203	0.99959
0	371	325	0.999415
0	284	208	0.999552
0	204	176	0.999678
0	332	330	0.999475
1	360	117	0.99943
0	346	268	0.999452
1	373	127	0.999409
0	287	275	0.999545
0	285	237	0.999548
1	203	81	0.999678
1	170	76	0.99973
0	364	312	0.999422
0	294	186	0.999533
0	186	109	0.999704
0	383	256	0.99939
0	284	181	0.999547
0	141	105	0.999775
0	62	49	0.999901
0	119	106	0.99981
0	352	323	0.999438
1	165	84	0.999736
1	268	126	0.999571
0	298	172	0.999523
0	299	277	0.999521
0	269	165	0.999569
1	352	180	0.999436
0	91	69	0.999854
0	347	257	0.999443
1	287	134	0.999539
1	381	102	0.999387
0	353	352	0.999432
0	341	266	0.999451
0	276	234	0.999555
1	135	59	0.999782
0	237	156	0.999617
0	341	217	0.999449
0	193	129	0.999688
1	201	61	0.999675
0	319	214	0.999484
0	199	111	0.999678
0	351	325	0.999432
0	358	214	0.99942
1	145	48	0.999765
0	320	261	0.999481
0	344	191	0.999442
1	249	119	0.999596
1	376	137	0.99939
1	69	15	0.999888
0	366	365	0.999406
0	226	211	0.999633
0	221	134	0.999641
0	200	130	0.999675
0	375	352	0.99939
1	255	83	0.999585
0	306	268	0.999502
0	309	231	0.999497
0	250	192	0.999593
1	305	135	0.999503
1	157	77	0.999744
1	347	84	0.999434
0	266	171	0.999566
1	332	158	0.999458
1	354	169	0.999422
0	183	130	0.999701
0	371	283	0.999394
1	339	135	0.999446
0	357	231	0.999416
0	264	183	0.999568
0	69	47	0.999887
1	254	89	0.999584
1	339	99	0.999444
0	295	210	0.999516
0	210	150	0.999655
1	143	45	0.999765
0	180	114	0.999704
0	166	138	0.999727
1	107	56	0.999824
1	242	84	0.999602
0	138	85	0.999773
1	138	49	0.999773
0	186	172	0.999694
0	110	78	0.999819
1	296	94	0.999513
1	167	59	0.999725
0	238	181	0.999608
0	320	296	0.999473
0	306	200	0.999496
0	211	190	0.999652
1	234	122	0.999614
1	200	58	0.99967
1	226	74	0.999627
0	89	66	0.999853
0	198	182	0.999673
0	328	217	0.999458
0	291	210	0.999519
0	127	115	0.99979
0	335	220	0.999446
0	258	165	0.999573
1	328	122	0.999457
0	343	318	0.999432
0	204	125	0.999662
0	339	262	0.999438
1	300	111	0.999502
0	253	244	0.999579
0	277	219	0.999539
1	292	151	0.999514
1	248	134	0.999587
0	171	100	0.999715
0	298	206	0.999503
1	145	74	0.999758
1	355	121	0.999407
0	298	188	0.999502
1	286	144	0.999522
0	326	312	0.999455
0	291	257	0.999513
0	310	224	0.999481
1	357	120	0.999402
1	341	145	0.999428
0	311	232	0.999478
0	184	140	0.999691
0	328	249	0.999449
1	191	46	0.999679
0	281	260	0.999527
0	360	232	0.999394
1	308	66	0.999481
1	297	146	0.999499
0	364	223	0.999386
1	272	147	0.999541
1	218	118	0.999632
1	308	100	0.99948
0	305	291	0.999485
1	280	64	0.999527
0	213	152	0.99964
1	328	148	0.999444
1	283	144	0.99952
0	306	255	0.999481
0	343	264	0.999418
0	284	245	0.999518
0	126	103	0.999786
1	113	58	0.999808
0	233	182	0.999604
0	243	158	0.999587
0	230	177	0.999609
0	147	91	0.99975
1	291	135	0.999505
0	223	166	0.99962
0	248	206	0.999577
0	321	301	0.999452
0	89	84	0.999848
0	332	214	0.999433
1	322	107	0.99945
0	179	129	0.999694
1	338	79	0.999422
0	304	234	0.99948
0	52	47	0.999911
0	316	282	0.999459
0	105	85	0.99982
0	259	165	0.999556
1	197	79	0.999662
1	341	120	0.999415
0	299	239	0.999487
1	192	73	0.99967
0	57	33	0.999902
0	314	177	0.99946
1	344	146	0.999408
0	327	289	0.999436
0	346	196	0.999402
0	134	119	0.999768
0	86	50	0.999851
0	239	185	0.999586
1	355	178	0.999385
1	252	108	0.999563
0	152	86	0.999736
1	346	98	0.999399
0	335	253	0.999417
1	191	97	0.999667
0	199	115	0.999653
1	237	58	0.999586
0	253	240	0.999558
0	352	211	0.999385
1	279	89	0.999512
0	335	256	0.999414
1	196	60	0.999657
0	278	210	0.999513
0	227	225	0.999602
1	110	53	0.999807
1	208	82	0.999635
0	238	138	0.999582
0	328	306	0.999424
0	274	250	0.999518
0	321	190	0.999435
0	323	175	0.999431
0	326	293	0.999425
1	187	66	0.99967
1	320	121	0.999435
0	320	203	0.999435
0	120	90	0.999788
1	325	80	0.999426
0	112	91	0.999802
0	228	166	0.999597
0	318	302	0.999438
1	125	67	0.999779
1	289	134	0.999489
1	243	64	0.99957
1	334	143	0.999409
0	218	147	0.999614
0	341	262	0.999396
0	263	252	0.999534
1	299	152	0.99947
0	317	269	0.999438
0	256	224	0.999546
0	212	208	0.999624
1	166	65	0.999705
0	247	219	0.999561
1	341	101	0.999394
1	328	136	0.999417
0	257	220	0.999543
1	268	106	0.999523
0	82	52	0.999854
1	329	99	0.999414
1	179	67	0.999681
1	193	45	0.999656
0	203	154	0.999638
1	194	87	0.999654
0	262	260	0.999532
0	273	234	0.999512
1	274	112	0.99951
1	304	152	0.999455
1	304	149	0.999455
0	150	116	0.999731
0	234	129	0.99958
0	118	117	0.999788
1	301	90	0.999459
1	104	26	0.999813
0	211	145	0.99962
1	142	57	0.999744
0	290	245	0.999477
1	327	139	0.99941
0	211	149	0.999619
0	283	218	0.999489
0	208	148	0.999624
0	271	169	0.99951
0	330	211	0.999403
1	320	171	0.999421
0	179	111	0.999676
0	169	166	0.999694
1	325	77	0.999411
0	323	228	0.999414
1	232	102	0.999579
0	200	187	0.999637
0	177	142	0.999678
0	205	149	0.999627
1	327	94	0.999405
0	317	201	0.999422
0	325	208	0.999407
0	86	72	0.999843
1	252	115	0.99954
0	259	164	0.999527
0	214	142	0.999609
0	163	127	0.999702
1	124	41	0.999773
0	312	271	0.999429
0	173	128	0.999683
1	209	69	0.999617
0	142	125	0.999739
0	285	235	0.999476
0	267	184	0.999509
1	107	38	0.999803
1	264	124	0.999514
1	205	52	0.999622
0	264	234	0.999513
1	232	89	0.999572
1	303	84	0.999441
0	119	96	0.99978
0	266	260	0.999508
1	240	106	0.999556
1	210	46	0.999611
0	299	161	0.999446
0	272	255	0.999496
0	306	201	0.999433
1	301	125	0.999442
0	330	298	0.999388
0	235	190	0.999564
1	243	118	0.999549
0	252	210	0.999532
0	226	147	0.99958
1	191	53	0.999645
0	325	219	0.999396
0	326	179	0.999393
1	291	117	0.999458
0	286	179	0.999467
0	180	114	0.999664
1	229	52	0.999572
0	108	105	0.999798
0	108	85	0.999798
0	162	111	0.999697
1	185	54	0.999653
1	157	73	0.999705
0	263	198	0.999505
1	306	72	0.999424
0	264	197	0.999503
0	305	250	0.999425
1	297	125	0.99944
0	220	176	0.999585
1	212	83	0.9996
1	153	47	0.999711
1	162	54	0.999694
1	284	69	0.999463
1	183	82	0.999653
0	320	259	0.999393
0	108	84	0.999795
0	245	140	0.999535
0	89	48	0.999831
1	238	100	0.999548
0	262	241	0.999502
0	152	146	0.999711
0	152	88	0.999711
0	233	154	0.999556
1	99	30	0.999811
1	300	65	0.999427
1	191	47	0.999635
0	227	197	0.999566
1	317	113	0.999394
0	252	199	0.999518
0	207	190	0.999604
1	204	57	0.999609
1	276	88	0.999471
0	301	161	0.999423
0	194	144	0.999628
1	100	37	0.999808
1	187	94	0.999641
1	128	41	0.999754
1	231	99	0.999556
1	168	54	0.999677
0	309	279	0.999404
1	150	72	0.99971
0	314	304	0.999393
1	314	154	0.999393
0	288	263	0.999443
1	199	100	0.999615
0	169	95	0.999673
1	220	54	0.999574
1	269	131	0.999479
1	274	116	0.999469
0	247	162	0.999521
0	265	219	0.999486
1	298	90	0.999422
0	119	99	0.999769
0	287	156	0.999443
0	156	116	0.999697
0	245	207	0.999523
1	212	105	0.999587
0	307	216	0.999402
0	310	197	0.999396
0	140	104	0.999727
0	314	296	0.999386
0	204	155	0.999601
1	116	26	0.999773
0	276	153	0.99946
0	257	163	0.999497
1	238	60	0.999534
0	285	194	0.999442
0	216	182	0.999577
0	311	283	0.999391
1	224	49	0.999561
0	236	162	0.999537
0	222	195	0.999564
1	176	49	0.999654
1	269	113	0.999471
0	220	166	0.999567
0	285	160	0.999439
0	279	272	0.99945
0	75	47	0.999852
1	186	79	0.999633
0	189	125	0.999627
0	300	173	0.999407
0	133	127	0.999737
1	281	71	0.999444
0	289	217	0.999428
0	101	73	0.9998
0	203	111	0.999598
0	161	152	0.999681
0	113	106	0.999776
0	172	119	0.999659
0	287	241	0.999431
1	121	31	0.99976
0	248	170	0.999508
0	282	215	0.99944
1	81	37	0.999839
0	85	79	0.999831
1	185	68	0.999632
1	215	66	0.999572
1	134	58	0.999733
0	300	260	0.999402
0	189	188	0.999623
1	247	97	0.999507
1	304	130	0.999393
0	121	112	0.999758
0	144	125	0.999712
0	148	134	0.999704
1	192	55	0.999616
1	234	87	0.999532
1	304	125	0.999391
0	288	158	0.999423
1	244	111	0.999511
1	233	85	0.999533
0	230	206	0.999539
0	198	131	0.999603
1	158	81	0.999683
0	157	145	0.999685
0	124	99	0.999751
1	241	121	0.999516
0	236	164	0.999526
0	102	101	0.999795
1	291	134	0.999415
1	257	118	0.999483
1	76	32	0.999847
1	155	39	0.999688
1	306	92	0.999384
0	267	149	0.999462
1	126	34	0.999746
0	125	80	0.999748
0	255	195	0.999486
1	253	130	0.99949
1	243	125	0.99951
1	117	59	0.999764
0	262	243	0.999471
0	152	113	0.999693
0	281	245	0.999432
0	271	222	0.999452
0	295	237	0.999403
1	203	76	0.999589
0	234	224	0.999526
0	254	229	0.999485
0	104	103	0.999789
0	195	180	0.999604
1	181	86	0.999632
0	271	209	0.999449
1	176	71	0.999642
0	203	137	0.999587
0	288	179	0.999414
0	256	255	0.999479
1	192	100	0.999609
0	276	229	0.999438
1	163	54	0.999668
0	189	100	0.999615
0	271	174	0.999448
1	79	21	0.999839
0	295	201	0.999399
0	263	226	0.999464
0	289	245	0.999411
1	232	54	0.999527
1	254	96	0.999482
1	279	107	0.999431
0	193	106	0.999606
1	141	37	0.999712
0	281	211	0.999426
1	281	80	0.999426
0	89	82	0.999818
0	202	145	0.999587
0	261	156	0.999466
0	301	290	0.999384
1	291	145	0.999404
0	217	201	0.999555
1	256	106	0.999475
0	77	55	0.999842
0	209	150	0.999571
0	228	161	0.999532
0	170	168	0.999651
0	149	137	0.999694
0	254	152	0.999478
0	175	111	0.99964
0	173	97	0.999644
0	81	78	0.999833
1	222	60	0.999542
0	270	197	0.999443
0	205	173	0.999577
0	202	114	0.999583
0	231	155	0.999523
0	130	100	0.999731
1	144	68	0.999702
0	246	244	0.999491
0	283	278	0.999414
1	153	69	0.999683
0	251	188	0.999479
1	77	38	0.99984
0	294	192	0.999389
0	252	147	0.999476
0	291	273	0.999394
0	265	245	0.999448
1	277	134	0.999423
0	203	150	0.999577
1	258	130	0.999462
1	150	69	0.999687
0	275	273	0.999426
1	181	51	0.999622
0	192	147	0.999599
1	293	84	0.999388
0	176	119	0.999632
0	97	95	0.999797
0	250	167	0.999476
0	205	141	0.99957
1	101	48	0.999788
1	111	39	0.999767
0	212	142	0.999555
0	273	268	0.999426
0	273	256	0.999426
0	263	201	0.999447
0	213	184	0.999552
0	252	175	0.99947
1	235	54	0.999504
0	111	107	0.999765
0	247	166	0.999477
0	183	182	0.999612
1	258	95	0.999452
0	103	75	0.999781
1	174	66	0.99963
0	150	114	0.999681
1	150	52	0.999681
1	283	93	0.999398
1	117	50	0.999751
1	281	71	0.999402
1	218	47	0.999536
0	145	79	0.999691
0	113	103	0.999759
1	272	120	0.99942
0	278	198	0.999407
1	171	43	0.999635
1	170	38	0.999637
1	210	61	0.999551
0	213	174	0.999544
0	219	149	0.999531
0	287	235	0.999385
0	125	84	0.999732
1	167	68	0.999641
0	281	192	0.999396
1	85	36	0.999817
0	240	177	0.999483
1	142	43	0.999694
0	127	121	0.999726
1	251	92	0.999458
0	168	161	0.999637
1	267	93	0.999423
0	74	62	0.99984
1	198	87	0.999572
1	241	60	0.999479
1	247	84	0.999466
0	122	84	0.999736
1	262	59	0.999433
0	175	94	0.999621
1	235	79	0.999491
0	233	207	0.999495
1	189	69	0.99959
1	134	37	0.999709
0	263	240	0.999428
1	142	31	0.999691
1	276	64	0.999399
1	266	129	0.99942
0	143	93	0.999688
1	223	87	0.999513
0	179	95	0.999609
0	222	202	0.999515
1	129	38	0.999718
1	215	60	0.999529
0	141	136	0.999691
0	193	180	0.999577
0	83	64	0.999818
0	119	107	0.999739
0	279	246	0.999387
0	85	52	0.999813
0	120	93	0.999736
0	244	191	0.999463
0	139	84	0.999694
1	273	119	0.999399
0	188	162	0.999586
0	133	98	0.999707
0	246	150	0.999458
0	264	213	0.999418
0	141	124	0.999689
1	194	54	0.999572
0	257	197	0.999433
0	218	207	0.999519
0	251	181	0.999444
0	194	143	0.99957
0	252	195	0.999441
1	155	57	0.999656
0	238	169	0.999471
1	254	73	0.999434
0	169	102	0.999623
0	274	249	0.999388
1	268	117	0.999401
0	118	111	0.999736
1	84	23	0.999812
0	164	108	0.999633
0	265	234	0.999407
0	155	90	0.999653
0	218	174	0.999512
0	196	195	0.999561
0	79	62	0.999823
0	107	89	0.99976
0	185	127	0.999585
0	138	101	0.99969
0	248	132	0.999442
0	111	62	0.99975
1	190	92	0.999572
0	75	64	0.999831
1	75	34	0.999831
1	189	65	0.999574
0	236	189	0.999468
0	215	146	0.999515
0	214	151	0.999517
0	132	78	0.999702
0	217	136	0.99951
0	266	147	0.999399
0	180	178	0.999593
1	67	32	0.999848
0	238	169	0.99946
1	137	31	0.999689
1	195	96	0.999557
0	128	86	0.999709
0	249	187	0.999434
0	241	166	0.999452
0	175	99	0.999602
0	178	133	0.999595
0	240	217	0.999454
1	230	65	0.999476
1	68	25	0.999845
0	111	59	0.999747
1	152	76	0.999653
1	169	40	0.999614
0	225	135	0.999486
1	140	61	0.99968
0	261	234	0.999403
1	187	62	0.999572
0	266	172	0.999391
0	251	196	0.999425
0	242	199	0.999445
1	185	93	0.999574
0	177	144	0.999592
1	170	61	0.999608
0	261	141	0.999398
0	179	170	0.999587
1	204	80	0.999529
0	204	193	0.999529
1	201	44	0.999535
0	213	204	0.999507
0	146	117	0.999662
1	240	121	0.999444
1	192	98	0.999555
1	201	56	0.999534
0	232	185	0.999462
1	193	89	0.999552
1	224	88	0.99948
0	202	201	0.999531
1	215	111	0.9995
1	112	26	0.999739
1	120	38	0.99972
0	68	55	0.999841
0	135	128	0.999684
1	82	25	0.999808
1	108	38	0.999747
1	178	73	0.999583
0	102	97	0.999761
1	157	72	0.999632
0	58	45	0.999864
1	246	88	0.999422
0	223	124	0.999476
1	205	70	0.999518
0	199	143	0.999532
0	227	180	0.999466
1	187	73	0.99956
1	235	55	0.999447
1	249	108	0.999414
1	209	95	0.999507
0	220	215	0.99948
1	251	59	0.999406
0	59	31	0.99986
1	190	78	0.999549
1	241	77	0.999428
0	179	121	0.999575
0	208	121	0.999506
0	240	179	0.99943
0	181	157	0.99957
0	178	97	0.999577
1	241	87	0.999427
1	241	82	0.999427
0	248	154	0.999408
1	165	72	0.999606
0	245	172	0.999415
1	168	48	0.999598
0	129	117	0.999691
1	239	69	0.999427
0	241	178	0.999422
0	195	146	0.999532
0	200	159	0.99952
0	227	126	0.999455
0	254	211	0.99939
0	77	60	0.999815
1	109	30	0.999738
0	189	101	0.999545
0	169	131	0.999593
0	235	131	0.999434
0	193	172	0.999535
1	178	88	0.999571
0	97	54	0.999766
0	128	119	0.999691
0	125	91	0.999697
0	184	165	0.999554
0	73	38	0.999823
1	193	54	0.999532
1	209	48	0.999493
0	221	202	0.999463
1	236	62	0.999426
0	127	68	0.999691
0	233	163	0.999433
1	80	30	0.999805
0	212	130	0.999483
0	216	169	0.999473
1	80	28	0.999804
1	164	49	0.999598
1	244	122	0.999402
0	135	99	0.999669
0	250	189	0.999387
0	210	159	0.999484
1	247	86	0.999393
1	218	101	0.999464
1	187	75	0.99954
0	164	110	0.999596
1	244	107	0.999399
1	200	70	0.999507
0	217	127	0.999465
1	178	84	0.999561
1	182	64	0.99955
0	139	95	0.999656
1	197	48	0.999512
1	155	39	0.999616
0	177	94	0.999561
0	165	110	0.99959
0	199	142	0.999505
0	207	167	0.999485
0	235	150	0.999415
0	208	151	0.999482
0	59	47	0.999853
1	238	61	0.999407
1	203	75	0.999494
0	160	110	0.999601
0	87	83	0.999783
0	196	179	0.999511
0	157	115	0.999608
0	56	35	0.99986
0	184	165	0.99954
0	195	152	0.999512
0	190	99	0.999524
1	138	70	0.999654
0	122	99	0.999694
1	198	74	0.999503
0	72	41	0.999819
1	196	91	0.999507
0	88	65	0.999778
0	119	72	0.999699
1	180	75	0.999544
0	210	153	0.999468
0	148	108	0.999625
1	101	43	0.999744
1	69	22	0.999825
0	166	100	0.999579
1	220	57	0.999442
0	216	205	0.999452
0	188	99	0.999523
0	130	105	0.99967
0	197	112	0.9995
0	114	97	0.99971
1	90	27	0.999771
0	220	172	0.99944
1	216	70	0.999449
1	136	39	0.999653
0	219	137	0.999441
0	153	143	0.999609
0	198	155	0.999494
0	224	183	0.999427
0	231	184	0.999409
1	219	55	0.999439
1	179	59	0.999541
0	225	139	0.999423
0	137	118	0.999648
0	115	90	0.999704
0	209	129	0.999462
0	188	180	0.999516
0	193	191	0.999503
1	182	88	0.999531
0	157	88	0.999595
1	229	69	0.999409
0	165	107	0.999574
0	103	77	0.999734
1	89	20	0.99977
0	186	104	0.999519
1	198	88	0.999487
1	186	91	0.999518
0	152	102	0.999606
0	130	95	0.999663
0	214	171	0.999445
1	234	68	0.999392
0	75	67	0.999805
0	125	92	0.999675
0	161	101	0.999581
0	81	54	0.999789
0	163	139	0.999575
0	102	60	0.999734
0	166	139	0.999567
0	52	38	0.999864
0	176	165	0.999539
1	229	78	0.999399
0	163	102	0.999572
0	219	203	0.999425
1	177	75	0.999535
1	215	87	0.999435
0	175	137	0.99954
0	234	230	0.999385
1	167	63	0.999561
1	165	36	0.999566
1	163	50	0.999571
0	128	121	0.999663
0	107	87	0.999718
1	169	62	0.999553
0	214	128	0.999434
0	141	111	0.999627
0	231	133	0.999389
0	170	94	0.99955
0	125	100	0.999669
0	196	134	0.999481
0	120	107	0.999682
1	153	47	0.999594
1	172	57	0.999543
0	152	116	0.999596
1	167	60	0.999556
0	173	109	0.99954
0	100	88	0.999734
1	115	40	0.999694
0	139	101	0.99963
0	196	132	0.999478
0	58	30	0.999845
0	57	50	0.999847
0	193	158	0.999482
0	228	180	0.999388
1	103	37	0.999723
1	148	40	0.999602
0	187	176	0.999497
0	52	50	0.99986
0	198	166	0.999465
1	54	23	0.999854
0	118	65	0.999681
1	126	27	0.999659
1	216	58	0.999415
1	209	50	0.999433
0	165	129	0.999552
0	67	51	0.999818
0	135	71	0.999633
0	206	112	0.999439
0	178	149	0.999515
0	102	80	0.999722
0	62	40	0.999831
1	89	43	0.999757
1	223	73	0.99939
1	207	56	0.999433
0	162	160	0.999556
1	101	44	0.999723
1	160	65	0.999561
1	134	59	0.999632
1	185	45	0.999492
1	137	61	0.999622
1	196	55	0.999459
0	161	90	0.999555
0	68	67	0.999812
0	175	100	0.999516
1	155	75	0.999571
1	180	54	0.999501
0	189	129	0.999476
1	163	74	0.999548
1	125	62	0.999653
0	137	112	0.999619
0	196	178	0.999455
0	187	115	0.99948
0	55	53	0.999847
0	87	71	0.999758
0	110	85	0.999693
0	196	122	0.999452
1	129	48	0.999639
0	135	71	0.999622
0	82	63	0.99977
1	164	78	0.999539
1	191	47	0.999463
0	133	108	0.999626
1	208	98	0.999415
0	118	114	0.999668
1	86	41	0.999758
0	172	98	0.999516
0	124	115	0.999651
0	124	77	0.999651
1	157	62	0.999558
1	215	74	0.999394
0	187	164	0.999472
0	193	191	0.999455
0	165	103	0.999534
0	142	137	0.999598
1	143	32	0.999595
0	166	157	0.999529
0	88	54	0.99975
0	215	156	0.999389
0	85	44	0.999758
0	87	48	0.999752
0	116	67	0.999669
1	191	80	0.999455
0	139	138	0.999603
1	174	65	0.999503
1	126	28	0.99964
1	140	69	0.9996
0	135	92	0.999614
0	146	102	0.999582
1	160	79	0.999541
1	191	76	0.999452
0	201	119	0.999423
0	204	203	0.999414
1	182	82	0.999477
0	153	102	0.99956
1	143	71	0.999588
1	194	53	0.99944
1	173	84	0.9995
0	101	75	0.999708
1	207	104	0.999401
0	180	161	0.999479
0	127	96	0.999632
1	114	38	0.999669
1	96	34	0.999721
1	142	43	0.999587
1	79	23	0.99977
0	137	132	0.999601
0	141	80	0.999589
0	192	168	0.999439
1	66	17	0.999807
1	132	45	0.999614
0	171	91	0.999499
0	209	131	0.999386
0	180	107	0.99947
0	185	130	0.999455
0	170	88	0.999499
0	59	54	0.999826
0	194	99	0.999428
1	166	57	0.99951
0	182	160	0.999462
0	134	107	0.999603
0	179	113	0.999468
0	112	85	0.999667
1	153	77	0.999545
0	202	194	0.999399
0	109	68	0.999675
0	119	101	0.999645
0	176	132	0.999475
1	68	17	0.999796
0	163	153	0.999511
0	192	158	0.999423
0	179	168	0.999462
1	190	87	0.999428
0	79	45	0.999762
0	194	108	0.999415
0	121	74	0.999635
0	110	69	0.999668
1	194	51	0.999414
1	85	21	0.999743
1	75	18	0.999773
0	147	95	0.999555
0	126	101	0.999618
1	157	64	0.999524
0	61	57	0.999815
1	200	58	0.999393
0	108	78	0.999672
1	164	41	0.999502
1	184	42	0.999441
0	183	130	0.999444
1	141	40	0.999571
0	182	129	0.999446
0	181	115	0.999449
0	178	170	0.999458
0	84	80	0.999744
0	146	79	0.999555
0	82	76	0.99975
1	152	58	0.999536
1	187	81	0.999429
0	149	116	0.999544
1	199	65	0.999391
1	188	68	0.999424
1	151	67	0.999537
1	105	26	0.999678
1	176	75	0.99946
0	174	92	0.999465
0	133	81	0.999591
0	133	85	0.999591
1	79	33	0.999757
0	173	119	0.999468
1	167	52	0.999486
0	177	115	0.999455
1	169	53	0.999479
1	56	16	0.999827
0	182	179	0.999436
1	145	61	0.99955
1	189	49	0.999412
0	188	174	0.999415
1	115	30	0.999642
1	180	46	0.999439
0	179	133	0.999442
1	153	60	0.999523
0	155	126	0.999516
0	162	160	0.999494
0	176	141	0.99945
0	142	137	0.999556
0	110	67	0.999656
0	189	164	0.999409
1	161	43	0.999496
0	168	122	0.999474
1	142	53	0.999555
1	143	38	0.999551
0	157	84	0.999507
0	99	98	0.999689
0	89	74	0.99972
1	60	21	0.999811
1	195	44	0.999386
1	138	68	0.999565
0	66	51	0.999791
0	178	119	0.999436
0	141	136	0.999553
1	194	56	0.999385
0	105	62	0.999667
0	134	133	0.999575
1	160	35	0.999492
0	159	103	0.999495
1	134	39	0.999574
0	166	158	0.999471
0	171	98	0.999455
0	137	107	0.99956
0	81	73	0.999739
0	158	149	0.999491
1	176	73	0.999433
0	134	110	0.999568
0	156	84	0.999497
1	189	44	0.99939
0	157	131	0.999493
1	183	67	0.999409
0	166	124	0.999463
1	106	27	0.999657
0	118	115	0.999618
0	129	114	0.999582
0	82	60	0.999734
0	137	91	0.999555
1	189	78	0.999386
0	95	81	0.999691
0	154	87	0.999499
0	55	50	0.999821
1	189	87	0.999385
1	185	43	0.999398
0	165	124	0.999463
1	93	25	0.999697
1	186	92	0.999394
0	157	84	0.999488
0	116	100	0.999621
0	171	117	0.999441
0	53	36	0.999826
0	92	85	0.999698
1	95	40	0.999688
0	172	151	0.999435
1	178	38	0.999415
1	149	56	0.99951
1	51	16	0.999832
0	118	103	0.99961
1	120	48	0.999603
0	182	173	0.999398
1	151	51	0.9995
1	57	16	0.999811
0	146	112	0.999515
0	102	61	0.999661
0	135	81	0.999551
1	125	33	0.999584
1	72	34	0.99976
1	134	67	0.999553
0	172	146	0.999425
1	122	33	0.999592
0	113	72	0.999622
0	124	92	0.999585
1	166	67	0.999444
1	133	54	0.999554
0	161	81	0.99946
1	70	16	0.999765
0	78	66	0.999738
1	136	46	0.999543
1	149	40	0.999499
0	151	117	0.999492
1	123	47	0.999586
0	174	117	0.999414
0	65	57	0.999781
0	97	82	0.999673
0	165	95	0.999442
0	158	143	0.999465
1	66	24	0.999776
0	124	72	0.999579
1	108	44	0.999633
1	152	40	0.999483
0	114	68	0.999611
0	120	115	0.99959
0	173	127	0.999409
0	146	144	0.999501
1	177	62	0.999395
0	149	141	0.999489
0	144	131	0.999506
0	67	46	0.99977
1	161	61	0.999447
0	63	46	0.999783
0	169	90	0.999418
0	112	79	0.999614
1	177	86	0.99939
1	141	34	0.999513
1	88	31	0.999696
0	101	67	0.999651
1	158	35	0.999454
0	87	77	0.999699
0	97	96	0.999664
1	168	73	0.999418
0	126	96	0.999563
0	161	160	0.999441
1	154	53	0.999464
1	114	45	0.999603
1	140	65	0.999512
0	108	94	0.999623
0	144	131	0.999497
0	157	118	0.999451
0	162	151	0.999433
0	149	98	0.999478
0	93	60	0.999674
1	91	37	0.999681
0	73	58	0.999744
1	67	23	0.999765
0	126	72	0.999558
0	169	138	0.999406
1	112	51	0.999606
0	77	75	0.999729
0	171	159	0.999398
0	116	81	0.999591
0	104	57	0.999633
0	93	66	0.999671
1	113	48	0.999599
0	60	49	0.999787
1	100	28	0.999645
0	172	141	0.999389
0	83	44	0.999705
1	144	45	0.999488
1	160	44	0.999431
1	100	43	0.999644
0	173	110	0.999384
1	146	43	0.99948
0	160	84	0.99943
1	161	56	0.999426
0	90	88	0.999678
1	151	69	0.999459
0	147	135	0.999473
0	140	96	0.999498
1	146	35	0.999476
0	138	114	0.999504
0	151	96	0.999457
0	144	116	0.999481
0	117	66	0.999578
0	120	64	0.999567
1	132	53	0.999523
0	53	40	0.999808
1	134	33	0.999514
1	136	59	0.999506
0	129	65	0.999531
0	116	86	0.999578
1	163	52	0.999407
0	163	102	0.999406
1	95	33	0.999653
0	142	78	0.999481
0	132	88	0.999516
0	132	94	0.999516
0	163	88	0.999402
1	147	51	0.99946
1	129	36	0.999526
0	74	48	0.999728
0	113	97	0.999584
0	146	108	0.999462
1	103	24	0.99962
1	130	60	0.99952
0	140	118	0.999483
1	108	53	0.999601
1	152	60	0.999438
0	107	70	0.999604
0	147	116	0.999456
0	144	143	0.999467
0	138	121	0.999489
0	138	75	0.999488
1	140	47	0.999479
0	77	71	0.999713
1	140	31	0.999478
0	136	120	0.999492
0	84	50	0.999686
1	153	44	0.999425
0	77	76	0.99971
1	103	24	0.999611
0	131	67	0.999505
0	123	106	0.999535
0	96	92	0.999637
1	139	69	0.999474
0	89	76	0.999663
0	113	102	0.999572
0	160	119	0.999393
0	158	80	0.999399
1	94	20	0.999642
0	155	133	0.999409
1	141	31	0.999462
1	100	43	0.999618
0	107	60	0.999591
1	96	46	0.999633
1	126	30	0.999516
1	125	30	0.999519
1	149	55	0.999426
0	159	144	0.999387
0	146	103	0.999436
1	143	52	0.999447
0	120	115	0.999535
1	57	21	0.999779
0	125	86	0.999515
1	87	28	0.999662
0	96	80	0.999627
0	116	61	0.999549
1	138	48	0.999462
0	70	67	0.999727
0	150	143	0.999415
0	126	64	0.999508
0	68	42	0.999734
0	91	72	0.999644
1	154	75	0.999396
0	80	53	0.999686
0	155	126	0.999391
0	109	58	0.999571
1	63	27	0.999752
1	88	39	0.999653
0	147	118	0.99942
0	153	139	0.999396
1	153	42	0.999396
0	135	124	0.999466
0	115	107	0.999543
1	79	27	0.999686
0	153	126	0.999391
0	122	108	0.999514
0	143	103	0.999429
1	60	13	0.99976
1	100	37	0.9996
1	142	38	0.999431
0	124	113	0.999503
0	91	79	0.999635
0	75	59	0.999699
0	150	126	0.999398
1	59	15	0.999763
1	77	31	0.99969
0	95	53	0.999617
1	114	31	0.99954
0	68	57	0.999725
0	152	87	0.999385
1	125	50	0.999494
1	91	36	0.999631
1	144	64	0.999416
1	52	19	0.999789
1	98	36	0.999602
0	95	94	0.999614
1	112	50	0.999543
0	147	82	0.999398
0	113	85	0.999537
0	122	112	0.9995
1	113	40	0.999536
0	141	121	0.99942
0	104	75	0.999572
0	74	45	0.999695
0	119	76	0.999509
0	138	111	0.99943
1	94	32	0.999611
0	89	58	0.99963
0	133	102	0.999447
0	99	88	0.999588
1	134	58	0.999442
0	64	50	0.999733
1	144	64	0.999399
0	137	122	0.999427
0	125	82	0.999477
1	145	35	0.999393
0	138	92	0.99942
0	97	79	0.999592
0	108	102	0.999545
0	133	115	0.999439
0	111	105	0.999531
0	142	102	0.999399
0	127	124	0.999462
0	57	39	0.999758
1	75	23	0.999681
1	130	46	0.999447
0	67	59	0.999714
0	93	76	0.999603
1	88	21	0.999624
1	132	31	0.999432
1	121	46	0.999479
0	91	46	0.999608
0	74	64	0.999681
0	110	67	0.999525
0	84	75	0.999636
1	65	30	0.999718
0	109	61	0.999527
0	76	52	0.99967
1	52	25	0.999774
1	137	51	0.999404
0	99	71	0.999569
0	81	49	0.999647
0	52	43	0.999773
0	128	90	0.999441
0	106	77	0.999537
1	103	49	0.999547
0	112	88	0.999507
0	102	77	0.999549
1	132	51	0.999416
1	129	39	0.999429
1	134	33	0.999406
0	66	54	0.999707
0	120	71	0.999467
1	106	45	0.999528
1	120	31	0.999465
0	56	38	0.999749
0	106	103	0.999524
0	73	60	0.999672
0	89	74	0.999598
0	85	78	0.999616
1	102	35	0.999539
0	111	58	0.999495
1	77	22	0.999649
0	122	121	0.999442
0	125	112	0.999428
0	126	102	0.999423
0	109	85	0.9995
0	62	53	0.999715
1	71	18	0.999673
0	123	91	0.999433
0	98	73	0.999547
0	82	81	0.99962
1	55	26	0.999745
0	113	92	0.999476
1	132	57	0.999386
0	91	84	0.999576
1	66	23	0.999692
0	119	68	0.999444
1	116	44	0.999458
1	69	23	0.999676
1	54	26	0.999746
1	121	54	0.999429
1	68	23	0.999679
1	67	15	0.999683
0	128	110	0.999393
0	92	68	0.999563
0	95	55	0.999547
0	91	54	0.999566
1	70	26	0.999666
0	56	36	0.999732
1	83	34	0.999602
1	60	16	0.999712
0	109	107	0.999476
0	121	106	0.999418
1	88	32	0.999576
1	126	47	0.999391
0	77	71	0.999627
1	124	31	0.999399
0	55	37	0.999733
1	124	30	0.999398
0	121	117	0.99941
1	91	25	0.999556
0	110	66	0.999461
1	75	34	0.999632
0	106	88	0.999479
0	107	103	0.999474
0	78	53	0.999616
1	77	28	0.99962
1	72	31	0.999643
0	97	67	0.999519
0	76	67	0.999622
0	120	94	0.999403
1	53	23	0.999736
1	100	40	0.999502
0	123	64	0.999386
0	84	46	0.99958
1	102	47	0.999489
0	67	47	0.999664
1	113	54	0.999433
1	104	30	0.999478
1	103	26	0.999483
1	84	41	0.999578
0	108	88	0.999457
1	90	41	0.999547
0	111	99	0.99944
0	89	52	0.99955
0	68	67	0.999656
0	80	40	0.999595
0	63	59	0.999681
0	54	49	0.999726
0	121	109	0.999386
1	118	52	0.999401
1	106	52	0.99946
0	87	72	0.999554
0	109	55	0.99944
0	90	73	0.999537
0	113	68	0.999415
0	73	70	0.999622
0	113	56	0.999414
1	101	39	0.999476
1	74	27	0.999616
1	84	29	0.999564
1	85	25	0.999558
0	96	56	0.999499
0	110	100	0.999425
0	74	39	0.999613
0	113	106	0.999407
0	82	55	0.999567
0	116	96	0.999386
0	61	40	0.999675
0	76	44	0.999595
1	83	18	0.999557
1	102	24	0.999455
1	97	45	0.999481
0	80	40	0.999571
0	103	55	0.999447
0	113	71	0.999392
1	104	33	0.999435
1	107	23	0.999418
1	111	54	0.999396
0	109	107	0.999406
0	93	64	0.999492
1	52	12	0.999715
1	68	32	0.999627
1	58	24	0.999681
0	70	35	0.999614
1	108	26	0.999404
1	104	35	0.999425
0	80	48	0.999557
0	80	54	0.999555
1	91	41	0.999493
1	106	38	0.999409
0	96	92	0.999458
1	74	20	0.999581
1	107	35	0.999391
0	58	52	0.999669
0	93	54	0.999468
1	69	16	0.999603
0	77	75	0.999554
1	93	39	0.999461
1	60	23	0.999651
0	93	65	0.999458
0	71	35	0.999586
0	76	47	0.999556
0	89	76	0.99948
1	85	33	0.999503
0	93	81	0.999455
0	54	52	0.999683
0	71	44	0.999583
1	67	15	0.999606
1	61	27	0.999641
0	85	76	0.999498
1	100	46	0.999409
0	63	61	0.999627
0	58	34	0.999656
0	68	35	0.999596
0	88	46	0.999474
0	73	53	0.999563
0	60	30	0.99964
1	102	48	0.999386
0	94	76	0.999434
0	96	88	0.999421
1	85	26	0.999487
0	89	53	0.999462
1	74	22	0.999552
0	67	51	0.999592
1	93	20	0.999432
0	50	32	0.999694
0	90	79	0.999446
1	60	22	0.99963
0	88	52	0.999457
1	76	28	0.999531
0	57	43	0.999648
1	50	11	0.999691
0	55	28	0.99966
0	82	58	0.999489
0	52	50	0.999675
0	51	34	0.999681
0	74	38	0.999535
1	62	30	0.99961
1	79	25	0.999503
0	82	49	0.999483
0	84	43	0.999466
0	80	40	0.99949
0	63	45	0.999598
1	76	24	0.999515
1	70	16	0.999553
1	92	36	0.999409
1	61	25	0.999606
0	87	77	0.999438
0	76	48	0.999509
0	76	72	0.999507
1	75	32	0.999511
0	77	57	0.999496
0	87	47	0.999429
0	78	48	0.999485
1	71	29	0.999531
0	80	47	0.999471
0	68	38	0.99955
0	57	50	0.999619
0	57	45	0.999619
0	60	41	0.999598
0	74	53	0.999502
1	89	27	0.9994
0	70	45	0.999527
1	87	42	0.999409
1	88	19	0.999401
0	79	75	0.999462
1	75	23	0.999489
0	54	46	0.999632
1	81	20	0.999448
0	65	62	0.999556
1	51	21	0.999651
0	55	54	0.999621
1	57	22	0.999607
0	81	72	0.999441
1	74	31	0.999489
1	61	26	0.999577
0	86	47	0.999402
1	73	30	0.999491
0	60	56	0.999581
1	78	34	0.999454
0	83	67	0.999417
0	72	61	0.999494
0	76	72	0.999465
0	84	45	0.999408
1	68	16	0.999517
1	78	36	0.999441
1	82	37	0.999412
1	64	22	0.999539
0	59	40	0.999574
1	73	29	0.99947
0	64	47	0.999535
0	63	50	0.999536
0	79	71	0.999418
1	71	29	0.999473
0	70	63	0.999479
0	81	61	0.999393
0	78	58	0.999414
0	70	54	0.999474
0	74	62	0.999438
0	60	50	0.999543
0	66	52	0.999497
1	67	31	0.999487
0	79	63	0.999391
0	62	56	0.999521
0	59	33	0.999544
1	65	19	0.999497
0	76	55	0.99941
0	52	28	0.999594
1	62	21	0.999513
0	73	38	0.999418
0	69	42	0.999449
1	53	19	0.999576
0	56	49	0.999551
0	71	42	0.99943
0	50	30	0.999597
0	52	47	0.999577
0	62	37	0.999492
0	62	47	0.999492
0	64	37	0.999472
0	58	42	0.999521
1	50	18	0.999587
1	63	15	0.999479
1	74	29	0.999386
0	63	62	0.999473
0	57	43	0.999523
0	72	38	0.999387
1	60	14	0.999489
0	69	61	0.999395
0	53	48	0.999535
1	50	13	0.999561
1	56	21	0.999505
0	59	37	0.999469
1	59	17	0.999469
0	63	51	0.99943
0	54	46	0.999505
1	60	25	0.99945
0	59	36	0.999459
0	52	38	0.999523
1	51	22	0.999529
1	55	24	0.999492
1	59	22	0.999455
0	54	30	0.999501
0	59	46	0.999449
1	61	17	0.999429
0	65	41	0.999391
1	54	21	0.999493
0	50	42	0.99953
1	53	25	0.9995
1	60	16	0.999429
0	59	51	0.999438
1	64	29	0.99939
1	59	15	0.999425
0	56	49	0.999451
0	61	47	0.999399
0	52	37	0.999478
0	59	35	0.999407
0	61	58	0.999386
1	55	20	0.999446
0	59	45	0.999398
0	57	50	0.999398
0	58	55	0.999384
0	55	43	0.999399
1	50	20	0.999451
1	50	14	0.999437
1	52	20	0.999406
1	51	20	0.999402
