181791
2.94563
3000
1	500	236	0.999998
1	471	264	0.999998
1	420	371	0.999998
1	312	284	0.999998
1	193	45	0.999998
1	420	114	0.999993
1	383	323	0.999993
1	424	385	0.999989
1	417	339	0.999989
1	147	72	0.999996
1	391	34	0.999989
1	386	127	0.999989
1	469	312	0.999984
1	499	491	0.999982
1	419	239	0.999984
1	415	327	0.999984
1	429	239	0.999982
1	293	46	0.999987
1	293	57	0.999987
1	200	98	0.999991
1	323	241	0.999984
1	395	194	0.99998
1	170	45	0.999991
1	327	161	0.999982
1	338	249	0.99998
1	480	209	0.999971
1	410	149	0.999975
1	474	54	0.999971
1	393	191	0.999975
1	413	86	0.999971
1	428	196	0.999969
1	214	81	0.999984
1	409	255	0.999969
1	500	402	0.999962
1	321	294	0.999975
1	273	40	0.999978
1	495	64	0.99996
1	338	120	0.999971
1	404	119	0.999964
1	488	78	0.999955
1	460	244	0.999955
1	111	101	0.999989
1	430	145	0.999957
1	123	15	0.999987
1	205	106	0.999978
1	427	239	0.999948
1	88	3	0.999989
1	206	45	0.999973
1	52	14	0.999993
1	191	133	0.999973
1	360	312	0.999948
1	334	154	0.999951
1	499	287	0.999926
1	420	123	0.999928
1	269	50	0.999953
1	252	60	0.999955
1	290	183	0.999948
1	350	265	0.999937
1	338	178	0.999939
1	266	72	0.999951
1	107	18	0.99998
1	374	184	0.999928
1	425	188	0.999917
1	228	103	0.999955
1	361	230	0.999928
1	432	237	0.999912
1	150	77	0.999969
1	326	186	0.99993
1	409	255	0.999912
1	500	56	0.99989
1	194	95	0.999957
1	394	159	0.999912
0	356	340	0.999919
1	246	147	0.999944
1	490	453	0.999888
1	163	122	0.999962
1	196	8	0.999953
1	278	30	0.999933
1	485	315	0.999883
1	203	24	0.999951
1	125	109	0.999969
1	369	323	0.999908
1	304	20	0.999924
1	350	300	0.99991
1	453	306	0.999883
1	328	226	0.999915
1	383	285	0.999899
1	278	67	0.999926
1	323	240	0.999912
1	454	127	0.999874
1	284	222	0.999919
1	179	109	0.999948
1	292	195	0.999915
1	198	141	0.999942
0	426	406	0.999872
1	355	276	0.999892
1	468	312	0.999856
1	352	31	0.99989
1	137	26	0.999957
1	280	226	0.999912
1	470	125	0.999852
1	339	215	0.999892
1	182	31	0.999942
1	487	379	0.999838
1	269	212	0.99991
1	464	157	0.999843
1	224	57	0.999924
1	403	320	0.999861
1	176	47	0.999939
1	369	322	0.999872
0	318	285	0.999883
1	287	206	0.999894
1	348	226	0.99987
1	448	290	0.999829
1	453	236	0.999827
1	308	83	0.999881
1	243	64	0.999906
1	138	21	0.999946
1	480	401	0.999811
1	245	78	0.999903
1	101	42	0.99996
0	339	337	0.999865
1	463	56	0.999813
1	200	8	0.999919
1	179	148	0.999926
1	479	248	0.9998
1	382	29	0.99984
1	467	199	0.999802
1	264	220	0.999888
1	404	337	0.999827
1	424	172	0.999818
1	419	335	0.999818
1	71	31	0.999969
1	71	46	0.999969
1	427	42	0.999813
1	324	192	0.999858
1	480	113	0.999789
1	433	192	0.999807
1	412	204	0.999816
1	418	216	0.999811
1	481	158	0.999782
1	484	274	0.99978
0	371	363	0.999831
1	221	171	0.999899
1	467	403	0.999786
1	479	321	0.99978
1	283	63	0.99987
1	298	236	0.999863
1	299	209	0.999861
1	124	78	0.999942
1	380	313	0.999822
1	446	180	0.999791
1	405	130	0.999804
1	111	41	0.999946
1	220	105	0.999892
1	59	41	0.999971
1	191	126	0.999906
1	325	239	0.99984
1	401	303	0.999802
1	500	42	0.999753
1	432	41	0.999784
1	458	236	0.999771
1	453	313	0.999773
0	335	325	0.999831
1	487	211	0.999753
1	191	155	0.999903
1	319	184	0.999838
1	177	123	0.99991
1	287	47	0.999854
1	114	27	0.999942
1	379	23	0.999804
1	468	225	0.999753
0	331	310	0.999825
1	337	110	0.99982
1	304	255	0.999836
0	483	480	0.999739
1	389	274	0.999789
1	321	194	0.999825
0	403	391	0.99978
0	225	222	0.999876
1	215	118	0.999881
1	418	238	0.999768
1	223	58	0.999876
0	401	347	0.999777
1	431	26	0.999759
1	186	39	0.999894
1	205	42	0.999883
0	378	337	0.999784
1	437	21	0.99975
0	389	357	0.999777
0	465	444	0.999732
1	474	252	0.999726
1	311	70	0.99982
1	398	265	0.999768
1	243	197	0.999858
1	222	47	0.99987
1	299	81	0.999822
1	481	217	0.999712
0	480	473	0.999712
1	423	47	0.999746
1	416	24	0.999748
1	330	154	0.9998
0	118	108	0.999928
1	88	65	0.999946
1	73	31	0.999955
1	471	69	0.999708
1	227	83	0.999858
0	249	229	0.999843
1	234	77	0.999852
1	469	342	0.999701
0	169	152	0.999892
1	450	44	0.99971
0	405	357	0.999737
1	350	50	0.999771
1	346	122	0.999773
1	464	310	0.999692
0	138	130	0.999908
1	192	48	0.999872
1	364	225	0.999755
1	297	100	0.9998
1	418	256	0.999717
1	468	251	0.999683
1	422	274	0.999712
1	325	240	0.999777
1	350	100	0.999759
1	337	85	0.999766
1	388	183	0.999726
1	395	110	0.999721
1	216	150	0.999847
1	446	339	0.999683
0	268	261	0.999809
1	401	270	0.999712
1	494	124	0.999645
1	486	340	0.999647
1	473	292	0.999656
1	185	70	0.999865
1	308	239	0.999775
0	52	43	0.999962
1	454	319	0.999667
1	284	78	0.999791
0	488	435	0.99964
0	490	397	0.999638
1	358	196	0.999735
0	236	193	0.999825
1	245	163	0.999818
1	383	208	0.999714
1	496	117	0.999629
1	322	231	0.999759
1	276	106	0.999793
1	452	356	0.99966
1	254	140	0.999807
0	175	141	0.999867
1	414	44	0.999685
1	431	182	0.999672
1	469	81	0.99964
1	388	20	0.999701
1	434	305	0.999665
1	387	160	0.999701
0	133	119	0.999897
1	444	254	0.999656
1	98	34	0.999924
1	425	32	0.999669
0	482	447	0.999624
1	438	78	0.999658
1	396	276	0.99969
1	388	159	0.999696
1	394	218	0.99969
1	66	16	0.999948
1	328	61	0.999739
1	268	180	0.999786
1	293	194	0.999766
1	121	22	0.999903
1	205	155	0.999834
1	391	297	0.999683
1	435	108	0.999647
0	486	407	0.999604
1	298	173	0.999757
1	410	68	0.999665
0	361	339	0.999705
0	480	388	0.999606
0	495	459	0.999593
1	359	117	0.999703
0	320	318	0.999735
1	247	115	0.999795
1	230	103	0.999809
1	73	25	0.999939
1	487	234	0.999591
1	446	202	0.999624
1	392	185	0.999669
1	189	60	0.99984
1	195	138	0.999834
1	71	16	0.999939
1	428	133	0.999631
1	292	162	0.999748
1	154	107	0.999867
1	227	76	0.999802
1	420	36	0.999633
0	453	382	0.999602
1	448	238	0.999606
1	446	68	0.999604
1	158	113	0.999858
0	198	157	0.999822
1	388	115	0.999651
1	467	16	0.999579
1	299	79	0.99973
1	475	283	0.99957
0	250	204	0.999773
1	130	18	0.999881
0	238	218	0.999782
1	357	45	0.999672
0	479	435	0.999559
1	281	20	0.999741
1	417	246	0.999615
1	107	75	0.999901
0	241	229	0.999777
1	189	118	0.999825
1	182	18	0.999831
1	149	46	0.999861
1	316	20	0.999705
1	294	147	0.999723
1	174	116	0.999836
1	412	223	0.999611
1	150	58	0.999858
1	479	142	0.999546
0	498	468	0.999528
0	467	417	0.999557
1	296	62	0.999719
1	189	104	0.99982
1	436	97	0.999584
1	481	135	0.999539
1	325	183	0.999687
1	489	140	0.999525
1	414	33	0.999597
1	441	107	0.99957
1	439	104	0.99957
0	487	372	0.999523
0	472	358	0.999537
1	283	81	0.999721
1	276	23	0.999726
1	219	114	0.999782
1	465	335	0.999537
1	260	137	0.999741
0	130	117	0.99987
1	369	56	0.999629
1	469	236	0.999528
1	395	100	0.999602
1	375	272	0.999622
0	232	190	0.999766
0	332	305	0.999665
1	429	238	0.999566
1	471	205	0.999523
1	266	144	0.99973
0	340	291	0.999654
1	396	48	0.999597
1	442	119	0.99955
1	364	159	0.999629
0	320	263	0.999672
1	388	129	0.999602
1	449	81	0.999539
1	201	23	0.999793
1	235	9	0.999757
1	111	8	0.999885
1	217	53	0.999775
1	158	39	0.999836
1	367	33	0.999618
1	413	207	0.99957
0	432	383	0.99955
1	452	320	0.999528
0	409	352	0.99957
0	399	352	0.999579
1	420	250	0.999555
0	389	354	0.999586
0	105	101	0.999888
0	202	155	0.999784
1	309	105	0.999669
0	472	371	0.999494
1	461	300	0.999505
1	347	117	0.999627
1	167	11	0.99982
1	474	163	0.999489
0	419	397	0.999548
1	448	319	0.999516
1	459	100	0.999501
0	289	277	0.999685
1	251	11	0.999726
1	414	195	0.999548
1	402	172	0.999557
1	405	32	0.999552
1	215	83	0.999762
1	213	31	0.999764
0	490	420	0.999456
1	217	40	0.999759
1	266	16	0.999703
0	364	304	0.999593
1	233	135	0.999739
0	363	335	0.999593
0	276	229	0.99969
1	88	60	0.999901
0	128	100	0.999856
1	123	5	0.999861
1	408	257	0.999539
1	294	19	0.999667
1	221	126	0.999748
1	371	87	0.999575
1	402	200	0.999537
1	253	147	0.999708
1	95	19	0.99989
0	482	424	0.999442
1	348	236	0.999597
0	392	320	0.999546
1	384	227	0.999555
1	441	220	0.999485
0	420	403	0.999507
0	446	353	0.999476
1	396	67	0.999534
1	353	32	0.999584
1	499	218	0.999408
0	348	299	0.999586
0	322	288	0.999615
1	197	46	0.999764
0	368	287	0.999559
1	272	40	0.999674
1	488	279	0.999415
0	435	311	0.999478
1	122	82	0.999852
1	396	150	0.999519
1	442	119	0.999462
1	454	39	0.999447
1	456	86	0.999444
1	355	28	0.999564
1	362	131	0.999555
0	474	375	0.999417
1	300	188	0.999629
0	427	361	0.999471
1	453	59	0.999438
1	487	157	0.999395
1	346	164	0.99957
1	476	108	0.999408
1	484	71	0.999397
1	85	19	0.999894
1	434	252	0.999458
0	471	450	0.999411
1	452	148	0.999431
1	243	93	0.999694
0	486	341	0.999388
1	439	304	0.999447
1	157	60	0.999802
1	383	91	0.999516
0	437	399	0.999447
0	384	294	0.999512
1	239	42	0.999696
0	380	359	0.999516
1	430	65	0.999444
1	224	86	0.99971
1	203	105	0.999737
1	318	11	0.999588
0	159	146	0.999793
1	434	123	0.999435
0	437	330	0.999431
1	413	137	0.99946
1	129	71	0.999831
1	397	36	0.99948
1	427	217	0.99944
1	454	41	0.999402
1	437	69	0.999424
1	390	106	0.999485
1	284	83	0.999624
1	463	224	0.999386
1	380	109	0.999496
0	310	296	0.999588
1	480	275	0.999361
1	359	213	0.999521
1	324	92	0.999566
1	362	57	0.999514
1	318	70	0.999573
1	134	22	0.99982
0	157	131	0.999789
1	301	62	0.999595
0	491	350	0.999339
1	60	30	0.999919
0	443	393	0.999402
1	416	227	0.999438
1	497	191	0.999328
1	419	173	0.999433
1	474	173	0.999357
0	388	270	0.999471
0	388	369	0.999471
1	345	226	0.999528
1	377	107	0.999483
1	164	68	0.999775
1	241	10	0.999669
1	391	202	0.999462
1	329	36	0.999546
0	448	445	0.999381
1	91	54	0.999874
1	405	265	0.999438
0	428	317	0.999406
1	420	87	0.999417
1	413	226	0.999426
0	365	255	0.999492
1	155	35	0.999784
1	284	98	0.999604
0	156	136	0.999782
1	95	28	0.999867
0	140	122	0.999804
0	242	214	0.99966
1	204	33	0.999712
0	312	309	0.999559
1	479	185	0.999323
0	437	400	0.999379
1	199	24	0.999717
0	367	301	0.999478
1	220	57	0.999687
1	263	46	0.999624
1	470	237	0.999328
1	495	61	0.999292
1	397	235	0.999431
1	400	38	0.999426
1	436	163	0.999372
1	470	46	0.999319
1	288	32	0.999582
0	203	163	0.999705
1	292	54	0.999575
0	360	342	0.999476
1	500	207	0.999271
1	488	36	0.999285
1	491	295	0.99928
0	475	312	0.999303
1	211	111	0.99969
1	76	33	0.999888
0	336	255	0.999505
1	496	231	0.999267
1	489	257	0.999276
1	496	112	0.999265
0	386	286	0.999426
0	381	367	0.999433
1	300	188	0.999552
1	123	15	0.999816
0	207	147	0.99969
1	403	83	0.999395
1	416	231	0.999375
0	374	257	0.999438
1	449	218	0.999325
1	468	187	0.999294
0	390	318	0.999411
1	448	160	0.999323
0	275	274	0.999584
1	343	182	0.99948
1	469	62	0.999289
0	461	310	0.999301
1	244	157	0.999629
1	419	56	0.999363
1	377	108	0.99942
1	352	84	0.999458
0	111	81	0.999829
1	301	170	0.999534
0	231	213	0.999642
1	280	55	0.999564
1	253	9	0.999606
0	391	348	0.99939
0	242	162	0.999622
1	323	163	0.999494
0	357	301	0.99944
1	425	67	0.999332
0	392	348	0.999379
1	210	92	0.999667
1	312	193	0.999505
1	228	91	0.999638
1	451	80	0.99928
1	343	133	0.999447
0	495	492	0.999202
0	216	138	0.999651
0	440	419	0.999289
0	280	218	0.999546
1	367	111	0.999404
0	206	136	0.999665
0	185	173	0.999699
0	483	420	0.999213
1	194	74	0.999683
0	313	239	0.999487
0	484	483	0.999206
1	488	237	0.999199
1	478	221	0.999215
1	420	145	0.99931
0	230	161	0.999622
1	393	158	0.999352
1	143	40	0.999764
1	329	55	0.999456
1	378	33	0.999375
0	453	335	0.999251
1	314	133	0.99948
0	126	87	0.999791
0	495	466	0.999179
1	180	94	0.999701
0	493	461	0.999181
1	383	67	0.999363
0	489	394	0.999186
1	322	160	0.999462
1	292	145	0.999512
1	199	108	0.999667
0	383	297	0.999359
1	114	15	0.999809
0	88	77	0.999852
1	361	207	0.999393
1	379	55	0.999361
1	359	111	0.999393
0	376	341	0.999363
0	314	254	0.999467
0	488	333	0.99917
0	332	286	0.999435
1	449	97	0.999231
0	474	405	0.999186
1	156	15	0.99973
1	443	135	0.999233
0	378	313	0.999345
1	366	42	0.999363
1	466	113	0.999188
1	405	209	0.999294
0	268	181	0.999532
1	449	238	0.999215
1	100	54	0.999825
0	303	213	0.999469
0	416	322	0.999271
1	385	119	0.999325
1	242	23	0.999575
1	425	102	0.999253
1	322	83	0.999433
1	448	230	0.999211
1	378	191	0.999334
1	56	33	0.999901
1	399	137	0.999294
0	400	310	0.999292
1	151	39	0.999732
1	252	24	0.999552
1	177	104	0.999685
0	412	291	0.999265
1	242	108	0.999568
1	363	34	0.999352
0	300	195	0.999462
1	435	242	0.99922
1	397	83	0.999287
1	429	215	0.999229
0	149	92	0.999732
1	447	68	0.999195
0	364	356	0.999343
1	405	224	0.999267
1	317	19	0.999426
1	310	167	0.999438
1	300	167	0.999456
0	270	170	0.99951
0	114	85	0.999793
0	490	368	0.999107
0	313	292	0.999429
1	445	50	0.999188
1	471	116	0.999139
0	477	435	0.999125
0	255	232	0.999532
1	467	77	0.999143
0	355	291	0.999348
0	99	91	0.999818
0	369	310	0.999319
0	119	90	0.99978
0	446	267	0.999172
0	311	202	0.999422
0	460	342	0.999145
1	307	39	0.999429
1	388	79	0.999278
1	261	35	0.999514
0	262	186	0.999512
1	229	48	0.999573
0	374	260	0.999301
0	435	321	0.999186
1	298	112	0.999442
0	360	259	0.999325
0	308	266	0.999422
0	226	140	0.999575
1	429	28	0.999193
0	491	457	0.999076
1	389	194	0.999267
0	254	223	0.999521
1	478	26	0.999098
0	256	230	0.999516
1	213	77	0.999597
0	343	310	0.99935
0	358	242	0.999319
0	459	427	0.999127
1	353	137	0.999328
0	379	232	0.999278
1	385	46	0.999265
1	278	135	0.999469
1	181	74	0.999654
1	401	126	0.999233
1	429	101	0.999177
1	260	146	0.999501
0	249	217	0.999519
1	425	26	0.999179
0	427	327	0.999175
1	326	65	0.99937
1	403	61	0.99922
1	95	24	0.999816
0	315	207	0.999388
1	316	66	0.999386
0	74	61	0.999856
1	311	165	0.999395
0	135	80	0.999737
1	292	27	0.999431
0	278	262	0.999458
1	367	48	0.99928
1	465	160	0.999087
1	174	82	0.999658
1	461	51	0.999094
1	406	109	0.999202
0	302	212	0.999406
0	216	187	0.999575
0	362	308	0.999285
1	396	46	0.999217
1	473	96	0.999062
0	483	360	0.999042
1	373	112	0.99926
0	295	193	0.999413
0	285	168	0.999431
1	217	106	0.999566
0	432	264	0.999136
1	239	65	0.999521
1	423	216	0.999152
0	354	248	0.999289
1	354	30	0.999289
1	367	171	0.999262
1	454	202	0.999087
0	374	323	0.999247
1	256	127	0.999483
1	129	71	0.999739
0	306	301	0.999381
0	381	367	0.999229
1	382	123	0.999226
0	417	338	0.999154
1	240	128	0.999512
0	394	276	0.999197
0	277	220	0.999431
1	448	22	0.99908
0	231	182	0.999525
0	481	351	0.999011
1	322	147	0.999337
0	402	299	0.999172
1	348	121	0.999283
1	497	74	0.998975
0	464	460	0.999042
0	479	414	0.999011
0	173	119	0.999642
1	251	110	0.99948
1	256	119	0.999465
1	238	76	0.999501
0	459	369	0.999038
0	378	295	0.999206
0	213	164	0.999552
0	452	257	0.999049
1	445	204	0.999062
0	440	330	0.999069
1	466	225	0.999013
1	107	33	0.999773
1	433	203	0.999082
0	196	182	0.999584
0	336	262	0.999287
1	269	104	0.999429
0	393	368	0.999166
0	378	264	0.999197
1	312	165	0.999337
0	227	141	0.999514
0	274	153	0.999413
1	385	152	0.999175
1	425	62	0.999085
1	319	45	0.99931
1	448	88	0.999031
1	420	148	0.999091
0	78	67	0.999831
1	197	38	0.999573
0	281	205	0.99939
1	217	84	0.999528
1	317	27	0.99931
1	142	72	0.99969
1	414	162	0.999096
1	485	245	0.998939
1	269	98	0.999411
1	407	107	0.999109
0	180	111	0.999604
0	477	442	0.99895
0	199	190	0.999561
1	306	139	0.999325
0	260	180	0.999426
0	219	175	0.999516
1	406	47	0.999103
0	232	221	0.999487
1	60	7	0.999867
1	73	20	0.999838
0	433	427	0.999038
0	483	453	0.998927
0	463	407	0.99897
0	388	239	0.999136
0	319	269	0.999289
1	424	161	0.999053
1	352	120	0.999213
1	476	109	0.998936
0	454	381	0.998984
1	484	36	0.998916
0	86	49	0.999807
1	405	128	0.999091
1	379	79	0.999148
0	334	291	0.999249
1	257	36	0.999422
0	293	267	0.999341
1	317	13	0.999287
1	284	68	0.999361
0	485	448	0.998909
1	497	268	0.998882
0	312	304	0.999296
0	189	134	0.999573
1	451	226	0.998981
1	477	196	0.998918
0	114	69	0.999741
1	439	47	0.999002
0	83	72	0.999811
1	391	38	0.999109
1	324	143	0.99926
1	111	49	0.999746
0	482	370	0.998894
1	492	156	0.998871
1	50	20	0.999885
1	402	92	0.999076
1	484	182	0.998887
0	489	448	0.998871
0	467	255	0.998921
0	447	280	0.998966
1	241	17	0.999442
0	444	429	0.998972
1	412	55	0.999046
0	402	337	0.999069
1	198	69	0.999541
1	464	20	0.998923
0	460	438	0.99893
0	486	308	0.998869
1	267	99	0.999377
1	325	166	0.99924
1	348	75	0.999186
0	173	104	0.999595
1	117	32	0.999726
0	473	294	0.998891
1	297	110	0.999301
1	494	116	0.998837
1	308	24	0.999274
0	322	194	0.99924
1	116	60	0.999726
1	312	154	0.999262
0	493	420	0.998833
0	338	240	0.999199
1	421	86	0.999002
0	496	312	0.998822
1	137	56	0.999674
1	383	52	0.999089
1	255	110	0.999393
0	423	379	0.998993
0	116	89	0.999723
0	287	247	0.999314
0	204	148	0.999512
0	441	355	0.998945
1	238	57	0.999429
0	253	251	0.999393
0	258	228	0.999381
1	482	63	0.998844
1	335	149	0.999195
0	262	227	0.99937
0	375	374	0.999098
0	139	101	0.999665
1	320	145	0.999229
1	283	64	0.999316
1	392	137	0.999049
1	390	37	0.999053
1	422	89	0.998975
0	108	75	0.999737
0	455	258	0.998891
1	128	34	0.999687
1	473	151	0.998844
0	389	363	0.999049
0	112	73	0.999726
1	489	127	0.998802
0	429	248	0.998948
0	481	341	0.99882
1	400	187	0.999017
0	450	336	0.998889
0	314	189	0.999224
1	384	99	0.999051
0	171	159	0.999577
0	460	321	0.998862
1	367	104	0.999091
0	354	342	0.999123
1	474	197	0.998826
1	143	23	0.999645
0	308	283	0.999235
1	321	125	0.999202
0	412	257	0.998975
0	430	224	0.99893
0	183	155	0.999543
1	325	105	0.999188
1	447	160	0.998882
1	254	110	0.999361
0	362	248	0.999089
0	276	241	0.999305
1	459	69	0.998842
0	384	230	0.999031
0	479	369	0.99879
1	473	65	0.998802
1	432	46	0.998905
1	323	162	0.999181
1	389	71	0.999013
1	403	188	0.998977
0	384	285	0.999024
1	445	214	0.998869
0	121	64	0.999692
1	471	161	0.998802
1	53	19	0.999865
1	319	42	0.999188
0	424	330	0.998921
1	363	178	0.999076
1	407	177	0.998963
1	375	53	0.999042
1	93	21	0.999762
1	493	90	0.998739
1	318	132	0.999186
1	412	131	0.998945
1	424	42	0.998914
0	295	163	0.999244
1	456	43	0.998831
0	398	387	0.998979
1	274	82	0.999296
0	276	184	0.999287
1	195	31	0.999496
1	393	65	0.998984
0	496	412	0.998718
0	399	233	0.998968
0	180	101	0.999534
0	436	392	0.998869
1	214	18	0.999444
0	276	149	0.999283
1	232	114	0.999397
0	160	134	0.999584
0	230	129	0.999402
1	218	54	0.999433
1	238	38	0.999381
1	112	10	0.999708
0	409	372	0.998934
0	409	245	0.998932
0	485	404	0.998732
0	220	196	0.999424
0	499	426	0.998691
1	107	44	0.999719
1	87	10	0.999771
0	162	133	0.999573
1	423	212	0.998885
1	131	18	0.999654
1	223	89	0.999411
0	334	244	0.999118
1	269	96	0.999287
0	295	233	0.999217
0	440	389	0.998831
0	274	247	0.999271
1	476	71	0.998732
0	279	159	0.999256
0	425	340	0.998867
1	387	144	0.998968
0	458	443	0.998777
1	364	101	0.999026
0	272	169	0.999271
1	98	19	0.999737
1	112	28	0.999699
0	312	295	0.999161
1	312	139	0.999159
1	335	12	0.999096
1	220	29	0.999406
1	432	18	0.998833
1	476	154	0.998714
0	306	206	0.999172
1	127	18	0.999656
0	196	104	0.999469
0	354	296	0.99904
1	288	122	0.999217
0	76	56	0.999793
0	150	134	0.999591
0	163	155	0.999555
0	197	133	0.999462
0	75	56	0.999795
0	264	194	0.999278
0	306	223	0.999163
1	312	65	0.999145
1	273	17	0.999251
1	386	52	0.998941
1	413	153	0.998867
1	299	17	0.999179
1	197	76	0.999458
1	380	55	0.998954
0	244	152	0.999328
1	317	61	0.999125
0	359	339	0.999008
1	283	58	0.999217
0	315	184	0.999127
1	116	40	0.999678
1	140	28	0.999611
1	491	231	0.998637
0	480	331	0.998667
1	51	12	0.999858
0	308	230	0.999143
0	471	469	0.998689
0	496	472	0.998615
0	388	365	0.998916
0	231	113	0.999354
1	99	38	0.999723
0	265	174	0.999258
1	236	19	0.999339
1	306	70	0.999143
1	488	133	0.998633
1	482	34	0.998649
0	431	410	0.99879
1	454	181	0.998723
0	364	274	0.998972
1	441	124	0.998754
0	431	345	0.998781
0	484	466	0.998631
0	131	88	0.999629
0	143	130	0.999595
0	312	255	0.999116
1	479	33	0.998642
0	424	311	0.998797
0	401	330	0.998862
0	418	410	0.998813
0	426	392	0.99879
1	140	55	0.999602
1	128	13	0.999636
1	381	115	0.998916
1	467	81	0.998671
1	276	86	0.999211
1	308	112	0.999118
0	310	204	0.999112
0	461	417	0.99868
1	240	111	0.999312
0	314	151	0.9991
0	242	119	0.999305
0	402	257	0.998846
1	186	18	0.999465
0	409	298	0.998824
0	286	228	0.999177
1	286	55	0.999177
0	451	219	0.9987
1	464	66	0.998662
1	106	7	0.999694
0	222	120	0.999357
0	236	211	0.999316
0	461	265	0.998664
0	414	295	0.998799
0	262	139	0.999238
1	492	93	0.998566
1	248	53	0.999276
0	372	324	0.998914
0	490	304	0.99857
1	350	103	0.998977
0	403	286	0.99882
1	460	40	0.998653
0	247	232	0.999274
1	373	118	0.998903
0	480	441	0.998586
1	213	8	0.999372
1	202	67	0.999404
0	484	400	0.99857
0	403	237	0.998808
1	298	16	0.999118
1	459	204	0.998642
1	306	61	0.999094
0	156	109	0.999537
0	288	210	0.999145
0	381	359	0.998869
0	467	243	0.998613
0	476	360	0.998586
0	441	243	0.998689
1	248	32	0.999262
0	394	307	0.998826
0	286	227	0.999143
0	144	89	0.999568
1	414	89	0.998759
1	332	108	0.999002
1	472	99	0.998579
1	451	90	0.998642
1	65	15	0.999804
0	457	442	0.998622
1	486	119	0.998534
0	318	264	0.99904
0	292	240	0.999118
1	125	33	0.999622
0	261	206	0.999211
1	78	24	0.999764
0	296	293	0.999105
1	433	62	0.998691
0	424	369	0.998718
0	356	191	0.998923
0	463	344	0.998599
1	227	39	0.999312
0	444	349	0.998655
1	143	33	0.999566
1	496	219	0.998496
1	252	47	0.999235
0	368	215	0.998882
0	361	321	0.998903
1	475	99	0.998557
1	464	31	0.99859
0	264	187	0.999197
1	340	122	0.998966
0	211	173	0.999357
1	358	92	0.998907
0	175	144	0.999465
1	175	20	0.999465
1	86	9	0.999737
0	464	219	0.998581
1	443	198	0.998644
1	254	37	0.999222
0	234	231	0.999283
0	361	232	0.998894
0	149	120	0.999543
1	445	35	0.998635
1	305	104	0.999064
1	403	144	0.998763
0	388	180	0.998808
0	215	172	0.999339
0	368	291	0.998869
0	447	409	0.998626
0	420	351	0.998707
0	485	416	0.998505
1	468	144	0.998557
1	404	179	0.998754
0	338	281	0.998957
1	343	126	0.998941
1	134	17	0.999586
0	139	101	0.99957
1	463	212	0.998568
1	384	152	0.998811
0	306	177	0.999051
0	485	421	0.998496
1	450	30	0.998604
1	455	125	0.998584
1	281	80	0.999125
0	466	339	0.998548
1	370	153	0.998846
1	396	136	0.998761
1	477	27	0.998507
1	379	56	0.998813
1	195	30	0.999388
1	448	155	0.998593
0	276	149	0.999132
0	305	294	0.99904
0	321	182	0.998988
1	376	144	0.998813
0	329	312	0.998961
1	225	61	0.999289
1	185	68	0.999415
0	438	254	0.998615
0	324	176	0.998975
1	268	47	0.999152
1	242	12	0.999233
0	127	63	0.999597
1	408	146	0.998705
1	170	33	0.99946
1	426	83	0.998646
0	383	183	0.998781
1	416	88	0.998676
0	349	331	0.998889
1	101	18	0.999678
1	210	79	0.99933
0	281	233	0.999103
0	342	259	0.998907
0	474	413	0.998485
1	141	9	0.999548
1	192	60	0.999384
0	388	331	0.998754
1	347	87	0.998885
0	193	155	0.999379
1	453	146	0.998543
0	366	242	0.998822
1	461	166	0.998516
0	379	185	0.998779
1	411	151	0.998676
1	498	209	0.998395
0	286	268	0.999076
0	431	341	0.998608
0	355	313	0.998851
1	337	104	0.998909
0	382	222	0.998763
1	403	132	0.998694
0	281	153	0.999089
1	418	164	0.998642
0	158	102	0.999485
1	408	92	0.998669
0	486	466	0.998413
1	310	96	0.998986
0	155	153	0.999492
0	414	265	0.998642
1	470	134	0.998458
0	463	261	0.998478
1	438	78	0.998559
0	460	354	0.998485
0	460	350	0.998485
0	428	277	0.99859
1	428	169	0.99859
1	319	105	0.998948
0	433	404	0.998572
0	249	162	0.999177
1	238	50	0.999213
1	500	50	0.998348
0	483	332	0.998402
0	381	248	0.998739
0	311	247	0.99897
0	322	260	0.998932
0	223	200	0.99926
0	252	251	0.999163
0	219	188	0.999271
0	297	293	0.999011
1	214	74	0.999287
1	409	36	0.998637
0	336	265	0.99888
0	444	253	0.998514
0	251	177	0.999159
0	191	129	0.999359
0	416	314	0.998604
0	354	204	0.998811
0	304	174	0.998975
0	489	476	0.998352
1	416	138	0.998597
0	385	256	0.9987
1	474	190	0.998388
0	190	91	0.999352
0	323	185	0.998898
0	367	208	0.998743
0	496	272	0.998301
0	452	211	0.998451
0	352	259	0.998793
1	239	32	0.999179
0	307	147	0.998945
0	457	363	0.998424
0	414	377	0.998572
0	392	306	0.998644
1	149	18	0.999483
1	355	16	0.998768
1	213	49	0.999258
0	359	301	0.99875
0	123	68	0.99957
0	411	179	0.998563
1	398	48	0.998608
1	256	78	0.999103
0	313	261	0.998903
0	286	141	0.998997
0	139	114	0.999512
0	121	117	0.999575
1	418	42	0.998532
0	486	292	0.998292
1	419	111	0.998527
1	385	97	0.998646
0	361	281	0.99873
1	306	53	0.998923
1	195	44	0.999312
0	204	157	0.99928
1	416	75	0.998532
0	280	125	0.999011
0	270	195	0.999046
1	473	108	0.998327
0	400	287	0.998584
0	456	199	0.998386
0	405	314	0.998566
0	471	245	0.998332
0	286	150	0.998986
1	496	46	0.998242
1	493	151	0.998251
1	464	44	0.998352
0	249	169	0.999114
0	431	336	0.998467
1	402	18	0.99857
0	354	284	0.998739
0	443	385	0.998422
1	244	94	0.99913
0	458	399	0.998368
1	473	116	0.998314
1	438	131	0.998438
0	454	346	0.998381
1	479	69	0.998292
1	491	175	0.998249
1	497	160	0.998226
0	261	191	0.999067
1	433	145	0.998451
0	477	461	0.998292
1	398	83	0.998572
0	394	365	0.998586
1	447	80	0.998395
1	441	25	0.998415
1	454	165	0.998368
1	225	61	0.99919
0	187	151	0.999325
0	138	94	0.999501
1	423	87	0.998471
0	481	303	0.99826
0	471	402	0.998296
1	201	50	0.999271
0	465	318	0.998314
0	360	210	0.998694
0	416	227	0.998491
1	258	54	0.999062
1	474	176	0.998278
1	429	113	0.99844
1	233	44	0.999152
0	385	265	0.998599
0	441	400	0.998395
0	373	275	0.99864
0	403	331	0.99853
1	434	117	0.998417
1	98	33	0.999642
1	312	13	0.99886
1	464	113	0.998305
0	158	154	0.999422
0	119	61	0.999564
1	337	129	0.998766
1	319	15	0.998831
0	472	455	0.998271
0	362	308	0.998673
1	272	31	0.999002
1	320	109	0.998826
1	434	73	0.998408
0	282	195	0.998963
0	261	201	0.99904
1	303	46	0.998885
1	171	71	0.99937
1	356	23	0.998689
0	236	106	0.99913
0	257	191	0.999051
0	447	195	0.998348
1	353	136	0.998694
1	491	83	0.998181
1	220	22	0.999184
0	197	97	0.999269
1	280	41	0.998961
0	209	127	0.999224
0	395	231	0.998534
0	465	393	0.998274
1	476	75	0.998233
0	450	242	0.998327
1	269	92	0.998999
1	268	42	0.999002
0	341	211	0.99873
0	382	279	0.998577
1	67	23	0.99975
1	185	23	0.99931
0	331	211	0.998766
0	279	197	0.998959
1	489	101	0.998175
0	115	61	0.99957
0	89	46	0.999667
0	311	173	0.998837
0	376	175	0.998593
1	474	146	0.998226
1	311	79	0.998835
1	72	3	0.99973
0	330	196	0.998763
0	265	127	0.999006
1	398	67	0.998507
0	296	181	0.998889
1	469	162	0.99824
1	325	92	0.998777
0	320	142	0.998795
0	283	244	0.998934
1	357	92	0.998653
0	206	193	0.999222
0	330	252	0.998754
1	462	124	0.998256
1	105	21	0.999602
0	190	173	0.99928
0	191	169	0.999276
1	375	60	0.998579
0	499	473	0.99811
0	413	369	0.998435
1	424	119	0.998393
0	224	182	0.99915
0	291	144	0.998896
1	419	99	0.998411
0	129	92	0.99951
0	444	229	0.998314
1	310	56	0.998822
0	432	264	0.998359
0	447	220	0.998301
1	443	105	0.998316
0	352	322	0.99866
0	367	208	0.998602
0	178	87	0.999321
0	438	400	0.99833
1	133	42	0.999492
0	166	104	0.999366
1	467	162	0.998217
1	401	87	0.998467
0	457	386	0.998251
0	340	256	0.998698
0	421	309	0.998388
0	227	109	0.99913
1	419	161	0.998395
0	322	250	0.998766
0	401	195	0.998462
0	274	118	0.998948
1	285	94	0.998905
1	329	132	0.998736
0	467	204	0.998206
0	475	282	0.998175
0	331	321	0.998727
1	325	89	0.99875
1	351	53	0.998649
0	275	179	0.998939
1	394	118	0.99848
0	283	170	0.998907
0	156	110	0.999397
0	376	214	0.998545
0	300	279	0.998837
0	473	234	0.998164
0	351	248	0.998633
1	251	78	0.999022
0	353	271	0.998624
0	216	127	0.999157
0	208	147	0.999188
0	483	278	0.998114
1	306	114	0.998804
1	405	163	0.998417
0	161	78	0.99937
1	159	60	0.999377
1	148	49	0.99942
1	449	37	0.99824
0	384	159	0.998491
0	478	277	0.998119
1	254	63	0.998999
0	271	245	0.998932
1	216	68	0.999148
1	99	37	0.999609
0	232	163	0.999082
0	262	216	0.998963
0	419	297	0.998341
0	201	121	0.999202
0	213	95	0.999154
0	306	267	0.998784
0	238	192	0.999053
0	268	110	0.998932
0	357	188	0.998577
1	371	44	0.998521
1	367	36	0.998536
0	329	135	0.998687
1	450	104	0.998204
1	206	68	0.999177
1	318	28	0.99873
1	448	106	0.998211
0	439	300	0.998242
0	171	143	0.999314
0	298	203	0.998804
0	293	231	0.998824
0	220	125	0.999116
0	456	189	0.998168
0	129	125	0.99948
0	435	207	0.998247
0	411	387	0.998343
1	131	11	0.999471
1	423	44	0.998289
0	106	83	0.99957
1	395	104	0.998399
0	393	370	0.998406
1	464	55	0.998112
1	495	87	0.997986
0	456	332	0.998143
0	433	212	0.998231
0	433	323	0.998231
0	367	159	0.998498
1	354	19	0.99855
0	269	165	0.998896
1	307	67	0.998739
0	346	139	0.998579
1	226	16	0.999071
0	291	230	0.998804
1	489	27	0.997991
1	172	68	0.999292
0	498	213	0.99795
0	389	316	0.998393
1	430	33	0.998222
0	439	329	0.998181
0	444	198	0.998155
0	314	160	0.998694
1	462	169	0.998078
0	337	235	0.998597
1	332	32	0.998617
0	414	349	0.998276
1	348	135	0.99855
1	477	68	0.998013
0	392	338	0.998366
0	227	204	0.999053
1	179	57	0.999253
1	173	41	0.999278
0	429	178	0.998211
0	230	94	0.99904
1	491	117	0.99795
0	305	155	0.998725
0	493	235	0.997939
0	262	243	0.998903
0	339	167	0.998581
0	233	216	0.999024
0	241	97	0.99899
0	431	190	0.998195
0	474	424	0.998015
1	303	57	0.99873
1	312	56	0.998691
1	439	113	0.998159
0	447	228	0.998125
1	463	77	0.998058
1	430	132	0.998193
1	292	41	0.998772
0	462	365	0.998058
1	373	72	0.998431
0	103	98	0.999566
0	176	87	0.999258
0	496	313	0.99791
0	176	85	0.999256
1	299	93	0.998734
0	458	266	0.99806
1	174	19	0.999262
0	322	304	0.998635
0	388	285	0.998354
1	223	55	0.999051
0	159	95	0.999323
1	142	12	0.999395
1	453	107	0.998071
1	491	180	0.997908
0	482	347	0.997946
0	263	116	0.998878
0	352	178	0.998498
0	370	230	0.99842
0	403	218	0.998278
0	466	298	0.998009
1	300	34	0.998716
0	173	148	0.999258
1	406	113	0.99826
1	381	74	0.998366
0	302	216	0.998703
1	181	24	0.999222
0	396	301	0.998298
0	198	127	0.999148
0	72	32	0.99969
0	496	211	0.997867
0	431	396	0.998146
0	294	231	0.998732
0	443	293	0.998089
0	491	251	0.997881
0	395	251	0.998294
0	314	188	0.998642
0	290	127	0.998745
0	254	101	0.9989
0	291	144	0.998739
0	330	238	0.99857
0	266	159	0.998846
0	453	354	0.998036
1	369	138	0.998399
1	163	10	0.999292
0	415	315	0.998193
0	492	263	0.997856
0	463	442	0.997979
0	110	87	0.999519
0	455	253	0.998011
1	314	69	0.998626
0	297	217	0.998698
0	456	427	0.998002
0	365	261	0.998399
0	417	188	0.99817
1	91	16	0.9996
1	340	75	0.998507
0	484	362	0.997874
0	292	235	0.998716
1	271	78	0.998808
0	190	156	0.999163
0	227	129	0.998999
0	306	206	0.998651
0	448	376	0.998024
0	170	152	0.999249
0	196	169	0.999134
1	370	116	0.998366
0	295	266	0.998696
0	246	172	0.998912
0	461	453	0.997961
0	383	307	0.998303
1	446	48	0.998024
0	356	202	0.998422
1	337	45	0.998505
1	304	49	0.998651
0	423	333	0.998121
0	404	376	0.998204
0	359	245	0.998402
1	498	132	0.997784
0	223	104	0.999006
0	170	167	0.999242
0	54	39	0.999759
0	292	246	0.998698
1	315	114	0.998595
0	135	56	0.999397
0	359	333	0.998397
0	429	281	0.998085
1	220	14	0.999017
1	230	85	0.998972
0	453	450	0.997977
1	159	39	0.999289
0	335	229	0.998503
1	184	58	0.999177
0	418	347	0.99813
0	443	345	0.998018
1	234	50	0.998952
1	359	90	0.998393
0	388	347	0.998262
1	288	52	0.998709
0	479	291	0.997854
0	218	192	0.999022
0	374	245	0.998323
0	230	134	0.998968
0	399	209	0.998211
1	261	12	0.998828
1	451	95	0.997975
1	277	16	0.998754
0	301	134	0.998646
0	372	316	0.998325
0	394	197	0.998226
0	189	158	0.999148
0	390	160	0.998242
0	283	272	0.998723
1	145	11	0.999345
0	469	350	0.997883
0	329	311	0.998514
1	115	4	0.99948
0	312	251	0.99859
0	468	393	0.997885
0	431	187	0.998051
0	330	185	0.998507
0	417	249	0.998114
1	216	42	0.999022
0	147	92	0.999334
1	481	128	0.997824
0	475	337	0.997849
0	373	219	0.99831
0	328	226	0.998512
0	148	66	0.999328
0	209	182	0.999051
0	358	173	0.998375
1	361	91	0.998361
0	143	86	0.99935
0	381	345	0.998269
0	378	174	0.99828
0	272	187	0.998761
0	375	356	0.998292
0	475	287	0.997836
1	160	47	0.999269
0	186	140	0.99915
0	54	23	0.999753
1	479	57	0.997813
0	466	313	0.997872
0	232	215	0.998939
1	327	77	0.998505
0	455	384	0.997921
0	107	50	0.99951
0	138	93	0.999368
1	303	82	0.998613
1	163	23	0.999253
1	387	72	0.998226
0	223	208	0.998977
0	352	265	0.998386
0	469	208	0.997849
0	141	103	0.999352
0	325	163	0.998507
0	489	449	0.997755
1	355	115	0.998368
1	418	99	0.998078
0	482	207	0.997784
0	429	424	0.998027
1	386	61	0.998224
1	371	39	0.998292
0	175	138	0.999193
0	481	206	0.997784
1	296	13	0.998635
1	230	59	0.998939
1	485	145	0.997764
0	435	190	0.997993
0	387	251	0.998213
0	327	286	0.998489
1	325	26	0.998498
0	479	329	0.997786
0	482	244	0.997771
0	440	371	0.997964
0	328	227	0.99848
0	363	183	0.998318
1	433	117	0.997993
1	93	24	0.999568
0	307	120	0.998575
0	169	138	0.999215
0	303	132	0.998593
0	238	112	0.998894
0	333	278	0.998453
0	342	256	0.998411
0	426	214	0.998018
0	361	293	0.998318
0	320	247	0.998507
1	302	27	0.99859
0	433	243	0.997979
0	279	138	0.998696
0	308	268	0.998559
0	458	271	0.997858
1	263	61	0.998768
0	466	365	0.997818
1	256	61	0.998799
0	427	422	0.997997
0	341	205	0.998399
1	367	41	0.998276
1	371	87	0.998256
0	163	143	0.999233
1	264	14	0.998757
1	253	65	0.998808
1	345	14	0.998375
1	415	114	0.998045
0	135	126	0.999363
0	351	184	0.998345
0	72	31	0.99966
0	367	234	0.998269
0	458	457	0.997838
0	455	330	0.997851
0	347	195	0.998359
0	365	241	0.998274
1	290	32	0.998626
1	82	28	0.999611
0	392	183	0.998143
1	236	39	0.99888
0	233	231	0.998894
0	261	170	0.998761
0	415	197	0.998031
0	351	330	0.998334
0	422	257	0.997997
1	451	107	0.997856
0	437	269	0.997921
0	378	313	0.998199
1	306	87	0.998541
1	282	12	0.998655
1	344	69	0.998359
0	409	170	0.998049
0	136	92	0.99935
0	159	95	0.99924
1	424	79	0.997973
0	118	85	0.999435
0	330	301	0.99842
0	121	99	0.99942
0	205	155	0.999017
0	286	136	0.998629
1	201	31	0.999035
0	117	64	0.999438
1	267	20	0.998718
0	364	284	0.998251
0	429	230	0.997939
0	373	188	0.998206
0	157	119	0.999244
1	320	25	0.998458
1	330	52	0.998408
0	433	242	0.997912
1	349	95	0.998314
0	453	306	0.997811
1	430	136	0.997921
0	426	408	0.997937
0	225	203	0.998907
1	208	62	0.998988
1	251	33	0.998779
0	92	35	0.999552
0	379	332	0.998157
1	301	28	0.998534
0	452	235	0.9978
0	256	203	0.998752
0	314	179	0.998469
0	402	298	0.99804
0	281	184	0.998629
0	233	86	0.998862
1	404	130	0.998027
0	256	118	0.998748
0	256	128	0.998748
1	401	45	0.99804
1	425	98	0.997921
1	442	116	0.997838
0	232	114	0.998864
1	274	52	0.998658
1	320	97	0.998433
0	177	104	0.999132
1	288	30	0.998586
0	281	266	0.99862
0	152	98	0.999253
1	315	16	0.998453
0	167	130	0.999179
0	197	113	0.999031
0	422	409	0.997926
0	415	176	0.997959
0	337	214	0.998339
0	70	29	0.999654
0	348	283	0.99828
0	275	233	0.99864
0	159	71	0.999213
1	365	70	0.998195
0	370	353	0.99817
0	188	168	0.999069
0	351	260	0.998262
1	376	111	0.998137
0	432	405	0.99786
1	340	122	0.998314
1	446	99	0.997789
0	448	219	0.997777
0	271	138	0.998653
0	312	298	0.998449
1	404	62	0.997991
1	154	21	0.999233
0	243	237	0.99879
0	265	125	0.99868
0	254	187	0.998734
0	451	262	0.997753
1	441	137	0.997802
1	416	143	0.997926
1	393	139	0.99804
1	54	11	0.99973
0	165	126	0.999175
1	382	74	0.998092
0	189	106	0.999055
1	272	30	0.99864
0	302	154	0.998489
0	364	288	0.998179
1	88	11	0.999559
1	255	82	0.998721
0	271	161	0.99864
0	167	151	0.999161
1	270	92	0.998644
1	365	122	0.998166
0	343	194	0.998276
1	351	124	0.998235
1	446	113	0.997753
1	433	100	0.997818
0	259	160	0.998691
1	428	69	0.997838
0	112	94	0.999433
1	323	93	0.998366
1	382	16	0.998067
0	372	216	0.998114
1	409	67	0.997926
0	323	310	0.998361
0	309	274	0.998431
0	131	96	0.999334
0	429	227	0.99782
1	360	119	0.998168
1	136	44	0.999307
0	376	239	0.998083
0	200	177	0.998979
0	427	186	0.997822
0	214	144	0.998905
0	418	320	0.997863
1	191	18	0.999022
0	328	187	0.998321
0	161	96	0.999175
0	54	48	0.999723
1	332	60	0.998298
0	184	104	0.999055
1	176	49	0.999096
1	297	15	0.998473
1	73	6	0.999624
0	392	249	0.997984
0	407	186	0.997905
0	68	42	0.999649
1	373	89	0.998076
0	226	154	0.998833
0	382	311	0.998029
1	110	25	0.999431
0	247	234	0.998723
1	391	69	0.997979
0	340	235	0.998242
1	412	33	0.997869
1	410	32	0.997878
0	308	238	0.998404
1	258	28	0.998662
0	234	225	0.998784
1	283	93	0.998527
0	401	253	0.997914
1	124	40	0.999354
0	103	46	0.999462
1	414	91	0.99784
1	358	26	0.99813
0	424	167	0.997786
0	175	97	0.999085
1	407	16	0.997874
0	268	250	0.998599
0	227	133	0.998813
1	343	75	0.998206
0	216	163	0.998869
1	277	27	0.99855
0	322	186	0.998312
0	389	386	0.997961
0	349	138	0.99817
0	312	143	0.998361
0	127	123	0.999332
1	295	51	0.998449
1	422	138	0.997782
0	406	159	0.99786
0	213	202	0.998876
1	164	24	0.999134
0	127	72	0.999328
0	421	273	0.997773
0	293	176	0.998449
0	330	299	0.998249
0	364	148	0.998067
0	394	358	0.997908
0	369	240	0.99804
0	96	90	0.999489
0	369	343	0.998036
0	359	316	0.998089
1	259	48	0.99862
0	131	108	0.999301
0	89	48	0.999525
0	388	182	0.997932
0	66	25	0.999647
1	373	85	0.998006
1	311	98	0.998336
0	319	300	0.998292
0	134	50	0.99928
1	351	74	0.998116
0	270	167	0.998548
0	86	48	0.999537
0	364	336	0.998042
1	266	13	0.998568
0	408	342	0.997804
0	199	167	0.998927
0	271	184	0.998539
1	225	24	0.998786
0	249	240	0.998655
0	386	379	0.997914
0	412	171	0.997771
1	327	101	0.998229
0	364	330	0.998029
0	244	203	0.998676
1	269	37	0.998539
0	364	330	0.998024
1	247	56	0.998658
1	194	33	0.998945
0	134	114	0.999271
1	262	12	0.998575
0	378	202	0.997943
1	394	33	0.997854
0	143	137	0.99922
1	84	25	0.999541
0	316	137	0.998274
1	327	71	0.998211
0	280	175	0.998467
0	260	105	0.998575
0	213	188	0.998831
1	300	92	0.998354
0	79	43	0.999566
0	160	121	0.999121
1	128	17	0.999296
0	265	120	0.998543
0	392	205	0.997845
1	346	71	0.998096
0	293	183	0.998384
1	382	51	0.997894
0	186	150	0.99897
0	383	353	0.997881
0	371	334	0.997946
1	125	30	0.999307
0	71	29	0.999606
0	122	45	0.999323
0	265	104	0.99853
0	282	261	0.998435
0	320	185	0.998224
0	383	304	0.997874
0	96	39	0.999465
0	356	248	0.998015
1	345	69	0.998076
1	325	88	0.998186
0	335	299	0.99813
0	231	173	0.998709
1	397	44	0.997782
0	339	140	0.998103
1	275	87	0.99846
1	305	66	0.998292
0	315	150	0.998235
0	210	111	0.998822
0	289	159	0.998379
1	219	36	0.99877
0	227	136	0.998723
0	127	70	0.999285
1	302	64	0.998301
0	348	289	0.998042
0	289	282	0.998372
1	330	86	0.998139
0	105	71	0.999406
1	339	114	0.998083
1	243	35	0.998624
0	253	178	0.998566
0	251	162	0.998577
1	333	97	0.998112
0	331	170	0.998123
0	375	146	0.997874
0	284	151	0.998386
0	322	283	0.99817
1	348	58	0.998022
1	199	16	0.998867
0	301	202	0.998283
1	376	43	0.997856
0	283	158	0.998384
1	368	127	0.997899
1	375	52	0.997858
0	296	279	0.998307
1	116	31	0.999334
1	206	30	0.998815
0	364	323	0.997905
1	325	77	0.998128
1	354	103	0.997961
1	262	34	0.998489
0	73	30	0.999577
1	272	69	0.99842
0	272	230	0.99842
0	348	167	0.997979
0	266	226	0.998453
0	342	194	0.998011
0	116	73	0.999323
1	305	17	0.99822
1	219	50	0.998721
0	344	288	0.997991
1	144	32	0.999157
0	274	257	0.998397
0	373	232	0.997818
1	199	61	0.998833
0	272	229	0.998404
0	357	289	0.997905
0	327	270	0.99808
1	205	21	0.998795
0	375	337	0.997793
0	116	51	0.999316
0	156	122	0.99908
0	333	329	0.998033
0	104	57	0.999384
1	305	12	0.998193
1	267	36	0.998417
0	283	146	0.998321
0	295	149	0.998249
0	351	247	0.997917
0	369	257	0.997809
1	122	29	0.999274
0	306	287	0.998181
0	248	133	0.998525
0	296	268	0.998238
0	262	123	0.99844
0	152	144	0.999094
0	194	136	0.998842
1	316	97	0.998114
0	247	148	0.998525
0	173	115	0.998966
0	324	169	0.998065
1	315	65	0.998114
0	249	183	0.998505
1	153	31	0.99908
0	312	247	0.998125
0	151	55	0.999091
1	336	59	0.997979
1	299	69	0.998197
0	369	332	0.997775
0	327	295	0.998027
0	138	90	0.999166
0	368	279	0.997777
1	155	29	0.99906
1	209	50	0.998732
0	282	253	0.998289
0	279	198	0.998307
0	367	190	0.997773
0	50	49	0.999696
1	199	66	0.99879
0	291	119	0.998231
0	251	162	0.998473
0	171	128	0.998957
0	278	272	0.998305
0	340	236	0.997926
1	282	23	0.998278
0	244	118	0.998509
1	262	31	0.998399
1	327	94	0.998002
0	194	115	0.998813
0	252	226	0.998458
1	256	54	0.998433
0	131	69	0.999197
0	349	195	0.997858
0	224	178	0.998624
0	79	57	0.999514
0	187	152	0.998846
0	345	138	0.997872
0	52	32	0.999678
0	323	291	0.998002
0	228	99	0.998588
1	321	13	0.998013
1	255	18	0.998417
0	112	50	0.999303
0	333	249	0.99793
0	240	164	0.998507
1	339	13	0.997892
0	208	102	0.998703
1	322	26	0.997993
0	309	180	0.998069
0	324	230	0.997975
0	96	47	0.999399
0	233	190	0.998541
1	254	55	0.998406
0	116	75	0.999271
0	113	48	0.999289
1	357	109	0.997755
1	244	80	0.998462
0	210	76	0.998676
1	176	32	0.998889
1	264	24	0.99833
0	210	176	0.998671
0	293	101	0.998146
0	223	175	0.998588
0	308	245	0.998049
0	286	145	0.998188
0	172	124	0.998907
0	232	203	0.998525
0	262	183	0.998332
1	245	54	0.99844
0	128	124	0.999184
0	216	185	0.99862
0	254	142	0.99837
1	228	68	0.998536
1	347	108	0.997768
0	337	306	0.997831
0	181	107	0.998833
1	240	11	0.998453
1	271	33	0.998251
0	50	42	0.999676
0	280	134	0.998188
1	267	19	0.998271
0	180	161	0.998833
0	139	84	0.999098
0	242	240	0.998429
1	183	15	0.998811
0	288	284	0.99813
0	100	61	0.999348
0	159	97	0.998963
0	260	207	0.998305
0	173	153	0.998871
0	239	221	0.99844
1	331	45	0.99784
0	316	306	0.997937
0	165	100	0.998921
0	265	108	0.998267
0	158	76	0.998966
0	284	204	0.998141
1	274	57	0.998206
0	246	84	0.998388
0	284	229	0.998139
0	286	279	0.998125
0	85	39	0.999442
0	208	167	0.998635
0	304	145	0.998006
0	228	82	0.998503
0	105	41	0.99931
0	254	228	0.99833
0	319	303	0.997903
0	333	145	0.997811
0	195	160	0.998716
1	181	21	0.998808
1	141	18	0.999069
0	303	246	0.998
0	246	116	0.998375
0	215	210	0.998579
0	325	266	0.997851
0	338	320	0.997764
0	288	241	0.998094
0	98	48	0.99935
1	174	56	0.998846
0	293	249	0.998058
0	337	307	0.997766
0	310	244	0.997943
1	335	72	0.997775
0	99	98	0.999341
0	314	181	0.99791
0	86	42	0.999426
1	261	82	0.99826
0	226	87	0.998491
1	312	31	0.997917
0	336	154	0.997757
1	311	37	0.997919
0	163	156	0.998907
1	300	55	0.997988
0	230	160	0.998456
0	157	119	0.998945
0	207	153	0.998608
0	190	166	0.998721
0	262	246	0.998235
0	142	109	0.99904
0	176	175	0.998808
1	281	31	0.998096
0	120	62	0.999186
0	197	106	0.998664
0	168	167	0.998858
1	307	11	0.997914
0	94	44	0.999359
0	186	101	0.998732
0	218	140	0.998514
0	247	94	0.998312
0	245	178	0.998325
1	246	62	0.998318
0	316	253	0.99784
0	275	170	0.998114
1	147	26	0.99899
0	235	223	0.998386
0	281	163	0.998069
0	134	69	0.999078
0	69	32	0.999525
1	254	23	0.998253
1	312	76	0.997854
0	249	112	0.998285
1	182	50	0.998745
0	55	25	0.99962
0	111	59	0.999233
0	321	186	0.997782
0	97	33	0.999328
0	109	85	0.999244
1	221	67	0.998467
0	205	106	0.998577
0	175	168	0.998784
0	176	120	0.998777
0	266	113	0.998152
1	244	9	0.998303
0	313	239	0.997824
0	228	86	0.998413
0	93	89	0.999352
0	161	105	0.998878
1	211	62	0.99853
0	120	67	0.999163
1	259	58	0.998195
0	276	183	0.998074
1	286	46	0.998004
0	304	238	0.997876
0	280	259	0.998042
0	300	212	0.997901
1	279	25	0.998047
1	110	13	0.999229
0	200	190	0.998599
1	60	15	0.999579
1	210	15	0.998527
0	260	121	0.998175
0	242	240	0.998301
0	232	93	0.99837
0	232	87	0.99837
0	274	114	0.998069
0	222	200	0.998433
0	201	184	0.998581
0	231	121	0.998368
1	130	10	0.99908
0	286	140	0.997977
0	254	148	0.998202
0	99	77	0.999298
0	238	207	0.998314
1	238	43	0.998314
1	123	27	0.999125
1	148	26	0.998945
0	187	91	0.998667
0	263	90	0.998121
0	196	122	0.998599
0	217	157	0.998449
0	170	91	0.998784
0	98	36	0.999298
0	228	161	0.998368
0	237	98	0.998303
0	183	94	0.998687
0	197	113	0.998586
0	196	109	0.998593
1	214	8	0.998462
0	216	110	0.998447
0	226	132	0.998375
0	289	154	0.997919
0	273	202	0.998033
0	291	259	0.997903
1	104	26	0.999249
0	161	127	0.998837
0	66	49	0.999521
1	179	12	0.998698
1	198	30	0.998559
1	297	27	0.997836
1	93	7	0.999321
0	213	179	0.998442
1	93	23	0.999319
1	229	16	0.998323
1	264	72	0.998067
1	130	32	0.999046
1	210	34	0.998456
1	150	39	0.998896
0	286	174	0.997896
0	291	257	0.997854
0	176	81	0.998696
1	192	7	0.998577
0	271	180	0.997991
0	140	88	0.998961
0	80	71	0.999406
1	156	27	0.998842
0	153	146	0.998864
0	295	101	0.997804
0	267	161	0.998011
1	224	70	0.99833
0	189	80	0.99859
0	257	218	0.998083
0	296	126	0.997791
0	183	116	0.998633
0	174	83	0.9987
1	82	12	0.999386
0	294	157	0.9978
0	290	122	0.997829
1	153	7	0.998853
1	140	29	0.99895
0	197	191	0.998523
0	160	92	0.998799
1	294	63	0.997795
0	151	133	0.998864
0	279	238	0.997903
1	217	48	0.998366
0	274	115	0.997932
0	223	88	0.998316
0	228	164	0.998278
0	286	125	0.99784
0	152	122	0.998844
0	248	239	0.998114
1	231	8	0.998242
1	245	75	0.998132
1	244	70	0.998137
0	188	180	0.998563
0	268	172	0.997948
0	203	68	0.998444
0	234	96	0.998206
1	290	38	0.997777
0	166	132	0.998725
0	76	49	0.999415
0	150	94	0.998846
0	186	71	0.998568
0	244	202	0.998121
1	279	79	0.997851
0	179	147	0.998617
0	229	136	0.998231
0	196	135	0.998485
0	287	115	0.997782
1	200	50	0.998451
1	155	6	0.998799
0	265	214	0.997948
0	261	109	0.997977
0	187	82	0.998548
0	193	126	0.998496
0	275	92	0.997856
0	230	204	0.998204
0	84	51	0.999343
0	279	108	0.99782
1	180	10	0.99859
0	201	156	0.998424
1	184	7	0.998557
0	256	92	0.997991
0	146	78	0.998853
1	93	22	0.999269
1	179	23	0.998593
0	187	151	0.99853
0	282	210	0.99778
1	247	17	0.998053
0	149	117	0.998824
1	171	29	0.998649
0	149	139	0.998822
0	182	122	0.998561
1	266	44	0.997896
0	209	127	0.998345
0	265	156	0.997901
1	180	7	0.998572
1	242	28	0.99808
0	214	124	0.998296
0	246	237	0.998036
0	190	188	0.998482
0	192	170	0.998465
0	256	222	0.997952
1	225	25	0.998199
0	149	49	0.998806
0	186	142	0.998509
0	262	243	0.997901
0	139	61	0.998885
0	233	167	0.998128
0	216	103	0.998256
0	278	141	0.997753
1	241	51	0.998051
1	254	66	0.997941
0	136	66	0.998894
1	240	57	0.998049
0	137	62	0.998885
0	137	126	0.998885
0	217	211	0.998231
1	172	6	0.998597
0	209	126	0.998292
0	260	159	0.997874
0	265	235	0.997833
0	245	160	0.997993
1	151	37	0.998761
0	248	219	0.997966
0	127	73	0.998957
0	139	78	0.998858
0	217	181	0.998217
0	186	106	0.998471
0	91	81	0.999251
0	116	102	0.999044
1	249	18	0.997946
0	110	50	0.999091
1	223	53	0.998157
0	143	123	0.998817
1	268	55	0.997784
0	212	94	0.998244
0	226	169	0.998128
0	130	109	0.998921
0	261	111	0.997836
0	241	164	0.998
1	252	47	0.997908
0	73	37	0.999393
0	209	123	0.998262
1	58	10	0.999514
0	212	209	0.998224
0	245	194	0.997948
0	162	87	0.998642
0	214	179	0.998206
0	262	227	0.997804
0	175	87	0.998532
0	267	112	0.997759
0	219	147	0.998161
0	255	193	0.997854
1	202	9	0.998298
0	211	158	0.99822
1	67	15	0.999433
0	210	89	0.998224
0	182	59	0.998458
0	251	210	0.997872
0	203	188	0.998274
0	180	109	0.998469
0	85	42	0.999276
0	200	73	0.998298
0	148	120	0.998739
0	237	98	0.997982
0	193	142	0.998354
0	149	61	0.998727
0	250	200	0.997863
1	85	14	0.999269
0	213	197	0.998166
1	202	42	0.99826
0	208	202	0.998208
1	155	17	0.99866
0	244	169	0.997892
1	180	12	0.998444
1	234	20	0.997977
0	141	49	0.998779
1	242	66	0.997905
0	172	151	0.998509
0	131	83	0.998864
0	164	60	0.998577
1	253	22	0.9978
1	175	11	0.998476
0	239	213	0.997917
0	213	84	0.998143
1	69	10	0.999397
1	172	37	0.998498
0	193	93	0.998314
1	237	58	0.99793
0	214	179	0.99813
0	72	70	0.999366
0	199	143	0.99824
0	52	39	0.999539
0	216	130	0.998087
0	209	168	0.998146
1	101	32	0.999103
0	146	85	0.998703
0	158	79	0.998595
0	215	193	0.998089
0	119	40	0.998941
1	244	44	0.997831
0	104	46	0.999073
1	251	32	0.997762
1	242	52	0.997842
1	247	51	0.997795
0	168	74	0.998496
0	215	104	0.998076
0	188	85	0.998316
0	238	149	0.997851
0	142	76	0.998709
0	92	72	0.999163
0	230	167	0.997908
1	81	4	0.999262
0	225	204	0.997952
0	240	160	0.997815
1	148	30	0.998651
0	220	113	0.997991
0	177	86	0.998377
0	91	44	0.999163
0	163	105	0.9985
1	224	38	0.997939
0	180	123	0.998341
1	113	20	0.998957
0	232	162	0.99786
0	127	78	0.998826
1	105	33	0.999029
0	153	50	0.998581
0	67	66	0.999377
0	203	120	0.998112
0	213	150	0.998018
0	212	152	0.998024
0	125	45	0.998833
0	95	41	0.999112
1	200	30	0.998132
0	116	78	0.998914
0	211	168	0.998022
0	221	104	0.997928
0	127	90	0.998806
0	115	94	0.998918
0	232	151	0.997818
1	200	55	0.998112
0	163	136	0.99846
0	165	163	0.99844
0	82	68	0.999222
0	227	208	0.997847
1	163	24	0.998453
0	211	139	0.997997
0	213	74	0.997975
0	68	24	0.999352
0	221	129	0.997896
1	187	25	0.998215
1	138	32	0.99868
0	196	192	0.998123
0	208	131	0.998006
0	218	181	0.99791
0	215	136	0.997934
1	137	11	0.998682
0	78	50	0.999249
0	100	56	0.999035
0	141	67	0.998633
1	212	61	0.997946
0	157	53	0.998478
0	213	121	0.997934
0	222	136	0.997845
0	219	137	0.997874
0	186	108	0.99819
0	228	114	0.997782
0	135	53	0.998685
0	211	154	0.997946
1	101	19	0.999013
0	228	210	0.997773
1	170	36	0.998336
1	160	40	0.998431
1	137	29	0.998653
0	159	120	0.998435
1	199	26	0.998042
0	225	176	0.997786
0	140	65	0.99862
0	79	40	0.99922
0	218	108	0.997849
0	173	131	0.998292
1	65	9	0.999357
1	191	19	0.99811
0	224	185	0.997784
1	151	17	0.998505
0	162	151	0.998395
1	195	39	0.998067
1	180	55	0.998208
0	201	180	0.997997
1	162	42	0.998384
0	72	38	0.99928
0	144	118	0.998561
0	219	190	0.997809
0	94	83	0.999058
0	188	90	0.998114
0	71	62	0.999285
0	192	176	0.998065
0	153	108	0.998456
0	138	60	0.998602
0	147	145	0.998503
1	58	4	0.999408
0	97	83	0.999002
0	166	161	0.998292
0	65	38	0.999328
0	114	95	0.99882
0	111	40	0.998851
0	110	44	0.998858
0	182	97	0.99811
0	149	96	0.998447
1	120	6	0.998748
0	139	89	0.99855
0	124	44	0.998705
0	138	77	0.998557
1	211	32	0.997793
0	105	89	0.9989
0	142	100	0.998512
0	134	77	0.998595
1	195	32	0.997955
0	206	73	0.997838
0	161	149	0.998307
0	132	113	0.998611
0	177	100	0.998137
0	146	93	0.99846
0	146	86	0.99846
0	115	98	0.998786
0	139	46	0.998532
0	165	113	0.998256
0	114	90	0.998793
1	103	21	0.998909
0	63	30	0.999332
0	116	99	0.998768
1	183	25	0.998056
1	61	4	0.99935
0	208	156	0.99778
0	197	117	0.997896
0	119	49	0.998727
1	168	45	0.998197
1	65	6	0.999301
0	177	77	0.998094
0	112	109	0.998788
0	197	196	0.99786
1	191	38	0.997923
0	152	146	0.998345
1	190	12	0.997932
0	206	146	0.997757
0	135	112	0.998525
0	187	125	0.997952
0	124	88	0.99864
0	121	52	0.998671
0	191	164	0.997903
1	199	39	0.997813
0	119	45	0.998689
1	147	17	0.998381
1	100	28	0.998896
1	163	32	0.998197
0	120	112	0.998671
1	136	38	0.998494
1	71	13	0.999211
0	86	53	0.999044
0	201	108	0.997768
0	54	45	0.999397
0	160	93	0.998215
0	137	91	0.998471
0	134	87	0.998503
0	132	104	0.998525
0	121	80	0.998646
0	155	138	0.998265
0	69	25	0.999226
0	96	56	0.998921
0	122	44	0.998629
1	107	12	0.998797
0	130	125	0.998534
0	197	63	0.997773
0	158	60	0.998213
1	116	30	0.99868
0	168	141	0.998087
0	136	92	0.998447
0	175	80	0.998002
1	128	30	0.998536
0	77	43	0.999118
0	99	48	0.998862
0	132	83	0.99848
0	113	107	0.998696
1	125	21	0.998557
1	81	3	0.999064
0	69	54	0.999197
1	78	6	0.999089
0	144	141	0.998314
1	159	38	0.998137
0	69	57	0.99919
0	103	44	0.998788
0	130	43	0.998469
1	91	26	0.998925
0	149	94	0.998235
0	162	103	0.998078
0	164	160	0.998051
0	114	110	0.998644
1	89	20	0.998941
1	81	19	0.999035
0	144	47	0.998285
1	62	5	0.99926
0	128	65	0.998473
0	62	61	0.999253
1	164	11	0.998022
1	181	30	0.997813
1	148	38	0.998211
0	64	30	0.999224
0	175	84	0.997878
1	101	25	0.998768
0	169	141	0.997937
0	78	71	0.999046
0	54	40	0.999337
0	95	51	0.998833
0	183	144	0.997753
0	112	97	0.998617
0	146	117	0.998197
0	171	120	0.997887
0	50	27	0.999381
0	169	86	0.997905
0	141	75	0.998251
0	123	107	0.998469
0	109	105	0.99864
0	80	60	0.998993
0	56	19	0.999294
1	119	26	0.9985
0	173	85	0.99782
0	168	101	0.997876
1	177	8	0.997762
1	69	21	0.999125
0	164	124	0.997919
0	145	49	0.998157
0	157	148	0.998004
0	89	57	0.998864
0	157	59	0.997993
0	145	92	0.998141
0	66	49	0.999152
0	104	49	0.998664
0	131	105	0.998316
0	123	94	0.998417
1	117	31	0.998494
0	162	97	0.997908
0	159	83	0.997946
0	134	78	0.998267
1	146	16	0.998112
0	87	70	0.998873
0	130	95	0.998312
0	154	88	0.998
0	59	44	0.999229
1	137	24	0.998211
1	133	29	0.998262
0	96	91	0.998743
0	170	77	0.997771
1	111	32	0.998543
0	137	78	0.998202
0	155	118	0.997964
0	138	111	0.998186
0	152	84	0.998
0	106	56	0.998602
0	149	78	0.998033
1	134	31	0.998224
0	136	81	0.998197
1	97	12	0.998712
0	71	57	0.999055
0	152	108	0.997977
1	136	35	0.998179
0	153	103	0.997948
0	106	48	0.998577
1	136	17	0.99817
1	53	15	0.999285
1	149	31	0.997991
0	91	79	0.998772
0	120	81	0.998377
0	165	159	0.997766
0	126	112	0.998285
0	95	62	0.998703
1	50	6	0.999316
0	90	79	0.998759
0	119	115	0.998357
0	88	61	0.998779
0	111	92	0.99846
0	122	43	0.998307
0	137	83	0.998098
0	70	46	0.999026
1	105	18	0.99853
0	75	40	0.998948
0	75	58	0.998939
0	121	73	0.998283
0	110	44	0.998433
0	87	40	0.998759
0	154	142	0.997804
1	97	23	0.998613
0	113	98	0.998381
0	55	44	0.999211
0	154	60	0.997793
0	99	66	0.998579
1	102	29	0.998536
0	153	81	0.997793
1	116	9	0.998321
1	80	5	0.998837
0	141	57	0.997946
0	137	122	0.997997
0	76	57	0.998887
0	107	36	0.998429
0	141	134	0.997923
0	140	80	0.997937
1	116	18	0.998289
0	148	95	0.997818
1	89	13	0.998682
1	59	8	0.999125
0	151	126	0.997762
0	142	54	0.997894
1	120	29	0.998211
0	96	40	0.998568
1	102	9	0.998476
0	92	86	0.998622
0	103	70	0.998449
0	121	54	0.998168
1	71	7	0.998921
0	140	88	0.997874
1	128	32	0.998051
0	145	115	0.997791
0	139	116	0.997881
0	146	82	0.997768
0	64	30	0.99902
0	97	35	0.998514
0	132	70	0.997964
0	126	67	0.998047
1	121	9	0.998123
0	97	94	0.998491
1	138	41	0.997842
1	140	12	0.997809
0	75	71	0.998822
0	96	43	0.998491
0	97	95	0.998467
0	55	53	0.999127
0	69	32	0.998903
0	139	97	0.997791
0	70	35	0.998885
1	103	7	0.998359
0	105	84	0.998318
1	84	7	0.998653
0	74	24	0.998813
1	137	22	0.997804
0	106	77	0.998294
0	95	78	0.998469
1	131	30	0.997887
0	132	123	0.997858
0	104	96	0.998303
1	54	10	0.999118
0	109	106	0.998204
0	54	25	0.999107
1	100	9	0.998345
1	131	23	0.997824
0	122	45	0.99797
0	117	58	0.998049
0	99	74	0.998341
0	79	39	0.998673
0	77	38	0.998703
0	67	31	0.998871
0	113	43	0.998096
0	117	68	0.998027
0	111	107	0.998125
0	109	98	0.998148
0	129	83	0.997784
0	114	40	0.998038
0	116	70	0.997997
0	115	95	0.998013
1	119	26	0.997941
1	102	12	0.998231
0	115	100	0.998004
0	81	64	0.998584
0	105	50	0.998164
0	116	106	0.997941
1	116	6	0.997937
0	116	78	0.997934
0	80	47	0.99857
0	96	93	0.998283
0	115	38	0.997934
1	76	3	0.998631
0	80	51	0.998559
0	118	54	0.997867
0	114	102	0.997939
0	98	30	0.998224
1	63	9	0.998855
0	70	41	0.998727
0	115	98	0.997908
0	83	55	0.998489
0	102	72	0.998134
0	107	80	0.998029
1	92	8	0.998303
0	116	64	0.997856
1	119	8	0.9978
1	86	10	0.998406
0	76	63	0.99859
0	72	28	0.998664
0	79	31	0.998532
0	92	48	0.998289
0	58	52	0.998918
1	73	7	0.998637
0	71	57	0.998669
0	53	48	0.999006
0	67	61	0.998741
0	106	90	0.998002
0	103	34	0.99804
1	107	17	0.997961
0	80	28	0.998465
0	77	76	0.998521
0	57	28	0.998903
0	95	69	0.998173
0	74	41	0.998572
0	76	26	0.998527
1	70	20	0.998635
1	106	31	0.99793
0	101	70	0.998015
0	78	49	0.99846
1	107	23	0.997876
0	95	93	0.998098
1	82	19	0.998352
0	54	53	0.998907
0	74	32	0.998498
0	66	51	0.99866
0	79	42	0.998395
0	51	30	0.998957
0	85	29	0.998251
0	60	56	0.998763
0	76	51	0.998426
0	65	61	0.998651
0	105	65	0.997809
1	64	8	0.998658
0	101	71	0.997869
0	71	30	0.998494
0	59	38	0.998739
0	104	82	0.997777
0	72	25	0.998451
0	72	58	0.998449
0	69	22	0.998512
0	104	79	0.997757
0	50	27	0.998909
0	61	34	0.99866
0	82	81	0.998199
0	84	29	0.998155
1	93	11	0.997948
0	82	38	0.998188
1	61	18	0.998646
1	82	6	0.998179
0	88	55	0.998045
0	94	93	0.997883
0	98	73	0.997793
1	96	5	0.997827
0	95	47	0.997838
0	89	50	0.99797
1	94	4	0.997854
0	73	49	0.99833
1	70	16	0.998395
1	62	9	0.998563
0	50	34	0.998835
1	63	15	0.998527
0	53	51	0.998759
0	90	29	0.997892
0	62	43	0.99853
0	78	49	0.998137
0	67	25	0.998393
0	74	27	0.998217
0	85	38	0.997943
1	65	5	0.998426
0	69	51	0.998312
0	74	60	0.998181
0	59	30	0.998543
1	83	16	0.997943
1	85	25	0.997885
0	76	39	0.998101
1	72	14	0.998179
0	58	31	0.998521
0	76	45	0.998049
0	66	56	0.998301
0	59	35	0.99848
0	54	30	0.998602
0	54	25	0.998597
0	61	29	0.998415
0	63	40	0.998363
1	64	10	0.998314
1	68	19	0.998177
0	80	79	0.997822
0	71	65	0.998062
0	54	52	0.998525
1	76	3	0.997923
0	75	43	0.997901
1	71	17	0.998006
1	79	19	0.997766
0	56	39	0.998413
0	66	36	0.998119
0	78	26	0.997762
0	66	39	0.998105
0	74	30	0.997858
0	66	47	0.998076
1	62	7	0.998184
0	66	24	0.998065
0	51	23	0.998494
0	74	26	0.997807
0	73	49	0.997833
0	68	61	0.997937
0	50	26	0.99848
0	67	51	0.997952
0	51	49	0.998411
0	62	41	0.998011
1	62	7	0.997997
0	53	33	0.998269
0	61	28	0.997921
0	64	61	0.997793
1	60	5	0.997919
0	53	32	0.998146
0	61	41	0.997753
0	51	20	0.998114
0	54	39	0.997984
0	54	38	0.997968
0	55	38	0.997928
0	56	32	0.997795
0	53	32	0.997858
0	51	25	0.997932
0	53	48	0.997836
0	52	30	0.997872
