290688
5.81122
4500
1	397	257	0.999999
1	329	317	0.999999
1	288	76	0.999999
1	413	224	0.999997
1	470	64	0.999996
1	365	71	0.999996
1	319	263	0.999996
1	304	110	0.999996
1	373	63	0.999995
1	386	327	0.999994
1	175	131	0.999997
1	163	53	0.999997
1	155	43	0.999997
1	408	222	0.999992
1	284	182	0.999994
1	373	338	0.999992
1	229	188	0.999995
1	180	117	0.999996
1	401	114	0.999991
1	350	112	0.999991
1	377	73	0.99999
1	472	317	0.999987
1	432	223	0.999988
1	493	357	0.999986
1	334	93	0.99999
1	259	119	0.999992
1	449	340	0.999986
1	159	138	0.999995
1	374	119	0.999988
1	112	26	0.999996
1	336	165	0.999988
1	443	161	0.999984
1	162	18	0.999994
1	498	276	0.999981
1	203	152	0.999992
1	298	140	0.999988
1	461	291	0.999981
1	277	26	0.999988
1	137	108	0.999994
1	357	117	0.999984
1	196	36	0.999991
1	498	84	0.999977
1	382	184	0.999982
1	126	115	0.999994
1	366	291	0.999982
1	444	30	0.999978
1	305	202	0.999984
1	476	380	0.999975
1	392	373	0.999979
1	425	31	0.999977
1	460	444	0.999975
1	422	236	0.999977
1	457	42	0.999975
1	310	300	0.999983
1	413	79	0.999977
1	447	308	0.999975
1	178	106	0.99999
1	160	93	0.999991
1	302	229	0.999983
1	428	343	0.999974
1	442	361	0.999973
1	374	316	0.999977
1	491	239	0.999969
1	95	57	0.999994
1	500	254	0.999968
1	419	373	0.999973
1	464	344	0.99997
1	374	36	0.999975
1	232	178	0.999984
1	330	75	0.999977
1	330	65	0.999977
1	412	334	0.999971
1	368	131	0.999974
1	468	121	0.999966
1	481	241	0.999965
1	232	205	0.999983
1	244	52	0.999982
1	352	116	0.999974
1	309	296	0.999977
1	343	247	0.999974
1	460	361	0.999965
1	340	155	0.999974
1	207	78	0.999984
0	203	198	0.999984
1	493	374	0.999961
1	453	134	0.999964
1	200	191	0.999984
1	425	253	0.999966
1	162	115	0.999987
1	309	112	0.999975
1	232	111	0.999981
1	410	168	0.999966
1	480	56	0.99996
1	383	309	0.999968
1	198	44	0.999983
1	312	62	0.999973
1	479	331	0.999957
0	445	434	0.99996
1	471	95	0.999957
1	438	174	0.99996
1	240	190	0.999978
1	468	299	0.999957
1	150	125	0.999986
0	223	214	0.999979
1	494	133	0.999953
1	383	154	0.999961
1	372	167	0.999962
1	407	232	0.999957
1	416	51	0.999956
1	392	200	0.999958
1	447	75	0.999952
1	316	297	0.999966
1	276	47	0.99997
1	428	60	0.999953
1	434	66	0.999952
1	385	89	0.999957
1	394	212	0.999955
1	365	46	0.999958
1	146	123	0.999983
1	497	326	0.999942
1	329	110	0.999961
1	216	78	0.999974
1	493	205	0.99994
1	476	273	0.999942
1	254	172	0.999969
1	81	65	0.99999
1	283	121	0.999965
1	363	26	0.999955
1	177	136	0.999978
1	152	9	0.999981
1	457	218	0.999942
1	148	77	0.999981
1	396	125	0.999949
0	427	425	0.999945
1	433	283	0.999944
1	323	149	0.999958
1	433	249	0.999943
1	257	71	0.999966
1	287	127	0.999962
1	330	84	0.999956
1	59	33	0.999992
1	199	38	0.999973
0	94	88	0.999987
1	318	226	0.999956
1	409	72	0.999943
1	435	331	0.999939
1	460	93	0.999935
0	127	119	0.999982
1	323	173	0.999953
1	396	105	0.999942
1	379	198	0.999944
1	419	75	0.999938
1	208	138	0.999969
1	482	446	0.999927
1	312	195	0.999952
0	395	394	0.999939
1	200	185	0.999969
1	498	110	0.999922
0	490	476	0.999923
1	438	280	0.999931
1	328	177	0.999948
1	495	49	0.999921
1	461	215	0.999926
1	336	222	0.999945
1	292	38	0.999952
0	267	253	0.999956
1	423	286	0.999929
1	499	92	0.999916
1	493	245	0.999917
1	483	152	0.999918
1	154	57	0.999973
1	321	207	0.999943
1	472	419	0.999916
1	430	315	0.999923
1	452	308	0.999919
1	462	312	0.999917
1	250	83	0.999955
1	55	41	0.99999
1	232	130	0.999957
1	484	352	0.999909
1	486	238	0.999908
1	464	255	0.999912
1	484	137	0.999908
1	326	28	0.999938
1	411	340	0.999921
0	407	400	0.999921
1	494	202	0.999904
1	481	328	0.999906
1	348	131	0.999931
0	201	186	0.99996
1	331	50	0.999934
1	70	31	0.999986
1	497	98	0.9999
0	124	122	0.999975
1	337	108	0.999932
1	113	62	0.999977
1	420	367	0.999914
1	317	199	0.999935
1	258	192	0.999947
1	277	137	0.999943
1	401	315	0.999917
1	375	70	0.999922
1	370	63	0.999923
0	355	322	0.999926
1	340	228	0.999929
1	201	84	0.999958
1	228	131	0.999952
1	398	52	0.999916
1	145	40	0.999969
1	316	18	0.999932
1	120	15	0.999974
1	360	235	0.999921
1	221	20	0.999951
1	498	71	0.999888
1	350	301	0.999921
1	398	198	0.99991
0	485	446	0.99989
1	361	80	0.999918
1	433	284	0.999901
1	310	276	0.999929
1	276	79	0.999936
1	409	256	0.999905
1	412	181	0.999904
1	467	278	0.999891
1	410	310	0.999904
1	303	73	0.999929
0	260	233	0.999939
1	115	90	0.999973
1	464	208	0.999891
1	318	36	0.999925
1	255	210	0.999939
1	413	341	0.999901
1	365	194	0.999912
1	431	256	0.999896
1	364	49	0.999912
1	463	59	0.999887
1	225	119	0.999945
1	360	138	0.999912
1	277	114	0.999932
1	178	127	0.999956
1	282	238	0.99993
1	225	85	0.999944
1	419	148	0.999895
0	488	482	0.999877
0	444	410	0.999888
0	416	412	0.999895
0	103	100	0.999974
1	237	48	0.99994
1	466	301	0.999882
1	288	239	0.999927
1	184	34	0.999953
1	458	174	0.999883
1	495	148	0.999873
1	369	100	0.999905
1	302	55	0.999922
1	216	146	0.999944
1	169	44	0.999956
1	432	332	0.999887
1	456	37	0.999879
1	275	25	0.999927
1	421	316	0.999888
0	362	319	0.999903
1	376	312	0.999899
1	483	379	0.99987
1	464	335	0.999875
1	484	193	0.999869
1	354	110	0.999904
1	220	119	0.99994
1	471	396	0.999871
0	251	224	0.999931
1	482	320	0.999865
1	433	124	0.999878
1	354	37	0.9999
1	488	330	0.999862
1	442	181	0.999875
1	305	220	0.999913
1	488	305	0.99986
1	474	98	0.999864
1	254	84	0.999927
1	287	150	0.999916
1	58	48	0.999983
0	385	370	0.999887
1	237	157	0.99993
0	351	307	0.999896
1	276	102	0.999918
1	500	303	0.999851
1	359	119	0.999893
1	466	279	0.99986
1	213	158	0.999936
1	113	16	0.999966
1	458	88	0.999862
0	418	410	0.999874
1	444	234	0.999866
1	377	44	0.999886
1	330	232	0.9999
0	423	422	0.999871
0	167	162	0.999949
1	250	151	0.999923
1	297	203	0.999908
1	390	164	0.999878
1	169	28	0.999947
0	363	338	0.999886
0	276	254	0.999913
0	317	279	0.9999
1	304	21	0.999904
1	401	174	0.999873
1	243	30	0.999923
1	359	235	0.999886
1	486	354	0.999845
1	213	25	0.999932
1	426	178	0.999864
1	476	286	0.999848
0	81	76	0.999974
1	227	20	0.999927
0	198	170	0.999936
1	224	109	0.999927
1	229	183	0.999925
1	500	193	0.999836
1	256	23	0.999916
1	487	62	0.99984
1	434	289	0.999857
1	393	252	0.999869
1	380	64	0.999873
1	260	93	0.999913
0	494	444	0.999834
0	288	263	0.999903
0	485	446	0.999835
1	481	34	0.999836
1	243	108	0.999917
0	351	346	0.99988
1	283	23	0.999903
1	265	31	0.999909
1	457	296	0.999843
0	387	372	0.999867
1	110	43	0.999962
1	452	61	0.999843
1	175	67	0.999939
1	347	186	0.999879
1	398	86	0.999861
0	100	91	0.999965
1	91	59	0.999968
1	392	124	0.999862
1	397	31	0.99986
1	454	263	0.999839
1	462	268	0.999836
1	375	118	0.999866
1	360	81	0.999871
1	173	82	0.999938
1	456	243	0.999836
1	497	192	0.999821
1	147	60	0.999947
0	368	353	0.999867
1	351	226	0.999873
1	295	20	0.999893
1	380	73	0.999862
1	206	23	0.999925
1	274	57	0.9999
0	282	273	0.999897
1	210	22	0.999923
1	381	24	0.99986
1	380	254	0.99986
1	483	302	0.999822
1	279	140	0.999897
0	305	300	0.999887
1	142	116	0.999947
1	267	188	0.9999
1	429	304	0.999839
1	186	47	0.99993
1	170	95	0.999936
1	255	50	0.999904
1	483	371	0.999818
1	485	387	0.999817
1	368	52	0.99986
0	218	187	0.999917
1	440	205	0.999832
1	387	261	0.999852
1	353	39	0.999864
1	472	385	0.999818
1	256	190	0.999901
0	495	456	0.999808
0	402	373	0.999844
1	264	87	0.999897
1	487	53	0.99981
1	377	63	0.999852
1	168	37	0.999934
0	254	237	0.9999
1	492	349	0.999806
1	448	88	0.999823
1	361	176	0.999857
1	416	39	0.999835
0	398	394	0.999842
1	423	329	0.999832
1	133	66	0.999947
1	383	87	0.999847
1	446	105	0.999821
1	387	209	0.999844
1	482	93	0.999804
0	430	377	0.999821
1	72	35	0.99997
1	362	159	0.999849
0	210	203	0.999912
1	307	233	0.999871
0	485	456	0.999796
1	290	163	0.999878
1	425	318	0.999821
1	299	186	0.999874
1	467	112	0.999803
1	371	221	0.999843
1	248	110	0.999895
1	366	287	0.999845
0	373	317	0.999842
0	492	455	0.999791
1	336	31	0.999857
1	307	216	0.999869
1	325	254	0.999861
1	374	231	0.99984
1	139	40	0.99994
1	423	193	0.999816
1	363	116	0.999842
1	78	42	0.999966
0	379	339	0.999834
1	323	23	0.999858
1	402	161	0.999823
1	397	290	0.999825
0	372	362	0.999836
1	330	102	0.999854
0	458	442	0.999797
0	310	272	0.999862
1	283	101	0.999874
1	348	76	0.999845
0	487	470	0.999783
0	465	424	0.999792
1	342	132	0.999847
0	270	228	0.999879
0	263	261	0.999882
1	494	140	0.999778
1	492	121	0.999778
0	241	238	0.999891
0	447	417	0.999797
1	55	44	0.999975
1	462	317	0.99979
1	470	279	0.999786
1	197	158	0.99991
1	224	123	0.999897
1	200	54	0.999908
0	404	328	0.999814
1	191	108	0.999912
1	396	40	0.999817
0	227	194	0.999895
1	350	35	0.999838
1	474	191	0.99978
1	353	115	0.999836
0	444	381	0.999793
1	257	163	0.99988
1	353	107	0.999835
1	224	112	0.999895
0	491	419	0.999769
1	273	95	0.999871
1	499	192	0.999764
1	198	85	0.999906
1	489	101	0.999767
1	308	230	0.999853
1	342	135	0.999836
1	52	40	0.999975
1	276	25	0.999867
0	479	454	0.999769
1	406	194	0.999804
1	327	192	0.999842
1	180	110	0.999913
1	365	247	0.999823
1	288	152	0.99986
0	113	101	0.999945
1	488	307	0.999762
1	366	206	0.999821
1	414	218	0.999797
0	336	312	0.999835
1	223	49	0.99989
0	239	210	0.999882
1	483	98	0.999761
1	333	71	0.999835
1	401	184	0.999801
1	417	105	0.999793
1	255	188	0.999873
1	336	37	0.999832
1	442	258	0.999779
1	301	235	0.999849
1	437	186	0.99978
1	480	197	0.999758
1	216	128	0.999891
1	289	186	0.999854
1	374	200	0.99981
1	344	253	0.999825
1	488	120	0.999751
0	473	439	0.999758
1	398	248	0.999795
1	428	256	0.999779
1	400	188	0.999793
0	168	158	0.999913
0	268	246	0.999861
1	453	55	0.999765
1	148	99	0.999923
1	482	297	0.999749
1	359	223	0.999813
1	115	57	0.99994
1	205	120	0.999893
1	427	221	0.999777
1	218	147	0.999886
0	302	242	0.999842
1	472	157	0.999753
1	439	100	0.99977
1	487	105	0.999744
1	404	153	0.999787
1	254	114	0.999866
1	271	31	0.999857
1	140	24	0.999926
1	394	35	0.999791
1	292	122	0.999845
1	350	189	0.999813
0	456	398	0.999756
1	349	176	0.999813
0	201	171	0.999892
1	292	90	0.999843
1	329	171	0.999823
1	397	106	0.999786
1	224	23	0.999879
1	331	208	0.999821
1	484	369	0.999738
1	323	21	0.999822
1	203	66	0.999888
1	384	92	0.999787
1	216	79	0.99988
1	408	212	0.999773
0	86	83	0.999952
1	490	370	0.999726
1	490	39	0.999726
0	218	217	0.999878
1	436	263	0.999756
1	324	24	0.999818
1	340	52	0.999809
1	121	28	0.999932
0	247	198	0.999861
1	213	118	0.99988
1	284	177	0.99984
0	179	165	0.999899
1	347	167	0.999804
1	354	149	0.9998
1	360	182	0.999796
0	381	336	0.999783
0	398	397	0.999773
1	362	153	0.999793
0	228	226	0.999869
1	366	88	0.999788
0	447	368	0.999741
0	357	302	0.999793
1	315	200	0.999817
1	261	120	0.999848
1	254	95	0.999852
1	310	18	0.999819
0	428	376	0.999749
1	150	35	0.999912
0	391	334	0.99977
0	208	189	0.999877
1	375	159	0.999778
1	76	49	0.999955
1	473	65	0.999719
1	380	247	0.999774
1	270	84	0.999839
0	498	469	0.999703
1	285	83	0.99983
0	486	441	0.99971
0	343	271	0.999795
1	296	128	0.999822
1	253	138	0.999847
1	325	23	0.999803
1	399	124	0.999758
1	483	346	0.999706
1	421	92	0.999743
1	383	263	0.999766
1	284	23	0.999826
0	217	202	0.999867
0	317	311	0.999805
0	91	78	0.999944
1	182	27	0.999888
1	247	42	0.999848
0	344	262	0.999788
1	371	76	0.999771
1	460	254	0.999716
1	421	130	0.99974
1	416	98	0.999743
1	416	263	0.999741
1	117	68	0.999927
0	280	233	0.999825
1	243	31	0.999848
1	134	60	0.999916
1	185	54	0.999884
1	408	287	0.999744
1	400	287	0.999748
0	399	395	0.999748
0	288	221	0.999818
1	194	82	0.999877
1	115	31	0.999927
1	272	133	0.999827
1	264	163	0.999832
0	407	307	0.999741
1	281	124	0.999821
0	273	264	0.999826
1	175	86	0.999888
0	364	348	0.999767
0	489	439	0.999687
0	368	309	0.999764
1	296	192	0.99981
1	345	156	0.999778
1	432	89	0.999722
0	262	213	0.999831
0	389	384	0.999749
1	378	32	0.999756
1	404	286	0.999739
1	438	37	0.999717
0	489	370	0.999684
0	355	308	0.99977
1	290	35	0.999812
1	182	43	0.999882
1	410	227	0.999734
0	299	258	0.999806
1	405	33	0.999736
1	265	16	0.999827
1	121	70	0.999921
1	127	72	0.999917
1	484	108	0.999683
1	476	98	0.999688
1	399	275	0.999738
1	443	113	0.999709
1	466	67	0.999693
0	485	370	0.99968
1	456	288	0.999699
1	459	108	0.999697
0	377	368	0.999751
1	499	159	0.99967
1	399	228	0.999736
1	204	14	0.999865
0	276	217	0.999817
0	466	370	0.999691
1	336	40	0.999777
1	498	159	0.999669
1	445	217	0.999704
1	359	96	0.999761
1	461	324	0.999692
1	266	81	0.999822
1	487	42	0.999674
1	312	194	0.999791
1	494	200	0.999669
1	128	61	0.999914
0	327	246	0.99978
0	321	299	0.999784
1	258	61	0.999826
1	148	106	0.9999
1	454	155	0.999693
1	136	79	0.999908
0	415	312	0.999719
0	313	265	0.999788
1	301	53	0.999796
1	444	183	0.999699
1	344	64	0.999766
0	444	390	0.999697
0	388	298	0.999735
0	446	367	0.999695
1	438	147	0.9997
1	359	29	0.999754
1	426	222	0.999708
1	350	78	0.99976
1	153	15	0.999895
1	492	228	0.999662
1	388	223	0.999732
1	156	72	0.999892
1	405	211	0.999719
0	456	390	0.999683
0	476	424	0.999669
1	298	64	0.999792
0	487	364	0.99966
1	163	47	0.999886
1	303	24	0.999788
1	291	195	0.999795
0	475	443	0.999665
1	252	126	0.999822
1	281	78	0.999801
1	360	197	0.999745
1	443	61	0.999686
1	268	38	0.99981
1	368	89	0.999739
1	344	96	0.999756
1	214	35	0.999848
0	488	471	0.999653
1	410	67	0.999708
1	67	40	0.999952
0	226	164	0.999838
0	425	396	0.999695
0	54	50	0.999961
0	468	379	0.999662
1	368	127	0.999734
1	408	83	0.999705
1	360	161	0.999739
0	102	91	0.999926
0	73	62	0.999947
1	300	68	0.999782
1	66	9	0.999952
0	405	326	0.999705
0	377	299	0.999725
1	326	177	0.999762
1	82	30	0.99994
0	272	251	0.999801
1	229	21	0.999832
0	475	344	0.999651
1	404	182	0.999703
1	140	86	0.999897
1	424	144	0.999688
1	224	78	0.999835
1	471	272	0.999653
1	472	278	0.999652
1	119	46	0.999912
1	288	114	0.999787
0	246	182	0.999818
1	209	117	0.999845
0	256	248	0.99981
1	191	83	0.999858
1	313	35	0.999767
1	497	37	0.99963
1	239	62	0.999822
1	369	27	0.999725
0	165	161	0.999877
1	491	124	0.999634
1	456	196	0.99966
1	409	183	0.999695
1	158	49	0.999882
0	391	281	0.999708
1	424	119	0.999683
1	353	190	0.999736
1	472	262	0.999647
0	231	227	0.999827
1	469	53	0.999648
0	301	253	0.999774
0	435	338	0.999673
1	412	247	0.99969
1	376	69	0.999717
1	481	169	0.999636
1	468	88	0.999645
1	257	19	0.999805
1	347	21	0.999736
0	403	325	0.999693
0	496	446	0.999622
0	232	222	0.999823
1	380	207	0.99971
1	336	227	0.999743
1	171	39	0.999869
1	468	114	0.99964
1	300	43	0.999769
1	231	40	0.999822
1	458	267	0.999647
1	201	53	0.999845
0	201	145	0.999845
1	140	40	0.999892
1	455	114	0.999649
0	255	183	0.999803
0	495	438	0.999617
1	315	177	0.999756
0	285	212	0.999779
0	424	401	0.999671
0	317	314	0.999754
1	358	59	0.999722
1	229	48	0.999822
0	216	165	0.999832
1	392	130	0.999695
1	422	196	0.999671
1	395	159	0.999692
1	352	127	0.999725
1	473	260	0.99963
1	106	32	0.999917
0	447	359	0.999648
0	325	269	0.999743
0	438	387	0.999653
1	389	254	0.99969
1	414	204	0.99967
0	499	393	0.999601
1	310	148	0.999752
1	440	101	0.999647
0	275	242	0.999779
0	390	274	0.999686
1	329	172	0.999735
1	447	78	0.999639
0	323	287	0.999739
0	178	151	0.999856
0	489	394	0.999604
0	333	286	0.99973
0	339	319	0.999725
0	154	126	0.999875
0	255	248	0.999793
1	101	66	0.999918
1	462	196	0.999625
1	304	59	0.999753
0	400	392	0.999675
1	478	271	0.99961
0	187	176	0.999847
0	419	378	0.999657
1	481	71	0.999606
0	360	251	0.999705
1	350	134	0.999713
1	414	130	0.99966
0	474	410	0.99961
1	459	54	0.999622
0	476	475	0.999608
0	270	241	0.999777
1	404	82	0.999666
0	262	185	0.999783
1	303	110	0.999749
1	152	12	0.999874
1	454	31	0.999623
1	219	50	0.999818
0	320	306	0.999734
1	172	35	0.999857
1	442	44	0.999632
0	335	291	0.999721
0	285	218	0.999762
1	269	80	0.999775
1	406	222	0.99966
1	286	171	0.99976
0	263	222	0.999779
1	309	41	0.99974
0	304	281	0.999744
1	165	73	0.999861
1	483	85	0.999593
0	295	214	0.999751
1	174	116	0.999853
1	381	78	0.999678
0	318	254	0.999731
0	442	361	0.999626
1	404	261	0.999658
1	464	181	0.999606
0	327	291	0.999722
0	374	260	0.999682
0	122	93	0.999896
1	462	193	0.999606
1	75	41	0.999936
1	424	204	0.999638
1	208	138	0.999822
1	435	33	0.999627
0	222	165	0.999809
0	130	109	0.999888
1	405	45	0.999651
1	458	278	0.999605
1	393	23	0.999661
0	431	327	0.999628
1	444	201	0.999615
0	300	276	0.999739
1	486	297	0.999577
0	471	460	0.99959
1	282	177	0.999754
1	392	132	0.999658
1	446	99	0.99961
0	129	122	0.999887
1	114	38	0.9999
1	489	187	0.99957
0	424	299	0.999626
1	477	297	0.999578
0	452	314	0.9996
0	358	325	0.999683
1	175	32	0.999845
1	406	259	0.999639
0	343	326	0.999695
0	430	353	0.999617
1	92	59	0.999918
0	390	300	0.999652
1	487	262	0.999565
1	490	227	0.999561
1	367	146	0.999671
0	381	256	0.999658
0	354	279	0.999682
0	368	340	0.999669
1	121	63	0.999891
1	212	51	0.999809
1	244	80	0.99978
1	174	115	0.999843
1	306	17	0.999723
1	330	181	0.999701
0	310	258	0.999719
1	452	229	0.99959
1	392	53	0.999644
1	425	92	0.999614
1	458	156	0.999584
0	390	370	0.999645
0	373	279	0.99966
1	153	75	0.99986
1	488	92	0.999553
1	215	120	0.999803
0	84	61	0.999923
0	444	406	0.999593
1	421	167	0.999614
1	496	82	0.999545
1	274	39	0.999748
0	213	209	0.999804
0	315	270	0.99971
1	391	146	0.99964
1	231	45	0.999787
1	71	24	0.999934
1	326	88	0.999697
1	417	110	0.999612
0	489	350	0.999545
0	229	197	0.999786
0	366	342	0.999658
0	459	426	0.999571
1	144	76	0.999865
1	176	61	0.999835
1	353	167	0.999669
1	315	21	0.999704
1	300	126	0.999718
1	385	26	0.999638
1	324	121	0.999693
1	499	225	0.999527
1	193	45	0.999817
1	194	78	0.999816
0	239	199	0.999773
1	498	124	0.999527
0	337	329	0.999679
1	341	103	0.999675
1	300	18	0.999714
0	433	297	0.999587
1	350	182	0.999666
1	285	137	0.999728
1	478	97	0.999543
1	324	39	0.99969
1	165	90	0.999842
1	127	81	0.999878
1	381	30	0.999634
0	453	430	0.999564
0	54	37	0.999948
1	280	135	0.99973
0	460	423	0.999556
1	194	55	0.999812
0	389	292	0.999623
1	467	37	0.999547
1	381	72	0.99963
1	488	68	0.999526
0	352	320	0.999657
0	85	68	0.999917
1	257	138	0.999749
0	399	393	0.99961
1	225	104	0.99978
1	374	86	0.999634
0	252	240	0.999753
0	371	321	0.999636
1	372	73	0.999635
0	487	357	0.999522
1	247	94	0.999757
1	187	14	0.999816
0	255	194	0.999749
0	480	355	0.999527
1	354	169	0.999651
1	433	172	0.999573
1	369	161	0.999636
0	281	237	0.999722
1	400	189	0.999604
1	253	125	0.999749
1	421	29	0.999582
0	395	387	0.999606
1	66	13	0.999934
1	130	22	0.99987
0	181	179	0.999819
1	304	141	0.999696
1	368	180	0.999632
0	409	386	0.999591
1	386	241	0.999613
1	378	31	0.999621
1	373	233	0.999626
1	325	39	0.999674
1	338	188	0.99966
0	311	275	0.999687
1	288	54	0.99971
1	433	79	0.999564
0	126	105	0.999873
1	300	156	0.999697
1	383	156	0.999613
0	355	247	0.999641
0	153	105	0.999845
1	227	125	0.99977
1	213	79	0.999784
1	420	27	0.999574
0	328	313	0.999667
1	260	117	0.999736
1	396	22	0.999597
1	441	78	0.999551
1	304	91	0.99969
1	489	42	0.999501
1	433	54	0.999558
1	271	65	0.999723
1	432	79	0.999558
1	246	84	0.999748
1	489	301	0.999499
1	296	137	0.999696
0	338	291	0.999652
0	409	386	0.999578
1	148	35	0.999847
0	381	330	0.999605
1	490	258	0.999492
0	374	351	0.999612
1	499	117	0.999482
0	390	278	0.999595
0	494	460	0.999487
1	327	193	0.99966
1	325	41	0.999662
1	396	173	0.999588
1	443	128	0.999539
0	417	339	0.999566
1	413	74	0.99957
1	288	144	0.9997
1	454	93	0.999527
0	308	218	0.999679
1	418	30	0.999564
1	346	162	0.999638
1	472	258	0.999505
0	282	272	0.999704
1	387	42	0.999593
1	462	243	0.999514
0	437	414	0.99954
0	372	352	0.999608
1	340	160	0.999641
1	424	237	0.999552
0	122	79	0.999871
1	419	110	0.999556
1	365	157	0.999613
1	413	123	0.999562
0	130	98	0.999862
1	453	183	0.999519
1	209	72	0.999778
0	385	322	0.999591
1	304	19	0.999677
1	328	203	0.999651
1	355	194	0.999622
0	474	397	0.999495
0	443	435	0.999528
0	443	315	0.999527
0	301	294	0.999678
0	376	267	0.999597
1	96	39	0.999897
0	450	445	0.999517
1	489	149	0.999475
1	433	212	0.999535
0	290	279	0.999688
1	499	44	0.999462
1	491	162	0.99947
0	338	231	0.999635
0	457	406	0.999506
1	429	263	0.999536
1	194	73	0.99979
0	296	240	0.999679
1	409	50	0.999556
1	313	118	0.99966
1	275	65	0.999701
0	445	279	0.999516
1	193	48	0.99979
1	88	15	0.999904
0	307	208	0.999665
0	306	240	0.999666
1	382	233	0.999583
0	358	261	0.999609
1	433	263	0.999527
1	287	167	0.999686
1	350	198	0.999617
0	349	332	0.999618
0	178	163	0.999805
1	409	96	0.999552
1	170	67	0.999813
0	379	251	0.999582
0	339	267	0.999626
0	430	265	0.999525
1	429	91	0.999526
0	237	233	0.999738
1	483	115	0.999466
1	419	86	0.999536
1	222	25	0.999754
0	424	267	0.99953
1	439	35	0.999513
1	254	89	0.999718
0	234	184	0.99974
1	404	63	0.999551
1	311	173	0.999654
1	293	37	0.999674
1	307	175	0.999658
1	425	106	0.999526
0	257	201	0.999713
1	409	23	0.999543
1	229	136	0.999744
1	377	152	0.999578
1	291	135	0.999674
0	473	423	0.99947
1	460	239	0.999484
1	443	220	0.999503
1	98	52	0.99989
1	210	103	0.999764
1	428	232	0.999519
1	180	32	0.999797
1	431	110	0.999514
0	70	62	0.999921
1	409	30	0.999538
1	316	70	0.999643
1	130	23	0.999853
0	251	161	0.999716
1	464	213	0.999475
1	341	167	0.999614
1	445	184	0.999496
1	451	204	0.999488
0	389	250	0.999558
0	408	330	0.999536
0	463	319	0.999473
1	484	166	0.999449
0	186	155	0.999788
0	293	189	0.999665
0	291	273	0.999667
0	406	269	0.999535
1	238	67	0.999727
1	251	135	0.999712
1	420	150	0.999518
1	281	155	0.999677
1	397	48	0.999543
1	407	226	0.99953
1	256	21	0.999704
1	384	112	0.999556
1	368	50	0.999574
0	277	192	0.999679
0	408	293	0.999527
1	269	38	0.999688
1	283	35	0.99967
0	407	321	0.999525
0	239	183	0.999721
1	312	74	0.999635
1	329	138	0.999615
1	433	55	0.999493
1	297	95	0.999652
0	334	257	0.999608
0	491	299	0.999423
1	347	159	0.999592
1	435	244	0.999488
1	265	44	0.999688
1	429	249	0.999495
1	359	176	0.999577
1	133	70	0.999843
0	461	319	0.999456
0	421	268	0.999503
1	199	34	0.999765
0	158	105	0.999813
0	442	412	0.999477
1	308	76	0.999635
1	312	36	0.99963
1	188	25	0.999777
0	219	162	0.99974
1	117	63	0.999861
1	297	40	0.999647
0	476	369	0.999434
1	421	150	0.999499
0	478	460	0.999431
0	436	273	0.99948
0	395	258	0.999528
1	168	56	0.999799
1	377	128	0.999549
1	494	189	0.999409
1	487	131	0.999417
0	131	79	0.999843
0	373	312	0.999553
1	494	78	0.999408
0	468	297	0.999438
0	218	214	0.999738
1	426	39	0.999488
0	460	415	0.999447
0	232	227	0.999721
0	304	272	0.999634
1	490	255	0.99941
0	180	170	0.999783
0	287	193	0.999654
0	455	326	0.999451
0	227	158	0.999726
0	478	325	0.999423
1	485	49	0.999414
1	249	87	0.999699
0	359	252	0.999566
0	205	131	0.999752
0	405	328	0.99951
0	448	365	0.999458
1	76	5	0.999908
0	325	258	0.999606
1	490	40	0.999406
0	409	385	0.999504
0	197	129	0.999761
1	352	156	0.999573
1	494	181	0.9994
0	409	256	0.999503
1	418	131	0.999492
1	497	201	0.999396
0	236	150	0.999713
0	400	251	0.999513
1	453	133	0.999448
0	420	324	0.999488
1	236	123	0.999712
0	477	423	0.999418
1	471	143	0.999425
0	294	238	0.999641
1	423	189	0.999483
0	449	361	0.999451
1	469	148	0.999426
1	365	67	0.999553
0	361	299	0.999557
0	436	405	0.999465
1	349	95	0.999571
1	329	79	0.999595
0	385	281	0.999526
0	216	135	0.999734
0	403	297	0.999503
1	457	93	0.999436
0	247	188	0.999695
0	377	305	0.999534
1	59	30	0.999927
0	146	98	0.999819
1	313	18	0.999612
1	346	113	0.999571
0	270	258	0.999665
1	203	90	0.999748
1	153	85	0.99981
1	298	114	0.99963
1	157	49	0.999805
1	476	215	0.999409
1	459	101	0.99943
1	359	88	0.999554
1	283	156	0.999648
1	397	149	0.999506
0	289	207	0.99964
0	236	158	0.999706
0	443	406	0.999448
0	414	377	0.999484
0	479	390	0.999403
0	478	426	0.999404
0	445	428	0.999445
1	372	60	0.999536
1	383	28	0.999522
1	163	26	0.999796
1	193	65	0.999758
1	256	97	0.999679
1	389	118	0.999512
0	435	259	0.999452
1	469	203	0.999409
1	494	257	0.999377
1	283	54	0.999643
0	80	60	0.999899
1	485	264	0.999388
1	286	36	0.999639
1	453	161	0.999428
1	485	117	0.999387
1	336	160	0.999575
0	291	267	0.999631
1	402	192	0.99949
0	305	177	0.999613
0	275	199	0.999651
0	318	255	0.999596
1	468	88	0.999405
0	382	372	0.999514
0	485	401	0.999382
1	470	103	0.999401
0	265	196	0.999662
1	268	78	0.999658
0	427	283	0.999453
1	247	85	0.999683
0	402	390	0.999484
1	179	61	0.99977
0	193	158	0.999752
1	371	60	0.999523
1	198	86	0.999745
1	229	124	0.999705
1	426	231	0.999451
1	193	15	0.999751
0	484	391	0.999375
1	154	58	0.999801
0	280	275	0.999638
1	427	90	0.999448
0	328	309	0.999575
1	212	87	0.999725
1	498	125	0.999354
0	396	253	0.999486
1	321	52	0.999583
1	465	80	0.999396
0	143	142	0.999814
1	500	95	0.999349
0	281	279	0.999634
1	433	64	0.999436
0	220	180	0.999713
0	479	359	0.999375
1	481	245	0.999371
0	74	70	0.999903
0	289	180	0.999621
0	272	174	0.999643
1	239	34	0.999686
1	433	197	0.999431
1	238	53	0.999687
1	161	72	0.999788
0	369	351	0.999514
1	397	79	0.999477
1	412	214	0.999457
1	260	30	0.999657
1	294	79	0.999612
1	174	16	0.99977
0	313	284	0.999586
1	303	169	0.999599
1	429	181	0.999432
1	351	84	0.999535
1	397	38	0.999474
0	387	306	0.999487
0	396	298	0.999475
1	235	74	0.999688
0	475	468	0.999369
1	380	93	0.999495
1	258	49	0.999657
0	291	265	0.999613
0	242	212	0.999678
1	226	107	0.999699
1	316	172	0.999579
1	451	147	0.999399
1	390	106	0.99948
0	446	366	0.999405
1	427	28	0.999426
0	165	119	0.999778
1	307	148	0.999587
1	423	187	0.999431
1	495	264	0.999334
1	342	156	0.999539
1	445	124	0.9994
1	479	37	0.999354
0	283	216	0.999618
1	386	157	0.999479
0	463	430	0.999375
1	354	31	0.999522
0	485	313	0.999345
0	245	195	0.999669
1	279	134	0.999623
1	210	97	0.999716
1	173	10	0.999766
0	366	206	0.999505
1	184	33	0.999751
1	331	178	0.999552
0	433	397	0.999414
0	450	418	0.999391
0	413	362	0.999441
1	401	86	0.999457
0	466	435	0.999369
1	293	60	0.999603
1	225	60	0.999695
0	371	367	0.999496
1	272	137	0.99963
0	472	409	0.999357
1	420	234	0.999427
0	197	131	0.999731
1	405	181	0.999447
1	443	57	0.999395
0	460	308	0.999371
0	495	382	0.999323
1	482	44	0.99934
1	456	94	0.999375
1	464	222	0.999364
1	167	38	0.999771
0	368	261	0.999495
1	481	44	0.99934
0	437	275	0.9994
0	300	240	0.999588
1	254	78	0.999651
0	187	185	0.999743
1	227	88	0.999688
1	425	37	0.999416
0	233	188	0.999679
0	288	275	0.999603
1	100	32	0.999862
1	215	68	0.999703
1	493	51	0.999319
1	414	80	0.999428
0	267	236	0.999631
1	238	65	0.999671
1	159	30	0.99978
1	216	99	0.999701
0	213	152	0.999705
0	354	306	0.999509
1	178	60	0.999753
1	118	56	0.999836
0	343	234	0.999523
1	179	81	0.999751
1	481	101	0.999331
0	240	223	0.999666
1	389	212	0.999458
0	213	118	0.999703
0	459	355	0.99936
0	362	235	0.999495
0	458	455	0.999361
1	230	14	0.999679
0	293	228	0.99959
0	462	270	0.999353
0	474	296	0.999334
1	418	81	0.999412
0	479	290	0.999326
1	351	161	0.999506
0	368	290	0.999482
0	395	328	0.999444
0	336	220	0.999527
1	269	123	0.999621
0	378	237	0.999467
0	245	136	0.999654
0	390	348	0.999449
1	237	95	0.999665
1	481	191	0.999319
1	334	39	0.999527
1	269	123	0.999619
1	461	234	0.999347
1	187	75	0.999735
0	448	302	0.999365
1	337	167	0.999522
0	459	288	0.999349
0	131	120	0.999814
1	455	104	0.999354
0	388	259	0.999449
1	361	86	0.999487
1	180	65	0.999744
0	189	181	0.999731
1	489	93	0.999304
1	396	196	0.999436
0	488	268	0.999304
0	491	332	0.999296
0	133	125	0.999809
0	305	206	0.999562
0	220	217	0.999684
0	439	341	0.999369
0	449	326	0.999354
0	471	304	0.999322
0	190	154	0.999726
0	462	367	0.999334
1	362	77	0.999478
1	400	176	0.999423
1	361	98	0.999479
1	431	125	0.999378
0	412	411	0.999405
1	222	104	0.999679
0	406	389	0.999413
0	316	283	0.999543
1	344	134	0.999501
1	497	66	0.999279
1	288	144	0.999582
0	374	356	0.999457
1	221	117	0.999679
0	294	206	0.999573
1	453	125	0.999342
1	365	151	0.999469
0	478	461	0.999304
0	364	284	0.999469
0	343	186	0.999499
1	345	35	0.999496
1	315	166	0.999539
0	379	307	0.999445
1	467	176	0.999316
1	443	209	0.999351
1	233	45	0.999658
0	239	193	0.999649
0	390	214	0.999426
1	442	165	0.999349
1	306	56	0.999549
0	466	253	0.999313
1	478	81	0.999295
1	103	24	0.999848
1	250	114	0.999631
0	418	359	0.999383
0	354	268	0.999477
1	419	89	0.99938
1	313	122	0.999536
1	436	148	0.999352
1	394	112	0.999414
1	480	72	0.999286
1	414	212	0.999384
0	362	352	0.999461
1	367	134	0.999453
1	375	147	0.999441
1	496	247	0.99926
0	441	370	0.999342
1	442	226	0.99934
0	379	222	0.999434
0	230	221	0.999656
0	343	228	0.999487
0	425	276	0.999364
1	326	115	0.999512
1	410	156	0.999386
1	194	20	0.999709
1	498	173	0.999252
1	422	118	0.999366
0	234	213	0.999648
1	321	108	0.999517
1	414	197	0.999377
0	259	163	0.99961
1	401	192	0.999396
0	470	346	0.999292
1	240	67	0.999638
0	434	371	0.999345
1	332	45	0.999497
0	226	144	0.999656
0	387	358	0.99941
0	490	459	0.999253
0	461	258	0.999297
1	381	127	0.999418
1	341	139	0.999479
1	344	72	0.999474
1	147	76	0.999775
0	331	256	0.999491
1	232	15	0.999643
0	477	352	0.999266
0	265	201	0.999592
0	389	294	0.999401
0	335	188	0.999484
0	301	277	0.999536
0	463	290	0.999286
0	309	222	0.999523
0	115	61	0.999822
0	277	185	0.999571
0	156	126	0.999758
0	421	244	0.999347
1	460	184	0.999286
0	255	184	0.999604
1	481	208	0.999253
0	394	356	0.999388
0	444	395	0.99931
1	409	166	0.999364
0	268	248	0.999583
1	477	93	0.999258
0	228	143	0.999645
1	402	192	0.999374
0	179	145	0.999721
0	394	251	0.999386
1	444	134	0.999308
1	458	116	0.999286
1	434	196	0.999323
1	499	193	0.999221
0	334	193	0.999478
0	452	321	0.999292
0	265	247	0.999584
0	232	136	0.999635
1	371	30	0.999416
1	273	52	0.99957
1	100	13	0.999842
1	454	36	0.999283
1	131	44	0.999793
0	216	184	0.999658
0	382	250	0.999395
1	106	17	0.999832
1	147	75	0.999767
1	461	176	0.999269
0	425	258	0.999325
0	366	227	0.999417
0	391	208	0.999377
0	489	405	0.999219
0	302	266	0.999517
1	120	14	0.999808
1	320	112	0.999488
1	495	37	0.999208
1	383	178	0.999386
1	460	95	0.999262
1	423	88	0.999321
0	398	222	0.999361
1	449	54	0.999279
1	427	136	0.999314
1	463	72	0.999256
0	475	343	0.999236
0	100	75	0.999839
0	154	149	0.999752
1	226	39	0.999636
0	337	229	0.999457
1	405	101	0.999347
1	334	121	0.999461
1	135	40	0.999782
1	288	51	0.999535
1	164	45	0.999735
0	385	233	0.999378
1	452	110	0.999269
0	233	147	0.999623
0	487	284	0.999212
0	252	150	0.999592
1	386	163	0.999375
1	321	91	0.999479
0	319	290	0.999482
1	391	162	0.999365
0	326	221	0.99947
1	404	130	0.999342
0	119	81	0.999806
0	463	244	0.999245
0	152	127	0.999752
1	471	143	0.99923
1	417	126	0.999318
1	367	183	0.999399
1	365	40	0.999401
1	458	44	0.999248
1	244	111	0.999599
1	362	53	0.999405
0	451	232	0.999258
0	471	434	0.999225
0	156	123	0.999743
1	159	9	0.999738
1	496	69	0.999183
0	412	352	0.999321
0	421	233	0.999306
0	197	109	0.999675
0	286	149	0.999528
0	466	320	0.999231
0	373	370	0.999384
1	482	68	0.999203
0	386	352	0.999361
0	210	191	0.999652
1	289	135	0.999521
1	232	96	0.999615
1	241	26	0.9996
0	468	310	0.999223
0	445	439	0.999261
1	404	98	0.999329
0	216	120	0.999641
0	297	221	0.999506
1	271	27	0.999549
0	486	423	0.999191
0	492	255	0.999179
1	312	20	0.999479
1	406	64	0.999321
0	415	381	0.999305
1	464	219	0.999223
0	376	240	0.99937
0	318	213	0.999467
1	376	124	0.999369
1	409	183	0.999313
0	343	264	0.999423
0	431	262	0.999275
0	57	53	0.999904
1	313	151	0.999473
1	124	22	0.999791
1	486	126	0.999181
0	252	181	0.999575
0	227	184	0.999617
1	412	23	0.999305
0	77	53	0.99987
0	355	338	0.9994
0	373	192	0.999369
1	315	134	0.999467
0	342	217	0.999421
1	72	32	0.999878
0	405	207	0.999312
1	409	43	0.999305
1	262	103	0.999554
1	476	81	0.99919
0	286	153	0.999513
0	377	268	0.999358
1	341	94	0.999419
1	377	176	0.999357
0	344	309	0.999412
1	500	237	0.999145
1	236	18	0.999596
0	439	232	0.999248
1	327	91	0.999439
0	485	281	0.999168
1	127	14	0.999782
1	50	9	0.999914
0	417	237	0.999283
0	197	186	0.999661
0	276	243	0.999525
0	487	419	0.999162
1	478	186	0.999177
1	393	139	0.999323
0	472	248	0.999187
0	277	271	0.999522
0	438	236	0.999244
1	318	53	0.999451
0	242	140	0.999582
1	497	88	0.99914
1	298	119	0.999484
1	235	87	0.999593
1	451	128	0.999219
0	273	173	0.999527
0	393	302	0.999319
1	368	139	0.999362
0	91	68	0.999842
1	149	16	0.999741
0	330	184	0.999426
1	395	35	0.999313
0	475	438	0.999173
0	475	313	0.999173
1	105	47	0.999817
1	312	40	0.999456
0	490	332	0.999145
0	241	168	0.999579
0	454	241	0.999206
1	177	70	0.99969
1	258	80	0.999548
1	460	134	0.999193
1	184	59	0.999677
0	176	109	0.999691
0	495	347	0.999131
1	169	23	0.999703
0	284	164	0.999501
1	448	190	0.999213
1	452	58	0.999204
0	345	295	0.999392
1	278	85	0.99951
1	499	175	0.99912
0	310	210	0.999453
1	479	83	0.999155
1	450	127	0.999206
0	320	263	0.999435
0	236	120	0.999583
0	445	432	0.999213
0	396	362	0.999299
0	167	158	0.999704
1	201	44	0.999643
1	251	71	0.999554
0	376	238	0.999332
0	394	324	0.9993
0	403	340	0.999284
0	472	383	0.999161
0	330	164	0.999413
1	348	133	0.99938
0	497	440	0.999114
0	466	233	0.999169
0	480	382	0.999144
0	489	309	0.999127
0	104	75	0.999814
1	493	196	0.999118
0	500	448	0.999105
1	443	213	0.999206
1	473	162	0.999152
0	344	311	0.999383
1	216	104	0.999612
0	428	404	0.999231
0	224	141	0.999597
0	433	341	0.999221
0	488	413	0.999122
1	188	55	0.999661
1	260	33	0.999531
1	146	36	0.999736
1	271	44	0.99951
0	442	359	0.999201
0	402	251	0.999273
0	357	221	0.999354
1	333	121	0.999397
1	376	60	0.999319
0	114	109	0.999793
0	88	51	0.99984
1	363	144	0.99934
1	375	75	0.999318
0	468	442	0.999149
1	308	104	0.999439
0	247	126	0.999549
0	311	245	0.999432
1	271	21	0.999505
0	383	347	0.9993
0	268	194	0.99951
1	228	73	0.999583
1	395	135	0.999277
0	460	441	0.999158
0	453	364	0.999169
0	429	359	0.999212
1	395	153	0.999274
1	439	38	0.999193
1	330	112	0.999393
0	463	449	0.999148
0	278	238	0.999487
1	440	31	0.999188
1	252	97	0.999534
1	397	89	0.999266
0	489	476	0.999096
1	417	68	0.999229
1	267	38	0.999506
1	495	188	0.999084
1	335	161	0.999379
1	365	21	0.999323
0	304	295	0.999436
1	401	66	0.999256
0	388	297	0.99928
1	84	21	0.999844
1	494	64	0.999082
0	386	216	0.999282
0	451	348	0.99916
1	198	80	0.999631
0	193	107	0.99964
0	495	362	0.999077
0	305	270	0.999431
1	323	85	0.999397
1	212	88	0.999604
0	269	148	0.999497
1	446	72	0.999166
1	334	54	0.999375
0	415	294	0.999223
1	158	32	0.999704
1	486	31	0.99909
0	253	233	0.999526
1	482	135	0.999097
0	483	274	0.999095
1	272	107	0.99949
0	476	391	0.999107
1	277	54	0.99948
0	318	170	0.999403
1	416	64	0.999219
1	100	30	0.999812
1	398	66	0.999252
1	441	34	0.999171
1	499	219	0.999062
0	354	249	0.999334
1	463	61	0.999129
1	280	52	0.999473
0	297	245	0.999441
1	477	45	0.999101
0	456	412	0.999139
1	262	116	0.999505
0	147	113	0.999722
1	294	135	0.999444
1	204	97	0.999614
0	445	357	0.999158
1	372	168	0.999296
1	483	165	0.999086
0	249	191	0.999528
1	374	99	0.999291
0	270	241	0.999488
1	451	31	0.999145
1	309	89	0.999414
1	378	34	0.999283
0	445	243	0.999156
1	438	138	0.999168
1	482	180	0.999084
0	314	282	0.999403
1	198	63	0.999623
0	240	233	0.999543
0	178	110	0.999661
1	440	138	0.999162
0	280	210	0.999466
0	250	169	0.999523
0	410	388	0.999217
1	171	62	0.999673
1	206	51	0.999606
0	388	331	0.999258
1	425	78	0.999187
1	105	45	0.999799
0	382	360	0.999269
0	270	199	0.999483
1	488	186	0.999065
1	159	63	0.999695
1	208	33	0.999601
1	485	61	0.99907
0	463	386	0.999112
1	320	93	0.999386
1	178	40	0.999658
1	279	18	0.999464
1	491	79	0.999056
1	474	90	0.999088
1	460	202	0.999114
0	357	224	0.999312
0	360	296	0.999306
1	455	182	0.999123
0	390	213	0.999248
1	147	25	0.999716
1	177	32	0.999658
0	193	106	0.999627
0	446	368	0.999138
1	359	53	0.999306
1	167	23	0.999677
0	464	238	0.999103
0	216	105	0.999582
1	262	112	0.999493
1	488	192	0.999056
0	278	156	0.999462
1	372	113	0.99928
1	360	34	0.999303
0	65	42	0.999874
1	336	62	0.999349
0	462	360	0.999105
0	493	283	0.999044
1	201	76	0.99961
1	482	162	0.999065
1	439	87	0.999148
0	326	263	0.999367
1	107	9	0.999792
0	466	349	0.999094
0	468	272	0.99909
0	345	250	0.999329
1	489	130	0.999049
0	295	141	0.999426
1	259	44	0.999496
1	478	200	0.99907
1	484	211	0.999058
1	453	53	0.999118
0	370	284	0.999279
0	484	355	0.999056
0	330	253	0.999356
1	270	93	0.999473
1	354	52	0.999308
1	269	110	0.999474
0	495	431	0.999031
0	124	105	0.999757
0	322	234	0.999369
0	401	364	0.999214
1	354	68	0.999306
0	211	106	0.999586
1	498	181	0.999023
1	168	31	0.99967
0	388	333	0.999238
0	449	300	0.999118
1	458	72	0.9991
1	266	75	0.999477
0	444	375	0.999127
1	391	26	0.999231
1	188	13	0.99963
0	351	319	0.999309
0	164	113	0.999677
0	326	279	0.999358
1	450	106	0.999114
1	456	197	0.999101
0	332	267	0.999345
0	351	196	0.999306
0	362	198	0.999284
0	365	172	0.999278
0	97	47	0.999808
0	329	324	0.999349
0	241	210	0.999523
1	288	132	0.99943
0	298	219	0.99941
0	441	434	0.999127
1	156	45	0.999691
0	453	444	0.999103
1	215	41	0.999574
1	464	53	0.999081
0	378	267	0.999251
0	59	37	0.999883
0	442	352	0.999123
1	378	53	0.999249
0	317	229	0.99937
0	468	303	0.99907
1	370	115	0.999264
1	234	95	0.999534
1	340	141	0.999323
1	456	135	0.999092
0	319	239	0.999364
0	327	200	0.999348
0	288	264	0.999425
0	366	198	0.999269
1	104	31	0.999792
1	187	68	0.999626
1	371	133	0.999257
1	330	48	0.999338
0	427	271	0.999143
0	421	266	0.999155
0	464	415	0.999068
1	201	55	0.999596
0	419	413	0.999158
0	470	311	0.999055
0	365	358	0.999265
0	133	64	0.999732
1	133	36	0.999732
0	199	186	0.999599
0	451	275	0.999091
1	360	46	0.999274
0	360	296	0.999273
1	348	155	0.999297
1	473	135	0.999044
0	312	268	0.999369
1	172	44	0.999652
1	296	107	0.999401
1	287	120	0.999418
0	440	314	0.999108
0	394	185	0.999201
0	426	315	0.999136
0	425	395	0.999138
0	491	399	0.999004
0	448	392	0.999091
0	296	166	0.999399
0	326	325	0.999338
1	419	49	0.999149
1	359	99	0.99927
1	461	123	0.999062
1	107	20	0.999782
0	143	111	0.999708
0	480	344	0.99902
1	306	92	0.999374
0	299	174	0.999388
0	431	370	0.999118
0	249	136	0.99949
0	474	319	0.999029
0	424	277	0.999131
1	420	55	0.999138
0	453	287	0.99907
0	434	325	0.999108
0	447	261	0.999081
0	483	278	0.999007
1	463	90	0.999048
0	260	175	0.999465
1	171	68	0.999648
0	285	247	0.999413
0	259	237	0.999466
0	472	341	0.999027
0	437	370	0.999099
0	413	208	0.999147
0	496	383	0.998974
0	266	200	0.999449
0	408	281	0.999155
0	415	269	0.99914
1	191	73	0.999604
0	274	262	0.999432
1	314	36	0.999349
0	422	197	0.999122
0	460	402	0.999043
1	159	42	0.999669
1	477	124	0.999007
0	352	192	0.999267
0	401	296	0.999165
1	351	102	0.999269
0	392	312	0.999183
1	479	188	0.999001
0	430	329	0.999103
1	56	25	0.999883
0	199	166	0.999584
0	458	343	0.999042
1	413	164	0.999136
1	288	112	0.999397
0	494	351	0.998965
1	405	124	0.999151
0	333	165	0.999301
0	474	239	0.999005
0	279	245	0.999413
1	382	163	0.999196
1	311	27	0.999345
1	84	8	0.999823
0	500	353	0.998946
0	359	178	0.999243
0	489	291	0.998969
0	468	301	0.999013
0	278	273	0.999412
1	444	71	0.999061
1	479	51	0.998985
0	406	306	0.999139
0	430	328	0.999088
1	388	58	0.999177
1	456	113	0.999031
0	454	221	0.999035
0	141	77	0.9997
0	379	214	0.999193
0	122	115	0.99974
1	322	22	0.999313
1	453	81	0.999033
1	460	177	0.999018
0	418	404	0.999107
0	116	93	0.999752
0	350	306	0.999252
1	225	95	0.999519
0	134	91	0.999713
0	490	267	0.998951
0	438	417	0.999062
0	330	297	0.999293
0	375	206	0.999196
0	412	366	0.999116
0	122	120	0.999738
0	493	223	0.998942
1	162	21	0.999652
1	482	104	0.998964
0	481	454	0.998966
0	478	379	0.998972
0	433	250	0.999068
0	351	329	0.999244
0	388	361	0.999164
0	218	147	0.99953
1	185	12	0.999601
0	211	173	0.999544
0	284	132	0.999386
0	332	205	0.999282
1	419	41	0.999094
1	489	176	0.998942
1	346	67	0.999251
0	319	291	0.999309
1	343	62	0.999257
0	367	289	0.999205
0	321	247	0.999304
1	255	38	0.999447
1	183	49	0.999603
0	230	119	0.999501
0	144	130	0.999687
0	462	317	0.998996
1	396	153	0.999139
0	399	396	0.999132
0	404	337	0.999121
0	312	306	0.999321
1	349	105	0.99924
0	423	398	0.999078
0	297	281	0.999352
1	368	123	0.999197
1	169	13	0.999631
1	394	111	0.99914
0	288	282	0.999371
1	342	98	0.999253
0	446	301	0.999026
0	123	77	0.999731
0	155	140	0.999661
1	278	108	0.999392
0	477	444	0.998957
0	95	88	0.999792
0	252	117	0.999448
0	318	223	0.999303
1	166	9	0.999636
1	280	42	0.999386
0	397	269	0.999129
0	459	296	0.998992
0	474	441	0.998959
0	131	71	0.999712
1	288	123	0.999367
1	495	200	0.998912
0	281	167	0.999382
1	421	172	0.999074
1	491	147	0.99892
0	114	63	0.999749
0	487	404	0.998927
0	411	261	0.999094
0	381	231	0.99916
0	379	259	0.999164
1	177	59	0.999609
0	177	114	0.999609
1	431	65	0.999048
1	190	64	0.99958
0	426	374	0.999058
0	452	377	0.999
1	485	205	0.998926
0	499	460	0.998895
1	479	136	0.998939
1	408	52	0.999096
1	378	105	0.999162
1	357	56	0.999208
1	369	157	0.999181
0	163	156	0.999638
0	249	234	0.999447
1	450	133	0.999001
1	72	13	0.99984
1	170	36	0.999622
0	264	222	0.999413
1	318	128	0.999293
0	426	304	0.999053
0	305	285	0.999321
0	487	332	0.998916
0	342	177	0.999238
1	434	119	0.999033
0	429	331	0.999044
1	485	121	0.998918
0	489	256	0.998909
1	444	57	0.999009
0	461	322	0.99897
1	409	141	0.999086
0	355	309	0.999206
0	295	142	0.99934
0	488	377	0.998907
0	182	125	0.999592
0	311	260	0.999303
1	365	109	0.999182
0	444	247	0.999004
0	266	162	0.999403
1	159	20	0.999643
1	187	63	0.99958
0	289	219	0.999351
0	256	253	0.999425
1	382	43	0.999142
0	499	378	0.998879
1	290	33	0.999348
1	461	171	0.998962
1	489	146	0.998899
1	347	143	0.999218
0	477	268	0.998925
1	449	108	0.998988
0	282	180	0.999364
0	319	245	0.99928
1	466	56	0.998948
0	368	340	0.999169
0	77	39	0.999826
0	212	132	0.999521
0	361	231	0.999183
0	170	167	0.999615
1	463	201	0.998952
0	419	287	0.999051
1	368	52	0.999166
1	428	29	0.99903
0	435	294	0.999014
0	360	178	0.999183
0	487	342	0.998895
1	266	78	0.999396
0	497	225	0.998872
1	258	89	0.999414
0	373	225	0.999153
0	343	240	0.999221
0	454	432	0.998969
0	419	415	0.999048
1	308	81	0.9993
1	403	42	0.999084
1	434	72	0.999013
0	499	385	0.998865
1	403	149	0.999083
0	392	349	0.999108
0	497	358	0.998869
1	498	158	0.998865
1	417	152	0.999049
1	291	84	0.999336
0	389	380	0.999112
0	356	221	0.999187
0	411	282	0.999061
0	329	219	0.999248
0	367	211	0.999161
0	429	341	0.999018
1	363	30	0.999168
0	167	142	0.999617
0	341	245	0.999218
0	426	372	0.999023
0	346	266	0.999205
0	364	224	0.999162
1	484	157	0.998886
1	357	113	0.999178
0	324	213	0.999253
0	209	145	0.999518
0	370	249	0.999147
1	87	35	0.999799
1	313	45	0.999277
0	433	427	0.999
1	405	115	0.999064
1	485	135	0.998879
0	352	337	0.999186
1	442	34	0.998978
0	376	190	0.99913
0	177	158	0.99959
0	101	100	0.999766
0	321	242	0.999256
0	484	288	0.998878
1	395	63	0.999084
1	474	148	0.998901
0	379	277	0.999121
1	181	71	0.99958
0	450	410	0.998956
1	318	99	0.999262
1	163	64	0.999621
1	252	46	0.999414
1	354	71	0.999177
1	190	27	0.999558
0	478	414	0.998888
0	430	369	0.998999
0	489	389	0.998861
1	451	126	0.998949
0	441	370	0.998972
0	165	96	0.999615
0	491	248	0.998855
1	464	181	0.998917
0	462	245	0.998921
0	281	242	0.999343
0	379	189	0.999114
0	460	280	0.998924
1	498	64	0.998835
1	394	94	0.999078
0	464	369	0.998914
1	312	97	0.999269
1	326	92	0.999236
0	400	271	0.999062
0	341	209	0.9992
0	308	179	0.999277
1	385	151	0.999096
1	252	43	0.999408
0	364	241	0.999145
0	239	227	0.999438
0	413	409	0.999029
1	173	59	0.999593
1	306	87	0.999279
1	402	69	0.999053
1	227	96	0.999465
1	241	55	0.999432
0	293	208	0.999309
1	217	62	0.999488
1	72	10	0.99983
0	199	164	0.99953
0	346	269	0.999183
1	495	96	0.998831
0	173	146	0.999591
1	421	82	0.999005
0	370	224	0.999125
1	370	84	0.999125
0	405	339	0.999042
1	297	113	0.999297
1	439	64	0.99896
0	484	224	0.998853
0	279	277	0.999338
0	481	477	0.998859
1	481	199	0.998859
0	230	142	0.999454
1	72	21	0.999829
1	219	19	0.99948
0	176	162	0.999582
0	285	182	0.999323
0	236	149	0.999439
1	414	164	0.999016
1	124	23	0.999705
0	243	197	0.999422
0	301	285	0.999284
1	423	177	0.998994
1	205	65	0.999512
0	404	306	0.999038
0	425	340	0.998988
0	414	219	0.999014
0	255	234	0.999392
1	456	103	0.998913
0	458	360	0.998908
0	403	212	0.999039
1	388	102	0.999074
0	242	174	0.999422
1	264	16	0.999369
1	406	113	0.999029
0	487	273	0.998835
0	291	215	0.999303
0	357	239	0.999145
1	498	100	0.998807
0	449	201	0.998924
1	327	113	0.999216
0	491	393	0.998822
1	380	51	0.999088
0	257	250	0.999383
1	342	58	0.999179
1	475	195	0.99886
0	271	261	0.999349
0	163	111	0.999608
0	378	318	0.999091
0	497	356	0.998805
1	54	15	0.99987
1	390	35	0.999061
0	455	258	0.998903
1	406	35	0.999021
0	133	90	0.999679
1	272	15	0.999343
0	272	125	0.999343
0	329	289	0.999205
0	489	346	0.998818
1	217	56	0.999475
0	188	168	0.999545
0	288	170	0.999303
1	470	109	0.998863
1	190	63	0.99954
1	311	103	0.999247
0	460	417	0.998886
0	254	142	0.999384
0	448	344	0.998914
0	254	127	0.999383
0	418	236	0.998985
1	339	80	0.999175
0	294	219	0.999284
0	307	196	0.999252
0	488	290	0.998811
0	434	252	0.998942
0	282	132	0.999312
0	439	238	0.998929
1	213	18	0.99948
0	304	197	0.999258
1	444	109	0.998916
0	221	182	0.99946
0	472	257	0.998847
0	308	197	0.999247
0	293	199	0.999283
1	145	39	0.999645
0	449	254	0.998901
0	298	289	0.99927
0	211	159	0.999483
1	221	32	0.999458
0	97	75	0.999762
0	419	289	0.998972
0	167	165	0.99959
1	481	127	0.99882
0	297	248	0.999271
1	344	139	0.999155
0	432	423	0.998939
0	489	219	0.998799
1	348	27	0.999145
0	455	214	0.998882
1	402	110	0.999012
0	314	311	0.999227
1	434	67	0.998931
0	371	173	0.999086
1	455	37	0.998879
1	328	27	0.999191
1	79	27	0.999805
1	388	130	0.999043
0	453	392	0.998882
1	307	73	0.999242
1	406	41	0.998997
0	442	406	0.998908
1	299	96	0.999261
1	429	65	0.99894
0	243	225	0.999399
1	103	21	0.999745
0	418	298	0.998965
1	382	100	0.999053
0	340	317	0.999157
1	287	28	0.999288
1	498	156	0.998764
0	219	216	0.999456
1	470	67	0.998833
0	262	201	0.999349
1	164	9	0.999592
0	336	250	0.999164
1	336	38	0.999164
0	416	375	0.998964
0	201	116	0.999499
1	476	27	0.998814
1	431	61	0.998926
0	282	277	0.999297
1	490	184	0.998779
1	239	63	0.999404
0	327	141	0.999184
0	329	280	0.999179
0	308	213	0.999231
1	80	32	0.9998
1	498	56	0.998756
1	372	66	0.99907
0	381	265	0.999047
1	174	61	0.999564
1	197	68	0.999506
0	460	438	0.998847
1	406	46	0.998982
1	453	140	0.998864
0	439	409	0.998899
0	308	299	0.999227
0	325	138	0.999184
0	289	286	0.999274
1	483	70	0.998787
0	226	163	0.999432
0	350	172	0.99912
0	422	290	0.998939
0	453	238	0.998861
1	330	105	0.99917
1	316	49	0.999205
1	415	123	0.998956
0	420	246	0.998943
0	465	215	0.998829
0	171	154	0.999569
1	490	68	0.998764
0	271	169	0.999316
0	405	183	0.998978
1	272	39	0.999313
1	486	63	0.998772
0	416	318	0.998947
0	268	230	0.999321
1	469	68	0.998812
0	127	113	0.999678
0	254	160	0.999356
1	207	13	0.999475
1	443	75	0.998877
1	212	63	0.999462
1	235	83	0.999403
0	311	281	0.99921
1	396	54	0.998994
1	351	19	0.999108
1	282	50	0.999283
0	232	174	0.99941
0	423	415	0.998924
0	369	188	0.999061
0	332	192	0.999155
0	227	142	0.999422
1	282	19	0.999282
0	170	113	0.999567
1	232	50	0.999409
1	342	22	0.999129
0	261	140	0.999335
0	240	147	0.999388
0	416	325	0.998939
0	425	296	0.998916
0	466	465	0.998811
1	411	105	0.998951
0	311	200	0.999206
0	287	209	0.999267
0	383	321	0.999022
1	375	80	0.999042
0	185	118	0.999527
0	367	165	0.999062
1	412	127	0.998947
0	262	215	0.99933
0	190	116	0.999514
1	451	151	0.998847
0	336	263	0.99914
0	137	132	0.999649
0	219	132	0.999439
0	310	160	0.999206
0	478	221	0.998776
0	293	144	0.999249
0	124	95	0.999682
1	239	27	0.999387
1	211	42	0.999458
0	493	363	0.998733
0	418	180	0.998925
1	428	167	0.998899
1	272	108	0.9993
0	401	175	0.998968
0	409	250	0.998947
0	488	325	0.998743
0	404	377	0.998959
1	322	93	0.99917
1	452	98	0.998833
1	389	40	0.998995
0	236	116	0.99939
1	441	53	0.998859
0	156	129	0.999596
1	290	46	0.999249
0	388	316	0.998994
0	52	49	0.999865
1	389	135	0.99899
0	468	387	0.998785
0	177	166	0.99954
1	390	67	0.998986
0	373	167	0.99903
0	317	289	0.999174
0	163	96	0.999575
1	237	73	0.999382
0	301	227	0.999214
1	273	67	0.999287
1	437	111	0.998859
1	315	120	0.999177
1	327	22	0.999145
0	413	365	0.99892
0	154	98	0.999597
0	457	387	0.998805
0	331	194	0.999134
0	319	260	0.999165
0	480	422	0.998744
0	492	465	0.998712
1	405	109	0.998939
0	461	282	0.998791
1	240	34	0.99937
1	434	170	0.998861
1	356	72	0.999065
0	192	162	0.999495
0	187	131	0.999508
0	271	200	0.999287
1	435	161	0.998856
0	228	127	0.9994
0	407	381	0.998929
1	167	68	0.99956
0	370	208	0.999025
1	313	104	0.999175
0	384	208	0.998988
1	450	143	0.998814
0	407	300	0.998927
0	432	297	0.99886
1	394	104	0.99896
1	198	16	0.999477
0	313	172	0.999173
1	401	92	0.99894
0	214	128	0.999434
1	329	63	0.99913
0	372	343	0.999016
0	475	324	0.998743
0	459	210	0.998783
1	225	51	0.999403
0	277	267	0.999265
0	299	290	0.999206
0	423	269	0.998877
1	460	154	0.998778
1	173	11	0.99954
1	255	36	0.999322
1	440	120	0.99883
1	287	23	0.999236
0	408	243	0.998914
1	408	147	0.998914
0	264	222	0.999297
0	457	456	0.998783
0	63	39	0.999832
0	318	216	0.999152
1	172	46	0.999541
0	145	93	0.999613
1	242	87	0.999354
0	70	32	0.999813
0	378	219	0.998991
1	453	116	0.998791
0	55	47	0.999853
1	360	129	0.999038
0	340	274	0.99909
0	454	383	0.998785
0	461	234	0.998766
0	122	88	0.999673
1	175	24	0.999531
0	470	220	0.998741
0	477	310	0.99872
0	319	175	0.999143
0	452	326	0.998785
1	479	96	0.998712
0	418	377	0.998875
0	451	267	0.998786
0	333	302	0.999103
1	440	54	0.998814
0	460	231	0.99876
0	324	253	0.999126
1	343	96	0.999074
1	475	65	0.998718
0	332	213	0.999103
1	462	78	0.998752
1	353	94	0.999046
0	323	170	0.999127
0	397	204	0.998927
1	470	51	0.998729
1	387	109	0.998953
0	355	202	0.999039
0	255	115	0.999309
0	467	304	0.998734
1	328	126	0.99911
1	308	28	0.999164
1	434	115	0.998822
0	185	141	0.999497
1	129	39	0.999649
0	321	227	0.999127
0	260	153	0.999292
0	225	140	0.999387
1	255	18	0.999305
0	128	77	0.999651
1	415	66	0.998869
0	103	90	0.999719
1	381	147	0.99896
0	298	208	0.999186
1	215	45	0.999412
0	125	62	0.999658
1	469	102	0.998717
1	204	76	0.999441
1	470	151	0.998713
0	414	359	0.998866
1	333	18	0.999087
0	239	228	0.999344
0	212	136	0.999418
0	457	263	0.998746
0	350	188	0.999039
0	389	368	0.99893
0	232	212	0.999361
0	289	164	0.999204
0	169	110	0.999534
1	393	128	0.998917
0	290	237	0.9992
0	421	233	0.998839
1	208	54	0.999426
0	262	179	0.999277
0	382	236	0.998946
0	461	327	0.998728
0	324	172	0.999104
0	169	106	0.999532
0	349	288	0.999034
1	358	24	0.999009
0	433	315	0.9988
0	292	168	0.99919
0	314	162	0.999129
1	272	44	0.999245
0	345	313	0.999042
0	275	274	0.999236
0	307	196	0.999147
1	463	72	0.998713
1	369	37	0.998974
1	248	69	0.99931
0	250	168	0.999304
0	273	120	0.99924
0	186	174	0.999482
0	439	430	0.998778
0	300	244	0.999164
1	388	40	0.998918
0	313	220	0.999126
1	103	25	0.999712
1	437	27	0.998779
0	461	459	0.998712
0	462	398	0.998709
0	354	198	0.999009
0	418	391	0.99883
0	409	280	0.998855
1	256	18	0.999283
0	360	326	0.998992
0	375	177	0.998949
1	344	78	0.999035
1	385	27	0.99892
1	385	151	0.99892
1	299	47	0.999161
0	274	198	0.999231
0	453	233	0.998729
1	172	61	0.999517
0	313	246	0.999121
0	220	145	0.999382
1	443	116	0.998755
0	334	257	0.999061
0	384	378	0.99892
0	178	137	0.999499
1	103	40	0.99971
0	459	393	0.998708
0	66	59	0.999814
1	391	47	0.998899
0	122	54	0.999656
0	150	76	0.999577
1	322	30	0.999092
0	247	106	0.999303
1	424	74	0.998804
0	176	92	0.999503
0	283	183	0.9992
0	157	92	0.999556
0	204	118	0.999423
1	400	25	0.998869
0	381	368	0.998922
0	307	240	0.999131
1	192	60	0.999456
0	328	187	0.999071
0	264	225	0.999252
1	247	62	0.9993
1	430	70	0.998782
1	425	94	0.998796
0	333	278	0.999056
0	422	330	0.998803
1	333	69	0.999055
1	457	31	0.998703
1	447	178	0.998731
0	444	190	0.998739
0	203	183	0.999423
0	347	246	0.999014
0	260	186	0.999261
0	441	366	0.998747
1	84	28	0.999761
0	301	171	0.999144
0	105	64	0.999701
0	360	281	0.998975
1	315	96	0.999103
1	292	65	0.999168
1	301	79	0.999142
1	375	112	0.998931
0	242	138	0.999309
1	160	56	0.999543
1	375	111	0.998929
0	106	46	0.999697
1	390	148	0.998886
0	400	203	0.998857
0	269	181	0.999231
1	274	104	0.999216
0	312	298	0.999107
0	356	188	0.998981
0	378	248	0.998918
1	266	24	0.999238
1	427	53	0.998777
1	275	18	0.999212
0	421	238	0.998794
0	313	163	0.999103
0	227	172	0.999349
0	77	41	0.999779
1	253	15	0.999274
1	423	90	0.998785
0	246	209	0.999293
0	417	243	0.998802
0	344	300	0.999009
1	386	31	0.998888
1	429	158	0.998763
0	413	278	0.998809
0	89	78	0.999743
0	187	177	0.99946
1	81	30	0.999766
0	198	115	0.999428
0	156	75	0.999549
1	233	74	0.999326
0	417	213	0.998792
1	420	66	0.998783
1	439	118	0.998728
0	422	176	0.998777
0	81	62	0.999765
0	144	103	0.999582
0	238	151	0.999308
0	242	201	0.999296
0	167	117	0.999514
0	90	36	0.999738
0	354	163	0.99897
0	251	241	0.999269
0	445	313	0.998704
0	318	264	0.999073
0	251	203	0.999267
0	241	174	0.999296
1	294	93	0.99914
1	55	12	0.999839
1	123	44	0.99964
0	311	263	0.99909
1	345	117	0.99899
0	424	177	0.998759
0	114	89	0.999666
1	87	24	0.999745
0	342	175	0.998997
0	414	213	0.998786
0	372	206	0.998909
1	50	5	0.999853
0	403	211	0.998816
0	280	221	0.999177
0	318	273	0.999065
1	205	35	0.999397
0	336	237	0.999012
0	401	369	0.998821
0	227	131	0.999332
0	278	248	0.999181
1	171	58	0.999496
0	136	70	0.999599
0	349	182	0.99897
0	331	200	0.999023
0	293	159	0.999135
0	352	146	0.998961
1	369	25	0.998909
0	431	423	0.998725
0	53	22	0.999843
1	311	28	0.999079
1	407	103	0.998794
1	257	58	0.999238
0	293	207	0.999131
0	427	172	0.998733
0	344	167	0.998979
0	258	245	0.999234
0	398	359	0.998817
0	430	243	0.99872
1	73	17	0.999782
0	167	107	0.999501
0	374	211	0.998882
0	174	88	0.999479
0	279	228	0.999164
1	303	67	0.999092
0	315	218	0.999056
0	158	63	0.999526
0	161	130	0.999517
0	213	122	0.999361
0	318	161	0.999046
0	404	160	0.998787
0	147	118	0.999558
1	431	98	0.998705
1	365	36	0.998903
0	349	333	0.998951
0	428	401	0.998713
1	301	85	0.999094
0	177	92	0.999466
0	144	102	0.999565
0	291	132	0.999121
0	348	211	0.998949
0	355	163	0.998927
0	365	298	0.998895
0	313	153	0.999052
0	261	260	0.999209
0	382	320	0.998842
0	361	296	0.998905
0	196	103	0.999405
1	225	85	0.999317
1	377	39	0.998856
0	338	258	0.998974
0	424	376	0.998713
1	331	93	0.998995
1	351	105	0.998934
1	319	30	0.999031
0	302	196	0.999082
1	191	71	0.999419
0	365	144	0.99889
1	413	86	0.998744
0	324	176	0.999013
0	252	135	0.999232
1	415	121	0.998735
0	348	165	0.998939
0	278	268	0.999152
1	299	62	0.999088
0	249	189	0.99924
0	195	102	0.999404
1	172	30	0.999474
0	368	181	0.998875
0	152	121	0.999535
1	301	86	0.999079
1	341	52	0.998956
0	346	321	0.99894
1	214	73	0.999344
1	247	16	0.999242
0	262	150	0.999196
0	85	48	0.999739
1	142	24	0.999564
0	127	56	0.99961
0	290	157	0.999109
0	318	240	0.999023
1	330	50	0.998986
0	229	124	0.999296
1	290	95	0.999108
0	311	146	0.999043
1	275	97	0.999153
0	346	289	0.998934
0	418	415	0.998711
1	403	46	0.998757
1	76	22	0.999765
1	298	44	0.999078
0	263	226	0.999186
0	192	115	0.999405
0	359	277	0.998888
1	108	7	0.999665
0	341	160	0.998943
1	232	13	0.99928
1	363	66	0.998872
1	381	22	0.998816
0	365	173	0.998864
0	331	226	0.998968
0	416	223	0.998703
1	63	4	0.999803
1	320	45	0.999
0	371	322	0.99884
0	335	276	0.998952
0	350	169	0.998905
1	349	84	0.998908
0	394	268	0.998765
0	227	219	0.999288
1	332	62	0.998959
1	391	34	0.998774
0	244	127	0.999234
0	157	111	0.999506
1	359	114	0.99887
1	403	142	0.99873
0	169	84	0.999467
1	392	126	0.998763
0	324	150	0.998977
0	144	59	0.999545
0	297	201	0.999062
0	56	41	0.999823
0	407	249	0.998715
0	106	94	0.999665
0	286	209	0.999096
0	247	108	0.999219
1	234	78	0.99926
1	265	55	0.999162
0	153	86	0.999516
0	334	309	0.998943
1	352	58	0.998885
0	279	249	0.999116
0	340	235	0.998922
0	399	217	0.998735
0	197	177	0.999375
1	232	82	0.999264
1	243	75	0.999229
1	266	97	0.999156
0	387	201	0.998772
1	407	65	0.998708
0	341	289	0.998917
1	227	20	0.999278
0	231	165	0.999265
0	331	159	0.998947
1	381	123	0.998787
1	292	43	0.99907
0	326	304	0.998961
1	347	35	0.998894
0	371	303	0.998817
1	161	23	0.999486
1	129	33	0.999588
0	77	67	0.999754
1	369	40	0.998822
1	218	43	0.999303
0	274	191	0.999123
1	318	89	0.998982
0	398	261	0.998726
1	320	69	0.998975
1	229	80	0.999266
1	293	101	0.999061
0	366	356	0.998825
1	169	20	0.999457
0	204	151	0.999344
0	393	313	0.998737
1	254	40	0.999183
0	178	72	0.999427
1	59	6	0.99981
0	290	196	0.999066
0	212	105	0.999317
0	278	137	0.999104
1	336	87	0.998917
0	254	170	0.999181
1	207	78	0.999332
0	175	83	0.999435
0	392	259	0.998735
0	397	209	0.998718
0	295	189	0.999047
1	374	28	0.998791
1	278	70	0.999101
1	238	61	0.99923
0	290	216	0.999061
1	361	122	0.998831
0	338	148	0.998905
0	274	241	0.999112
0	252	141	0.999183
0	210	103	0.999319
0	336	211	0.998909
0	339	176	0.998899
0	168	86	0.999454
1	357	131	0.99884
0	395	215	0.998715
0	291	260	0.999053
0	195	187	0.999365
1	301	35	0.99902
0	355	246	0.998844
0	212	171	0.999309
1	187	54	0.99939
1	222	41	0.999275
0	101	73	0.99967
0	112	94	0.999634
0	289	272	0.999056
0	181	89	0.999408
0	178	109	0.999417
0	203	175	0.999335
0	194	98	0.999364
1	136	9	0.999554
0	89	62	0.999708
0	369	248	0.99879
1	278	31	0.999088
0	326	182	0.99893
0	258	176	0.999153
1	204	53	0.99933
1	282	73	0.999074
0	217	166	0.999287
0	73	54	0.99976
0	312	287	0.998975
1	292	41	0.999039
0	170	151	0.99944
0	338	277	0.998887
0	294	182	0.999031
1	361	113	0.998809
0	225	183	0.999257
0	105	62	0.999653
1	333	32	0.9989
0	281	263	0.999071
1	280	48	0.999074
1	155	47	0.999487
0	202	175	0.999331
0	152	127	0.999496
1	337	92	0.998883
0	113	69	0.999625
1	207	48	0.999313
1	267	33	0.999114
0	156	147	0.999482
1	367	23	0.998782
0	215	132	0.999286
0	388	257	0.998712
1	271	99	0.9991
1	362	54	0.998798
1	258	34	0.999143
0	71	43	0.999764
1	270	66	0.999103
1	268	87	0.999109
0	282	235	0.999062
0	343	136	0.998859
0	331	169	0.998898
0	287	145	0.999044
0	332	241	0.998894
0	279	166	0.99907
0	373	340	0.998757
0	266	263	0.999113
0	341	223	0.998863
1	344	20	0.998853
0	368	255	0.998773
0	190	171	0.999366
0	368	255	0.998772
1	306	115	0.998978
0	321	125	0.998927
0	277	250	0.999073
1	338	88	0.998869
0	260	238	0.999129
1	367	81	0.99877
0	368	335	0.998766
0	251	171	0.999158
0	387	178	0.998702
0	216	210	0.999275
0	197	145	0.999338
1	163	60	0.999452
1	364	72	0.998777
0	326	275	0.998904
0	115	81	0.999613
0	252	183	0.999152
1	272	32	0.999084
0	351	338	0.998818
0	384	310	0.998707
0	346	208	0.998834
1	321	43	0.998918
0	241	134	0.999187
1	336	52	0.998866
0	274	272	0.999075
1	151	38	0.99949
0	373	187	0.998741
0	305	173	0.99897
0	353	215	0.998808
1	325	33	0.998899
1	190	32	0.999356
0	300	281	0.998983
0	363	151	0.998769
0	264	249	0.999104
0	338	190	0.998852
0	301	205	0.998975
0	240	232	0.999182
0	278	215	0.999052
1	350	87	0.998805
0	117	68	0.9996
0	348	155	0.998811
0	299	136	0.998977
0	375	338	0.998715
0	277	114	0.999049
1	150	43	0.999484
0	197	116	0.999322
1	144	17	0.999504
0	192	116	0.999338
0	308	293	0.998938
0	256	210	0.999117
1	273	27	0.999058
1	70	15	0.999758
0	72	65	0.999751
0	109	64	0.999623
0	190	93	0.999343
1	374	40	0.998707
0	244	203	0.999156
1	332	73	0.99885
0	201	191	0.999303
1	310	74	0.998925
1	314	104	0.998911
1	89	15	0.999691
0	76	61	0.999736
0	372	162	0.998709
0	373	205	0.998705
0	360	147	0.99875
1	140	40	0.999513
1	367	38	0.998724
1	181	61	0.99937
0	304	159	0.998942
0	178	128	0.99938
1	341	63	0.998811
1	343	127	0.998803
1	184	46	0.999356
0	105	66	0.999632
0	226	130	0.999208
0	187	174	0.999344
0	125	80	0.999561
0	73	61	0.999743
1	295	31	0.998962
0	238	103	0.999162
0	354	145	0.998754
0	331	316	0.998833
0	255	129	0.9991
1	114	37	0.999597
1	340	80	0.998799
0	340	216	0.998798
0	246	228	0.999129
0	264	195	0.999065
0	212	180	0.999249
0	168	106	0.999404
0	328	134	0.998837
0	365	343	0.998703
0	352	314	0.998748
1	222	64	0.99921
1	270	57	0.999039
1	111	8	0.999604
0	232	229	0.999171
0	204	98	0.99927
1	307	86	0.998901
1	238	40	0.999147
0	225	171	0.999192
0	337	145	0.99879
0	203	158	0.99927
0	346	220	0.998756
1	60	14	0.999784
0	354	201	0.998725
0	262	218	0.999056
0	234	124	0.999156
1	82	22	0.999704
0	230	166	0.99917
0	359	297	0.998705
0	272	169	0.999018
0	329	295	0.998811
1	301	100	0.998912
0	319	176	0.998847
0	191	82	0.999309
0	313	175	0.998866
1	251	83	0.99909
0	320	120	0.998839
1	303	106	0.9989
1	128	32	0.999535
0	112	50	0.999593
0	148	134	0.999462
1	154	14	0.99944
1	239	53	0.999131
1	105	30	0.999618
1	262	85	0.999047
0	172	149	0.999374
0	338	300	0.998768
1	272	77	0.999008
1	81	13	0.999704
1	146	48	0.999466
1	97	13	0.999645
1	134	26	0.999509
0	348	275	0.998724
0	352	271	0.998708
0	138	117	0.999493
1	205	34	0.999247
0	108	101	0.999603
1	201	25	0.999261
1	322	28	0.998816
1	296	75	0.998911
0	235	137	0.999134
0	164	146	0.999395
0	345	156	0.998728
0	262	245	0.999033
0	166	155	0.999387
0	280	223	0.998965
1	170	17	0.999371
0	301	263	0.998886
0	312	284	0.998844
0	306	242	0.998864
1	54	18	0.999799
1	84	15	0.999687
0	279	150	0.998959
0	260	166	0.999029
0	50	23	0.999813
0	127	86	0.999525
1	244	40	0.999087
0	347	346	0.998702
0	129	57	0.999517
0	75	40	0.999719
0	194	154	0.999273
0	329	315	0.998766
1	341	99	0.998721
0	54	47	0.999797
1	264	56	0.999008
1	335	59	0.998741
1	281	33	0.998943
0	200	144	0.999247
0	332	283	0.99875
0	135	128	0.999491
0	322	255	0.998785
0	222	155	0.999162
1	334	18	0.998739
1	282	29	0.998935
0	339	304	0.99872
0	194	106	0.999267
1	341	100	0.998712
0	177	175	0.999331
0	245	196	0.999074
1	92	22	0.999652
0	278	152	0.998949
0	238	115	0.9991
1	341	79	0.998711
0	286	228	0.998918
1	102	21	0.999613
0	222	159	0.999158
0	215	178	0.999184
0	297	197	0.998873
0	192	76	0.999271
0	313	166	0.998812
1	271	53	0.99897
0	202	124	0.999232
1	309	51	0.998825
0	62	47	0.999764
0	277	155	0.998946
1	63	7	0.99976
0	160	86	0.99939
1	296	73	0.998872
1	97	29	0.99963
1	262	74	0.999001
0	223	136	0.999149
0	140	95	0.999465
0	320	242	0.998777
0	174	68	0.999334
1	272	97	0.998959
1	233	85	0.999108
0	101	64	0.999613
1	259	23	0.999008
0	120	61	0.99954
1	223	54	0.999145
0	218	141	0.999164
1	282	50	0.998918
0	338	240	0.998703
0	224	124	0.99914
0	256	251	0.999017
0	230	125	0.999116
1	181	54	0.999304
0	132	73	0.999492
0	142	60	0.999453
1	277	70	0.998933
0	296	275	0.998857
0	212	154	0.999181
1	126	41	0.999513
1	156	53	0.999397
1	156	22	0.999397
0	277	108	0.998929
1	264	92	0.998979
1	62	18	0.99976
0	116	97	0.999551
0	289	151	0.998881
0	306	182	0.998812
0	310	289	0.998796
0	261	166	0.998986
0	300	154	0.998834
1	311	77	0.998791
0	324	222	0.998739
0	189	124	0.999264
1	61	10	0.999762
0	117	115	0.999543
0	108	58	0.999578
0	183	155	0.999284
0	325	272	0.998729
0	184	168	0.99928
0	328	214	0.998716
1	193	70	0.999244
0	102	65	0.9996
0	53	41	0.999792
0	235	226	0.999078
0	236	159	0.999074
0	187	82	0.999266
0	253	191	0.999007
0	294	108	0.998846
1	236	54	0.999073
1	327	45	0.998716
1	322	48	0.998735
0	76	74	0.999701
0	109	50	0.999571
0	285	126	0.998879
0	213	166	0.999161
1	255	89	0.998994
1	143	48	0.999435
0	211	167	0.999166
0	112	69	0.999557
1	181	37	0.999284
0	181	119	0.999284
0	143	123	0.999434
0	154	129	0.99939
0	202	78	0.9992
0	82	36	0.999675
0	235	87	0.999069
0	228	121	0.999096
0	312	201	0.998763
0	100	54	0.999603
1	103	18	0.999591
0	169	126	0.999329
1	256	64	0.998983
0	300	186	0.998808
0	168	139	0.999332
1	141	18	0.999438
0	275	116	0.998903
0	193	191	0.999229
0	214	188	0.999145
1	234	32	0.999065
0	246	106	0.999017
0	52	28	0.999792
0	71	54	0.999716
1	98	13	0.999608
0	118	78	0.999528
0	161	128	0.999356
0	288	280	0.998848
0	298	177	0.998808
0	265	159	0.998939
0	302	117	0.998791
0	231	121	0.999074
0	146	70	0.999414
1	312	87	0.998748
0	121	92	0.999514
0	262	201	0.998948
0	52	48	0.999791
0	267	132	0.998927
1	256	58	0.99897
0	295	113	0.998812
0	61	48	0.999754
0	309	276	0.998755
0	246	179	0.999008
0	272	265	0.998903
0	254	143	0.998975
0	218	97	0.99912
1	308	55	0.998755
1	202	50	0.999183
1	207	23	0.999162
1	119	10	0.999518
1	132	23	0.999465
0	310	295	0.998744
0	265	209	0.998925
1	199	16	0.999192
0	256	99	0.99896
0	234	132	0.999049
0	294	203	0.998805
0	243	212	0.999012
1	175	51	0.999287
0	189	151	0.99923
0	147	123	0.999401
1	132	42	0.999462
0	221	127	0.999099
0	299	111	0.998778
1	172	49	0.999296
1	227	23	0.99907
0	265	126	0.998914
0	188	177	0.999229
0	300	128	0.998769
1	296	20	0.998783
0	185	154	0.999239
0	131	106	0.999461
0	298	157	0.998774
0	249	102	0.998975
0	227	128	0.999065
1	252	77	0.998962
1	187	35	0.999229
1	177	44	0.99927
0	271	132	0.998881
0	311	152	0.998716
0	136	67	0.999438
0	196	149	0.99919
1	278	78	0.99885
0	273	133	0.99887
0	234	118	0.999031
0	307	287	0.998729
1	124	35	0.999486
1	145	10	0.999399
0	237	159	0.999018
0	276	137	0.998856
0	297	185	0.998768
0	282	187	0.99883
0	301	137	0.99875
0	234	154	0.999027
1	143	21	0.999405
0	205	176	0.999147
1	310	48	0.998709
0	281	124	0.998827
0	190	86	0.999205
0	294	232	0.99877
0	197	110	0.999175
0	299	253	0.998748
0	88	52	0.999631
0	206	111	0.999135
1	230	50	0.999034
0	208	184	0.999126
0	264	122	0.99889
0	239	180	0.998994
0	164	125	0.999309
0	197	189	0.99917
1	163	15	0.999312
0	212	109	0.999104
1	278	90	0.998825
0	192	150	0.999188
0	255	173	0.998921
0	195	152	0.999174
0	251	117	0.998936
0	287	115	0.998782
0	245	131	0.99896
1	239	81	0.998985
0	88	46	0.999626
0	213	152	0.999094
0	219	84	0.999068
0	195	162	0.99917
1	249	52	0.99894
0	209	155	0.99911
0	103	93	0.999561
0	205	106	0.999126
0	197	91	0.99916
0	242	116	0.998968
0	206	183	0.99912
0	189	119	0.999192
0	237	175	0.998985
1	282	62	0.998792
0	220	108	0.999057
1	79	6	0.999661
1	174	19	0.999253
1	220	30	0.999055
1	165	47	0.999291
1	202	30	0.999131
0	276	242	0.998813
0	85	68	0.999634
0	271	155	0.998834
0	196	189	0.999156
0	241	87	0.998961
0	136	103	0.999413
0	285	174	0.99877
0	259	193	0.998881
0	128	49	0.999445
0	154	76	0.999332
0	256	160	0.998888
1	196	27	0.999148
0	276	171	0.998799
0	109	108	0.999525
0	265	136	0.998844
0	276	248	0.998796
0	231	114	0.998992
0	241	187	0.998948
0	262	223	0.998855
1	133	15	0.999418
0	79	67	0.999654
0	262	167	0.998853
0	261	250	0.998856
0	111	54	0.999513
0	210	206	0.999078
0	230	161	0.99899
0	267	111	0.998827
1	164	44	0.999279
0	265	126	0.998834
0	237	179	0.998957
0	157	105	0.999308
0	216	159	0.999047
1	222	77	0.99902
0	79	74	0.999651
0	182	86	0.999196
1	234	74	0.998966
0	157	117	0.999306
0	290	159	0.998718
1	252	58	0.998885
1	265	65	0.998827
1	172	15	0.999238
0	247	217	0.998905
0	261	135	0.998843
0	80	29	0.999645
0	146	123	0.999352
1	104	9	0.999538
1	231	49	0.998973
0	227	157	0.99899
0	197	177	0.999123
0	76	34	0.999661
1	266	32	0.998814
1	245	44	0.998907
0	157	113	0.999299
0	64	34	0.999714
0	156	102	0.999303
0	104	88	0.999535
0	210	122	0.999061
0	242	128	0.998918
0	78	47	0.999651
0	175	126	0.999217
0	240	157	0.998926
0	95	74	0.999574
0	223	135	0.999
1	77	25	0.999654
0	181	80	0.999186
0	66	47	0.999703
0	135	100	0.999392
0	253	155	0.998861
0	281	143	0.998735
0	79	39	0.999644
0	274	128	0.998766
0	162	106	0.99927
0	259	150	0.998833
0	175	137	0.99921
1	269	17	0.998786
0	214	123	0.999033
0	157	82	0.99929
0	143	56	0.999353
0	177	81	0.999199
0	196	175	0.999113
0	196	182	0.999112
0	205	176	0.999071
0	272	143	0.998766
0	153	97	0.999304
0	180	96	0.999181
0	214	98	0.999026
0	108	49	0.999508
0	176	117	0.999197
0	261	123	0.998809
0	200	82	0.999086
0	117	104	0.999465
1	194	17	0.999112
0	276	142	0.998737
0	212	196	0.999029
0	271	152	0.998759
0	262	166	0.9988
0	211	114	0.999033
0	75	51	0.999656
0	157	83	0.99928
0	95	78	0.999564
0	274	184	0.998743
1	137	8	0.999371
0	101	87	0.999535
0	205	191	0.999056
0	229	128	0.998944
1	52	5	0.99976
1	150	10	0.999308
1	233	61	0.998924
0	242	137	0.998881
1	90	27	0.999582
0	123	98	0.999427
0	240	100	0.998881
0	260	222	0.998787
0	216	92	0.998992
0	260	118	0.998786
0	150	120	0.999299
0	229	164	0.99893
1	145	17	0.999322
0	161	86	0.999247
0	256	214	0.998802
0	264	110	0.998764
1	163	54	0.999236
1	220	31	0.998969
0	110	44	0.999484
0	164	62	0.99923
0	234	119	0.998901
0	268	191	0.998738
1	249	26	0.998827
1	105	23	0.999505
0	128	126	0.999396
0	248	204	0.998829
0	240	217	0.998865
1	233	69	0.998898
0	122	110	0.999422
1	194	60	0.999081
0	214	142	0.998986
0	233	86	0.998896
0	213	77	0.99899
1	252	51	0.998805
1	87	25	0.999587
1	163	46	0.999226
0	237	199	0.998874
0	237	190	0.998873
0	252	186	0.998798
0	222	136	0.99894
0	253	175	0.998792
0	193	126	0.999078
1	209	31	0.999001
0	267	258	0.998724
0	202	185	0.999034
0	169	93	0.999191
0	188	116	0.9991
0	100	86	0.999521
1	155	34	0.999257
1	156	34	0.999251
1	260	34	0.998751
0	105	86	0.999495
0	170	146	0.999182
1	213	53	0.998974
0	134	61	0.999354
1	250	22	0.998795
1	238	33	0.998851
0	68	57	0.999671
0	135	100	0.999347
0	228	192	0.998895
0	210	84	0.998982
1	175	22	0.999151
1	234	53	0.998865
0	70	39	0.99966
0	238	97	0.998843
0	253	107	0.99877
0	82	71	0.999601
0	191	187	0.99907
0	207	134	0.998992
0	164	76	0.999201
1	91	27	0.999556
1	250	51	0.998781
0	247	148	0.998795
0	257	180	0.998746
0	177	165	0.999136
0	179	128	0.999126
0	171	120	0.999165
1	119	38	0.999418
1	129	29	0.999369
0	213	159	0.998957
1	174	53	0.999147
0	202	170	0.999009
1	224	24	0.998901
0	123	61	0.999396
0	219	80	0.998925
1	250	45	0.998772
0	223	87	0.998904
0	237	113	0.998835
0	126	50	0.99938
0	221	92	0.998913
0	153	60	0.999247
0	245	214	0.998794
0	78	76	0.999615
0	239	180	0.998821
0	197	110	0.999027
0	139	111	0.999313
1	226	13	0.998883
1	262	42	0.998705
0	85	39	0.999578
0	241	163	0.998804
0	225	223	0.998883
0	218	163	0.998916
0	251	126	0.998751
0	125	114	0.999377
1	260	15	0.998702
1	196	15	0.999021
1	93	32	0.999535
0	107	66	0.999465
0	108	78	0.99946
0	149	87	0.999255
1	185	33	0.999075
0	76	41	0.999618
0	175	124	0.99912
1	253	58	0.998728
0	215	171	0.998918
0	99	67	0.999501
0	196	143	0.999012
1	54	18	0.999727
0	183	118	0.999075
0	242	107	0.998777
0	209	202	0.998943
1	163	23	0.999174
0	146	80	0.99926
0	212	175	0.998924
1	232	42	0.998822
1	215	38	0.998908
1	171	24	0.999131
1	199	23	0.998988
1	199	59	0.998988
0	214	169	0.998911
0	156	64	0.999204
0	224	85	0.998856
0	163	106	0.999166
0	214	101	0.998905
0	196	164	0.998997
0	181	152	0.999073
0	249	128	0.998725
1	150	32	0.999231
0	201	168	0.998969
1	147	14	0.999245
1	201	11	0.998966
0	135	83	0.999305
0	126	87	0.999351
1	177	47	0.999086
0	119	54	0.999384
1	150	14	0.999223
0	140	124	0.999274
0	177	100	0.999082
1	89	11	0.999538
0	164	69	0.999149
0	101	94	0.999475
0	220	165	0.998857
0	147	51	0.999235
0	210	116	0.998907
1	91	28	0.999526
0	189	136	0.999016
1	76	26	0.999603
1	247	27	0.998709
1	246	15	0.998712
0	117	58	0.999386
0	51	30	0.999732
1	176	36	0.999073
1	223	73	0.998824
1	155	18	0.999182
1	138	10	0.999271
0	214	135	0.998869
0	170	88	0.999101
1	225	40	0.998809
0	137	66	0.999273
0	152	92	0.999193
0	77	70	0.99959
1	217	62	0.998842
0	153	88	0.999183
1	123	37	0.999343
1	140	18	0.999251
0	236	109	0.998738
0	177	84	0.999053
1	206	41	0.998898
0	178	93	0.999047
0	171	139	0.999084
1	230	63	0.998766
1	127	11	0.999317
0	199	180	0.998929
0	233	85	0.998746
0	198	180	0.998934
0	113	79	0.999391
1	218	49	0.998825
0	136	87	0.999266
1	233	51	0.998743
0	184	125	0.999007
0	195	125	0.998947
0	191	118	0.998968
1	226	68	0.998779
1	95	30	0.999486
0	231	171	0.998751
1	137	26	0.999258
0	122	119	0.999339
0	179	104	0.99903
0	57	40	0.99969
0	225	132	0.998777
0	54	48	0.999706
1	124	22	0.999325
0	236	86	0.998716
1	193	29	0.998949
0	133	118	0.999275
0	182	67	0.999005
0	214	211	0.99883
0	217	85	0.998813
0	211	209	0.998843
0	234	133	0.998717
0	61	56	0.999665
1	176	11	0.999034
0	155	73	0.999149
0	203	195	0.998885
0	220	86	0.998791
0	147	54	0.999191
1	155	37	0.999147
0	123	77	0.999322
0	225	103	0.99876
0	217	143	0.998804
0	201	134	0.998891
0	125	103	0.99931
1	67	18	0.99963
0	167	133	0.999078
1	215	31	0.998812
0	199	161	0.9989
1	184	20	0.998982
0	99	78	0.999452
0	153	64	0.999153
1	206	68	0.998859
1	175	29	0.99903
0	205	143	0.998863
1	68	5	0.999622
0	167	108	0.999071
1	206	32	0.998852
1	71	21	0.999604
0	201	86	0.998879
0	126	67	0.999296
0	226	101	0.998731
0	182	129	0.998975
0	110	55	0.99938
0	181	178	0.998975
0	215	212	0.998782
1	70	5	0.999603
1	217	62	0.998768
0	85	64	0.999516
0	119	116	0.999322
0	116	86	0.999339
0	226	96	0.998709
1	220	25	0.998743
1	184	36	0.998948
1	161	16	0.999079
1	170	13	0.999027
0	138	126	0.99921
1	112	13	0.999356
1	222	24	0.998724
1	195	47	0.998879
0	97	55	0.999441
0	144	80	0.999168
0	182	121	0.998947
0	102	67	0.999409
1	135	34	0.999217
0	81	57	0.99953
0	71	40	0.999588
1	214	28	0.998759
1	98	23	0.999431
1	213	23	0.998763
1	174	43	0.998988
0	192	89	0.998881
0	124	58	0.999277
0	66	24	0.999615
1	126	12	0.999265
1	134	22	0.999218
0	188	165	0.998903
0	172	90	0.998995
0	131	47	0.999234
1	207	65	0.998789
0	200	149	0.998829
0	135	126	0.999209
0	152	69	0.999109
0	104	62	0.99939
0	116	67	0.999318
1	210	70	0.998766
0	85	78	0.9995
1	198	50	0.998835
0	197	107	0.99884
1	215	13	0.998733
0	218	119	0.998713
1	85	27	0.999497
0	195	75	0.998843
0	162	75	0.999038
1	200	65	0.998812
1	182	11	0.998917
1	75	12	0.999553
0	188	141	0.998879
1	87	17	0.99948
1	134	28	0.999199
0	141	99	0.999157
0	146	126	0.999127
0	107	90	0.99936
0	70	62	0.99958
0	176	92	0.998944
0	100	84	0.999399
1	157	30	0.999056
0	214	103	0.998713
0	136	100	0.999181
1	199	17	0.9988
1	52	8	0.999686
0	162	80	0.999022
0	156	122	0.999058
0	150	59	0.999094
1	162	49	0.999021
0	186	175	0.998875
0	182	166	0.998898
0	81	33	0.999509
1	186	36	0.998872
1	169	47	0.998974
1	121	22	0.999265
0	152	72	0.999075
1	127	11	0.999227
1	145	26	0.999117
1	172	27	0.998952
1	191	11	0.998835
0	126	80	0.999231
0	164	62	0.998999
0	96	88	0.999413
1	148	18	0.999095
0	94	81	0.999425
0	59	56	0.999639
0	180	126	0.998899
0	64	27	0.999608
1	154	12	0.999057
0	194	166	0.998811
0	128	99	0.999214
1	148	9	0.999091
1	89	12	0.999451
0	123	81	0.99924
0	205	196	0.998733
0	72	42	0.999554
0	206	81	0.998722
0	133	125	0.999174
0	188	125	0.998831
0	158	140	0.999017
0	129	124	0.999197
0	132	64	0.999177
0	183	123	0.998859
0	202	149	0.998738
0	188	101	0.998825
1	175	47	0.998904
1	197	51	0.998765
1	95	28	0.999403
1	56	16	0.999647
1	96	7	0.999395
1	154	17	0.999029
0	58	31	0.999634
0	165	102	0.998957
1	167	37	0.998944
0	152	107	0.999038
0	195	155	0.998763
0	156	101	0.99901
0	203	190	0.998712
0	82	69	0.999478
1	159	10	0.998987
0	122	72	0.999219
1	112	19	0.999282
0	180	147	0.998846
0	197	74	0.998737
0	177	64	0.998865
0	182	99	0.99883
0	104	42	0.99933
1	135	28	0.99913
0	192	162	0.998761
0	120	73	0.999225
1	67	12	0.999567
0	159	55	0.998973
0	134	51	0.999134
0	160	67	0.998964
0	101	71	0.999344
1	190	16	0.998765
0	144	127	0.999062
0	116	48	0.999243
0	135	81	0.999118
1	195	45	0.998726
1	121	34	0.999208
0	128	87	0.999162
0	111	71	0.999273
0	176	165	0.998847
1	76	24	0.999501
1	185	19	0.998786
0	185	156	0.998785
0	167	75	0.998901
1	89	20	0.999414
0	119	60	0.999214
0	125	121	0.999174
1	111	29	0.999266
1	170	15	0.998874
0	78	55	0.999483
0	151	69	0.998999
0	191	78	0.998733
0	146	127	0.999031
0	178	133	0.998818
0	165	56	0.998904
0	129	57	0.999142
0	75	70	0.9995
0	104	101	0.999306
0	192	83	0.998713
0	107	105	0.999282
1	56	4	0.999623
0	162	131	0.998908
0	79	57	0.999467
1	165	31	0.998886
1	95	19	0.999357
0	82	30	0.999444
1	179	40	0.998787
1	186	45	0.998739
1	167	45	0.998866
0	89	70	0.999395
0	66	48	0.999551
0	145	108	0.999014
1	190	44	0.998703
1	69	22	0.999528
0	120	90	0.999179
1	185	47	0.998733
0	101	70	0.999303
0	162	113	0.998881
0	183	168	0.998735
0	182	140	0.998741
1	154	40	0.998934
1	57	14	0.999605
1	97	20	0.999327
0	160	131	0.99889
0	131	52	0.999088
1	173	14	0.99879
0	79	38	0.999447
0	123	55	0.999139
0	164	112	0.998851
1	176	17	0.998764
0	170	104	0.998805
0	52	28	0.999634
0	95	84	0.999331
0	179	131	0.998739
0	134	83	0.999055
0	122	49	0.999138
0	114	78	0.999193
0	160	103	0.998866
0	138	134	0.99902
0	102	42	0.999275
1	181	43	0.998713
0	120	119	0.999145
1	133	25	0.999052
0	151	98	0.998921
1	178	37	0.998728
1	83	21	0.999406
0	157	150	0.998873
0	170	57	0.998778
0	98	36	0.999295
0	154	147	0.998892
0	95	32	0.999313
1	175	32	0.998734
0	132	117	0.999043
0	154	104	0.998882
0	169	135	0.998773
1	111	15	0.999192
0	172	102	0.998748
0	124	63	0.999097
0	116	51	0.999155
1	90	12	0.999344
0	154	77	0.998878
1	152	27	0.99889
1	143	23	0.998952
1	71	15	0.999478
0	107	73	0.999213
0	170	86	0.99875
0	173	101	0.998725
1	169	34	0.998752
1	60	4	0.999556
0	103	89	0.999238
1	107	21	0.999208
0	152	89	0.998873
0	122	62	0.999094
1	160	11	0.998812
0	111	73	0.999175
0	138	132	0.998974
0	156	86	0.998839
0	60	23	0.999553
0	105	83	0.999218
1	167	52	0.998755
0	82	75	0.999388
0	54	50	0.999596
0	90	57	0.999326
0	159	122	0.998808
0	163	142	0.998778
1	71	11	0.999467
1	154	28	0.998844
0	74	39	0.999444
0	129	119	0.99903
0	144	49	0.998917
0	124	60	0.999064
0	146	94	0.998896
1	77	18	0.999417
1	83	6	0.999371
0	120	67	0.99909
1	111	17	0.999158
1	149	29	0.998869
0	146	71	0.998891
0	156	131	0.998814
0	102	97	0.999221
1	167	41	0.998722
0	145	114	0.99889
0	149	61	0.998859
0	158	98	0.99879
1	101	32	0.999226
0	116	93	0.99911
0	102	98	0.999216
0	123	117	0.999051
0	140	79	0.998917
1	155	35	0.998799
0	108	68	0.999162
1	63	8	0.99951
0	121	65	0.999057
1	146	9	0.99886
0	118	49	0.999077
0	162	154	0.998731
0	105	93	0.999177
0	132	131	0.998965
0	66	29	0.999482
1	87	22	0.999317
0	61	37	0.999519
0	125	54	0.999014
0	158	60	0.99875
0	112	59	0.999113
0	79	75	0.999374
1	130	14	0.998969
0	132	99	0.998952
0	145	104	0.998848
0	135	74	0.998927
0	102	57	0.999188
0	159	124	0.998734
0	110	98	0.999123
0	75	38	0.999401
1	59	5	0.999527
0	155	128	0.998756
0	136	110	0.998908
0	85	55	0.999317
0	51	32	0.99959
0	115	97	0.999074
0	158	137	0.998728
0	83	29	0.999331
1	148	41	0.998807
0	108	45	0.999129
0	130	104	0.998949
1	151	18	0.998778
1	149	33	0.998794
1	130	18	0.998946
0	160	86	0.998703
0	143	76	0.998838
1	86	22	0.9993
0	145	49	0.998817
0	90	86	0.999264
0	111	92	0.999092
0	130	68	0.998934
0	65	43	0.999466
0	140	104	0.998847
1	81	12	0.999332
0	104	102	0.999142
0	87	72	0.999282
1	120	14	0.999008
0	116	100	0.99904
0	133	92	0.998896
0	94	85	0.999219
1	134	41	0.998885
0	114	78	0.999049
1	109	15	0.99909
1	130	18	0.998914
1	144	27	0.998795
0	139	90	0.998835
0	133	98	0.998885
0	138	67	0.998843
1	112	16	0.99906
0	130	98	0.998909
1	101	31	0.999152
1	74	7	0.999378
0	132	100	0.99889
0	151	137	0.99873
0	121	114	0.998978
0	102	96	0.999134
1	151	34	0.998717
0	102	95	0.999132
0	97	32	0.999174
0	57	51	0.999514
1	122	30	0.998959
0	63	33	0.999462
0	125	77	0.998933
0	119	68	0.998983
0	109	54	0.999068
1	50	14	0.999571
0	67	30	0.999423
0	141	97	0.998785
0	116	71	0.999
1	82	17	0.999291
1	109	25	0.999057
0	140	122	0.998789
1	109	6	0.999055
0	104	43	0.999097
0	71	30	0.999383
0	104	47	0.999096
0	79	28	0.999313
0	85	30	0.999258
0	144	76	0.998743
0	97	64	0.999151
0	127	45	0.998888
1	142	10	0.998756
0	142	87	0.998756
1	130	21	0.998856
1	107	10	0.999057
1	143	29	0.998735
0	62	48	0.999451
1	137	36	0.998785
0	103	90	0.999086
0	123	115	0.998908
0	122	77	0.998916
0	68	30	0.999393
1	120	19	0.998927
0	130	114	0.998837
0	143	113	0.998717
0	73	34	0.999344
0	141	74	0.998718
0	141	56	0.998717
0	113	51	0.99897
0	75	38	0.999316
0	117	62	0.998933
1	133	20	0.998785
1	98	16	0.999104
0	122	78	0.998882
0	71	33	0.999349
0	54	27	0.999504
0	81	73	0.999256
0	82	76	0.999244
0	126	69	0.998835
0	130	87	0.998796
1	82	24	0.99924
1	97	13	0.999101
0	134	80	0.998757
0	137	92	0.998728
0	94	33	0.999126
0	138	59	0.998715
0	108	63	0.998994
0	134	124	0.998752
0	71	65	0.999336
1	113	18	0.998943
1	134	10	0.998737
0	134	93	0.998737
1	51	7	0.999516
0	55	48	0.999478
0	103	73	0.999021
0	113	87	0.998926
0	72	43	0.999312
1	102	33	0.999025
0	118	75	0.99887
0	133	90	0.998724
0	77	27	0.999258
0	91	32	0.999123
0	79	44	0.999236
1	108	17	0.998946
1	92	28	0.9991
1	102	30	0.998999
1	66	9	0.999352
0	50	48	0.999509
0	123	64	0.998792
1	77	24	0.999243
0	128	51	0.998742
0	111	89	0.998907
0	87	77	0.999143
1	126	34	0.998759
0	85	37	0.999162
1	97	22	0.999043
0	88	35	0.999131
0	114	90	0.998866
0	130	68	0.998704
0	123	42	0.998773
1	113	35	0.998872
1	100	12	0.999
1	117	26	0.998827
0	81	37	0.999187
1	111	29	0.998886
0	88	85	0.999114
0	81	41	0.999183
0	64	33	0.999353
0	109	70	0.998898
0	84	41	0.999148
1	76	24	0.999229
1	127	19	0.998708
0	101	39	0.998968
0	114	47	0.998835
1	62	19	0.999365
0	76	58	0.999221
1	84	27	0.999136
0	109	97	0.998874
0	86	84	0.999107
0	69	64	0.999283
0	119	98	0.998763
0	110	102	0.998855
0	124	114	0.998708
1	123	25	0.998716
0	74	49	0.999227
0	50	21	0.999477
0	110	77	0.99885
1	64	18	0.999329
0	109	88	0.998857
1	74	10	0.999223
0	114	56	0.998803
1	69	19	0.999275
0	95	67	0.999001
0	93	50	0.999021
0	116	62	0.998779
0	110	50	0.998842
0	100	67	0.998947
0	105	94	0.998894
0	89	37	0.999061
0	111	61	0.998827
0	110	91	0.998835
1	50	10	0.999467
0	121	96	0.998709
0	69	66	0.999262
1	121	18	0.998702
0	74	73	0.999201
0	93	85	0.998996
0	107	57	0.998842
1	91	6	0.999014
0	71	65	0.999229
0	93	70	0.99899
0	99	63	0.998921
0	84	53	0.999084
0	99	96	0.99892
0	85	81	0.999071
1	50	15	0.999453
1	50	15	0.999452
0	107	71	0.998825
0	59	41	0.999351
0	66	39	0.999274
0	88	63	0.999027
0	113	67	0.998747
0	84	50	0.999064
0	110	39	0.998773
0	72	51	0.999196
0	84	49	0.999062
1	102	25	0.99886
1	87	9	0.999027
0	103	93	0.998846
0	92	50	0.998968
0	86	85	0.999034
0	104	102	0.998829
0	109	76	0.99877
0	96	55	0.998916
1	96	11	0.998913
0	61	48	0.999309
1	97	15	0.998899
0	82	66	0.999068
0	104	72	0.998818
0	104	37	0.998812
1	106	25	0.998787
0	57	49	0.999347
0	79	68	0.999094
1	98	15	0.998873
0	69	27	0.999204
0	101	60	0.998831
0	105	92	0.998783
1	111	31	0.998712
1	53	5	0.999383
0	97	71	0.998869
0	90	67	0.998946
0	73	42	0.999144
0	64	34	0.999249
1	97	14	0.99886
1	87	22	0.998974
0	109	51	0.998709
0	89	55	0.998942
0	69	53	0.999179
1	60	5	0.999286
0	92	65	0.998899
0	106	47	0.998731
0	108	53	0.998707
0	76	30	0.999084
1	52	3	0.999373
0	72	52	0.99913
0	68	58	0.999177
0	77	53	0.999062
1	78	21	0.999046
0	83	30	0.998982
0	86	39	0.998935
0	77	66	0.999044
0	94	70	0.998833
1	91	24	0.998868
0	103	71	0.998716
1	61	12	0.999239
0	68	64	0.999151
0	71	45	0.999113
0	98	95	0.998776
1	69	16	0.999135
0	85	81	0.998925
0	76	44	0.999036
0	88	39	0.998882
0	98	37	0.998751
0	93	39	0.998814
1	66	16	0.999151
0	76	49	0.999012
0	99	61	0.998711
0	76	49	0.999009
1	67	15	0.999125
0	93	79	0.998783
0	69	53	0.999095
0	88	82	0.998846
1	88	18	0.998839
0	86	71	0.998864
0	89	42	0.99882
0	80	43	0.998936
0	79	33	0.998944
0	78	69	0.998951
0	93	55	0.998746
0	69	66	0.999066
0	89	78	0.998791
0	53	36	0.999279
0	58	44	0.99921
0	51	30	0.999301
0	81	51	0.99889
0	91	33	0.998747
0	88	78	0.998787
0	88	76	0.998785
1	70	14	0.999033
0	89	70	0.99877
0	73	51	0.998985
1	56	4	0.999221
0	86	51	0.998803
1	84	21	0.998824
0	69	60	0.999026
0	89	88	0.998744
0	71	26	0.998996
0	50	46	0.99929
0	80	47	0.998863
0	83	64	0.998818
1	70	4	0.999001
0	81	72	0.99884
0	84	75	0.998792
0	78	26	0.998877
0	65	35	0.999062
1	63	7	0.999088
0	60	43	0.99913
0	65	47	0.999052
0	78	72	0.99886
0	55	20	0.999195
1	73	14	0.99893
0	51	32	0.999252
0	57	40	0.999161
1	55	3	0.99919
1	83	5	0.998778
0	78	70	0.99885
0	87	72	0.998717
0	70	31	0.998965
1	77	24	0.998859
0	79	75	0.998826
1	72	14	0.99892
1	65	16	0.999016
1	70	5	0.998936
0	64	21	0.999027
0	74	51	0.998874
0	76	40	0.99884
0	74	30	0.998855
0	53	29	0.999177
0	56	44	0.999126
1	63	14	0.998999
0	70	40	0.998887
0	56	28	0.999108
1	54	3	0.999136
0	66	33	0.998944
0	76	28	0.998783
0	68	45	0.998907
1	65	12	0.998953
0	71	57	0.998851
0	74	38	0.998802
1	71	22	0.998847
0	67	65	0.998911
0	63	42	0.998972
0	60	41	0.999014
0	52	40	0.999142
0	66	39	0.998904
0	60	43	0.999001
0	53	48	0.999116
1	77	7	0.998713
0	75	62	0.998746
0	70	47	0.998829
1	66	14	0.998895
0	55	51	0.999069
0	62	42	0.99894
0	59	53	0.998983
0	72	62	0.998759
0	71	50	0.998773
0	57	55	0.999013
0	57	19	0.99901
0	50	46	0.999117
0	67	26	0.998808
0	69	38	0.998764
1	72	7	0.998708
1	62	17	0.998882
0	61	56	0.9989
1	56	10	0.998983
1	52	10	0.999053
0	63	29	0.998827
0	52	33	0.999031
0	55	23	0.998975
0	51	49	0.999038
0	50	39	0.999052
0	66	41	0.998742
1	51	12	0.999004
1	52	7	0.998983
1	65	6	0.998725
0	61	40	0.998802
0	56	27	0.9989
0	54	34	0.998938
0	56	22	0.998898
0	58	39	0.998852
0	59	30	0.99883
1	60	11	0.998796
0	57	47	0.998856
0	54	36	0.998916
1	60	7	0.998787
0	56	32	0.998856
0	52	31	0.998935
0	55	39	0.998873
0	59	19	0.998789
1	56	6	0.998838
0	59	25	0.998755
0	52	47	0.9989
0	56	54	0.998813
1	54	10	0.998851
0	56	35	0.998805
0	60	26	0.998709
0	51	24	0.998901
1	51	8	0.998901
0	55	28	0.99879
0	55	32	0.998746
0	51	38	0.998835
1	52	6	0.998792
1	54	16	0.998733
0	53	35	0.998754
0	52	30	0.998759
0	51	19	0.99875
0	52	36	0.99872
1	50	15	0.99872
