269729
4.98951
4500
1	463	197	0.999998
1	393	254	0.999998
1	346	45	0.999998
1	498	75	0.999997
1	386	97	0.999997
1	314	103	0.999997
1	448	49	0.999995
1	265	24	0.999997
1	173	89	0.999998
1	432	188	0.999995
1	395	284	0.999995
1	387	78	0.999995
1	384	15	0.999995
1	184	137	0.999997
1	349	61	0.999993
1	493	53	0.99999
1	380	35	0.99999
1	422	56	0.999988
1	314	237	0.999991
1	337	167	0.99999
1	327	182	0.99999
1	322	79	0.99999
1	321	299	0.99999
1	62	11	0.999998
1	347	72	0.999988
1	404	70	0.999986
1	392	323	0.999985
1	386	135	0.999985
1	485	424	0.999981
1	428	153	0.999983
1	470	154	0.999981
0	448	445	0.999981
1	409	255	0.999981
0	252	250	0.999988
1	248	57	0.999988
1	494	75	0.999976
1	303	165	0.999985
1	407	270	0.999978
1	383	206	0.999979
1	469	256	0.999974
1	263	189	0.999985
1	122	49	0.999993
1	85	27	0.999995
1	489	383	0.999971
1	486	94	0.999971
1	386	131	0.999976
1	192	35	0.999988
1	341	60	0.999978
1	262	81	0.999983
1	151	5	0.99999
1	308	215	0.999979
0	72	71	0.999995
1	293	199	0.999979
1	290	172	0.999979
1	469	180	0.999966
1	366	270	0.999973
1	487	370	0.999964
1	253	226	0.999981
1	267	25	0.999979
1	127	88	0.99999
1	189	62	0.999985
1	416	214	0.999966
1	405	132	0.999966
1	390	51	0.999967
0	417	411	0.999964
1	349	168	0.999969
1	112	72	0.99999
1	155	14	0.999986
1	320	101	0.999971
1	74	46	0.999993
1	250	34	0.999976
1	422	200	0.999959
1	215	186	0.999979
1	245	197	0.999976
1	316	66	0.999969
1	408	199	0.999959
1	476	75	0.999952
1	264	205	0.999973
1	395	197	0.999959
0	84	81	0.999991
1	139	82	0.999985
1	349	324	0.999962
1	477	236	0.999948
0	452	446	0.99995
1	232	170	0.999974
1	499	313	0.999943
1	232	199	0.999973
1	232	170	0.999973
1	103	93	0.999988
1	367	15	0.999957
1	463	111	0.999945
1	282	188	0.999966
1	254	129	0.999969
1	55	9	0.999993
1	377	105	0.999952
1	342	156	0.999955
1	179	24	0.999976
1	371	205	0.99995
1	163	101	0.999978
1	244	219	0.999967
1	478	72	0.999935
1	245	218	0.999966
1	373	21	0.999948
1	63	17	0.999991
1	469	75	0.999933
1	478	72	0.999931
1	178	64	0.999974
0	292	282	0.999957
1	176	72	0.999974
1	262	136	0.999961
1	402	360	0.99994
1	462	280	0.999931
1	380	188	0.999943
1	364	174	0.999945
0	238	233	0.999964
1	428	131	0.999935
1	474	239	0.999928
1	407	207	0.999936
1	483	264	0.999924
1	443	192	0.99993
1	63	25	0.99999
1	245	103	0.999961
1	254	144	0.999959
1	456	374	0.999926
1	398	252	0.999935
1	439	93	0.999928
1	448	45	0.999924
1	478	413	0.999918
1	398	271	0.999931
1	407	96	0.999928
1	361	173	0.999936
0	327	317	0.999942
1	499	87	0.999911
1	269	31	0.999952
1	342	171	0.999938
1	253	124	0.999954
1	406	165	0.999926
1	345	66	0.999936
1	471	144	0.999912
1	239	108	0.999955
1	277	105	0.999947
1	387	324	0.999924
1	264	58	0.999948
0	293	269	0.999942
1	326	191	0.999935
1	453	316	0.999909
1	434	122	0.999909
1	367	256	0.999923
1	446	11	0.999906
1	128	82	0.999973
1	487	44	0.999897
1	349	37	0.999926
1	314	57	0.999933
1	413	325	0.999911
1	500	112	0.999892
1	391	237	0.999914
1	374	153	0.999916
1	449	30	0.999899
1	448	314	0.999897
1	478	154	0.99989
1	365	122	0.999916
1	497	14	0.999885
1	452	172	0.999895
0	452	427	0.999895
1	391	141	0.999909
1	351	114	0.999918
0	293	277	0.99993
1	439	48	0.999894
1	149	87	0.999964
0	346	344	0.999916
1	177	132	0.999957
1	489	390	0.99988
1	85	25	0.999979
0	356	344	0.999912
1	214	29	0.999947
1	394	22	0.999902
1	402	259	0.999899
1	226	109	0.999943
1	333	297	0.999916
1	284	148	0.999928
1	488	35	0.999876
1	387	83	0.9999
1	409	160	0.999894
1	350	132	0.999909
0	337	335	0.999912
1	99	84	0.999974
1	418	250	0.99989
1	338	34	0.999911
1	208	40	0.999945
1	418	153	0.999888
1	338	204	0.999909
1	496	250	0.999866
1	388	44	0.999895
1	443	280	0.99988
1	88	45	0.999976
1	265	36	0.999926
1	186	21	0.999948
1	454	103	0.999873
1	392	186	0.99989
1	274	56	0.999923
1	287	165	0.999919
1	313	120	0.999911
1	414	116	0.99988
1	375	311	0.99989
1	415	327	0.999878
1	244	100	0.999928
1	464	242	0.999863
1	128	81	0.999962
1	460	48	0.999863
1	437	40	0.999869
1	160	62	0.999952
1	166	144	0.99995
1	364	199	0.99989
1	334	184	0.999897
1	409	340	0.999873
1	199	55	0.999938
0	263	259	0.999918
0	291	284	0.999909
0	182	172	0.999943
1	421	213	0.999868
1	334	42	0.999895
1	294	91	0.999906
1	342	102	0.99989
1	444	253	0.999857
1	229	173	0.999926
1	466	372	0.999849
1	263	174	0.999914
1	262	38	0.999914
1	212	64	0.99993
1	482	390	0.999839
1	191	10	0.999936
1	244	94	0.999918
1	279	129	0.999906
1	376	267	0.999873
1	299	170	0.999899
1	325	279	0.99989
0	261	241	0.999911
1	469	158	0.99984
0	205	204	0.99993
1	441	330	0.999847
1	480	385	0.999833
1	324	154	0.999887
1	60	34	0.999979
1	279	153	0.999902
1	219	89	0.999923
1	122	8	0.999957
1	351	109	0.999876
1	435	335	0.999845
1	230	191	0.999918
1	287	143	0.999897
1	319	19	0.999885
1	194	85	0.99993
1	484	383	0.999825
1	356	93	0.999871
1	473	180	0.999828
1	417	137	0.999845
0	406	387	0.999849
1	147	113	0.999945
0	343	315	0.999871
1	290	86	0.99989
1	316	219	0.99988
1	284	45	0.999892
1	194	29	0.999926
1	388	168	0.999852
1	479	324	0.999816
1	424	129	0.999837
1	311	239	0.99988
0	334	330	0.999871
1	155	71	0.99994
1	407	342	0.999842
1	432	65	0.99983
1	116	80	0.999954
1	479	137	0.999809
1	394	303	0.999842
0	243	237	0.999902
1	279	131	0.999887
1	202	80	0.999918
1	389	161	0.999842
1	336	60	0.999863
1	488	351	0.999801
0	215	197	0.999911
1	466	318	0.999806
1	269	203	0.999888
0	436	376	0.999818
1	241	185	0.999899
1	348	91	0.999854
1	119	88	0.99995
1	428	100	0.99982
0	431	389	0.999818
1	277	60	0.999883
1	402	247	0.999828
1	472	387	0.999796
1	314	107	0.999864
1	330	221	0.999857
1	291	98	0.999873
1	307	203	0.999866
1	459	377	0.999799
1	299	34	0.999869
1	477	80	0.999791
1	474	306	0.999792
1	157	115	0.999931
1	186	128	0.999918
1	471	167	0.999792
1	407	294	0.99982
1	384	265	0.99983
1	445	317	0.999803
1	438	259	0.999806
1	363	221	0.999839
0	317	274	0.999859
1	80	20	0.999964
1	260	186	0.999883
1	228	96	0.999897
1	395	123	0.999821
1	408	98	0.999815
1	194	126	0.999912
1	443	72	0.999799
1	420	152	0.999809
1	298	194	0.999864
1	195	31	0.999911
0	462	430	0.999789
0	324	270	0.999852
0	231	197	0.999894
1	365	106	0.999832
1	349	59	0.999839
1	338	20	0.999844
1	419	262	0.999806
1	170	136	0.999921
1	284	39	0.999868
1	247	34	0.999885
1	489	296	0.999772
1	418	252	0.999804
1	393	62	0.999815
0	299	270	0.999859
0	182	155	0.999914
1	436	123	0.999794
1	287	76	0.999864
1	499	337	0.999763
0	376	363	0.999821
1	338	258	0.999839
0	425	384	0.999797
1	159	51	0.999924
1	466	86	0.999777
1	340	15	0.999837
1	258	65	0.999875
1	202	83	0.999902
0	467	407	0.999773
1	152	44	0.999926
1	158	118	0.999923
1	387	264	0.999811
0	190	160	0.999907
1	483	160	0.999763
1	189	149	0.999907
1	282	169	0.999861
1	473	293	0.999766
1	377	183	0.999813
1	139	55	0.999931
1	424	175	0.999789
1	235	99	0.999883
1	409	146	0.999796
1	408	245	0.999796
1	492	92	0.999753
1	280	83	0.999859
1	399	89	0.999799
0	488	483	0.999753
1	146	16	0.999926
1	438	314	0.999778
1	362	227	0.999816
0	354	308	0.99982
1	283	21	0.999856
0	53	48	0.999973
1	424	80	0.999784
1	313	219	0.99984
1	486	88	0.999751
1	466	268	0.999761
1	433	202	0.999777
1	362	268	0.999813
1	461	359	0.999761
1	225	119	0.999883
1	400	91	0.999792
1	148	95	0.999923
1	278	159	0.999854
1	487	138	0.999744
1	441	341	0.999768
1	476	339	0.999749
1	412	200	0.999782
0	408	365	0.999784
1	451	142	0.999761
1	326	240	0.999825
1	106	83	0.999943
1	431	98	0.999768
1	222	124	0.99988
1	229	63	0.999876
0	443	426	0.99976
1	335	134	0.999818
0	480	474	0.999739
0	328	297	0.999821
1	324	193	0.999823
1	417	326	0.999772
1	327	205	0.999821
1	489	111	0.999732
1	204	21	0.999887
1	409	195	0.999773
0	365	347	0.999797
1	262	107	0.999854
1	473	223	0.999736
1	359	229	0.999797
1	267	175	0.999849
1	60	2	0.999966
1	245	74	0.999861
1	441	79	0.999749
1	440	17	0.999749
0	243	215	0.999861
0	333	266	0.999809
1	425	16	0.999756
1	320	120	0.999816
1	203	67	0.999883
0	485	478	0.99972
0	289	237	0.999833
1	332	62	0.999808
1	344	234	0.999801
0	276	270	0.999839
1	126	48	0.999926
1	218	164	0.999871
1	402	38	0.999761
1	422	275	0.999749
1	274	124	0.999837
1	351	125	0.999791
1	261	106	0.999844
0	424	399	0.999746
1	495	307	0.999703
0	431	401	0.999741
0	331	309	0.999801
1	354	66	0.999787
1	377	221	0.999773
0	307	237	0.999815
1	413	314	0.999751
1	96	33	0.999942
1	278	66	0.999832
0	185	149	0.999888
1	493	344	0.999701
1	359	90	0.999782
1	387	232	0.999763
1	199	108	0.999878
0	163	130	0.9999
1	285	142	0.999825
1	143	65	0.999912
1	287	29	0.999823
1	251	182	0.999845
0	205	164	0.999873
1	332	112	0.999794
1	483	209	0.9997
0	450	431	0.99972
1	395	41	0.999754
1	377	219	0.999765
1	222	25	0.999861
0	335	280	0.999789
0	152	120	0.999904
0	439	390	0.999722
0	450	384	0.999715
0	291	257	0.999815
1	462	139	0.999706
1	289	197	0.999816
0	97	90	0.999938
1	491	28	0.999686
1	288	52	0.999815
1	403	262	0.999741
1	242	18	0.999844
1	428	148	0.999724
1	446	214	0.999712
1	182	74	0.999882
0	360	289	0.999766
1	311	215	0.999796
1	358	198	0.999765
1	306	93	0.999799
1	146	75	0.999904
1	142	70	0.999906
0	225	209	0.999851
1	487	63	0.999677
1	318	207	0.999789
1	299	53	0.999801
1	461	155	0.999693
1	424	125	0.999717
1	82	60	0.999945
1	82	36	0.999945
1	432	146	0.99971
1	110	45	0.999926
0	428	406	0.999712
1	428	217	0.999712
1	444	24	0.9997
0	145	132	0.999902
1	361	221	0.999756
1	446	76	0.999698
1	208	122	0.999859
1	356	21	0.999758
1	397	96	0.99973
1	214	68	0.999854
1	392	19	0.999732
1	331	93	0.999773
1	456	118	0.999687
1	305	198	0.999789
0	332	309	0.99977
1	379	279	0.999736
0	406	356	0.999717
0	335	287	0.999766
1	398	20	0.999722
1	343	15	0.99976
1	177	50	0.999876
1	433	309	0.999696
1	214	123	0.999849
1	463	107	0.999672
1	442	240	0.999686
1	463	335	0.999669
1	418	132	0.999701
1	225	124	0.999839
1	378	167	0.999729
1	153	5	0.99989
1	432	96	0.999689
1	412	110	0.999703
1	312	84	0.999775
0	493	432	0.999643
1	323	196	0.999766
1	369	118	0.999732
1	338	45	0.999754
0	230	191	0.999832
1	442	276	0.999677
1	186	83	0.999864
1	439	297	0.999679
1	376	188	0.999725
1	328	182	0.99976
0	497	459	0.999636
0	490	358	0.999641
1	473	190	0.999653
0	384	295	0.999718
0	91	78	0.999933
0	347	298	0.999744
1	350	223	0.999741
1	104	61	0.999923
0	401	326	0.999703
1	394	127	0.999708
1	151	55	0.999888
0	74	60	0.999945
1	293	107	0.999782
1	453	198	0.999658
1	343	55	0.999741
1	380	96	0.999713
1	427	208	0.999677
1	474	242	0.999641
0	133	125	0.999899
1	403	262	0.999694
0	129	112	0.999902
1	210	39	0.99984
1	273	128	0.999792
1	497	352	0.999621
1	426	32	0.999675
1	285	83	0.999782
1	388	211	0.999703
1	494	69	0.999621
1	395	158	0.999696
1	472	43	0.999636
1	311	57	0.99976
1	403	93	0.999689
1	182	90	0.999859
1	333	51	0.999742
1	312	205	0.999758
1	426	25	0.999669
1	425	174	0.999669
0	362	316	0.999718
1	231	38	0.99982
0	445	422	0.999653
1	451	282	0.999648
1	306	24	0.999761
0	294	287	0.99977
1	327	126	0.999744
1	162	28	0.999873
1	427	234	0.999665
1	345	231	0.999729
1	281	73	0.999778
1	472	227	0.999627
1	293	168	0.999768
1	440	102	0.999651
1	141	57	0.999888
1	449	199	0.999643
1	460	221	0.999634
0	491	484	0.999609
0	325	310	0.999741
0	129	125	0.999897
0	189	187	0.999849
1	384	214	0.999693
1	479	213	0.999617
0	80	72	0.999936
1	455	291	0.999636
1	442	147	0.999646
1	437	19	0.99965
1	409	267	0.999672
1	471	17	0.999622
1	307	10	0.999753
1	134	23	0.999892
0	455	376	0.999633
1	289	134	0.999766
1	473	278	0.999617
1	295	70	0.999761
0	392	386	0.999682
1	457	147	0.999629
1	339	150	0.999724
1	94	21	0.999923
0	144	139	0.999882
1	262	166	0.999785
0	381	272	0.999687
1	273	159	0.999773
0	285	227	0.999763
1	433	238	0.999639
1	273	100	0.999772
0	425	410	0.999645
0	447	329	0.999626
1	449	62	0.999624
1	111	20	0.999907
1	340	14	0.999715
1	321	216	0.99973
0	218	192	0.999816
1	226	51	0.999809
0	470	392	0.999602
0	217	188	0.999816
1	119	73	0.999899
0	403	390	0.999658
0	440	386	0.999626
0	95	74	0.999919
1	491	180	0.999581
1	383	148	0.999672
1	349	143	0.999701
1	184	69	0.999842
1	382	173	0.999672
1	376	154	0.999677
0	387	329	0.999667
1	395	106	0.99966
1	492	309	0.999574
1	394	191	0.999658
0	122	97	0.999894
0	199	155	0.999827
0	357	351	0.999689
1	398	197	0.999653
1	441	58	0.999614
1	495	261	0.999566
0	256	200	0.999775
1	470	237	0.999586
0	296	245	0.999739
0	334	323	0.999705
1	367	45	0.999675
0	283	223	0.999749
1	213	124	0.999811
0	451	312	0.999598
0	115	85	0.999897
1	450	263	0.999597
1	337	26	0.999698
1	354	110	0.999682
0	440	369	0.999603
1	145	41	0.999869
1	452	65	0.999591
1	423	173	0.999617
1	445	248	0.999597
1	435	25	0.999605
0	459	422	0.999583
1	472	245	0.999571
0	177	146	0.999839
1	428	37	0.99961
1	271	11	0.999753
1	384	202	0.99965
1	205	32	0.999813
1	389	138	0.999645
1	443	96	0.999595
0	228	184	0.999791
1	281	56	0.999742
1	75	28	0.999931
0	393	353	0.999638
0	451	408	0.999583
1	283	84	0.999737
0	257	225	0.999761
0	414	390	0.999615
0	159	153	0.999852
1	405	88	0.999622
0	464	350	0.999566
1	301	199	0.999718
1	178	69	0.999833
1	457	277	0.999569
1	475	173	0.999552
1	446	241	0.999579
1	471	267	0.999555
1	317	77	0.9997
1	486	41	0.99954
1	174	84	0.999835
0	118	86	0.999888
1	80	23	0.999924
1	300	174	0.999715
1	392	146	0.999627
1	312	90	0.999703
1	480	169	0.999543
0	463	318	0.999559
0	284	270	0.999729
1	354	81	0.999662
0	314	292	0.9997
1	250	134	0.999761
1	460	281	0.99956
1	93	27	0.999911
1	165	101	0.999842
0	485	426	0.999535
0	494	365	0.999526
1	446	202	0.999571
1	161	75	0.999845
1	216	98	0.999792
1	192	49	0.999815
1	330	59	0.999682
1	494	216	0.999524
1	167	57	0.999839
0	362	276	0.999651
0	429	411	0.999586
1	376	92	0.999636
1	353	114	0.999658
0	482	480	0.999533
1	229	80	0.999778
1	329	197	0.999681
1	133	21	0.999871
1	396	85	0.999614
1	282	80	0.999725
1	408	185	0.999602
1	165	57	0.999839
1	443	235	0.999567
0	488	455	0.999523
1	228	136	0.999777
1	418	251	0.99959
1	164	14	0.999839
1	195	11	0.999808
0	219	149	0.999784
1	376	157	0.999629
1	318	89	0.999686
0	132	116	0.999869
0	486	380	0.999516
1	463	198	0.999538
1	93	14	0.999907
1	106	31	0.999894
0	343	232	0.999657
1	359	157	0.999641
1	373	178	0.999627
1	433	18	0.999566
0	330	262	0.999669
1	281	71	0.999718
1	443	194	0.999555
1	210	93	0.999789
1	188	46	0.999811
1	423	142	0.999574
1	478	152	0.999518
0	408	291	0.999588
1	469	69	0.999526
1	80	3	0.999919
1	388	205	0.999607
1	392	242	0.999602
1	385	32	0.999609
1	416	113	0.999576
0	304	271	0.999689
0	329	219	0.999663
0	439	347	0.99955
1	229	126	0.999765
0	493	435	0.999494
1	488	295	0.999499
0	328	316	0.999663
1	282	10	0.99971
0	349	330	0.999641
0	347	276	0.999643
1	456	44	0.99953
1	331	195	0.999658
0	419	274	0.999567
0	327	310	0.999662
0	347	250	0.999641
1	85	51	0.999912
1	485	271	0.999497
1	265	55	0.999725
0	154	146	0.99984
0	225	154	0.999766
0	380	302	0.999603
0	417	377	0.999564
0	474	370	0.999504
0	490	351	0.999487
0	490	409	0.999487
0	479	315	0.999497
1	232	65	0.999756
1	476	104	0.999499
1	368	87	0.999612
0	317	223	0.999665
1	330	41	0.999651
0	135	112	0.999857
1	126	9	0.999866
1	94	54	0.9999
1	385	78	0.99959
1	427	26	0.999545
1	319	82	0.99966
1	288	72	0.999693
0	425	384	0.999547
1	150	53	0.99984
1	461	260	0.999507
1	396	66	0.999576
0	364	252	0.99961
1	263	32	0.999718
0	232	172	0.999751
0	431	296	0.999536
1	253	40	0.999727
0	426	292	0.99954
1	235	120	0.999746
1	429	89	0.999536
1	469	156	0.999492
1	488	32	0.999471
0	489	419	0.999469
0	371	358	0.999597
1	237	58	0.999742
1	387	113	0.999578
1	247	127	0.99973
1	491	111	0.999463
1	478	17	0.999476
0	258	202	0.999717
1	388	223	0.999574
0	486	353	0.999466
0	462	296	0.999492
1	370	184	0.999593
1	148	29	0.999837
1	393	232	0.999567
1	195	82	0.999785
0	417	264	0.999538
1	415	20	0.99954
1	467	28	0.999482
1	82	19	0.999909
1	287	145	0.999681
1	422	42	0.999531
1	403	136	0.999552
0	333	325	0.999629
1	462	130	0.999485
0	350	233	0.999609
1	392	71	0.999562
0	392	348	0.999562
1	204	123	0.999772
0	220	170	0.999754
1	218	106	0.999756
0	411	324	0.99954
1	368	77	0.999588
1	158	38	0.999823
0	430	275	0.999518
1	333	121	0.999626
1	162	27	0.999818
0	373	309	0.999581
0	240	237	0.99973
0	175	117	0.999803
0	159	150	0.999821
1	357	68	0.999598
0	283	243	0.999681
1	397	219	0.999552
0	278	210	0.999686
1	428	53	0.999516
1	343	41	0.999612
1	212	70	0.99976
0	406	268	0.99954
0	230	165	0.999739
0	393	277	0.999554
1	489	72	0.999444
0	65	44	0.999926
1	466	224	0.999469
0	426	344	0.999514
1	319	32	0.999636
1	337	137	0.999615
1	441	129	0.999495
0	405	284	0.999535
0	480	373	0.999447
0	436	310	0.999497
1	413	154	0.999523
1	499	234	0.999423
1	396	135	0.999542
1	279	35	0.999677
0	467	459	0.999459
0	305	193	0.999646
0	80	63	0.999907
1	394	57	0.999542
1	472	181	0.999451
0	383	286	0.999554
1	484	112	0.999435
0	445	419	0.99948
0	460	321	0.999461
1	488	212	0.999428
1	290	54	0.99966
1	319	29	0.999626
1	86	6	0.999899
1	377	46	0.999557
1	489	15	0.999425
1	409	51	0.999519
1	448	204	0.999473
1	419	113	0.999507
1	484	105	0.99943
0	476	421	0.999439
0	428	277	0.999495
0	401	398	0.999526
1	126	13	0.999851
1	296	130	0.99965
0	263	256	0.999689
1	366	117	0.999567
1	125	19	0.999852
0	483	441	0.999428
1	54	20	0.999936
0	366	275	0.999566
0	166	155	0.999803
0	482	466	0.999428
0	240	212	0.999715
0	104	88	0.999876
0	422	411	0.999497
1	464	136	0.999445
1	188	59	0.999775
1	274	57	0.999672
1	106	9	0.999873
1	106	52	0.999873
1	469	245	0.999437
1	127	45	0.999847
0	487	303	0.999413
1	97	7	0.999883
0	358	283	0.999567
0	265	210	0.999679
1	381	176	0.999538
1	65	14	0.999921
0	479	364	0.999418
0	481	294	0.999415
1	402	108	0.999511
0	277	169	0.999663
1	430	154	0.999476
1	242	14	0.999705
1	104	32	0.999873
1	149	33	0.999818
1	462	277	0.999435
1	419	174	0.999487
0	440	325	0.999461
1	287	127	0.999648
1	404	77	0.999504
0	394	255	0.999516
1	497	257	0.999389
0	321	210	0.999605
1	411	233	0.999494
1	111	18	0.999863
0	465	424	0.999425
0	399	242	0.999506
1	414	147	0.999487
0	418	253	0.99948
0	452	366	0.999437
1	492	153	0.999387
0	77	60	0.999904
1	394	74	0.999506
1	468	41	0.999413
1	316	132	0.999603
1	409	77	0.999485
0	376	333	0.999526
0	84	73	0.999894
0	397	272	0.999499
1	404	11	0.99949
0	292	219	0.999631
1	307	168	0.999612
1	354	15	0.999552
1	232	107	0.999706
1	187	70	0.999763
1	359	166	0.999545
1	300	135	0.999619
0	307	249	0.99961
1	232	77	0.999705
0	482	416	0.999385
1	460	210	0.999413
1	489	161	0.999375
1	172	27	0.99978
0	381	252	0.999512
1	384	49	0.999507
1	338	58	0.999566
1	457	139	0.999413
0	482	288	0.99938
1	328	136	0.999578
1	225	125	0.99971
0	498	443	0.999358
1	399	77	0.999485
1	326	48	0.999579
0	401	339	0.999482
1	409	18	0.999471
1	207	95	0.999732
0	387	241	0.999499
1	327	168	0.999576
1	266	94	0.999655
1	454	82	0.999411
1	177	68	0.99977
1	374	86	0.999514
1	142	72	0.999815
1	290	55	0.999622
0	428	331	0.999442
0	187	181	0.999756
0	95	84	0.999876
1	202	93	0.999736
1	420	81	0.999451
0	410	372	0.999464
1	335	186	0.999562
1	359	124	0.99953
1	347	71	0.999545
1	469	181	0.999384
1	344	11	0.999548
1	350	73	0.99954
0	333	249	0.999562
0	196	151	0.999742
0	395	329	0.99948
1	416	200	0.999451
0	134	100	0.999823
0	87	72	0.999885
1	266	28	0.999648
1	407	188	0.999461
0	197	187	0.999739
0	211	132	0.99972
0	447	301	0.999406
0	384	380	0.999488
0	278	215	0.999629
0	367	332	0.999509
0	485	342	0.999351
1	485	98	0.999351
0	463	301	0.99938
1	474	157	0.999365
1	468	61	0.999373
1	123	8	0.999835
1	487	138	0.999346
1	422	72	0.999432
1	345	43	0.999535
1	458	163	0.999382
0	492	468	0.999336
0	227	210	0.999693
0	147	88	0.999801
1	350	133	0.999526
0	259	214	0.999648
1	345	193	0.999531
1	370	195	0.999497
1	389	114	0.999471
1	274	147	0.999626
1	469	48	0.99936
0	266	240	0.999636
1	420	57	0.999425
1	346	140	0.999526
0	294	260	0.999597
0	389	364	0.999466
0	382	345	0.999475
1	488	274	0.999329
1	373	147	0.999487
1	383	122	0.999473
1	487	86	0.999329
0	392	278	0.999459
0	312	182	0.999569
1	216	23	0.999701
0	140	124	0.999806
0	456	328	0.999368
1	250	32	0.999653
0	272	187	0.999622
0	327	208	0.999545
0	255	154	0.999645
0	94	63	0.999869
0	299	241	0.999583
0	464	267	0.999353
1	124	18	0.999827
1	475	112	0.999337
1	396	196	0.999447
0	130	124	0.999818
1	335	146	0.999531
1	332	182	0.999535
0	499	290	0.999298
0	441	377	0.999379
0	350	332	0.999507
1	323	121	0.999545
1	100	9	0.999859
1	246	28	0.999653
0	73	71	0.999897
0	405	373	0.999428
1	494	34	0.999301
1	272	15	0.999615
1	178	92	0.999748
1	399	10	0.999435
0	223	220	0.999684
0	206	146	0.999708
0	110	84	0.999844
0	443	415	0.999372
1	254	112	0.999639
0	485	303	0.99931
0	288	265	0.99959
0	457	354	0.999349
0	301	222	0.999571
1	448	107	0.999361
1	206	38	0.999706
1	337	168	0.999519
0	351	318	0.999499
1	325	155	0.999536
1	383	14	0.999452
0	438	412	0.999373
0	405	232	0.99942
1	472	15	0.999324
0	374	228	0.999464
1	274	48	0.999607
1	184	16	0.999736
1	484	149	0.999305
1	440	198	0.999368
0	82	55	0.999882
1	353	64	0.999492
0	414	370	0.999404
1	334	164	0.999519
0	392	356	0.999435
1	233	109	0.999663
0	298	174	0.999569
1	291	38	0.999579
0	340	252	0.999507
1	377	135	0.999451
1	387	189	0.999435
1	471	210	0.999312
1	444	57	0.999349
1	196	86	0.999712
0	396	334	0.999418
1	372	24	0.999452
1	447	94	0.999341
1	360	198	0.999469
1	84	42	0.999876
1	349	96	0.999485
1	372	129	0.999451
0	378	263	0.999442
1	201	75	0.999703
0	232	187	0.999657
0	436	266	0.999355
0	320	205	0.999526
1	270	129	0.9996
1	417	120	0.999382
0	219	142	0.999675
1	105	49	0.999844
0	387	241	0.999425
1	88	20	0.999869
1	174	44	0.999741
0	437	405	0.999349
1	418	79	0.999377
1	457	71	0.999318
0	454	432	0.999322
1	354	52	0.999471
1	457	99	0.999317
1	208	91	0.999689
0	128	123	0.999808
1	380	147	0.99943
1	297	70	0.999554
0	334	327	0.999497
1	431	112	0.999351
0	407	317	0.999387
1	108	27	0.999837
1	460	226	0.999306
1	455	248	0.999313
1	152	54	0.99977
1	462	140	0.999301
0	315	294	0.999523
1	443	228	0.999329
1	314	133	0.999524
0	325	193	0.999507
0	398	338	0.999396
1	206	105	0.999687
0	290	160	0.999559
0	461	449	0.999298
0	470	412	0.999284
0	177	151	0.99973
1	361	141	0.999449
1	471	160	0.999281
1	180	96	0.999725
1	102	32	0.999844
1	462	170	0.999293
0	280	223	0.999571
0	457	303	0.9993
0	73	66	0.999888
0	303	209	0.999535
0	265	204	0.999593
1	455	44	0.999301
1	410	181	0.99937
1	404	95	0.999379
0	290	224	0.999554
1	241	73	0.999629
0	380	257	0.999415
1	443	39	0.999318
0	393	290	0.999394
1	375	131	0.999421
0	462	353	0.999286
1	234	49	0.999638
0	131	97	0.999797
0	400	383	0.99938
0	228	154	0.999646
0	293	256	0.999545
0	407	344	0.999368
1	491	190	0.999236
0	456	441	0.999289
1	456	195	0.999289
1	330	61	0.999485
1	252	100	0.999605
1	306	129	0.999519
1	283	88	0.999555
1	472	173	0.999258
1	480	97	0.999245
1	455	138	0.999284
1	459	163	0.999276
1	240	105	0.999621
0	387	350	0.999389
1	262	115	0.999586
1	438	203	0.999308
0	153	92	0.999758
1	189	22	0.999701
0	484	391	0.999234
0	465	275	0.999262
0	468	339	0.999257
0	360	336	0.999427
1	293	105	0.999533
1	173	58	0.999724
0	286	282	0.999543
1	177	47	0.999717
0	232	132	0.999629
0	447	301	0.999284
1	331	165	0.999469
1	457	100	0.999267
1	276	70	0.999557
0	413	257	0.999337
1	410	75	0.999341
1	475	187	0.999236
0	473	365	0.999238
1	314	54	0.999494
1	412	54	0.999336
1	456	220	0.999265
0	252	192	0.999593
1	451	207	0.99927
1	438	44	0.999291
0	447	257	0.999276
0	74	54	0.99988
0	288	284	0.999533
1	230	95	0.999627
0	394	359	0.999361
0	270	212	0.999562
1	445	34	0.999276
0	309	212	0.999497
0	466	376	0.999241
0	407	215	0.999337
1	456	83	0.999257
0	292	248	0.999524
0	404	357	0.999341
0	144	85	0.999765
1	451	201	0.999264
1	380	116	0.999379
1	173	15	0.999717
1	422	159	0.999308
0	450	381	0.999262
1	367	143	0.999397
1	223	53	0.999633
0	246	161	0.999595
0	294	285	0.999516
1	68	3	0.999888
0	397	355	0.999346
1	315	138	0.99948
0	395	391	0.999348
1	162	25	0.999732
0	175	132	0.99971
0	425	310	0.999296
0	405	379	0.999329
1	82	40	0.999864
1	422	13	0.9993
1	495	245	0.999179
0	185	165	0.999693
1	345	170	0.999427
0	409	355	0.99932
0	355	340	0.999409
1	224	24	0.999627
0	242	236	0.999597
0	496	339	0.999174
0	368	277	0.999387
0	174	118	0.99971
1	444	220	0.99926
1	319	18	0.999468
0	109	69	0.999818
1	405	136	0.999322
1	145	12	0.999756
1	337	98	0.999432
0	109	77	0.999816
1	109	20	0.999816
1	183	28	0.999691
1	119	23	0.999799
0	373	259	0.99937
0	71	46	0.99988
1	187	67	0.999684
0	404	254	0.999317
1	499	133	0.999154
1	422	74	0.999284
0	436	317	0.99926
0	296	294	0.999497
0	198	131	0.999663
1	435	120	0.999257
0	254	141	0.999566
0	108	67	0.999815
1	401	151	0.999313
1	180	89	0.999691
0	438	373	0.999248
1	403	107	0.999308
0	262	241	0.99955
0	50	35	0.999914
1	441	38	0.999241
1	491	176	0.999155
1	493	196	0.99915
1	457	86	0.99921
1	490	79	0.999152
0	257	157	0.999555
0	348	241	0.999396
0	431	327	0.999252
1	468	43	0.999186
0	300	201	0.999478
1	461	110	0.999198
0	461	250	0.999198
1	135	41	0.999765
0	413	363	0.999281
0	246	176	0.999571
1	257	119	0.99955
1	449	62	0.999214
1	442	204	0.999226
0	407	225	0.999286
1	310	119	0.999456
0	351	204	0.999384
1	409	189	0.999282
1	158	30	0.999722
1	480	218	0.999155
0	415	373	0.999269
0	327	216	0.999423
1	416	204	0.999265
1	198	72	0.99965
1	323	117	0.999428
1	299	135	0.999469
0	251	247	0.999554
0	479	427	0.999149
0	252	242	0.999552
1	307	132	0.999454
1	264	112	0.99953
1	192	41	0.999658
1	403	32	0.999282
0	305	277	0.999456
1	94	10	0.999832
1	500	178	0.999107
0	240	173	0.999571
0	380	346	0.99932
1	470	119	0.999159
0	432	318	0.999226
1	354	115	0.999365
1	403	29	0.999277
1	375	122	0.999327
1	288	79	0.999482
0	209	157	0.999624
1	442	34	0.999205
0	497	404	0.999106
0	471	435	0.999152
0	177	144	0.999681
1	492	34	0.999113
0	452	325	0.999185
1	347	132	0.999373
0	337	232	0.999391
0	400	368	0.999277
1	417	176	0.999243
1	466	156	0.999154
1	391	89	0.999289
0	454	318	0.999173
1	452	185	0.999176
0	268	166	0.999511
0	450	355	0.999179
1	445	22	0.999188
0	254	233	0.999536
0	110	98	0.999799
1	279	127	0.99949
0	213	138	0.99961
0	471	351	0.999137
1	414	72	0.999241
1	256	48	0.99953
1	171	84	0.999686
0	372	272	0.999317
0	262	210	0.999518
0	219	124	0.999597
1	122	25	0.999775
0	379	322	0.999301
0	307	279	0.999433
1	471	116	0.99913
1	480	156	0.999113
1	193	27	0.999643
0	300	183	0.999445
1	386	68	0.999286
1	453	177	0.999162
0	155	95	0.999713
0	204	176	0.999622
0	480	299	0.999111
0	353	331	0.999346
0	212	139	0.999607
1	420	119	0.999221
1	432	199	0.999197
0	344	309	0.99936
1	333	95	0.99938
0	437	233	0.999186
1	302	80	0.999437
0	171	93	0.999681
0	344	182	0.999358
1	350	75	0.999346
1	232	34	0.999566
0	498	268	0.999068
0	307	181	0.999425
1	403	86	0.999245
0	458	349	0.999142
0	405	381	0.999241
0	360	264	0.999325
1	217	97	0.999593
1	250	64	0.999531
0	287	208	0.999461
1	241	81	0.999547
0	336	274	0.999368
0	253	137	0.999524
1	395	56	0.999257
0	364	216	0.999315
1	289	13	0.999456
0	230	215	0.999567
0	301	295	0.999433
1	433	152	0.999183
1	321	139	0.999394
1	274	67	0.999482
0	370	325	0.9993
1	298	34	0.999435
0	406	233	0.999228
0	165	109	0.999686
0	491	434	0.999066
0	94	82	0.999821
1	138	11	0.999737
0	382	216	0.999272
0	300	287	0.999428
0	215	194	0.99959
0	207	161	0.999605
1	466	100	0.999111
0	339	175	0.999353
0	276	187	0.999473
0	474	293	0.999095
1	325	48	0.999379
0	297	273	0.999432
0	323	240	0.999382
0	356	303	0.999318
0	267	185	0.999488
1	316	86	0.999394
0	407	382	0.999219
0	323	184	0.99938
0	379	227	0.999272
0	400	266	0.999231
0	392	293	0.999246
1	494	116	0.999049
1	378	165	0.999272
1	451	161	0.999131
1	454	97	0.999125
1	176	61	0.99966
1	166	33	0.999679
1	148	40	0.999713
0	99	66	0.999808
0	455	248	0.999118
1	457	46	0.999114
0	217	165	0.999579
1	238	9	0.999538
0	205	137	0.999602
0	289	236	0.999439
1	225	104	0.999562
1	418	116	0.999186
1	350	23	0.999317
1	358	25	0.999301
0	433	368	0.999154
1	420	151	0.999179
1	403	170	0.999212
0	361	265	0.999294
0	252	168	0.999507
0	247	213	0.999516
1	451	118	0.999116
1	267	71	0.999476
1	294	9	0.999423
0	381	342	0.999252
0	487	476	0.999044
1	394	94	0.999226
1	318	77	0.999375
1	335	87	0.999341
1	254	116	0.9995
1	490	81	0.999035
0	211	186	0.999584
0	485	427	0.999044
0	285	270	0.999437
0	315	293	0.999377
0	191	127	0.999622
1	477	65	0.999056
1	105	22	0.999792
0	359	214	0.999288
0	482	273	0.999044
1	330	134	0.999344
0	495	397	0.999016
1	402	97	0.9992
1	137	56	0.999727
1	473	216	0.999058
1	280	32	0.999442
1	253	38	0.999495
0	349	311	0.999303
0	450	366	0.999101
0	84	77	0.999832
0	279	166	0.999442
0	474	303	0.999052
1	177	21	0.999645
1	422	36	0.999154
1	154	69	0.999691
0	330	297	0.999337
0	322	269	0.999351
0	378	325	0.999238
0	233	174	0.99953
1	403	23	0.999186
1	399	79	0.999193
1	250	107	0.999494
0	271	182	0.999451
0	415	209	0.999159
0	369	342	0.999252
0	288	237	0.999416
0	335	213	0.99932
1	298	59	0.999394
1	328	96	0.999332
1	483	30	0.999016
1	177	78	0.999639
0	370	351	0.999245
0	344	211	0.999298
1	452	113	0.999077
1	278	9	0.999432
1	447	153	0.999087
0	363	277	0.999258
0	363	258	0.999258
1	361	61	0.999262
0	313	302	0.99936
1	470	96	0.999039
0	283	136	0.999421
1	412	18	0.999157
0	271	157	0.999445
1	362	26	0.999258
0	499	366	0.998977
0	374	329	0.999233
0	367	195	0.999246
0	470	432	0.999034
1	184	24	0.999621
0	366	329	0.999246
0	448	261	0.999077
0	209	180	0.999569
0	282	222	0.999418
1	153	7	0.999684
1	494	213	0.998979
1	460	48	0.999049
1	308	113	0.999363
1	441	26	0.999087
1	241	94	0.9995
1	206	64	0.999572
1	424	104	0.999119
0	340	203	0.999293
0	463	408	0.999037
0	329	198	0.999315
1	433	196	0.999097
0	497	314	0.998963
0	88	51	0.999816
1	377	116	0.999212
1	381	97	0.999203
0	160	111	0.999665
0	328	263	0.999313
0	336	332	0.999296
1	261	59	0.999452
1	496	95	0.998958
0	106	71	0.999777
1	296	109	0.999377
0	209	116	0.99956
1	382	145	0.999195
0	324	316	0.999317
0	498	457	0.99895
1	127	38	0.999732
0	170	162	0.999641
1	321	105	0.999322
0	440	354	0.99907
0	487	330	0.99897
0	319	223	0.999325
0	223	193	0.999528
1	292	102	0.999382
1	364	28	0.999229
0	484	394	0.998975
0	425	353	0.999099
0	327	185	0.999306
0	329	270	0.999301
0	456	452	0.99903
0	226	142	0.999519
1	471	158	0.998998
0	155	77	0.99967
0	485	334	0.998968
1	386	42	0.999178
0	445	369	0.999052
1	470	174	0.998998
1	424	186	0.999094
1	424	74	0.999094
1	261	91	0.999442
0	407	380	0.99913
1	355	32	0.99924
1	389	146	0.999167
0	464	367	0.999006
0	285	270	0.999389
1	117	51	0.999749
0	497	419	0.998934
0	252	125	0.999459
0	415	318	0.999109
1	311	104	0.999332
1	473	16	0.998984
1	427	181	0.99908
0	105	75	0.999773
0	247	128	0.999466
0	384	266	0.999169
1	175	22	0.999621
0	283	157	0.999387
1	391	169	0.999152
0	484	239	0.99895
0	258	155	0.99944
1	163	42	0.999646
0	339	207	0.999264
1	194	54	0.999578
0	318	272	0.999308
0	295	242	0.999358
0	249	241	0.999457
1	332	95	0.999276
0	415	263	0.999095
1	470	183	0.998975
0	360	344	0.999214
1	459	181	0.998998
1	179	54	0.999609
0	387	293	0.999155
0	287	218	0.999373
0	473	351	0.998967
0	365	251	0.9992
1	195	59	0.999572
0	391	272	0.999142
0	215	112	0.999528
0	484	244	0.998938
0	266	144	0.999416
0	250	182	0.999451
1	178	55	0.999609
0	229	199	0.999497
1	422	64	0.999073
0	428	363	0.999059
1	255	100	0.999439
1	84	4	0.999815
0	471	262	0.998963
0	461	326	0.998984
1	232	66	0.999488
0	445	392	0.999018
0	481	235	0.998938
1	369	117	0.999183
0	322	181	0.999286
0	397	225	0.999119
0	424	256	0.999059
1	125	32	0.999722
0	498	230	0.998893
0	336	311	0.999252
0	380	295	0.999154
0	496	225	0.998895
0	208	134	0.999536
1	290	16	0.999353
1	289	69	0.999355
0	176	104	0.999607
0	192	170	0.999571
0	256	228	0.999428
0	301	149	0.999327
0	376	209	0.999159
1	405	32	0.999094
1	210	80	0.99953
1	138	14	0.999691
0	368	167	0.999176
0	321	223	0.999281
0	494	371	0.998893
0	189	170	0.999576
1	284	125	0.999363
0	484	383	0.998914
1	337	87	0.999243
0	417	238	0.999063
1	458	34	0.99897
0	428	401	0.999037
1	103	17	0.999768
1	346	83	0.999221
0	363	239	0.999181
0	457	377	0.998968
1	205	40	0.999536
0	435	326	0.999015
1	366	146	0.999171
0	237	128	0.999463
1	444	20	0.998994
0	459	435	0.99896
1	474	167	0.998926
1	242	22	0.999451
1	268	101	0.999392
0	425	187	0.999035
0	435	431	0.99901
0	389	383	0.999114
1	210	23	0.999521
1	235	55	0.999463
0	326	312	0.999255
1	375	27	0.999143
0	389	272	0.999111
1	199	35	0.999545
0	470	258	0.998926
0	229	114	0.999476
0	272	244	0.999377
1	468	125	0.998927
1	115	23	0.999736
0	168	84	0.999614
0	107	104	0.999754
0	73	72	0.999832
1	473	145	0.998912
0	393	186	0.999095
1	322	58	0.999258
1	272	21	0.999373
1	288	23	0.999336
1	356	23	0.999179
0	466	263	0.998924
0	442	276	0.998979
0	305	206	0.999294
0	97	49	0.999775
0	468	280	0.998915
1	353	23	0.999181
0	434	228	0.998992
0	498	371	0.998843
0	423	398	0.999015
1	435	127	0.998987
0	302	175	0.999296
1	475	94	0.998893
0	371	253	0.999135
0	276	156	0.999356
1	445	53	0.998962
0	460	237	0.998926
1	450	157	0.998948
0	417	403	0.999025
1	188	35	0.99956
0	383	255	0.999104
1	82	14	0.999808
1	217	20	0.999492
0	398	313	0.999068
1	397	55	0.99907
1	186	43	0.999564
0	335	270	0.999215
0	408	308	0.999044
0	425	183	0.999004
1	369	118	0.999135
1	483	114	0.998867
1	432	39	0.998982
1	496	201	0.998831
1	350	28	0.999174
0	336	192	0.999207
0	130	102	0.999693
0	475	216	0.998879
0	165	121	0.99961
1	451	61	0.998934
1	442	176	0.998955
0	381	322	0.999099
0	329	161	0.999221
0	81	62	0.999808
0	265	250	0.999372
1	224	7	0.999469
0	438	302	0.998962
1	391	28	0.999073
1	388	152	0.99908
0	96	75	0.999772
0	128	86	0.999696
0	342	212	0.999188
1	177	74	0.999579
1	272	47	0.999353
0	332	195	0.99921
0	379	317	0.999097
1	394	14	0.999061
1	278	7	0.999337
1	369	105	0.999119
1	283	118	0.999324
1	166	62	0.999603
0	266	134	0.999363
0	478	248	0.998855
0	469	239	0.998876
0	375	231	0.999101
1	485	64	0.998836
0	426	193	0.998977
0	226	141	0.999456
1	132	30	0.999682
0	334	170	0.999195
1	260	53	0.999372
0	213	184	0.999485
1	289	54	0.9993
1	441	174	0.998932
0	382	218	0.999073
1	290	9	0.999296
1	457	70	0.998891
0	341	252	0.999171
1	413	113	0.998996
0	374	348	0.99909
1	435	134	0.998941
1	354	94	0.999138
0	494	369	0.998797
0	293	285	0.999286
0	491	309	0.998804
0	396	308	0.999034
0	270	260	0.999341
0	470	330	0.998853
1	424	34	0.998965
0	368	235	0.999101
1	492	77	0.998797
0	496	451	0.998787
0	436	350	0.998932
1	440	181	0.998922
1	495	97	0.998787
1	303	23	0.999257
1	408	138	0.998999
0	272	120	0.999332
1	478	82	0.998824
0	456	237	0.998878
1	445	151	0.998905
1	432	113	0.998936
0	165	140	0.999593
0	479	255	0.998817
1	218	44	0.999461
0	116	52	0.999713
1	59	22	0.999854
0	500	462	0.998764
0	251	245	0.999379
1	458	130	0.998867
0	498	332	0.998768
0	394	278	0.999025
0	226	193	0.99944
1	256	13	0.999365
0	382	266	0.999052
1	411	98	0.99898
1	471	175	0.998831
0	418	308	0.998962
1	262	78	0.999349
1	324	29	0.999195
0	447	392	0.998888
1	498	164	0.998761
1	122	36	0.999696
1	481	16	0.998802
1	304	102	0.999241
0	458	389	0.998855
0	328	237	0.999179
1	423	47	0.998941
1	422	14	0.998943
1	278	65	0.999303
0	478	440	0.998802
0	432	388	0.998915
0	384	257	0.999035
1	403	109	0.998986
0	401	237	0.998991
0	54	46	0.999864
0	396	231	0.999003
0	366	325	0.999078
1	467	188	0.998823
0	493	472	0.998757
0	488	463	0.998769
1	294	30	0.999258
1	313	75	0.99921
1	202	64	0.99949
0	55	27	0.999861
0	235	212	0.999406
1	272	101	0.999312
1	450	53	0.99886
0	170	104	0.999569
0	472	204	0.998804
1	166	61	0.999579
0	342	294	0.999133
1	394	21	0.999001
0	169	129	0.999571
0	389	331	0.999013
0	303	216	0.999231
0	456	208	0.998841
0	491	403	0.998752
1	489	131	0.998757
1	309	40	0.999214
1	237	93	0.999397
0	392	328	0.999003
1	342	40	0.99913
1	75	23	0.999809
0	251	153	0.999361
0	337	209	0.999142
0	265	146	0.999325
1	444	172	0.998869
1	346	115	0.999118
0	304	287	0.999224
0	396	392	0.998989
1	461	97	0.998823
0	379	198	0.999032
1	351	38	0.999102
1	399	73	0.998979
0	309	283	0.999209
1	359	103	0.99908
0	257	179	0.999341
0	443	199	0.998864
0	406	184	0.998958
1	309	86	0.999205
0	298	138	0.999233
1	200	59	0.999485
1	238	78	0.999387
0	438	412	0.998872
0	483	470	0.998756
0	279	180	0.999281
0	385	169	0.999008
0	338	220	0.999128
0	299	157	0.999228
1	399	37	0.99897
1	343	85	0.999113
0	201	187	0.99948
0	465	212	0.998797
1	345	128	0.999107
1	149	45	0.999614
0	387	220	0.998998
1	422	61	0.998907
0	410	409	0.998938
1	441	94	0.998857
0	470	360	0.998781
0	109	69	0.999717
0	213	136	0.999447
1	297	78	0.999229
0	216	162	0.999439
0	467	249	0.998787
0	165	104	0.999571
0	449	253	0.998833
0	475	376	0.998764
1	334	128	0.99913
0	464	273	0.99879
1	312	87	0.999186
1	446	176	0.998836
0	342	146	0.999107
0	397	168	0.998963
0	316	149	0.999174
1	486	162	0.99873
0	438	186	0.998853
0	140	108	0.999633
1	343	47	0.999101
1	341	116	0.999106
0	316	245	0.999171
0	464	362	0.998783
1	422	62	0.998893
1	219	63	0.999425
1	377	110	0.99901
0	458	393	0.998797
0	307	280	0.999191
0	400	320	0.998946
1	261	28	0.999312
1	461	181	0.998785
1	437	47	0.998848
0	256	245	0.999324
1	409	26	0.99892
0	399	265	0.998946
0	447	209	0.998819
1	281	60	0.999257
0	141	73	0.999627
0	336	192	0.999111
0	441	336	0.998833
0	134	55	0.999645
0	324	179	0.999142
1	379	87	0.998996
0	414	184	0.998903
0	214	124	0.999432
0	495	249	0.998687
0	452	387	0.9988
1	349	131	0.999073
0	431	387	0.998855
0	430	375	0.998857
0	486	202	0.998708
0	379	239	0.998992
0	484	237	0.998713
1	436	58	0.99884
1	203	47	0.999459
0	174	112	0.999536
0	407	265	0.998912
0	469	326	0.998745
1	460	65	0.998769
1	460	81	0.998769
0	399	229	0.998932
0	393	255	0.998948
0	310	174	0.999169
0	193	169	0.999482
1	375	131	0.998994
1	291	62	0.999219
1	323	12	0.999133
1	358	94	0.999039
0	166	111	0.999554
1	202	28	0.999457
0	461	210	0.998761
1	452	124	0.998785
0	213	184	0.999427
0	367	288	0.999013
0	188	108	0.999494
0	325	250	0.999125
1	493	27	0.998672
1	237	57	0.999361
1	86	2	0.999768
1	150	54	0.999595
1	470	29	0.998732
0	297	205	0.999198
1	456	179	0.998769
0	148	106	0.9996
0	275	161	0.999257
1	425	28	0.998852
0	444	192	0.9988
0	344	326	0.99907
1	458	47	0.998761
0	419	219	0.998866
0	312	288	0.999155
0	360	252	0.999025
1	207	5	0.999439
0	135	83	0.999634
0	180	164	0.999512
0	50	35	0.999864
1	399	48	0.998915
0	498	426	0.998646
0	473	310	0.998711
0	367	297	0.998999
0	407	246	0.99889
1	256	15	0.999301
1	400	61	0.998907
0	289	213	0.99921
1	493	63	0.998653
0	140	61	0.999617
0	298	165	0.999185
0	445	178	0.998783
1	432	158	0.998816
0	353	297	0.999032
0	343	221	0.999058
1	241	24	0.999337
1	467	153	0.998716
0	73	56	0.999799
1	356	24	0.99902
0	341	166	0.999061
1	333	120	0.999083
1	483	81	0.99867
0	319	197	0.999121
1	264	9	0.999272
0	474	206	0.998692
1	189	69	0.999478
0	72	56	0.999801
1	203	60	0.999439
1	124	33	0.999657
1	192	69	0.999469
1	155	40	0.999571
1	408	148	0.998871
1	268	103	0.999258
0	292	128	0.99919
0	463	288	0.998716
1	290	105	0.999195
0	231	201	0.999358
1	450	157	0.998749
1	385	102	0.998929
0	190	77	0.999471
1	495	113	0.998622
0	331	229	0.999078
1	220	33	0.999387
1	487	156	0.998644
1	141	45	0.999607
1	114	33	0.999682
0	353	247	0.999015
1	475	44	0.998675
1	484	86	0.998649
1	393	78	0.998902
0	439	237	0.998773
0	455	204	0.998728
1	383	114	0.998929
0	485	416	0.998644
0	498	284	0.998607
0	225	165	0.99937
0	494	193	0.998617
0	204	83	0.999428
0	239	175	0.999329
1	196	25	0.999449
0	263	136	0.99926
0	206	114	0.99942
0	477	417	0.998658
0	358	280	0.998991
0	407	354	0.998853
0	261	211	0.999264
1	431	142	0.998785
1	174	17	0.999509
0	297	223	0.999162
1	214	9	0.999396
1	476	79	0.998656
0	415	258	0.998828
0	156	68	0.999559
0	453	176	0.99872
0	215	91	0.999392
1	350	127	0.99901
0	314	123	0.999111
0	396	265	0.998879
1	350	112	0.999008
0	362	253	0.998974
1	261	20	0.99926
0	353	292	0.998999
1	182	39	0.999483
0	127	125	0.999639
0	478	337	0.998641
1	217	82	0.999382
1	443	119	0.998739
0	478	340	0.998639
0	252	137	0.999282
1	376	11	0.998929
1	258	94	0.999264
1	292	83	0.999167
0	371	217	0.998941
1	454	67	0.998703
0	435	323	0.998757
0	320	270	0.999085
1	108	34	0.999691
0	226	121	0.999353
1	184	56	0.999473
0	432	264	0.998763
0	332	193	0.999049
1	333	77	0.999046
1	497	137	0.998576
1	267	58	0.999234
1	416	142	0.998807
0	477	359	0.998632
0	366	273	0.99895
1	205	25	0.999411
1	429	153	0.998768
0	199	99	0.999428
0	332	145	0.999046
0	160	126	0.99954
0	302	228	0.999131
0	488	372	0.998595
0	310	264	0.999107
1	240	23	0.999308
1	181	66	0.999478
0	498	358	0.998565
1	285	59	0.999178
0	387	152	0.998883
0	414	208	0.998804
1	335	89	0.999032
0	493	233	0.998576
0	221	185	0.999361
0	312	301	0.999097
0	469	321	0.998643
1	297	41	0.99914
0	437	259	0.998735
0	308	177	0.999106
0	302	245	0.999123
1	292	39	0.999152
1	282	42	0.999181
0	368	309	0.998931
0	316	271	0.99908
0	372	343	0.998917
0	471	454	0.998629
1	241	66	0.999298
0	342	173	0.999004
1	198	67	0.999423
0	286	121	0.999166
0	475	355	0.998615
0	136	67	0.999603
0	269	104	0.999215
1	293	48	0.999145
0	422	256	0.998769
1	424	157	0.998763
0	430	343	0.998745
1	318	30	0.999071
1	250	10	0.999269
0	264	203	0.999228
0	468	250	0.998629
0	418	226	0.998775
0	282	267	0.999173
0	481	202	0.998589
1	413	63	0.998788
1	445	128	0.998694
1	228	24	0.99933
0	474	427	0.998608
1	491	145	0.998558
0	251	202	0.999262
0	70	63	0.999794
1	473	119	0.998608
0	186	157	0.999452
0	337	146	0.999006
0	369	320	0.99891
0	337	286	0.999004
0	488	468	0.998558
0	476	312	0.998593
0	270	194	0.9992
0	340	213	0.998992
1	469	149	0.99861
0	374	180	0.998891
0	276	194	0.999181
0	445	428	0.99868
0	365	233	0.998917
0	366	153	0.998914
0	457	270	0.998644
0	461	399	0.998632
0	403	369	0.998802
0	359	150	0.998932
1	484	90	0.99856
0	462	180	0.998624
0	209	129	0.999377
1	221	65	0.999341
1	326	63	0.999028
1	327	16	0.999025
1	476	76	0.998581
1	396	43	0.998819
1	380	12	0.998866
0	284	137	0.999152
0	254	202	0.999241
0	392	187	0.998829
1	398	101	0.998811
0	216	87	0.999353
0	248	244	0.999257
1	409	151	0.998775
0	383	327	0.998852
1	179	36	0.999463
0	435	294	0.998696
0	470	215	0.998591
1	250	40	0.99925
1	374	73	0.998878
1	444	12	0.998668
1	372	127	0.998883
1	453	91	0.998639
0	389	315	0.998831
0	366	174	0.9989
0	295	120	0.999113
0	267	243	0.999197
0	254	187	0.999236
0	455	208	0.998632
1	458	135	0.998622
0	457	172	0.998624
0	341	145	0.998972
0	488	442	0.998529
0	174	167	0.999475
0	485	476	0.998538
0	387	299	0.998833
0	454	347	0.998631
0	269	243	0.999186
1	265	39	0.999198
1	170	28	0.999485
1	445	128	0.998653
1	349	100	0.998943
0	451	366	0.998632
1	319	54	0.999032
0	428	179	0.998701
0	431	177	0.998691
0	421	170	0.998721
1	193	18	0.999413
0	373	285	0.998866
0	371	348	0.998872
0	93	39	0.999717
0	395	239	0.998799
1	240	87	0.999269
1	429	40	0.998692
1	358	72	0.998908
1	204	41	0.999377
0	483	184	0.998526
1	492	137	0.998498
1	327	26	0.999001
0	360	140	0.9989
0	174	87	0.999468
0	355	202	0.998915
0	369	355	0.998872
1	256	12	0.999217
0	217	117	0.999336
0	158	73	0.999516
0	220	207	0.999325
1	351	34	0.998922
1	229	54	0.999296
1	214	10	0.999342
1	346	55	0.998936
1	204	75	0.999372
0	276	217	0.999149
0	393	230	0.998788
0	499	255	0.998459
1	242	81	0.999252
0	379	181	0.998829
1	271	61	0.999162
0	418	389	0.998708
0	157	113	0.999514
0	384	171	0.998812
0	487	294	0.998492
0	179	83	0.999445
0	351	297	0.998912
1	289	30	0.999104
0	238	127	0.999262
0	347	338	0.998924
1	408	24	0.998735
1	354	125	0.998902
0	383	380	0.998812
0	449	375	0.998607
0	338	124	0.998951
1	414	150	0.998715
0	470	387	0.998541
0	379	331	0.998823
0	301	135	0.999065
0	330	173	0.998975
1	370	130	0.99885
1	322	22	0.998999
0	251	123	0.999219
0	413	303	0.998715
0	370	365	0.998848
0	329	198	0.998975
1	433	115	0.998651
0	128	119	0.9996
0	369	265	0.998847
0	491	303	0.998464
1	381	65	0.998804
0	462	344	0.99855
0	196	190	0.999384
1	301	33	0.999054
0	438	252	0.998624
1	494	156	0.998447
0	352	135	0.998891
1	391	12	0.998768
1	316	40	0.999004
1	451	16	0.998579
0	442	370	0.998607
0	51	48	0.999839
0	463	439	0.99854
0	488	413	0.998459
0	457	451	0.998555
1	286	80	0.999095
1	167	5	0.999471
0	136	91	0.999569
0	112	80	0.999645
0	350	183	0.998891
0	288	112	0.999087
0	272	238	0.999137
0	289	175	0.999083
0	407	178	0.998709
0	246	144	0.999219
1	165	54	0.999476
1	415	103	0.998682
0	364	355	0.998843
1	447	21	0.998579
1	158	26	0.999497
0	482	390	0.998466
0	478	221	0.998478
1	174	41	0.999445
0	281	275	0.999104
1	491	72	0.998435
0	141	74	0.99955
0	379	238	0.99879
0	246	189	0.999214
1	282	35	0.999099
0	360	141	0.99885
1	342	33	0.998907
0	461	211	0.998526
1	383	109	0.998775
0	347	149	0.99889
1	485	72	0.998449
0	107	91	0.999657
0	165	103	0.999471
0	273	207	0.999125
0	451	246	0.998555
1	450	118	0.998558
1	447	126	0.998567
0	440	280	0.998589
1	312	18	0.998999
0	427	269	0.998629
0	402	193	0.998709
0	263	246	0.999155
1	182	23	0.999415
0	346	221	0.998888
0	120	75	0.999614
0	460	295	0.998521
1	482	159	0.99845
0	168	74	0.999459
0	497	476	0.998401
1	99	23	0.999681
0	434	211	0.998603
0	255	164	0.999178
0	460	197	0.998517
0	291	177	0.999061
0	184	105	0.999406
0	351	171	0.998867
0	143	61	0.999538
0	108	80	0.999651
1	470	108	0.99848
0	451	271	0.998541
0	54	24	0.999825
0	395	294	0.998721
0	170	110	0.999449
0	207	107	0.999329
1	365	121	0.998816
1	333	64	0.998919
1	436	111	0.998584
0	365	210	0.998814
1	478	167	0.998447
1	471	91	0.998468
1	109	23	0.999645
0	441	188	0.998565
1	292	33	0.999049
1	442	118	0.99856
0	171	97	0.999442
0	470	272	0.998466
1	320	106	0.998955
0	311	231	0.998984
0	371	133	0.998788
0	382	349	0.998752
0	378	188	0.998764
0	489	362	0.998401
1	483	154	0.99842
0	368	221	0.998795
0	242	239	0.999207
0	278	234	0.999089
1	89	15	0.999708
0	254	131	0.999167
0	354	171	0.998838
0	472	325	0.99845
1	69	5	0.999773
0	357	208	0.998826
1	130	33	0.999572
0	467	167	0.998464
0	326	163	0.998927
1	461	164	0.998483
1	388	67	0.998721
0	100	63	0.99967
1	331	51	0.998908
0	454	203	0.998502
0	261	253	0.999138
1	484	18	0.998402
1	294	35	0.999028
1	456	61	0.998493
0	100	36	0.999669
1	313	51	0.998963
0	418	152	0.998615
0	266	143	0.999118
1	433	111	0.998565
0	492	226	0.998368
0	495	184	0.998358
0	65	64	0.999784
0	245	236	0.999186
0	80	39	0.999734
0	92	47	0.999694
0	289	285	0.999039
0	323	217	0.998926
0	270	167	0.999102
1	279	44	0.999071
0	356	190	0.998814
0	389	307	0.998704
0	291	120	0.99903
0	314	199	0.998953
1	286	15	0.999046
0	182	127	0.999392
0	432	218	0.998558
1	468	90	0.998438
0	279	175	0.999068
0	70	54	0.999766
0	368	273	0.998771
0	283	213	0.999054
0	474	289	0.998416
0	479	410	0.998399
0	331	191	0.998893
1	448	141	0.998502
1	475	158	0.998409
0	405	191	0.998643
0	107	80	0.999641
0	237	222	0.999205
1	385	123	0.998709
0	292	174	0.99902
0	179	172	0.999399
0	468	196	0.99843
0	365	303	0.998775
0	410	395	0.998624
0	427	224	0.998567
1	94	16	0.999684
0	494	294	0.998341
1	350	17	0.998824
1	453	102	0.998478
0	305	187	0.998974
1	436	122	0.998533
1	286	11	0.999037
0	288	144	0.99903
1	457	56	0.998461
1	401	118	0.998649
0	275	159	0.999073
0	460	224	0.99845
1	115	8	0.999612
0	339	254	0.998857
1	400	16	0.998651
1	369	97	0.998754
0	410	371	0.998615
0	189	188	0.999361
0	373	328	0.998739
1	177	19	0.999401
0	205	185	0.999306
1	490	49	0.998339
0	256	217	0.999131
0	319	318	0.998917
0	471	294	0.998399
0	269	164	0.999085
0	284	180	0.999034
0	363	149	0.998764
0	199	195	0.999322
0	211	197	0.999281
0	466	228	0.998413
0	463	314	0.998423
0	422	380	0.99856
1	143	42	0.999511
0	131	89	0.999552
0	253	148	0.999135
1	287	62	0.999018
1	215	60	0.999264
1	165	11	0.999435
0	497	401	0.9983
0	393	139	0.998655
1	212	50	0.999274
0	486	171	0.998337
1	207	59	0.999291
1	493	75	0.998313
0	422	413	0.998555
1	362	20	0.998759
0	383	277	0.998687
0	211	79	0.999276
0	241	178	0.999173
0	285	223	0.999022
0	73	28	0.999749
0	490	271	0.998317
1	258	8	0.999113
1	394	95	0.998646
0	433	353	0.998512
1	119	25	0.99959
1	146	20	0.999497
0	475	329	0.998365
0	152	79	0.999476
0	257	171	0.999114
0	239	205	0.999176
0	445	250	0.998464
1	440	100	0.998481
0	412	234	0.998577
1	346	114	0.998804
0	352	144	0.998783
1	245	74	0.999152
1	422	119	0.99854
1	426	143	0.998526
0	229	134	0.999207
0	484	199	0.998325
0	312	279	0.998919
0	417	222	0.998555
1	468	121	0.998378
0	360	196	0.998751
0	467	283	0.99838
0	336	211	0.998833
0	338	325	0.998826
0	144	95	0.999499
0	312	169	0.998915
1	234	34	0.999186
0	430	327	0.998505
0	450	412	0.998435
0	300	264	0.998956
1	211	67	0.999265
1	240	49	0.999164
1	437	128	0.998478
0	438	321	0.998474
0	223	108	0.999222
1	389	66	0.998643
1	396	32	0.998617
1	393	101	0.998627
1	244	13	0.999147
0	294	207	0.998972
0	440	307	0.998462
0	319	140	0.998884
1	411	85	0.998562
0	487	474	0.998296
0	119	71	0.999583
0	270	107	0.999054
0	218	105	0.999236
0	464	403	0.998375
0	281	107	0.999015
0	306	198	0.998927
1	220	60	0.999228
0	404	169	0.998583
0	352	219	0.998764
1	350	116	0.998771
0	318	244	0.998883
1	313	96	0.9989
0	419	151	0.998528
0	419	328	0.998528
0	183	126	0.999356
1	381	80	0.99866
0	196	86	0.99931
0	421	164	0.998519
1	271	42	0.999044
0	422	199	0.998512
0	480	318	0.998305
0	335	127	0.998816
0	155	100	0.999451
0	119	41	0.999578
0	273	100	0.999032
0	256	188	0.999092
0	116	62	0.999588
0	229	85	0.999186
0	319	312	0.998866
0	376	375	0.998663
0	272	255	0.999032
0	427	210	0.998481
0	388	152	0.998619
0	224	86	0.999202
1	396	100	0.998588
0	381	293	0.998641
0	331	143	0.998819
0	461	425	0.998354
0	350	128	0.998749
0	378	181	0.998649
1	480	122	0.998284
0	331	204	0.998816
0	306	242	0.998905
1	339	24	0.998787
0	352	222	0.998739
1	444	41	0.998409
0	315	271	0.998869
0	282	102	0.998987
1	158	14	0.999432
0	272	160	0.999022
0	255	107	0.999083
0	129	118	0.999535
0	431	179	0.998447
0	336	295	0.998788
0	329	258	0.998812
0	314	249	0.998866
0	304	278	0.998902
1	65	9	0.999765
0	78	48	0.999718
1	361	41	0.998696
0	333	131	0.998797
0	287	105	0.998963
0	303	182	0.998905
0	348	328	0.998742
0	377	212	0.998637
0	457	384	0.998348
1	391	105	0.998586
1	436	10	0.998423
1	405	56	0.998534
0	447	221	0.998382
1	262	76	0.999051
0	458	285	0.998342
0	428	346	0.99845
1	415	119	0.998497
1	295	51	0.998931
1	386	87	0.998601
1	76	23	0.999724
1	184	52	0.999332
1	350	15	0.99873
0	139	97	0.999495
0	234	212	0.99915
1	181	13	0.999342
0	214	138	0.999222
0	374	182	0.998641
0	288	133	0.998953
0	269	182	0.999022
0	399	158	0.99855
1	466	104	0.998305
0	264	205	0.999039
0	324	305	0.998819
0	364	335	0.998673
0	191	133	0.999303
1	237	54	0.999135
1	227	61	0.999171
0	393	305	0.998565
0	251	158	0.999083
1	404	34	0.998524
1	152	20	0.999444
1	285	75	0.998958
0	380	336	0.99861
0	395	201	0.998553
0	380	354	0.998607
0	448	169	0.998358
1	438	29	0.998394
1	421	81	0.998454
1	90	11	0.999669
1	312	104	0.998853
0	448	264	0.998353
1	300	15	0.998896
0	145	88	0.999466
0	448	211	0.998351
0	361	206	0.99867
1	334	96	0.998769
0	405	205	0.998507
0	337	221	0.998757
1	428	41	0.99842
1	305	58	0.998872
0	451	336	0.998332
0	438	230	0.99838
1	334	54	0.998764
0	51	37	0.999811
0	68	61	0.999748
0	170	96	0.99937
0	433	334	0.998396
0	285	146	0.998943
0	346	125	0.998716
0	275	234	0.998979
0	183	170	0.99932
1	329	76	0.998778
0	389	330	0.998555
1	136	31	0.999494
0	173	107	0.999356
0	159	77	0.999408
1	378	113	0.998593
0	350	335	0.998697
1	157	42	0.999415
0	321	146	0.998804
0	457	158	0.998298
1	145	28	0.999459
0	400	251	0.998509
1	186	7	0.999306
0	179	167	0.999332
0	388	152	0.998552
1	429	39	0.998399
1	438	92	0.998365
0	450	440	0.99832
1	307	90	0.998853
1	237	72	0.999114
1	339	47	0.998733
1	208	53	0.999222
0	317	259	0.998814
0	87	58	0.999674
0	216	154	0.999191
0	370	295	0.998615
0	343	276	0.998715
0	275	215	0.998968
1	282	12	0.998941
1	339	67	0.998727
0	223	156	0.999162
0	294	120	0.998895
0	353	251	0.998673
0	326	214	0.998773
0	413	219	0.998445
0	139	48	0.999476
0	435	397	0.998361
0	94	52	0.999645
1	336	39	0.998732
1	304	66	0.998852
0	385	336	0.998546
1	392	63	0.998519
0	97	96	0.999633
0	230	188	0.99913
1	388	34	0.998533
0	259	125	0.99902
0	356	250	0.998653
0	411	381	0.998445
1	366	120	0.998615
0	326	201	0.998766
1	258	29	0.999023
1	379	59	0.998565
0	223	145	0.999155
0	265	95	0.998996
1	285	66	0.99892
1	452	33	0.998286
1	283	84	0.998926
0	452	380	0.998284
0	211	129	0.999198
0	402	269	0.998473
0	361	341	0.998627
1	439	10	0.998329
0	339	151	0.998708
0	280	100	0.998932
1	197	9	0.999248
0	89	85	0.99966
0	317	229	0.99879
0	384	144	0.998533
1	220	27	0.999159
1	440	81	0.998317
0	340	150	0.998699
1	394	66	0.998492
1	267	53	0.998977
0	275	165	0.998946
0	372	314	0.998574
0	385	269	0.998524
0	203	121	0.999221
0	335	279	0.998715
0	360	127	0.998617
1	311	18	0.998805
0	256	150	0.999016
0	187	84	0.999281
0	314	267	0.998792
1	305	92	0.998826
0	379	253	0.998541
0	345	329	0.99867
1	366	71	0.998589
1	222	73	0.999143
0	353	286	0.998634
0	358	253	0.998613
1	428	59	0.998341
0	134	56	0.99948
1	423	83	0.99836
0	282	109	0.998905
0	367	202	0.998574
1	436	133	0.998306
0	411	242	0.998402
0	331	176	0.998711
1	248	54	0.999032
0	339	226	0.998677
1	170	42	0.999336
0	120	99	0.999531
0	365	160	0.998574
1	357	93	0.998605
0	57	23	0.999777
0	317	203	0.998761
0	190	172	0.999257
0	104	64	0.999593
0	276	201	0.99892
1	219	30	0.999142
1	395	10	0.998452
0	200	166	0.999215
0	317	138	0.998756
1	342	89	0.998658
1	97	20	0.999619
1	84	25	0.99967
1	211	41	0.999171
0	204	79	0.999198
1	399	103	0.998432
0	329	110	0.998706
0	349	303	0.998627
0	435	359	0.998289
0	226	188	0.999109
0	394	163	0.998447
0	151	130	0.999404
0	396	210	0.998438
0	343	203	0.998646
0	319	272	0.998737
1	191	5	0.999243
0	243	141	0.999037
0	426	380	0.998313
0	364	342	0.998558
0	329	173	0.998696
1	151	47	0.999401
1	319	84	0.998735
0	334	302	0.998675
0	412	305	0.998366
0	392	283	0.998445
0	368	263	0.99854
1	427	10	0.998306
1	210	39	0.999166
0	278	107	0.998896
0	205	108	0.999185
0	341	314	0.998644
1	53	13	0.999789
0	150	103	0.999403
1	342	98	0.998639
0	263	247	0.998953
0	74	73	0.999705
1	298	76	0.998812
0	375	181	0.998505
0	206	174	0.999178
1	156	34	0.999377
0	357	276	0.998574
1	332	84	0.998673
0	427	152	0.998293
0	389	182	0.998444
0	426	363	0.998296
1	286	39	0.998855
0	122	50	0.999511
0	356	273	0.998574
1	308	19	0.998766
0	185	71	0.999258
0	225	129	0.999097
1	212	16	0.999149
0	209	189	0.999161
0	174	112	0.999301
0	239	199	0.99904
0	276	142	0.998891
1	415	68	0.998332
0	274	226	0.998898
1	294	26	0.998817
1	321	90	0.998708
0	139	136	0.99944
0	95	73	0.999617
0	239	109	0.999037
1	276	41	0.998888
0	248	101	0.998999
1	364	46	0.998531
1	153	44	0.999382
1	286	31	0.998845
0	188	135	0.99924
0	185	100	0.999252
0	337	219	0.998637
1	283	30	0.998855
1	122	18	0.999506
0	319	126	0.998709
1	395	84	0.998401
0	359	332	0.998543
1	208	30	0.999155
1	324	17	0.998684
0	411	326	0.99833
0	202	179	0.999178
0	389	314	0.998418
0	389	258	0.998418
0	260	106	0.998941
0	346	208	0.998591
0	358	140	0.998541
0	413	242	0.998315
0	313	211	0.998721
0	256	130	0.998953
0	174	59	0.999288
0	253	132	0.998965
0	214	186	0.999123
0	229	172	0.999061
0	198	189	0.999188
1	291	82	0.998807
0	228	170	0.999065
0	381	334	0.998438
1	310	86	0.998728
0	351	118	0.99856
0	340	268	0.998605
0	344	321	0.998588
0	317	267	0.998697
0	260	116	0.998931
1	351	21	0.998557
1	247	78	0.998984
0	415	206	0.998294
1	196	55	0.999193
0	303	197	0.998752
0	379	310	0.998438
0	287	111	0.998816
0	302	154	0.998752
1	281	61	0.998838
1	300	47	0.998759
0	321	152	0.998672
0	387	268	0.998399
0	398	267	0.998353
0	313	142	0.998704
0	252	179	0.998956
0	383	166	0.998413
0	267	159	0.998893
1	348	70	0.998557
0	305	228	0.998735
1	323	80	0.998658
1	280	86	0.998836
0	165	69	0.999313
0	263	123	0.998905
0	375	209	0.998438
0	232	113	0.999032
0	207	93	0.999135
0	320	288	0.998663
0	405	165	0.998308
1	181	10	0.999243
1	328	83	0.998629
0	380	247	0.998411
0	221	200	0.999075
0	392	180	0.998358
1	309	31	0.998704
0	126	77	0.999471
0	182	133	0.999236
0	218	202	0.999085
1	114	5	0.999521
1	158	35	0.999336
1	58	13	0.999756
0	253	235	0.998936
0	100	94	0.999579
0	263	109	0.998891
0	398	328	0.998322
0	130	117	0.999451
0	348	317	0.998531
1	354	70	0.998505
0	65	22	0.999725
0	170	55	0.999281
0	267	237	0.998871
0	248	104	0.998951
1	380	24	0.998392
0	371	150	0.99843
1	190	14	0.999195
1	393	117	0.998336
0	356	118	0.998492
0	373	349	0.99842
0	343	170	0.998546
1	274	48	0.998838
0	152	73	0.999355
1	206	51	0.999125
0	181	104	0.999231
0	313	152	0.99867
0	231	127	0.999018
0	153	56	0.999349
0	349	231	0.998516
0	299	216	0.998728
0	315	213	0.99866
0	225	174	0.999042
0	393	245	0.998327
0	365	179	0.998445
0	286	200	0.998781
1	82	24	0.99965
0	345	154	0.998529
0	189	71	0.999193
1	226	36	0.999034
0	295	272	0.998739
0	271	249	0.998841
1	196	53	0.999161
1	380	43	0.998373
0	394	216	0.998313
1	397	78	0.9983
0	330	314	0.998584
0	396	146	0.998301
0	161	88	0.999308
1	150	39	0.999355
1	358	33	0.998461
0	288	230	0.998761
0	355	278	0.998473
1	290	69	0.998752
0	367	152	0.99842
0	226	203	0.999025
0	345	263	0.998512
1	218	65	0.999059
0	369	122	0.998408
0	243	87	0.998951
1	293	47	0.998735
1	376	106	0.998377
0	382	130	0.998351
1	387	32	0.998329
0	294	105	0.99873
0	254	244	0.998902
0	301	253	0.998699
0	326	144	0.998591
0	248	191	0.998927
1	355	9	0.998464
1	386	45	0.99833
0	301	115	0.998697
1	323	42	0.998601
1	387	83	0.998324
0	102	95	0.999557
0	312	101	0.998646
0	275	97	0.998805
1	321	29	0.998603
0	169	76	0.999264
0	289	182	0.998742
0	337	127	0.998533
1	215	5	0.999063
1	135	38	0.999411
1	344	59	0.9985
1	294	62	0.998715
0	390	199	0.998296
0	345	323	0.998492
1	263	48	0.99885
0	258	228	0.998871
0	63	41	0.999724
0	364	133	0.998406
0	273	225	0.998804
0	352	172	0.998456
0	297	102	0.998696
1	272	18	0.998805
0	243	136	0.998932
0	196	151	0.999138
0	329	192	0.998553
1	177	54	0.999221
1	285	70	0.998745
1	272	42	0.998802
0	369	158	0.998375
0	239	139	0.998946
1	369	15	0.998373
0	146	127	0.999355
0	360	279	0.998408
0	259	235	0.998853
0	214	163	0.999052
0	380	230	0.998317
1	253	44	0.998878
0	163	76	0.999276
1	287	42	0.998725
1	286	11	0.998727
1	342	78	0.998478
0	164	158	0.999269
1	269	39	0.9988
1	364	27	0.998373
1	280	45	0.998747
0	375	353	0.998322
0	287	167	0.998715
0	299	126	0.998661
0	201	100	0.999099
1	341	74	0.998471
1	298	31	0.998663
0	301	108	0.998649
1	187	16	0.999159
0	84	34	0.999622
1	299	61	0.998655
0	284	203	0.998721
0	355	166	0.998401
0	379	193	0.998293
1	352	103	0.998414
0	183	147	0.999174
0	249	150	0.998876
1	334	78	0.998492
1	320	7	0.998555
0	353	219	0.998406
0	210	121	0.999051
0	322	312	0.998545
0	333	236	0.998495
0	257	189	0.998838
0	55	47	0.999751
0	318	165	0.998562
0	356	296	0.998389
0	191	142	0.999135
0	290	172	0.998687
0	148	130	0.999329
0	301	181	0.998634
0	336	108	0.998474
0	264	130	0.9988
1	187	23	0.999149
1	159	48	0.999276
1	128	34	0.999416
1	329	54	0.9985
0	108	36	0.999506
0	134	87	0.999387
1	311	80	0.998577
1	265	47	0.998787
1	373	19	0.998293
1	229	54	0.998951
0	281	156	0.998713
0	109	68	0.9995
0	286	269	0.998689
0	141	101	0.999353
0	141	83	0.999353
0	323	173	0.998519
0	302	263	0.998615
0	222	180	0.99898
0	278	90	0.998723
0	205	192	0.999058
0	110	35	0.999494
0	363	218	0.998332
1	185	34	0.999149
0	238	82	0.998905
1	296	16	0.998636
1	289	71	0.998668
0	300	121	0.998617
0	289	281	0.998665
0	117	43	0.999459
0	218	97	0.998992
0	171	59	0.999209
0	253	249	0.998829
0	266	182	0.998768
0	362	343	0.998324
1	205	50	0.999049
0	266	131	0.998766
0	220	174	0.998979
0	256	190	0.998812
1	131	18	0.999391
0	216	116	0.998996
0	302	222	0.998593
1	260	72	0.998788
0	178	160	0.999169
1	329	34	0.998464
1	261	12	0.998781
0	310	298	0.998552
0	360	158	0.998318
0	230	116	0.998924
1	296	8	0.998615
1	254	62	0.998811
0	364	182	0.998296
0	267	221	0.998749
0	351	121	0.998356
1	143	27	0.999329
0	202	99	0.999052
0	190	157	0.999107
1	114	25	0.999464
0	363	269	0.998294
0	85	31	0.9996
0	246	122	0.998843
1	328	11	0.998457
1	325	18	0.998468
0	363	152	0.998289
1	287	17	0.998646
0	344	290	0.998377
0	337	211	0.998409
1	282	70	0.998668
0	356	168	0.998315
0	238	223	0.998872
0	192	168	0.999089
0	301	269	0.998572
0	209	102	0.999008
0	298	169	0.998586
1	73	13	0.999653
0	271	152	0.998713
0	279	107	0.998675
0	213	150	0.998987
0	318	177	0.998488
0	237	90	0.998872
0	252	155	0.998799
0	273	134	0.998699
0	353	164	0.998315
0	326	259	0.99844
1	338	69	0.998378
0	256	196	0.998771
1	224	8	0.998924
0	323	302	0.998449
0	153	101	0.999264
0	327	174	0.998428
0	333	320	0.998399
1	102	17	0.999509
0	102	86	0.999509
1	113	30	0.999456
0	271	213	0.998696
1	199	33	0.999042
1	88	3	0.999576
0	234	196	0.998872
0	267	132	0.998713
0	209	208	0.998992
0	339	148	0.998366
0	206	193	0.999006
0	141	64	0.999318
0	133	111	0.999356
0	300	237	0.998546
0	173	145	0.999161
0	302	176	0.998536
1	337	25	0.998365
1	314	76	0.998476
0	275	89	0.998665
0	65	31	0.999684
0	345	223	0.998325
0	204	148	0.999008
0	222	143	0.998919
0	208	134	0.998987
0	312	175	0.998481
1	277	83	0.998651
1	211	48	0.998972
1	169	14	0.999176
0	232	162	0.998869
1	193	18	0.999058
0	136	123	0.999336
1	191	21	0.999066
0	66	43	0.999677
1	341	83	0.99833
1	269	59	0.998682
1	347	63	0.9983
0	236	123	0.998843
0	251	176	0.998769
0	274	200	0.998656
0	198	165	0.999028
0	199	97	0.999023
0	307	261	0.998493
0	216	157	0.998938
1	261	77	0.998716
0	217	165	0.998932
1	162	15	0.999202
0	284	177	0.998601
1	169	22	0.999167
1	224	61	0.998896
1	226	8	0.998886
1	213	38	0.99895
0	219	122	0.99892
0	114	47	0.999437
0	251	221	0.998761
0	336	202	0.998342
0	269	110	0.998672
1	205	27	0.998987
1	255	57	0.99874
0	169	89	0.999164
1	244	43	0.99879
1	133	38	0.999339
0	230	73	0.998857
0	77	57	0.999617
0	59	56	0.999706
0	270	236	0.998655
1	247	31	0.998769
1	185	8	0.999077
1	116	18	0.999421
0	273	238	0.998636
0	291	277	0.998546
0	204	161	0.998979
1	190	32	0.999049
0	289	164	0.998553
0	220	132	0.998898
0	236	129	0.998817
0	106	101	0.999468
1	304	49	0.998474
1	293	88	0.998528
1	266	63	0.998663
0	117	75	0.999411
0	333	277	0.998324
0	254	109	0.998721
0	254	92	0.99872
0	134	61	0.999324
1	266	33	0.998658
1	211	37	0.998934
0	268	230	0.998643
0	246	161	0.998754
0	246	162	0.998754
1	128	25	0.999351
0	205	149	0.99896
0	325	191	0.998349
1	310	10	0.998425
1	314	84	0.998404
0	195	86	0.999008
1	284	37	0.998555
0	284	169	0.998553
1	123	30	0.999372
0	261	148	0.998668
0	133	69	0.99932
0	294	238	0.998498
0	234	149	0.998802
1	309	90	0.998418
0	322	257	0.998348
0	165	107	0.999152
0	186	151	0.999044
1	177	25	0.99909
0	191	71	0.999018
0	149	128	0.999233
0	204	102	0.99895
1	233	58	0.9988
0	251	147	0.998706
0	140	104	0.999276
1	139	29	0.999281
0	180	93	0.999068
0	290	261	0.998498
0	260	79	0.998653
0	319	159	0.998346
0	228	97	0.998817
0	70	31	0.999636
0	186	150	0.999032
0	154	52	0.999198
0	320	123	0.998329
0	233	131	0.998781
0	196	129	0.998974
0	324	265	0.998305
0	128	73	0.999329
0	307	109	0.998392
0	314	221	0.998354
0	173	95	0.999092
0	263	245	0.99862
0	162	127	0.999149
0	176	168	0.999073
1	162	7	0.999145
0	232	166	0.998775
0	259	197	0.998631
1	235	59	0.998757
0	241	100	0.998725
1	156	12	0.999174
0	279	273	0.998522
1	216	17	0.998855
0	236	190	0.998749
1	283	15	0.998498
1	323	72	0.998286
1	304	18	0.998385
1	236	60	0.998745
1	314	24	0.998329
0	254	186	0.998646
0	208	80	0.99889
0	275	242	0.998531
0	106	97	0.999433
0	163	131	0.999128
0	318	233	0.9983
1	316	8	0.99831
0	231	74	0.998764
0	233	79	0.998752
0	275	232	0.998526
1	148	4	0.999205
0	74	61	0.999602
1	195	40	0.998951
0	251	83	0.998648
0	76	25	0.99959
0	182	141	0.999018
0	110	52	0.999406
1	158	29	0.999147
0	191	122	0.998968
0	225	94	0.998783
0	269	144	0.998545
0	225	93	0.99878
0	186	77	0.998991
1	211	48	0.998853
1	107	29	0.999418
0	243	116	0.998679
1	77	11	0.999581
0	64	43	0.999651
1	153	29	0.999166
0	263	228	0.998565
0	244	177	0.998668
0	141	102	0.999229
0	138	75	0.999245
0	191	134	0.998955
1	122	24	0.999332
0	246	117	0.998653
0	282	203	0.998456
0	238	152	0.998696
0	149	84	0.999183
0	175	52	0.99904
1	166	15	0.999089
1	178	27	0.999023
1	268	69	0.998529
0	212	124	0.998836
0	190	106	0.998956
1	284	43	0.998433
0	270	98	0.998509
0	285	267	0.998425
0	247	105	0.998634
1	250	15	0.998615
0	289	195	0.998399
0	270	127	0.998504
0	207	113	0.998852
0	98	56	0.999456
0	59	37	0.999672
0	275	222	0.998473
1	262	47	0.998545
0	148	135	0.999176
0	296	110	0.998353
0	98	30	0.999454
1	288	65	0.998397
0	133	108	0.999258
0	115	73	0.999358
0	110	82	0.999385
0	269	176	0.998497
0	301	278	0.998318
0	97	65	0.999457
0	299	268	0.998327
1	195	9	0.998908
1	178	29	0.999003
1	297	64	0.998337
0	300	292	0.99832
0	207	94	0.99884
0	90	31	0.999495
0	202	94	0.998867
0	133	123	0.999253
0	66	59	0.999629
1	294	40	0.998349
0	69	50	0.999612
0	251	109	0.998588
1	268	46	0.998492
0	194	120	0.998907
0	298	206	0.998322
0	181	99	0.998979
1	176	32	0.999006
0	227	124	0.998718
1	299	53	0.998312
1	72	3	0.999593
0	226	123	0.998723
1	208	18	0.998824
0	265	101	0.998502
0	91	48	0.999485
0	264	218	0.998505
1	185	15	0.99895
1	168	34	0.999046
0	274	91	0.998445
1	54	8	0.999693
1	283	48	0.998392
0	173	169	0.999016
0	194	104	0.998896
1	157	30	0.999106
0	256	173	0.998543
1	63	16	0.999641
0	293	172	0.998332
0	184	162	0.998951
0	250	82	0.998574
0	76	62	0.999566
0	297	219	0.998306
1	131	10	0.999252
0	241	173	0.998624
0	192	105	0.998903
0	75	26	0.999571
1	186	53	0.998936
0	255	234	0.998538
1	182	6	0.998956
1	290	50	0.998336
1	141	13	0.99919
0	209	161	0.998799
1	279	65	0.998397
1	272	28	0.998437
1	212	7	0.99878
0	137	125	0.99921
0	232	181	0.998661
0	141	127	0.999185
0	230	195	0.99867
0	146	59	0.999155
0	236	135	0.998634
0	158	71	0.999085
1	227	30	0.998685
1	283	41	0.998358
1	277	67	0.998392
1	273	15	0.998414
0	279	173	0.998378
0	239	220	0.99861
0	269	133	0.998433
1	107	12	0.999375
0	283	170	0.998348
1	159	36	0.999071
1	118	5	0.99931
0	145	139	0.999152
0	259	103	0.998486
0	186	153	0.998912
1	164	30	0.99904
0	192	146	0.998876
0	275	83	0.998389
0	205	93	0.998797
0	241	209	0.998586
0	277	95	0.998373
0	92	76	0.999459
0	241	189	0.998583
1	206	54	0.998787
0	262	119	0.998457
0	213	165	0.998745
0	187	57	0.998898
0	187	120	0.998895
0	194	122	0.998853
0	217	201	0.998716
0	151	64	0.999104
0	229	202	0.998639
1	288	59	0.998288
0	283	150	0.998315
0	125	64	0.999255
0	222	184	0.998677
1	120	13	0.999284
0	157	105	0.999063
0	208	93	0.998759
0	102	37	0.999391
1	95	4	0.999432
0	80	28	0.999521
0	128	111	0.999233
1	139	14	0.999167
1	65	7	0.99961
0	237	124	0.998579
0	130	108	0.999219
0	235	213	0.998588
0	195	191	0.998828
1	274	71	0.998351
0	184	168	0.99889
1	246	21	0.998516
0	90	59	0.999456
1	118	25	0.999286
0	129	125	0.999219
0	188	162	0.998862
1	275	41	0.998334
0	229	179	0.998612
0	180	79	0.998908
0	56	34	0.99966
0	193	104	0.998828
0	166	52	0.998991
1	252	66	0.998469
0	173	84	0.998948
1	221	26	0.998656
0	239	184	0.998545
0	189	58	0.998848
0	265	260	0.998385
0	89	53	0.999457
1	239	16	0.998543
0	76	51	0.999536
1	235	18	0.998565
0	153	85	0.999065
0	246	200	0.998495
0	271	81	0.998342
1	224	53	0.998629
0	111	97	0.99932
0	50	31	0.999693
0	273	183	0.998324
1	205	52	0.99874
0	246	124	0.998488
0	131	106	0.999193
1	194	46	0.998805
1	174	33	0.998927
1	255	13	0.998428
0	262	153	0.998384
1	130	34	0.999197
0	120	49	0.999258
0	257	187	0.998411
1	208	52	0.998711
0	201	99	0.998752
0	175	135	0.998912
0	181	68	0.998874
0	206	60	0.998718
0	255	180	0.998411
1	191	36	0.998809
0	259	75	0.998385
0	125	81	0.999219
1	252	49	0.998426
1	139	30	0.999131
1	218	60	0.998637
0	247	115	0.998454
0	207	164	0.998704
0	134	124	0.999159
0	258	207	0.998382
1	59	9	0.999629
0	271	172	0.998296
0	248	98	0.99844
0	114	74	0.999282
1	170	36	0.998929
0	234	106	0.998526
0	174	53	0.998902
0	169	130	0.998932
0	67	30	0.999576
0	194	67	0.998773
0	220	150	0.998607
0	65	42	0.999588
0	238	138	0.998493
0	188	123	0.998809
0	243	223	0.998461
0	200	99	0.998732
0	210	172	0.998668
0	121	49	0.999231
1	132	34	0.999161
1	224	29	0.998577
0	222	156	0.998588
0	65	30	0.999586
0	197	97	0.998745
0	77	26	0.999509
1	185	45	0.998821
0	177	125	0.998871
0	225	110	0.998565
0	171	118	0.998908
0	97	92	0.99938
1	233	62	0.99851
0	262	87	0.998324
1	236	15	0.998488
0	155	80	0.999006
0	244	87	0.998435
0	76	60	0.999512
0	141	47	0.999095
0	165	94	0.998941
0	235	221	0.998492
0	156	126	0.998998
1	91	3	0.999415
1	197	50	0.998733
1	246	51	0.998418
0	103	44	0.999337
0	224	164	0.998555
1	226	36	0.998541
0	219	217	0.998586
0	210	115	0.998644
1	139	4	0.999102
0	194	87	0.998747
0	243	205	0.99843
0	265	229	0.998288
0	200	123	0.998706
0	67	21	0.999566
0	106	75	0.999313
0	253	140	0.99836
0	197	185	0.998721
0	223	198	0.998552
1	240	61	0.998438
0	163	91	0.998938
0	244	119	0.998411
0	84	67	0.999451
1	244	22	0.998406
0	250	144	0.998366
0	218	69	0.998572
0	189	178	0.998761
0	252	128	0.998348
0	206	160	0.998649
1	198	47	0.998701
0	187	153	0.998773
0	113	80	0.999258
0	161	160	0.998943
0	86	84	0.999435
0	222	75	0.998541
0	76	33	0.9995
1	168	31	0.998895
0	254	186	0.998329
0	238	77	0.998432
0	65	19	0.999571
1	205	5	0.998648
0	147	87	0.99903
0	129	82	0.999147
0	117	101	0.999226
0	118	76	0.999219
1	88	14	0.999416
0	97	35	0.999356
0	247	153	0.99836
0	219	151	0.998543
0	164	156	0.998907
1	255	71	0.9983
0	198	57	0.998679
0	179	119	0.998805
1	176	12	0.998824
0	171	108	0.998857
0	191	166	0.998723
0	188	90	0.998742
0	255	116	0.998294
0	208	89	0.998608
0	139	92	0.999068
1	241	14	0.998385
0	56	36	0.999624
1	241	57	0.99838
0	64	38	0.999569
0	230	66	0.99845
0	145	86	0.999022
1	188	32	0.998732
0	116	105	0.999217
1	213	8	0.998562
0	141	104	0.999046
0	253	76	0.998288
0	59	18	0.9996
0	117	72	0.999207
0	100	60	0.999322
0	171	64	0.998841
0	208	90	0.998589
1	245	32	0.998337
0	232	227	0.998425
0	164	106	0.998886
0	98	41	0.999334
0	213	160	0.998553
1	220	27	0.998505
1	130	15	0.999116
0	136	71	0.999075
0	180	58	0.998776
0	209	164	0.998576
0	242	95	0.998351
1	185	42	0.998735
1	120	27	0.999179
0	98	64	0.999329
1	179	21	0.998775
0	201	134	0.998624
1	171	39	0.998829
0	67	46	0.99954
1	186	46	0.998723
1	235	25	0.998387
0	174	62	0.998805
0	244	158	0.998322
0	237	210	0.99837
0	217	158	0.998507
1	233	53	0.998397
0	198	89	0.998636
0	160	77	0.998896
1	144	22	0.999006
0	213	144	0.998528
0	141	41	0.999025
1	206	45	0.998576
1	60	13	0.999584
1	184	28	0.998725
0	233	83	0.998385
1	246	42	0.998294
1	209	28	0.998548
1	103	24	0.999282
0	233	187	0.998377
0	196	123	0.998627
1	177	13	0.998759
1	186	41	0.998694
1	241	10	0.998308
0	148	92	0.99896
0	202	181	0.998579
1	119	24	0.999162
0	146	119	0.998972
0	233	77	0.998358
1	238	55	0.998318
1	127	13	0.999099
0	228	200	0.998382
0	183	63	0.998699
0	78	29	0.999445
0	218	152	0.998449
0	195	75	0.998612
1	153	37	0.99891
0	184	81	0.998689
0	143	87	0.998979
0	111	85	0.999207
1	155	21	0.998893
0	212	130	0.998486
1	179	29	0.998721
0	208	154	0.998512
0	231	229	0.998341
0	149	147	0.998929
0	203	192	0.998541
1	158	28	0.998864
0	206	86	0.998517
1	184	7	0.998675
0	54	40	0.999609
0	118	81	0.999145
0	227	76	0.998356
0	129	68	0.999065
0	188	166	0.998636
0	182	97	0.998679
0	159	49	0.998845
0	186	120	0.998648
0	236	226	0.998284
0	197	81	0.998564
0	117	82	0.999145
0	136	46	0.999006
0	200	159	0.998538
0	214	93	0.998433
0	192	73	0.998593
0	217	73	0.998408
0	157	87	0.998847
0	170	151	0.998751
0	165	56	0.998787
0	182	164	0.998661
0	231	193	0.9983
0	131	63	0.999034
0	73	49	0.999461
1	118	21	0.999128
0	190	176	0.998595
0	166	96	0.998771
0	154	66	0.998859
0	94	31	0.999303
0	119	112	0.999116
0	194	123	0.998558
0	206	100	0.998466
0	114	45	0.999149
0	202	172	0.998493
0	138	43	0.998967
0	161	108	0.998795
1	219	50	0.998361
0	174	61	0.998697
0	124	116	0.99907
0	182	178	0.998634
0	82	80	0.999384
0	125	60	0.999059
0	203	71	0.998471
0	136	120	0.998975
0	52	41	0.999607
1	198	41	0.998502
1	98	26	0.999257
0	101	64	0.999233
0	174	74	0.998679
0	194	96	0.998526
0	51	26	0.999612
1	214	48	0.998373
1	180	15	0.998631
0	161	97	0.998771
0	221	213	0.998313
1	117	15	0.999106
1	214	56	0.998363
0	157	90	0.998797
0	208	92	0.998406
0	118	115	0.999094
0	94	92	0.999277
0	154	96	0.998814
0	207	191	0.998406
0	156	136	0.998797
0	150	70	0.998841
0	161	73	0.998756
0	201	99	0.998445
1	173	12	0.998661
0	215	202	0.998332
0	132	82	0.998975
0	185	100	0.99856
1	205	42	0.998404
0	176	54	0.998629
0	178	81	0.998613
0	171	64	0.998667
0	208	104	0.998378
1	187	36	0.998541
0	218	150	0.998298
0	204	120	0.998404
1	182	48	0.998574
1	151	11	0.998816
0	157	79	0.998769
0	199	175	0.99844
1	170	16	0.998667
0	188	94	0.998526
1	151	29	0.998814
0	199	58	0.998435
0	141	67	0.99889
0	177	107	0.998605
1	92	25	0.999274
0	121	86	0.999044
0	73	30	0.999423
1	117	27	0.999075
1	215	6	0.9983
0	81	42	0.999358
0	98	75	0.999222
0	104	88	0.999174
0	113	37	0.999102
0	184	119	0.998538
0	189	72	0.998498
0	175	108	0.998605
0	193	69	0.998457
0	167	158	0.998663
0	76	73	0.999391
0	122	87	0.999022
0	210	143	0.998315
1	132	28	0.998939
1	163	22	0.998689
0	210	97	0.99831
0	194	167	0.998437
0	191	151	0.998461
0	143	89	0.998847
0	157	118	0.998733
1	133	24	0.998926
0	101	32	0.999183
1	177	37	0.998569
1	106	25	0.999142
1	151	25	0.998778
0	210	102	0.998301
1	67	5	0.999457
0	191	163	0.998452
0	199	71	0.998387
0	184	55	0.998507
0	118	84	0.999042
1	194	14	0.998425
0	116	93	0.999056
0	114	83	0.999071
1	142	16	0.998843
0	175	89	0.998574
0	197	74	0.998394
0	93	49	0.99924
0	115	38	0.999059
0	137	99	0.998879
0	207	162	0.998305
0	160	87	0.998689
0	168	125	0.998622
0	177	54	0.998545
1	60	15	0.999506
1	163	24	0.998658
0	184	51	0.998485
0	122	81	0.998994
0	108	39	0.999109
0	106	103	0.999125
0	162	132	0.998663
1	96	11	0.999207
0	161	104	0.99867
0	163	51	0.998651
0	103	50	0.999147
0	98	62	0.999188
0	89	73	0.999262
0	160	65	0.998672
1	153	28	0.99873
0	179	177	0.998514
0	180	139	0.998505
1	202	35	0.99832
0	159	49	0.998677
0	64	27	0.999466
1	165	24	0.998624
0	139	64	0.998838
0	63	52	0.999473
0	73	30	0.999389
1	128	3	0.998926
0	201	175	0.998313
1	197	41	0.998346
0	172	140	0.998552
1	162	27	0.998636
1	65	11	0.999452
0	144	131	0.998783
0	167	47	0.998588
1	89	2	0.999245
0	143	68	0.998787
0	152	109	0.998709
0	80	42	0.99932
0	97	54	0.999174
0	61	45	0.99948
0	186	145	0.998414
0	111	60	0.999052
0	160	107	0.998634
0	54	24	0.999538
0	112	100	0.999042
1	165	8	0.998589
0	154	112	0.998679
0	198	105	0.998301
0	198	184	0.9983
0	75	46	0.999355
0	162	73	0.998605
1	180	29	0.998449
1	142	24	0.998776
1	193	19	0.998336
0	166	60	0.998567
1	105	4	0.999092
0	130	127	0.998876
0	99	63	0.999143
0	164	144	0.998581
1	94	13	0.999186
0	59	37	0.999488
0	169	102	0.998531
0	192	148	0.998327
0	163	133	0.998577
0	119	104	0.998958
0	146	92	0.99872
1	187	41	0.99836
0	79	68	0.999306
0	57	16	0.999499
0	134	83	0.998823
1	157	19	0.99862
1	194	23	0.998294
0	77	23	0.99932
0	168	110	0.998512
1	134	19	0.998812
0	165	129	0.998536
0	166	90	0.998526
0	185	79	0.998353
0	162	152	0.998557
0	138	74	0.998764
0	175	118	0.998433
0	134	67	0.998799
0	189	52	0.998306
0	121	92	0.998914
0	125	60	0.998878
0	176	97	0.998418
0	174	169	0.998435
0	141	107	0.998728
0	181	73	0.998365
0	173	124	0.998437
1	141	28	0.998725
0	161	118	0.99854
0	121	101	0.998902
0	85	39	0.999228
0	119	113	0.998919
0	73	31	0.999336
0	150	99	0.998636
1	187	27	0.9983
1	50	11	0.999543
0	56	52	0.999488
1	62	14	0.999433
1	156	12	0.998574
0	122	51	0.998883
0	114	44	0.998956
0	138	105	0.998733
0	97	48	0.999109
1	157	18	0.998557
0	147	90	0.998648
1	158	6	0.998545
0	118	101	0.998912
1	159	27	0.998534
1	83	9	0.999234
0	173	144	0.998404
0	154	144	0.998579
0	109	82	0.998992
0	181	125	0.998325
0	182	179	0.998315
0	114	56	0.998941
1	74	13	0.999312
0	125	84	0.998835
0	67	43	0.999375
0	76	22	0.999291
0	86	63	0.999195
1	148	37	0.998615
1	112	18	0.998951
0	158	150	0.998519
0	87	75	0.999183
0	96	39	0.999097
0	182	179	0.998289
1	125	6	0.998824
0	70	29	0.999341
0	170	109	0.998397
0	118	79	0.998886
0	174	82	0.998358
0	132	90	0.998752
1	101	3	0.999042
0	113	85	0.998924
0	171	100	0.998368
0	133	97	0.99873
0	168	129	0.998396
0	155	79	0.998517
0	112	67	0.998927
1	148	19	0.998581
0	164	63	0.998426
0	131	103	0.99874
1	64	14	0.999382
1	88	5	0.999149
0	74	56	0.999284
0	176	169	0.998298
0	140	84	0.998644
0	79	24	0.999234
0	154	58	0.998507
0	153	146	0.998514
1	164	20	0.998402
0	81	22	0.99921
0	147	51	0.998567
0	96	85	0.999063
1	57	5	0.999442
0	115	65	0.998872
0	123	92	0.998793
1	83	15	0.999181
0	165	94	0.998373
0	107	94	0.998943
1	103	8	0.998982
1	127	34	0.998744
1	133	26	0.998682
1	171	31	0.998306
1	127	28	0.99874
0	96	34	0.999047
1	167	11	0.998342
0	120	38	0.998807
0	172	78	0.998288
0	87	46	0.999133
0	96	68	0.999042
0	105	54	0.998951
1	156	22	0.99844
0	90	47	0.999097
0	80	60	0.999197
1	168	40	0.998312
1	157	5	0.998421
0	156	113	0.998428
0	158	148	0.998401
0	150	138	0.99848
0	144	90	0.99854
0	57	17	0.999421
0	148	56	0.998498
0	154	147	0.998437
0	73	38	0.999258
0	154	100	0.998432
0	106	61	0.99892
0	144	44	0.998533
0	129	57	0.998682
1	90	12	0.99908
0	112	74	0.998855
1	153	25	0.998435
0	92	82	0.999058
0	116	91	0.998812
0	70	24	0.999281
0	90	60	0.999075
0	116	91	0.998805
1	127	14	0.998691
0	159	135	0.998361
0	115	83	0.998805
0	93	79	0.999032
0	157	141	0.99836
0	93	61	0.999027
0	81	56	0.999152
1	76	13	0.999203
1	151	9	0.998416
1	137	4	0.998558
1	146	6	0.998461
0	126	101	0.99867
0	127	104	0.998655
1	87	11	0.999078
0	159	48	0.998313
0	144	72	0.998471
0	148	71	0.998428
0	151	89	0.998396
0	92	64	0.999022
1	147	16	0.998438
1	136	12	0.998552
0	81	59	0.999137
0	98	65	0.998955
1	97	5	0.998965
0	151	58	0.998389
0	136	91	0.998543
0	147	123	0.998425
1	94	23	0.998992
0	73	44	0.999217
0	94	56	0.998991
0	152	51	0.998361
0	147	80	0.998414
0	121	103	0.998689
0	128	89	0.998613
0	78	73	0.999154
1	128	9	0.99861
0	142	66	0.998457
0	138	85	0.9985
1	132	31	0.998565
1	97	20	0.998943
0	90	62	0.999018
0	138	58	0.998495
0	81	66	0.999114
0	104	73	0.99886
0	70	20	0.999231
0	127	126	0.998605
0	107	89	0.998823
0	103	70	0.998866
0	109	99	0.9988
0	117	104	0.998711
0	148	44	0.99837
0	116	36	0.998721
1	144	30	0.998411
0	118	59	0.998697
0	150	65	0.998342
0	107	97	0.998811
0	106	79	0.998821
0	123	46	0.998632
0	128	121	0.998574
0	135	41	0.998493
0	111	45	0.998759
0	116	76	0.998703
0	66	52	0.99926
0	51	15	0.999428
0	149	78	0.99833
1	123	16	0.998619
1	151	29	0.998305
0	152	89	0.998293
1	136	7	0.998468
0	151	145	0.998298
1	90	21	0.998984
0	100	86	0.998871
1	118	25	0.998667
0	105	74	0.998812
1	75	18	0.99915
1	97	6	0.9989
0	114	63	0.998706
0	100	55	0.998864
0	100	46	0.998864
0	57	45	0.999351
1	139	26	0.998413
0	116	107	0.998673
1	130	23	0.998512
0	84	69	0.999037
0	113	34	0.998703
0	146	75	0.998324
1	103	24	0.998814
1	117	11	0.998651
0	128	80	0.998522
1	132	8	0.998473
0	106	79	0.998771
0	111	52	0.998713
1	123	11	0.998572
0	142	46	0.998349
1	137	17	0.998406
0	138	46	0.998394
1	59	10	0.999312
0	147	119	0.998284
0	144	107	0.998317
1	67	15	0.999215
0	106	79	0.998757
1	133	11	0.99844
0	125	87	0.998533
0	110	96	0.998708
0	123	46	0.998555
0	123	73	0.998553
0	128	58	0.99849
1	91	11	0.998926
1	81	17	0.999039
1	67	8	0.999203
0	133	94	0.998411
0	134	43	0.998396
0	103	91	0.998764
1	135	8	0.998377
0	101	78	0.998785
0	134	61	0.99838
0	80	40	0.999032
0	140	124	0.998306
1	66	10	0.9992
0	100	69	0.998788
1	104	11	0.998737
0	122	49	0.998514
0	98	86	0.998804
0	115	114	0.998595
0	80	28	0.999022
0	75	28	0.99908
0	138	116	0.998308
0	137	76	0.998318
0	133	106	0.998366
1	53	5	0.999348
0	111	97	0.998634
0	72	61	0.999113
0	132	69	0.998373
0	123	81	0.998483
0	99	73	0.998776
0	80	41	0.99901
0	91	79	0.998874
0	128	60	0.998416
0	113	56	0.998596
0	105	38	0.998691
0	117	86	0.998538
0	120	118	0.998498
0	136	119	0.998298
0	117	36	0.998534
0	98	50	0.998768
0	113	32	0.998579
1	94	21	0.998814
1	85	5	0.998926
1	79	10	0.999001
0	102	29	0.998708
1	82	12	0.998958
1	65	2	0.999169
0	73	33	0.999066
0	103	82	0.99868
1	62	2	0.999205
1	74	12	0.999051
0	76	49	0.999025
0	124	50	0.998409
0	123	57	0.99842
0	67	35	0.999138
1	68	8	0.999125
0	125	41	0.99839
0	84	52	0.998917
0	68	26	0.999121
0	112	93	0.998553
0	51	37	0.999339
0	116	66	0.998497
1	93	8	0.998792
1	113	18	0.998529
0	101	31	0.998677
1	125	11	0.998356
0	88	80	0.998841
0	76	56	0.998998
0	76	30	0.998996
0	84	37	0.998888
0	104	102	0.99862
0	84	36	0.998884
0	75	43	0.999003
0	78	43	0.99896
0	58	16	0.999226
0	125	59	0.998324
0	68	19	0.999087
0	78	40	0.998951
1	82	18	0.998895
1	96	18	0.998703
1	117	11	0.998414
0	105	87	0.998574
1	50	9	0.99932
0	108	100	0.998528
1	83	19	0.998867
0	121	91	0.998349
0	108	76	0.998522
0	117	38	0.998399
0	104	57	0.998574
0	60	17	0.999174
1	96	17	0.998679
1	112	28	0.998457
1	89	5	0.998769
0	119	71	0.998348
1	106	26	0.998528
1	121	16	0.99832
0	67	49	0.999068
0	96	50	0.998665
0	106	36	0.998526
0	104	90	0.998552
1	62	7	0.999131
0	104	45	0.998543
0	105	46	0.998529
1	50	2	0.999298
0	75	40	0.998946
1	96	15	0.998651
0	95	32	0.998661
0	74	24	0.998956
0	114	58	0.998392
1	86	12	0.998785
0	116	45	0.998361
0	92	26	0.998697
0	73	72	0.998963
0	73	58	0.998963
0	118	55	0.998324
0	56	55	0.9992
0	101	63	0.998557
0	60	19	0.999142
0	62	38	0.999109
0	89	82	0.99872
0	99	45	0.998567
0	110	86	0.998408
0	77	45	0.998884
0	90	86	0.998694
0	107	77	0.998447
0	65	29	0.999054
0	66	52	0.999039
0	102	47	0.998514
1	116	20	0.99831
0	55	52	0.999197
0	91	75	0.998672
0	81	28	0.998816
0	93	71	0.998639
0	98	77	0.998564
1	51	4	0.999252
0	116	112	0.9983
0	96	42	0.998591
0	87	80	0.998721
0	67	18	0.999008
1	94	24	0.998608
0	103	83	0.998469
0	110	55	0.998365
1	106	25	0.998421
0	80	77	0.998807
0	96	79	0.998567
0	87	81	0.998696
0	112	100	0.998317
1	95	7	0.998569
1	72	10	0.998915
0	112	69	0.998313
0	75	34	0.998857
0	85	37	0.998692
1	97	3	0.998504
0	72	39	0.998886
0	101	42	0.998438
0	103	70	0.998402
1	100	14	0.998445
0	104	35	0.998377
0	105	74	0.998354
1	73	12	0.998855
1	77	11	0.998792
0	65	32	0.998977
0	94	51	0.998514
0	88	41	0.998608
0	93	61	0.998528
0	77	56	0.99878
0	55	20	0.999128
0	84	77	0.998667
1	73	18	0.998841
0	106	87	0.998315
0	55	53	0.999123
0	81	55	0.998708
0	50	42	0.999202
0	51	22	0.999183
0	85	83	0.998637
0	85	65	0.998636
1	104	26	0.998327
1	84	11	0.998641
0	68	26	0.998898
0	79	64	0.998718
0	78	39	0.998728
0	81	49	0.998677
1	62	7	0.998986
1	101	14	0.998341
0	75	49	0.998759
0	95	53	0.998421
0	60	49	0.998999
0	76	46	0.998732
0	102	43	0.998296
1	75	2	0.998745
0	91	35	0.998476
1	97	7	0.998365
0	88	62	0.99851
1	63	12	0.998932
1	70	13	0.998811
0	89	24	0.998474
0	88	44	0.998488
0	77	75	0.998649
0	97	56	0.998294
0	65	55	0.998855
1	77	19	0.998643
0	52	22	0.999083
0	70	44	0.998764
0	58	42	0.998974
1	72	6	0.998723
0	96	64	0.998294
0	51	28	0.999092
1	73	9	0.998699
0	93	70	0.998342
1	73	6	0.998696
0	79	77	0.998586
0	69	66	0.998764
0	93	37	0.998325
0	80	26	0.998557
0	76	23	0.998629
0	63	48	0.998852
1	55	3	0.998994
0	90	74	0.998353
0	77	33	0.998588
0	86	42	0.998423
0	68	52	0.998745
0	76	66	0.998574
0	83	27	0.99844
0	51	34	0.999039
0	76	31	0.998564
0	76	67	0.998552
0	84	49	0.998399
0	63	29	0.998797
0	77	35	0.998522
1	86	12	0.998339
1	82	11	0.998416
0	82	48	0.998408
0	86	75	0.998329
0	84	76	0.998353
0	62	54	0.998776
0	85	29	0.998317
0	64	61	0.99873
0	59	44	0.998826
0	79	70	0.998426
1	71	14	0.998584
0	74	21	0.998521
0	67	35	0.99866
0	68	66	0.998632
0	81	70	0.99837
0	79	39	0.998399
0	77	30	0.998438
0	77	76	0.998432
0	77	73	0.998428
1	79	17	0.998382
0	57	22	0.998829
0	81	26	0.998336
0	68	34	0.9986
1	81	3	0.998329
0	57	50	0.998823
1	54	4	0.998878
0	63	39	0.998691
0	53	43	0.998898
0	50	15	0.998956
1	76	17	0.998408
0	51	21	0.998931
0	53	42	0.998878
0	61	38	0.998708
0	67	35	0.998577
1	80	9	0.998298
1	51	7	0.998914
0	62	59	0.998679
0	68	47	0.998545
0	66	34	0.998572
0	64	63	0.998608
0	63	39	0.998612
0	72	41	0.998401
0	63	46	0.998595
0	67	52	0.998502
0	69	58	0.998456
1	54	9	0.998788
0	61	23	0.998624
0	59	34	0.998661
0	60	44	0.998637
0	68	44	0.998454
0	74	40	0.998286
0	66	54	0.998469
1	60	2	0.998603
0	69	56	0.99839
0	65	64	0.998478
0	56	33	0.998687
0	67	49	0.998426
0	58	19	0.998625
0	56	30	0.99867
0	53	35	0.998735
1	59	12	0.998589
0	70	65	0.998293
1	51	9	0.998754
0	63	32	0.99845
0	62	33	0.998468
0	64	37	0.998414
0	60	42	0.99848
0	63	43	0.998404
0	58	15	0.998529
0	64	35	0.998366
1	53	4	0.998644
0	62	37	0.998404
0	66	21	0.9983
1	63	2	0.998372
1	62	9	0.998397
0	61	50	0.998406
0	57	35	0.99851
0	58	49	0.998468
0	56	37	0.998517
1	54	2	0.99856
0	60	59	0.998382
0	56	37	0.998488
0	61	22	0.998349
1	51	3	0.998615
0	51	14	0.99861
0	53	24	0.998528
0	58	52	0.998384
0	56	51	0.998421
0	56	33	0.998416
0	60	41	0.998303
0	58	33	0.998351
1	57	11	0.998375
0	50	36	0.998574
0	53	25	0.998483
0	51	49	0.998514
1	52	10	0.998481
0	54	41	0.998416
0	56	50	0.998337
0	54	47	0.998358
0	53	28	0.99837
0	50	49	0.998404
0	50	46	0.998289
