705.668
0.000902527
110
1	104	27	0.989695
1	104	22	0.98463
1	104	67	0.981113
1	104	63	0.957002
1	104	1	0.954976
1	104	14	0.951671
0	104	71	0.951145
1	104	20	0.950842
0	104	89	0.940024
1	104	9	0.929117
1	104	23	0.901943
0	104	86	0.888739
0	104	87	0.886429
1	104	17	0.880805
0	104	43	0.851493
0	104	50	0.847821
0	104	81	0.844573
0	104	39	0.840089
0	104	61	0.829654
1	104	20	0.829166
0	104	47	0.815494
0	104	38	0.786696
0	104	71	0.780796
1	104	7	0.777735
0	104	38	0.768464
0	104	71	0.762494
0	104	29	0.761523
0	104	37	0.759901
0	104	75	0.752229
0	104	57	0.749685
0	104	73	0.747923
1	104	10	0.744542
0	104	66	0.738492
0	104	26	0.724587
0	104	52	0.696925
0	104	33	0.69226
0	104	32	0.682452
1	104	9	0.679487
0	104	38	0.658456
0	104	27	0.646728
0	104	42	0.642868
0	104	58	0.642609
0	104	59	0.629159
0	104	61	0.628566
0	104	60	0.62515
0	104	55	0.6248
0	104	46	0.617464
0	104	35	0.599621
0	104	57	0.589882
0	104	56	0.584881
0	104	8	0.561611
0	104	22	0.553857
0	104	10	0.54897
0	104	22	0.548577
0	104	14	0.541158
0	104	18	0.539179
0	104	6	0.533888
1	104	3	0.526959
0	104	11	0.52462
0	104	49	0.519166
0	104	6	0.511258
0	104	36	0.508675
0	104	40	0.496363
0	104	3	0.489006
0	104	47	0.470846
0	104	4	0.454341
1	104	1	0.454166
0	104	23	0.452508
0	104	5	0.443469
0	104	2	0.437352
0	104	29	0.435366
0	104	41	0.427384
0	104	17	0.411779
0	104	42	0.411737
0	104	30	0.411224
0	104	9	0.40789
0	104	26	0.398579
0	104	19	0.394898
0	104	25	0.39442
0	104	11	0.389575
0	104	24	0.369438
1	104	1	0.344346
0	104	20	0.318036
0	104	11	0.302227
0	104	23	0.294753
0	104	16	0.293939
0	104	24	0.27737
0	104	20	0.271855
0	104	26	0.26536
0	104	22	0.250848
0	104	19	0.241883
0	104	7	0.24068
0	104	3	0.220877
0	104	11	0.214504
0	104	16	0.212475
0	104	16	0.19148
0	104	13	0.189756
0	104	3	0.182983
0	104	9	0.182019
0	104	13	0.171251
0	104	15	0.162566
0	104	9	0.144018
0	104	8	0.109358
0	104	1	0.0602512
0	104	2	0.0516391
0	104	3	0.0416655
0	104	1	0.0253102
0	104	1	0.0232309
0	104	1	0.0186045
0	104	1	0.0170524
