1858.71
0.000808885
120
1	467	128	0.988556
1	467	286	0.973866
1	467	304	0.948155
0	467	374	0.923025
1	467	59	0.911955
0	467	359	0.91087
0	467	297	0.901063
0	467	322	0.90088
0	467	413	0.893493
1	467	135	0.887267
1	467	86	0.885661
1	467	135	0.883044
0	467	341	0.87188
0	467	348	0.865426
0	467	231	0.862749
0	467	284	0.861615
0	467	268	0.84372
0	467	386	0.829019
0	467	186	0.820614
0	467	251	0.789302
1	467	85	0.787624
0	467	260	0.775778
0	467	114	0.773714
0	467	274	0.768624
0	467	234	0.766617
0	467	267	0.762704
0	467	336	0.742538
0	467	250	0.739116
0	467	307	0.73598
0	467	90	0.729992
0	467	175	0.716685
0	467	118	0.694924
1	467	45	0.694897
0	467	251	0.690517
0	467	62	0.688289
0	467	260	0.678047
0	467	57	0.677841
0	467	280	0.675616
0	467	181	0.670994
0	467	85	0.666069
0	467	308	0.663836
0	467	265	0.658567
0	467	79	0.637412
0	467	109	0.627112
0	467	109	0.626595
0	467	106	0.625947
1	467	23	0.623119
0	467	60	0.601258
0	467	267	0.591764
0	467	190	0.582962
0	467	215	0.540089
0	467	198	0.534386
0	467	197	0.524745
0	467	206	0.522917
0	467	239	0.518319
0	467	207	0.516457
0	467	169	0.514367
0	467	188	0.503559
0	467	140	0.50254
0	467	194	0.498319
0	467	28	0.496391
0	467	165	0.491852
1	467	19	0.489243
0	467	99	0.44644
0	467	205	0.445177
0	467	167	0.44456
0	467	153	0.435642
1	467	1	0.433654
0	467	181	0.427126
0	467	153	0.421984
0	467	21	0.418581
0	467	64	0.411662
0	467	75	0.400115
0	467	81	0.399058
0	467	92	0.394072
0	467	37	0.393088
0	467	169	0.386255
0	467	135	0.366224
0	467	56	0.353375
0	467	84	0.347395
0	467	112	0.33363
0	467	86	0.329803
0	467	88	0.328925
0	467	110	0.328004
0	467	101	0.313859
0	467	11	0.31091
0	467	43	0.30291
0	467	123	0.290935
0	467	98	0.286955
0	467	12	0.286535
0	467	65	0.286151
0	467	122	0.284075
0	467	68	0.272663
0	467	97	0.26159
0	467	112	0.254909
0	467	33	0.243011
0	467	27	0.237609
1	467	3	0.236987
0	467	52	0.233721
0	467	17	0.218016
0	467	5	0.217541
0	467	81	0.189566
0	467	38	0.175885
0	467	60	0.173024
0	467	60	0.167877
0	467	32	0.152294
0	467	7	0.14558
0	467	34	0.142416
0	467	35	0.128631
0	467	46	0.122094
0	467	36	0.111331
0	467	36	0.100044
0	467	29	0.0993989
0	467	16	0.0978728
0	467	33	0.0737262
0	467	23	0.0679781
0	467	17	0.0631756
0	467	10	0.0242397
0	467	6	0.0206122
0	467	5	0.0172341
