920.864
0.000588321
135
0	204	163	0.970263
1	204	147	0.966668
0	204	159	0.959085
1	204	16	0.946023
1	204	99	0.945913
0	204	170	0.945444
0	204	167	0.945117
1	204	100	0.939954
1	204	27	0.937174
0	204	100	0.920777
0	204	106	0.919639
0	204	131	0.918138
1	204	85	0.90969
1	204	67	0.908175
1	204	2	0.896537
0	204	116	0.888731
0	204	170	0.853232
0	204	168	0.837217
0	204	87	0.835
0	204	164	0.832597
0	204	115	0.831706
0	204	99	0.824058
0	204	114	0.806693
0	204	43	0.80324
1	204	24	0.792903
0	204	64	0.792033
1	204	29	0.780588
0	204	92	0.762205
0	204	46	0.759603
0	204	80	0.752192
0	204	149	0.737466
0	204	113	0.734435
0	204	68	0.733725
0	204	48	0.733211
1	204	16	0.726994
0	204	61	0.711948
0	204	38	0.711598
0	204	71	0.710648
0	204	123	0.699159
0	204	51	0.697948
0	204	38	0.693843
1	204	12	0.681984
0	204	98	0.670315
0	204	124	0.666424
0	204	128	0.665433
1	204	5	0.660415
0	204	111	0.658569
0	204	36	0.655809
0	204	72	0.651049
0	204	14	0.650482
0	204	68	0.650379
0	204	66	0.649268
0	204	107	0.640434
0	204	87	0.627805
1	204	9	0.618809
0	204	24	0.618018
0	204	47	0.611788
0	204	29	0.60959
0	204	92	0.607258
0	204	75	0.601403
0	204	94	0.600268
0	204	99	0.599642
0	204	11	0.576665
0	204	74	0.564298
0	204	87	0.553809
0	204	85	0.546709
0	204	26	0.534617
0	204	45	0.534222
0	204	91	0.534197
0	204	28	0.523933
0	204	24	0.50434
0	204	102	0.500127
0	204	24	0.499355
0	204	25	0.484308
0	204	54	0.478232
1	204	2	0.476703
0	204	56	0.475912
0	204	50	0.459496
0	204	86	0.456273
0	204	64	0.454046
0	204	70	0.446877
0	204	83	0.441521
0	204	4	0.4226
0	204	27	0.417445
0	204	69	0.415775
0	204	50	0.414781
0	204	47	0.382616
0	204	53	0.364676
0	204	64	0.357901
0	204	17	0.352794
0	204	19	0.338564
0	204	25	0.337066
0	204	60	0.324057
0	204	24	0.323848
0	204	29	0.323316
0	204	61	0.312987
0	204	1	0.311391
0	204	17	0.302649
0	204	56	0.279963
0	204	23	0.27007
0	204	12	0.266679
0	204	32	0.264398
0	204	10	0.24866
0	204	27	0.245746
0	204	24	0.244377
0	204	3	0.240627
0	204	8	0.239899
0	204	13	0.212043
0	204	36	0.206742
0	204	4	0.19036
0	204	7	0.189958
0	204	19	0.187408
0	204	7	0.185039
0	204	6	0.184204
0	204	16	0.172559
0	204	6	0.17182
0	204	15	0.157694
0	204	18	0.150693
0	204	29	0.147101
0	204	14	0.128554
0	204	1	0.113373
0	204	16	0.113297
0	204	7	0.10045
0	204	9	0.0962587
0	204	3	0.0938658
0	204	8	0.0935167
0	204	12	0.0810919
0	204	1	0.0720392
0	204	9	0.0591755
0	204	5	0.0537114
0	204	4	0.0477792
0	204	8	0.0419363
0	204	2	0.0139645
0	204	2	0.0130513
0	204	1	0.0126764
