1200.11
0.000858484
140
1	229	149	0.989489
0	229	220	0.984636
1	229	115	0.972865
1	229	173	0.970351
1	229	87	0.947489
1	229	7	0.940003
1	229	11	0.915868
0	229	112	0.915332
0	229	143	0.903955
1	229	14	0.885646
0	229	89	0.873752
0	229	89	0.870368
0	229	158	0.859464
0	229	173	0.859247
0	229	166	0.858674
1	229	22	0.852372
0	229	81	0.852291
1	229	45	0.843551
0	229	58	0.843098
0	229	99	0.839376
1	229	9	0.821734
0	229	99	0.812523
0	229	115	0.810711
0	229	173	0.792896
0	229	113	0.786866
1	229	31	0.763873
0	229	70	0.762951
0	229	76	0.745428
0	229	60	0.740103
0	229	48	0.738798
0	229	41	0.729757
1	229	6	0.723058
0	229	58	0.719536
0	229	54	0.711919
0	229	65	0.697613
0	229	73	0.686111
0	229	114	0.676669
0	229	131	0.668355
0	229	151	0.664452
0	229	127	0.662999
0	229	19	0.656179
0	229	34	0.650475
0	229	144	0.648634
0	229	34	0.646224
0	229	115	0.634696
0	229	49	0.628978
0	229	137	0.625395
0	229	125	0.612916
0	229	24	0.606069
0	229	108	0.601289
0	229	17	0.584292
0	229	108	0.579719
0	229	117	0.573454
0	229	91	0.569493
1	229	9	0.567284
1	229	7	0.563714
0	229	24	0.56027
0	229	120	0.557197
0	229	90	0.548044
0	229	97	0.542553
0	229	34	0.531105
0	229	96	0.526666
0	229	66	0.520285
0	229	62	0.510087
0	229	57	0.508865
0	229	44	0.504786
0	229	16	0.496805
0	229	99	0.493131
0	229	43	0.479715
0	229	50	0.477991
0	229	17	0.475304
0	229	29	0.4733
1	229	5	0.460424
0	229	59	0.459068
0	229	87	0.45819
0	229	24	0.454676
0	229	52	0.453175
0	229	30	0.445853
0	229	46	0.437262
0	229	89	0.436181
0	229	65	0.425337
0	229	23	0.425047
0	229	55	0.424347
0	229	87	0.390249
0	229	76	0.369459
0	229	18	0.352517
0	229	77	0.348157
0	229	8	0.338561
0	229	10	0.317197
0	229	56	0.311397
0	229	23	0.310945
0	229	36	0.300314
0	229	51	0.298134
0	229	55	0.293362
0	229	23	0.286438
0	229	16	0.283831
0	229	44	0.271563
0	229	5	0.269625
0	229	25	0.259201
0	229	31	0.256692
0	229	47	0.25206
0	229	35	0.246932
0	229	25	0.239711
0	229	17	0.239363
0	229	26	0.227495
0	229	17	0.209569
0	229	32	0.208536
0	229	27	0.206401
0	229	37	0.201273
1	229	1	0.199367
0	229	40	0.195964
0	229	1	0.169472
0	229	16	0.169366
0	229	5	0.156831
0	229	7	0.149652
0	229	20	0.146064
0	229	8	0.142932
0	229	29	0.13868
0	229	11	0.128646
0	229	15	0.128568
0	229	21	0.123731
0	229	18	0.121618
0	229	5	0.107489
0	229	7	0.107225
0	229	17	0.102114
0	229	11	0.0949852
0	229	18	0.0913597
0	229	14	0.0902171
0	229	8	0.0754263
0	229	6	0.0734306
0	229	12	0.0714429
0	229	7	0.0574289
0	229	2	0.0555875
0	229	10	0.0554161
0	229	1	0.051858
0	229	10	0.051817
0	229	5	0.0258133
0	229	2	0.0222944
0	229	1	0.0184342
0	229	3	0.0138744
