3466.75
0.0474701
1500
0	182	161	0.989177
0	182	140	0.989021
1	182	68	0.988493
1	182	48	0.987389
1	182	82	0.987125
1	182	114	0.987119
1	182	105	0.986752
0	182	125	0.98608
1	182	47	0.985928
1	182	31	0.985675
0	182	114	0.985003
0	182	138	0.984222
0	182	134	0.98367
1	182	65	0.983354
0	182	163	0.983065
1	182	12	0.982897
0	182	161	0.982776
1	182	84	0.98218
1	182	50	0.982082
1	182	69	0.981736
1	182	5	0.981287
1	182	52	0.980168
1	182	89	0.97918
0	182	101	0.978409
1	182	59	0.974371
0	182	141	0.974288
0	182	103	0.973555
0	182	103	0.97309
0	182	127	0.973052
1	182	15	0.972238
0	182	120	0.971473
0	182	111	0.971175
1	182	26	0.970958
1	182	64	0.970735
0	182	157	0.970457
0	182	174	0.970213
0	182	83	0.970166
1	182	53	0.968996
0	182	165	0.967719
0	182	87	0.967646
1	182	46	0.966365
1	182	14	0.966005
0	182	57	0.965773
1	182	27	0.964921
0	182	93	0.963627
1	182	23	0.963345
0	182	141	0.963256
0	182	73	0.963242
0	182	75	0.962837
0	182	105	0.962752
0	182	61	0.962639
0	182	128	0.962305
1	182	18	0.962093
0	182	101	0.961135
0	182	94	0.960555
0	182	139	0.960011
0	182	59	0.959971
0	182	87	0.957705
0	182	48	0.957686
0	182	68	0.957353
1	182	23	0.956295
1	182	24	0.954698
0	182	157	0.95407
0	182	63	0.95387
1	182	5	0.953441
0	182	79	0.951511
0	182	133	0.950928
0	182	148	0.949967
0	182	96	0.949532
0	182	151	0.949448
0	182	163	0.948964
1	182	7	0.948391
0	182	129	0.948251
1	182	14	0.947561
0	182	132	0.947238
1	182	14	0.946975
0	182	147	0.946182
0	182	106	0.945868
1	182	14	0.945862
0	182	97	0.945573
0	182	46	0.944702
0	182	168	0.944038
0	182	54	0.944022
0	182	170	0.943978
1	182	6	0.942696
0	182	147	0.942542
1	182	24	0.94222
1	182	13	0.94221
0	182	156	0.938822
0	182	154	0.938231
0	182	57	0.936411
0	182	111	0.935394
0	182	101	0.935266
0	182	75	0.934718
1	182	11	0.934604
0	182	69	0.934501
0	182	121	0.933228
0	182	105	0.932813
0	182	35	0.932803
0	182	81	0.931999
0	182	61	0.931702
0	182	66	0.931151
1	182	4	0.930967
0	182	167	0.9295
0	182	87	0.928582
1	182	1	0.928387
0	182	125	0.92832
1	182	5	0.927471
0	182	153	0.927037
0	182	42	0.926501
0	182	113	0.92541
0	182	67	0.92516
0	182	131	0.924924
0	182	68	0.923887
0	182	73	0.92365
0	182	20	0.923272
0	182	30	0.923215
0	182	112	0.923019
0	182	102	0.922871
0	182	156	0.922023
0	182	152	0.921774
0	182	53	0.92081
0	182	143	0.920416
0	182	131	0.920405
0	182	81	0.920334
0	182	62	0.920019
1	182	3	0.918831
0	182	44	0.917378
0	182	15	0.913676
0	182	60	0.913138
0	182	56	0.913123
0	182	26	0.91115
0	182	113	0.911051
0	182	139	0.910445
1	182	13	0.909186
0	182	78	0.909043
1	182	10	0.907307
0	182	106	0.90576
0	182	148	0.905677
0	182	75	0.90512
0	182	15	0.904672
1	182	0	0.904095
0	182	129	0.903882
0	182	113	0.902862
0	182	77	0.901754
0	182	158	0.900658
0	182	133	0.899943
0	182	62	0.899875
0	182	56	0.899566
0	182	44	0.898703
0	182	123	0.897817
0	182	16	0.896498
0	182	58	0.896401
0	182	57	0.896369
0	182	67	0.895895
0	182	64	0.89532
0	182	150	0.895136
0	182	160	0.894868
0	182	14	0.894688
0	182	31	0.894319
0	182	126	0.894103
0	182	116	0.892896
1	182	8	0.892323
0	182	45	0.892031
0	182	61	0.891743
0	182	153	0.891402
0	182	100	0.890982
0	182	158	0.89004
0	182	42	0.889744
0	182	69	0.888906
1	182	4	0.888612
0	182	97	0.888049
0	182	96	0.887994
0	182	108	0.887991
0	182	10	0.887357
0	182	152	0.886958
0	182	98	0.886795
0	182	53	0.885405
0	182	66	0.885253
0	182	101	0.8847
0	182	52	0.882999
0	182	141	0.882579
0	182	128	0.88062
0	182	137	0.880387
0	182	95	0.878285
0	182	13	0.877689
0	182	88	0.877393
0	182	108	0.876013
0	182	59	0.874976
0	182	144	0.873336
0	182	137	0.872235
0	182	132	0.871385
1	182	5	0.870468
0	182	34	0.870048
0	182	89	0.869532
0	182	45	0.868639
0	182	143	0.868534
0	182	143	0.868362
0	182	23	0.868286
1	182	5	0.867792
0	182	52	0.864744
0	182	77	0.864168
0	182	23	0.863909
0	182	60	0.863661
0	182	147	0.863635
0	182	102	0.863489
0	182	113	0.862971
0	182	90	0.86271
0	182	10	0.86266
0	182	10	0.861573
0	182	71	0.861545
1	182	2	0.86152
0	182	34	0.860882
0	182	24	0.85999
0	182	102	0.859938
1	182	3	0.859494
0	182	70	0.858603
0	182	147	0.85603
0	182	36	0.854372
0	182	113	0.853681
0	182	26	0.852655
0	182	142	0.851909
0	182	99	0.851801
0	182	75	0.8498
0	182	12	0.848643
0	182	66	0.848404
0	182	10	0.847846
0	182	140	0.846403
0	182	90	0.846387
0	182	110	0.846191
0	182	15	0.846068
0	182	124	0.844171
0	182	103	0.842865
0	182	69	0.841978
1	182	4	0.841786
0	182	11	0.841288
0	182	77	0.839707
1	182	2	0.838865
0	182	62	0.837667
0	182	73	0.837122
0	182	8	0.83535
0	182	81	0.834821
0	182	134	0.834414
0	182	59	0.83428
0	182	53	0.834239
0	182	125	0.83367
0	182	135	0.833484
0	182	44	0.831435
0	182	26	0.83134
0	182	67	0.828966
0	182	116	0.828773
0	182	55	0.827514
0	182	84	0.826841
0	182	11	0.826134
0	182	72	0.8255
0	182	138	0.825448
0	182	78	0.825437
0	182	143	0.825054
0	182	71	0.824645
0	182	107	0.823017
0	182	39	0.822447
0	182	40	0.822194
0	182	76	0.821005
0	182	37	0.820844
0	182	99	0.820468
0	182	59	0.819484
0	182	117	0.81935
0	182	28	0.818752
0	182	120	0.818303
0	182	89	0.818133
0	182	52	0.818049
0	182	63	0.817968
0	182	98	0.817402
0	182	105	0.815821
0	182	106	0.815288
0	182	6	0.814724
0	182	57	0.814284
0	182	111	0.813911
0	182	144	0.81323
0	182	37	0.812239
0	182	60	0.812049
0	182	116	0.811937
0	182	66	0.810921
0	182	93	0.81027
0	182	90	0.809239
0	182	62	0.80826
0	182	8	0.807944
0	182	75	0.807336
0	182	82	0.807335
0	182	52	0.807323
0	182	80	0.806627
0	182	117	0.806531
0	182	80	0.804253
0	182	72	0.803615
0	182	99	0.80189
0	182	102	0.801049
0	182	80	0.80024
0	182	67	0.79964
0	182	64	0.799127
0	182	69	0.797409
0	182	111	0.797204
0	182	67	0.795543
0	182	65	0.795327
0	182	39	0.795071
0	182	130	0.794908
0	182	70	0.792314
0	182	113	0.7923
0	182	110	0.791977
0	182	35	0.791745
0	182	85	0.791193
0	182	97	0.791034
0	182	7	0.789309
0	182	57	0.788378
0	182	141	0.788335
0	182	70	0.787832
0	182	131	0.787585
0	182	7	0.787331
0	182	111	0.787157
0	182	108	0.786928
0	182	125	0.786569
0	182	56	0.785748
0	182	72	0.785522
0	182	127	0.78475
0	182	141	0.784616
0	182	118	0.783682
0	182	114	0.783292
0	182	65	0.782702
1	182	1	0.78266
0	182	20	0.781819
0	182	99	0.781276
0	182	116	0.781097
0	182	27	0.781001
0	182	37	0.780752
0	182	12	0.779691
0	182	127	0.779567
0	182	99	0.778015
0	182	76	0.777535
0	182	112	0.777362
0	182	102	0.776832
0	182	132	0.776671
0	182	100	0.776541
0	182	3	0.776224
0	182	134	0.775484
0	182	31	0.773933
0	182	91	0.773411
0	182	88	0.772319
0	182	75	0.772281
0	182	139	0.77192
0	182	28	0.77096
0	182	93	0.770729
0	182	78	0.770591
0	182	34	0.770172
0	182	4	0.769486
1	182	2	0.768878
0	182	24	0.768116
0	182	84	0.767897
0	182	66	0.767752
0	182	8	0.767534
0	182	87	0.767206
0	182	82	0.766307
0	182	33	0.766122
0	182	77	0.764637
0	182	135	0.764495
0	182	122	0.764422
0	182	44	0.763707
0	182	43	0.762967
0	182	82	0.762893
0	182	75	0.761476
0	182	13	0.761332
0	182	49	0.761265
0	182	52	0.761162
0	182	88	0.75983
0	182	47	0.759642
0	182	94	0.759002
0	182	93	0.75787
0	182	16	0.756083
0	182	52	0.75569
0	182	86	0.755653
0	182	60	0.755397
0	182	88	0.755089
0	182	134	0.753853
0	182	13	0.753554
0	182	67	0.753416
0	182	119	0.75338
0	182	107	0.751757
0	182	43	0.751282
0	182	70	0.751205
0	182	49	0.750692
0	182	2	0.750433
0	182	34	0.749988
0	182	127	0.749521
0	182	76	0.749284
0	182	2	0.747572
0	182	135	0.74714
0	182	91	0.747138
0	182	112	0.746756
0	182	41	0.745932
0	182	17	0.74466
0	182	15	0.743962
0	182	101	0.742698
0	182	13	0.742456
0	182	73	0.742405
0	182	46	0.742307
0	182	104	0.742088
0	182	55	0.742085
0	182	6	0.741901
0	182	131	0.741041
0	182	28	0.740568
1	182	1	0.7403
0	182	9	0.739567
0	182	43	0.738284
0	182	50	0.73796
0	182	75	0.737655
0	182	31	0.736229
0	182	114	0.733233
0	182	131	0.73315
0	182	4	0.732674
0	182	59	0.732416
0	182	86	0.73197
0	182	17	0.73193
0	182	36	0.731853
0	182	130	0.731147
0	182	89	0.730445
0	182	114	0.730076
0	182	115	0.729105
0	182	6	0.728792
0	182	44	0.727288
0	182	96	0.725595
0	182	56	0.72549
0	182	65	0.725109
0	182	120	0.723358
0	182	17	0.723195
0	182	95	0.722301
0	182	111	0.720622
0	182	31	0.718661
0	182	116	0.717939
0	182	19	0.717444
0	182	112	0.717253
0	182	23	0.716989
0	182	91	0.715244
0	182	104	0.714223
0	182	34	0.713765
0	182	49	0.711509
0	182	39	0.711448
0	182	8	0.711237
0	182	80	0.711062
0	182	94	0.709512
0	182	27	0.709487
0	182	6	0.709349
0	182	16	0.708689
0	182	70	0.707034
0	182	128	0.70668
0	182	43	0.706524
0	182	66	0.7059
0	182	4	0.705869
0	182	77	0.705423
0	182	22	0.705356
0	182	126	0.703926
0	182	4	0.703819
1	182	1	0.703621
0	182	46	0.703354
0	182	121	0.703025
0	182	33	0.702224
0	182	80	0.702031
0	182	51	0.701586
0	182	98	0.700947
0	182	120	0.700927
0	182	120	0.700317
0	182	34	0.69971
0	182	126	0.699659
0	182	14	0.699037
0	182	28	0.698262
0	182	7	0.698182
0	182	32	0.697705
0	182	9	0.697512
0	182	68	0.696818
0	182	111	0.696734
0	182	99	0.695296
0	182	117	0.694065
0	182	8	0.693753
0	182	102	0.69324
0	182	101	0.692567
0	182	87	0.692503
0	182	21	0.691862
0	182	90	0.690592
0	182	48	0.689098
0	182	60	0.688342
0	182	120	0.687987
0	182	52	0.687742
0	182	97	0.684875
0	182	45	0.683596
0	182	2	0.683524
0	182	77	0.68319
0	182	95	0.682814
0	182	2	0.681374
0	182	51	0.68087
0	182	22	0.680276
0	182	102	0.679531
0	182	93	0.678439
0	182	28	0.677902
0	182	42	0.676406
0	182	95	0.674494
0	182	76	0.674245
0	182	94	0.673312
0	182	68	0.67328
0	182	46	0.672381
0	182	97	0.671564
0	182	17	0.669054
0	182	72	0.668619
0	182	70	0.66811
0	182	5	0.667903
0	182	78	0.667901
0	182	60	0.667855
0	182	54	0.667622
0	182	100	0.667564
0	182	77	0.666618
0	182	67	0.665888
0	182	48	0.665208
0	182	35	0.66455
0	182	90	0.663664
0	182	98	0.662816
0	182	119	0.662386
0	182	82	0.662297
0	182	112	0.662015
0	182	45	0.660757
0	182	120	0.660671
0	182	116	0.660338
0	182	88	0.659496
0	182	106	0.658342
0	182	99	0.658284
0	182	74	0.657814
0	182	85	0.65681
0	182	13	0.656166
0	182	52	0.655665
0	182	106	0.653512
0	182	89	0.653471
0	182	61	0.653185
0	182	16	0.652857
0	182	70	0.652362
0	182	110	0.650833
0	182	6	0.650624
0	182	87	0.649915
0	182	57	0.649887
0	182	118	0.64949
0	182	32	0.649358
0	182	33	0.648063
0	182	112	0.647596
0	182	6	0.647006
0	182	27	0.64588
0	182	97	0.645817
0	182	39	0.645791
0	182	59	0.645547
0	182	116	0.643554
0	182	69	0.64321
0	182	59	0.640419
0	182	52	0.638901
0	182	2	0.638356
0	182	1	0.638269
0	182	48	0.637983
0	182	40	0.637404
0	182	104	0.63637
0	182	104	0.636223
0	182	62	0.636092
0	182	68	0.635094
0	182	102	0.634755
0	182	20	0.633397
0	182	41	0.633384
0	182	43	0.632994
0	182	35	0.632863
0	182	4	0.632424
0	182	84	0.632358
0	182	23	0.631919
0	182	55	0.631081
0	182	105	0.630046
0	182	67	0.629957
0	182	111	0.628411
0	182	40	0.627373
0	182	22	0.627188
0	182	60	0.627058
0	182	55	0.627022
0	182	101	0.625736
0	182	43	0.623539
0	182	40	0.623235
0	182	30	0.622631
0	182	76	0.622524
0	182	49	0.622086
1	182	0	0.620869
0	182	49	0.62058
0	182	111	0.620262
0	182	104	0.61958
0	182	43	0.619238
0	182	6	0.619064
0	182	76	0.618657
0	182	109	0.618176
0	182	104	0.618116
0	182	57	0.616996
0	182	25	0.616122
0	182	91	0.616055
0	182	17	0.615883
0	182	74	0.615678
0	182	38	0.615232
0	182	61	0.61523
0	182	80	0.614582
0	182	46	0.612404
0	182	75	0.61226
0	182	46	0.611901
0	182	94	0.611185
0	182	81	0.610844
0	182	14	0.610218
0	182	52	0.609188
0	182	85	0.608354
0	182	33	0.608001
0	182	23	0.607887
0	182	76	0.607795
0	182	13	0.606894
0	182	37	0.60636
0	182	57	0.604811
0	182	97	0.603152
0	182	109	0.602607
0	182	31	0.60216
0	182	59	0.601732
0	182	28	0.601065
0	182	19	0.600903
0	182	42	0.600878
0	182	91	0.600584
0	182	86	0.600155
0	182	62	0.598926
0	182	108	0.598388
0	182	42	0.597902
0	182	100	0.596782
0	182	89	0.596334
0	182	6	0.594567
0	182	11	0.594498
0	182	102	0.594231
0	182	104	0.594153
0	182	64	0.593494
0	182	1	0.592628
0	182	34	0.592516
0	182	48	0.591073
0	182	65	0.588425
0	182	74	0.586955
0	182	96	0.58612
0	182	75	0.584126
0	182	15	0.58377
0	182	93	0.58372
0	182	64	0.582475
0	182	20	0.581997
0	182	105	0.581849
0	182	80	0.580942
0	182	49	0.580892
0	182	7	0.580854
0	182	70	0.580721
0	182	13	0.579688
0	182	6	0.57936
0	182	9	0.578735
0	182	8	0.578258
0	182	14	0.577631
0	182	91	0.576488
0	182	55	0.575478
0	182	39	0.574276
0	182	75	0.573567
0	182	6	0.572612
0	182	40	0.572445
0	182	71	0.572406
0	182	39	0.572133
1	182	0	0.570283
0	182	15	0.568876
0	182	73	0.568742
0	182	8	0.565992
0	182	65	0.56504
0	182	14	0.564271
0	182	51	0.563726
0	182	102	0.562196
0	182	55	0.561808
0	182	55	0.560838
0	182	54	0.560001
0	182	101	0.559298
0	182	48	0.557865
0	182	76	0.557756
0	182	46	0.557247
0	182	35	0.557242
0	182	34	0.557164
0	182	97	0.556558
0	182	13	0.555397
0	182	51	0.555268
0	182	89	0.555032
0	182	47	0.554341
0	182	95	0.55342
0	182	80	0.552969
0	182	82	0.552663
0	182	87	0.551614
0	182	18	0.550821
0	182	74	0.547784
0	182	54	0.546758
0	182	47	0.546384
0	182	98	0.545175
0	182	71	0.544563
0	182	92	0.543125
0	182	74	0.542613
0	182	8	0.542511
0	182	59	0.540927
0	182	3	0.539765
0	182	45	0.537973
0	182	93	0.537948
0	182	41	0.536602
0	182	31	0.535788
0	182	41	0.535524
0	182	96	0.535511
0	182	62	0.535313
0	182	95	0.53437
0	182	10	0.533925
0	182	51	0.533796
0	182	63	0.533789
0	182	83	0.532982
0	182	71	0.531472
0	182	83	0.531346
0	182	35	0.531329
0	182	94	0.531109
0	182	49	0.531016
0	182	83	0.529841
0	182	39	0.529815
0	182	80	0.529242
0	182	56	0.528435
0	182	6	0.52712
0	182	1	0.525522
0	182	87	0.523504
0	182	37	0.523111
0	182	42	0.52281
0	182	49	0.522602
0	182	15	0.522095
0	182	55	0.521934
0	182	43	0.521348
0	182	31	0.519929
0	182	53	0.519179
0	182	17	0.518559
0	182	61	0.518426
0	182	76	0.517858
0	182	37	0.517425
0	182	60	0.517396
0	182	70	0.517285
0	182	33	0.516609
0	182	54	0.515742
0	182	74	0.513685
0	182	2	0.513139
0	182	74	0.513072
0	182	7	0.513023
0	182	43	0.512778
0	182	26	0.512447
0	182	58	0.511996
0	182	74	0.511073
0	182	75	0.510867
0	182	17	0.510604
0	182	8	0.510335
0	182	44	0.50997
0	182	79	0.509397
0	182	25	0.509352
0	182	69	0.509266
0	182	81	0.508846
0	182	5	0.508735
0	182	44	0.508578
0	182	58	0.508012
0	182	77	0.50797
0	182	42	0.507933
0	182	30	0.507841
0	182	15	0.507545
0	182	73	0.507445
0	182	13	0.506367
0	182	92	0.505915
0	182	12	0.505354
0	182	66	0.503609
0	182	74	0.502879
0	182	89	0.502152
0	182	11	0.501043
0	182	50	0.499321
0	182	22	0.496291
0	182	83	0.49618
0	182	4	0.495378
0	182	9	0.494295
0	182	21	0.493146
0	182	76	0.491701
0	182	47	0.491537
0	182	38	0.491484
0	182	29	0.490058
0	182	22	0.489705
0	182	70	0.489585
0	182	58	0.489233
0	182	77	0.489211
0	182	86	0.488167
0	182	63	0.488106
0	182	41	0.487011
0	182	42	0.485855
0	182	32	0.485718
0	182	53	0.484862
0	182	67	0.482153
0	182	62	0.482047
0	182	70	0.481815
0	182	5	0.480909
0	182	42	0.480057
0	182	5	0.478593
0	182	17	0.478322
0	182	68	0.478167
0	182	59	0.477575
0	182	2	0.475026
0	182	58	0.47371
0	182	11	0.472834
0	182	62	0.472784
0	182	69	0.471485
0	182	47	0.471465
0	182	11	0.471421
0	182	22	0.47112
0	182	73	0.470796
0	182	36	0.470333
1	182	0	0.468554
0	182	7	0.468228
0	182	17	0.466994
0	182	8	0.466699
0	182	47	0.46619
0	182	56	0.46591
0	182	32	0.465401
0	182	23	0.465221
0	182	26	0.46446
0	182	66	0.461485
0	182	36	0.460811
0	182	76	0.46016
0	182	11	0.459679
0	182	8	0.459528
0	182	34	0.456891
0	182	41	0.456347
0	182	44	0.455138
0	182	5	0.454692
0	182	4	0.453494
0	182	21	0.453437
0	182	34	0.453348
0	182	69	0.452563
0	182	22	0.452284
0	182	26	0.452242
0	182	7	0.452156
0	182	75	0.452126
0	182	58	0.451522
0	182	40	0.450916
0	182	74	0.450739
0	182	21	0.449294
1	182	0	0.448754
0	182	24	0.448174
0	182	60	0.447755
0	182	64	0.447584
0	182	25	0.447498
0	182	36	0.446975
0	182	45	0.446791
0	182	32	0.446573
0	182	67	0.446214
0	182	42	0.44621
0	182	81	0.445843
0	182	63	0.44511
0	182	1	0.445036
0	182	47	0.444769
0	182	75	0.443321
0	182	3	0.44153
0	182	47	0.44152
0	182	53	0.441084
0	182	76	0.440958
0	182	56	0.440306
0	182	63	0.440092
0	182	33	0.440063
0	182	74	0.440061
0	182	57	0.44004
0	182	74	0.439964
0	182	74	0.439897
0	182	79	0.439258
0	182	78	0.438975
0	182	68	0.438762
0	182	72	0.437804
0	182	5	0.437626
0	182	42	0.437524
0	182	15	0.437166
0	182	25	0.436673
0	182	77	0.436568
1	182	0	0.435024
0	182	67	0.434705
0	182	20	0.434608
0	182	75	0.43342
0	182	18	0.431944
0	182	23	0.430062
0	182	57	0.428391
0	182	74	0.427186
0	182	32	0.427109
0	182	40	0.426446
0	182	68	0.425179
0	182	34	0.423867
0	182	8	0.423798
0	182	55	0.422388
0	182	8	0.421906
0	182	4	0.42189
0	182	69	0.419333
0	182	40	0.418078
0	182	75	0.417784
0	182	33	0.417237
0	182	27	0.417071
0	182	48	0.416376
0	182	39	0.415914
0	182	61	0.4159
0	182	29	0.415762
0	182	43	0.415658
0	182	13	0.415601
0	182	18	0.41433
0	182	47	0.413399
0	182	69	0.412951
0	182	30	0.41274
0	182	56	0.412659
0	182	68	0.41216
0	182	28	0.411926
0	182	66	0.411547
0	182	57	0.411161
0	182	11	0.410217
0	182	29	0.40956
0	182	15	0.409248
0	182	37	0.409196
0	182	18	0.408505
0	182	18	0.408344
0	182	16	0.40813
0	182	10	0.407811
0	182	29	0.40773
0	182	34	0.407419
0	182	51	0.407207
0	182	31	0.405833
0	182	64	0.40508
0	182	2	0.404737
0	182	35	0.402944
0	182	31	0.402164
0	182	1	0.401324
0	182	60	0.400592
0	182	9	0.40005
0	182	5	0.399027
0	182	31	0.398007
0	182	5	0.397733
0	182	5	0.397008
0	182	2	0.396832
0	182	54	0.396423
0	182	22	0.395308
0	182	31	0.394294
0	182	38	0.393244
0	182	3	0.392215
0	182	57	0.392156
0	182	10	0.39173
0	182	61	0.391515
0	182	17	0.391027
0	182	58	0.390254
0	182	11	0.390209
0	182	68	0.389486
0	182	7	0.389295
0	182	57	0.388676
0	182	58	0.388622
0	182	43	0.385421
0	182	20	0.38308
0	182	37	0.382956
0	182	2	0.382655
0	182	36	0.38242
0	182	47	0.38152
0	182	43	0.380682
0	182	28	0.380384
0	182	35	0.379443
0	182	34	0.378203
0	182	42	0.376623
0	182	37	0.376292
0	182	55	0.376025
0	182	38	0.374624
0	182	39	0.373911
0	182	60	0.372798
0	182	40	0.372749
0	182	1	0.370554
0	182	34	0.370163
0	182	14	0.369923
0	182	8	0.369513
0	182	67	0.369353
0	182	67	0.369349
0	182	27	0.368882
0	182	51	0.368542
0	182	54	0.368168
1	182	0	0.367283
0	182	59	0.366934
0	182	12	0.366886
0	182	30	0.366794
0	182	24	0.366575
0	182	55	0.36647
0	182	16	0.365769
0	182	27	0.365394
0	182	52	0.364888
0	182	39	0.364249
0	182	56	0.363575
0	182	22	0.362455
0	182	65	0.361656
0	182	20	0.359781
0	182	28	0.359508
0	182	10	0.359457
0	182	60	0.359205
0	182	17	0.358297
0	182	47	0.358248
0	182	1	0.356983
0	182	16	0.355969
0	182	19	0.353173
0	182	25	0.351058
0	182	9	0.350389
0	182	24	0.350081
0	182	16	0.349308
0	182	47	0.349234
0	182	33	0.348968
0	182	38	0.346657
0	182	57	0.346438
0	182	21	0.3464
0	182	14	0.346202
0	182	43	0.34467
0	182	48	0.344275
0	182	53	0.343825
0	182	6	0.34317
0	182	9	0.343004
0	182	39	0.342261
0	182	36	0.342098
0	182	57	0.341532
0	182	55	0.341007
0	182	60	0.337314
1	182	0	0.335862
0	182	25	0.335682
0	182	50	0.335125
0	182	45	0.335047
0	182	26	0.333527
0	182	22	0.332829
0	182	38	0.332808
0	182	1	0.332699
0	182	30	0.331123
0	182	30	0.33025
0	182	49	0.329471
0	182	10	0.329417
0	182	27	0.329315
0	182	18	0.328815
0	182	44	0.327898
0	182	57	0.327648
0	182	38	0.327145
0	182	9	0.325954
0	182	11	0.32405
0	182	22	0.323755
0	182	42	0.323235
0	182	21	0.322614
0	182	39	0.321457
1	182	0	0.321287
0	182	37	0.320317
0	182	56	0.320307
0	182	32	0.319892
0	182	34	0.319828
0	182	15	0.319424
0	182	19	0.317909
0	182	34	0.317697
0	182	7	0.316037
0	182	48	0.315727
0	182	3	0.315652
0	182	29	0.315576
0	182	54	0.315368
0	182	32	0.31515
0	182	55	0.314383
0	182	28	0.314293
0	182	10	0.313175
0	182	49	0.311569
0	182	53	0.311142
0	182	14	0.310426
0	182	56	0.310326
0	182	14	0.309454
0	182	29	0.309082
0	182	6	0.309016
0	182	3	0.308637
0	182	38	0.307972
0	182	7	0.307432
0	182	33	0.305712
0	182	3	0.304795
0	182	8	0.304504
0	182	30	0.30368
0	182	29	0.303125
0	182	6	0.302818
0	182	39	0.300145
0	182	41	0.299336
0	182	40	0.299305
0	182	17	0.298937
0	182	14	0.29886
0	182	35	0.297866
0	182	10	0.297585
0	182	7	0.296039
0	182	18	0.296018
0	182	35	0.295098
0	182	40	0.294799
0	182	8	0.294271
0	182	28	0.293858
0	182	10	0.292711
0	182	37	0.291025
0	182	16	0.28893
0	182	37	0.287706
0	182	31	0.286171
0	182	30	0.28603
0	182	6	0.284953
0	182	43	0.283178
0	182	35	0.283018
0	182	17	0.281507
0	182	25	0.281051
0	182	10	0.279766
0	182	22	0.279406
0	182	49	0.278632
0	182	47	0.277382
0	182	25	0.275456
0	182	37	0.275035
0	182	45	0.27272
0	182	46	0.272094
0	182	27	0.27134
0	182	38	0.270373
0	182	24	0.270247
0	182	20	0.269793
0	182	43	0.268186
0	182	33	0.26799
0	182	46	0.26745
1	182	0	0.265344
0	182	32	0.264711
0	182	3	0.264551
0	182	39	0.263309
0	182	33	0.263142
0	182	31	0.262907
0	182	40	0.261222
0	182	8	0.259922
0	182	6	0.259848
0	182	31	0.259384
0	182	36	0.258569
0	182	38	0.258478
0	182	36	0.257511
0	182	23	0.256384
0	182	9	0.254914
0	182	44	0.254705
0	182	23	0.254582
0	182	8	0.254509
0	182	34	0.254018
0	182	29	0.253362
0	182	5	0.2529
0	182	15	0.252021
0	182	39	0.251734
0	182	7	0.251382
0	182	14	0.248404
0	182	4	0.246893
0	182	12	0.245059
0	182	2	0.244907
0	182	14	0.244833
0	182	29	0.244103
0	182	9	0.243651
0	182	14	0.243437
0	182	44	0.243032
0	182	3	0.241911
0	182	20	0.239534
0	182	23	0.239276
0	182	24	0.239263
0	182	42	0.239055
0	182	38	0.237948
0	182	34	0.236685
0	182	13	0.235347
0	182	35	0.235142
0	182	34	0.233972
1	182	0	0.233342
0	182	22	0.233138
0	182	5	0.232653
1	182	0	0.232553
0	182	14	0.23206
0	182	28	0.230913
0	182	11	0.230293
0	182	4	0.22953
0	182	33	0.229293
0	182	1	0.228542
0	182	29	0.227739
0	182	29	0.227721
0	182	29	0.227443
0	182	1	0.227124
0	182	20	0.226649
0	182	7	0.226498
0	182	34	0.226264
0	182	10	0.225451
0	182	39	0.224455
0	182	3	0.224253
1	182	0	0.222728
0	182	28	0.222503
0	182	7	0.221831
0	182	15	0.221583
0	182	33	0.216469
0	182	5	0.2162
0	182	32	0.212307
0	182	11	0.211162
0	182	32	0.211067
1	182	0	0.21024
0	182	9	0.2094
0	182	13	0.208846
0	182	16	0.208683
0	182	23	0.208404
0	182	25	0.207745
0	182	21	0.207165
0	182	28	0.206465
0	182	5	0.206427
0	182	13	0.204897
0	182	5	0.202963
0	182	30	0.202783
0	182	27	0.202668
0	182	10	0.202321
0	182	25	0.200887
0	182	18	0.200648
0	182	8	0.200474
0	182	23	0.198213
0	182	6	0.197795
0	182	29	0.197221
0	182	15	0.197195
0	182	15	0.196947
0	182	23	0.196557
0	182	20	0.19581
1	182	0	0.194443
0	182	32	0.194304
0	182	19	0.194302
0	182	14	0.194294
0	182	29	0.19379
0	182	32	0.193532
0	182	31	0.192893
0	182	3	0.192217
0	182	34	0.191749
0	182	5	0.191067
0	182	34	0.190893
0	182	11	0.19086
0	182	17	0.19072
0	182	24	0.19058
0	182	2	0.189802
0	182	6	0.189647
0	182	8	0.189601
0	182	5	0.187631
0	182	16	0.186891
1	182	0	0.186724
0	182	6	0.186047
0	182	24	0.185715
0	182	26	0.184127
0	182	29	0.183907
0	182	11	0.183252
0	182	26	0.18291
0	182	25	0.182889
0	182	18	0.181947
0	182	22	0.181863
0	182	17	0.181164
0	182	28	0.18115
0	182	17	0.180716
0	182	24	0.180124
0	182	30	0.178527
0	182	12	0.17836
0	182	31	0.177722
0	182	24	0.177524
0	182	15	0.177353
0	182	23	0.176268
0	182	11	0.175733
0	182	13	0.175667
0	182	6	0.173994
0	182	20	0.172812
0	182	27	0.171866
0	182	4	0.170465
0	182	17	0.169986
0	182	29	0.169001
0	182	5	0.167862
0	182	22	0.167497
0	182	2	0.167357
0	182	29	0.167089
1	182	0	0.165763
0	182	5	0.164486
0	182	6	0.163591
0	182	19	0.160475
0	182	17	0.160088
0	182	7	0.160038
0	182	5	0.159797
0	182	12	0.156133
0	182	2	0.155667
0	182	7	0.155538
0	182	13	0.155181
0	182	16	0.155142
0	182	1	0.155024
0	182	19	0.154665
0	182	5	0.154632
0	182	9	0.154366
0	182	22	0.153619
0	182	11	0.153577
0	182	5	0.153545
0	182	26	0.152791
0	182	2	0.14907
0	182	19	0.148997
0	182	9	0.147902
0	182	5	0.147664
0	182	12	0.146934
0	182	1	0.146234
0	182	5	0.146012
0	182	22	0.145482
0	182	5	0.144063
0	182	25	0.143627
0	182	17	0.143232
0	182	5	0.14235
0	182	15	0.141175
0	182	10	0.140786
0	182	13	0.13908
0	182	13	0.139075
0	182	18	0.139028
0	182	2	0.138997
0	182	9	0.138032
0	182	21	0.137794
0	182	4	0.137424
1	182	0	0.13737
0	182	3	0.137192
0	182	1	0.135396
0	182	8	0.134733
1	182	0	0.133779
0	182	18	0.133508
0	182	22	0.133246
0	182	23	0.131054
0	182	11	0.130757
0	182	11	0.1299
0	182	7	0.129314
0	182	18	0.128461
0	182	9	0.128145
0	182	18	0.126464
0	182	1	0.124914
0	182	9	0.12454
0	182	18	0.124385
0	182	8	0.123348
0	182	1	0.123269
0	182	9	0.123258
0	182	2	0.120975
0	182	21	0.120654
0	182	8	0.12057
0	182	17	0.120219
0	182	20	0.119888
0	182	9	0.119546
0	182	21	0.119281
0	182	21	0.118794
0	182	9	0.118536
0	182	2	0.118475
1	182	0	0.118078
0	182	18	0.117165
0	182	20	0.116816
0	182	5	0.112805
0	182	20	0.11237
0	182	15	0.111169
0	182	19	0.110494
0	182	18	0.109935
0	182	8	0.10933
1	182	0	0.109259
0	182	3	0.108949
0	182	6	0.108012
0	182	15	0.107584
0	182	3	0.107388
0	182	2	0.10726
0	182	17	0.105247
0	182	13	0.104821
1	182	0	0.104242
0	182	17	0.103908
0	182	11	0.10284
0	182	8	0.100675
0	182	16	0.0995565
0	182	11	0.0994225
0	182	13	0.0980164
0	182	12	0.0978413
0	182	6	0.0972426
0	182	16	0.0965041
0	182	15	0.0956678
0	182	9	0.095266
0	182	7	0.0943213
0	182	0	0.0936566
0	182	16	0.0928789
0	182	10	0.0927084
0	182	8	0.0919065
0	182	2	0.0915423
0	182	15	0.0915119
0	182	15	0.0911111
0	182	12	0.0900446
0	182	16	0.0893258
0	182	13	0.0892672
0	182	10	0.0882515
0	182	6	0.0880836
0	182	1	0.0872297
0	182	7	0.0864019
0	182	4	0.0860902
0	182	3	0.085831
0	182	8	0.085827
0	182	11	0.085787
0	182	15	0.0852741
0	182	4	0.0843081
0	182	13	0.0840838
0	182	14	0.0832881
0	182	10	0.0819333
0	182	3	0.0818914
0	182	10	0.0818145
0	182	7	0.0816941
0	182	0	0.0810149
0	182	12	0.0809901
0	182	9	0.0796396
0	182	13	0.0794283
0	182	8	0.0793498
0	182	10	0.0782989
0	182	1	0.077966
0	182	11	0.0777927
0	182	7	0.076193
0	182	1	0.0759819
0	182	0	0.0757712
0	182	8	0.0757042
0	182	0	0.0755556
0	182	12	0.0755199
0	182	12	0.0754145
0	182	3	0.0752434
0	182	1	0.0741694
0	182	3	0.0739778
0	182	1	0.0724761
0	182	6	0.0724426
0	182	8	0.0716693
0	182	4	0.071628
0	182	3	0.0714751
0	182	4	0.0698626
0	182	2	0.0696267
0	182	6	0.0684365
0	182	11	0.0683424
0	182	1	0.068167
0	182	5	0.0680913
0	182	10	0.0674985
0	182	10	0.0674566
0	182	11	0.0673339
0	182	11	0.0670184
0	182	4	0.0667349
0	182	2	0.0652146
0	182	2	0.0647559
0	182	11	0.064211
0	182	0	0.064153
0	182	0	0.0631989
0	182	5	0.0616647
0	182	3	0.0613
0	182	0	0.0605355
0	182	5	0.0604136
0	182	0	0.0603479
0	182	8	0.0597645
0	182	3	0.059639
0	182	1	0.0584448
0	182	9	0.0580574
0	182	1	0.0567555
0	182	4	0.0566304
0	182	1	0.0562699
0	182	1	0.0558802
0	182	8	0.0557592
0	182	6	0.0554059
0	182	0	0.0553482
0	182	4	0.050104
0	182	2	0.0499777
0	182	6	0.0490829
0	182	4	0.0484489
0	182	5	0.0469561
0	182	4	0.0451829
0	182	2	0.0438822
0	182	7	0.0434502
0	182	5	0.0433061
0	182	6	0.0432255
0	182	3	0.0431195
0	182	4	0.0422913
0	182	0	0.0421682
0	182	5	0.0406691
0	182	4	0.0402499
0	182	4	0.0384099
0	182	0	0.0372092
0	182	1	0.0368985
0	182	6	0.0368217
0	182	2	0.0345894
0	182	4	0.0340501
0	182	0	0.0331051
0	182	2	0.0328116
0	182	5	0.0323719
0	182	5	0.0321009
0	182	3	0.031191
0	182	5	0.0300854
0	182	5	0.0299289
0	182	1	0.0293217
0	182	5	0.0289231
0	182	3	0.0289132
0	182	0	0.0286897
0	182	2	0.0279008
0	182	3	0.0273916
0	182	0	0.025902
0	182	1	0.024048
0	182	1	0.0226716
0	182	0	0.0222864
0	182	3	0.0218662
0	182	1	0.020878
0	182	2	0.0203177
0	182	1	0.0201389
0	182	2	0.0196897
0	182	1	0.0193536
0	182	2	0.0179236
0	182	0	0.0177795
0	182	3	0.0175972
0	182	2	0.0175785
0	182	1	0.0169859
0	182	1	0.01647
0	182	1	0.0164055
0	182	1	0.015237
0	182	2	0.0136198
0	182	0	0.0128833
0	182	0	0.012565
0	182	1	0.0113038
