2321.77
0.00078221
150
1	353	252	0.983081
1	353	96	0.975895
1	353	138	0.964165
1	353	82	0.964082
1	353	62	0.956807
1	353	100	0.946346
0	353	178	0.942395
0	353	198	0.939696
1	353	126	0.931371
0	353	227	0.931241
0	353	328	0.930879
1	353	7	0.917738
1	353	132	0.91558
0	353	167	0.895976
1	353	85	0.89394
0	353	266	0.89388
0	353	198	0.892764
0	353	231	0.890473
0	353	194	0.883207
0	353	223	0.866697
0	353	209	0.862174
0	353	97	0.858773
0	353	174	0.851953
1	353	49	0.834611
0	353	166	0.834377
0	353	242	0.833977
1	353	8	0.829934
0	353	180	0.827252
1	353	27	0.825507
0	353	104	0.805361
0	353	159	0.804559
0	353	231	0.788417
0	353	148	0.784318
1	353	4	0.773909
0	353	261	0.769076
0	353	96	0.768343
1	353	7	0.750088
0	353	261	0.749892
0	353	178	0.747982
0	353	86	0.747744
1	353	19	0.735273
0	353	164	0.733852
0	353	194	0.733668
0	353	80	0.731362
0	353	192	0.730515
0	353	58	0.728917
0	353	24	0.722887
0	353	98	0.699477
0	353	110	0.698915
0	353	208	0.673587
0	353	108	0.671063
0	353	207	0.663779
1	353	4	0.657559
0	353	34	0.626753
0	353	40	0.606256
0	353	79	0.604648
0	353	172	0.5995
0	353	65	0.573205
0	353	52	0.559846
0	353	157	0.551982
1	353	1	0.551647
0	353	167	0.550723
0	353	117	0.547825
0	353	79	0.544621
0	353	156	0.543414
0	353	130	0.5427
0	353	11	0.541221
0	353	69	0.540321
0	353	145	0.533527
0	353	177	0.529026
0	353	79	0.519616
0	353	91	0.491889
0	353	54	0.481653
0	353	41	0.478149
0	353	142	0.4769
0	353	161	0.474585
0	353	62	0.46479
0	353	123	0.460073
0	353	96	0.453387
0	353	105	0.446047
0	353	88	0.44598
0	353	47	0.444349
0	353	50	0.438288
0	353	62	0.436166
1	353	3	0.428105
0	353	53	0.386471
0	353	60	0.378866
0	353	38	0.368134
0	353	71	0.325749
0	353	113	0.32106
0	353	14	0.317146
0	353	31	0.316918
0	353	45	0.310159
0	353	79	0.306943
0	353	31	0.305797
0	353	86	0.297059
0	353	101	0.29202
0	353	5	0.287495
0	353	98	0.281927
0	353	42	0.276676
0	353	17	0.276604
0	353	75	0.273323
0	353	44	0.270788
0	353	94	0.269413
0	353	58	0.264713
0	353	42	0.260671
0	353	72	0.253176
0	353	35	0.25295
0	353	71	0.25117
0	353	84	0.250681
0	353	48	0.241556
0	353	78	0.230915
0	353	68	0.220694
0	353	2	0.205007
0	353	16	0.201635
0	353	30	0.200522
0	353	50	0.19925
0	353	44	0.188073
0	353	46	0.185666
0	353	63	0.182306
0	353	46	0.166767
0	353	19	0.15052
0	353	9	0.142405
0	353	22	0.126523
0	353	38	0.123469
0	353	36	0.115183
0	353	37	0.114644
0	353	25	0.113696
0	353	4	0.0982744
0	353	8	0.0970972
0	353	16	0.08973
0	353	2	0.0877485
0	353	5	0.087124
0	353	20	0.0808905
0	353	7	0.0750196
0	353	16	0.0732971
0	353	12	0.0710916
0	353	8	0.0676553
0	353	1	0.0589561
0	353	8	0.0518103
0	353	2	0.0504412
0	353	5	0.0496442
0	353	14	0.0477298
0	353	14	0.0418399
0	353	5	0.0372658
0	353	6	0.029205
0	353	4	0.0214548
0	353	5	0.0170656
0	353	2	0.0121647
0	353	3	0.0119422
