4536.51
0.0560332
2000
1	228	56	0.989958
1	228	136	0.989896
1	228	147	0.989683
0	228	175	0.989432
0	228	164	0.98811
1	228	36	0.988003
0	228	214	0.986614
0	228	208	0.986585
1	228	112	0.985958
0	228	148	0.984138
1	228	108	0.984123
1	228	75	0.98378
1	228	83	0.983758
0	228	162	0.983651
1	228	30	0.983239
0	228	183	0.98313
0	228	167	0.982665
0	228	146	0.98229
0	228	178	0.981919
1	228	107	0.980746
1	228	8	0.980542
1	228	47	0.979352
1	228	29	0.979162
0	228	149	0.979058
1	228	6	0.977709
0	228	186	0.977636
0	228	160	0.977463
1	228	8	0.977436
1	228	28	0.977257
1	228	52	0.976305
1	228	43	0.976146
0	228	191	0.975725
1	228	79	0.97374
0	228	155	0.973586
0	228	172	0.973138
0	228	212	0.972471
0	228	117	0.972395
0	228	181	0.972035
0	228	148	0.970905
1	228	43	0.97066
1	228	77	0.970348
1	228	24	0.970136
1	228	56	0.969552
0	228	127	0.968514
0	228	196	0.968436
0	228	125	0.968334
0	228	194	0.967487
0	228	145	0.966551
1	228	51	0.96632
0	228	98	0.965928
1	228	7	0.96509
0	228	162	0.965089
0	228	124	0.964788
1	228	26	0.964468
0	228	67	0.964324
1	228	8	0.964282
0	228	122	0.964007
0	228	157	0.963558
0	228	112	0.962885
1	228	34	0.96246
0	228	130	0.961239
0	228	99	0.96053
0	228	210	0.960402
0	228	62	0.96014
0	228	215	0.95986
0	228	174	0.959343
0	228	212	0.958884
1	228	44	0.958653
0	228	105	0.958405
0	228	218	0.957581
0	228	156	0.957346
0	228	101	0.956757
1	228	8	0.956689
0	228	124	0.956067
0	228	194	0.955316
0	228	146	0.954557
1	228	16	0.954457
0	228	179	0.954154
0	228	114	0.953673
0	228	169	0.953244
0	228	196	0.952973
0	228	133	0.952033
0	228	190	0.951824
0	228	144	0.95133
0	228	123	0.951046
0	228	69	0.950672
0	228	51	0.950665
0	228	129	0.949849
1	228	34	0.949829
0	228	191	0.949353
0	228	128	0.94826
0	228	169	0.94822
0	228	143	0.948086
0	228	82	0.947592
0	228	54	0.947251
1	228	40	0.946729
0	228	91	0.946453
1	228	41	0.945975
0	228	126	0.945708
0	228	156	0.945192
0	228	117	0.945047
0	228	158	0.94472
0	228	127	0.94466
1	228	9	0.943983
0	228	75	0.942532
0	228	98	0.941701
0	228	198	0.940664
0	228	100	0.940434
0	228	166	0.940197
0	228	72	0.940163
0	228	113	0.939695
0	228	153	0.939053
0	228	55	0.938707
1	228	0	0.938566
0	228	182	0.938543
0	228	143	0.938473
0	228	194	0.937995
0	228	89	0.937603
0	228	167	0.937498
0	228	79	0.937331
0	228	136	0.9361
0	228	36	0.93589
0	228	135	0.934072
0	228	77	0.933377
0	228	135	0.933256
1	228	3	0.932684
0	228	193	0.932508
1	228	26	0.931359
0	228	91	0.929546
0	228	174	0.928834
0	228	83	0.92847
0	228	207	0.927573
1	228	15	0.927373
0	228	55	0.927355
0	228	100	0.927009
0	228	42	0.925196
0	228	172	0.924524
0	228	114	0.924253
0	228	61	0.924043
0	228	181	0.923294
0	228	155	0.922612
0	228	174	0.922444
0	228	86	0.92145
0	228	64	0.92125
0	228	79	0.920034
1	228	2	0.919628
0	228	207	0.919416
1	228	23	0.919249
0	228	99	0.919214
0	228	128	0.918646
0	228	116	0.918638
0	228	34	0.918632
0	228	143	0.918464
0	228	127	0.917745
0	228	174	0.916544
0	228	123	0.916537
0	228	115	0.916501
1	228	23	0.916316
0	228	62	0.916105
0	228	25	0.915275
0	228	69	0.913995
0	228	146	0.913248
0	228	129	0.913174
0	228	75	0.912927
0	228	114	0.912131
0	228	66	0.912123
0	228	154	0.911644
0	228	81	0.911245
0	228	77	0.911206
0	228	155	0.911053
0	228	207	0.910581
0	228	190	0.910115
0	228	124	0.909562
0	228	146	0.909184
1	228	19	0.908668
0	228	188	0.908465
0	228	133	0.908205
0	228	110	0.906989
0	228	184	0.906953
0	228	90	0.906843
1	228	8	0.906587
0	228	172	0.905831
0	228	200	0.905679
0	228	200	0.905653
0	228	82	0.905383
0	228	25	0.905318
0	228	118	0.904869
0	228	168	0.903715
0	228	53	0.90312
0	228	46	0.902519
0	228	75	0.902201
0	228	25	0.901872
0	228	187	0.901455
0	228	140	0.901362
0	228	52	0.900815
0	228	53	0.90058
0	228	50	0.900308
0	228	39	0.899774
0	228	136	0.899739
0	228	146	0.898895
0	228	131	0.898565
0	228	138	0.898493
0	228	188	0.898211
0	228	56	0.897333
0	228	151	0.896866
0	228	177	0.896834
0	228	158	0.896622
0	228	158	0.895654
0	228	180	0.895094
0	228	86	0.894818
0	228	28	0.894735
0	228	179	0.894615
0	228	42	0.893024
0	228	101	0.892742
0	228	184	0.892336
0	228	190	0.891788
0	228	121	0.891694
0	228	176	0.89096
0	228	39	0.890501
0	228	74	0.890373
0	228	24	0.890081
0	228	125	0.889823
0	228	141	0.889746
0	228	73	0.889651
0	228	60	0.888556
0	228	202	0.887359
0	228	129	0.887242
0	228	194	0.886842
0	228	74	0.886123
0	228	95	0.885537
0	228	124	0.884106
0	228	44	0.883411
0	228	27	0.883237
0	228	151	0.882988
0	228	155	0.882249
0	228	15	0.881958
0	228	173	0.881774
1	228	0	0.881315
0	228	15	0.881051
0	228	52	0.880814
0	228	121	0.880393
0	228	191	0.880363
0	228	77	0.880025
0	228	40	0.878696
0	228	77	0.877914
0	228	197	0.87595
0	228	41	0.875582
0	228	30	0.874889
0	228	175	0.874333
0	228	21	0.873896
0	228	55	0.87341
0	228	112	0.873089
0	228	91	0.872956
0	228	170	0.871652
0	228	159	0.871135
0	228	134	0.870487
0	228	144	0.870271
0	228	87	0.870034
0	228	53	0.86875
0	228	106	0.868476
0	228	139	0.868075
0	228	123	0.867847
0	228	84	0.867809
0	228	94	0.867549
0	228	196	0.866674
0	228	195	0.866496
0	228	72	0.866466
0	228	34	0.866337
0	228	80	0.866278
0	228	69	0.864671
0	228	70	0.863771
0	228	94	0.863726
0	228	93	0.863569
0	228	81	0.863205
0	228	138	0.863036
1	228	6	0.862998
0	228	26	0.862831
0	228	107	0.862108
0	228	194	0.861872
0	228	23	0.861599
0	228	147	0.861534
0	228	64	0.86042
0	228	108	0.859367
0	228	194	0.859216
0	228	156	0.858877
0	228	119	0.858855
0	228	17	0.858741
0	228	116	0.858517
0	228	74	0.857097
0	228	173	0.856764
0	228	62	0.856114
1	228	0	0.856096
0	228	100	0.855734
0	228	127	0.855691
0	228	73	0.855242
0	228	58	0.854608
1	228	0	0.85421
0	228	179	0.853688
0	228	140	0.853414
0	228	150	0.853316
0	228	120	0.852208
0	228	126	0.851571
0	228	64	0.851237
0	228	13	0.850973
0	228	173	0.850597
0	228	31	0.850286
0	228	183	0.850263
0	228	65	0.850093
0	228	68	0.850019
0	228	125	0.849992
0	228	93	0.849585
0	228	37	0.848892
0	228	190	0.847805
0	228	130	0.847773
0	228	117	0.847673
0	228	110	0.847603
0	228	77	0.846897
0	228	53	0.846862
0	228	186	0.846779
0	228	114	0.846405
0	228	21	0.844385
0	228	98	0.844299
0	228	30	0.843333
0	228	13	0.84306
0	228	115	0.842108
0	228	37	0.841974
0	228	44	0.837947
0	228	122	0.837261
0	228	116	0.836669
0	228	98	0.835754
0	228	119	0.835667
0	228	62	0.835211
1	228	7	0.834748
0	228	123	0.833557
1	228	1	0.832719
0	228	123	0.832246
0	228	48	0.831948
0	228	85	0.831774
0	228	64	0.831581
0	228	161	0.830407
0	228	167	0.8304
0	228	74	0.829324
0	228	143	0.828575
0	228	55	0.827963
0	228	41	0.827828
0	228	102	0.827513
0	228	178	0.827242
0	228	58	0.826995
0	228	59	0.826839
0	228	129	0.825364
0	228	33	0.824569
0	228	132	0.824455
0	228	85	0.82356
0	228	162	0.823315
0	228	91	0.821714
0	228	135	0.821624
0	228	28	0.82077
0	228	28	0.820666
0	228	186	0.819578
0	228	117	0.819327
0	228	178	0.818517
0	228	171	0.818164
0	228	120	0.816415
0	228	93	0.815223
0	228	108	0.815178
0	228	83	0.814741
0	228	71	0.814502
0	228	26	0.813638
0	228	84	0.81254
0	228	172	0.812365
0	228	28	0.812181
0	228	167	0.811729
0	228	155	0.811277
0	228	22	0.811222
0	228	89	0.810639
0	228	54	0.810158
0	228	160	0.809887
0	228	70	0.809462
0	228	31	0.808971
0	228	26	0.806558
0	228	141	0.80574
0	228	7	0.805394
0	228	61	0.805121
0	228	64	0.805084
0	228	36	0.804188
0	228	32	0.803689
0	228	157	0.803207
0	228	8	0.802711
0	228	99	0.801751
0	228	133	0.801078
0	228	22	0.800853
0	228	140	0.800769
0	228	51	0.799825
0	228	6	0.799064
0	228	47	0.798542
0	228	92	0.798152
0	228	120	0.797159
0	228	166	0.796849
0	228	77	0.79641
0	228	155	0.796264
0	228	159	0.796261
0	228	7	0.79604
0	228	77	0.795661
0	228	82	0.79512
0	228	48	0.794164
0	228	65	0.793354
0	228	52	0.792778
0	228	21	0.792586
0	228	179	0.792553
0	228	39	0.791606
0	228	134	0.79137
0	228	164	0.791263
0	228	27	0.789586
0	228	16	0.789462
0	228	125	0.788891
0	228	99	0.788507
0	228	45	0.787908
0	228	75	0.787852
0	228	5	0.787163
0	228	46	0.786727
0	228	16	0.786701
0	228	68	0.786584
0	228	150	0.786441
0	228	144	0.785837
0	228	157	0.785552
0	228	112	0.785218
0	228	15	0.785204
0	228	130	0.783815
0	228	50	0.783135
0	228	147	0.782557
0	228	174	0.782258
0	228	48	0.782035
0	228	152	0.78179
1	228	2	0.781749
0	228	21	0.781494
0	228	85	0.779953
0	228	47	0.779849
0	228	149	0.779739
0	228	83	0.779574
0	228	81	0.778559
0	228	74	0.777937
0	228	90	0.777625
0	228	75	0.77739
0	228	118	0.776901
0	228	13	0.776831
0	228	25	0.776578
0	228	78	0.776306
0	228	121	0.774301
0	228	87	0.774135
0	228	158	0.773857
0	228	125	0.772336
0	228	164	0.771895
1	228	2	0.77155
0	228	7	0.770956
0	228	81	0.770391
0	228	23	0.769498
0	228	155	0.76762
1	228	1	0.76665
0	228	61	0.766245
0	228	105	0.763461
0	228	41	0.763145
0	228	141	0.763054
0	228	52	0.762025
0	228	112	0.761087
0	228	14	0.760562
0	228	124	0.759262
0	228	172	0.759123
0	228	30	0.758823
0	228	43	0.758029
0	228	73	0.757529
0	228	111	0.757252
0	228	143	0.756966
0	228	18	0.756445
0	228	59	0.756379
0	228	84	0.755787
0	228	38	0.7551
0	228	86	0.754845
0	228	33	0.754064
0	228	14	0.753789
0	228	70	0.753228
0	228	84	0.753177
0	228	51	0.751517
0	228	99	0.750562
0	228	54	0.749176
0	228	140	0.748698
0	228	23	0.748648
0	228	19	0.74779
0	228	163	0.747676
0	228	82	0.747671
0	228	154	0.747137
0	228	137	0.747095
0	228	51	0.74695
0	228	137	0.746875
0	228	30	0.74687
0	228	129	0.746412
0	228	92	0.746233
0	228	29	0.74598
0	228	151	0.74572
0	228	129	0.74543
0	228	155	0.745115
0	228	84	0.744592
0	228	49	0.74359
0	228	95	0.743457
0	228	45	0.742947
0	228	108	0.741968
0	228	42	0.741546
0	228	145	0.741248
0	228	102	0.740999
0	228	129	0.740849
0	228	35	0.740642
0	228	106	0.740402
0	228	10	0.739415
0	228	156	0.739323
0	228	100	0.73874
0	228	11	0.737799
0	228	66	0.737658
0	228	65	0.737008
0	228	99	0.736659
0	228	150	0.735888
0	228	50	0.735752
0	228	124	0.734804
0	228	132	0.73422
0	228	112	0.73359
0	228	126	0.732647
0	228	153	0.732039
0	228	40	0.730937
0	228	72	0.730918
0	228	163	0.730632
0	228	13	0.730185
0	228	143	0.730075
0	228	113	0.730011
0	228	31	0.729988
0	228	3	0.729306
0	228	123	0.728595
0	228	66	0.728538
0	228	78	0.728019
0	228	47	0.727327
0	228	127	0.726882
0	228	44	0.726857
0	228	146	0.726483
0	228	57	0.726008
0	228	148	0.724825
0	228	132	0.724822
0	228	35	0.724218
0	228	165	0.723764
0	228	28	0.721445
0	228	82	0.720966
0	228	8	0.720905
0	228	67	0.718828
0	228	42	0.718239
0	228	160	0.71806
0	228	113	0.717862
0	228	49	0.71766
0	228	104	0.717357
0	228	154	0.717336
0	228	126	0.717121
0	228	60	0.716509
0	228	46	0.716256
0	228	97	0.716005
0	228	35	0.71577
0	228	85	0.715539
0	228	126	0.715342
0	228	115	0.715208
0	228	93	0.715028
0	228	18	0.714649
0	228	159	0.714506
0	228	128	0.713919
0	228	67	0.713563
0	228	5	0.712747
0	228	64	0.712491
0	228	80	0.710375
0	228	72	0.710073
0	228	123	0.710067
0	228	77	0.709525
0	228	69	0.709489
0	228	11	0.708822
0	228	137	0.708467
0	228	33	0.708449
0	228	150	0.707976
0	228	159	0.70784
0	228	156	0.707344
0	228	68	0.70723
0	228	113	0.706955
0	228	102	0.705422
0	228	103	0.705394
0	228	13	0.704986
0	228	115	0.704671
0	228	18	0.703994
0	228	74	0.703941
0	228	113	0.702792
0	228	110	0.702541
0	228	58	0.702265
0	228	15	0.701763
0	228	129	0.70135
0	228	25	0.700884
0	228	118	0.700568
0	228	108	0.700281
0	228	64	0.699072
0	228	106	0.69824
0	228	48	0.697974
0	228	50	0.697531
0	228	137	0.695701
0	228	94	0.69561
0	228	132	0.695315
0	228	60	0.694855
0	228	81	0.69412
0	228	33	0.693395
0	228	140	0.69327
0	228	156	0.693132
0	228	4	0.692676
0	228	44	0.6926
0	228	83	0.69189
0	228	10	0.691333
0	228	70	0.691328
0	228	96	0.691041
0	228	31	0.690382
0	228	120	0.690366
0	228	133	0.690208
0	228	28	0.69002
0	228	23	0.689548
0	228	59	0.689327
0	228	151	0.68909
0	228	103	0.688427
0	228	116	0.688119
0	228	120	0.687813
0	228	47	0.687588
0	228	141	0.686064
0	228	156	0.68509
0	228	79	0.685034
0	228	47	0.684409
0	228	50	0.684372
0	228	104	0.683832
0	228	152	0.681492
0	228	87	0.68132
0	228	39	0.681171
0	228	154	0.681166
0	228	103	0.681116
0	228	39	0.680004
1	228	0	0.678822
0	228	102	0.678692
0	228	53	0.677963
0	228	19	0.6776
0	228	32	0.677015
0	228	92	0.676544
0	228	48	0.676099
0	228	9	0.675387
0	228	8	0.675267
0	228	112	0.674912
0	228	4	0.674819
0	228	5	0.67289
0	228	149	0.672712
0	228	153	0.672582
0	228	131	0.67241
0	228	104	0.672114
0	228	37	0.672008
0	228	114	0.671736
0	228	111	0.670975
0	228	82	0.670631
0	228	84	0.667154
0	228	127	0.666722
0	228	113	0.666413
0	228	97	0.665646
0	228	121	0.665278
0	228	27	0.664097
0	228	137	0.663825
0	228	19	0.662935
0	228	136	0.66244
0	228	83	0.662168
0	228	22	0.661973
0	228	10	0.661867
0	228	53	0.660676
0	228	77	0.660458
0	228	63	0.660182
0	228	37	0.659958
0	228	10	0.658623
0	228	125	0.65852
0	228	137	0.6583
0	228	58	0.658152
0	228	47	0.657867
0	228	66	0.657272
0	228	145	0.657104
0	228	51	0.657013
0	228	38	0.656601
0	228	92	0.656316
0	228	108	0.656044
0	228	9	0.652599
0	228	92	0.651981
0	228	133	0.651886
0	228	127	0.650299
0	228	14	0.649428
0	228	59	0.649221
0	228	51	0.649207
0	228	64	0.649034
0	228	99	0.648837
0	228	117	0.648601
0	228	59	0.648116
0	228	75	0.64789
0	228	9	0.647592
0	228	94	0.647439
0	228	122	0.64579
0	228	67	0.645136
0	228	38	0.644524
0	228	52	0.64407
0	228	116	0.641051
0	228	64	0.640661
0	228	3	0.639683
0	228	46	0.639249
0	228	7	0.638316
0	228	123	0.637853
0	228	87	0.637396
0	228	65	0.637391
0	228	99	0.636551
0	228	86	0.636161
0	228	116	0.635659
0	228	112	0.634551
0	228	138	0.634484
0	228	106	0.634306
0	228	128	0.633509
0	228	5	0.631013
0	228	115	0.630946
0	228	51	0.630903
0	228	38	0.630282
0	228	67	0.629149
0	228	36	0.628909
0	228	113	0.628125
0	228	71	0.626296
0	228	80	0.625976
0	228	13	0.624848
0	228	2	0.624389
0	228	100	0.623953
0	228	92	0.623431
0	228	115	0.622719
0	228	113	0.622456
0	228	89	0.621211
0	228	103	0.620681
0	228	35	0.620544
0	228	50	0.618349
0	228	33	0.617605
0	228	136	0.617177
0	228	84	0.617143
0	228	58	0.616654
0	228	135	0.616591
0	228	30	0.616018
0	228	99	0.614897
0	228	103	0.614015
0	228	66	0.61392
0	228	101	0.613453
0	228	88	0.612874
0	228	124	0.612305
0	228	72	0.612305
0	228	82	0.612249
0	228	67	0.612191
0	228	4	0.611591
0	228	97	0.611544
0	228	103	0.611451
0	228	104	0.611376
0	228	84	0.610892
0	228	37	0.610665
0	228	18	0.610654
0	228	120	0.61055
0	228	63	0.610148
0	228	51	0.610142
0	228	84	0.609222
0	228	137	0.609151
0	228	99	0.609002
0	228	31	0.608522
0	228	134	0.608287
0	228	2	0.606625
0	228	87	0.606562
0	228	33	0.606473
0	228	132	0.605733
0	228	93	0.605723
0	228	79	0.605322
0	228	100	0.604925
0	228	10	0.604524
0	228	58	0.604328
0	228	104	0.604049
0	228	108	0.601203
0	228	59	0.601019
0	228	75	0.600134
0	228	28	0.600086
0	228	124	0.599994
0	228	87	0.599764
0	228	133	0.599685
0	228	93	0.599209
0	228	54	0.599126
0	228	1	0.598391
0	228	109	0.598212
0	228	5	0.598164
0	228	59	0.597449
0	228	31	0.597175
0	228	123	0.597106
0	228	62	0.595988
0	228	95	0.595228
0	228	98	0.594979
0	228	91	0.594969
0	228	8	0.594689
0	228	83	0.59354
0	228	36	0.593237
0	228	121	0.593223
0	228	68	0.59275
0	228	35	0.592564
0	228	35	0.592243
0	228	42	0.591243
0	228	19	0.590657
0	228	59	0.589424
0	228	98	0.589233
0	228	14	0.589019
0	228	23	0.588428
0	228	124	0.588308
0	228	73	0.587941
0	228	82	0.587731
0	228	100	0.585033
0	228	108	0.584439
0	228	122	0.584357
0	228	118	0.583635
0	228	2	0.583527
0	228	115	0.583039
0	228	89	0.582558
0	228	14	0.582494
0	228	38	0.582289
0	228	51	0.581857
0	228	76	0.581441
0	228	95	0.58126
0	228	45	0.579415
0	228	7	0.578814
0	228	24	0.578655
0	228	101	0.576661
0	228	96	0.576261
0	228	36	0.575063
0	228	70	0.5746
0	228	86	0.574391
0	228	55	0.572527
0	228	50	0.571459
0	228	2	0.571167
0	228	2	0.570441
0	228	125	0.570315
0	228	75	0.570258
0	228	17	0.56932
0	228	122	0.569232
0	228	113	0.569156
0	228	64	0.568803
0	228	65	0.568668
0	228	87	0.568386
0	228	40	0.568285
0	228	82	0.56809
0	228	114	0.567721
0	228	119	0.567336
0	228	74	0.566839
0	228	49	0.566744
0	228	27	0.566718
0	228	108	0.566168
0	228	30	0.565481
0	228	82	0.56504
0	228	81	0.563896
0	228	53	0.563674
0	228	12	0.563261
0	228	125	0.563066
0	228	89	0.562949
0	228	48	0.562824
0	228	118	0.562715
0	228	97	0.561278
0	228	127	0.560144
0	228	42	0.558936
0	228	78	0.558771
0	228	37	0.556302
0	228	95	0.555941
0	228	7	0.555783
0	228	48	0.55575
0	228	81	0.554914
0	228	104	0.554875
0	228	105	0.554806
0	228	103	0.554546
0	228	42	0.55448
0	228	80	0.554039
0	228	46	0.55394
0	228	35	0.553238
0	228	60	0.553019
0	228	97	0.552067
0	228	65	0.551594
0	228	61	0.551315
0	228	38	0.550809
0	228	12	0.550805
0	228	51	0.550549
0	228	39	0.549805
0	228	91	0.548318
0	228	14	0.547684
0	228	68	0.547324
0	228	117	0.547313
0	228	14	0.546578
0	228	20	0.546476
0	228	34	0.546229
0	228	49	0.546167
0	228	1	0.545815
0	228	116	0.544055
1	228	0	0.543892
0	228	46	0.543827
0	228	27	0.543339
0	228	52	0.543207
0	228	93	0.542799
0	228	30	0.542693
0	228	119	0.542432
0	228	12	0.542259
0	228	72	0.541382
0	228	10	0.541071
0	228	37	0.540309
0	228	44	0.53807
0	228	112	0.537284
0	228	35	0.535948
0	228	89	0.535911
0	228	78	0.535412
0	228	112	0.535376
0	228	77	0.534683
0	228	5	0.534295
0	228	82	0.533982
0	228	95	0.533665
0	228	9	0.533108
0	228	57	0.532176
0	228	13	0.531949
0	228	40	0.531719
0	228	65	0.531597
0	228	44	0.531592
0	228	112	0.529578
0	228	36	0.529355
0	228	55	0.528349
0	228	50	0.527104
0	228	50	0.5268
0	228	15	0.526602
0	228	100	0.526346
0	228	32	0.526122
1	228	0	0.525626
0	228	110	0.525518
0	228	91	0.525163
0	228	107	0.525134
0	228	92	0.524759
0	228	13	0.524599
1	228	0	0.523416
0	228	42	0.523313
0	228	34	0.523141
0	228	33	0.523052
0	228	39	0.52179
0	228	29	0.520566
0	228	94	0.520564
0	228	86	0.520157
0	228	116	0.519911
0	228	96	0.51982
0	228	63	0.519284
0	228	68	0.519082
0	228	12	0.519059
0	228	87	0.519012
0	228	69	0.518903
0	228	42	0.51871
0	228	47	0.518177
0	228	5	0.517737
0	228	11	0.517641
0	228	27	0.517406
0	228	27	0.517264
0	228	40	0.515498
0	228	19	0.515313
0	228	18	0.515217
0	228	84	0.515142
0	228	60	0.514962
0	228	114	0.514022
0	228	100	0.513883
0	228	54	0.513835
0	228	9	0.513817
0	228	32	0.513262
0	228	11	0.513192
0	228	33	0.511967
0	228	93	0.511463
0	228	84	0.511228
0	228	31	0.509632
0	228	71	0.509218
0	228	114	0.508857
0	228	99	0.508536
0	228	58	0.508444
0	228	72	0.507644
0	228	109	0.507453
0	228	113	0.504088
0	228	21	0.503347
0	228	107	0.502469
0	228	21	0.502204
0	228	40	0.50126
0	228	40	0.501168
0	228	70	0.499425
0	228	84	0.499381
0	228	94	0.497796
0	228	31	0.497379
0	228	89	0.496392
0	228	58	0.496292
0	228	69	0.495903
0	228	60	0.493708
0	228	13	0.493269
0	228	14	0.493228
0	228	110	0.492182
0	228	32	0.49152
0	228	50	0.49151
0	228	55	0.491476
0	228	107	0.491114
0	228	79	0.490951
0	228	99	0.489563
0	228	61	0.488669
0	228	18	0.488639
0	228	84	0.488442
0	228	27	0.488069
0	228	69	0.487253
0	228	8	0.486976
0	228	38	0.486722
0	228	24	0.486292
0	228	27	0.486116
0	228	58	0.485783
0	228	22	0.485619
0	228	16	0.485393
0	228	67	0.484982
0	228	11	0.484776
0	228	38	0.483597
0	228	37	0.483563
0	228	104	0.483238
0	228	17	0.48256
0	228	17	0.482474
0	228	28	0.481915
0	228	70	0.481669
0	228	97	0.481625
0	228	4	0.480711
0	228	41	0.480708
0	228	95	0.480005
0	228	101	0.479428
0	228	26	0.478934
0	228	94	0.478426
1	228	0	0.477982
0	228	75	0.477173
0	228	43	0.476112
0	228	40	0.475831
1	228	0	0.475679
0	228	79	0.475445
0	228	70	0.474113
0	228	66	0.473433
0	228	98	0.472181
0	228	103	0.472075
0	228	4	0.471649
0	228	67	0.471507
0	228	88	0.471367
0	228	64	0.470951
0	228	57	0.470222
0	228	50	0.469736
0	228	19	0.469657
0	228	48	0.468842
0	228	101	0.468156
0	228	15	0.468127
0	228	62	0.468071
0	228	45	0.467834
0	228	62	0.466951
0	228	9	0.466701
0	228	23	0.465378
0	228	91	0.464734
0	228	4	0.463876
0	228	11	0.463148
0	228	85	0.462902
0	228	81	0.462487
0	228	32	0.46218
0	228	50	0.461797
0	228	85	0.461183
0	228	35	0.461077
0	228	18	0.461028
0	228	8	0.460932
0	228	101	0.46086
0	228	91	0.460346
0	228	6	0.459451
0	228	50	0.459284
0	228	54	0.459247
0	228	82	0.458965
0	228	63	0.458605
0	228	43	0.457922
0	228	12	0.456284
0	228	42	0.454704
0	228	77	0.454685
0	228	99	0.454317
0	228	66	0.454207
0	228	66	0.452784
0	228	84	0.452547
0	228	67	0.452112
0	228	85	0.451758
0	228	44	0.451486
0	228	33	0.450693
1	228	0	0.449842
0	228	20	0.449703
0	228	92	0.447481
0	228	49	0.447238
0	228	50	0.447129
0	228	19	0.44671
0	228	63	0.44399
0	228	69	0.443572
0	228	64	0.443394
0	228	14	0.442613
0	228	27	0.442506
0	228	51	0.441133
0	228	52	0.438215
0	228	98	0.437929
0	228	50	0.437895
0	228	80	0.437656
0	228	2	0.437149
0	228	78	0.437036
0	228	93	0.436714
0	228	39	0.436403
0	228	51	0.436011
0	228	54	0.435401
0	228	1	0.43476
0	228	33	0.434286
0	228	55	0.434083
0	228	38	0.433759
0	228	91	0.433659
0	228	30	0.43353
0	228	46	0.432725
0	228	28	0.432179
0	228	96	0.431714
0	228	58	0.431517
0	228	50	0.431407
0	228	78	0.431366
0	228	86	0.430838
0	228	47	0.430535
0	228	86	0.429875
0	228	21	0.428721
0	228	83	0.428546
0	228	56	0.428247
0	228	44	0.427587
0	228	82	0.427482
0	228	51	0.427154
0	228	32	0.426666
0	228	5	0.426575
0	228	53	0.426556
0	228	7	0.426222
0	228	10	0.425943
0	228	16	0.425493
0	228	7	0.4237
0	228	55	0.423699
0	228	9	0.423592
0	228	22	0.423501
0	228	63	0.422646
0	228	77	0.422608
0	228	34	0.421709
0	228	58	0.420236
0	228	81	0.419723
0	228	74	0.419608
0	228	56	0.419445
0	228	71	0.419383
0	228	79	0.418848
0	228	81	0.418676
0	228	52	0.418607
0	228	2	0.418274
0	228	36	0.418269
0	228	10	0.418265
0	228	15	0.418116
0	228	50	0.418052
0	228	55	0.417677
0	228	21	0.417202
0	228	7	0.414716
0	228	44	0.414581
0	228	37	0.414295
0	228	19	0.414196
0	228	51	0.413706
0	228	41	0.413451
0	228	3	0.413429
0	228	33	0.413046
0	228	54	0.412895
0	228	26	0.412439
0	228	19	0.412328
0	228	35	0.410894
0	228	33	0.410855
0	228	61	0.410848
0	228	6	0.410609
0	228	55	0.410132
0	228	55	0.40987
0	228	30	0.409828
0	228	62	0.408626
0	228	9	0.408397
0	228	14	0.408216
0	228	44	0.407785
0	228	30	0.407208
0	228	42	0.406526
0	228	13	0.405114
0	228	79	0.40372
0	228	19	0.402772
0	228	24	0.402259
0	228	89	0.401213
0	228	70	0.400842
0	228	38	0.400585
0	228	37	0.400531
0	228	33	0.400038
0	228	89	0.39991
0	228	53	0.399533
0	228	54	0.398833
1	228	0	0.398441
0	228	80	0.398331
0	228	47	0.398081
0	228	87	0.397766
0	228	64	0.397613
0	228	86	0.396508
0	228	82	0.396352
0	228	76	0.39578
0	228	62	0.395201
0	228	4	0.394981
0	228	16	0.393056
0	228	47	0.392639
0	228	19	0.392418
0	228	23	0.390049
0	228	74	0.389949
0	228	47	0.389939
0	228	45	0.389097
0	228	43	0.388232
0	228	63	0.387356
0	228	87	0.386702
0	228	85	0.386567
0	228	23	0.386519
0	228	74	0.386235
0	228	85	0.385825
0	228	48	0.38581
0	228	52	0.384615
0	228	28	0.383543
0	228	25	0.383198
0	228	19	0.382238
0	228	11	0.382
0	228	40	0.381701
0	228	68	0.381594
0	228	33	0.381389
0	228	86	0.381136
0	228	58	0.380262
0	228	38	0.379808
0	228	50	0.378498
0	228	41	0.377751
0	228	51	0.377248
0	228	37	0.37695
0	228	83	0.37661
0	228	76	0.375092
0	228	37	0.374636
0	228	76	0.374364
0	228	77	0.374054
0	228	25	0.373856
0	228	52	0.373355
0	228	46	0.373211
0	228	16	0.3728
0	228	74	0.372339
0	228	36	0.370866
0	228	71	0.370247
0	228	54	0.369918
0	228	80	0.369911
0	228	80	0.36923
0	228	54	0.369067
0	228	82	0.368912
0	228	46	0.368887
0	228	1	0.368508
0	228	31	0.368444
0	228	14	0.367791
0	228	75	0.367574
0	228	43	0.367168
0	228	40	0.365716
0	228	68	0.365386
0	228	57	0.364829
0	228	12	0.362968
0	228	18	0.362296
0	228	44	0.36139
0	228	74	0.360476
0	228	11	0.360205
0	228	27	0.360039
0	228	66	0.359605
0	228	45	0.359347
0	228	30	0.358943
0	228	1	0.358209
0	228	44	0.357962
0	228	10	0.35622
0	228	23	0.356091
0	228	36	0.355798
0	228	13	0.355186
0	228	2	0.355153
0	228	67	0.35435
0	228	26	0.354278
0	228	17	0.353283
0	228	38	0.352777
0	228	77	0.352675
0	228	65	0.35265
0	228	29	0.352443
0	228	1	0.352433
0	228	60	0.352277
0	228	61	0.352055
0	228	67	0.351454
0	228	33	0.351362
0	228	35	0.349597
0	228	37	0.34945
0	228	23	0.348746
0	228	65	0.34843
0	228	19	0.348276
0	228	76	0.347777
0	228	22	0.346039
0	228	29	0.345993
0	228	29	0.344778
0	228	19	0.344018
0	228	24	0.342813
0	228	65	0.340677
0	228	76	0.340428
0	228	24	0.340124
0	228	56	0.33989
0	228	74	0.338522
0	228	7	0.338223
0	228	24	0.337862
0	228	52	0.33735
0	228	58	0.336934
0	228	34	0.336254
0	228	10	0.336197
0	228	44	0.335704
0	228	73	0.335306
0	228	4	0.33509
0	228	7	0.334308
0	228	57	0.333419
0	228	15	0.333341
0	228	55	0.333072
0	228	30	0.333006
0	228	33	0.331497
0	228	18	0.331484
0	228	68	0.331027
0	228	71	0.331011
1	228	0	0.330461
0	228	74	0.328938
0	228	69	0.328527
0	228	72	0.327674
0	228	62	0.326907
0	228	68	0.326173
0	228	36	0.325781
0	228	4	0.325193
0	228	13	0.324768
0	228	43	0.324432
0	228	22	0.324361
0	228	32	0.324243
0	228	22	0.324175
0	228	68	0.32363
0	228	57	0.323588
0	228	8	0.323373
0	228	17	0.32334
0	228	56	0.323334
0	228	67	0.323234
0	228	26	0.323112
0	228	8	0.31984
0	228	61	0.319302
0	228	72	0.318865
0	228	50	0.318269
1	228	0	0.317852
1	228	0	0.317507
0	228	38	0.317092
0	228	30	0.317028
0	228	40	0.316716
0	228	66	0.316498
0	228	15	0.316017
0	228	48	0.315458
0	228	71	0.315364
0	228	54	0.315116
0	228	13	0.315087
0	228	31	0.31404
0	228	22	0.313756
0	228	6	0.312659
0	228	2	0.312193
0	228	9	0.312071
0	228	3	0.311914
0	228	39	0.310746
0	228	13	0.310461
0	228	27	0.30996
0	228	8	0.309379
0	228	14	0.309347
0	228	68	0.307632
0	228	68	0.306168
0	228	63	0.306026
0	228	17	0.305684
0	228	69	0.304445
0	228	27	0.301929
0	228	44	0.300157
0	228	18	0.299338
0	228	66	0.299203
0	228	65	0.29908
0	228	63	0.298684
0	228	65	0.298207
0	228	55	0.297286
0	228	43	0.296931
0	228	9	0.29647
0	228	50	0.295943
0	228	49	0.29512
0	228	15	0.293925
0	228	22	0.293512
0	228	63	0.292749
0	228	56	0.291854
0	228	59	0.29105
0	228	15	0.289973
0	228	23	0.289526
0	228	63	0.289086
0	228	59	0.288424
0	228	58	0.287965
0	228	58	0.287718
0	228	44	0.28747
0	228	63	0.286209
0	228	27	0.283038
0	228	51	0.282486
0	228	20	0.282022
0	228	52	0.280689
0	228	31	0.280616
0	228	20	0.280096
0	228	29	0.280075
0	228	8	0.279896
0	228	61	0.279123
0	228	48	0.279089
0	228	22	0.278898
0	228	15	0.278822
0	228	5	0.278552
1	228	0	0.278282
0	228	44	0.277788
0	228	40	0.277213
0	228	23	0.276466
0	228	32	0.276355
0	228	53	0.275069
0	228	56	0.274302
0	228	44	0.274088
0	228	30	0.272805
0	228	51	0.272615
0	228	50	0.272395
0	228	5	0.271865
0	228	14	0.271794
0	228	18	0.271736
0	228	51	0.2708
0	228	53	0.270593
0	228	38	0.270486
0	228	4	0.270434
0	228	35	0.269777
0	228	38	0.26965
0	228	5	0.269099
0	228	33	0.269042
0	228	58	0.268205
0	228	18	0.268055
0	228	29	0.266901
0	228	1	0.265944
0	228	37	0.265249
0	228	4	0.265007
0	228	13	0.264578
0	228	56	0.263858
0	228	56	0.262679
0	228	51	0.262225
0	228	15	0.261869
0	228	28	0.260469
0	228	17	0.260347
0	228	15	0.260102
1	228	0	0.25788
0	228	21	0.25771
0	228	10	0.257581
0	228	7	0.256897
0	228	26	0.256437
0	228	9	0.255335
0	228	12	0.255324
0	228	16	0.255054
0	228	22	0.254631
0	228	55	0.254052
0	228	36	0.253663
0	228	24	0.253458
0	228	52	0.253453
0	228	56	0.253081
0	228	9	0.253041
0	228	9	0.252494
0	228	54	0.252396
0	228	39	0.251819
0	228	38	0.251679
0	228	53	0.249514
0	228	7	0.248951
0	228	10	0.248536
0	228	9	0.247704
0	228	54	0.247618
0	228	54	0.247109
0	228	53	0.246262
0	228	29	0.244828
0	228	29	0.24446
0	228	32	0.244163
0	228	17	0.24407
0	228	15	0.243523
0	228	44	0.242967
0	228	1	0.242862
0	228	44	0.241815
0	228	7	0.24168
0	228	25	0.241667
0	228	31	0.241655
0	228	30	0.241628
0	228	37	0.241422
0	228	25	0.241133
0	228	17	0.240749
0	228	40	0.240234
0	228	53	0.239838
0	228	20	0.238814
0	228	43	0.238668
0	228	25	0.238343
0	228	5	0.237909
0	228	17	0.237747
0	228	4	0.237336
0	228	20	0.23727
0	228	24	0.237176
0	228	16	0.236582
0	228	32	0.236365
0	228	52	0.236252
0	228	12	0.236009
0	228	53	0.234507
0	228	32	0.23446
0	228	9	0.233169
0	228	6	0.232991
0	228	53	0.232969
0	228	13	0.231851
0	228	3	0.230895
0	228	39	0.230118
0	228	38	0.230051
0	228	22	0.229694
0	228	11	0.229139
0	228	6	0.228808
0	228	50	0.228475
0	228	43	0.228386
0	228	22	0.228168
0	228	12	0.227803
0	228	2	0.227641
0	228	37	0.22659
0	228	24	0.226386
0	228	19	0.225673
0	228	17	0.225036
0	228	5	0.224771
0	228	30	0.224332
0	228	44	0.224082
0	228	5	0.22363
0	228	31	0.223318
0	228	12	0.223051
0	228	12	0.222922
0	228	12	0.222664
0	228	24	0.221883
0	228	42	0.221239
0	228	47	0.221016
0	228	35	0.219372
0	228	46	0.218275
0	228	5	0.217515
0	228	19	0.217138
0	228	7	0.216552
0	228	47	0.216408
0	228	18	0.215165
0	228	10	0.214957
0	228	44	0.214845
0	228	35	0.214255
0	228	17	0.213978
0	228	28	0.213835
0	228	29	0.213653
0	228	11	0.213062
0	228	14	0.212951
0	228	7	0.211709
0	228	1	0.211454
0	228	41	0.210757
0	228	7	0.210103
0	228	37	0.209697
0	228	38	0.209461
0	228	4	0.208864
0	228	34	0.208656
0	228	35	0.208172
0	228	44	0.207732
0	228	32	0.207609
0	228	37	0.207218
0	228	37	0.207179
0	228	46	0.207179
0	228	47	0.206853
0	228	41	0.206679
0	228	3	0.206233
0	228	5	0.205698
0	228	35	0.205591
0	228	45	0.205106
0	228	14	0.205009
0	228	21	0.204442
0	228	25	0.204003
0	228	44	0.203575
0	228	46	0.203272
0	228	45	0.202186
0	228	11	0.202148
0	228	21	0.202113
0	228	33	0.201952
0	228	39	0.201854
0	228	29	0.201781
1	228	0	0.201589
0	228	4	0.20106
0	228	14	0.200617
0	228	19	0.200615
0	228	33	0.200017
0	228	15	0.199623
0	228	33	0.198924
0	228	25	0.198541
0	228	8	0.198273
0	228	2	0.197072
0	228	39	0.196818
0	228	21	0.196521
0	228	4	0.195996
0	228	29	0.195827
0	228	4	0.194771
0	228	34	0.19457
0	228	30	0.194329
0	228	2	0.194008
0	228	39	0.193729
0	228	13	0.193588
0	228	25	0.193554
0	228	43	0.193417
0	228	23	0.191026
0	228	21	0.189381
0	228	24	0.189357
0	228	31	0.18931
0	228	41	0.189227
0	228	42	0.188526
0	228	30	0.188209
0	228	37	0.186893
0	228	11	0.186723
0	228	19	0.184003
0	228	22	0.183988
0	228	11	0.183314
0	228	12	0.182517
0	228	16	0.180794
0	228	9	0.180254
0	228	17	0.17986
0	228	24	0.179727
0	228	11	0.177698
0	228	7	0.175921
0	228	4	0.174438
0	228	4	0.173036
0	228	18	0.172897
0	228	9	0.172242
0	228	24	0.171272
0	228	2	0.170648
0	228	6	0.170547
0	228	30	0.169277
0	228	22	0.168398
0	228	20	0.168221
0	228	24	0.168214
0	228	28	0.166361
0	228	19	0.166216
0	228	35	0.166143
0	228	36	0.165373
0	228	14	0.165291
0	228	4	0.16462
0	228	26	0.164473
0	228	11	0.164264
0	228	22	0.163955
0	228	20	0.162607
0	228	21	0.162247
0	228	8	0.161681
0	228	16	0.161077
0	228	3	0.16073
0	228	21	0.160386
0	228	26	0.160059
0	228	4	0.159915
0	228	22	0.159866
0	228	27	0.157954
0	228	9	0.15789
0	228	3	0.157781
0	228	8	0.157486
0	228	32	0.157383
0	228	12	0.15733
0	228	9	0.157289
0	228	5	0.1568
0	228	31	0.156567
0	228	1	0.156538
0	228	22	0.155617
0	228	34	0.155063
0	228	11	0.15452
0	228	4	0.153616
0	228	6	0.153488
0	228	27	0.153325
0	228	17	0.152287
0	228	8	0.151615
0	228	23	0.151218
0	228	4	0.150039
0	228	14	0.150031
0	228	32	0.149273
0	228	26	0.14871
0	228	9	0.148474
0	228	12	0.14771
0	228	31	0.14595
0	228	33	0.14522
0	228	30	0.144607
0	228	14	0.144095
0	228	8	0.143511
0	228	21	0.142962
0	228	11	0.141939
0	228	5	0.141924
0	228	14	0.14169
0	228	31	0.14104
0	228	12	0.140828
0	228	4	0.140447
0	228	15	0.140352
0	228	21	0.140099
0	228	14	0.139971
0	228	19	0.139953
0	228	21	0.139179
0	228	14	0.139178
0	228	20	0.139029
0	228	27	0.138972
1	228	0	0.138219
0	228	21	0.137327
0	228	19	0.137114
0	228	22	0.136914
0	228	6	0.136004
0	228	6	0.135885
0	228	11	0.135823
0	228	2	0.135709
0	228	24	0.135676
0	228	16	0.135443
0	228	4	0.134345
0	228	30	0.13313
0	228	5	0.132279
0	228	5	0.132173
0	228	4	0.131934
0	228	19	0.131677
0	228	7	0.131483
0	228	9	0.130733
0	228	29	0.130633
0	228	6	0.129988
0	228	14	0.129874
0	228	27	0.129444
0	228	26	0.129286
0	228	2	0.129251
0	228	9	0.128569
0	228	13	0.127655
0	228	24	0.127448
0	228	7	0.127025
0	228	13	0.126985
0	228	18	0.126572
0	228	25	0.126302
0	228	7	0.126209
0	228	11	0.125391
0	228	10	0.125091
0	228	4	0.123576
0	228	8	0.12322
0	228	21	0.122324
0	228	24	0.122193
0	228	13	0.122116
1	228	0	0.122048
1	228	0	0.121914
0	228	3	0.121771
0	228	24	0.121239
0	228	22	0.120498
0	228	12	0.120368
0	228	2	0.120352
0	228	1	0.12011
0	228	8	0.120051
0	228	19	0.120023
0	228	26	0.120014
0	228	1	0.119428
0	228	7	0.118768
0	228	2	0.11828
0	228	17	0.117625
0	228	24	0.116949
0	228	9	0.116873
0	228	1	0.11668
0	228	22	0.11521
0	228	6	0.115193
0	228	15	0.114425
0	228	14	0.114177
1	228	0	0.112221
0	228	12	0.112014
0	228	3	0.111863
0	228	6	0.111739
0	228	2	0.111335
0	228	10	0.110617
0	228	5	0.110391
0	228	19	0.11016
0	228	23	0.10865
0	228	18	0.108308
0	228	19	0.106916
0	228	21	0.106197
0	228	4	0.10545
0	228	3	0.105151
0	228	23	0.104525
0	228	6	0.104398
0	228	5	0.103469
0	228	9	0.103028
0	228	12	0.102968
0	228	3	0.102669
0	228	12	0.102658
0	228	15	0.102295
0	228	23	0.101501
0	228	21	0.101096
0	228	12	0.100801
0	228	13	0.100583
0	228	11	0.10037
0	228	7	0.0996934
0	228	6	0.0993716
0	228	4	0.099209
0	228	16	0.0990217
0	228	12	0.0987106
0	228	8	0.0983475
0	228	19	0.0980833
0	228	7	0.097092
0	228	9	0.0962705
0	228	4	0.0950891
0	228	11	0.0948635
0	228	19	0.0946422
0	228	12	0.094554
0	228	6	0.0937301
0	228	11	0.0930319
0	228	4	0.0930048
0	228	9	0.0923537
0	228	5	0.0919439
0	228	8	0.0919271
0	228	1	0.0911873
0	228	12	0.0909829
0	228	6	0.0900085
1	228	0	0.0898772
0	228	16	0.0898687
0	228	15	0.0897679
0	228	12	0.0897382
0	228	5	0.0896866
0	228	17	0.0889376
0	228	16	0.0886863
0	228	11	0.0866823
0	228	10	0.0863598
0	228	14	0.0861975
0	228	17	0.0860691
0	228	10	0.0851895
0	228	17	0.0850683
0	228	10	0.0848243
0	228	11	0.0845149
0	228	14	0.0844296
0	228	9	0.084074
0	228	1	0.0835339
0	228	17	0.0831997
0	228	11	0.0822743
0	228	14	0.0822002
0	228	16	0.0821251
0	228	12	0.081511
0	228	9	0.0811867
0	228	5	0.080894
0	228	10	0.0807151
0	228	11	0.0806067
0	228	8	0.0805674
0	228	2	0.0800102
0	228	14	0.0798256
0	228	12	0.0796108
0	228	9	0.0793298
0	228	17	0.0782964
0	228	3	0.0774081
0	228	2	0.0771423
0	228	2	0.0769306
1	228	0	0.0768408
0	228	1	0.0762552
0	228	14	0.0759335
0	228	12	0.0758137
0	228	1	0.0753663
0	228	4	0.0736037
0	228	16	0.0732484
1	228	0	0.0732181
0	228	6	0.0732159
0	228	8	0.072988
0	228	0	0.0726715
0	228	12	0.0721224
0	228	13	0.0720061
0	228	6	0.0717324
0	228	2	0.0716301
0	228	2	0.0709261
0	228	3	0.0702322
0	228	5	0.0701441
0	228	11	0.0694659
0	228	11	0.0688839
0	228	2	0.0684662
0	228	4	0.0680198
0	228	13	0.0679735
0	228	5	0.067937
0	228	0	0.0673044
0	228	5	0.0662878
0	228	6	0.0661745
0	228	9	0.0659219
0	228	8	0.0649828
0	228	0	0.0649613
0	228	1	0.064803
0	228	1	0.0643349
0	228	8	0.0643346
0	228	8	0.0642397
0	228	13	0.0641896
0	228	12	0.0639541
0	228	11	0.0636653
0	228	13	0.0636632
0	228	1	0.0632828
0	228	8	0.0632408
0	228	7	0.0632386
0	228	12	0.0625203
0	228	6	0.0604003
0	228	8	0.0599009
0	228	10	0.0593353
0	228	5	0.0589524
0	228	6	0.0582826
0	228	7	0.0578214
0	228	4	0.0576925
0	228	10	0.0575916
0	228	9	0.0563581
0	228	3	0.0561945
0	228	0	0.0561313
0	228	9	0.0556515
0	228	2	0.055588
0	228	5	0.0555571
0	228	10	0.0533741
0	228	11	0.0529828
0	228	7	0.0516972
0	228	7	0.0514102
0	228	4	0.0509605
0	228	8	0.0502337
0	228	8	0.0501107
0	228	3	0.0492697
0	228	9	0.0487673
0	228	7	0.0485625
0	228	1	0.0482305
0	228	8	0.0479908
0	228	9	0.0478169
0	228	0	0.0475712
0	228	8	0.0464996
0	228	6	0.0460439
0	228	2	0.0460178
0	228	0	0.0457859
0	228	5	0.0448877
0	228	5	0.044786
0	228	6	0.0435397
0	228	6	0.0432461
0	228	2	0.0429759
0	228	3	0.0426618
0	228	7	0.0421572
0	228	8	0.0421313
0	228	5	0.0418542
0	228	4	0.0415471
0	228	2	0.040864
0	228	5	0.0406622
0	228	3	0.040461
0	228	6	0.039788
0	228	4	0.0396825
0	228	6	0.0396585
0	228	1	0.0395031
0	228	7	0.0388893
0	228	4	0.0386074
0	228	3	0.0381844
0	228	6	0.0374322
0	228	2	0.0373802
0	228	7	0.0372469
0	228	7	0.0370728
0	228	3	0.0352775
0	228	7	0.0345953
0	228	6	0.0343167
0	228	1	0.0341935
0	228	1	0.0341895
0	228	2	0.0337328
0	228	6	0.033583
0	228	7	0.0332692
0	228	1	0.0326688
0	228	4	0.032656
0	228	1	0.032132
0	228	4	0.0317846
0	228	7	0.0315669
0	228	6	0.0311447
0	228	0	0.0306195
0	228	0	0.0292833
0	228	5	0.0289797
0	228	1	0.0288484
0	228	4	0.0285267
0	228	0	0.0283874
0	228	3	0.0280169
0	228	0	0.0277652
0	228	2	0.0276252
0	228	0	0.0273229
0	228	1	0.0272207
0	228	3	0.0271217
0	228	0	0.0268942
0	228	1	0.0258582
0	228	2	0.0255049
0	228	2	0.0254028
0	228	3	0.0251963
0	228	1	0.0248943
0	228	2	0.0246184
0	228	4	0.0238502
0	228	1	0.0226913
0	228	1	0.0225378
0	228	5	0.0222313
0	228	2	0.0220767
0	228	4	0.0220647
0	228	4	0.0207529
0	228	3	0.0207095
0	228	1	0.0205251
0	228	4	0.0198201
0	228	1	0.0197928
0	228	4	0.0196408
0	228	2	0.0192349
0	228	0	0.0186299
0	228	0	0.0186267
0	228	2	0.0181696
0	228	4	0.0180476
0	228	2	0.0173432
0	228	3	0.0170764
0	228	1	0.0168369
0	228	1	0.0161692
0	228	0	0.0157527
0	228	2	0.0156708
0	228	3	0.0151194
0	228	0	0.0149974
0	228	1	0.0146915
0	228	1	0.0137865
0	228	2	0.0126158
0	228	2	0.0122893
0	228	2	0.0112935
0	228	1	0.0112784
