4507.7
0.00991388
2000
1	213	20	0.989941
1	213	52	0.989434
0	213	198	0.989382
1	213	6	0.986436
1	213	50	0.986191
1	213	113	0.985529
1	213	23	0.985344
0	213	149	0.984721
1	213	14	0.984712
0	213	185	0.984456
1	213	101	0.983987
1	213	12	0.982906
0	213	141	0.982716
0	213	183	0.981903
1	213	83	0.981419
0	213	106	0.979523
0	213	123	0.979088
0	213	142	0.978146
0	213	151	0.978134
1	213	4	0.97811
1	213	80	0.977965
1	213	11	0.977084
1	213	16	0.977055
1	213	60	0.97701
1	213	81	0.976785
1	213	53	0.975951
0	213	95	0.975037
0	213	180	0.974958
0	213	148	0.974516
0	213	185	0.974311
0	213	134	0.973926
0	213	146	0.973717
1	213	58	0.973178
0	213	96	0.972743
1	213	30	0.971808
0	213	153	0.971347
0	213	194	0.970969
1	213	48	0.969787
0	213	156	0.968801
1	213	57	0.967744
0	213	83	0.966842
1	213	57	0.966649
1	213	21	0.966122
1	213	2	0.96586
1	213	36	0.964277
0	213	155	0.963926
1	213	23	0.96362
0	213	104	0.963361
0	213	122	0.963325
1	213	20	0.962352
0	213	119	0.96171
0	213	56	0.96171
0	213	203	0.960947
1	213	32	0.960788
1	213	23	0.960387
0	213	133	0.960038
0	213	162	0.959757
0	213	103	0.959624
0	213	105	0.958189
0	213	67	0.956908
0	213	76	0.956818
0	213	172	0.956244
0	213	56	0.955319
1	213	23	0.954509
0	213	48	0.953911
1	213	12	0.953441
0	213	108	0.953404
0	213	88	0.953212
1	213	18	0.952293
1	213	19	0.952217
0	213	70	0.95212
0	213	156	0.951974
1	213	1	0.95053
0	213	149	0.950211
0	213	149	0.949918
0	213	147	0.949696
0	213	159	0.94873
0	213	97	0.948234
0	213	72	0.948123
0	213	86	0.947668
0	213	66	0.947522
1	213	5	0.947336
0	213	84	0.946439
0	213	64	0.946415
0	213	170	0.946319
0	213	97	0.945847
0	213	108	0.944926
0	213	147	0.94486
0	213	186	0.944181
0	213	131	0.943846
0	213	41	0.943582
0	213	159	0.943456
0	213	34	0.943148
0	213	177	0.942941
0	213	114	0.942201
0	213	175	0.941802
0	213	98	0.940769
0	213	49	0.940766
1	213	11	0.940107
0	213	159	0.939663
0	213	133	0.938979
0	213	30	0.938787
1	213	18	0.938749
0	213	64	0.938594
0	213	157	0.938312
0	213	121	0.937705
0	213	40	0.936772
0	213	146	0.936744
0	213	100	0.936685
0	213	87	0.936622
0	213	62	0.936014
0	213	161	0.935832
0	213	141	0.935291
0	213	179	0.934938
0	213	111	0.9345
0	213	127	0.934363
0	213	90	0.934206
0	213	46	0.933945
0	213	104	0.932833
0	213	132	0.932797
0	213	95	0.932684
0	213	139	0.93267
0	213	60	0.932499
0	213	151	0.932441
0	213	195	0.932276
1	213	5	0.931423
0	213	24	0.929856
1	213	22	0.929778
0	213	33	0.929752
0	213	179	0.929681
0	213	85	0.929602
1	213	20	0.929545
1	213	22	0.929262
1	213	9	0.929129
0	213	171	0.929129
0	213	197	0.928373
0	213	83	0.928369
0	213	57	0.928121
0	213	54	0.927972
0	213	26	0.92763
0	213	182	0.927282
0	213	101	0.927096
0	213	49	0.926962
0	213	91	0.926321
0	213	103	0.926312
0	213	127	0.925787
0	213	195	0.925383
0	213	105	0.924979
0	213	45	0.924902
1	213	17	0.922831
0	213	165	0.922719
0	213	133	0.922215
1	213	7	0.922153
0	213	54	0.921511
0	213	68	0.921493
0	213	27	0.921378
0	213	22	0.921132
0	213	21	0.920768
0	213	148	0.917989
0	213	136	0.916859
0	213	182	0.916811
0	213	140	0.916012
0	213	167	0.915579
0	213	76	0.915466
0	213	140	0.914788
0	213	188	0.914547
0	213	100	0.914063
0	213	21	0.913975
0	213	110	0.913732
0	213	143	0.91321
0	213	62	0.912606
0	213	184	0.912245
0	213	75	0.911553
0	213	103	0.911245
0	213	146	0.911063
0	213	164	0.910979
0	213	19	0.910309
1	213	7	0.910136
0	213	59	0.910043
0	213	41	0.909715
0	213	85	0.909616
0	213	133	0.909409
1	213	11	0.909241
0	213	167	0.909153
1	213	4	0.908731
0	213	178	0.907116
0	213	181	0.907106
0	213	62	0.906829
0	213	27	0.905857
0	213	66	0.905709
0	213	128	0.905555
0	213	97	0.905451
0	213	28	0.905103
0	213	126	0.904922
0	213	146	0.90473
0	213	153	0.904651
0	213	115	0.903527
0	213	25	0.903524
0	213	34	0.902841
0	213	168	0.902007
0	213	19	0.901689
0	213	80	0.900817
0	213	152	0.900384
0	213	106	0.900295
0	213	114	0.898743
0	213	134	0.898726
0	213	190	0.898346
0	213	186	0.896473
0	213	119	0.895138
0	213	123	0.894316
0	213	88	0.894282
0	213	149	0.894148
0	213	60	0.894001
0	213	98	0.893927
1	213	4	0.892261
0	213	119	0.890501
0	213	126	0.89049
0	213	65	0.887948
0	213	28	0.887792
0	213	65	0.88606
0	213	123	0.884707
0	213	166	0.88303
0	213	132	0.88294
0	213	58	0.882654
0	213	182	0.882622
0	213	19	0.882463
1	213	2	0.882401
0	213	80	0.881739
0	213	44	0.881095
0	213	136	0.880525
0	213	132	0.880229
0	213	107	0.87998
0	213	96	0.87989
0	213	117	0.879207
0	213	166	0.879172
0	213	22	0.87775
0	213	97	0.877361
0	213	170	0.877022
0	213	68	0.87663
0	213	145	0.876482
0	213	163	0.875221
0	213	134	0.874885
0	213	114	0.874712
0	213	128	0.874181
0	213	131	0.873985
1	213	10	0.873441
0	213	17	0.873067
0	213	54	0.872601
0	213	141	0.871252
1	213	8	0.870424
0	213	29	0.870019
0	213	125	0.869499
0	213	181	0.869394
0	213	28	0.869352
0	213	160	0.869223
1	213	5	0.867424
0	213	56	0.867225
0	213	99	0.866498
0	213	109	0.865071
0	213	54	0.864913
0	213	10	0.864889
0	213	43	0.864381
0	213	56	0.864353
1	213	8	0.864205
0	213	152	0.863641
0	213	28	0.863155
0	213	147	0.862772
0	213	42	0.861725
0	213	23	0.86145
0	213	99	0.861336
0	213	52	0.860527
0	213	146	0.860342
0	213	103	0.859091
0	213	12	0.858552
0	213	163	0.857326
0	213	58	0.85672
0	213	125	0.856322
0	213	107	0.855261
0	213	12	0.855109
0	213	133	0.854907
0	213	41	0.854701
0	213	168	0.854496
0	213	150	0.854269
0	213	107	0.854198
0	213	57	0.853828
0	213	95	0.853184
0	213	12	0.852707
0	213	92	0.851406
0	213	19	0.850837
0	213	81	0.850523
0	213	73	0.849873
0	213	178	0.84971
0	213	93	0.849268
0	213	143	0.848921
0	213	118	0.847918
0	213	33	0.847565
0	213	103	0.847382
0	213	176	0.847251
0	213	68	0.846829
0	213	127	0.846525
0	213	57	0.846311
0	213	84	0.844801
1	213	3	0.844114
0	213	151	0.841956
0	213	126	0.841643
0	213	129	0.840802
0	213	171	0.84035
0	213	165	0.840264
0	213	108	0.83925
0	213	11	0.838847
0	213	13	0.838655
0	213	35	0.838403
0	213	21	0.837952
0	213	120	0.837804
0	213	32	0.837753
0	213	147	0.837192
0	213	87	0.836816
0	213	122	0.836335
0	213	48	0.835792
0	213	20	0.835579
0	213	81	0.833982
0	213	129	0.833405
0	213	129	0.832833
0	213	70	0.832679
0	213	27	0.832229
0	213	83	0.831061
0	213	16	0.830675
0	213	140	0.830354
0	213	35	0.829779
0	213	105	0.829012
0	213	157	0.828595
0	213	139	0.827986
0	213	47	0.827926
0	213	100	0.826403
1	213	3	0.82607
0	213	53	0.823335
0	213	160	0.823128
0	213	108	0.821883
0	213	163	0.821513
0	213	170	0.821245
0	213	151	0.821161
0	213	127	0.820646
0	213	110	0.819809
0	213	124	0.819755
0	213	116	0.819439
0	213	115	0.819406
0	213	70	0.819115
0	213	1	0.819028
0	213	145	0.818506
0	213	2	0.817749
0	213	25	0.817146
0	213	118	0.816773
0	213	92	0.815691
0	213	102	0.815481
0	213	170	0.815297
0	213	40	0.815103
0	213	20	0.814382
0	213	81	0.814
0	213	42	0.81328
0	213	72	0.813054
0	213	121	0.812377
0	213	135	0.811738
0	213	80	0.811606
0	213	100	0.810357
0	213	23	0.810145
0	213	41	0.810093
0	213	154	0.809682
0	213	140	0.809672
0	213	74	0.809285
0	213	34	0.808991
0	213	0	0.808636
0	213	10	0.807949
0	213	91	0.807907
0	213	94	0.807582
0	213	127	0.8075
0	213	81	0.806176
0	213	131	0.806089
0	213	154	0.805877
0	213	161	0.805307
0	213	62	0.804295
0	213	68	0.80398
0	213	79	0.803915
0	213	46	0.803572
0	213	24	0.803419
0	213	132	0.802701
0	213	18	0.801987
0	213	156	0.800568
0	213	164	0.800307
0	213	139	0.799783
0	213	75	0.799475
0	213	24	0.799347
0	213	63	0.79906
0	213	64	0.798416
0	213	104	0.7984
0	213	139	0.797786
0	213	28	0.797533
0	213	158	0.795256
0	213	28	0.794552
0	213	96	0.793436
0	213	7	0.793292
0	213	29	0.793172
0	213	28	0.792886
0	213	94	0.791073
0	213	12	0.790532
0	213	48	0.79029
0	213	15	0.79027
0	213	132	0.788615
0	213	32	0.788567
0	213	162	0.788106
0	213	55	0.787991
0	213	30	0.787424
0	213	44	0.787361
0	213	157	0.786606
0	213	55	0.78582
0	213	77	0.785359
0	213	166	0.785239
0	213	94	0.785082
0	213	133	0.784683
0	213	57	0.784161
0	213	140	0.783888
0	213	45	0.783843
0	213	29	0.783559
0	213	128	0.782465
0	213	35	0.782345
0	213	156	0.781997
0	213	56	0.781943
0	213	149	0.781814
0	213	35	0.780778
0	213	165	0.779982
0	213	66	0.779015
0	213	121	0.778056
0	213	18	0.778053
0	213	43	0.777978
0	213	154	0.777726
0	213	144	0.77725
0	213	33	0.776501
0	213	134	0.774942
0	213	50	0.774778
0	213	25	0.774507
0	213	5	0.774209
0	213	101	0.773425
0	213	30	0.773195
0	213	162	0.772632
0	213	71	0.772617
0	213	25	0.772563
0	213	11	0.772209
0	213	98	0.771308
0	213	131	0.771002
0	213	119	0.769843
0	213	51	0.769652
0	213	38	0.768611
0	213	52	0.768453
0	213	138	0.768374
0	213	128	0.766834
0	213	92	0.766605
0	213	50	0.766505
0	213	33	0.765998
0	213	69	0.765595
0	213	122	0.765179
0	213	105	0.764215
0	213	113	0.762993
0	213	146	0.762655
0	213	41	0.761581
0	213	62	0.760932
0	213	136	0.759339
0	213	141	0.759235
0	213	105	0.759116
0	213	3	0.758566
0	213	45	0.75816
0	213	3	0.757893
0	213	50	0.757872
0	213	153	0.757594
0	213	109	0.757568
0	213	28	0.757358
0	213	25	0.756988
0	213	26	0.756414
0	213	113	0.756348
0	213	54	0.756338
0	213	103	0.756126
0	213	90	0.756067
0	213	74	0.755754
0	213	95	0.755734
0	213	19	0.755658
0	213	58	0.755607
0	213	117	0.755321
0	213	137	0.754214
0	213	79	0.754031
0	213	15	0.753498
0	213	132	0.752982
0	213	21	0.751535
0	213	11	0.751269
0	213	6	0.751218
0	213	20	0.750613
0	213	159	0.750072
0	213	30	0.750015
0	213	36	0.749843
0	213	49	0.749605
0	213	48	0.748428
0	213	30	0.747486
0	213	50	0.747309
0	213	21	0.746959
0	213	33	0.746912
0	213	53	0.7464
0	213	76	0.745993
0	213	35	0.745823
0	213	103	0.745747
0	213	114	0.745321
0	213	93	0.744716
0	213	62	0.744673
0	213	139	0.743433
0	213	120	0.742799
0	213	113	0.741911
0	213	71	0.741895
0	213	28	0.741479
0	213	53	0.741104
0	213	82	0.740927
0	213	26	0.740786
0	213	97	0.740237
0	213	55	0.740017
0	213	75	0.739813
0	213	67	0.739437
0	213	95	0.739271
0	213	26	0.739032
0	213	100	0.739003
0	213	113	0.738956
0	213	109	0.73891
0	213	110	0.738339
0	213	46	0.738308
0	213	106	0.737534
0	213	116	0.737065
0	213	57	0.735654
0	213	100	0.73519
0	213	24	0.735015
0	213	1	0.734873
0	213	18	0.733983
0	213	50	0.732708
0	213	117	0.73265
0	213	10	0.731459
0	213	117	0.731425
0	213	95	0.730491
0	213	101	0.730416
0	213	41	0.729655
0	213	72	0.728819
0	213	25	0.728209
0	213	40	0.727595
0	213	68	0.725893
0	213	132	0.725386
0	213	20	0.724034
0	213	7	0.723475
0	213	20	0.722892
0	213	66	0.722587
0	213	16	0.722048
0	213	13	0.722019
0	213	23	0.721867
0	213	82	0.720236
0	213	43	0.719496
0	213	111	0.718984
0	213	87	0.718521
0	213	108	0.71796
0	213	124	0.717617
0	213	63	0.717498
0	213	41	0.716705
0	213	117	0.715492
0	213	96	0.714213
0	213	93	0.714003
0	213	25	0.713542
0	213	72	0.713449
0	213	89	0.713418
0	213	42	0.713316
0	213	129	0.713111
0	213	81	0.712875
0	213	52	0.711562
0	213	92	0.711223
0	213	51	0.710884
0	213	3	0.708839
0	213	16	0.708684
0	213	111	0.708281
0	213	50	0.707857
0	213	60	0.707615
0	213	42	0.707445
0	213	23	0.7071
0	213	70	0.706961
0	213	0	0.706875
0	213	124	0.706248
0	213	51	0.705981
0	213	65	0.703608
0	213	71	0.703076
0	213	131	0.70299
0	213	72	0.702984
0	213	45	0.70243
0	213	120	0.701798
0	213	63	0.701362
0	213	111	0.700277
0	213	91	0.700089
0	213	118	0.699584
0	213	43	0.698621
0	213	54	0.698543
0	213	8	0.697622
0	213	2	0.69748
0	213	72	0.697407
0	213	72	0.697397
0	213	18	0.696871
0	213	59	0.695996
0	213	37	0.694623
0	213	83	0.694189
0	213	147	0.693992
0	213	27	0.691671
0	213	92	0.691564
0	213	74	0.690425
0	213	113	0.690308
0	213	76	0.690256
0	213	34	0.689864
0	213	136	0.689526
0	213	21	0.689398
0	213	19	0.688996
0	213	140	0.688792
0	213	96	0.68878
0	213	144	0.688724
0	213	13	0.687848
0	213	34	0.687516
0	213	79	0.687211
0	213	61	0.68634
0	213	113	0.685997
0	213	102	0.685851
0	213	35	0.68584
0	213	14	0.685737
0	213	104	0.685565
0	213	111	0.685466
0	213	27	0.68528
0	213	28	0.684919
0	213	45	0.684255
0	213	116	0.684242
0	213	64	0.683583
0	213	142	0.683275
0	213	28	0.682661
0	213	125	0.682525
0	213	120	0.682206
0	213	4	0.681032
0	213	88	0.680903
0	213	26	0.68044
0	213	138	0.679363
0	213	76	0.679149
0	213	13	0.678943
0	213	29	0.678521
0	213	110	0.678416
0	213	45	0.677605
0	213	39	0.677467
0	213	100	0.677458
0	213	72	0.675779
0	213	44	0.675675
0	213	136	0.675016
0	213	16	0.674611
0	213	91	0.674019
0	213	9	0.673882
0	213	20	0.672764
0	213	84	0.672662
0	213	11	0.672458
0	213	34	0.67233
0	213	65	0.672317
0	213	6	0.671962
0	213	81	0.671768
0	213	82	0.671436
0	213	121	0.671144
0	213	36	0.670783
0	213	62	0.670464
0	213	47	0.669399
0	213	43	0.669244
0	213	0	0.669137
0	213	54	0.667508
0	213	23	0.666941
0	213	2	0.666805
0	213	71	0.666345
0	213	4	0.665282
0	213	105	0.664672
0	213	110	0.663548
0	213	57	0.66354
0	213	135	0.662626
0	213	83	0.66105
0	213	119	0.660834
0	213	84	0.660024
0	213	1	0.659813
0	213	17	0.658303
0	213	31	0.658214
0	213	7	0.658188
0	213	4	0.657782
0	213	85	0.656761
0	213	69	0.65655
0	213	7	0.655252
0	213	123	0.654592
0	213	85	0.65289
0	213	76	0.652052
0	213	8	0.65187
0	213	55	0.649723
0	213	6	0.648911
0	213	42	0.648102
0	213	61	0.647757
0	213	119	0.647729
0	213	42	0.647679
0	213	98	0.647419
0	213	23	0.64719
0	213	64	0.647132
0	213	110	0.647053
0	213	85	0.646441
0	213	86	0.646409
0	213	22	0.64574
0	213	71	0.645682
0	213	49	0.644481
0	213	105	0.643251
0	213	16	0.642963
0	213	66	0.642944
0	213	67	0.642642
0	213	50	0.642483
1	213	1	0.641995
0	213	12	0.641564
0	213	95	0.64119
0	213	90	0.641134
0	213	16	0.641122
0	213	52	0.640793
0	213	90	0.640749
0	213	43	0.640385
0	213	34	0.639884
0	213	5	0.639705
0	213	8	0.639621
0	213	119	0.63919
0	213	52	0.638368
0	213	34	0.637787
0	213	117	0.637736
0	213	40	0.637476
0	213	35	0.637402
0	213	83	0.636687
0	213	85	0.636409
1	213	3	0.636196
0	213	74	0.635988
0	213	91	0.635398
0	213	57	0.635101
0	213	5	0.634211
1	213	2	0.632566
0	213	71	0.632261
0	213	133	0.631946
0	213	124	0.631833
0	213	36	0.63181
0	213	120	0.631141
0	213	10	0.630762
0	213	108	0.630464
0	213	128	0.629823
0	213	118	0.629813
0	213	80	0.62929
0	213	76	0.628955
0	213	86	0.628895
0	213	29	0.628721
0	213	29	0.628509
0	213	19	0.628307
0	213	119	0.627471
0	213	8	0.627169
0	213	130	0.626235
0	213	127	0.625837
0	213	62	0.625336
0	213	78	0.625062
0	213	21	0.624154
0	213	74	0.622993
0	213	59	0.622964
0	213	15	0.622855
0	213	32	0.622521
0	213	68	0.622363
0	213	54	0.622234
0	213	7	0.622096
0	213	74	0.619949
0	213	56	0.618831
0	213	53	0.618709
0	213	30	0.618629
0	213	16	0.618561
0	213	40	0.618287
0	213	40	0.617554
0	213	97	0.615811
0	213	119	0.615367
0	213	59	0.614949
0	213	77	0.614904
0	213	99	0.614616
0	213	17	0.6135
1	213	1	0.613312
0	213	10	0.612523
0	213	77	0.612517
0	213	16	0.612184
0	213	96	0.611624
0	213	55	0.611615
0	213	44	0.611611
0	213	99	0.611461
0	213	110	0.610957
0	213	66	0.610645
0	213	6	0.608902
0	213	61	0.608844
0	213	64	0.608145
0	213	83	0.607659
0	213	56	0.607579
0	213	125	0.607446
0	213	26	0.607182
0	213	2	0.605675
0	213	15	0.605198
0	213	30	0.604646
0	213	90	0.60455
0	213	84	0.604203
0	213	121	0.603596
0	213	102	0.603039
0	213	115	0.602105
0	213	20	0.602051
0	213	96	0.601801
0	213	36	0.601554
0	213	32	0.600818
0	213	7	0.600478
0	213	126	0.599854
0	213	57	0.599839
0	213	34	0.599558
0	213	88	0.599036
0	213	54	0.598311
0	213	70	0.598257
0	213	87	0.598247
0	213	108	0.597924
0	213	83	0.597742
0	213	51	0.59748
0	213	97	0.596952
0	213	39	0.594507
0	213	39	0.594436
0	213	76	0.593419
0	213	116	0.592795
0	213	89	0.592353
0	213	70	0.591877
0	213	111	0.591827
0	213	18	0.591592
0	213	87	0.591095
0	213	33	0.590897
0	213	32	0.590842
0	213	78	0.59016
0	213	37	0.588901
0	213	27	0.588755
0	213	88	0.588335
0	213	65	0.588081
0	213	7	0.587005
0	213	25	0.586881
0	213	99	0.585402
0	213	24	0.585134
0	213	83	0.584522
0	213	96	0.584028
0	213	28	0.583799
0	213	112	0.583165
0	213	29	0.582765
0	213	23	0.582619
0	213	100	0.582279
0	213	60	0.582048
0	213	89	0.58117
0	213	38	0.581057
0	213	24	0.579641
0	213	58	0.57944
0	213	30	0.579169
0	213	55	0.577909
0	213	36	0.577579
0	213	103	0.577434
0	213	80	0.576737
0	213	3	0.575672
0	213	44	0.574484
0	213	1	0.574207
0	213	16	0.573419
0	213	15	0.573237
0	213	95	0.573086
0	213	107	0.572548
0	213	16	0.572222
0	213	54	0.571475
0	213	41	0.571414
0	213	83	0.570879
0	213	34	0.570344
0	213	50	0.569622
0	213	28	0.56951
0	213	26	0.569462
0	213	5	0.567249
0	213	90	0.567138
0	213	7	0.566998
0	213	8	0.566961
0	213	34	0.566757
0	213	29	0.566055
0	213	108	0.565466
0	213	85	0.565017
0	213	118	0.5644
0	213	83	0.564237
0	213	69	0.564156
0	213	106	0.562208
1	213	0	0.562094
0	213	85	0.560025
0	213	115	0.559866
0	213	104	0.559353
0	213	8	0.55873
0	213	117	0.557792
0	213	3	0.557307
0	213	106	0.557252
0	213	32	0.557074
0	213	24	0.556951
0	213	77	0.556356
0	213	54	0.556333
0	213	104	0.554434
0	213	69	0.553789
0	213	21	0.552966
0	213	26	0.552573
0	213	64	0.551727
0	213	74	0.551634
0	213	86	0.55118
0	213	103	0.550881
0	213	60	0.549776
0	213	57	0.54972
0	213	61	0.549292
0	213	35	0.548544
0	213	41	0.547478
0	213	101	0.547407
0	213	96	0.546865
0	213	87	0.546471
0	213	76	0.546467
0	213	44	0.546399
0	213	62	0.546227
0	213	96	0.545768
0	213	28	0.545278
0	213	55	0.545024
0	213	106	0.544789
0	213	106	0.544608
0	213	90	0.544384
0	213	115	0.544351
0	213	84	0.544095
0	213	102	0.543431
0	213	63	0.54281
0	213	91	0.542447
0	213	30	0.541529
0	213	43	0.54065
0	213	18	0.540513
0	213	29	0.540405
0	213	23	0.53983
0	213	58	0.539728
0	213	44	0.539624
0	213	35	0.539559
0	213	50	0.539535
0	213	101	0.539362
0	213	105	0.53781
0	213	98	0.533576
0	213	71	0.532741
0	213	12	0.532475
0	213	91	0.532184
0	213	84	0.531981
0	213	84	0.531864
0	213	63	0.530546
0	213	54	0.530499
0	213	61	0.530465
0	213	22	0.529298
0	213	3	0.528166
0	213	96	0.527625
0	213	51	0.526745
0	213	3	0.526245
0	213	32	0.525851
0	213	52	0.525817
0	213	98	0.524442
0	213	92	0.523871
1	213	0	0.523756
0	213	25	0.52278
0	213	56	0.522579
0	213	24	0.521555
0	213	30	0.520476
0	213	87	0.519857
0	213	91	0.519466
0	213	70	0.519117
0	213	2	0.518974
0	213	83	0.518754
0	213	38	0.518028
0	213	66	0.517598
0	213	42	0.517522
0	213	107	0.517165
0	213	90	0.516662
0	213	109	0.51489
1	213	0	0.513247
0	213	9	0.512973
0	213	27	0.512738
0	213	89	0.512621
0	213	47	0.512509
0	213	93	0.512252
0	213	56	0.512196
0	213	28	0.511394
0	213	95	0.510992
0	213	72	0.510721
0	213	45	0.510518
0	213	4	0.510438
0	213	26	0.510417
0	213	73	0.509682
0	213	95	0.50958
1	213	0	0.508934
0	213	34	0.508543
0	213	86	0.507183
0	213	56	0.506501
0	213	56	0.506148
0	213	40	0.505144
0	213	101	0.504882
0	213	62	0.504781
0	213	92	0.503602
0	213	65	0.503521
0	213	6	0.503394
0	213	85	0.502916
0	213	1	0.502782
0	213	89	0.50278
0	213	106	0.502431
0	213	99	0.502422
0	213	42	0.5001
0	213	45	0.499879
0	213	72	0.499612
0	213	35	0.499309
0	213	9	0.496953
0	213	48	0.496352
0	213	50	0.496326
0	213	104	0.495903
0	213	93	0.495372
0	213	90	0.495312
0	213	105	0.494605
0	213	28	0.494563
0	213	35	0.494408
0	213	98	0.493752
0	213	103	0.492621
0	213	94	0.492337
0	213	28	0.492044
0	213	38	0.491203
0	213	24	0.490894
0	213	99	0.490528
0	213	83	0.490279
0	213	66	0.489923
0	213	25	0.489902
0	213	52	0.488524
0	213	27	0.488395
0	213	19	0.488045
0	213	17	0.487613
0	213	37	0.486765
0	213	78	0.4866
0	213	98	0.486257
0	213	45	0.486255
0	213	102	0.485732
0	213	75	0.484822
0	213	30	0.484734
0	213	23	0.484399
0	213	52	0.483905
0	213	2	0.483862
0	213	49	0.482963
0	213	12	0.482175
0	213	6	0.48209
0	213	41	0.481722
0	213	28	0.481279
0	213	27	0.479919
0	213	81	0.479423
0	213	86	0.479411
0	213	66	0.478897
0	213	49	0.478762
0	213	15	0.478722
0	213	62	0.477233
0	213	23	0.477077
0	213	81	0.476733
0	213	69	0.476254
0	213	78	0.475917
0	213	100	0.475849
0	213	25	0.475523
0	213	67	0.475368
0	213	3	0.47496
0	213	3	0.47451
0	213	26	0.474276
0	213	71	0.472459
0	213	40	0.472348
0	213	79	0.472275
0	213	2	0.471978
0	213	68	0.471372
0	213	94	0.470992
0	213	54	0.470814
0	213	70	0.470348
0	213	69	0.469664
0	213	86	0.469568
0	213	34	0.468089
0	213	28	0.467846
1	213	0	0.467768
0	213	95	0.466588
0	213	65	0.46525
0	213	13	0.46416
0	213	82	0.464104
0	213	82	0.463326
0	213	87	0.463016
0	213	2	0.462821
0	213	21	0.462169
0	213	39	0.462167
0	213	25	0.462105
0	213	88	0.461703
0	213	65	0.460605
0	213	22	0.459929
0	213	64	0.459834
0	213	35	0.4576
0	213	63	0.456044
0	213	64	0.455919
0	213	8	0.455561
0	213	79	0.455195
0	213	72	0.454917
0	213	10	0.454907
0	213	15	0.454875
0	213	65	0.454735
0	213	13	0.454165
0	213	28	0.453894
0	213	82	0.453722
0	213	26	0.45284
0	213	13	0.451004
0	213	9	0.449521
0	213	74	0.449465
0	213	86	0.448543
0	213	58	0.446839
0	213	50	0.446771
0	213	93	0.446708
0	213	48	0.446679
0	213	92	0.444924
0	213	26	0.44467
0	213	68	0.444534
0	213	32	0.444126
0	213	46	0.443454
0	213	68	0.443362
0	213	25	0.443109
0	213	84	0.442945
0	213	54	0.440706
0	213	93	0.440169
0	213	21	0.439544
0	213	23	0.439036
0	213	30	0.438318
0	213	36	0.436855
0	213	70	0.436657
0	213	47	0.436198
0	213	58	0.434702
0	213	46	0.434445
0	213	39	0.434028
0	213	78	0.433507
0	213	21	0.432753
0	213	18	0.432639
0	213	76	0.432502
0	213	54	0.431865
0	213	81	0.43175
0	213	28	0.430759
0	213	2	0.430172
0	213	37	0.42932
0	213	86	0.428169
0	213	74	0.427396
0	213	65	0.42542
0	213	52	0.42536
0	213	87	0.424739
0	213	53	0.42463
0	213	34	0.424278
0	213	55	0.423984
0	213	30	0.422894
0	213	26	0.422485
0	213	20	0.422334
0	213	86	0.42156
0	213	8	0.421066
0	213	37	0.420976
0	213	51	0.420847
0	213	78	0.420798
0	213	29	0.420305
0	213	7	0.419788
0	213	84	0.419481
0	213	50	0.419414
0	213	46	0.418816
0	213	41	0.418744
0	213	30	0.418153
0	213	79	0.418114
0	213	61	0.41784
0	213	69	0.416548
0	213	11	0.415938
0	213	87	0.415907
0	213	9	0.415181
0	213	22	0.414584
0	213	18	0.414102
0	213	40	0.410148
0	213	53	0.40976
0	213	25	0.409347
0	213	26	0.409071
0	213	37	0.408968
0	213	48	0.408665
0	213	7	0.408429
0	213	81	0.4083
0	213	83	0.40826
0	213	85	0.407366
0	213	66	0.406943
0	213	76	0.406683
0	213	19	0.406563
0	213	29	0.406464
0	213	48	0.406116
0	213	51	0.405917
0	213	51	0.404821
0	213	51	0.402874
0	213	61	0.401475
0	213	39	0.400567
0	213	73	0.400384
0	213	11	0.400184
0	213	72	0.399075
0	213	6	0.398586
0	213	74	0.397662
0	213	50	0.397524
0	213	61	0.396398
0	213	1	0.395668
0	213	79	0.395636
0	213	8	0.395561
0	213	74	0.394948
0	213	3	0.394767
0	213	42	0.393809
0	213	27	0.393582
0	213	14	0.393138
0	213	46	0.392524
0	213	6	0.392439
0	213	40	0.391584
0	213	73	0.390996
0	213	23	0.390063
0	213	13	0.390028
0	213	29	0.389354
0	213	75	0.389154
0	213	60	0.388013
0	213	34	0.387691
0	213	67	0.387315
0	213	10	0.387172
0	213	17	0.38717
0	213	24	0.387156
0	213	13	0.386895
0	213	52	0.385689
0	213	31	0.38564
0	213	73	0.385164
0	213	56	0.384881
0	213	14	0.384815
0	213	53	0.38396
0	213	16	0.383362
0	213	34	0.383041
0	213	81	0.382325
0	213	39	0.382041
0	213	8	0.381855
0	213	65	0.381581
0	213	28	0.381443
0	213	62	0.380908
0	213	50	0.38071
0	213	20	0.380497
0	213	11	0.380443
0	213	43	0.377866
0	213	23	0.377818
0	213	44	0.377365
0	213	33	0.376215
0	213	67	0.375051
0	213	44	0.374959
0	213	53	0.373998
0	213	26	0.373872
0	213	73	0.373784
0	213	34	0.373775
0	213	14	0.373673
0	213	57	0.372015
0	213	29	0.3715
0	213	45	0.371435
0	213	73	0.371274
0	213	30	0.370771
0	213	3	0.370652
0	213	67	0.37033
0	213	11	0.370307
0	213	8	0.370227
0	213	5	0.370153
0	213	78	0.370059
0	213	66	0.369882
0	213	32	0.369201
0	213	40	0.368217
0	213	7	0.367817
0	213	33	0.367813
0	213	70	0.367092
0	213	46	0.366579
0	213	59	0.366094
0	213	28	0.36531
0	213	56	0.364561
0	213	16	0.364364
0	213	74	0.363982
0	213	69	0.363618
0	213	28	0.363606
0	213	43	0.363478
0	213	8	0.363383
0	213	60	0.363358
0	213	61	0.362291
0	213	33	0.361335
0	213	59	0.360602
0	213	25	0.359675
0	213	25	0.358396
0	213	61	0.357502
0	213	61	0.356812
0	213	29	0.356433
0	213	11	0.355352
0	213	1	0.355289
0	213	31	0.355057
0	213	11	0.35364
0	213	75	0.35266
0	213	53	0.352247
0	213	55	0.35192
0	213	49	0.350309
1	213	0	0.350158
0	213	14	0.349151
0	213	6	0.348696
0	213	57	0.348523
0	213	59	0.347877
0	213	42	0.347776
0	213	20	0.346577
0	213	19	0.346184
0	213	61	0.346063
0	213	23	0.345598
0	213	22	0.345517
0	213	19	0.343745
0	213	54	0.343687
0	213	43	0.343098
0	213	14	0.343044
0	213	20	0.342493
0	213	37	0.342245
0	213	53	0.341984
0	213	21	0.341401
0	213	50	0.340264
0	213	17	0.339403
0	213	22	0.338884
0	213	56	0.338701
0	213	61	0.338299
0	213	57	0.337671
0	213	15	0.337172
0	213	28	0.336641
0	213	3	0.336496
0	213	69	0.335512
0	213	41	0.335138
0	213	6	0.333969
0	213	34	0.332713
0	213	61	0.332437
0	213	32	0.331973
0	213	59	0.331662
0	213	24	0.329544
0	213	33	0.329464
0	213	2	0.329181
1	213	0	0.328952
0	213	14	0.328835
0	213	49	0.32855
0	213	43	0.328379
0	213	66	0.32756
0	213	24	0.327544
0	213	52	0.327022
0	213	41	0.326845
0	213	63	0.326839
0	213	38	0.326665
0	213	34	0.325718
0	213	1	0.325196
0	213	26	0.325147
0	213	41	0.323749
0	213	47	0.323232
0	213	59	0.321948
0	213	48	0.321568
0	213	11	0.320928
0	213	19	0.320821
0	213	44	0.320775
0	213	8	0.319569
0	213	13	0.319127
0	213	33	0.318439
0	213	53	0.318124
0	213	56	0.318095
0	213	42	0.3164
0	213	62	0.315816
1	213	0	0.315015
0	213	66	0.314405
0	213	2	0.314204
0	213	5	0.313699
0	213	61	0.311507
0	213	63	0.30985
0	213	46	0.309689
0	213	18	0.309073
0	213	27	0.308836
0	213	53	0.308821
0	213	21	0.308011
0	213	33	0.307492
0	213	52	0.307374
0	213	28	0.307024
0	213	8	0.306916
0	213	43	0.306768
0	213	58	0.306703
0	213	30	0.305974
0	213	55	0.305656
0	213	64	0.305435
0	213	39	0.305038
0	213	46	0.30497
0	213	16	0.304433
0	213	57	0.303482
0	213	4	0.303171
0	213	34	0.302944
0	213	46	0.302701
0	213	3	0.302545
0	213	24	0.302287
0	213	7	0.301667
0	213	39	0.30123
0	213	4	0.300751
0	213	48	0.300505
0	213	26	0.30046
0	213	5	0.299943
0	213	45	0.299392
0	213	12	0.299287
0	213	54	0.299162
0	213	24	0.298894
0	213	42	0.298687
0	213	60	0.298434
0	213	16	0.298284
0	213	61	0.298168
0	213	11	0.298154
0	213	7	0.29751
0	213	19	0.296161
0	213	3	0.295051
0	213	12	0.294231
0	213	37	0.293231
0	213	39	0.292873
0	213	18	0.29258
0	213	57	0.292368
0	213	40	0.292262
0	213	35	0.291818
0	213	44	0.290983
0	213	2	0.2908
0	213	47	0.29066
0	213	10	0.289661
0	213	55	0.289267
0	213	12	0.289191
0	213	12	0.288834
0	213	48	0.28843
0	213	21	0.288296
0	213	32	0.288167
0	213	45	0.288101
0	213	30	0.288002
0	213	25	0.287255
0	213	43	0.285931
0	213	16	0.285898
0	213	27	0.285781
0	213	18	0.285668
0	213	41	0.284242
0	213	59	0.283746
0	213	21	0.283407
0	213	12	0.283245
0	213	52	0.283083
0	213	17	0.282229
0	213	58	0.279847
0	213	26	0.277661
0	213	48	0.277571
0	213	21	0.276964
0	213	42	0.276688
0	213	35	0.276657
0	213	53	0.276391
0	213	28	0.276198
0	213	46	0.275165
0	213	50	0.275133
0	213	28	0.27475
0	213	2	0.274327
0	213	31	0.274241
0	213	35	0.274146
0	213	18	0.273906
0	213	23	0.273837
0	213	53	0.27299
0	213	5	0.272979
0	213	24	0.272224
0	213	40	0.271472
0	213	7	0.271226
0	213	40	0.270891
0	213	49	0.270776
0	213	45	0.270664
0	213	33	0.270544
0	213	11	0.270237
0	213	35	0.270179
0	213	21	0.268041
0	213	18	0.267932
0	213	7	0.267433
0	213	27	0.267144
0	213	23	0.26671
0	213	3	0.266419
1	213	0	0.266098
0	213	40	0.266089
0	213	45	0.266062
0	213	41	0.265964
0	213	27	0.265855
0	213	23	0.265777
0	213	42	0.265499
0	213	26	0.265243
0	213	14	0.265024
0	213	10	0.264737
0	213	38	0.264442
0	213	22	0.264206
0	213	46	0.263954
0	213	19	0.26378
0	213	11	0.263593
0	213	33	0.263401
0	213	27	0.262513
0	213	1	0.261917
0	213	36	0.261445
0	213	5	0.261314
0	213	26	0.26106
0	213	9	0.259716
0	213	3	0.258929
1	213	0	0.258809
0	213	9	0.258042
0	213	17	0.257954
0	213	32	0.257746
0	213	26	0.257169
0	213	25	0.256391
0	213	5	0.255769
0	213	44	0.25548
0	213	35	0.254738
0	213	10	0.254346
0	213	29	0.25104
0	213	30	0.250452
0	213	30	0.247083
0	213	4	0.246252
0	213	42	0.246176
0	213	48	0.245985
0	213	48	0.245715
0	213	46	0.244871
0	213	3	0.243143
0	213	50	0.243036
0	213	40	0.242939
0	213	14	0.242865
0	213	48	0.240991
0	213	3	0.240236
0	213	18	0.239358
0	213	36	0.239285
0	213	14	0.238596
0	213	2	0.237991
0	213	12	0.237721
0	213	47	0.23691
0	213	3	0.236165
0	213	35	0.236133
0	213	50	0.236045
0	213	42	0.236033
1	213	0	0.235794
0	213	48	0.235303
0	213	18	0.234977
0	213	44	0.234369
0	213	26	0.233871
0	213	31	0.233853
1	213	0	0.233509
0	213	28	0.233386
0	213	40	0.233176
1	213	0	0.231865
0	213	43	0.230898
0	213	5	0.230678
0	213	13	0.230043
0	213	11	0.229913
0	213	9	0.22962
0	213	17	0.229191
0	213	29	0.228903
0	213	19	0.228075
0	213	25	0.227971
0	213	8	0.22787
0	213	23	0.227277
0	213	42	0.226786
0	213	29	0.226675
0	213	38	0.226401
0	213	8	0.226065
0	213	24	0.225164
0	213	22	0.22457
0	213	8	0.224302
0	213	46	0.223495
0	213	8	0.223148
0	213	20	0.22293
1	213	0	0.222846
0	213	9	0.222581
0	213	42	0.222418
0	213	22	0.221763
0	213	43	0.220683
0	213	12	0.220171
0	213	42	0.219853
0	213	39	0.219355
0	213	24	0.218941
0	213	18	0.218823
0	213	38	0.218769
0	213	9	0.218672
1	213	0	0.218647
0	213	7	0.218512
0	213	44	0.217841
0	213	9	0.216643
0	213	36	0.216384
0	213	22	0.216218
0	213	27	0.215617
0	213	24	0.2156
0	213	28	0.21555
0	213	24	0.214768
0	213	7	0.213361
0	213	38	0.211935
0	213	36	0.210807
0	213	39	0.210737
0	213	43	0.210719
0	213	4	0.210451
0	213	27	0.210344
0	213	43	0.209911
0	213	27	0.209871
0	213	9	0.209668
0	213	40	0.209476
0	213	42	0.208968
0	213	30	0.207969
0	213	5	0.207047
0	213	24	0.206981
0	213	28	0.206779
0	213	9	0.206469
0	213	7	0.206221
0	213	38	0.20607
0	213	8	0.204828
0	213	20	0.204745
0	213	11	0.204416
0	213	7	0.204406
0	213	13	0.203027
0	213	11	0.202694
0	213	25	0.202495
0	213	10	0.202379
0	213	11	0.201766
0	213	9	0.201729
0	213	21	0.201626
0	213	41	0.201574
0	213	24	0.20122
0	213	14	0.201112
0	213	26	0.199081
0	213	30	0.198
0	213	6	0.197884
0	213	4	0.197774
0	213	27	0.197193
0	213	12	0.196955
0	213	15	0.195775
0	213	38	0.195233
0	213	3	0.195044
0	213	40	0.194641
0	213	18	0.19443
0	213	37	0.193926
0	213	17	0.193346
0	213	20	0.193303
0	213	5	0.192996
0	213	23	0.192082
0	213	34	0.191621
0	213	32	0.19118
0	213	15	0.191165
0	213	10	0.190891
0	213	6	0.190431
0	213	34	0.190309
0	213	27	0.189048
0	213	15	0.188576
0	213	1	0.187763
0	213	20	0.187295
0	213	20	0.185242
0	213	6	0.185154
0	213	31	0.185145
0	213	39	0.18476
0	213	8	0.184639
0	213	36	0.184179
0	213	30	0.183966
0	213	27	0.183781
0	213	20	0.180366
0	213	23	0.180302
0	213	8	0.179682
0	213	29	0.179406
0	213	9	0.17933
0	213	32	0.179027
0	213	32	0.178736
0	213	6	0.178114
0	213	13	0.177619
0	213	11	0.177296
0	213	19	0.177072
0	213	33	0.176784
0	213	23	0.175716
0	213	26	0.175709
0	213	8	0.175516
0	213	17	0.17539
0	213	4	0.175332
0	213	33	0.174323
0	213	22	0.174124
0	213	19	0.17368
0	213	14	0.171648
0	213	6	0.170589
0	213	24	0.170523
0	213	18	0.170157
0	213	16	0.169788
0	213	26	0.169786
0	213	15	0.169735
0	213	21	0.169207
0	213	19	0.168608
0	213	13	0.16818
0	213	27	0.167586
0	213	26	0.167534
0	213	21	0.167483
0	213	25	0.167104
0	213	9	0.167014
0	213	35	0.166659
0	213	7	0.16578
0	213	1	0.165033
0	213	16	0.164229
0	213	20	0.164038
0	213	8	0.164
0	213	34	0.162547
0	213	20	0.161785
0	213	1	0.161606
0	213	26	0.161242
0	213	6	0.160501
0	213	4	0.159867
0	213	8	0.159364
0	213	10	0.158641
0	213	3	0.157308
0	213	25	0.157191
0	213	29	0.155703
0	213	13	0.155184
0	213	12	0.154839
0	213	10	0.154199
0	213	21	0.154129
0	213	25	0.154068
0	213	19	0.153799
0	213	25	0.153597
0	213	24	0.15285
0	213	20	0.152809
0	213	11	0.151755
0	213	13	0.151446
0	213	13	0.151141
0	213	25	0.150965
0	213	18	0.150791
0	213	6	0.150539
0	213	23	0.149554
0	213	9	0.148356
0	213	17	0.148291
0	213	22	0.147773
0	213	20	0.147563
0	213	7	0.147398
1	213	0	0.147383
0	213	21	0.147187
0	213	12	0.146965
0	213	9	0.146498
0	213	15	0.146495
0	213	10	0.146162
0	213	20	0.145171
0	213	19	0.144943
0	213	5	0.144591
0	213	30	0.143888
0	213	12	0.143494
0	213	12	0.142661
0	213	8	0.141208
0	213	23	0.140825
0	213	10	0.140394
0	213	18	0.139972
0	213	4	0.139955
0	213	8	0.139882
0	213	26	0.139585
0	213	7	0.138591
1	213	0	0.137959
0	213	16	0.137666
0	213	8	0.13756
0	213	23	0.137098
0	213	13	0.136482
0	213	26	0.13642
0	213	2	0.136154
0	213	2	0.135494
0	213	15	0.134896
0	213	27	0.134241
0	213	24	0.134064
0	213	15	0.133956
0	213	5	0.133523
0	213	14	0.133344
0	213	7	0.133241
0	213	19	0.131914
0	213	4	0.131383
0	213	19	0.131353
1	213	0	0.131146
0	213	21	0.128991
0	213	16	0.12754
0	213	9	0.126315
0	213	24	0.125981
0	213	13	0.125809
0	213	7	0.125497
0	213	5	0.125014
0	213	14	0.124241
0	213	3	0.123866
0	213	7	0.123398
0	213	12	0.122899
0	213	13	0.122686
0	213	18	0.121733
0	213	13	0.121597
0	213	9	0.121258
0	213	19	0.121199
0	213	5	0.120605
1	213	0	0.120442
1	213	0	0.119887
0	213	0	0.119651
0	213	13	0.119546
0	213	18	0.119416
0	213	8	0.119019
0	213	0	0.118861
0	213	14	0.11866
0	213	16	0.118418
0	213	14	0.118359
0	213	11	0.11793
0	213	24	0.117413
0	213	20	0.117032
0	213	14	0.116574
0	213	8	0.116569
0	213	20	0.116358
0	213	14	0.116348
0	213	16	0.116347
0	213	19	0.116128
0	213	14	0.115906
0	213	14	0.114542
0	213	6	0.11419
0	213	9	0.113755
0	213	0	0.113309
0	213	17	0.113085
0	213	9	0.111827
0	213	16	0.110765
0	213	22	0.110584
0	213	8	0.110246
0	213	15	0.109581
0	213	1	0.109569
0	213	23	0.109015
0	213	2	0.108516
0	213	6	0.108338
0	213	14	0.107865
0	213	14	0.107527
0	213	3	0.107412
0	213	6	0.106421
0	213	10	0.10613
0	213	14	0.10604
0	213	17	0.105971
0	213	16	0.105501
0	213	4	0.105194
0	213	4	0.10507
0	213	22	0.104289
0	213	7	0.104192
0	213	9	0.104
0	213	11	0.103236
0	213	1	0.103112
0	213	15	0.103079
0	213	12	0.102684
0	213	18	0.102397
0	213	4	0.102232
0	213	9	0.101325
0	213	16	0.101083
0	213	0	0.100839
0	213	20	0.100551
0	213	5	0.0995229
0	213	17	0.0967504
0	213	13	0.0966656
0	213	17	0.0965466
0	213	9	0.0956598
0	213	4	0.0953898
0	213	19	0.0948323
0	213	6	0.0939362
0	213	16	0.0939269
0	213	19	0.0918977
0	213	6	0.0918874
0	213	9	0.0906796
0	213	0	0.0902275
0	213	18	0.0894015
0	213	1	0.0893831
0	213	16	0.088708
0	213	1	0.0878587
0	213	15	0.0873045
0	213	6	0.0872051
0	213	14	0.0860957
0	213	11	0.0857531
0	213	8	0.0857055
0	213	4	0.0838885
0	213	6	0.0838739
0	213	9	0.0836451
0	213	16	0.0832785
0	213	13	0.0828621
0	213	3	0.0820613
0	213	16	0.0819184
0	213	12	0.0817315
0	213	13	0.0816273
0	213	2	0.0813584
0	213	11	0.0805466
0	213	7	0.0799584
0	213	6	0.0796676
0	213	3	0.0795201
0	213	3	0.0795066
0	213	12	0.0791017
0	213	7	0.0763296
0	213	10	0.0754799
0	213	7	0.0754584
0	213	5	0.0754027
0	213	0	0.0750238
0	213	6	0.0749139
0	213	15	0.0746274
0	213	4	0.073902
0	213	10	0.0734617
0	213	2	0.0724596
0	213	1	0.0722533
0	213	3	0.0708543
0	213	7	0.0708008
0	213	8	0.0704494
0	213	2	0.0701355
0	213	4	0.0700101
0	213	0	0.0697852
0	213	10	0.0692766
0	213	3	0.069022
0	213	13	0.0685363
0	213	2	0.066987
0	213	1	0.0668462
0	213	0	0.0665684
0	213	13	0.0665337
0	213	11	0.0649601
0	213	3	0.0637381
0	213	13	0.0633269
0	213	9	0.06326
0	213	5	0.0625582
0	213	11	0.0624553
0	213	6	0.0623973
0	213	3	0.0617934
0	213	1	0.0617512
0	213	5	0.0610516
0	213	0	0.061005
0	213	11	0.0607017
0	213	9	0.060572
0	213	4	0.059733
0	213	2	0.0591137
0	213	6	0.0588026
0	213	7	0.0575475
0	213	1	0.0573999
0	213	1	0.0572146
0	213	10	0.0569846
0	213	3	0.0564154
0	213	8	0.0557178
0	213	6	0.054764
0	213	8	0.0543703
0	213	5	0.0543287
0	213	8	0.0540895
0	213	6	0.0532402
0	213	9	0.0529581
0	213	8	0.0523844
0	213	1	0.0517291
0	213	9	0.0514946
0	213	7	0.0511727
0	213	5	0.0504712
0	213	2	0.0495175
0	213	2	0.0481991
0	213	3	0.0472998
0	213	1	0.0472674
0	213	3	0.0468811
0	213	5	0.0457089
0	213	2	0.045276
0	213	2	0.0452499
0	213	3	0.0439864
0	213	4	0.0435872
0	213	5	0.0435445
0	213	1	0.0432015
0	213	9	0.0429266
0	213	1	0.0428881
0	213	4	0.0428
0	213	0	0.0426984
0	213	7	0.0413139
0	213	1	0.0409409
0	213	8	0.040893
0	213	2	0.0406494
0	213	8	0.0401167
0	213	7	0.0391234
0	213	7	0.0379297
0	213	0	0.0378226
0	213	3	0.0377837
0	213	2	0.0372541
0	213	7	0.0369061
0	213	0	0.0367894
0	213	3	0.035703
0	213	1	0.0345908
0	213	5	0.034353
0	213	1	0.033088
0	213	0	0.0326859
0	213	6	0.0325022
0	213	2	0.0317837
0	213	2	0.0312042
0	213	1	0.0308095
0	213	4	0.0293808
0	213	0	0.0291637
0	213	0	0.0280806
0	213	4	0.0279089
0	213	2	0.0277021
0	213	4	0.026954
0	213	1	0.0265693
0	213	1	0.0263507
0	213	3	0.0263249
0	213	0	0.0262162
0	213	1	0.0249188
0	213	2	0.0248974
0	213	3	0.0244719
0	213	0	0.0242479
0	213	5	0.0237915
0	213	5	0.0235921
0	213	4	0.0234932
0	213	3	0.0225968
0	213	3	0.0214635
0	213	4	0.021444
0	213	0	0.0208094
0	213	1	0.0203939
0	213	3	0.017968
0	213	1	0.0177155
0	213	2	0.0170977
0	213	0	0.0163878
0	213	2	0.0155625
0	213	1	0.0150497
0	213	2	0.014312
0	213	1	0.0142174
0	213	1	0.0140161
0	213	1	0.0132347
0	213	2	0.0128992
0	213	1	0.0124991
0	213	2	0.0124533
0	213	0	0.012147
0	213	1	0.0118809
0	213	0	0.0113509
0	213	2	0.0112891
0	213	1	0.0102658
