1069.43
0.000142971
30
1	388	163	0.984655
1	388	268	0.968732
1	388	176	0.952256
0	388	270	0.918438
0	388	318	0.888196
1	388	129	0.844127
1	388	12	0.826321
1	388	113	0.794351
1	388	62	0.672767
0	388	187	0.651524
0	388	108	0.633304
0	388	200	0.632186
0	388	82	0.551319
0	388	77	0.537834
0	388	114	0.535396
0	388	47	0.418738
0	388	98	0.404976
0	388	127	0.392351
0	388	74	0.382543
0	388	62	0.355433
0	388	129	0.347512
0	388	38	0.328148
0	388	28	0.2665
0	388	59	0.263869
1	388	11	0.219898
0	388	27	0.171526
0	388	26	0.168999
0	388	35	0.139577
0	388	20	0.109744
0	388	13	0.101711
