10121.8
0.069414
3500
1	430	24	0.989913
0	430	353	0.989024
1	430	31	0.98831
1	430	128	0.988001
1	430	88	0.987151
0	430	349	0.986512
1	430	91	0.985465
1	430	66	0.985131
1	430	71	0.984969
0	430	383	0.984855
1	430	195	0.984846
1	430	203	0.984641
1	430	160	0.984415
1	430	212	0.984241
1	430	190	0.984042
0	430	244	0.983911
1	430	89	0.983881
1	430	10	0.982936
1	430	1	0.982918
1	430	58	0.982543
1	430	148	0.982251
1	430	140	0.981954
0	430	208	0.981912
0	430	209	0.981851
0	430	401	0.981708
1	430	176	0.981211
1	430	7	0.980343
0	430	209	0.980337
0	430	386	0.980281
0	430	202	0.980267
1	430	53	0.980201
0	430	415	0.980035
0	430	230	0.979793
0	430	193	0.979744
0	430	251	0.979695
1	430	127	0.97969
0	430	291	0.979664
0	430	385	0.979172
1	430	80	0.97894
1	430	15	0.978712
0	430	309	0.978699
0	430	270	0.977683
0	430	211	0.977138
0	430	415	0.976741
0	430	212	0.97665
0	430	180	0.976337
0	430	393	0.976073
0	430	177	0.975894
0	430	388	0.97528
0	430	229	0.974626
1	430	79	0.973795
1	430	67	0.973785
0	430	410	0.973617
0	430	302	0.97343
1	430	53	0.973368
0	430	258	0.972813
0	430	283	0.972695
1	430	54	0.972337
0	430	236	0.972307
0	430	190	0.972036
0	430	259	0.971014
0	430	322	0.970921
0	430	370	0.97062
1	430	98	0.969744
0	430	378	0.969264
1	430	0	0.969058
1	430	84	0.968486
0	430	316	0.968088
1	430	93	0.967937
1	430	108	0.967632
0	430	177	0.967104
0	430	227	0.966356
0	430	275	0.965951
1	430	105	0.96591
0	430	308	0.965885
0	430	323	0.965654
1	430	82	0.96557
0	430	324	0.965503
0	430	410	0.965208
0	430	177	0.964108
0	430	367	0.963658
0	430	218	0.963458
0	430	200	0.963381
0	430	102	0.963315
1	430	83	0.962426
0	430	331	0.961821
0	430	147	0.961714
1	430	88	0.961597
0	430	310	0.961429
0	430	220	0.961339
0	430	118	0.961115
0	430	100	0.96096
1	430	70	0.960501
0	430	139	0.960394
0	430	300	0.959912
1	430	22	0.959314
0	430	324	0.959121
0	430	405	0.959095
0	430	296	0.957702
0	430	212	0.957265
0	430	202	0.957008
0	430	373	0.956686
0	430	378	0.95599
1	430	71	0.955463
0	430	377	0.955303
0	430	223	0.954798
0	430	271	0.9543
0	430	138	0.954187
0	430	126	0.953947
0	430	372	0.953326
0	430	252	0.953181
1	430	33	0.953069
1	430	65	0.952961
0	430	357	0.952607
0	430	398	0.951565
0	430	199	0.951521
0	430	407	0.951461
0	430	133	0.951396
1	430	59	0.950713
0	430	150	0.950582
0	430	112	0.950528
1	430	41	0.950299
0	430	333	0.949844
0	430	298	0.948956
0	430	339	0.94893
0	430	383	0.948573
0	430	93	0.948562
0	430	132	0.948446
0	430	110	0.948153
0	430	98	0.948034
1	430	0	0.947448
0	430	229	0.947247
0	430	96	0.946787
0	430	353	0.946732
0	430	208	0.94657
0	430	105	0.946354
0	430	171	0.946041
0	430	400	0.946035
0	430	140	0.945525
0	430	401	0.945516
0	430	402	0.945401
0	430	274	0.945242
0	430	236	0.94463
0	430	348	0.944611
0	430	182	0.944454
0	430	105	0.944291
0	430	296	0.944038
0	430	285	0.943511
0	430	112	0.943215
0	430	155	0.94262
0	430	147	0.942399
0	430	341	0.94159
0	430	394	0.940438
0	430	365	0.940413
0	430	85	0.940318
0	430	170	0.939731
0	430	373	0.939676
0	430	61	0.939655
0	430	165	0.939199
0	430	240	0.938926
0	430	161	0.938812
0	430	86	0.938295
0	430	149	0.938106
0	430	402	0.937677
0	430	340	0.937494
0	430	331	0.937363
0	430	250	0.937314
0	430	192	0.937164
0	430	397	0.936941
0	430	228	0.93612
0	430	191	0.936076
0	430	332	0.935375
0	430	83	0.935272
1	430	24	0.935181
0	430	374	0.934249
0	430	341	0.933785
0	430	121	0.933668
0	430	236	0.933608
1	430	32	0.932722
0	430	167	0.932328
0	430	171	0.931682
0	430	156	0.931128
0	430	55	0.931103
0	430	314	0.930748
0	430	328	0.930675
0	430	178	0.930665
0	430	312	0.930578
0	430	226	0.93021
0	430	63	0.930038
0	430	158	0.929463
0	430	152	0.929119
0	430	183	0.928461
0	430	360	0.927853
0	430	76	0.927729
0	430	266	0.926901
0	430	269	0.926826
0	430	239	0.926812
0	430	301	0.926705
0	430	87	0.92647
0	430	118	0.925946
1	430	21	0.925854
0	430	199	0.925435
0	430	97	0.925185
0	430	74	0.924745
0	430	133	0.924597
0	430	163	0.924382
0	430	392	0.923406
1	430	32	0.922849
0	430	132	0.922692
0	430	56	0.921507
0	430	97	0.920847
0	430	101	0.920629
0	430	261	0.920257
0	430	237	0.920145
0	430	269	0.919725
0	430	181	0.919151
0	430	147	0.919141
0	430	215	0.919133
0	430	172	0.918966
0	430	207	0.918917
0	430	259	0.918872
0	430	224	0.918819
0	430	117	0.918696
0	430	323	0.918694
0	430	67	0.917977
0	430	51	0.91789
0	430	314	0.917834
0	430	361	0.917753
0	430	201	0.917315
0	430	247	0.917271
0	430	256	0.917058
0	430	247	0.916861
0	430	220	0.916471
0	430	376	0.916357
0	430	261	0.915961
0	430	263	0.915618
0	430	308	0.915547
0	430	267	0.91483
1	430	11	0.914632
0	430	41	0.914538
0	430	115	0.913578
0	430	198	0.913561
0	430	292	0.913394
0	430	52	0.912886
0	430	224	0.912617
0	430	112	0.912211
0	430	263	0.911982
0	430	283	0.911913
0	430	89	0.911892
0	430	199	0.910826
0	430	390	0.910538
0	430	207	0.910319
0	430	355	0.909907
0	430	102	0.909668
0	430	47	0.909307
0	430	193	0.908667
0	430	239	0.908433
0	430	92	0.90815
0	430	329	0.907768
0	430	40	0.907176
0	430	164	0.906986
0	430	42	0.906955
0	430	347	0.906802
0	430	318	0.906481
0	430	125	0.906387
0	430	200	0.90624
0	430	109	0.906201
0	430	114	0.90586
0	430	346	0.90585
0	430	327	0.904757
0	430	55	0.904591
0	430	216	0.904166
0	430	91	0.903784
0	430	137	0.903709
0	430	116	0.903297
0	430	198	0.903173
0	430	343	0.903018
0	430	322	0.902739
0	430	44	0.90233
0	430	330	0.902149
0	430	64	0.901972
0	430	204	0.901802
0	430	244	0.900862
0	430	313	0.900651
1	430	23	0.900423
0	430	371	0.900227
0	430	375	0.900052
0	430	285	0.899777
0	430	127	0.899658
0	430	242	0.898541
0	430	312	0.898315
1	430	16	0.898064
0	430	248	0.897681
0	430	336	0.897559
0	430	356	0.897289
0	430	168	0.897281
0	430	52	0.897211
0	430	353	0.897109
0	430	234	0.896994
0	430	23	0.896821
0	430	47	0.89673
0	430	155	0.896726
0	430	29	0.896571
0	430	338	0.896468
0	430	363	0.896252
0	430	55	0.896054
0	430	374	0.895297
0	430	330	0.895227
0	430	303	0.895029
0	430	355	0.894552
0	430	280	0.89429
0	430	78	0.894264
1	430	10	0.894161
0	430	326	0.893664
0	430	119	0.893655
0	430	131	0.893476
0	430	179	0.893471
0	430	270	0.89204
0	430	302	0.891956
0	430	128	0.891606
0	430	324	0.891565
0	430	232	0.891387
0	430	253	0.891157
0	430	50	0.890869
0	430	218	0.890466
0	430	41	0.890107
0	430	50	0.889927
0	430	274	0.889823
0	430	174	0.889657
0	430	137	0.889194
0	430	291	0.888974
0	430	299	0.888869
0	430	251	0.888416
0	430	282	0.887485
0	430	70	0.887144
0	430	180	0.887014
0	430	349	0.886953
0	430	233	0.886905
0	430	304	0.88659
0	430	73	0.886481
0	430	189	0.88608
0	430	76	0.885898
0	430	313	0.88584
0	430	226	0.88561
0	430	180	0.885563
0	430	373	0.88552
0	430	353	0.884779
0	430	45	0.88445
0	430	239	0.88443
0	430	269	0.88441
0	430	301	0.884165
0	430	327	0.884098
0	430	17	0.883271
0	430	334	0.88279
0	430	325	0.882172
1	430	15	0.882132
0	430	62	0.882099
0	430	288	0.881926
0	430	199	0.881652
0	430	224	0.881617
0	430	194	0.881601
0	430	54	0.881473
0	430	56	0.881369
0	430	295	0.880721
0	430	19	0.88056
0	430	352	0.880419
0	430	334	0.8796
0	430	172	0.878947
0	430	244	0.878759
0	430	302	0.878663
0	430	52	0.878204
0	430	104	0.877982
0	430	207	0.877734
0	430	41	0.87757
0	430	56	0.877145
0	430	366	0.87708
0	430	161	0.876983
0	430	150	0.876744
0	430	66	0.876403
0	430	303	0.875871
0	430	126	0.875315
0	430	121	0.874931
0	430	245	0.874815
0	430	322	0.874564
0	430	346	0.874557
0	430	138	0.873441
0	430	97	0.873345
0	430	174	0.873221
0	430	148	0.87303
0	430	135	0.872949
0	430	151	0.872801
0	430	115	0.872226
0	430	265	0.871969
0	430	185	0.871825
0	430	362	0.870981
0	430	21	0.870979
0	430	264	0.870972
0	430	253	0.870701
0	430	21	0.870196
0	430	142	0.869791
0	430	137	0.868999
0	430	274	0.868734
0	430	101	0.868725
0	430	175	0.86864
0	430	226	0.868106
0	430	75	0.867595
0	430	149	0.86649
0	430	301	0.866396
0	430	292	0.866383
0	430	264	0.864985
0	430	67	0.864719
0	430	170	0.864365
0	430	121	0.864197
0	430	77	0.864001
0	430	170	0.863852
0	430	201	0.863807
0	430	196	0.863286
1	430	0	0.863169
1	430	8	0.863143
0	430	308	0.862866
0	430	358	0.86283
0	430	65	0.862522
0	430	172	0.862489
0	430	314	0.86245
0	430	66	0.862348
0	430	132	0.862271
0	430	360	0.862028
0	430	358	0.861804
0	430	31	0.861756
0	430	150	0.86158
0	430	310	0.861528
0	430	132	0.861493
0	430	354	0.861448
1	430	1	0.86134
0	430	92	0.861019
0	430	295	0.860542
0	430	59	0.86044
0	430	79	0.860402
0	430	145	0.860145
0	430	301	0.860102
0	430	36	0.859676
0	430	263	0.859211
0	430	39	0.85854
0	430	16	0.857717
0	430	332	0.857684
0	430	194	0.857298
0	430	343	0.857116
0	430	283	0.85693
0	430	210	0.856709
0	430	297	0.8563
0	430	63	0.855858
0	430	246	0.855228
0	430	350	0.855093
0	430	264	0.855042
0	430	281	0.85483
0	430	335	0.854715
0	430	300	0.854491
0	430	123	0.854345
0	430	286	0.854118
0	430	129	0.854054
0	430	289	0.853863
0	430	309	0.853789
0	430	135	0.853702
0	430	103	0.853602
1	430	1	0.853422
0	430	16	0.853325
0	430	202	0.853252
0	430	301	0.85284
0	430	268	0.852765
0	430	331	0.852708
0	430	347	0.85263
0	430	112	0.852608
1	430	0	0.852215
0	430	197	0.851435
0	430	266	0.851343
0	430	132	0.851272
0	430	160	0.850929
0	430	151	0.850797
1	430	2	0.850334
0	430	196	0.85025
0	430	228	0.849726
0	430	192	0.849219
0	430	286	0.84886
0	430	64	0.848583
0	430	137	0.848544
0	430	294	0.848534
0	430	77	0.84845
0	430	355	0.84779
0	430	56	0.84775
0	430	329	0.84734
0	430	317	0.847288
0	430	330	0.847151
1	430	3	0.84713
0	430	69	0.846981
0	430	10	0.846754
0	430	234	0.846636
0	430	14	0.846454
0	430	129	0.846309
0	430	359	0.845924
0	430	284	0.845856
0	430	243	0.845652
0	430	77	0.844866
0	430	84	0.844844
0	430	77	0.844641
0	430	244	0.844006
0	430	269	0.843678
0	430	128	0.843614
0	430	18	0.843429
0	430	250	0.843139
0	430	349	0.843017
0	430	185	0.842484
0	430	342	0.842167
0	430	258	0.842024
0	430	49	0.841974
0	430	111	0.84118
0	430	188	0.840135
0	430	35	0.840128
0	430	9	0.840054
0	430	13	0.839173
0	430	301	0.838978
0	430	291	0.83873
0	430	143	0.838635
0	430	103	0.838365
0	430	156	0.838058
0	430	13	0.83747
0	430	341	0.837236
0	430	161	0.837067
0	430	250	0.83679
0	430	354	0.836629
0	430	197	0.836561
0	430	165	0.835621
0	430	46	0.835405
0	430	151	0.835131
0	430	138	0.835087
0	430	303	0.833744
0	430	287	0.833005
0	430	191	0.832976
0	430	194	0.832626
0	430	130	0.83257
0	430	235	0.831828
0	430	46	0.831804
0	430	107	0.831345
0	430	212	0.831219
0	430	356	0.830892
0	430	70	0.830075
0	430	184	0.829975
0	430	326	0.829828
0	430	43	0.829706
0	430	159	0.829393
0	430	81	0.829347
0	430	215	0.829046
0	430	85	0.828902
1	430	1	0.828644
0	430	11	0.828575
0	430	80	0.828554
0	430	175	0.828491
0	430	254	0.828279
0	430	199	0.828015
1	430	4	0.827931
0	430	28	0.827784
0	430	53	0.827458
0	430	32	0.827333
0	430	163	0.826413
0	430	209	0.826345
0	430	168	0.826143
0	430	81	0.826048
0	430	158	0.82591
0	430	190	0.82545
0	430	178	0.824974
0	430	297	0.824918
0	430	283	0.82482
0	430	159	0.824671
0	430	5	0.824433
0	430	104	0.82432
0	430	168	0.823912
0	430	208	0.823464
0	430	349	0.822819
0	430	245	0.82272
0	430	172	0.822659
0	430	265	0.822485
0	430	247	0.822451
0	430	177	0.822339
0	430	260	0.821616
0	430	159	0.82137
0	430	148	0.820594
0	430	295	0.820311
0	430	36	0.820306
0	430	346	0.820184
0	430	226	0.820002
0	430	144	0.819544
0	430	322	0.819519
0	430	350	0.818434
0	430	93	0.817284
0	430	296	0.817239
0	430	30	0.816904
0	430	145	0.816746
0	430	153	0.816615
0	430	174	0.816322
0	430	312	0.815677
0	430	213	0.815263
0	430	166	0.815033
0	430	200	0.814605
0	430	222	0.81441
0	430	323	0.814252
0	430	161	0.814027
0	430	339	0.813985
0	430	340	0.813763
0	430	13	0.813512
0	430	152	0.812521
0	430	111	0.812398
0	430	52	0.812042
0	430	254	0.811879
0	430	161	0.811718
0	430	323	0.811642
0	430	289	0.811232
0	430	129	0.811073
0	430	150	0.81075
0	430	290	0.809975
0	430	332	0.809713
0	430	205	0.809587
0	430	113	0.809507
0	430	274	0.80947
0	430	130	0.809308
0	430	57	0.809251
0	430	328	0.808637
0	430	85	0.808489
0	430	204	0.807771
0	430	163	0.807619
0	430	305	0.807139
0	430	197	0.806795
0	430	192	0.806623
0	430	238	0.806571
0	430	242	0.806067
0	430	288	0.805747
0	430	289	0.805124
0	430	236	0.804971
0	430	285	0.803989
0	430	218	0.803983
0	430	199	0.803879
0	430	274	0.803844
0	430	113	0.803499
0	430	240	0.803115
0	430	302	0.802763
0	430	248	0.801799
0	430	336	0.800696
0	430	214	0.800158
0	430	28	0.799939
0	430	31	0.799758
1	430	0	0.799218
0	430	320	0.798861
0	430	102	0.798761
0	430	192	0.798568
0	430	28	0.797872
0	430	188	0.797764
0	430	327	0.797743
0	430	39	0.797399
0	430	164	0.797188
0	430	179	0.79705
0	430	138	0.796749
0	430	213	0.796252
0	430	242	0.795336
0	430	112	0.795323
0	430	174	0.795211
0	430	85	0.795158
0	430	49	0.795073
0	430	258	0.794999
0	430	184	0.794872
0	430	131	0.794824
0	430	124	0.794778
0	430	307	0.794769
0	430	147	0.794627
0	430	176	0.794224
0	430	156	0.793992
0	430	309	0.793711
0	430	242	0.793521
0	430	60	0.793248
0	430	137	0.793112
0	430	213	0.792897
0	430	105	0.791981
0	430	144	0.791585
0	430	96	0.790838
0	430	306	0.789719
0	430	292	0.788933
0	430	269	0.788765
0	430	101	0.788718
0	430	86	0.788409
0	430	251	0.788304
0	430	171	0.787686
0	430	243	0.787586
0	430	245	0.787413
0	430	212	0.787222
0	430	221	0.786791
0	430	138	0.786763
1	430	2	0.786602
0	430	158	0.786529
0	430	101	0.785879
0	430	303	0.78574
0	430	124	0.78495
0	430	226	0.78433
0	430	174	0.783745
0	430	64	0.783662
0	430	7	0.783588
0	430	308	0.783561
0	430	319	0.783301
0	430	292	0.783035
0	430	324	0.782822
0	430	324	0.782609
0	430	170	0.782571
0	430	185	0.782277
0	430	324	0.781883
0	430	25	0.781438
0	430	49	0.781114
0	430	293	0.780991
0	430	81	0.780901
0	430	192	0.780723
0	430	138	0.78046
0	430	107	0.780435
0	430	320	0.780322
0	430	223	0.780167
0	430	87	0.779699
0	430	252	0.779521
0	430	54	0.779466
1	430	0	0.779382
0	430	317	0.778946
0	430	184	0.777653
0	430	237	0.777493
0	430	204	0.777467
0	430	61	0.777377
0	430	43	0.777156
0	430	59	0.776851
0	430	210	0.776792
0	430	237	0.776636
0	430	50	0.776527
0	430	118	0.776509
0	430	113	0.775675
0	430	231	0.775333
0	430	320	0.775282
0	430	292	0.77489
0	430	241	0.774726
0	430	215	0.774511
0	430	278	0.774249
0	430	235	0.774157
0	430	11	0.774102
0	430	320	0.774019
0	430	156	0.773096
0	430	228	0.772935
0	430	18	0.772793
0	430	41	0.772649
0	430	165	0.77262
0	430	291	0.771708
0	430	272	0.770954
0	430	293	0.770734
0	430	37	0.770701
0	430	168	0.769995
0	430	267	0.769835
0	430	65	0.769654
0	430	324	0.768718
0	430	95	0.768137
0	430	210	0.76808
0	430	51	0.76777
0	430	326	0.767116
0	430	44	0.767075
0	430	83	0.766194
0	430	188	0.765799
0	430	105	0.765621
0	430	74	0.765311
0	430	240	0.764285
0	430	117	0.764188
0	430	184	0.76363
0	430	159	0.762634
0	430	161	0.762093
0	430	146	0.761965
0	430	235	0.761873
0	430	289	0.761309
0	430	270	0.760606
0	430	118	0.760347
0	430	271	0.760271
0	430	297	0.759918
0	430	27	0.759594
0	430	158	0.759563
0	430	162	0.759494
0	430	126	0.759317
0	430	178	0.759026
0	430	225	0.758937
0	430	54	0.758808
0	430	262	0.75871
0	430	59	0.758647
0	430	298	0.758422
0	430	245	0.758421
0	430	313	0.75838
0	430	210	0.758279
0	430	309	0.757662
0	430	50	0.757584
0	430	5	0.75751
0	430	310	0.757163
0	430	49	0.756863
0	430	118	0.756795
0	430	70	0.755432
0	430	208	0.754811
0	430	201	0.754408
0	430	84	0.754317
0	430	144	0.754304
0	430	228	0.754058
0	430	9	0.75337
0	430	220	0.75312
0	430	236	0.752883
0	430	298	0.752856
0	430	261	0.752275
0	430	121	0.752133
0	430	39	0.751656
0	430	146	0.751537
0	430	123	0.751501
0	430	15	0.751475
0	430	245	0.751195
0	430	196	0.751077
0	430	30	0.751062
0	430	273	0.751053
0	430	88	0.750937
0	430	317	0.750405
0	430	258	0.749779
0	430	48	0.749544
0	430	170	0.749288
0	430	201	0.749211
0	430	259	0.748693
0	430	301	0.748533
0	430	74	0.748495
0	430	216	0.748471
0	430	156	0.747793
0	430	285	0.74771
0	430	25	0.747329
0	430	140	0.746303
0	430	74	0.746061
0	430	174	0.746039
0	430	19	0.745727
0	430	85	0.745709
0	430	159	0.745396
0	430	143	0.745349
0	430	257	0.745183
1	430	1	0.745055
0	430	72	0.744978
0	430	285	0.744279
0	430	4	0.744184
0	430	22	0.743581
0	430	164	0.74326
0	430	10	0.743195
0	430	11	0.743105
0	430	49	0.742933
0	430	281	0.742676
0	430	68	0.742621
0	430	10	0.741952
1	430	0	0.741796
0	430	198	0.741223
0	430	281	0.740906
0	430	26	0.740784
0	430	164	0.740165
0	430	171	0.739876
0	430	296	0.73982
0	430	176	0.739005
0	430	181	0.738374
0	430	42	0.73828
0	430	195	0.737574
0	430	215	0.737514
0	430	109	0.737079
0	430	50	0.736419
0	430	302	0.736226
0	430	226	0.736005
0	430	127	0.735521
0	430	306	0.735519
0	430	112	0.735498
0	430	214	0.73538
0	430	288	0.734797
0	430	80	0.733749
0	430	107	0.733008
0	430	274	0.732972
0	430	11	0.732815
0	430	156	0.732727
0	430	94	0.732721
0	430	150	0.732474
0	430	295	0.732308
0	430	37	0.732276
0	430	40	0.73188
0	430	243	0.73186
0	430	269	0.73097
0	430	41	0.729985
0	430	117	0.729749
0	430	105	0.729588
0	430	115	0.728823
0	430	197	0.728036
0	430	203	0.727662
0	430	122	0.727617
0	430	275	0.727322
0	430	32	0.726163
0	430	191	0.726116
0	430	71	0.725906
0	430	19	0.725883
0	430	224	0.725584
0	430	35	0.725459
0	430	306	0.725439
1	430	0	0.725113
0	430	109	0.724401
0	430	65	0.72381
0	430	285	0.722719
0	430	265	0.722192
0	430	305	0.721931
0	430	58	0.721621
0	430	238	0.72157
0	430	101	0.721554
0	430	187	0.721141
0	430	267	0.720731
0	430	156	0.720568
0	430	20	0.720319
0	430	266	0.71979
0	430	217	0.719424
0	430	135	0.719368
0	430	14	0.719198
0	430	56	0.719108
0	430	244	0.717885
0	430	284	0.717786
0	430	196	0.717224
0	430	164	0.716971
0	430	70	0.716655
0	430	34	0.716338
0	430	275	0.716055
0	430	23	0.715665
0	430	26	0.715631
0	430	25	0.715161
0	430	188	0.715073
0	430	140	0.714968
0	430	239	0.714803
0	430	292	0.714789
0	430	221	0.714465
0	430	249	0.71442
0	430	161	0.714363
0	430	34	0.714346
0	430	260	0.713482
0	430	263	0.713076
0	430	266	0.712734
0	430	106	0.712043
0	430	184	0.711983
0	430	97	0.711718
0	430	278	0.711586
0	430	217	0.711258
0	430	216	0.711185
0	430	138	0.71115
0	430	122	0.710288
0	430	63	0.710288
0	430	237	0.710246
0	430	53	0.710092
0	430	142	0.709389
0	430	98	0.708764
0	430	76	0.70867
0	430	95	0.70844
0	430	87	0.708106
1	430	0	0.707551
0	430	228	0.707386
0	430	88	0.70738
0	430	192	0.707328
0	430	100	0.707066
0	430	265	0.707021
0	430	144	0.706996
0	430	263	0.706282
0	430	20	0.706186
0	430	20	0.70557
0	430	31	0.705557
0	430	54	0.70552
0	430	96	0.705478
0	430	197	0.705438
0	430	256	0.705346
0	430	218	0.704751
0	430	206	0.704737
0	430	178	0.70462
0	430	66	0.704172
0	430	277	0.703825
0	430	247	0.703405
0	430	157	0.703233
0	430	177	0.70218
0	430	275	0.70217
0	430	207	0.701627
0	430	81	0.700546
0	430	243	0.700521
0	430	17	0.700138
0	430	235	0.69976
0	430	44	0.699461
0	430	200	0.697966
0	430	243	0.69738
0	430	209	0.697157
0	430	16	0.696922
0	430	56	0.696267
0	430	188	0.696183
0	430	287	0.696032
0	430	292	0.695342
0	430	116	0.695068
0	430	51	0.694815
0	430	34	0.694606
0	430	69	0.694531
0	430	289	0.694465
0	430	155	0.694386
0	430	41	0.694224
0	430	81	0.694162
0	430	234	0.694136
0	430	193	0.694084
0	430	276	0.693956
0	430	56	0.693369
0	430	33	0.692589
0	430	57	0.692379
0	430	115	0.691673
0	430	297	0.691541
0	430	273	0.69152
0	430	81	0.69126
0	430	244	0.691222
0	430	174	0.690902
0	430	264	0.690259
0	430	8	0.689826
0	430	207	0.689799
0	430	218	0.688933
0	430	33	0.688325
0	430	180	0.688007
0	430	133	0.687969
0	430	23	0.687858
0	430	255	0.687844
0	430	147	0.687016
0	430	276	0.687
0	430	155	0.686492
0	430	183	0.686435
0	430	282	0.686409
0	430	294	0.686193
0	430	212	0.68586
0	430	117	0.685596
0	430	135	0.685574
0	430	90	0.685486
0	430	160	0.685423
0	430	15	0.685337
0	430	226	0.685289
0	430	206	0.684538
0	430	71	0.684276
0	430	253	0.684253
0	430	166	0.68419
0	430	148	0.683994
0	430	116	0.683948
0	430	268	0.68334
0	430	54	0.682145
0	430	88	0.68213
0	430	234	0.681947
0	430	236	0.68143
0	430	238	0.68135
0	430	69	0.681088
0	430	164	0.681059
0	430	281	0.680852
0	430	124	0.680844
0	430	115	0.680532
0	430	24	0.680199
0	430	168	0.680014
0	430	152	0.679996
0	430	285	0.679704
0	430	278	0.679596
0	430	163	0.679416
0	430	60	0.678639
0	430	108	0.678631
0	430	168	0.678073
0	430	3	0.678011
0	430	42	0.677928
0	430	60	0.677909
0	430	197	0.677671
0	430	90	0.677487
0	430	289	0.677413
0	430	118	0.677351
0	430	48	0.67734
0	430	65	0.677333
0	430	30	0.677284
0	430	193	0.676884
0	430	61	0.676508
0	430	279	0.676504
0	430	182	0.675783
0	430	143	0.675709
0	430	254	0.675492
0	430	158	0.675388
0	430	151	0.675069
0	430	159	0.67502
0	430	181	0.674989
0	430	8	0.67476
0	430	71	0.674656
0	430	20	0.674407
0	430	185	0.674064
0	430	180	0.673975
0	430	231	0.673465
0	430	206	0.673335
0	430	215	0.673335
0	430	229	0.673074
0	430	228	0.672976
0	430	98	0.672928
0	430	134	0.672778
0	430	52	0.672315
0	430	107	0.672225
0	430	93	0.671819
0	430	264	0.671072
0	430	183	0.670874
0	430	224	0.670642
0	430	196	0.67047
0	430	59	0.670163
0	430	173	0.669954
0	430	208	0.669636
0	430	231	0.669478
0	430	249	0.669448
0	430	210	0.669323
0	430	98	0.669057
0	430	94	0.668868
0	430	103	0.668708
0	430	267	0.668508
0	430	205	0.668001
0	430	227	0.667915
0	430	141	0.667408
0	430	270	0.667295
0	430	258	0.666979
0	430	211	0.666826
0	430	235	0.666497
0	430	263	0.665793
0	430	29	0.665741
0	430	157	0.665649
0	430	264	0.665621
0	430	87	0.665555
0	430	259	0.66448
0	430	59	0.664447
0	430	248	0.664401
0	430	190	0.664324
0	430	131	0.664196
0	430	132	0.663624
0	430	189	0.663511
0	430	221	0.6634
0	430	170	0.663255
0	430	244	0.663054
0	430	17	0.662808
0	430	226	0.662696
0	430	93	0.662577
0	430	10	0.662519
0	430	281	0.662346
0	430	240	0.662342
0	430	75	0.662166
0	430	206	0.661944
0	430	170	0.660815
0	430	33	0.6607
0	430	241	0.660625
0	430	77	0.659942
0	430	24	0.659929
0	430	202	0.659849
0	430	110	0.659163
0	430	88	0.658561
0	430	106	0.658484
0	430	218	0.65831
0	430	38	0.657934
0	430	28	0.657854
0	430	2	0.657852
0	430	188	0.657422
0	430	1	0.657302
0	430	270	0.657131
0	430	208	0.657128
0	430	58	0.657061
0	430	178	0.656915
0	430	98	0.656523
0	430	182	0.656482
0	430	35	0.656224
0	430	219	0.656069
0	430	110	0.655876
0	430	140	0.655556
0	430	195	0.655553
0	430	36	0.655158
0	430	281	0.654498
0	430	78	0.654298
0	430	7	0.654009
0	430	205	0.653263
0	430	80	0.653228
0	430	124	0.652301
0	430	107	0.652037
0	430	77	0.651734
0	430	199	0.651731
0	430	67	0.651702
0	430	15	0.651285
0	430	84	0.650536
0	430	89	0.650485
0	430	114	0.650416
0	430	172	0.650273
0	430	13	0.650195
0	430	202	0.649349
0	430	36	0.648885
0	430	174	0.648741
0	430	125	0.648723
0	430	237	0.648706
0	430	213	0.648287
0	430	224	0.648246
0	430	98	0.647674
0	430	99	0.647585
0	430	114	0.64666
0	430	114	0.64663
0	430	200	0.646432
0	430	122	0.646325
0	430	193	0.645861
0	430	147	0.645648
0	430	135	0.645556
0	430	102	0.645151
0	430	184	0.64472
0	430	151	0.644434
0	430	250	0.644389
0	430	18	0.643589
0	430	15	0.643443
0	430	255	0.642747
0	430	64	0.642667
0	430	114	0.641775
0	430	112	0.641593
0	430	5	0.641385
0	430	143	0.641308
0	430	1	0.641153
0	430	69	0.640836
0	430	149	0.640793
0	430	133	0.640657
0	430	193	0.64065
0	430	109	0.63944
0	430	233	0.639201
0	430	223	0.639044
0	430	61	0.638676
0	430	213	0.63858
0	430	245	0.638043
0	430	106	0.637927
0	430	264	0.636971
0	430	62	0.636931
0	430	100	0.636885
0	430	137	0.636871
0	430	242	0.636705
0	430	108	0.636392
0	430	253	0.63621
0	430	33	0.636142
0	430	20	0.635754
0	430	104	0.63561
0	430	126	0.635609
0	430	180	0.63528
0	430	42	0.63522
0	430	171	0.635115
0	430	112	0.634921
0	430	271	0.634855
0	430	111	0.634562
0	430	25	0.633764
0	430	206	0.633177
1	430	0	0.63247
0	430	201	0.632264
0	430	211	0.63184
0	430	151	0.631535
0	430	245	0.631172
0	430	71	0.630617
0	430	62	0.630554
0	430	150	0.630003
0	430	139	0.629976
0	430	204	0.62987
0	430	86	0.629101
0	430	14	0.628886
0	430	257	0.628789
0	430	243	0.628691
0	430	153	0.628674
0	430	146	0.628638
0	430	156	0.628608
0	430	260	0.627824
0	430	240	0.627489
0	430	203	0.627292
0	430	186	0.627266
0	430	254	0.626776
0	430	138	0.624923
0	430	252	0.624533
0	430	76	0.624261
0	430	182	0.624087
0	430	76	0.624043
0	430	230	0.624022
0	430	18	0.623989
0	430	76	0.623384
0	430	126	0.623348
0	430	58	0.623083
0	430	253	0.622817
0	430	74	0.622784
0	430	53	0.62234
0	430	246	0.622299
0	430	6	0.622072
0	430	175	0.621947
0	430	22	0.621596
0	430	140	0.62131
0	430	199	0.62118
0	430	54	0.620933
0	430	175	0.62021
0	430	143	0.619999
0	430	26	0.619953
0	430	231	0.619379
0	430	186	0.61937
0	430	196	0.619209
0	430	164	0.619049
0	430	155	0.618536
0	430	2	0.61819
0	430	72	0.618048
0	430	24	0.617849
0	430	14	0.617827
0	430	240	0.617742
0	430	185	0.617646
0	430	40	0.617611
0	430	86	0.617212
0	430	35	0.615938
0	430	48	0.615743
0	430	76	0.615633
0	430	15	0.615322
0	430	209	0.614642
0	430	48	0.614619
0	430	129	0.614219
0	430	243	0.613925
0	430	114	0.613914
0	430	208	0.613276
0	430	44	0.613209
0	430	218	0.613054
0	430	204	0.612801
0	430	35	0.612768
0	430	107	0.6123
0	430	103	0.612278
0	430	59	0.611978
0	430	89	0.611622
0	430	126	0.61125
0	430	94	0.610908
0	430	229	0.610816
0	430	235	0.610517
0	430	71	0.610269
0	430	187	0.610007
0	430	240	0.609898
0	430	81	0.609789
0	430	154	0.609361
0	430	81	0.609127
0	430	167	0.609088
0	430	235	0.608411
0	430	77	0.607766
0	430	235	0.60767
0	430	206	0.607168
0	430	176	0.606684
0	430	233	0.605828
0	430	181	0.605203
0	430	251	0.605024
0	430	109	0.604962
0	430	109	0.604883
0	430	109	0.604712
0	430	153	0.604364
0	430	90	0.604049
0	430	182	0.603914
0	430	18	0.603721
0	430	117	0.603579
0	430	123	0.603537
0	430	160	0.603152
0	430	165	0.603086
0	430	15	0.602151
0	430	186	0.602029
0	430	55	0.601956
0	430	134	0.601948
0	430	197	0.601911
0	430	15	0.601842
0	430	72	0.601294
0	430	166	0.601063
0	430	199	0.600885
0	430	139	0.600848
0	430	86	0.600733
0	430	243	0.600647
0	430	7	0.600111
0	430	190	0.599515
0	430	144	0.599481
0	430	116	0.599267
0	430	147	0.599163
0	430	118	0.598901
0	430	214	0.598835
0	430	114	0.598644
0	430	20	0.598227
0	430	1	0.597957
0	430	214	0.597931
0	430	187	0.597588
0	430	127	0.597511
0	430	99	0.597338
0	430	256	0.596828
0	430	197	0.596449
0	430	185	0.595839
0	430	166	0.595684
0	430	214	0.595668
0	430	175	0.595632
0	430	243	0.594581
0	430	140	0.594378
0	430	84	0.594375
0	430	40	0.594334
0	430	235	0.593763
0	430	235	0.59352
0	430	217	0.593114
0	430	189	0.593089
0	430	60	0.593053
0	430	97	0.592695
0	430	138	0.592431
0	430	187	0.591815
0	430	102	0.591657
0	430	134	0.591318
0	430	229	0.591276
0	430	190	0.590921
0	430	195	0.590478
0	430	191	0.590252
0	430	241	0.589858
0	430	186	0.589266
0	430	180	0.589035
0	430	223	0.588975
0	430	15	0.588609
0	430	83	0.588326
0	430	175	0.588074
0	430	218	0.588069
0	430	6	0.588049
0	430	243	0.588029
0	430	205	0.587543
0	430	52	0.587194
0	430	46	0.587139
0	430	187	0.586439
1	430	0	0.586157
0	430	29	0.585989
0	430	171	0.585702
0	430	6	0.584866
0	430	241	0.584863
0	430	178	0.584794
0	430	132	0.584556
0	430	59	0.584472
0	430	164	0.584442
0	430	58	0.58422
0	430	140	0.583773
0	430	159	0.583707
1	430	0	0.583698
0	430	53	0.583443
0	430	154	0.583327
0	430	141	0.583322
0	430	128	0.583288
0	430	39	0.583225
0	430	168	0.583081
0	430	113	0.582428
0	430	11	0.582242
0	430	2	0.582144
0	430	172	0.581624
0	430	204	0.580914
0	430	72	0.580648
0	430	153	0.580442
0	430	216	0.580383
0	430	149	0.580278
0	430	126	0.57992
0	430	119	0.579882
0	430	82	0.578918
0	430	207	0.578827
0	430	115	0.57876
0	430	96	0.578234
0	430	139	0.577605
0	430	155	0.577128
0	430	58	0.577053
0	430	190	0.57686
0	430	220	0.57666
0	430	219	0.576271
0	430	77	0.576139
0	430	83	0.576008
0	430	237	0.575932
0	430	127	0.575276
0	430	199	0.574989
0	430	174	0.573665
0	430	117	0.572905
0	430	98	0.572843
0	430	13	0.572208
0	430	34	0.572052
0	430	100	0.572047
0	430	167	0.571067
0	430	137	0.570891
0	430	21	0.570556
0	430	191	0.570392
0	430	28	0.570137
0	430	4	0.569561
0	430	6	0.569535
0	430	18	0.56911
0	430	165	0.56855
0	430	77	0.568459
0	430	192	0.568008
0	430	133	0.567563
0	430	238	0.566844
0	430	136	0.566836
0	430	91	0.566833
0	430	179	0.56665
0	430	58	0.566393
0	430	169	0.566371
0	430	45	0.566029
0	430	127	0.565917
0	430	209	0.565815
0	430	82	0.565689
0	430	145	0.565426
0	430	20	0.564854
0	430	142	0.56476
0	430	21	0.564676
0	430	53	0.563509
0	430	111	0.563344
0	430	87	0.563235
0	430	158	0.562749
0	430	136	0.56241
0	430	219	0.562236
0	430	218	0.561551
0	430	31	0.561349
0	430	117	0.561231
0	430	134	0.560834
0	430	79	0.560828
0	430	47	0.560612
0	430	214	0.560464
0	430	176	0.560407
0	430	135	0.560072
0	430	64	0.55988
0	430	237	0.558743
0	430	15	0.558403
0	430	146	0.558324
0	430	185	0.557538
0	430	80	0.557468
0	430	195	0.556613
0	430	151	0.556398
0	430	215	0.556071
0	430	29	0.555555
0	430	139	0.555446
0	430	139	0.555326
0	430	121	0.554513
0	430	123	0.554311
0	430	59	0.553914
0	430	57	0.553514
0	430	186	0.552943
0	430	49	0.552894
0	430	233	0.552633
0	430	197	0.552382
0	430	182	0.552183
0	430	95	0.551782
0	430	24	0.551636
0	430	201	0.551241
0	430	195	0.550985
0	430	129	0.550687
0	430	168	0.550083
0	430	197	0.549529
0	430	11	0.549469
0	430	172	0.548535
0	430	35	0.54838
0	430	24	0.54792
0	430	159	0.547915
0	430	10	0.547862
0	430	51	0.547787
0	430	132	0.547677
0	430	100	0.547597
0	430	129	0.5474
0	430	54	0.546899
0	430	221	0.54689
0	430	166	0.546578
0	430	202	0.546367
0	430	231	0.546004
0	430	9	0.545499
0	430	13	0.54437
0	430	30	0.544137
0	430	185	0.543631
0	430	77	0.543565
0	430	117	0.542974
0	430	231	0.542263
0	430	180	0.542084
0	430	62	0.541746
0	430	80	0.541627
0	430	133	0.541445
0	430	78	0.540653
0	430	72	0.540313
0	430	102	0.540056
0	430	189	0.540005
0	430	25	0.5395
0	430	26	0.539441
0	430	113	0.539229
0	430	35	0.539139
0	430	55	0.53894
0	430	132	0.538608
0	430	89	0.538573
0	430	46	0.538417
0	430	156	0.538017
0	430	212	0.53792
0	430	19	0.537716
0	430	77	0.537191
0	430	117	0.537063
0	430	25	0.536656
0	430	189	0.536575
0	430	153	0.536537
0	430	34	0.535954
0	430	153	0.535716
0	430	130	0.535337
0	430	215	0.535314
0	430	140	0.534939
0	430	29	0.534906
0	430	207	0.534815
0	430	225	0.534793
0	430	199	0.534601
0	430	219	0.534357
0	430	82	0.533707
0	430	214	0.533567
0	430	73	0.533475
0	430	134	0.533349
0	430	38	0.533319
0	430	184	0.533281
0	430	86	0.53324
0	430	153	0.533045
0	430	81	0.531788
0	430	203	0.531721
0	430	207	0.530986
0	430	222	0.530584
0	430	190	0.530145
0	430	181	0.529817
0	430	58	0.529175
0	430	30	0.528857
0	430	154	0.528725
0	430	216	0.528532
0	430	130	0.528419
0	430	126	0.528015
0	430	92	0.527597
0	430	18	0.527378
0	430	104	0.527213
0	430	75	0.526946
0	430	187	0.526371
0	430	26	0.526264
0	430	104	0.525872
0	430	148	0.525537
0	430	184	0.525079
0	430	145	0.52453
0	430	45	0.524229
0	430	144	0.523218
0	430	49	0.522018
0	430	224	0.521815
0	430	193	0.521597
0	430	172	0.521561
0	430	111	0.521257
0	430	84	0.520814
0	430	37	0.520396
0	430	203	0.520202
0	430	4	0.520061
0	430	98	0.519489
0	430	121	0.519272
0	430	150	0.519235
0	430	101	0.519061
0	430	62	0.519046
0	430	168	0.518562
0	430	22	0.518558
0	430	61	0.518045
0	430	103	0.5179
0	430	110	0.517587
0	430	84	0.517386
0	430	26	0.517381
0	430	90	0.517146
0	430	153	0.516454
0	430	29	0.516272
0	430	122	0.516177
0	430	65	0.515982
0	430	84	0.515211
0	430	168	0.514637
0	430	45	0.513575
0	430	31	0.513532
0	430	136	0.513414
0	430	161	0.513177
0	430	126	0.512873
0	430	44	0.512738
0	430	189	0.512738
0	430	56	0.512726
0	430	67	0.512408
0	430	184	0.511841
0	430	200	0.51155
0	430	142	0.511533
0	430	198	0.511013
0	430	77	0.510863
0	430	2	0.510617
0	430	129	0.510603
0	430	132	0.510285
0	430	49	0.510128
0	430	20	0.509708
0	430	58	0.509026
0	430	13	0.50901
0	430	3	0.508901
0	430	82	0.508681
0	430	165	0.508612
0	430	11	0.507832
0	430	55	0.507738
0	430	146	0.507484
0	430	24	0.506505
0	430	21	0.506487
0	430	43	0.505482
0	430	49	0.504849
0	430	35	0.504716
0	430	39	0.504235
0	430	60	0.504149
0	430	152	0.504108
0	430	20	0.503879
0	430	195	0.503752
0	430	48	0.503431
0	430	3	0.503251
0	430	171	0.503001
0	430	68	0.502521
0	430	101	0.501882
0	430	142	0.501729
0	430	175	0.501584
0	430	176	0.501571
0	430	106	0.50031
0	430	62	0.500015
0	430	172	0.499818
0	430	136	0.499739
0	430	25	0.49937
0	430	119	0.498779
0	430	36	0.498646
0	430	64	0.498083
0	430	214	0.497961
0	430	146	0.497578
0	430	109	0.497457
0	430	18	0.497358
0	430	72	0.497072
0	430	30	0.496783
0	430	76	0.496417
0	430	47	0.496397
0	430	119	0.496247
0	430	68	0.495932
0	430	195	0.495878
0	430	99	0.495668
0	430	7	0.4956
0	430	171	0.495208
0	430	7	0.49499
0	430	192	0.494934
0	430	151	0.49492
0	430	67	0.494626
0	430	144	0.494527
0	430	155	0.493955
0	430	188	0.49356
0	430	162	0.493441
0	430	158	0.493429
0	430	186	0.4932
0	430	209	0.493124
0	430	203	0.492281
0	430	125	0.492249
0	430	26	0.491515
0	430	211	0.491199
0	430	195	0.490834
0	430	9	0.490558
0	430	168	0.490527
0	430	135	0.490018
0	430	7	0.489618
0	430	86	0.489187
0	430	168	0.487925
0	430	105	0.487374
0	430	62	0.486653
0	430	159	0.486568
0	430	137	0.486371
0	430	40	0.486259
0	430	179	0.485482
0	430	191	0.48541
0	430	6	0.485394
0	430	187	0.484951
0	430	119	0.484842
0	430	153	0.484841
0	430	101	0.484725
0	430	37	0.484337
0	430	194	0.48411
0	430	126	0.483506
0	430	107	0.482736
0	430	105	0.482376
0	430	201	0.482055
0	430	153	0.481749
0	430	96	0.48164
0	430	167	0.481493
0	430	57	0.481074
0	430	151	0.481063
0	430	118	0.480889
0	430	83	0.480856
0	430	35	0.480388
0	430	165	0.480319
0	430	20	0.479265
0	430	53	0.479098
0	430	75	0.479058
0	430	37	0.479021
0	430	93	0.478556
0	430	190	0.477998
0	430	121	0.477871
0	430	52	0.477764
0	430	50	0.47741
0	430	161	0.476746
0	430	108	0.476698
0	430	172	0.476269
0	430	97	0.476067
0	430	173	0.475863
0	430	172	0.475018
0	430	166	0.474783
0	430	140	0.474503
0	430	193	0.474261
0	430	49	0.474246
0	430	112	0.473848
0	430	82	0.473714
0	430	71	0.473646
0	430	56	0.472651
0	430	44	0.472526
0	430	24	0.472288
0	430	157	0.472245
0	430	190	0.4716
0	430	119	0.471541
0	430	194	0.471482
0	430	183	0.471456
0	430	79	0.470895
0	430	43	0.470892
0	430	1	0.470711
0	430	141	0.470641
0	430	123	0.470457
0	430	157	0.469884
0	430	34	0.469208
0	430	149	0.469204
0	430	1	0.468954
0	430	158	0.468675
0	430	150	0.468615
0	430	192	0.468518
0	430	21	0.468193
0	430	56	0.467932
0	430	116	0.467797
0	430	119	0.467296
0	430	61	0.467249
0	430	57	0.467188
0	430	102	0.466317
0	430	77	0.466083
0	430	190	0.465603
0	430	162	0.465514
0	430	76	0.465253
0	430	119	0.464714
0	430	64	0.464391
0	430	51	0.46281
0	430	110	0.462411
0	430	14	0.46235
0	430	109	0.46215
0	430	137	0.461803
0	430	43	0.461535
0	430	75	0.461353
0	430	197	0.460742
0	430	194	0.460632
0	430	29	0.460435
0	430	52	0.459949
0	430	196	0.459778
0	430	157	0.459481
0	430	19	0.458597
0	430	126	0.458489
0	430	180	0.458353
0	430	126	0.458051
0	430	28	0.457897
0	430	89	0.457073
0	430	94	0.456801
0	430	92	0.456416
0	430	17	0.456388
0	430	79	0.456194
0	430	195	0.456167
0	430	51	0.45598
0	430	58	0.455519
0	430	58	0.453413
0	430	145	0.452767
0	430	122	0.452173
0	430	113	0.45211
0	430	133	0.45201
0	430	68	0.45194
0	430	123	0.451794
0	430	192	0.451656
0	430	34	0.450435
0	430	65	0.450419
0	430	140	0.450394
0	430	132	0.449963
0	430	66	0.449801
0	430	171	0.449699
0	430	37	0.449534
0	430	122	0.449069
0	430	139	0.448671
0	430	113	0.448469
0	430	138	0.447796
0	430	49	0.447169
0	430	167	0.447072
0	430	158	0.447032
0	430	26	0.44687
0	430	174	0.446669
0	430	101	0.44644
0	430	173	0.446201
0	430	3	0.44606
0	430	55	0.445462
0	430	15	0.445329
0	430	104	0.445135
0	430	173	0.444885
0	430	124	0.444425
0	430	133	0.444309
0	430	40	0.444113
0	430	138	0.443712
0	430	98	0.443695
0	430	153	0.443561
0	430	154	0.443506
0	430	184	0.442897
0	430	109	0.442439
0	430	130	0.44238
0	430	136	0.442055
0	430	83	0.441861
0	430	123	0.441217
0	430	96	0.441042
0	430	47	0.441026
0	430	90	0.44085
0	430	47	0.440279
0	430	162	0.439682
0	430	46	0.439317
0	430	50	0.439055
0	430	164	0.439023
0	430	132	0.43895
0	430	100	0.438905
0	430	57	0.438753
0	430	57	0.43872
0	430	17	0.438483
0	430	62	0.438255
0	430	114	0.438227
0	430	109	0.438134
0	430	39	0.437765
0	430	67	0.43759
0	430	67	0.437521
0	430	73	0.437384
0	430	149	0.437146
0	430	97	0.436952
0	430	58	0.436053
0	430	64	0.43594
0	430	38	0.435575
0	430	184	0.435542
0	430	136	0.435026
0	430	139	0.434456
0	430	85	0.434352
0	430	31	0.433616
0	430	99	0.433613
0	430	139	0.433579
0	430	134	0.433314
0	430	71	0.433284
0	430	117	0.433111
0	430	38	0.432528
0	430	52	0.432201
0	430	131	0.431803
0	430	72	0.431524
0	430	119	0.430877
0	430	185	0.430811
0	430	49	0.430806
0	430	146	0.430543
0	430	93	0.430539
0	430	132	0.430412
0	430	138	0.430363
0	430	105	0.430192
0	430	50	0.429621
0	430	6	0.429566
0	430	130	0.429275
0	430	173	0.429125
0	430	70	0.429097
0	430	107	0.429027
0	430	87	0.428892
0	430	119	0.428584
0	430	173	0.428554
0	430	144	0.427758
0	430	96	0.426717
0	430	117	0.426322
0	430	50	0.42624
0	430	39	0.425453
0	430	62	0.425348
0	430	97	0.424659
0	430	175	0.423205
0	430	55	0.423147
0	430	115	0.423009
0	430	181	0.422983
0	430	12	0.422822
0	430	164	0.422481
0	430	82	0.422308
0	430	49	0.422305
0	430	139	0.422261
0	430	149	0.422231
0	430	160	0.422047
0	430	181	0.421942
0	430	165	0.421692
0	430	168	0.421644
0	430	170	0.42123
0	430	144	0.420928
0	430	86	0.420476
0	430	103	0.419976
0	430	87	0.419756
0	430	27	0.419459
0	430	91	0.419186
0	430	17	0.419124
0	430	129	0.418389
0	430	53	0.418333
0	430	55	0.418089
0	430	172	0.417905
0	430	111	0.417012
0	430	178	0.416967
0	430	9	0.416337
0	430	9	0.415851
0	430	160	0.415556
0	430	93	0.415156
0	430	51	0.415032
0	430	39	0.414877
0	430	158	0.414612
0	430	74	0.414324
0	430	140	0.414291
0	430	133	0.414058
0	430	157	0.413594
0	430	71	0.412983
0	430	97	0.412177
0	430	61	0.412069
0	430	51	0.411724
0	430	29	0.411531
0	430	155	0.410958
0	430	165	0.410911
0	430	159	0.410848
0	430	94	0.410803
0	430	150	0.410662
0	430	84	0.410345
0	430	52	0.409609
0	430	33	0.409528
0	430	112	0.409407
0	430	123	0.409323
0	430	135	0.40907
0	430	112	0.408915
0	430	139	0.408505
0	430	144	0.4085
0	430	79	0.4081
0	430	100	0.408084
0	430	164	0.407423
0	430	98	0.4069
0	430	99	0.406821
0	430	55	0.406183
0	430	76	0.405803
0	430	172	0.405694
0	430	8	0.405145
0	430	102	0.40478
0	430	161	0.403905
0	430	165	0.403848
0	430	154	0.403742
0	430	102	0.402984
0	430	148	0.402899
0	430	162	0.402736
0	430	97	0.402501
0	430	95	0.40219
0	430	137	0.401296
0	430	69	0.401094
0	430	95	0.401085
0	430	166	0.40041
0	430	101	0.399284
0	430	73	0.399202
0	430	48	0.399173
0	430	129	0.399134
0	430	162	0.39816
1	430	0	0.398132
0	430	124	0.397036
0	430	22	0.396801
0	430	167	0.396556
0	430	48	0.396406
0	430	101	0.39561
0	430	59	0.395469
0	430	159	0.395452
0	430	39	0.395433
0	430	100	0.395119
0	430	34	0.394849
0	430	147	0.394117
0	430	80	0.394023
0	430	136	0.393967
0	430	128	0.393319
0	430	72	0.393298
0	430	88	0.393183
0	430	11	0.393074
0	430	137	0.392943
0	430	137	0.392897
0	430	94	0.392483
0	430	26	0.392351
0	430	7	0.392
0	430	67	0.391958
0	430	150	0.391374
0	430	109	0.391181
0	430	16	0.390684
0	430	86	0.390253
0	430	140	0.390098
0	430	64	0.389959
0	430	71	0.389949
0	430	63	0.389746
0	430	24	0.389563
0	430	122	0.389382
0	430	152	0.389307
0	430	1	0.38927
0	430	114	0.388717
0	430	75	0.38866
0	430	7	0.388586
0	430	27	0.388523
0	430	79	0.388016
0	430	148	0.387591
0	430	22	0.38743
0	430	50	0.387221
0	430	27	0.386988
0	430	141	0.386854
0	430	165	0.386518
0	430	134	0.386371
0	430	69	0.386327
0	430	128	0.386215
0	430	36	0.385787
0	430	54	0.385587
0	430	112	0.385174
0	430	122	0.384661
0	430	140	0.383994
0	430	144	0.383758
0	430	117	0.383423
0	430	124	0.383421
0	430	78	0.382704
0	430	27	0.382397
0	430	108	0.381589
0	430	96	0.381256
0	430	107	0.381082
0	430	118	0.381066
0	430	108	0.381048
0	430	163	0.381034
0	430	90	0.380607
0	430	117	0.380482
0	430	120	0.380306
0	430	111	0.380245
0	430	27	0.379749
0	430	159	0.379706
0	430	47	0.379696
0	430	155	0.379652
0	430	54	0.379364
0	430	15	0.378814
0	430	51	0.378438
0	430	56	0.377602
0	430	109	0.377024
0	430	90	0.376857
0	430	140	0.37647
0	430	85	0.376342
0	430	151	0.376141
0	430	119	0.376034
0	430	150	0.375797
0	430	147	0.375684
0	430	56	0.375558
0	430	131	0.375272
0	430	13	0.375031
0	430	67	0.375031
0	430	58	0.375012
0	430	7	0.374825
0	430	143	0.37445
0	430	55	0.373806
0	430	78	0.372828
0	430	142	0.372388
0	430	26	0.3721
0	430	72	0.371407
0	430	96	0.370836
0	430	2	0.370745
0	430	57	0.370229
0	430	80	0.369954
0	430	91	0.368959
0	430	14	0.368648
0	430	39	0.368253
0	430	43	0.367746
0	430	75	0.36676
0	430	156	0.366619
0	430	21	0.366498
0	430	125	0.366056
0	430	122	0.366016
0	430	17	0.365992
0	430	85	0.365868
0	430	64	0.365583
0	430	16	0.365505
0	430	25	0.365479
0	430	147	0.365345
0	430	54	0.364925
0	430	39	0.364798
0	430	62	0.363772
0	430	115	0.363701
0	430	142	0.36321
0	430	127	0.363098
0	430	64	0.36303
0	430	60	0.362972
0	430	41	0.362825
0	430	142	0.362637
0	430	64	0.362154
0	430	146	0.36186
0	430	84	0.361713
1	430	0	0.361521
0	430	27	0.361188
0	430	11	0.36081
0	430	82	0.360727
0	430	74	0.360411
0	430	38	0.360188
0	430	47	0.359715
0	430	62	0.359438
0	430	148	0.359435
0	430	121	0.359233
0	430	89	0.358949
0	430	131	0.358209
0	430	89	0.357772
0	430	85	0.357443
0	430	128	0.357364
0	430	30	0.356999
0	430	120	0.356982
0	430	112	0.355789
0	430	132	0.355699
0	430	2	0.355583
0	430	49	0.355582
0	430	151	0.355298
0	430	137	0.354938
0	430	55	0.354739
0	430	62	0.354488
0	430	101	0.354352
0	430	88	0.35429
0	430	55	0.354178
0	430	48	0.354148
0	430	116	0.353959
0	430	49	0.353933
0	430	131	0.353933
0	430	86	0.352713
0	430	71	0.352585
0	430	123	0.352346
0	430	146	0.352341
0	430	7	0.351895
0	430	121	0.351798
0	430	134	0.35146
0	430	34	0.351444
0	430	52	0.351367
0	430	7	0.351289
0	430	78	0.351253
0	430	101	0.350382
0	430	1	0.349711
0	430	112	0.34938
0	430	143	0.349338
0	430	88	0.349201
0	430	83	0.348338
0	430	88	0.347812
0	430	75	0.347587
0	430	135	0.34713
0	430	14	0.346917
0	430	24	0.346698
0	430	59	0.346478
0	430	78	0.34607
0	430	79	0.34574
0	430	19	0.34573
0	430	26	0.344726
0	430	71	0.34459
0	430	101	0.344551
0	430	31	0.344507
0	430	7	0.344424
0	430	21	0.344244
0	430	118	0.344167
0	430	35	0.34373
0	430	123	0.343517
0	430	30	0.343227
0	430	118	0.34319
0	430	43	0.342668
0	430	5	0.342515
0	430	52	0.342461
0	430	99	0.342267
0	430	43	0.342228
0	430	38	0.342123
0	430	100	0.342038
0	430	24	0.34202
0	430	140	0.341176
0	430	33	0.340745
0	430	66	0.340734
0	430	87	0.340451
0	430	112	0.339858
0	430	14	0.339429
0	430	54	0.339266
0	430	83	0.338976
0	430	6	0.33882
0	430	34	0.338527
0	430	95	0.338411
0	430	54	0.338247
0	430	125	0.337974
0	430	29	0.337956
0	430	71	0.337747
0	430	141	0.337684
0	430	60	0.33757
0	430	143	0.337148
0	430	59	0.336742
0	430	86	0.33637
0	430	59	0.335834
0	430	48	0.335633
0	430	141	0.335285
0	430	129	0.335009
0	430	8	0.334545
0	430	2	0.334386
0	430	68	0.334119
0	430	92	0.33399
0	430	5	0.333987
0	430	74	0.33394
0	430	58	0.333852
0	430	96	0.333734
0	430	34	0.333616
0	430	52	0.333585
0	430	61	0.3334
0	430	70	0.333268
0	430	109	0.333106
0	430	40	0.33293
0	430	90	0.332801
0	430	91	0.332707
0	430	10	0.332691
0	430	8	0.332507
1	430	0	0.332421
0	430	92	0.332367
0	430	31	0.331542
0	430	13	0.331432
0	430	139	0.331262
0	430	5	0.331134
0	430	72	0.331102
0	430	111	0.330982
0	430	121	0.33009
0	430	38	0.329317
0	430	20	0.328916
0	430	119	0.328684
0	430	111	0.328357
0	430	88	0.327893
0	430	56	0.327827
0	430	116	0.326404
0	430	9	0.325893
0	430	107	0.325469
0	430	73	0.32534
0	430	81	0.324987
0	430	111	0.324859
0	430	47	0.324654
0	430	91	0.324191
0	430	5	0.324123
0	430	79	0.323995
0	430	102	0.323918
0	430	44	0.323307
0	430	51	0.323277
0	430	91	0.323194
0	430	37	0.322837
0	430	124	0.322619
0	430	131	0.322593
0	430	27	0.322478
0	430	48	0.322413
0	430	17	0.322317
0	430	133	0.322251
0	430	126	0.321777
0	430	85	0.321619
0	430	35	0.32136
0	430	127	0.321225
0	430	79	0.321088
0	430	45	0.320957
0	430	74	0.320949
0	430	134	0.319895
0	430	58	0.319714
0	430	7	0.319637
0	430	137	0.319534
0	430	4	0.31882
0	430	89	0.318768
0	430	20	0.318633
0	430	7	0.318583
0	430	45	0.318098
0	430	4	0.31789
0	430	81	0.317812
0	430	128	0.317721
0	430	18	0.317537
0	430	132	0.317104
0	430	36	0.317094
0	430	76	0.317005
0	430	53	0.316688
0	430	52	0.316637
0	430	53	0.316305
0	430	9	0.316223
0	430	6	0.316151
0	430	133	0.315833
0	430	58	0.315138
0	430	96	0.314864
0	430	6	0.314853
0	430	73	0.314386
0	430	33	0.313645
0	430	20	0.313565
0	430	15	0.313198
0	430	114	0.312741
0	430	23	0.312547
0	430	64	0.312292
0	430	75	0.312219
0	430	97	0.312198
0	430	32	0.311958
0	430	24	0.311636
0	430	40	0.311319
0	430	2	0.310476
0	430	91	0.310323
0	430	1	0.31027
0	430	96	0.309718
0	430	83	0.30971
0	430	94	0.309598
0	430	73	0.309277
0	430	60	0.308751
0	430	34	0.308391
0	430	48	0.308233
0	430	51	0.308133
0	430	63	0.308081
0	430	119	0.307947
0	430	56	0.307791
0	430	52	0.307485
0	430	73	0.307394
0	430	122	0.307317
0	430	44	0.306897
0	430	62	0.30665
0	430	114	0.306072
0	430	26	0.305878
0	430	36	0.305806
0	430	3	0.305198
0	430	79	0.305055
0	430	31	0.304625
0	430	104	0.304329
0	430	93	0.303866
0	430	108	0.30289
0	430	96	0.302864
0	430	44	0.302848
0	430	16	0.302429
0	430	24	0.302391
0	430	88	0.302207
0	430	54	0.3021
0	430	95	0.302025
0	430	11	0.301952
0	430	109	0.301721
0	430	30	0.301002
0	430	65	0.300329
0	430	85	0.299856
0	430	42	0.299854
0	430	59	0.299713
0	430	123	0.299523
0	430	26	0.299462
0	430	52	0.299138
0	430	45	0.299063
1	430	0	0.298904
0	430	91	0.298883
0	430	71	0.298481
0	430	87	0.298307
0	430	69	0.297779
0	430	31	0.29714
0	430	48	0.296551
0	430	63	0.296529
0	430	58	0.296523
0	430	97	0.295638
0	430	37	0.295071
0	430	106	0.295007
0	430	78	0.294964
0	430	75	0.294686
0	430	47	0.294533
0	430	35	0.294325
0	430	40	0.294258
0	430	30	0.294094
0	430	37	0.293879
0	430	12	0.293759
0	430	43	0.293245
0	430	113	0.292881
0	430	29	0.292595
0	430	39	0.292369
0	430	23	0.292178
0	430	108	0.292087
0	430	1	0.291654
0	430	125	0.291648
0	430	91	0.29158
0	430	3	0.291359
0	430	15	0.291356
0	430	65	0.291308
0	430	83	0.291087
0	430	31	0.290873
0	430	65	0.290811
0	430	50	0.290804
0	430	16	0.290352
0	430	86	0.290085
0	430	123	0.289624
0	430	18	0.289551
0	430	42	0.289349
0	430	124	0.289303
0	430	99	0.288543
0	430	114	0.288353
0	430	78	0.287891
0	430	65	0.287459
0	430	98	0.287202
0	430	49	0.286932
0	430	83	0.286504
0	430	61	0.286269
0	430	15	0.286089
0	430	13	0.285622
0	430	18	0.285128
0	430	105	0.285123
0	430	76	0.285081
0	430	68	0.284453
0	430	50	0.284324
0	430	37	0.284089
0	430	108	0.283892
0	430	18	0.283824
0	430	2	0.283575
0	430	29	0.282764
0	430	64	0.282579
0	430	5	0.282542
0	430	33	0.282208
0	430	108	0.282176
0	430	60	0.282093
0	430	12	0.281861
0	430	16	0.281562
0	430	58	0.280955
0	430	21	0.280879
0	430	110	0.28076
0	430	40	0.280437
0	430	52	0.279806
0	430	41	0.279773
0	430	85	0.279592
0	430	80	0.27942
0	430	46	0.279133
0	430	41	0.278871
0	430	12	0.278295
0	430	112	0.278122
0	430	91	0.277076
0	430	70	0.27687
0	430	42	0.276673
0	430	58	0.276609
0	430	28	0.276261
0	430	115	0.276214
0	430	5	0.275735
0	430	5	0.275658
0	430	101	0.275346
0	430	34	0.274901
0	430	97	0.274831
0	430	77	0.274676
0	430	34	0.274411
0	430	85	0.274335
0	430	104	0.274126
0	430	44	0.272865
0	430	35	0.272799
0	430	77	0.272798
0	430	96	0.272144
0	430	66	0.271621
0	430	73	0.271519
0	430	44	0.270143
0	430	104	0.270116
0	430	14	0.269501
0	430	20	0.269432
0	430	101	0.269225
0	430	15	0.268844
0	430	28	0.268833
0	430	9	0.268789
0	430	65	0.268236
0	430	77	0.268192
0	430	92	0.267066
0	430	82	0.266373
0	430	10	0.26604
0	430	75	0.265827
0	430	38	0.265788
0	430	49	0.265686
0	430	50	0.265488
0	430	18	0.26533
0	430	54	0.265061
0	430	40	0.265025
0	430	12	0.264932
0	430	72	0.264472
0	430	45	0.264157
0	430	98	0.263913
0	430	55	0.263768
0	430	46	0.263576
0	430	42	0.263426
0	430	17	0.263091
0	430	88	0.262958
0	430	22	0.26275
0	430	90	0.262719
0	430	12	0.262146
0	430	99	0.262127
0	430	90	0.26165
0	430	60	0.261255
0	430	23	0.260868
0	430	32	0.260857
0	430	89	0.260528
0	430	57	0.257337
0	430	21	0.257163
0	430	92	0.257069
0	430	103	0.25653
0	430	88	0.256152
0	430	13	0.256057
0	430	56	0.255981
0	430	66	0.255817
0	430	85	0.255285
0	430	90	0.255202
0	430	83	0.25509
0	430	48	0.254892
0	430	84	0.254853
0	430	103	0.254652
0	430	23	0.253864
0	430	10	0.253842
0	430	42	0.253702
0	430	25	0.253301
0	430	16	0.253112
0	430	106	0.25278
1	430	0	0.252675
0	430	9	0.252347
1	430	0	0.252159
0	430	74	0.251529
0	430	95	0.251354
0	430	56	0.251353
0	430	65	0.251152
0	430	85	0.250703
0	430	45	0.250631
0	430	54	0.250589
0	430	90	0.250561
0	430	23	0.249583
0	430	33	0.24908
0	430	1	0.248995
0	430	38	0.248756
0	430	33	0.248592
0	430	1	0.248427
0	430	91	0.248414
0	430	39	0.24827
0	430	40	0.248179
0	430	19	0.248016
0	430	33	0.247936
0	430	36	0.247599
0	430	51	0.247543
0	430	78	0.247078
0	430	53	0.247066
0	430	52	0.246233
0	430	30	0.245955
0	430	71	0.245644
0	430	18	0.244932
0	430	71	0.243994
0	430	26	0.243751
0	430	35	0.243414
0	430	48	0.243179
0	430	32	0.242631
0	430	96	0.242607
0	430	80	0.241906
0	430	76	0.241904
0	430	63	0.241062
0	430	55	0.241038
0	430	61	0.240927
0	430	55	0.240829
0	430	74	0.240718
0	430	47	0.239753
0	430	68	0.239581
0	430	19	0.239268
0	430	90	0.238979
0	430	7	0.238885
0	430	72	0.238266
0	430	51	0.23806
0	430	82	0.237604
0	430	55	0.237476
0	430	29	0.236828
0	430	22	0.236479
0	430	31	0.236291
0	430	37	0.23611
0	430	6	0.235975
0	430	38	0.235338
0	430	99	0.23515
0	430	80	0.234574
0	430	58	0.2343
0	430	70	0.234069
0	430	58	0.232957
0	430	93	0.232893
0	430	29	0.232703
0	430	7	0.232662
0	430	21	0.232511
0	430	72	0.232029
0	430	81	0.231678
0	430	52	0.231607
0	430	50	0.231572
0	430	53	0.231338
0	430	69	0.23119
0	430	34	0.23107
0	430	4	0.231043
0	430	56	0.230927
0	430	90	0.230617
0	430	55	0.23056
0	430	17	0.22992
0	430	66	0.229912
0	430	31	0.229698
0	430	94	0.229278
0	430	18	0.228452
0	430	36	0.228227
0	430	75	0.227914
0	430	42	0.227777
0	430	29	0.227133
0	430	65	0.226206
0	430	90	0.226028
0	430	27	0.225959
0	430	32	0.225942
0	430	10	0.225742
0	430	58	0.225532
0	430	5	0.225341
0	430	51	0.224949
0	430	35	0.224886
0	430	10	0.224774
0	430	45	0.224588
0	430	11	0.223833
0	430	52	0.223782
0	430	30	0.223068
0	430	80	0.223064
0	430	60	0.22305
0	430	56	0.222753
0	430	53	0.222582
0	430	81	0.222495
0	430	7	0.222289
0	430	85	0.222035
0	430	33	0.221485
0	430	94	0.220896
0	430	81	0.220771
0	430	88	0.220627
0	430	1	0.220271
0	430	16	0.219761
0	430	37	0.219558
0	430	60	0.219399
0	430	5	0.218984
0	430	87	0.218534
0	430	49	0.218509
0	430	7	0.218501
0	430	43	0.217407
0	430	64	0.217307
0	430	39	0.217037
0	430	35	0.216656
0	430	92	0.216574
0	430	28	0.216181
0	430	69	0.215742
0	430	47	0.215269
0	430	17	0.214464
0	430	29	0.214382
0	430	26	0.214333
0	430	62	0.213924
0	430	56	0.213836
0	430	9	0.213815
0	430	89	0.21345
0	430	44	0.213102
0	430	33	0.212224
0	430	71	0.211735
0	430	22	0.21106
0	430	47	0.210806
0	430	59	0.2102
0	430	32	0.210133
0	430	66	0.210112
0	430	50	0.209719
0	430	45	0.209221
0	430	28	0.209191
0	430	27	0.20871
0	430	24	0.20861
0	430	62	0.208596
0	430	52	0.208472
0	430	21	0.208447
0	430	81	0.208423
0	430	74	0.207843
0	430	5	0.207781
0	430	77	0.207518
0	430	52	0.207373
0	430	63	0.207126
0	430	27	0.207104
0	430	75	0.206791
0	430	51	0.206461
0	430	10	0.206254
0	430	46	0.206096
0	430	22	0.206035
0	430	5	0.205456
0	430	64	0.204968
0	430	25	0.20496
0	430	9	0.204261
0	430	13	0.204249
0	430	15	0.204187
0	430	57	0.203581
0	430	38	0.203411
0	430	32	0.202694
0	430	53	0.201854
0	430	66	0.201773
0	430	28	0.201236
0	430	17	0.201197
0	430	70	0.199994
0	430	78	0.199858
0	430	50	0.19971
0	430	76	0.199306
0	430	41	0.198941
0	430	53	0.198687
0	430	51	0.198504
0	430	73	0.197773
0	430	46	0.196592
0	430	43	0.196412
0	430	58	0.196392
0	430	39	0.196105
1	430	0	0.196034
0	430	9	0.195801
0	430	22	0.195705
0	430	5	0.195193
0	430	30	0.194905
0	430	52	0.194852
0	430	76	0.19414
0	430	79	0.193472
1	430	0	0.193453
0	430	6	0.193402
0	430	71	0.192914
0	430	7	0.192589
0	430	16	0.192303
0	430	24	0.191873
0	430	21	0.191834
0	430	46	0.191807
0	430	79	0.191028
0	430	35	0.190543
0	430	70	0.190182
0	430	66	0.190164
0	430	12	0.190106
0	430	26	0.189674
0	430	10	0.189286
0	430	21	0.189209
0	430	60	0.18902
0	430	41	0.188609
0	430	43	0.188138
0	430	32	0.187972
0	430	80	0.187794
0	430	68	0.186808
0	430	56	0.185569
0	430	35	0.185267
0	430	2	0.185035
0	430	3	0.184783
0	430	2	0.184512
0	430	31	0.184126
0	430	43	0.184114
0	430	5	0.183758
0	430	12	0.183478
0	430	59	0.18344
0	430	16	0.183437
0	430	25	0.183293
0	430	61	0.18306
0	430	70	0.182806
0	430	1	0.182611
0	430	33	0.182483
0	430	7	0.182458
0	430	24	0.182252
0	430	42	0.182045
0	430	76	0.181868
0	430	3	0.181133
0	430	45	0.181092
0	430	3	0.180974
0	430	33	0.180575
0	430	3	0.180566
0	430	5	0.180496
0	430	50	0.180305
0	430	9	0.179732
0	430	32	0.179701
0	430	65	0.179586
0	430	5	0.179019
0	430	66	0.178786
0	430	10	0.178678
0	430	57	0.178437
0	430	50	0.178376
0	430	60	0.177616
0	430	27	0.177154
0	430	67	0.176872
0	430	41	0.176696
0	430	51	0.176564
1	430	0	0.176065
0	430	30	0.175514
0	430	11	0.175375
0	430	66	0.175192
0	430	42	0.17511
0	430	60	0.174497
0	430	66	0.17369
0	430	4	0.173571
0	430	16	0.17351
0	430	51	0.173402
0	430	34	0.173096
0	430	51	0.17281
0	430	41	0.172737
0	430	63	0.172435
0	430	53	0.171811
0	430	68	0.171753
0	430	9	0.171644
0	430	30	0.171348
0	430	62	0.171142
0	430	21	0.171034
0	430	20	0.171027
0	430	4	0.170272
0	430	28	0.170124
0	430	10	0.17011
0	430	42	0.169624
0	430	59	0.169523
0	430	46	0.169473
0	430	65	0.168711
0	430	26	0.168328
0	430	31	0.167845
0	430	42	0.16748
0	430	51	0.167462
0	430	20	0.167043
0	430	25	0.166808
0	430	3	0.166801
0	430	3	0.166664
0	430	11	0.166491
0	430	2	0.166464
0	430	33	0.16627
0	430	4	0.16624
0	430	29	0.166109
0	430	54	0.16599
0	430	45	0.165072
0	430	56	0.164951
0	430	43	0.164855
0	430	32	0.164855
0	430	33	0.164791
0	430	21	0.164763
0	430	34	0.164727
0	430	3	0.164716
0	430	53	0.164571
0	430	21	0.164401
0	430	69	0.164213
0	430	2	0.164147
0	430	22	0.163954
0	430	23	0.163148
0	430	67	0.162576
0	430	29	0.162432
0	430	68	0.161398
0	430	36	0.160996
0	430	57	0.160926
0	430	2	0.160551
0	430	44	0.160548
0	430	3	0.159084
0	430	13	0.15901
0	430	1	0.158623
0	430	32	0.158576
0	430	67	0.158494
0	430	20	0.157861
0	430	18	0.157656
0	430	66	0.157214
0	430	4	0.156947
0	430	52	0.156751
0	430	45	0.156732
0	430	10	0.156448
0	430	67	0.156363
0	430	37	0.156253
0	430	52	0.155762
0	430	42	0.155386
0	430	10	0.155113
0	430	10	0.154938
0	430	20	0.154773
0	430	35	0.154525
0	430	36	0.154228
0	430	65	0.15417
0	430	41	0.153914
0	430	56	0.153902
0	430	4	0.153723
0	430	20	0.153558
0	430	52	0.153261
0	430	9	0.15262
0	430	24	0.152311
0	430	35	0.151972
0	430	46	0.151879
0	430	24	0.151865
0	430	18	0.151792
0	430	36	0.151521
0	430	64	0.15152
0	430	42	0.151386
0	430	58	0.150946
0	430	13	0.150801
0	430	60	0.150696
0	430	4	0.150213
0	430	1	0.150098
0	430	38	0.15004
0	430	47	0.150028
0	430	55	0.149741
0	430	8	0.149428
0	430	41	0.149355
0	430	52	0.148578
0	430	53	0.148012
0	430	28	0.147986
0	430	51	0.147751
0	430	49	0.147595
0	430	19	0.147539
0	430	5	0.147401
0	430	1	0.147338
0	430	23	0.147312
0	430	30	0.147308
0	430	16	0.146854
0	430	36	0.146444
0	430	36	0.14637
0	430	50	0.14613
0	430	36	0.145872
0	430	23	0.145649
0	430	10	0.145283
0	430	47	0.144456
0	430	6	0.143663
0	430	13	0.143556
0	430	20	0.142856
0	430	58	0.142355
0	430	35	0.142081
0	430	25	0.141746
0	430	47	0.141557
0	430	21	0.141007
0	430	10	0.140687
0	430	31	0.14058
0	430	46	0.140488
0	430	38	0.140437
0	430	46	0.140419
0	430	27	0.140275
0	430	58	0.140169
0	430	53	0.139819
0	430	49	0.138818
0	430	55	0.138737
0	430	10	0.138679
0	430	49	0.138578
0	430	56	0.13851
0	430	51	0.138169
0	430	6	0.138105
0	430	35	0.137979
0	430	12	0.137325
0	430	26	0.13704
0	430	33	0.136878
0	430	54	0.136289
0	430	21	0.135429
0	430	56	0.135225
0	430	45	0.135191
0	430	40	0.134784
0	430	30	0.134741
0	430	16	0.134701
0	430	5	0.134527
0	430	46	0.134388
0	430	13	0.13399
0	430	36	0.133771
0	430	48	0.133693
0	430	51	0.133484
0	430	28	0.133442
0	430	45	0.133285
0	430	3	0.132724
0	430	34	0.132494
0	430	34	0.132401
0	430	9	0.132378
0	430	31	0.132244
0	430	6	0.131915
0	430	13	0.131551
1	430	0	0.131443
0	430	39	0.131412
0	430	16	0.131282
0	430	39	0.130942
0	430	18	0.130321
1	430	0	0.129963
0	430	50	0.129649
0	430	43	0.129525
0	430	49	0.129503
0	430	51	0.12925
0	430	39	0.129216
0	430	18	0.129146
0	430	29	0.129102
0	430	47	0.12893
0	430	1	0.12772
0	430	33	0.12767
0	430	4	0.127564
0	430	31	0.127368
0	430	39	0.127194
0	430	18	0.127037
0	430	8	0.126601
0	430	46	0.126254
0	430	9	0.125991
0	430	5	0.125923
0	430	4	0.125847
0	430	46	0.125809
0	430	33	0.125623
0	430	27	0.124945
0	430	4	0.124859
0	430	47	0.124824
0	430	4	0.12438
0	430	20	0.124283
0	430	8	0.123977
0	430	16	0.123963
0	430	15	0.123705
0	430	33	0.123505
0	430	42	0.123219
0	430	45	0.123107
0	430	25	0.122546
0	430	7	0.122153
0	430	20	0.122104
0	430	51	0.121602
0	430	26	0.120539
0	430	48	0.120441
0	430	40	0.120187
0	430	26	0.119436
0	430	38	0.119349
0	430	7	0.119313
0	430	49	0.1192
0	430	34	0.118801
0	430	7	0.118444
0	430	9	0.118115
0	430	11	0.11806
0	430	31	0.117776
0	430	41	0.117373
0	430	22	0.117301
0	430	46	0.11704
0	430	38	0.117027
0	430	47	0.116953
0	430	12	0.116887
0	430	31	0.116509
0	430	1	0.116334
0	430	49	0.11599
0	430	40	0.115819
0	430	48	0.115406
0	430	3	0.115402
0	430	37	0.115153
0	430	19	0.11515
0	430	39	0.115074
0	430	48	0.115074
0	430	1	0.114507
1	430	0	0.114267
0	430	29	0.1139
0	430	30	0.113849
0	430	48	0.11382
0	430	40	0.113587
0	430	45	0.113478
0	430	14	0.112856
0	430	26	0.112787
0	430	8	0.112172
0	430	34	0.111804
0	430	8	0.111586
0	430	36	0.111173
0	430	44	0.110885
0	430	8	0.110856
0	430	39	0.11082
0	430	23	0.110672
0	430	17	0.110593
0	430	45	0.110574
0	430	3	0.110273
0	430	38	0.109918
0	430	30	0.109832
0	430	44	0.109631
1	430	0	0.109524
0	430	20	0.108583
0	430	33	0.108484
0	430	17	0.108384
0	430	39	0.108221
0	430	30	0.1078
0	430	26	0.107732
0	430	36	0.107518
0	430	29	0.107329
0	430	43	0.107001
0	430	31	0.106975
0	430	17	0.106273
0	430	44	0.106244
0	430	24	0.106175
0	430	22	0.106053
0	430	34	0.105685
0	430	28	0.10549
0	430	28	0.105153
0	430	9	0.10493
0	430	40	0.10451
0	430	39	0.10436
0	430	14	0.104175
0	430	21	0.10386
0	430	18	0.103744
0	430	4	0.103711
0	430	7	0.103633
0	430	17	0.103596
0	430	28	0.103499
0	430	20	0.102937
0	430	37	0.102808
0	430	43	0.102458
0	430	35	0.101828
0	430	33	0.101121
0	430	14	0.101119
0	430	39	0.100926
0	430	23	0.100884
0	430	33	0.100813
0	430	16	0.10071
0	430	26	0.100413
0	430	41	0.0995051
0	430	25	0.099362
0	430	40	0.0991126
0	430	34	0.0990742
0	430	35	0.0989863
0	430	27	0.0988375
0	430	14	0.0987856
0	430	24	0.0986872
0	430	13	0.0984566
0	430	24	0.0981995
0	430	40	0.0981469
0	430	19	0.0980451
0	430	19	0.0978777
0	430	20	0.0977698
0	430	38	0.0975593
0	430	23	0.0972275
0	430	30	0.0970631
0	430	26	0.0967528
0	430	27	0.0962856
0	430	41	0.0959135
0	430	34	0.095677
0	430	32	0.0956625
0	430	8	0.0953452
0	430	30	0.0949226
0	430	22	0.0949155
0	430	2	0.0946827
0	430	40	0.0942656
0	430	25	0.0940236
0	430	31	0.0936272
0	430	4	0.0934564
0	430	8	0.0930969
0	430	3	0.0930273
0	430	2	0.0928565
0	430	20	0.0925627
0	430	26	0.0925466
0	430	3	0.0924634
0	430	2	0.0921511
0	430	24	0.0917077
0	430	25	0.0914501
0	430	33	0.0913987
0	430	7	0.0912265
0	430	10	0.0911846
0	430	1	0.091134
0	430	16	0.0909212
0	430	14	0.0907496
0	430	27	0.0905731
0	430	5	0.0905622
0	430	8	0.0898203
0	430	1	0.0896568
0	430	22	0.0893707
0	430	33	0.0891665
0	430	6	0.0886718
0	430	8	0.0876306
0	430	3	0.0875271
0	430	15	0.0866039
0	430	14	0.0864417
0	430	27	0.086422
0	430	12	0.0863634
0	430	25	0.0860716
0	430	27	0.0847047
1	430	0	0.0844951
0	430	29	0.0844775
0	430	32	0.0844244
0	430	31	0.0842926
0	430	4	0.0842661
0	430	26	0.0842626
0	430	17	0.0841161
0	430	25	0.0839614
1	430	0	0.0837696
0	430	24	0.0830095
0	430	1	0.0827758
0	430	29	0.0826698
0	430	29	0.0825984
0	430	30	0.0825301
0	430	25	0.0824378
0	430	7	0.0822211
0	430	16	0.0815592
0	430	32	0.0815379
0	430	4	0.0814909
0	430	0	0.0813188
0	430	13	0.0809976
0	430	6	0.0791522
0	430	0	0.0789008
0	430	23	0.0788461
0	430	10	0.0785206
0	430	19	0.0783496
0	430	22	0.0776876
0	430	26	0.0767503
0	430	11	0.0766873
0	430	15	0.0758803
0	430	1	0.0758411
0	430	15	0.0756641
0	430	26	0.0754769
0	430	12	0.0753804
0	430	13	0.0752107
0	430	31	0.075151
0	430	29	0.0749093
0	430	2	0.0745948
0	430	29	0.0745498
0	430	27	0.0744649
0	430	30	0.0743072
0	430	11	0.0735931
0	430	6	0.0735684
0	430	0	0.0731895
0	430	8	0.0729362
0	430	12	0.0729235
0	430	17	0.0728236
0	430	20	0.0728024
0	430	19	0.072727
0	430	4	0.0720353
0	430	26	0.0718201
0	430	7	0.0718175
0	430	24	0.0714184
0	430	8	0.0713383
0	430	12	0.0712419
0	430	1	0.0710096
0	430	28	0.0707719
0	430	8	0.0700477
0	430	16	0.0698507
0	430	28	0.0696463
0	430	15	0.069451
0	430	10	0.069273
0	430	14	0.0690297
0	430	5	0.0688807
0	430	13	0.0687438
0	430	8	0.0687324
0	430	8	0.0684942
0	430	1	0.0677103
0	430	26	0.0675496
0	430	9	0.0674665
0	430	1	0.0672841
0	430	26	0.0668965
0	430	5	0.0667188
0	430	28	0.0666324
0	430	8	0.0660168
0	430	23	0.0659819
0	430	24	0.065878
0	430	8	0.0654608
0	430	3	0.0653519
0	430	0	0.0649481
0	430	25	0.0648205
0	430	0	0.0639333
0	430	8	0.0637189
0	430	2	0.0634255
0	430	7	0.0633815
0	430	5	0.0627684
0	430	8	0.0626053
0	430	3	0.0625652
0	430	17	0.0620318
0	430	20	0.0616932
0	430	1	0.0616387
0	430	5	0.0613995
0	430	18	0.0612786
0	430	23	0.0609481
0	430	4	0.0600965
0	430	23	0.0600137
0	430	10	0.0598529
0	430	18	0.0594245
0	430	15	0.0593846
0	430	10	0.0591916
0	430	13	0.0586141
0	430	20	0.0585785
0	430	17	0.0584659
0	430	6	0.0582013
0	430	19	0.0580339
0	430	10	0.0575041
0	430	6	0.0574348
0	430	21	0.0573183
0	430	23	0.0571269
0	430	7	0.0568826
0	430	10	0.0566359
0	430	2	0.0564839
0	430	23	0.0553971
0	430	3	0.0553769
0	430	4	0.0553018
0	430	22	0.0552556
0	430	10	0.055189
0	430	5	0.0549887
0	430	8	0.0549707
0	430	3	0.0547586
0	430	0	0.0544675
0	430	19	0.0543389
0	430	11	0.0538118
0	430	16	0.0537328
0	430	21	0.0535008
0	430	5	0.0534108
0	430	20	0.0532533
0	430	16	0.0532092
0	430	14	0.0529137
0	430	15	0.0529036
0	430	15	0.0528635
0	430	7	0.0524974
0	430	2	0.0524781
0	430	20	0.0524513
0	430	16	0.0524237
0	430	16	0.0524171
0	430	11	0.0522866
0	430	20	0.0518936
0	430	19	0.0515897
0	430	18	0.0512027
0	430	17	0.0505543
0	430	5	0.049668
0	430	11	0.0495202
0	430	12	0.0492804
0	430	9	0.0491037
0	430	0	0.0490896
0	430	15	0.0477928
0	430	11	0.0476634
0	430	5	0.0475449
0	430	7	0.0474349
0	430	1	0.0474067
0	430	18	0.0473607
0	430	4	0.0465912
0	430	15	0.0461805
0	430	13	0.0461633
0	430	15	0.0460322
0	430	6	0.0457032
0	430	6	0.0456175
0	430	12	0.0456076
0	430	15	0.0454238
0	430	8	0.0452349
0	430	6	0.0447614
0	430	15	0.0442122
0	430	8	0.0440349
0	430	10	0.0434708
0	430	15	0.0434606
0	430	3	0.0431263
0	430	1	0.0430271
0	430	14	0.0427971
0	430	11	0.0421938
0	430	16	0.0421411
0	430	16	0.041556
0	430	4	0.0410141
0	430	16	0.0409318
0	430	9	0.0406115
0	430	15	0.0404417
0	430	10	0.0401712
0	430	1	0.0401027
0	430	2	0.0397714
0	430	4	0.0390927
0	430	7	0.0390122
0	430	16	0.0387002
0	430	1	0.0385702
0	430	13	0.0385128
0	430	4	0.0382153
0	430	3	0.0380005
0	430	0	0.0378853
0	430	16	0.0378137
0	430	4	0.0377293
0	430	14	0.0376801
0	430	13	0.0373523
0	430	2	0.0370272
0	430	1	0.0368948
0	430	13	0.0367843
0	430	5	0.0365041
0	430	9	0.0363866
0	430	3	0.0359029
0	430	4	0.0357383
0	430	13	0.0354816
0	430	10	0.0354317
0	430	6	0.0351891
0	430	15	0.0351293
0	430	4	0.0349142
0	430	7	0.0347197
0	430	1	0.0346327
0	430	4	0.0341636
0	430	11	0.0341251
0	430	7	0.0338908
0	430	10	0.0338887
0	430	1	0.0337628
0	430	9	0.0333447
0	430	0	0.0331362
0	430	10	0.0318613
0	430	9	0.0318071
0	430	11	0.0315474
0	430	4	0.0314053
0	430	9	0.0313024
0	430	9	0.0311813
0	430	12	0.0309951
0	430	7	0.0309469
0	430	4	0.0307686
0	430	5	0.0306115
0	430	8	0.0306057
0	430	7	0.0305986
0	430	4	0.0300986
0	430	1	0.0300364
0	430	3	0.0299512
0	430	0	0.0295925
0	430	7	0.029589
0	430	3	0.0287913
0	430	7	0.0286358
0	430	1	0.0286278
0	430	3	0.028618
0	430	8	0.0278111
0	430	5	0.0272743
0	430	5	0.0272011
0	430	9	0.0271787
0	430	3	0.0270904
0	430	4	0.0269756
0	430	9	0.0269169
0	430	1	0.02679
0	430	8	0.0266232
0	430	9	0.0265374
0	430	0	0.0263937
0	430	2	0.0263157
0	430	1	0.0259426
0	430	11	0.0258499
0	430	10	0.025516
0	430	3	0.0246456
0	430	1	0.024347
0	430	2	0.0242402
0	430	2	0.0239608
0	430	10	0.0237861
0	430	0	0.0234469
0	430	3	0.0224963
0	430	3	0.0224598
0	430	4	0.0220353
0	430	8	0.0220214
0	430	2	0.0220057
0	430	1	0.0219444
0	430	3	0.0217555
0	430	4	0.0203652
0	430	6	0.0202425
0	430	7	0.0200555
0	430	0	0.0199761
0	430	2	0.0197028
0	430	8	0.0195172
0	430	2	0.0193518
0	430	2	0.019315
0	430	8	0.0190887
0	430	7	0.0188015
0	430	2	0.0185339
0	430	3	0.0182143
0	430	2	0.0180344
0	430	4	0.0179303
0	430	4	0.0177953
0	430	2	0.0176987
0	430	3	0.0167711
0	430	6	0.0167271
0	430	7	0.0166775
0	430	4	0.0164504
0	430	3	0.0161226
0	430	0	0.0158732
0	430	5	0.015294
0	430	2	0.0149959
0	430	4	0.0144488
0	430	5	0.0143911
0	430	2	0.0138444
0	430	1	0.0138114
0	430	5	0.0137628
0	430	3	0.0134478
0	430	0	0.0132611
0	430	4	0.0132393
0	430	4	0.0130166
0	430	1	0.0128899
0	430	0	0.0126932
0	430	0	0.0124673
0	430	5	0.0119743
0	430	2	0.011173
0	430	3	0.0111459
0	430	3	0.0108964
0	430	1	0.01086
0	430	3	0.0108444
0	430	1	0.0107631
