268.943
0.000267847
45
1	86	40	0.988531
0	86	78	0.959333
1	86	34	0.897737
1	86	23	0.888382
0	86	53	0.876808
1	86	18	0.865876
1	86	22	0.841952
1	86	11	0.810903
0	86	37	0.748355
0	86	23	0.720694
1	86	14	0.716844
1	86	4	0.675821
0	86	36	0.626101
0	86	15	0.616272
0	86	12	0.611553
0	86	13	0.60477
0	86	15	0.594968
1	86	5	0.580532
0	86	12	0.536995
0	86	29	0.497051
0	86	36	0.427288
0	86	9	0.41705
0	86	14	0.403882
0	86	28	0.386291
0	86	26	0.373677
1	86	1	0.35752
0	86	9	0.351154
0	86	20	0.350165
0	86	18	0.349362
0	86	25	0.315782
0	86	2	0.295207
1	86	1	0.281946
0	86	8	0.277081
0	86	11	0.254549
0	86	2	0.250883
0	86	2	0.227441
0	86	12	0.226804
0	86	13	0.174211
0	86	1	0.163297
0	86	5	0.132327
0	86	5	0.102146
0	86	6	0.0962575
0	86	1	0.0751152
0	86	1	0.0416565
0	86	1	0.0141705
