803.934
0.00019747
65
1	244	133	0.968197
1	244	82	0.954784
0	244	160	0.932977
1	244	103	0.921448
1	244	52	0.898276
1	244	97	0.876965
0	244	174	0.875705
0	244	119	0.827112
0	244	133	0.807898
0	244	103	0.801968
1	244	52	0.788967
1	244	14	0.782465
0	244	89	0.747205
0	244	144	0.739326
0	244	137	0.701154
0	244	137	0.692976
0	244	92	0.671408
1	244	24	0.66765
0	244	70	0.661231
0	244	57	0.653679
0	244	131	0.651741
0	244	33	0.649434
0	244	65	0.639879
0	244	41	0.597817
1	244	20	0.596314
0	244	109	0.570094
0	244	59	0.566914
0	244	96	0.555149
0	244	35	0.550907
0	244	113	0.549333
0	244	77	0.543038
0	244	31	0.524622
0	244	75	0.509482
0	244	108	0.505067
1	244	1	0.494827
0	244	94	0.490848
0	244	78	0.48734
0	244	71	0.47654
0	244	99	0.439956
0	244	38	0.437812
0	244	62	0.425838
0	244	33	0.414873
0	244	52	0.406742
1	244	4	0.398458
0	244	36	0.375112
0	244	31	0.359963
0	244	48	0.358969
0	244	57	0.324678
0	244	18	0.312465
0	244	16	0.232893
0	244	53	0.226805
0	244	18	0.215276
0	244	33	0.211921
0	244	26	0.190834
0	244	28	0.171017
0	244	11	0.159171
0	244	16	0.154891
0	244	35	0.153209
1	244	1	0.132128
0	244	21	0.0914401
0	244	8	0.0837769
0	244	18	0.0821505
0	244	4	0.0601512
0	244	14	0.0590804
0	244	4	0.0500832
