691.678
0.000259647
75
1	135	67	0.987048
1	135	17	0.985222
1	135	79	0.981472
1	135	66	0.981406
1	135	92	0.977393
1	135	1	0.952342
1	135	71	0.923018
0	135	74	0.899653
1	135	38	0.899553
0	135	117	0.89175
0	135	91	0.891127
0	135	64	0.889734
0	135	80	0.869093
1	135	19	0.853574
1	135	42	0.851142
0	135	81	0.850021
1	135	37	0.82441
0	135	49	0.792522
0	135	48	0.70498
0	135	85	0.687379
0	135	53	0.657341
0	135	40	0.654365
0	135	32	0.64402
0	135	73	0.628036
0	135	45	0.608654
0	135	29	0.59488
0	135	43	0.576912
0	135	41	0.566209
0	135	45	0.558162
0	135	49	0.551319
0	135	37	0.541559
1	135	5	0.524932
0	135	48	0.52371
0	135	15	0.520112
0	135	59	0.520048
1	135	6	0.518996
1	135	5	0.512275
0	135	57	0.50664
0	135	15	0.498443
0	135	46	0.48866
0	135	37	0.468751
0	135	8	0.464519
0	135	25	0.464029
0	135	21	0.454696
0	135	47	0.427272
0	135	28	0.406019
0	135	31	0.388666
0	135	5	0.380207
0	135	51	0.378259
0	135	40	0.35349
0	135	35	0.334447
0	135	21	0.290477
1	135	1	0.289296
0	135	27	0.276533
0	135	35	0.25961
0	135	2	0.238455
0	135	24	0.232898
0	135	24	0.217678
0	135	27	0.209301
0	135	24	0.198132
0	135	10	0.174082
0	135	12	0.172307
0	135	16	0.170514
0	135	16	0.140608
0	135	15	0.126779
0	135	8	0.0971075
0	135	3	0.0877903
0	135	11	0.0835891
0	135	8	0.0740236
0	135	3	0.0541847
0	135	5	0.04354
0	135	4	0.0380109
0	135	1	0.0356965
0	135	1	0.028635
0	135	2	0.0250629
