507.407
0.000591758
95
1	110	57	0.978572
0	110	106	0.976261
1	110	82	0.970846
0	110	102	0.960815
1	110	39	0.956156
1	110	10	0.930572
0	110	83	0.887673
1	110	10	0.882594
1	110	29	0.871932
0	110	53	0.870173
1	110	9	0.869446
0	110	71	0.868653
0	110	81	0.862233
1	110	8	0.862012
0	110	36	0.858503
0	110	47	0.84306
0	110	69	0.842587
0	110	77	0.839357
0	110	67	0.833837
1	110	17	0.824391
0	110	28	0.818398
0	110	36	0.798434
0	110	76	0.797306
0	110	63	0.795273
0	110	30	0.787118
0	110	83	0.785881
1	110	16	0.774783
0	110	43	0.7621
0	110	76	0.750337
0	110	49	0.749477
0	110	47	0.748023
0	110	65	0.742167
0	110	80	0.736342
0	110	13	0.723689
0	110	35	0.71351
0	110	21	0.691219
0	110	29	0.690345
1	110	6	0.67194
0	110	57	0.658924
0	110	37	0.64792
0	110	17	0.647708
0	110	25	0.641772
1	110	7	0.625963
0	110	37	0.594223
0	110	39	0.587127
0	110	13	0.582251
0	110	55	0.572566
0	110	41	0.568064
1	110	1	0.551768
0	110	7	0.548984
0	110	59	0.53694
0	110	17	0.518325
0	110	52	0.514126
0	110	47	0.49279
0	110	51	0.465016
0	110	10	0.452208
0	110	48	0.449392
0	110	40	0.43662
0	110	22	0.42836
0	110	35	0.419408
0	110	42	0.392015
0	110	16	0.382507
0	110	29	0.353347
0	110	33	0.351462
0	110	14	0.325271
0	110	15	0.314611
0	110	9	0.306943
0	110	16	0.305412
0	110	31	0.287546
0	110	30	0.279079
0	110	19	0.264005
1	110	2	0.255984
0	110	13	0.24066
0	110	11	0.217107
0	110	12	0.193295
0	110	9	0.164926
0	110	17	0.161949
0	110	10	0.140918
0	110	7	0.139374
0	110	9	0.110778
0	110	3	0.110512
0	110	10	0.0965133
0	110	3	0.0865465
0	110	4	0.0793092
0	110	3	0.0727104
0	110	3	0.0718245
0	110	1	0.0653124
0	110	2	0.0649464
0	110	3	0.0605672
0	110	3	0.0566685
0	110	3	0.0513223
0	110	1	0.0368177
0	110	1	0.031121
0	110	3	0.0286655
0	110	1	0.0116194
