2012.93
0.0282399
2500
1	98	56	0.989632
1	98	53	0.989365
1	98	26	0.988939
1	98	21	0.988481
0	98	74	0.987773
1	98	21	0.987545
0	98	68	0.986986
1	98	31	0.985618
1	98	17	0.985239
1	98	57	0.985027
0	98	89	0.984109
1	98	6	0.98267
0	98	68	0.982571
0	98	52	0.981428
1	98	49	0.980777
0	98	77	0.980092
1	98	38	0.979532
0	98	65	0.979479
0	98	93	0.979347
1	98	7	0.978155
0	98	58	0.977138
0	98	52	0.976998
0	98	88	0.976558
1	98	35	0.976229
1	98	31	0.976028
1	98	12	0.975582
1	98	10	0.974589
1	98	1	0.974211
0	98	87	0.974119
1	98	13	0.973394
1	98	0	0.973011
0	98	73	0.972248
0	98	49	0.971654
0	98	68	0.970592
0	98	81	0.970498
0	98	92	0.969133
0	98	49	0.968819
0	98	35	0.968342
1	98	18	0.968045
0	98	41	0.967854
1	98	16	0.966964
0	98	74	0.966877
0	98	92	0.96661
0	98	39	0.966521
0	98	55	0.966126
0	98	45	0.965919
0	98	38	0.965593
0	98	75	0.965518
0	98	69	0.965392
1	98	5	0.965281
0	98	77	0.96509
1	98	20	0.964776
0	98	28	0.964774
0	98	61	0.964239
0	98	57	0.96407
0	98	71	0.963715
0	98	64	0.963181
0	98	74	0.962442
0	98	94	0.962387
0	98	76	0.961712
0	98	26	0.961668
1	98	13	0.961452
1	98	4	0.960325
0	98	57	0.960251
0	98	27	0.960007
0	98	53	0.959306
0	98	50	0.9593
0	98	48	0.95924
1	98	10	0.959181
1	98	16	0.958943
0	98	43	0.958874
1	98	8	0.958236
0	98	36	0.958227
0	98	51	0.957867
0	98	52	0.956789
0	98	89	0.95604
0	98	93	0.955266
0	98	27	0.954
1	98	10	0.953922
0	98	91	0.952969
0	98	54	0.952684
0	98	26	0.952365
1	98	5	0.952228
1	98	5	0.95217
1	98	13	0.951605
0	98	63	0.951481
1	98	3	0.95098
0	98	54	0.95025
0	98	19	0.949919
0	98	28	0.949094
0	98	77	0.948957
0	98	71	0.948798
1	98	13	0.94862
0	98	25	0.948303
0	98	42	0.947739
0	98	75	0.947438
0	98	25	0.947128
0	98	58	0.947029
0	98	29	0.946961
0	98	75	0.946609
0	98	82	0.946573
0	98	76	0.9464
0	98	52	0.946382
0	98	35	0.946363
0	98	58	0.946335
0	98	45	0.946303
0	98	31	0.946264
0	98	90	0.94516
0	98	45	0.944712
0	98	79	0.944681
0	98	82	0.944546
0	98	58	0.944422
0	98	61	0.944013
1	98	10	0.943647
0	98	19	0.943617
0	98	26	0.94311
0	98	89	0.942292
0	98	30	0.941676
1	98	1	0.940928
0	98	70	0.939804
0	98	56	0.938936
1	98	0	0.938898
0	98	55	0.938351
0	98	60	0.938167
0	98	51	0.938049
0	98	23	0.937964
0	98	41	0.93726
0	98	48	0.937004
1	98	3	0.936462
0	98	76	0.936007
0	98	60	0.93586
0	98	67	0.935765
1	98	0	0.935733
0	98	87	0.935539
1	98	7	0.935239
0	98	26	0.935221
0	98	79	0.934236
0	98	24	0.934181
0	98	76	0.933998
0	98	24	0.933747
0	98	27	0.933733
0	98	49	0.933354
0	98	18	0.933158
0	98	69	0.932907
0	98	49	0.932429
0	98	39	0.932015
0	98	63	0.931978
0	98	75	0.931573
0	98	22	0.93127
0	98	38	0.930524
0	98	73	0.93012
0	98	83	0.930024
0	98	60	0.9296
0	98	36	0.929409
1	98	10	0.92928
0	98	78	0.928869
0	98	38	0.928203
0	98	65	0.928019
0	98	42	0.927188
0	98	57	0.926589
0	98	69	0.926328
0	98	74	0.926231
0	98	66	0.925474
0	98	82	0.925364
1	98	7	0.924843
0	98	26	0.924118
0	98	25	0.924115
0	98	78	0.923592
0	98	54	0.923264
0	98	17	0.923191
0	98	88	0.922898
0	98	41	0.922182
0	98	38	0.922125
0	98	50	0.92163
0	98	66	0.921311
0	98	88	0.92092
0	98	20	0.92062
0	98	71	0.920335
0	98	36	0.920104
0	98	79	0.919996
0	98	46	0.919972
0	98	85	0.919802
0	98	80	0.919509
0	98	65	0.919201
0	98	48	0.919109
0	98	46	0.919004
0	98	55	0.918802
0	98	64	0.918446
0	98	89	0.917958
0	98	69	0.917827
1	98	7	0.917276
0	98	48	0.916662
0	98	76	0.916526
0	98	51	0.915472
0	98	52	0.915059
0	98	47	0.914493
0	98	56	0.913776
0	98	70	0.913559
0	98	76	0.913467
0	98	35	0.913326
0	98	76	0.912983
0	98	28	0.911425
0	98	52	0.910723
0	98	61	0.910643
0	98	27	0.910219
0	98	8	0.910134
1	98	6	0.90963
0	98	82	0.909502
0	98	89	0.909329
0	98	70	0.908978
0	98	64	0.908583
0	98	89	0.908206
0	98	44	0.907574
0	98	67	0.907334
0	98	52	0.907138
0	98	47	0.906885
0	98	25	0.906377
0	98	24	0.905726
0	98	76	0.904618
0	98	83	0.904435
1	98	2	0.904075
0	98	51	0.903202
0	98	15	0.90257
0	98	33	0.901854
0	98	30	0.901588
0	98	54	0.900681
0	98	20	0.900162
0	98	46	0.899903
0	98	64	0.899751
0	98	19	0.898946
0	98	26	0.898111
0	98	49	0.898032
0	98	78	0.897439
0	98	72	0.89711
0	98	12	0.896751
0	98	19	0.896643
0	98	8	0.896512
0	98	54	0.896312
0	98	43	0.895818
0	98	23	0.895471
0	98	63	0.895406
1	98	2	0.894134
0	98	87	0.893164
0	98	82	0.893138
1	98	2	0.892966
0	98	40	0.89292
0	98	87	0.892432
0	98	32	0.89168
0	98	33	0.891496
0	98	21	0.891086
0	98	60	0.891015
0	98	87	0.890917
0	98	23	0.89001
0	98	59	0.889439
0	98	12	0.88903
0	98	76	0.888138
0	98	72	0.888016
0	98	32	0.887266
0	98	58	0.886588
0	98	44	0.88627
0	98	46	0.886095
0	98	35	0.885932
0	98	72	0.884296
0	98	69	0.88417
0	98	66	0.884134
0	98	37	0.883925
0	98	46	0.882336
0	98	73	0.880556
0	98	77	0.880341
0	98	75	0.880069
0	98	77	0.879922
0	98	75	0.879836
0	98	39	0.879662
0	98	85	0.879379
0	98	53	0.878584
0	98	34	0.878422
0	98	46	0.878418
0	98	29	0.87752
0	98	31	0.877354
0	98	62	0.877302
0	98	61	0.875636
0	98	66	0.875484
0	98	82	0.874229
0	98	76	0.873682
0	98	9	0.872865
0	98	23	0.872842
0	98	7	0.872682
0	98	44	0.872467
0	98	72	0.871821
0	98	27	0.871814
0	98	36	0.871644
0	98	82	0.871054
0	98	46	0.870518
0	98	84	0.869011
0	98	29	0.867865
0	98	30	0.867841
0	98	24	0.866929
0	98	70	0.866928
0	98	29	0.866189
0	98	36	0.865881
0	98	56	0.865354
0	98	73	0.865125
0	98	66	0.864695
1	98	3	0.863957
0	98	25	0.863356
0	98	58	0.863129
0	98	19	0.86286
1	98	3	0.862749
0	98	39	0.862572
0	98	7	0.862217
0	98	12	0.861961
0	98	21	0.861935
0	98	4	0.861827
0	98	17	0.861218
0	98	54	0.86092
0	98	49	0.860812
0	98	21	0.860749
0	98	64	0.860084
0	98	19	0.859963
0	98	38	0.859791
0	98	6	0.859484
0	98	51	0.858744
0	98	78	0.857682
0	98	13	0.857649
0	98	72	0.857283
0	98	38	0.857214
0	98	66	0.856434
0	98	11	0.85616
0	98	17	0.856058
0	98	60	0.855927
0	98	49	0.855527
0	98	70	0.855352
0	98	78	0.854026
1	98	0	0.853713
0	98	62	0.853662
1	98	0	0.853651
0	98	9	0.853631
0	98	15	0.853506
0	98	52	0.853152
0	98	75	0.852676
0	98	37	0.85256
0	98	54	0.852374
0	98	37	0.852072
0	98	55	0.851981
0	98	29	0.851883
0	98	81	0.85111
0	98	39	0.850924
0	98	82	0.850667
0	98	9	0.850491
0	98	26	0.849991
1	98	2	0.848758
0	98	52	0.848385
0	98	35	0.847686
0	98	42	0.847268
0	98	25	0.846989
0	98	8	0.846831
0	98	43	0.846708
0	98	50	0.846091
0	98	49	0.845785
0	98	38	0.845308
0	98	77	0.843397
0	98	62	0.843232
0	98	43	0.843059
0	98	60	0.842811
0	98	28	0.842395
0	98	56	0.840612
0	98	18	0.840572
0	98	14	0.84005
0	98	74	0.839568
0	98	79	0.839382
0	98	56	0.838947
0	98	12	0.83841
0	98	52	0.837829
0	98	74	0.837294
0	98	53	0.836867
0	98	30	0.835299
0	98	28	0.834718
0	98	20	0.834456
0	98	71	0.834252
0	98	70	0.833492
0	98	75	0.832078
0	98	81	0.831828
0	98	60	0.831014
0	98	76	0.830477
0	98	44	0.830154
0	98	23	0.830045
0	98	14	0.829956
0	98	77	0.828999
0	98	71	0.828703
0	98	79	0.828308
0	98	9	0.827722
0	98	80	0.826939
0	98	32	0.826553
0	98	62	0.825326
0	98	16	0.825282
0	98	8	0.824271
0	98	27	0.823593
0	98	52	0.823195
0	98	13	0.822604
0	98	46	0.82247
0	98	73	0.821826
0	98	72	0.821673
0	98	17	0.821194
0	98	47	0.820937
0	98	20	0.820818
0	98	73	0.820705
0	98	22	0.820504
0	98	13	0.820371
0	98	5	0.820173
0	98	74	0.82013
0	98	62	0.820066
0	98	47	0.819707
0	98	70	0.819547
0	98	11	0.819522
0	98	51	0.818398
0	98	7	0.818394
0	98	75	0.81754
0	98	67	0.817365
0	98	32	0.817237
0	98	42	0.816543
0	98	41	0.816474
0	98	78	0.815607
0	98	61	0.812349
0	98	6	0.812095
0	98	59	0.81148
0	98	39	0.811418
0	98	22	0.81089
0	98	66	0.810822
0	98	61	0.810745
0	98	64	0.810687
0	98	11	0.809465
0	98	24	0.809038
0	98	36	0.808016
0	98	77	0.807472
0	98	22	0.807415
0	98	63	0.807336
0	98	34	0.807102
0	98	22	0.806377
0	98	30	0.806336
0	98	19	0.805797
0	98	50	0.805777
0	98	21	0.803334
0	98	16	0.803114
0	98	12	0.801147
0	98	75	0.800089
0	98	49	0.799946
0	98	45	0.798924
0	98	37	0.798374
0	98	58	0.797987
0	98	64	0.797928
0	98	52	0.797525
1	98	0	0.797219
0	98	77	0.797022
0	98	75	0.795833
0	98	5	0.795338
0	98	54	0.794166
0	98	27	0.793919
0	98	14	0.793849
0	98	19	0.793623
0	98	40	0.79262
0	98	21	0.792446
0	98	68	0.792161
0	98	67	0.792153
0	98	43	0.791936
0	98	61	0.791769
0	98	52	0.791549
0	98	53	0.790441
0	98	4	0.790233
0	98	64	0.789561
0	98	36	0.789345
0	98	33	0.788761
0	98	40	0.788644
0	98	62	0.788582
1	98	1	0.787191
0	98	44	0.786705
0	98	29	0.786338
0	98	76	0.786301
0	98	48	0.7863
0	98	36	0.786175
0	98	38	0.785298
0	98	9	0.78493
0	98	20	0.784755
0	98	12	0.784172
0	98	53	0.78356
0	98	14	0.781948
0	98	23	0.781592
0	98	52	0.781563
0	98	5	0.780882
0	98	76	0.780822
0	98	44	0.780812
0	98	73	0.780501
0	98	43	0.780501
0	98	63	0.779681
0	98	4	0.779478
0	98	34	0.779442
0	98	17	0.778838
0	98	69	0.778592
0	98	45	0.77824
0	98	9	0.777686
0	98	54	0.777536
0	98	22	0.777254
0	98	52	0.776616
0	98	22	0.776372
0	98	52	0.776264
0	98	71	0.776088
0	98	43	0.775219
0	98	60	0.774946
0	98	60	0.774172
0	98	46	0.773989
0	98	22	0.773447
0	98	2	0.77324
0	98	12	0.772964
0	98	32	0.771705
0	98	56	0.77152
0	98	56	0.771161
0	98	27	0.770768
0	98	52	0.769772
0	98	3	0.769728
0	98	62	0.769501
0	98	4	0.769023
0	98	30	0.768997
0	98	48	0.768963
0	98	4	0.768516
0	98	36	0.768441
0	98	37	0.768134
0	98	47	0.768062
0	98	48	0.767937
0	98	20	0.767826
0	98	51	0.767727
0	98	32	0.767632
0	98	36	0.7666
0	98	70	0.766292
0	98	69	0.766285
0	98	72	0.765803
0	98	34	0.765592
0	98	28	0.765448
0	98	63	0.765362
0	98	63	0.765065
0	98	45	0.764842
0	98	69	0.764685
0	98	1	0.764479
0	98	56	0.763959
0	98	3	0.763548
0	98	74	0.763434
0	98	15	0.763311
0	98	38	0.763256
0	98	54	0.762997
0	98	35	0.761981
0	98	54	0.761946
0	98	10	0.761724
0	98	23	0.761326
0	98	74	0.76028
1	98	0	0.75957
0	98	5	0.758992
0	98	17	0.758928
0	98	56	0.758707
0	98	62	0.758493
0	98	22	0.758375
1	98	0	0.758195
0	98	43	0.757463
0	98	69	0.757363
0	98	17	0.757236
0	98	20	0.757227
0	98	54	0.757158
0	98	26	0.756891
0	98	57	0.756552
0	98	46	0.755895
0	98	50	0.754825
0	98	31	0.754761
0	98	31	0.754644
0	98	23	0.754508
0	98	16	0.754352
0	98	36	0.754024
0	98	39	0.753983
0	98	9	0.753789
0	98	19	0.753592
0	98	66	0.75242
0	98	17	0.752327
0	98	68	0.752312
0	98	56	0.752245
0	98	14	0.75166
0	98	34	0.750938
0	98	10	0.75061
0	98	62	0.750394
0	98	18	0.749923
0	98	8	0.749495
0	98	29	0.749032
0	98	46	0.747651
0	98	3	0.747339
0	98	49	0.747222
0	98	57	0.745972
0	98	31	0.745848
0	98	43	0.74516
0	98	62	0.7449
0	98	13	0.744842
0	98	15	0.744252
0	98	66	0.742603
0	98	3	0.742069
0	98	1	0.741718
0	98	29	0.741253
0	98	14	0.741102
0	98	14	0.740467
0	98	58	0.740429
0	98	17	0.739972
0	98	47	0.739433
0	98	17	0.739305
0	98	57	0.73923
0	98	61	0.739098
0	98	58	0.738971
0	98	31	0.738555
0	98	37	0.737796
0	98	68	0.737064
0	98	23	0.736763
0	98	8	0.73666
0	98	68	0.736091
0	98	64	0.735292
0	98	10	0.734637
0	98	28	0.734558
0	98	34	0.734351
0	98	41	0.734202
0	98	7	0.733869
0	98	23	0.733703
1	98	0	0.733284
0	98	59	0.733114
0	98	70	0.73309
0	98	7	0.732634
0	98	10	0.73233
0	98	5	0.731522
0	98	20	0.731289
0	98	58	0.731178
0	98	63	0.73117
0	98	21	0.730816
0	98	59	0.730722
0	98	62	0.730369
0	98	58	0.729968
0	98	55	0.729906
0	98	57	0.72901
1	98	0	0.728893
0	98	34	0.728434
0	98	15	0.728327
0	98	1	0.726414
0	98	10	0.726392
0	98	9	0.72631
0	98	6	0.725776
0	98	37	0.724903
0	98	18	0.723912
0	98	69	0.723704
0	98	21	0.723384
0	98	63	0.722222
0	98	42	0.72192
0	98	28	0.721722
0	98	47	0.72142
0	98	44	0.720742
0	98	45	0.720727
0	98	6	0.720642
0	98	58	0.720578
0	98	34	0.719975
0	98	59	0.719604
0	98	14	0.719588
0	98	33	0.719391
0	98	10	0.719116
0	98	51	0.716726
0	98	46	0.715681
0	98	6	0.714976
0	98	13	0.714819
0	98	51	0.714766
0	98	6	0.713516
0	98	41	0.713327
0	98	31	0.712899
0	98	60	0.712483
0	98	27	0.712304
0	98	35	0.712223
0	98	16	0.711885
0	98	16	0.711287
0	98	36	0.710917
0	98	19	0.710372
0	98	45	0.708512
0	98	15	0.708461
0	98	60	0.707812
0	98	13	0.707592
0	98	2	0.706968
0	98	65	0.70629
0	98	18	0.70567
0	98	68	0.704549
0	98	20	0.703961
0	98	14	0.703508
0	98	39	0.703151
0	98	32	0.703089
0	98	55	0.703046
0	98	54	0.703023
0	98	27	0.702649
0	98	35	0.701229
0	98	54	0.701091
0	98	19	0.700779
0	98	49	0.700696
0	98	11	0.70055
0	98	19	0.700511
0	98	42	0.699884
0	98	12	0.699475
0	98	25	0.699095
0	98	42	0.698936
0	98	60	0.698708
0	98	18	0.698258
0	98	32	0.698209
0	98	63	0.697511
0	98	43	0.696505
0	98	32	0.695711
0	98	19	0.695226
0	98	1	0.694862
1	98	0	0.694428
0	98	24	0.694366
0	98	4	0.694239
0	98	20	0.693971
0	98	64	0.693717
0	98	42	0.69367
0	98	28	0.693302
0	98	52	0.692901
0	98	1	0.692726
0	98	6	0.692639
1	98	0	0.692597
0	98	55	0.692309
0	98	51	0.690789
0	98	53	0.690133
0	98	5	0.689442
0	98	52	0.6892
0	98	65	0.688502
0	98	26	0.688226
0	98	11	0.687676
0	98	56	0.687383
0	98	27	0.687203
0	98	16	0.686376
0	98	57	0.685546
0	98	15	0.685258
0	98	35	0.684876
0	98	44	0.684157
0	98	32	0.683692
0	98	57	0.683675
0	98	6	0.683674
0	98	33	0.682763
0	98	15	0.682482
0	98	39	0.68187
0	98	8	0.681852
0	98	55	0.681676
0	98	30	0.681535
0	98	17	0.681472
0	98	24	0.68119
0	98	33	0.681071
0	98	46	0.680673
0	98	53	0.680634
0	98	12	0.680437
0	98	56	0.679871
0	98	60	0.67949
0	98	45	0.679179
0	98	1	0.679104
0	98	60	0.678855
0	98	58	0.678855
0	98	18	0.677704
0	98	27	0.677294
0	98	62	0.677056
0	98	59	0.677017
0	98	51	0.676036
0	98	5	0.67595
0	98	62	0.675768
0	98	4	0.67465
0	98	4	0.674637
0	98	66	0.674598
0	98	58	0.674453
0	98	24	0.674107
0	98	34	0.673884
0	98	61	0.673713
0	98	43	0.673512
0	98	21	0.672712
0	98	55	0.67262
0	98	65	0.672377
0	98	10	0.672328
0	98	26	0.672296
0	98	16	0.672243
0	98	63	0.672101
0	98	61	0.671654
0	98	18	0.670786
0	98	48	0.67055
0	98	27	0.670294
0	98	5	0.669096
0	98	29	0.667616
0	98	3	0.667472
0	98	45	0.666172
0	98	26	0.665835
0	98	13	0.665825
0	98	26	0.665819
0	98	45	0.665748
0	98	50	0.665737
0	98	11	0.665449
0	98	12	0.665318
0	98	61	0.664505
0	98	47	0.664498
0	98	9	0.664352
0	98	49	0.664307
0	98	61	0.663703
0	98	40	0.662389
0	98	48	0.662373
0	98	12	0.661987
0	98	38	0.66184
0	98	20	0.6617
0	98	35	0.661659
0	98	45	0.66156
0	98	33	0.661195
0	98	9	0.661103
0	98	2	0.660806
0	98	25	0.660484
0	98	33	0.660327
0	98	62	0.66011
0	98	15	0.659911
0	98	28	0.659262
0	98	6	0.659087
0	98	52	0.659055
0	98	35	0.657532
0	98	33	0.657284
0	98	6	0.657086
0	98	19	0.656438
0	98	59	0.65642
0	98	29	0.656404
0	98	31	0.656009
0	98	38	0.655961
0	98	34	0.655933
0	98	38	0.655304
0	98	58	0.655078
0	98	3	0.65442
0	98	51	0.654293
0	98	1	0.654092
0	98	42	0.652885
0	98	36	0.65096
0	98	12	0.650331
0	98	45	0.650138
0	98	49	0.649492
0	98	27	0.64917
0	98	52	0.647411
0	98	60	0.647396
0	98	2	0.647228
0	98	46	0.646657
0	98	47	0.646518
0	98	14	0.646384
0	98	34	0.646098
1	98	0	0.645578
0	98	49	0.645501
0	98	17	0.645346
0	98	33	0.645322
0	98	28	0.645297
0	98	55	0.645026
0	98	20	0.644945
0	98	45	0.644044
0	98	8	0.644008
0	98	12	0.643082
0	98	39	0.642975
0	98	34	0.642479
0	98	33	0.641885
0	98	28	0.641736
0	98	21	0.641673
0	98	18	0.641636
0	98	62	0.641617
0	98	37	0.641605
0	98	23	0.641492
0	98	15	0.641387
0	98	45	0.641066
0	98	11	0.641043
0	98	16	0.640616
0	98	22	0.640057
0	98	6	0.639834
1	98	0	0.638653
0	98	54	0.638555
0	98	33	0.638492
0	98	28	0.638471
0	98	15	0.638393
0	98	29	0.638314
0	98	51	0.638179
0	98	1	0.637267
0	98	3	0.63637
0	98	11	0.635964
0	98	1	0.634782
1	98	0	0.634772
0	98	12	0.634614
0	98	46	0.634302
0	98	15	0.634211
0	98	37	0.63403
0	98	29	0.633552
0	98	43	0.633469
0	98	28	0.633187
0	98	28	0.632923
0	98	7	0.632164
0	98	54	0.631404
0	98	42	0.630913
0	98	12	0.630186
0	98	50	0.630178
0	98	15	0.629777
1	98	0	0.627623
0	98	19	0.626864
0	98	15	0.625696
0	98	38	0.624928
0	98	46	0.624896
0	98	9	0.624416
0	98	9	0.624112
0	98	12	0.623928
0	98	44	0.623237
0	98	19	0.622594
0	98	38	0.622442
0	98	49	0.622387
0	98	27	0.621786
0	98	1	0.621555
0	98	11	0.620986
0	98	58	0.620776
0	98	32	0.620688
0	98	8	0.619928
0	98	48	0.619223
0	98	22	0.619015
0	98	26	0.617383
0	98	4	0.617281
0	98	20	0.616857
0	98	14	0.61619
0	98	22	0.615949
0	98	5	0.615662
0	98	60	0.61547
0	98	50	0.614739
0	98	10	0.614598
1	98	0	0.614582
0	98	45	0.614386
0	98	25	0.613806
0	98	8	0.613036
0	98	10	0.612916
0	98	4	0.611308
0	98	40	0.611162
0	98	51	0.6107
0	98	58	0.610041
0	98	14	0.609995
0	98	21	0.609492
0	98	59	0.607868
0	98	16	0.607475
0	98	48	0.607436
0	98	51	0.607302
0	98	19	0.606954
0	98	12	0.606871
0	98	26	0.606673
0	98	43	0.606233
0	98	50	0.606184
0	98	35	0.604887
1	98	0	0.604871
0	98	58	0.60385
0	98	57	0.60335
0	98	57	0.603266
0	98	21	0.603096
0	98	7	0.603088
0	98	22	0.602607
0	98	30	0.602256
0	98	22	0.601528
0	98	38	0.601015
0	98	7	0.60094
0	98	56	0.599763
0	98	31	0.599741
0	98	11	0.599611
0	98	30	0.599149
0	98	55	0.599117
1	98	0	0.598913
0	98	23	0.598412
0	98	33	0.598314
0	98	37	0.598268
0	98	55	0.597973
0	98	19	0.597451
0	98	28	0.597113
0	98	41	0.597027
0	98	1	0.596814
0	98	16	0.595128
0	98	31	0.595065
0	98	54	0.595023
0	98	32	0.594546
0	98	35	0.593564
0	98	8	0.593479
0	98	35	0.593238
0	98	20	0.593105
0	98	21	0.592904
0	98	27	0.592176
0	98	25	0.592058
0	98	36	0.591667
0	98	23	0.591445
0	98	30	0.590755
0	98	11	0.589752
0	98	37	0.589678
0	98	29	0.588962
0	98	57	0.588838
0	98	52	0.586877
0	98	31	0.586285
0	98	36	0.585957
0	98	34	0.585093
0	98	14	0.58501
0	98	46	0.584925
0	98	8	0.584847
0	98	22	0.584702
0	98	18	0.584694
0	98	10	0.583915
0	98	39	0.583625
0	98	24	0.583496
0	98	9	0.583439
0	98	17	0.583419
0	98	45	0.583302
0	98	23	0.582903
0	98	41	0.582697
0	98	22	0.580874
0	98	7	0.580858
0	98	42	0.58081
0	98	39	0.580607
0	98	32	0.579496
0	98	42	0.579487
0	98	51	0.57946
0	98	21	0.579428
0	98	36	0.579395
0	98	47	0.57879
0	98	23	0.578498
0	98	35	0.578458
0	98	1	0.577684
0	98	40	0.57611
0	98	46	0.575835
0	98	30	0.575782
0	98	24	0.575101
0	98	41	0.575088
0	98	44	0.573305
0	98	20	0.573155
0	98	6	0.572876
0	98	20	0.572729
0	98	47	0.572001
0	98	23	0.571441
0	98	39	0.571433
0	98	25	0.571276
0	98	41	0.570926
0	98	26	0.570712
0	98	26	0.570365
0	98	15	0.570311
0	98	19	0.569729
0	98	44	0.569465
0	98	42	0.568767
0	98	24	0.568018
0	98	40	0.567656
0	98	9	0.567101
0	98	26	0.566597
0	98	33	0.566527
0	98	24	0.566439
0	98	14	0.565804
0	98	10	0.565517
0	98	22	0.565277
0	98	28	0.564683
0	98	29	0.564552
0	98	20	0.563671
0	98	29	0.563256
0	98	29	0.563096
0	98	25	0.562411
0	98	49	0.562315
0	98	31	0.562241
0	98	45	0.561702
0	98	15	0.561618
0	98	10	0.561369
0	98	44	0.560368
0	98	53	0.559577
0	98	52	0.559356
0	98	50	0.559066
0	98	43	0.557928
0	98	27	0.55767
0	98	47	0.557448
0	98	18	0.556618
0	98	21	0.556488
0	98	49	0.556076
0	98	7	0.555968
0	98	9	0.555845
0	98	38	0.555723
0	98	21	0.555667
0	98	34	0.555569
0	98	19	0.555476
0	98	17	0.555336
0	98	45	0.555272
0	98	17	0.555168
0	98	49	0.555006
0	98	17	0.554504
0	98	25	0.554258
1	98	0	0.553886
0	98	40	0.553842
0	98	35	0.553415
0	98	45	0.553143
0	98	31	0.553059
0	98	8	0.552903
0	98	45	0.55282
0	98	38	0.552695
0	98	32	0.552415
0	98	27	0.551766
0	98	7	0.551556
0	98	38	0.551472
0	98	51	0.55096
0	98	53	0.550791
0	98	5	0.549054
0	98	5	0.548991
0	98	49	0.548917
0	98	31	0.548718
0	98	33	0.548707
0	98	34	0.548252
0	98	30	0.547793
0	98	26	0.547704
0	98	46	0.547337
0	98	38	0.547154
0	98	32	0.546742
0	98	25	0.546574
0	98	22	0.546152
0	98	25	0.545216
0	98	25	0.544884
0	98	39	0.544689
0	98	41	0.544413
0	98	49	0.544217
0	98	28	0.5442
0	98	24	0.544067
0	98	47	0.54323
0	98	37	0.542079
0	98	14	0.541483
0	98	7	0.540184
0	98	12	0.540015
0	98	47	0.53962
0	98	4	0.539056
0	98	50	0.53901
0	98	1	0.538853
0	98	33	0.538733
0	98	5	0.538317
0	98	8	0.538208
0	98	18	0.538024
0	98	1	0.537882
0	98	50	0.537459
0	98	34	0.5374
0	98	52	0.536688
0	98	26	0.535722
0	98	6	0.535702
0	98	9	0.535571
0	98	32	0.535553
1	98	0	0.535395
0	98	5	0.533739
0	98	16	0.53278
0	98	27	0.532448
0	98	40	0.532188
0	98	49	0.529584
0	98	36	0.529503
0	98	35	0.52947
0	98	15	0.529141
0	98	37	0.529056
0	98	47	0.528982
0	98	33	0.528223
0	98	43	0.528144
0	98	38	0.527971
0	98	2	0.527449
0	98	13	0.52716
0	98	46	0.526872
0	98	49	0.526725
0	98	22	0.526232
0	98	38	0.525383
0	98	27	0.524889
0	98	18	0.524495
0	98	14	0.523599
0	98	6	0.523566
0	98	36	0.523334
0	98	21	0.522968
0	98	47	0.522489
0	98	26	0.521741
0	98	4	0.520524
0	98	3	0.519877
0	98	28	0.519774
1	98	0	0.518772
0	98	43	0.518385
0	98	36	0.518246
0	98	8	0.51805
0	98	11	0.517928
0	98	21	0.517881
0	98	14	0.517778
0	98	4	0.517464
0	98	39	0.516752
0	98	38	0.515311
0	98	7	0.514989
0	98	16	0.514517
0	98	34	0.514293
0	98	38	0.51403
0	98	10	0.513708
0	98	39	0.513627
0	98	43	0.513199
0	98	48	0.512635
0	98	11	0.512377
0	98	8	0.512288
0	98	9	0.512249
0	98	15	0.512075
0	98	49	0.511597
0	98	6	0.510626
0	98	37	0.510159
0	98	43	0.509278
0	98	6	0.509028
0	98	15	0.506813
0	98	49	0.506736
0	98	2	0.506723
0	98	5	0.506365
0	98	28	0.506247
0	98	13	0.506055
0	98	38	0.505864
0	98	16	0.505735
0	98	35	0.505447
0	98	15	0.504546
0	98	15	0.504012
0	98	28	0.503653
1	98	0	0.502779
0	98	26	0.502741
0	98	30	0.5021
0	98	35	0.501941
0	98	16	0.501873
0	98	20	0.50168
0	98	39	0.501623
0	98	24	0.500648
0	98	13	0.500433
0	98	10	0.500128
0	98	1	0.498992
0	98	31	0.498489
0	98	8	0.498154
0	98	48	0.497941
0	98	39	0.497396
0	98	30	0.497346
0	98	45	0.497258
0	98	20	0.49705
0	98	36	0.497026
0	98	18	0.496374
0	98	30	0.496305
0	98	35	0.496303
0	98	8	0.495918
0	98	25	0.495753
0	98	37	0.495637
0	98	29	0.495223
0	98	15	0.495151
0	98	6	0.494896
1	98	0	0.49279
0	98	22	0.492743
0	98	30	0.492559
0	98	3	0.492342
0	98	29	0.491291
0	98	34	0.491286
0	98	10	0.491192
0	98	4	0.490764
0	98	9	0.490361
0	98	1	0.490243
0	98	35	0.490078
0	98	8	0.48994
0	98	14	0.48932
0	98	27	0.488097
0	98	3	0.487685
0	98	42	0.487139
0	98	14	0.486805
0	98	44	0.486465
0	98	23	0.486393
0	98	45	0.485974
0	98	36	0.48596
0	98	30	0.48486
0	98	9	0.484351
0	98	13	0.483771
0	98	19	0.48364
0	98	5	0.483552
0	98	7	0.48245
0	98	45	0.482093
0	98	40	0.48117
0	98	10	0.480797
0	98	34	0.480388
0	98	3	0.480129
0	98	39	0.48011
0	98	12	0.479826
0	98	34	0.479713
0	98	26	0.479163
0	98	36	0.478797
0	98	4	0.478316
1	98	0	0.477956
0	98	4	0.477909
0	98	5	0.477385
0	98	43	0.47738
0	98	45	0.476711
0	98	15	0.476158
0	98	6	0.475713
0	98	41	0.475052
0	98	5	0.474623
0	98	5	0.473893
0	98	19	0.473623
0	98	1	0.473493
0	98	21	0.472934
0	98	39	0.472929
0	98	2	0.472846
0	98	36	0.472725
0	98	32	0.471705
0	98	22	0.470109
0	98	11	0.469878
0	98	21	0.469107
0	98	31	0.469067
0	98	7	0.468617
0	98	10	0.46822
0	98	18	0.467719
0	98	31	0.467536
0	98	17	0.467297
0	98	21	0.466941
0	98	33	0.466781
0	98	37	0.46655
0	98	13	0.466524
0	98	23	0.466175
0	98	23	0.465381
0	98	43	0.464801
0	98	13	0.463534
0	98	23	0.463476
0	98	17	0.463061
0	98	1	0.462799
0	98	20	0.462662
0	98	45	0.462319
0	98	6	0.462182
0	98	9	0.461752
0	98	44	0.46117
0	98	31	0.461006
0	98	35	0.460951
0	98	19	0.460481
1	98	0	0.459916
0	98	43	0.459875
0	98	6	0.45987
0	98	1	0.459785
0	98	12	0.459752
0	98	4	0.45968
0	98	20	0.45932
0	98	26	0.458489
0	98	31	0.458312
0	98	13	0.457841
0	98	12	0.457675
0	98	35	0.457509
0	98	31	0.45679
0	98	42	0.45657
0	98	25	0.455942
0	98	17	0.454802
0	98	4	0.454348
0	98	31	0.454047
0	98	13	0.453693
0	98	9	0.453689
0	98	40	0.452593
0	98	27	0.45186
0	98	4	0.45127
0	98	31	0.450583
0	98	40	0.450443
0	98	21	0.45032
0	98	43	0.449895
0	98	16	0.449805
0	98	19	0.44974
0	98	33	0.449305
0	98	13	0.449141
0	98	38	0.449141
0	98	1	0.449131
0	98	42	0.448558
0	98	11	0.448186
0	98	38	0.447602
0	98	9	0.44757
0	98	3	0.447289
0	98	34	0.447034
0	98	41	0.446964
0	98	12	0.446506
1	98	0	0.446042
0	98	4	0.445845
0	98	16	0.445286
0	98	15	0.445226
0	98	24	0.445144
0	98	24	0.44508
0	98	41	0.444621
0	98	37	0.443884
0	98	37	0.443818
0	98	15	0.44338
0	98	9	0.443252
0	98	19	0.44321
0	98	4	0.442729
0	98	28	0.442693
0	98	6	0.442235
0	98	5	0.441848
0	98	33	0.441212
0	98	17	0.440852
0	98	40	0.440404
0	98	30	0.439523
0	98	7	0.439445
0	98	39	0.43943
0	98	37	0.439199
0	98	14	0.438686
0	98	30	0.438609
0	98	28	0.437923
0	98	23	0.437814
0	98	34	0.435353
0	98	34	0.434886
0	98	11	0.434822
0	98	10	0.434719
0	98	31	0.434157
0	98	3	0.432563
0	98	23	0.432536
0	98	31	0.432378
0	98	42	0.43223
0	98	9	0.432167
0	98	20	0.431596
0	98	3	0.431573
0	98	6	0.430206
0	98	30	0.42965
0	98	29	0.429567
0	98	14	0.429463
0	98	10	0.429456
0	98	12	0.429354
0	98	31	0.428704
0	98	41	0.428645
0	98	10	0.428543
0	98	25	0.428352
0	98	32	0.427244
0	98	14	0.426221
0	98	35	0.425945
0	98	11	0.425316
0	98	24	0.422919
0	98	30	0.421805
0	98	22	0.42178
0	98	36	0.421306
0	98	30	0.421224
1	98	0	0.420854
0	98	7	0.419887
0	98	23	0.418599
0	98	28	0.417878
0	98	40	0.417584
0	98	7	0.417319
0	98	40	0.416669
0	98	24	0.416618
0	98	22	0.416154
0	98	25	0.416031
0	98	35	0.415742
0	98	21	0.415436
0	98	33	0.415244
0	98	8	0.415034
0	98	22	0.414928
0	98	6	0.414317
0	98	36	0.413889
0	98	9	0.41366
0	98	12	0.413239
0	98	15	0.412469
0	98	12	0.412446
0	98	19	0.411859
0	98	19	0.411386
0	98	16	0.41137
0	98	15	0.411114
0	98	2	0.411042
0	98	24	0.409939
0	98	40	0.409037
0	98	20	0.408626
0	98	37	0.408429
0	98	39	0.407528
0	98	31	0.407257
0	98	34	0.407099
0	98	5	0.407054
0	98	36	0.4063
0	98	24	0.405456
0	98	37	0.404784
0	98	34	0.403326
0	98	12	0.403066
0	98	3	0.402049
0	98	3	0.40191
0	98	25	0.401336
0	98	26	0.401301
0	98	31	0.400799
0	98	5	0.400635
0	98	2	0.399711
0	98	13	0.399459
0	98	24	0.399303
0	98	34	0.398742
0	98	17	0.398282
0	98	37	0.396627
0	98	37	0.396183
0	98	20	0.395938
0	98	4	0.395454
0	98	7	0.395295
0	98	24	0.394597
0	98	12	0.394358
0	98	27	0.394089
0	98	17	0.393998
0	98	34	0.393605
0	98	17	0.392822
0	98	16	0.392423
0	98	18	0.392242
0	98	5	0.392003
0	98	31	0.391922
0	98	36	0.391829
0	98	1	0.391757
0	98	29	0.391621
0	98	1	0.391571
0	98	34	0.390784
0	98	3	0.390675
0	98	19	0.390525
0	98	27	0.390092
0	98	33	0.389709
1	98	0	0.389398
0	98	26	0.388408
0	98	38	0.387965
0	98	25	0.38686
0	98	12	0.386497
0	98	28	0.386366
0	98	33	0.386294
0	98	20	0.386069
0	98	9	0.38599
1	98	0	0.385829
0	98	7	0.385736
0	98	25	0.38467
0	98	11	0.384396
0	98	8	0.383858
0	98	35	0.383455
0	98	16	0.383225
0	98	31	0.382445
0	98	30	0.382293
0	98	6	0.382049
0	98	15	0.38196
0	98	34	0.381594
0	98	30	0.381462
0	98	8	0.380983
0	98	20	0.379076
0	98	23	0.378106
0	98	9	0.378029
0	98	35	0.376788
0	98	23	0.376426
0	98	6	0.37627
0	98	20	0.376203
1	98	0	0.376093
0	98	25	0.375647
0	98	35	0.375578
0	98	13	0.375375
0	98	21	0.37518
0	98	28	0.374346
0	98	6	0.374209
0	98	31	0.373994
0	98	24	0.373824
0	98	33	0.373787
0	98	16	0.37374
0	98	6	0.373489
0	98	16	0.37346
0	98	21	0.37296
0	98	36	0.372462
0	98	28	0.371942
0	98	2	0.371815
0	98	3	0.371429
0	98	25	0.371124
0	98	32	0.370515
0	98	9	0.370494
0	98	24	0.369614
0	98	10	0.369327
0	98	22	0.369172
0	98	25	0.369168
0	98	23	0.368987
0	98	32	0.368901
0	98	19	0.368666
0	98	22	0.368615
0	98	31	0.368101
0	98	26	0.367399
0	98	1	0.367187
0	98	33	0.367103
0	98	6	0.367085
0	98	24	0.366452
0	98	10	0.366371
0	98	28	0.365668
1	98	0	0.365372
0	98	3	0.365162
0	98	27	0.364831
0	98	18	0.363226
0	98	34	0.363123
1	98	0	0.361391
0	98	3	0.361362
0	98	8	0.361118
0	98	11	0.360985
0	98	3	0.360781
0	98	25	0.360624
0	98	28	0.359994
0	98	32	0.359907
0	98	21	0.359727
0	98	27	0.35966
0	98	2	0.359588
0	98	25	0.359564
0	98	14	0.359483
0	98	21	0.358899
0	98	16	0.35866
0	98	18	0.357952
0	98	21	0.357338
0	98	5	0.356772
0	98	14	0.355563
0	98	9	0.3555
0	98	26	0.354323
0	98	26	0.354225
1	98	0	0.352478
0	98	31	0.352033
0	98	21	0.35174
0	98	22	0.351488
0	98	21	0.351391
0	98	24	0.350913
0	98	3	0.350838
0	98	18	0.350369
0	98	20	0.350169
0	98	31	0.349611
0	98	17	0.34954
0	98	31	0.348849
0	98	21	0.34865
0	98	27	0.348552
0	98	17	0.34845
0	98	6	0.348199
0	98	30	0.348056
0	98	20	0.347444
0	98	30	0.347056
0	98	4	0.345439
0	98	30	0.345332
0	98	5	0.344743
0	98	25	0.344686
0	98	23	0.344621
0	98	9	0.344236
1	98	0	0.344062
0	98	13	0.343507
1	98	0	0.343286
0	98	1	0.343197
0	98	4	0.34227
0	98	25	0.342216
0	98	8	0.342088
0	98	5	0.341374
0	98	8	0.341264
0	98	17	0.341113
0	98	21	0.340143
0	98	30	0.339878
0	98	2	0.339626
0	98	8	0.339483
0	98	18	0.339433
0	98	5	0.339283
0	98	13	0.338997
0	98	10	0.338965
1	98	0	0.338945
0	98	5	0.338761
0	98	5	0.338745
0	98	19	0.338469
0	98	18	0.338402
1	98	0	0.338112
0	98	13	0.337809
0	98	29	0.337635
0	98	29	0.33738
0	98	8	0.336867
0	98	25	0.336821
0	98	17	0.335369
0	98	10	0.335064
0	98	12	0.334871
0	98	10	0.334594
0	98	21	0.334565
0	98	22	0.333235
0	98	20	0.332924
0	98	32	0.33258
0	98	30	0.332574
0	98	2	0.331256
0	98	12	0.331223
0	98	9	0.33108
0	98	22	0.330604
0	98	4	0.330138
0	98	32	0.329894
0	98	11	0.329787
0	98	32	0.329561
0	98	5	0.329233
0	98	15	0.328699
0	98	28	0.328583
0	98	18	0.327369
0	98	1	0.327179
0	98	8	0.326824
0	98	31	0.326805
1	98	0	0.326016
0	98	24	0.325871
0	98	21	0.32581
0	98	20	0.325162
0	98	11	0.324236
0	98	28	0.324159
0	98	9	0.324132
0	98	1	0.323904
0	98	21	0.323696
0	98	17	0.323031
0	98	26	0.322523
0	98	15	0.32245
0	98	13	0.322372
0	98	13	0.322157
0	98	9	0.320615
0	98	18	0.320577
0	98	9	0.320452
0	98	13	0.320445
0	98	14	0.320064
0	98	13	0.319715
0	98	25	0.31898
0	98	1	0.318641
0	98	13	0.318633
0	98	23	0.318325
0	98	27	0.317895
0	98	30	0.317892
0	98	6	0.317705
0	98	7	0.317315
0	98	16	0.317262
0	98	29	0.316639
0	98	6	0.316305
0	98	29	0.315947
0	98	2	0.315851
0	98	23	0.314672
0	98	4	0.314419
0	98	6	0.314192
0	98	27	0.313913
0	98	27	0.313816
0	98	20	0.313684
0	98	2	0.311881
1	98	0	0.311777
0	98	10	0.311421
0	98	21	0.311042
0	98	7	0.310759
0	98	20	0.310627
0	98	26	0.309806
0	98	23	0.309615
0	98	28	0.309193
0	98	21	0.308539
0	98	23	0.30771
0	98	26	0.307682
0	98	6	0.307599
0	98	27	0.307497
0	98	24	0.307476
0	98	29	0.307084
0	98	24	0.307068
0	98	24	0.30691
0	98	22	0.306772
0	98	2	0.306745
0	98	4	0.306069
0	98	5	0.3052
0	98	3	0.305031
0	98	13	0.3049
1	98	0	0.304891
0	98	25	0.304367
0	98	2	0.304342
0	98	28	0.304293
0	98	14	0.304208
0	98	10	0.303718
0	98	20	0.303573
0	98	7	0.302701
0	98	3	0.30226
0	98	19	0.302073
0	98	12	0.301662
0	98	27	0.300554
0	98	13	0.300522
0	98	7	0.300203
0	98	22	0.299437
0	98	16	0.299189
0	98	19	0.297805
0	98	18	0.297752
0	98	12	0.297549
0	98	10	0.29748
0	98	14	0.297257
0	98	22	0.296777
0	98	15	0.296711
0	98	16	0.296705
0	98	6	0.296635
0	98	18	0.296449
0	98	27	0.296076
0	98	16	0.295931
0	98	15	0.295724
1	98	0	0.295297
0	98	12	0.294938
0	98	19	0.294466
0	98	8	0.294133
0	98	7	0.293801
0	98	3	0.293445
0	98	7	0.293219
0	98	26	0.292903
0	98	11	0.292429
0	98	23	0.291513
0	98	21	0.291273
0	98	16	0.291236
0	98	4	0.291137
0	98	14	0.289967
0	98	24	0.289051
0	98	1	0.289002
0	98	12	0.288891
0	98	15	0.288533
0	98	2	0.288022
0	98	23	0.287981
0	98	6	0.287863
0	98	11	0.287675
0	98	6	0.286609
0	98	5	0.286597
0	98	12	0.285823
0	98	21	0.285697
1	98	0	0.285121
0	98	3	0.28462
0	98	15	0.282737
0	98	20	0.282337
0	98	6	0.282027
0	98	20	0.281874
0	98	2	0.281872
0	98	21	0.28185
0	98	16	0.281292
0	98	26	0.280693
0	98	27	0.280465
0	98	3	0.279459
0	98	2	0.27923
0	98	18	0.278871
0	98	3	0.278682
0	98	22	0.27848
0	98	10	0.278166
0	98	21	0.277955
0	98	24	0.277405
0	98	2	0.27707
0	98	6	0.276535
0	98	26	0.275577
0	98	10	0.275215
0	98	13	0.27449
0	98	20	0.274313
0	98	22	0.273403
0	98	10	0.273296
0	98	6	0.272604
0	98	9	0.27217
0	98	9	0.272133
0	98	9	0.272032
0	98	3	0.271387
0	98	17	0.270976
0	98	19	0.270714
0	98	13	0.270629
0	98	23	0.270269
0	98	15	0.269841
0	98	16	0.269685
0	98	15	0.269182
0	98	24	0.268744
0	98	7	0.26859
0	98	2	0.26845
0	98	26	0.267638
0	98	4	0.267286
0	98	8	0.266632
0	98	26	0.266621
0	98	7	0.265779
0	98	8	0.264886
0	98	2	0.26446
0	98	15	0.263751
0	98	17	0.263161
0	98	25	0.263087
0	98	23	0.262764
1	98	0	0.262579
0	98	14	0.262129
0	98	19	0.261817
0	98	23	0.260983
0	98	18	0.260965
0	98	8	0.260646
0	98	14	0.260559
0	98	24	0.259953
0	98	1	0.259757
0	98	7	0.25964
0	98	3	0.259297
0	98	6	0.259233
0	98	14	0.25915
0	98	8	0.259132
0	98	9	0.258963
0	98	19	0.258851
0	98	12	0.25801
0	98	23	0.257794
0	98	3	0.257708
0	98	4	0.254558
0	98	3	0.254216
0	98	10	0.254138
0	98	20	0.254016
0	98	17	0.253994
1	98	0	0.253225
0	98	15	0.252581
1	98	0	0.252225
0	98	24	0.252177
0	98	12	0.251157
0	98	19	0.251124
0	98	8	0.250939
0	98	21	0.250722
0	98	14	0.250649
1	98	0	0.250073
0	98	22	0.249678
0	98	8	0.248906
0	98	20	0.248592
0	98	17	0.24859
0	98	9	0.24808
0	98	1	0.247657
0	98	8	0.24716
0	98	2	0.247012
0	98	10	0.246907
0	98	17	0.246342
0	98	15	0.245738
0	98	22	0.244992
0	98	14	0.24469
0	98	12	0.244115
0	98	23	0.243807
0	98	10	0.243519
0	98	19	0.243402
0	98	2	0.24177
0	98	23	0.240033
0	98	15	0.238466
0	98	1	0.237739
0	98	17	0.237565
0	98	20	0.237399
0	98	17	0.236298
0	98	22	0.235019
0	98	9	0.233955
0	98	12	0.233733
0	98	20	0.233686
0	98	16	0.23296
0	98	18	0.232724
0	98	16	0.231326
0	98	13	0.231204
0	98	18	0.231106
0	98	4	0.230559
0	98	4	0.23046
0	98	10	0.230403
0	98	8	0.230314
0	98	14	0.229839
0	98	15	0.229708
0	98	9	0.229353
0	98	11	0.229211
0	98	2	0.229184
1	98	0	0.229103
0	98	3	0.228917
0	98	11	0.22851
0	98	18	0.228252
0	98	12	0.228122
0	98	18	0.227921
0	98	11	0.227297
0	98	5	0.226681
0	98	10	0.226681
0	98	13	0.226673
1	98	0	0.226113
0	98	20	0.225941
0	98	13	0.22584
0	98	18	0.225647
0	98	2	0.224808
0	98	6	0.224412
0	98	16	0.223897
0	98	6	0.223841
0	98	10	0.223764
0	98	9	0.223721
1	98	0	0.223693
0	98	18	0.223093
0	98	4	0.222563
0	98	11	0.222545
0	98	9	0.222528
0	98	18	0.221659
0	98	2	0.22053
0	98	13	0.220378
0	98	17	0.22008
0	98	18	0.219844
0	98	7	0.21977
0	98	19	0.219521
0	98	12	0.218149
0	98	17	0.217972
0	98	17	0.217897
0	98	21	0.217818
0	98	1	0.217737
0	98	6	0.217729
0	98	21	0.217607
0	98	10	0.217518
0	98	5	0.217406
0	98	21	0.216176
0	98	10	0.216172
0	98	21	0.215948
0	98	8	0.215858
0	98	20	0.214841
0	98	7	0.214779
0	98	1	0.214713
0	98	8	0.214635
0	98	12	0.2146
0	98	7	0.214212
0	98	16	0.213388
0	98	2	0.213383
0	98	8	0.213163
0	98	12	0.213143
0	98	1	0.212366
0	98	9	0.212273
0	98	5	0.212035
0	98	20	0.21078
0	98	6	0.210752
0	98	8	0.210462
0	98	14	0.210143
0	98	9	0.209961
0	98	5	0.209834
0	98	5	0.20926
0	98	17	0.209206
0	98	14	0.209057
0	98	11	0.209046
0	98	18	0.208879
0	98	11	0.208255
0	98	1	0.207874
0	98	9	0.207507
0	98	3	0.207293
0	98	13	0.207202
0	98	19	0.207042
0	98	15	0.206722
0	98	15	0.206411
0	98	11	0.206019
0	98	16	0.205734
0	98	17	0.205132
0	98	12	0.205025
0	98	10	0.204031
0	98	7	0.203504
0	98	17	0.203147
0	98	3	0.202328
0	98	19	0.202251
0	98	11	0.202106
0	98	19	0.201345
0	98	2	0.201008
0	98	9	0.200651
0	98	12	0.200442
0	98	15	0.200409
0	98	4	0.200274
0	98	9	0.19985
0	98	11	0.199822
0	98	6	0.199401
0	98	3	0.199283
0	98	19	0.199272
0	98	1	0.199233
0	98	16	0.198755
0	98	12	0.198431
0	98	12	0.197982
0	98	7	0.197704
0	98	4	0.19737
0	98	16	0.197007
0	98	9	0.196985
0	98	12	0.195326
0	98	12	0.195056
0	98	10	0.194867
0	98	6	0.194718
0	98	12	0.194605
0	98	19	0.194419
0	98	13	0.194371
0	98	15	0.193943
0	98	2	0.193816
0	98	18	0.193731
0	98	9	0.193481
0	98	15	0.193406
0	98	1	0.192342
1	98	0	0.191942
0	98	11	0.19042
0	98	4	0.190345
0	98	7	0.190177
0	98	17	0.189577
0	98	6	0.189501
1	98	0	0.188643
0	98	7	0.188316
0	98	10	0.188005
0	98	3	0.187647
0	98	17	0.187198
0	98	4	0.187009
0	98	1	0.186353
0	98	10	0.186304
0	98	11	0.186255
0	98	10	0.185812
0	98	14	0.184653
0	98	10	0.18463
0	98	3	0.184284
0	98	17	0.184202
0	98	5	0.18311
0	98	11	0.183003
0	98	8	0.182713
0	98	1	0.182472
0	98	6	0.182298
0	98	10	0.181998
0	98	12	0.181941
0	98	9	0.181918
0	98	16	0.181047
0	98	14	0.180964
0	98	2	0.179733
0	98	3	0.179363
0	98	7	0.179218
0	98	15	0.178228
0	98	2	0.178088
0	98	16	0.178078
0	98	4	0.178051
0	98	9	0.177194
0	98	4	0.176297
0	98	8	0.176101
0	98	17	0.175695
0	98	16	0.175238
0	98	16	0.175221
0	98	4	0.174155
0	98	7	0.173715
0	98	13	0.173607
0	98	4	0.173284
0	98	1	0.172392
0	98	10	0.172062
0	98	4	0.170961
0	98	6	0.170883
0	98	9	0.170795
1	98	0	0.170792
0	98	5	0.170742
0	98	9	0.170732
0	98	2	0.17067
0	98	13	0.170315
0	98	11	0.169859
0	98	14	0.16979
0	98	2	0.169037
0	98	14	0.168653
0	98	13	0.168112
0	98	13	0.168073
0	98	5	0.16747
1	98	0	0.167205
0	98	7	0.166405
0	98	3	0.165797
0	98	11	0.165759
0	98	5	0.164886
0	98	10	0.164362
0	98	9	0.164344
0	98	14	0.164052
0	98	14	0.16372
0	98	7	0.162724
0	98	3	0.162508
0	98	5	0.161922
0	98	4	0.161897
0	98	6	0.161795
0	98	6	0.161638
0	98	10	0.16155
0	98	12	0.161318
0	98	8	0.161133
0	98	5	0.159818
0	98	1	0.159732
0	98	4	0.159416
0	98	3	0.158955
0	98	13	0.158886
0	98	8	0.15801
0	98	6	0.157805
0	98	9	0.157542
0	98	3	0.157489
0	98	15	0.156935
0	98	1	0.156753
0	98	1	0.156642
0	98	11	0.15594
0	98	5	0.154433
0	98	1	0.154152
0	98	13	0.154134
0	98	8	0.154116
0	98	6	0.154053
0	98	5	0.153343
0	98	10	0.15321
0	98	8	0.152346
0	98	8	0.151687
0	98	8	0.151377
1	98	0	0.151268
0	98	8	0.150549
0	98	13	0.150537
0	98	14	0.150487
0	98	12	0.150015
0	98	8	0.149354
0	98	11	0.149028
0	98	6	0.148752
0	98	7	0.148526
0	98	5	0.148269
0	98	4	0.14764
0	98	14	0.147533
0	98	8	0.147518
0	98	8	0.147425
0	98	6	0.147092
0	98	1	0.146163
0	98	4	0.145005
0	98	14	0.14496
0	98	5	0.14438
0	98	6	0.143852
0	98	4	0.14359
0	98	13	0.143263
0	98	8	0.14285
0	98	7	0.142204
0	98	10	0.141448
0	98	2	0.141171
0	98	6	0.141102
0	98	12	0.14098
0	98	6	0.14034
0	98	8	0.140275
0	98	7	0.140031
0	98	12	0.140004
0	98	4	0.13835
1	98	0	0.13832
0	98	2	0.138247
0	98	5	0.137982
0	98	10	0.137539
0	98	12	0.137336
0	98	10	0.136783
0	98	6	0.136494
0	98	9	0.136206
0	98	10	0.135986
0	98	5	0.135229
0	98	1	0.134472
0	98	2	0.134011
0	98	8	0.133384
0	98	6	0.133175
0	98	11	0.132969
0	98	6	0.132644
0	98	7	0.132323
0	98	9	0.131363
0	98	3	0.131131
0	98	7	0.130967
0	98	5	0.130928
0	98	1	0.130754
0	98	12	0.130696
0	98	4	0.13062
0	98	7	0.130043
0	98	6	0.129881
0	98	7	0.129859
0	98	11	0.129326
0	98	9	0.129285
0	98	3	0.128955
0	98	5	0.128855
0	98	10	0.127974
0	98	3	0.127848
0	98	4	0.127555
0	98	12	0.127508
0	98	11	0.126578
0	98	9	0.126372
0	98	7	0.126219
0	98	10	0.125802
0	98	8	0.125298
1	98	0	0.125049
0	98	4	0.124884
0	98	4	0.124836
1	98	0	0.124549
0	98	12	0.123737
0	98	8	0.123673
0	98	8	0.12316
0	98	3	0.123101
0	98	7	0.121132
0	98	7	0.120831
0	98	11	0.120406
0	98	6	0.120388
0	98	3	0.119429
0	98	5	0.118583
0	98	1	0.118391
1	98	0	0.117998
0	98	10	0.117876
0	98	3	0.117818
0	98	7	0.117816
0	98	10	0.117638
0	98	5	0.116547
0	98	6	0.116475
1	98	0	0.116049
0	98	8	0.116024
1	98	0	0.115347
0	98	10	0.114935
0	98	8	0.114902
0	98	9	0.114672
0	98	11	0.114654
0	98	1	0.114597
0	98	3	0.114186
0	98	10	0.114061
0	98	11	0.113086
0	98	8	0.113005
0	98	3	0.112519
0	98	5	0.111163
0	98	5	0.110869
0	98	6	0.109576
0	98	1	0.109571
0	98	3	0.10956
0	98	3	0.109499
0	98	9	0.109353
0	98	1	0.109307
0	98	2	0.108646
0	98	4	0.108219
0	98	5	0.10809
0	98	8	0.107804
0	98	8	0.106555
1	98	0	0.105983
0	98	2	0.105917
0	98	9	0.105371
0	98	4	0.105079
0	98	10	0.104889
0	98	4	0.104707
1	98	0	0.102149
0	98	7	0.101775
1	98	0	0.100732
0	98	9	0.100509
1	98	0	0.100249
1	98	0	0.0997165
0	98	1	0.0984694
0	98	2	0.0984407
0	98	3	0.0984291
0	98	2	0.0984134
0	98	7	0.0977018
0	98	8	0.0969923
0	98	4	0.0961693
1	98	0	0.0961619
0	98	2	0.0959709
0	98	2	0.0956304
1	98	0	0.0956234
0	98	7	0.0954536
0	98	6	0.0949778
0	98	9	0.094585
0	98	4	0.094583
0	98	1	0.0937177
0	98	8	0.0935152
0	98	6	0.0934914
0	98	7	0.0933544
0	98	7	0.0926427
0	98	3	0.0924779
0	98	8	0.0916541
1	98	0	0.0914044
0	98	2	0.0907859
0	98	2	0.0907742
0	98	7	0.0905359
0	98	8	0.0895395
0	98	5	0.0894393
0	98	7	0.0892864
0	98	8	0.0882935
0	98	4	0.0876452
0	98	3	0.087581
0	98	8	0.087538
0	98	3	0.0866811
0	98	3	0.0864433
0	98	4	0.0860401
1	98	0	0.0860062
0	98	1	0.0855987
0	98	4	0.085101
0	98	5	0.0847198
0	98	7	0.0845366
0	98	7	0.0829613
0	98	7	0.0829013
0	98	2	0.0813999
0	98	4	0.0808977
1	98	0	0.080761
0	98	6	0.0806365
0	98	7	0.0802667
0	98	5	0.0798975
1	98	0	0.0795179
0	98	5	0.0794104
0	98	3	0.0790253
0	98	2	0.0789981
0	98	6	0.0789725
0	98	6	0.0783425
0	98	7	0.0781667
0	98	7	0.0773006
0	98	6	0.0769111
0	98	6	0.0768073
0	98	4	0.0762193
1	98	0	0.076133
0	98	3	0.0760388
1	98	0	0.0756921
0	98	1	0.0754753
0	98	1	0.0754657
0	98	5	0.0727411
0	98	1	0.0716089
0	98	4	0.0712685
0	98	3	0.0710045
0	98	6	0.0707366
0	98	6	0.0704643
0	98	2	0.0704368
0	98	6	0.0703801
0	98	1	0.0702666
0	98	6	0.0689925
0	98	1	0.0688913
0	98	1	0.0678688
0	98	2	0.0676869
1	98	0	0.0674465
0	98	5	0.0671941
0	98	2	0.0670496
0	98	2	0.0670487
0	98	5	0.0666825
0	98	2	0.0665995
1	98	0	0.0665063
0	98	2	0.0659439
1	98	0	0.0658488
0	98	5	0.0656223
1	98	0	0.0654809
0	98	5	0.0654335
0	98	5	0.0652301
0	98	6	0.0651245
0	98	3	0.063624
0	98	6	0.0628281
0	98	3	0.0624059
0	98	6	0.0621035
0	98	1	0.0618799
0	98	5	0.0617297
0	98	5	0.0611391
0	98	1	0.0607571
1	98	0	0.0606582
0	98	1	0.0604614
1	98	0	0.0597733
0	98	2	0.0588535
0	98	3	0.0584091
1	98	0	0.0579902
0	98	5	0.0578919
0	98	5	0.0577696
0	98	5	0.0574354
0	98	1	0.056994
1	98	0	0.0562984
0	98	1	0.0560555
0	98	5	0.0553543
0	98	3	0.0545663
0	98	4	0.0543776
0	98	4	0.0541636
0	98	5	0.0536508
0	98	5	0.0534627
0	98	4	0.0533417
0	98	1	0.0532028
0	98	2	0.0527882
0	98	2	0.0521453
1	98	0	0.0519851
0	98	1	0.0516666
0	98	2	0.0512607
0	98	4	0.0510383
0	98	2	0.0504868
0	98	1	0.0503849
0	98	3	0.0502121
0	98	3	0.0498447
0	98	4	0.0496756
0	98	2	0.0493819
0	98	4	0.0488022
0	98	1	0.0486179
1	98	0	0.0483591
1	98	0	0.0481364
0	98	3	0.047691
0	98	1	0.0472071
1	98	0	0.0468415
0	98	3	0.0466459
0	98	3	0.0464862
0	98	3	0.046138
0	98	4	0.0454516
1	98	0	0.0451278
0	98	2	0.0451199
0	98	3	0.0448615
0	98	3	0.0446781
1	98	0	0.044466
0	98	4	0.0442195
0	98	3	0.0438765
1	98	0	0.0435456
0	98	4	0.0430322
1	98	0	0.0429238
0	98	2	0.0427956
0	98	1	0.0420084
0	98	1	0.0418845
0	98	1	0.0406845
1	98	0	0.0406277
1	98	0	0.0397225
0	98	1	0.0395296
0	98	3	0.039159
1	98	0	0.0391175
0	98	3	0.0382014
0	98	1	0.038153
0	98	3	0.0378714
1	98	0	0.0376229
0	98	3	0.0355377
0	98	1	0.0352685
0	98	3	0.0352505
0	98	3	0.0350448
1	98	0	0.0349631
0	98	2	0.0345814
1	98	0	0.0344148
0	98	1	0.0339792
0	98	1	0.0339545
0	98	2	0.0337109
1	98	0	0.032909
0	98	3	0.0317369
1	98	0	0.0313367
0	98	1	0.0310942
1	98	0	0.0298755
0	98	1	0.0293525
0	98	2	0.0292998
1	98	0	0.0282935
0	98	1	0.0281154
1	98	0	0.0279724
0	98	2	0.02747
1	98	0	0.0272493
0	98	1	0.0265577
0	98	1	0.026084
1	98	0	0.025816
1	98	0	0.0255621
0	98	2	0.0250067
0	98	2	0.0249614
0	98	1	0.0249285
0	98	1	0.0247525
0	98	1	0.0243619
0	98	1	0.0237597
0	98	1	0.0234758
0	98	1	0.0234208
0	98	1	0.0233365
1	98	0	0.0232056
0	98	1	0.0230778
0	98	1	0.0219643
0	98	1	0.0215641
0	98	2	0.0212227
0	98	2	0.0209142
1	98	0	0.0200297
0	98	1	0.0197758
1	98	0	0.0195206
1	98	0	0.0188064
1	98	0	0.0186608
0	98	1	0.0186558
0	98	1	0.0184324
0	98	1	0.0173739
1	98	0	0.017277
1	98	0	0.0172393
1	98	0	0.0171944
0	98	1	0.0166921
0	98	1	0.0166617
0	98	1	0.0164575
1	98	0	0.0158916
0	98	1	0.0154479
0	98	1	0.0153166
1	98	0	0.013729
1	98	0	0.0135564
0	98	1	0.0131892
0	98	1	0.0125852
1	98	0	0.0120843
1	98	0	0.0120688
1	98	0	0.0119197
1	98	0	0.0117077
1	98	0	0.0115533
1	98	0	0.0111131
0	98	1	0.0109796
1	98	0	0.0105976
0	98	1	0.0104894
