1901.87
0.0797205
4000
1	82	22	0.989696
1	82	47	0.989093
1	82	45	0.989018
0	82	58	0.988886
0	82	79	0.988764
0	82	73	0.987928
1	82	0	0.987011
1	82	43	0.986974
0	82	78	0.985986
1	82	24	0.98549
1	82	23	0.985125
0	82	71	0.984619
1	82	17	0.984258
0	82	52	0.983499
1	82	23	0.983219
0	82	53	0.983172
0	82	47	0.983151
0	82	47	0.982941
1	82	21	0.982851
0	82	50	0.982646
0	82	62	0.98232
1	82	23	0.981947
0	82	72	0.981202
0	82	73	0.980723
1	82	11	0.98008
0	82	46	0.97958
0	82	52	0.979493
0	82	42	0.979443
0	82	77	0.979021
1	82	0	0.978978
0	82	50	0.978926
1	82	2	0.978852
1	82	7	0.978759
1	82	17	0.978628
1	82	11	0.978373
0	82	68	0.977948
0	82	35	0.977677
0	82	46	0.977595
1	82	6	0.977557
0	82	58	0.977385
0	82	80	0.977273
0	82	37	0.97715
0	82	80	0.977039
0	82	73	0.976916
0	82	54	0.976525
0	82	72	0.976514
1	82	21	0.976064
0	82	37	0.97578
0	82	37	0.975321
1	82	19	0.975048
1	82	23	0.974685
0	82	48	0.974452
1	82	11	0.974253
0	82	45	0.97424
1	82	1	0.97406
0	82	40	0.97393
0	82	46	0.973847
0	82	43	0.973696
0	82	39	0.973198
0	82	26	0.973105
0	82	43	0.972208
1	82	0	0.97212
0	82	78	0.971329
1	82	7	0.971326
1	82	23	0.970763
0	82	35	0.970633
0	82	39	0.970302
0	82	57	0.97015
1	82	11	0.970112
0	82	63	0.969939
0	82	38	0.969911
0	82	28	0.969838
0	82	38	0.96969
0	82	35	0.969153
0	82	78	0.969032
0	82	40	0.968538
0	82	54	0.968206
0	82	74	0.967736
0	82	69	0.967495
0	82	69	0.967317
0	82	67	0.967092
1	82	13	0.966917
0	82	25	0.966783
0	82	42	0.966637
0	82	32	0.966319
0	82	71	0.965958
0	82	24	0.96595
0	82	35	0.965898
0	82	54	0.965893
1	82	19	0.965719
0	82	56	0.965409
1	82	5	0.965051
1	82	8	0.964876
0	82	74	0.964721
0	82	42	0.964667
0	82	77	0.96449
0	82	61	0.964436
0	82	31	0.964089
0	82	56	0.963807
1	82	11	0.963138
0	82	18	0.963123
1	82	9	0.962274
0	82	36	0.962056
0	82	77	0.962054
0	82	39	0.961994
0	82	43	0.961852
1	82	16	0.961445
1	82	4	0.961431
0	82	20	0.960836
0	82	56	0.960765
0	82	71	0.959975
0	82	68	0.959507
0	82	53	0.95914
0	82	19	0.959113
0	82	65	0.95879
0	82	40	0.958788
0	82	19	0.958491
0	82	59	0.958171
0	82	35	0.958003
0	82	49	0.957801
0	82	19	0.957487
0	82	47	0.957326
1	82	3	0.956322
0	82	71	0.955812
0	82	27	0.955472
0	82	30	0.955349
0	82	29	0.955222
0	82	75	0.955211
0	82	24	0.954974
0	82	68	0.954884
0	82	65	0.954762
0	82	27	0.954532
0	82	31	0.954349
0	82	32	0.954217
0	82	48	0.954196
0	82	69	0.953793
0	82	43	0.95341
0	82	41	0.953398
0	82	45	0.952757
0	82	57	0.95266
0	82	77	0.952432
0	82	45	0.952305
1	82	12	0.951935
0	82	30	0.951746
0	82	25	0.95159
0	82	30	0.951232
0	82	17	0.951114
0	82	42	0.950997
0	82	65	0.950182
0	82	66	0.950155
0	82	30	0.949972
1	82	11	0.949662
0	82	67	0.949589
1	82	8	0.949337
0	82	21	0.949323
0	82	71	0.948742
1	82	5	0.948453
1	82	1	0.948161
0	82	16	0.947691
0	82	65	0.947089
0	82	32	0.947086
1	82	4	0.947024
0	82	15	0.946669
0	82	76	0.946626
0	82	17	0.946362
0	82	43	0.945933
0	82	69	0.9458
0	82	62	0.945696
0	82	75	0.944822
0	82	15	0.944711
0	82	11	0.944467
0	82	14	0.944037
0	82	33	0.943924
0	82	54	0.943555
0	82	15	0.942795
0	82	19	0.942211
0	82	64	0.941891
0	82	76	0.941891
0	82	18	0.941815
0	82	67	0.941693
0	82	75	0.941623
0	82	73	0.941548
0	82	45	0.941422
0	82	26	0.941215
0	82	46	0.941172
0	82	69	0.940938
0	82	59	0.940889
0	82	74	0.940499
1	82	8	0.940268
0	82	24	0.939919
0	82	64	0.939587
1	82	8	0.939543
0	82	50	0.938961
0	82	26	0.938891
0	82	36	0.93805
0	82	9	0.936803
0	82	40	0.936646
0	82	65	0.936603
0	82	39	0.936497
0	82	57	0.936175
0	82	18	0.935992
0	82	35	0.935949
0	82	63	0.935675
0	82	63	0.935384
0	82	12	0.935055
0	82	46	0.935023
0	82	58	0.934858
0	82	70	0.934156
1	82	4	0.933938
0	82	68	0.933479
0	82	14	0.930789
0	82	64	0.930746
1	82	1	0.930659
0	82	48	0.930371
0	82	25	0.930133
0	82	30	0.930108
0	82	69	0.927752
0	82	68	0.927722
0	82	62	0.927281
0	82	53	0.927101
0	82	64	0.926687
0	82	27	0.92657
0	82	55	0.926114
0	82	36	0.92554
0	82	70	0.924715
0	82	12	0.924614
0	82	63	0.923941
0	82	66	0.923859
0	82	21	0.923789
0	82	22	0.923691
0	82	17	0.923598
0	82	69	0.92355
0	82	56	0.923276
0	82	39	0.923069
0	82	25	0.922188
0	82	19	0.922109
0	82	71	0.921983
0	82	11	0.921343
0	82	47	0.921159
0	82	16	0.920745
0	82	40	0.920707
0	82	37	0.920658
0	82	62	0.920209
0	82	21	0.920171
0	82	33	0.919883
0	82	37	0.919667
0	82	62	0.919473
0	82	37	0.919339
0	82	67	0.919153
1	82	3	0.919097
0	82	53	0.918895
0	82	21	0.918436
0	82	33	0.918232
0	82	23	0.918178
0	82	45	0.918099
0	82	19	0.917761
0	82	57	0.91772
0	82	45	0.917606
0	82	16	0.917428
0	82	31	0.916845
1	82	1	0.91659
0	82	41	0.916281
0	82	36	0.916136
0	82	5	0.915959
1	82	4	0.915894
0	82	6	0.915351
0	82	60	0.915124
0	82	32	0.914932
0	82	19	0.914445
0	82	11	0.91411
0	82	67	0.913296
0	82	64	0.913213
0	82	62	0.912678
0	82	55	0.912601
0	82	43	0.912543
0	82	70	0.91217
0	82	70	0.912057
0	82	5	0.911837
0	82	48	0.911789
0	82	14	0.911668
0	82	71	0.911648
0	82	40	0.911488
0	82	44	0.910818
0	82	19	0.910672
0	82	36	0.91055
1	82	1	0.910195
0	82	25	0.910137
0	82	27	0.909866
0	82	7	0.909741
0	82	57	0.909581
1	82	1	0.90841
0	82	44	0.908187
0	82	21	0.907769
0	82	46	0.907016
0	82	36	0.90664
0	82	57	0.90656
0	82	5	0.906469
0	82	9	0.90622
0	82	55	0.906127
0	82	26	0.905132
0	82	33	0.905006
0	82	37	0.904596
0	82	36	0.904349
0	82	8	0.904076
0	82	8	0.903668
0	82	24	0.903084
0	82	17	0.903011
0	82	53	0.902532
0	82	66	0.902433
0	82	61	0.902433
0	82	38	0.901895
0	82	57	0.901892
0	82	13	0.901665
0	82	48	0.901454
0	82	35	0.900891
0	82	67	0.900479
1	82	3	0.900459
1	82	1	0.900225
0	82	71	0.899748
0	82	12	0.899328
0	82	55	0.899214
0	82	72	0.899074
0	82	43	0.898866
0	82	49	0.898853
0	82	18	0.89859
0	82	68	0.898508
0	82	25	0.898507
0	82	14	0.898366
0	82	13	0.897892
0	82	14	0.897833
0	82	15	0.897821
1	82	2	0.8974
0	82	22	0.897002
0	82	61	0.896984
0	82	15	0.896741
0	82	71	0.896005
0	82	25	0.89531
0	82	39	0.894921
0	82	66	0.894863
0	82	23	0.894739
0	82	38	0.894265
0	82	72	0.894034
0	82	67	0.894005
0	82	36	0.893949
0	82	53	0.893053
0	82	5	0.892981
0	82	73	0.892979
0	82	32	0.892602
0	82	8	0.892155
0	82	58	0.891835
0	82	20	0.891751
0	82	48	0.891751
0	82	68	0.891349
0	82	46	0.891236
0	82	14	0.891134
0	82	15	0.890728
0	82	15	0.890483
0	82	72	0.890473
0	82	4	0.890445
0	82	66	0.890153
0	82	34	0.889799
1	82	1	0.889712
0	82	70	0.889711
1	82	0	0.889349
0	82	20	0.889081
0	82	17	0.888846
0	82	12	0.888551
0	82	9	0.888271
0	82	13	0.888258
0	82	28	0.888023
0	82	9	0.887111
0	82	21	0.886957
0	82	39	0.886445
0	82	72	0.886261
0	82	5	0.885304
0	82	36	0.884724
0	82	20	0.884457
0	82	57	0.884288
0	82	7	0.884094
0	82	8	0.88391
0	82	22	0.883875
0	82	14	0.883645
0	82	24	0.88339
0	82	69	0.882318
0	82	54	0.882268
0	82	65	0.882217
0	82	46	0.881941
0	82	46	0.881453
0	82	22	0.881143
0	82	40	0.88077
0	82	54	0.880664
0	82	67	0.880506
0	82	14	0.880451
0	82	41	0.880291
0	82	61	0.880115
0	82	63	0.8798
0	82	58	0.879161
0	82	5	0.878628
0	82	60	0.878507
0	82	62	0.878318
0	82	19	0.878186
0	82	33	0.877853
0	82	5	0.877658
0	82	56	0.877535
0	82	6	0.877115
0	82	67	0.876771
0	82	43	0.876571
0	82	49	0.87639
0	82	33	0.876252
0	82	57	0.876198
0	82	2	0.876085
1	82	0	0.87578
0	82	7	0.875154
0	82	39	0.874994
0	82	10	0.874458
1	82	1	0.874046
0	82	60	0.873955
0	82	31	0.873852
0	82	69	0.873766
0	82	62	0.873726
0	82	34	0.873182
0	82	57	0.873055
0	82	21	0.872828
0	82	28	0.872738
0	82	4	0.872628
0	82	66	0.872301
0	82	2	0.871314
0	82	25	0.871312
0	82	21	0.871253
0	82	64	0.871178
0	82	42	0.871009
0	82	7	0.870521
0	82	20	0.870394
0	82	67	0.870301
0	82	50	0.870045
0	82	16	0.869566
0	82	70	0.869263
0	82	37	0.869037
0	82	45	0.868765
0	82	28	0.868664
0	82	34	0.868512
0	82	51	0.868438
0	82	12	0.868339
0	82	47	0.868167
0	82	11	0.867922
0	82	20	0.86789
0	82	12	0.867536
0	82	45	0.867276
0	82	3	0.866756
0	82	51	0.866579
0	82	69	0.866237
0	82	25	0.866206
0	82	54	0.866146
1	82	0	0.86544
0	82	50	0.865119
0	82	62	0.865014
0	82	9	0.864368
0	82	52	0.864309
0	82	28	0.864209
0	82	39	0.86415
1	82	0	0.86403
0	82	25	0.863959
0	82	50	0.863933
0	82	19	0.863707
0	82	65	0.863608
0	82	29	0.863554
0	82	54	0.863114
0	82	5	0.862781
0	82	49	0.862715
0	82	34	0.862346
0	82	9	0.862087
0	82	19	0.861932
0	82	61	0.861552
0	82	22	0.861159
0	82	25	0.861056
0	82	30	0.860617
0	82	3	0.860276
0	82	50	0.860244
0	82	52	0.860128
0	82	60	0.86009
0	82	28	0.860016
0	82	20	0.859921
0	82	44	0.859475
0	82	63	0.858872
0	82	44	0.85872
0	82	13	0.85855
0	82	9	0.858532
0	82	68	0.858031
0	82	61	0.85797
0	82	41	0.857766
0	82	61	0.857396
0	82	34	0.857274
0	82	53	0.857101
0	82	8	0.856908
0	82	70	0.856534
0	82	18	0.855923
0	82	30	0.855832
0	82	54	0.855642
0	82	55	0.855433
1	82	0	0.855146
0	82	4	0.855056
0	82	60	0.85442
0	82	12	0.854262
0	82	47	0.853772
0	82	39	0.852533
0	82	19	0.852505
0	82	28	0.852152
0	82	30	0.851757
0	82	42	0.851632
0	82	36	0.850721
0	82	21	0.850093
0	82	7	0.849579
0	82	18	0.849488
0	82	14	0.84944
0	82	3	0.849109
0	82	50	0.848762
0	82	42	0.84841
0	82	24	0.847832
0	82	47	0.847569
0	82	10	0.84688
0	82	20	0.846781
0	82	42	0.846649
0	82	44	0.846507
0	82	42	0.84608
0	82	13	0.845803
0	82	31	0.845656
0	82	39	0.845182
0	82	54	0.845146
0	82	40	0.845078
0	82	61	0.844634
0	82	53	0.84418
0	82	64	0.844115
0	82	40	0.843967
0	82	27	0.843809
0	82	65	0.84359
0	82	55	0.843234
0	82	23	0.842583
0	82	45	0.84258
0	82	52	0.842448
0	82	9	0.842221
0	82	50	0.841935
0	82	65	0.841746
0	82	13	0.841659
0	82	42	0.840203
0	82	9	0.840073
0	82	53	0.839741
0	82	18	0.839359
0	82	57	0.838562
0	82	64	0.838279
0	82	60	0.838113
0	82	38	0.837946
0	82	51	0.83754
0	82	64	0.837526
0	82	17	0.837428
0	82	63	0.837065
0	82	17	0.837057
0	82	1	0.836778
0	82	36	0.836596
0	82	45	0.836314
0	82	31	0.836252
0	82	60	0.836073
0	82	8	0.835118
0	82	44	0.834758
0	82	24	0.834496
0	82	5	0.834244
0	82	37	0.834005
0	82	16	0.833056
0	82	43	0.833039
0	82	9	0.832792
0	82	54	0.832666
0	82	34	0.832247
0	82	62	0.832107
0	82	60	0.832077
0	82	47	0.831906
0	82	29	0.831427
0	82	42	0.831307
0	82	2	0.831272
0	82	62	0.831118
0	82	15	0.831063
0	82	28	0.830927
0	82	18	0.830729
0	82	63	0.830591
0	82	25	0.830574
0	82	20	0.830395
0	82	8	0.830313
1	82	0	0.830092
0	82	13	0.829957
0	82	60	0.829608
0	82	15	0.829566
0	82	5	0.829475
0	82	54	0.829459
0	82	49	0.828745
0	82	18	0.828225
0	82	64	0.828148
0	82	26	0.827768
0	82	15	0.827733
0	82	29	0.827155
0	82	27	0.826962
0	82	65	0.826905
0	82	67	0.826849
0	82	43	0.826753
0	82	4	0.826722
0	82	20	0.826722
0	82	34	0.826626
0	82	67	0.826578
0	82	62	0.826412
0	82	56	0.826311
0	82	58	0.826142
0	82	40	0.826077
0	82	19	0.825893
0	82	59	0.825419
0	82	9	0.8254
0	82	2	0.824945
0	82	22	0.824786
0	82	52	0.824702
0	82	22	0.824626
0	82	44	0.824573
0	82	52	0.82438
0	82	9	0.824097
0	82	22	0.823893
0	82	63	0.823819
0	82	63	0.823799
0	82	50	0.82377
0	82	13	0.821767
0	82	34	0.82122
0	82	6	0.820634
0	82	19	0.820589
0	82	20	0.820272
0	82	42	0.820246
0	82	5	0.819968
0	82	67	0.819902
0	82	24	0.819787
0	82	20	0.819591
0	82	16	0.819368
0	82	1	0.8191
0	82	39	0.819044
0	82	52	0.818875
0	82	38	0.818864
0	82	63	0.818837
0	82	15	0.818669
0	82	37	0.818626
0	82	47	0.817842
0	82	30	0.817775
0	82	62	0.817294
0	82	37	0.816377
0	82	7	0.816211
0	82	65	0.815977
0	82	36	0.815694
0	82	19	0.815538
0	82	14	0.815488
0	82	51	0.814968
0	82	65	0.81496
0	82	22	0.814915
0	82	10	0.81317
0	82	26	0.812941
0	82	3	0.812857
0	82	27	0.812423
0	82	27	0.812245
0	82	56	0.811474
0	82	40	0.811472
0	82	19	0.811243
0	82	42	0.811048
0	82	22	0.810648
0	82	30	0.810226
0	82	26	0.810134
0	82	47	0.809935
0	82	33	0.809343
0	82	3	0.809081
0	82	37	0.808939
0	82	43	0.808744
0	82	27	0.808591
0	82	46	0.808567
0	82	38	0.808546
0	82	24	0.808383
0	82	42	0.808142
0	82	55	0.807494
0	82	63	0.807485
0	82	15	0.807229
0	82	66	0.806752
0	82	49	0.806511
0	82	25	0.80624
0	82	17	0.805725
0	82	24	0.805417
0	82	14	0.805311
0	82	53	0.805172
0	82	50	0.805032
1	82	0	0.804997
0	82	58	0.804878
0	82	32	0.804659
0	82	51	0.803791
0	82	32	0.803734
0	82	52	0.803551
0	82	10	0.803188
0	82	49	0.802595
0	82	6	0.802408
0	82	44	0.802356
0	82	20	0.802258
0	82	49	0.802205
0	82	7	0.801882
0	82	12	0.801823
0	82	40	0.801648
0	82	57	0.801464
0	82	60	0.801278
0	82	50	0.80046
1	82	0	0.800031
0	82	28	0.799919
0	82	19	0.799915
0	82	2	0.799813
0	82	52	0.799808
0	82	32	0.799777
0	82	61	0.799685
0	82	53	0.799648
0	82	25	0.799597
0	82	61	0.798899
0	82	58	0.798424
1	82	0	0.798121
0	82	55	0.798016
0	82	29	0.79797
0	82	6	0.797776
0	82	10	0.797671
0	82	21	0.797628
0	82	22	0.79712
0	82	22	0.797036
0	82	16	0.796639
0	82	52	0.795894
0	82	26	0.795882
0	82	20	0.795459
0	82	21	0.79536
0	82	30	0.794947
0	82	1	0.794478
0	82	14	0.794292
0	82	40	0.793976
0	82	48	0.793763
0	82	8	0.793544
0	82	46	0.79341
0	82	47	0.793069
0	82	28	0.792885
0	82	57	0.792762
0	82	34	0.792385
0	82	14	0.791525
0	82	20	0.791322
0	82	53	0.79125
0	82	51	0.791179
0	82	9	0.790288
0	82	16	0.790177
0	82	32	0.790123
0	82	5	0.790093
0	82	50	0.790061
0	82	48	0.789924
0	82	2	0.789842
0	82	1	0.789719
0	82	22	0.789535
0	82	55	0.789523
0	82	57	0.788923
0	82	41	0.788387
1	82	0	0.788142
0	82	12	0.788133
0	82	15	0.787677
0	82	16	0.787591
0	82	31	0.7874
0	82	53	0.787185
1	82	0	0.787067
0	82	23	0.786741
0	82	62	0.786513
0	82	25	0.786456
0	82	14	0.78638
0	82	13	0.785879
0	82	29	0.785823
0	82	62	0.785488
0	82	37	0.785187
0	82	6	0.785142
0	82	41	0.784902
0	82	36	0.784672
0	82	21	0.784671
0	82	49	0.784515
0	82	49	0.784311
0	82	58	0.784007
0	82	64	0.783906
0	82	54	0.783838
0	82	32	0.783793
0	82	51	0.783485
0	82	10	0.783411
0	82	50	0.782875
0	82	36	0.782709
0	82	53	0.782337
0	82	6	0.782202
0	82	36	0.781669
0	82	45	0.781534
0	82	34	0.781512
0	82	3	0.781488
0	82	20	0.781117
0	82	18	0.780413
0	82	50	0.780398
0	82	12	0.780048
0	82	34	0.779958
0	82	10	0.779839
0	82	54	0.779818
0	82	52	0.77977
0	82	54	0.779681
0	82	46	0.779656
0	82	20	0.779303
0	82	27	0.779217
0	82	30	0.778941
0	82	11	0.778493
0	82	49	0.778307
0	82	33	0.778018
0	82	61	0.777844
0	82	59	0.777767
0	82	62	0.777529
0	82	49	0.777341
0	82	12	0.777298
0	82	26	0.776758
0	82	22	0.776245
0	82	52	0.776214
0	82	13	0.775897
0	82	23	0.775824
0	82	61	0.775631
0	82	7	0.77562
0	82	62	0.775378
0	82	57	0.775139
0	82	31	0.774958
0	82	25	0.774601
0	82	40	0.774195
0	82	7	0.774126
0	82	28	0.773994
0	82	59	0.773745
0	82	6	0.773551
0	82	45	0.77312
0	82	17	0.77238
0	82	29	0.77212
0	82	16	0.772001
0	82	5	0.771908
0	82	5	0.771535
0	82	27	0.771526
0	82	43	0.771389
0	82	44	0.770988
0	82	61	0.770836
0	82	42	0.770483
0	82	44	0.770412
0	82	28	0.770134
0	82	48	0.769984
0	82	60	0.76992
0	82	8	0.769193
0	82	54	0.768945
0	82	43	0.768801
0	82	42	0.767465
0	82	62	0.767441
0	82	39	0.76714
0	82	30	0.767005
0	82	8	0.766675
0	82	15	0.76545
0	82	47	0.764662
0	82	38	0.764412
0	82	36	0.764009
0	82	56	0.763235
0	82	35	0.763032
0	82	13	0.762936
0	82	30	0.76277
0	82	12	0.762312
0	82	18	0.762292
0	82	22	0.761594
0	82	29	0.76154
0	82	62	0.761481
0	82	57	0.760839
0	82	20	0.760461
0	82	43	0.75993
0	82	38	0.759734
0	82	38	0.759665
0	82	22	0.759565
0	82	18	0.757277
0	82	14	0.757218
0	82	62	0.757047
0	82	31	0.756619
0	82	24	0.756591
0	82	19	0.756525
0	82	51	0.756476
0	82	58	0.756274
0	82	21	0.756226
0	82	48	0.755807
0	82	59	0.755791
0	82	14	0.755789
0	82	13	0.754993
0	82	19	0.754925
0	82	45	0.754897
0	82	16	0.75469
0	82	35	0.754304
0	82	47	0.754021
0	82	52	0.753104
0	82	36	0.75269
0	82	6	0.752612
0	82	61	0.752582
0	82	3	0.752527
0	82	13	0.752293
0	82	56	0.751747
0	82	13	0.751423
0	82	26	0.751387
0	82	39	0.751052
0	82	58	0.750136
1	82	0	0.749981
0	82	54	0.749722
0	82	13	0.749644
0	82	16	0.749592
0	82	41	0.749537
0	82	6	0.749335
0	82	39	0.749224
0	82	49	0.749148
0	82	50	0.749061
0	82	57	0.748971
0	82	26	0.748685
0	82	20	0.748641
0	82	47	0.748503
1	82	0	0.748149
0	82	61	0.74735
0	82	52	0.747231
0	82	10	0.74693
0	82	45	0.746654
0	82	37	0.745614
0	82	6	0.745036
0	82	6	0.744658
0	82	50	0.744651
0	82	6	0.744452
0	82	6	0.744378
0	82	58	0.744068
0	82	46	0.743219
0	82	45	0.743215
0	82	10	0.741978
0	82	11	0.7419
0	82	54	0.741857
0	82	46	0.741709
0	82	55	0.74157
0	82	27	0.74148
0	82	46	0.741169
0	82	60	0.740849
0	82	37	0.740414
0	82	11	0.740044
0	82	14	0.740038
0	82	50	0.739786
0	82	3	0.739263
0	82	31	0.738909
0	82	30	0.73852
0	82	36	0.737976
0	82	18	0.737763
0	82	17	0.737728
0	82	41	0.737421
0	82	56	0.737185
0	82	28	0.737146
0	82	36	0.736859
0	82	17	0.736799
0	82	52	0.736543
0	82	5	0.736435
0	82	1	0.736076
0	82	19	0.73553
0	82	17	0.735103
0	82	15	0.734804
0	82	13	0.734473
0	82	30	0.73385
0	82	18	0.733703
0	82	22	0.733609
0	82	8	0.733598
0	82	1	0.733481
0	82	56	0.733235
0	82	30	0.733158
0	82	15	0.7326
0	82	28	0.732565
0	82	45	0.732437
0	82	22	0.732326
0	82	1	0.731983
0	82	2	0.731477
0	82	56	0.731033
0	82	53	0.730894
0	82	20	0.730465
0	82	7	0.730453
0	82	32	0.730397
0	82	2	0.730301
0	82	11	0.730288
0	82	45	0.730034
0	82	49	0.729878
0	82	44	0.729755
0	82	41	0.729617
0	82	12	0.728774
0	82	42	0.728762
0	82	21	0.728582
0	82	6	0.728519
0	82	17	0.728376
0	82	45	0.728203
0	82	8	0.727744
0	82	23	0.72771
0	82	47	0.727596
0	82	37	0.727573
0	82	11	0.727434
0	82	41	0.726667
0	82	35	0.726448
0	82	22	0.726353
0	82	49	0.726324
0	82	49	0.726315
0	82	16	0.726268
0	82	37	0.726254
0	82	41	0.726122
0	82	38	0.725497
0	82	47	0.725083
0	82	30	0.725059
0	82	14	0.724948
0	82	58	0.724902
0	82	14	0.72465
0	82	58	0.724581
0	82	12	0.72455
0	82	23	0.724136
0	82	3	0.723804
0	82	53	0.723801
0	82	11	0.723774
0	82	10	0.723566
0	82	22	0.723494
0	82	39	0.723256
0	82	9	0.723159
0	82	46	0.722724
0	82	43	0.722626
0	82	33	0.722148
0	82	50	0.721545
0	82	49	0.720836
0	82	19	0.720578
0	82	6	0.720577
0	82	1	0.72019
0	82	42	0.720103
0	82	15	0.719884
0	82	55	0.719478
0	82	48	0.71913
0	82	47	0.718958
0	82	36	0.718682
0	82	41	0.718649
0	82	33	0.718608
0	82	43	0.71811
0	82	27	0.717775
1	82	0	0.717708
0	82	26	0.717607
0	82	6	0.717153
0	82	26	0.717041
0	82	54	0.716919
0	82	41	0.716811
0	82	14	0.716765
0	82	26	0.716665
0	82	14	0.716304
0	82	53	0.716223
0	82	4	0.716003
0	82	1	0.715979
0	82	16	0.715896
0	82	29	0.715819
0	82	53	0.715539
0	82	22	0.715322
0	82	5	0.714965
0	82	1	0.714914
0	82	23	0.714826
0	82	43	0.714799
0	82	44	0.714349
0	82	40	0.714215
0	82	53	0.714034
0	82	43	0.713932
0	82	35	0.713688
0	82	22	0.713589
1	82	0	0.713136
0	82	53	0.712588
0	82	36	0.712555
0	82	4	0.712422
0	82	18	0.712373
0	82	39	0.712154
0	82	25	0.712032
0	82	42	0.711946
0	82	4	0.711908
0	82	53	0.711845
0	82	35	0.711422
0	82	56	0.711097
0	82	7	0.710603
0	82	26	0.71033
0	82	3	0.710266
0	82	18	0.709948
0	82	24	0.709594
0	82	14	0.709355
0	82	22	0.709054
0	82	11	0.709015
0	82	28	0.708881
0	82	31	0.708702
0	82	34	0.708496
0	82	39	0.708188
0	82	28	0.707764
0	82	45	0.707717
0	82	15	0.707403
0	82	30	0.707258
0	82	4	0.706899
0	82	47	0.70666
0	82	48	0.706475
0	82	57	0.705867
0	82	8	0.70534
0	82	34	0.705099
0	82	6	0.704643
0	82	20	0.704531
0	82	55	0.704254
0	82	11	0.70357
0	82	1	0.703485
0	82	20	0.703479
0	82	30	0.703333
0	82	36	0.703157
0	82	47	0.703084
0	82	27	0.703057
0	82	7	0.702956
0	82	1	0.702909
0	82	47	0.702182
0	82	15	0.700653
0	82	15	0.7005
0	82	35	0.700371
0	82	55	0.700232
0	82	29	0.700066
0	82	19	0.699804
0	82	19	0.699506
0	82	33	0.699228
0	82	26	0.69901
0	82	28	0.698619
0	82	23	0.698396
0	82	49	0.698146
0	82	18	0.698142
0	82	49	0.697501
0	82	19	0.696886
0	82	13	0.696639
0	82	22	0.696627
0	82	31	0.696528
0	82	47	0.696485
0	82	2	0.696023
0	82	7	0.695927
0	82	39	0.695807
0	82	5	0.695402
0	82	5	0.695021
0	82	6	0.694873
0	82	41	0.694079
0	82	2	0.693477
0	82	1	0.693202
0	82	44	0.692924
0	82	33	0.692674
0	82	48	0.692478
0	82	53	0.692472
0	82	2	0.692049
0	82	28	0.691957
0	82	52	0.69191
0	82	56	0.691848
0	82	44	0.691835
0	82	28	0.690962
0	82	38	0.690854
0	82	55	0.690579
0	82	27	0.689921
0	82	35	0.689893
0	82	37	0.6892
0	82	42	0.689063
0	82	18	0.689059
0	82	44	0.688326
0	82	29	0.68782
0	82	9	0.687534
0	82	16	0.687466
0	82	7	0.687247
0	82	49	0.686637
0	82	4	0.686393
0	82	29	0.686226
0	82	36	0.685144
0	82	27	0.6848
0	82	38	0.684798
0	82	10	0.684684
0	82	10	0.684185
0	82	22	0.68412
0	82	16	0.683839
0	82	44	0.683529
0	82	16	0.683378
0	82	38	0.683172
0	82	25	0.68287
0	82	28	0.682645
0	82	7	0.682634
0	82	4	0.682357
0	82	43	0.682349
0	82	11	0.681049
0	82	28	0.681022
0	82	17	0.680268
0	82	40	0.680259
0	82	55	0.680185
0	82	10	0.680002
0	82	27	0.679578
0	82	35	0.679282
0	82	45	0.679259
0	82	5	0.67904
0	82	43	0.678424
0	82	15	0.678277
1	82	0	0.678115
0	82	50	0.677815
0	82	2	0.677678
0	82	53	0.67735
0	82	45	0.676899
0	82	34	0.676822
0	82	31	0.675879
0	82	6	0.675559
0	82	50	0.675399
0	82	24	0.675393
0	82	18	0.674719
0	82	26	0.6747
0	82	17	0.674657
0	82	17	0.674352
0	82	2	0.674008
0	82	28	0.673951
0	82	34	0.673939
0	82	18	0.673686
0	82	40	0.673591
0	82	38	0.673589
0	82	4	0.673489
0	82	48	0.672934
0	82	34	0.6729
0	82	34	0.672706
0	82	3	0.67269
0	82	44	0.672457
0	82	51	0.672427
0	82	25	0.672163
0	82	42	0.672144
0	82	17	0.671535
0	82	38	0.671319
0	82	37	0.67125
0	82	35	0.671119
0	82	21	0.671066
0	82	34	0.670746
0	82	32	0.670496
0	82	24	0.670316
0	82	47	0.670206
0	82	5	0.669859
0	82	47	0.669843
0	82	11	0.669611
0	82	41	0.669589
0	82	19	0.669337
0	82	26	0.668263
0	82	23	0.668196
0	82	45	0.668051
0	82	22	0.66799
0	82	35	0.667111
0	82	50	0.667109
0	82	34	0.667034
0	82	39	0.666742
0	82	21	0.666599
0	82	11	0.666081
0	82	35	0.665824
0	82	5	0.665721
0	82	19	0.665572
0	82	47	0.665464
0	82	39	0.665354
0	82	46	0.665308
0	82	29	0.664965
0	82	15	0.664429
0	82	4	0.664428
0	82	11	0.664206
0	82	51	0.664114
0	82	24	0.663545
0	82	10	0.662696
0	82	53	0.662603
0	82	14	0.662552
0	82	14	0.662433
0	82	34	0.662307
0	82	13	0.662047
0	82	25	0.66173
0	82	22	0.660961
0	82	18	0.660748
0	82	5	0.660694
0	82	36	0.660244
0	82	54	0.660149
0	82	10	0.659514
0	82	24	0.658922
0	82	37	0.658436
0	82	31	0.658196
0	82	30	0.657459
0	82	28	0.65733
0	82	10	0.657119
0	82	42	0.656646
0	82	19	0.656605
0	82	37	0.656333
0	82	2	0.656116
0	82	21	0.655898
0	82	21	0.655093
0	82	9	0.654998
0	82	52	0.654112
0	82	19	0.654035
0	82	26	0.653078
0	82	33	0.652942
0	82	13	0.652645
0	82	24	0.652509
0	82	15	0.652488
0	82	4	0.652406
0	82	46	0.652177
0	82	39	0.651504
0	82	32	0.65131
0	82	52	0.651293
0	82	4	0.65075
0	82	21	0.650718
0	82	31	0.650687
0	82	20	0.650359
0	82	14	0.649577
0	82	6	0.649423
0	82	16	0.649298
0	82	49	0.648906
0	82	21	0.648798
0	82	15	0.64843
0	82	10	0.647404
1	82	0	0.646519
0	82	25	0.646275
0	82	50	0.645694
0	82	31	0.645548
0	82	37	0.645323
0	82	40	0.645124
1	82	0	0.644013
0	82	27	0.643677
0	82	30	0.643422
1	82	0	0.643361
0	82	4	0.643175
0	82	46	0.642486
0	82	3	0.642437
0	82	33	0.64219
0	82	14	0.641572
0	82	25	0.641338
0	82	44	0.641209
0	82	21	0.640849
0	82	17	0.640816
0	82	13	0.640761
0	82	44	0.640725
0	82	37	0.640664
0	82	6	0.640648
0	82	1	0.639473
0	82	2	0.639395
0	82	4	0.637036
0	82	11	0.636964
0	82	27	0.63667
0	82	31	0.636403
0	82	26	0.636398
0	82	32	0.635916
0	82	29	0.635818
0	82	19	0.635574
0	82	27	0.635164
0	82	19	0.634996
0	82	13	0.634785
0	82	19	0.634697
0	82	12	0.634273
0	82	40	0.633998
0	82	23	0.633898
0	82	46	0.633892
0	82	25	0.633871
0	82	26	0.633849
0	82	30	0.63382
0	82	5	0.633502
1	82	0	0.633018
0	82	7	0.632635
0	82	21	0.632605
0	82	49	0.632466
0	82	17	0.632315
0	82	44	0.632277
0	82	36	0.631903
0	82	27	0.631673
0	82	36	0.631645
0	82	10	0.631576
0	82	10	0.631329
0	82	11	0.631308
0	82	50	0.631254
0	82	48	0.630944
0	82	12	0.630639
0	82	25	0.630354
0	82	42	0.630033
0	82	10	0.629988
0	82	14	0.629979
0	82	16	0.629785
0	82	51	0.629693
0	82	34	0.629317
0	82	19	0.629276
0	82	9	0.628753
0	82	38	0.628286
0	82	49	0.628099
0	82	25	0.62751
0	82	11	0.626186
0	82	32	0.626065
0	82	9	0.626058
0	82	20	0.625744
0	82	1	0.625677
0	82	16	0.625587
0	82	47	0.625353
0	82	23	0.625254
0	82	24	0.625024
0	82	3	0.624942
0	82	21	0.624702
0	82	51	0.624442
0	82	34	0.624219
0	82	9	0.624195
0	82	29	0.623909
0	82	40	0.62354
0	82	17	0.623252
0	82	43	0.623187
0	82	21	0.622943
0	82	23	0.622912
0	82	21	0.622766
0	82	16	0.622723
0	82	26	0.622417
0	82	27	0.62222
0	82	1	0.6221
0	82	8	0.622046
0	82	29	0.621945
0	82	35	0.62192
0	82	25	0.621569
0	82	31	0.621229
0	82	16	0.621184
0	82	30	0.620994
0	82	12	0.620744
0	82	28	0.620537
0	82	22	0.620416
0	82	47	0.620173
0	82	40	0.620031
0	82	24	0.620027
0	82	13	0.619902
0	82	9	0.61967
0	82	48	0.618859
0	82	33	0.61866
0	82	9	0.618267
0	82	35	0.618263
0	82	38	0.618135
0	82	42	0.617795
0	82	3	0.617792
0	82	43	0.617154
0	82	15	0.616915
0	82	24	0.616676
0	82	12	0.616182
0	82	46	0.616002
0	82	25	0.615527
0	82	9	0.615073
0	82	25	0.614716
0	82	40	0.614451
0	82	6	0.614371
0	82	4	0.614344
0	82	46	0.61412
0	82	33	0.613208
0	82	31	0.613199
0	82	12	0.612988
0	82	5	0.612954
0	82	35	0.612949
0	82	50	0.612718
0	82	33	0.612371
0	82	23	0.612296
0	82	39	0.611276
0	82	10	0.61107
0	82	11	0.611063
0	82	35	0.610532
0	82	42	0.610495
0	82	28	0.610328
0	82	33	0.609959
0	82	39	0.60935
0	82	30	0.609269
1	82	0	0.609114
0	82	4	0.60889
0	82	36	0.608233
0	82	29	0.607796
0	82	33	0.607745
0	82	13	0.607382
0	82	42	0.607054
0	82	42	0.606811
0	82	43	0.606357
0	82	41	0.606094
0	82	11	0.606064
0	82	9	0.606035
0	82	23	0.605996
0	82	25	0.605626
0	82	2	0.605413
0	82	28	0.605175
0	82	49	0.604914
0	82	37	0.604804
0	82	32	0.60467
0	82	33	0.604572
0	82	46	0.604302
0	82	3	0.604125
0	82	18	0.603857
0	82	15	0.603725
0	82	26	0.603665
0	82	5	0.603533
0	82	6	0.603398
0	82	46	0.60316
0	82	3	0.603064
0	82	8	0.602998
0	82	36	0.602579
0	82	18	0.602506
1	82	0	0.602332
0	82	44	0.602226
0	82	34	0.601486
0	82	1	0.601348
0	82	18	0.601202
0	82	31	0.601027
0	82	45	0.601016
0	82	2	0.600995
0	82	23	0.599531
0	82	39	0.599512
0	82	4	0.599274
0	82	23	0.598695
0	82	18	0.598333
0	82	7	0.598277
0	82	41	0.597809
0	82	21	0.597792
0	82	34	0.5974
0	82	4	0.597132
0	82	29	0.596514
0	82	27	0.596435
0	82	26	0.596336
0	82	19	0.596142
0	82	12	0.595984
0	82	18	0.595865
0	82	22	0.595664
0	82	5	0.595572
0	82	40	0.595554
0	82	24	0.595012
0	82	12	0.594997
0	82	15	0.594738
0	82	17	0.594529
0	82	39	0.594495
0	82	21	0.594458
0	82	14	0.59433
0	82	20	0.594176
0	82	9	0.593977
0	82	27	0.593933
0	82	12	0.593588
0	82	23	0.593463
0	82	45	0.5934
0	82	42	0.593393
0	82	21	0.593286
0	82	18	0.592739
0	82	27	0.592682
0	82	12	0.592633
0	82	25	0.592324
0	82	35	0.592223
0	82	37	0.592207
0	82	21	0.590956
0	82	15	0.590867
0	82	15	0.590418
0	82	28	0.590397
0	82	23	0.590291
0	82	41	0.590279
0	82	20	0.589957
0	82	2	0.589853
0	82	36	0.589824
0	82	46	0.589045
0	82	38	0.588914
0	82	44	0.588892
0	82	4	0.588715
0	82	1	0.588659
0	82	32	0.587512
0	82	13	0.58735
0	82	28	0.586773
0	82	14	0.586287
0	82	36	0.586164
0	82	42	0.585249
0	82	28	0.585203
1	82	0	0.585151
0	82	7	0.58492
0	82	47	0.58477
0	82	1	0.584498
0	82	1	0.583752
0	82	24	0.58361
0	82	21	0.583326
0	82	9	0.58282
0	82	24	0.582497
0	82	11	0.58241
0	82	42	0.582216
0	82	47	0.581641
0	82	47	0.58162
0	82	28	0.581241
0	82	29	0.581139
0	82	12	0.580816
0	82	15	0.580505
0	82	12	0.579959
0	82	26	0.579395
0	82	46	0.57897
0	82	33	0.578904
0	82	32	0.578544
0	82	40	0.578187
0	82	42	0.577339
0	82	1	0.577288
0	82	16	0.576427
0	82	6	0.576403
0	82	15	0.576002
0	82	7	0.575936
0	82	7	0.575541
0	82	41	0.575144
0	82	21	0.575059
0	82	9	0.57464
0	82	21	0.574442
0	82	32	0.573825
0	82	14	0.573629
0	82	34	0.573552
0	82	22	0.573111
0	82	8	0.572917
0	82	21	0.572403
0	82	40	0.572075
0	82	10	0.572058
0	82	27	0.57205
0	82	31	0.571944
0	82	7	0.571495
0	82	35	0.571219
0	82	31	0.57091
0	82	23	0.570808
0	82	3	0.570471
0	82	20	0.569438
0	82	31	0.568595
0	82	46	0.56856
0	82	12	0.56841
0	82	33	0.568385
0	82	10	0.568275
0	82	39	0.568181
0	82	42	0.567434
0	82	38	0.567318
0	82	30	0.567027
0	82	10	0.567016
0	82	19	0.566861
0	82	12	0.566665
0	82	6	0.566658
0	82	33	0.566305
0	82	30	0.566233
0	82	41	0.565615
0	82	10	0.56553
0	82	4	0.565476
0	82	36	0.564921
0	82	44	0.564813
0	82	29	0.564702
0	82	15	0.564482
0	82	32	0.564322
0	82	34	0.5641
0	82	40	0.564031
0	82	40	0.563884
0	82	21	0.563637
0	82	10	0.563274
0	82	20	0.563101
0	82	23	0.56278
0	82	39	0.562677
0	82	27	0.562073
0	82	11	0.562028
0	82	28	0.561912
0	82	13	0.561585
0	82	9	0.561583
0	82	11	0.56157
0	82	28	0.561076
0	82	17	0.560962
0	82	1	0.560659
0	82	7	0.560186
0	82	37	0.559928
0	82	27	0.559775
0	82	9	0.559561
0	82	34	0.55891
0	82	45	0.55875
0	82	35	0.558694
0	82	13	0.558385
0	82	36	0.558242
0	82	22	0.558222
0	82	9	0.557823
0	82	21	0.557476
0	82	26	0.557146
0	82	25	0.556676
0	82	31	0.556098
0	82	20	0.556093
0	82	15	0.555347
0	82	3	0.555315
0	82	2	0.555244
0	82	45	0.555157
0	82	19	0.555061
0	82	38	0.554925
0	82	28	0.554897
0	82	17	0.554767
0	82	19	0.554293
0	82	3	0.554182
0	82	26	0.554122
0	82	10	0.553881
0	82	14	0.553609
0	82	37	0.553607
0	82	38	0.553482
0	82	37	0.553437
0	82	6	0.553434
0	82	23	0.552998
0	82	17	0.552872
0	82	34	0.552789
0	82	14	0.552337
0	82	11	0.551944
0	82	41	0.551861
0	82	8	0.551469
0	82	16	0.551231
0	82	23	0.550987
0	82	27	0.550819
0	82	13	0.550528
0	82	33	0.550321
0	82	11	0.55024
0	82	3	0.549998
0	82	12	0.549653
0	82	9	0.549508
0	82	42	0.549194
0	82	17	0.549125
0	82	20	0.548249
0	82	23	0.547924
0	82	24	0.547739
0	82	34	0.547649
0	82	41	0.547611
0	82	23	0.547571
0	82	21	0.547144
0	82	25	0.547047
0	82	18	0.546783
0	82	33	0.546632
0	82	4	0.546537
0	82	12	0.546505
0	82	35	0.546486
0	82	39	0.546438
0	82	29	0.546064
0	82	28	0.545982
0	82	27	0.545973
0	82	28	0.545789
0	82	21	0.545618
0	82	10	0.545276
0	82	21	0.545167
0	82	21	0.544751
0	82	30	0.544742
0	82	42	0.544402
0	82	20	0.544304
0	82	32	0.544085
0	82	18	0.543923
0	82	38	0.543846
0	82	1	0.543839
0	82	3	0.543414
0	82	8	0.543406
0	82	7	0.542773
0	82	40	0.542629
0	82	37	0.542566
0	82	36	0.542405
0	82	3	0.542316
0	82	40	0.541948
0	82	39	0.541557
0	82	20	0.541547
0	82	19	0.541077
0	82	13	0.540975
0	82	44	0.540675
0	82	31	0.540153
0	82	1	0.540145
0	82	12	0.539805
0	82	8	0.539719
0	82	13	0.539453
0	82	42	0.538799
0	82	44	0.538428
0	82	15	0.537356
0	82	33	0.53729
0	82	17	0.536596
0	82	42	0.536343
0	82	18	0.536195
0	82	41	0.536141
0	82	41	0.535733
0	82	13	0.534835
0	82	24	0.534795
0	82	1	0.534727
0	82	3	0.533928
0	82	31	0.533886
0	82	28	0.533481
0	82	4	0.533438
0	82	14	0.533279
0	82	23	0.533246
0	82	29	0.533218
0	82	32	0.532893
0	82	16	0.532777
0	82	39	0.532768
0	82	17	0.53257
0	82	41	0.532286
0	82	42	0.532261
0	82	24	0.531711
0	82	42	0.531665
0	82	9	0.531559
0	82	7	0.531282
0	82	8	0.530978
1	82	0	0.530891
0	82	23	0.530852
0	82	25	0.530681
0	82	40	0.530584
0	82	23	0.530349
0	82	41	0.530314
0	82	43	0.530128
0	82	38	0.529966
0	82	41	0.529934
0	82	12	0.529894
0	82	38	0.529878
0	82	1	0.529873
0	82	33	0.529591
0	82	8	0.529293
0	82	5	0.528973
0	82	5	0.528896
0	82	17	0.52829
0	82	22	0.528063
0	82	30	0.527641
0	82	2	0.527559
0	82	29	0.527487
0	82	31	0.527057
0	82	11	0.527015
0	82	39	0.52664
0	82	28	0.526603
0	82	40	0.526484
0	82	29	0.52642
0	82	4	0.526263
0	82	24	0.526137
0	82	26	0.525953
0	82	35	0.525857
0	82	41	0.525671
0	82	29	0.525367
0	82	43	0.525335
0	82	19	0.525208
0	82	43	0.525198
0	82	16	0.525105
0	82	22	0.524838
0	82	25	0.524584
0	82	35	0.524283
0	82	5	0.523872
0	82	10	0.523453
0	82	22	0.523447
0	82	14	0.523137
0	82	34	0.523131
0	82	30	0.523079
0	82	6	0.522856
0	82	6	0.522568
0	82	29	0.522358
0	82	12	0.522248
0	82	18	0.522135
0	82	18	0.521968
0	82	37	0.521944
0	82	12	0.521669
0	82	25	0.5211
0	82	4	0.520372
0	82	14	0.520153
0	82	5	0.519742
0	82	18	0.519733
0	82	33	0.519677
0	82	29	0.519624
0	82	23	0.519249
1	82	0	0.519221
0	82	15	0.519123
0	82	36	0.518854
0	82	42	0.518841
0	82	14	0.518305
0	82	23	0.51798
0	82	10	0.517925
0	82	20	0.517383
0	82	25	0.517071
0	82	10	0.516675
0	82	40	0.516594
0	82	42	0.515742
1	82	0	0.515697
0	82	8	0.514979
0	82	32	0.51469
0	82	2	0.514595
0	82	17	0.514544
0	82	18	0.514192
0	82	36	0.514072
0	82	26	0.51401
0	82	14	0.513634
0	82	20	0.513624
0	82	40	0.51349
0	82	35	0.513382
0	82	3	0.513306
0	82	37	0.512844
0	82	18	0.512383
0	82	17	0.512349
0	82	13	0.512332
0	82	31	0.512015
0	82	20	0.511978
0	82	30	0.511621
0	82	4	0.511531
0	82	5	0.511285
0	82	19	0.510804
0	82	24	0.51056
0	82	6	0.510252
0	82	16	0.510007
0	82	21	0.509886
0	82	34	0.509814
0	82	25	0.509718
0	82	35	0.509612
0	82	2	0.509042
1	82	0	0.509005
0	82	32	0.507374
0	82	5	0.507356
0	82	34	0.507267
0	82	2	0.506853
0	82	28	0.506602
0	82	5	0.5062
0	82	28	0.506135
0	82	41	0.506093
0	82	3	0.50587
0	82	28	0.505353
0	82	25	0.505325
0	82	12	0.505004
0	82	6	0.504852
0	82	37	0.504469
0	82	7	0.504456
0	82	24	0.504173
0	82	3	0.504044
0	82	7	0.50342
0	82	18	0.503257
0	82	21	0.503101
1	82	0	0.502878
0	82	22	0.502653
0	82	27	0.502271
0	82	20	0.501912
0	82	21	0.500603
0	82	18	0.500533
0	82	3	0.500513
0	82	13	0.500395
0	82	21	0.500282
0	82	37	0.500272
0	82	15	0.499596
0	82	12	0.49919
0	82	15	0.498964
0	82	20	0.498943
0	82	9	0.498915
0	82	36	0.498619
0	82	29	0.498502
0	82	11	0.498415
0	82	25	0.498345
0	82	35	0.49818
0	82	21	0.498096
0	82	28	0.497758
0	82	21	0.497084
0	82	22	0.497034
0	82	14	0.496696
0	82	5	0.496692
0	82	24	0.496524
1	82	0	0.49644
0	82	10	0.495878
0	82	5	0.495222
0	82	25	0.494971
0	82	13	0.494942
0	82	15	0.494316
0	82	16	0.494226
0	82	15	0.494163
0	82	15	0.493918
0	82	11	0.493851
0	82	18	0.49344
0	82	27	0.493438
0	82	5	0.49301
0	82	26	0.49292
0	82	34	0.492773
0	82	25	0.492658
0	82	28	0.492473
0	82	20	0.492344
0	82	8	0.492266
0	82	1	0.49176
0	82	3	0.491701
0	82	24	0.491599
0	82	8	0.491434
0	82	15	0.491319
0	82	5	0.491298
1	82	0	0.491251
0	82	18	0.490959
0	82	18	0.490518
1	82	0	0.489912
0	82	22	0.489447
0	82	12	0.489239
0	82	15	0.489195
0	82	10	0.488516
1	82	0	0.487871
0	82	13	0.486786
0	82	26	0.486538
0	82	29	0.486214
0	82	19	0.486178
0	82	19	0.486165
0	82	31	0.486126
0	82	11	0.48601
0	82	39	0.48599
0	82	24	0.485972
0	82	15	0.485545
0	82	19	0.485471
0	82	9	0.485029
0	82	12	0.485014
0	82	13	0.484816
0	82	31	0.484476
0	82	8	0.483836
0	82	29	0.483571
0	82	12	0.483063
0	82	29	0.483049
0	82	13	0.482918
0	82	1	0.482874
0	82	5	0.482528
0	82	26	0.482297
0	82	19	0.482101
0	82	13	0.481831
0	82	24	0.481669
0	82	19	0.481534
0	82	24	0.481483
0	82	36	0.480291
0	82	15	0.480287
0	82	7	0.480132
0	82	2	0.479883
0	82	10	0.479828
0	82	6	0.479564
0	82	11	0.479244
0	82	37	0.478619
0	82	9	0.478537
0	82	24	0.478524
0	82	24	0.478503
0	82	24	0.478375
0	82	25	0.47836
0	82	8	0.47829
0	82	19	0.478153
0	82	39	0.477868
0	82	24	0.477756
0	82	34	0.477551
0	82	35	0.477388
0	82	29	0.477233
0	82	35	0.476648
0	82	2	0.476298
0	82	12	0.475935
0	82	10	0.475606
0	82	15	0.475555
0	82	6	0.475497
0	82	13	0.474868
0	82	16	0.474577
0	82	11	0.47414
0	82	25	0.474081
0	82	20	0.474065
0	82	23	0.473639
0	82	14	0.473486
0	82	30	0.473226
0	82	3	0.473192
1	82	0	0.472538
0	82	13	0.472331
0	82	15	0.472321
0	82	15	0.472172
0	82	14	0.471783
0	82	23	0.471683
0	82	32	0.471292
0	82	27	0.471014
0	82	9	0.470604
0	82	33	0.470187
1	82	0	0.469897
0	82	4	0.469875
0	82	16	0.469696
0	82	16	0.469559
0	82	15	0.469543
0	82	32	0.469444
0	82	18	0.469305
0	82	9	0.469108
0	82	4	0.468617
0	82	36	0.46837
0	82	1	0.468257
0	82	22	0.4681
0	82	3	0.468026
0	82	20	0.467982
0	82	6	0.467465
0	82	17	0.467136
1	82	0	0.467019
0	82	12	0.466866
0	82	38	0.466844
0	82	37	0.466789
0	82	29	0.466726
0	82	30	0.466556
0	82	5	0.466452
0	82	23	0.466393
0	82	23	0.466238
1	82	0	0.466172
0	82	15	0.466152
0	82	14	0.465995
0	82	14	0.465792
0	82	6	0.465659
0	82	34	0.465122
0	82	9	0.464879
0	82	36	0.464859
0	82	28	0.464776
0	82	34	0.464766
0	82	4	0.46475
0	82	27	0.464016
0	82	9	0.463996
0	82	2	0.463699
0	82	8	0.463471
0	82	12	0.463065
0	82	6	0.462981
0	82	28	0.462589
0	82	15	0.462528
0	82	17	0.462426
0	82	29	0.462164
0	82	36	0.462098
0	82	20	0.462031
0	82	6	0.461579
0	82	3	0.461556
0	82	4	0.461054
0	82	37	0.460888
0	82	4	0.460473
0	82	19	0.460403
0	82	17	0.460367
0	82	33	0.460359
0	82	17	0.460355
0	82	5	0.459968
0	82	28	0.459462
0	82	16	0.459422
0	82	30	0.459315
0	82	37	0.45838
0	82	29	0.458337
0	82	1	0.458269
0	82	3	0.458033
0	82	17	0.457893
0	82	35	0.457799
0	82	10	0.457188
0	82	34	0.457137
0	82	25	0.456782
0	82	11	0.456752
0	82	16	0.456713
0	82	19	0.456452
0	82	6	0.456391
0	82	30	0.456285
0	82	30	0.456224
0	82	36	0.456055
0	82	1	0.456036
0	82	36	0.455875
0	82	16	0.455764
0	82	9	0.455486
0	82	29	0.455463
0	82	22	0.455376
0	82	28	0.455362
0	82	30	0.455237
0	82	1	0.455226
0	82	5	0.454334
0	82	17	0.454234
0	82	26	0.453911
0	82	21	0.4537
0	82	31	0.453048
0	82	31	0.453001
0	82	14	0.452718
0	82	8	0.452439
0	82	34	0.452208
0	82	10	0.452069
0	82	2	0.45188
0	82	30	0.451652
0	82	37	0.451518
0	82	30	0.451472
0	82	21	0.451139
0	82	22	0.450546
0	82	10	0.450339
1	82	0	0.450002
0	82	33	0.449924
0	82	21	0.449922
0	82	13	0.449872
0	82	29	0.449669
0	82	22	0.449571
0	82	10	0.449412
0	82	3	0.448814
0	82	1	0.44876
0	82	26	0.44874
0	82	36	0.448719
0	82	13	0.448703
0	82	13	0.448515
0	82	19	0.448169
0	82	12	0.447786
0	82	27	0.447703
0	82	35	0.447619
0	82	9	0.447205
0	82	32	0.44702
0	82	34	0.447011
0	82	30	0.446764
0	82	6	0.44636
0	82	14	0.445498
0	82	30	0.445489
0	82	10	0.445262
0	82	16	0.445127
1	82	0	0.444652
0	82	12	0.444543
0	82	9	0.444134
0	82	22	0.443426
0	82	2	0.443138
0	82	23	0.442782
0	82	5	0.442628
0	82	20	0.442401
0	82	22	0.441557
0	82	6	0.441476
0	82	25	0.441334
0	82	16	0.441181
0	82	18	0.441173
0	82	8	0.441026
0	82	31	0.440832
0	82	3	0.440391
0	82	4	0.439903
0	82	10	0.439113
0	82	23	0.438725
0	82	33	0.438657
0	82	35	0.43857
0	82	30	0.43785
0	82	32	0.437841
0	82	32	0.437607
0	82	34	0.437578
0	82	24	0.437535
0	82	25	0.437468
0	82	34	0.437303
0	82	4	0.437158
0	82	12	0.43713
0	82	7	0.437122
0	82	31	0.437004
0	82	18	0.436962
0	82	13	0.436784
0	82	26	0.436647
0	82	28	0.436511
0	82	26	0.436283
0	82	19	0.436279
0	82	26	0.436115
0	82	9	0.436092
0	82	14	0.436084
0	82	28	0.435947
0	82	23	0.435032
0	82	3	0.434927
0	82	1	0.434723
0	82	33	0.434477
0	82	7	0.434185
0	82	21	0.434121
0	82	15	0.433814
0	82	15	0.433763
0	82	12	0.433683
1	82	0	0.433503
0	82	21	0.433212
0	82	17	0.432637
0	82	19	0.432608
0	82	24	0.432438
0	82	24	0.432398
0	82	18	0.432339
0	82	23	0.431587
0	82	35	0.431135
0	82	17	0.43112
0	82	1	0.431084
0	82	1	0.431052
0	82	13	0.430697
0	82	2	0.430618
0	82	32	0.430477
0	82	19	0.430438
0	82	25	0.429576
0	82	17	0.429484
0	82	18	0.42944
0	82	1	0.429134
0	82	20	0.429114
0	82	27	0.428954
0	82	22	0.428614
0	82	6	0.428506
0	82	29	0.428424
0	82	19	0.428325
0	82	13	0.427938
0	82	16	0.427863
0	82	18	0.42784
0	82	4	0.427564
0	82	28	0.427563
0	82	28	0.427373
0	82	23	0.427327
0	82	29	0.426798
0	82	1	0.426727
0	82	17	0.426632
0	82	17	0.4265
0	82	32	0.425935
0	82	13	0.425602
0	82	3	0.424463
0	82	21	0.424348
0	82	21	0.424149
0	82	10	0.424119
0	82	20	0.423903
0	82	6	0.423799
0	82	29	0.423635
0	82	5	0.423516
0	82	2	0.423367
0	82	33	0.423287
0	82	2	0.423217
0	82	33	0.423051
1	82	0	0.422427
0	82	27	0.42225
0	82	10	0.422155
0	82	3	0.422053
0	82	5	0.421751
0	82	4	0.421699
0	82	31	0.421456
0	82	32	0.420422
0	82	32	0.420318
0	82	6	0.420127
0	82	20	0.419973
0	82	19	0.419815
0	82	16	0.419807
0	82	6	0.419783
0	82	9	0.419719
0	82	33	0.4196
1	82	0	0.419497
0	82	24	0.419288
0	82	11	0.419207
0	82	10	0.419132
0	82	10	0.419021
0	82	8	0.418849
0	82	9	0.418723
0	82	33	0.418642
0	82	29	0.418602
0	82	24	0.418597
0	82	26	0.418572
0	82	14	0.418307
0	82	20	0.418272
0	82	31	0.418224
0	82	30	0.417805
0	82	9	0.417769
0	82	20	0.417337
0	82	11	0.417077
0	82	23	0.41655
0	82	14	0.415898
0	82	17	0.415691
0	82	8	0.415533
0	82	15	0.41543
0	82	33	0.415207
0	82	24	0.414639
0	82	24	0.414339
0	82	8	0.41429
0	82	15	0.414188
0	82	26	0.414066
0	82	7	0.413922
0	82	18	0.413775
0	82	9	0.413712
0	82	13	0.41331
0	82	16	0.413148
0	82	29	0.412528
0	82	21	0.41175
0	82	4	0.411086
1	82	0	0.410934
0	82	28	0.410798
0	82	6	0.410453
0	82	30	0.410428
0	82	27	0.410207
0	82	1	0.410149
0	82	5	0.410115
0	82	30	0.409716
0	82	16	0.409635
0	82	19	0.409272
0	82	18	0.408295
0	82	14	0.407703
0	82	30	0.407522
0	82	15	0.40727
0	82	8	0.407193
0	82	22	0.406621
0	82	12	0.406525
0	82	29	0.406284
0	82	30	0.406131
0	82	6	0.405928
0	82	27	0.405716
0	82	30	0.405497
0	82	20	0.405293
0	82	15	0.405149
0	82	26	0.405141
0	82	3	0.404978
0	82	2	0.404619
0	82	16	0.404507
0	82	2	0.403945
0	82	3	0.403929
0	82	4	0.403616
0	82	24	0.403461
0	82	3	0.403424
0	82	28	0.40314
0	82	15	0.402934
0	82	13	0.401528
0	82	18	0.401085
0	82	22	0.400582
0	82	3	0.400149
0	82	26	0.400133
0	82	12	0.400049
0	82	10	0.399532
0	82	15	0.399484
0	82	7	0.399482
0	82	14	0.399344
0	82	31	0.398658
0	82	30	0.398614
0	82	6	0.398423
0	82	11	0.398338
0	82	4	0.397435
0	82	21	0.397398
0	82	29	0.397172
0	82	24	0.39712
0	82	11	0.396876
0	82	7	0.396611
0	82	23	0.396464
0	82	10	0.396044
1	82	0	0.396036
0	82	30	0.395497
0	82	10	0.395255
0	82	21	0.395201
0	82	32	0.394786
0	82	9	0.394623
0	82	8	0.394177
0	82	3	0.39381
0	82	2	0.39378
0	82	10	0.393545
0	82	3	0.393413
0	82	20	0.393367
0	82	25	0.393241
0	82	11	0.393091
0	82	8	0.392835
0	82	30	0.392749
0	82	16	0.392607
0	82	26	0.392308
0	82	21	0.392243
1	82	0	0.392159
0	82	28	0.392009
1	82	0	0.391687
0	82	21	0.391352
0	82	23	0.391135
0	82	6	0.390742
0	82	25	0.390383
0	82	20	0.390212
0	82	23	0.389743
0	82	17	0.389698
0	82	27	0.38915
0	82	12	0.389071
0	82	16	0.388719
0	82	29	0.388392
0	82	1	0.387911
0	82	5	0.387767
0	82	18	0.387647
0	82	29	0.387453
0	82	28	0.387248
0	82	28	0.387108
0	82	19	0.386863
0	82	4	0.386746
0	82	6	0.386715
0	82	29	0.386384
0	82	1	0.38624
0	82	10	0.385675
0	82	29	0.385674
0	82	26	0.38567
0	82	13	0.385641
0	82	13	0.385293
0	82	1	0.385011
0	82	15	0.384991
0	82	9	0.384849
0	82	11	0.384634
0	82	24	0.38457
0	82	29	0.384474
0	82	11	0.384463
0	82	8	0.384288
0	82	15	0.384192
0	82	16	0.384124
0	82	31	0.383785
0	82	26	0.383665
0	82	23	0.383125
0	82	14	0.382403
0	82	21	0.382178
0	82	20	0.381875
0	82	31	0.380948
0	82	24	0.380847
0	82	5	0.380794
0	82	17	0.380437
0	82	2	0.380355
0	82	12	0.380251
0	82	7	0.379761
0	82	17	0.379719
0	82	22	0.379706
0	82	15	0.379395
0	82	25	0.379341
0	82	4	0.379172
0	82	11	0.379117
0	82	9	0.378959
0	82	23	0.378424
0	82	16	0.378371
0	82	23	0.378145
0	82	17	0.378054
0	82	4	0.377885
0	82	29	0.377612
0	82	6	0.377586
0	82	6	0.376729
0	82	10	0.376676
0	82	17	0.376515
0	82	14	0.376459
0	82	2	0.376094
0	82	14	0.376066
0	82	2	0.375694
0	82	14	0.375658
0	82	25	0.375368
0	82	13	0.375315
0	82	27	0.375073
0	82	21	0.37477
0	82	14	0.374621
0	82	23	0.37462
0	82	12	0.374425
0	82	28	0.374379
0	82	14	0.374077
0	82	23	0.373523
0	82	21	0.373476
0	82	25	0.373183
0	82	9	0.373055
0	82	3	0.372943
0	82	5	0.372909
0	82	16	0.372191
0	82	29	0.372079
0	82	29	0.370875
0	82	2	0.37078
0	82	22	0.370687
0	82	20	0.370572
1	82	0	0.37019
0	82	13	0.369783
0	82	27	0.369474
0	82	27	0.369311
0	82	24	0.369182
0	82	25	0.368515
0	82	8	0.368385
0	82	6	0.368294
0	82	9	0.367585
0	82	25	0.367165
0	82	14	0.36705
0	82	10	0.365699
0	82	28	0.365601
0	82	11	0.365184
0	82	23	0.364892
0	82	24	0.36478
0	82	2	0.364425
0	82	12	0.36379
0	82	29	0.363644
0	82	19	0.363374
0	82	6	0.363241
0	82	5	0.362662
0	82	29	0.36259
0	82	12	0.362516
0	82	29	0.362305
0	82	2	0.362094
1	82	0	0.362087
0	82	15	0.36103
0	82	9	0.360041
0	82	17	0.359875
0	82	20	0.359848
0	82	1	0.359346
0	82	24	0.35914
0	82	19	0.357846
0	82	4	0.357712
0	82	6	0.357491
0	82	11	0.357004
0	82	11	0.356257
0	82	7	0.356236
0	82	8	0.356016
0	82	4	0.355855
0	82	28	0.355758
0	82	2	0.355546
0	82	20	0.355399
0	82	16	0.355195
0	82	4	0.354771
0	82	3	0.354153
0	82	28	0.354059
0	82	24	0.353432
0	82	12	0.353344
0	82	15	0.35252
0	82	25	0.35248
0	82	20	0.352193
0	82	22	0.351983
0	82	7	0.351938
0	82	6	0.351927
0	82	5	0.351732
0	82	28	0.351128
0	82	16	0.350793
0	82	19	0.350707
0	82	13	0.350589
0	82	23	0.350443
0	82	16	0.350371
0	82	20	0.350321
0	82	12	0.350101
0	82	19	0.349697
0	82	6	0.349524
0	82	5	0.349336
0	82	18	0.34929
0	82	26	0.348849
0	82	12	0.348739
0	82	4	0.348632
0	82	1	0.348547
0	82	7	0.348494
0	82	9	0.348319
0	82	27	0.348258
0	82	28	0.348238
0	82	1	0.348026
0	82	19	0.347786
0	82	26	0.347573
0	82	13	0.347451
0	82	12	0.34745
0	82	21	0.346975
0	82	11	0.3467
0	82	25	0.346588
0	82	22	0.346578
0	82	25	0.346482
0	82	14	0.345998
0	82	16	0.345798
0	82	11	0.345485
0	82	23	0.345468
0	82	6	0.344978
0	82	28	0.344901
0	82	2	0.344691
0	82	19	0.344621
0	82	11	0.343987
0	82	27	0.343162
0	82	21	0.34256
0	82	12	0.342305
0	82	24	0.342049
0	82	10	0.34184
0	82	8	0.34169
0	82	11	0.341374
0	82	13	0.341247
0	82	7	0.34116
0	82	20	0.341056
0	82	23	0.340922
0	82	2	0.340921
0	82	25	0.340686
0	82	17	0.340173
0	82	24	0.339866
0	82	7	0.339806
0	82	19	0.33952
0	82	11	0.339369
0	82	8	0.339239
0	82	23	0.33909
0	82	1	0.338842
0	82	9	0.338838
0	82	27	0.338496
0	82	12	0.338469
0	82	2	0.338168
0	82	27	0.337832
0	82	2	0.337696
0	82	25	0.337374
0	82	3	0.337352
0	82	10	0.337332
0	82	21	0.337264
0	82	18	0.336941
0	82	17	0.336412
0	82	20	0.336384
0	82	10	0.336379
0	82	6	0.336012
0	82	20	0.335966
0	82	10	0.335891
0	82	6	0.335678
0	82	2	0.335613
0	82	8	0.334893
0	82	10	0.334751
0	82	2	0.334572
0	82	16	0.334122
0	82	6	0.334115
0	82	11	0.333594
0	82	12	0.33354
0	82	11	0.333512
0	82	23	0.33237
0	82	21	0.332167
0	82	16	0.332012
0	82	27	0.331767
0	82	4	0.331428
0	82	9	0.330994
0	82	19	0.330604
0	82	16	0.33038
0	82	11	0.330312
0	82	12	0.33021
0	82	24	0.33011
0	82	20	0.330009
0	82	5	0.329808
0	82	14	0.329765
0	82	12	0.329417
0	82	22	0.329088
0	82	9	0.328871
0	82	19	0.328764
0	82	17	0.328353
0	82	26	0.328
0	82	23	0.327349
0	82	9	0.327222
0	82	26	0.326095
0	82	20	0.326085
0	82	26	0.325955
0	82	2	0.325813
0	82	6	0.325462
0	82	26	0.325408
0	82	1	0.325373
0	82	2	0.325086
0	82	10	0.325006
0	82	15	0.324882
0	82	19	0.324237
0	82	1	0.324022
0	82	8	0.323693
0	82	16	0.323471
0	82	1	0.322969
0	82	23	0.322762
0	82	1	0.3222
0	82	8	0.322139
0	82	24	0.321521
0	82	21	0.321502
0	82	25	0.321388
0	82	13	0.320925
0	82	25	0.320685
0	82	12	0.320243
0	82	1	0.320177
0	82	2	0.320168
0	82	10	0.320076
0	82	26	0.319734
0	82	6	0.319288
0	82	16	0.319032
0	82	7	0.31854
0	82	17	0.318201
0	82	22	0.317705
0	82	7	0.317361
0	82	10	0.317252
0	82	24	0.316733
0	82	20	0.315851
0	82	14	0.31572
0	82	6	0.315662
0	82	11	0.315557
0	82	17	0.31541
0	82	11	0.315348
0	82	12	0.315242
0	82	9	0.31504
0	82	24	0.314913
0	82	23	0.314683
0	82	20	0.314599
0	82	11	0.314499
0	82	11	0.314298
0	82	14	0.313845
0	82	16	0.31376
0	82	14	0.313727
1	82	0	0.313045
0	82	23	0.312951
0	82	25	0.312506
0	82	19	0.311561
0	82	20	0.311366
0	82	11	0.311301
0	82	12	0.311258
0	82	4	0.311158
0	82	8	0.310942
0	82	2	0.310729
0	82	7	0.310589
0	82	14	0.310581
0	82	16	0.310411
0	82	9	0.310356
0	82	1	0.310275
0	82	15	0.310265
0	82	19	0.310068
0	82	5	0.309977
0	82	23	0.30984
0	82	16	0.309727
0	82	13	0.309716
0	82	24	0.308869
0	82	1	0.308677
0	82	16	0.308675
0	82	19	0.30843
0	82	13	0.30814
0	82	2	0.308111
0	82	1	0.307767
0	82	5	0.307393
0	82	10	0.307364
0	82	18	0.306435
0	82	23	0.306093
0	82	23	0.306064
0	82	10	0.305789
0	82	10	0.305673
0	82	11	0.305394
0	82	11	0.304948
1	82	0	0.304795
0	82	17	0.3047
0	82	8	0.304683
1	82	0	0.304505
0	82	5	0.30438
0	82	10	0.304366
0	82	18	0.304355
1	82	0	0.304284
0	82	17	0.304048
0	82	10	0.30394
0	82	15	0.303427
0	82	3	0.302979
0	82	24	0.302832
0	82	18	0.30207
0	82	13	0.301979
0	82	5	0.301883
0	82	5	0.301831
0	82	6	0.301436
1	82	0	0.301315
0	82	1	0.300961
0	82	16	0.300534
0	82	12	0.300511
0	82	9	0.300307
0	82	1	0.300165
0	82	18	0.300038
0	82	9	0.29998
0	82	3	0.299586
0	82	3	0.299416
0	82	8	0.29872
0	82	7	0.298567
0	82	21	0.298208
0	82	4	0.298189
0	82	21	0.297866
0	82	21	0.297733
0	82	21	0.297388
0	82	14	0.296803
1	82	0	0.296708
0	82	18	0.296524
0	82	7	0.296494
0	82	19	0.296145
0	82	17	0.295683
0	82	4	0.295397
0	82	15	0.294627
0	82	8	0.294382
0	82	5	0.294074
0	82	9	0.293431
0	82	17	0.293326
0	82	12	0.292853
0	82	2	0.292339
1	82	0	0.292304
0	82	14	0.292303
0	82	13	0.292174
0	82	22	0.292034
0	82	13	0.291877
0	82	16	0.291325
1	82	0	0.291277
0	82	16	0.290876
0	82	19	0.290835
0	82	15	0.29049
0	82	9	0.290473
0	82	19	0.289656
0	82	12	0.28955
0	82	2	0.28951
1	82	0	0.289443
0	82	13	0.289131
0	82	1	0.288821
1	82	0	0.288722
0	82	21	0.288622
0	82	15	0.288447
0	82	2	0.288102
0	82	6	0.287871
0	82	10	0.287462
0	82	6	0.287163
0	82	19	0.286841
0	82	7	0.286684
0	82	5	0.286548
0	82	16	0.286032
0	82	21	0.286009
0	82	2	0.285677
0	82	15	0.285551
0	82	1	0.28529
0	82	22	0.28517
0	82	18	0.285029
0	82	1	0.284879
0	82	9	0.284715
0	82	17	0.284602
0	82	16	0.284554
0	82	23	0.284516
0	82	10	0.284484
0	82	10	0.284377
0	82	10	0.284152
1	82	0	0.284041
0	82	19	0.283974
0	82	3	0.283769
0	82	8	0.283693
0	82	1	0.283688
0	82	6	0.283467
0	82	22	0.28267
0	82	8	0.282588
0	82	7	0.282553
0	82	2	0.28254
0	82	20	0.282407
0	82	23	0.281539
1	82	0	0.281359
0	82	20	0.280864
0	82	18	0.280763
0	82	13	0.280592
0	82	2	0.280557
0	82	17	0.28053
0	82	3	0.280473
0	82	2	0.28024
0	82	14	0.279944
0	82	11	0.279931
0	82	11	0.279842
0	82	16	0.279804
0	82	13	0.279728
0	82	13	0.279644
0	82	7	0.279616
0	82	13	0.279377
0	82	20	0.279246
0	82	8	0.278936
0	82	3	0.278732
0	82	8	0.27768
0	82	2	0.277648
0	82	16	0.277607
0	82	9	0.277596
0	82	7	0.277503
0	82	1	0.277288
0	82	15	0.277264
0	82	13	0.27715
0	82	7	0.276775
0	82	7	0.276774
0	82	22	0.276739
0	82	10	0.27663
0	82	10	0.276588
0	82	22	0.276388
0	82	11	0.2763
0	82	4	0.276025
0	82	16	0.275847
0	82	4	0.275725
0	82	9	0.275364
0	82	3	0.275213
0	82	2	0.275171
0	82	12	0.275124
1	82	0	0.275103
0	82	12	0.275097
0	82	21	0.274807
0	82	14	0.274655
0	82	9	0.274592
0	82	21	0.274282
0	82	19	0.274132
0	82	20	0.273979
0	82	6	0.273977
0	82	19	0.273234
1	82	0	0.272779
0	82	17	0.27269
0	82	5	0.272684
0	82	21	0.272547
0	82	5	0.271767
0	82	17	0.271458
0	82	2	0.270957
0	82	20	0.270846
0	82	5	0.270785
0	82	19	0.270692
0	82	7	0.270672
0	82	19	0.270607
0	82	15	0.270559
0	82	15	0.270377
0	82	17	0.270331
0	82	5	0.270115
0	82	8	0.269735
0	82	6	0.269675
0	82	21	0.269671
0	82	5	0.269533
0	82	9	0.269444
0	82	4	0.269151
0	82	16	0.268579
0	82	8	0.268279
0	82	4	0.268156
0	82	6	0.268055
0	82	21	0.267906
0	82	1	0.267715
0	82	8	0.267556
0	82	21	0.267384
0	82	15	0.267341
0	82	5	0.267158
0	82	1	0.267131
0	82	1	0.26677
0	82	4	0.266547
0	82	15	0.266479
0	82	4	0.266419
1	82	0	0.266394
0	82	20	0.266321
0	82	10	0.266266
0	82	10	0.266196
0	82	1	0.265967
0	82	3	0.265765
0	82	15	0.265737
0	82	2	0.265012
0	82	8	0.264908
0	82	11	0.264587
0	82	13	0.264166
0	82	3	0.264101
0	82	17	0.263909
0	82	21	0.263614
0	82	9	0.263584
0	82	11	0.263142
0	82	20	0.263025
0	82	5	0.262627
0	82	19	0.262465
0	82	17	0.262366
0	82	12	0.262315
0	82	15	0.262153
0	82	20	0.262033
0	82	2	0.262029
0	82	15	0.261828
0	82	19	0.261786
0	82	3	0.261631
0	82	5	0.2616
0	82	8	0.261352
0	82	15	0.261291
0	82	1	0.260727
0	82	20	0.260703
0	82	13	0.260466
1	82	0	0.260315
0	82	10	0.26031
0	82	1	0.260281
0	82	19	0.260117
0	82	15	0.259936
0	82	12	0.259647
0	82	18	0.259406
0	82	2	0.259344
0	82	8	0.259245
0	82	13	0.258623
0	82	19	0.258283
0	82	16	0.258256
0	82	13	0.257771
0	82	13	0.257457
0	82	10	0.25737
0	82	18	0.257313
0	82	5	0.25691
0	82	8	0.256777
0	82	7	0.256698
0	82	8	0.25628
0	82	10	0.255984
0	82	20	0.255501
0	82	11	0.254802
0	82	14	0.254764
1	82	0	0.254614
0	82	2	0.253953
0	82	17	0.253807
0	82	18	0.253779
0	82	9	0.25368
0	82	10	0.253253
0	82	6	0.252976
0	82	18	0.252721
0	82	6	0.252447
0	82	11	0.252272
0	82	3	0.252085
0	82	2	0.251613
0	82	12	0.251467
0	82	5	0.250356
0	82	15	0.250057
0	82	8	0.249827
0	82	11	0.249651
0	82	11	0.249595
0	82	13	0.249572
0	82	13	0.249496
1	82	0	0.249387
0	82	2	0.249156
0	82	5	0.248731
0	82	11	0.248552
0	82	14	0.2484
0	82	9	0.248294
0	82	3	0.248009
0	82	6	0.247944
0	82	19	0.247615
0	82	5	0.247509
0	82	13	0.247194
0	82	19	0.247143
0	82	12	0.246581
0	82	16	0.246403
0	82	20	0.246275
0	82	19	0.245947
0	82	13	0.245589
0	82	9	0.245574
0	82	20	0.245354
0	82	11	0.244924
0	82	1	0.244296
0	82	7	0.244153
0	82	18	0.244047
0	82	12	0.243629
0	82	13	0.243405
0	82	2	0.24327
0	82	10	0.243117
0	82	15	0.243095
0	82	18	0.243062
0	82	4	0.242282
0	82	8	0.241802
0	82	18	0.241484
0	82	10	0.241458
0	82	12	0.240908
0	82	17	0.240814
0	82	13	0.240804
0	82	8	0.240725
0	82	18	0.240583
0	82	7	0.240313
0	82	9	0.239425
0	82	18	0.239282
0	82	10	0.239184
0	82	2	0.238702
0	82	6	0.238631
1	82	0	0.238536
0	82	8	0.23819
0	82	14	0.237987
0	82	14	0.237787
0	82	10	0.237209
0	82	14	0.237009
0	82	9	0.236969
0	82	14	0.236806
0	82	2	0.236737
0	82	13	0.236401
0	82	12	0.236368
0	82	19	0.236241
0	82	9	0.236183
0	82	1	0.235975
0	82	18	0.235562
0	82	17	0.23554
0	82	19	0.235485
0	82	9	0.235064
0	82	8	0.234683
0	82	1	0.234595
0	82	14	0.234208
0	82	1	0.233525
0	82	14	0.233229
0	82	8	0.233198
0	82	10	0.232989
0	82	7	0.232936
1	82	0	0.232064
0	82	17	0.231982
0	82	5	0.231811
0	82	14	0.231137
0	82	8	0.231052
0	82	18	0.229947
0	82	12	0.229921
0	82	5	0.229832
0	82	3	0.229791
0	82	17	0.229768
0	82	2	0.228267
0	82	16	0.228121
0	82	10	0.227941
0	82	18	0.227524
0	82	13	0.226982
0	82	15	0.226923
0	82	11	0.226588
0	82	12	0.226131
0	82	6	0.225843
0	82	2	0.225482
1	82	0	0.225258
0	82	8	0.225217
0	82	8	0.224769
0	82	14	0.224731
0	82	9	0.224314
0	82	10	0.22419
0	82	12	0.224128
0	82	13	0.223991
0	82	2	0.223872
0	82	7	0.223799
0	82	5	0.223598
0	82	15	0.223582
0	82	17	0.223249
0	82	11	0.22243
0	82	16	0.22212
0	82	15	0.222092
0	82	15	0.221816
0	82	8	0.221325
0	82	14	0.221134
0	82	11	0.221081
0	82	2	0.22104
0	82	7	0.220771
0	82	6	0.22045
0	82	16	0.220198
0	82	16	0.219936
0	82	7	0.21983
0	82	13	0.219344
0	82	4	0.219261
0	82	12	0.219104
0	82	12	0.219062
0	82	16	0.219062
0	82	2	0.219018
0	82	11	0.219004
0	82	7	0.218964
0	82	5	0.218848
0	82	10	0.218801
0	82	5	0.218751
0	82	16	0.218683
0	82	4	0.218562
0	82	3	0.218222
0	82	2	0.217935
1	82	0	0.217655
0	82	15	0.217018
0	82	13	0.216606
0	82	8	0.216461
0	82	17	0.216281
0	82	11	0.216175
0	82	6	0.216085
0	82	1	0.216024
0	82	7	0.215529
0	82	15	0.21542
0	82	4	0.215067
0	82	8	0.214769
0	82	4	0.214426
0	82	8	0.2141
0	82	5	0.214043
0	82	4	0.213977
0	82	16	0.213531
0	82	4	0.213358
0	82	13	0.213315
0	82	14	0.212997
0	82	12	0.212535
0	82	6	0.21249
0	82	5	0.212442
0	82	8	0.212384
0	82	5	0.212229
0	82	10	0.212184
0	82	3	0.212138
0	82	9	0.211629
0	82	14	0.210943
1	82	0	0.210413
0	82	1	0.210405
0	82	9	0.210387
0	82	7	0.209681
0	82	13	0.209318
0	82	3	0.209162
0	82	5	0.209116
0	82	16	0.209075
0	82	5	0.208992
0	82	17	0.208773
0	82	4	0.208087
0	82	7	0.208078
0	82	1	0.207683
0	82	12	0.20753
0	82	2	0.20728
0	82	11	0.207134
0	82	15	0.206725
0	82	1	0.206357
0	82	13	0.206354
0	82	11	0.205793
0	82	2	0.205722
0	82	9	0.205239
0	82	6	0.204947
0	82	2	0.204916
0	82	1	0.204864
0	82	16	0.204717
0	82	6	0.204665
0	82	7	0.204019
0	82	14	0.203938
1	82	0	0.20392
0	82	11	0.203845
0	82	2	0.203566
0	82	13	0.203529
0	82	13	0.203497
0	82	7	0.203103
0	82	8	0.202964
0	82	10	0.202738
0	82	11	0.202597
0	82	16	0.202131
0	82	7	0.20198
0	82	2	0.201605
0	82	9	0.201554
0	82	12	0.201503
0	82	6	0.201307
0	82	13	0.200864
0	82	13	0.200706
0	82	4	0.200295
0	82	5	0.200144
0	82	12	0.199973
0	82	15	0.199931
0	82	6	0.199793
0	82	10	0.199619
0	82	1	0.199614
0	82	6	0.19937
0	82	8	0.199098
1	82	0	0.198946
0	82	13	0.198137
0	82	16	0.198099
0	82	3	0.197793
0	82	14	0.197675
0	82	6	0.197461
0	82	16	0.197298
0	82	12	0.196852
0	82	3	0.196832
0	82	14	0.196573
0	82	15	0.196509
0	82	10	0.196437
0	82	15	0.196416
0	82	15	0.196326
0	82	12	0.196149
0	82	16	0.195345
0	82	2	0.195225
0	82	8	0.195178
0	82	1	0.194948
0	82	2	0.19476
0	82	9	0.194652
0	82	10	0.1946
1	82	0	0.194461
0	82	12	0.194257
0	82	12	0.194162
0	82	11	0.194018
0	82	9	0.193746
1	82	0	0.193513
0	82	12	0.193252
0	82	8	0.193094
0	82	9	0.192507
0	82	7	0.192361
0	82	7	0.19231
0	82	3	0.191859
0	82	13	0.191829
0	82	12	0.191214
0	82	9	0.191046
0	82	13	0.190705
0	82	6	0.190538
0	82	13	0.190267
0	82	12	0.19017
0	82	10	0.18995
0	82	6	0.189867
0	82	4	0.1898
0	82	9	0.189606
0	82	4	0.189484
0	82	7	0.188827
0	82	1	0.188704
0	82	7	0.188644
0	82	13	0.188348
0	82	2	0.187971
0	82	6	0.187323
0	82	4	0.187319
0	82	13	0.187166
0	82	15	0.186998
0	82	11	0.186213
0	82	2	0.18619
0	82	7	0.186186
0	82	15	0.185856
1	82	0	0.185657
0	82	8	0.185601
0	82	13	0.185568
0	82	11	0.185524
1	82	0	0.185052
0	82	1	0.184871
0	82	3	0.184823
0	82	8	0.184758
0	82	6	0.184396
0	82	14	0.184353
0	82	12	0.183991
0	82	14	0.183502
0	82	12	0.183079
0	82	2	0.183036
0	82	3	0.183
1	82	0	0.18259
0	82	4	0.182552
0	82	12	0.182457
0	82	10	0.182432
0	82	8	0.18179
0	82	1	0.18156
0	82	8	0.181469
0	82	10	0.181376
0	82	2	0.181329
1	82	0	0.180877
0	82	13	0.180791
0	82	2	0.180675
0	82	10	0.180469
0	82	11	0.180348
0	82	9	0.180268
0	82	6	0.180235
0	82	12	0.180213
0	82	7	0.179924
0	82	3	0.179495
0	82	4	0.179324
0	82	11	0.179187
0	82	6	0.178936
0	82	11	0.178884
0	82	12	0.178534
0	82	6	0.178015
0	82	5	0.177839
0	82	10	0.177796
0	82	14	0.177723
0	82	6	0.177371
0	82	10	0.177134
1	82	0	0.176923
1	82	0	0.176881
0	82	3	0.176679
0	82	4	0.176565
0	82	10	0.176424
0	82	5	0.176388
0	82	8	0.176341
0	82	12	0.176301
0	82	3	0.175584
0	82	3	0.175575
0	82	5	0.175467
0	82	6	0.175107
0	82	12	0.174753
0	82	8	0.174539
0	82	1	0.174051
0	82	6	0.173931
0	82	3	0.173257
0	82	13	0.173138
0	82	6	0.173027
0	82	12	0.172834
0	82	5	0.172583
1	82	0	0.172487
0	82	9	0.172399
0	82	2	0.172237
0	82	6	0.171951
0	82	4	0.171719
0	82	5	0.171425
0	82	1	0.170656
0	82	8	0.17027
0	82	9	0.169524
0	82	11	0.169426
0	82	13	0.169271
1	82	0	0.168742
0	82	8	0.168489
0	82	13	0.168189
0	82	1	0.168023
0	82	1	0.167956
0	82	10	0.167913
0	82	13	0.167791
0	82	1	0.167666
0	82	10	0.167148
0	82	6	0.167064
0	82	3	0.167036
0	82	7	0.166795
0	82	11	0.166791
0	82	7	0.16673
0	82	10	0.166596
0	82	13	0.16643
0	82	2	0.166226
0	82	10	0.166116
0	82	8	0.165761
0	82	10	0.165498
0	82	3	0.164298
0	82	13	0.164276
0	82	10	0.163518
1	82	0	0.163063
0	82	9	0.162637
0	82	12	0.162192
0	82	2	0.162092
0	82	9	0.161957
0	82	9	0.161932
0	82	6	0.161785
0	82	11	0.161478
0	82	7	0.161266
0	82	10	0.161174
0	82	12	0.160589
0	82	13	0.160455
0	82	11	0.159887
0	82	13	0.15979
0	82	3	0.159487
0	82	10	0.15913
0	82	13	0.159106
0	82	4	0.158525
0	82	12	0.158358
0	82	7	0.158334
0	82	8	0.158232
0	82	10	0.158154
0	82	3	0.157075
0	82	9	0.156863
0	82	5	0.156858
0	82	8	0.156393
0	82	4	0.156028
0	82	3	0.155615
0	82	5	0.155137
0	82	6	0.155061
0	82	12	0.154922
1	82	0	0.154763
0	82	4	0.154496
0	82	12	0.154228
0	82	8	0.154085
0	82	10	0.154076
0	82	2	0.154036
0	82	11	0.153586
0	82	2	0.153384
1	82	0	0.153129
0	82	11	0.151868
0	82	11	0.151223
0	82	1	0.150351
0	82	9	0.150338
0	82	11	0.150157
0	82	12	0.149778
0	82	4	0.149551
0	82	10	0.149465
0	82	7	0.149347
1	82	0	0.149097
0	82	3	0.149024
0	82	10	0.149
0	82	1	0.14823
0	82	11	0.148133
0	82	7	0.147689
1	82	0	0.14766
0	82	11	0.147479
0	82	1	0.147377
0	82	10	0.147202
0	82	4	0.14684
0	82	6	0.146731
0	82	10	0.146334
0	82	10	0.145697
0	82	9	0.145258
0	82	4	0.145067
0	82	7	0.14486
0	82	3	0.144811
0	82	10	0.144707
0	82	1	0.144636
0	82	11	0.144609
0	82	9	0.14456
1	82	0	0.144455
1	82	0	0.144264
0	82	4	0.144129
0	82	7	0.144009
0	82	10	0.143976
0	82	11	0.143531
0	82	5	0.143378
0	82	4	0.143031
0	82	9	0.142984
0	82	1	0.142525
0	82	3	0.142511
0	82	9	0.142278
0	82	8	0.142248
1	82	0	0.142214
0	82	3	0.141908
0	82	9	0.141714
0	82	5	0.141154
0	82	10	0.140781
0	82	3	0.140362
0	82	7	0.13993
0	82	5	0.139892
0	82	6	0.139732
0	82	10	0.139659
0	82	3	0.139557
0	82	3	0.139054
0	82	6	0.13902
0	82	8	0.138937
0	82	5	0.13864
0	82	9	0.138495
0	82	2	0.138468
0	82	8	0.138246
0	82	5	0.13822
0	82	3	0.137893
0	82	11	0.137588
0	82	6	0.137515
0	82	9	0.137117
0	82	5	0.137101
0	82	8	0.136206
1	82	0	0.135843
0	82	5	0.13578
1	82	0	0.135076
0	82	1	0.135025
0	82	7	0.134942
0	82	9	0.134791
0	82	7	0.134781
0	82	9	0.13463
0	82	1	0.134511
0	82	6	0.133621
0	82	1	0.133545
0	82	10	0.133234
0	82	5	0.132477
0	82	4	0.132369
0	82	10	0.132318
0	82	10	0.13193
0	82	9	0.131772
0	82	5	0.131736
0	82	7	0.131566
0	82	10	0.131384
0	82	4	0.13133
0	82	6	0.131082
1	82	0	0.130804
0	82	5	0.130611
0	82	3	0.130608
0	82	1	0.130341
0	82	10	0.130182
0	82	6	0.129866
0	82	10	0.129766
0	82	10	0.12969
0	82	1	0.129521
1	82	0	0.129403
1	82	0	0.12866
0	82	3	0.128512
0	82	3	0.128288
0	82	10	0.127716
0	82	7	0.12742
0	82	8	0.12694
0	82	6	0.126931
0	82	5	0.126482
0	82	5	0.126402
0	82	2	0.126248
0	82	4	0.125954
0	82	5	0.125581
0	82	1	0.125275
0	82	4	0.124498
0	82	1	0.124318
1	82	0	0.124201
0	82	7	0.124053
0	82	1	0.124018
0	82	10	0.123993
1	82	0	0.123261
0	82	5	0.122898
1	82	0	0.122357
1	82	0	0.12233
0	82	8	0.122018
0	82	3	0.121905
1	82	0	0.12155
0	82	7	0.121515
0	82	1	0.121275
1	82	0	0.121253
0	82	8	0.120846
0	82	6	0.120373
0	82	3	0.120222
0	82	7	0.119833
0	82	9	0.11909
0	82	7	0.118488
0	82	7	0.118412
0	82	3	0.117689
0	82	6	0.117468
0	82	9	0.11743
0	82	5	0.116708
0	82	4	0.116703
0	82	8	0.116493
0	82	8	0.116268
0	82	4	0.115772
0	82	5	0.115284
0	82	5	0.114155
0	82	3	0.114001
0	82	4	0.11351
0	82	2	0.113134
0	82	4	0.11275
0	82	7	0.112698
0	82	4	0.112657
1	82	0	0.112174
0	82	6	0.111979
0	82	1	0.111218
0	82	4	0.111088
0	82	9	0.111059
0	82	5	0.110952
0	82	6	0.1109
0	82	8	0.110839
0	82	8	0.110532
0	82	3	0.110289
0	82	1	0.110224
0	82	7	0.109966
0	82	8	0.109832
0	82	4	0.109568
0	82	5	0.10953
0	82	1	0.10953
0	82	8	0.109503
0	82	7	0.109353
1	82	0	0.109314
0	82	3	0.108787
0	82	5	0.10875
1	82	0	0.108533
0	82	5	0.108475
0	82	4	0.108415
0	82	3	0.10841
1	82	0	0.108158
0	82	7	0.108138
0	82	5	0.108038
0	82	2	0.108029
1	82	0	0.106609
1	82	0	0.10595
0	82	1	0.105331
0	82	2	0.104302
0	82	2	0.10424
0	82	3	0.104092
0	82	1	0.103381
0	82	1	0.103364
0	82	8	0.102763
0	82	8	0.102573
0	82	4	0.102281
0	82	7	0.101889
0	82	8	0.101642
0	82	3	0.101523
0	82	4	0.100938
0	82	5	0.100248
0	82	1	0.1001
0	82	1	0.0998341
0	82	7	0.0996551
1	82	0	0.0995119
0	82	3	0.0992709
0	82	8	0.0991735
0	82	3	0.0987592
0	82	4	0.098277
0	82	8	0.0976174
0	82	2	0.0973785
1	82	0	0.0970101
0	82	2	0.0969313
0	82	7	0.0967249
0	82	7	0.0966921
0	82	1	0.0965618
0	82	6	0.0965231
0	82	7	0.0965003
0	82	7	0.0960009
0	82	3	0.0954556
1	82	0	0.0952857
1	82	0	0.0950634
0	82	1	0.0950603
0	82	7	0.0949638
0	82	1	0.0946465
0	82	6	0.0945116
0	82	3	0.094486
0	82	4	0.0944653
0	82	5	0.0941042
0	82	5	0.0939359
0	82	5	0.0938473
1	82	0	0.0937297
0	82	4	0.0935557
0	82	5	0.0935212
0	82	6	0.0931256
0	82	3	0.0927858
1	82	0	0.0925307
0	82	4	0.0923272
0	82	2	0.0922409
0	82	7	0.0922022
0	82	7	0.0921063
1	82	0	0.0918839
0	82	1	0.0918413
0	82	3	0.091108
0	82	2	0.0910639
1	82	0	0.0907215
0	82	4	0.0906251
0	82	5	0.0903302
0	82	2	0.0901704
0	82	4	0.0898854
0	82	4	0.0897775
0	82	4	0.0897191
0	82	2	0.089335
0	82	5	0.0889942
0	82	2	0.0888798
0	82	7	0.0880962
0	82	5	0.0880192
0	82	3	0.0880069
0	82	3	0.08797
1	82	0	0.0877579
0	82	7	0.0872692
0	82	1	0.0871859
1	82	0	0.0867759
0	82	3	0.0865588
0	82	7	0.0864383
0	82	6	0.0861155
0	82	6	0.0860586
1	82	0	0.0859351
0	82	3	0.0856448
0	82	3	0.0853086
0	82	6	0.0852741
0	82	1	0.0852345
0	82	6	0.0852017
0	82	2	0.0850842
0	82	4	0.0849201
0	82	2	0.0844616
0	82	3	0.0843587
0	82	3	0.0843222
0	82	2	0.0838124
0	82	2	0.0837207
0	82	6	0.0834817
0	82	3	0.0833828
1	82	0	0.0827835
0	82	2	0.082683
0	82	6	0.0825406
0	82	4	0.0825305
0	82	4	0.0819616
0	82	1	0.0819592
0	82	5	0.0814831
0	82	4	0.0813937
0	82	1	0.0811336
0	82	2	0.0807131
0	82	1	0.0806761
0	82	2	0.080614
0	82	1	0.0805295
0	82	4	0.0804493
0	82	4	0.0804019
0	82	4	0.0802274
0	82	4	0.0792325
0	82	1	0.0791792
0	82	5	0.0791772
0	82	2	0.0789439
0	82	5	0.0788233
0	82	4	0.0786004
0	82	4	0.078468
0	82	6	0.078452
1	82	0	0.0782923
0	82	3	0.0782559
0	82	5	0.0782122
0	82	5	0.0780788
0	82	1	0.0774799
0	82	5	0.0774176
0	82	6	0.0772498
0	82	6	0.0772005
0	82	1	0.0768905
1	82	0	0.0767864
0	82	2	0.076622
0	82	1	0.0766139
1	82	0	0.0764801
0	82	2	0.0764244
0	82	5	0.0763804
0	82	4	0.0758312
0	82	5	0.0753599
0	82	6	0.075263
0	82	2	0.0750242
0	82	3	0.0736333
0	82	2	0.0735195
0	82	4	0.0733161
0	82	4	0.0727403
0	82	3	0.0724877
0	82	3	0.0723982
0	82	1	0.0723965
0	82	4	0.0722019
0	82	1	0.0721705
0	82	5	0.0716733
0	82	4	0.0709175
0	82	4	0.0708926
0	82	4	0.0702687
0	82	1	0.0694671
0	82	5	0.0691343
0	82	3	0.0690458
0	82	1	0.0688004
0	82	4	0.0687375
0	82	3	0.0679433
0	82	5	0.0679208
0	82	2	0.0675643
0	82	4	0.0663761
0	82	1	0.0659582
0	82	4	0.0658001
1	82	0	0.065654
0	82	1	0.0655139
1	82	0	0.0646808
0	82	3	0.0642276
0	82	3	0.0637983
0	82	2	0.0637027
0	82	2	0.0634999
0	82	1	0.06332
0	82	3	0.0631607
0	82	1	0.0628628
0	82	4	0.0626984
0	82	1	0.0623537
0	82	5	0.0623275
0	82	3	0.0622021
0	82	3	0.0615786
0	82	4	0.0613991
0	82	1	0.0612935
0	82	5	0.0612754
0	82	2	0.0610696
0	82	4	0.0609402
1	82	0	0.0609355
0	82	1	0.0606837
0	82	1	0.0601023
1	82	0	0.0600817
0	82	1	0.0600008
0	82	4	0.0597669
0	82	3	0.0595928
0	82	4	0.0594973
0	82	4	0.0593692
0	82	4	0.0593218
1	82	0	0.0589579
0	82	2	0.058687
0	82	4	0.0586573
0	82	3	0.058595
1	82	0	0.0585931
0	82	4	0.05823
0	82	3	0.0582161
0	82	2	0.0578656
1	82	0	0.0576652
1	82	0	0.0575288
0	82	3	0.0574937
0	82	4	0.057293
0	82	4	0.0569973
0	82	2	0.0567634
0	82	2	0.0567084
0	82	2	0.0566366
0	82	3	0.0564944
0	82	4	0.0563654
0	82	4	0.0557503
0	82	1	0.0557301
0	82	2	0.0556339
0	82	3	0.0553192
0	82	1	0.0553167
0	82	2	0.0536674
0	82	3	0.0536089
0	82	2	0.0527491
0	82	1	0.0526916
0	82	2	0.0524288
0	82	3	0.0523252
0	82	2	0.05232
0	82	2	0.0523172
0	82	3	0.0520099
0	82	4	0.0516022
0	82	3	0.0515328
0	82	1	0.0514847
0	82	3	0.0514593
0	82	4	0.0512567
0	82	4	0.0510673
0	82	1	0.0507968
1	82	0	0.0507463
1	82	0	0.0506265
1	82	0	0.0501805
0	82	3	0.05017
0	82	3	0.0499084
0	82	3	0.0497377
0	82	4	0.0497298
0	82	2	0.0492209
0	82	3	0.0487831
0	82	1	0.0483524
0	82	3	0.0483053
1	82	0	0.048292
0	82	2	0.0482264
0	82	3	0.0480943
0	82	3	0.0479162
0	82	1	0.0475446
0	82	1	0.0475434
0	82	2	0.0473675
0	82	3	0.0473528
0	82	1	0.0471139
0	82	1	0.0467034
0	82	1	0.0464874
1	82	0	0.0463903
0	82	2	0.0457202
0	82	3	0.0457104
1	82	0	0.0452067
0	82	2	0.0451119
0	82	3	0.0446982
0	82	1	0.044464
0	82	1	0.0431274
0	82	1	0.0428366
0	82	2	0.0427072
0	82	1	0.0425889
0	82	1	0.042478
0	82	1	0.0421216
0	82	1	0.0412161
1	82	0	0.0411782
0	82	1	0.0407317
0	82	1	0.040716
0	82	1	0.0406809
0	82	3	0.0401876
0	82	2	0.0401555
0	82	3	0.0399112
1	82	0	0.0396716
1	82	0	0.0393953
0	82	3	0.0387504
0	82	2	0.0385102
0	82	1	0.0384465
0	82	1	0.0383884
0	82	1	0.0382833
0	82	1	0.0382066
1	82	0	0.0381751
0	82	2	0.0377219
0	82	2	0.0372984
0	82	3	0.0372098
1	82	0	0.0371783
0	82	1	0.0363186
0	82	2	0.0355503
0	82	1	0.0353871
1	82	0	0.0352106
1	82	0	0.0351827
0	82	1	0.0349436
0	82	2	0.0348202
0	82	1	0.0347181
0	82	1	0.034506
0	82	1	0.0342557
0	82	2	0.0342378
1	82	0	0.0337895
0	82	2	0.0335642
0	82	1	0.0335071
0	82	2	0.0332884
1	82	0	0.0332869
1	82	0	0.0332272
0	82	1	0.0325861
0	82	1	0.0324769
0	82	2	0.0316303
0	82	1	0.0314412
0	82	1	0.0313757
0	82	2	0.0312853
0	82	2	0.0312261
0	82	1	0.0312261
0	82	1	0.0312098
0	82	2	0.0308503
0	82	2	0.0304556
0	82	1	0.0303922
0	82	2	0.0303207
1	82	0	0.0301139
0	82	2	0.0300859
0	82	2	0.0294077
0	82	2	0.0291959
0	82	1	0.0291163
0	82	2	0.0291066
0	82	1	0.0290563
0	82	1	0.0289507
0	82	2	0.0287805
1	82	0	0.0286425
1	82	0	0.0282727
0	82	1	0.0280242
0	82	1	0.0279497
0	82	1	0.0276038
0	82	1	0.0273364
1	82	0	0.02684
0	82	1	0.0267999
0	82	1	0.0263412
1	82	0	0.0262473
0	82	1	0.026071
0	82	2	0.0259993
0	82	1	0.0258376
1	82	0	0.0253318
1	82	0	0.0245025
1	82	0	0.0244019
0	82	1	0.0239698
0	82	1	0.023859
1	82	0	0.0237482
1	82	0	0.0233506
0	82	1	0.0231925
1	82	0	0.0230113
0	82	1	0.0228635
0	82	1	0.022689
1	82	0	0.0225274
0	82	1	0.0224867
1	82	0	0.0221352
0	82	1	0.0220694
1	82	0	0.0219356
1	82	0	0.021917
0	82	1	0.0213546
1	82	0	0.0213419
1	82	0	0.0212299
0	82	1	0.0202729
0	82	1	0.0194262
1	82	0	0.0193657
1	82	0	0.0191659
1	82	0	0.01894
0	82	1	0.0185262
0	82	1	0.0182538
0	82	1	0.0182537
0	82	1	0.0181941
1	82	0	0.0181806
1	82	0	0.0180457
1	82	0	0.0177315
0	82	1	0.017517
0	82	1	0.0174754
1	82	0	0.0173768
1	82	0	0.0172892
0	82	1	0.0171526
1	82	0	0.0171332
1	82	0	0.0167644
0	82	1	0.0167517
0	82	1	0.0162765
1	82	0	0.0162395
1	82	0	0.0160934
1	82	0	0.0158047
1	82	0	0.0156636
0	82	1	0.015495
1	82	0	0.0151909
0	82	1	0.0148543
0	82	1	0.0147261
0	82	1	0.0146995
0	82	1	0.01449
1	82	0	0.014463
1	82	0	0.0141883
1	82	0	0.0140335
1	82	0	0.0132786
0	82	1	0.013086
1	82	0	0.0128366
1	82	0	0.0123535
