5701.08
0.101042
4500
0	209	163	0.98989
1	209	113	0.989886
1	209	6	0.989883
1	209	102	0.989362
1	209	42	0.989197
1	209	70	0.988667
1	209	2	0.988434
0	209	199	0.988406
0	209	133	0.988325
0	209	157	0.988291
0	209	153	0.988234
1	209	86	0.988154
0	209	195	0.98797
0	209	145	0.987874
1	209	73	0.987826
1	209	83	0.987825
1	209	86	0.987765
1	209	84	0.987679
0	209	202	0.987663
0	209	164	0.987553
1	209	25	0.98745
1	209	3	0.987277
1	209	57	0.986998
1	209	38	0.986945
1	209	62	0.986589
1	209	90	0.986253
0	209	114	0.986041
1	209	38	0.985921
1	209	90	0.985903
0	209	145	0.985723
0	209	106	0.985679
0	209	183	0.985297
0	209	161	0.98446
0	209	188	0.984343
0	209	164	0.984073
0	209	164	0.984045
0	209	115	0.983921
1	209	70	0.983892
0	209	117	0.983446
0	209	181	0.983148
0	209	153	0.983031
0	209	196	0.982961
0	209	178	0.982767
1	209	26	0.982624
1	209	65	0.982495
0	209	186	0.98214
0	209	141	0.98195
1	209	76	0.981497
0	209	193	0.981193
0	209	97	0.981002
0	209	129	0.980691
0	209	195	0.980543
0	209	93	0.980141
0	209	146	0.979842
1	209	18	0.979679
0	209	128	0.979585
0	209	163	0.979372
0	209	100	0.97936
0	209	119	0.979338
0	209	189	0.979191
0	209	127	0.979158
1	209	62	0.978872
0	209	116	0.978624
0	209	96	0.978185
0	209	185	0.97814
0	209	168	0.977841
1	209	6	0.977724
0	209	81	0.977077
0	209	137	0.976984
0	209	79	0.976975
0	209	186	0.975942
1	209	36	0.975777
0	209	174	0.975547
0	209	122	0.97511
0	209	142	0.97484
1	209	50	0.974691
0	209	200	0.974628
0	209	171	0.974506
0	209	193	0.974191
0	209	93	0.973952
0	209	149	0.973782
0	209	100	0.973723
0	209	139	0.973505
0	209	107	0.973139
1	209	3	0.973116
1	209	7	0.972856
0	209	171	0.972328
0	209	102	0.972274
0	209	171	0.972194
1	209	7	0.972001
0	209	101	0.971836
0	209	176	0.97179
1	209	7	0.971738
1	209	45	0.971421
0	209	179	0.970622
1	209	0	0.970612
0	209	154	0.970436
0	209	148	0.969986
0	209	80	0.969957
1	209	42	0.969862
0	209	166	0.969647
0	209	175	0.969609
1	209	51	0.969484
0	209	89	0.969294
0	209	126	0.969246
0	209	171	0.968995
1	209	15	0.968598
0	209	200	0.968204
1	209	35	0.96783
0	209	160	0.967779
0	209	120	0.96727
0	209	195	0.967063
1	209	11	0.966995
0	209	84	0.966861
0	209	153	0.966486
0	209	81	0.966259
0	209	54	0.966128
0	209	159	0.965986
0	209	190	0.965984
0	209	137	0.965932
0	209	77	0.96486
1	209	24	0.96482
0	209	90	0.963967
0	209	78	0.963789
0	209	120	0.963773
0	209	169	0.9628
0	209	131	0.962783
0	209	167	0.962619
0	209	101	0.962142
0	209	121	0.962104
0	209	87	0.962065
0	209	134	0.962064
0	209	174	0.962034
1	209	2	0.961595
0	209	75	0.96154
0	209	193	0.96152
0	209	176	0.96113
0	209	132	0.961031
0	209	161	0.960964
0	209	109	0.959863
0	209	141	0.95979
1	209	3	0.959683
0	209	159	0.95936
0	209	174	0.959301
0	209	169	0.958873
0	209	185	0.958871
0	209	98	0.958697
0	209	92	0.958614
0	209	184	0.958585
0	209	148	0.958262
0	209	191	0.958009
0	209	140	0.957783
0	209	148	0.956958
0	209	134	0.956953
0	209	142	0.956863
0	209	102	0.956709
1	209	31	0.956345
0	209	52	0.956133
0	209	83	0.955653
0	209	121	0.955515
0	209	110	0.955309
1	209	0	0.955299
0	209	38	0.955261
0	209	170	0.95522
1	209	4	0.954708
0	209	120	0.954682
0	209	73	0.954458
1	209	7	0.954457
0	209	151	0.954425
0	209	175	0.954078
0	209	122	0.953734
0	209	182	0.953557
0	209	50	0.953386
0	209	73	0.953349
0	209	106	0.95325
0	209	33	0.952944
0	209	42	0.952761
1	209	3	0.952641
0	209	102	0.95251
0	209	128	0.952487
0	209	199	0.952389
0	209	193	0.952102
0	209	80	0.951986
1	209	0	0.951858
0	209	175	0.951571
0	209	96	0.951329
0	209	123	0.950855
0	209	116	0.950848
1	209	21	0.950794
0	209	194	0.950754
0	209	94	0.95058
0	209	50	0.950029
0	209	193	0.949633
0	209	162	0.948796
0	209	35	0.948316
0	209	61	0.948215
0	209	55	0.947617
0	209	132	0.947591
0	209	40	0.947059
0	209	78	0.946952
0	209	43	0.946746
0	209	135	0.946594
0	209	170	0.946422
0	209	114	0.946417
0	209	142	0.945947
0	209	54	0.945059
0	209	73	0.945
0	209	87	0.944274
0	209	187	0.943798
0	209	46	0.943749
1	209	4	0.943748
0	209	164	0.943653
0	209	84	0.943429
0	209	190	0.94341
0	209	149	0.942946
0	209	142	0.942821
0	209	162	0.942709
0	209	83	0.942696
0	209	22	0.942278
0	209	178	0.942261
0	209	81	0.942047
0	209	62	0.942025
0	209	191	0.941935
0	209	114	0.941866
0	209	44	0.941859
1	209	11	0.941805
0	209	124	0.941682
0	209	173	0.941413
0	209	182	0.941386
0	209	90	0.941374
0	209	40	0.941327
0	209	90	0.940863
0	209	103	0.94059
1	209	7	0.940495
1	209	0	0.940337
0	209	26	0.94024
0	209	66	0.939805
0	209	196	0.939671
0	209	82	0.939445
0	209	68	0.939061
0	209	17	0.938996
0	209	79	0.938985
0	209	25	0.938897
0	209	192	0.938794
0	209	85	0.938794
0	209	38	0.938785
1	209	5	0.938486
0	209	178	0.93847
0	209	101	0.938249
0	209	78	0.938054
0	209	173	0.937659
0	209	18	0.937549
0	209	59	0.937442
0	209	174	0.937164
0	209	126	0.936935
0	209	151	0.93688
0	209	128	0.936821
0	209	121	0.936584
0	209	163	0.936272
1	209	7	0.936101
0	209	134	0.935991
1	209	13	0.935873
0	209	84	0.935495
0	209	39	0.93547
0	209	180	0.935339
0	209	139	0.935253
0	209	71	0.934871
0	209	118	0.934713
0	209	14	0.934694
1	209	3	0.934619
0	209	126	0.934388
0	209	184	0.934323
0	209	114	0.934151
0	209	100	0.933997
0	209	137	0.933601
0	209	87	0.933354
0	209	115	0.93314
0	209	122	0.9331
0	209	19	0.93287
0	209	161	0.932585
0	209	186	0.931908
0	209	113	0.931351
0	209	157	0.930938
1	209	6	0.930775
1	209	5	0.929913
0	209	78	0.92985
0	209	79	0.929788
0	209	20	0.928435
0	209	191	0.928338
0	209	62	0.928211
1	209	5	0.928059
0	209	94	0.927917
0	209	140	0.927814
0	209	158	0.927322
0	209	104	0.927314
0	209	57	0.927311
0	209	151	0.927193
0	209	102	0.927085
0	209	47	0.926939
0	209	166	0.926804
0	209	63	0.926246
0	209	115	0.925998
0	209	12	0.92585
0	209	86	0.925225
0	209	82	0.924936
1	209	10	0.924801
1	209	5	0.924792
0	209	110	0.924784
0	209	183	0.924747
0	209	65	0.924493
0	209	147	0.924471
0	209	71	0.924212
0	209	34	0.924181
0	209	141	0.924112
0	209	97	0.924047
0	209	114	0.923897
0	209	142	0.923792
0	209	11	0.923222
0	209	138	0.923125
0	209	154	0.922748
0	209	50	0.921965
0	209	22	0.921883
0	209	136	0.921787
0	209	132	0.921642
0	209	163	0.921595
0	209	50	0.921415
0	209	17	0.921372
0	209	44	0.921347
0	209	165	0.921337
0	209	58	0.921228
0	209	186	0.920801
1	209	7	0.920552
0	209	84	0.920483
0	209	50	0.919536
0	209	176	0.919442
0	209	110	0.919191
0	209	50	0.919079
0	209	11	0.919002
0	209	34	0.918808
0	209	33	0.918799
0	209	172	0.918741
0	209	51	0.917988
1	209	7	0.917979
0	209	178	0.917918
0	209	55	0.917376
0	209	24	0.91712
0	209	72	0.917077
0	209	13	0.916988
0	209	101	0.916756
1	209	5	0.916712
0	209	81	0.91593
0	209	161	0.915893
0	209	184	0.915818
0	209	28	0.915553
0	209	24	0.915442
0	209	83	0.915061
0	209	112	0.914626
0	209	16	0.914198
1	209	7	0.91385
0	209	89	0.91357
0	209	23	0.912945
0	209	41	0.911894
0	209	154	0.91183
0	209	79	0.911336
0	209	169	0.910157
0	209	12	0.90996
0	209	17	0.90981
0	209	23	0.909693
0	209	183	0.909536
0	209	30	0.909472
0	209	152	0.909229
0	209	105	0.909047
0	209	56	0.908975
0	209	93	0.908343
0	209	162	0.90801
0	209	50	0.907884
0	209	147	0.907431
0	209	102	0.907342
0	209	57	0.906937
1	209	4	0.906867
0	209	8	0.906542
0	209	188	0.906185
0	209	11	0.906079
0	209	161	0.905774
0	209	150	0.905669
0	209	61	0.905086
1	209	4	0.904618
0	209	153	0.904556
0	209	14	0.904556
0	209	33	0.904387
0	209	52	0.904355
0	209	104	0.904285
0	209	37	0.904242
0	209	26	0.904222
0	209	159	0.903829
0	209	146	0.903604
0	209	68	0.903281
0	209	130	0.902964
0	209	64	0.902549
0	209	129	0.902493
0	209	151	0.902394
0	209	104	0.902268
0	209	75	0.901912
0	209	145	0.901474
0	209	93	0.90126
0	209	30	0.900976
0	209	155	0.900743
0	209	29	0.900511
0	209	104	0.900085
0	209	160	0.899642
0	209	160	0.899637
0	209	137	0.899512
0	209	166	0.898945
0	209	59	0.898361
0	209	76	0.89832
0	209	123	0.898249
0	209	103	0.897999
0	209	179	0.897916
0	209	65	0.89783
0	209	173	0.897695
0	209	28	0.897676
0	209	150	0.897446
0	209	63	0.897072
0	209	23	0.896859
0	209	105	0.896751
0	209	127	0.896685
0	209	138	0.896526
0	209	135	0.896192
0	209	32	0.896114
0	209	42	0.896078
0	209	129	0.895767
0	209	144	0.895708
0	209	157	0.895432
0	209	118	0.895203
0	209	36	0.89499
0	209	106	0.894955
0	209	174	0.894473
0	209	166	0.894225
0	209	35	0.894119
0	209	77	0.893996
0	209	182	0.893264
0	209	125	0.893063
0	209	26	0.892777
0	209	51	0.892743
0	209	25	0.892697
0	209	167	0.892579
0	209	66	0.892469
0	209	127	0.891849
0	209	168	0.891763
0	209	36	0.891727
0	209	98	0.891686
0	209	149	0.891374
0	209	164	0.890907
0	209	41	0.890703
0	209	51	0.890577
0	209	121	0.890456
0	209	111	0.890278
0	209	133	0.890098
0	209	128	0.889709
0	209	94	0.889342
0	209	57	0.888543
0	209	18	0.888388
0	209	161	0.888197
0	209	169	0.888119
0	209	15	0.887943
0	209	87	0.887542
0	209	180	0.887498
0	209	76	0.887487
0	209	40	0.88733
0	209	96	0.886871
0	209	34	0.886813
0	209	82	0.886792
0	209	101	0.88665
0	209	123	0.885935
0	209	137	0.885902
0	209	70	0.885893
0	209	178	0.885124
0	209	62	0.885013
0	209	61	0.884986
0	209	12	0.884975
0	209	154	0.884493
0	209	25	0.884314
0	209	10	0.884219
0	209	45	0.884184
0	209	83	0.884121
0	209	75	0.883865
0	209	126	0.88312
0	209	176	0.883069
0	209	148	0.882995
0	209	153	0.882828
0	209	140	0.8828
0	209	128	0.882601
0	209	114	0.882083
0	209	138	0.88207
0	209	119	0.88196
0	209	182	0.881891
0	209	127	0.881849
0	209	165	0.881615
0	209	129	0.880744
0	209	67	0.88073
0	209	17	0.880634
0	209	126	0.880321
0	209	128	0.879836
0	209	138	0.879533
0	209	162	0.879435
0	209	95	0.878969
0	209	67	0.878439
0	209	89	0.878201
0	209	11	0.878194
0	209	182	0.878028
0	209	163	0.877901
0	209	87	0.877833
0	209	21	0.877748
0	209	167	0.877643
0	209	110	0.877549
0	209	74	0.87701
0	209	34	0.876964
0	209	86	0.87693
0	209	35	0.87681
0	209	126	0.876248
0	209	133	0.875948
0	209	78	0.875322
0	209	76	0.875169
0	209	118	0.87516
0	209	67	0.875135
0	209	92	0.874931
0	209	161	0.874442
0	209	27	0.874071
0	209	134	0.874038
0	209	148	0.87395
0	209	179	0.873943
0	209	61	0.873565
0	209	160	0.873293
0	209	34	0.873233
0	209	166	0.873211
0	209	164	0.873163
0	209	178	0.873118
0	209	33	0.872992
0	209	73	0.872929
0	209	120	0.872635
0	209	45	0.872016
0	209	41	0.871797
0	209	72	0.871738
0	209	99	0.871734
0	209	26	0.871676
0	209	123	0.871434
0	209	45	0.871198
1	209	2	0.87107
0	209	71	0.871001
0	209	102	0.870843
0	209	176	0.870586
1	209	2	0.870195
0	209	52	0.870055
0	209	149	0.869683
0	209	146	0.868543
0	209	136	0.868422
0	209	131	0.868385
0	209	95	0.867536
0	209	37	0.867317
0	209	29	0.867316
0	209	130	0.866426
0	209	68	0.866264
0	209	88	0.866092
0	209	78	0.865888
0	209	132	0.865694
0	209	16	0.865595
0	209	158	0.865416
0	209	160	0.865259
0	209	176	0.865089
0	209	90	0.865012
0	209	72	0.864617
0	209	83	0.864022
0	209	79	0.863486
0	209	17	0.863472
1	209	3	0.863029
0	209	25	0.863
0	209	161	0.862683
0	209	121	0.862626
0	209	68	0.86225
0	209	76	0.862101
0	209	77	0.861871
0	209	39	0.861503
0	209	115	0.861462
0	209	108	0.861403
0	209	92	0.861208
0	209	131	0.8612
0	209	22	0.860462
0	209	93	0.860093
0	209	113	0.859948
0	209	70	0.859554
0	209	6	0.859135
0	209	78	0.858942
0	209	49	0.858921
0	209	23	0.858911
0	209	108	0.858895
0	209	124	0.858636
0	209	99	0.85842
0	209	93	0.858288
0	209	31	0.858173
0	209	122	0.858152
0	209	118	0.857887
0	209	165	0.857501
0	209	63	0.857232
0	209	127	0.856867
0	209	137	0.856434
0	209	149	0.855911
0	209	152	0.855613
0	209	47	0.855144
0	209	127	0.855075
0	209	42	0.854767
0	209	124	0.854632
0	209	48	0.853617
0	209	66	0.853494
0	209	92	0.853373
0	209	159	0.852492
0	209	112	0.85238
0	209	109	0.852182
0	209	68	0.851864
0	209	19	0.851694
0	209	63	0.851498
0	209	31	0.851496
0	209	62	0.851203
0	209	29	0.851166
0	209	136	0.851036
0	209	15	0.851023
0	209	65	0.850913
0	209	126	0.850865
0	209	64	0.850641
0	209	83	0.850539
0	209	79	0.85018
0	209	46	0.850132
0	209	159	0.850008
0	209	24	0.849928
0	209	159	0.84966
0	209	80	0.849657
0	209	91	0.849378
0	209	154	0.849077
0	209	130	0.848691
0	209	16	0.848495
0	209	90	0.848221
0	209	50	0.848162
0	209	21	0.848078
0	209	3	0.847888
0	209	158	0.847662
1	209	2	0.847505
0	209	124	0.847286
0	209	7	0.846635
0	209	5	0.846383
0	209	19	0.845476
0	209	123	0.845432
0	209	105	0.845162
0	209	145	0.844367
0	209	165	0.843994
0	209	135	0.843938
0	209	123	0.843725
0	209	117	0.843646
0	209	103	0.843604
0	209	108	0.843332
0	209	169	0.843183
0	209	132	0.843123
0	209	16	0.842893
0	209	11	0.842797
0	209	34	0.842762
0	209	130	0.842746
0	209	83	0.842521
0	209	116	0.841971
0	209	36	0.84194
0	209	50	0.841565
0	209	40	0.841516
0	209	143	0.841387
0	209	105	0.841369
0	209	49	0.841169
0	209	169	0.841165
0	209	133	0.840902
0	209	120	0.840325
1	209	0	0.840306
0	209	151	0.840121
0	209	88	0.83983
0	209	68	0.839529
0	209	65	0.839248
0	209	122	0.838957
0	209	161	0.838246
0	209	111	0.837418
0	209	16	0.837398
0	209	74	0.836823
0	209	155	0.836808
0	209	103	0.835949
0	209	95	0.835711
0	209	100	0.835353
0	209	79	0.835019
0	209	162	0.834888
0	209	65	0.834104
0	209	95	0.834079
0	209	133	0.834023
0	209	28	0.833648
0	209	98	0.833345
0	209	68	0.833128
0	209	161	0.832935
1	209	0	0.832504
0	209	151	0.832386
0	209	21	0.832083
0	209	123	0.832046
0	209	126	0.831726
0	209	104	0.831568
1	209	0	0.831543
0	209	102	0.831243
0	209	103	0.831048
0	209	65	0.830842
0	209	83	0.830464
0	209	39	0.830451
0	209	23	0.830262
0	209	169	0.83019
0	209	117	0.830137
0	209	172	0.829408
0	209	142	0.828933
0	209	137	0.828928
0	209	161	0.828678
0	209	76	0.828442
0	209	90	0.828404
0	209	116	0.828023
0	209	149	0.82792
0	209	70	0.827088
0	209	17	0.827071
0	209	7	0.826982
0	209	66	0.826953
0	209	148	0.826665
0	209	63	0.826517
0	209	165	0.826433
0	209	68	0.826408
0	209	98	0.826302
0	209	115	0.826025
0	209	116	0.825949
0	209	117	0.825816
0	209	162	0.825784
0	209	161	0.825706
0	209	11	0.82549
0	209	126	0.825487
0	209	49	0.825056
0	209	163	0.82435
0	209	80	0.824339
0	209	140	0.824266
1	209	0	0.823915
0	209	80	0.823882
0	209	158	0.82354
0	209	34	0.823421
0	209	118	0.823275
0	209	8	0.823131
0	209	76	0.823039
0	209	15	0.823018
1	209	0	0.82294
0	209	75	0.822873
0	209	92	0.822416
0	209	72	0.821663
0	209	53	0.82136
0	209	8	0.821295
0	209	121	0.821057
0	209	34	0.82103
0	209	115	0.820955
0	209	84	0.820564
0	209	118	0.820539
0	209	122	0.820446
0	209	40	0.820306
0	209	150	0.820217
0	209	20	0.820004
0	209	127	0.819549
0	209	4	0.819512
0	209	159	0.819409
0	209	20	0.819305
0	209	73	0.818155
0	209	163	0.818079
0	209	12	0.817826
0	209	125	0.817175
0	209	167	0.81715
0	209	116	0.817011
0	209	31	0.816905
0	209	27	0.816673
0	209	39	0.816209
0	209	51	0.815782
0	209	111	0.815779
0	209	52	0.814763
0	209	140	0.814546
0	209	116	0.814363
0	209	50	0.814326
0	209	170	0.813588
0	209	127	0.813564
0	209	154	0.813156
0	209	159	0.812975
0	209	38	0.812804
0	209	79	0.812714
0	209	119	0.812542
0	209	147	0.812176
0	209	169	0.81201
0	209	136	0.811852
0	209	152	0.811691
0	209	159	0.811448
0	209	114	0.811347
0	209	122	0.810951
0	209	92	0.81086
0	209	51	0.810428
0	209	79	0.81027
0	209	132	0.810111
0	209	143	0.809898
0	209	156	0.809826
0	209	38	0.809712
0	209	86	0.809455
0	209	76	0.808993
0	209	106	0.808467
0	209	65	0.80791
0	209	25	0.80751
0	209	91	0.807469
0	209	139	0.807446
0	209	6	0.806619
0	209	142	0.806616
0	209	40	0.806313
0	209	14	0.805829
0	209	79	0.805735
0	209	129	0.805278
0	209	10	0.805186
0	209	134	0.804785
0	209	81	0.804537
0	209	59	0.804432
0	209	112	0.804384
0	209	43	0.80422
0	209	115	0.804081
0	209	129	0.804058
0	209	12	0.803766
0	209	166	0.803658
0	209	47	0.80349
0	209	79	0.803473
0	209	55	0.803432
0	209	37	0.80342
0	209	144	0.803288
0	209	165	0.803176
0	209	92	0.803033
0	209	129	0.802775
0	209	155	0.802621
0	209	164	0.802359
0	209	121	0.801547
0	209	159	0.801277
0	209	152	0.801019
0	209	129	0.80084
0	209	149	0.800744
0	209	25	0.800646
0	209	43	0.799819
0	209	95	0.79976
0	209	39	0.799265
0	209	42	0.799038
0	209	11	0.798976
0	209	15	0.798866
0	209	122	0.798762
0	209	46	0.798405
0	209	155	0.798267
0	209	29	0.798029
0	209	43	0.797881
0	209	67	0.797824
0	209	34	0.797654
0	209	36	0.797599
0	209	117	0.797404
0	209	164	0.797215
0	209	21	0.797185
0	209	89	0.796641
0	209	104	0.796594
0	209	46	0.796326
0	209	79	0.795913
0	209	17	0.795527
0	209	88	0.794957
0	209	115	0.794856
0	209	115	0.794814
0	209	100	0.794218
0	209	101	0.793893
0	209	116	0.793854
0	209	13	0.793657
0	209	87	0.793481
0	209	17	0.793279
0	209	101	0.793277
0	209	88	0.793268
0	209	42	0.793027
0	209	128	0.792909
0	209	102	0.79279
0	209	56	0.792777
0	209	53	0.792772
0	209	71	0.792693
0	209	15	0.792387
0	209	12	0.792071
0	209	128	0.791826
0	209	41	0.791512
0	209	7	0.791099
0	209	127	0.790797
0	209	105	0.790394
0	209	11	0.790032
0	209	160	0.789064
0	209	134	0.788415
0	209	41	0.788263
0	209	75	0.788173
0	209	48	0.78775
0	209	69	0.78762
0	209	111	0.787403
0	209	96	0.787249
0	209	130	0.787176
0	209	114	0.787028
0	209	120	0.786958
0	209	91	0.786927
0	209	118	0.786558
0	209	72	0.786432
0	209	111	0.786273
0	209	10	0.786159
0	209	41	0.786122
0	209	155	0.785605
0	209	101	0.78547
0	209	149	0.785291
0	209	104	0.785127
0	209	8	0.784962
0	209	89	0.784785
0	209	15	0.783844
0	209	21	0.78372
0	209	50	0.783652
0	209	95	0.78352
0	209	92	0.783247
0	209	16	0.782705
0	209	145	0.782676
0	209	81	0.78267
0	209	158	0.782447
0	209	155	0.782447
0	209	112	0.782035
0	209	98	0.781608
0	209	20	0.781599
0	209	1	0.781475
0	209	154	0.781376
0	209	44	0.781216
0	209	44	0.781077
0	209	16	0.781005
0	209	99	0.780976
0	209	110	0.780706
0	209	47	0.780551
0	209	54	0.780295
0	209	112	0.780181
0	209	95	0.779919
0	209	81	0.779805
0	209	136	0.779736
0	209	119	0.779529
0	209	66	0.77855
0	209	57	0.77815
0	209	145	0.777894
0	209	37	0.777245
0	209	104	0.777162
0	209	118	0.777137
0	209	94	0.777071
0	209	76	0.776855
0	209	83	0.77675
0	209	137	0.77635
0	209	136	0.776324
0	209	124	0.775762
0	209	137	0.775736
0	209	136	0.775222
0	209	28	0.775089
0	209	149	0.775006
0	209	65	0.774944
0	209	121	0.774632
0	209	92	0.7744
0	209	136	0.774238
0	209	58	0.774006
0	209	2	0.774005
0	209	145	0.773967
0	209	144	0.773659
0	209	125	0.7734
0	209	78	0.773281
0	209	105	0.77328
0	209	5	0.773197
0	209	149	0.773162
0	209	116	0.773072
0	209	46	0.772769
0	209	68	0.772568
0	209	9	0.772561
0	209	50	0.77245
0	209	11	0.77212
0	209	146	0.771803
0	209	72	0.771339
0	209	110	0.771166
0	209	44	0.771079
0	209	9	0.770955
0	209	73	0.770434
0	209	2	0.770388
0	209	140	0.77025
0	209	100	0.770222
0	209	62	0.770097
0	209	103	0.769882
0	209	98	0.76981
0	209	137	0.769774
0	209	96	0.769493
0	209	69	0.768995
0	209	99	0.768976
0	209	54	0.768686
0	209	95	0.768665
0	209	83	0.768263
0	209	113	0.768091
0	209	1	0.768054
0	209	154	0.767575
0	209	105	0.767537
0	209	19	0.767327
0	209	33	0.76724
0	209	80	0.767231
0	209	114	0.767047
0	209	146	0.766752
0	209	138	0.766566
0	209	44	0.766456
0	209	7	0.766454
0	209	30	0.766443
0	209	58	0.766139
0	209	7	0.765941
0	209	30	0.765586
0	209	60	0.765208
0	209	127	0.765194
0	209	67	0.765033
0	209	69	0.764643
0	209	47	0.764123
0	209	147	0.763526
0	209	77	0.763408
0	209	50	0.763018
0	209	135	0.762981
0	209	101	0.762541
0	209	34	0.762326
0	209	36	0.762204
0	209	79	0.762041
0	209	32	0.761765
0	209	40	0.761752
0	209	67	0.761648
0	209	136	0.761351
0	209	43	0.761236
0	209	71	0.760994
0	209	67	0.76081
0	209	140	0.760761
0	209	54	0.760354
0	209	158	0.760257
0	209	117	0.760141
0	209	10	0.76013
0	209	62	0.759982
0	209	147	0.759876
0	209	29	0.759677
1	209	0	0.759289
0	209	137	0.759241
0	209	80	0.759014
0	209	61	0.75886
0	209	114	0.758593
0	209	91	0.757846
0	209	8	0.757831
0	209	50	0.757442
0	209	40	0.75717
0	209	51	0.757161
0	209	103	0.757123
0	209	149	0.75708
0	209	19	0.756982
0	209	8	0.756774
0	209	135	0.756735
0	209	73	0.75661
0	209	69	0.756447
0	209	127	0.756329
0	209	26	0.755833
0	209	4	0.754872
0	209	45	0.754247
0	209	104	0.754022
0	209	100	0.753864
0	209	18	0.753768
0	209	87	0.753674
0	209	144	0.753619
0	209	45	0.753468
0	209	139	0.752805
0	209	28	0.752735
0	209	10	0.752052
0	209	36	0.751987
0	209	114	0.751975
0	209	151	0.751288
0	209	81	0.751175
0	209	154	0.750624
0	209	147	0.750544
0	209	96	0.749975
0	209	34	0.749859
0	209	105	0.749603
0	209	107	0.74951
0	209	25	0.749389
0	209	8	0.74932
0	209	85	0.749209
0	209	75	0.748887
0	209	15	0.748714
0	209	138	0.74841
0	209	41	0.748322
0	209	33	0.748289
0	209	24	0.748034
0	209	127	0.748019
0	209	18	0.747871
0	209	73	0.747755
0	209	98	0.747509
0	209	29	0.747323
0	209	72	0.746605
0	209	21	0.746541
0	209	147	0.746209
0	209	5	0.745694
0	209	107	0.745673
0	209	33	0.74512
0	209	1	0.744987
0	209	149	0.74498
1	209	0	0.7449
0	209	103	0.744712
0	209	48	0.744503
0	209	101	0.744501
0	209	52	0.744095
0	209	107	0.744088
0	209	54	0.74407
0	209	22	0.744033
0	209	55	0.743981
0	209	108	0.743608
0	209	125	0.742971
0	209	135	0.742793
0	209	71	0.742657
0	209	16	0.742625
0	209	60	0.742507
0	209	26	0.742267
0	209	24	0.742112
0	209	137	0.741913
0	209	97	0.741629
0	209	35	0.741455
0	209	60	0.741081
0	209	26	0.740911
0	209	75	0.740793
0	209	51	0.74062
0	209	133	0.740544
0	209	76	0.740475
0	209	103	0.740417
0	209	136	0.740065
0	209	95	0.739961
0	209	124	0.739561
0	209	8	0.739231
0	209	37	0.73888
0	209	8	0.738672
0	209	18	0.738199
0	209	50	0.738128
0	209	47	0.738004
0	209	81	0.737958
0	209	152	0.737811
0	209	102	0.737652
0	209	116	0.736852
0	209	131	0.73678
0	209	27	0.736724
0	209	70	0.736614
0	209	79	0.736581
0	209	141	0.73639
0	209	56	0.736014
0	209	99	0.735916
0	209	56	0.735794
0	209	41	0.735573
0	209	86	0.735498
0	209	80	0.735382
0	209	50	0.735366
0	209	70	0.735357
0	209	143	0.735328
0	209	9	0.735097
0	209	98	0.734871
0	209	115	0.734035
0	209	35	0.733659
0	209	104	0.733592
0	209	35	0.733384
0	209	66	0.733145
0	209	95	0.732776
0	209	54	0.732471
0	209	123	0.732252
0	209	66	0.73212
0	209	28	0.73183
0	209	130	0.731734
0	209	115	0.73163
0	209	149	0.731611
0	209	124	0.731425
0	209	98	0.731276
0	209	90	0.731275
0	209	133	0.731217
0	209	101	0.730939
0	209	33	0.730766
0	209	137	0.730426
0	209	21	0.730294
0	209	7	0.729989
0	209	44	0.729959
0	209	69	0.729943
0	209	44	0.729879
0	209	148	0.729684
0	209	31	0.729679
0	209	95	0.729479
0	209	59	0.729395
0	209	79	0.729141
0	209	85	0.728907
0	209	15	0.728119
0	209	83	0.7279
0	209	47	0.727401
0	209	76	0.726678
0	209	93	0.726463
0	209	92	0.725691
0	209	48	0.725334
0	209	142	0.725129
0	209	26	0.725096
0	209	28	0.724912
0	209	135	0.724455
0	209	106	0.724253
0	209	90	0.724218
0	209	98	0.724191
0	209	136	0.724185
0	209	27	0.724051
0	209	105	0.723954
0	209	73	0.723775
0	209	124	0.723675
0	209	139	0.723611
0	209	140	0.723491
0	209	53	0.723053
0	209	22	0.722891
0	209	103	0.722883
0	209	106	0.72288
0	209	141	0.722737
0	209	123	0.722654
0	209	84	0.722334
0	209	62	0.721991
0	209	33	0.721711
0	209	91	0.721639
0	209	87	0.721511
0	209	38	0.721344
0	209	57	0.721311
0	209	111	0.721094
0	209	77	0.719947
1	209	0	0.719617
0	209	108	0.719478
0	209	33	0.719365
0	209	42	0.719237
0	209	36	0.718961
0	209	51	0.718723
0	209	25	0.718334
0	209	109	0.718319
0	209	126	0.718232
0	209	79	0.717776
0	209	67	0.717699
0	209	13	0.717584
0	209	39	0.716972
0	209	43	0.716253
0	209	19	0.716191
0	209	70	0.715179
0	209	116	0.714887
0	209	34	0.714561
0	209	53	0.714416
0	209	61	0.714262
0	209	34	0.712883
0	209	2	0.712261
0	209	103	0.712051
0	209	25	0.711587
0	209	114	0.711263
0	209	84	0.711102
0	209	141	0.710828
0	209	33	0.710819
0	209	19	0.710783
0	209	137	0.710734
0	209	44	0.710246
0	209	21	0.710154
0	209	84	0.710068
0	209	72	0.710012
0	209	148	0.709632
0	209	51	0.709304
0	209	53	0.709298
0	209	143	0.709242
0	209	88	0.709145
0	209	73	0.70875
0	209	92	0.708279
0	209	6	0.708269
0	209	25	0.707467
0	209	144	0.707072
0	209	130	0.706931
0	209	122	0.706696
0	209	141	0.706449
0	209	57	0.706361
0	209	56	0.70636
0	209	38	0.706053
0	209	77	0.705452
0	209	64	0.705232
0	209	63	0.704771
0	209	71	0.704589
0	209	68	0.704447
0	209	109	0.704379
0	209	111	0.704341
0	209	124	0.704284
0	209	135	0.703972
0	209	14	0.703959
0	209	66	0.703895
0	209	63	0.703858
0	209	15	0.70372
0	209	49	0.703565
0	209	120	0.703071
0	209	107	0.703031
0	209	65	0.702896
0	209	28	0.702887
0	209	34	0.70245
0	209	125	0.702053
1	209	0	0.701975
0	209	24	0.701783
0	209	26	0.701748
0	209	87	0.701643
0	209	55	0.701412
0	209	16	0.700953
0	209	26	0.700946
0	209	60	0.700762
0	209	59	0.700328
0	209	4	0.699889
0	209	53	0.699612
0	209	110	0.699496
0	209	134	0.699349
0	209	121	0.699043
0	209	144	0.697922
0	209	5	0.697468
0	209	136	0.697367
0	209	134	0.697291
0	209	143	0.697045
0	209	138	0.69702
0	209	8	0.696101
0	209	110	0.695949
0	209	140	0.695271
0	209	131	0.695177
0	209	75	0.695039
0	209	95	0.694899
0	209	119	0.694516
0	209	121	0.694515
0	209	11	0.694492
0	209	51	0.694469
0	209	51	0.694206
0	209	93	0.693908
0	209	105	0.693696
0	209	41	0.693368
0	209	106	0.69274
0	209	73	0.692458
0	209	40	0.6921
0	209	62	0.69197
0	209	64	0.691962
0	209	28	0.691783
0	209	19	0.69168
0	209	102	0.691675
0	209	7	0.691461
0	209	53	0.691356
0	209	17	0.691131
0	209	116	0.6909
0	209	143	0.690885
0	209	13	0.690811
0	209	45	0.690078
0	209	24	0.690072
0	209	87	0.689948
0	209	81	0.68992
0	209	53	0.689863
0	209	114	0.689585
0	209	5	0.689553
0	209	88	0.689204
0	209	54	0.689061
0	209	53	0.688734
0	209	65	0.688598
0	209	53	0.688352
0	209	129	0.688326
0	209	112	0.688216
0	209	117	0.688171
0	209	42	0.687864
0	209	134	0.687615
0	209	61	0.687506
0	209	8	0.68672
0	209	88	0.686695
0	209	38	0.686473
0	209	35	0.686343
0	209	18	0.686339
0	209	47	0.686236
0	209	88	0.685612
0	209	103	0.685593
0	209	8	0.685304
0	209	90	0.685186
0	209	108	0.684843
0	209	97	0.684712
0	209	39	0.684385
0	209	112	0.684325
0	209	51	0.684237
0	209	125	0.684038
0	209	51	0.683679
0	209	78	0.683431
0	209	76	0.683001
0	209	92	0.68242
0	209	103	0.682282
0	209	32	0.681995
0	209	61	0.681618
0	209	48	0.681035
0	209	98	0.680889
0	209	65	0.680775
0	209	109	0.680564
0	209	105	0.679574
0	209	45	0.679465
0	209	82	0.679182
0	209	58	0.679139
0	209	48	0.678834
0	209	70	0.678418
0	209	117	0.678098
0	209	124	0.677965
0	209	13	0.677946
0	209	107	0.677647
0	209	20	0.67757
0	209	21	0.677237
0	209	128	0.677212
0	209	50	0.676552
0	209	82	0.676445
0	209	88	0.675889
0	209	107	0.675155
0	209	126	0.675004
0	209	69	0.674595
0	209	54	0.674084
0	209	133	0.673258
0	209	52	0.672922
0	209	82	0.672811
0	209	107	0.672676
0	209	116	0.6724
0	209	125	0.672361
0	209	74	0.672181
0	209	24	0.672143
0	209	95	0.671887
0	209	80	0.671533
0	209	46	0.670621
0	209	17	0.670529
0	209	13	0.670461
0	209	50	0.670275
0	209	134	0.670173
0	209	81	0.670124
0	209	86	0.669929
0	209	54	0.669856
0	209	108	0.66967
0	209	71	0.669183
0	209	20	0.669121
0	209	135	0.669105
0	209	100	0.669028
0	209	62	0.668966
0	209	57	0.66872
0	209	75	0.668616
0	209	80	0.668603
0	209	130	0.668603
0	209	66	0.668317
0	209	119	0.668315
0	209	24	0.667935
0	209	57	0.66787
0	209	52	0.667534
0	209	71	0.667456
0	209	29	0.667211
0	209	106	0.667105
0	209	55	0.667071
0	209	76	0.666789
0	209	111	0.666036
0	209	90	0.665967
0	209	96	0.665957
0	209	68	0.665948
0	209	26	0.665808
0	209	68	0.665247
0	209	14	0.665201
0	209	124	0.665142
0	209	41	0.664879
0	209	16	0.664338
0	209	108	0.663638
0	209	116	0.663003
0	209	57	0.662838
0	209	68	0.662813
0	209	89	0.662119
0	209	73	0.662103
0	209	43	0.662049
0	209	75	0.662028
0	209	34	0.661959
0	209	100	0.661827
0	209	74	0.661572
0	209	17	0.661535
0	209	11	0.661211
0	209	55	0.660694
0	209	22	0.660577
0	209	102	0.660567
0	209	68	0.660243
0	209	95	0.660241
0	209	118	0.660172
0	209	129	0.659977
0	209	119	0.659692
0	209	94	0.659506
0	209	78	0.659334
0	209	37	0.658999
0	209	39	0.658457
0	209	8	0.658308
0	209	55	0.658131
0	209	73	0.658037
0	209	86	0.6579
0	209	85	0.657693
0	209	105	0.657631
0	209	8	0.657543
0	209	46	0.657368
0	209	76	0.656888
0	209	20	0.656547
0	209	2	0.656372
0	209	126	0.656135
0	209	62	0.65566
0	209	63	0.655335
0	209	52	0.655141
0	209	132	0.654947
0	209	80	0.654322
0	209	90	0.653669
0	209	111	0.653577
0	209	74	0.653567
0	209	108	0.653562
0	209	122	0.65345
0	209	9	0.65312
0	209	86	0.652823
0	209	125	0.652317
0	209	81	0.652108
0	209	32	0.651974
0	209	93	0.651751
0	209	110	0.651631
0	209	91	0.651442
0	209	7	0.651416
0	209	124	0.65128
0	209	91	0.65121
0	209	121	0.651136
0	209	56	0.650867
0	209	96	0.650838
0	209	89	0.650009
0	209	64	0.649942
0	209	105	0.649929
0	209	36	0.64954
0	209	90	0.649478
0	209	91	0.649326
0	209	2	0.649307
0	209	101	0.649142
0	209	27	0.649036
0	209	24	0.648841
0	209	7	0.648229
0	209	22	0.648083
0	209	26	0.647857
0	209	44	0.647785
0	209	38	0.647696
0	209	44	0.647066
0	209	46	0.646934
0	209	30	0.646734
0	209	98	0.646571
0	209	123	0.646534
0	209	106	0.646349
0	209	132	0.646222
0	209	57	0.6461
0	209	19	0.646075
0	209	10	0.646066
0	209	113	0.646021
0	209	131	0.645873
0	209	75	0.645716
0	209	56	0.645488
0	209	101	0.645323
0	209	103	0.645262
0	209	13	0.645144
0	209	66	0.645102
0	209	105	0.64506
0	209	79	0.644994
0	209	99	0.644812
0	209	61	0.644621
0	209	99	0.64456
0	209	130	0.644385
0	209	52	0.644298
0	209	41	0.644038
0	209	57	0.643166
0	209	36	0.643048
0	209	33	0.642875
0	209	89	0.642788
0	209	107	0.642738
0	209	133	0.642532
0	209	110	0.642361
0	209	7	0.64223
0	209	73	0.641896
0	209	134	0.641841
0	209	82	0.641802
0	209	114	0.641631
0	209	130	0.641531
0	209	104	0.641452
0	209	89	0.640809
0	209	101	0.640777
0	209	5	0.640302
0	209	20	0.640295
0	209	132	0.640033
0	209	46	0.639987
0	209	29	0.639911
0	209	103	0.63945
0	209	99	0.639292
0	209	120	0.639238
0	209	78	0.639152
0	209	56	0.638997
0	209	78	0.638974
0	209	96	0.638926
0	209	60	0.638756
0	209	126	0.638161
0	209	60	0.637995
0	209	131	0.637724
0	209	129	0.637647
0	209	77	0.63704
0	209	89	0.636789
0	209	100	0.636675
0	209	71	0.636471
0	209	2	0.63623
0	209	70	0.635137
0	209	54	0.635053
0	209	68	0.634791
0	209	92	0.634767
0	209	81	0.634701
0	209	27	0.63404
0	209	57	0.633698
0	209	46	0.633688
0	209	82	0.63367
0	209	129	0.633265
0	209	125	0.633245
0	209	7	0.633192
0	209	131	0.633097
0	209	92	0.632912
0	209	42	0.632036
0	209	32	0.631883
0	209	115	0.631058
0	209	121	0.630966
1	209	0	0.630464
0	209	107	0.630419
0	209	39	0.630298
0	209	15	0.629971
0	209	113	0.629603
0	209	46	0.629393
0	209	21	0.628894
0	209	73	0.628865
0	209	131	0.628695
0	209	89	0.628312
0	209	46	0.628
0	209	35	0.627899
0	209	28	0.627753
0	209	16	0.627146
0	209	60	0.627038
0	209	46	0.626973
0	209	74	0.626896
0	209	81	0.626643
0	209	5	0.626456
0	209	102	0.626423
0	209	121	0.626238
0	209	35	0.625901
0	209	104	0.625584
1	209	0	0.625372
0	209	51	0.625334
0	209	40	0.625287
0	209	26	0.625242
0	209	20	0.625168
0	209	5	0.624958
0	209	113	0.624826
0	209	88	0.624545
0	209	16	0.62453
0	209	74	0.624416
0	209	100	0.624175
0	209	105	0.623699
0	209	10	0.623669
0	209	40	0.623307
0	209	59	0.623212
0	209	77	0.622826
0	209	10	0.622392
0	209	130	0.622326
0	209	100	0.622303
0	209	46	0.622012
0	209	36	0.621653
0	209	36	0.621376
0	209	15	0.621309
0	209	105	0.620818
0	209	89	0.620623
0	209	71	0.620622
0	209	122	0.620548
0	209	64	0.620262
0	209	84	0.620218
0	209	86	0.620096
0	209	71	0.620008
0	209	122	0.619612
0	209	71	0.619185
0	209	1	0.618831
0	209	92	0.618499
0	209	124	0.618375
0	209	39	0.618323
0	209	125	0.618171
0	209	72	0.617867
0	209	90	0.617735
0	209	21	0.617715
0	209	117	0.617483
0	209	9	0.617346
0	209	80	0.616633
0	209	113	0.616545
0	209	89	0.616061
0	209	50	0.615665
0	209	50	0.614745
0	209	2	0.614664
0	209	61	0.614152
0	209	77	0.614017
0	209	15	0.614015
0	209	11	0.613974
0	209	45	0.613531
0	209	45	0.613146
0	209	102	0.613023
0	209	16	0.613017
0	209	75	0.612805
0	209	82	0.612675
0	209	128	0.612499
0	209	13	0.612482
0	209	35	0.612076
0	209	110	0.611699
0	209	79	0.611668
0	209	42	0.611561
0	209	83	0.611015
0	209	46	0.610972
0	209	20	0.610953
0	209	1	0.610777
0	209	57	0.610669
0	209	119	0.610374
0	209	88	0.61033
0	209	90	0.609957
1	209	0	0.609239
0	209	65	0.609153
0	209	63	0.609143
0	209	13	0.609003
0	209	30	0.608885
0	209	49	0.608766
0	209	88	0.608766
0	209	122	0.608535
0	209	73	0.607837
0	209	108	0.607437
0	209	99	0.607384
0	209	102	0.606917
0	209	89	0.60659
0	209	59	0.606437
0	209	39	0.606259
0	209	33	0.60534
0	209	5	0.605241
0	209	72	0.605144
0	209	117	0.60492
0	209	126	0.604785
0	209	55	0.604718
0	209	47	0.604666
0	209	19	0.604564
0	209	116	0.604364
0	209	118	0.604247
0	209	84	0.604209
0	209	100	0.604161
0	209	85	0.604086
0	209	22	0.604056
0	209	101	0.603859
0	209	97	0.603812
0	209	108	0.603454
0	209	7	0.603409
0	209	39	0.603398
0	209	79	0.603363
0	209	26	0.603295
0	209	71	0.603096
0	209	108	0.603012
0	209	96	0.602626
0	209	104	0.602402
0	209	109	0.601808
0	209	31	0.60179
0	209	62	0.601777
0	209	96	0.601748
0	209	104	0.601672
0	209	69	0.601595
0	209	36	0.601483
0	209	95	0.600836
0	209	11	0.600544
0	209	37	0.600428
1	209	0	0.599983
0	209	115	0.599341
0	209	42	0.599209
0	209	68	0.598277
0	209	11	0.598179
0	209	119	0.597838
0	209	91	0.597751
0	209	16	0.597631
0	209	68	0.597578
0	209	37	0.597152
0	209	34	0.596907
0	209	108	0.595792
0	209	92	0.595581
0	209	8	0.595487
0	209	91	0.595239
0	209	95	0.594997
0	209	88	0.59477
0	209	83	0.594744
0	209	43	0.594655
0	209	122	0.594585
0	209	22	0.594265
0	209	80	0.594256
0	209	32	0.593969
0	209	10	0.593442
0	209	115	0.593262
0	209	71	0.592995
0	209	112	0.592726
0	209	78	0.592468
0	209	19	0.592201
0	209	74	0.591883
0	209	26	0.591774
0	209	42	0.591119
0	209	35	0.591005
0	209	35	0.590687
0	209	28	0.590562
0	209	40	0.590185
0	209	86	0.590137
0	209	98	0.589899
0	209	69	0.589633
0	209	81	0.589499
0	209	63	0.589366
0	209	64	0.589295
0	209	1	0.589134
0	209	109	0.589096
0	209	3	0.58887
0	209	17	0.588759
0	209	38	0.588378
0	209	10	0.588298
0	209	65	0.588192
0	209	11	0.58816
0	209	58	0.588088
0	209	112	0.588003
0	209	95	0.58792
0	209	30	0.587879
0	209	99	0.587578
0	209	52	0.587475
0	209	103	0.58747
0	209	70	0.587333
0	209	103	0.586889
0	209	81	0.586841
0	209	71	0.586829
0	209	111	0.586363
0	209	74	0.586311
0	209	23	0.585874
0	209	19	0.58567
0	209	36	0.585235
0	209	57	0.585226
0	209	38	0.585198
0	209	30	0.584913
0	209	83	0.584876
0	209	101	0.584838
0	209	61	0.584688
0	209	60	0.584466
0	209	7	0.584166
0	209	18	0.583745
0	209	10	0.583277
0	209	11	0.583269
0	209	68	0.583265
0	209	34	0.583168
0	209	111	0.583143
0	209	115	0.582916
0	209	84	0.582221
0	209	92	0.582202
0	209	102	0.58219
0	209	76	0.581841
0	209	48	0.581609
0	209	53	0.581601
0	209	67	0.581476
0	209	82	0.581315
0	209	100	0.581162
0	209	103	0.580463
0	209	48	0.58025
0	209	3	0.579906
0	209	57	0.579681
0	209	87	0.579648
0	209	56	0.579491
0	209	104	0.579376
0	209	42	0.579329
0	209	24	0.579106
0	209	93	0.578803
0	209	70	0.578707
0	209	86	0.57864
0	209	42	0.578259
0	209	87	0.57818
0	209	41	0.577761
0	209	56	0.577757
0	209	12	0.577756
0	209	19	0.577711
0	209	40	0.577628
0	209	69	0.577616
0	209	106	0.577288
0	209	114	0.577155
0	209	7	0.577139
0	209	29	0.576772
0	209	7	0.576532
0	209	28	0.576289
0	209	14	0.576172
0	209	82	0.57617
0	209	2	0.575949
0	209	79	0.575573
1	209	0	0.575564
0	209	115	0.575201
0	209	58	0.574773
0	209	108	0.574192
0	209	43	0.574058
0	209	61	0.573692
0	209	78	0.573561
0	209	28	0.573448
0	209	101	0.573336
0	209	4	0.573268
0	209	11	0.573203
0	209	40	0.572736
0	209	103	0.57253
0	209	8	0.572475
0	209	57	0.572215
0	209	43	0.572208
0	209	107	0.57178
0	209	88	0.571715
0	209	61	0.571662
0	209	13	0.571584
0	209	90	0.571527
0	209	97	0.571324
0	209	89	0.571049
0	209	39	0.57033
0	209	22	0.570226
0	209	56	0.570052
0	209	50	0.569639
0	209	53	0.569375
0	209	17	0.569182
0	209	81	0.569068
0	209	3	0.568325
0	209	62	0.568196
0	209	83	0.568195
0	209	60	0.568035
0	209	38	0.567821
0	209	15	0.567612
0	209	115	0.567563
0	209	54	0.56748
0	209	27	0.567395
0	209	117	0.566848
0	209	78	0.566472
0	209	32	0.566412
0	209	3	0.566213
0	209	107	0.565407
0	209	34	0.565211
0	209	32	0.564654
0	209	98	0.564228
0	209	85	0.564212
0	209	48	0.564097
0	209	37	0.564049
0	209	59	0.563769
0	209	40	0.563413
0	209	44	0.563189
0	209	23	0.562932
0	209	67	0.562926
0	209	88	0.561708
0	209	42	0.561703
0	209	33	0.561619
0	209	45	0.561603
0	209	100	0.56136
0	209	15	0.561182
0	209	100	0.561002
0	209	15	0.561001
0	209	13	0.560886
0	209	25	0.560777
0	209	47	0.560249
0	209	46	0.560095
0	209	17	0.56002
0	209	83	0.5599
0	209	79	0.559382
0	209	8	0.559106
0	209	64	0.559083
0	209	23	0.558281
0	209	32	0.557899
0	209	42	0.557852
0	209	99	0.557842
0	209	75	0.557612
0	209	73	0.557007
0	209	52	0.55691
0	209	94	0.556904
0	209	77	0.556302
0	209	62	0.556111
0	209	97	0.555796
0	209	16	0.555726
0	209	68	0.555107
0	209	18	0.555042
0	209	12	0.554644
0	209	47	0.55442
0	209	106	0.554
0	209	113	0.553969
0	209	66	0.553635
0	209	2	0.553349
0	209	8	0.553243
0	209	53	0.552819
0	209	62	0.552709
0	209	84	0.552639
0	209	95	0.552042
0	209	69	0.551803
0	209	81	0.551769
0	209	74	0.551563
0	209	98	0.550944
0	209	94	0.550492
0	209	91	0.550191
0	209	52	0.549889
0	209	66	0.549666
0	209	45	0.549127
0	209	39	0.549017
0	209	45	0.548512
0	209	18	0.548443
0	209	77	0.548361
0	209	98	0.548243
0	209	60	0.548155
0	209	5	0.547648
0	209	33	0.547423
0	209	58	0.547381
0	209	69	0.547318
0	209	1	0.547277
0	209	47	0.547236
0	209	81	0.547071
0	209	108	0.546912
0	209	80	0.546858
0	209	28	0.546784
0	209	44	0.546744
0	209	94	0.546525
0	209	11	0.546308
0	209	77	0.546014
0	209	27	0.54586
0	209	44	0.545708
0	209	77	0.544788
0	209	101	0.544623
0	209	60	0.544332
0	209	29	0.544242
0	209	66	0.543863
0	209	70	0.543816
0	209	52	0.54334
0	209	44	0.542479
0	209	113	0.542449
0	209	113	0.542399
0	209	68	0.541573
0	209	59	0.541081
0	209	83	0.540945
0	209	12	0.540329
0	209	35	0.539433
0	209	30	0.539396
0	209	82	0.539071
0	209	18	0.539049
0	209	15	0.538817
0	209	17	0.538486
0	209	31	0.538337
0	209	107	0.538112
0	209	14	0.537832
0	209	66	0.537726
0	209	14	0.537605
0	209	35	0.537588
0	209	62	0.537341
0	209	25	0.536646
0	209	77	0.536589
0	209	111	0.536502
0	209	76	0.536018
0	209	83	0.535816
0	209	17	0.535594
0	209	40	0.534682
0	209	107	0.534492
0	209	18	0.534228
0	209	82	0.534103
0	209	51	0.53392
0	209	51	0.533901
0	209	91	0.533866
0	209	8	0.533857
0	209	49	0.533543
0	209	99	0.533507
0	209	36	0.533305
0	209	109	0.532772
0	209	44	0.532728
0	209	63	0.53267
0	209	80	0.532669
0	209	68	0.532535
0	209	33	0.5324
0	209	34	0.532048
0	209	15	0.532005
0	209	24	0.531758
0	209	63	0.531346
0	209	97	0.530778
0	209	108	0.530618
0	209	83	0.530258
0	209	92	0.530185
0	209	53	0.530134
0	209	67	0.529566
0	209	66	0.529174
0	209	21	0.528739
0	209	85	0.52843
0	209	46	0.528412
0	209	49	0.528305
0	209	42	0.528087
0	209	52	0.527681
0	209	4	0.527574
0	209	16	0.527424
0	209	82	0.527382
0	209	13	0.527306
0	209	86	0.527017
0	209	27	0.526736
0	209	51	0.526441
0	209	59	0.526256
0	209	38	0.526029
0	209	2	0.525854
0	209	22	0.52571
0	209	12	0.525547
0	209	98	0.52537
0	209	99	0.52531
0	209	99	0.524888
0	209	37	0.524808
0	209	8	0.524666
0	209	18	0.523966
0	209	78	0.523856
0	209	62	0.5238
0	209	52	0.523482
0	209	100	0.522989
0	209	77	0.522986
0	209	58	0.522461
0	209	102	0.522028
0	209	94	0.521733
0	209	98	0.521068
0	209	28	0.520886
0	209	36	0.520414
0	209	22	0.520362
0	209	45	0.520078
0	209	87	0.519884
0	209	28	0.519513
0	209	76	0.519457
0	209	104	0.519456
0	209	93	0.519409
0	209	67	0.519274
0	209	83	0.519241
0	209	101	0.519019
0	209	22	0.518687
0	209	32	0.518518
0	209	53	0.518471
0	209	10	0.518402
0	209	37	0.518382
0	209	104	0.518302
0	209	95	0.518287
0	209	6	0.51803
0	209	104	0.517955
0	209	54	0.517955
0	209	34	0.517899
0	209	70	0.51758
0	209	33	0.517575
0	209	34	0.517544
0	209	94	0.51743
0	209	33	0.517219
0	209	16	0.516991
0	209	49	0.516961
0	209	13	0.516875
0	209	76	0.516807
0	209	86	0.516794
0	209	99	0.516631
0	209	78	0.516144
0	209	92	0.515933
0	209	38	0.51559
0	209	11	0.515367
0	209	46	0.514985
0	209	103	0.514702
0	209	5	0.514381
0	209	41	0.513989
0	209	63	0.513897
0	209	43	0.513768
0	209	47	0.513667
0	209	62	0.513369
0	209	63	0.513355
0	209	92	0.513289
0	209	85	0.513209
0	209	24	0.51297
0	209	97	0.512898
0	209	73	0.51275
0	209	33	0.512536
0	209	39	0.512499
0	209	15	0.512204
0	209	53	0.512115
0	209	39	0.511891
0	209	7	0.511807
0	209	7	0.51145
0	209	6	0.511405
0	209	85	0.510764
0	209	35	0.510759
0	209	15	0.510747
0	209	78	0.510066
0	209	66	0.509985
0	209	102	0.50981
0	209	39	0.509773
0	209	26	0.509241
0	209	92	0.509197
0	209	93	0.509063
0	209	64	0.509058
0	209	91	0.508983
0	209	93	0.508579
0	209	71	0.508516
0	209	3	0.508503
0	209	76	0.508459
0	209	24	0.508352
0	209	3	0.507881
0	209	50	0.50781
0	209	43	0.507697
0	209	9	0.50769
0	209	3	0.507548
0	209	13	0.507222
0	209	26	0.507003
0	209	89	0.506854
0	209	20	0.506275
0	209	11	0.506146
0	209	14	0.505458
1	209	0	0.504983
0	209	84	0.504922
0	209	16	0.504899
0	209	26	0.504814
0	209	44	0.504068
0	209	44	0.504001
0	209	32	0.503415
0	209	18	0.503398
0	209	9	0.503133
0	209	37	0.503121
0	209	59	0.503059
0	209	52	0.502738
0	209	46	0.502545
0	209	76	0.502112
0	209	33	0.502046
0	209	84	0.501989
0	209	64	0.501828
0	209	23	0.501661
0	209	22	0.501135
0	209	43	0.500601
1	209	0	0.500541
0	209	50	0.499973
0	209	37	0.499733
0	209	75	0.49946
0	209	60	0.499339
0	209	75	0.499214
0	209	22	0.498637
0	209	97	0.498586
0	209	50	0.498336
0	209	44	0.497349
0	209	55	0.497098
0	209	70	0.497055
0	209	22	0.496728
0	209	92	0.496501
0	209	18	0.496356
0	209	13	0.496335
0	209	91	0.496089
0	209	89	0.495838
0	209	6	0.495414
0	209	45	0.495316
0	209	97	0.495239
0	209	87	0.495041
0	209	20	0.494718
0	209	73	0.494525
0	209	98	0.494462
0	209	2	0.493998
0	209	54	0.493965
0	209	12	0.493724
0	209	3	0.493474
0	209	29	0.493418
0	209	63	0.49316
0	209	94	0.493046
0	209	61	0.492705
0	209	51	0.492521
0	209	14	0.492442
0	209	94	0.492171
0	209	29	0.49203
0	209	91	0.491862
0	209	21	0.491759
0	209	16	0.491712
0	209	94	0.491522
0	209	49	0.491433
0	209	39	0.491358
0	209	47	0.491243
0	209	81	0.491212
0	209	38	0.491189
0	209	38	0.490799
1	209	0	0.490653
0	209	81	0.490442
0	209	70	0.490437
0	209	95	0.490281
0	209	29	0.489652
0	209	66	0.489605
0	209	68	0.489139
0	209	15	0.488979
0	209	52	0.488531
0	209	51	0.488455
0	209	20	0.488302
0	209	44	0.48828
0	209	54	0.488094
0	209	79	0.487543
0	209	51	0.487205
0	209	22	0.487125
0	209	56	0.487056
0	209	52	0.486986
0	209	72	0.486697
0	209	19	0.486393
0	209	22	0.486008
0	209	48	0.485895
1	209	0	0.485619
0	209	82	0.48558
0	209	13	0.485351
0	209	50	0.485216
0	209	85	0.485086
0	209	44	0.485069
0	209	90	0.484869
0	209	21	0.484171
0	209	66	0.483942
0	209	74	0.483105
0	209	40	0.482928
0	209	85	0.482866
0	209	74	0.482726
0	209	93	0.482557
0	209	65	0.482077
0	209	46	0.48194
0	209	17	0.481794
0	209	10	0.481362
0	209	42	0.481105
0	209	24	0.480974
0	209	95	0.480554
0	209	71	0.480488
0	209	58	0.480305
0	209	73	0.479735
0	209	56	0.479678
0	209	2	0.479633
0	209	23	0.47949
0	209	89	0.479357
0	209	92	0.479091
0	209	78	0.479079
0	209	27	0.478664
0	209	32	0.478109
0	209	28	0.47801
0	209	57	0.477954
0	209	32	0.477863
0	209	49	0.477578
0	209	27	0.477397
0	209	88	0.477331
0	209	52	0.476654
0	209	6	0.476493
0	209	9	0.476184
0	209	31	0.476056
0	209	72	0.475645
0	209	49	0.475395
0	209	7	0.475321
0	209	34	0.475091
0	209	2	0.474775
0	209	56	0.47447
0	209	90	0.474394
0	209	57	0.473962
0	209	82	0.473886
0	209	43	0.473704
0	209	47	0.473475
0	209	90	0.473458
0	209	7	0.473327
0	209	77	0.472781
0	209	82	0.472582
0	209	4	0.472341
0	209	89	0.472176
0	209	87	0.471987
0	209	22	0.47186
0	209	63	0.47169
0	209	65	0.470604
0	209	93	0.47059
0	209	15	0.470439
0	209	21	0.470008
0	209	43	0.469511
0	209	78	0.469393
0	209	16	0.46855
0	209	34	0.468499
0	209	25	0.468453
0	209	12	0.468392
0	209	35	0.468282
0	209	7	0.468101
0	209	57	0.467982
0	209	13	0.467749
0	209	77	0.46773
0	209	61	0.467458
0	209	30	0.466912
0	209	53	0.466284
0	209	24	0.465688
0	209	73	0.465664
0	209	1	0.465455
0	209	63	0.465168
0	209	63	0.464958
0	209	63	0.464861
1	209	0	0.46471
0	209	74	0.464474
0	209	41	0.463902
0	209	70	0.463201
0	209	62	0.46316
0	209	32	0.462452
0	209	51	0.461877
0	209	13	0.461865
0	209	76	0.461305
0	209	88	0.461099
0	209	19	0.460928
0	209	67	0.46089
0	209	90	0.460697
0	209	2	0.459536
0	209	1	0.459349
0	209	57	0.459313
0	209	94	0.458646
0	209	26	0.458586
0	209	45	0.458519
0	209	28	0.45847
0	209	90	0.458444
0	209	4	0.458315
0	209	45	0.458283
0	209	47	0.458149
0	209	53	0.458041
0	209	62	0.457623
0	209	71	0.457537
0	209	3	0.457179
0	209	93	0.457063
0	209	58	0.456965
0	209	43	0.456648
0	209	40	0.456504
0	209	12	0.456474
0	209	65	0.456228
0	209	62	0.456144
0	209	24	0.456081
0	209	54	0.455995
0	209	55	0.455986
0	209	43	0.455896
0	209	36	0.455877
0	209	67	0.45531
0	209	10	0.455263
0	209	66	0.454989
0	209	37	0.454872
0	209	42	0.454475
0	209	51	0.454466
0	209	54	0.454318
0	209	32	0.454308
0	209	81	0.454308
0	209	4	0.454186
0	209	75	0.453304
0	209	60	0.453102
0	209	79	0.452875
0	209	49	0.452856
0	209	69	0.452824
0	209	12	0.452622
0	209	35	0.452594
0	209	35	0.452519
0	209	72	0.452193
0	209	77	0.452097
0	209	61	0.451892
0	209	25	0.451851
0	209	47	0.451848
0	209	53	0.451823
0	209	44	0.451535
0	209	62	0.451487
0	209	12	0.451354
0	209	45	0.450821
0	209	66	0.450594
0	209	57	0.450498
0	209	57	0.450492
0	209	73	0.450338
0	209	71	0.450095
0	209	58	0.449995
0	209	49	0.449981
0	209	78	0.449896
0	209	60	0.449848
0	209	3	0.449299
0	209	20	0.448899
0	209	59	0.448828
0	209	9	0.448601
0	209	42	0.448476
0	209	49	0.448405
0	209	34	0.448344
0	209	82	0.4483
0	209	80	0.44822
0	209	90	0.448162
0	209	6	0.447899
0	209	60	0.447754
0	209	92	0.447706
0	209	66	0.447697
0	209	41	0.447485
0	209	14	0.447268
0	209	65	0.44719
0	209	70	0.44713
0	209	56	0.446375
0	209	92	0.446088
0	209	60	0.446072
0	209	7	0.44604
0	209	68	0.445987
0	209	58	0.445979
0	209	28	0.445965
0	209	64	0.445661
0	209	77	0.445656
0	209	13	0.445111
0	209	80	0.444738
0	209	68	0.444168
0	209	53	0.444037
0	209	55	0.44398
0	209	34	0.443958
0	209	63	0.443854
0	209	8	0.443669
0	209	5	0.443384
0	209	39	0.442857
0	209	85	0.442688
0	209	60	0.442469
0	209	79	0.442331
0	209	2	0.442284
0	209	50	0.442222
0	209	52	0.442191
0	209	20	0.441874
0	209	4	0.441796
0	209	29	0.441435
0	209	25	0.441427
0	209	75	0.441367
0	209	66	0.441027
0	209	27	0.440959
0	209	66	0.440822
0	209	56	0.440772
0	209	61	0.440514
0	209	22	0.440447
0	209	9	0.440288
0	209	28	0.439805
0	209	62	0.439592
0	209	18	0.439541
0	209	30	0.438736
0	209	73	0.437954
0	209	56	0.437813
0	209	84	0.437571
0	209	4	0.437522
0	209	85	0.437463
0	209	29	0.437398
0	209	19	0.437379
0	209	61	0.43735
0	209	17	0.437335
0	209	73	0.436803
0	209	45	0.436661
0	209	16	0.436471
0	209	3	0.436126
0	209	8	0.43591
0	209	48	0.435743
0	209	24	0.435462
0	209	2	0.435436
0	209	71	0.435227
0	209	78	0.435104
0	209	76	0.434999
0	209	71	0.434467
0	209	66	0.434444
0	209	43	0.433834
0	209	83	0.4334
0	209	20	0.433374
0	209	90	0.433028
0	209	39	0.432813
0	209	55	0.432715
0	209	39	0.432185
0	209	40	0.432044
0	209	17	0.431984
0	209	50	0.431954
0	209	68	0.431948
0	209	74	0.431428
0	209	21	0.431391
0	209	66	0.431216
0	209	77	0.430851
0	209	15	0.43084
0	209	72	0.430794
0	209	68	0.430751
0	209	46	0.430515
0	209	72	0.430267
0	209	78	0.430179
0	209	20	0.429895
0	209	12	0.42966
0	209	83	0.429602
0	209	40	0.429541
0	209	1	0.42954
0	209	84	0.429488
0	209	48	0.429429
0	209	62	0.429089
0	209	47	0.428022
0	209	36	0.427894
0	209	71	0.427289
0	209	78	0.427033
0	209	64	0.426825
0	209	71	0.426365
0	209	75	0.426186
0	209	13	0.426108
0	209	48	0.425799
0	209	65	0.425749
0	209	32	0.425472
0	209	63	0.4244
0	209	36	0.424388
0	209	74	0.424
0	209	67	0.423723
0	209	6	0.423614
0	209	86	0.423602
0	209	86	0.423061
0	209	7	0.423026
0	209	68	0.422861
0	209	7	0.422814
0	209	69	0.422511
0	209	14	0.422407
0	209	56	0.422369
0	209	4	0.421688
0	209	31	0.421181
0	209	40	0.421059
0	209	51	0.420874
0	209	38	0.42073
0	209	49	0.420542
0	209	55	0.420391
0	209	49	0.419864
0	209	55	0.419763
0	209	82	0.419263
0	209	31	0.419185
0	209	11	0.419072
0	209	68	0.419014
0	209	25	0.419001
0	209	27	0.418773
0	209	29	0.418669
0	209	69	0.418481
0	209	84	0.418403
0	209	76	0.418296
0	209	30	0.418156
0	209	84	0.417688
0	209	19	0.417655
0	209	69	0.417577
0	209	79	0.417385
0	209	86	0.417324
0	209	10	0.417114
0	209	49	0.416722
0	209	74	0.416683
0	209	69	0.416673
0	209	82	0.415767
0	209	21	0.415525
0	209	34	0.415198
0	209	42	0.415024
0	209	10	0.414912
0	209	37	0.414807
0	209	74	0.414584
0	209	59	0.41423
0	209	36	0.413654
0	209	32	0.413536
0	209	74	0.413267
0	209	76	0.413202
0	209	15	0.413065
0	209	2	0.412991
0	209	32	0.412827
0	209	22	0.412815
0	209	70	0.412754
0	209	22	0.412698
0	209	62	0.412309
0	209	76	0.412079
0	209	55	0.411542
0	209	37	0.411339
0	209	26	0.411127
0	209	19	0.41092
0	209	64	0.410248
0	209	2	0.410201
0	209	30	0.410094
0	209	4	0.409817
0	209	2	0.409801
0	209	72	0.409708
0	209	2	0.409698
0	209	53	0.409514
0	209	44	0.408825
0	209	66	0.407853
0	209	64	0.407344
0	209	40	0.40721
0	209	83	0.407036
0	209	47	0.406815
0	209	47	0.406662
0	209	12	0.406195
0	209	81	0.406189
0	209	28	0.405901
0	209	49	0.405726
0	209	62	0.405626
0	209	26	0.405499
0	209	65	0.405316
0	209	12	0.404305
0	209	38	0.404112
0	209	31	0.404066
0	209	50	0.403834
0	209	60	0.403514
0	209	56	0.403371
0	209	64	0.402871
0	209	28	0.402866
0	209	63	0.402353
0	209	19	0.402319
0	209	8	0.402242
0	209	4	0.402071
0	209	42	0.402028
0	209	48	0.401974
1	209	0	0.401923
0	209	74	0.401824
0	209	1	0.401233
0	209	64	0.401061
0	209	80	0.400811
0	209	9	0.4007
0	209	57	0.400285
0	209	35	0.399826
0	209	38	0.399747
0	209	21	0.399668
0	209	42	0.399491
0	209	48	0.399352
0	209	2	0.399238
0	209	77	0.398959
0	209	55	0.398709
0	209	24	0.398635
0	209	71	0.398396
0	209	27	0.398387
0	209	79	0.39834
0	209	20	0.397861
0	209	15	0.397135
0	209	61	0.396726
0	209	17	0.396687
0	209	45	0.396678
0	209	19	0.396634
0	209	11	0.396597
0	209	40	0.396483
0	209	22	0.396135
0	209	70	0.395917
1	209	0	0.395841
0	209	82	0.395156
0	209	32	0.39499
0	209	76	0.394951
0	209	71	0.394938
0	209	77	0.394781
0	209	45	0.394466
0	209	79	0.394026
0	209	65	0.393952
0	209	15	0.393917
0	209	23	0.393451
0	209	78	0.393427
0	209	22	0.393381
0	209	63	0.393335
0	209	15	0.393299
0	209	70	0.393107
0	209	80	0.392998
0	209	24	0.392832
0	209	62	0.392629
0	209	8	0.392152
0	209	27	0.392104
0	209	81	0.391943
0	209	78	0.391561
0	209	30	0.391108
0	209	11	0.390865
0	209	57	0.390358
0	209	28	0.390117
0	209	41	0.390087
0	209	12	0.390077
0	209	44	0.389895
0	209	71	0.389864
0	209	22	0.389259
0	209	79	0.389252
0	209	39	0.389093
0	209	63	0.388869
1	209	0	0.388631
0	209	55	0.388438
0	209	45	0.388432
0	209	2	0.388035
0	209	30	0.387973
0	209	16	0.387933
0	209	34	0.387905
0	209	66	0.387645
0	209	69	0.387021
0	209	79	0.386646
0	209	77	0.386333
0	209	5	0.386011
0	209	29	0.385894
0	209	19	0.38552
0	209	10	0.385325
0	209	74	0.385131
0	209	66	0.38499
0	209	46	0.384764
0	209	62	0.384508
0	209	44	0.38436
0	209	3	0.383948
0	209	10	0.383685
0	209	60	0.383512
0	209	49	0.382941
0	209	18	0.382808
0	209	22	0.382754
0	209	1	0.382532
0	209	32	0.382486
0	209	21	0.382218
0	209	12	0.381945
1	209	0	0.381428
0	209	63	0.38141
0	209	33	0.381371
0	209	43	0.380675
0	209	69	0.380642
0	209	67	0.380379
0	209	52	0.37984
0	209	50	0.379551
0	209	64	0.379297
0	209	53	0.379261
0	209	51	0.379209
0	209	34	0.379114
0	209	65	0.379036
0	209	67	0.37883
0	209	1	0.378758
0	209	31	0.378707
0	209	13	0.378622
0	209	9	0.378602
1	209	0	0.378278
0	209	2	0.378245
0	209	57	0.377669
0	209	33	0.377323
0	209	20	0.377036
0	209	40	0.376886
0	209	28	0.376837
0	209	63	0.376585
0	209	21	0.376509
0	209	39	0.376263
0	209	72	0.376026
0	209	71	0.375921
0	209	29	0.375708
0	209	39	0.375023
0	209	58	0.374729
0	209	20	0.374612
0	209	7	0.374458
0	209	17	0.374397
0	209	22	0.374379
0	209	16	0.37382
0	209	51	0.373638
0	209	78	0.37331
0	209	48	0.373121
0	209	10	0.373022
0	209	2	0.372799
0	209	35	0.372499
0	209	34	0.372454
0	209	6	0.372413
0	209	15	0.372172
0	209	70	0.372023
0	209	56	0.371892
0	209	16	0.3716
0	209	48	0.371453
0	209	9	0.371354
0	209	30	0.371275
0	209	33	0.371207
0	209	60	0.370587
0	209	68	0.370106
0	209	17	0.369785
0	209	33	0.369748
0	209	8	0.369696
0	209	10	0.369453
0	209	4	0.369425
0	209	16	0.369275
0	209	23	0.368895
0	209	48	0.368733
0	209	58	0.368612
0	209	47	0.368396
0	209	29	0.368363
0	209	20	0.367933
0	209	72	0.367898
0	209	49	0.367818
0	209	70	0.367722
0	209	7	0.367127
0	209	11	0.366769
0	209	23	0.366677
0	209	63	0.365829
0	209	31	0.365688
0	209	11	0.36537
0	209	70	0.36536
0	209	34	0.365357
0	209	72	0.364965
0	209	47	0.364924
0	209	20	0.364284
0	209	16	0.363908
0	209	1	0.363455
0	209	36	0.363385
0	209	30	0.363359
0	209	61	0.362836
0	209	21	0.362713
0	209	50	0.362625
0	209	14	0.362299
0	209	25	0.36217
0	209	38	0.361946
0	209	69	0.361876
0	209	56	0.361574
0	209	3	0.361315
0	209	4	0.360945
0	209	10	0.360448
0	209	13	0.360145
0	209	64	0.360021
0	209	27	0.359984
0	209	14	0.35939
0	209	7	0.358813
0	209	16	0.358462
0	209	26	0.358173
0	209	65	0.357747
0	209	73	0.357585
0	209	15	0.357093
0	209	51	0.35699
0	209	9	0.356896
0	209	69	0.356747
0	209	66	0.356467
0	209	66	0.356088
0	209	4	0.35593
0	209	19	0.355839
0	209	39	0.355743
0	209	9	0.354784
0	209	41	0.354719
0	209	64	0.354627
0	209	50	0.354569
0	209	25	0.354374
0	209	17	0.354333
0	209	69	0.354261
0	209	32	0.354081
0	209	68	0.35399
0	209	2	0.353985
0	209	52	0.353769
0	209	60	0.353481
0	209	45	0.353259
1	209	0	0.352996
0	209	21	0.352773
0	209	33	0.352536
0	209	50	0.352289
0	209	10	0.352275
0	209	42	0.352072
0	209	72	0.351783
0	209	41	0.351529
0	209	62	0.35088
0	209	32	0.350408
0	209	17	0.350381
0	209	48	0.349817
0	209	7	0.349695
0	209	56	0.349158
0	209	52	0.349097
0	209	47	0.348728
0	209	2	0.348707
0	209	67	0.348642
0	209	14	0.347903
0	209	35	0.347527
0	209	10	0.347309
0	209	71	0.347138
0	209	12	0.347106
0	209	6	0.34703
0	209	36	0.346805
0	209	14	0.346391
0	209	57	0.346373
0	209	10	0.346265
0	209	66	0.346013
0	209	60	0.345982
0	209	24	0.345921
0	209	25	0.345878
0	209	33	0.345861
0	209	72	0.345629
0	209	72	0.345107
0	209	37	0.345096
0	209	50	0.345057
0	209	17	0.344945
0	209	60	0.344589
0	209	38	0.344183
0	209	21	0.344091
0	209	32	0.343919
0	209	25	0.343445
0	209	8	0.343354
0	209	12	0.34228
0	209	66	0.342021
0	209	23	0.341908
0	209	21	0.341765
0	209	49	0.341758
0	209	32	0.341544
0	209	35	0.341498
0	209	70	0.340965
0	209	5	0.340803
0	209	13	0.340759
0	209	67	0.340512
0	209	20	0.34046
0	209	4	0.340293
0	209	29	0.340278
0	209	8	0.339638
0	209	62	0.339625
0	209	47	0.339349
0	209	40	0.339335
0	209	16	0.338952
0	209	38	0.338335
0	209	24	0.337974
0	209	7	0.337832
0	209	23	0.337747
0	209	23	0.337584
0	209	30	0.337343
0	209	11	0.337324
0	209	6	0.337323
0	209	25	0.336886
0	209	30	0.336681
0	209	1	0.336677
0	209	6	0.336648
0	209	45	0.336547
0	209	12	0.336367
0	209	28	0.336227
0	209	33	0.336028
0	209	69	0.335953
0	209	12	0.335872
0	209	37	0.335676
0	209	27	0.335147
0	209	48	0.33501
0	209	27	0.334991
0	209	69	0.334858
0	209	3	0.334229
0	209	7	0.334185
0	209	28	0.333807
0	209	56	0.33323
0	209	9	0.332936
0	209	57	0.332908
0	209	44	0.332869
0	209	57	0.332772
0	209	26	0.33242
0	209	25	0.332202
0	209	48	0.33214
0	209	52	0.332078
0	209	65	0.331154
0	209	19	0.330993
0	209	32	0.330947
0	209	17	0.330712
0	209	13	0.33066
0	209	69	0.330417
0	209	53	0.330306
0	209	31	0.330122
0	209	9	0.330119
0	209	67	0.330005
0	209	13	0.329961
0	209	51	0.329681
0	209	16	0.329397
0	209	49	0.329256
0	209	57	0.329201
0	209	59	0.32912
0	209	21	0.329044
0	209	3	0.328996
0	209	39	0.328932
0	209	17	0.328799
0	209	45	0.328736
0	209	22	0.328588
0	209	43	0.328441
0	209	16	0.328245
0	209	44	0.32789
0	209	9	0.327752
0	209	11	0.32756
0	209	32	0.327249
0	209	27	0.327047
0	209	29	0.326937
0	209	10	0.326845
0	209	36	0.326261
0	209	24	0.326255
0	209	24	0.326109
0	209	31	0.326079
0	209	2	0.325646
0	209	17	0.325286
0	209	62	0.325232
0	209	21	0.325143
0	209	48	0.324375
0	209	65	0.32425
0	209	64	0.323946
0	209	19	0.323834
0	209	49	0.323603
0	209	65	0.323163
0	209	53	0.32301
0	209	56	0.322659
0	209	19	0.322551
0	209	5	0.322458
0	209	36	0.321968
0	209	57	0.321494
0	209	37	0.321437
0	209	21	0.321396
0	209	45	0.321069
0	209	38	0.321035
0	209	46	0.320979
0	209	9	0.320829
0	209	9	0.32058
0	209	29	0.320579
0	209	40	0.320529
0	209	62	0.320156
0	209	57	0.320089
0	209	25	0.319861
1	209	0	0.319775
0	209	1	0.319444
0	209	15	0.319442
0	209	17	0.319383
0	209	2	0.319094
0	209	46	0.31906
0	209	32	0.318037
0	209	10	0.31802
0	209	40	0.317595
0	209	30	0.317069
0	209	40	0.316927
0	209	23	0.316907
0	209	6	0.31625
0	209	62	0.316198
0	209	30	0.316125
0	209	57	0.315522
0	209	52	0.315272
0	209	38	0.315113
0	209	7	0.31503
0	209	65	0.31477
0	209	6	0.314518
0	209	34	0.314495
0	209	42	0.314247
0	209	22	0.314158
0	209	34	0.314117
0	209	36	0.313679
0	209	22	0.31362
0	209	11	0.313614
0	209	21	0.313494
0	209	22	0.313276
0	209	16	0.313015
0	209	44	0.312679
0	209	3	0.312541
0	209	20	0.312321
0	209	55	0.312113
0	209	47	0.312084
0	209	19	0.311849
0	209	47	0.311785
0	209	61	0.311708
0	209	49	0.311521
0	209	55	0.311338
0	209	33	0.311131
0	209	25	0.310816
0	209	12	0.309957
0	209	55	0.309473
0	209	6	0.309327
0	209	4	0.308682
0	209	53	0.308603
0	209	48	0.30856
0	209	37	0.308463
0	209	60	0.308308
0	209	56	0.30808
0	209	30	0.307372
0	209	6	0.307159
0	209	43	0.306975
0	209	20	0.306967
0	209	17	0.306163
0	209	62	0.305654
0	209	25	0.305621
0	209	30	0.30539
0	209	44	0.305257
0	209	42	0.305115
0	209	3	0.305011
0	209	37	0.304955
0	209	47	0.304741
1	209	0	0.304643
0	209	34	0.304527
0	209	6	0.30441
0	209	36	0.304277
0	209	29	0.304256
0	209	59	0.304098
0	209	42	0.304043
0	209	53	0.304001
0	209	48	0.303982
0	209	24	0.303913
0	209	59	0.303337
0	209	55	0.303117
0	209	26	0.303088
0	209	18	0.302985
0	209	25	0.302091
0	209	7	0.301902
0	209	38	0.301873
1	209	0	0.301613
1	209	0	0.300625
0	209	7	0.300328
0	209	44	0.300318
0	209	12	0.300109
0	209	25	0.300098
0	209	61	0.300083
0	209	26	0.299925
0	209	55	0.299747
0	209	58	0.299386
0	209	11	0.299349
0	209	6	0.299137
0	209	9	0.29892
0	209	17	0.2985
0	209	12	0.29847
0	209	49	0.298442
0	209	19	0.298164
0	209	10	0.29762
0	209	31	0.297554
0	209	31	0.297342
0	209	54	0.297172
0	209	31	0.297089
0	209	23	0.29689
0	209	19	0.294754
0	209	30	0.29465
0	209	31	0.294258
0	209	61	0.294232
0	209	36	0.294139
0	209	61	0.29379
0	209	44	0.293538
0	209	18	0.292849
0	209	10	0.292562
0	209	7	0.292408
0	209	15	0.2924
0	209	56	0.292189
0	209	43	0.29214
0	209	57	0.292043
0	209	58	0.291909
0	209	29	0.291735
0	209	50	0.291629
0	209	32	0.290969
0	209	38	0.290945
0	209	24	0.290676
0	209	29	0.290066
0	209	11	0.289916
0	209	17	0.289845
0	209	45	0.289824
0	209	13	0.289654
0	209	8	0.289583
0	209	32	0.289162
0	209	49	0.289046
0	209	43	0.28892
0	209	16	0.288564
0	209	30	0.28799
0	209	37	0.287846
0	209	53	0.287811
0	209	53	0.287535
0	209	20	0.287282
0	209	9	0.286959
0	209	25	0.286876
0	209	20	0.286717
0	209	16	0.285879
0	209	41	0.28578
0	209	51	0.285519
0	209	45	0.285496
0	209	20	0.285429
0	209	18	0.285104
0	209	47	0.285042
0	209	2	0.28494
0	209	35	0.284895
0	209	3	0.284713
0	209	25	0.284707
0	209	6	0.284696
0	209	15	0.28461
0	209	52	0.284021
0	209	34	0.283625
0	209	33	0.283393
0	209	34	0.28334
0	209	41	0.283333
0	209	37	0.283075
0	209	47	0.283009
0	209	12	0.282645
0	209	59	0.28262
0	209	14	0.282331
0	209	4	0.282062
0	209	5	0.281998
0	209	14	0.281941
0	209	33	0.281826
0	209	43	0.281809
0	209	56	0.281701
0	209	26	0.28166
0	209	37	0.281607
0	209	46	0.281595
0	209	55	0.281481
0	209	5	0.281262
0	209	14	0.281133
0	209	47	0.281034
0	209	50	0.280947
0	209	58	0.280879
0	209	41	0.279933
0	209	56	0.279875
0	209	13	0.279839
0	209	56	0.279767
0	209	23	0.279462
0	209	55	0.279254
0	209	2	0.279127
0	209	34	0.278856
0	209	45	0.278551
0	209	17	0.278267
0	209	9	0.278214
0	209	30	0.278135
0	209	6	0.277956
0	209	45	0.277786
0	209	28	0.277538
0	209	19	0.277196
0	209	23	0.277066
0	209	1	0.276998
0	209	47	0.27682
0	209	9	0.276297
0	209	10	0.276116
0	209	46	0.275899
0	209	42	0.275814
0	209	38	0.275795
0	209	36	0.275713
0	209	1	0.27553
0	209	27	0.275303
0	209	7	0.27517
0	209	41	0.275086
0	209	17	0.274896
0	209	12	0.274862
0	209	8	0.274649
0	209	11	0.27458
0	209	23	0.274547
0	209	13	0.274069
0	209	32	0.274044
0	209	5	0.27373
0	209	19	0.273482
0	209	13	0.273477
0	209	9	0.27327
0	209	47	0.272948
0	209	11	0.272902
0	209	56	0.272833
0	209	47	0.27264
0	209	51	0.271828
0	209	5	0.271507
0	209	42	0.271368
0	209	42	0.271011
0	209	35	0.270869
0	209	45	0.27056
0	209	34	0.270546
0	209	34	0.270087
0	209	26	0.270002
0	209	52	0.269414
0	209	3	0.268538
0	209	19	0.268433
0	209	41	0.267761
0	209	10	0.267565
0	209	31	0.267398
0	209	52	0.267368
0	209	14	0.267117
0	209	13	0.267075
0	209	46	0.267003
0	209	2	0.266982
0	209	28	0.266932
0	209	45	0.266583
0	209	13	0.26648
0	209	39	0.266464
0	209	30	0.26633
0	209	15	0.266174
0	209	12	0.266121
0	209	44	0.266108
0	209	1	0.266041
0	209	7	0.265632
0	209	14	0.265084
0	209	12	0.264871
0	209	44	0.26455
0	209	53	0.264456
0	209	18	0.263481
0	209	43	0.26344
0	209	9	0.262667
0	209	30	0.262578
0	209	5	0.261885
0	209	4	0.261622
0	209	25	0.261604
0	209	18	0.261591
0	209	31	0.26106
0	209	52	0.260715
0	209	41	0.260685
0	209	1	0.260655
0	209	41	0.260109
0	209	9	0.25988
0	209	42	0.25983
0	209	27	0.259801
0	209	30	0.259619
0	209	30	0.259205
0	209	26	0.258983
0	209	11	0.258676
0	209	38	0.258265
0	209	7	0.257857
0	209	3	0.257798
0	209	43	0.257779
0	209	49	0.257716
0	209	44	0.257525
0	209	16	0.257406
0	209	53	0.257381
0	209	53	0.257379
0	209	38	0.257374
0	209	18	0.257047
0	209	53	0.257004
0	209	51	0.257002
0	209	15	0.257001
0	209	40	0.256932
0	209	23	0.256886
0	209	26	0.256714
0	209	22	0.256648
0	209	9	0.256475
0	209	40	0.256111
0	209	11	0.255838
1	209	0	0.25533
0	209	8	0.255199
0	209	38	0.255095
0	209	36	0.25475
0	209	24	0.254607
0	209	33	0.254343
1	209	0	0.253877
0	209	6	0.253326
0	209	37	0.25317
0	209	25	0.252904
0	209	8	0.252597
0	209	29	0.252594
0	209	16	0.252529
0	209	4	0.252182
0	209	47	0.252149
0	209	25	0.252094
0	209	10	0.251375
0	209	37	0.251208
0	209	44	0.251046
0	209	3	0.250557
0	209	32	0.250421
0	209	10	0.250389
0	209	41	0.249935
0	209	23	0.249334
0	209	11	0.249107
0	209	44	0.248336
0	209	2	0.248268
0	209	23	0.248084
0	209	4	0.247663
0	209	12	0.247662
0	209	22	0.247576
0	209	38	0.247341
0	209	49	0.24719
0	209	39	0.246788
0	209	9	0.246675
0	209	38	0.246612
0	209	17	0.246591
0	209	1	0.246082
0	209	24	0.24604
0	209	9	0.245918
0	209	49	0.245456
0	209	35	0.244662
0	209	4	0.244492
1	209	0	0.244352
0	209	49	0.24428
0	209	42	0.244222
0	209	42	0.244221
0	209	6	0.24342
0	209	8	0.243419
0	209	43	0.243225
0	209	10	0.243121
0	209	13	0.243012
0	209	16	0.242928
0	209	4	0.242274
0	209	31	0.242254
0	209	27	0.241824
0	209	31	0.241762
0	209	15	0.241703
0	209	10	0.241571
0	209	35	0.241532
0	209	46	0.241383
0	209	40	0.241376
0	209	20	0.241304
0	209	6	0.241263
0	209	29	0.241164
0	209	27	0.241007
0	209	16	0.240575
0	209	47	0.240475
0	209	7	0.240186
0	209	3	0.240035
0	209	9	0.239727
0	209	18	0.239702
0	209	20	0.239669
0	209	26	0.239435
0	209	5	0.239221
0	209	35	0.239215
1	209	0	0.239153
0	209	4	0.239
0	209	7	0.238204
0	209	25	0.23811
0	209	34	0.237909
0	209	46	0.237653
0	209	21	0.237596
0	209	9	0.237574
0	209	42	0.237267
0	209	11	0.236951
0	209	30	0.236481
0	209	41	0.236291
0	209	47	0.236288
0	209	24	0.236137
0	209	10	0.236124
0	209	42	0.235709
0	209	3	0.235249
1	209	0	0.235122
0	209	20	0.23512
0	209	41	0.234897
0	209	32	0.234555
0	209	13	0.234093
0	209	39	0.233948
0	209	39	0.233677
0	209	16	0.233632
0	209	35	0.23318
0	209	39	0.233007
0	209	30	0.232964
0	209	34	0.232775
0	209	34	0.232539
0	209	21	0.232389
0	209	11	0.23221
0	209	45	0.232145
0	209	9	0.23213
0	209	15	0.231813
0	209	41	0.23178
0	209	37	0.2317
0	209	36	0.231417
0	209	20	0.231321
0	209	14	0.230748
0	209	25	0.230678
0	209	26	0.230389
0	209	25	0.230386
0	209	47	0.229982
0	209	19	0.229941
0	209	7	0.229337
0	209	36	0.229237
0	209	36	0.229236
0	209	14	0.229141
0	209	23	0.228674
0	209	40	0.228096
0	209	2	0.228095
0	209	33	0.227865
0	209	42	0.227436
0	209	42	0.227368
0	209	23	0.226717
0	209	35	0.226631
0	209	22	0.226435
0	209	10	0.226369
0	209	8	0.226257
0	209	39	0.225784
0	209	32	0.22556
0	209	29	0.225253
0	209	41	0.224847
0	209	43	0.224361
0	209	30	0.224056
0	209	41	0.22372
0	209	36	0.223629
0	209	9	0.223512
0	209	22	0.22335
0	209	43	0.223323
0	209	25	0.223289
0	209	10	0.223206
0	209	6	0.222974
0	209	44	0.222908
0	209	7	0.222628
0	209	14	0.222485
0	209	25	0.222473
0	209	39	0.222278
0	209	42	0.222224
0	209	21	0.221616
0	209	38	0.221584
0	209	11	0.220818
0	209	14	0.22022
0	209	37	0.220035
0	209	38	0.21985
0	209	2	0.219731
0	209	2	0.219608
0	209	6	0.219575
0	209	42	0.219314
1	209	0	0.218585
0	209	45	0.217887
0	209	40	0.217615
0	209	11	0.217485
0	209	33	0.217122
0	209	40	0.217039
0	209	22	0.216829
0	209	37	0.216813
0	209	14	0.216297
0	209	20	0.216056
0	209	17	0.215652
0	209	36	0.215598
0	209	44	0.215504
0	209	23	0.215247
0	209	40	0.215191
0	209	25	0.215143
0	209	20	0.215023
0	209	44	0.214704
0	209	42	0.214677
0	209	3	0.214453
0	209	25	0.21375
0	209	33	0.213638
0	209	21	0.213553
0	209	7	0.213424
0	209	14	0.213218
0	209	27	0.213112
0	209	8	0.213089
0	209	27	0.213067
0	209	2	0.213046
0	209	19	0.212945
0	209	2	0.212942
0	209	31	0.212936
0	209	25	0.212224
0	209	35	0.212189
0	209	41	0.211934
0	209	14	0.211928
0	209	38	0.211774
0	209	2	0.211654
0	209	5	0.211405
1	209	0	0.211374
0	209	12	0.210675
0	209	40	0.210439
0	209	17	0.21021
0	209	20	0.210155
0	209	16	0.209686
0	209	40	0.209581
0	209	7	0.209483
0	209	7	0.209421
0	209	2	0.209224
0	209	4	0.209165
0	209	1	0.209142
0	209	26	0.20913
0	209	28	0.20863
0	209	38	0.208618
0	209	2	0.208442
0	209	3	0.208439
0	209	27	0.208355
0	209	18	0.207996
0	209	32	0.207966
1	209	0	0.207792
0	209	23	0.207688
0	209	19	0.207526
0	209	35	0.207314
0	209	5	0.207175
0	209	31	0.207093
0	209	36	0.206754
0	209	36	0.206599
0	209	23	0.206541
0	209	2	0.206527
0	209	26	0.206504
0	209	42	0.206433
0	209	11	0.205735
0	209	26	0.205679
0	209	3	0.205273
0	209	26	0.205145
0	209	30	0.205077
0	209	37	0.20507
0	209	10	0.205038
0	209	28	0.204644
0	209	16	0.204356
0	209	16	0.20413
0	209	28	0.20378
0	209	28	0.203718
0	209	21	0.203697
0	209	8	0.203616
0	209	26	0.203477
0	209	12	0.203233
0	209	42	0.203141
0	209	17	0.202638
0	209	22	0.202441
0	209	29	0.202346
0	209	39	0.202221
0	209	4	0.202194
0	209	10	0.201996
0	209	2	0.201794
0	209	9	0.201727
0	209	11	0.201671
0	209	10	0.201438
0	209	2	0.201367
0	209	20	0.201113
0	209	24	0.201096
0	209	33	0.200919
0	209	1	0.200909
0	209	27	0.199697
0	209	12	0.199154
0	209	26	0.199066
0	209	16	0.19904
0	209	23	0.198901
0	209	18	0.19865
0	209	37	0.198164
0	209	36	0.198046
0	209	41	0.197969
0	209	22	0.197603
0	209	39	0.197165
0	209	23	0.197115
1	209	0	0.196726
0	209	11	0.19666
0	209	34	0.196612
0	209	14	0.196536
0	209	28	0.196451
0	209	33	0.19636
0	209	3	0.196159
0	209	28	0.19592
0	209	4	0.195238
0	209	30	0.194402
0	209	8	0.194317
0	209	39	0.194316
0	209	17	0.194191
0	209	8	0.194106
0	209	16	0.194058
1	209	0	0.193764
0	209	31	0.193214
0	209	21	0.193023
0	209	28	0.192974
0	209	40	0.192779
1	209	0	0.19271
0	209	5	0.19254
0	209	4	0.192515
1	209	0	0.19232
0	209	28	0.192217
1	209	0	0.192182
0	209	25	0.191933
0	209	18	0.19129
0	209	35	0.191246
0	209	20	0.190881
0	209	23	0.189896
0	209	15	0.189738
0	209	6	0.189726
0	209	37	0.189038
0	209	33	0.188554
0	209	24	0.18808
0	209	22	0.187979
0	209	21	0.187838
0	209	36	0.187693
0	209	26	0.187627
0	209	32	0.187403
0	209	31	0.187362
0	209	16	0.18727
0	209	12	0.187241
0	209	12	0.187086
0	209	23	0.18708
0	209	28	0.186949
0	209	7	0.186781
0	209	34	0.186271
0	209	10	0.186171
0	209	13	0.186115
0	209	12	0.185844
0	209	21	0.185745
0	209	25	0.185733
0	209	33	0.185564
0	209	33	0.185446
0	209	2	0.185373
0	209	18	0.185322
0	209	35	0.184926
0	209	28	0.184868
0	209	22	0.184361
0	209	20	0.184261
0	209	15	0.184211
0	209	3	0.184097
0	209	15	0.184025
0	209	14	0.184008
0	209	2	0.183249
0	209	23	0.182995
0	209	27	0.182913
0	209	20	0.182851
0	209	28	0.182503
0	209	29	0.182381
0	209	4	0.182287
0	209	35	0.182264
0	209	15	0.182115
0	209	1	0.181995
0	209	21	0.181923
0	209	12	0.181899
0	209	23	0.1818
0	209	28	0.18164
1	209	0	0.181569
0	209	34	0.181472
0	209	30	0.18134
0	209	32	0.181313
0	209	6	0.180965
0	209	22	0.180848
0	209	4	0.180842
0	209	33	0.180687
0	209	1	0.1803
0	209	25	0.1803
0	209	12	0.179515
0	209	20	0.179464
0	209	18	0.17945
0	209	15	0.179328
0	209	15	0.179317
0	209	25	0.179268
0	209	14	0.179158
0	209	4	0.178978
0	209	20	0.178908
0	209	35	0.177931
0	209	24	0.17775
0	209	15	0.177245
0	209	21	0.177041
0	209	22	0.176908
0	209	35	0.175971
0	209	20	0.17573
0	209	25	0.175465
0	209	24	0.175197
0	209	24	0.175089
0	209	32	0.174905
0	209	16	0.174678
0	209	35	0.174447
0	209	35	0.174431
0	209	7	0.17417
0	209	31	0.174053
0	209	15	0.173315
0	209	8	0.173076
0	209	22	0.172934
0	209	31	0.172833
0	209	13	0.172689
0	209	24	0.172617
0	209	3	0.172397
0	209	24	0.172379
0	209	31	0.172079
0	209	29	0.171271
0	209	11	0.170784
0	209	23	0.170762
0	209	13	0.170258
1	209	0	0.170229
0	209	15	0.17021
0	209	30	0.170133
0	209	22	0.170132
0	209	2	0.169542
0	209	30	0.169471
0	209	17	0.169311
0	209	34	0.168988
0	209	12	0.168775
1	209	0	0.168608
0	209	23	0.168336
0	209	7	0.167843
1	209	0	0.167767
0	209	12	0.167765
0	209	18	0.167451
0	209	17	0.167208
0	209	23	0.166888
0	209	32	0.166528
0	209	34	0.166315
0	209	8	0.166278
0	209	9	0.166054
0	209	25	0.166011
0	209	11	0.165973
0	209	30	0.165901
0	209	13	0.165779
0	209	17	0.165706
0	209	20	0.165108
0	209	33	0.165065
0	209	16	0.164762
0	209	17	0.164745
0	209	6	0.164659
0	209	21	0.164651
0	209	16	0.164605
0	209	12	0.164519
0	209	2	0.164279
0	209	31	0.163998
0	209	4	0.163506
0	209	34	0.16342
0	209	30	0.163382
0	209	30	0.163288
0	209	26	0.163178
0	209	22	0.163118
0	209	9	0.163061
0	209	19	0.162795
0	209	25	0.162513
0	209	10	0.162392
0	209	25	0.162158
0	209	30	0.162078
0	209	3	0.161732
0	209	22	0.161615
0	209	21	0.161533
0	209	25	0.161358
0	209	2	0.161226
0	209	16	0.161021
0	209	11	0.160747
0	209	22	0.160629
0	209	1	0.160471
0	209	13	0.160431
0	209	30	0.160332
0	209	33	0.160229
0	209	5	0.160206
0	209	20	0.159838
0	209	9	0.159486
0	209	26	0.158698
0	209	28	0.158618
0	209	27	0.158456
0	209	3	0.157851
0	209	3	0.157835
0	209	12	0.157819
0	209	16	0.157501
0	209	18	0.157433
0	209	26	0.157331
0	209	15	0.157242
0	209	10	0.156503
1	209	0	0.156491
0	209	14	0.156289
0	209	29	0.155955
0	209	15	0.15577
0	209	10	0.155555
0	209	9	0.155229
0	209	5	0.154705
0	209	9	0.154533
0	209	12	0.154296
0	209	12	0.153741
0	209	9	0.153568
0	209	22	0.153552
0	209	11	0.153474
0	209	20	0.15323
0	209	10	0.153086
0	209	23	0.15302
0	209	4	0.152984
0	209	26	0.152914
0	209	10	0.152905
0	209	18	0.152809
0	209	26	0.152729
0	209	5	0.152573
0	209	20	0.15196
0	209	23	0.151938
0	209	9	0.151915
0	209	19	0.151667
0	209	5	0.151557
0	209	26	0.151553
0	209	9	0.151482
0	209	9	0.150745
0	209	6	0.150745
0	209	15	0.150703
0	209	10	0.150329
0	209	23	0.150257
0	209	6	0.149919
0	209	11	0.149882
0	209	16	0.149796
0	209	30	0.149759
0	209	23	0.149649
0	209	22	0.149621
1	209	0	0.149589
0	209	14	0.149574
0	209	6	0.149194
0	209	3	0.149066
0	209	22	0.148897
0	209	23	0.148881
0	209	20	0.148763
0	209	22	0.148667
0	209	22	0.148145
1	209	0	0.147621
0	209	18	0.147616
0	209	14	0.147347
0	209	18	0.147269
0	209	19	0.147124
0	209	9	0.147108
0	209	8	0.14671
0	209	5	0.146538
0	209	21	0.146516
1	209	0	0.146367
0	209	10	0.146243
0	209	23	0.146113
0	209	27	0.146006
0	209	19	0.14588
0	209	20	0.145865
0	209	5	0.145596
0	209	17	0.145219
0	209	10	0.144826
0	209	23	0.144725
0	209	21	0.144709
0	209	30	0.144566
0	209	8	0.144331
0	209	23	0.144041
0	209	14	0.143768
0	209	5	0.143705
0	209	24	0.143472
1	209	0	0.14334
0	209	14	0.143257
0	209	6	0.143225
0	209	24	0.142473
0	209	2	0.142189
0	209	5	0.142042
0	209	11	0.141945
0	209	13	0.141858
0	209	29	0.141825
0	209	13	0.141689
0	209	14	0.141463
0	209	27	0.141418
0	209	5	0.141137
0	209	21	0.140529
0	209	1	0.140422
0	209	21	0.140298
0	209	9	0.140253
0	209	16	0.139087
0	209	21	0.138682
0	209	3	0.138215
0	209	17	0.138122
0	209	12	0.137625
0	209	2	0.137445
0	209	21	0.13709
0	209	18	0.137079
0	209	13	0.136759
0	209	17	0.136569
0	209	1	0.136461
0	209	27	0.136181
0	209	16	0.136083
0	209	6	0.136062
0	209	18	0.136044
0	209	27	0.135908
0	209	5	0.135783
0	209	9	0.1354
0	209	1	0.135255
0	209	28	0.13449
0	209	27	0.134194
0	209	1	0.134166
0	209	19	0.134027
0	209	27	0.133083
0	209	25	0.132751
0	209	22	0.132647
0	209	27	0.132269
0	209	22	0.132058
0	209	18	0.131924
0	209	23	0.131871
0	209	16	0.131661
0	209	19	0.130502
0	209	5	0.12987
0	209	20	0.129743
0	209	14	0.129384
0	209	11	0.129383
0	209	26	0.129162
0	209	5	0.12903
0	209	26	0.128835
0	209	23	0.128574
0	209	11	0.128062
0	209	26	0.12796
0	209	3	0.127918
0	209	3	0.127262
0	209	6	0.127024
0	209	1	0.126896
0	209	3	0.1265
0	209	7	0.126185
0	209	24	0.125815
0	209	3	0.125332
0	209	2	0.125252
0	209	10	0.1252
0	209	5	0.124562
0	209	10	0.124328
0	209	5	0.124287
0	209	11	0.123848
0	209	16	0.123399
0	209	5	0.123111
0	209	5	0.122915
0	209	25	0.122701
0	209	16	0.122561
0	209	20	0.122436
0	209	22	0.122406
0	209	10	0.122141
0	209	15	0.122035
0	209	11	0.121906
0	209	9	0.121829
0	209	8	0.12174
0	209	14	0.121492
0	209	23	0.121428
0	209	8	0.121064
0	209	7	0.120983
0	209	4	0.120545
0	209	8	0.120531
0	209	16	0.120268
0	209	10	0.119189
0	209	18	0.119123
0	209	3	0.119086
0	209	13	0.11839
0	209	12	0.118279
0	209	3	0.117996
0	209	8	0.117888
0	209	14	0.117636
1	209	0	0.11748
0	209	4	0.117397
0	209	17	0.117198
0	209	17	0.117167
0	209	10	0.116941
0	209	10	0.116822
0	209	11	0.116244
0	209	2	0.11616
0	209	23	0.116132
0	209	11	0.116013
0	209	24	0.115603
0	209	23	0.115411
0	209	21	0.115052
0	209	15	0.115044
0	209	22	0.114514
0	209	18	0.113618
0	209	9	0.113434
0	209	5	0.113265
0	209	22	0.113163
0	209	11	0.112889
0	209	11	0.112859
0	209	21	0.112055
0	209	11	0.111979
0	209	1	0.111892
0	209	3	0.111851
0	209	10	0.111263
0	209	13	0.111199
0	209	11	0.111183
0	209	22	0.111151
0	209	9	0.110136
0	209	6	0.11011
1	209	0	0.110013
0	209	6	0.11001
0	209	22	0.110002
0	209	18	0.109758
0	209	19	0.109582
0	209	10	0.109128
0	209	21	0.109082
0	209	21	0.108794
0	209	9	0.108787
0	209	20	0.107818
0	209	9	0.107728
0	209	15	0.107362
0	209	2	0.10726
0	209	7	0.107233
0	209	8	0.107135
0	209	20	0.106758
0	209	3	0.106696
0	209	11	0.106212
0	209	7	0.105358
0	209	12	0.105311
0	209	16	0.105127
0	209	11	0.105094
0	209	18	0.105028
0	209	13	0.104901
0	209	15	0.104854
0	209	11	0.104646
0	209	1	0.104545
0	209	2	0.104416
0	209	11	0.104318
0	209	19	0.103982
0	209	11	0.103869
0	209	2	0.103728
0	209	4	0.103457
0	209	2	0.103078
0	209	3	0.103008
0	209	21	0.102559
0	209	3	0.102414
0	209	4	0.102331
0	209	20	0.101997
0	209	17	0.101984
0	209	16	0.101426
1	209	0	0.101035
0	209	4	0.100482
0	209	19	0.100345
1	209	0	0.100059
0	209	2	0.0998727
1	209	0	0.0997005
0	209	14	0.0996877
0	209	5	0.0994295
0	209	3	0.0991022
0	209	14	0.0984525
0	209	3	0.0980698
0	209	3	0.0979891
0	209	18	0.0974824
0	209	11	0.0974824
0	209	20	0.0974754
0	209	10	0.0970732
0	209	8	0.0970722
0	209	18	0.0968908
0	209	16	0.096771
0	209	16	0.0964191
0	209	6	0.0959276
0	209	11	0.0955719
0	209	11	0.0953505
0	209	2	0.0943894
0	209	5	0.0939008
0	209	3	0.0937594
0	209	4	0.0933693
0	209	4	0.0932123
0	209	7	0.0931468
0	209	15	0.0927484
0	209	16	0.0923063
0	209	14	0.0921218
0	209	6	0.0916696
0	209	2	0.0916672
0	209	19	0.0915114
0	209	12	0.0914529
0	209	4	0.0914164
1	209	0	0.0913905
0	209	8	0.0911477
0	209	12	0.0911087
0	209	8	0.0911047
0	209	9	0.0910182
0	209	14	0.090821
0	209	12	0.0907467
0	209	16	0.0905886
0	209	9	0.0904472
0	209	3	0.0903578
0	209	17	0.0901007
1	209	0	0.0900844
0	209	6	0.0895935
0	209	15	0.0891758
1	209	0	0.0889903
0	209	15	0.0889538
1	209	0	0.0888836
0	209	8	0.0887684
0	209	12	0.0887247
0	209	13	0.0885155
0	209	9	0.088346
0	209	3	0.0883433
0	209	13	0.0882691
0	209	6	0.0882277
0	209	16	0.0877084
0	209	2	0.0875132
0	209	3	0.0867976
0	209	7	0.0867304
0	209	13	0.0865805
0	209	12	0.085626
0	209	1	0.0855091
0	209	6	0.0853563
0	209	15	0.0852659
0	209	17	0.0851572
0	209	7	0.0850761
0	209	8	0.0850349
0	209	2	0.0848402
0	209	7	0.0847764
0	209	13	0.0847023
0	209	15	0.0846496
0	209	13	0.0845853
0	209	11	0.0843245
0	209	6	0.0839554
0	209	7	0.0834761
0	209	10	0.0834681
0	209	4	0.0831794
0	209	9	0.0830392
0	209	1	0.0828487
0	209	9	0.0828138
0	209	3	0.0824277
0	209	9	0.0823562
0	209	9	0.0819066
0	209	6	0.0818879
0	209	15	0.0817876
0	209	1	0.0815446
0	209	17	0.0814481
1	209	0	0.0814347
0	209	3	0.0814223
0	209	17	0.0813797
0	209	4	0.0813027
0	209	2	0.0811424
0	209	13	0.08102
0	209	9	0.0808389
0	209	2	0.0803161
0	209	5	0.0802641
0	209	8	0.0801231
0	209	9	0.0798344
0	209	15	0.0796936
0	209	12	0.0796146
0	209	5	0.0795672
0	209	4	0.0793262
0	209	16	0.0791516
0	209	14	0.0787477
0	209	6	0.0786488
0	209	16	0.0785668
0	209	16	0.0785603
0	209	1	0.078456
0	209	5	0.0783302
0	209	2	0.0779782
0	209	3	0.0775109
0	209	6	0.0774444
0	209	1	0.0774403
1	209	0	0.0768598
0	209	8	0.0760749
0	209	6	0.0759421
0	209	1	0.0756666
0	209	7	0.0754208
0	209	14	0.0749875
0	209	15	0.0749379
0	209	11	0.0749124
0	209	13	0.0747916
0	209	1	0.074659
0	209	4	0.0742226
0	209	6	0.0739795
0	209	1	0.0739076
0	209	4	0.0736985
0	209	12	0.0736759
0	209	15	0.0736137
0	209	3	0.0735671
0	209	12	0.0734626
0	209	5	0.0734531
0	209	1	0.0733678
0	209	6	0.0731202
0	209	8	0.0730969
0	209	11	0.0724764
0	209	3	0.0724376
0	209	10	0.072271
0	209	1	0.0720141
0	209	7	0.0718864
0	209	10	0.0716729
0	209	10	0.0714434
0	209	3	0.0713741
0	209	1	0.0711988
0	209	2	0.0709965
0	209	3	0.0709647
0	209	12	0.0709377
0	209	12	0.0707879
0	209	8	0.0706966
0	209	3	0.070673
0	209	7	0.0706332
0	209	5	0.0706264
0	209	7	0.070453
0	209	12	0.0697777
0	209	4	0.0697508
0	209	14	0.0696763
0	209	14	0.0692299
0	209	11	0.0691105
0	209	12	0.0690653
0	209	12	0.0685272
0	209	10	0.0684085
0	209	12	0.0683908
0	209	12	0.0682541
0	209	14	0.0682479
0	209	13	0.0676657
0	209	5	0.0674207
0	209	3	0.0671565
0	209	10	0.0669213
0	209	1	0.0667587
0	209	10	0.0666255
0	209	6	0.0659844
0	209	5	0.0658012
0	209	13	0.0656485
0	209	5	0.0651838
0	209	11	0.0650259
0	209	7	0.0646016
0	209	11	0.0644825
0	209	2	0.0644353
0	209	5	0.064255
0	209	3	0.064231
0	209	4	0.0639549
0	209	11	0.0632507
0	209	13	0.0632241
0	209	4	0.0628239
0	209	3	0.0625961
0	209	9	0.0624409
0	209	7	0.0620953
1	209	0	0.0619602
0	209	10	0.0618264
0	209	9	0.061531
0	209	10	0.0614943
0	209	7	0.0614867
0	209	9	0.0614761
0	209	5	0.061228
0	209	1	0.0607642
1	209	0	0.0606474
0	209	3	0.0603802
0	209	2	0.0603002
0	209	9	0.0602639
0	209	3	0.0599811
1	209	0	0.059929
0	209	9	0.0598266
0	209	9	0.0596936
0	209	5	0.059648
0	209	8	0.0596187
0	209	5	0.0593761
0	209	8	0.0593253
0	209	7	0.0593055
1	209	0	0.059272
0	209	8	0.059212
0	209	6	0.0587464
0	209	11	0.0586748
0	209	7	0.0586235
0	209	7	0.058566
0	209	7	0.0584144
0	209	8	0.0581837
0	209	10	0.0581748
0	209	10	0.05778
0	209	1	0.0573972
0	209	2	0.0573253
0	209	9	0.0573159
0	209	6	0.0570186
0	209	11	0.0567428
0	209	1	0.0567096
0	209	10	0.0562903
0	209	5	0.0562007
0	209	6	0.0560067
0	209	2	0.0557781
0	209	9	0.0553142
0	209	3	0.0550584
0	209	8	0.0550246
1	209	0	0.0544698
0	209	4	0.054408
0	209	2	0.05432
0	209	10	0.0539422
0	209	4	0.0538721
0	209	9	0.0537624
0	209	1	0.0536792
0	209	11	0.0535809
0	209	6	0.0534277
0	209	9	0.0527884
0	209	1	0.0524378
1	209	0	0.052397
0	209	6	0.0520789
0	209	3	0.0519486
0	209	8	0.0519466
0	209	3	0.0515639
0	209	2	0.0514093
1	209	0	0.0507314
0	209	9	0.0506667
0	209	2	0.0505957
0	209	1	0.0505786
1	209	0	0.0505589
0	209	9	0.050236
0	209	5	0.0500705
0	209	5	0.0499865
0	209	10	0.0498589
0	209	2	0.0497425
0	209	2	0.0496125
0	209	1	0.0490118
0	209	8	0.048757
1	209	0	0.0484382
0	209	4	0.0481774
1	209	0	0.0481562
0	209	7	0.0480939
0	209	3	0.0478919
0	209	2	0.0462941
0	209	8	0.0461542
0	209	1	0.0455657
0	209	2	0.0450285
0	209	6	0.0449191
1	209	0	0.0447917
0	209	6	0.0445666
0	209	2	0.0444317
1	209	0	0.0443552
0	209	4	0.0440445
1	209	0	0.043912
0	209	9	0.0437761
0	209	1	0.0437525
0	209	1	0.0431292
0	209	7	0.0425454
0	209	1	0.0424496
0	209	3	0.0422422
0	209	4	0.041906
0	209	7	0.0417131
1	209	0	0.0415101
0	209	6	0.041295
0	209	5	0.0405242
0	209	6	0.0404445
0	209	4	0.0397806
0	209	2	0.0397327
0	209	5	0.039712
0	209	5	0.0394341
0	209	6	0.0390019
1	209	0	0.0389636
0	209	5	0.0385794
0	209	7	0.0381292
0	209	1	0.0379906
0	209	1	0.0378096
0	209	7	0.0378046
0	209	5	0.0377972
0	209	6	0.0376018
0	209	6	0.0375809
0	209	7	0.0368811
0	209	4	0.0365367
0	209	2	0.0361063
0	209	5	0.0360219
0	209	4	0.0360097
0	209	1	0.0359155
1	209	0	0.0356993
0	209	6	0.0356791
0	209	2	0.035641
0	209	1	0.0355845
1	209	0	0.0351322
1	209	0	0.0349722
1	209	0	0.0343503
0	209	1	0.034068
1	209	0	0.0340493
0	209	7	0.0338628
1	209	0	0.0337191
0	209	1	0.0335812
0	209	1	0.0334647
1	209	0	0.0331125
1	209	0	0.0329463
0	209	4	0.0328966
0	209	5	0.0324223
0	209	2	0.0316341
1	209	0	0.0300673
0	209	6	0.0300553
0	209	1	0.0300553
0	209	3	0.0300504
0	209	3	0.0299516
0	209	6	0.0299196
0	209	2	0.029848
0	209	4	0.0298241
0	209	4	0.0297765
0	209	3	0.0295158
0	209	6	0.0294442
1	209	0	0.0292895
0	209	3	0.0292307
0	209	2	0.0290488
0	209	6	0.0289823
0	209	5	0.028979
0	209	4	0.0283573
0	209	3	0.0281848
0	209	5	0.0274685
0	209	1	0.0273852
0	209	3	0.0267621
0	209	4	0.0263779
0	209	5	0.0263357
0	209	1	0.0250407
0	209	5	0.0249612
0	209	3	0.0248709
0	209	2	0.0247999
0	209	3	0.0247687
0	209	1	0.0241173
0	209	1	0.0234385
0	209	4	0.0233161
0	209	4	0.023025
0	209	1	0.0229655
0	209	4	0.0227646
0	209	3	0.0224916
1	209	0	0.0224633
0	209	2	0.022455
0	209	2	0.0223278
1	209	0	0.0222284
0	209	1	0.0218607
1	209	0	0.0216807
0	209	2	0.0214702
0	209	1	0.0214294
0	209	2	0.0207686
0	209	4	0.0207259
1	209	0	0.0205563
1	209	0	0.0205473
0	209	1	0.0203917
0	209	3	0.020287
1	209	0	0.0201489
0	209	2	0.0191955
0	209	3	0.0191747
0	209	2	0.019074
0	209	1	0.018922
0	209	3	0.0186151
1	209	0	0.0183178
0	209	1	0.0178611
1	209	0	0.0172314
1	209	0	0.0171915
0	209	1	0.0168721
0	209	3	0.0166605
0	209	3	0.0165841
0	209	1	0.0165567
1	209	0	0.0163165
0	209	2	0.0162651
0	209	2	0.0160111
0	209	2	0.0154147
0	209	3	0.0149742
0	209	2	0.0149054
0	209	3	0.0147763
0	209	3	0.0146465
0	209	2	0.0145442
0	209	3	0.0143731
0	209	1	0.0143341
0	209	1	0.0141282
1	209	0	0.0138526
1	209	0	0.0136639
1	209	0	0.0136398
1	209	0	0.0133221
0	209	1	0.0132988
0	209	2	0.0127717
1	209	0	0.0125226
0	209	2	0.0123527
1	209	0	0.0123251
0	209	1	0.0122748
0	209	2	0.0122101
0	209	2	0.0120977
0	209	2	0.0117578
0	209	1	0.011614
1	209	0	0.0105233
0	209	1	0.0102591
