10151.2
0.116572
5000
1	352	78	0.989962
1	352	75	0.989813
1	352	44	0.989735
1	352	86	0.989514
1	352	109	0.989297
0	352	280	0.989119
0	352	336	0.989109
1	352	171	0.988867
1	352	114	0.988781
0	352	219	0.988031
1	352	178	0.987548
0	352	213	0.987008
1	352	179	0.986927
1	352	14	0.98684
1	352	57	0.986734
0	352	237	0.986635
0	352	288	0.986316
1	352	165	0.986038
0	352	176	0.985858
0	352	193	0.985833
1	352	80	0.985653
1	352	112	0.985511
1	352	125	0.985116
1	352	35	0.984971
0	352	205	0.984487
0	352	199	0.98444
1	352	9	0.983969
1	352	71	0.983824
0	352	160	0.983434
1	352	142	0.983327
1	352	18	0.983065
0	352	189	0.982822
0	352	306	0.982497
0	352	306	0.982419
0	352	160	0.982128
0	352	239	0.981873
0	352	197	0.981592
1	352	5	0.981575
1	352	46	0.981437
0	352	192	0.980987
0	352	170	0.980801
0	352	170	0.980443
1	352	4	0.980406
0	352	268	0.980374
1	352	6	0.979871
0	352	343	0.979733
1	352	30	0.979714
0	352	288	0.979697
0	352	218	0.979364
0	352	247	0.97928
1	352	68	0.97919
0	352	144	0.978661
0	352	133	0.978448
0	352	118	0.978248
0	352	334	0.977868
0	352	231	0.977852
0	352	247	0.97774
0	352	171	0.977701
0	352	203	0.977634
1	352	101	0.977164
0	352	289	0.976949
0	352	231	0.97683
1	352	79	0.976044
0	352	304	0.975898
0	352	98	0.975424
0	352	97	0.975137
1	352	15	0.975059
1	352	59	0.975023
0	352	136	0.974861
0	352	288	0.974531
0	352	261	0.974491
0	352	276	0.974383
0	352	253	0.974135
0	352	198	0.974094
1	352	42	0.97352
1	352	65	0.973462
0	352	252	0.973217
1	352	38	0.973174
1	352	25	0.972951
0	352	309	0.972648
1	352	31	0.972638
0	352	301	0.972475
1	352	27	0.972381
1	352	3	0.972306
0	352	194	0.972228
0	352	102	0.972148
0	352	104	0.971897
0	352	177	0.971749
0	352	322	0.971706
0	352	259	0.971642
1	352	60	0.971621
1	352	61	0.971537
0	352	296	0.971478
0	352	76	0.971364
0	352	180	0.971282
1	352	41	0.97126
1	352	4	0.971194
0	352	263	0.971148
0	352	240	0.971142
1	352	33	0.971057
0	352	249	0.970724
0	352	149	0.97068
0	352	335	0.970494
0	352	99	0.970479
0	352	209	0.970443
0	352	209	0.970395
1	352	70	0.970366
0	352	260	0.970201
0	352	228	0.970039
1	352	29	0.969891
0	352	288	0.969672
0	352	242	0.96963
1	352	6	0.969565
0	352	328	0.969113
0	352	237	0.969048
0	352	97	0.968911
0	352	269	0.968828
0	352	269	0.968394
0	352	325	0.96759
0	352	217	0.967578
0	352	163	0.967557
0	352	222	0.967481
0	352	73	0.967436
0	352	102	0.966812
1	352	14	0.96662
1	352	64	0.966471
0	352	90	0.965941
0	352	216	0.965902
0	352	87	0.965698
1	352	42	0.96555
0	352	172	0.965513
0	352	268	0.965441
0	352	158	0.965409
0	352	278	0.96484
0	352	253	0.964655
0	352	281	0.964622
0	352	203	0.964488
0	352	291	0.964344
1	352	39	0.964265
0	352	255	0.964019
0	352	295	0.963865
0	352	126	0.963752
0	352	331	0.963677
1	352	18	0.963662
0	352	174	0.963617
1	352	46	0.963393
0	352	137	0.963371
0	352	272	0.963342
0	352	282	0.963273
0	352	148	0.962585
0	352	203	0.962464
0	352	263	0.9624
0	352	281	0.962341
0	352	119	0.962067
0	352	226	0.961872
0	352	250	0.961833
0	352	188	0.961503
0	352	174	0.961424
0	352	119	0.961415
0	352	93	0.961347
0	352	221	0.961061
0	352	161	0.960021
0	352	211	0.959442
1	352	26	0.959343
0	352	336	0.959139
0	352	79	0.958942
0	352	135	0.958858
0	352	230	0.958813
1	352	48	0.958796
0	352	311	0.958627
0	352	193	0.958446
0	352	53	0.958374
0	352	103	0.958355
0	352	74	0.958353
0	352	243	0.958254
0	352	154	0.958205
0	352	170	0.95772
0	352	220	0.957491
0	352	119	0.957417
1	352	32	0.956372
0	352	172	0.956175
0	352	277	0.956024
0	352	48	0.955639
0	352	59	0.955491
1	352	2	0.955407
0	352	210	0.955259
1	352	15	0.954838
0	352	167	0.954667
0	352	45	0.95403
0	352	99	0.953716
0	352	138	0.953453
0	352	234	0.952872
0	352	188	0.952649
0	352	303	0.952501
0	352	110	0.952396
0	352	266	0.952392
0	352	105	0.951658
0	352	278	0.95161
0	352	287	0.951301
0	352	292	0.951011
0	352	133	0.950347
0	352	245	0.950325
0	352	270	0.949884
0	352	61	0.949877
0	352	221	0.949774
0	352	223	0.949728
0	352	191	0.949699
1	352	21	0.948971
0	352	134	0.948882
0	352	174	0.948689
0	352	139	0.948244
0	352	216	0.948067
0	352	269	0.947872
0	352	265	0.947694
0	352	131	0.947526
0	352	86	0.94734
0	352	65	0.947253
0	352	48	0.946499
1	352	16	0.946232
0	352	50	0.946067
0	352	114	0.945672
0	352	148	0.945665
0	352	168	0.945613
0	352	169	0.945578
0	352	228	0.94551
0	352	318	0.944773
0	352	173	0.944682
0	352	289	0.944584
0	352	329	0.943772
0	352	316	0.943743
0	352	292	0.943695
0	352	217	0.94342
0	352	258	0.943399
0	352	180	0.94327
0	352	185	0.943185
0	352	200	0.942988
0	352	94	0.942473
0	352	302	0.942177
0	352	205	0.941965
0	352	161	0.941822
0	352	152	0.941154
0	352	266	0.941152
0	352	193	0.941062
1	352	26	0.940996
0	352	154	0.940895
0	352	213	0.940553
0	352	298	0.940208
0	352	318	0.939738
0	352	166	0.939722
0	352	55	0.939548
0	352	123	0.939372
0	352	315	0.938995
0	352	152	0.93896
0	352	239	0.938905
0	352	44	0.938779
0	352	176	0.938276
0	352	174	0.938068
0	352	102	0.937879
0	352	251	0.937672
0	352	291	0.937448
0	352	193	0.937358
0	352	284	0.937354
0	352	228	0.937261
0	352	139	0.937163
0	352	120	0.937138
0	352	298	0.937134
0	352	320	0.936916
0	352	243	0.936797
0	352	128	0.935968
0	352	300	0.935863
0	352	157	0.935244
0	352	148	0.934895
0	352	157	0.934802
0	352	37	0.934752
0	352	267	0.934706
0	352	149	0.93429
0	352	48	0.934211
0	352	219	0.934205
0	352	218	0.933902
0	352	115	0.933753
0	352	48	0.933548
1	352	9	0.933508
0	352	180	0.933397
0	352	328	0.933393
0	352	255	0.933385
0	352	87	0.933131
0	352	221	0.932863
0	352	252	0.932651
0	352	61	0.932003
0	352	159	0.931619
0	352	62	0.931581
0	352	73	0.931412
0	352	68	0.931269
1	352	16	0.931014
0	352	251	0.93077
1	352	5	0.930665
0	352	248	0.930596
0	352	227	0.930504
0	352	137	0.930469
0	352	213	0.929872
0	352	65	0.929734
0	352	313	0.929218
0	352	232	0.929065
0	352	155	0.928895
0	352	275	0.92805
0	352	97	0.927521
0	352	210	0.927291
0	352	47	0.9268
0	352	55	0.92654
0	352	115	0.92541
0	352	60	0.925119
0	352	97	0.92506
0	352	291	0.924865
0	352	240	0.923741
0	352	226	0.923638
0	352	165	0.923597
0	352	61	0.923577
0	352	239	0.92356
0	352	279	0.92354
0	352	105	0.923508
0	352	256	0.923265
0	352	188	0.923221
0	352	34	0.922948
0	352	40	0.922885
0	352	197	0.922759
0	352	82	0.922686
0	352	297	0.922482
0	352	148	0.922311
0	352	141	0.922297
0	352	298	0.922121
0	352	178	0.92199
0	352	208	0.921988
0	352	187	0.92189
0	352	43	0.921744
0	352	70	0.921633
1	352	13	0.921465
0	352	306	0.921395
0	352	298	0.921192
0	352	77	0.92117
0	352	246	0.920965
0	352	81	0.920942
0	352	106	0.920932
0	352	317	0.920917
0	352	49	0.920509
0	352	108	0.920082
0	352	307	0.919624
1	352	12	0.919483
0	352	157	0.919477
0	352	199	0.919359
0	352	83	0.919295
0	352	31	0.919239
0	352	23	0.918956
0	352	275	0.918911
0	352	53	0.918725
1	352	1	0.918546
0	352	302	0.918238
0	352	211	0.918231
0	352	282	0.918112
0	352	285	0.917951
0	352	59	0.917718
0	352	272	0.91765
0	352	89	0.917235
0	352	115	0.91711
0	352	43	0.916911
0	352	187	0.916895
0	352	99	0.916566
0	352	167	0.916481
0	352	62	0.916037
0	352	315	0.915869
0	352	146	0.91586
0	352	183	0.915299
0	352	222	0.914759
0	352	243	0.914616
0	352	209	0.914415
0	352	149	0.914209
0	352	25	0.914012
0	352	164	0.913971
0	352	155	0.913876
0	352	56	0.913442
0	352	282	0.912793
0	352	222	0.912777
0	352	124	0.91231
0	352	137	0.911683
1	352	2	0.911676
0	352	113	0.911629
1	352	0	0.911567
0	352	308	0.911548
0	352	242	0.91127
0	352	140	0.910843
0	352	129	0.910725
0	352	144	0.910558
0	352	160	0.910106
0	352	131	0.90983
0	352	306	0.909637
1	352	8	0.909592
0	352	60	0.90943
0	352	45	0.90905
0	352	81	0.90904
0	352	148	0.908979
0	352	18	0.908805
0	352	169	0.908679
0	352	257	0.908169
0	352	197	0.908167
0	352	161	0.90762
0	352	209	0.907572
0	352	66	0.907566
0	352	78	0.907523
0	352	140	0.907285
0	352	293	0.907033
0	352	263	0.906996
0	352	172	0.906918
0	352	253	0.906916
0	352	285	0.906429
0	352	36	0.905649
0	352	212	0.905585
0	352	212	0.905037
0	352	227	0.904226
0	352	242	0.904066
0	352	236	0.903858
0	352	256	0.903756
0	352	307	0.903567
0	352	286	0.903507
0	352	186	0.903175
0	352	123	0.903103
0	352	159	0.902863
0	352	166	0.902194
0	352	163	0.90219
0	352	278	0.902115
0	352	306	0.901212
0	352	116	0.900758
0	352	243	0.900671
0	352	311	0.900618
0	352	277	0.900378
0	352	70	0.900261
1	352	6	0.900156
1	352	10	0.900108
0	352	213	0.900074
0	352	52	0.900012
0	352	52	0.899886
0	352	87	0.899803
0	352	73	0.8998
0	352	289	0.89944
0	352	224	0.899325
0	352	286	0.899301
0	352	266	0.899172
0	352	285	0.899152
0	352	219	0.899119
0	352	13	0.899021
0	352	100	0.899017
0	352	180	0.898733
0	352	254	0.898607
0	352	146	0.898583
0	352	238	0.898543
0	352	69	0.898262
0	352	161	0.898248
0	352	310	0.898222
0	352	108	0.898156
0	352	50	0.898073
0	352	40	0.897709
0	352	95	0.897344
0	352	119	0.89718
0	352	230	0.897153
0	352	85	0.897115
0	352	11	0.89673
0	352	185	0.896473
1	352	7	0.896342
0	352	275	0.896293
0	352	112	0.896187
0	352	195	0.89601
0	352	19	0.895935
0	352	313	0.895889
0	352	227	0.89587
0	352	121	0.895139
0	352	95	0.894719
0	352	25	0.894554
0	352	141	0.89446
0	352	59	0.89444
1	352	6	0.894392
0	352	129	0.894173
0	352	140	0.89408
0	352	11	0.89386
0	352	127	0.893754
0	352	28	0.893627
0	352	127	0.893449
0	352	12	0.893362
0	352	249	0.893266
1	352	5	0.893211
0	352	53	0.892746
0	352	298	0.892627
0	352	228	0.892605
0	352	108	0.892203
0	352	154	0.891545
0	352	166	0.891519
0	352	72	0.891317
0	352	202	0.891237
0	352	46	0.890815
0	352	272	0.890466
0	352	22	0.890184
0	352	240	0.890024
0	352	292	0.889719
0	352	11	0.889678
0	352	125	0.889654
0	352	171	0.889309
0	352	283	0.888769
0	352	34	0.888529
0	352	39	0.888318
0	352	157	0.888178
0	352	301	0.888097
0	352	265	0.887921
0	352	200	0.887792
0	352	99	0.887791
0	352	94	0.887299
0	352	123	0.887196
0	352	183	0.886913
0	352	312	0.886393
0	352	50	0.886149
0	352	114	0.886025
0	352	126	0.886017
0	352	45	0.885584
0	352	129	0.885265
0	352	182	0.885228
0	352	172	0.88517
0	352	113	0.885072
0	352	171	0.884162
0	352	143	0.883825
0	352	27	0.883183
0	352	14	0.88315
0	352	26	0.883119
0	352	117	0.882972
0	352	81	0.882845
0	352	302	0.882794
0	352	46	0.882785
0	352	223	0.882367
0	352	189	0.882068
0	352	279	0.881977
0	352	277	0.88196
0	352	233	0.881485
0	352	255	0.881123
0	352	44	0.881093
0	352	307	0.881084
0	352	40	0.880965
0	352	205	0.88081
0	352	106	0.880806
0	352	127	0.880618
0	352	89	0.88031
0	352	128	0.879673
0	352	220	0.879442
0	352	285	0.879401
0	352	301	0.879317
0	352	175	0.878614
0	352	97	0.878317
0	352	206	0.878073
0	352	193	0.878022
0	352	51	0.877735
0	352	155	0.877036
0	352	268	0.87676
0	352	190	0.876322
0	352	154	0.876134
0	352	45	0.875998
0	352	238	0.875965
0	352	23	0.875963
0	352	308	0.875947
0	352	168	0.87583
0	352	69	0.875749
0	352	57	0.875261
0	352	20	0.874937
0	352	157	0.874653
0	352	171	0.874635
0	352	67	0.874035
0	352	137	0.873911
0	352	293	0.873556
0	352	304	0.873481
0	352	25	0.873107
0	352	73	0.873085
0	352	17	0.872887
0	352	32	0.872434
0	352	257	0.871142
0	352	274	0.870754
0	352	104	0.870702
0	352	265	0.870661
0	352	153	0.87009
0	352	190	0.870033
0	352	76	0.869782
0	352	175	0.869776
0	352	246	0.869644
0	352	85	0.869435
0	352	212	0.869424
0	352	88	0.869371
0	352	44	0.869291
0	352	144	0.868932
0	352	33	0.868918
0	352	184	0.868772
0	352	141	0.868093
0	352	11	0.868032
0	352	49	0.867984
0	352	133	0.867947
0	352	45	0.867775
0	352	271	0.867716
0	352	85	0.867096
0	352	44	0.866923
0	352	269	0.866596
0	352	281	0.86658
0	352	106	0.866306
1	352	1	0.865935
0	352	37	0.865372
0	352	241	0.865353
0	352	56	0.864898
0	352	50	0.864859
0	352	92	0.864843
0	352	281	0.864624
0	352	276	0.864379
0	352	78	0.86436
0	352	296	0.864229
0	352	277	0.864169
0	352	213	0.86414
0	352	39	0.864134
1	352	0	0.864026
0	352	249	0.863858
0	352	304	0.863797
0	352	231	0.863418
0	352	245	0.863074
0	352	300	0.862976
0	352	141	0.862908
0	352	280	0.862738
0	352	204	0.862671
0	352	172	0.862655
0	352	284	0.862487
0	352	90	0.861853
0	352	132	0.861793
0	352	177	0.861692
0	352	41	0.86149
0	352	227	0.861165
0	352	231	0.860891
0	352	254	0.860807
0	352	218	0.86047
0	352	231	0.860431
0	352	277	0.86042
0	352	72	0.860318
0	352	282	0.860064
0	352	156	0.859857
0	352	243	0.859804
0	352	11	0.859766
0	352	300	0.859755
0	352	179	0.859398
0	352	142	0.859296
0	352	17	0.859215
0	352	19	0.859211
0	352	92	0.859022
0	352	65	0.858895
0	352	76	0.858829
0	352	37	0.858282
0	352	234	0.858159
0	352	28	0.858029
0	352	46	0.858015
0	352	64	0.857549
0	352	70	0.85749
0	352	180	0.856831
0	352	28	0.856614
0	352	299	0.85646
0	352	158	0.856298
0	352	102	0.856269
0	352	151	0.855666
0	352	216	0.855589
0	352	105	0.855565
0	352	207	0.855202
0	352	141	0.85512
0	352	102	0.855007
0	352	206	0.854811
0	352	69	0.854773
0	352	56	0.853852
0	352	32	0.853759
0	352	294	0.853699
0	352	271	0.853682
0	352	180	0.853601
0	352	81	0.853276
0	352	173	0.852994
0	352	154	0.85289
0	352	146	0.852751
0	352	277	0.852701
0	352	218	0.852627
0	352	117	0.852611
0	352	45	0.852527
0	352	278	0.852438
0	352	71	0.852266
0	352	179	0.852211
0	352	39	0.85215
0	352	65	0.851959
0	352	36	0.851895
0	352	131	0.851505
0	352	218	0.851459
0	352	241	0.851231
0	352	161	0.850901
0	352	265	0.850842
0	352	158	0.850775
0	352	146	0.850774
0	352	36	0.850729
0	352	234	0.850409
1	352	3	0.850377
0	352	148	0.850229
0	352	160	0.850128
0	352	112	0.849926
0	352	159	0.849752
0	352	11	0.849732
0	352	211	0.849561
0	352	9	0.849483
1	352	2	0.849283
0	352	41	0.849023
0	352	108	0.848822
0	352	263	0.848804
0	352	69	0.848763
1	352	0	0.848759
0	352	61	0.84853
0	352	165	0.848502
0	352	97	0.848289
0	352	11	0.84826
0	352	143	0.847903
0	352	262	0.847832
0	352	261	0.847781
0	352	164	0.847774
0	352	15	0.847686
0	352	95	0.84755
0	352	52	0.847475
0	352	204	0.846599
0	352	43	0.846128
0	352	33	0.845947
0	352	172	0.845872
0	352	282	0.845676
0	352	50	0.845505
0	352	193	0.845502
0	352	75	0.845465
0	352	251	0.845358
0	352	44	0.845034
0	352	246	0.844496
0	352	104	0.844319
0	352	277	0.844107
0	352	159	0.843487
0	352	233	0.843104
0	352	174	0.842575
0	352	114	0.842432
0	352	94	0.842329
0	352	208	0.842066
0	352	30	0.841769
0	352	59	0.841243
0	352	173	0.841138
0	352	30	0.840438
0	352	283	0.8401
0	352	194	0.839801
0	352	137	0.839568
0	352	110	0.83953
0	352	52	0.839111
0	352	218	0.83902
0	352	280	0.838148
0	352	92	0.838002
0	352	132	0.837913
0	352	128	0.83733
0	352	202	0.837285
0	352	231	0.83715
0	352	41	0.83699
0	352	128	0.836838
0	352	57	0.836593
0	352	44	0.836339
0	352	210	0.836305
0	352	279	0.836207
0	352	85	0.835612
0	352	176	0.835552
0	352	148	0.835206
0	352	82	0.835168
0	352	184	0.835103
0	352	74	0.835017
0	352	39	0.83495
0	352	142	0.834725
0	352	293	0.834538
0	352	128	0.834384
0	352	18	0.834141
0	352	43	0.834065
0	352	58	0.833976
0	352	50	0.833853
0	352	212	0.833763
0	352	84	0.833712
0	352	208	0.833262
0	352	35	0.833012
0	352	13	0.832961
0	352	147	0.832902
0	352	49	0.832739
0	352	89	0.832146
0	352	163	0.831766
0	352	206	0.831207
0	352	72	0.831
0	352	291	0.830906
0	352	153	0.83069
0	352	241	0.830587
0	352	77	0.83022
0	352	275	0.830189
0	352	164	0.830047
0	352	196	0.830028
0	352	245	0.829832
0	352	177	0.829691
0	352	79	0.829634
0	352	223	0.829165
0	352	246	0.829156
0	352	153	0.829106
0	352	166	0.829009
0	352	271	0.828924
0	352	285	0.828845
0	352	42	0.828795
0	352	78	0.82851
0	352	129	0.828405
0	352	218	0.828392
0	352	266	0.828186
0	352	92	0.82725
0	352	96	0.827228
0	352	207	0.826987
0	352	160	0.826858
0	352	56	0.826593
0	352	205	0.826456
0	352	137	0.826207
0	352	220	0.826045
0	352	41	0.825443
0	352	279	0.825167
0	352	201	0.824778
0	352	39	0.82461
0	352	73	0.824399
0	352	272	0.823921
0	352	71	0.823911
0	352	133	0.823612
0	352	29	0.823533
0	352	180	0.823169
0	352	96	0.822882
0	352	288	0.822574
0	352	178	0.822297
0	352	211	0.822016
0	352	6	0.821452
0	352	222	0.821021
0	352	12	0.820527
0	352	203	0.820226
0	352	67	0.819859
0	352	194	0.819663
0	352	48	0.819459
0	352	240	0.819248
0	352	107	0.819053
0	352	142	0.818517
0	352	252	0.818138
0	352	173	0.818078
0	352	122	0.818043
0	352	75	0.817933
0	352	261	0.817751
0	352	277	0.817603
0	352	92	0.817242
0	352	207	0.816778
0	352	254	0.81672
0	352	57	0.816587
0	352	281	0.816413
0	352	92	0.816297
0	352	58	0.815957
0	352	125	0.815619
0	352	45	0.815434
0	352	273	0.815146
0	352	195	0.81458
0	352	227	0.813763
0	352	40	0.813512
0	352	235	0.813407
0	352	143	0.812807
0	352	41	0.812719
1	352	0	0.812546
0	352	244	0.812466
0	352	95	0.81236
0	352	119	0.812181
0	352	110	0.81192
0	352	217	0.811877
0	352	10	0.811802
0	352	212	0.811445
1	352	0	0.811111
0	352	154	0.810939
0	352	162	0.810677
0	352	13	0.810495
0	352	110	0.81015
0	352	246	0.809721
0	352	158	0.809588
0	352	56	0.809486
0	352	55	0.809206
0	352	153	0.80905
0	352	229	0.809043
0	352	244	0.808851
0	352	216	0.808781
0	352	122	0.808645
0	352	75	0.80853
0	352	136	0.808241
0	352	183	0.807593
0	352	50	0.807589
0	352	268	0.806974
0	352	86	0.806758
0	352	147	0.80639
0	352	270	0.806297
0	352	179	0.806104
0	352	133	0.805985
0	352	115	0.80581
0	352	57	0.805736
0	352	161	0.805227
0	352	226	0.805218
0	352	44	0.805017
0	352	15	0.80496
0	352	10	0.80488
0	352	79	0.804572
0	352	96	0.804477
0	352	226	0.804405
0	352	235	0.804381
0	352	76	0.804379
0	352	209	0.804038
0	352	188	0.804025
0	352	240	0.803935
0	352	194	0.803935
0	352	279	0.803781
0	352	51	0.803435
0	352	266	0.802828
0	352	194	0.802411
0	352	46	0.802376
0	352	194	0.801774
0	352	175	0.801741
0	352	56	0.801636
0	352	142	0.801623
0	352	247	0.801352
0	352	154	0.801062
0	352	27	0.800801
0	352	192	0.800691
0	352	125	0.800557
0	352	148	0.800392
0	352	95	0.800366
0	352	42	0.799922
0	352	79	0.799802
0	352	240	0.799504
0	352	94	0.79945
0	352	204	0.799064
0	352	166	0.798984
0	352	19	0.798831
0	352	129	0.798565
0	352	113	0.798518
0	352	172	0.798434
0	352	196	0.798262
0	352	61	0.798224
0	352	90	0.798037
0	352	237	0.797731
0	352	188	0.796825
0	352	174	0.796725
0	352	214	0.796365
0	352	15	0.796307
0	352	231	0.796135
0	352	4	0.795757
0	352	80	0.795612
0	352	95	0.795497
0	352	71	0.795451
0	352	33	0.795402
0	352	252	0.795169
0	352	270	0.795105
0	352	40	0.794813
0	352	115	0.794688
0	352	71	0.794357
0	352	10	0.794261
0	352	52	0.793871
0	352	255	0.793235
0	352	32	0.793203
0	352	265	0.792903
0	352	242	0.792892
0	352	8	0.792811
0	352	54	0.792658
0	352	59	0.792534
0	352	49	0.79252
0	352	245	0.792296
0	352	150	0.791331
0	352	73	0.790639
0	352	245	0.79042
0	352	32	0.7903
0	352	120	0.790256
0	352	258	0.79014
0	352	245	0.790041
0	352	85	0.7899
0	352	238	0.789854
0	352	7	0.789703
0	352	247	0.789481
0	352	86	0.789358
0	352	123	0.789229
0	352	116	0.789139
0	352	64	0.788957
0	352	18	0.788811
0	352	34	0.788697
0	352	178	0.788424
0	352	33	0.788356
0	352	139	0.788246
0	352	175	0.788101
0	352	154	0.788066
0	352	86	0.787954
0	352	273	0.787845
0	352	239	0.787798
0	352	105	0.787475
0	352	70	0.786808
0	352	133	0.78674
0	352	4	0.786641
0	352	170	0.786522
0	352	7	0.786144
0	352	32	0.786051
0	352	73	0.785827
0	352	25	0.785812
0	352	240	0.78538
0	352	29	0.785219
0	352	145	0.784926
0	352	235	0.784678
0	352	121	0.784579
0	352	94	0.784546
0	352	221	0.784371
0	352	128	0.78434
0	352	44	0.784305
0	352	61	0.784149
0	352	16	0.783791
0	352	157	0.783677
0	352	27	0.782923
0	352	122	0.782817
0	352	225	0.782581
0	352	166	0.782428
0	352	151	0.782376
0	352	180	0.782352
0	352	137	0.782084
0	352	243	0.781878
0	352	143	0.781824
0	352	84	0.781803
0	352	72	0.781799
0	352	47	0.781746
0	352	112	0.781538
0	352	13	0.781415
0	352	56	0.781235
0	352	110	0.781217
0	352	54	0.780956
0	352	16	0.780904
0	352	183	0.780802
0	352	20	0.780687
0	352	157	0.780674
0	352	141	0.780388
0	352	124	0.780208
0	352	265	0.780153
0	352	176	0.780129
0	352	110	0.780027
0	352	246	0.780018
0	352	47	0.779953
0	352	194	0.779792
0	352	233	0.779621
0	352	114	0.779506
0	352	155	0.779448
0	352	114	0.779201
0	352	50	0.779144
0	352	241	0.779007
0	352	130	0.778801
0	352	227	0.778766
0	352	240	0.778593
0	352	210	0.778305
0	352	158	0.777697
0	352	27	0.777686
0	352	100	0.77756
0	352	133	0.777503
0	352	11	0.777146
0	352	59	0.776916
0	352	94	0.776024
0	352	37	0.775782
0	352	202	0.775701
0	352	106	0.775651
0	352	92	0.775477
0	352	190	0.774619
0	352	228	0.774411
0	352	82	0.774404
0	352	77	0.774281
0	352	105	0.773944
0	352	44	0.773906
0	352	9	0.773359
0	352	35	0.773309
0	352	62	0.773202
0	352	266	0.772794
0	352	103	0.772319
0	352	86	0.772254
0	352	190	0.772147
0	352	267	0.771979
0	352	214	0.77196
1	352	0	0.771702
0	352	162	0.771401
0	352	124	0.771385
0	352	116	0.771358
0	352	232	0.77092
0	352	261	0.770825
0	352	217	0.770697
0	352	132	0.770632
0	352	26	0.770188
0	352	51	0.769961
0	352	19	0.769905
0	352	220	0.769837
0	352	126	0.769775
0	352	109	0.769755
0	352	130	0.769538
0	352	110	0.769073
0	352	264	0.769004
0	352	84	0.768911
0	352	175	0.768466
0	352	230	0.768236
0	352	101	0.768202
0	352	115	0.768193
0	352	131	0.768134
0	352	49	0.767807
0	352	142	0.767758
0	352	217	0.767039
0	352	105	0.766939
0	352	251	0.766818
0	352	214	0.766792
0	352	161	0.766649
0	352	67	0.766609
0	352	95	0.766336
0	352	138	0.766333
0	352	169	0.76631
0	352	173	0.766192
0	352	210	0.765982
0	352	201	0.765961
0	352	205	0.765856
0	352	3	0.765558
0	352	55	0.764744
0	352	158	0.764694
0	352	265	0.764642
0	352	212	0.764374
0	352	211	0.764369
0	352	58	0.763938
0	352	147	0.763721
0	352	126	0.763333
0	352	112	0.762974
0	352	59	0.762795
0	352	244	0.76239
0	352	193	0.762166
0	352	160	0.761845
0	352	29	0.761503
0	352	91	0.761331
0	352	69	0.761326
0	352	15	0.761242
0	352	205	0.761045
0	352	120	0.760939
0	352	249	0.760938
0	352	24	0.760902
0	352	127	0.760759
0	352	191	0.760741
0	352	186	0.760618
0	352	75	0.760156
0	352	113	0.759987
0	352	37	0.759691
0	352	61	0.75946
0	352	28	0.759211
0	352	225	0.759128
0	352	40	0.758974
0	352	31	0.758902
0	352	24	0.758738
0	352	233	0.758542
0	352	185	0.758457
0	352	98	0.758298
0	352	262	0.758036
0	352	113	0.757887
0	352	223	0.757707
0	352	114	0.757638
0	352	104	0.757636
0	352	28	0.757564
0	352	11	0.757536
0	352	156	0.757409
0	352	129	0.757353
0	352	251	0.757189
0	352	223	0.756599
0	352	252	0.755972
0	352	228	0.755668
0	352	188	0.755379
0	352	247	0.755307
0	352	25	0.755086
0	352	209	0.755028
0	352	208	0.754988
0	352	81	0.754987
0	352	170	0.754983
0	352	222	0.754874
0	352	236	0.754806
0	352	17	0.754806
0	352	156	0.754726
0	352	181	0.75441
0	352	53	0.7542
0	352	81	0.754031
0	352	91	0.753944
0	352	111	0.75338
0	352	111	0.753359
0	352	184	0.753304
0	352	185	0.753266
0	352	223	0.753128
0	352	69	0.752961
0	352	226	0.7529
0	352	11	0.752871
0	352	193	0.752702
0	352	207	0.751923
0	352	156	0.751428
0	352	245	0.751332
0	352	133	0.751176
0	352	242	0.751
0	352	238	0.750988
0	352	95	0.750538
0	352	157	0.750337
0	352	226	0.750328
0	352	106	0.750286
0	352	110	0.749981
0	352	235	0.749656
0	352	210	0.749515
0	352	240	0.749437
0	352	197	0.74928
0	352	251	0.748743
0	352	50	0.74813
0	352	89	0.747533
0	352	99	0.747518
0	352	222	0.74733
0	352	134	0.747238
0	352	50	0.747189
0	352	172	0.747048
0	352	8	0.745933
0	352	127	0.745882
0	352	252	0.745328
0	352	142	0.745212
0	352	129	0.745173
0	352	157	0.745153
0	352	158	0.744623
0	352	161	0.74461
0	352	12	0.744401
0	352	212	0.744256
0	352	220	0.744027
0	352	66	0.744007
0	352	143	0.743457
0	352	210	0.743379
0	352	200	0.743335
0	352	145	0.742872
0	352	145	0.742763
0	352	195	0.742394
0	352	196	0.742054
0	352	163	0.741792
0	352	199	0.740969
0	352	47	0.740582
0	352	232	0.740524
0	352	116	0.74043
0	352	42	0.740399
0	352	112	0.740066
0	352	68	0.740064
0	352	99	0.739586
0	352	235	0.73957
1	352	0	0.739373
0	352	187	0.739366
0	352	99	0.739111
0	352	205	0.738833
0	352	35	0.738684
0	352	114	0.738569
0	352	95	0.738263
0	352	200	0.73807
0	352	13	0.738036
0	352	165	0.737695
0	352	8	0.737505
0	352	140	0.737069
0	352	139	0.737056
0	352	49	0.736496
0	352	77	0.736223
0	352	104	0.73621
0	352	256	0.735933
0	352	235	0.73564
0	352	72	0.73529
0	352	180	0.735266
0	352	57	0.734594
0	352	136	0.734324
0	352	179	0.734164
0	352	244	0.734145
0	352	189	0.734001
0	352	231	0.733949
0	352	176	0.733889
0	352	246	0.733663
0	352	13	0.733534
0	352	219	0.733231
0	352	161	0.732768
0	352	171	0.732741
0	352	134	0.732544
0	352	77	0.732454
0	352	175	0.732412
0	352	182	0.732203
0	352	81	0.732138
0	352	105	0.732008
0	352	160	0.731894
0	352	64	0.731667
0	352	191	0.731271
0	352	39	0.731203
0	352	7	0.73104
0	352	116	0.730933
0	352	141	0.730802
0	352	252	0.730799
0	352	26	0.730717
0	352	36	0.730663
0	352	9	0.730565
0	352	148	0.730328
0	352	91	0.729989
0	352	191	0.729953
0	352	82	0.729886
0	352	45	0.72982
0	352	156	0.729194
0	352	236	0.729192
0	352	83	0.729097
0	352	239	0.728935
0	352	125	0.728923
0	352	85	0.728851
0	352	115	0.728533
0	352	216	0.728505
0	352	125	0.728452
0	352	94	0.728354
0	352	241	0.728152
0	352	188	0.728152
0	352	113	0.728028
0	352	127	0.727834
0	352	64	0.727821
0	352	46	0.727731
0	352	230	0.727077
0	352	10	0.726815
0	352	7	0.726648
0	352	89	0.726465
0	352	245	0.726225
0	352	31	0.725673
0	352	56	0.725438
0	352	138	0.72532
0	352	213	0.725274
0	352	142	0.725235
0	352	157	0.725192
0	352	235	0.72519
0	352	159	0.724872
0	352	146	0.724848
0	352	74	0.72474
0	352	35	0.724519
0	352	101	0.724443
0	352	193	0.724312
0	352	88	0.724287
0	352	35	0.724119
0	352	225	0.723779
0	352	188	0.723419
0	352	213	0.722821
0	352	164	0.722707
0	352	60	0.722661
0	352	214	0.722578
0	352	30	0.722384
0	352	65	0.722311
0	352	128	0.722097
0	352	185	0.722077
0	352	26	0.721541
0	352	175	0.721503
0	352	92	0.72133
0	352	156	0.721077
0	352	8	0.719484
0	352	196	0.719383
0	352	18	0.71934
0	352	198	0.719279
0	352	241	0.71916
0	352	149	0.719012
0	352	56	0.718782
0	352	188	0.718668
0	352	217	0.718272
0	352	8	0.718223
0	352	19	0.718215
0	352	245	0.718205
0	352	71	0.718027
0	352	111	0.717921
0	352	23	0.717875
0	352	72	0.71783
0	352	3	0.717813
0	352	26	0.717786
0	352	16	0.71771
0	352	187	0.717594
0	352	181	0.717564
0	352	86	0.717561
0	352	139	0.717254
0	352	114	0.717201
0	352	196	0.717185
0	352	106	0.716864
0	352	178	0.71675
0	352	150	0.71612
0	352	159	0.716085
0	352	67	0.715653
0	352	34	0.715621
0	352	42	0.715318
0	352	120	0.715246
0	352	183	0.715178
0	352	163	0.715089
0	352	240	0.714793
0	352	158	0.714648
0	352	123	0.714184
0	352	90	0.713273
0	352	217	0.712913
0	352	82	0.712816
0	352	212	0.71264
0	352	69	0.712544
0	352	6	0.712442
0	352	211	0.712421
0	352	224	0.711981
0	352	193	0.711819
0	352	30	0.71141
0	352	49	0.71134
0	352	9	0.711317
0	352	47	0.711307
0	352	145	0.711149
0	352	106	0.710378
0	352	89	0.710208
0	352	29	0.710193
0	352	163	0.710149
0	352	39	0.709923
0	352	112	0.709212
0	352	13	0.708865
0	352	20	0.70792
0	352	214	0.707851
0	352	34	0.70781
0	352	221	0.707634
0	352	135	0.707116
0	352	84	0.706895
0	352	242	0.706798
0	352	216	0.706735
0	352	53	0.70643
0	352	243	0.706227
0	352	156	0.705728
0	352	164	0.705446
0	352	244	0.705047
0	352	89	0.705034
0	352	83	0.70487
0	352	148	0.70475
0	352	205	0.704483
0	352	59	0.704345
0	352	239	0.703865
0	352	64	0.703718
0	352	105	0.703633
0	352	134	0.703521
0	352	186	0.703375
0	352	247	0.703348
0	352	100	0.703306
0	352	4	0.703268
0	352	86	0.70252
0	352	128	0.701887
0	352	206	0.701291
0	352	5	0.700687
0	352	6	0.700469
0	352	241	0.700156
0	352	237	0.700142
0	352	62	0.699869
0	352	133	0.699401
0	352	201	0.699222
0	352	46	0.698797
0	352	89	0.69863
0	352	109	0.698432
0	352	21	0.697807
0	352	4	0.697604
0	352	58	0.697574
0	352	162	0.697458
0	352	109	0.697393
0	352	241	0.696638
0	352	53	0.696615
0	352	233	0.69661
0	352	143	0.696458
0	352	241	0.696279
0	352	172	0.696145
0	352	155	0.696139
0	352	55	0.69601
0	352	126	0.695988
0	352	87	0.695686
0	352	234	0.695532
0	352	63	0.695329
0	352	43	0.695228
0	352	169	0.695157
0	352	55	0.694901
0	352	102	0.694808
0	352	33	0.694695
0	352	105	0.694664
0	352	107	0.694566
0	352	152	0.694471
0	352	105	0.694128
0	352	170	0.693417
0	352	91	0.693209
0	352	58	0.693062
0	352	111	0.692471
0	352	117	0.692414
0	352	159	0.692413
0	352	56	0.692359
0	352	59	0.692089
0	352	178	0.691329
0	352	148	0.691148
0	352	115	0.691094
0	352	190	0.691088
0	352	232	0.690963
0	352	73	0.69081
0	352	47	0.690743
0	352	171	0.690605
0	352	41	0.689975
0	352	172	0.689861
0	352	23	0.689628
0	352	42	0.689334
0	352	10	0.688809
0	352	107	0.688718
0	352	208	0.688612
0	352	41	0.688404
0	352	10	0.688295
0	352	173	0.688234
0	352	211	0.687869
0	352	43	0.687586
0	352	200	0.687335
0	352	79	0.687198
0	352	151	0.687025
0	352	83	0.686979
0	352	151	0.686819
0	352	70	0.686693
0	352	23	0.686451
0	352	49	0.68634
0	352	195	0.68621
0	352	111	0.686148
0	352	39	0.686056
0	352	109	0.685976
0	352	80	0.68573
0	352	98	0.685699
0	352	15	0.685559
0	352	30	0.685554
0	352	91	0.685394
0	352	131	0.685318
0	352	78	0.685233
0	352	30	0.685198
0	352	151	0.685064
0	352	30	0.685058
0	352	28	0.685038
0	352	200	0.684897
0	352	154	0.684862
0	352	64	0.684254
0	352	91	0.683951
0	352	62	0.6835
0	352	158	0.683439
0	352	35	0.682781
0	352	227	0.68268
0	352	54	0.682475
0	352	140	0.682377
0	352	85	0.682064
0	352	150	0.681978
0	352	44	0.681872
0	352	139	0.681539
0	352	110	0.680884
0	352	194	0.680862
0	352	182	0.680787
0	352	134	0.680174
0	352	205	0.680088
0	352	219	0.679902
0	352	81	0.679463
0	352	15	0.679138
0	352	170	0.679072
0	352	169	0.678943
0	352	142	0.678303
0	352	184	0.67815
0	352	117	0.678008
0	352	61	0.677281
0	352	21	0.676425
0	352	171	0.676333
0	352	32	0.676168
0	352	68	0.676166
0	352	136	0.676147
0	352	191	0.676078
0	352	90	0.675903
0	352	51	0.675781
0	352	90	0.675737
0	352	135	0.675565
0	352	204	0.675495
0	352	124	0.675309
0	352	76	0.675175
0	352	214	0.675012
0	352	117	0.675011
0	352	48	0.674506
0	352	237	0.674089
0	352	85	0.673792
1	352	1	0.67378
0	352	128	0.673325
0	352	236	0.673016
0	352	198	0.672868
0	352	180	0.672862
0	352	156	0.672668
0	352	164	0.672039
0	352	184	0.671891
0	352	68	0.671446
0	352	27	0.671314
0	352	221	0.671112
0	352	17	0.671052
0	352	12	0.671041
0	352	42	0.670847
0	352	70	0.670695
0	352	8	0.67028
0	352	66	0.670065
0	352	195	0.669799
0	352	167	0.66962
0	352	163	0.669602
0	352	67	0.66926
0	352	130	0.668941
0	352	14	0.668816
0	352	161	0.668496
0	352	105	0.668407
0	352	217	0.668299
0	352	149	0.668082
0	352	201	0.667928
0	352	22	0.667892
0	352	8	0.667651
0	352	206	0.667239
0	352	109	0.667212
0	352	79	0.667081
0	352	105	0.666551
0	352	2	0.666513
0	352	218	0.666455
0	352	129	0.666369
0	352	185	0.666248
0	352	36	0.666231
0	352	133	0.666187
0	352	216	0.666104
0	352	161	0.665951
0	352	214	0.665582
0	352	167	0.665413
0	352	38	0.665397
0	352	195	0.665154
0	352	196	0.664874
0	352	183	0.664871
0	352	164	0.664683
0	352	34	0.66461
0	352	221	0.664101
0	352	201	0.663959
0	352	7	0.663925
0	352	219	0.663902
0	352	71	0.663894
0	352	181	0.663744
0	352	35	0.663606
0	352	158	0.66352
0	352	208	0.663437
0	352	113	0.663003
0	352	68	0.662917
0	352	232	0.661651
0	352	84	0.661281
0	352	219	0.661127
0	352	147	0.660961
0	352	169	0.660683
0	352	154	0.660602
0	352	59	0.660594
0	352	205	0.660349
0	352	43	0.660303
0	352	68	0.66014
0	352	108	0.659963
0	352	96	0.659928
0	352	141	0.65982
0	352	54	0.659754
0	352	196	0.659513
0	352	143	0.659448
0	352	39	0.65875
0	352	230	0.658458
0	352	57	0.658146
0	352	55	0.658049
0	352	222	0.658021
0	352	212	0.658011
0	352	26	0.657962
0	352	76	0.657906
0	352	180	0.657627
0	352	29	0.657024
0	352	39	0.656946
0	352	82	0.656734
0	352	71	0.656595
0	352	221	0.656368
0	352	110	0.656138
0	352	41	0.6561
0	352	109	0.655947
0	352	97	0.655882
0	352	196	0.655795
0	352	45	0.655393
0	352	205	0.655297
0	352	128	0.655251
0	352	86	0.655181
0	352	99	0.655171
0	352	53	0.65515
0	352	21	0.655092
0	352	78	0.655079
0	352	208	0.655001
0	352	2	0.654944
0	352	17	0.654593
0	352	224	0.654463
0	352	52	0.653816
0	352	72	0.653693
0	352	50	0.653461
0	352	58	0.65323
0	352	158	0.653074
0	352	73	0.653065
0	352	116	0.653027
0	352	49	0.652934
0	352	153	0.652933
0	352	152	0.652849
0	352	65	0.652613
0	352	159	0.652028
0	352	145	0.651919
0	352	75	0.65157
0	352	7	0.651401
0	352	205	0.651263
0	352	10	0.651216
0	352	53	0.651168
0	352	155	0.651106
0	352	59	0.651032
0	352	141	0.65093
0	352	116	0.65091
0	352	202	0.650879
0	352	16	0.650258
0	352	180	0.650243
0	352	179	0.64988
0	352	201	0.649837
0	352	125	0.649836
0	352	198	0.649704
0	352	208	0.649682
0	352	143	0.649673
0	352	220	0.649277
0	352	130	0.649087
0	352	146	0.648765
0	352	58	0.648557
0	352	113	0.648364
0	352	73	0.647935
0	352	96	0.64787
0	352	26	0.647753
0	352	152	0.647549
0	352	100	0.647513
0	352	125	0.646983
0	352	133	0.646539
0	352	62	0.646221
0	352	179	0.646155
0	352	42	0.645615
0	352	58	0.645513
0	352	174	0.645163
0	352	202	0.644903
0	352	166	0.644854
0	352	8	0.644476
0	352	126	0.643726
0	352	61	0.643663
0	352	80	0.643653
0	352	128	0.643368
0	352	108	0.643311
0	352	86	0.64325
0	352	19	0.64317
0	352	80	0.64317
0	352	191	0.643109
0	352	164	0.64299
0	352	109	0.642742
0	352	64	0.642617
0	352	30	0.642473
0	352	6	0.642287
0	352	132	0.642241
0	352	187	0.642191
0	352	93	0.642178
0	352	48	0.642093
0	352	29	0.641916
0	352	3	0.641901
0	352	157	0.641549
0	352	129	0.641478
0	352	157	0.641455
0	352	117	0.641299
0	352	67	0.641283
0	352	67	0.64122
0	352	95	0.641095
0	352	217	0.641093
0	352	129	0.640544
0	352	85	0.640121
0	352	224	0.64012
0	352	8	0.639952
0	352	112	0.639808
0	352	205	0.639723
0	352	105	0.639569
0	352	121	0.639493
0	352	69	0.638529
0	352	203	0.638521
0	352	47	0.638473
0	352	38	0.638431
0	352	17	0.637867
0	352	50	0.637718
0	352	45	0.637696
0	352	112	0.637659
0	352	43	0.637528
0	352	172	0.637443
0	352	197	0.637441
0	352	224	0.637313
0	352	24	0.637271
0	352	123	0.636916
0	352	63	0.636776
0	352	4	0.636751
0	352	44	0.636735
0	352	127	0.636292
0	352	150	0.635966
0	352	54	0.635806
0	352	117	0.635471
0	352	116	0.635238
0	352	139	0.635068
0	352	18	0.634981
0	352	85	0.634849
0	352	28	0.634727
0	352	192	0.634445
0	352	100	0.633916
0	352	82	0.633551
0	352	100	0.633162
0	352	29	0.633019
0	352	219	0.632956
0	352	36	0.632545
0	352	4	0.631943
0	352	100	0.631778
0	352	98	0.630872
0	352	162	0.63063
0	352	111	0.630434
0	352	83	0.630253
0	352	32	0.630034
0	352	63	0.630005
0	352	61	0.629988
0	352	109	0.629756
0	352	26	0.629452
0	352	48	0.62939
0	352	34	0.629106
0	352	204	0.628954
0	352	25	0.628811
0	352	87	0.628671
0	352	168	0.628572
0	352	89	0.627711
0	352	120	0.627505
0	352	43	0.62735
0	352	122	0.62734
0	352	172	0.62723
0	352	57	0.62717
0	352	34	0.62705
0	352	39	0.626989
0	352	3	0.626372
0	352	166	0.626234
0	352	24	0.625996
0	352	88	0.625922
0	352	201	0.625713
0	352	103	0.62552
0	352	199	0.624962
0	352	48	0.624722
0	352	131	0.624414
0	352	208	0.623738
0	352	13	0.623286
0	352	41	0.623274
0	352	127	0.623069
0	352	42	0.623032
0	352	119	0.622966
0	352	125	0.622897
0	352	162	0.622798
0	352	69	0.622762
0	352	18	0.622688
0	352	66	0.622633
0	352	50	0.622459
0	352	218	0.62211
0	352	41	0.622012
0	352	199	0.621636
0	352	13	0.621509
0	352	158	0.621476
0	352	152	0.62102
0	352	12	0.620858
0	352	63	0.620804
0	352	92	0.620757
0	352	164	0.620534
0	352	167	0.620341
0	352	115	0.619875
0	352	28	0.619584
0	352	203	0.619551
0	352	199	0.619009
0	352	168	0.618925
0	352	83	0.618891
0	352	67	0.618829
0	352	76	0.618328
0	352	187	0.618302
0	352	10	0.618247
0	352	55	0.618219
0	352	200	0.618118
0	352	50	0.61808
0	352	72	0.617982
0	352	208	0.617575
0	352	76	0.617528
0	352	68	0.617509
0	352	20	0.617283
0	352	211	0.616952
0	352	8	0.61642
0	352	171	0.616406
0	352	7	0.616406
0	352	167	0.616209
0	352	121	0.616024
0	352	38	0.615867
0	352	158	0.615488
0	352	171	0.614887
0	352	145	0.614416
0	352	177	0.614381
0	352	97	0.614349
0	352	52	0.614149
0	352	44	0.614076
0	352	74	0.614076
0	352	201	0.614072
0	352	22	0.614034
0	352	65	0.613877
0	352	104	0.613826
0	352	143	0.613566
0	352	153	0.613473
0	352	165	0.613404
0	352	1	0.613137
0	352	115	0.612697
0	352	194	0.612343
0	352	30	0.612207
0	352	133	0.611481
0	352	75	0.61133
0	352	24	0.6113
0	352	132	0.611062
0	352	59	0.61085
0	352	86	0.610647
0	352	23	0.610512
0	352	4	0.610488
0	352	80	0.6104
0	352	143	0.610225
0	352	14	0.610107
0	352	113	0.610045
0	352	206	0.609995
0	352	65	0.60956
0	352	87	0.609453
0	352	40	0.609436
0	352	66	0.608856
0	352	208	0.608824
0	352	64	0.608741
0	352	118	0.608478
0	352	110	0.607824
0	352	5	0.607761
0	352	25	0.607556
0	352	130	0.607555
0	352	61	0.607411
0	352	25	0.607399
0	352	118	0.607305
0	352	4	0.607117
0	352	209	0.607053
0	352	193	0.607051
0	352	29	0.606958
0	352	76	0.606626
0	352	15	0.605535
0	352	113	0.605397
0	352	119	0.605396
0	352	96	0.605216
0	352	152	0.6052
0	352	155	0.604845
0	352	75	0.604623
0	352	37	0.604388
0	352	120	0.603877
0	352	37	0.603827
0	352	11	0.603579
0	352	191	0.603348
0	352	114	0.603308
0	352	116	0.60316
0	352	21	0.602967
0	352	40	0.602826
0	352	66	0.602743
0	352	39	0.602574
0	352	185	0.602457
0	352	178	0.602356
0	352	23	0.602268
0	352	98	0.602023
0	352	211	0.601588
0	352	90	0.601055
0	352	67	0.601008
0	352	204	0.600987
0	352	164	0.600939
0	352	11	0.600711
0	352	117	0.600667
0	352	128	0.600611
0	352	60	0.600284
0	352	11	0.600078
0	352	163	0.598894
0	352	178	0.598673
0	352	184	0.598565
0	352	37	0.598533
0	352	63	0.598507
0	352	99	0.598485
0	352	191	0.598346
0	352	164	0.59825
0	352	44	0.598178
0	352	22	0.598015
0	352	11	0.598
0	352	197	0.597901
0	352	46	0.59741
0	352	113	0.597209
0	352	11	0.597022
0	352	5	0.597006
0	352	47	0.596441
0	352	42	0.596241
0	352	76	0.595572
0	352	18	0.595426
0	352	60	0.595308
0	352	95	0.595213
0	352	101	0.59498
0	352	25	0.594649
0	352	143	0.594491
0	352	201	0.594008
0	352	133	0.593821
0	352	130	0.593769
0	352	48	0.593737
0	352	75	0.593524
0	352	171	0.593492
0	352	10	0.59341
0	352	158	0.593253
0	352	54	0.593004
0	352	206	0.592942
0	352	115	0.592815
0	352	69	0.59278
0	352	79	0.592711
0	352	101	0.592602
0	352	90	0.592387
0	352	180	0.592079
0	352	103	0.591867
0	352	196	0.591832
0	352	177	0.59177
0	352	122	0.591644
0	352	71	0.591531
0	352	115	0.59153
0	352	100	0.591391
0	352	194	0.591313
0	352	87	0.591105
0	352	190	0.590994
0	352	102	0.590973
0	352	201	0.590838
0	352	179	0.590413
0	352	93	0.590242
0	352	189	0.589999
0	352	134	0.589979
0	352	33	0.589715
0	352	107	0.588853
0	352	123	0.588591
0	352	119	0.588471
0	352	173	0.588124
0	352	132	0.587877
0	352	69	0.587855
0	352	41	0.587786
0	352	206	0.587446
0	352	191	0.587051
0	352	140	0.586893
0	352	36	0.586482
0	352	149	0.586445
0	352	134	0.5863
0	352	65	0.586105
0	352	14	0.586051
0	352	127	0.585684
0	352	39	0.585566
0	352	6	0.585513
0	352	80	0.585462
0	352	163	0.585402
0	352	182	0.585263
0	352	120	0.585209
0	352	128	0.584798
0	352	157	0.584709
0	352	103	0.584706
0	352	85	0.584308
0	352	73	0.584208
0	352	62	0.584091
0	352	118	0.583611
0	352	182	0.583561
0	352	9	0.583521
0	352	6	0.582941
0	352	47	0.582905
0	352	88	0.58288
0	352	88	0.582853
0	352	92	0.582816
0	352	15	0.582524
0	352	6	0.581902
0	352	176	0.581626
0	352	108	0.581554
0	352	40	0.581008
0	352	197	0.580924
0	352	20	0.580749
0	352	116	0.580537
0	352	33	0.580375
0	352	72	0.580142
0	352	35	0.579768
0	352	143	0.579709
0	352	110	0.579702
0	352	189	0.57941
0	352	160	0.579101
0	352	170	0.579061
0	352	173	0.578501
0	352	3	0.5785
0	352	72	0.578424
0	352	193	0.578007
0	352	185	0.577897
0	352	99	0.577741
0	352	137	0.57763
0	352	198	0.577417
0	352	154	0.577332
0	352	27	0.577286
0	352	80	0.577245
0	352	8	0.577159
0	352	115	0.576961
0	352	39	0.576906
0	352	1	0.576778
0	352	136	0.57659
0	352	153	0.576561
0	352	47	0.576464
0	352	92	0.5764
0	352	107	0.576043
0	352	34	0.575326
0	352	52	0.575256
0	352	40	0.575176
0	352	175	0.575086
0	352	182	0.574533
0	352	185	0.574474
0	352	83	0.574384
0	352	185	0.573744
0	352	195	0.573646
0	352	18	0.573644
0	352	144	0.573613
0	352	78	0.573215
0	352	58	0.572904
0	352	188	0.572827
0	352	64	0.572706
0	352	63	0.572579
0	352	138	0.572343
0	352	103	0.572225
0	352	28	0.572107
0	352	31	0.571871
0	352	43	0.571844
0	352	58	0.571614
0	352	9	0.571591
0	352	169	0.571586
0	352	73	0.571467
0	352	182	0.571379
0	352	22	0.571316
0	352	104	0.571015
0	352	180	0.570911
0	352	161	0.570689
0	352	152	0.570612
0	352	163	0.570512
0	352	52	0.570357
0	352	116	0.570132
0	352	84	0.570118
0	352	155	0.569973
0	352	127	0.569826
0	352	46	0.56971
0	352	142	0.56964
0	352	153	0.569468
0	352	141	0.569195
0	352	92	0.569131
0	352	7	0.568908
0	352	198	0.568735
0	352	136	0.568503
0	352	74	0.568047
0	352	110	0.56798
0	352	5	0.567808
0	352	103	0.567784
0	352	126	0.567772
0	352	192	0.567762
0	352	42	0.567721
0	352	49	0.567685
0	352	110	0.567645
0	352	101	0.567103
0	352	21	0.566878
0	352	65	0.566727
0	352	112	0.566649
0	352	143	0.566441
0	352	146	0.566436
0	352	49	0.566358
0	352	158	0.56634
0	352	14	0.566108
0	352	146	0.56575
0	352	97	0.565744
0	352	159	0.565498
0	352	105	0.565484
0	352	178	0.565416
0	352	26	0.56508
0	352	26	0.564865
0	352	198	0.563786
0	352	128	0.563702
0	352	133	0.563417
0	352	35	0.563032
0	352	35	0.563004
0	352	185	0.562735
0	352	89	0.562457
0	352	173	0.561831
0	352	124	0.561374
0	352	121	0.561164
0	352	51	0.560843
0	352	152	0.560449
0	352	59	0.560114
0	352	125	0.559664
0	352	51	0.559658
0	352	129	0.559236
0	352	36	0.55893
0	352	116	0.558074
0	352	163	0.557901
0	352	141	0.557647
0	352	169	0.557468
0	352	103	0.557155
0	352	114	0.556773
0	352	182	0.556586
0	352	124	0.556549
0	352	139	0.556263
0	352	106	0.556011
0	352	24	0.555823
0	352	192	0.555604
0	352	128	0.55555
0	352	53	0.555521
0	352	167	0.555365
0	352	33	0.55533
0	352	26	0.554779
0	352	50	0.554735
0	352	18	0.554349
0	352	156	0.554269
0	352	142	0.554178
0	352	182	0.553718
0	352	105	0.553659
0	352	73	0.553625
0	352	75	0.553615
0	352	158	0.553537
0	352	51	0.553484
0	352	179	0.553403
0	352	114	0.553187
0	352	73	0.553025
0	352	98	0.552614
0	352	37	0.552294
0	352	3	0.552255
0	352	95	0.55164
0	352	163	0.551576
0	352	21	0.551413
0	352	162	0.550992
0	352	59	0.550969
0	352	81	0.550911
0	352	158	0.55075
0	352	121	0.550247
0	352	45	0.549422
0	352	126	0.549416
0	352	169	0.548631
0	352	90	0.548563
0	352	30	0.548465
0	352	16	0.548218
0	352	55	0.548082
0	352	81	0.547588
0	352	155	0.547184
0	352	79	0.547165
0	352	154	0.546916
0	352	170	0.546731
0	352	17	0.54665
0	352	27	0.546498
0	352	85	0.546049
0	352	70	0.546017
0	352	158	0.545863
0	352	135	0.545393
0	352	180	0.5453
0	352	144	0.545241
0	352	112	0.545034
0	352	167	0.545031
0	352	129	0.544862
0	352	60	0.54455
0	352	165	0.544327
0	352	52	0.544307
0	352	168	0.544234
0	352	111	0.543832
0	352	63	0.543256
0	352	32	0.542628
0	352	169	0.542532
0	352	141	0.542367
0	352	117	0.541943
0	352	20	0.541707
0	352	11	0.541701
0	352	117	0.541647
0	352	174	0.541473
0	352	143	0.541386
0	352	76	0.541098
0	352	149	0.540099
0	352	181	0.539999
0	352	14	0.539821
0	352	153	0.539815
0	352	109	0.539675
0	352	158	0.539326
0	352	49	0.539293
0	352	86	0.539253
0	352	146	0.539119
0	352	168	0.539047
0	352	118	0.539014
0	352	37	0.53878
0	352	119	0.538704
0	352	77	0.538491
0	352	68	0.53835
0	352	63	0.538333
0	352	122	0.538099
0	352	61	0.53742
0	352	81	0.537194
0	352	131	0.537167
0	352	118	0.537049
0	352	7	0.536772
0	352	117	0.536657
0	352	49	0.536638
0	352	63	0.536399
0	352	1	0.536277
0	352	131	0.535703
0	352	72	0.535208
0	352	43	0.535121
0	352	140	0.535013
0	352	100	0.534869
0	352	105	0.534711
0	352	169	0.534528
0	352	34	0.533912
0	352	88	0.5339
0	352	105	0.533555
0	352	133	0.533458
0	352	116	0.533319
0	352	124	0.53329
0	352	44	0.532718
0	352	117	0.532649
0	352	115	0.532286
0	352	141	0.53213
0	352	81	0.532124
0	352	48	0.532074
0	352	65	0.531711
0	352	64	0.531638
0	352	58	0.531514
0	352	7	0.531432
0	352	44	0.53096
1	352	0	0.530932
0	352	9	0.530579
0	352	8	0.530574
0	352	182	0.530479
0	352	51	0.530397
0	352	164	0.530328
0	352	158	0.529885
0	352	13	0.529776
0	352	184	0.529716
0	352	94	0.529694
0	352	162	0.528918
0	352	1	0.528842
0	352	83	0.528754
0	352	160	0.528517
0	352	94	0.528291
0	352	132	0.527961
0	352	62	0.5278
0	352	48	0.527706
0	352	133	0.527352
0	352	148	0.526843
0	352	146	0.526698
0	352	139	0.526637
0	352	34	0.526615
0	352	159	0.52646
0	352	100	0.526386
0	352	115	0.526369
0	352	160	0.525742
0	352	46	0.525068
0	352	56	0.524953
0	352	129	0.524635
0	352	39	0.524543
0	352	43	0.522974
0	352	109	0.522691
0	352	154	0.522199
0	352	9	0.521721
0	352	156	0.521658
0	352	48	0.521477
0	352	103	0.521469
0	352	135	0.521452
0	352	111	0.52141
0	352	168	0.521136
0	352	73	0.521065
0	352	108	0.520791
0	352	89	0.52077
0	352	74	0.520675
0	352	147	0.520378
0	352	127	0.520305
0	352	16	0.520139
0	352	75	0.519326
0	352	172	0.519302
0	352	112	0.519111
0	352	151	0.51897
0	352	83	0.518456
0	352	160	0.518384
0	352	151	0.518344
0	352	86	0.517989
0	352	7	0.517709
0	352	168	0.517395
0	352	53	0.517389
0	352	4	0.517192
0	352	69	0.517053
0	352	88	0.516955
0	352	68	0.516787
1	352	0	0.516378
0	352	18	0.516186
0	352	32	0.51617
0	352	142	0.516079
0	352	34	0.516058
0	352	10	0.515895
0	352	93	0.515704
0	352	171	0.514814
0	352	171	0.514614
0	352	179	0.514611
0	352	36	0.514455
0	352	53	0.513685
0	352	26	0.513413
0	352	31	0.513409
0	352	37	0.51336
0	352	33	0.51261
0	352	167	0.512527
0	352	92	0.511783
0	352	110	0.511771
0	352	158	0.511526
0	352	157	0.511517
0	352	95	0.511215
0	352	116	0.51066
0	352	38	0.510566
0	352	36	0.510385
0	352	97	0.510302
0	352	143	0.510135
0	352	128	0.510079
0	352	128	0.509831
0	352	132	0.509394
0	352	140	0.508574
0	352	168	0.508552
0	352	72	0.508466
0	352	96	0.508444
0	352	47	0.508104
0	352	106	0.507534
0	352	142	0.507141
0	352	74	0.506791
0	352	174	0.506563
0	352	89	0.506364
0	352	124	0.506031
0	352	14	0.505741
0	352	154	0.505443
0	352	48	0.505335
0	352	74	0.505038
0	352	46	0.504758
0	352	67	0.504682
0	352	46	0.504651
0	352	149	0.504317
0	352	71	0.504145
0	352	125	0.503475
0	352	158	0.503408
0	352	78	0.50334
0	352	17	0.503287
0	352	168	0.502462
0	352	36	0.502462
0	352	154	0.502357
0	352	132	0.502237
0	352	78	0.501769
0	352	166	0.501576
0	352	97	0.501488
0	352	152	0.50119
0	352	33	0.501081
0	352	113	0.500631
0	352	11	0.500551
0	352	59	0.500494
1	352	0	0.500394
0	352	167	0.500344
0	352	35	0.500194
0	352	165	0.500156
0	352	165	0.500155
0	352	5	0.49998
0	352	162	0.499863
0	352	108	0.499862
0	352	171	0.499691
0	352	70	0.499673
0	352	143	0.499566
0	352	51	0.499175
0	352	52	0.499036
0	352	106	0.498874
0	352	40	0.498525
0	352	102	0.498452
0	352	15	0.498367
0	352	65	0.498359
0	352	169	0.498353
0	352	49	0.497834
0	352	175	0.497715
0	352	120	0.497713
0	352	80	0.497614
0	352	39	0.497414
0	352	132	0.497394
0	352	154	0.497179
0	352	45	0.497143
0	352	50	0.496411
0	352	102	0.496284
0	352	87	0.495971
0	352	117	0.495905
0	352	170	0.495036
0	352	104	0.495003
0	352	13	0.494772
0	352	34	0.494298
0	352	169	0.494295
0	352	26	0.494136
0	352	98	0.49404
0	352	47	0.493502
0	352	10	0.493447
0	352	46	0.493343
0	352	98	0.493101
0	352	37	0.493096
0	352	107	0.492764
0	352	46	0.491752
0	352	19	0.491747
0	352	163	0.49153
0	352	45	0.491149
0	352	109	0.491144
0	352	20	0.491036
0	352	126	0.490966
0	352	137	0.490936
0	352	38	0.490779
0	352	59	0.490363
0	352	160	0.4903
0	352	84	0.49025
0	352	68	0.490159
0	352	33	0.48973
0	352	71	0.489483
0	352	98	0.489279
0	352	65	0.48888
0	352	63	0.487851
0	352	122	0.487701
0	352	157	0.487647
0	352	57	0.487644
0	352	70	0.48749
0	352	71	0.487489
0	352	39	0.487307
0	352	73	0.487306
0	352	66	0.487087
0	352	94	0.486646
0	352	130	0.486634
0	352	164	0.486364
0	352	44	0.486321
0	352	123	0.486055
0	352	13	0.485858
0	352	149	0.485621
0	352	58	0.48553
1	352	0	0.485529
0	352	21	0.485511
0	352	61	0.485448
0	352	116	0.485291
0	352	64	0.48502
0	352	12	0.484838
0	352	161	0.484791
0	352	139	0.484756
0	352	92	0.484743
0	352	51	0.484512
0	352	60	0.483958
0	352	109	0.483909
0	352	37	0.483353
0	352	71	0.483213
0	352	15	0.483071
0	352	129	0.483
0	352	86	0.482999
0	352	45	0.482901
0	352	130	0.482886
0	352	115	0.482607
0	352	108	0.482586
0	352	36	0.482287
0	352	52	0.48201
0	352	78	0.481462
0	352	116	0.481457
0	352	44	0.480719
0	352	163	0.480643
0	352	114	0.480545
0	352	104	0.480519
1	352	0	0.480516
0	352	61	0.480244
0	352	77	0.480243
0	352	97	0.480024
0	352	62	0.479442
0	352	19	0.479368
0	352	40	0.479236
0	352	71	0.47923
0	352	18	0.478709
0	352	9	0.478583
0	352	26	0.478164
0	352	26	0.478056
0	352	92	0.47799
0	352	40	0.477699
0	352	158	0.477645
0	352	28	0.47763
0	352	166	0.476886
0	352	119	0.476742
0	352	100	0.476504
0	352	155	0.476417
0	352	7	0.47626
0	352	30	0.476221
0	352	53	0.476138
0	352	165	0.475834
0	352	74	0.475669
0	352	36	0.475596
0	352	35	0.47538
0	352	20	0.47525
0	352	93	0.475096
0	352	121	0.475041
0	352	136	0.474786
0	352	128	0.474733
0	352	144	0.474667
0	352	48	0.474204
0	352	164	0.474118
0	352	96	0.47408
0	352	56	0.473468
0	352	165	0.473305
0	352	141	0.473277
0	352	93	0.473241
0	352	108	0.472986
0	352	46	0.472881
0	352	32	0.472703
0	352	60	0.472633
0	352	93	0.472475
0	352	62	0.472462
0	352	161	0.472374
0	352	43	0.47225
0	352	150	0.472106
0	352	93	0.47209
0	352	30	0.472079
0	352	162	0.471981
0	352	153	0.471964
0	352	31	0.4717
0	352	33	0.471632
0	352	66	0.471238
0	352	52	0.471232
0	352	26	0.471009
0	352	63	0.470825
0	352	146	0.470808
0	352	54	0.470679
0	352	24	0.47019
0	352	103	0.470116
0	352	123	0.469897
0	352	85	0.469867
0	352	165	0.469691
0	352	14	0.469357
1	352	0	0.46928
0	352	39	0.469084
0	352	136	0.469042
0	352	138	0.468677
0	352	68	0.468517
0	352	137	0.46847
0	352	16	0.468167
0	352	44	0.46755
0	352	42	0.467055
0	352	86	0.46683
0	352	120	0.46675
0	352	30	0.466688
0	352	154	0.465778
0	352	30	0.464098
0	352	68	0.464061
0	352	83	0.46386
0	352	19	0.463538
0	352	1	0.463473
0	352	116	0.463402
0	352	87	0.463397
0	352	76	0.463395
0	352	101	0.463275
0	352	94	0.463215
0	352	18	0.462564
0	352	44	0.462527
0	352	62	0.462493
0	352	86	0.462266
0	352	12	0.462052
0	352	43	0.461623
0	352	128	0.461537
0	352	119	0.461415
0	352	162	0.461406
0	352	36	0.461302
0	352	62	0.461033
0	352	138	0.460161
0	352	53	0.459568
0	352	122	0.459562
0	352	103	0.459456
0	352	133	0.459383
0	352	99	0.459345
0	352	69	0.459019
0	352	102	0.458537
0	352	156	0.458501
0	352	161	0.458153
0	352	67	0.458137
0	352	46	0.458069
0	352	37	0.457899
0	352	152	0.457813
0	352	87	0.457579
0	352	63	0.457452
0	352	108	0.457407
0	352	97	0.45698
0	352	36	0.456766
0	352	94	0.456662
0	352	51	0.456657
0	352	17	0.456351
0	352	39	0.456307
0	352	107	0.455754
0	352	5	0.45544
0	352	4	0.455262
0	352	113	0.454918
0	352	114	0.45449
0	352	26	0.45448
0	352	141	0.454474
0	352	62	0.454049
0	352	25	0.45344
0	352	139	0.453237
0	352	129	0.452826
0	352	23	0.452466
0	352	130	0.452433
0	352	96	0.452324
0	352	77	0.452316
0	352	144	0.452138
0	352	65	0.452048
0	352	146	0.45174
0	352	79	0.451464
0	352	145	0.451272
0	352	48	0.451178
0	352	77	0.450906
0	352	82	0.450678
0	352	98	0.450222
0	352	117	0.450048
0	352	109	0.450025
0	352	115	0.449913
0	352	121	0.449907
0	352	73	0.449799
0	352	111	0.449579
0	352	93	0.448861
0	352	51	0.447718
0	352	143	0.447384
0	352	50	0.447376
0	352	113	0.44711
0	352	59	0.44708
0	352	138	0.447017
0	352	50	0.446916
0	352	41	0.446786
0	352	85	0.445922
0	352	132	0.445872
0	352	2	0.445839
0	352	8	0.445782
0	352	16	0.445658
0	352	51	0.445551
0	352	28	0.445428
0	352	130	0.445351
0	352	133	0.445206
0	352	85	0.444902
0	352	127	0.444399
0	352	27	0.44439
0	352	100	0.444378
0	352	60	0.444142
0	352	98	0.443842
0	352	122	0.443687
0	352	34	0.443285
0	352	60	0.443256
0	352	13	0.443035
0	352	140	0.442519
0	352	31	0.4425
0	352	155	0.442427
0	352	114	0.442412
0	352	57	0.442398
0	352	18	0.442388
0	352	9	0.442343
0	352	44	0.442247
0	352	110	0.442105
0	352	144	0.44209
0	352	96	0.442006
0	352	80	0.441753
0	352	113	0.441521
0	352	127	0.441049
0	352	73	0.44083
0	352	141	0.440687
0	352	28	0.440497
0	352	47	0.440321
0	352	26	0.440188
0	352	99	0.440135
0	352	13	0.439838
0	352	36	0.439652
0	352	128	0.439412
0	352	98	0.438206
0	352	39	0.438193
0	352	96	0.438147
0	352	85	0.437959
0	352	15	0.437878
0	352	23	0.437782
0	352	1	0.437482
0	352	32	0.437079
0	352	75	0.436903
0	352	47	0.436798
0	352	35	0.436794
0	352	105	0.436752
0	352	95	0.436726
1	352	0	0.436676
0	352	152	0.436527
0	352	141	0.436493
0	352	77	0.436347
0	352	68	0.436333
0	352	112	0.435783
0	352	23	0.435299
0	352	111	0.435233
0	352	20	0.435026
0	352	67	0.43418
0	352	142	0.433795
0	352	40	0.43361
0	352	143	0.433536
0	352	140	0.433024
0	352	36	0.433004
0	352	139	0.432978
0	352	66	0.432931
0	352	97	0.432871
0	352	59	0.432859
0	352	69	0.432343
0	352	113	0.432336
0	352	100	0.43217
0	352	103	0.432048
0	352	97	0.431561
0	352	4	0.431304
0	352	22	0.431232
0	352	85	0.431105
0	352	98	0.43091
0	352	28	0.430902
0	352	145	0.430104
0	352	54	0.430028
0	352	150	0.429942
0	352	69	0.429903
0	352	128	0.429898
0	352	18	0.429783
0	352	111	0.429747
0	352	133	0.429685
0	352	75	0.429557
0	352	65	0.429476
0	352	55	0.429447
0	352	150	0.429413
0	352	26	0.429235
0	352	107	0.429106
0	352	135	0.428528
0	352	101	0.428439
0	352	24	0.428232
0	352	114	0.427855
0	352	24	0.427828
0	352	150	0.427819
0	352	85	0.427516
0	352	25	0.42708
0	352	2	0.427046
0	352	63	0.426955
0	352	69	0.426689
0	352	91	0.426376
0	352	72	0.425752
0	352	5	0.425478
0	352	141	0.424943
0	352	87	0.424897
0	352	22	0.424819
0	352	101	0.424264
0	352	126	0.42417
0	352	34	0.423834
0	352	18	0.423757
0	352	17	0.42369
0	352	83	0.423631
0	352	5	0.423304
0	352	72	0.423112
0	352	51	0.4224
0	352	132	0.422172
0	352	112	0.422069
0	352	60	0.422065
0	352	21	0.422037
0	352	41	0.42175
0	352	27	0.421542
0	352	33	0.421371
0	352	51	0.421362
0	352	13	0.421328
0	352	3	0.421258
0	352	21	0.421231
0	352	34	0.420832
0	352	55	0.420746
0	352	89	0.420731
0	352	39	0.41991
0	352	80	0.419713
0	352	82	0.419679
0	352	50	0.419119
0	352	69	0.418775
0	352	99	0.418632
0	352	66	0.418029
0	352	23	0.418004
0	352	4	0.417865
0	352	15	0.417854
0	352	35	0.417813
0	352	102	0.417394
0	352	139	0.417328
0	352	31	0.417231
0	352	69	0.417185
0	352	61	0.416905
0	352	32	0.416617
0	352	134	0.416388
0	352	104	0.416125
0	352	58	0.415969
0	352	2	0.415886
0	352	39	0.415847
0	352	52	0.415812
0	352	110	0.415335
0	352	122	0.414902
0	352	127	0.41489
0	352	80	0.414712
0	352	54	0.41462
0	352	28	0.414526
0	352	71	0.414487
0	352	53	0.414355
0	352	36	0.414036
0	352	56	0.413977
0	352	130	0.413854
0	352	113	0.413789
0	352	16	0.413606
0	352	126	0.413396
0	352	64	0.413343
0	352	61	0.413042
0	352	41	0.412951
0	352	132	0.412803
0	352	142	0.412154
0	352	23	0.41197
0	352	29	0.411801
0	352	112	0.411491
0	352	26	0.411435
0	352	87	0.411162
0	352	30	0.411125
0	352	51	0.41056
0	352	140	0.410248
0	352	104	0.410061
0	352	140	0.409964
0	352	88	0.40991
0	352	100	0.409667
0	352	86	0.409566
0	352	35	0.409379
0	352	12	0.409351
0	352	97	0.409206
0	352	127	0.409169
0	352	11	0.40855
0	352	84	0.408512
0	352	52	0.40845
0	352	51	0.408262
0	352	81	0.408012
0	352	37	0.407269
0	352	76	0.406897
0	352	142	0.406823
0	352	23	0.406727
0	352	128	0.406371
0	352	118	0.406246
0	352	131	0.406228
0	352	30	0.406075
0	352	7	0.405802
0	352	120	0.40564
0	352	118	0.405209
0	352	52	0.404926
0	352	3	0.404907
0	352	63	0.404239
0	352	26	0.403983
0	352	31	0.40394
0	352	130	0.40392
0	352	112	0.403907
0	352	102	0.403896
0	352	58	0.403614
0	352	141	0.403594
0	352	80	0.403504
0	352	55	0.403309
0	352	77	0.403284
0	352	125	0.403264
0	352	42	0.403189
0	352	97	0.402697
0	352	7	0.402637
0	352	95	0.402346
0	352	8	0.401523
0	352	59	0.401162
0	352	94	0.400627
0	352	62	0.400563
0	352	78	0.400557
0	352	140	0.40043
0	352	54	0.400358
0	352	10	0.400168
0	352	36	0.400069
0	352	49	0.400017
0	352	106	0.399996
0	352	12	0.399653
0	352	64	0.399588
0	352	131	0.399278
0	352	96	0.399205
0	352	109	0.399055
0	352	138	0.398962
0	352	102	0.398501
0	352	36	0.39822
0	352	45	0.39754
0	352	101	0.397407
0	352	87	0.39734
0	352	40	0.396692
0	352	103	0.396522
0	352	19	0.396388
0	352	10	0.396177
0	352	49	0.395918
0	352	51	0.395906
0	352	43	0.395727
0	352	76	0.3957
0	352	79	0.395539
0	352	117	0.395303
0	352	119	0.395292
0	352	29	0.39528
0	352	91	0.395267
0	352	109	0.395212
0	352	83	0.395204
0	352	90	0.395088
0	352	67	0.394986
0	352	80	0.394965
0	352	80	0.394856
0	352	112	0.394558
0	352	18	0.394513
0	352	46	0.394338
0	352	118	0.394171
0	352	61	0.394058
0	352	23	0.393752
0	352	30	0.39364
0	352	76	0.393558
0	352	16	0.393036
0	352	57	0.392556
0	352	100	0.392349
0	352	131	0.391888
0	352	57	0.391863
0	352	114	0.391838
0	352	82	0.39164
0	352	104	0.391569
0	352	73	0.391066
0	352	10	0.391009
0	352	61	0.390963
0	352	59	0.390953
0	352	28	0.390927
0	352	112	0.390865
0	352	101	0.390755
0	352	41	0.390088
0	352	86	0.390062
0	352	86	0.389777
0	352	91	0.389761
0	352	120	0.389443
0	352	81	0.389379
0	352	30	0.389067
0	352	69	0.388935
0	352	41	0.388748
0	352	66	0.388336
0	352	135	0.388252
0	352	25	0.387071
0	352	71	0.387056
0	352	123	0.386973
0	352	23	0.385765
0	352	75	0.385627
0	352	105	0.38542
0	352	36	0.384503
0	352	91	0.384406
0	352	61	0.384345
0	352	103	0.384315
0	352	131	0.384146
0	352	73	0.384109
0	352	20	0.383782
0	352	121	0.382781
0	352	39	0.382509
0	352	107	0.382482
0	352	21	0.3824
0	352	23	0.382192
0	352	61	0.381795
0	352	69	0.38175
0	352	59	0.381744
0	352	34	0.38144
0	352	10	0.381404
0	352	48	0.381153
0	352	112	0.380826
0	352	91	0.380617
0	352	54	0.38052
0	352	75	0.380191
0	352	88	0.380054
0	352	133	0.379973
0	352	22	0.379867
0	352	49	0.379837
0	352	94	0.379732
0	352	18	0.379411
0	352	127	0.379404
0	352	34	0.379088
0	352	36	0.378981
0	352	64	0.378753
0	352	36	0.37851
0	352	93	0.378373
0	352	95	0.378243
0	352	133	0.378154
0	352	45	0.378091
0	352	69	0.377863
0	352	3	0.377727
0	352	48	0.377384
0	352	18	0.377367
0	352	109	0.377203
0	352	13	0.377111
0	352	77	0.376957
0	352	89	0.376764
0	352	22	0.376666
0	352	41	0.376579
0	352	104	0.376269
0	352	77	0.376168
0	352	64	0.376108
0	352	129	0.375616
0	352	78	0.374949
0	352	86	0.374904
0	352	103	0.374853
0	352	119	0.374717
0	352	95	0.37464
0	352	36	0.374445
0	352	83	0.373884
1	352	0	0.373636
0	352	116	0.373533
0	352	33	0.37335
0	352	8	0.373234
0	352	66	0.373189
0	352	78	0.37311
0	352	104	0.373098
0	352	73	0.372953
0	352	130	0.372744
0	352	46	0.372729
0	352	52	0.372216
0	352	105	0.372208
0	352	1	0.372001
0	352	104	0.371649
0	352	95	0.371593
0	352	16	0.371582
0	352	68	0.371072
0	352	23	0.37103
0	352	40	0.370899
0	352	32	0.370806
0	352	18	0.370718
0	352	27	0.370601
0	352	11	0.370593
0	352	78	0.370142
0	352	112	0.369777
0	352	42	0.369689
0	352	58	0.369688
0	352	120	0.369416
0	352	87	0.369365
0	352	122	0.368975
0	352	41	0.368923
0	352	26	0.368845
0	352	84	0.368689
0	352	31	0.36786
0	352	91	0.367801
0	352	41	0.367384
0	352	108	0.367375
1	352	0	0.367263
0	352	78	0.366809
0	352	114	0.366702
0	352	124	0.366531
0	352	97	0.36651
0	352	42	0.366354
0	352	48	0.366257
0	352	87	0.36622
0	352	48	0.365994
0	352	88	0.365985
0	352	111	0.365821
0	352	38	0.365739
0	352	45	0.365317
0	352	113	0.36522
0	352	89	0.365101
0	352	86	0.365043
0	352	16	0.364665
0	352	107	0.364541
0	352	125	0.364206
0	352	101	0.364144
0	352	44	0.363967
0	352	19	0.363965
0	352	1	0.363951
0	352	53	0.36395
0	352	57	0.363893
0	352	1	0.363813
0	352	6	0.363696
0	352	126	0.363433
0	352	107	0.363142
0	352	93	0.363137
0	352	30	0.362884
0	352	74	0.362818
0	352	57	0.36279
0	352	31	0.362782
0	352	71	0.362618
0	352	12	0.362599
0	352	22	0.362366
0	352	104	0.362307
0	352	73	0.362283
0	352	22	0.362232
0	352	111	0.362192
0	352	74	0.361911
0	352	44	0.361641
0	352	54	0.361334
1	352	0	0.361318
0	352	74	0.361302
0	352	47	0.360636
0	352	126	0.360246
0	352	47	0.359895
0	352	25	0.359612
0	352	36	0.359467
0	352	10	0.359454
0	352	56	0.359045
0	352	118	0.359039
0	352	30	0.358504
0	352	122	0.357979
0	352	15	0.357759
0	352	39	0.357722
0	352	21	0.357363
0	352	100	0.357085
0	352	99	0.357076
0	352	122	0.357064
0	352	20	0.356865
0	352	3	0.356814
0	352	98	0.356657
0	352	60	0.356609
0	352	37	0.356594
0	352	62	0.356451
0	352	66	0.356392
0	352	36	0.356306
0	352	104	0.35623
0	352	100	0.355975
0	352	26	0.355775
0	352	96	0.355608
0	352	7	0.355416
1	352	0	0.354859
0	352	14	0.354838
0	352	118	0.354768
0	352	89	0.354682
0	352	120	0.354388
0	352	64	0.354309
0	352	46	0.354026
0	352	105	0.353364
0	352	118	0.353207
0	352	48	0.353102
0	352	97	0.352698
0	352	86	0.352543
0	352	79	0.352184
0	352	73	0.35205
0	352	20	0.351837
1	352	0	0.351817
0	352	53	0.351684
0	352	42	0.351667
0	352	121	0.351475
0	352	102	0.351461
0	352	91	0.351052
0	352	19	0.350757
0	352	30	0.350241
0	352	37	0.350176
0	352	88	0.349928
0	352	47	0.349689
0	352	80	0.349452
0	352	52	0.34883
0	352	21	0.348808
0	352	53	0.348573
0	352	32	0.348038
0	352	40	0.348008
0	352	95	0.347246
0	352	47	0.347196
0	352	60	0.347008
0	352	30	0.34684
0	352	62	0.346808
1	352	0	0.346743
0	352	83	0.346559
0	352	65	0.346029
0	352	69	0.345894
0	352	5	0.345736
0	352	69	0.345376
0	352	21	0.345003
0	352	116	0.344912
0	352	45	0.34416
0	352	86	0.344045
0	352	6	0.343767
0	352	1	0.343635
0	352	77	0.343565
0	352	79	0.343563
0	352	31	0.343539
0	352	98	0.343433
0	352	51	0.3426
0	352	95	0.342167
0	352	107	0.342152
0	352	39	0.342064
0	352	89	0.34198
0	352	1	0.341734
0	352	76	0.341588
0	352	89	0.341157
0	352	11	0.340921
0	352	22	0.340516
0	352	110	0.340219
0	352	36	0.340185
0	352	1	0.339807
0	352	104	0.339777
0	352	74	0.339316
0	352	36	0.339174
0	352	66	0.338923
0	352	110	0.338766
0	352	104	0.338683
0	352	101	0.33833
0	352	64	0.338329
0	352	63	0.33832
0	352	18	0.337957
0	352	54	0.337692
0	352	43	0.337518
0	352	54	0.337339
0	352	16	0.337268
0	352	116	0.337261
0	352	70	0.336941
0	352	9	0.336763
0	352	45	0.336694
0	352	54	0.336245
0	352	45	0.336171
0	352	4	0.335867
0	352	62	0.335825
0	352	51	0.335763
0	352	81	0.335479
0	352	32	0.33541
0	352	81	0.335348
0	352	57	0.335319
0	352	3	0.335131
0	352	62	0.334944
0	352	93	0.334904
0	352	116	0.334519
0	352	19	0.334238
0	352	9	0.334194
0	352	61	0.333713
0	352	104	0.333527
0	352	82	0.333376
0	352	59	0.333086
0	352	83	0.333038
0	352	31	0.332828
0	352	86	0.332481
0	352	106	0.332335
0	352	17	0.332049
0	352	94	0.331839
0	352	13	0.331735
0	352	18	0.331589
0	352	12	0.331386
0	352	80	0.330758
0	352	56	0.330349
0	352	66	0.329675
0	352	17	0.329616
0	352	39	0.329542
0	352	32	0.32842
0	352	91	0.328191
0	352	44	0.327928
0	352	89	0.327557
0	352	78	0.327517
0	352	34	0.327342
0	352	114	0.327077
0	352	61	0.326925
0	352	12	0.326874
0	352	76	0.326656
0	352	114	0.326508
0	352	33	0.326476
0	352	73	0.326435
0	352	2	0.326076
0	352	81	0.324916
1	352	0	0.324749
0	352	93	0.324476
0	352	110	0.324076
0	352	37	0.323924
0	352	110	0.323781
0	352	66	0.323717
0	352	41	0.323464
0	352	70	0.323388
0	352	75	0.323034
0	352	24	0.32294
0	352	57	0.322827
0	352	95	0.322824
0	352	16	0.322091
0	352	104	0.321957
0	352	30	0.321892
0	352	99	0.321683
0	352	93	0.321566
0	352	18	0.321491
0	352	92	0.32146
0	352	20	0.321303
0	352	100	0.321302
0	352	24	0.321152
0	352	9	0.321128
0	352	71	0.320825
0	352	31	0.320791
0	352	27	0.320741
0	352	41	0.320573
0	352	59	0.319988
0	352	75	0.319926
0	352	67	0.319924
0	352	10	0.319684
0	352	41	0.319301
0	352	98	0.319249
0	352	82	0.318312
0	352	74	0.318232
0	352	75	0.317958
0	352	102	0.317519
0	352	13	0.31742
0	352	26	0.31724
0	352	11	0.317227
0	352	38	0.316638
0	352	3	0.316624
0	352	67	0.316491
0	352	58	0.316184
0	352	43	0.315973
0	352	94	0.315871
0	352	92	0.315863
0	352	23	0.315562
0	352	109	0.315409
0	352	94	0.315375
0	352	19	0.315298
0	352	33	0.31528
0	352	19	0.315271
0	352	72	0.315143
0	352	108	0.315064
0	352	4	0.315051
0	352	49	0.314944
0	352	38	0.314682
0	352	34	0.314567
0	352	57	0.314292
0	352	53	0.314281
0	352	20	0.314177
0	352	85	0.314003
0	352	74	0.313617
0	352	62	0.313521
0	352	101	0.313503
0	352	79	0.313499
0	352	39	0.313443
0	352	13	0.313438
0	352	95	0.313356
0	352	28	0.312691
0	352	51	0.312671
0	352	103	0.312667
0	352	67	0.312607
0	352	2	0.31232
0	352	18	0.312273
0	352	71	0.312123
0	352	90	0.311925
0	352	56	0.31179
0	352	66	0.311529
0	352	98	0.311507
0	352	9	0.311245
0	352	75	0.311133
0	352	108	0.311022
0	352	3	0.310504
0	352	96	0.310487
0	352	94	0.310385
0	352	55	0.310363
0	352	41	0.309736
0	352	66	0.309727
0	352	41	0.309566
0	352	90	0.309336
0	352	59	0.308897
0	352	94	0.308808
0	352	105	0.307986
0	352	54	0.307603
0	352	62	0.307403
0	352	90	0.307004
0	352	52	0.306984
1	352	0	0.306982
0	352	21	0.306218
0	352	45	0.306179
0	352	52	0.306136
0	352	103	0.30593
0	352	1	0.305861
0	352	73	0.305822
0	352	62	0.305715
0	352	26	0.305319
0	352	90	0.305309
0	352	62	0.305306
0	352	99	0.305082
0	352	24	0.305002
0	352	27	0.304884
0	352	43	0.30482
0	352	82	0.304633
0	352	75	0.304507
0	352	51	0.30407
0	352	47	0.304042
0	352	52	0.304007
0	352	20	0.303966
0	352	33	0.303779
0	352	36	0.303707
0	352	53	0.303261
0	352	51	0.303086
0	352	14	0.30302
0	352	15	0.302503
0	352	32	0.30247
0	352	76	0.30228
0	352	33	0.302141
0	352	85	0.302086
0	352	62	0.301646
0	352	10	0.301102
0	352	83	0.301047
0	352	26	0.300834
0	352	92	0.300455
0	352	57	0.300241
0	352	104	0.299863
0	352	11	0.29955
0	352	56	0.29949
0	352	35	0.299477
0	352	86	0.299228
0	352	49	0.299111
0	352	77	0.299023
0	352	71	0.298704
0	352	99	0.298682
0	352	38	0.298534
0	352	42	0.298488
0	352	43	0.298364
0	352	74	0.298292
0	352	61	0.29811
0	352	27	0.297955
0	352	65	0.297905
0	352	90	0.297799
0	352	24	0.297541
0	352	80	0.297519
0	352	69	0.297501
0	352	33	0.297457
0	352	79	0.297171
0	352	32	0.297095
0	352	60	0.29697
0	352	39	0.296461
0	352	9	0.29612
0	352	6	0.295771
0	352	7	0.29546
0	352	52	0.295364
0	352	39	0.295359
0	352	31	0.295157
0	352	72	0.294824
0	352	85	0.294603
0	352	83	0.294382
0	352	97	0.294285
0	352	11	0.29401
0	352	91	0.293582
0	352	27	0.293438
0	352	37	0.293141
0	352	11	0.292783
0	352	21	0.292614
0	352	27	0.292584
0	352	86	0.292544
0	352	11	0.292361
0	352	68	0.292249
0	352	59	0.292244
0	352	48	0.291899
0	352	68	0.291658
0	352	96	0.291532
0	352	45	0.291408
0	352	72	0.29119
0	352	43	0.290638
0	352	91	0.290345
0	352	97	0.290264
0	352	86	0.290055
0	352	29	0.290011
0	352	18	0.289833
0	352	83	0.289811
0	352	53	0.289257
0	352	94	0.289133
0	352	77	0.289106
0	352	84	0.288844
0	352	65	0.288735
0	352	39	0.288517
0	352	8	0.288456
0	352	68	0.288427
0	352	86	0.288152
0	352	15	0.288102
0	352	31	0.288033
0	352	66	0.287974
0	352	80	0.287953
0	352	65	0.287795
0	352	52	0.287702
0	352	70	0.287183
0	352	12	0.287167
0	352	76	0.287142
0	352	76	0.286318
0	352	75	0.286228
0	352	89	0.286217
0	352	32	0.285994
0	352	48	0.285681
0	352	97	0.285442
0	352	4	0.2852
0	352	85	0.285076
0	352	9	0.285017
0	352	40	0.285008
0	352	15	0.284986
0	352	3	0.284743
0	352	32	0.284621
0	352	67	0.284089
0	352	7	0.283962
0	352	45	0.283598
0	352	95	0.283586
0	352	95	0.283499
0	352	81	0.28333
0	352	74	0.283176
0	352	46	0.282815
0	352	94	0.28281
0	352	63	0.282769
0	352	31	0.282708
0	352	74	0.282465
0	352	1	0.282308
0	352	88	0.282187
0	352	58	0.281589
0	352	91	0.28145
0	352	61	0.281297
0	352	54	0.280933
0	352	8	0.280709
0	352	37	0.280689
0	352	36	0.280632
0	352	27	0.280579
0	352	48	0.280538
0	352	37	0.280195
0	352	82	0.279787
0	352	36	0.279654
0	352	52	0.279549
0	352	55	0.279099
0	352	14	0.278982
0	352	78	0.278875
0	352	63	0.278797
0	352	90	0.278555
0	352	6	0.278174
0	352	17	0.278054
0	352	46	0.278046
0	352	73	0.277658
0	352	30	0.277534
0	352	15	0.276975
0	352	34	0.276938
0	352	71	0.276799
0	352	18	0.276361
0	352	19	0.276343
0	352	46	0.276322
0	352	22	0.276223
0	352	74	0.276148
0	352	30	0.275643
0	352	32	0.275237
0	352	24	0.275211
0	352	73	0.274973
0	352	79	0.274946
0	352	89	0.27493
0	352	69	0.274596
0	352	69	0.274295
0	352	76	0.273962
0	352	57	0.273208
0	352	59	0.273172
0	352	12	0.273059
0	352	41	0.272983
0	352	23	0.27245
0	352	7	0.272441
0	352	37	0.272064
0	352	12	0.27199
0	352	89	0.271417
0	352	16	0.271361
0	352	74	0.271089
0	352	50	0.270033
0	352	55	0.27003
0	352	39	0.269945
0	352	41	0.269932
0	352	90	0.269909
0	352	63	0.269857
0	352	41	0.269812
0	352	61	0.269109
0	352	57	0.268566
0	352	44	0.268484
0	352	78	0.268315
0	352	3	0.267777
0	352	78	0.267682
0	352	39	0.267661
0	352	51	0.267529
0	352	20	0.267242
0	352	35	0.267222
0	352	72	0.267209
0	352	94	0.267158
0	352	53	0.267148
0	352	17	0.26673
0	352	23	0.266505
0	352	47	0.266362
0	352	6	0.266269
0	352	1	0.266232
0	352	32	0.266052
0	352	83	0.265757
0	352	22	0.265517
0	352	4	0.265367
0	352	10	0.265352
0	352	62	0.264935
0	352	12	0.264837
0	352	65	0.264587
0	352	6	0.264535
0	352	2	0.264411
0	352	45	0.264297
0	352	70	0.264211
0	352	45	0.26421
0	352	56	0.264036
0	352	57	0.263806
0	352	74	0.263621
0	352	64	0.26334
0	352	18	0.26308
0	352	73	0.262765
0	352	57	0.262619
0	352	35	0.262529
0	352	32	0.262456
0	352	41	0.262292
0	352	35	0.262256
0	352	38	0.262242
0	352	53	0.262201
0	352	57	0.262163
0	352	11	0.262158
0	352	50	0.262126
0	352	10	0.26179
0	352	29	0.261545
0	352	64	0.261407
0	352	58	0.261332
0	352	21	0.260222
0	352	80	0.260076
0	352	57	0.25999
0	352	50	0.259562
0	352	26	0.25943
0	352	69	0.259323
0	352	41	0.259203
0	352	54	0.258929
0	352	68	0.258914
0	352	14	0.258726
0	352	20	0.258298
0	352	77	0.257716
0	352	82	0.257688
0	352	56	0.257641
0	352	81	0.257599
1	352	0	0.257499
0	352	60	0.257484
0	352	53	0.25748
1	352	0	0.257389
0	352	43	0.257037
0	352	69	0.256899
0	352	27	0.256883
0	352	36	0.256863
0	352	69	0.256623
0	352	66	0.256358
0	352	39	0.256239
0	352	9	0.25623
0	352	40	0.255995
0	352	70	0.255779
0	352	70	0.255757
0	352	8	0.255541
0	352	52	0.255495
0	352	81	0.25529
0	352	82	0.25515
0	352	60	0.255065
0	352	28	0.254758
0	352	89	0.254688
0	352	13	0.254538
0	352	35	0.25448
0	352	14	0.254045
0	352	17	0.253847
0	352	74	0.253681
0	352	85	0.253633
0	352	80	0.253535
0	352	25	0.253315
0	352	52	0.252597
0	352	80	0.252441
0	352	36	0.252342
1	352	0	0.252299
0	352	57	0.252233
0	352	62	0.252142
0	352	82	0.251499
0	352	39	0.25143
0	352	11	0.251341
0	352	85	0.251187
0	352	9	0.251151
0	352	75	0.250113
0	352	79	0.249961
0	352	16	0.249863
0	352	86	0.24984
0	352	45	0.249591
0	352	78	0.249394
0	352	1	0.248993
0	352	59	0.248991
0	352	38	0.248964
0	352	86	0.248844
0	352	83	0.248497
0	352	71	0.248457
0	352	48	0.248012
0	352	69	0.247732
0	352	81	0.24738
0	352	74	0.247323
0	352	49	0.247278
0	352	20	0.247168
0	352	72	0.247001
0	352	53	0.246945
0	352	58	0.246823
0	352	31	0.246407
0	352	15	0.245987
0	352	11	0.245816
0	352	34	0.245275
0	352	34	0.24527
0	352	29	0.244819
0	352	54	0.244392
0	352	19	0.244226
0	352	32	0.243597
0	352	8	0.24358
0	352	61	0.243497
0	352	66	0.243424
0	352	22	0.243178
0	352	40	0.242753
0	352	40	0.242606
0	352	32	0.242311
0	352	22	0.242289
0	352	65	0.241928
0	352	41	0.241836
0	352	54	0.241738
0	352	58	0.241576
0	352	14	0.241491
0	352	27	0.2413
0	352	2	0.241263
0	352	56	0.240862
0	352	65	0.240455
0	352	59	0.239925
0	352	31	0.239864
0	352	17	0.239812
0	352	78	0.239806
0	352	41	0.239706
0	352	53	0.239633
0	352	14	0.23934
0	352	79	0.239198
0	352	15	0.239186
0	352	54	0.238879
0	352	9	0.238817
0	352	4	0.238657
0	352	46	0.238527
0	352	63	0.238452
0	352	42	0.238297
0	352	2	0.238003
0	352	75	0.237798
0	352	57	0.236886
0	352	46	0.236588
0	352	49	0.236253
0	352	53	0.235892
0	352	17	0.235892
0	352	70	0.235812
0	352	78	0.235744
0	352	80	0.235561
0	352	5	0.23521
0	352	4	0.235123
0	352	20	0.235093
0	352	79	0.234827
0	352	71	0.233848
0	352	68	0.233817
0	352	60	0.2335
0	352	69	0.233449
0	352	52	0.233443
0	352	33	0.233429
0	352	48	0.233134
0	352	9	0.232854
0	352	55	0.231839
0	352	62	0.231649
0	352	50	0.23103
0	352	48	0.230988
0	352	27	0.230773
0	352	57	0.230648
0	352	28	0.230336
0	352	7	0.229787
0	352	67	0.229731
0	352	24	0.229479
0	352	12	0.229284
0	352	49	0.229246
0	352	59	0.229181
0	352	69	0.229179
0	352	33	0.229011
0	352	63	0.228941
0	352	69	0.228857
0	352	22	0.228397
0	352	66	0.228203
0	352	11	0.228192
0	352	67	0.228057
0	352	12	0.227853
0	352	69	0.227848
0	352	46	0.227828
0	352	34	0.227825
0	352	75	0.227555
0	352	49	0.226805
0	352	78	0.226646
0	352	79	0.226549
0	352	39	0.226396
0	352	27	0.226369
0	352	38	0.226226
0	352	17	0.226023
0	352	42	0.226019
0	352	48	0.225785
0	352	33	0.2257
0	352	2	0.225675
0	352	64	0.225627
0	352	55	0.225568
0	352	44	0.225154
0	352	24	0.225035
0	352	47	0.224937
0	352	60	0.224588
0	352	72	0.224516
0	352	50	0.224409
0	352	64	0.224317
0	352	66	0.223705
0	352	7	0.2237
0	352	48	0.223227
0	352	17	0.222999
0	352	11	0.222777
0	352	62	0.222752
0	352	26	0.222624
0	352	60	0.22207
0	352	46	0.222031
0	352	11	0.221959
0	352	56	0.221641
0	352	38	0.221627
0	352	49	0.221498
0	352	21	0.221274
0	352	62	0.221022
0	352	77	0.220776
0	352	33	0.220772
0	352	43	0.220765
0	352	76	0.220619
0	352	69	0.220541
0	352	52	0.220447
0	352	67	0.220355
0	352	14	0.220333
0	352	61	0.220243
0	352	3	0.219024
0	352	42	0.219018
0	352	34	0.218886
0	352	63	0.218773
0	352	64	0.218597
0	352	59	0.218524
0	352	46	0.218238
0	352	5	0.218235
0	352	65	0.217876
0	352	75	0.217551
0	352	43	0.217403
0	352	16	0.216334
0	352	26	0.216332
0	352	55	0.216303
0	352	9	0.216119
0	352	8	0.216076
0	352	70	0.215923
0	352	11	0.21587
0	352	15	0.215854
0	352	16	0.215847
0	352	60	0.215791
0	352	14	0.215544
0	352	66	0.21516
0	352	42	0.215091
0	352	46	0.214634
0	352	67	0.214393
0	352	74	0.214325
0	352	12	0.214223
0	352	63	0.214158
0	352	58	0.214135
0	352	2	0.21411
0	352	36	0.214015
0	352	62	0.213952
0	352	58	0.213743
0	352	16	0.213514
0	352	2	0.213248
0	352	40	0.213005
0	352	31	0.212975
1	352	0	0.212863
0	352	39	0.212344
0	352	14	0.212236
0	352	18	0.211875
0	352	4	0.211837
0	352	52	0.211489
0	352	34	0.211478
0	352	33	0.210974
0	352	6	0.210767
0	352	60	0.210612
0	352	3	0.210515
0	352	42	0.210279
0	352	11	0.21017
0	352	2	0.210039
0	352	49	0.209228
0	352	44	0.209213
0	352	12	0.20829
0	352	42	0.208126
0	352	53	0.208069
0	352	52	0.207984
0	352	47	0.207844
0	352	9	0.207719
0	352	41	0.207452
0	352	13	0.207316
0	352	8	0.20714
0	352	60	0.207107
0	352	9	0.20697
0	352	68	0.206965
0	352	57	0.206677
0	352	48	0.206601
0	352	2	0.206367
0	352	59	0.206191
0	352	69	0.206107
0	352	19	0.206002
0	352	2	0.205927
0	352	21	0.2058
0	352	30	0.205736
0	352	61	0.205619
0	352	55	0.205549
0	352	62	0.205405
0	352	52	0.205216
0	352	16	0.205009
0	352	20	0.204913
0	352	57	0.204423
1	352	0	0.204323
0	352	27	0.203978
0	352	65	0.203869
0	352	12	0.20371
0	352	1	0.203622
0	352	55	0.203175
0	352	21	0.203076
0	352	50	0.202866
0	352	26	0.202191
0	352	60	0.20217
0	352	50	0.202135
0	352	46	0.201583
0	352	14	0.201531
0	352	52	0.201507
0	352	26	0.201472
0	352	59	0.201326
0	352	11	0.201132
0	352	16	0.200985
0	352	53	0.200963
0	352	47	0.200833
0	352	65	0.200832
0	352	55	0.19992
0	352	7	0.199764
0	352	65	0.19976
0	352	1	0.199751
0	352	45	0.199644
0	352	58	0.199091
0	352	16	0.198888
0	352	35	0.198851
0	352	15	0.198453
0	352	40	0.198369
0	352	3	0.197814
0	352	56	0.197646
0	352	9	0.19743
0	352	47	0.197319
1	352	0	0.197212
0	352	53	0.197104
0	352	62	0.197101
0	352	44	0.196908
0	352	65	0.196845
0	352	4	0.196814
0	352	41	0.196634
0	352	10	0.196528
0	352	11	0.196291
0	352	6	0.196255
0	352	49	0.196236
0	352	48	0.196168
0	352	8	0.195872
0	352	15	0.195433
0	352	19	0.195028
0	352	13	0.194889
0	352	54	0.194818
0	352	37	0.194609
0	352	64	0.194598
0	352	55	0.194476
0	352	2	0.194437
1	352	0	0.194379
0	352	62	0.194352
0	352	39	0.194011
0	352	36	0.193698
0	352	65	0.193684
0	352	33	0.193669
0	352	53	0.193602
0	352	17	0.193105
0	352	5	0.192667
0	352	55	0.192657
0	352	18	0.19263
0	352	31	0.192605
0	352	5	0.192422
0	352	15	0.192161
0	352	43	0.191944
0	352	48	0.191207
0	352	48	0.191052
0	352	24	0.190843
0	352	50	0.190794
0	352	58	0.190636
0	352	57	0.190176
0	352	51	0.190134
0	352	32	0.189932
0	352	2	0.189779
0	352	8	0.189761
0	352	46	0.189591
0	352	19	0.189589
0	352	48	0.189433
0	352	1	0.189367
1	352	0	0.189124
0	352	33	0.189111
0	352	29	0.189026
0	352	45	0.188631
0	352	1	0.188546
0	352	48	0.188024
0	352	42	0.18795
0	352	62	0.187599
0	352	11	0.187532
0	352	41	0.187228
0	352	13	0.187227
0	352	16	0.187131
0	352	26	0.186911
0	352	4	0.186838
0	352	22	0.186778
0	352	34	0.186764
0	352	15	0.186746
0	352	19	0.186504
0	352	10	0.186289
0	352	8	0.185955
0	352	49	0.185951
0	352	6	0.185781
1	352	0	0.185743
0	352	55	0.185575
0	352	16	0.185412
0	352	16	0.185372
0	352	31	0.185365
0	352	12	0.185118
0	352	12	0.184946
0	352	35	0.18473
0	352	29	0.184344
0	352	11	0.184322
0	352	33	0.184278
0	352	50	0.184036
0	352	14	0.183649
1	352	0	0.183232
0	352	57	0.182833
0	352	10	0.182786
0	352	17	0.182014
0	352	52	0.181997
0	352	22	0.18177
0	352	5	0.181717
0	352	17	0.181473
0	352	47	0.180816
0	352	53	0.180346
0	352	43	0.180336
0	352	51	0.180328
0	352	45	0.180221
0	352	52	0.180041
0	352	18	0.179952
0	352	46	0.179909
0	352	5	0.179468
0	352	61	0.179326
0	352	23	0.178731
0	352	13	0.178652
0	352	42	0.178495
0	352	3	0.178299
0	352	48	0.178028
0	352	22	0.177671
0	352	33	0.177563
0	352	7	0.177436
0	352	60	0.17741
0	352	37	0.177185
0	352	12	0.177058
0	352	39	0.177019
0	352	18	0.176896
0	352	40	0.176743
0	352	33	0.17637
0	352	34	0.176311
0	352	7	0.175829
0	352	32	0.175793
0	352	6	0.175505
0	352	43	0.175333
0	352	3	0.17533
0	352	9	0.174715
0	352	36	0.17464
0	352	1	0.174346
0	352	54	0.174211
0	352	9	0.173572
0	352	29	0.17346
0	352	32	0.173397
0	352	15	0.17336
0	352	16	0.173225
0	352	2	0.173225
0	352	54	0.173218
0	352	39	0.173068
0	352	33	0.173065
0	352	26	0.173038
0	352	7	0.17302
0	352	7	0.17259
0	352	23	0.172574
0	352	56	0.172123
0	352	27	0.172082
0	352	14	0.171992
0	352	16	0.17189
0	352	58	0.171566
0	352	10	0.171556
1	352	0	0.170949
0	352	24	0.170385
0	352	36	0.170335
0	352	9	0.170182
0	352	42	0.169894
0	352	5	0.16984
0	352	10	0.169676
0	352	31	0.169547
0	352	53	0.169483
0	352	59	0.169464
0	352	22	0.168866
0	352	57	0.168425
0	352	11	0.168359
0	352	7	0.167778
0	352	33	0.167385
0	352	22	0.167323
0	352	21	0.167173
0	352	10	0.166915
0	352	38	0.166775
0	352	45	0.16652
0	352	47	0.166303
0	352	10	0.166158
0	352	30	0.165758
0	352	18	0.165603
0	352	26	0.165445
0	352	33	0.165431
0	352	12	0.165287
0	352	57	0.165093
0	352	53	0.164892
0	352	50	0.164684
0	352	40	0.164412
0	352	43	0.164249
0	352	20	0.164179
0	352	45	0.164031
0	352	3	0.163889
0	352	15	0.163817
0	352	22	0.163598
0	352	46	0.16356
0	352	27	0.163388
0	352	41	0.163202
0	352	12	0.163155
1	352	0	0.162581
0	352	5	0.162061
0	352	29	0.162027
0	352	30	0.162007
0	352	1	0.161882
0	352	55	0.161616
0	352	2	0.161394
0	352	45	0.161336
0	352	34	0.160973
0	352	12	0.160928
0	352	34	0.1608
0	352	17	0.160713
0	352	5	0.160707
0	352	45	0.160277
0	352	40	0.159983
0	352	55	0.159702
0	352	6	0.159505
0	352	44	0.159475
0	352	14	0.158987
0	352	26	0.158959
0	352	34	0.158943
0	352	35	0.158584
0	352	34	0.158543
0	352	11	0.158531
0	352	38	0.158366
0	352	52	0.158149
0	352	12	0.158015
0	352	17	0.157977
0	352	35	0.157938
0	352	55	0.157781
0	352	39	0.157547
0	352	16	0.157399
0	352	7	0.157061
0	352	37	0.156658
0	352	3	0.156201
0	352	50	0.156078
0	352	47	0.155924
0	352	54	0.155871
0	352	30	0.155695
0	352	30	0.155676
0	352	43	0.155475
0	352	18	0.155453
0	352	37	0.155209
0	352	38	0.15502
0	352	30	0.15494
0	352	10	0.154688
0	352	31	0.154682
0	352	31	0.154645
0	352	22	0.154241
0	352	50	0.154227
0	352	43	0.154206
0	352	45	0.15395
0	352	1	0.15331
1	352	0	0.153187
0	352	52	0.152856
0	352	21	0.152835
0	352	8	0.15269
0	352	33	0.152494
0	352	2	0.15221
0	352	19	0.152203
0	352	19	0.152122
0	352	15	0.152106
0	352	31	0.151796
0	352	3	0.15156
0	352	44	0.15128
0	352	29	0.151045
0	352	1	0.150757
1	352	0	0.150714
0	352	25	0.150576
0	352	47	0.150421
0	352	17	0.150401
0	352	32	0.150156
0	352	3	0.150137
0	352	13	0.150097
0	352	11	0.149988
0	352	49	0.149949
0	352	7	0.149862
0	352	29	0.149716
0	352	40	0.149702
0	352	41	0.149576
0	352	15	0.149536
0	352	31	0.149415
0	352	17	0.14941
0	352	22	0.149182
0	352	17	0.14898
0	352	5	0.148889
0	352	21	0.148672
0	352	30	0.148087
0	352	25	0.147921
0	352	7	0.147697
0	352	7	0.147451
0	352	21	0.147372
0	352	42	0.147139
0	352	23	0.147064
0	352	29	0.146496
0	352	24	0.146296
0	352	44	0.146226
0	352	26	0.146209
0	352	10	0.146068
0	352	30	0.14589
0	352	38	0.145398
0	352	25	0.145226
0	352	37	0.145058
0	352	11	0.145033
0	352	26	0.144807
0	352	23	0.144743
0	352	21	0.144527
0	352	41	0.144493
0	352	11	0.144434
0	352	2	0.144432
0	352	41	0.144148
0	352	28	0.143437
0	352	44	0.143311
0	352	47	0.143025
0	352	19	0.142822
0	352	42	0.142727
0	352	20	0.142571
0	352	40	0.142462
0	352	32	0.142412
0	352	10	0.142329
0	352	31	0.142314
0	352	21	0.141893
0	352	1	0.141819
0	352	32	0.141495
0	352	17	0.141352
0	352	22	0.141339
0	352	33	0.141188
0	352	44	0.141152
0	352	25	0.140805
0	352	6	0.14063
0	352	36	0.140558
0	352	4	0.140366
0	352	41	0.140239
0	352	11	0.139955
0	352	42	0.139757
0	352	14	0.139632
1	352	0	0.139434
0	352	41	0.138544
0	352	41	0.138542
0	352	37	0.138527
0	352	16	0.138487
0	352	42	0.138461
0	352	8	0.138455
0	352	16	0.138042
0	352	19	0.137795
0	352	46	0.137784
0	352	38	0.137648
0	352	12	0.137545
0	352	5	0.137426
0	352	30	0.137091
0	352	24	0.136344
0	352	43	0.136082
0	352	8	0.135997
0	352	15	0.135876
0	352	2	0.13584
0	352	6	0.135414
0	352	21	0.135391
0	352	18	0.135148
0	352	12	0.134797
0	352	26	0.134111
0	352	21	0.13305
1	352	0	0.132885
0	352	40	0.132488
0	352	30	0.13246
0	352	12	0.132348
0	352	38	0.131924
0	352	6	0.131509
0	352	17	0.131439
0	352	44	0.131209
0	352	15	0.130833
0	352	11	0.130636
0	352	39	0.130415
0	352	22	0.130267
0	352	6	0.130195
0	352	24	0.130018
0	352	41	0.129672
0	352	10	0.129671
0	352	16	0.129284
0	352	23	0.129001
0	352	29	0.128789
0	352	13	0.128617
0	352	6	0.12782
0	352	22	0.127731
0	352	8	0.127714
0	352	40	0.127696
0	352	7	0.12764
0	352	29	0.126931
0	352	43	0.126672
0	352	35	0.126659
0	352	4	0.126479
0	352	29	0.126401
0	352	12	0.126396
0	352	17	0.126096
0	352	28	0.126051
1	352	0	0.125983
0	352	40	0.125601
0	352	36	0.125573
0	352	27	0.125452
0	352	44	0.125285
0	352	39	0.125225
0	352	11	0.125043
0	352	9	0.124801
1	352	0	0.124257
0	352	35	0.124063
0	352	41	0.123984
0	352	17	0.123771
0	352	41	0.123752
0	352	7	0.12355
0	352	10	0.123374
0	352	19	0.123165
0	352	30	0.122974
0	352	6	0.122686
0	352	43	0.122388
0	352	9	0.12188
0	352	24	0.121753
0	352	40	0.121729
0	352	8	0.121642
0	352	19	0.121636
0	352	3	0.12159
0	352	11	0.121005
0	352	24	0.120992
0	352	7	0.120837
0	352	40	0.120758
0	352	14	0.120613
0	352	22	0.120289
0	352	13	0.120091
0	352	37	0.119741
0	352	10	0.119493
0	352	12	0.119296
0	352	24	0.119131
0	352	32	0.11876
0	352	24	0.118553
0	352	10	0.118386
0	352	25	0.118192
0	352	38	0.117601
0	352	34	0.117467
0	352	16	0.117187
0	352	16	0.116987
0	352	17	0.116782
0	352	17	0.116524
0	352	24	0.115829
0	352	2	0.115402
0	352	5	0.115226
0	352	37	0.115028
0	352	32	0.114899
0	352	14	0.114715
0	352	13	0.114696
0	352	3	0.114614
0	352	25	0.114383
0	352	27	0.1143
0	352	38	0.113837
0	352	5	0.113729
0	352	11	0.113544
0	352	28	0.113266
0	352	30	0.113015
0	352	9	0.112631
0	352	29	0.112541
0	352	12	0.112368
0	352	39	0.111906
0	352	19	0.111801
0	352	16	0.111606
0	352	23	0.111366
0	352	16	0.111343
0	352	39	0.111328
0	352	29	0.111217
0	352	17	0.111141
0	352	24	0.110995
0	352	5	0.110725
0	352	11	0.110098
0	352	15	0.109687
0	352	14	0.109652
0	352	29	0.109203
0	352	33	0.109087
0	352	21	0.108744
0	352	6	0.108439
0	352	15	0.108431
0	352	31	0.10807
0	352	21	0.107946
0	352	30	0.107872
0	352	15	0.107786
0	352	19	0.107756
0	352	31	0.10747
0	352	37	0.107435
0	352	26	0.107234
0	352	1	0.107127
0	352	6	0.106681
0	352	17	0.10655
0	352	20	0.106277
0	352	17	0.105717
0	352	3	0.105634
0	352	26	0.105509
0	352	19	0.105353
0	352	10	0.105201
0	352	25	0.105063
0	352	6	0.10492
0	352	14	0.104824
0	352	15	0.10472
0	352	12	0.104591
0	352	11	0.104096
0	352	7	0.104072
0	352	13	0.103861
0	352	11	0.103774
0	352	5	0.103752
0	352	16	0.103696
0	352	35	0.103565
0	352	14	0.103297
0	352	16	0.103295
0	352	36	0.103263
0	352	26	0.103132
0	352	25	0.10307
0	352	32	0.103049
1	352	0	0.103032
0	352	18	0.102925
1	352	0	0.10279
0	352	10	0.102703
0	352	16	0.102251
0	352	19	0.102174
0	352	30	0.101986
0	352	15	0.101909
0	352	25	0.101881
1	352	0	0.101735
0	352	2	0.101727
0	352	26	0.101723
0	352	1	0.101574
0	352	24	0.101543
0	352	31	0.101525
0	352	25	0.101023
0	352	2	0.100993
0	352	13	0.100723
0	352	10	0.10057
0	352	28	0.100501
0	352	24	0.100447
0	352	12	0.100167
0	352	11	0.100049
0	352	30	0.0997761
0	352	20	0.0993819
0	352	11	0.0992332
0	352	21	0.0979157
0	352	13	0.0978632
0	352	21	0.0975892
0	352	5	0.0975597
0	352	2	0.0975142
0	352	11	0.0973927
0	352	27	0.0973137
0	352	8	0.0973071
0	352	14	0.0972819
0	352	14	0.0972415
0	352	27	0.0972054
0	352	19	0.0968241
0	352	17	0.0967803
0	352	7	0.0966846
0	352	13	0.0966571
0	352	7	0.0963619
0	352	10	0.0962446
0	352	15	0.0956785
0	352	13	0.0956631
0	352	11	0.0954131
0	352	21	0.095283
0	352	19	0.0951871
0	352	7	0.0951307
0	352	1	0.095111
0	352	2	0.0947438
0	352	30	0.094723
0	352	1	0.094485
0	352	8	0.0944633
0	352	32	0.0941513
1	352	0	0.0940219
0	352	26	0.0938889
0	352	29	0.0936032
0	352	19	0.0935156
0	352	22	0.0934585
0	352	11	0.0934519
0	352	1	0.0931561
0	352	25	0.0931248
0	352	31	0.0929819
0	352	6	0.0928941
0	352	17	0.0928557
0	352	30	0.0925669
0	352	4	0.092008
0	352	27	0.0919897
0	352	7	0.0918254
0	352	15	0.0913481
0	352	16	0.0912552
0	352	10	0.0911649
0	352	10	0.0910344
0	352	1	0.0909431
0	352	15	0.0907883
0	352	8	0.089638
0	352	26	0.0895917
0	352	7	0.0895884
0	352	24	0.0894409
0	352	29	0.0892239
0	352	4	0.0890556
0	352	23	0.0883835
0	352	23	0.088325
0	352	15	0.0878887
0	352	11	0.0871535
0	352	23	0.086869
0	352	8	0.0864087
0	352	7	0.0859802
0	352	19	0.0858932
0	352	18	0.085674
0	352	14	0.0856209
0	352	19	0.0852644
0	352	19	0.0850594
0	352	1	0.0847109
0	352	26	0.0845494
0	352	25	0.084283
0	352	2	0.0841627
0	352	2	0.0841599
0	352	22	0.0839863
0	352	13	0.0837662
1	352	0	0.0833619
0	352	24	0.0832488
0	352	2	0.0832205
0	352	10	0.0832191
0	352	19	0.0831785
0	352	9	0.0830003
0	352	23	0.0829016
0	352	7	0.0828281
0	352	10	0.0828243
0	352	16	0.0824325
1	352	0	0.0824121
0	352	15	0.0822821
0	352	14	0.0818684
0	352	9	0.0815414
0	352	24	0.0815322
0	352	17	0.0814274
0	352	4	0.0813315
0	352	23	0.0810623
0	352	8	0.0809297
0	352	27	0.0809003
0	352	24	0.0808227
0	352	12	0.0806792
0	352	14	0.080654
0	352	24	0.0804416
0	352	26	0.0803928
0	352	23	0.0803577
0	352	13	0.0798912
0	352	28	0.0796903
0	352	18	0.0796039
0	352	13	0.0795547
0	352	5	0.0794894
0	352	1	0.0793927
0	352	4	0.0793485
0	352	16	0.0793413
0	352	8	0.0792535
0	352	2	0.0788797
0	352	23	0.0788109
0	352	3	0.0786057
0	352	20	0.0784086
1	352	0	0.0777328
0	352	5	0.0764743
0	352	4	0.076433
0	352	12	0.0761564
0	352	14	0.0760498
0	352	12	0.0757671
0	352	7	0.0757271
0	352	8	0.075413
0	352	4	0.075235
0	352	25	0.0746979
0	352	14	0.0746263
0	352	23	0.0745582
0	352	22	0.0741101
0	352	23	0.0741023
0	352	22	0.0740917
0	352	8	0.0737381
0	352	9	0.0736414
0	352	20	0.0735548
0	352	19	0.0735367
0	352	18	0.0735168
0	352	9	0.0733416
1	352	0	0.0731231
0	352	1	0.0728401
0	352	15	0.072653
0	352	8	0.0724765
0	352	17	0.0724499
0	352	23	0.0720978
0	352	20	0.0720526
0	352	25	0.0718584
0	352	3	0.0716753
0	352	4	0.0715583
0	352	22	0.0713294
0	352	16	0.0710934
0	352	20	0.0706845
0	352	9	0.0706401
0	352	11	0.0705015
0	352	4	0.0704288
0	352	23	0.0702951
0	352	10	0.0701311
0	352	18	0.0700188
0	352	3	0.0697224
0	352	2	0.0696242
1	352	0	0.0694614
0	352	2	0.0693831
0	352	1	0.0689498
0	352	12	0.0689352
0	352	6	0.0688104
0	352	8	0.0687537
0	352	13	0.0686611
0	352	1	0.0680619
0	352	3	0.0679455
0	352	4	0.0678486
0	352	23	0.0676075
0	352	21	0.0675516
0	352	22	0.0674904
0	352	23	0.0674507
0	352	20	0.0673585
0	352	21	0.0673568
0	352	14	0.0673059
0	352	23	0.0672362
0	352	5	0.0660587
0	352	14	0.0657082
0	352	17	0.0654693
0	352	15	0.0653588
0	352	8	0.065106
0	352	12	0.0650223
0	352	19	0.0650167
0	352	20	0.0648969
0	352	9	0.0646831
0	352	5	0.0645434
0	352	3	0.0645322
0	352	19	0.0642177
0	352	1	0.064056
0	352	21	0.0637202
0	352	13	0.0637077
0	352	4	0.0636997
0	352	21	0.0635334
0	352	7	0.0633603
0	352	9	0.0632959
1	352	0	0.0631725
0	352	19	0.0630977
0	352	5	0.0630677
0	352	14	0.0630034
0	352	18	0.0628464
0	352	8	0.0627967
0	352	6	0.0626938
0	352	4	0.0626564
0	352	19	0.0621959
0	352	19	0.0618496
0	352	11	0.0618191
0	352	9	0.061652
0	352	13	0.061464
0	352	6	0.0614414
0	352	20	0.0613537
0	352	18	0.0613435
0	352	16	0.0611495
0	352	5	0.0610292
0	352	4	0.0609779
0	352	10	0.0607383
0	352	13	0.0607029
0	352	20	0.0604311
0	352	10	0.0603269
0	352	18	0.0601759
0	352	3	0.0601654
0	352	5	0.0598271
1	352	0	0.0596378
0	352	3	0.0592283
0	352	19	0.058899
0	352	5	0.0587207
0	352	15	0.0586386
0	352	9	0.0584963
0	352	17	0.0583767
0	352	10	0.0581352
0	352	19	0.0578354
0	352	2	0.057783
0	352	11	0.0576674
0	352	19	0.0575754
0	352	2	0.0575642
0	352	9	0.0575238
0	352	3	0.0574923
0	352	18	0.0573559
0	352	9	0.0572704
0	352	18	0.0570609
0	352	15	0.0569325
1	352	0	0.056748
0	352	4	0.0566669
0	352	9	0.0566101
0	352	16	0.0565229
0	352	1	0.0564355
0	352	14	0.0562913
0	352	16	0.0562425
0	352	15	0.0559132
0	352	15	0.0558338
0	352	14	0.0558088
0	352	2	0.0557609
0	352	7	0.0557164
0	352	1	0.0557106
0	352	12	0.0556572
0	352	2	0.0554581
0	352	1	0.0553536
0	352	15	0.0551553
0	352	4	0.0541774
0	352	5	0.0541547
0	352	15	0.0541411
0	352	6	0.05411
1	352	0	0.0536399
0	352	16	0.0532166
0	352	13	0.0531977
0	352	4	0.0530822
0	352	9	0.052908
0	352	14	0.0527962
0	352	18	0.0527836
0	352	6	0.0522642
0	352	16	0.0521554
0	352	16	0.05214
0	352	3	0.0521165
0	352	11	0.0520677
0	352	2	0.0520567
0	352	2	0.0519699
0	352	4	0.0519123
0	352	6	0.0514303
0	352	7	0.0511489
0	352	8	0.0507316
0	352	16	0.0506969
0	352	11	0.0501132
0	352	11	0.0500095
0	352	3	0.049804
0	352	15	0.0491493
0	352	9	0.0488058
0	352	7	0.0485681
0	352	13	0.0484619
0	352	10	0.0483337
0	352	1	0.0482414
0	352	4	0.0482195
0	352	3	0.0481137
0	352	12	0.0480852
0	352	3	0.0473173
0	352	15	0.0472466
0	352	2	0.0472031
0	352	16	0.0461871
0	352	6	0.0458365
0	352	15	0.0457484
0	352	15	0.0456937
0	352	5	0.0455841
0	352	12	0.0455289
0	352	7	0.0454861
0	352	7	0.0452668
0	352	4	0.0452535
0	352	7	0.0452485
0	352	4	0.0452321
0	352	9	0.0448689
1	352	0	0.0447652
0	352	11	0.0445098
0	352	14	0.0444251
0	352	9	0.0440675
0	352	15	0.0434845
0	352	9	0.0433188
1	352	0	0.0431451
0	352	10	0.0430183
0	352	2	0.0429655
0	352	15	0.0429268
0	352	14	0.042518
0	352	14	0.0422295
0	352	4	0.0420644
0	352	14	0.0417529
0	352	7	0.0417498
0	352	2	0.0416464
0	352	5	0.0410165
1	352	0	0.0409508
0	352	14	0.0405064
0	352	1	0.0404208
0	352	12	0.0403292
0	352	14	0.0402803
0	352	8	0.0401265
0	352	1	0.0399768
0	352	12	0.0397166
0	352	11	0.039256
0	352	7	0.0392492
0	352	2	0.0391498
0	352	10	0.0390262
0	352	4	0.0390233
0	352	13	0.0388253
0	352	9	0.0386952
0	352	6	0.0377954
0	352	11	0.0372957
0	352	10	0.0372682
0	352	7	0.0368933
0	352	11	0.0368896
0	352	7	0.0368281
0	352	12	0.0365408
0	352	8	0.0364533
0	352	2	0.0363028
0	352	4	0.035777
0	352	1	0.0356015
0	352	3	0.0355886
0	352	3	0.0351242
0	352	4	0.0351017
0	352	9	0.0350002
0	352	9	0.0345751
1	352	0	0.0341437
0	352	2	0.0340329
1	352	0	0.0338549
0	352	7	0.0336957
0	352	11	0.0335854
0	352	3	0.0334593
0	352	2	0.0334325
0	352	5	0.0331141
0	352	6	0.0330174
0	352	5	0.0329741
0	352	7	0.03286
0	352	9	0.0328248
0	352	8	0.0327627
0	352	8	0.0327599
0	352	5	0.0326863
0	352	9	0.0326762
0	352	3	0.0325211
0	352	2	0.0324244
0	352	1	0.0323321
0	352	4	0.0322817
0	352	4	0.0322377
0	352	2	0.0321721
0	352	9	0.031872
0	352	5	0.0318651
0	352	3	0.0314932
0	352	1	0.031328
0	352	1	0.0313113
0	352	11	0.0312618
0	352	4	0.031044
0	352	6	0.0307514
1	352	0	0.03059
0	352	10	0.0305617
0	352	8	0.0304773
0	352	1	0.0304295
0	352	8	0.030297
1	352	0	0.0298409
0	352	4	0.0296786
0	352	3	0.0295314
1	352	0	0.0293733
0	352	7	0.0293497
0	352	8	0.0286334
0	352	2	0.0285405
0	352	4	0.028353
0	352	3	0.0282781
1	352	0	0.0281375
0	352	5	0.0280032
0	352	3	0.0279611
0	352	6	0.0278481
0	352	8	0.0277426
0	352	9	0.0275509
0	352	6	0.0266523
0	352	5	0.0264442
0	352	1	0.0260871
0	352	5	0.02604
0	352	9	0.0258803
0	352	3	0.025845
0	352	2	0.0254284
1	352	0	0.0252598
0	352	2	0.0250345
0	352	6	0.0245349
0	352	3	0.0243212
0	352	6	0.0238677
0	352	4	0.0227429
0	352	6	0.0227089
0	352	1	0.0225182
0	352	4	0.0223022
0	352	7	0.0222212
0	352	3	0.0221816
0	352	6	0.0220984
0	352	5	0.0219535
1	352	0	0.0218096
0	352	1	0.0217534
0	352	2	0.0216453
0	352	5	0.0214948
0	352	1	0.0214884
0	352	3	0.0211601
1	352	0	0.0210986
1	352	0	0.0210817
0	352	6	0.0207507
0	352	6	0.0207418
0	352	6	0.0204745
0	352	4	0.0201022
1	352	0	0.0199669
0	352	4	0.01983
0	352	3	0.0196777
0	352	6	0.0196101
0	352	5	0.0195174
0	352	1	0.0190807
0	352	4	0.0189598
1	352	0	0.0188531
0	352	3	0.0188099
0	352	2	0.0186879
0	352	1	0.0185332
0	352	6	0.0180897
0	352	5	0.0180031
0	352	1	0.0175624
0	352	2	0.0175005
1	352	0	0.0169773
0	352	4	0.0166045
0	352	1	0.0165578
0	352	5	0.0165544
0	352	5	0.0162522
1	352	0	0.016229
0	352	4	0.0161202
1	352	0	0.0160316
0	352	5	0.0159895
0	352	2	0.0158284
0	352	3	0.0155966
0	352	3	0.0154973
0	352	2	0.0148944
0	352	2	0.0137959
0	352	2	0.0137611
0	352	3	0.0132027
1	352	0	0.012963
0	352	4	0.0129061
0	352	3	0.0123147
0	352	3	0.0123107
0	352	1	0.0121012
1	352	0	0.0120371
0	352	1	0.0120054
0	352	1	0.0117154
0	352	1	0.011703
1	352	0	0.01145
0	352	3	0.0112247
0	352	2	0.011212
0	352	3	0.0108052
0	352	3	0.0104612
