13127.2
0.131737
5000
0	480	403	0.989905
1	480	144	0.989856
0	480	422	0.989768
1	480	54	0.989239
1	480	11	0.989235
1	480	255	0.989154
0	480	450	0.988985
0	480	330	0.988914
1	480	187	0.988616
0	480	322	0.988025
1	480	240	0.987973
0	480	380	0.987845
1	480	200	0.987606
0	480	267	0.986871
1	480	124	0.98674
1	480	88	0.986357
1	480	59	0.986285
0	480	254	0.985724
0	480	325	0.98544
1	480	125	0.985428
1	480	77	0.985264
0	480	270	0.985124
0	480	414	0.985062
0	480	274	0.985032
1	480	198	0.984767
1	480	147	0.984668
0	480	342	0.984618
0	480	470	0.984484
1	480	171	0.984422
0	480	340	0.984364
0	480	232	0.984215
0	480	284	0.984143
1	480	112	0.9836
1	480	64	0.983192
0	480	451	0.982836
0	480	286	0.982612
1	480	3	0.981803
0	480	230	0.981742
0	480	345	0.981645
0	480	194	0.981331
0	480	309	0.981268
0	480	457	0.981157
0	480	338	0.981137
0	480	449	0.980854
0	480	227	0.980477
0	480	463	0.980465
1	480	129	0.980369
1	480	61	0.980355
1	480	156	0.980345
1	480	142	0.980178
1	480	74	0.979905
0	480	339	0.979753
0	480	291	0.979621
1	480	115	0.979454
0	480	278	0.978989
0	480	404	0.978817
0	480	239	0.978769
0	480	331	0.978418
1	480	61	0.978122
1	480	16	0.97812
0	480	292	0.977853
1	480	35	0.977847
0	480	243	0.977788
1	480	72	0.977735
0	480	169	0.977694
0	480	256	0.977349
0	480	463	0.977244
1	480	93	0.977143
1	480	103	0.977074
0	480	206	0.976842
1	480	107	0.976658
0	480	153	0.976422
0	480	146	0.975832
1	480	50	0.975445
0	480	127	0.975126
0	480	254	0.97511
0	480	431	0.974892
1	480	101	0.974851
0	480	212	0.974674
0	480	288	0.974191
0	480	223	0.973982
0	480	340	0.973966
0	480	140	0.973902
0	480	297	0.973688
0	480	337	0.973392
0	480	121	0.973221
0	480	422	0.973145
1	480	59	0.972944
1	480	104	0.972583
1	480	50	0.972519
1	480	87	0.972488
0	480	326	0.972263
0	480	131	0.972249
0	480	153	0.972001
1	480	14	0.971947
0	480	329	0.971609
0	480	199	0.971561
0	480	362	0.971361
0	480	369	0.970991
0	480	439	0.970936
0	480	401	0.970867
0	480	234	0.970782
0	480	179	0.970451
0	480	132	0.970433
0	480	306	0.970372
0	480	179	0.970318
0	480	322	0.970211
1	480	41	0.969844
0	480	418	0.968849
1	480	41	0.968819
0	480	273	0.968568
1	480	74	0.968154
1	480	90	0.968019
0	480	367	0.967762
0	480	221	0.967729
0	480	387	0.967726
1	480	42	0.966753
0	480	287	0.966707
0	480	231	0.966561
0	480	104	0.966505
0	480	312	0.966454
0	480	211	0.966309
0	480	197	0.966308
1	480	68	0.966295
0	480	256	0.966263
0	480	415	0.965995
0	480	411	0.965963
0	480	384	0.965959
1	480	61	0.965182
0	480	139	0.964999
0	480	455	0.964963
0	480	318	0.964928
0	480	461	0.964736
0	480	158	0.964663
0	480	153	0.964573
0	480	390	0.964146
0	480	394	0.964117
0	480	176	0.963781
0	480	312	0.963699
0	480	91	0.963489
0	480	298	0.963423
0	480	412	0.963385
0	480	270	0.963171
0	480	319	0.962516
0	480	216	0.962509
0	480	454	0.962202
0	480	180	0.961976
0	480	414	0.961592
0	480	437	0.961545
0	480	394	0.961467
0	480	407	0.961298
0	480	290	0.961179
0	480	279	0.961157
1	480	55	0.960975
0	480	273	0.960969
1	480	68	0.96079
0	480	313	0.96074
0	480	361	0.960705
0	480	246	0.960174
0	480	193	0.960043
1	480	55	0.959848
0	480	82	0.959656
0	480	438	0.958157
0	480	248	0.957896
0	480	68	0.957874
0	480	62	0.957846
0	480	143	0.957789
1	480	0	0.957746
0	480	296	0.957692
0	480	234	0.957687
0	480	144	0.95759
0	480	396	0.957493
0	480	287	0.957314
0	480	385	0.95709
1	480	11	0.956943
0	480	449	0.956848
0	480	431	0.956603
0	480	400	0.9566
1	480	10	0.956279
1	480	57	0.956009
0	480	319	0.955866
0	480	424	0.955651
0	480	166	0.954878
1	480	26	0.954762
0	480	344	0.954596
0	480	404	0.953919
0	480	239	0.953918
0	480	307	0.953829
0	480	114	0.953576
0	480	208	0.953411
0	480	380	0.953388
1	480	5	0.953247
0	480	79	0.953228
0	480	112	0.953198
0	480	156	0.953184
1	480	2	0.952754
0	480	354	0.952468
0	480	332	0.952179
0	480	284	0.952163
0	480	137	0.952022
0	480	447	0.952014
0	480	227	0.952009
0	480	330	0.951881
0	480	160	0.951769
0	480	389	0.951716
1	480	18	0.951707
1	480	29	0.951631
0	480	455	0.951498
0	480	454	0.951167
0	480	212	0.950876
0	480	214	0.950803
0	480	51	0.950508
0	480	266	0.950378
0	480	169	0.950324
0	480	385	0.950025
0	480	134	0.949633
0	480	406	0.949417
0	480	354	0.949288
0	480	106	0.948707
0	480	199	0.948495
1	480	38	0.948383
0	480	376	0.94827
0	480	371	0.948241
0	480	427	0.9481
0	480	212	0.948003
0	480	181	0.947884
0	480	260	0.947826
0	480	224	0.947766
0	480	349	0.947331
1	480	17	0.94681
0	480	186	0.946588
0	480	231	0.946418
0	480	114	0.945635
0	480	424	0.945585
0	480	389	0.945361
0	480	54	0.945281
0	480	74	0.945203
0	480	233	0.944901
0	480	150	0.944767
0	480	401	0.944658
0	480	444	0.944648
0	480	257	0.944633
0	480	434	0.94356
0	480	346	0.943362
0	480	244	0.943227
0	480	100	0.94322
0	480	362	0.94286
0	480	191	0.942777
0	480	52	0.942514
0	480	294	0.942425
0	480	301	0.942407
0	480	255	0.942396
0	480	86	0.942094
0	480	175	0.942001
0	480	391	0.941997
0	480	180	0.941824
1	480	2	0.941628
0	480	371	0.941453
0	480	113	0.941444
0	480	348	0.941384
0	480	156	0.940811
0	480	176	0.94073
0	480	110	0.940659
0	480	421	0.939994
0	480	90	0.9397
0	480	382	0.939477
0	480	329	0.939421
0	480	427	0.939233
0	480	294	0.939023
0	480	355	0.9387
0	480	193	0.938596
0	480	376	0.938213
0	480	437	0.93783
0	480	173	0.937732
0	480	112	0.937607
0	480	215	0.937382
0	480	251	0.93726
0	480	99	0.937199
0	480	229	0.936704
0	480	339	0.936529
0	480	154	0.936415
0	480	315	0.936393
0	480	184	0.935976
0	480	212	0.935893
0	480	166	0.935647
0	480	263	0.93557
0	480	73	0.935401
0	480	193	0.935254
0	480	276	0.935251
0	480	33	0.935118
0	480	228	0.935011
0	480	162	0.935006
0	480	261	0.934794
0	480	231	0.934778
0	480	50	0.934577
0	480	211	0.934545
0	480	309	0.934046
0	480	159	0.933887
0	480	282	0.933809
0	480	399	0.933803
0	480	173	0.933464
0	480	431	0.933394
0	480	401	0.933313
0	480	363	0.93328
0	480	267	0.933277
0	480	65	0.933209
0	480	66	0.933151
0	480	431	0.933003
0	480	345	0.932902
0	480	289	0.93248
0	480	65	0.932113
0	480	157	0.932068
0	480	213	0.931873
0	480	158	0.931782
0	480	285	0.931537
0	480	228	0.93145
0	480	323	0.931438
0	480	336	0.93129
0	480	87	0.931283
0	480	367	0.931228
0	480	221	0.931149
0	480	135	0.931084
0	480	330	0.931042
1	480	2	0.930355
0	480	263	0.930175
0	480	387	0.929829
0	480	122	0.929772
0	480	278	0.929729
0	480	33	0.92925
0	480	334	0.929236
0	480	386	0.929125
0	480	135	0.929058
0	480	89	0.928819
0	480	115	0.928804
0	480	332	0.928355
0	480	384	0.928227
0	480	251	0.928093
0	480	365	0.927829
0	480	62	0.927828
1	480	22	0.927788
0	480	49	0.927772
0	480	337	0.927731
0	480	75	0.927643
0	480	234	0.927306
0	480	144	0.927251
1	480	24	0.927139
0	480	279	0.926987
0	480	443	0.926744
0	480	192	0.926611
0	480	172	0.92595
0	480	27	0.925719
0	480	418	0.925691
0	480	45	0.924902
0	480	117	0.924879
0	480	59	0.924864
0	480	406	0.92474
0	480	378	0.924619
0	480	294	0.924444
0	480	305	0.92394
0	480	383	0.923933
0	480	382	0.923763
0	480	204	0.923728
0	480	253	0.923334
0	480	141	0.923265
0	480	296	0.922683
1	480	3	0.92232
0	480	196	0.922255
0	480	272	0.92203
0	480	233	0.921889
0	480	64	0.92168
0	480	150	0.921301
0	480	198	0.921089
0	480	433	0.920602
0	480	244	0.920463
1	480	21	0.92003
0	480	231	0.919879
0	480	235	0.919472
0	480	214	0.919301
0	480	61	0.918845
0	480	154	0.918485
0	480	377	0.918019
0	480	264	0.917758
1	480	3	0.917367
0	480	227	0.91696
0	480	120	0.916923
0	480	55	0.916623
0	480	370	0.916376
0	480	382	0.915737
0	480	100	0.915721
0	480	69	0.915668
0	480	183	0.915667
0	480	68	0.915419
0	480	413	0.915324
0	480	341	0.915063
0	480	177	0.914674
0	480	42	0.914316
0	480	192	0.914289
0	480	343	0.914007
0	480	379	0.913907
0	480	363	0.913792
0	480	404	0.91314
0	480	163	0.913076
0	480	316	0.912875
0	480	393	0.91247
0	480	128	0.91246
1	480	5	0.912457
0	480	415	0.912224
0	480	364	0.912185
0	480	243	0.912184
0	480	143	0.911737
0	480	392	0.911634
0	480	359	0.911584
0	480	231	0.911543
0	480	45	0.911535
0	480	397	0.911489
0	480	157	0.910984
0	480	271	0.910898
0	480	334	0.910678
0	480	61	0.910631
0	480	138	0.910614
0	480	275	0.910604
0	480	201	0.910502
0	480	38	0.9104
0	480	294	0.909899
0	480	354	0.909472
0	480	211	0.909179
0	480	134	0.90905
0	480	20	0.908978
0	480	398	0.908588
0	480	378	0.908578
0	480	291	0.908343
0	480	419	0.908219
0	480	411	0.908042
0	480	67	0.907851
0	480	173	0.907849
0	480	57	0.907755
0	480	389	0.90772
0	480	176	0.907343
0	480	37	0.907147
0	480	236	0.907112
0	480	137	0.906692
0	480	54	0.90659
0	480	112	0.906301
0	480	222	0.905806
0	480	23	0.905183
0	480	341	0.905079
0	480	56	0.904748
0	480	161	0.904569
0	480	119	0.904454
0	480	37	0.904449
0	480	176	0.904296
0	480	379	0.903891
0	480	39	0.903882
0	480	258	0.903878
1	480	13	0.903454
1	480	13	0.90314
0	480	417	0.902846
0	480	257	0.902261
0	480	98	0.902149
0	480	139	0.902064
0	480	200	0.901832
0	480	245	0.901387
0	480	175	0.901312
0	480	24	0.901181
0	480	416	0.901082
0	480	145	0.900866
0	480	19	0.900857
0	480	327	0.900689
0	480	130	0.9004
0	480	317	0.9002
0	480	361	0.89956
0	480	346	0.899301
0	480	110	0.89898
0	480	290	0.898577
0	480	16	0.898548
0	480	39	0.898433
0	480	303	0.898423
0	480	167	0.898358
0	480	93	0.898011
0	480	35	0.897997
0	480	289	0.897775
0	480	232	0.897485
0	480	80	0.897349
0	480	265	0.896935
0	480	354	0.896906
0	480	108	0.896714
0	480	187	0.896511
0	480	396	0.896302
0	480	364	0.896291
1	480	9	0.896047
1	480	4	0.896038
0	480	18	0.895872
0	480	127	0.895766
0	480	55	0.895437
0	480	279	0.895368
0	480	60	0.895167
0	480	28	0.895111
0	480	154	0.894848
0	480	59	0.89465
0	480	202	0.894394
0	480	315	0.894203
0	480	168	0.893962
0	480	371	0.893805
0	480	337	0.893541
0	480	267	0.893531
0	480	154	0.893284
0	480	172	0.892996
0	480	30	0.892751
0	480	303	0.892645
0	480	256	0.892634
0	480	51	0.892543
0	480	409	0.892246
0	480	407	0.892107
0	480	373	0.891746
0	480	247	0.891405
0	480	161	0.891188
0	480	150	0.891148
0	480	187	0.891082
0	480	222	0.891036
0	480	387	0.890661
0	480	199	0.890659
0	480	191	0.890582
0	480	65	0.890082
0	480	186	0.889942
0	480	275	0.889414
0	480	417	0.889207
0	480	353	0.888804
0	480	361	0.888452
0	480	346	0.888391
0	480	337	0.888188
0	480	13	0.888177
0	480	278	0.88803
0	480	81	0.887564
0	480	335	0.887168
0	480	72	0.886857
0	480	168	0.886561
0	480	174	0.886544
0	480	422	0.886368
1	480	8	0.886286
0	480	417	0.886112
0	480	195	0.886077
0	480	138	0.885932
0	480	132	0.885895
0	480	322	0.88567
0	480	311	0.885376
0	480	177	0.885154
0	480	357	0.885061
0	480	114	0.88492
0	480	91	0.884879
0	480	322	0.883131
0	480	398	0.88313
0	480	422	0.882984
0	480	161	0.882529
0	480	349	0.882461
0	480	126	0.882368
0	480	186	0.882315
0	480	243	0.882099
0	480	295	0.882017
0	480	62	0.881691
0	480	305	0.881637
0	480	336	0.881312
1	480	8	0.881257
0	480	310	0.881237
0	480	226	0.881128
0	480	273	0.881065
0	480	173	0.880754
0	480	200	0.880714
0	480	353	0.880584
0	480	199	0.880196
0	480	189	0.880083
0	480	193	0.879974
0	480	231	0.879704
0	480	283	0.879629
0	480	57	0.879335
0	480	128	0.879291
0	480	242	0.879209
0	480	291	0.879204
0	480	346	0.879113
0	480	304	0.879084
0	480	33	0.87903
0	480	367	0.878508
0	480	211	0.878276
0	480	275	0.877893
0	480	391	0.877891
0	480	359	0.877207
0	480	301	0.877192
0	480	57	0.876927
0	480	95	0.87689
0	480	289	0.876876
0	480	388	0.876662
0	480	403	0.876533
0	480	328	0.876297
0	480	27	0.876267
0	480	277	0.87615
0	480	284	0.876058
0	480	391	0.876042
0	480	57	0.875982
0	480	210	0.875971
0	480	339	0.875948
0	480	280	0.875842
0	480	298	0.875731
0	480	231	0.875708
0	480	63	0.875308
0	480	325	0.875281
0	480	303	0.875277
0	480	65	0.875215
0	480	272	0.874724
0	480	359	0.874624
0	480	411	0.87448
0	480	292	0.874304
0	480	225	0.874063
0	480	171	0.87368
0	480	210	0.873001
0	480	221	0.872885
0	480	245	0.872484
0	480	189	0.872292
0	480	149	0.872288
0	480	26	0.872016
0	480	86	0.871337
0	480	102	0.871002
0	480	353	0.870313
1	480	1	0.870166
0	480	42	0.870026
1	480	3	0.869792
0	480	78	0.869789
0	480	99	0.869273
0	480	259	0.869241
0	480	180	0.869162
0	480	361	0.868749
0	480	33	0.868557
0	480	39	0.86778
0	480	13	0.867693
0	480	295	0.866973
0	480	125	0.866757
0	480	212	0.866709
0	480	119	0.866642
0	480	28	0.866131
0	480	9	0.865874
0	480	332	0.865851
0	480	104	0.865831
0	480	80	0.865375
0	480	136	0.865254
0	480	35	0.865183
1	480	2	0.865174
0	480	115	0.865071
0	480	267	0.864951
0	480	41	0.864588
0	480	406	0.864532
0	480	367	0.864359
0	480	52	0.864062
0	480	269	0.863986
0	480	300	0.863986
0	480	243	0.863614
0	480	363	0.863402
0	480	10	0.863334
0	480	59	0.863157
0	480	170	0.86302
0	480	59	0.862775
0	480	376	0.862609
0	480	85	0.862465
0	480	258	0.862282
0	480	67	0.862035
0	480	343	0.861955
0	480	248	0.861473
0	480	117	0.861435
0	480	32	0.861413
0	480	394	0.861208
0	480	300	0.861105
0	480	380	0.861047
0	480	270	0.860991
0	480	179	0.860375
0	480	296	0.860353
0	480	246	0.86034
0	480	302	0.860286
0	480	323	0.859947
0	480	33	0.859889
0	480	62	0.859474
0	480	92	0.85936
0	480	295	0.858818
0	480	285	0.858727
0	480	6	0.858579
0	480	208	0.858389
0	480	374	0.858356
0	480	97	0.858335
0	480	259	0.858094
0	480	220	0.858061
0	480	299	0.8576
0	480	194	0.857399
0	480	9	0.857007
0	480	323	0.856666
0	480	303	0.856335
0	480	102	0.856033
0	480	213	0.856002
0	480	242	0.855822
0	480	251	0.855401
0	480	330	0.855309
0	480	109	0.855269
0	480	399	0.855214
0	480	281	0.855193
0	480	29	0.854988
0	480	343	0.854781
0	480	32	0.854576
0	480	67	0.854507
0	480	304	0.854087
0	480	108	0.853928
0	480	304	0.853875
0	480	194	0.853629
0	480	188	0.85359
0	480	321	0.85331
0	480	24	0.853295
1	480	2	0.853276
0	480	264	0.853177
0	480	380	0.852918
0	480	120	0.852738
0	480	220	0.852712
0	480	286	0.852467
0	480	134	0.851754
0	480	214	0.851313
0	480	330	0.851097
0	480	283	0.85105
0	480	241	0.850975
0	480	405	0.850725
0	480	156	0.850416
0	480	143	0.850348
0	480	360	0.849959
0	480	131	0.849847
0	480	53	0.849835
0	480	157	0.849644
0	480	8	0.849296
0	480	189	0.84923
0	480	11	0.849029
0	480	81	0.848958
0	480	85	0.848341
0	480	258	0.848047
0	480	123	0.848045
0	480	349	0.847858
0	480	43	0.847648
0	480	280	0.847517
0	480	330	0.847425
0	480	131	0.846941
0	480	275	0.846882
0	480	280	0.846785
0	480	387	0.846568
0	480	73	0.846034
0	480	125	0.845978
0	480	129	0.84535
0	480	255	0.845017
0	480	131	0.844989
0	480	16	0.844853
0	480	371	0.844784
0	480	343	0.844681
0	480	262	0.844558
0	480	56	0.844415
0	480	102	0.844281
0	480	228	0.844165
0	480	312	0.844108
0	480	202	0.844059
0	480	307	0.843833
0	480	45	0.843503
0	480	267	0.843492
0	480	14	0.84345
0	480	220	0.842997
0	480	304	0.842438
0	480	387	0.8422
0	480	221	0.841921
1	480	1	0.84099
0	480	71	0.840934
0	480	365	0.84079
0	480	383	0.840551
0	480	403	0.840449
0	480	43	0.839959
0	480	347	0.839788
0	480	280	0.839586
0	480	31	0.83952
0	480	302	0.839455
0	480	297	0.8394
0	480	339	0.839289
0	480	152	0.839246
0	480	20	0.839216
0	480	55	0.838746
0	480	392	0.838634
0	480	63	0.838579
0	480	235	0.838341
0	480	320	0.837292
0	480	100	0.837262
0	480	169	0.837105
0	480	238	0.837003
0	480	251	0.836901
0	480	169	0.836543
0	480	147	0.836461
0	480	343	0.836389
0	480	176	0.836203
0	480	156	0.836048
0	480	38	0.83582
0	480	248	0.835699
0	480	145	0.835494
0	480	164	0.835479
0	480	395	0.835362
0	480	319	0.835229
0	480	346	0.835013
0	480	380	0.83447
0	480	47	0.834425
0	480	302	0.833967
1	480	2	0.833901
0	480	217	0.833874
0	480	390	0.833624
0	480	143	0.83328
0	480	367	0.832924
0	480	172	0.832719
0	480	58	0.832464
0	480	386	0.832331
0	480	248	0.83231
0	480	341	0.832179
0	480	187	0.832091
0	480	93	0.831742
0	480	365	0.831715
0	480	283	0.831699
0	480	280	0.831526
0	480	373	0.831359
0	480	282	0.831313
0	480	300	0.831146
0	480	379	0.830954
0	480	387	0.83086
0	480	196	0.830127
0	480	119	0.830098
0	480	384	0.829893
0	480	369	0.829714
0	480	253	0.829375
0	480	109	0.829317
0	480	265	0.828927
0	480	163	0.828923
0	480	281	0.828879
0	480	265	0.828812
0	480	110	0.82872
0	480	33	0.828136
0	480	359	0.828135
0	480	335	0.827984
0	480	256	0.827398
0	480	238	0.827336
0	480	238	0.827239
0	480	137	0.827188
0	480	154	0.82684
0	480	291	0.826819
0	480	199	0.826818
0	480	248	0.826499
0	480	138	0.82647
0	480	228	0.82629
0	480	347	0.826139
0	480	196	0.826108
0	480	314	0.826061
0	480	50	0.82557
0	480	194	0.825163
0	480	16	0.825057
0	480	213	0.824919
0	480	389	0.82427
0	480	129	0.823879
0	480	314	0.823776
0	480	97	0.823336
0	480	323	0.822871
0	480	58	0.822834
0	480	342	0.822723
0	480	90	0.822714
0	480	270	0.822591
0	480	302	0.822112
0	480	208	0.822073
0	480	219	0.821894
0	480	145	0.820778
0	480	35	0.820653
0	480	212	0.819977
0	480	387	0.819958
0	480	311	0.819823
0	480	138	0.819694
0	480	69	0.819082
0	480	6	0.81842
0	480	100	0.818177
0	480	332	0.818041
0	480	103	0.817809
0	480	326	0.81729
0	480	111	0.817204
0	480	380	0.817182
0	480	300	0.817062
0	480	356	0.816895
0	480	69	0.81618
0	480	297	0.816127
0	480	274	0.816017
0	480	171	0.815955
0	480	227	0.815862
0	480	183	0.815744
0	480	164	0.815425
1	480	2	0.815085
0	480	224	0.814978
0	480	208	0.814928
0	480	352	0.814853
0	480	151	0.814682
0	480	360	0.814298
0	480	99	0.814199
0	480	319	0.813622
0	480	312	0.813579
0	480	171	0.813519
0	480	98	0.813485
0	480	43	0.812868
0	480	125	0.812843
0	480	87	0.812442
0	480	247	0.811948
0	480	124	0.811826
0	480	329	0.811796
0	480	248	0.811602
0	480	72	0.811524
0	480	25	0.810493
0	480	201	0.810166
0	480	135	0.810064
0	480	335	0.810024
0	480	306	0.809856
0	480	94	0.809521
0	480	219	0.809296
0	480	132	0.809244
0	480	291	0.808944
0	480	327	0.808455
0	480	103	0.808021
0	480	337	0.807978
0	480	44	0.807845
0	480	240	0.807595
0	480	206	0.807533
0	480	373	0.807392
0	480	255	0.807255
0	480	33	0.807216
0	480	348	0.807025
0	480	298	0.806898
0	480	225	0.806883
0	480	259	0.806737
0	480	280	0.806622
0	480	282	0.806191
0	480	382	0.806107
0	480	158	0.806046
0	480	72	0.805264
0	480	232	0.804896
0	480	63	0.804607
0	480	222	0.804595
0	480	191	0.804304
0	480	52	0.804149
0	480	103	0.803971
0	480	131	0.803911
0	480	345	0.80352
0	480	271	0.802938
0	480	175	0.802905
0	480	57	0.802877
0	480	150	0.802572
0	480	262	0.802459
0	480	295	0.802411
0	480	121	0.801995
0	480	322	0.801844
0	480	47	0.801568
0	480	57	0.801317
0	480	279	0.801305
0	480	98	0.801132
0	480	348	0.80111
0	480	4	0.800605
0	480	284	0.800421
0	480	336	0.800379
0	480	175	0.80004
0	480	228	0.799819
0	480	376	0.799706
0	480	190	0.799697
0	480	178	0.799617
0	480	229	0.799581
0	480	180	0.79952
0	480	372	0.799424
0	480	182	0.79942
0	480	44	0.798586
0	480	209	0.798479
0	480	34	0.79801
0	480	217	0.797973
0	480	223	0.797969
0	480	147	0.797914
0	480	43	0.797867
0	480	247	0.797655
0	480	202	0.797653
0	480	87	0.797647
0	480	27	0.797569
0	480	206	0.797568
0	480	201	0.797541
0	480	67	0.796901
0	480	13	0.796788
0	480	225	0.796635
0	480	208	0.79626
0	480	370	0.796188
0	480	41	0.79605
0	480	376	0.795798
0	480	33	0.795724
0	480	74	0.795159
0	480	302	0.795147
0	480	148	0.795025
0	480	144	0.794972
0	480	132	0.794812
0	480	297	0.793843
0	480	172	0.793558
0	480	4	0.793533
0	480	193	0.793454
0	480	147	0.793102
0	480	103	0.793028
0	480	83	0.793
0	480	302	0.792857
0	480	364	0.792854
0	480	138	0.792588
0	480	61	0.792392
0	480	285	0.792181
0	480	156	0.79209
0	480	50	0.792058
0	480	178	0.791875
0	480	28	0.791825
0	480	303	0.791731
0	480	67	0.791545
1	480	2	0.791115
0	480	334	0.791105
0	480	117	0.791006
0	480	325	0.790977
0	480	185	0.790869
0	480	339	0.790695
0	480	213	0.790672
0	480	128	0.790201
0	480	350	0.78978
0	480	177	0.789694
0	480	25	0.789616
0	480	299	0.789536
0	480	76	0.789177
0	480	351	0.788913
0	480	131	0.788807
0	480	168	0.787674
0	480	75	0.787527
0	480	236	0.787061
0	480	121	0.786974
0	480	265	0.786867
0	480	355	0.786624
0	480	331	0.786624
0	480	24	0.786605
0	480	370	0.786597
0	480	218	0.786536
0	480	321	0.786523
0	480	149	0.786433
0	480	153	0.786007
0	480	106	0.785765
0	480	178	0.785569
0	480	19	0.785519
1	480	1	0.785299
0	480	270	0.785252
0	480	130	0.785134
0	480	308	0.784644
0	480	327	0.784299
0	480	316	0.783898
0	480	156	0.783879
0	480	79	0.783844
0	480	111	0.783823
0	480	115	0.783712
0	480	52	0.783679
0	480	267	0.783366
0	480	199	0.783269
0	480	26	0.783132
0	480	285	0.782839
0	480	191	0.782162
0	480	375	0.781525
0	480	356	0.781354
0	480	217	0.781196
0	480	59	0.780865
0	480	149	0.780496
0	480	73	0.780334
0	480	86	0.780291
0	480	308	0.78012
0	480	152	0.780081
0	480	113	0.779962
0	480	146	0.779907
0	480	67	0.779612
0	480	294	0.779479
0	480	318	0.779216
0	480	89	0.77892
0	480	231	0.778889
0	480	236	0.778856
0	480	297	0.778795
0	480	100	0.778517
0	480	7	0.778228
0	480	273	0.778172
0	480	148	0.778165
0	480	362	0.778085
0	480	231	0.777339
0	480	345	0.777339
0	480	190	0.777255
0	480	7	0.776927
0	480	240	0.776835
0	480	235	0.77651
0	480	269	0.775746
0	480	368	0.775727
0	480	313	0.775706
0	480	317	0.775512
0	480	342	0.775423
0	480	260	0.775399
0	480	272	0.775288
0	480	313	0.775157
0	480	113	0.77513
0	480	63	0.77509
0	480	175	0.775089
0	480	45	0.775005
0	480	314	0.774899
0	480	135	0.774802
0	480	273	0.774361
0	480	287	0.774284
0	480	220	0.774116
0	480	363	0.774011
0	480	24	0.773829
0	480	16	0.773672
0	480	326	0.772699
0	480	165	0.772665
0	480	50	0.772641
0	480	236	0.772158
0	480	260	0.772157
0	480	17	0.772019
0	480	83	0.771826
0	480	284	0.771502
0	480	240	0.770799
0	480	224	0.770776
0	480	55	0.770723
0	480	204	0.770405
0	480	121	0.770212
0	480	201	0.770032
0	480	224	0.769788
0	480	290	0.76875
1	480	0	0.768634
0	480	176	0.768377
0	480	172	0.767876
0	480	313	0.767407
0	480	326	0.767362
0	480	178	0.767233
0	480	190	0.767061
0	480	269	0.766763
0	480	248	0.766755
0	480	285	0.766682
0	480	285	0.766467
0	480	272	0.766306
0	480	273	0.766126
0	480	124	0.766103
0	480	338	0.765961
0	480	266	0.765865
0	480	231	0.765812
0	480	161	0.765698
0	480	44	0.765531
0	480	174	0.765267
0	480	341	0.765195
0	480	339	0.765062
0	480	346	0.764467
0	480	339	0.764284
0	480	12	0.764114
0	480	65	0.76406
0	480	178	0.763979
0	480	315	0.763848
0	480	15	0.763426
0	480	113	0.763047
0	480	202	0.762939
0	480	263	0.762763
0	480	217	0.762647
0	480	266	0.76263
0	480	10	0.76256
0	480	3	0.762385
0	480	83	0.762271
0	480	26	0.762149
0	480	138	0.762139
0	480	361	0.762041
0	480	54	0.761909
0	480	83	0.761154
0	480	300	0.761063
0	480	264	0.760885
0	480	193	0.760788
0	480	236	0.760719
0	480	159	0.760653
0	480	237	0.760614
0	480	118	0.760576
0	480	186	0.760481
0	480	306	0.760439
0	480	246	0.760424
0	480	189	0.760389
0	480	248	0.760385
0	480	111	0.759974
0	480	69	0.759904
0	480	3	0.759852
0	480	76	0.75955
0	480	7	0.75937
0	480	170	0.759253
0	480	105	0.759125
0	480	360	0.758827
0	480	316	0.758539
0	480	264	0.758462
0	480	226	0.758424
0	480	217	0.758389
0	480	83	0.758359
0	480	356	0.75835
0	480	52	0.758182
0	480	167	0.758059
0	480	4	0.758006
0	480	53	0.756995
0	480	52	0.756787
0	480	35	0.756709
0	480	350	0.756483
0	480	204	0.75639
0	480	65	0.756265
0	480	360	0.756251
0	480	228	0.756077
0	480	317	0.755264
0	480	46	0.755243
0	480	286	0.755102
0	480	295	0.754971
0	480	266	0.754809
0	480	248	0.754798
0	480	129	0.754674
0	480	165	0.754658
0	480	116	0.754653
0	480	95	0.754531
0	480	128	0.754497
0	480	21	0.754442
0	480	207	0.754283
0	480	358	0.754125
0	480	253	0.753988
0	480	354	0.753922
0	480	28	0.753889
0	480	292	0.7538
0	480	52	0.753407
0	480	151	0.753169
0	480	333	0.753145
0	480	334	0.753073
0	480	253	0.753048
0	480	261	0.752857
0	480	161	0.752836
0	480	197	0.752726
0	480	121	0.752214
0	480	311	0.751923
0	480	270	0.751686
0	480	321	0.751295
0	480	327	0.75123
0	480	228	0.751029
0	480	347	0.750709
0	480	345	0.750389
0	480	114	0.750181
0	480	87	0.749799
0	480	227	0.749645
0	480	203	0.749112
0	480	47	0.74911
0	480	119	0.748911
0	480	311	0.748818
0	480	320	0.74858
0	480	352	0.748321
0	480	214	0.748077
0	480	162	0.747819
0	480	236	0.747633
0	480	287	0.747564
0	480	221	0.747375
0	480	236	0.747017
0	480	193	0.746913
0	480	228	0.746885
0	480	287	0.74617
0	480	357	0.746001
0	480	47	0.745738
0	480	116	0.745567
0	480	116	0.745029
0	480	116	0.745025
0	480	95	0.744273
0	480	201	0.744061
0	480	211	0.743964
0	480	40	0.743714
0	480	11	0.743698
0	480	4	0.743694
0	480	266	0.74318
0	480	202	0.743063
0	480	72	0.742885
0	480	133	0.742873
0	480	288	0.742868
0	480	144	0.74212
0	480	90	0.741804
0	480	343	0.741513
0	480	256	0.741435
0	480	94	0.741048
0	480	169	0.741032
0	480	306	0.741015
0	480	353	0.740967
0	480	103	0.740851
0	480	299	0.740532
0	480	30	0.74037
0	480	243	0.740298
0	480	172	0.740295
0	480	296	0.740146
0	480	72	0.739741
0	480	27	0.739029
0	480	241	0.73866
0	480	25	0.738547
0	480	198	0.737974
0	480	81	0.737858
0	480	188	0.737781
0	480	45	0.737776
0	480	88	0.737766
0	480	216	0.737749
0	480	52	0.737486
0	480	230	0.737431
0	480	162	0.737183
0	480	32	0.737079
0	480	115	0.737057
0	480	186	0.736783
0	480	262	0.736765
0	480	84	0.736518
0	480	200	0.736479
0	480	234	0.735775
0	480	117	0.735573
0	480	47	0.735436
0	480	200	0.735434
0	480	114	0.735403
0	480	146	0.735335
0	480	20	0.735268
0	480	151	0.734959
0	480	262	0.734779
0	480	142	0.734777
0	480	330	0.734426
0	480	323	0.733886
0	480	138	0.733769
0	480	96	0.732122
0	480	240	0.731826
0	480	254	0.731604
0	480	289	0.731474
0	480	324	0.731456
0	480	21	0.73123
0	480	112	0.731125
0	480	184	0.730809
0	480	76	0.730768
0	480	150	0.730727
0	480	298	0.730299
0	480	204	0.729678
0	480	130	0.729223
0	480	270	0.729178
0	480	42	0.729022
0	480	69	0.728977
0	480	288	0.728932
0	480	335	0.728826
0	480	51	0.728726
0	480	334	0.72835
0	480	118	0.728181
0	480	138	0.728105
0	480	309	0.728036
0	480	221	0.727743
0	480	71	0.727732
0	480	321	0.727055
0	480	161	0.727001
0	480	115	0.726734
0	480	245	0.726686
0	480	254	0.726639
0	480	219	0.726363
0	480	14	0.726309
0	480	52	0.726146
0	480	102	0.726048
0	480	141	0.725837
0	480	318	0.725727
0	480	231	0.725023
0	480	14	0.724782
0	480	157	0.724478
0	480	163	0.724436
0	480	113	0.724264
0	480	216	0.724159
0	480	73	0.723942
0	480	302	0.723872
0	480	165	0.723864
0	480	75	0.723564
0	480	271	0.723218
0	480	161	0.723074
0	480	340	0.722478
0	480	115	0.722434
0	480	22	0.722429
0	480	72	0.722314
0	480	273	0.722255
0	480	243	0.722158
0	480	251	0.722119
0	480	339	0.721976
0	480	294	0.721404
0	480	281	0.721085
0	480	61	0.720879
0	480	255	0.720368
0	480	265	0.720337
0	480	6	0.720301
0	480	56	0.720209
0	480	25	0.719838
0	480	176	0.719624
0	480	170	0.71923
0	480	10	0.719115
0	480	224	0.718926
0	480	154	0.718745
0	480	195	0.718511
0	480	73	0.71847
0	480	335	0.718331
0	480	278	0.717947
0	480	162	0.717573
0	480	203	0.717572
0	480	293	0.717448
0	480	254	0.71739
0	480	39	0.716819
0	480	295	0.716474
0	480	197	0.716393
0	480	214	0.715896
0	480	65	0.715634
0	480	251	0.715121
0	480	92	0.714763
0	480	206	0.714675
0	480	225	0.714447
0	480	31	0.714388
0	480	52	0.714181
0	480	287	0.714122
0	480	261	0.71396
0	480	268	0.713674
0	480	155	0.713235
0	480	156	0.713169
0	480	119	0.713061
0	480	191	0.712953
0	480	108	0.712682
0	480	71	0.71255
0	480	11	0.712332
0	480	290	0.712285
0	480	79	0.71226
0	480	331	0.712209
0	480	28	0.712114
0	480	318	0.7117
0	480	252	0.711514
0	480	144	0.711471
0	480	48	0.7109
0	480	33	0.710842
0	480	143	0.710462
0	480	301	0.71035
0	480	128	0.710334
0	480	127	0.70982
0	480	328	0.709455
0	480	128	0.709227
0	480	249	0.70881
0	480	237	0.7082
0	480	81	0.708174
0	480	4	0.707958
0	480	157	0.707904
0	480	148	0.707708
0	480	243	0.707125
0	480	99	0.707103
0	480	156	0.706974
0	480	84	0.706967
0	480	164	0.706799
0	480	324	0.706744
0	480	310	0.706653
0	480	16	0.70602
0	480	92	0.705811
0	480	230	0.7057
0	480	214	0.705541
0	480	28	0.705005
0	480	306	0.704771
0	480	34	0.704256
0	480	281	0.70406
0	480	115	0.703663
0	480	86	0.703501
0	480	317	0.703453
0	480	135	0.703083
0	480	100	0.702977
0	480	75	0.702836
0	480	234	0.70277
0	480	190	0.702681
0	480	216	0.702439
0	480	195	0.702043
0	480	26	0.701931
0	480	262	0.701793
0	480	211	0.70178
0	480	237	0.701731
0	480	173	0.701682
0	480	132	0.70166
0	480	274	0.701656
0	480	267	0.701634
0	480	164	0.701434
0	480	66	0.700697
0	480	215	0.700364
0	480	63	0.700309
0	480	162	0.700152
0	480	216	0.700071
0	480	239	0.699705
0	480	26	0.699502
0	480	230	0.699409
0	480	47	0.699391
0	480	89	0.699264
0	480	20	0.699194
0	480	205	0.698817
0	480	164	0.698682
0	480	285	0.698388
0	480	50	0.697822
0	480	159	0.697769
0	480	212	0.697441
0	480	85	0.697235
0	480	74	0.697048
0	480	260	0.697031
0	480	331	0.696912
0	480	32	0.696752
0	480	236	0.69657
0	480	241	0.696475
0	480	280	0.696451
0	480	159	0.696392
0	480	60	0.696369
0	480	198	0.696115
0	480	132	0.695666
0	480	6	0.695588
0	480	27	0.695564
0	480	165	0.695285
0	480	161	0.695237
0	480	170	0.695173
0	480	109	0.694998
0	480	212	0.694896
0	480	131	0.694777
0	480	74	0.694608
0	480	314	0.694229
0	480	128	0.693596
0	480	233	0.693159
0	480	304	0.693036
0	480	96	0.692962
0	480	194	0.692868
0	480	81	0.692235
0	480	85	0.692204
0	480	15	0.692092
0	480	67	0.692073
0	480	4	0.691786
0	480	114	0.691359
0	480	24	0.69134
0	480	36	0.691287
0	480	125	0.691165
0	480	248	0.691094
0	480	109	0.690988
0	480	262	0.690938
0	480	43	0.690901
0	480	103	0.690786
0	480	102	0.689771
0	480	85	0.689734
0	480	104	0.689565
0	480	246	0.689516
0	480	104	0.689444
0	480	143	0.688813
0	480	157	0.688792
0	480	197	0.688684
0	480	98	0.688599
0	480	78	0.6883
0	480	295	0.687678
0	480	27	0.687367
0	480	268	0.687275
0	480	98	0.686807
0	480	21	0.686676
0	480	154	0.686275
1	480	0	0.685767
0	480	87	0.685744
0	480	78	0.685637
0	480	44	0.685423
0	480	212	0.68513
0	480	299	0.685106
0	480	64	0.684877
0	480	55	0.684605
0	480	141	0.684433
0	480	116	0.684243
0	480	268	0.68415
0	480	152	0.684141
0	480	110	0.684098
0	480	4	0.683995
0	480	187	0.683949
0	480	18	0.683876
0	480	204	0.683346
0	480	301	0.683228
0	480	184	0.683081
0	480	217	0.682647
0	480	241	0.682181
0	480	153	0.682153
0	480	128	0.681997
0	480	30	0.681966
0	480	28	0.681663
0	480	110	0.681349
0	480	37	0.681075
0	480	39	0.680829
0	480	304	0.680533
0	480	308	0.6805
0	480	306	0.6804
0	480	28	0.68027
0	480	7	0.680243
0	480	239	0.6794
0	480	45	0.679096
0	480	101	0.678873
0	480	56	0.678699
0	480	122	0.678635
0	480	162	0.677873
0	480	62	0.677723
0	480	82	0.677501
0	480	192	0.676824
0	480	191	0.676809
0	480	264	0.676661
0	480	236	0.67645
0	480	268	0.675914
0	480	237	0.675741
0	480	309	0.675673
0	480	232	0.675632
0	480	22	0.675428
0	480	33	0.675355
0	480	8	0.675086
0	480	167	0.674643
0	480	86	0.673881
0	480	195	0.673847
0	480	206	0.673423
0	480	155	0.673102
0	480	267	0.672531
0	480	28	0.6721
0	480	30	0.672054
0	480	300	0.671869
0	480	35	0.671584
0	480	48	0.671496
0	480	23	0.671097
0	480	170	0.670807
0	480	30	0.670486
0	480	25	0.670405
0	480	265	0.670229
0	480	221	0.669964
0	480	46	0.669853
0	480	47	0.669722
0	480	60	0.669593
0	480	109	0.669551
0	480	34	0.669057
0	480	230	0.66873
0	480	202	0.668695
0	480	9	0.66804
0	480	272	0.66794
0	480	127	0.667697
0	480	147	0.667606
0	480	152	0.66721
0	480	56	0.667184
0	480	143	0.666752
0	480	191	0.666507
0	480	129	0.665978
0	480	181	0.665878
0	480	287	0.665811
0	480	109	0.665194
0	480	95	0.66515
0	480	301	0.665046
0	480	178	0.664955
0	480	111	0.664891
0	480	161	0.664566
0	480	17	0.664455
0	480	11	0.664373
0	480	282	0.664345
0	480	84	0.664341
0	480	208	0.664293
0	480	29	0.664272
0	480	61	0.664228
0	480	79	0.664197
0	480	31	0.663873
0	480	4	0.663534
0	480	228	0.663493
0	480	113	0.663476
0	480	240	0.663397
0	480	283	0.663369
0	480	311	0.663259
0	480	20	0.663121
0	480	21	0.662919
0	480	277	0.66291
0	480	191	0.662814
0	480	260	0.662423
0	480	99	0.661906
0	480	258	0.661554
0	480	229	0.661524
0	480	41	0.661399
0	480	302	0.661263
0	480	268	0.661247
0	480	196	0.66099
0	480	37	0.660739
0	480	275	0.660522
0	480	223	0.660438
0	480	186	0.660394
0	480	188	0.660183
0	480	19	0.660103
0	480	188	0.659634
0	480	189	0.659524
0	480	140	0.659506
0	480	70	0.659439
0	480	284	0.659397
0	480	194	0.658909
0	480	296	0.65818
0	480	149	0.658106
0	480	113	0.657962
0	480	156	0.657911
0	480	151	0.657902
0	480	216	0.65787
0	480	204	0.657833
0	480	158	0.657638
0	480	285	0.657291
0	480	215	0.657249
0	480	211	0.656614
0	480	175	0.656552
0	480	117	0.656245
0	480	173	0.656202
0	480	47	0.656092
0	480	11	0.656077
0	480	279	0.655876
0	480	267	0.655713
0	480	44	0.655696
0	480	302	0.654423
0	480	301	0.654254
0	480	100	0.653381
0	480	68	0.652993
0	480	25	0.652798
0	480	277	0.652704
0	480	203	0.652439
0	480	247	0.651951
0	480	97	0.651755
0	480	165	0.651747
0	480	83	0.651456
0	480	258	0.651308
0	480	46	0.650829
0	480	127	0.650802
0	480	303	0.649515
0	480	130	0.649461
0	480	234	0.649179
0	480	232	0.648922
0	480	261	0.648505
0	480	11	0.648376
0	480	296	0.648366
0	480	141	0.648356
0	480	43	0.648159
0	480	78	0.648045
0	480	138	0.647954
0	480	89	0.647937
0	480	5	0.647801
0	480	118	0.647786
0	480	119	0.647649
0	480	195	0.647438
0	480	47	0.647397
0	480	196	0.647396
0	480	68	0.647218
0	480	74	0.64697
0	480	164	0.646792
0	480	145	0.646556
0	480	196	0.646245
0	480	193	0.646
0	480	229	0.645567
0	480	54	0.64516
0	480	61	0.644952
0	480	301	0.644936
0	480	60	0.644795
0	480	181	0.644793
0	480	116	0.644563
0	480	64	0.644258
0	480	5	0.644233
0	480	81	0.644068
0	480	92	0.643395
0	480	293	0.64334
0	480	136	0.643196
0	480	90	0.64312
0	480	308	0.642627
0	480	124	0.64181
0	480	80	0.641513
0	480	24	0.641191
0	480	297	0.641155
0	480	206	0.640749
0	480	143	0.640534
0	480	188	0.640436
0	480	56	0.640347
0	480	113	0.640083
0	480	277	0.640064
0	480	187	0.640013
0	480	82	0.639968
0	480	114	0.639834
0	480	287	0.639723
0	480	102	0.639568
0	480	76	0.639518
0	480	40	0.639442
0	480	64	0.639261
0	480	212	0.639135
0	480	92	0.639045
0	480	188	0.638923
0	480	268	0.638856
0	480	29	0.638812
0	480	101	0.638334
0	480	13	0.638048
0	480	121	0.637926
0	480	178	0.637716
0	480	42	0.637256
0	480	182	0.637089
0	480	211	0.637041
0	480	178	0.636698
0	480	238	0.636578
0	480	139	0.636527
0	480	48	0.636518
0	480	14	0.636516
0	480	36	0.636434
0	480	245	0.636365
0	480	73	0.636069
0	480	151	0.636044
0	480	177	0.635904
0	480	268	0.635865
0	480	131	0.635724
0	480	52	0.635651
0	480	87	0.63542
0	480	88	0.635385
0	480	215	0.63527
0	480	301	0.634843
0	480	207	0.634579
0	480	52	0.634408
0	480	112	0.634407
0	480	154	0.634302
0	480	149	0.634016
0	480	76	0.633634
0	480	270	0.633231
0	480	79	0.633056
0	480	112	0.632935
0	480	18	0.632753
0	480	105	0.632054
0	480	302	0.631772
0	480	21	0.63174
0	480	226	0.631639
0	480	295	0.63163
0	480	56	0.631461
0	480	255	0.63144
0	480	139	0.631358
0	480	80	0.631289
0	480	266	0.631127
0	480	188	0.631033
0	480	259	0.630896
0	480	302	0.63085
0	480	122	0.63077
0	480	276	0.63064
0	480	158	0.630584
0	480	282	0.630361
0	480	47	0.630223
0	480	169	0.629401
0	480	5	0.629256
0	480	298	0.629166
0	480	141	0.62845
0	480	37	0.627817
0	480	22	0.627799
0	480	166	0.627631
0	480	71	0.627586
0	480	227	0.627492
1	480	0	0.627462
0	480	280	0.627336
0	480	130	0.627168
0	480	13	0.627075
0	480	114	0.626322
0	480	138	0.626116
0	480	192	0.625907
0	480	185	0.625807
0	480	64	0.625794
0	480	6	0.625727
0	480	26	0.625402
0	480	298	0.62475
0	480	86	0.624579
0	480	93	0.624578
0	480	252	0.624554
0	480	235	0.62452
0	480	238	0.624229
0	480	255	0.623884
0	480	66	0.623768
0	480	39	0.623698
0	480	69	0.623344
0	480	250	0.623343
0	480	125	0.623071
0	480	72	0.622829
0	480	4	0.62249
0	480	180	0.622489
0	480	50	0.622356
0	480	76	0.622253
0	480	272	0.622086
0	480	178	0.621893
0	480	203	0.621771
0	480	58	0.621671
0	480	93	0.621508
0	480	167	0.62148
0	480	244	0.621405
0	480	185	0.621354
0	480	99	0.620517
0	480	292	0.620474
0	480	201	0.620287
0	480	31	0.62003
0	480	29	0.619858
0	480	135	0.619651
0	480	30	0.619386
0	480	282	0.618076
0	480	146	0.617686
0	480	273	0.617535
0	480	34	0.617388
0	480	86	0.617241
0	480	27	0.617025
0	480	14	0.617015
0	480	58	0.616323
0	480	285	0.616159
0	480	273	0.616122
0	480	176	0.616005
0	480	211	0.615978
0	480	276	0.615972
0	480	138	0.615831
0	480	120	0.615557
0	480	82	0.61517
0	480	73	0.614926
0	480	144	0.614852
0	480	267	0.61472
0	480	195	0.614605
0	480	9	0.614603
0	480	155	0.614368
0	480	66	0.614365
0	480	193	0.613697
0	480	137	0.612728
0	480	266	0.612555
0	480	81	0.612427
0	480	146	0.6124
0	480	190	0.612306
0	480	217	0.612286
0	480	6	0.612145
0	480	155	0.612048
0	480	173	0.611947
0	480	36	0.611804
0	480	1	0.611794
0	480	187	0.611711
0	480	119	0.611503
0	480	277	0.611306
0	480	64	0.611216
0	480	256	0.610989
0	480	248	0.610813
0	480	16	0.610806
0	480	36	0.610647
0	480	68	0.610253
0	480	135	0.610068
0	480	57	0.609924
0	480	105	0.609875
0	480	12	0.609824
0	480	205	0.609651
0	480	169	0.609426
0	480	182	0.609419
0	480	227	0.609149
0	480	104	0.60913
0	480	281	0.608548
0	480	198	0.60851
0	480	150	0.608316
0	480	55	0.608249
0	480	80	0.608221
0	480	1	0.607951
0	480	78	0.607951
0	480	276	0.607627
0	480	167	0.6076
0	480	16	0.607216
0	480	141	0.60695
0	480	225	0.606839
0	480	173	0.606788
0	480	198	0.606733
0	480	282	0.606694
0	480	254	0.60652
0	480	257	0.606501
0	480	95	0.606382
0	480	282	0.606165
0	480	237	0.60616
0	480	134	0.606071
0	480	98	0.606055
0	480	10	0.605869
0	480	176	0.605532
0	480	224	0.605473
0	480	151	0.605129
0	480	112	0.605084
0	480	200	0.604982
0	480	220	0.6047
0	480	212	0.604643
0	480	189	0.604561
0	480	165	0.604287
0	480	72	0.604084
0	480	149	0.603504
0	480	76	0.603344
0	480	247	0.603068
0	480	124	0.603025
0	480	165	0.602909
0	480	193	0.602821
0	480	193	0.602347
0	480	274	0.602063
0	480	176	0.601958
0	480	8	0.601906
0	480	75	0.6015
0	480	108	0.601171
0	480	57	0.601124
0	480	93	0.600928
0	480	83	0.600489
0	480	201	0.600277
0	480	253	0.600259
0	480	226	0.600229
0	480	115	0.600214
0	480	38	0.600195
0	480	85	0.600104
0	480	66	0.599518
0	480	3	0.598893
0	480	138	0.59851
0	480	230	0.598364
0	480	29	0.598351
0	480	126	0.597838
0	480	226	0.596952
0	480	49	0.596948
0	480	139	0.596502
0	480	235	0.59638
0	480	278	0.596256
0	480	177	0.596253
0	480	252	0.596156
0	480	183	0.596079
0	480	277	0.596078
0	480	119	0.59595
0	480	90	0.59577
0	480	93	0.59575
0	480	162	0.595394
0	480	87	0.595144
0	480	221	0.594923
0	480	2	0.594802
0	480	173	0.593971
0	480	51	0.593918
0	480	279	0.593816
0	480	259	0.593814
0	480	126	0.593619
0	480	226	0.593526
0	480	266	0.593447
0	480	62	0.593083
0	480	30	0.592901
0	480	180	0.592763
0	480	33	0.592713
0	480	64	0.592572
0	480	59	0.592449
0	480	193	0.592439
0	480	185	0.592419
0	480	81	0.592392
0	480	36	0.592298
0	480	242	0.592236
0	480	47	0.591609
0	480	200	0.591601
0	480	217	0.591232
0	480	62	0.591225
0	480	19	0.591223
0	480	51	0.591048
0	480	139	0.591
0	480	158	0.59044
0	480	277	0.590318
0	480	7	0.590183
0	480	93	0.59018
0	480	271	0.589676
0	480	57	0.589564
0	480	43	0.589238
0	480	88	0.589187
0	480	56	0.588537
0	480	223	0.588227
0	480	217	0.58809
0	480	135	0.588044
0	480	88	0.587968
0	480	164	0.587918
0	480	13	0.587756
0	480	88	0.587715
0	480	186	0.587701
0	480	31	0.587547
0	480	136	0.587339
0	480	180	0.587267
0	480	160	0.587101
0	480	49	0.58688
0	480	178	0.58681
0	480	82	0.586763
0	480	193	0.586644
0	480	198	0.586613
0	480	140	0.586456
0	480	212	0.586096
0	480	38	0.586015
0	480	251	0.585931
0	480	228	0.585703
0	480	241	0.585681
0	480	49	0.584868
0	480	193	0.584682
0	480	275	0.584579
0	480	206	0.58411
0	480	275	0.584054
0	480	103	0.583823
0	480	197	0.583804
0	480	211	0.583783
0	480	184	0.583756
0	480	252	0.583748
0	480	95	0.583609
0	480	61	0.5834
0	480	159	0.583335
0	480	93	0.583198
0	480	248	0.583061
0	480	163	0.582895
0	480	272	0.582778
0	480	90	0.582693
0	480	51	0.582463
0	480	91	0.581436
0	480	21	0.581418
0	480	37	0.581393
0	480	121	0.581198
0	480	174	0.580973
0	480	176	0.580795
0	480	161	0.580732
0	480	203	0.580715
0	480	255	0.580709
0	480	35	0.580679
0	480	85	0.580655
0	480	57	0.580643
0	480	177	0.580627
0	480	276	0.580398
0	480	176	0.580252
0	480	223	0.580055
0	480	184	0.580055
0	480	179	0.580054
0	480	78	0.58004
0	480	56	0.580027
0	480	178	0.579939
0	480	260	0.579902
0	480	159	0.579264
0	480	108	0.579253
0	480	206	0.579226
0	480	231	0.57922
0	480	8	0.579175
0	480	174	0.579054
0	480	258	0.578974
0	480	51	0.578795
0	480	84	0.577403
0	480	82	0.577336
1	480	0	0.576973
0	480	173	0.576893
0	480	38	0.576021
0	480	210	0.575525
0	480	13	0.575508
0	480	121	0.575422
0	480	240	0.575383
0	480	34	0.574873
0	480	249	0.574774
0	480	200	0.574189
0	480	195	0.573961
0	480	250	0.573496
0	480	116	0.573272
0	480	6	0.573179
0	480	179	0.573148
0	480	235	0.572321
0	480	255	0.572071
0	480	79	0.571876
0	480	240	0.571835
0	480	270	0.571733
0	480	112	0.571635
0	480	112	0.571318
0	480	140	0.571141
0	480	115	0.571
0	480	148	0.570832
0	480	173	0.570799
0	480	231	0.570755
0	480	187	0.570728
0	480	109	0.570615
0	480	57	0.570583
0	480	20	0.570465
0	480	163	0.56994
0	480	10	0.5694
0	480	210	0.568964
0	480	142	0.568842
0	480	117	0.56875
0	480	66	0.568502
0	480	4	0.5675
0	480	51	0.567455
0	480	237	0.567075
0	480	130	0.566957
0	480	91	0.566811
0	480	166	0.566724
0	480	180	0.566537
0	480	260	0.566379
0	480	135	0.56564
0	480	6	0.565612
0	480	37	0.565415
0	480	188	0.565394
0	480	201	0.565148
0	480	170	0.565053
0	480	148	0.564923
0	480	202	0.564823
0	480	115	0.564667
0	480	91	0.56432
0	480	49	0.564141
0	480	251	0.563946
0	480	154	0.563743
0	480	107	0.563656
0	480	137	0.563564
0	480	219	0.563389
0	480	196	0.562868
0	480	131	0.562753
0	480	210	0.562631
0	480	64	0.562558
0	480	3	0.56243
0	480	138	0.562345
0	480	132	0.562021
0	480	185	0.561971
0	480	214	0.561816
0	480	157	0.5618
0	480	213	0.561746
0	480	43	0.561592
0	480	139	0.561579
0	480	239	0.561249
0	480	58	0.561051
0	480	7	0.561008
0	480	159	0.560985
0	480	13	0.560731
0	480	205	0.560405
0	480	194	0.560385
0	480	7	0.560226
0	480	32	0.560064
0	480	223	0.55991
0	480	229	0.55983
0	480	237	0.559489
0	480	135	0.559074
0	480	78	0.559073
0	480	260	0.558926
0	480	215	0.558706
0	480	195	0.55861
0	480	63	0.558518
0	480	64	0.558451
0	480	15	0.558033
0	480	116	0.557316
0	480	131	0.557086
0	480	71	0.556738
0	480	83	0.556337
0	480	180	0.555975
0	480	176	0.555728
0	480	20	0.55538
0	480	166	0.555342
0	480	110	0.554739
0	480	144	0.554659
0	480	162	0.554437
0	480	81	0.552999
0	480	46	0.55298
0	480	45	0.552685
0	480	127	0.55216
0	480	80	0.551577
0	480	43	0.551402
0	480	238	0.551333
0	480	187	0.551302
0	480	162	0.551281
0	480	38	0.551009
0	480	187	0.550942
0	480	2	0.550521
0	480	118	0.550423
0	480	103	0.550328
0	480	188	0.55015
0	480	145	0.550119
0	480	237	0.550003
0	480	108	0.549824
0	480	193	0.549666
0	480	42	0.548975
0	480	79	0.548777
0	480	94	0.548462
0	480	55	0.548361
0	480	96	0.548185
0	480	236	0.548038
0	480	32	0.547963
0	480	75	0.54776
0	480	67	0.547647
0	480	55	0.547127
0	480	105	0.546949
0	480	101	0.546855
0	480	231	0.546785
0	480	30	0.546356
0	480	253	0.546278
0	480	37	0.545862
0	480	139	0.545004
0	480	159	0.544726
0	480	102	0.544372
0	480	137	0.544327
0	480	102	0.544095
0	480	193	0.543993
0	480	83	0.543855
0	480	175	0.543799
0	480	62	0.543576
0	480	210	0.543541
0	480	254	0.543531
0	480	72	0.543405
0	480	241	0.543296
0	480	208	0.543111
0	480	53	0.542916
0	480	28	0.542831
0	480	259	0.542445
0	480	132	0.542423
0	480	209	0.542395
0	480	53	0.542372
0	480	159	0.542184
0	480	26	0.542094
0	480	108	0.542057
0	480	165	0.541926
1	480	0	0.541573
0	480	210	0.541509
0	480	178	0.541064
0	480	160	0.54105
0	480	86	0.541036
0	480	238	0.540648
0	480	230	0.539747
0	480	242	0.53939
0	480	201	0.539344
0	480	1	0.539229
0	480	217	0.538863
0	480	30	0.538772
0	480	101	0.538701
0	480	132	0.53859
0	480	124	0.538395
0	480	141	0.53829
0	480	223	0.538281
0	480	229	0.538162
0	480	24	0.537813
0	480	37	0.537493
0	480	32	0.537401
0	480	14	0.537107
0	480	197	0.536709
0	480	73	0.536324
0	480	65	0.535917
0	480	12	0.535672
0	480	234	0.535619
0	480	193	0.535411
0	480	130	0.534832
0	480	248	0.534722
0	480	11	0.534566
0	480	79	0.534398
0	480	21	0.534386
0	480	228	0.534264
0	480	13	0.533849
0	480	33	0.533798
0	480	199	0.533707
0	480	109	0.533694
0	480	198	0.533645
0	480	25	0.533564
0	480	239	0.533326
0	480	82	0.533245
0	480	223	0.533155
0	480	142	0.533119
0	480	149	0.53297
0	480	255	0.532729
0	480	47	0.532576
0	480	235	0.532516
0	480	229	0.531916
0	480	180	0.531623
0	480	31	0.531521
0	480	46	0.531116
0	480	106	0.531063
0	480	135	0.530852
0	480	253	0.530845
0	480	147	0.53082
0	480	160	0.530521
0	480	85	0.530364
0	480	235	0.530277
0	480	70	0.529957
0	480	39	0.529935
0	480	227	0.529872
0	480	242	0.52973
0	480	25	0.529725
0	480	244	0.528408
0	480	177	0.528366
0	480	58	0.528036
0	480	130	0.527933
0	480	236	0.527753
0	480	211	0.527443
0	480	5	0.527368
0	480	187	0.527333
0	480	214	0.527301
0	480	86	0.527298
0	480	126	0.527291
0	480	119	0.527084
0	480	16	0.526856
0	480	108	0.526828
0	480	195	0.52667
0	480	12	0.526623
0	480	56	0.526468
0	480	21	0.52624
0	480	201	0.525872
0	480	20	0.525795
0	480	215	0.525665
0	480	72	0.525353
0	480	248	0.524991
0	480	239	0.524983
0	480	182	0.524609
0	480	6	0.524269
0	480	112	0.524224
0	480	80	0.524183
0	480	244	0.524026
0	480	88	0.524008
0	480	183	0.524005
0	480	8	0.523995
0	480	215	0.523833
0	480	225	0.523831
0	480	172	0.523796
0	480	134	0.523728
0	480	42	0.52339
0	480	209	0.523336
0	480	128	0.523173
0	480	80	0.522642
0	480	248	0.522547
0	480	40	0.522449
0	480	14	0.522364
0	480	213	0.522143
0	480	181	0.522092
0	480	15	0.522013
0	480	38	0.521666
0	480	195	0.521348
0	480	166	0.521176
0	480	228	0.520942
0	480	192	0.520568
0	480	190	0.520522
0	480	200	0.520377
0	480	199	0.520259
0	480	94	0.519774
0	480	150	0.519772
0	480	121	0.519737
0	480	80	0.519658
0	480	128	0.51964
0	480	79	0.519492
0	480	88	0.519349
0	480	58	0.518711
0	480	35	0.518655
0	480	115	0.518428
0	480	13	0.518333
0	480	83	0.518229
0	480	70	0.518003
0	480	58	0.517996
0	480	224	0.517971
0	480	75	0.517886
0	480	220	0.517504
0	480	55	0.517136
0	480	101	0.516953
0	480	182	0.516811
0	480	121	0.516783
0	480	2	0.51676
0	480	219	0.516431
0	480	222	0.516366
0	480	27	0.516333
0	480	1	0.515862
0	480	153	0.515416
0	480	201	0.515337
0	480	130	0.514917
0	480	181	0.5146
0	480	239	0.514593
0	480	233	0.514546
0	480	52	0.514334
0	480	211	0.51432
0	480	133	0.514287
0	480	43	0.514282
0	480	181	0.51424
0	480	233	0.513867
0	480	68	0.513725
0	480	44	0.513685
0	480	246	0.513527
0	480	130	0.513476
0	480	148	0.513462
0	480	154	0.513442
0	480	235	0.513291
0	480	73	0.513271
0	480	239	0.512545
0	480	180	0.512531
0	480	190	0.512406
0	480	103	0.512275
0	480	214	0.512239
0	480	35	0.512226
0	480	201	0.511983
0	480	31	0.511974
0	480	206	0.511953
0	480	133	0.511911
0	480	101	0.511649
0	480	205	0.511496
0	480	103	0.511028
0	480	7	0.510742
0	480	40	0.510495
0	480	142	0.510387
0	480	74	0.51028
0	480	6	0.510223
0	480	153	0.510155
0	480	86	0.509376
0	480	2	0.50919
0	480	181	0.509112
0	480	244	0.508783
0	480	90	0.508743
0	480	205	0.508603
0	480	202	0.508015
0	480	186	0.507745
0	480	208	0.507619
0	480	167	0.507589
0	480	83	0.5073
0	480	181	0.507175
0	480	236	0.507116
0	480	94	0.50707
0	480	177	0.507053
0	480	188	0.507018
0	480	10	0.506996
0	480	121	0.506976
1	480	0	0.50694
0	480	116	0.506821
0	480	98	0.506766
0	480	175	0.506715
0	480	189	0.506645
0	480	145	0.506442
0	480	199	0.506369
0	480	154	0.506212
0	480	117	0.50606
0	480	109	0.505951
0	480	42	0.505379
0	480	35	0.505299
0	480	103	0.505188
0	480	233	0.505114
0	480	84	0.504848
0	480	97	0.504756
0	480	82	0.504233
0	480	214	0.504188
0	480	39	0.504152
0	480	21	0.504117
0	480	188	0.503981
0	480	95	0.503763
0	480	187	0.503742
0	480	183	0.503741
0	480	33	0.503678
0	480	208	0.50357
0	480	74	0.503512
0	480	5	0.503417
0	480	183	0.503328
0	480	134	0.503187
0	480	66	0.503083
0	480	80	0.503008
0	480	164	0.503001
0	480	34	0.502928
0	480	117	0.502869
0	480	162	0.502736
0	480	139	0.502663
0	480	171	0.502466
0	480	200	0.502282
0	480	143	0.502233
0	480	58	0.502165
0	480	87	0.502145
0	480	9	0.501822
0	480	189	0.501785
0	480	22	0.501605
0	480	80	0.501491
0	480	160	0.500618
0	480	117	0.500387
0	480	233	0.500009
0	480	2	0.499754
0	480	206	0.4994
0	480	91	0.499303
0	480	8	0.498529
0	480	96	0.498258
0	480	47	0.498256
0	480	64	0.497998
0	480	159	0.497961
0	480	35	0.497943
0	480	93	0.497703
0	480	55	0.497517
0	480	121	0.497517
0	480	79	0.497495
0	480	201	0.497421
0	480	4	0.497292
0	480	128	0.497241
0	480	57	0.497227
0	480	91	0.497074
0	480	194	0.496317
0	480	175	0.496149
0	480	74	0.496136
0	480	169	0.496112
0	480	114	0.496077
0	480	139	0.495929
0	480	18	0.495388
0	480	86	0.495176
0	480	131	0.495072
0	480	107	0.494682
0	480	116	0.494607
0	480	197	0.494521
0	480	191	0.494462
0	480	234	0.494433
0	480	138	0.494348
0	480	175	0.493985
0	480	72	0.493836
0	480	106	0.492803
0	480	236	0.492672
0	480	125	0.492556
0	480	66	0.492406
0	480	96	0.492368
0	480	114	0.492332
0	480	235	0.492286
0	480	151	0.492251
0	480	231	0.492097
0	480	65	0.491878
0	480	227	0.491854
0	480	163	0.491793
0	480	139	0.49136
0	480	174	0.491317
0	480	77	0.491307
0	480	135	0.491247
0	480	27	0.491142
0	480	190	0.491047
0	480	118	0.490935
0	480	170	0.490911
0	480	168	0.490552
0	480	149	0.490523
0	480	205	0.490277
0	480	26	0.490243
0	480	193	0.49024
0	480	159	0.490168
0	480	195	0.490079
0	480	35	0.490031
0	480	170	0.489974
0	480	107	0.48993
0	480	174	0.488799
0	480	80	0.48861
0	480	122	0.488538
0	480	53	0.488507
0	480	153	0.488449
0	480	154	0.488135
0	480	30	0.487756
0	480	222	0.487725
0	480	120	0.487709
0	480	28	0.487213
0	480	101	0.487112
0	480	112	0.486885
0	480	107	0.486634
0	480	40	0.486395
0	480	52	0.486388
0	480	72	0.485945
0	480	48	0.485941
0	480	99	0.485912
0	480	152	0.485502
0	480	166	0.485221
0	480	13	0.485069
0	480	107	0.48484
0	480	30	0.484758
0	480	18	0.484495
0	480	134	0.484289
0	480	228	0.484128
0	480	79	0.483682
0	480	32	0.483666
0	480	136	0.483235
0	480	23	0.483227
0	480	40	0.48305
0	480	154	0.482904
0	480	45	0.48288
0	480	13	0.482752
0	480	28	0.482476
0	480	136	0.481917
0	480	224	0.481831
0	480	36	0.481781
0	480	7	0.481584
0	480	80	0.481086
0	480	166	0.481006
0	480	8	0.480091
0	480	20	0.479773
0	480	19	0.47957
0	480	185	0.479288
0	480	65	0.479097
0	480	20	0.479025
0	480	75	0.478752
0	480	46	0.478712
0	480	183	0.478602
0	480	23	0.477958
0	480	115	0.477869
0	480	213	0.477746
0	480	26	0.477593
0	480	221	0.47753
0	480	142	0.477428
0	480	5	0.477365
0	480	73	0.47671
0	480	112	0.476586
0	480	75	0.47643
0	480	108	0.476426
0	480	158	0.476293
0	480	29	0.47616
0	480	126	0.475714
0	480	213	0.475605
0	480	220	0.47538
0	480	4	0.474943
0	480	96	0.474619
0	480	173	0.474616
0	480	9	0.474454
0	480	62	0.474359
0	480	52	0.474345
0	480	148	0.474065
0	480	96	0.473556
0	480	87	0.472794
0	480	130	0.472677
0	480	89	0.472281
0	480	122	0.472171
0	480	176	0.471763
0	480	226	0.471146
0	480	207	0.470917
0	480	180	0.47085
0	480	189	0.470657
0	480	220	0.470591
0	480	11	0.470546
0	480	131	0.470295
0	480	161	0.470122
0	480	80	0.46997
0	480	116	0.469819
0	480	174	0.469763
0	480	76	0.469654
0	480	211	0.469619
0	480	102	0.46877
0	480	145	0.468216
0	480	46	0.46802
0	480	14	0.467536
0	480	127	0.467511
0	480	162	0.466949
0	480	176	0.4669
0	480	204	0.466474
0	480	61	0.466351
0	480	176	0.466299
0	480	159	0.466217
0	480	172	0.46612
0	480	163	0.466095
0	480	53	0.466037
0	480	36	0.465999
0	480	160	0.46573
0	480	174	0.465628
0	480	67	0.465568
0	480	67	0.465457
0	480	219	0.465384
0	480	64	0.465333
0	480	135	0.465038
0	480	193	0.464598
0	480	79	0.464549
0	480	8	0.4639
0	480	90	0.463701
0	480	31	0.463431
0	480	76	0.463397
0	480	139	0.463289
0	480	120	0.463263
0	480	187	0.463244
1	480	0	0.46275
0	480	65	0.462663
0	480	197	0.462122
0	480	90	0.462118
0	480	98	0.462082
0	480	84	0.461901
0	480	87	0.461802
0	480	208	0.461792
0	480	161	0.461697
0	480	92	0.461585
0	480	210	0.461435
0	480	49	0.461252
0	480	115	0.460908
0	480	74	0.459706
0	480	27	0.459414
0	480	95	0.459231
0	480	25	0.459132
0	480	41	0.458932
1	480	0	0.458717
0	480	59	0.458599
0	480	211	0.458449
0	480	32	0.458441
0	480	93	0.458394
0	480	104	0.458379
0	480	199	0.457814
0	480	173	0.45762
0	480	203	0.457526
0	480	93	0.457242
0	480	214	0.456654
0	480	112	0.456484
0	480	197	0.455875
0	480	191	0.455823
0	480	139	0.45551
0	480	42	0.455381
0	480	201	0.455376
0	480	18	0.455036
0	480	128	0.455
0	480	52	0.454681
0	480	10	0.45447
0	480	212	0.454392
0	480	17	0.454143
0	480	83	0.453979
0	480	33	0.453397
0	480	187	0.453153
0	480	127	0.452799
0	480	169	0.452641
0	480	74	0.452441
0	480	157	0.452212
0	480	34	0.452174
0	480	69	0.452051
0	480	47	0.452026
0	480	36	0.451552
0	480	89	0.451533
0	480	64	0.451521
0	480	122	0.45124
0	480	32	0.451228
0	480	119	0.4511
0	480	119	0.451083
0	480	140	0.451052
0	480	63	0.451013
0	480	65	0.450726
0	480	28	0.450462
0	480	202	0.450441
0	480	174	0.450413
0	480	116	0.450381
0	480	121	0.450278
0	480	171	0.449963
0	480	159	0.449881
0	480	95	0.448701
0	480	114	0.448198
0	480	78	0.447151
0	480	140	0.446762
0	480	69	0.446762
0	480	117	0.446577
0	480	94	0.446209
0	480	46	0.445716
0	480	119	0.44561
0	480	212	0.445565
0	480	126	0.44545
0	480	69	0.445087
0	480	200	0.444631
0	480	79	0.444495
0	480	39	0.444226
0	480	198	0.443896
0	480	111	0.443888
0	480	29	0.443862
0	480	138	0.443668
0	480	56	0.44351
0	480	131	0.443363
0	480	207	0.44296
0	480	109	0.442917
0	480	76	0.442798
0	480	7	0.442778
0	480	77	0.442745
0	480	164	0.442727
0	480	25	0.442634
0	480	93	0.442566
0	480	122	0.442421
0	480	147	0.441884
0	480	182	0.441865
0	480	210	0.441657
0	480	106	0.441289
0	480	90	0.441077
0	480	25	0.441057
0	480	94	0.440825
0	480	113	0.440746
0	480	178	0.44065
0	480	75	0.440402
0	480	167	0.4404
0	480	148	0.440278
0	480	177	0.439874
0	480	114	0.43977
0	480	35	0.439565
0	480	147	0.439382
0	480	172	0.439258
0	480	34	0.439157
0	480	89	0.439145
0	480	136	0.438714
0	480	39	0.438262
0	480	193	0.438167
0	480	76	0.438137
0	480	96	0.437973
0	480	36	0.437585
0	480	103	0.437541
0	480	167	0.437529
0	480	142	0.437137
0	480	92	0.436766
0	480	162	0.43666
0	480	174	0.436455
0	480	121	0.43621
0	480	51	0.435788
0	480	152	0.435573
0	480	33	0.435142
0	480	88	0.434695
0	480	42	0.434652
0	480	96	0.434285
0	480	156	0.434045
0	480	35	0.433901
0	480	157	0.433801
0	480	113	0.433599
0	480	56	0.433552
0	480	130	0.433511
0	480	131	0.433373
0	480	52	0.433317
0	480	64	0.432911
0	480	138	0.432908
0	480	55	0.432858
0	480	3	0.43282
0	480	150	0.43252
0	480	84	0.432468
0	480	201	0.432302
0	480	82	0.431982
0	480	179	0.431919
0	480	183	0.431807
0	480	168	0.431793
0	480	60	0.431611
0	480	98	0.431538
0	480	171	0.431382
0	480	100	0.431333
0	480	32	0.431049
0	480	55	0.43084
0	480	34	0.430597
0	480	187	0.430505
0	480	192	0.430389
0	480	175	0.430304
0	480	28	0.430194
0	480	84	0.429612
0	480	107	0.429581
0	480	169	0.429537
0	480	157	0.429511
0	480	138	0.429278
0	480	98	0.428939
0	480	80	0.428503
0	480	20	0.427895
0	480	135	0.427778
0	480	140	0.427721
0	480	38	0.42744
0	480	82	0.427258
0	480	14	0.426628
0	480	24	0.426323
0	480	102	0.425681
0	480	139	0.425352
0	480	156	0.424936
0	480	16	0.424754
0	480	194	0.424747
0	480	12	0.424692
0	480	32	0.424443
1	480	0	0.42385
0	480	162	0.423352
0	480	52	0.423238
0	480	67	0.423144
0	480	10	0.423026
0	480	166	0.422862
0	480	22	0.422183
0	480	106	0.422017
0	480	185	0.421977
0	480	49	0.421692
0	480	52	0.421586
0	480	178	0.421461
0	480	163	0.42132
0	480	146	0.421282
0	480	79	0.420269
0	480	51	0.420118
0	480	118	0.420065
0	480	126	0.420022
0	480	133	0.419667
0	480	98	0.419621
0	480	30	0.419611
0	480	160	0.419485
0	480	20	0.419386
0	480	185	0.419305
0	480	102	0.419261
0	480	27	0.419171
0	480	80	0.418624
0	480	164	0.418458
0	480	43	0.418223
0	480	17	0.418136
0	480	168	0.418121
0	480	109	0.418026
0	480	19	0.417846
0	480	192	0.417146
0	480	72	0.417119
0	480	69	0.416996
0	480	76	0.416857
0	480	127	0.416831
0	480	30	0.416301
0	480	112	0.415541
0	480	102	0.415464
0	480	15	0.415241
0	480	9	0.414976
0	480	141	0.414911
0	480	142	0.414828
0	480	76	0.414828
0	480	171	0.414615
0	480	8	0.414594
0	480	112	0.414262
0	480	23	0.414112
0	480	89	0.414032
0	480	133	0.413517
0	480	17	0.413276
0	480	94	0.413078
0	480	22	0.412854
0	480	8	0.412188
0	480	156	0.411975
0	480	100	0.411477
0	480	183	0.411405
0	480	13	0.411363
0	480	10	0.411035
0	480	50	0.410953
0	480	54	0.410787
0	480	30	0.410758
0	480	157	0.410619
0	480	172	0.41056
0	480	155	0.410542
0	480	114	0.410267
0	480	185	0.41012
0	480	22	0.410104
0	480	27	0.409812
0	480	63	0.408937
0	480	174	0.408732
0	480	86	0.408335
0	480	4	0.408155
0	480	68	0.408067
0	480	160	0.407957
0	480	116	0.407944
0	480	167	0.407651
0	480	63	0.407515
0	480	67	0.406822
0	480	58	0.406803
0	480	155	0.406776
0	480	155	0.406631
0	480	44	0.406505
0	480	77	0.406467
0	480	151	0.406055
0	480	111	0.4056
0	480	81	0.405586
0	480	121	0.40558
0	480	109	0.405427
0	480	17	0.404852
0	480	93	0.404272
0	480	142	0.404125
0	480	82	0.404078
0	480	88	0.403931
0	480	133	0.403597
0	480	102	0.403522
0	480	81	0.403461
0	480	168	0.403337
0	480	89	0.403331
0	480	45	0.402894
0	480	49	0.402766
0	480	70	0.402635
0	480	14	0.402347
0	480	162	0.402323
0	480	93	0.402287
0	480	79	0.402246
0	480	96	0.401729
0	480	169	0.401601
0	480	59	0.401589
0	480	178	0.400946
0	480	189	0.400843
0	480	134	0.400451
0	480	76	0.400233
0	480	104	0.400147
0	480	135	0.399802
0	480	53	0.399273
0	480	114	0.399187
0	480	58	0.399099
0	480	119	0.399018
0	480	162	0.399005
0	480	48	0.398386
0	480	43	0.397996
0	480	118	0.3979
0	480	105	0.397883
0	480	47	0.397363
0	480	9	0.397309
0	480	162	0.397284
0	480	1	0.39699
0	480	125	0.396988
0	480	24	0.396615
0	480	129	0.396475
0	480	126	0.396307
0	480	165	0.396288
0	480	45	0.396275
0	480	83	0.395021
0	480	9	0.39453
0	480	63	0.39433
0	480	78	0.394185
0	480	100	0.393554
0	480	83	0.39298
0	480	102	0.392776
0	480	26	0.392771
0	480	11	0.39264
0	480	55	0.392587
0	480	66	0.392341
0	480	143	0.392154
0	480	48	0.391808
0	480	109	0.391446
0	480	100	0.391389
0	480	4	0.39133
0	480	97	0.391233
0	480	170	0.390956
0	480	172	0.390909
0	480	64	0.390657
0	480	27	0.390555
0	480	52	0.390548
0	480	185	0.390244
0	480	52	0.390184
0	480	39	0.389998
0	480	159	0.389646
0	480	157	0.389436
0	480	40	0.38921
0	480	22	0.388906
0	480	1	0.388845
0	480	53	0.38801
0	480	101	0.387955
0	480	22	0.38784
0	480	53	0.387532
0	480	161	0.387495
0	480	80	0.387122
0	480	62	0.387083
0	480	163	0.386651
0	480	55	0.386378
0	480	8	0.386144
0	480	98	0.386051
0	480	5	0.385967
0	480	137	0.385878
0	480	4	0.385759
0	480	8	0.385464
0	480	80	0.385453
0	480	162	0.385396
0	480	176	0.385095
0	480	182	0.384753
0	480	79	0.384603
0	480	126	0.384334
0	480	49	0.384263
0	480	142	0.384172
0	480	167	0.384077
0	480	129	0.383968
0	480	106	0.383827
0	480	134	0.383739
0	480	95	0.383321
0	480	63	0.383295
0	480	57	0.383262
0	480	110	0.38278
0	480	120	0.382733
0	480	87	0.382588
0	480	39	0.382416
0	480	70	0.382301
0	480	145	0.382263
0	480	117	0.381902
0	480	144	0.381889
0	480	144	0.381887
0	480	183	0.381871
0	480	79	0.381355
1	480	0	0.381308
0	480	102	0.380951
0	480	49	0.380944
0	480	95	0.380876
0	480	139	0.380486
0	480	39	0.380441
0	480	165	0.380404
0	480	7	0.38029
0	480	172	0.380194
0	480	34	0.38006
0	480	24	0.37986
0	480	180	0.379822
0	480	119	0.379665
0	480	168	0.379035
0	480	16	0.378945
0	480	48	0.378739
0	480	67	0.378546
0	480	169	0.378367
0	480	164	0.378229
0	480	45	0.378187
0	480	48	0.378121
0	480	49	0.378048
0	480	173	0.377764
0	480	134	0.377657
0	480	30	0.377597
0	480	156	0.377566
0	480	78	0.377566
0	480	41	0.377457
0	480	10	0.377448
0	480	15	0.377433
0	480	45	0.377125
0	480	140	0.376883
0	480	114	0.376746
0	480	154	0.376424
0	480	172	0.376248
0	480	118	0.37578
0	480	136	0.375683
0	480	97	0.375494
0	480	60	0.375258
0	480	56	0.375097
0	480	168	0.375084
0	480	28	0.374967
0	480	53	0.374888
0	480	27	0.374855
0	480	125	0.374839
0	480	170	0.374579
0	480	179	0.374501
0	480	88	0.374408
0	480	134	0.37439
0	480	177	0.374284
0	480	25	0.374242
0	480	99	0.374198
0	480	173	0.373338
0	480	165	0.37327
0	480	131	0.371982
0	480	174	0.371972
0	480	150	0.370953
0	480	137	0.370908
0	480	133	0.370827
0	480	16	0.370752
0	480	143	0.370567
0	480	100	0.370562
0	480	60	0.370485
0	480	139	0.369893
0	480	152	0.369804
0	480	145	0.36952
0	480	177	0.3694
0	480	64	0.369348
0	480	91	0.368845
0	480	68	0.368754
0	480	132	0.368491
0	480	22	0.367905
0	480	24	0.367762
0	480	39	0.367637
0	480	39	0.367624
0	480	2	0.36748
0	480	120	0.367448
0	480	98	0.36692
0	480	131	0.366765
0	480	11	0.366626
0	480	52	0.366544
0	480	41	0.366223
0	480	77	0.365873
0	480	160	0.365695
0	480	9	0.365663
0	480	107	0.365615
0	480	84	0.365061
0	480	17	0.365029
0	480	106	0.364979
0	480	122	0.364794
0	480	5	0.364694
0	480	33	0.364263
0	480	112	0.363859
0	480	102	0.363799
0	480	142	0.363383
0	480	67	0.36336
0	480	140	0.363183
0	480	69	0.362566
0	480	103	0.362447
0	480	71	0.361782
0	480	87	0.361744
0	480	151	0.361702
0	480	15	0.36161
0	480	71	0.361222
0	480	76	0.361089
0	480	23	0.360993
0	480	12	0.360767
0	480	28	0.360659
0	480	146	0.360614
0	480	66	0.360245
0	480	78	0.360172
0	480	161	0.360146
0	480	162	0.360122
0	480	140	0.360057
0	480	68	0.359977
0	480	149	0.359869
0	480	87	0.359762
0	480	21	0.359739
0	480	23	0.359697
1	480	0	0.359638
0	480	42	0.359581
0	480	62	0.359051
0	480	151	0.359047
0	480	13	0.358995
0	480	92	0.35818
0	480	128	0.357502
0	480	95	0.357183
0	480	24	0.357028
0	480	13	0.356869
0	480	101	0.356838
0	480	117	0.356808
0	480	112	0.356629
0	480	7	0.356593
1	480	0	0.356139
0	480	119	0.355974
0	480	75	0.355681
0	480	148	0.355582
0	480	120	0.355353
0	480	93	0.355319
0	480	48	0.355311
0	480	154	0.355298
0	480	68	0.35507
0	480	35	0.355044
0	480	36	0.354827
0	480	50	0.35469
0	480	88	0.35465
0	480	125	0.354627
0	480	68	0.354591
0	480	100	0.354201
0	480	99	0.353943
0	480	159	0.353909
0	480	126	0.353512
0	480	116	0.353471
0	480	158	0.353437
0	480	41	0.352517
0	480	136	0.352481
0	480	155	0.352226
0	480	35	0.352165
0	480	166	0.351888
0	480	116	0.351432
0	480	162	0.351413
0	480	137	0.351014
0	480	123	0.350935
0	480	30	0.35084
0	480	97	0.350748
0	480	154	0.350283
0	480	114	0.350262
0	480	8	0.350257
0	480	166	0.349969
0	480	108	0.349909
0	480	162	0.34978
0	480	68	0.349454
1	480	0	0.349319
0	480	164	0.348868
0	480	10	0.348707
0	480	30	0.348648
0	480	69	0.348311
0	480	77	0.348066
0	480	39	0.348063
0	480	140	0.347902
0	480	28	0.347785
0	480	74	0.34776
0	480	114	0.347605
0	480	157	0.347579
0	480	70	0.347481
0	480	91	0.34734
0	480	126	0.347308
0	480	3	0.347304
0	480	82	0.347216
0	480	17	0.346579
0	480	39	0.346459
0	480	164	0.346421
0	480	31	0.346334
0	480	133	0.346054
0	480	50	0.345711
0	480	144	0.345644
0	480	146	0.345616
0	480	86	0.345586
0	480	165	0.34494
0	480	77	0.344809
0	480	104	0.344746
0	480	12	0.344508
0	480	34	0.344456
0	480	100	0.34427
0	480	124	0.34403
0	480	9	0.343906
0	480	130	0.343229
0	480	163	0.343166
0	480	108	0.343103
0	480	57	0.343028
0	480	85	0.342608
0	480	93	0.342576
0	480	137	0.3423
0	480	100	0.342272
0	480	37	0.342218
0	480	66	0.342025
0	480	41	0.341866
0	480	124	0.34127
0	480	81	0.341247
0	480	93	0.340845
0	480	109	0.340756
0	480	9	0.340738
0	480	18	0.340662
0	480	130	0.340301
0	480	123	0.339757
0	480	145	0.33962
0	480	22	0.339576
0	480	29	0.339492
0	480	27	0.339398
0	480	46	0.338733
0	480	146	0.338723
0	480	161	0.338543
0	480	77	0.338292
0	480	73	0.338243
0	480	141	0.338228
0	480	83	0.338195
0	480	155	0.338041
0	480	122	0.337971
0	480	73	0.3376
0	480	26	0.337412
0	480	115	0.337405
0	480	87	0.337314
0	480	135	0.337118
0	480	15	0.337079
0	480	56	0.337077
0	480	118	0.336825
0	480	63	0.336524
0	480	97	0.336523
0	480	68	0.336037
0	480	91	0.335524
0	480	18	0.335491
0	480	120	0.334985
0	480	94	0.334819
0	480	12	0.334745
0	480	98	0.33444
0	480	127	0.334195
0	480	5	0.33417
0	480	142	0.333997
0	480	160	0.333918
0	480	142	0.333711
0	480	82	0.333613
0	480	7	0.333388
0	480	47	0.333148
0	480	77	0.333109
0	480	140	0.333052
0	480	8	0.332924
0	480	143	0.332574
0	480	141	0.332321
0	480	95	0.332009
0	480	30	0.331575
0	480	31	0.331475
0	480	92	0.331358
0	480	79	0.331067
0	480	68	0.331005
0	480	69	0.330815
0	480	72	0.330638
0	480	2	0.330561
0	480	14	0.330379
0	480	50	0.330325
0	480	66	0.329867
0	480	148	0.329789
0	480	26	0.329247
0	480	156	0.32918
0	480	75	0.329168
0	480	154	0.329073
0	480	66	0.329024
0	480	145	0.329019
0	480	110	0.328903
0	480	127	0.328834
0	480	60	0.328778
0	480	2	0.328687
0	480	35	0.328393
0	480	132	0.328349
0	480	55	0.328174
0	480	108	0.327873
0	480	72	0.326772
0	480	66	0.326439
0	480	151	0.326255
0	480	17	0.325676
0	480	132	0.325339
0	480	129	0.325096
0	480	134	0.325033
0	480	87	0.324656
0	480	63	0.324334
0	480	98	0.323861
0	480	42	0.323522
0	480	108	0.322772
0	480	44	0.322688
0	480	77	0.322237
0	480	41	0.322076
0	480	74	0.321797
0	480	6	0.321793
0	480	118	0.321489
0	480	144	0.321469
0	480	133	0.321379
0	480	112	0.32108
0	480	135	0.320629
0	480	143	0.320102
0	480	12	0.319728
0	480	135	0.319176
0	480	28	0.319144
0	480	124	0.318896
0	480	120	0.318564
0	480	146	0.318511
0	480	115	0.318501
0	480	73	0.318445
0	480	32	0.318408
0	480	132	0.318367
0	480	23	0.318287
0	480	111	0.31818
0	480	143	0.318151
0	480	111	0.318125
0	480	104	0.317439
0	480	115	0.317366
0	480	50	0.317308
0	480	140	0.317224
0	480	85	0.317211
0	480	147	0.316516
0	480	133	0.316351
0	480	71	0.316057
0	480	52	0.315985
0	480	143	0.315806
0	480	7	0.315056
0	480	31	0.314809
0	480	135	0.314778
0	480	145	0.314606
0	480	19	0.314383
0	480	135	0.31432
0	480	146	0.313843
0	480	114	0.313439
0	480	59	0.313393
0	480	16	0.31335
0	480	79	0.313112
0	480	129	0.312979
0	480	49	0.312911
0	480	84	0.312854
0	480	5	0.312826
0	480	127	0.312121
0	480	148	0.312045
0	480	145	0.311303
0	480	5	0.311281
0	480	121	0.311128
0	480	71	0.310992
0	480	61	0.310935
0	480	62	0.310922
0	480	111	0.31038
0	480	66	0.310314
0	480	9	0.310238
0	480	148	0.310058
0	480	19	0.309906
0	480	80	0.309846
0	480	4	0.309651
0	480	42	0.309336
0	480	81	0.309222
0	480	21	0.309176
0	480	117	0.308848
0	480	120	0.308836
0	480	145	0.308729
0	480	141	0.308716
0	480	76	0.308551
0	480	36	0.308163
0	480	21	0.30809
0	480	97	0.307798
0	480	17	0.307792
0	480	35	0.307703
0	480	48	0.3076
0	480	30	0.307027
0	480	67	0.306762
0	480	46	0.306476
0	480	68	0.305693
0	480	83	0.304174
0	480	12	0.304128
0	480	63	0.304097
0	480	25	0.303996
0	480	17	0.303823
0	480	3	0.303805
0	480	26	0.303707
0	480	52	0.303669
0	480	39	0.303658
0	480	135	0.303541
0	480	99	0.30343
0	480	102	0.303351
0	480	140	0.303212
0	480	48	0.303187
0	480	31	0.302906
0	480	28	0.302785
0	480	48	0.302083
0	480	96	0.30198
0	480	93	0.301966
0	480	87	0.301957
0	480	101	0.30159
0	480	124	0.301572
0	480	123	0.301175
0	480	121	0.300627
0	480	138	0.300618
0	480	89	0.300381
0	480	81	0.300107
0	480	75	0.299956
0	480	56	0.299374
0	480	136	0.299357
0	480	138	0.299238
0	480	70	0.299094
0	480	2	0.298813
0	480	84	0.298749
0	480	5	0.29841
0	480	130	0.29826
0	480	121	0.298154
0	480	116	0.29787
0	480	115	0.297576
0	480	127	0.297555
0	480	37	0.297392
0	480	128	0.297326
0	480	61	0.297157
0	480	140	0.297133
0	480	6	0.296923
0	480	73	0.296874
0	480	106	0.296469
0	480	10	0.296449
0	480	85	0.295966
0	480	17	0.295607
0	480	128	0.295421
0	480	63	0.295381
0	480	12	0.295344
0	480	44	0.295155
0	480	50	0.295101
0	480	102	0.294891
0	480	116	0.294475
0	480	26	0.294148
0	480	10	0.292998
0	480	95	0.292861
0	480	135	0.29269
0	480	61	0.292633
0	480	42	0.292569
0	480	63	0.291633
0	480	20	0.291605
0	480	76	0.291433
0	480	21	0.291281
0	480	8	0.291264
0	480	74	0.291081
0	480	137	0.291078
0	480	18	0.291061
0	480	10	0.291021
0	480	41	0.29098
0	480	26	0.29087
0	480	37	0.290799
0	480	27	0.2907
0	480	4	0.290555
0	480	54	0.290525
0	480	76	0.290482
0	480	63	0.290418
0	480	18	0.290234
0	480	37	0.289974
0	480	68	0.28984
0	480	67	0.289717
0	480	135	0.289632
0	480	80	0.289332
0	480	77	0.289107
0	480	7	0.289044
0	480	32	0.288733
0	480	137	0.288607
0	480	114	0.288337
0	480	66	0.288216
0	480	26	0.287723
0	480	86	0.28771
0	480	82	0.287696
0	480	11	0.2873
0	480	125	0.287269
0	480	21	0.287167
0	480	100	0.286928
0	480	11	0.286783
0	480	25	0.286701
0	480	98	0.286674
0	480	34	0.286277
0	480	47	0.286145
0	480	19	0.28609
0	480	15	0.285914
0	480	44	0.28574
0	480	83	0.285656
0	480	4	0.285217
0	480	130	0.285181
0	480	7	0.285128
0	480	31	0.284903
0	480	102	0.284878
0	480	95	0.284853
0	480	4	0.284571
0	480	22	0.284519
0	480	45	0.284484
0	480	122	0.283894
0	480	46	0.283678
0	480	45	0.283538
0	480	75	0.283514
0	480	12	0.283368
0	480	100	0.283138
0	480	93	0.282976
0	480	49	0.282844
0	480	122	0.282664
0	480	36	0.282599
0	480	73	0.282547
0	480	101	0.282213
0	480	97	0.28207
0	480	56	0.281987
0	480	112	0.281878
0	480	56	0.281803
0	480	107	0.281686
0	480	79	0.28149
0	480	135	0.281338
0	480	124	0.280937
0	480	94	0.280878
0	480	15	0.280706
0	480	13	0.280382
0	480	79	0.280319
0	480	95	0.280194
0	480	37	0.280044
0	480	38	0.280012
0	480	118	0.279975
0	480	61	0.279842
0	480	112	0.279664
0	480	30	0.279511
0	480	42	0.279457
0	480	85	0.279381
0	480	119	0.279264
0	480	45	0.279113
0	480	45	0.279071
0	480	20	0.278639
0	480	29	0.27747
0	480	27	0.27726
0	480	39	0.277211
0	480	7	0.277153
0	480	117	0.277031
0	480	107	0.276982
0	480	6	0.27677
0	480	100	0.276759
0	480	72	0.276619
0	480	104	0.27656
0	480	37	0.275196
0	480	101	0.275026
0	480	131	0.275026
0	480	57	0.274802
0	480	65	0.274405
0	480	4	0.274222
0	480	107	0.273996
0	480	101	0.273961
0	480	24	0.2739
0	480	107	0.273804
0	480	111	0.273137
0	480	44	0.273056
0	480	33	0.273035
0	480	74	0.272496
0	480	3	0.272371
0	480	83	0.271807
0	480	16	0.271759
0	480	121	0.271689
0	480	95	0.271579
0	480	103	0.271545
0	480	38	0.271534
0	480	56	0.271364
0	480	88	0.271261
0	480	83	0.271117
0	480	91	0.270958
0	480	120	0.270563
0	480	26	0.270351
0	480	32	0.269728
0	480	74	0.269323
0	480	46	0.269119
0	480	70	0.268984
0	480	18	0.26849
0	480	11	0.268446
0	480	13	0.268194
0	480	123	0.26817
0	480	125	0.268081
0	480	26	0.268078
0	480	26	0.267965
0	480	128	0.267828
0	480	49	0.267717
0	480	24	0.267602
0	480	4	0.267335
0	480	116	0.267014
0	480	6	0.266765
0	480	81	0.266735
0	480	10	0.266047
0	480	25	0.265805
0	480	99	0.265723
0	480	101	0.265723
0	480	17	0.265593
0	480	111	0.265562
0	480	102	0.265421
0	480	16	0.265233
0	480	14	0.264092
0	480	105	0.264056
0	480	45	0.263939
0	480	92	0.263621
0	480	46	0.26333
0	480	44	0.263287
0	480	70	0.263266
0	480	38	0.262993
0	480	42	0.262269
0	480	69	0.262229
0	480	38	0.261916
0	480	78	0.261853
0	480	18	0.261523
0	480	85	0.261287
0	480	82	0.261165
0	480	39	0.261133
0	480	36	0.2611
0	480	88	0.2611
0	480	64	0.261086
0	480	71	0.26106
0	480	36	0.261033
0	480	73	0.260957
0	480	56	0.260946
0	480	59	0.260811
0	480	63	0.260529
0	480	69	0.260206
0	480	66	0.260092
0	480	4	0.259777
0	480	116	0.259
0	480	104	0.25897
0	480	66	0.258845
0	480	47	0.2587
0	480	59	0.258257
0	480	1	0.258116
0	480	92	0.258039
0	480	48	0.257918
0	480	79	0.257673
0	480	13	0.257489
0	480	31	0.257073
0	480	56	0.256495
0	480	117	0.256219
0	480	101	0.256171
0	480	16	0.256121
0	480	16	0.256104
0	480	68	0.256064
0	480	1	0.255888
0	480	104	0.255784
0	480	28	0.25564
0	480	104	0.255564
0	480	122	0.255563
0	480	61	0.255496
0	480	16	0.255433
0	480	56	0.255293
0	480	15	0.255278
0	480	74	0.255006
0	480	19	0.254908
0	480	35	0.254673
0	480	7	0.25445
0	480	24	0.254314
0	480	63	0.253881
0	480	8	0.253842
0	480	67	0.253657
0	480	87	0.253279
0	480	96	0.253251
0	480	76	0.253189
0	480	96	0.25277
0	480	35	0.252687
0	480	23	0.252349
0	480	112	0.252273
0	480	54	0.252135
0	480	24	0.251608
0	480	88	0.251403
0	480	47	0.25108
0	480	57	0.25079
0	480	89	0.250718
0	480	8	0.250086
0	480	77	0.249896
0	480	57	0.249811
0	480	103	0.24967
0	480	46	0.249624
0	480	83	0.249477
0	480	67	0.249145
0	480	29	0.249094
0	480	103	0.249026
0	480	10	0.248709
0	480	10	0.24867
0	480	73	0.248631
0	480	9	0.248542
0	480	69	0.248193
0	480	28	0.248027
0	480	94	0.247847
0	480	25	0.247501
0	480	111	0.247358
0	480	50	0.247183
0	480	44	0.247098
0	480	4	0.246698
0	480	58	0.246562
0	480	104	0.246511
0	480	13	0.246497
0	480	19	0.246056
0	480	12	0.246007
0	480	10	0.245752
0	480	66	0.245648
0	480	18	0.2456
0	480	109	0.245597
0	480	48	0.245339
0	480	80	0.245214
0	480	37	0.245179
0	480	77	0.244722
0	480	94	0.244615
0	480	82	0.244161
0	480	10	0.243819
0	480	31	0.243526
0	480	64	0.243406
0	480	29	0.242948
0	480	40	0.242895
0	480	54	0.242861
0	480	93	0.242813
0	480	16	0.242471
0	480	1	0.242415
0	480	72	0.241975
0	480	96	0.241775
0	480	37	0.24171
0	480	38	0.24154
0	480	87	0.241503
0	480	51	0.241411
0	480	88	0.241301
0	480	92	0.241083
0	480	34	0.240884
0	480	62	0.24044
0	480	71	0.240337
0	480	47	0.23994
0	480	57	0.239817
0	480	91	0.239772
0	480	112	0.239703
0	480	64	0.239662
0	480	57	0.23946
0	480	86	0.239344
0	480	17	0.239301
0	480	112	0.238948
0	480	43	0.23863
0	480	99	0.238475
0	480	80	0.238214
0	480	71	0.237719
0	480	13	0.237701
0	480	66	0.237481
0	480	111	0.237435
0	480	56	0.237218
0	480	68	0.236997
0	480	9	0.236887
0	480	92	0.236664
0	480	98	0.236439
0	480	55	0.236109
0	480	47	0.23576
0	480	56	0.235747
0	480	76	0.235633
0	480	67	0.235429
1	480	0	0.235332
0	480	60	0.23495
0	480	79	0.234623
0	480	30	0.234327
0	480	56	0.234093
0	480	59	0.233159
0	480	51	0.233112
0	480	24	0.232985
0	480	81	0.232968
0	480	94	0.232943
0	480	72	0.232814
0	480	46	0.232691
0	480	88	0.232658
0	480	29	0.23257
0	480	20	0.232399
0	480	91	0.232347
0	480	98	0.23232
0	480	88	0.231982
0	480	11	0.231659
0	480	30	0.231539
0	480	1	0.231497
0	480	6	0.231403
0	480	46	0.2314
0	480	27	0.231396
0	480	99	0.231281
0	480	53	0.231147
0	480	24	0.231139
0	480	91	0.230735
0	480	86	0.230706
0	480	24	0.230547
0	480	7	0.230404
0	480	41	0.230183
0	480	79	0.230113
0	480	72	0.229986
0	480	68	0.229934
0	480	71	0.229629
0	480	32	0.229251
0	480	2	0.229037
0	480	9	0.228884
0	480	65	0.228266
0	480	35	0.228173
0	480	1	0.227904
0	480	6	0.227653
0	480	101	0.227577
0	480	30	0.227527
0	480	47	0.227305
0	480	43	0.227245
0	480	1	0.227239
0	480	91	0.227229
0	480	64	0.227189
0	480	65	0.226718
0	480	85	0.226683
0	480	44	0.226661
0	480	36	0.226554
0	480	12	0.22571
0	480	37	0.225621
0	480	56	0.225573
0	480	76	0.225461
0	480	10	0.225331
0	480	41	0.225309
0	480	98	0.225181
0	480	78	0.224974
0	480	103	0.224827
0	480	87	0.224677
0	480	64	0.22458
0	480	106	0.224465
0	480	13	0.224224
0	480	87	0.223582
0	480	12	0.223569
0	480	8	0.22349
0	480	4	0.22322
0	480	84	0.222577
0	480	20	0.222267
0	480	33	0.221905
0	480	106	0.221889
0	480	58	0.221877
0	480	50	0.221766
0	480	104	0.221552
0	480	28	0.221262
0	480	61	0.220934
0	480	42	0.220854
0	480	90	0.220778
0	480	97	0.220253
0	480	93	0.220154
0	480	97	0.219998
0	480	96	0.219529
0	480	5	0.219494
0	480	103	0.219153
0	480	70	0.219046
0	480	64	0.218849
0	480	8	0.218553
0	480	19	0.218464
0	480	85	0.218323
0	480	26	0.21792
0	480	72	0.217609
0	480	7	0.217464
0	480	55	0.216444
0	480	49	0.2163
0	480	19	0.216292
0	480	42	0.21629
0	480	84	0.216118
0	480	83	0.215899
0	480	78	0.215693
0	480	43	0.21547
0	480	71	0.215374
0	480	90	0.215026
0	480	64	0.214907
0	480	78	0.214886
0	480	34	0.214815
0	480	11	0.214707
0	480	16	0.214492
0	480	88	0.214234
0	480	92	0.214115
0	480	61	0.214112
0	480	47	0.213848
0	480	91	0.213787
0	480	102	0.213602
0	480	96	0.213466
0	480	26	0.213395
0	480	15	0.212691
0	480	41	0.212629
0	480	88	0.21257
0	480	75	0.212548
0	480	77	0.212484
0	480	74	0.212406
0	480	40	0.211737
0	480	91	0.211629
0	480	29	0.211436
0	480	96	0.21135
0	480	25	0.210958
1	480	0	0.210949
0	480	34	0.210644
0	480	7	0.210478
0	480	21	0.210475
0	480	68	0.21039
0	480	79	0.210337
0	480	2	0.209935
0	480	38	0.209724
0	480	85	0.208408
0	480	95	0.208157
0	480	85	0.208128
0	480	70	0.208044
0	480	93	0.207806
0	480	24	0.207588
0	480	90	0.206968
0	480	62	0.206445
0	480	65	0.206387
0	480	38	0.205319
0	480	98	0.204794
0	480	69	0.204666
0	480	84	0.204647
0	480	72	0.204564
0	480	90	0.204488
0	480	13	0.204014
0	480	7	0.203925
0	480	83	0.203354
0	480	67	0.203343
0	480	6	0.202819
0	480	82	0.202435
0	480	87	0.20238
0	480	35	0.202343
0	480	79	0.201711
0	480	46	0.201689
0	480	71	0.201494
0	480	85	0.20148
0	480	82	0.2014
0	480	31	0.201122
0	480	33	0.200876
0	480	76	0.200511
0	480	18	0.20043
0	480	66	0.200422
0	480	44	0.200069
0	480	8	0.199991
0	480	95	0.19976
0	480	91	0.199687
0	480	10	0.19965
0	480	45	0.199328
0	480	82	0.199324
0	480	1	0.199198
0	480	93	0.199147
0	480	22	0.199018
0	480	86	0.19864
0	480	28	0.197917
0	480	53	0.19781
0	480	14	0.197558
0	480	8	0.196532
0	480	44	0.196441
0	480	85	0.196438
0	480	69	0.19636
0	480	94	0.196337
0	480	11	0.196204
0	480	23	0.196108
0	480	16	0.196027
0	480	70	0.195958
0	480	90	0.195947
0	480	52	0.195669
0	480	32	0.195253
0	480	24	0.194952
0	480	40	0.194681
0	480	16	0.194557
0	480	74	0.194543
0	480	3	0.194324
0	480	38	0.194246
0	480	20	0.194153
0	480	30	0.193676
0	480	47	0.193625
0	480	63	0.193113
0	480	76	0.193036
0	480	89	0.192979
0	480	38	0.19272
0	480	58	0.192711
0	480	20	0.192514
0	480	23	0.19241
0	480	53	0.192381
0	480	78	0.19205
0	480	82	0.192022
0	480	88	0.191187
0	480	8	0.191129
0	480	13	0.190738
0	480	42	0.190579
0	480	42	0.190562
0	480	15	0.19054
0	480	37	0.190354
0	480	78	0.19031
0	480	51	0.189825
0	480	32	0.189717
0	480	47	0.189648
0	480	38	0.189509
0	480	74	0.189064
1	480	0	0.18906
0	480	63	0.188904
0	480	71	0.188732
0	480	55	0.188572
0	480	2	0.187887
0	480	61	0.187862
0	480	59	0.187549
0	480	52	0.187284
0	480	32	0.187233
0	480	31	0.187208
0	480	38	0.187053
0	480	61	0.186961
0	480	50	0.186203
0	480	2	0.185801
0	480	3	0.185708
0	480	56	0.185689
0	480	65	0.185541
0	480	66	0.185222
0	480	37	0.185094
0	480	71	0.184999
0	480	34	0.184656
0	480	85	0.184637
0	480	77	0.184425
0	480	77	0.18436
0	480	28	0.184237
0	480	38	0.184085
0	480	18	0.183908
0	480	36	0.183908
0	480	42	0.18369
0	480	88	0.183608
0	480	5	0.18356
0	480	67	0.183468
0	480	3	0.183219
0	480	39	0.183082
0	480	42	0.183012
0	480	7	0.182917
0	480	85	0.182842
0	480	69	0.182835
0	480	57	0.181204
0	480	54	0.181134
0	480	64	0.180683
0	480	64	0.180316
0	480	75	0.179638
0	480	68	0.179408
0	480	54	0.179264
0	480	4	0.179104
0	480	16	0.178959
0	480	53	0.178956
0	480	9	0.178823
0	480	34	0.178742
0	480	61	0.178546
0	480	52	0.178245
0	480	71	0.178116
0	480	3	0.178021
0	480	16	0.177701
0	480	53	0.177696
1	480	0	0.177628
0	480	5	0.177574
0	480	82	0.177338
0	480	69	0.177092
0	480	28	0.177086
0	480	49	0.176995
0	480	56	0.17685
0	480	41	0.176706
0	480	58	0.176376
0	480	20	0.175706
0	480	12	0.175631
0	480	19	0.175615
0	480	64	0.175174
0	480	24	0.175089
0	480	84	0.175045
0	480	40	0.174526
0	480	41	0.17446
0	480	57	0.17392
0	480	52	0.173709
0	480	30	0.17342
0	480	20	0.173088
0	480	82	0.173042
0	480	45	0.173003
0	480	7	0.172845
0	480	14	0.172774
0	480	82	0.172502
0	480	74	0.172333
0	480	79	0.1718
0	480	62	0.17168
0	480	53	0.171297
0	480	37	0.171119
0	480	28	0.17093
0	480	54	0.170929
0	480	58	0.170849
0	480	15	0.170491
0	480	80	0.170261
1	480	0	0.170159
0	480	61	0.169842
0	480	32	0.169737
0	480	15	0.169083
0	480	44	0.16902
0	480	73	0.168966
0	480	37	0.168946
0	480	18	0.168915
0	480	6	0.168815
0	480	38	0.168814
0	480	47	0.168266
0	480	22	0.167719
0	480	38	0.167424
0	480	22	0.16703
0	480	78	0.166949
0	480	31	0.166691
0	480	15	0.166619
0	480	17	0.166531
0	480	64	0.165582
0	480	34	0.165498
0	480	51	0.165302
0	480	79	0.164983
0	480	25	0.164927
0	480	27	0.164885
0	480	35	0.164387
0	480	1	0.164344
0	480	59	0.164291
0	480	23	0.164201
0	480	40	0.1642
0	480	36	0.163747
0	480	41	0.163609
0	480	73	0.163331
0	480	58	0.163144
0	480	4	0.163138
0	480	10	0.163122
0	480	1	0.162985
0	480	65	0.162927
0	480	60	0.162782
0	480	61	0.162733
0	480	2	0.162717
1	480	0	0.161211
0	480	16	0.161161
0	480	38	0.16114
0	480	66	0.160627
0	480	18	0.160613
0	480	46	0.160523
0	480	46	0.159842
0	480	49	0.159773
0	480	29	0.159749
0	480	19	0.159629
1	480	0	0.159353
0	480	3	0.15867
0	480	49	0.158652
0	480	36	0.158433
0	480	45	0.158342
0	480	26	0.158336
0	480	70	0.157767
0	480	41	0.157672
0	480	18	0.157437
0	480	1	0.157332
0	480	13	0.157004
0	480	12	0.156961
0	480	31	0.156406
0	480	71	0.156193
0	480	9	0.156138
0	480	21	0.156113
0	480	31	0.155567
0	480	51	0.155401
0	480	8	0.155391
0	480	50	0.155377
0	480	37	0.1553
0	480	31	0.155266
0	480	39	0.154678
0	480	16	0.154545
0	480	16	0.153845
0	480	69	0.153488
0	480	18	0.153255
0	480	34	0.153214
0	480	49	0.152981
0	480	55	0.152937
0	480	72	0.15292
0	480	61	0.152723
0	480	70	0.152555
0	480	67	0.152514
0	480	49	0.15197
0	480	23	0.151817
0	480	22	0.151386
0	480	16	0.151183
0	480	45	0.150932
0	480	22	0.150769
0	480	5	0.150742
0	480	48	0.150716
0	480	11	0.150211
0	480	25	0.150205
0	480	35	0.149836
0	480	58	0.149734
0	480	32	0.149581
0	480	17	0.149165
0	480	14	0.149076
0	480	8	0.148837
0	480	61	0.148509
0	480	39	0.148408
0	480	53	0.148241
0	480	5	0.147638
0	480	8	0.147351
0	480	5	0.146834
0	480	41	0.146758
0	480	37	0.146654
0	480	41	0.146625
0	480	58	0.146231
0	480	9	0.146032
0	480	62	0.145977
0	480	1	0.145776
0	480	45	0.145276
0	480	13	0.145043
0	480	6	0.145005
0	480	1	0.144997
0	480	39	0.144978
0	480	42	0.14477
0	480	40	0.144398
0	480	1	0.144166
0	480	68	0.143347
0	480	57	0.14308
0	480	4	0.14295
0	480	57	0.142768
0	480	26	0.142042
0	480	10	0.142022
0	480	20	0.140819
0	480	38	0.140726
1	480	0	0.140676
0	480	62	0.140203
0	480	45	0.140192
0	480	60	0.140173
0	480	51	0.140167
0	480	23	0.140092
0	480	20	0.140081
0	480	35	0.140079
0	480	30	0.140078
0	480	52	0.139672
0	480	46	0.139632
0	480	24	0.139514
0	480	17	0.139503
0	480	60	0.139309
0	480	12	0.138767
0	480	23	0.138755
1	480	0	0.138663
0	480	7	0.138627
0	480	58	0.138365
0	480	61	0.137997
0	480	48	0.137601
0	480	40	0.137382
0	480	63	0.137211
0	480	36	0.136961
0	480	48	0.136885
0	480	56	0.136674
0	480	45	0.136363
0	480	63	0.136092
1	480	0	0.135976
0	480	2	0.1358
0	480	62	0.135673
0	480	20	0.135518
0	480	63	0.135098
0	480	46	0.134674
0	480	22	0.134565
0	480	38	0.133878
0	480	8	0.133565
0	480	28	0.133556
0	480	64	0.13347
0	480	63	0.13337
0	480	17	0.133298
0	480	12	0.133158
0	480	26	0.133114
0	480	14	0.132989
0	480	13	0.132926
0	480	35	0.132849
0	480	42	0.132244
0	480	32	0.131957
0	480	10	0.131928
0	480	35	0.131923
0	480	34	0.13156
0	480	60	0.131518
0	480	3	0.131432
0	480	12	0.131322
0	480	16	0.131115
0	480	40	0.131003
0	480	26	0.130905
0	480	16	0.130852
0	480	50	0.130725
0	480	55	0.130707
0	480	52	0.130131
0	480	3	0.129824
0	480	60	0.129432
0	480	18	0.128487
0	480	10	0.127869
0	480	21	0.127382
0	480	37	0.127088
0	480	32	0.126911
0	480	35	0.126515
0	480	36	0.126022
0	480	27	0.125921
0	480	31	0.125845
0	480	13	0.125822
0	480	32	0.125528
0	480	29	0.124465
0	480	36	0.124448
0	480	1	0.124424
0	480	18	0.124382
0	480	32	0.124212
0	480	44	0.12409
0	480	20	0.123957
0	480	29	0.123823
0	480	37	0.123489
0	480	12	0.123455
0	480	21	0.12334
0	480	54	0.122834
0	480	34	0.122678
0	480	43	0.122676
0	480	51	0.122426
0	480	35	0.121817
0	480	6	0.121757
0	480	56	0.121298
0	480	43	0.121103
0	480	16	0.120809
0	480	5	0.120601
0	480	10	0.120518
0	480	51	0.120484
0	480	33	0.11991
0	480	47	0.119768
0	480	21	0.119696
0	480	53	0.119662
0	480	55	0.11939
0	480	50	0.119162
0	480	4	0.118847
0	480	20	0.118798
0	480	45	0.118767
0	480	17	0.11826
0	480	15	0.118137
0	480	56	0.117817
0	480	14	0.117547
0	480	54	0.117434
0	480	22	0.116686
0	480	24	0.11654
0	480	16	0.116521
0	480	48	0.116389
0	480	14	0.116367
0	480	28	0.116332
0	480	55	0.11616
0	480	36	0.115963
0	480	6	0.115686
0	480	15	0.115538
0	480	23	0.115398
0	480	36	0.115297
0	480	53	0.115162
0	480	45	0.115142
0	480	38	0.1151
0	480	41	0.11507
0	480	30	0.114973
0	480	15	0.114867
0	480	16	0.114785
0	480	15	0.114479
0	480	6	0.114422
0	480	54	0.114341
0	480	36	0.114287
0	480	50	0.114094
0	480	14	0.113809
0	480	12	0.113444
0	480	53	0.1133
0	480	44	0.11318
0	480	21	0.113162
0	480	19	0.113141
0	480	16	0.112976
0	480	27	0.112731
0	480	33	0.112568
0	480	34	0.11247
0	480	25	0.111969
0	480	21	0.111957
0	480	6	0.111793
0	480	53	0.11179
0	480	37	0.111752
0	480	30	0.11173
0	480	18	0.11171
0	480	27	0.111551
0	480	39	0.111227
0	480	10	0.111041
0	480	40	0.110872
0	480	28	0.110757
0	480	16	0.110223
0	480	14	0.109995
0	480	48	0.109945
0	480	51	0.109882
0	480	28	0.109734
0	480	45	0.109718
0	480	13	0.109513
0	480	46	0.109164
0	480	10	0.109155
0	480	24	0.10913
0	480	41	0.109109
0	480	38	0.109092
0	480	4	0.108873
0	480	25	0.10883
0	480	33	0.108561
0	480	37	0.108554
0	480	18	0.108305
0	480	6	0.106909
0	480	26	0.10688
0	480	38	0.106521
0	480	18	0.106384
0	480	36	0.106315
0	480	25	0.106127
0	480	27	0.105712
0	480	39	0.105522
0	480	16	0.104994
0	480	27	0.104737
0	480	50	0.104719
0	480	4	0.104683
0	480	22	0.104579
0	480	16	0.103554
0	480	43	0.103158
0	480	34	0.103156
0	480	47	0.102962
1	480	0	0.102896
0	480	36	0.102475
0	480	32	0.102183
0	480	46	0.102078
0	480	45	0.101798
0	480	40	0.10173
0	480	5	0.10171
0	480	15	0.101656
0	480	43	0.101212
0	480	2	0.101209
0	480	13	0.1009
0	480	45	0.100883
0	480	15	0.10055
0	480	2	0.100484
0	480	46	0.100358
0	480	8	0.100273
0	480	4	0.0997395
0	480	45	0.0991239
0	480	31	0.0990115
0	480	23	0.0989409
0	480	22	0.098822
0	480	2	0.098665
0	480	39	0.0985328
0	480	9	0.098398
0	480	18	0.0977085
0	480	7	0.0972595
0	480	9	0.0963784
0	480	13	0.0962147
0	480	27	0.0962081
0	480	34	0.0957286
0	480	22	0.0957162
0	480	23	0.0956152
0	480	34	0.0956103
0	480	15	0.0953066
0	480	7	0.0952298
0	480	20	0.095117
0	480	31	0.0949449
0	480	35	0.0947387
0	480	29	0.0945315
0	480	45	0.0945064
0	480	45	0.0942473
0	480	3	0.0941801
0	480	10	0.0941238
0	480	18	0.0940819
0	480	39	0.0940033
0	480	45	0.0939118
0	480	45	0.0937996
0	480	31	0.0937329
0	480	10	0.0936201
0	480	16	0.0936008
0	480	11	0.0934539
0	480	43	0.0933709
0	480	22	0.0932967
0	480	16	0.092854
0	480	40	0.0927486
0	480	10	0.0924195
0	480	21	0.0923946
0	480	24	0.0922473
0	480	24	0.0921794
0	480	20	0.092075
0	480	30	0.0916872
0	480	42	0.0912394
0	480	5	0.0912097
0	480	31	0.0910325
0	480	39	0.0910067
0	480	13	0.0908095
1	480	0	0.090773
0	480	7	0.0906604
0	480	12	0.0902501
0	480	36	0.0902316
0	480	34	0.0901626
0	480	42	0.0898469
0	480	35	0.0897735
0	480	26	0.0897048
0	480	39	0.0887526
0	480	11	0.0886829
0	480	35	0.0886509
0	480	19	0.0884615
0	480	30	0.0879998
0	480	16	0.0879926
0	480	35	0.0871685
0	480	41	0.0871078
0	480	4	0.0869791
0	480	18	0.0869282
0	480	8	0.0868238
0	480	34	0.0867635
0	480	10	0.0865673
0	480	23	0.0863447
0	480	6	0.0862274
0	480	10	0.0859719
0	480	2	0.0858098
1	480	0	0.0857222
0	480	11	0.0856576
0	480	30	0.0855766
0	480	23	0.0852838
0	480	13	0.0848673
0	480	30	0.0842682
0	480	29	0.0840475
0	480	15	0.0837859
0	480	18	0.0836353
0	480	18	0.0835778
0	480	3	0.0832186
0	480	23	0.0831679
0	480	6	0.0830797
0	480	26	0.0830442
0	480	18	0.0829415
0	480	37	0.0824089
1	480	0	0.0822047
0	480	21	0.0819699
0	480	25	0.08194
0	480	18	0.0819091
0	480	7	0.0817156
0	480	19	0.0816929
0	480	9	0.0815705
0	480	34	0.0815556
0	480	24	0.0815151
0	480	10	0.0814829
0	480	21	0.0814543
0	480	5	0.0812917
0	480	32	0.0811729
0	480	6	0.0807671
1	480	0	0.080689
0	480	33	0.0806856
0	480	15	0.0805701
0	480	8	0.0803085
0	480	9	0.0802957
0	480	15	0.0800369
0	480	30	0.0796295
0	480	20	0.0795343
0	480	28	0.0794776
0	480	23	0.079473
0	480	9	0.0793351
0	480	27	0.0793144
0	480	37	0.0791334
0	480	28	0.0790608
0	480	33	0.0786869
0	480	7	0.0785966
0	480	28	0.0785676
0	480	13	0.0785422
0	480	29	0.0783367
0	480	5	0.0780239
0	480	17	0.0779092
0	480	37	0.0774335
0	480	3	0.0772043
1	480	0	0.0770988
0	480	34	0.0770683
0	480	12	0.0768077
0	480	4	0.076691
0	480	18	0.0761082
0	480	26	0.0759224
0	480	12	0.0757335
0	480	28	0.0756571
0	480	29	0.0754454
0	480	21	0.0754317
1	480	0	0.0754029
0	480	21	0.0748632
0	480	6	0.0747348
0	480	34	0.0746216
0	480	18	0.0745844
0	480	31	0.0745772
0	480	1	0.0744032
0	480	34	0.0743861
0	480	26	0.0743385
0	480	26	0.0742642
0	480	12	0.0739556
0	480	21	0.0731225
0	480	28	0.0730514
1	480	0	0.0730228
0	480	24	0.0726831
0	480	8	0.0725963
0	480	16	0.0724678
0	480	22	0.0723983
0	480	14	0.0723647
0	480	3	0.072164
0	480	31	0.0718929
0	480	34	0.0718181
0	480	30	0.0709912
0	480	20	0.0709579
0	480	22	0.0709129
0	480	10	0.0707679
0	480	26	0.0707038
1	480	0	0.0706915
0	480	26	0.0703187
0	480	14	0.0699112
0	480	12	0.0698855
0	480	12	0.0698784
0	480	31	0.0698693
0	480	29	0.0697652
0	480	14	0.0697406
0	480	2	0.0696652
0	480	26	0.0695229
0	480	29	0.0693839
0	480	13	0.0693184
0	480	28	0.0692006
0	480	14	0.0689127
0	480	11	0.0686126
0	480	26	0.0685928
0	480	18	0.0682351
0	480	13	0.0682213
0	480	2	0.0679011
0	480	23	0.0676061
0	480	25	0.0672634
0	480	24	0.0668463
0	480	10	0.0667971
0	480	31	0.066257
0	480	27	0.0662372
0	480	11	0.0662254
0	480	16	0.066149
0	480	9	0.065923
0	480	20	0.0659099
0	480	6	0.0654492
0	480	4	0.0653113
0	480	9	0.0652995
0	480	27	0.0650095
0	480	16	0.064723
0	480	26	0.0647019
0	480	12	0.0645869
0	480	3	0.0645225
0	480	12	0.0638084
0	480	22	0.0637226
0	480	8	0.0634609
0	480	21	0.0632364
0	480	1	0.0630962
0	480	13	0.0630949
0	480	29	0.0625725
0	480	18	0.0623561
0	480	17	0.062277
0	480	29	0.0620419
0	480	1	0.0617671
0	480	11	0.0613445
0	480	26	0.0610096
0	480	12	0.0607924
0	480	3	0.060693
0	480	28	0.0606496
0	480	28	0.0606336
0	480	12	0.0605575
0	480	5	0.0597698
0	480	18	0.0597539
0	480	27	0.0593188
0	480	4	0.0588646
0	480	20	0.0585668
0	480	6	0.058245
0	480	27	0.0580927
0	480	20	0.0574176
0	480	5	0.0573753
0	480	20	0.057369
0	480	13	0.0572118
0	480	15	0.0567427
0	480	10	0.0563719
0	480	7	0.0562009
0	480	13	0.0558957
1	480	0	0.0555474
0	480	14	0.0555003
0	480	25	0.0550856
0	480	2	0.0550016
0	480	3	0.0546446
0	480	17	0.0546189
0	480	25	0.0543143
0	480	1	0.054177
0	480	20	0.0540916
0	480	23	0.0540814
0	480	15	0.0540143
1	480	0	0.0538697
0	480	21	0.0538681
0	480	5	0.0536734
0	480	18	0.053379
0	480	16	0.0531068
0	480	8	0.0528667
0	480	21	0.052486
0	480	25	0.0524674
0	480	5	0.0523538
0	480	3	0.0522798
0	480	3	0.0521756
0	480	3	0.05199
0	480	20	0.0518276
0	480	5	0.0517226
0	480	20	0.0515613
0	480	12	0.0515291
0	480	15	0.0514454
0	480	16	0.0511299
0	480	1	0.0505878
0	480	7	0.0505105
0	480	21	0.0504157
0	480	24	0.050363
0	480	7	0.0503427
0	480	1	0.0501843
0	480	19	0.0500519
0	480	3	0.0499903
0	480	17	0.049977
0	480	12	0.0496085
0	480	20	0.0492948
0	480	18	0.0491506
0	480	11	0.0485173
0	480	2	0.0482692
0	480	19	0.0480878
0	480	11	0.0479071
0	480	7	0.0477331
0	480	4	0.0470619
0	480	7	0.0466992
0	480	8	0.0466966
1	480	0	0.0466305
0	480	3	0.0461419
0	480	5	0.0458313
0	480	18	0.0456877
0	480	8	0.045659
0	480	5	0.0453489
0	480	14	0.0450817
1	480	0	0.0450078
0	480	2	0.044918
1	480	0	0.0448562
0	480	18	0.044507
0	480	20	0.0443864
0	480	11	0.0440925
0	480	19	0.0440631
0	480	12	0.0439936
0	480	16	0.0439893
0	480	13	0.0433188
0	480	8	0.0428721
0	480	14	0.0426763
0	480	8	0.0425513
0	480	11	0.0425104
0	480	19	0.0422142
0	480	13	0.042203
0	480	2	0.0420472
0	480	19	0.0417593
0	480	7	0.0416919
0	480	5	0.0415549
0	480	7	0.0413699
0	480	6	0.0408504
0	480	1	0.0406989
0	480	9	0.0405525
0	480	8	0.0404006
0	480	14	0.0401716
0	480	18	0.0397664
0	480	15	0.0395923
0	480	17	0.0395005
0	480	17	0.039133
0	480	8	0.0389514
0	480	1	0.0387182
0	480	6	0.0385648
0	480	3	0.0382095
0	480	8	0.0381961
0	480	4	0.0378691
0	480	4	0.0375846
0	480	9	0.037442
0	480	12	0.0374204
0	480	17	0.0372106
0	480	8	0.0370566
0	480	2	0.0365256
0	480	13	0.0363596
0	480	10	0.0362586
0	480	15	0.0357913
0	480	15	0.0354773
0	480	7	0.0354348
0	480	13	0.03538
0	480	7	0.0352726
0	480	15	0.0344885
0	480	15	0.0344846
0	480	12	0.0344206
0	480	10	0.0343419
0	480	3	0.0342709
0	480	9	0.0342377
0	480	3	0.0341905
0	480	7	0.0340805
0	480	11	0.0339238
0	480	9	0.0338217
0	480	11	0.033635
0	480	10	0.0336177
0	480	16	0.0334566
0	480	10	0.0333008
0	480	12	0.0331303
0	480	6	0.0326151
0	480	10	0.03243
0	480	5	0.0322578
0	480	7	0.0321673
0	480	14	0.0320466
0	480	13	0.0319822
0	480	7	0.031718
0	480	13	0.0313984
0	480	10	0.0312648
0	480	3	0.0311642
0	480	12	0.0309851
0	480	6	0.0309508
1	480	0	0.030719
0	480	2	0.0302998
0	480	2	0.0302787
0	480	5	0.0300725
0	480	14	0.0294733
0	480	5	0.0294719
0	480	7	0.0292384
0	480	6	0.0288367
0	480	10	0.0287824
0	480	6	0.0282243
0	480	5	0.0281986
0	480	8	0.0279998
0	480	5	0.0276593
0	480	8	0.0275261
0	480	2	0.0266944
0	480	9	0.0266419
0	480	12	0.0262124
0	480	11	0.026142
0	480	2	0.026135
0	480	1	0.0258616
0	480	11	0.0258539
0	480	8	0.0258438
0	480	10	0.0257849
0	480	5	0.025496
0	480	1	0.0254945
0	480	12	0.0253557
0	480	3	0.0252558
0	480	6	0.0251843
0	480	4	0.0250458
0	480	7	0.024724
0	480	3	0.0246627
0	480	9	0.0244378
0	480	9	0.0242395
0	480	2	0.0240307
1	480	0	0.0239479
0	480	5	0.0234147
0	480	3	0.0232865
0	480	6	0.0232101
0	480	3	0.0230092
0	480	3	0.0224661
0	480	8	0.0220997
0	480	10	0.0220332
0	480	7	0.0219701
0	480	4	0.021847
0	480	4	0.021646
0	480	3	0.021271
0	480	5	0.0211311
0	480	6	0.0207157
0	480	9	0.0207103
1	480	0	0.0204762
1	480	0	0.0203574
0	480	4	0.0201555
0	480	4	0.0200362
0	480	5	0.0199971
0	480	7	0.0196842
0	480	7	0.0195805
0	480	7	0.0195193
0	480	6	0.0192096
0	480	2	0.0191825
0	480	3	0.0190902
0	480	3	0.0187213
0	480	5	0.0183961
0	480	7	0.0182849
0	480	1	0.0181824
0	480	5	0.0181618
0	480	4	0.0179649
0	480	2	0.0179514
0	480	3	0.0178873
1	480	0	0.0177138
0	480	6	0.0176525
0	480	2	0.0176412
0	480	7	0.0174886
0	480	7	0.0173011
0	480	2	0.0172695
0	480	6	0.0170801
0	480	8	0.016915
0	480	4	0.0158029
0	480	4	0.015722
0	480	6	0.0152897
0	480	6	0.0145552
0	480	6	0.0145255
1	480	0	0.0144162
0	480	3	0.0142246
1	480	0	0.0141997
0	480	4	0.0140447
0	480	6	0.0140291
0	480	5	0.0139597
1	480	0	0.013859
0	480	6	0.0137868
0	480	5	0.0132316
0	480	3	0.0131056
0	480	5	0.013103
0	480	4	0.0127856
0	480	3	0.0126266
0	480	1	0.0115757
1	480	0	0.0109669
0	480	2	0.0109031
1	480	0	0.0106203
0	480	3	0.0106157
1	480	0	0.0105397
0	480	4	0.0104268
0	480	4	0.0103147
0	480	2	0.0102294
0	480	2	0.0101295
