14348.8
0.125641
5000
1	495	118	0.989728
1	495	227	0.98954
0	495	361	0.988843
0	495	308	0.988684
0	495	394	0.988497
1	495	19	0.98828
1	495	166	0.987894
0	495	411	0.987663
0	495	352	0.987493
0	495	260	0.987375
1	495	17	0.987348
0	495	458	0.987195
1	495	61	0.986994
1	495	188	0.986859
0	495	459	0.986112
1	495	108	0.986099
1	495	56	0.985272
1	495	188	0.985168
0	495	287	0.985143
1	495	132	0.985119
0	495	351	0.985034
1	495	39	0.985013
0	495	342	0.984993
1	495	159	0.984799
1	495	54	0.984705
0	495	367	0.984586
1	495	80	0.984231
0	495	318	0.984105
1	495	165	0.983788
0	495	247	0.983762
0	495	338	0.983698
0	495	308	0.983621
1	495	186	0.983508
1	495	53	0.983158
1	495	100	0.982901
0	495	451	0.982823
0	495	371	0.9827
1	495	158	0.982523
0	495	301	0.982497
1	495	64	0.982003
1	495	176	0.981923
0	495	210	0.98174
0	495	262	0.981212
0	495	254	0.981184
1	495	5	0.981143
1	495	95	0.981106
0	495	403	0.981012
1	495	38	0.980997
1	495	132	0.980925
1	495	117	0.980915
0	495	232	0.980491
0	495	443	0.980446
0	495	378	0.980262
1	495	44	0.979798
0	495	352	0.979758
1	495	13	0.979556
1	495	105	0.97948
0	495	350	0.979385
0	495	418	0.979355
1	495	70	0.978719
0	495	439	0.978667
1	495	127	0.978533
0	495	321	0.978493
0	495	459	0.978399
1	495	61	0.978301
1	495	72	0.978135
0	495	199	0.977773
0	495	477	0.977535
0	495	170	0.977266
0	495	160	0.977013
0	495	201	0.976872
0	495	185	0.976522
0	495	223	0.976412
1	495	85	0.976097
0	495	262	0.976027
1	495	123	0.975901
0	495	435	0.975827
0	495	144	0.975479
0	495	171	0.975246
0	495	300	0.97484
0	495	179	0.974419
0	495	397	0.974186
0	495	177	0.97409
1	495	72	0.973425
0	495	213	0.973333
0	495	477	0.973324
0	495	171	0.973045
0	495	241	0.97282
0	495	478	0.972292
1	495	38	0.972286
0	495	391	0.972188
0	495	449	0.972158
0	495	258	0.971746
0	495	413	0.971378
0	495	229	0.971371
0	495	176	0.971327
1	495	60	0.971289
0	495	309	0.971045
1	495	13	0.970333
1	495	77	0.970305
0	495	334	0.97029
0	495	269	0.970153
1	495	42	0.970099
0	495	267	0.970048
0	495	129	0.969852
1	495	17	0.969812
0	495	158	0.969745
0	495	291	0.969206
0	495	228	0.969171
0	495	100	0.969121
1	495	75	0.968836
0	495	308	0.968715
0	495	94	0.968656
0	495	427	0.968625
1	495	31	0.968577
0	495	317	0.968388
0	495	177	0.968258
0	495	430	0.967657
0	495	453	0.967563
0	495	396	0.967352
1	495	45	0.967294
0	495	196	0.967231
1	495	51	0.967228
0	495	236	0.967038
0	495	159	0.966971
0	495	164	0.966943
0	495	406	0.96688
0	495	252	0.966813
0	495	341	0.966778
0	495	394	0.966517
1	495	64	0.966509
0	495	332	0.966496
0	495	191	0.966089
0	495	471	0.965877
0	495	121	0.965845
1	495	15	0.965672
0	495	463	0.965476
0	495	174	0.964962
1	495	57	0.964855
0	495	343	0.96444
0	495	111	0.964304
0	495	97	0.963741
0	495	156	0.963733
0	495	180	0.96277
0	495	312	0.962694
1	495	25	0.962481
0	495	274	0.962438
0	495	409	0.962412
0	495	139	0.962362
0	495	179	0.962255
1	495	40	0.9622
0	495	110	0.961823
1	495	10	0.961604
0	495	157	0.961183
1	495	64	0.961109
0	495	361	0.960931
0	495	84	0.960498
0	495	379	0.95987
0	495	341	0.959412
0	495	466	0.959306
1	495	64	0.959167
0	495	292	0.959015
0	495	74	0.958896
0	495	399	0.957694
0	495	159	0.957638
0	495	423	0.957576
0	495	387	0.957516
0	495	193	0.957423
0	495	125	0.95742
0	495	210	0.957282
0	495	292	0.957207
0	495	345	0.957049
0	495	372	0.957035
0	495	364	0.956998
0	495	178	0.956622
0	495	118	0.956602
0	495	400	0.956524
0	495	274	0.955723
1	495	58	0.955712
0	495	117	0.95527
0	495	127	0.955209
1	495	39	0.955003
0	495	223	0.954991
0	495	334	0.954983
0	495	242	0.954796
0	495	103	0.954657
0	495	377	0.954529
0	495	61	0.954145
0	495	194	0.954112
0	495	97	0.95367
0	495	215	0.953613
0	495	214	0.953476
0	495	471	0.952797
0	495	177	0.952314
0	495	298	0.952185
0	495	388	0.952115
0	495	283	0.952068
0	495	413	0.951874
0	495	287	0.951758
0	495	404	0.951639
0	495	296	0.951583
0	495	122	0.951222
0	495	108	0.950842
0	495	229	0.950841
1	495	22	0.950804
0	495	67	0.950685
0	495	133	0.950645
0	495	164	0.950598
0	495	182	0.950316
0	495	70	0.950312
0	495	318	0.949551
0	495	459	0.94912
0	495	307	0.9488
0	495	176	0.948769
0	495	396	0.948568
0	495	228	0.948279
0	495	258	0.948181
0	495	235	0.948115
0	495	236	0.947815
0	495	101	0.947736
0	495	355	0.947469
0	495	158	0.947165
0	495	270	0.94714
0	495	224	0.946976
0	495	318	0.946746
0	495	221	0.946705
0	495	306	0.946664
0	495	333	0.946381
0	495	211	0.946335
0	495	118	0.946159
0	495	118	0.946081
0	495	298	0.946005
0	495	154	0.945927
0	495	198	0.945483
0	495	357	0.945176
0	495	141	0.945099
0	495	327	0.944989
0	495	319	0.944904
0	495	398	0.944885
0	495	465	0.944624
0	495	268	0.944405
0	495	359	0.944379
0	495	144	0.944345
0	495	174	0.944054
0	495	197	0.944013
0	495	177	0.943928
0	495	242	0.94385
0	495	438	0.943402
0	495	147	0.943154
1	495	4	0.94286
0	495	211	0.942622
0	495	337	0.942518
1	495	18	0.942378
0	495	430	0.942066
1	495	2	0.941666
0	495	464	0.941459
0	495	87	0.941255
0	495	219	0.941024
0	495	307	0.940942
0	495	89	0.940751
0	495	459	0.940261
0	495	426	0.940184
0	495	411	0.940166
0	495	123	0.940048
0	495	407	0.939842
0	495	271	0.939281
0	495	77	0.939268
0	495	441	0.938937
1	495	11	0.938844
0	495	389	0.938808
0	495	259	0.938799
0	495	164	0.938745
0	495	446	0.938509
0	495	439	0.938412
0	495	60	0.938396
0	495	224	0.938349
0	495	322	0.938337
0	495	408	0.938291
0	495	251	0.938026
0	495	201	0.937953
0	495	133	0.937658
0	495	71	0.93734
0	495	168	0.937252
0	495	386	0.937194
0	495	369	0.936887
0	495	52	0.936636
0	495	194	0.936075
0	495	249	0.93578
0	495	71	0.93555
0	495	336	0.935498
0	495	71	0.935449
1	495	26	0.935413
0	495	108	0.935379
0	495	224	0.935168
0	495	294	0.935085
0	495	447	0.934883
0	495	411	0.934563
0	495	402	0.934145
0	495	197	0.934128
0	495	376	0.932965
0	495	390	0.93263
0	495	194	0.932411
0	495	353	0.932124
0	495	270	0.931844
0	495	191	0.931678
0	495	351	0.931472
0	495	89	0.931469
0	495	404	0.931461
0	495	299	0.931457
0	495	389	0.931349
0	495	142	0.931112
0	495	180	0.931078
0	495	359	0.930818
1	495	21	0.930774
1	495	30	0.930763
0	495	308	0.930714
0	495	129	0.930485
0	495	393	0.930454
0	495	185	0.930302
0	495	210	0.929932
0	495	175	0.929848
0	495	430	0.929545
0	495	330	0.929412
0	495	121	0.929371
0	495	44	0.929347
0	495	128	0.929068
0	495	223	0.929014
0	495	120	0.928989
1	495	21	0.928765
0	495	273	0.928514
0	495	395	0.928487
0	495	457	0.928454
0	495	271	0.928356
0	495	401	0.92835
0	495	162	0.928281
0	495	443	0.928102
0	495	243	0.928098
0	495	97	0.92805
0	495	409	0.927853
0	495	445	0.927414
0	495	99	0.927403
0	495	82	0.927311
0	495	288	0.927282
0	495	329	0.926887
0	495	176	0.926869
0	495	352	0.926865
0	495	159	0.926246
0	495	224	0.926219
0	495	63	0.926192
0	495	396	0.926162
0	495	432	0.926076
0	495	169	0.926009
0	495	129	0.926005
0	495	449	0.925931
0	495	305	0.925925
0	495	297	0.925179
0	495	33	0.925069
0	495	379	0.924927
1	495	4	0.924562
0	495	430	0.924523
0	495	248	0.924477
0	495	438	0.924416
0	495	415	0.924352
0	495	231	0.924149
0	495	405	0.92408
0	495	185	0.923387
0	495	305	0.923041
0	495	371	0.922973
0	495	432	0.922942
0	495	46	0.922735
0	495	130	0.922362
0	495	425	0.922175
0	495	307	0.922115
0	495	120	0.921585
0	495	314	0.921494
0	495	249	0.921253
0	495	321	0.92045
0	495	347	0.920272
0	495	217	0.920071
0	495	352	0.91989
0	495	263	0.919687
0	495	359	0.919636
0	495	241	0.919594
0	495	46	0.919139
0	495	159	0.918859
0	495	293	0.918814
0	495	274	0.918756
0	495	168	0.918727
0	495	220	0.918554
0	495	28	0.917913
0	495	277	0.917808
0	495	389	0.917642
0	495	314	0.91764
0	495	358	0.917361
0	495	273	0.917343
0	495	43	0.917309
0	495	200	0.917135
0	495	111	0.916381
0	495	148	0.916004
0	495	381	0.915838
1	495	1	0.915631
0	495	153	0.915326
0	495	113	0.915208
0	495	370	0.915078
0	495	181	0.915015
0	495	446	0.914777
0	495	134	0.914152
1	495	3	0.913771
0	495	94	0.913495
0	495	369	0.913466
0	495	124	0.913181
0	495	361	0.913051
0	495	238	0.912382
0	495	114	0.912256
0	495	190	0.912161
0	495	303	0.911454
0	495	209	0.911423
0	495	323	0.911377
0	495	234	0.911159
0	495	93	0.911148
0	495	280	0.911073
0	495	263	0.91099
0	495	356	0.910894
0	495	64	0.910525
0	495	433	0.909865
0	495	275	0.909827
0	495	142	0.909756
0	495	410	0.909653
0	495	313	0.909628
0	495	110	0.909478
0	495	71	0.909472
0	495	353	0.909443
0	495	442	0.909326
0	495	386	0.908873
0	495	98	0.908872
0	495	410	0.908865
0	495	127	0.908802
0	495	274	0.908787
0	495	31	0.908404
0	495	248	0.908095
0	495	377	0.907792
0	495	116	0.907656
0	495	281	0.9076
0	495	82	0.907599
0	495	134	0.907396
0	495	196	0.907215
0	495	319	0.907206
0	495	168	0.907031
0	495	166	0.906438
0	495	388	0.905967
0	495	131	0.905798
0	495	236	0.905671
0	495	22	0.905543
0	495	139	0.905521
0	495	153	0.905513
1	495	5	0.905339
0	495	144	0.905234
0	495	344	0.905227
0	495	350	0.905019
0	495	213	0.905008
0	495	444	0.904986
0	495	220	0.904569
0	495	418	0.90451
0	495	441	0.904324
0	495	99	0.903785
0	495	283	0.903769
0	495	93	0.903042
0	495	340	0.902983
0	495	345	0.90286
0	495	287	0.902554
0	495	188	0.902211
0	495	261	0.902189
0	495	198	0.902126
0	495	360	0.901947
0	495	85	0.901599
1	495	12	0.900211
0	495	430	0.900115
0	495	319	0.899113
0	495	190	0.899038
0	495	145	0.898921
0	495	30	0.898726
0	495	123	0.898322
0	495	88	0.898156
0	495	100	0.898051
0	495	52	0.897911
0	495	92	0.897874
0	495	59	0.897619
0	495	430	0.897416
0	495	125	0.897115
0	495	369	0.89672
0	495	386	0.896531
1	495	4	0.896049
0	495	348	0.895993
0	495	326	0.895316
0	495	257	0.894443
0	495	303	0.894159
0	495	351	0.894089
0	495	230	0.894021
0	495	429	0.893809
0	495	13	0.893476
0	495	245	0.893317
0	495	80	0.89319
0	495	248	0.89312
0	495	219	0.892938
0	495	84	0.892749
0	495	343	0.892749
0	495	78	0.89203
0	495	374	0.892023
0	495	123	0.891845
0	495	390	0.89119
0	495	148	0.891002
0	495	438	0.890644
0	495	188	0.89064
0	495	278	0.890591
0	495	292	0.890536
0	495	296	0.890274
0	495	421	0.890266
0	495	279	0.889955
0	495	362	0.889697
0	495	440	0.889552
0	495	110	0.88923
1	495	10	0.889114
0	495	126	0.8891
0	495	176	0.888689
0	495	142	0.888615
0	495	222	0.88851
0	495	116	0.888388
0	495	86	0.887962
0	495	270	0.88764
0	495	344	0.887564
0	495	302	0.887355
0	495	387	0.886965
0	495	308	0.886753
0	495	284	0.886505
0	495	187	0.886433
0	495	76	0.886387
0	495	210	0.886341
0	495	22	0.885796
0	495	24	0.885735
0	495	354	0.885615
0	495	409	0.885224
0	495	340	0.885217
0	495	200	0.885152
0	495	420	0.884845
0	495	75	0.884354
0	495	437	0.884281
0	495	416	0.883709
0	495	292	0.883554
0	495	259	0.883509
0	495	29	0.882753
0	495	400	0.882408
0	495	12	0.881889
0	495	314	0.881407
0	495	428	0.881364
0	495	222	0.880876
0	495	260	0.880321
0	495	113	0.879974
0	495	242	0.879545
0	495	32	0.879523
0	495	301	0.87947
0	495	366	0.879391
0	495	51	0.879278
0	495	361	0.878643
0	495	427	0.878575
0	495	257	0.878461
0	495	153	0.878423
0	495	40	0.877642
0	495	253	0.877058
0	495	319	0.876474
0	495	143	0.876458
0	495	334	0.876426
0	495	359	0.876257
0	495	262	0.876233
0	495	328	0.875739
0	495	202	0.875557
0	495	111	0.875185
0	495	224	0.875091
0	495	314	0.87504
0	495	30	0.874763
0	495	185	0.874635
0	495	25	0.87408
0	495	84	0.874006
0	495	156	0.873785
0	495	343	0.87369
0	495	385	0.873471
0	495	301	0.873379
0	495	102	0.87327
0	495	266	0.873145
0	495	63	0.873121
0	495	347	0.873081
0	495	176	0.872534
0	495	201	0.872317
0	495	167	0.872288
0	495	325	0.872101
0	495	364	0.872075
0	495	258	0.872009
0	495	381	0.871733
0	495	159	0.871199
1	495	2	0.870948
0	495	378	0.870946
0	495	157	0.870717
0	495	400	0.870275
0	495	210	0.870268
0	495	218	0.870081
0	495	277	0.869971
0	495	26	0.869887
0	495	334	0.869877
0	495	253	0.869816
0	495	429	0.869521
0	495	417	0.86948
0	495	291	0.869389
0	495	45	0.869376
1	495	0	0.86917
0	495	176	0.869014
0	495	391	0.868336
0	495	188	0.868215
0	495	198	0.867939
0	495	134	0.867651
0	495	14	0.867457
0	495	122	0.867323
0	495	257	0.866794
0	495	114	0.866607
0	495	86	0.866537
0	495	311	0.866438
0	495	341	0.865996
1	495	0	0.865859
0	495	159	0.865612
0	495	130	0.865611
0	495	146	0.865522
0	495	7	0.865493
0	495	318	0.865202
0	495	63	0.864965
0	495	91	0.864592
0	495	60	0.864475
0	495	96	0.864239
0	495	354	0.864112
0	495	185	0.864086
0	495	212	0.863839
0	495	253	0.86356
0	495	265	0.863522
0	495	362	0.863489
0	495	304	0.863312
0	495	360	0.863263
0	495	107	0.862358
0	495	262	0.862248
0	495	212	0.86204
0	495	292	0.861861
0	495	350	0.861764
0	495	281	0.86174
0	495	24	0.861484
0	495	41	0.861248
0	495	140	0.860633
0	495	175	0.860475
0	495	155	0.860415
0	495	93	0.860307
0	495	231	0.860299
0	495	42	0.860272
0	495	374	0.860201
0	495	228	0.859711
0	495	97	0.859444
0	495	327	0.859392
0	495	370	0.859383
0	495	130	0.859099
0	495	374	0.858957
0	495	73	0.85884
0	495	401	0.858723
0	495	412	0.858526
0	495	317	0.85847
0	495	297	0.858381
1	495	5	0.85831
0	495	313	0.858059
0	495	10	0.857725
0	495	338	0.857724
0	495	205	0.857688
0	495	221	0.857501
0	495	225	0.857346
0	495	9	0.85734
0	495	173	0.857287
0	495	260	0.857271
0	495	407	0.85721
0	495	74	0.856624
0	495	364	0.856529
0	495	123	0.85644
0	495	369	0.856182
0	495	86	0.856083
0	495	397	0.855795
0	495	87	0.855418
0	495	230	0.855404
0	495	147	0.855321
0	495	392	0.855036
0	495	258	0.854922
0	495	85	0.854799
0	495	305	0.854615
0	495	402	0.854125
0	495	413	0.853731
0	495	73	0.853619
0	495	9	0.853582
0	495	74	0.852978
0	495	102	0.852597
0	495	331	0.852347
0	495	375	0.852259
1	495	3	0.852099
0	495	261	0.852068
0	495	225	0.852028
0	495	157	0.851948
0	495	106	0.851654
0	495	258	0.851277
0	495	62	0.851097
0	495	269	0.851078
0	495	240	0.850821
0	495	172	0.850595
0	495	394	0.850569
0	495	26	0.850138
0	495	27	0.850068
0	495	119	0.850057
0	495	164	0.849893
0	495	155	0.849834
0	495	352	0.849644
0	495	25	0.849492
0	495	351	0.849319
0	495	30	0.849161
0	495	281	0.849153
0	495	352	0.849014
0	495	136	0.848675
0	495	221	0.848168
0	495	369	0.848044
0	495	141	0.847967
0	495	298	0.847828
0	495	227	0.847812
1	495	1	0.847588
0	495	220	0.847317
0	495	197	0.847003
0	495	277	0.846917
0	495	317	0.84675
0	495	58	0.846723
0	495	166	0.846689
0	495	269	0.84662
0	495	117	0.846394
0	495	18	0.846374
0	495	104	0.845848
0	495	318	0.845839
0	495	272	0.845691
0	495	57	0.845665
0	495	46	0.84524
0	495	364	0.845099
0	495	398	0.845049
0	495	314	0.844984
0	495	247	0.844944
0	495	234	0.844602
0	495	339	0.844367
0	495	348	0.844317
0	495	15	0.844223
0	495	213	0.844084
0	495	28	0.843512
0	495	261	0.843309
0	495	247	0.843132
0	495	362	0.843049
0	495	93	0.843008
0	495	263	0.842749
0	495	328	0.842702
0	495	255	0.842411
0	495	104	0.842172
0	495	192	0.842078
0	495	415	0.841647
0	495	342	0.841479
0	495	157	0.841344
0	495	247	0.84126
0	495	319	0.841031
0	495	306	0.84067
0	495	312	0.840491
0	495	327	0.840415
0	495	313	0.840384
0	495	300	0.83993
0	495	340	0.839763
0	495	120	0.83956
0	495	215	0.838934
0	495	172	0.838375
0	495	112	0.838352
0	495	208	0.838351
0	495	358	0.838113
0	495	28	0.837756
0	495	313	0.837652
0	495	371	0.837583
0	495	220	0.837351
0	495	319	0.837178
0	495	22	0.837023
0	495	235	0.836915
0	495	329	0.836818
0	495	55	0.836584
0	495	33	0.836508
0	495	287	0.836484
0	495	88	0.836272
1	495	3	0.836176
0	495	394	0.836166
0	495	30	0.835429
0	495	158	0.835308
0	495	328	0.835261
0	495	398	0.835243
0	495	141	0.835066
0	495	72	0.835041
0	495	131	0.834979
0	495	42	0.834966
0	495	210	0.834589
0	495	267	0.834504
0	495	304	0.834128
0	495	313	0.834127
0	495	127	0.834082
0	495	306	0.833754
0	495	285	0.833574
0	495	151	0.833506
0	495	167	0.833125
0	495	255	0.833112
0	495	179	0.832813
0	495	40	0.832219
0	495	340	0.832096
0	495	265	0.831775
0	495	365	0.831369
0	495	341	0.83052
0	495	260	0.830427
0	495	103	0.830165
0	495	59	0.83
0	495	367	0.829919
0	495	263	0.829658
0	495	228	0.828908
0	495	106	0.828515
0	495	34	0.828445
0	495	10	0.828293
0	495	192	0.828236
0	495	286	0.828207
0	495	166	0.82812
0	495	74	0.827928
0	495	142	0.827793
0	495	152	0.827672
0	495	394	0.827538
0	495	171	0.827311
0	495	341	0.827199
0	495	274	0.826795
0	495	160	0.826171
0	495	289	0.826004
0	495	398	0.825881
0	495	356	0.82573
0	495	31	0.825683
0	495	342	0.82566
0	495	350	0.825586
0	495	210	0.825576
0	495	131	0.825463
0	495	297	0.825083
0	495	206	0.824848
0	495	358	0.824793
0	495	98	0.824727
0	495	5	0.824684
0	495	401	0.824592
0	495	146	0.824425
0	495	111	0.823927
0	495	343	0.823563
0	495	147	0.823427
0	495	274	0.823397
0	495	272	0.823264
0	495	169	0.823002
0	495	91	0.82298
0	495	297	0.822798
0	495	191	0.822491
0	495	160	0.822308
0	495	192	0.82197
0	495	192	0.821962
0	495	254	0.82195
0	495	173	0.821852
0	495	17	0.821227
0	495	403	0.821033
0	495	85	0.820985
0	495	14	0.820706
0	495	47	0.820195
0	495	324	0.820089
0	495	9	0.819957
1	495	1	0.819655
0	495	304	0.8191
0	495	173	0.819012
0	495	167	0.819009
0	495	117	0.819004
0	495	404	0.81832
0	495	126	0.818274
0	495	373	0.818255
0	495	276	0.818183
0	495	270	0.818159
0	495	49	0.81796
0	495	147	0.817692
0	495	225	0.817561
0	495	258	0.817522
0	495	18	0.816786
0	495	389	0.816569
0	495	92	0.816561
0	495	137	0.816486
0	495	219	0.816292
0	495	257	0.81601
0	495	247	0.815992
0	495	247	0.815872
0	495	145	0.815797
0	495	255	0.815727
0	495	108	0.814964
0	495	42	0.814748
0	495	365	0.814658
0	495	288	0.814555
0	495	146	0.814372
0	495	356	0.814145
0	495	226	0.813877
0	495	5	0.813858
0	495	155	0.813839
0	495	159	0.813826
0	495	79	0.813423
0	495	307	0.813304
0	495	170	0.813198
0	495	158	0.813148
0	495	382	0.812942
0	495	17	0.812891
0	495	94	0.812867
0	495	10	0.812788
0	495	348	0.812634
0	495	177	0.812396
0	495	171	0.812123
0	495	352	0.812061
0	495	239	0.81197
0	495	357	0.811787
0	495	66	0.811768
0	495	251	0.811666
0	495	45	0.811426
0	495	283	0.811404
0	495	344	0.811284
0	495	203	0.811251
0	495	224	0.811234
0	495	268	0.8111
1	495	3	0.811082
0	495	240	0.811051
0	495	307	0.81058
0	495	21	0.810428
0	495	53	0.810288
0	495	151	0.810167
0	495	158	0.81011
0	495	220	0.810046
0	495	5	0.809937
0	495	285	0.809808
0	495	286	0.809553
0	495	146	0.809513
0	495	68	0.809392
0	495	267	0.808999
0	495	193	0.808753
0	495	308	0.808618
0	495	298	0.808431
0	495	143	0.808284
0	495	128	0.808267
0	495	110	0.808263
0	495	161	0.808187
0	495	66	0.808128
0	495	319	0.80798
0	495	289	0.807296
0	495	274	0.806858
0	495	219	0.80657
0	495	294	0.806513
0	495	376	0.806479
0	495	119	0.806319
0	495	210	0.806256
0	495	83	0.806126
0	495	128	0.805936
0	495	258	0.805878
0	495	395	0.805759
0	495	392	0.805503
0	495	239	0.805415
0	495	351	0.804988
0	495	366	0.804567
0	495	288	0.804558
0	495	110	0.804536
0	495	354	0.804518
0	495	68	0.804504
0	495	206	0.804084
0	495	240	0.804007
0	495	348	0.803936
0	495	140	0.803844
0	495	61	0.803602
0	495	395	0.803465
0	495	254	0.802696
0	495	292	0.802504
0	495	43	0.80247
0	495	315	0.802386
0	495	149	0.80233
0	495	230	0.802053
0	495	115	0.801752
0	495	371	0.801634
0	495	347	0.801544
0	495	91	0.801512
0	495	373	0.80151
0	495	279	0.80148
0	495	7	0.801389
0	495	130	0.8007
0	495	160	0.800641
0	495	240	0.799905
0	495	301	0.799795
0	495	230	0.799676
0	495	337	0.799654
0	495	103	0.799059
0	495	35	0.798907
0	495	296	0.798423
0	495	306	0.798365
0	495	130	0.798362
0	495	127	0.797994
0	495	130	0.797898
0	495	36	0.797785
0	495	337	0.797696
0	495	375	0.797676
0	495	379	0.797597
0	495	102	0.797097
0	495	66	0.796595
0	495	203	0.796516
0	495	247	0.79618
0	495	175	0.796167
0	495	161	0.796142
0	495	41	0.796094
0	495	249	0.795707
0	495	333	0.795424
0	495	380	0.795163
0	495	211	0.794502
0	495	385	0.794339
0	495	339	0.794014
0	495	195	0.793953
0	495	50	0.793623
0	495	46	0.793461
0	495	207	0.793212
0	495	90	0.792755
0	495	328	0.792582
0	495	284	0.792387
0	495	221	0.79211
0	495	232	0.791879
0	495	62	0.791687
0	495	47	0.791652
0	495	125	0.791648
0	495	352	0.791587
0	495	307	0.791317
0	495	339	0.79063
0	495	74	0.790349
0	495	39	0.790262
0	495	386	0.79016
0	495	226	0.790134
0	495	87	0.789995
0	495	215	0.789535
0	495	251	0.789534
0	495	159	0.78953
0	495	381	0.789188
0	495	12	0.789184
0	495	242	0.789109
0	495	47	0.789005
0	495	201	0.788711
0	495	90	0.788684
0	495	336	0.788668
0	495	89	0.788027
0	495	318	0.787977
0	495	198	0.787922
0	495	128	0.787379
0	495	301	0.787222
0	495	181	0.787192
0	495	181	0.786741
0	495	39	0.7867
0	495	209	0.7866
0	495	262	0.786561
0	495	62	0.786402
0	495	153	0.786151
0	495	8	0.786001
0	495	371	0.785705
0	495	299	0.785658
0	495	13	0.785616
0	495	262	0.785596
0	495	46	0.785485
0	495	52	0.785156
0	495	24	0.784474
0	495	9	0.784398
0	495	53	0.784379
0	495	159	0.784329
0	495	241	0.784268
0	495	376	0.783923
0	495	10	0.783913
0	495	361	0.783836
0	495	351	0.783501
0	495	81	0.783422
0	495	262	0.783336
0	495	99	0.783189
0	495	387	0.783176
0	495	177	0.783126
0	495	235	0.782814
0	495	364	0.782719
0	495	106	0.782649
0	495	113	0.782575
0	495	381	0.781962
0	495	170	0.781211
0	495	243	0.781199
0	495	127	0.781058
0	495	224	0.781044
0	495	91	0.780968
0	495	106	0.780864
0	495	361	0.780774
0	495	72	0.780715
0	495	29	0.780422
0	495	338	0.780138
0	495	275	0.779159
0	495	180	0.779003
0	495	229	0.77886
0	495	175	0.778384
0	495	101	0.778176
0	495	93	0.777661
0	495	329	0.777657
0	495	136	0.77747
0	495	228	0.777313
0	495	179	0.776566
0	495	290	0.77652
0	495	200	0.776298
0	495	331	0.776204
0	495	242	0.775874
0	495	161	0.775468
0	495	23	0.77534
0	495	362	0.774918
0	495	379	0.774639
0	495	273	0.774324
0	495	158	0.774107
0	495	296	0.773837
0	495	226	0.773768
0	495	316	0.773717
0	495	130	0.773581
0	495	279	0.773372
0	495	326	0.77333
0	495	369	0.77325
0	495	260	0.773219
0	495	335	0.773215
0	495	241	0.773196
0	495	181	0.772827
0	495	158	0.772714
0	495	347	0.772575
0	495	77	0.772362
0	495	33	0.772234
0	495	70	0.771998
0	495	77	0.771843
0	495	8	0.771715
0	495	95	0.771703
0	495	51	0.770984
0	495	28	0.770205
0	495	164	0.769715
0	495	176	0.769611
0	495	321	0.769161
0	495	315	0.769008
0	495	118	0.768889
0	495	41	0.768744
0	495	359	0.768709
1	495	0	0.768598
0	495	226	0.768405
0	495	220	0.76835
0	495	243	0.768131
0	495	325	0.767994
0	495	135	0.767574
0	495	126	0.767474
0	495	57	0.767339
0	495	219	0.767052
0	495	263	0.767034
0	495	296	0.766795
0	495	299	0.766679
0	495	20	0.766028
0	495	167	0.765738
0	495	65	0.765544
0	495	217	0.765369
0	495	353	0.765005
0	495	136	0.764867
0	495	50	0.764749
0	495	219	0.76474
0	495	198	0.764313
0	495	236	0.764029
0	495	296	0.763009
0	495	298	0.762809
0	495	243	0.762786
0	495	211	0.762615
0	495	105	0.762514
0	495	241	0.762344
0	495	364	0.762246
0	495	8	0.76215
0	495	175	0.76173
0	495	350	0.761435
0	495	36	0.761248
0	495	94	0.761118
0	495	175	0.761032
0	495	53	0.761025
0	495	282	0.760953
0	495	349	0.760823
0	495	24	0.760445
0	495	334	0.760256
0	495	288	0.76016
0	495	178	0.760033
0	495	36	0.760016
0	495	194	0.759911
0	495	236	0.759862
0	495	220	0.759627
0	495	363	0.759489
0	495	73	0.759208
0	495	318	0.758718
0	495	158	0.758649
0	495	136	0.758309
0	495	233	0.757902
0	495	93	0.757741
0	495	277	0.757509
0	495	260	0.757215
0	495	305	0.757029
0	495	160	0.756935
0	495	315	0.75682
0	495	27	0.756745
0	495	9	0.756635
0	495	352	0.756477
0	495	260	0.756292
0	495	126	0.756219
0	495	258	0.756171
0	495	128	0.755943
0	495	142	0.755719
0	495	212	0.755705
0	495	228	0.755655
0	495	213	0.75547
0	495	143	0.755457
0	495	233	0.754891
0	495	295	0.754566
0	495	86	0.754458
0	495	170	0.754239
0	495	163	0.754153
0	495	193	0.754095
0	495	372	0.754036
0	495	98	0.753883
0	495	144	0.753368
0	495	96	0.752669
0	495	186	0.752542
0	495	345	0.752333
0	495	339	0.752327
0	495	46	0.752315
0	495	317	0.752174
0	495	283	0.752142
0	495	165	0.751837
0	495	63	0.751831
0	495	140	0.75171
0	495	205	0.751678
0	495	48	0.751415
0	495	40	0.751388
0	495	53	0.751329
0	495	234	0.7511
0	495	24	0.751026
0	495	309	0.750683
0	495	87	0.750343
0	495	101	0.749867
0	495	56	0.749338
0	495	183	0.748572
0	495	267	0.748483
0	495	10	0.74838
0	495	137	0.748158
0	495	184	0.748105
0	495	297	0.747988
0	495	335	0.747926
0	495	313	0.747733
0	495	340	0.747434
0	495	48	0.747404
0	495	339	0.747011
0	495	218	0.746872
0	495	92	0.746634
0	495	304	0.746145
0	495	66	0.745717
0	495	162	0.745639
0	495	363	0.745268
0	495	7	0.745244
0	495	10	0.745171
0	495	158	0.744982
0	495	66	0.744517
0	495	310	0.744302
0	495	299	0.744199
0	495	296	0.743798
0	495	119	0.743591
0	495	195	0.743575
0	495	260	0.743554
0	495	46	0.74352
0	495	9	0.7435
0	495	294	0.743458
0	495	362	0.742955
0	495	337	0.742922
0	495	271	0.742858
0	495	54	0.742739
0	495	361	0.742475
0	495	175	0.742206
0	495	202	0.742138
0	495	104	0.74189
0	495	290	0.741539
0	495	37	0.741426
0	495	43	0.741316
0	495	197	0.740655
0	495	77	0.74043
0	495	346	0.740377
0	495	92	0.739877
0	495	175	0.739834
1	495	0	0.739695
0	495	171	0.739687
0	495	212	0.739472
0	495	162	0.739181
0	495	34	0.739173
0	495	31	0.738922
0	495	321	0.738751
0	495	117	0.738319
0	495	26	0.738202
0	495	263	0.738033
0	495	312	0.737894
0	495	348	0.737422
0	495	325	0.73709
0	495	84	0.736989
0	495	187	0.736949
0	495	85	0.736294
0	495	343	0.736164
0	495	358	0.736147
0	495	354	0.735987
0	495	322	0.735739
0	495	30	0.735686
0	495	142	0.735612
0	495	228	0.735598
0	495	231	0.735536
0	495	274	0.734728
0	495	294	0.734711
0	495	338	0.734548
0	495	104	0.734458
0	495	35	0.734395
0	495	45	0.734263
0	495	33	0.734036
0	495	102	0.733969
0	495	306	0.733916
0	495	7	0.73355
0	495	250	0.733459
0	495	334	0.733413
0	495	170	0.733023
0	495	70	0.732449
0	495	25	0.732246
0	495	186	0.73199
0	495	271	0.731873
0	495	9	0.731859
0	495	338	0.731583
0	495	194	0.731199
0	495	251	0.731077
0	495	10	0.73103
0	495	73	0.730658
0	495	361	0.730567
0	495	354	0.73048
0	495	165	0.730411
0	495	195	0.730227
0	495	112	0.730094
0	495	223	0.729137
0	495	250	0.728882
0	495	283	0.728857
0	495	135	0.728792
0	495	225	0.728767
0	495	21	0.728577
0	495	60	0.728296
0	495	57	0.728293
0	495	90	0.728248
0	495	35	0.727862
0	495	181	0.727663
0	495	174	0.727473
0	495	267	0.727453
0	495	357	0.726265
0	495	51	0.726208
0	495	231	0.725901
0	495	43	0.725734
0	495	272	0.725272
0	495	196	0.724921
0	495	120	0.724885
0	495	45	0.724683
0	495	10	0.724531
0	495	6	0.724335
0	495	324	0.724295
0	495	256	0.724068
0	495	215	0.724035
0	495	8	0.723755
0	495	104	0.723648
0	495	247	0.723623
0	495	185	0.723309
0	495	250	0.722738
0	495	177	0.722658
0	495	350	0.722555
0	495	205	0.722427
0	495	340	0.721832
0	495	204	0.721599
0	495	269	0.720933
0	495	82	0.720822
0	495	294	0.720234
0	495	39	0.720169
0	495	27	0.719789
0	495	215	0.718857
0	495	130	0.718746
0	495	353	0.718734
0	495	274	0.718714
0	495	293	0.718682
0	495	70	0.718491
0	495	279	0.718249
0	495	269	0.718134
0	495	313	0.717896
0	495	221	0.717895
0	495	88	0.717791
0	495	188	0.717784
0	495	173	0.717774
0	495	168	0.717642
0	495	199	0.717613
0	495	340	0.717585
0	495	168	0.717359
0	495	56	0.717283
0	495	97	0.71699
0	495	289	0.716978
0	495	269	0.716654
0	495	286	0.716596
0	495	11	0.716358
0	495	287	0.716062
0	495	33	0.715851
0	495	15	0.71581
0	495	319	0.715459
0	495	245	0.714899
0	495	276	0.714609
0	495	165	0.714588
0	495	316	0.714422
0	495	26	0.714395
0	495	82	0.714201
0	495	168	0.714141
0	495	80	0.713654
0	495	186	0.712993
0	495	117	0.712978
0	495	156	0.712619
0	495	156	0.712467
0	495	67	0.712213
0	495	327	0.712173
0	495	29	0.711882
0	495	178	0.711865
0	495	86	0.711864
0	495	47	0.711862
0	495	26	0.711727
0	495	33	0.711504
0	495	166	0.711499
0	495	87	0.711426
0	495	75	0.711372
0	495	32	0.711281
0	495	179	0.711209
0	495	96	0.711051
0	495	206	0.710769
0	495	15	0.710765
0	495	132	0.71074
0	495	344	0.710619
0	495	120	0.710579
0	495	303	0.710168
0	495	60	0.710065
0	495	24	0.70986
0	495	108	0.709409
0	495	317	0.709285
0	495	83	0.709212
0	495	312	0.709117
0	495	52	0.708559
0	495	126	0.708534
0	495	233	0.708469
0	495	111	0.708015
0	495	209	0.707611
0	495	96	0.707316
0	495	292	0.706947
0	495	57	0.70692
0	495	139	0.706679
0	495	180	0.706577
0	495	40	0.706364
0	495	85	0.706358
0	495	248	0.706126
0	495	226	0.705937
0	495	3	0.705768
0	495	141	0.705568
0	495	230	0.705466
0	495	219	0.705139
0	495	266	0.704858
0	495	310	0.704817
0	495	282	0.704794
0	495	102	0.704689
0	495	170	0.704671
0	495	53	0.703834
0	495	63	0.703669
0	495	162	0.703461
0	495	253	0.703388
0	495	142	0.703227
0	495	309	0.703084
0	495	173	0.70297
0	495	65	0.702904
0	495	188	0.702863
0	495	93	0.702683
0	495	123	0.70262
0	495	287	0.702548
0	495	313	0.70218
0	495	292	0.702159
0	495	214	0.702085
0	495	217	0.701522
0	495	67	0.701515
0	495	235	0.701459
0	495	130	0.701434
0	495	188	0.701249
0	495	59	0.701084
0	495	43	0.700969
0	495	269	0.70096
0	495	97	0.700817
0	495	262	0.700788
0	495	88	0.700769
0	495	251	0.70075
0	495	11	0.700664
0	495	203	0.700108
0	495	34	0.699908
0	495	247	0.699241
0	495	329	0.699155
0	495	146	0.698948
0	495	102	0.698921
0	495	58	0.698839
0	495	157	0.698691
0	495	282	0.698687
0	495	34	0.698625
0	495	66	0.698516
0	495	111	0.698328
0	495	215	0.698271
0	495	138	0.697604
0	495	146	0.697302
0	495	296	0.696942
0	495	163	0.696689
0	495	330	0.696585
0	495	114	0.69642
0	495	53	0.696088
0	495	196	0.695906
0	495	113	0.695878
0	495	89	0.695672
0	495	208	0.695655
0	495	325	0.69555
0	495	37	0.695458
0	495	238	0.69545
0	495	193	0.695369
0	495	262	0.695043
0	495	274	0.69493
0	495	302	0.694924
0	495	274	0.694629
0	495	199	0.694432
0	495	112	0.694053
0	495	57	0.693848
0	495	182	0.693443
0	495	9	0.693398
0	495	145	0.693349
0	495	226	0.693268
0	495	27	0.69318
0	495	7	0.693111
0	495	333	0.693106
0	495	161	0.693085
0	495	56	0.693018
0	495	179	0.692662
0	495	326	0.692212
0	495	199	0.692201
0	495	69	0.691905
0	495	150	0.691552
0	495	317	0.691476
0	495	205	0.691146
0	495	103	0.691083
0	495	338	0.690912
0	495	76	0.690378
0	495	149	0.69035
0	495	143	0.690235
0	495	210	0.689957
0	495	214	0.689904
0	495	161	0.689718
0	495	35	0.689715
0	495	287	0.68971
0	495	111	0.689566
0	495	266	0.689156
0	495	138	0.689046
0	495	152	0.688946
0	495	46	0.68887
0	495	259	0.688413
0	495	115	0.688337
0	495	147	0.688274
0	495	74	0.687902
0	495	95	0.687843
0	495	327	0.687761
0	495	297	0.687709
0	495	112	0.687601
0	495	201	0.68758
0	495	36	0.687548
0	495	124	0.687027
0	495	239	0.686392
0	495	196	0.686238
0	495	148	0.685611
0	495	31	0.685486
0	495	232	0.684603
0	495	155	0.684595
0	495	197	0.684536
0	495	274	0.684309
0	495	230	0.684299
0	495	329	0.68406
0	495	290	0.683802
0	495	292	0.683753
0	495	58	0.683699
0	495	170	0.683309
0	495	259	0.683046
0	495	64	0.682769
0	495	160	0.682767
0	495	191	0.682462
0	495	119	0.682279
0	495	316	0.682126
0	495	3	0.681884
0	495	300	0.681879
0	495	71	0.681627
0	495	66	0.681545
0	495	256	0.681381
0	495	101	0.681229
0	495	70	0.680772
0	495	163	0.680614
0	495	172	0.680475
0	495	273	0.680408
0	495	165	0.680369
0	495	77	0.680315
0	495	204	0.680266
0	495	7	0.67993
0	495	220	0.679826
0	495	57	0.679814
0	495	131	0.679582
0	495	189	0.679411
0	495	229	0.679334
0	495	311	0.678944
0	495	169	0.678772
0	495	162	0.678375
0	495	313	0.678215
0	495	167	0.677913
0	495	185	0.67788
0	495	261	0.677801
0	495	107	0.677799
0	495	205	0.677592
0	495	200	0.677315
0	495	231	0.677261
0	495	172	0.677035
0	495	173	0.676876
0	495	267	0.676766
0	495	131	0.676715
0	495	46	0.676671
0	495	327	0.676602
0	495	184	0.676525
0	495	287	0.676219
0	495	101	0.676112
0	495	6	0.675841
0	495	29	0.675499
0	495	73	0.675189
0	495	161	0.674475
0	495	308	0.674372
0	495	253	0.674149
0	495	232	0.674074
0	495	214	0.67391
0	495	185	0.673903
0	495	81	0.673405
0	495	35	0.673364
0	495	146	0.673217
0	495	114	0.673212
0	495	86	0.673211
0	495	147	0.670989
0	495	142	0.670909
0	495	285	0.670576
0	495	127	0.670347
0	495	236	0.670283
0	495	169	0.67011
0	495	291	0.669986
0	495	23	0.669817
0	495	123	0.669522
0	495	227	0.669422
0	495	126	0.669235
0	495	269	0.668927
0	495	306	0.668764
0	495	296	0.668316
0	495	161	0.668201
0	495	116	0.668171
0	495	25	0.668163
0	495	327	0.667952
0	495	207	0.667538
0	495	264	0.667356
0	495	95	0.667139
0	495	256	0.667
0	495	120	0.666605
0	495	256	0.666384
0	495	30	0.666174
0	495	211	0.666138
0	495	135	0.665974
0	495	167	0.665841
0	495	240	0.665722
0	495	78	0.66565
0	495	92	0.665572
0	495	322	0.665242
0	495	65	0.664995
0	495	61	0.664653
0	495	232	0.664596
0	495	180	0.664298
0	495	86	0.663785
0	495	109	0.663728
0	495	226	0.663681
0	495	144	0.663546
0	495	94	0.663484
0	495	148	0.663461
0	495	60	0.663411
0	495	104	0.663402
0	495	236	0.662973
1	495	0	0.662753
0	495	223	0.662728
0	495	249	0.662477
0	495	58	0.662437
0	495	1	0.662418
0	495	284	0.662104
0	495	127	0.661157
0	495	107	0.660985
0	495	218	0.660897
0	495	156	0.660813
0	495	300	0.660591
0	495	167	0.659906
0	495	57	0.659893
0	495	217	0.659446
0	495	305	0.659375
0	495	49	0.659042
0	495	270	0.658707
0	495	190	0.658599
0	495	39	0.658137
0	495	32	0.657804
0	495	120	0.657562
0	495	72	0.657431
0	495	194	0.657386
0	495	55	0.656915
0	495	299	0.656788
0	495	12	0.656737
0	495	203	0.65642
0	495	131	0.656111
0	495	207	0.655865
0	495	133	0.655836
0	495	291	0.65582
0	495	126	0.655747
0	495	196	0.655495
0	495	33	0.65528
0	495	162	0.65505
0	495	57	0.654784
0	495	145	0.654501
0	495	261	0.654336
0	495	76	0.654257
0	495	58	0.654245
0	495	306	0.654234
0	495	240	0.654052
0	495	213	0.653726
0	495	207	0.653626
0	495	69	0.653482
0	495	197	0.653242
0	495	58	0.653081
0	495	309	0.652915
0	495	196	0.652897
0	495	289	0.652806
0	495	30	0.652797
0	495	36	0.652758
0	495	155	0.652567
0	495	235	0.652021
0	495	33	0.651402
0	495	140	0.651305
0	495	319	0.651249
0	495	119	0.650952
0	495	238	0.650597
0	495	72	0.650533
0	495	282	0.650389
0	495	290	0.650245
0	495	180	0.649928
0	495	118	0.649817
0	495	172	0.649667
0	495	268	0.649661
0	495	5	0.649308
0	495	130	0.649091
0	495	63	0.648993
0	495	120	0.648938
0	495	198	0.648918
0	495	232	0.648832
0	495	67	0.648594
0	495	298	0.648547
0	495	182	0.648528
0	495	312	0.648296
0	495	189	0.648286
0	495	247	0.648212
0	495	73	0.648166
0	495	120	0.647767
0	495	101	0.647592
0	495	203	0.647348
0	495	14	0.647278
0	495	67	0.647223
0	495	192	0.647107
0	495	165	0.646937
0	495	96	0.646905
0	495	237	0.646579
0	495	278	0.646296
0	495	202	0.64624
0	495	36	0.646176
0	495	280	0.64616
0	495	160	0.645895
0	495	55	0.64571
0	495	318	0.64557
0	495	316	0.645429
0	495	16	0.645173
0	495	189	0.645103
0	495	133	0.644979
0	495	153	0.644905
0	495	311	0.644828
0	495	188	0.64464
1	495	0	0.644369
0	495	288	0.644366
0	495	284	0.643964
0	495	53	0.643829
0	495	20	0.643535
0	495	143	0.643465
0	495	165	0.643378
0	495	253	0.643368
0	495	80	0.643141
0	495	248	0.643096
0	495	218	0.643087
0	495	208	0.643048
0	495	25	0.642959
0	495	147	0.642641
0	495	210	0.642454
0	495	250	0.642369
0	495	102	0.642129
0	495	23	0.642047
0	495	267	0.642032
0	495	44	0.641762
0	495	44	0.641156
0	495	242	0.640802
0	495	266	0.640713
0	495	112	0.640434
0	495	44	0.640372
0	495	90	0.640369
0	495	15	0.64031
0	495	296	0.640141
0	495	15	0.640132
0	495	127	0.639943
0	495	243	0.639735
0	495	212	0.638481
0	495	86	0.638381
0	495	194	0.638276
0	495	295	0.638001
0	495	137	0.637806
0	495	17	0.637783
0	495	156	0.637494
0	495	235	0.637374
0	495	95	0.637129
0	495	59	0.636962
0	495	47	0.636891
0	495	86	0.636574
0	495	233	0.63627
0	495	154	0.636257
0	495	129	0.635978
0	495	128	0.635687
0	495	238	0.635501
0	495	146	0.635036
0	495	27	0.634281
0	495	210	0.634161
0	495	208	0.634066
0	495	148	0.633987
0	495	214	0.633587
0	495	292	0.633246
0	495	218	0.632995
0	495	129	0.632873
0	495	168	0.631693
0	495	254	0.631385
0	495	81	0.631276
0	495	95	0.630966
0	495	136	0.630815
0	495	211	0.630732
0	495	28	0.630424
0	495	48	0.6303
0	495	257	0.63026
0	495	124	0.630216
0	495	20	0.630026
0	495	223	0.629942
0	495	301	0.629687
0	495	174	0.629393
0	495	66	0.628854
0	495	180	0.628698
0	495	219	0.628646
0	495	213	0.62854
0	495	260	0.628197
0	495	103	0.627908
0	495	243	0.627856
0	495	111	0.627347
0	495	174	0.627085
0	495	90	0.626963
0	495	197	0.626728
0	495	54	0.626626
0	495	75	0.626183
0	495	27	0.625521
0	495	177	0.62548
0	495	37	0.62536
0	495	295	0.625186
0	495	117	0.625017
0	495	2	0.624987
0	495	105	0.624889
0	495	140	0.624767
0	495	232	0.624664
0	495	123	0.624176
0	495	179	0.623786
0	495	150	0.623762
0	495	266	0.623762
0	495	251	0.623718
0	495	54	0.623306
0	495	230	0.623152
0	495	36	0.622824
0	495	251	0.622683
0	495	83	0.62259
0	495	198	0.622507
0	495	190	0.622482
0	495	170	0.62245
0	495	200	0.622288
0	495	50	0.621721
0	495	147	0.621514
0	495	297	0.621426
0	495	84	0.621199
0	495	109	0.621159
0	495	123	0.621137
0	495	208	0.620939
0	495	150	0.620703
0	495	277	0.62053
0	495	141	0.620449
0	495	137	0.620412
0	495	223	0.620375
0	495	92	0.620338
0	495	243	0.619955
0	495	240	0.619745
0	495	272	0.61941
0	495	201	0.619305
0	495	273	0.619274
0	495	203	0.618286
0	495	302	0.618203
0	495	111	0.617981
0	495	228	0.617856
0	495	216	0.617824
0	495	51	0.617813
0	495	272	0.617774
0	495	21	0.617756
0	495	169	0.61766
0	495	7	0.617403
0	495	203	0.617337
0	495	214	0.616987
0	495	105	0.616966
0	495	171	0.616619
0	495	26	0.61644
0	495	174	0.616349
0	495	305	0.616286
0	495	145	0.61628
0	495	219	0.616222
0	495	132	0.615667
0	495	278	0.615587
0	495	211	0.615421
0	495	101	0.615221
0	495	55	0.614998
0	495	194	0.614926
0	495	217	0.61463
0	495	257	0.614476
0	495	163	0.614452
0	495	225	0.61415
0	495	246	0.613689
0	495	221	0.613688
0	495	188	0.613419
0	495	138	0.613382
0	495	47	0.613247
0	495	226	0.613031
0	495	203	0.612253
0	495	183	0.612037
0	495	167	0.611928
0	495	49	0.611918
0	495	29	0.611117
0	495	84	0.611103
0	495	39	0.61091
0	495	67	0.610816
0	495	287	0.610572
0	495	181	0.610484
0	495	107	0.610022
0	495	231	0.609916
0	495	17	0.60966
0	495	154	0.609464
0	495	236	0.609159
0	495	156	0.609136
0	495	228	0.608639
0	495	45	0.608424
0	495	12	0.608333
0	495	110	0.608091
0	495	1	0.607596
0	495	95	0.6075
0	495	235	0.60739
0	495	281	0.60733
0	495	292	0.607221
0	495	294	0.607129
0	495	279	0.606411
0	495	232	0.60592
0	495	267	0.60587
0	495	100	0.605867
0	495	296	0.605661
0	495	213	0.605594
0	495	42	0.60534
0	495	151	0.605062
0	495	247	0.60468
0	495	209	0.604452
0	495	66	0.604316
0	495	12	0.604305
0	495	112	0.604157
0	495	279	0.604079
0	495	20	0.603835
0	495	215	0.603484
0	495	283	0.603396
0	495	122	0.60279
0	495	282	0.602786
0	495	62	0.602741
0	495	30	0.602692
0	495	191	0.602491
0	495	117	0.601931
0	495	81	0.60178
0	495	32	0.601768
0	495	267	0.601511
0	495	42	0.6015
0	495	63	0.60126
0	495	48	0.601155
0	495	153	0.600974
0	495	238	0.600928
0	495	126	0.60066
0	495	204	0.60057
0	495	104	0.600561
0	495	81	0.599876
0	495	234	0.599765
0	495	97	0.598887
0	495	26	0.598812
0	495	33	0.59855
0	495	149	0.598508
0	495	162	0.598444
0	495	122	0.598241
0	495	42	0.598238
0	495	284	0.59817
0	495	195	0.598148
0	495	185	0.59788
0	495	207	0.597599
0	495	119	0.597463
0	495	171	0.596993
0	495	1	0.596629
0	495	86	0.596458
0	495	48	0.596005
0	495	211	0.595856
0	495	132	0.59579
0	495	108	0.595674
0	495	274	0.595546
0	495	227	0.595512
0	495	223	0.595505
0	495	240	0.595145
0	495	288	0.595071
0	495	175	0.595046
0	495	87	0.594805
0	495	259	0.594416
0	495	36	0.594339
0	495	147	0.594313
0	495	67	0.594199
0	495	148	0.594036
0	495	54	0.594014
0	495	1	0.59383
0	495	69	0.593234
0	495	6	0.592864
0	495	206	0.592488
0	495	114	0.592452
0	495	26	0.592448
0	495	170	0.592436
0	495	56	0.592394
0	495	151	0.592355
0	495	20	0.591974
0	495	26	0.591779
0	495	144	0.591474
0	495	165	0.59102
0	495	11	0.591004
0	495	45	0.590875
0	495	140	0.590858
0	495	162	0.590658
0	495	62	0.590552
0	495	163	0.590478
0	495	84	0.590299
0	495	288	0.589904
0	495	131	0.589873
0	495	25	0.589747
0	495	172	0.589563
0	495	191	0.589342
0	495	32	0.589194
0	495	291	0.589048
0	495	70	0.588688
0	495	132	0.588617
0	495	7	0.588561
0	495	232	0.588534
0	495	141	0.588413
0	495	124	0.588241
0	495	78	0.588076
0	495	230	0.588069
0	495	98	0.587398
0	495	12	0.587245
0	495	250	0.586657
0	495	116	0.586545
0	495	222	0.586505
0	495	149	0.586022
0	495	110	0.586016
0	495	267	0.585874
0	495	281	0.58573
0	495	114	0.585717
0	495	138	0.585715
0	495	55	0.585555
0	495	189	0.585544
0	495	268	0.58543
0	495	288	0.585109
0	495	197	0.584996
0	495	198	0.584947
0	495	6	0.584901
0	495	282	0.584747
0	495	3	0.584446
0	495	47	0.584264
0	495	49	0.583939
0	495	150	0.583857
0	495	41	0.583813
0	495	179	0.583737
0	495	140	0.583328
0	495	209	0.582179
0	495	264	0.581639
0	495	138	0.581356
0	495	181	0.580999
0	495	139	0.580956
0	495	118	0.580895
0	495	121	0.580257
0	495	3	0.580049
0	495	265	0.579864
0	495	211	0.579742
0	495	42	0.579254
0	495	160	0.579026
0	495	85	0.578994
0	495	259	0.578918
0	495	28	0.577654
0	495	278	0.577129
0	495	260	0.576796
0	495	154	0.576746
0	495	42	0.576714
0	495	266	0.576542
0	495	184	0.576423
0	495	94	0.576204
0	495	237	0.575732
0	495	16	0.575215
0	495	125	0.574678
0	495	247	0.574042
0	495	169	0.573863
0	495	60	0.573843
0	495	8	0.573838
0	495	79	0.573719
0	495	279	0.573661
0	495	145	0.573449
0	495	147	0.573214
0	495	256	0.572917
0	495	215	0.572837
0	495	165	0.572742
0	495	160	0.572529
0	495	103	0.572457
0	495	160	0.572001
0	495	14	0.571977
0	495	139	0.571959
0	495	36	0.571844
0	495	56	0.571537
0	495	140	0.571277
0	495	138	0.570885
0	495	210	0.570884
0	495	157	0.570825
0	495	164	0.570705
0	495	67	0.570627
0	495	88	0.570576
0	495	164	0.570575
0	495	281	0.570321
0	495	271	0.570138
0	495	107	0.570077
0	495	3	0.570023
0	495	197	0.569965
0	495	186	0.569876
0	495	31	0.569786
0	495	159	0.569658
0	495	261	0.569496
0	495	28	0.569397
0	495	278	0.569159
0	495	279	0.569062
0	495	52	0.56828
0	495	152	0.568045
0	495	226	0.568
0	495	260	0.567808
0	495	51	0.567583
0	495	168	0.567555
0	495	200	0.567161
0	495	176	0.566987
0	495	95	0.566839
0	495	197	0.566531
0	495	147	0.56622
0	495	261	0.565789
0	495	108	0.565765
0	495	237	0.565426
0	495	69	0.565397
0	495	263	0.56483
0	495	263	0.564681
0	495	170	0.564621
0	495	117	0.563635
0	495	208	0.563597
0	495	212	0.563448
0	495	246	0.563442
0	495	266	0.563338
0	495	146	0.562937
0	495	188	0.562837
0	495	151	0.562778
0	495	150	0.562481
0	495	211	0.562367
0	495	188	0.562264
0	495	191	0.562175
0	495	148	0.562135
0	495	145	0.561637
0	495	204	0.561065
0	495	169	0.560876
0	495	64	0.560727
0	495	20	0.560463
0	495	59	0.56035
0	495	34	0.56021
0	495	232	0.559942
0	495	214	0.559819
0	495	177	0.559606
0	495	21	0.559482
0	495	188	0.559358
0	495	146	0.55925
0	495	82	0.55918
0	495	231	0.559146
0	495	175	0.55908
0	495	107	0.559053
1	495	0	0.558374
0	495	276	0.558006
0	495	252	0.558003
0	495	7	0.557856
0	495	1	0.557666
0	495	246	0.557647
0	495	168	0.55743
0	495	130	0.556962
0	495	240	0.556427
0	495	61	0.556367
0	495	22	0.556319
0	495	10	0.556282
0	495	36	0.556117
0	495	17	0.555777
0	495	194	0.555697
0	495	92	0.555635
0	495	128	0.555435
0	495	168	0.554731
0	495	171	0.554677
0	495	53	0.554657
0	495	243	0.554234
0	495	155	0.553466
0	495	77	0.553421
0	495	52	0.553363
0	495	5	0.553086
0	495	104	0.552996
0	495	53	0.55278
0	495	200	0.552638
0	495	155	0.55263
0	495	154	0.552586
0	495	171	0.551538
0	495	45	0.551226
0	495	75	0.551089
0	495	176	0.550943
0	495	109	0.55094
0	495	36	0.550744
0	495	238	0.550636
0	495	57	0.550608
0	495	68	0.550566
0	495	42	0.55036
1	495	0	0.550354
0	495	140	0.550122
0	495	30	0.550017
0	495	200	0.549311
0	495	31	0.549158
0	495	134	0.547958
0	495	48	0.547748
0	495	68	0.547538
0	495	65	0.546796
0	495	75	0.546789
0	495	252	0.54677
0	495	108	0.54676
0	495	211	0.546153
0	495	198	0.54598
0	495	64	0.545801
0	495	143	0.545653
0	495	102	0.545536
0	495	43	0.545366
1	495	0	0.544958
0	495	205	0.544909
0	495	28	0.544571
0	495	82	0.544495
0	495	53	0.54434
0	495	55	0.544258
0	495	88	0.544239
0	495	52	0.544236
0	495	30	0.544217
0	495	89	0.543793
0	495	4	0.543719
0	495	15	0.543671
0	495	10	0.543446
0	495	83	0.543236
0	495	170	0.542964
0	495	180	0.542638
0	495	18	0.542609
0	495	106	0.542549
0	495	68	0.542452
0	495	236	0.542446
0	495	42	0.542129
0	495	179	0.542018
0	495	205	0.54197
0	495	39	0.541906
0	495	133	0.54188
0	495	224	0.541833
0	495	263	0.541579
0	495	191	0.541547
0	495	32	0.541434
0	495	64	0.541331
0	495	82	0.541274
0	495	14	0.540975
0	495	205	0.540863
0	495	252	0.540853
0	495	243	0.540682
0	495	195	0.540456
0	495	199	0.540449
0	495	146	0.540356
0	495	17	0.540235
0	495	260	0.54023
0	495	175	0.54015
0	495	194	0.539737
0	495	131	0.539499
0	495	188	0.539293
0	495	203	0.539178
0	495	151	0.539139
0	495	213	0.53887
0	495	265	0.538837
0	495	76	0.538569
0	495	20	0.538557
0	495	255	0.538007
0	495	199	0.537887
0	495	113	0.537881
0	495	140	0.537718
0	495	129	0.53699
0	495	253	0.536855
0	495	265	0.536803
0	495	189	0.536666
0	495	173	0.536587
0	495	225	0.536278
0	495	214	0.536207
0	495	141	0.53612
0	495	3	0.536118
0	495	21	0.536013
0	495	151	0.535963
1	495	0	0.535804
0	495	243	0.535543
0	495	166	0.53481
0	495	185	0.534806
0	495	43	0.534548
0	495	202	0.53448
0	495	213	0.533498
0	495	255	0.533261
0	495	158	0.533158
0	495	139	0.533066
0	495	255	0.532708
0	495	237	0.532669
0	495	57	0.532117
0	495	145	0.531888
0	495	63	0.531723
0	495	122	0.53121
0	495	38	0.531082
0	495	85	0.53061
0	495	166	0.530232
0	495	88	0.530022
0	495	165	0.529561
0	495	252	0.529231
0	495	2	0.529193
0	495	258	0.529115
0	495	121	0.528878
0	495	82	0.528867
0	495	190	0.528404
0	495	88	0.528175
0	495	240	0.528064
0	495	122	0.527991
0	495	151	0.527817
0	495	171	0.526433
0	495	85	0.525798
0	495	251	0.525598
0	495	144	0.525272
0	495	15	0.525065
0	495	87	0.524302
0	495	12	0.524273
0	495	207	0.52416
0	495	32	0.523698
0	495	131	0.52361
0	495	249	0.523544
0	495	213	0.523205
0	495	193	0.522777
0	495	71	0.522682
0	495	24	0.522676
0	495	237	0.522662
0	495	26	0.522139
0	495	199	0.52208
0	495	214	0.521778
0	495	20	0.521751
0	495	159	0.52175
0	495	107	0.521718
0	495	201	0.521621
0	495	94	0.521264
0	495	156	0.521152
0	495	252	0.520763
0	495	29	0.520599
0	495	25	0.520518
0	495	44	0.52047
0	495	21	0.520277
0	495	257	0.520264
0	495	128	0.520164
0	495	65	0.520139
0	495	213	0.520114
0	495	200	0.519808
0	495	54	0.519702
0	495	146	0.519632
0	495	102	0.519533
0	495	206	0.519514
0	495	145	0.519403
0	495	50	0.519142
0	495	103	0.519138
0	495	120	0.518443
0	495	225	0.518411
0	495	213	0.518204
0	495	62	0.518177
0	495	33	0.518005
0	495	76	0.517958
0	495	207	0.517615
0	495	162	0.517543
0	495	212	0.517441
0	495	137	0.517304
0	495	122	0.517203
0	495	226	0.51662
0	495	223	0.516502
0	495	37	0.516328
0	495	38	0.516159
0	495	225	0.515681
0	495	237	0.514517
0	495	131	0.51418
0	495	160	0.513849
0	495	232	0.513795
0	495	59	0.5137
0	495	190	0.513698
0	495	110	0.513687
0	495	121	0.513655
0	495	94	0.513341
0	495	73	0.51266
0	495	58	0.512508
0	495	228	0.51248
0	495	8	0.512349
0	495	154	0.511901
0	495	150	0.510829
0	495	216	0.510749
0	495	102	0.510598
0	495	109	0.510523
0	495	106	0.510489
0	495	62	0.510374
0	495	171	0.509885
0	495	183	0.509857
0	495	100	0.509797
0	495	39	0.509673
0	495	117	0.509107
0	495	64	0.508951
0	495	67	0.508926
0	495	208	0.508892
0	495	225	0.508858
0	495	178	0.508742
0	495	33	0.508621
0	495	158	0.508217
0	495	195	0.508083
0	495	108	0.507903
0	495	105	0.507681
0	495	140	0.507387
0	495	6	0.507208
0	495	131	0.507119
0	495	141	0.50689
0	495	82	0.506767
0	495	173	0.506755
0	495	15	0.506535
0	495	191	0.506475
0	495	20	0.506439
0	495	218	0.506181
0	495	181	0.506015
0	495	36	0.505954
0	495	10	0.505831
0	495	178	0.505668
0	495	12	0.505133
0	495	99	0.505098
0	495	115	0.504626
0	495	224	0.504607
0	495	219	0.504374
0	495	235	0.504268
0	495	152	0.504252
0	495	147	0.504126
0	495	5	0.50411
0	495	43	0.50395
0	495	222	0.503895
0	495	23	0.503516
0	495	139	0.503412
0	495	73	0.503345
0	495	117	0.503326
0	495	213	0.503001
0	495	97	0.502157
0	495	236	0.50183
0	495	244	0.501743
0	495	78	0.501727
0	495	5	0.50114
0	495	185	0.501057
0	495	47	0.500719
0	495	232	0.50065
0	495	69	0.500527
0	495	25	0.500313
0	495	132	0.499606
0	495	13	0.499112
0	495	226	0.499035
0	495	47	0.49864
0	495	184	0.498446
0	495	195	0.498336
0	495	202	0.498325
0	495	127	0.498307
0	495	180	0.498266
0	495	47	0.498252
0	495	135	0.498082
0	495	117	0.497376
0	495	138	0.49737
0	495	223	0.49689
0	495	134	0.496824
0	495	4	0.496799
0	495	206	0.496776
0	495	43	0.496484
0	495	193	0.496484
0	495	124	0.496259
0	495	221	0.496246
0	495	79	0.496155
0	495	126	0.495838
0	495	13	0.495789
0	495	12	0.495477
0	495	99	0.495276
0	495	228	0.495129
0	495	36	0.49503
0	495	81	0.494938
0	495	33	0.494696
0	495	84	0.494685
0	495	140	0.494574
0	495	206	0.49445
0	495	90	0.494399
0	495	60	0.494146
0	495	189	0.493966
0	495	176	0.493447
0	495	168	0.493292
0	495	33	0.493065
0	495	66	0.49253
0	495	2	0.492354
0	495	81	0.492237
0	495	224	0.49223
0	495	232	0.491508
0	495	164	0.49138
0	495	29	0.491228
0	495	88	0.491028
0	495	153	0.490793
0	495	149	0.490513
0	495	239	0.490428
0	495	5	0.490258
0	495	170	0.490118
0	495	49	0.490092
0	495	174	0.490072
0	495	186	0.490055
0	495	220	0.489932
0	495	211	0.489872
0	495	126	0.48974
0	495	26	0.489639
0	495	2	0.489369
0	495	205	0.489358
0	495	242	0.48911
0	495	99	0.489008
0	495	230	0.488866
0	495	164	0.488828
0	495	13	0.488762
0	495	149	0.488452
0	495	123	0.488176
0	495	33	0.488144
0	495	219	0.487884
0	495	224	0.487818
0	495	8	0.487508
0	495	88	0.4875
0	495	135	0.48748
0	495	150	0.487459
0	495	168	0.487251
0	495	72	0.487179
0	495	104	0.487141
0	495	203	0.486984
0	495	178	0.486254
0	495	136	0.485984
0	495	89	0.485887
0	495	145	0.485843
0	495	178	0.485698
0	495	177	0.485679
0	495	125	0.485582
0	495	166	0.485097
0	495	120	0.485014
0	495	181	0.484941
0	495	43	0.484862
0	495	147	0.484841
0	495	236	0.484768
0	495	99	0.484552
0	495	195	0.484339
0	495	82	0.484088
0	495	10	0.484033
0	495	160	0.48397
0	495	82	0.483346
0	495	109	0.483265
0	495	25	0.482858
0	495	130	0.482418
0	495	29	0.482382
0	495	116	0.482169
0	495	136	0.48205
0	495	41	0.481843
0	495	116	0.481826
0	495	158	0.481683
0	495	85	0.48107
0	495	150	0.480962
0	495	165	0.480906
0	495	23	0.480783
0	495	32	0.480755
0	495	114	0.480717
0	495	154	0.480693
0	495	232	0.480288
0	495	232	0.480189
0	495	40	0.480067
0	495	186	0.479756
0	495	229	0.479382
0	495	2	0.47917
0	495	107	0.478926
0	495	203	0.47877
0	495	110	0.477991
0	495	25	0.477908
0	495	225	0.477716
0	495	213	0.477615
0	495	222	0.477569
0	495	53	0.477312
0	495	51	0.47701
0	495	106	0.476913
0	495	29	0.47686
0	495	232	0.476241
0	495	156	0.47603
0	495	6	0.476009
0	495	74	0.475787
0	495	194	0.475699
0	495	117	0.47562
0	495	6	0.47534
0	495	16	0.47532
0	495	51	0.475248
0	495	134	0.475212
0	495	75	0.475052
0	495	64	0.474511
0	495	80	0.474505
0	495	218	0.474256
0	495	92	0.474223
0	495	162	0.474171
0	495	213	0.474158
0	495	108	0.474146
0	495	145	0.473922
0	495	61	0.47367
0	495	154	0.473593
0	495	119	0.4732
0	495	174	0.473187
0	495	9	0.473093
0	495	128	0.472832
0	495	202	0.472805
0	495	169	0.472645
0	495	66	0.472432
0	495	232	0.472145
0	495	135	0.471966
0	495	154	0.471955
0	495	102	0.471616
0	495	231	0.471608
0	495	168	0.471493
0	495	160	0.471362
0	495	116	0.471328
0	495	230	0.471235
0	495	25	0.471128
0	495	16	0.470635
0	495	185	0.470512
0	495	186	0.47045
0	495	146	0.470279
0	495	25	0.470156
0	495	178	0.470053
0	495	18	0.469379
0	495	163	0.469285
0	495	197	0.469127
0	495	19	0.468269
0	495	105	0.468137
0	495	102	0.467662
0	495	182	0.467577
0	495	1	0.467575
0	495	210	0.467519
0	495	109	0.467306
0	495	147	0.467047
0	495	185	0.466781
0	495	42	0.466642
0	495	85	0.466269
0	495	22	0.466223
0	495	194	0.4662
0	495	59	0.465927
0	495	80	0.46575
0	495	110	0.465436
0	495	155	0.465254
0	495	223	0.465102
0	495	184	0.464685
0	495	76	0.464662
0	495	112	0.464483
0	495	229	0.464293
0	495	129	0.464242
0	495	115	0.464223
0	495	202	0.463661
0	495	94	0.463374
0	495	171	0.463282
0	495	8	0.463094
0	495	43	0.462994
0	495	152	0.462849
0	495	66	0.462508
0	495	69	0.46243
0	495	169	0.462427
0	495	211	0.462075
0	495	151	0.461827
0	495	32	0.461761
0	495	106	0.461524
0	495	123	0.461476
0	495	136	0.461296
0	495	71	0.461288
0	495	118	0.4611
0	495	144	0.461075
0	495	206	0.460895
0	495	200	0.460611
0	495	145	0.460328
0	495	155	0.460072
0	495	153	0.459993
0	495	183	0.459974
0	495	82	0.459899
0	495	24	0.459852
0	495	183	0.459692
0	495	91	0.459336
0	495	90	0.458913
0	495	168	0.458835
0	495	205	0.458788
0	495	75	0.458475
0	495	91	0.458418
0	495	126	0.458121
0	495	134	0.457919
0	495	146	0.457336
0	495	190	0.456779
0	495	92	0.456444
0	495	128	0.456427
0	495	224	0.456301
0	495	132	0.455792
0	495	189	0.455553
0	495	211	0.455465
0	495	108	0.454691
0	495	12	0.454632
0	495	201	0.454497
0	495	133	0.454129
0	495	95	0.45388
0	495	127	0.453648
0	495	166	0.453562
0	495	157	0.453322
0	495	180	0.453313
0	495	34	0.452417
0	495	41	0.452414
0	495	109	0.45192
0	495	182	0.451773
0	495	92	0.451661
0	495	28	0.451341
0	495	97	0.451251
0	495	62	0.451104
0	495	115	0.450674
0	495	115	0.450347
0	495	106	0.450269
0	495	117	0.450265
0	495	166	0.449664
0	495	152	0.449134
0	495	201	0.449041
0	495	51	0.448989
0	495	47	0.448914
0	495	140	0.448542
0	495	143	0.448537
0	495	3	0.447152
0	495	90	0.447043
0	495	112	0.446786
0	495	201	0.44667
0	495	197	0.446668
0	495	202	0.446032
0	495	96	0.445855
0	495	99	0.445849
0	495	40	0.445715
0	495	80	0.445476
0	495	196	0.445371
0	495	175	0.445207
0	495	217	0.445056
0	495	200	0.445016
0	495	127	0.444666
0	495	95	0.444541
0	495	178	0.444375
0	495	138	0.444283
0	495	93	0.444252
0	495	93	0.444132
0	495	149	0.443601
0	495	146	0.443572
0	495	29	0.443361
0	495	47	0.443333
0	495	184	0.443214
0	495	34	0.443041
0	495	143	0.442987
0	495	138	0.442869
0	495	106	0.442731
0	495	16	0.442638
0	495	192	0.44261
0	495	46	0.442296
0	495	37	0.442286
0	495	182	0.442185
0	495	135	0.442029
0	495	18	0.441952
0	495	115	0.441831
0	495	210	0.441772
0	495	202	0.44161
0	495	6	0.44158
0	495	22	0.441547
0	495	67	0.44129
0	495	207	0.441073
0	495	9	0.440817
0	495	145	0.440615
0	495	82	0.440475
0	495	132	0.440278
0	495	8	0.440233
0	495	105	0.440039
0	495	133	0.439946
0	495	180	0.439173
0	495	22	0.439124
0	495	52	0.439052
0	495	45	0.438942
0	495	178	0.438906
0	495	127	0.438739
0	495	19	0.438566
0	495	41	0.438275
0	495	21	0.438237
0	495	72	0.438166
0	495	37	0.438164
0	495	134	0.437982
0	495	66	0.437833
0	495	54	0.437651
0	495	94	0.437487
0	495	94	0.437352
0	495	191	0.437332
0	495	134	0.437209
0	495	133	0.436939
0	495	202	0.436906
0	495	184	0.436854
0	495	160	0.43655
0	495	155	0.436496
0	495	208	0.435093
0	495	19	0.435003
0	495	31	0.434718
0	495	103	0.434618
0	495	129	0.434514
0	495	124	0.43433
0	495	12	0.433957
0	495	48	0.433818
0	495	108	0.43372
0	495	39	0.433625
0	495	93	0.433513
0	495	53	0.43304
0	495	19	0.432896
0	495	201	0.432866
0	495	146	0.432783
0	495	97	0.432132
0	495	113	0.431891
0	495	13	0.431661
0	495	17	0.431483
0	495	162	0.431306
0	495	36	0.431062
0	495	112	0.430605
0	495	116	0.430544
1	495	0	0.430024
0	495	121	0.429855
0	495	174	0.429603
0	495	208	0.42953
0	495	56	0.429485
0	495	204	0.429325
0	495	60	0.429019
0	495	37	0.428623
0	495	12	0.42785
0	495	113	0.427474
0	495	61	0.427443
0	495	76	0.427037
0	495	148	0.426678
0	495	131	0.426446
0	495	38	0.426286
0	495	119	0.426166
0	495	81	0.426079
0	495	6	0.425884
0	495	109	0.425791
0	495	23	0.425565
0	495	100	0.425219
0	495	88	0.424932
0	495	104	0.424687
0	495	132	0.424662
0	495	81	0.424406
0	495	115	0.424293
0	495	101	0.424285
0	495	28	0.423871
0	495	28	0.423734
0	495	30	0.423692
0	495	205	0.423685
0	495	16	0.423219
0	495	90	0.423202
0	495	62	0.422483
0	495	187	0.422351
0	495	134	0.42235
0	495	167	0.422264
0	495	201	0.422052
0	495	55	0.422023
0	495	14	0.422013
0	495	208	0.422
0	495	38	0.421983
0	495	105	0.421767
0	495	107	0.421292
0	495	164	0.421081
0	495	52	0.420885
0	495	117	0.420599
0	495	129	0.419741
0	495	204	0.419664
0	495	83	0.419548
0	495	75	0.419104
0	495	56	0.419015
0	495	182	0.418944
0	495	23	0.418706
0	495	15	0.418468
0	495	91	0.418448
0	495	139	0.41837
0	495	69	0.418059
0	495	45	0.418026
0	495	17	0.418007
0	495	83	0.417951
0	495	120	0.417914
0	495	94	0.417344
0	495	37	0.417292
0	495	3	0.416531
0	495	175	0.416109
0	495	188	0.416075
0	495	137	0.415878
0	495	108	0.414854
0	495	169	0.414648
0	495	99	0.414409
0	495	152	0.413839
0	495	25	0.413822
0	495	73	0.413071
0	495	157	0.412815
0	495	27	0.412581
0	495	39	0.412553
0	495	62	0.412366
0	495	87	0.412111
0	495	118	0.412041
0	495	90	0.411888
0	495	134	0.411318
0	495	44	0.411219
0	495	31	0.411021
0	495	72	0.410492
0	495	203	0.410335
0	495	22	0.410335
0	495	36	0.410115
0	495	167	0.410024
0	495	41	0.409845
0	495	68	0.40967
0	495	76	0.408918
0	495	46	0.408904
0	495	8	0.408799
0	495	58	0.408743
0	495	57	0.408247
0	495	76	0.407976
0	495	28	0.407952
0	495	101	0.407547
0	495	60	0.407455
0	495	50	0.407425
0	495	82	0.406692
0	495	1	0.40646
0	495	161	0.406424
0	495	143	0.406397
0	495	73	0.405737
0	495	175	0.405595
0	495	129	0.405518
0	495	82	0.405408
0	495	10	0.405095
0	495	141	0.405029
0	495	196	0.404896
0	495	48	0.404635
0	495	194	0.4045
0	495	119	0.404466
0	495	154	0.404159
0	495	71	0.404079
0	495	59	0.403711
0	495	147	0.403661
0	495	110	0.403341
0	495	148	0.403258
0	495	87	0.403128
0	495	68	0.403005
0	495	135	0.402629
0	495	166	0.402481
0	495	167	0.402429
0	495	126	0.402188
0	495	151	0.40179
0	495	48	0.401642
0	495	67	0.401322
0	495	40	0.400917
0	495	16	0.400715
0	495	181	0.400495
0	495	168	0.400282
0	495	98	0.400237
0	495	18	0.400178
0	495	122	0.400156
0	495	184	0.400138
0	495	184	0.39973
0	495	78	0.399627
0	495	101	0.399499
0	495	107	0.399181
0	495	151	0.399143
0	495	56	0.398962
0	495	132	0.398894
0	495	92	0.398841
0	495	102	0.398049
0	495	75	0.397656
0	495	19	0.397275
0	495	161	0.397249
0	495	175	0.397034
0	495	95	0.39694
0	495	85	0.396835
0	495	125	0.396758
0	495	187	0.396748
0	495	13	0.396631
0	495	192	0.396255
0	495	125	0.39625
0	495	166	0.396021
0	495	172	0.395298
0	495	46	0.395058
0	495	23	0.395056
0	495	7	0.394987
0	495	150	0.394688
0	495	143	0.394658
0	495	3	0.394554
0	495	194	0.3945
0	495	88	0.394052
0	495	149	0.393994
0	495	84	0.393843
0	495	168	0.393617
0	495	158	0.393108
0	495	69	0.393033
0	495	169	0.392863
0	495	54	0.392817
0	495	94	0.392664
0	495	16	0.392595
0	495	87	0.392593
0	495	191	0.392339
0	495	72	0.392338
0	495	52	0.392313
0	495	145	0.392176
0	495	5	0.392087
0	495	147	0.391968
0	495	190	0.391876
0	495	188	0.391822
0	495	79	0.391747
0	495	90	0.391403
0	495	27	0.391054
0	495	143	0.390937
0	495	175	0.390791
0	495	106	0.390698
0	495	39	0.390365
0	495	8	0.390358
0	495	75	0.390285
0	495	177	0.389873
0	495	155	0.389821
0	495	168	0.389211
0	495	61	0.389154
0	495	6	0.389038
0	495	6	0.388945
0	495	82	0.388556
0	495	172	0.388105
0	495	123	0.387877
0	495	122	0.387855
0	495	122	0.387484
0	495	15	0.387434
0	495	50	0.387212
0	495	73	0.387079
0	495	3	0.386862
0	495	95	0.386704
0	495	175	0.386318
0	495	27	0.38629
0	495	5	0.386222
0	495	66	0.386007
0	495	97	0.385739
0	495	190	0.38571
0	495	47	0.38556
0	495	46	0.385261
0	495	162	0.385128
0	495	77	0.384927
0	495	103	0.384807
0	495	20	0.384776
0	495	13	0.384712
0	495	62	0.384618
0	495	113	0.384217
0	495	108	0.384148
0	495	37	0.384096
0	495	97	0.383988
0	495	26	0.383837
0	495	78	0.383656
0	495	132	0.383548
0	495	142	0.383531
0	495	110	0.383223
0	495	160	0.383207
0	495	185	0.383201
0	495	188	0.382996
0	495	111	0.382809
0	495	160	0.38274
0	495	32	0.382614
0	495	106	0.382419
0	495	165	0.382379
0	495	167	0.382323
0	495	75	0.382172
0	495	79	0.381941
0	495	139	0.381695
0	495	130	0.381516
0	495	47	0.381166
0	495	90	0.380992
0	495	28	0.380939
0	495	179	0.380811
0	495	143	0.380704
0	495	25	0.380681
0	495	64	0.380494
0	495	72	0.380186
0	495	133	0.37973
0	495	23	0.379511
0	495	168	0.379236
0	495	13	0.378931
0	495	19	0.378273
0	495	128	0.37797
0	495	136	0.377781
0	495	8	0.377354
0	495	152	0.377218
0	495	66	0.376937
0	495	104	0.376683
0	495	123	0.376636
0	495	43	0.376517
0	495	101	0.376119
0	495	73	0.375953
0	495	155	0.375929
0	495	32	0.375552
0	495	38	0.375117
0	495	21	0.375006
0	495	101	0.374787
0	495	66	0.374721
0	495	159	0.374447
0	495	15	0.374431
0	495	158	0.374279
0	495	29	0.374252
0	495	97	0.374157
0	495	147	0.374029
0	495	4	0.37382
0	495	90	0.373751
0	495	119	0.373292
0	495	69	0.373208
0	495	180	0.373183
0	495	46	0.372924
0	495	47	0.372875
0	495	19	0.372662
0	495	179	0.37252
0	495	89	0.372422
0	495	152	0.372252
0	495	81	0.372126
0	495	150	0.37156
0	495	105	0.371022
0	495	139	0.370836
0	495	110	0.370728
0	495	89	0.370389
0	495	107	0.37005
0	495	58	0.369846
0	495	70	0.369196
0	495	105	0.36913
0	495	56	0.369128
0	495	19	0.369088
0	495	170	0.368792
0	495	117	0.368686
0	495	78	0.36865
0	495	150	0.368582
0	495	7	0.368294
0	495	45	0.368096
0	495	121	0.368024
0	495	72	0.367908
0	495	104	0.367854
0	495	59	0.367405
0	495	40	0.367387
0	495	52	0.367224
0	495	75	0.367194
0	495	47	0.367164
0	495	92	0.367102
0	495	82	0.367014
0	495	168	0.3669
0	495	112	0.365895
0	495	99	0.365604
0	495	108	0.365523
0	495	20	0.365342
0	495	80	0.364892
0	495	51	0.364892
0	495	100	0.364652
0	495	180	0.36451
0	495	64	0.364451
0	495	60	0.364325
0	495	4	0.36421
0	495	7	0.363641
0	495	86	0.363549
0	495	84	0.363436
0	495	58	0.363372
0	495	10	0.363348
0	495	29	0.363216
0	495	3	0.36288
0	495	32	0.362717
0	495	1	0.362015
0	495	111	0.361646
0	495	161	0.36164
0	495	98	0.361311
0	495	59	0.361209
0	495	41	0.36101
0	495	115	0.361005
0	495	48	0.360698
0	495	13	0.360479
0	495	125	0.360451
0	495	36	0.360158
0	495	167	0.360037
0	495	157	0.359932
0	495	71	0.359867
0	495	42	0.35985
0	495	23	0.35983
0	495	1	0.359714
0	495	159	0.359555
0	495	17	0.358937
0	495	130	0.358825
0	495	70	0.358668
0	495	171	0.358634
0	495	127	0.358564
0	495	38	0.358334
0	495	26	0.358315
0	495	104	0.358315
0	495	160	0.35805
0	495	83	0.357864
0	495	9	0.357252
0	495	176	0.356808
0	495	45	0.356782
0	495	70	0.356754
0	495	158	0.35667
0	495	126	0.356319
0	495	55	0.356178
1	495	0	0.356022
0	495	144	0.355736
0	495	121	0.355469
0	495	15	0.355388
0	495	84	0.355296
0	495	127	0.355294
1	495	0	0.355075
0	495	19	0.355075
0	495	156	0.354972
0	495	84	0.354094
0	495	47	0.353995
0	495	151	0.353822
0	495	114	0.353528
0	495	128	0.353483
0	495	112	0.353424
0	495	86	0.353363
0	495	60	0.352623
0	495	22	0.352308
0	495	71	0.352258
0	495	45	0.351974
0	495	25	0.351562
0	495	53	0.351415
0	495	83	0.351149
0	495	40	0.351086
0	495	28	0.350941
0	495	25	0.35076
0	495	100	0.350751
0	495	33	0.350446
0	495	63	0.3502
0	495	151	0.348932
0	495	23	0.348578
0	495	21	0.348123
0	495	52	0.347848
0	495	160	0.347784
0	495	88	0.347632
0	495	78	0.347585
0	495	25	0.347389
0	495	16	0.347099
0	495	104	0.347054
0	495	110	0.346688
0	495	98	0.34654
0	495	119	0.346295
0	495	119	0.346251
0	495	147	0.346006
0	495	58	0.345977
0	495	68	0.345827
0	495	169	0.345568
0	495	23	0.345533
0	495	35	0.345515
0	495	39	0.345146
0	495	65	0.345144
0	495	99	0.345072
0	495	4	0.345031
0	495	109	0.344649
0	495	128	0.344496
0	495	84	0.343896
0	495	51	0.3435
0	495	133	0.343485
0	495	4	0.34341
0	495	70	0.343355
0	495	20	0.343338
0	495	129	0.343223
0	495	88	0.343024
0	495	121	0.342867
0	495	139	0.342831
0	495	106	0.342653
0	495	57	0.342315
0	495	93	0.34166
0	495	150	0.341061
0	495	106	0.340899
0	495	78	0.340879
0	495	139	0.34047
0	495	56	0.340209
0	495	92	0.339946
0	495	64	0.339779
0	495	102	0.339747
0	495	167	0.339719
0	495	94	0.339011
0	495	60	0.338894
0	495	17	0.33883
0	495	141	0.338823
0	495	57	0.338615
0	495	154	0.33822
0	495	14	0.337786
1	495	0	0.337595
0	495	80	0.337475
0	495	103	0.337467
0	495	103	0.337124
0	495	16	0.337033
0	495	29	0.336971
0	495	33	0.336886
0	495	142	0.336614
0	495	107	0.336415
0	495	24	0.33639
0	495	164	0.33589
0	495	77	0.335712
0	495	19	0.335694
0	495	6	0.335572
0	495	132	0.335509
0	495	93	0.33536
0	495	4	0.334898
0	495	95	0.334649
0	495	13	0.334481
0	495	52	0.334311
0	495	101	0.334022
0	495	135	0.333858
0	495	82	0.333797
0	495	87	0.33339
0	495	30	0.333159
0	495	158	0.332942
0	495	110	0.3326
0	495	48	0.332386
0	495	59	0.33182
0	495	69	0.331708
0	495	7	0.33101
0	495	115	0.330964
0	495	59	0.330852
0	495	135	0.330843
0	495	147	0.33079
0	495	4	0.330679
0	495	122	0.329842
0	495	64	0.329118
0	495	111	0.328824
0	495	109	0.328589
0	495	71	0.328492
0	495	21	0.328389
0	495	79	0.328361
0	495	21	0.328265
0	495	91	0.328036
0	495	34	0.328029
0	495	34	0.328018
0	495	95	0.327898
0	495	115	0.327482
0	495	147	0.327345
0	495	134	0.327246
0	495	95	0.326892
0	495	98	0.326804
0	495	82	0.326768
0	495	113	0.326687
0	495	123	0.326643
0	495	116	0.32589
0	495	50	0.325498
0	495	95	0.325438
0	495	82	0.325135
0	495	45	0.324829
0	495	127	0.324708
0	495	100	0.324575
0	495	22	0.324468
0	495	3	0.324444
0	495	152	0.323602
0	495	32	0.323483
0	495	146	0.323379
0	495	86	0.323223
0	495	125	0.322707
0	495	153	0.322326
0	495	61	0.322157
0	495	33	0.321931
0	495	56	0.321856
0	495	112	0.321568
0	495	11	0.321517
0	495	78	0.321084
0	495	121	0.320846
0	495	80	0.320565
0	495	86	0.320562
0	495	116	0.320466
0	495	108	0.320397
0	495	84	0.320194
0	495	7	0.319785
0	495	2	0.319727
0	495	129	0.319441
0	495	138	0.319252
0	495	113	0.319242
0	495	123	0.31909
0	495	30	0.319007
0	495	149	0.318957
0	495	36	0.318814
0	495	146	0.317497
0	495	79	0.317007
0	495	4	0.316909
0	495	57	0.316831
0	495	86	0.31666
0	495	31	0.316632
0	495	34	0.316316
0	495	1	0.316261
0	495	147	0.316233
0	495	114	0.316121
0	495	95	0.316022
0	495	38	0.315689
0	495	26	0.315489
0	495	102	0.315358
0	495	116	0.314745
0	495	34	0.314599
0	495	151	0.314146
0	495	121	0.313828
0	495	106	0.31344
0	495	102	0.313401
0	495	34	0.313114
0	495	22	0.31299
0	495	53	0.312794
0	495	77	0.312744
0	495	92	0.312573
0	495	59	0.312374
0	495	150	0.312067
0	495	96	0.311927
0	495	84	0.311843
0	495	133	0.311813
0	495	5	0.311545
0	495	33	0.311542
0	495	91	0.311245
0	495	143	0.310977
0	495	117	0.310602
0	495	38	0.310492
0	495	101	0.310281
0	495	126	0.310208
0	495	58	0.310193
0	495	92	0.309472
0	495	142	0.30915
0	495	27	0.30888
0	495	78	0.308673
0	495	122	0.308665
0	495	74	0.30848
0	495	55	0.308425
0	495	54	0.30842
0	495	41	0.308405
0	495	6	0.307945
0	495	48	0.307848
0	495	125	0.307747
0	495	125	0.307055
0	495	60	0.306986
0	495	39	0.306823
0	495	136	0.306632
0	495	34	0.306596
0	495	129	0.306418
0	495	58	0.306356
0	495	18	0.306175
0	495	138	0.306119
0	495	21	0.306091
0	495	87	0.305972
0	495	147	0.305971
0	495	22	0.305637
0	495	119	0.305398
0	495	26	0.304525
0	495	113	0.304472
0	495	103	0.304428
0	495	113	0.304313
0	495	40	0.30428
0	495	120	0.30425
0	495	63	0.304236
0	495	107	0.304165
0	495	143	0.303802
0	495	31	0.303559
0	495	135	0.303498
0	495	18	0.302745
0	495	38	0.30272
0	495	104	0.302629
0	495	84	0.302571
0	495	76	0.302326
0	495	40	0.30228
0	495	54	0.302117
0	495	94	0.301863
0	495	110	0.301711
0	495	35	0.301651
0	495	9	0.301269
0	495	46	0.300573
0	495	23	0.300281
0	495	46	0.299812
0	495	133	0.299592
0	495	10	0.299457
0	495	61	0.299311
0	495	148	0.299225
0	495	2	0.299077
0	495	46	0.299037
0	495	121	0.29872
0	495	68	0.298552
0	495	137	0.298399
0	495	31	0.297877
0	495	13	0.297876
0	495	69	0.29784
0	495	11	0.297757
0	495	100	0.297569
0	495	30	0.297412
0	495	11	0.297328
0	495	93	0.297286
0	495	56	0.297236
0	495	87	0.297032
0	495	140	0.296779
0	495	107	0.296441
0	495	137	0.296259
0	495	69	0.296194
0	495	78	0.295968
0	495	75	0.295816
0	495	14	0.295614
0	495	120	0.295583
0	495	122	0.295576
0	495	16	0.295505
0	495	61	0.295197
0	495	26	0.295047
0	495	83	0.294954
0	495	35	0.294631
0	495	46	0.294584
0	495	37	0.294564
0	495	131	0.294501
0	495	58	0.294319
0	495	78	0.294177
0	495	143	0.294127
0	495	45	0.294026
0	495	87	0.293775
0	495	91	0.29371
0	495	13	0.293645
0	495	56	0.293592
0	495	141	0.293431
0	495	23	0.292899
0	495	110	0.29288
0	495	49	0.292746
0	495	26	0.292511
0	495	113	0.292345
0	495	16	0.291801
0	495	8	0.291598
0	495	4	0.290983
0	495	78	0.290734
0	495	81	0.290569
0	495	25	0.290529
0	495	134	0.290421
0	495	24	0.290056
0	495	20	0.289978
0	495	127	0.289921
0	495	116	0.289908
0	495	117	0.28937
0	495	68	0.289041
0	495	13	0.288301
0	495	12	0.287907
0	495	141	0.287902
0	495	105	0.287701
0	495	103	0.287511
0	495	24	0.287366
0	495	2	0.287123
0	495	114	0.286981
0	495	96	0.286927
0	495	95	0.286649
0	495	4	0.286647
0	495	76	0.286544
0	495	81	0.286449
0	495	33	0.286429
0	495	49	0.286412
0	495	127	0.286091
0	495	10	0.28601
0	495	93	0.285735
0	495	74	0.28562
0	495	36	0.285614
0	495	52	0.285589
0	495	80	0.285565
0	495	109	0.285528
0	495	53	0.28517
0	495	23	0.28512
0	495	16	0.284625
0	495	124	0.28435
0	495	87	0.284246
0	495	64	0.283985
0	495	29	0.28377
0	495	93	0.283603
0	495	98	0.2833
0	495	99	0.283209
0	495	97	0.283059
0	495	70	0.282294
0	495	27	0.281956
0	495	91	0.281609
0	495	51	0.281414
0	495	11	0.281054
0	495	67	0.28097
0	495	41	0.280774
0	495	41	0.280621
0	495	109	0.280606
0	495	69	0.280503
0	495	41	0.280217
0	495	102	0.280165
0	495	65	0.279939
0	495	81	0.279886
0	495	82	0.279655
0	495	12	0.279113
0	495	97	0.279113
0	495	78	0.278947
0	495	63	0.278402
0	495	29	0.277835
0	495	27	0.277683
0	495	27	0.277582
0	495	131	0.277284
0	495	86	0.27705
0	495	94	0.27666
0	495	12	0.276645
0	495	55	0.276571
0	495	21	0.276
0	495	88	0.27593
0	495	3	0.275919
0	495	134	0.275776
0	495	101	0.275776
0	495	41	0.275636
0	495	84	0.275607
0	495	47	0.275606
0	495	117	0.275522
0	495	119	0.275517
0	495	52	0.275514
0	495	112	0.275403
0	495	103	0.275236
0	495	83	0.275136
0	495	41	0.274955
0	495	26	0.274676
0	495	9	0.273702
0	495	45	0.273226
0	495	63	0.273025
0	495	85	0.272969
0	495	100	0.272937
0	495	114	0.272875
0	495	104	0.272649
0	495	60	0.272588
0	495	103	0.272519
0	495	93	0.272469
0	495	96	0.272302
0	495	82	0.272244
0	495	107	0.272234
0	495	25	0.272091
0	495	94	0.271282
0	495	69	0.271131
0	495	68	0.270915
0	495	30	0.270768
0	495	29	0.270695
0	495	110	0.270433
0	495	78	0.270417
0	495	9	0.270353
0	495	6	0.27035
0	495	54	0.270335
0	495	75	0.270247
0	495	10	0.27001
0	495	105	0.269977
0	495	68	0.269596
0	495	85	0.26944
0	495	67	0.269341
0	495	8	0.269312
0	495	2	0.268902
0	495	105	0.268861
0	495	74	0.268144
0	495	64	0.267729
0	495	96	0.267521
0	495	131	0.267394
0	495	126	0.26731
0	495	47	0.266917
0	495	22	0.266842
0	495	39	0.266789
0	495	108	0.266359
0	495	5	0.266261
0	495	37	0.265951
0	495	125	0.265471
0	495	45	0.265385
0	495	73	0.265114
0	495	17	0.265018
0	495	63	0.264958
0	495	97	0.264781
0	495	98	0.26461
0	495	15	0.264272
0	495	126	0.26418
0	495	112	0.264022
0	495	30	0.263947
0	495	113	0.263898
0	495	90	0.263861
0	495	119	0.263533
0	495	93	0.263421
0	495	44	0.263011
0	495	102	0.262875
0	495	77	0.262505
0	495	104	0.262487
0	495	99	0.262158
0	495	115	0.261968
0	495	75	0.261905
0	495	81	0.261891
0	495	2	0.261485
0	495	85	0.261335
0	495	47	0.261157
0	495	94	0.261069
0	495	96	0.261029
0	495	1	0.260919
0	495	5	0.260817
0	495	128	0.260577
0	495	39	0.260451
0	495	71	0.260446
0	495	23	0.260433
0	495	86	0.260339
0	495	116	0.259725
0	495	21	0.258878
0	495	37	0.258582
0	495	102	0.258507
0	495	110	0.258493
0	495	92	0.258327
0	495	60	0.258266
0	495	123	0.258243
0	495	87	0.258168
0	495	1	0.258042
0	495	21	0.257927
0	495	83	0.257832
0	495	72	0.257785
0	495	35	0.257553
0	495	108	0.2575
0	495	115	0.257488
0	495	59	0.257272
0	495	112	0.25688
0	495	103	0.256783
0	495	57	0.256075
0	495	37	0.25602
0	495	9	0.255594
0	495	64	0.255556
0	495	43	0.254623
0	495	54	0.254452
0	495	62	0.254228
0	495	66	0.254193
0	495	51	0.253894
0	495	55	0.253872
0	495	124	0.253366
0	495	77	0.253033
0	495	101	0.252792
0	495	28	0.252762
0	495	12	0.252421
0	495	74	0.252281
0	495	65	0.251779
0	495	113	0.251697
0	495	36	0.251268
0	495	65	0.251172
0	495	38	0.251082
0	495	124	0.250742
0	495	77	0.2507
0	495	25	0.25047
0	495	96	0.250063
0	495	48	0.250013
0	495	43	0.250004
0	495	117	0.24982
0	495	121	0.249809
0	495	75	0.249673
0	495	40	0.249406
0	495	57	0.249267
0	495	79	0.249243
0	495	85	0.248713
0	495	14	0.248116
0	495	29	0.248107
0	495	25	0.248047
0	495	81	0.247808
0	495	81	0.247618
0	495	37	0.24731
0	495	39	0.247257
0	495	90	0.246724
0	495	101	0.246483
0	495	82	0.246457
0	495	18	0.246455
0	495	90	0.245771
0	495	28	0.245731
0	495	74	0.245169
0	495	55	0.244907
0	495	87	0.24488
0	495	55	0.244549
0	495	15	0.244441
0	495	97	0.244387
0	495	12	0.244116
0	495	84	0.243973
0	495	116	0.243967
0	495	75	0.243967
0	495	85	0.243646
0	495	39	0.243644
0	495	68	0.243235
0	495	89	0.243011
0	495	101	0.242695
0	495	51	0.242385
0	495	85	0.242351
0	495	65	0.241407
0	495	90	0.241351
0	495	38	0.241001
0	495	118	0.240251
0	495	49	0.240184
0	495	2	0.239147
0	495	7	0.238771
0	495	9	0.238605
0	495	118	0.2386
0	495	109	0.238412
0	495	31	0.238272
0	495	106	0.238135
0	495	102	0.238012
0	495	12	0.237927
0	495	44	0.237424
0	495	69	0.237253
0	495	38	0.237249
0	495	89	0.237162
0	495	108	0.236353
0	495	11	0.236213
0	495	19	0.235991
0	495	64	0.235876
0	495	47	0.235806
0	495	116	0.2358
0	495	16	0.235713
0	495	37	0.235706
0	495	77	0.235465
0	495	42	0.235383
0	495	5	0.235283
0	495	59	0.234911
0	495	55	0.234889
0	495	32	0.234838
0	495	81	0.234734
0	495	27	0.234711
0	495	90	0.234497
0	495	70	0.234435
0	495	109	0.233753
0	495	93	0.233145
0	495	102	0.233107
0	495	42	0.23224
0	495	38	0.23185
0	495	71	0.231766
0	495	87	0.231642
0	495	52	0.231497
0	495	31	0.231391
0	495	105	0.231234
0	495	90	0.230766
0	495	94	0.230699
0	495	76	0.230332
0	495	42	0.2302
0	495	60	0.229804
0	495	41	0.22969
0	495	67	0.229616
0	495	71	0.229445
0	495	30	0.229342
0	495	98	0.229252
0	495	91	0.228976
0	495	28	0.228964
0	495	50	0.228918
0	495	20	0.228829
0	495	53	0.228705
0	495	19	0.228701
0	495	28	0.228669
0	495	63	0.228657
0	495	67	0.228527
0	495	3	0.228487
0	495	89	0.228476
0	495	14	0.22832
0	495	22	0.228304
0	495	105	0.228215
0	495	56	0.228177
0	495	35	0.227908
0	495	75	0.227879
0	495	72	0.227862
0	495	92	0.227832
0	495	33	0.227753
0	495	102	0.227651
0	495	24	0.227251
0	495	65	0.227119
0	495	14	0.227116
0	495	70	0.227108
0	495	48	0.226997
0	495	85	0.226676
0	495	73	0.226461
0	495	8	0.226315
0	495	36	0.226103
0	495	50	0.225984
0	495	107	0.225551
0	495	46	0.22541
0	495	34	0.225234
0	495	76	0.225184
0	495	42	0.22514
0	495	104	0.225068
0	495	78	0.225046
0	495	5	0.225036
0	495	77	0.224865
0	495	107	0.224857
0	495	6	0.224089
0	495	29	0.22398
0	495	46	0.22376
0	495	12	0.2237
0	495	87	0.223662
0	495	22	0.223344
0	495	28	0.223118
0	495	75	0.223105
0	495	90	0.222952
0	495	61	0.222681
0	495	60	0.222663
0	495	21	0.222435
0	495	54	0.222235
0	495	102	0.222129
0	495	53	0.221705
0	495	88	0.221611
0	495	46	0.22148
0	495	39	0.221246
0	495	103	0.221168
0	495	58	0.220986
0	495	63	0.220739
0	495	3	0.220729
0	495	87	0.220313
0	495	54	0.220114
0	495	74	0.21974
0	495	10	0.219528
0	495	107	0.219499
0	495	25	0.219432
0	495	107	0.218996
0	495	6	0.218816
0	495	95	0.218543
0	495	99	0.218329
0	495	103	0.218245
0	495	68	0.217868
0	495	53	0.217858
0	495	37	0.217776
0	495	24	0.217731
0	495	15	0.217389
0	495	81	0.217361
0	495	18	0.21716
0	495	5	0.217096
0	495	65	0.216791
0	495	12	0.21673
0	495	43	0.216504
0	495	47	0.216374
0	495	12	0.216243
0	495	103	0.216056
0	495	24	0.215902
0	495	7	0.215814
0	495	56	0.215683
0	495	98	0.215392
0	495	48	0.215157
0	495	51	0.215082
0	495	22	0.214898
0	495	86	0.214798
0	495	26	0.214756
0	495	53	0.214675
0	495	87	0.214466
0	495	83	0.214251
0	495	65	0.214186
0	495	75	0.214027
0	495	30	0.213835
0	495	30	0.213786
0	495	2	0.213727
0	495	47	0.213718
0	495	28	0.213713
0	495	94	0.213621
0	495	63	0.213193
0	495	15	0.213128
0	495	49	0.212839
0	495	93	0.212504
0	495	97	0.212495
0	495	83	0.212484
0	495	43	0.212268
0	495	13	0.212134
0	495	22	0.211578
0	495	75	0.211244
0	495	75	0.21116
0	495	81	0.210947
0	495	9	0.210898
0	495	82	0.210652
0	495	94	0.210475
0	495	61	0.209733
0	495	16	0.209711
0	495	63	0.209695
0	495	39	0.209459
0	495	69	0.209223
0	495	87	0.209053
0	495	12	0.20875
0	495	37	0.208519
1	495	0	0.208368
0	495	31	0.208206
0	495	100	0.207658
0	495	23	0.206945
0	495	54	0.20682
0	495	36	0.206677
0	495	52	0.206508
0	495	86	0.206477
0	495	83	0.206198
0	495	70	0.206022
0	495	68	0.205832
0	495	21	0.205701
0	495	36	0.205582
0	495	83	0.205318
0	495	4	0.205126
0	495	81	0.204984
0	495	15	0.204944
0	495	77	0.20483
0	495	76	0.203936
0	495	4	0.203529
0	495	34	0.203337
0	495	87	0.203249
0	495	3	0.203236
0	495	54	0.203157
0	495	41	0.202978
0	495	63	0.202891
0	495	66	0.202665
0	495	43	0.202647
0	495	23	0.202464
0	495	97	0.202458
0	495	57	0.202318
0	495	67	0.202158
0	495	7	0.201103
0	495	37	0.201058
0	495	35	0.200589
0	495	39	0.200547
0	495	80	0.200511
0	495	14	0.200338
0	495	9	0.199863
0	495	61	0.19985
0	495	1	0.199324
0	495	74	0.199192
0	495	43	0.198853
0	495	56	0.198266
0	495	8	0.198214
0	495	9	0.197862
0	495	89	0.19783
0	495	57	0.197783
0	495	46	0.197683
0	495	70	0.197489
0	495	71	0.197418
0	495	16	0.197273
0	495	5	0.197041
0	495	42	0.196793
0	495	2	0.196487
0	495	7	0.196296
0	495	10	0.196235
0	495	21	0.196159
0	495	26	0.19601
0	495	39	0.195551
0	495	58	0.195351
0	495	39	0.195341
0	495	57	0.195238
0	495	40	0.195171
0	495	67	0.195101
0	495	17	0.194716
0	495	9	0.194701
0	495	30	0.194664
0	495	45	0.194609
0	495	39	0.194358
0	495	17	0.19425
0	495	51	0.194213
0	495	17	0.194013
1	495	0	0.193961
0	495	55	0.193867
0	495	69	0.193722
0	495	20	0.193616
0	495	22	0.193136
0	495	60	0.192963
0	495	66	0.192677
0	495	90	0.192648
0	495	65	0.192391
0	495	29	0.192318
0	495	67	0.192096
0	495	17	0.19189
0	495	57	0.191709
0	495	22	0.191558
0	495	66	0.191487
0	495	71	0.191339
0	495	21	0.19051
0	495	11	0.190269
0	495	2	0.189689
0	495	54	0.189528
0	495	85	0.189102
0	495	11	0.189035
0	495	45	0.188987
0	495	17	0.188928
0	495	90	0.188891
0	495	80	0.188882
0	495	47	0.188872
0	495	69	0.188776
0	495	19	0.188686
0	495	32	0.188431
0	495	21	0.188424
0	495	87	0.1883
0	495	35	0.187841
0	495	35	0.187506
0	495	86	0.187111
0	495	12	0.187108
0	495	6	0.186956
0	495	30	0.186704
0	495	4	0.186541
0	495	12	0.185704
0	495	4	0.185592
0	495	42	0.185475
0	495	67	0.185231
0	495	1	0.185115
0	495	71	0.185084
0	495	87	0.184976
0	495	23	0.184855
0	495	78	0.184532
0	495	32	0.18424
0	495	91	0.184162
0	495	21	0.184139
0	495	26	0.18412
0	495	13	0.184096
0	495	11	0.184003
0	495	46	0.183539
0	495	76	0.183526
0	495	60	0.18287
0	495	63	0.182856
0	495	66	0.182224
0	495	41	0.182064
0	495	65	0.182056
0	495	25	0.182021
0	495	54	0.181957
0	495	24	0.181936
0	495	58	0.181787
0	495	72	0.181651
0	495	8	0.181536
0	495	20	0.181461
0	495	33	0.181415
0	495	81	0.18116
0	495	69	0.181108
0	495	20	0.180905
0	495	3	0.180814
0	495	62	0.180731
0	495	62	0.180398
0	495	46	0.180385
0	495	15	0.17975
0	495	39	0.17942
0	495	5	0.179224
0	495	28	0.179209
0	495	30	0.179184
0	495	2	0.178736
0	495	86	0.178685
0	495	53	0.178667
0	495	83	0.178138
0	495	46	0.178125
0	495	86	0.178114
0	495	71	0.177846
0	495	80	0.177607
1	495	0	0.177536
0	495	63	0.177524
0	495	55	0.177447
0	495	51	0.177344
0	495	79	0.177334
0	495	85	0.177169
0	495	50	0.177086
0	495	67	0.176661
0	495	80	0.176587
0	495	9	0.176496
0	495	40	0.176401
0	495	51	0.1764
0	495	82	0.176237
0	495	16	0.176094
0	495	4	0.175801
0	495	4	0.175435
0	495	66	0.175202
0	495	31	0.174472
0	495	40	0.174361
0	495	45	0.174269
0	495	35	0.174158
0	495	39	0.17409
0	495	79	0.17401
0	495	29	0.17385
0	495	3	0.173789
0	495	37	0.173566
0	495	62	0.173014
0	495	70	0.17255
0	495	10	0.17252
0	495	53	0.172464
0	495	33	0.172027
0	495	79	0.171993
0	495	26	0.171848
0	495	30	0.171717
0	495	72	0.171651
0	495	20	0.171479
0	495	9	0.171458
0	495	55	0.171329
0	495	76	0.171273
0	495	69	0.171256
0	495	38	0.17109
0	495	32	0.171073
0	495	44	0.170971
0	495	27	0.170773
0	495	55	0.170727
0	495	34	0.170385
0	495	84	0.170348
0	495	6	0.170317
0	495	22	0.169975
0	495	43	0.169905
0	495	8	0.169646
0	495	13	0.169349
0	495	83	0.169347
0	495	78	0.169347
0	495	67	0.169069
1	495	0	0.168843
0	495	41	0.16876
0	495	43	0.168729
0	495	49	0.16865
0	495	77	0.168483
0	495	7	0.168039
0	495	76	0.167952
0	495	58	0.167675
0	495	18	0.167189
0	495	63	0.167166
0	495	21	0.166862
0	495	80	0.166783
0	495	65	0.166211
0	495	3	0.166007
0	495	75	0.165005
0	495	78	0.164964
0	495	51	0.164383
0	495	45	0.164377
0	495	7	0.163904
0	495	74	0.1638
0	495	40	0.163502
0	495	27	0.163386
0	495	71	0.163366
0	495	6	0.163206
0	495	1	0.162869
0	495	45	0.162795
0	495	80	0.16276
0	495	61	0.162738
0	495	35	0.162594
0	495	31	0.162386
0	495	75	0.161944
0	495	5	0.161813
0	495	15	0.1616
0	495	72	0.161352
0	495	49	0.161332
0	495	64	0.161172
0	495	68	0.160836
0	495	65	0.160714
0	495	31	0.160664
0	495	47	0.160614
0	495	68	0.160241
0	495	41	0.160201
0	495	33	0.160182
0	495	12	0.160071
0	495	6	0.159823
0	495	27	0.159775
0	495	56	0.15965
0	495	6	0.159549
0	495	8	0.159521
0	495	74	0.159173
0	495	78	0.158935
0	495	61	0.158918
0	495	6	0.158706
0	495	13	0.158692
0	495	6	0.158568
0	495	16	0.158325
0	495	16	0.158294
0	495	76	0.157434
0	495	49	0.157334
0	495	74	0.157049
0	495	66	0.157047
0	495	7	0.156924
0	495	24	0.156476
0	495	56	0.15643
0	495	57	0.156222
0	495	76	0.156183
0	495	64	0.15617
0	495	30	0.155671
0	495	31	0.155427
0	495	21	0.155363
0	495	17	0.155053
0	495	42	0.154985
0	495	38	0.154874
0	495	71	0.154561
0	495	11	0.154369
0	495	14	0.154296
0	495	3	0.154277
0	495	40	0.152838
0	495	16	0.152548
0	495	41	0.152082
0	495	22	0.152018
0	495	8	0.15184
0	495	11	0.15162
0	495	68	0.151482
0	495	74	0.151115
0	495	66	0.150832
0	495	63	0.150719
0	495	60	0.150042
0	495	58	0.14933
0	495	42	0.149278
0	495	43	0.148982
0	495	54	0.148571
0	495	19	0.148286
0	495	17	0.148195
0	495	61	0.148163
0	495	33	0.148152
0	495	26	0.148026
0	495	60	0.147745
0	495	30	0.14774
0	495	67	0.147702
0	495	68	0.147306
0	495	68	0.147179
0	495	71	0.14701
0	495	34	0.146906
0	495	20	0.146887
0	495	28	0.146476
0	495	35	0.14636
0	495	62	0.146308
0	495	36	0.146205
0	495	19	0.146178
0	495	53	0.146109
0	495	7	0.145381
0	495	31	0.145051
0	495	14	0.14488
0	495	27	0.14481
0	495	9	0.144759
0	495	1	0.144705
0	495	52	0.143887
0	495	30	0.14377
0	495	55	0.143617
0	495	6	0.143429
0	495	56	0.143196
0	495	9	0.143161
0	495	59	0.142975
0	495	53	0.142861
0	495	23	0.142852
0	495	43	0.142441
0	495	6	0.142312
0	495	21	0.142202
0	495	2	0.142167
0	495	16	0.141879
0	495	38	0.141774
0	495	1	0.141229
0	495	13	0.140862
0	495	50	0.140251
0	495	68	0.140088
0	495	28	0.139926
0	495	63	0.139387
0	495	54	0.138909
0	495	4	0.138787
0	495	21	0.138608
0	495	15	0.13848
0	495	15	0.1379
0	495	3	0.137829
0	495	46	0.137773
0	495	40	0.13761
0	495	36	0.137607
0	495	31	0.137218
0	495	16	0.136979
0	495	5	0.136754
0	495	47	0.136729
0	495	47	0.135661
0	495	5	0.135511
0	495	17	0.135323
0	495	30	0.135121
0	495	43	0.134805
0	495	14	0.134558
0	495	25	0.134263
0	495	36	0.134248
0	495	61	0.134187
0	495	58	0.134154
0	495	54	0.134032
0	495	24	0.133932
1	495	0	0.133842
0	495	37	0.133614
0	495	28	0.133483
0	495	9	0.133432
0	495	19	0.133419
0	495	20	0.133339
0	495	4	0.133173
0	495	45	0.13297
0	495	52	0.132856
0	495	24	0.132684
0	495	63	0.132247
0	495	8	0.132178
0	495	63	0.131414
0	495	35	0.131343
0	495	26	0.131162
0	495	38	0.130427
0	495	20	0.130194
0	495	2	0.130106
0	495	62	0.129727
0	495	22	0.129717
0	495	26	0.129659
0	495	30	0.129461
0	495	27	0.129309
0	495	44	0.128933
0	495	23	0.128773
0	495	2	0.128668
0	495	61	0.128611
0	495	30	0.128122
0	495	24	0.12779
0	495	56	0.12771
0	495	47	0.127207
0	495	1	0.126552
0	495	30	0.126179
0	495	35	0.126099
0	495	56	0.125993
0	495	3	0.125692
0	495	46	0.125459
0	495	57	0.125439
0	495	40	0.125381
0	495	59	0.125093
0	495	28	0.12508
0	495	42	0.124993
0	495	34	0.124903
0	495	25	0.124876
0	495	25	0.124839
0	495	12	0.124661
0	495	29	0.124655
0	495	37	0.124555
0	495	24	0.124389
0	495	61	0.124245
0	495	4	0.12401
0	495	36	0.123975
0	495	34	0.123367
0	495	33	0.123197
1	495	0	0.123163
0	495	38	0.123099
0	495	26	0.122996
0	495	1	0.122894
0	495	15	0.122642
0	495	45	0.122635
0	495	53	0.122345
0	495	46	0.122037
0	495	10	0.121553
0	495	2	0.1214
0	495	37	0.12139
0	495	24	0.121293
1	495	0	0.1212
0	495	8	0.120934
0	495	54	0.1207
0	495	2	0.11997
0	495	1	0.119956
0	495	37	0.119859
0	495	5	0.119787
0	495	49	0.119522
0	495	17	0.119029
0	495	48	0.118931
0	495	39	0.11887
0	495	26	0.118615
0	495	17	0.118465
0	495	37	0.118314
1	495	0	0.118291
0	495	43	0.118252
0	495	11	0.1181
0	495	9	0.11789
0	495	21	0.117779
0	495	45	0.117603
0	495	23	0.1174
0	495	57	0.117393
0	495	54	0.117381
0	495	4	0.11715
0	495	22	0.117102
0	495	47	0.116969
0	495	46	0.11667
0	495	8	0.115994
0	495	13	0.115893
0	495	12	0.115726
0	495	8	0.115645
0	495	43	0.114302
0	495	12	0.114196
0	495	36	0.113625
1	495	0	0.113388
0	495	43	0.11331
0	495	48	0.113254
0	495	36	0.113044
0	495	23	0.112917
0	495	4	0.112879
0	495	20	0.112869
0	495	36	0.112863
0	495	55	0.112771
0	495	23	0.112642
0	495	43	0.112326
0	495	25	0.112262
0	495	45	0.111683
0	495	34	0.111543
0	495	2	0.11138
0	495	47	0.111294
0	495	20	0.111115
0	495	54	0.110939
0	495	5	0.110755
0	495	3	0.110586
0	495	49	0.110319
0	495	7	0.110317
0	495	9	0.110152
0	495	48	0.110132
0	495	10	0.110002
0	495	21	0.109794
0	495	26	0.109588
0	495	21	0.109264
0	495	40	0.1092
0	495	36	0.109037
0	495	35	0.108729
0	495	10	0.108701
0	495	31	0.108633
0	495	19	0.108222
0	495	5	0.107859
0	495	4	0.10727
0	495	45	0.10705
0	495	23	0.106547
0	495	50	0.106286
0	495	44	0.106217
0	495	51	0.106205
0	495	10	0.106036
0	495	8	0.105859
0	495	1	0.105649
0	495	29	0.105197
0	495	39	0.104893
0	495	41	0.104864
0	495	12	0.104398
0	495	48	0.104078
0	495	4	0.103971
0	495	35	0.103892
0	495	21	0.103577
0	495	8	0.103398
0	495	42	0.103317
0	495	8	0.103303
0	495	48	0.102981
0	495	11	0.102918
1	495	0	0.102388
0	495	22	0.101765
0	495	32	0.101676
0	495	24	0.101601
0	495	32	0.101324
0	495	29	0.101301
0	495	18	0.100833
0	495	1	0.100823
0	495	10	0.100774
0	495	6	0.100763
0	495	45	0.100568
0	495	39	0.10027
0	495	40	0.100084
0	495	8	0.10008
0	495	48	0.0999561
0	495	29	0.0998984
0	495	36	0.0997774
0	495	16	0.0995705
0	495	5	0.0994168
0	495	32	0.0988709
0	495	28	0.0987997
0	495	9	0.0985778
0	495	48	0.0984232
0	495	11	0.09841
0	495	48	0.0982335
0	495	25	0.0981703
0	495	21	0.0980936
0	495	40	0.0980661
0	495	4	0.0979235
0	495	12	0.0974479
0	495	34	0.0971936
0	495	24	0.0969055
0	495	22	0.0966561
0	495	4	0.0965783
0	495	19	0.0965755
0	495	42	0.0965593
0	495	17	0.0965521
0	495	16	0.0961112
0	495	37	0.0958015
0	495	32	0.0957402
0	495	12	0.0957117
0	495	36	0.095227
0	495	7	0.0948127
0	495	12	0.0947304
0	495	33	0.0946471
0	495	36	0.0945295
0	495	23	0.0943955
0	495	43	0.0941758
0	495	31	0.094078
0	495	31	0.0939307
0	495	38	0.0935215
0	495	22	0.0935133
0	495	41	0.0934029
0	495	2	0.0933863
0	495	11	0.0932179
0	495	46	0.0931888
0	495	28	0.09303
0	495	7	0.093014
0	495	45	0.0930113
0	495	18	0.0928967
0	495	7	0.0927486
0	495	24	0.0926105
0	495	18	0.0920562
0	495	5	0.0920519
0	495	6	0.0914549
0	495	10	0.0914216
0	495	41	0.0912842
0	495	35	0.0910555
0	495	6	0.0908998
0	495	8	0.0908079
0	495	20	0.090644
0	495	22	0.0903877
0	495	6	0.0902859
0	495	15	0.0899859
0	495	14	0.0898881
0	495	10	0.0898368
0	495	44	0.0897426
0	495	41	0.0893006
0	495	13	0.0892763
0	495	1	0.0885095
0	495	4	0.088159
0	495	3	0.0880201
0	495	18	0.0879356
0	495	27	0.0877072
0	495	4	0.087609
0	495	29	0.0875953
0	495	42	0.0866106
0	495	36	0.0865559
0	495	30	0.0864089
0	495	16	0.0861524
0	495	13	0.0859959
0	495	40	0.0856474
0	495	10	0.0853791
0	495	14	0.0851149
0	495	23	0.0848911
0	495	24	0.0841655
0	495	24	0.0839529
0	495	1	0.0836606
0	495	12	0.0833794
0	495	16	0.0833006
0	495	19	0.0832438
0	495	14	0.0830021
0	495	38	0.0829194
0	495	14	0.0827991
0	495	32	0.0827366
0	495	16	0.0824558
0	495	36	0.0824053
0	495	28	0.0823651
0	495	32	0.0821503
0	495	29	0.0820919
0	495	38	0.0816709
0	495	29	0.0814756
0	495	27	0.0813091
0	495	40	0.0812992
0	495	26	0.0812067
0	495	18	0.0811862
0	495	18	0.081053
0	495	7	0.0810049
0	495	7	0.0805201
0	495	30	0.0799144
0	495	35	0.0799008
0	495	39	0.0797933
0	495	30	0.0796846
0	495	1	0.0794544
0	495	27	0.0793149
0	495	31	0.079225
0	495	34	0.0790159
0	495	36	0.0784508
0	495	8	0.0783957
0	495	21	0.0783037
0	495	2	0.0779912
0	495	36	0.0776851
0	495	37	0.0775795
0	495	9	0.0775672
0	495	16	0.0773034
0	495	20	0.0770742
0	495	18	0.0770051
0	495	7	0.0766763
0	495	26	0.0765923
0	495	24	0.0763386
0	495	18	0.07607
0	495	14	0.0758928
0	495	15	0.075343
0	495	24	0.0750824
0	495	13	0.0750265
0	495	24	0.0748949
0	495	12	0.0744809
0	495	9	0.0741848
0	495	5	0.0740376
0	495	19	0.0739836
0	495	11	0.0739629
0	495	26	0.073281
0	495	10	0.0729925
0	495	10	0.0729549
0	495	30	0.0729412
0	495	4	0.0728854
0	495	32	0.072376
0	495	30	0.0722008
0	495	4	0.072179
0	495	18	0.072112
0	495	33	0.0719193
0	495	12	0.071824
0	495	13	0.0716756
0	495	10	0.0713566
0	495	34	0.0713223
0	495	19	0.0712745
0	495	10	0.0711997
0	495	10	0.07079
0	495	5	0.0704035
0	495	2	0.0699224
0	495	5	0.0694085
0	495	24	0.0694058
0	495	21	0.0693697
0	495	34	0.0692527
0	495	22	0.0691653
0	495	26	0.0690869
0	495	6	0.0689983
0	495	8	0.068961
0	495	31	0.0687922
0	495	1	0.068768
0	495	24	0.068519
0	495	32	0.0684956
0	495	26	0.0678139
0	495	27	0.067662
0	495	13	0.0671524
0	495	24	0.0671417
0	495	31	0.066651
0	495	18	0.0665647
0	495	7	0.0665079
0	495	6	0.0664931
0	495	2	0.0662042
0	495	8	0.0661082
0	495	12	0.0658131
0	495	2	0.0655152
0	495	16	0.0651858
0	495	6	0.0651042
0	495	9	0.0649088
0	495	22	0.0646849
0	495	21	0.0645138
0	495	20	0.0643529
0	495	20	0.0642587
0	495	26	0.0642163
0	495	25	0.0641615
0	495	9	0.0638314
0	495	22	0.0637711
0	495	31	0.0636989
0	495	15	0.0634257
0	495	5	0.0633995
0	495	22	0.0626403
0	495	24	0.0620623
0	495	11	0.0619791
0	495	18	0.061937
0	495	25	0.061526
0	495	4	0.0614172
1	495	0	0.0613182
0	495	15	0.0612873
0	495	26	0.0610003
0	495	20	0.0605196
0	495	4	0.0604687
0	495	16	0.0604465
0	495	3	0.0604024
0	495	18	0.0602286
0	495	27	0.0601855
0	495	1	0.0596986
0	495	20	0.0595179
1	495	0	0.0594082
0	495	6	0.059233
0	495	6	0.0588255
0	495	23	0.0587497
0	495	16	0.0586374
0	495	2	0.0582757
0	495	3	0.0581404
0	495	25	0.057952
0	495	11	0.0571364
0	495	16	0.0571227
0	495	5	0.0571116
0	495	6	0.056744
0	495	24	0.0558178
0	495	24	0.0556107
0	495	22	0.0552243
0	495	27	0.054779
0	495	11	0.0544882
0	495	22	0.0543801
0	495	10	0.0543581
0	495	24	0.0542464
0	495	14	0.0542067
0	495	17	0.0541242
0	495	2	0.0535377
0	495	2	0.0534842
0	495	10	0.0531333
0	495	17	0.0531328
0	495	18	0.0529994
1	495	0	0.0529348
0	495	15	0.0526424
0	495	17	0.0526266
0	495	9	0.0523696
0	495	6	0.0523351
0	495	25	0.0520269
0	495	17	0.0511905
0	495	11	0.0509605
0	495	2	0.0507108
0	495	11	0.0503824
0	495	1	0.0503309
0	495	6	0.050046
0	495	24	0.0495837
0	495	20	0.0489521
0	495	4	0.0488733
0	495	21	0.048873
0	495	19	0.0488358
0	495	23	0.0486547
0	495	22	0.0480768
0	495	13	0.0480591
0	495	21	0.0476985
0	495	6	0.0475809
0	495	16	0.0471309
0	495	21	0.0469382
0	495	9	0.0468573
0	495	1	0.0463688
0	495	5	0.0457572
0	495	9	0.0456046
0	495	7	0.0455757
0	495	21	0.0453457
1	495	0	0.0451751
0	495	19	0.0450555
0	495	4	0.0449161
0	495	20	0.0448477
0	495	21	0.04467
0	495	14	0.0446424
0	495	6	0.0446207
0	495	11	0.0444635
1	495	0	0.0443955
0	495	8	0.04413
0	495	11	0.0438963
0	495	10	0.0438168
0	495	2	0.0437309
0	495	15	0.0436461
0	495	11	0.0433431
0	495	16	0.0432064
0	495	3	0.0431516
0	495	1	0.0431342
0	495	20	0.0429344
0	495	3	0.0428739
0	495	5	0.042533
0	495	7	0.0422968
0	495	4	0.04215
0	495	5	0.0420577
0	495	18	0.041938
0	495	13	0.0417271
1	495	0	0.0416959
0	495	20	0.0416902
0	495	13	0.0415988
1	495	0	0.0415906
0	495	6	0.0412386
0	495	20	0.0412137
0	495	20	0.0411425
0	495	20	0.0407589
1	495	0	0.0404144
0	495	13	0.0400636
0	495	6	0.0399052
0	495	15	0.0399022
0	495	15	0.039852
0	495	16	0.0391942
0	495	17	0.0390427
0	495	4	0.0390014
0	495	17	0.0388046
1	495	0	0.0387885
0	495	12	0.0385991
0	495	4	0.0381485
0	495	7	0.0379412
0	495	9	0.0377758
0	495	5	0.0377433
1	495	0	0.0374939
0	495	3	0.0372072
0	495	16	0.037154
0	495	13	0.0369096
0	495	12	0.0368759
0	495	9	0.0367819
0	495	2	0.0364978
0	495	5	0.0364188
0	495	13	0.0358027
0	495	17	0.0354273
0	495	9	0.0351934
0	495	16	0.0350065
0	495	5	0.0346428
0	495	9	0.0343735
0	495	4	0.0343066
0	495	13	0.0343044
0	495	2	0.0341229
0	495	9	0.0340011
0	495	1	0.033742
0	495	11	0.033648
0	495	4	0.0334573
1	495	0	0.0333387
0	495	2	0.0328757
0	495	9	0.0327979
0	495	8	0.0327212
0	495	14	0.0323505
0	495	6	0.0320667
1	495	0	0.0319321
0	495	11	0.0315271
0	495	11	0.0307368
0	495	1	0.0302788
0	495	1	0.0300298
0	495	13	0.029812
0	495	6	0.0297804
0	495	8	0.0295791
0	495	3	0.0294423
0	495	8	0.0293333
0	495	3	0.0290874
0	495	3	0.0288812
0	495	12	0.0288477
1	495	0	0.0284982
0	495	2	0.0282658
0	495	11	0.0282127
0	495	13	0.0277445
0	495	8	0.0275228
0	495	10	0.0274072
0	495	11	0.0273721
0	495	2	0.0272592
0	495	10	0.0272514
0	495	12	0.0272333
0	495	9	0.0272049
0	495	1	0.0271668
0	495	7	0.0269157
0	495	11	0.0267807
0	495	2	0.0267757
0	495	10	0.0261984
0	495	6	0.0260451
0	495	10	0.0254623
0	495	4	0.025455
0	495	3	0.0251888
0	495	11	0.0250161
0	495	5	0.0247588
0	495	10	0.0244301
0	495	4	0.0238338
0	495	7	0.0237746
0	495	4	0.0235792
0	495	9	0.0232662
0	495	1	0.0230968
0	495	1	0.0230714
0	495	7	0.0229288
0	495	11	0.0229078
0	495	2	0.0228227
0	495	9	0.0222841
0	495	8	0.0222705
0	495	8	0.021686
1	495	0	0.0215849
1	495	0	0.021258
0	495	8	0.0210882
0	495	1	0.0209571
1	495	0	0.0209157
0	495	7	0.0206848
1	495	0	0.0206227
0	495	4	0.0204133
0	495	3	0.0197367
0	495	1	0.0191704
0	495	9	0.0188395
0	495	4	0.0186486
0	495	4	0.0184802
0	495	1	0.0180192
0	495	6	0.0178007
0	495	5	0.0172814
0	495	2	0.0171305
0	495	6	0.0170507
0	495	7	0.0169631
0	495	8	0.0166398
0	495	2	0.0165835
0	495	2	0.0165427
1	495	0	0.0161393
1	495	0	0.0159137
0	495	1	0.0158578
0	495	4	0.015803
0	495	5	0.0156777
0	495	3	0.0149617
0	495	4	0.0139732
0	495	2	0.0138914
0	495	6	0.0137541
0	495	5	0.0134824
1	495	0	0.0131767
0	495	1	0.0127479
0	495	6	0.0122537
0	495	1	0.0119162
1	495	0	0.0117029
0	495	1	0.0116223
0	495	4	0.0114275
0	495	5	0.0113935
1	495	0	0.0110996
0	495	3	0.011096
0	495	4	0.0102834
0	495	1	0.0102575
0	495	1	0.0101225
0	495	3	0.0101146
