1830.31
0.000664188
100
1	429	35	0.961561
0	168	155	0.980677
1	500	130	0.941139
1	186	50	0.974447
1	295	144	0.954085
1	440	142	0.920333
0	500	423	0.903892
0	324	169	0.9306
1	405	163	0.909569
0	421	266	0.894003
0	381	305	0.886796
0	138	108	0.953633
0	216	160	0.916717
0	462	330	0.818063
0	423	110	0.777616
1	433	6	0.765648
0	223	67	0.861095
0	354	184	0.794251
0	385	279	0.772874
0	438	78	0.734241
1	399	15	0.743607
0	395	139	0.724428
0	300	206	0.772682
1	273	6	0.770554
1	459	15	0.65923
0	148	77	0.85661
0	191	114	0.814941
0	223	103	0.78899
0	120	97	0.869243
1	453	28	0.63282
0	247	35	0.756042
0	163	33	0.814
0	140	49	0.831354
0	132	36	0.832651
1	342	4	0.651421
0	185	86	0.757501
0	314	121	0.637189
0	311	172	0.634289
0	434	41	0.547256
0	323	189	0.613692
0	361	165	0.583673
0	455	152	0.504452
0	414	143	0.526556
0	271	48	0.618819
0	232	50	0.653557
0	454	175	0.455311
0	250	93	0.599363
0	229	119	0.610812
0	474	89	0.427823
0	188	67	0.617693
1	245	6	0.551741
0	144	31	0.661609
0	298	66	0.484271
0	88	64	0.757782
0	442	137	0.373948
0	495	16	0.33476
0	308	89	0.411394
0	79	35	0.730886
0	112	58	0.62866
0	174	34	0.513281
0	352	118	0.337442
0	368	103	0.320836
0	137	21	0.545301
0	334	89	0.325939
0	319	87	0.334869
1	251	3	0.375886
0	408	23	0.265432
0	437	92	0.251953
0	277	47	0.328385
0	156	5	0.459142
0	81	10	0.618429
0	253	74	0.338898
0	143	47	0.473244
0	465	23	0.214316
0	349	4	0.25477
0	58	28	0.666582
0	161	46	0.413981
0	174	47	0.3861
0	95	7	0.534521
0	488	17	0.170924
0	264	5	0.271455
0	388	10	0.200071
0	355	7	0.180698
0	308	33	0.175483
0	173	31	0.25732
0	119	1	0.304278
0	471	9	0.0961633
0	177	34	0.219233
0	71	24	0.404935
0	286	3	0.132428
0	151	16	0.217779
0	483	13	0.0770549
0	170	12	0.172275
0	253	8	0.112737
0	63	2	0.33657
0	72	5	0.26344
0	483	5	0.0398946
0	50	5	0.166306
0	73	7	0.109577
0	318	3	0.0159743
