6838.99
0.0309602
2500
0	481	455	0.986909
1	414	211	0.985511
1	445	240	0.982643
1	449	219	0.981195
0	453	289	0.981012
1	274	45	0.988404
1	319	145	0.985587
1	336	60	0.983732
1	435	128	0.97694
0	372	202	0.979977
1	433	79	0.975653
0	247	154	0.985564
1	276	17	0.983023
1	458	167	0.971784
0	273	266	0.9828
1	223	95	0.985756
0	381	175	0.975519
1	258	57	0.98279
0	329	311	0.977515
0	373	262	0.974513
0	300	146	0.979045
1	217	32	0.984674
0	345	191	0.975495
1	342	48	0.975623
1	490	2	0.964211
0	319	271	0.976048
0	367	144	0.972524
1	312	45	0.976352
0	345	200	0.973483
1	379	34	0.970869
1	259	45	0.979482
0	268	103	0.977513
1	307	78	0.974273
1	156	16	0.986724
0	336	172	0.971416
0	328	150	0.971926
0	366	227	0.968261
1	417	102	0.963213
1	262	42	0.976233
0	346	216	0.968801
0	492	248	0.954326
0	347	328	0.966185
0	299	256	0.970236
0	267	197	0.973325
0	172	142	0.982594
1	335	33	0.966187
0	495	266	0.949853
1	460	12	0.951472
0	165	47	0.981967
0	463	385	0.949797
1	275	37	0.969313
1	401	24	0.955773
1	458	8	0.948529
0	109	46	0.987188
1	431	47	0.950978
1	425	49	0.951555
1	389	1	0.954594
0	401	126	0.953228
0	291	98	0.965424
0	326	80	0.961205
0	244	129	0.970302
0	446	404	0.946911
0	466	410	0.944455
0	303	200	0.96278
0	270	135	0.966364
0	343	108	0.957177
0	495	178	0.938195
0	175	46	0.976705
0	431	305	0.943383
0	461	191	0.937091
0	338	268	0.953079
0	362	98	0.949479
0	431	116	0.938305
0	279	167	0.958934
0	343	229	0.949957
0	411	361	0.939817
1	368	43	0.945349
0	144	75	0.977877
0	479	391	0.928969
1	285	0	0.955326
0	484	403	0.926088
0	295	189	0.953525
0	321	151	0.949145
0	147	94	0.976014
0	319	154	0.949188
0	403	143	0.936654
1	449	28	0.929886
1	471	76	0.926568
0	484	419	0.923947
0	422	320	0.932779
0	479	354	0.924276
0	330	309	0.946528
0	343	91	0.944203
0	382	168	0.93821
0	474	267	0.924232
0	230	153	0.961345
0	439	260	0.927503
0	478	274	0.919641
0	293	274	0.949119
0	249	112	0.956203
0	265	141	0.952874
1	463	15	0.919732
0	500	113	0.913747
0	311	234	0.943021
0	472	247	0.915532
1	257	30	0.951781
0	452	197	0.915845
0	103	58	0.979169
0	382	307	0.926847
0	232	122	0.953785
0	283	83	0.9441
0	478	156	0.90795
0	207	134	0.957476
0	365	332	0.925892
0	238	94	0.950084
0	288	146	0.939955
0	291	180	0.939076
0	395	229	0.919055
0	439	180	0.910637
0	239	76	0.948462
0	265	165	0.942545
1	405	48	0.913475
0	486	354	0.897781
0	448	351	0.9047
0	248	111	0.944605
0	500	282	0.89408
0	117	35	0.972844
0	356	104	0.921396
0	362	308	0.917359
0	312	160	0.92714
0	473	89	0.892976
0	346	210	0.919378
0	456	68	0.896398
1	339	11	0.920743
0	365	286	0.914295
0	128	61	0.968148
0	250	100	0.939574
0	261	55	0.936945
0	330	283	0.919879
0	281	240	0.929646
0	132	18	0.965445
0	289	197	0.927301
0	379	305	0.90671
0	310	229	0.922126
1	474	31	0.885364
0	469	130	0.885567
0	352	78	0.911442
0	334	37	0.915503
0	87	62	0.97646
1	347	4	0.911962
0	473	273	0.8833
1	307	14	0.920203
0	149	96	0.959324
0	286	65	0.924067
0	442	314	0.887225
0	264	159	0.929227
0	388	191	0.899043
0	493	240	0.873047
0	331	222	0.910685
0	456	395	0.880349
0	450	142	0.881368
0	302	276	0.916958
0	438	350	0.882982
0	250	183	0.929662
0	406	290	0.889702
0	310	144	0.91338
0	247	124	0.92939
0	487	80	0.86925
0	167	77	0.950948
0	166	40	0.950333
0	250	160	0.927024
0	354	228	0.899179
0	470	316	0.870344
0	100	42	0.969191
0	478	406	0.867695
0	414	237	0.882604
0	386	208	0.88966
0	242	126	0.927807
0	303	266	0.911134
0	434	97	0.877219
0	190	103	0.941724
0	201	134	0.938387
0	253	160	0.923243
0	482	90	0.862693
0	487	271	0.860232
0	369	186	0.889137
0	428	358	0.873644
0	168	29	0.946226
0	287	141	0.910985
0	344	87	0.894976
0	469	120	0.861087
0	436	184	0.869453
0	332	187	0.89631
0	497	65	0.85195
0	88	29	0.970087
0	121	53	0.959
0	246	185	0.919982
0	138	76	0.953436
0	378	52	0.881873
0	438	108	0.864967
0	411	152	0.871673
0	96	76	0.966429
0	427	158	0.865738
0	193	70	0.934013
0	206	159	0.929385
0	415	35	0.867148
0	478	330	0.849429
0	420	135	0.864617
0	495	212	0.843524
0	451	27	0.855335
0	333	248	0.888841
0	441	83	0.857739
0	459	60	0.852443
0	296	104	0.899466
0	453	227	0.852953
0	368	165	0.87691
0	423	297	0.860846
0	218	122	0.923002
0	408	100	0.864559
1	423	6	0.860072
0	412	187	0.862828
0	450	242	0.851708
0	78	15	0.970534
0	167	74	0.938899
1	455	9	0.848442
0	425	183	0.855405
0	433	117	0.852005
1	295	4	0.893417
0	494	60	0.833377
0	456	122	0.844089
0	488	80	0.834632
0	321	75	0.88418
0	280	162	0.897446
0	179	37	0.931275
0	396	24	0.859555
0	360	107	0.870496
0	363	75	0.869464
0	446	298	0.843359
0	489	62	0.830593
0	375	229	0.864266
0	450	375	0.841007
0	60	44	0.975304
1	279	11	0.894325
0	491	72	0.827497
0	353	23	0.869062
0	476	180	0.830977
0	400	256	0.853887
0	245	204	0.90503
0	275	128	0.894085
0	483	212	0.82761
0	415	328	0.847453
0	305	229	0.882609
0	491	236	0.823602
0	59	53	0.974793
0	291	238	0.886526
0	229	124	0.907846
0	300	76	0.88244
0	470	348	0.82712
0	228	69	0.907686
0	434	238	0.837413
0	158	71	0.933955
0	257	188	0.896474
0	107	55	0.954084
0	424	327	0.839355
0	426	194	0.837968
0	394	59	0.847701
0	471	332	0.82282
0	249	54	0.897679
0	355	129	0.859647
0	431	275	0.83431
0	194	136	0.917891
0	157	109	0.932122
0	244	139	0.898159
0	350	56	0.859272
0	259	178	0.891026
0	228	143	0.902693
0	405	184	0.838901
0	304	216	0.873962
0	117	66	0.947171
0	334	275	0.862581
0	313	46	0.869843
0	238	62	0.896223
0	451	190	0.819578
0	82	13	0.961418
0	412	140	0.830334
0	380	277	0.841132
0	298	124	0.870754
0	298	28	0.869118
0	222	49	0.899001
0	325	52	0.858032
0	242	178	0.890048
0	415	157	0.824947
0	280	75	0.874472
0	437	52	0.816514
0	462	309	0.807717
0	262	17	0.880851
1	372	7	0.838323
0	458	341	0.808007
0	438	306	0.814694
0	431	55	0.817079
0	413	157	0.822462
0	444	53	0.811598
0	491	182	0.795428
0	371	81	0.835522
0	428	119	0.813881
0	390	215	0.827042
0	334	265	0.848014
0	500	79	0.788366
0	411	36	0.818109
0	410	170	0.818337
0	172	117	0.914659
0	172	139	0.914336
0	298	194	0.860125
0	350	214	0.839083
0	238	91	0.884379
0	411	288	0.815695
0	406	68	0.817403
0	436	77	0.806139
0	407	326	0.816402
0	199	104	0.900875
0	112	86	0.941589
0	405	236	0.816468
0	362	92	0.831955
0	484	279	0.786082
0	404	167	0.814652
0	410	128	0.812254
0	402	140	0.814174
0	294	116	0.856595
0	427	157	0.803821
0	466	161	0.788837
0	111	60	0.939872
0	450	137	0.793667
0	413	97	0.807136
0	435	317	0.797993
0	163	70	0.913346
0	153	93	0.91807
0	109	97	0.939979
1	172	0	0.908422
0	332	181	0.836857
0	239	209	0.876663
0	321	144	0.840869
0	197	107	0.895813
0	64	13	0.963497
0	435	99	0.794499
0	155	136	0.915513
0	318	144	0.840465
0	98	8	0.944445
0	147	134	0.918736
0	199	118	0.891889
0	185	84	0.898493
0	395	183	0.805434
0	477	339	0.773833
0	398	75	0.803897
0	104	87	0.939773
0	137	101	0.922017
0	353	271	0.820627
0	312	120	0.838066
0	408	256	0.798266
0	434	164	0.787081
0	422	212	0.790948
0	436	97	0.785086
0	432	188	0.786537
0	410	96	0.795002
1	316	3	0.834078
0	449	117	0.778189
0	391	151	0.800835
0	422	242	0.788372
0	322	205	0.829904
0	305	205	0.837057
0	424	165	0.786262
0	342	40	0.819711
0	414	237	0.789671
0	373	193	0.806383
0	193	158	0.889074
0	484	277	0.761384
0	331	77	0.823059
0	232	88	0.869027
0	491	217	0.757935
0	324	219	0.825627
0	88	78	0.945692
0	491	177	0.755555
0	385	288	0.796429
0	455	115	0.767878
0	234	177	0.865431
0	437	150	0.773638
0	481	66	0.755572
0	236	197	0.862805
0	434	12	0.773174
0	308	166	0.827269
0	215	93	0.872682
0	284	192	0.837937
0	386	198	0.791357
0	402	169	0.78436
0	455	252	0.762349
0	425	128	0.774143
0	273	92	0.841466
0	319	49	0.819324
0	230	57	0.862271
0	481	186	0.749511
0	460	341	0.757656
0	482	215	0.747679
0	344	221	0.805535
0	400	196	0.780731
0	313	219	0.818207
0	246	102	0.850893
0	254	183	0.846343
0	404	211	0.775567
0	250	16	0.847233
0	386	145	0.781271
0	492	286	0.736975
0	185	156	0.881089
0	464	251	0.746286
0	361	29	0.790659
0	99	81	0.931669
0	354	159	0.792039
0	185	47	0.879227
0	279	217	0.827958
0	147	103	0.900875
0	332	119	0.800571
0	264	22	0.834337
0	500	316	0.72668
0	432	266	0.754649
0	337	268	0.796583
0	315	14	0.807005
0	298	208	0.815185
0	185	11	0.875993
0	145	36	0.900124
0	173	125	0.88294
0	426	171	0.753582
0	496	223	0.72395
0	269	94	0.827347
0	339	79	0.791097
0	464	188	0.734368
0	339	233	0.790778
0	56	14	0.957782
0	351	229	0.783401
1	487	3	0.722744
1	419	4	0.751337
0	365	214	0.775695
0	193	93	0.867203
0	195	20	0.86592
0	474	341	0.726278
0	76	61	0.94292
0	337	262	0.786686
0	357	250	0.775066
0	282	21	0.813422
0	455	18	0.729308
0	244	22	0.833928
0	438	268	0.736172
0	300	69	0.802413
0	276	124	0.815299
0	441	129	0.734175
0	411	250	0.74769
0	474	212	0.719592
0	244	10	0.832611
0	334	96	0.783729
0	404	65	0.749715
0	93	77	0.928584
0	430	98	0.736549
0	165	95	0.879279
0	442	97	0.730853
0	388	279	0.753762
0	480	137	0.711452
0	298	140	0.798073
0	422	144	0.735867
0	424	174	0.734664
0	322	207	0.784604
0	125	110	0.903659
0	181	81	0.866151
1	481	2	0.708733
0	356	42	0.766439
0	436	240	0.728082
0	379	137	0.753846
0	231	154	0.834
0	354	88	0.765451
0	238	3	0.829142
0	211	12	0.845102
0	499	20	0.696678
0	226	11	0.834955
0	358	172	0.761249
0	466	50	0.709669
0	487	158	0.700244
0	444	297	0.719255
0	203	169	0.847992
0	443	157	0.71848
0	224	6	0.834396
0	324	203	0.776344
0	389	19	0.740323
0	264	149	0.807433
0	336	185	0.767139
0	138	22	0.888824
0	297	207	0.787818
0	141	3	0.88567
0	323	164	0.77157
0	237	107	0.821356
0	410	55	0.726367
0	225	131	0.82767
0	108	96	0.90892
0	460	69	0.69977
0	423	34	0.716716
0	470	290	0.692086
0	340	52	0.75627
0	183	106	0.851961
0	426	299	0.710346
0	402	10	0.721327
0	62	1	0.943724
0	188	143	0.84685
0	221	17	0.824285
0	435	145	0.704366
0	498	159	0.675428
0	497	133	0.675475
0	236	56	0.813375
0	472	165	0.684761
0	212	148	0.82845
0	167	54	0.859713
0	440	96	0.69741
0	151	46	0.870378
0	145	54	0.874507
0	206	30	0.830651
0	61	5	0.942491
0	346	112	0.742364
0	427	203	0.699561
0	461	175	0.682922
0	336	59	0.746881
0	82	30	0.923144
0	123	24	0.888743
0	136	82	0.878284
0	449	5	0.685291
0	452	163	0.683003
0	448	293	0.684799
0	296	140	0.766489
0	466	125	0.674777
0	413	132	0.700544
0	478	201	0.668134
0	139	84	0.872044
0	180	58	0.840309
0	190	18	0.832526
0	478	69	0.663547
0	306	143	0.754365
0	499	289	0.652003
0	498	22	0.651793
0	63	39	0.936196
0	274	193	0.771358
0	442	31	0.675108
0	291	122	0.758595
0	244	181	0.789186
1	325	1	0.737163
0	401	162	0.694361
0	404	115	0.692664
0	475	158	0.65704
0	478	70	0.655375
0	394	32	0.696955
0	497	212	0.643946
0	382	187	0.701651
0	117	14	0.884752
0	177	97	0.834897
0	228	164	0.796275
0	235	83	0.791003
0	58	15	0.938686
0	442	137	0.665744
0	419	168	0.677474
0	363	115	0.707512
0	116	43	0.883057
0	396	177	0.688587
0	427	95	0.671988
0	426	8	0.670765
0	209	43	0.805747
0	246	89	0.778715
0	195	25	0.815862
0	456	155	0.654066
0	102	84	0.894139
0	398	201	0.683961
0	258	141	0.769333
0	475	177	0.643509
0	488	48	0.636667
0	440	253	0.660053
0	372	104	0.696324
0	392	138	0.685002
0	238	88	0.781143
0	401	167	0.678356
0	298	85	0.738246
0	315	25	0.726294
0	60	19	0.932923
0	165	127	0.834728
0	131	13	0.863973
0	378	255	0.687324
0	285	90	0.744445
0	218	97	0.791991
0	360	33	0.697039
0	163	132	0.835032
0	96	81	0.895764
0	309	138	0.727424
0	121	38	0.87193
0	444	258	0.649774
0	89	79	0.90233
0	111	94	0.880832
0	245	79	0.769526
0	460	123	0.639602
0	154	59	0.840249
0	364	123	0.689599
0	421	99	0.65754
0	345	144	0.700215
0	266	22	0.751437
0	271	5	0.747041
0	465	141	0.632494
0	213	40	0.789754
0	66	5	0.923738
0	313	140	0.7182
0	268	181	0.748334
0	279	147	0.740531
0	219	106	0.783599
0	302	165	0.723796
0	368	60	0.682156
0	493	255	0.615682
0	396	33	0.664776
0	451	203	0.634766
0	271	76	0.742894
1	254	0	0.754345
0	344	145	0.69305
0	186	114	0.805886
0	351	235	0.686202
0	120	57	0.864704
0	494	16	0.607992
0	493	17	0.608389
0	199	128	0.793491
0	331	81	0.697845
0	384	112	0.665366
0	496	225	0.606164
0	344	48	0.688591
0	500	91	0.602989
0	457	235	0.62234
0	431	152	0.635682
0	347	177	0.684145
0	158	8	0.826222
0	354	142	0.679573
0	245	20	0.753813
0	395	160	0.654284
0	404	83	0.647441
0	384	152	0.657859
0	324	44	0.694353
0	360	79	0.671054
0	438	122	0.626396
0	267	190	0.732523
0	496	208	0.595241
0	466	179	0.60983
0	433	266	0.626868
0	462	134	0.611429
0	207	63	0.77803
0	365	196	0.66424
0	290	163	0.713054
0	135	31	0.841904
0	279	180	0.720333
0	68	56	0.91353
0	187	133	0.793406
0	480	191	0.599325
0	176	88	0.802941
0	120	36	0.856642
0	453	12	0.612803
0	104	5	0.872723
0	115	7	0.861032
0	211	125	0.771062
0	467	202	0.602426
0	466	110	0.602486
0	426	161	0.623685
0	327	127	0.683103
0	379	166	0.64966
0	396	78	0.638877
0	241	137	0.743643
0	67	24	0.912145
0	228	45	0.753067
0	394	81	0.637468
0	475	213	0.591895
0	334	139	0.673131
0	62	32	0.917206
0	474	87	0.591649
0	487	15	0.584856
0	369	124	0.64923
0	390	50	0.636146
0	451	249	0.601229
0	257	46	0.725167
0	113	38	0.857143
0	375	128	0.64355
0	333	152	0.669358
0	487	20	0.578983
0	490	63	0.577174
0	80	24	0.893025
0	410	59	0.618011
0	185	124	0.7809
0	373	30	0.638154
0	351	144	0.650958
0	242	28	0.729353
0	197	146	0.767412
0	457	160	0.587001
0	174	86	0.788331
0	442	253	0.594502
0	134	76	0.828567
0	344	82	0.652669
0	345	109	0.65184
0	262	184	0.71121
0	451	184	0.588472
0	437	106	0.595767
0	338	217	0.655792
0	298	121	0.682888
0	164	13	0.796274
0	272	134	0.701813
0	63	41	0.910384
0	332	131	0.656155
0	499	15	0.55931
0	490	81	0.563188
0	484	150	0.5662
0	500	129	0.557328
0	174	66	0.783359
0	361	206	0.635303
0	238	171	0.725392
0	475	88	0.569599
0	452	187	0.580922
0	256	141	0.709817
0	406	203	0.605072
0	338	168	0.647042
0	276	144	0.691827
0	169	107	0.785398
0	390	187	0.613206
0	454	156	0.575368
0	488	28	0.557002
0	80	24	0.884208
0	321	59	0.655496
0	225	57	0.730543
0	343	184	0.639719
0	167	19	0.784305
0	445	172	0.576643
0	233	76	0.722159
0	62	46	0.906881
0	391	12	0.606932
0	432	214	0.582594
0	332	106	0.644799
0	260	44	0.697963
0	441	85	0.575631
0	450	247	0.570246
0	272	168	0.686576
0	335	28	0.639847
0	375	78	0.613343
0	480	73	0.553198
0	427	247	0.58139
0	362	60	0.62088
0	297	64	0.665791
0	91	14	0.866654
0	354	194	0.62492
0	188	101	0.75805
0	368	179	0.615293
0	300	188	0.662076
0	348	51	0.62805
0	343	105	0.630962
0	283	165	0.673794
0	149	42	0.796824
0	497	199	0.54036
0	243	63	0.70578
0	299	72	0.660459
0	464	118	0.555202
0	486	183	0.54325
0	390	46	0.596898
0	378	176	0.603852
0	271	78	0.68005
0	282	159	0.67086
0	64	3	0.899702
0	238	141	0.706872
0	85	67	0.870887
1	440	0	0.565177
0	379	142	0.599653
0	351	128	0.617163
0	177	97	0.76159
0	295	180	0.657125
0	151	68	0.788834
0	398	188	0.585074
0	400	76	0.583682
0	382	193	0.594142
0	425	59	0.567058
0	411	184	0.575077
0	51	40	0.915878
0	263	155	0.67826
0	441	40	0.556762
0	320	79	0.633819
0	201	108	0.733438
0	386	186	0.588486
0	414	134	0.570653
0	269	25	0.670705
0	441	27	0.553838
0	138	69	0.79857
0	312	119	0.63653
0	418	146	0.566464
0	133	66	0.804165
0	372	131	0.594552
0	165	54	0.767365
0	314	119	0.633531
0	294	13	0.648593
0	437	226	0.553166
0	245	127	0.687812
0	485	2	0.526204
0	429	38	0.556607
0	460	189	0.539307
0	161	47	0.769495
0	133	51	0.801145
0	251	30	0.679202
0	366	93	0.592037
0	200	10	0.726118
0	261	105	0.670119
0	120	75	0.81526
0	203	96	0.722686
0	425	199	0.554264
0	116	58	0.820008
0	263	119	0.666919
0	197	57	0.727633
0	164	80	0.762199
0	211	145	0.713425
0	364	184	0.590448
0	243	51	0.683353
0	424	78	0.552468
0	404	198	0.563858
0	310	164	0.627539
0	482	48	0.519938
0	271	165	0.65786
0	434	59	0.545488
0	168	91	0.755728
0	452	130	0.534704
0	420	63	0.552877
0	457	44	0.531915
0	174	78	0.748929
0	452	13	0.534484
0	476	113	0.521398
0	219	32	0.702673
0	112	69	0.821717
0	389	50	0.569972
0	152	52	0.772145
0	261	89	0.663601
0	117	24	0.814649
0	379	212	0.574645
0	363	30	0.585009
0	475	159	0.517963
0	482	40	0.514122
0	354	70	0.590102
0	79	33	0.865753
0	375	92	0.575856
0	87	1	0.854033
0	90	55	0.849542
0	230	147	0.687031
0	408	137	0.552739
0	363	146	0.581303
0	219	124	0.696869
0	490	39	0.506667
0	338	198	0.597261
0	419	111	0.544633
0	188	97	0.727114
0	452	130	0.525633
0	168	59	0.748692
0	222	93	0.692652
0	390	97	0.561766
0	170	44	0.745903
0	193	73	0.720379
0	317	108	0.609885
0	351	201	0.584878
0	185	121	0.727695
0	286	1	0.633189
0	206	115	0.705263
0	165	47	0.748831
0	139	99	0.77965
0	379	210	0.564569
0	163	1	0.750117
0	267	14	0.646527
0	443	41	0.523352
0	151	15	0.763093
0	431	133	0.52851
0	480	62	0.501513
0	393	13	0.551176
0	478	222	0.50237
0	400	127	0.546121
0	361	96	0.571148
0	180	84	0.726209
0	137	48	0.776904
0	157	3	0.751914
0	443	9	0.517788
0	227	115	0.675921
0	452	88	0.51137
0	392	104	0.546802
0	304	44	0.608448
0	177	92	0.727238
0	112	67	0.807827
0	78	63	0.857859
0	324	67	0.592298
0	393	21	0.54431
0	294	101	0.61456
0	227	48	0.673391
0	491	173	0.487764
0	454	53	0.506431
0	456	152	0.505043
0	118	28	0.797636
0	413	145	0.529599
0	367	128	0.558105
0	438	142	0.513932
0	201	64	0.697079
0	450	136	0.505179
0	203	43	0.693296
0	404	107	0.531387
0	83	31	0.84613
0	263	2	0.634387
0	342	68	0.571493
0	401	171	0.531892
0	285	131	0.614888
0	351	166	0.562316
0	346	56	0.563323
0	497	157	0.472857
0	143	108	0.757093
0	384	105	0.536928
0	100	71	0.816161
0	226	115	0.661794
0	371	140	0.543713
0	322	47	0.578207
0	119	40	0.787606
0	343	34	0.562413
0	175	12	0.715264
0	339	171	0.564496
0	479	30	0.4783
0	148	26	0.747807
0	405	86	0.519411
0	97	57	0.817975
0	130	83	0.770035
0	304	107	0.588153
0	192	57	0.693056
0	135	34	0.761964
0	461	87	0.483683
0	350	75	0.552174
0	290	78	0.59784
0	180	56	0.704718
0	337	47	0.560319
0	237	138	0.644057
0	313	33	0.577817
0	319	133	0.572964
0	409	168	0.510731
0	398	190	0.517491
0	487	5	0.466257
0	294	50	0.5912
0	91	6	0.823495
0	258	47	0.621936
0	308	92	0.578644
0	357	8	0.541695
0	155	29	0.731299
0	241	34	0.636037
0	220	12	0.655748
0	78	44	0.842887
0	193	125	0.684175
0	275	33	0.603088
0	430	58	0.49274
0	135	63	0.755121
0	387	187	0.517941
0	313	95	0.570507
0	152	64	0.731928
0	296	151	0.583132
0	203	74	0.670383
0	416	189	0.497659
0	328	76	0.556738
0	218	114	0.653596
0	250	14	0.62183
0	166	27	0.712191
0	481	118	0.460444
0	117	65	0.77809
0	313	145	0.566763
0	422	141	0.491839
0	498	122	0.448741
0	497	187	0.449149
0	448	43	0.474289
0	127	2	0.760088
0	304	162	0.569132
0	491	125	0.449456
0	250	90	0.61576
0	83	20	0.827882
0	55	14	0.8789
0	392	89	0.503489
0	210	110	0.654007
0	168	33	0.70246
0	477	34	0.451982
0	439	115	0.472376
0	131	70	0.749859
0	272	160	0.589063
0	212	110	0.647653
0	219	17	0.639396
0	192	109	0.668982
0	398	67	0.493484
0	426	135	0.47515
0	240	54	0.616263
0	279	52	0.579658
0	495	29	0.437307
0	267	11	0.590288
0	67	34	0.851516
0	257	15	0.598289
0	472	43	0.445942
0	485	45	0.43901
0	296	76	0.561634
0	439	86	0.463286
0	211	23	0.642106
0	129	84	0.745176
0	72	60	0.839557
0	220	84	0.631073
0	351	171	0.517256
0	103	17	0.784999
0	429	141	0.466894
0	267	104	0.584232
0	220	18	0.629773
0	339	4	0.52298
0	350	148	0.513585
0	223	57	0.623467
0	270	76	0.577112
0	494	114	0.427051
0	385	61	0.48774
0	150	34	0.708763
0	452	73	0.44559
0	463	195	0.438903
0	167	33	0.68423
0	487	117	0.426081
0	257	124	0.584174
0	487	194	0.425716
0	142	89	0.717024
0	373	52	0.490826
0	80	32	0.817742
0	451	75	0.441294
0	237	85	0.600477
0	58	49	0.85995
0	251	82	0.585394
0	294	12	0.5461
0	70	52	0.834643
0	204	44	0.633683
0	254	22	0.580105
0	378	102	0.480562
0	368	36	0.486737
0	309	30	0.530201
0	341	148	0.505506
0	421	172	0.452612
0	271	77	0.561009
1	400	0	0.463413
0	473	95	0.421584
0	276	80	0.554511
0	302	126	0.530171
0	267	125	0.560228
0	359	120	0.486213
1	338	0	0.501045
0	157	107	0.683312
0	167	29	0.669299
0	291	43	0.537101
0	133	56	0.71648
0	426	77	0.440485
0	154	23	0.685174
0	391	44	0.460894
0	483	90	0.407909
0	401	121	0.45343
0	451	13	0.423803
0	98	32	0.771829
0	136	20	0.708269
0	237	31	0.581476
0	173	71	0.655008
0	405	97	0.44776
0	287	80	0.533523
0	104	35	0.758994
0	417	137	0.439892
0	494	64	0.398597
0	369	55	0.470105
0	450	63	0.420107
0	209	64	0.609239
0	281	116	0.535419
0	482	107	0.401786
0	239	47	0.574488
0	266	80	0.547656
0	185	1	0.635077
0	478	2	0.402164
0	350	61	0.47791
0	191	100	0.626245
0	295	11	0.520088
0	353	33	0.475013
0	466	26	0.406429
0	156	27	0.671112
0	429	69	0.424622
0	346	142	0.477541
0	344	15	0.478833
0	59	16	0.842646
0	329	135	0.489802
0	162	8	0.660494
0	79	46	0.799474
0	223	40	0.585455
0	464	128	0.404223
0	245	111	0.562082
0	200	7	0.611244
0	199	108	0.612351
0	109	37	0.742467
0	269	59	0.53835
0	292	51	0.517214
0	488	70	0.390556
0	344	12	0.475873
0	248	10	0.556694
0	157	75	0.664606
0	364	108	0.460632
0	124	60	0.714508
0	121	15	0.719185
0	362	144	0.461199
0	219	47	0.585526
0	357	121	0.464005
0	78	55	0.798415
0	469	27	0.396813
0	174	96	0.638695
0	278	101	0.525198
0	432	160	0.415694
0	398	87	0.435728
0	391	148	0.439742
0	305	6	0.501513
0	178	90	0.632379
0	449	126	0.405041
0	360	19	0.458716
0	349	36	0.466133
0	261	39	0.537779
0	258	3	0.540646
0	392	36	0.435979
0	270	65	0.52876
0	166	69	0.645929
0	337	18	0.473031
0	81	41	0.788771
0	129	16	0.70084
0	64	52	0.825003
0	409	112	0.423939
0	478	143	0.385889
0	91	9	0.766678
0	159	86	0.652498
0	324	17	0.479364
0	425	82	0.411848
0	411	95	0.419734
0	320	32	0.481337
0	186	61	0.614046
0	399	138	0.425792
0	353	14	0.455953
0	344	145	0.462178
0	330	81	0.472138
1	199	0	0.597138
0	298	56	0.4972
0	398	122	0.425336
0	493	170	0.373896
0	224	91	0.56738
0	303	124	0.492256
0	255	5	0.532687
0	392	45	0.425544
0	226	62	0.562113
0	183	34	0.61213
0	481	94	0.37501
0	437	113	0.397565
0	293	47	0.495875
0	498	103	0.366092
0	356	81	0.446709
0	274	53	0.511869
0	265	104	0.520027
0	165	57	0.635041
0	108	15	0.726425
0	226	2	0.559028
0	359	105	0.443577
0	326	66	0.467429
0	133	78	0.682128
0	492	16	0.367004
0	158	41	0.64323
0	297	118	0.489339
0	292	2	0.492971
0	106	24	0.727883
0	431	120	0.39666
0	442	65	0.390517
0	181	45	0.609443
0	364	25	0.436694
0	242	69	0.537936
0	246	123	0.533592
0	322	95	0.465806
0	128	1	0.685992
0	73	46	0.792305
0	264	60	0.512921
0	164	23	0.628468
0	287	116	0.490857
0	70	44	0.797083
0	421	157	0.394912
0	494	41	0.357333
0	90	61	0.752511
0	341	108	0.444985
0	431	29	0.386178
0	185	66	0.593841
0	442	138	0.379383
0	436	12	0.382009
0	151	75	0.640452
0	90	26	0.749057
0	298	99	0.473767
0	218	53	0.551625
0	225	96	0.543261
0	270	16	0.497527
0	131	76	0.670293
0	216	67	0.552049
0	328	136	0.447154
0	442	113	0.375051
0	342	144	0.436268
0	99	14	0.726918
0	420	144	0.385179
0	92	22	0.740932
0	160	42	0.621517
0	478	101	0.354645
0	211	82	0.554343
0	321	92	0.449434
0	310	124	0.457955
0	270	115	0.492307
0	337	77	0.435648
0	309	49	0.456474
0	204	107	0.559532
0	345	6	0.428883
0	77	45	0.770437
0	232	96	0.526292
0	453	10	0.362151
0	297	41	0.463975
0	251	58	0.505814
0	314	30	0.44983
0	388	63	0.39794
0	495	141	0.341136
0	420	117	0.378454
0	245	84	0.510198
0	98	68	0.722411
0	197	27	0.563973
0	370	74	0.407008
0	237	95	0.517218
0	392	57	0.393079
0	194	1	0.56649
0	333	125	0.431588
0	304	136	0.453726
0	122	68	0.674205
0	252	51	0.500188
0	299	79	0.457452
0	304	38	0.452723
0	164	37	0.603666
0	490	139	0.337641
0	416	39	0.374702
0	373	54	0.400282
0	387	23	0.39129
0	330	17	0.429249
0	236	80	0.512446
0	434	124	0.363274
0	50	12	0.831479
0	422	129	0.368797
0	413	101	0.373656
0	356	31	0.408861
0	184	3	0.572141
0	500	80	0.329716
0	293	39	0.455932
0	229	73	0.517004
0	469	150	0.343143
0	452	79	0.351157
0	453	86	0.349347
0	94	8	0.720817
0	488	91	0.331775
0	482	96	0.334497
0	491	92	0.330106
0	436	53	0.356875
0	183	29	0.569035
0	315	7	0.4335
0	328	98	0.423487
0	404	127	0.373574
0	476	56	0.335944
0	104	48	0.698012
0	160	17	0.600193
0	232	71	0.507973
0	454	55	0.345069
0	130	58	0.647627
0	457	88	0.343139
0	70	26	0.771589
0	362	141	0.394856
0	152	51	0.60818
0	262	75	0.473719
0	131	82	0.642524
0	391	114	0.375733
0	117	2	0.667344
0	137	6	0.63119
0	386	135	0.37758
0	288	64	0.448047
0	137	55	0.629407
0	475	92	0.328251
0	444	145	0.3427
0	200	65	0.536411
0	441	98	0.343949
0	209	99	0.52455
0	303	15	0.431961
0	245	14	0.483296
0	167	67	0.577913
0	260	98	0.467804
0	60	41	0.791719
0	86	44	0.726068
0	274	39	0.453671
0	220	93	0.508033
0	319	51	0.415475
0	456	84	0.331965
0	187	46	0.547786
0	241	75	0.484273
0	105	56	0.682647
0	108	11	0.675935
0	118	14	0.656186
0	436	5	0.340487
0	210	1	0.517164
0	128	21	0.63732
0	138	7	0.619397
0	121	28	0.649139
0	357	20	0.384597
0	373	110	0.374103
0	473	29	0.320102
0	314	42	0.414246
0	215	76	0.507738
0	179	33	0.553328
0	258	33	0.462083
0	198	47	0.527507
0	250	96	0.468442
0	399	83	0.355714
0	114	54	0.658777
0	306	53	0.418267
0	202	48	0.520169
0	456	64	0.324295
0	77	54	0.739344
0	438	25	0.332577
0	67	42	0.764851
0	314	80	0.409371
0	191	42	0.532319
0	284	38	0.433143
0	306	59	0.414881
0	263	69	0.451798
0	126	51	0.632162
0	174	52	0.554443
0	232	32	0.482578
0	447	67	0.325382
0	149	73	0.590972
0	388	109	0.356792
0	214	32	0.501406
0	234	16	0.478742
0	284	106	0.429033
0	201	21	0.514527
0	371	27	0.364741
0	103	9	0.674046
0	166	12	0.561885
0	208	56	0.504219
0	458	31	0.315618
0	349	33	0.376808
0	52	6	0.801963
0	242	111	0.464931
0	499	40	0.29645
0	321	39	0.395672
0	265	90	0.442051
0	215	13	0.494038
0	395	54	0.347019
0	436	71	0.324756
0	150	17	0.582709
0	418	49	0.33312
0	52	29	0.800429
1	92	0	0.693849
0	76	18	0.732862
0	195	19	0.516553
0	432	42	0.324949
0	441	90	0.320433
0	405	55	0.338568
0	370	118	0.358573
0	77	50	0.728635
0	288	109	0.417661
0	246	103	0.456058
0	307	42	0.400874
0	101	29	0.669888
0	281	107	0.421745
0	245	37	0.455415
0	282	41	0.420783
0	278	45	0.42381
0	261	95	0.439189
0	190	13	0.517759
0	286	51	0.415655
0	127	11	0.615123
0	365	14	0.356953
0	158	69	0.561503
0	103	56	0.662643
0	176	80	0.53457
0	343	93	0.368095
0	294	77	0.403786
0	114	32	0.635584
0	107	64	0.649872
0	58	19	0.773636
0	464	8	0.299113
0	56	10	0.778991
0	443	11	0.308197
0	86	17	0.695238
0	457	69	0.299797
0	72	27	0.730833
0	182	58	0.517585
0	83	39	0.701637
0	462	94	0.296977
0	50	18	0.795707
0	154	4	0.558284
0	311	116	0.384582
0	58	41	0.770027
0	61	8	0.76014
0	263	93	0.422362
0	67	23	0.741345
0	278	108	0.408457
0	418	56	0.314227
0	146	59	0.567298
0	366	81	0.343332
0	86	27	0.689903
0	205	50	0.482436
0	412	83	0.316765
0	91	50	0.677196
0	86	16	0.689139
0	98	36	0.660482
0	281	113	0.404135
0	162	35	0.539534
0	76	52	0.713501
0	271	53	0.410923
0	351	6	0.34977
0	286	52	0.396388
0	488	12	0.277778
0	216	98	0.464399
0	472	72	0.284064
0	348	33	0.349811
0	169	1	0.525484
0	280	54	0.400595
0	338	95	0.355918
0	491	110	0.275384
0	370	6	0.335008
0	374	12	0.33237
0	125	58	0.597926
0	66	27	0.737946
0	120	69	0.606807
0	360	88	0.339389
0	66	13	0.73695
0	335	37	0.355203
0	390	32	0.321009
0	184	15	0.500412
0	482	73	0.276043
0	449	116	0.290141
0	382	14	0.324344
0	315	48	0.367705
0	224	82	0.44954
0	433	35	0.296411
0	180	65	0.502691
0	209	67	0.465219
0	337	67	0.350303
0	429	120	0.297212
0	198	69	0.477066
0	73	29	0.711991
0	432	45	0.294593
0	287	45	0.385604
0	60	12	0.749843
0	258	53	0.410675
0	459	118	0.280863
0	148	72	0.547439
0	124	56	0.590182
0	490	23	0.265764
0	221	14	0.444835
0	287	104	0.3814
0	264	16	0.401274
0	246	86	0.417925
0	454	125	0.27946
0	80	43	0.687554
0	200	12	0.467813
0	187	51	0.483606
0	197	33	0.470606
0	274	106	0.389916
0	295	93	0.372021
0	460	99	0.275042
0	452	7	0.278349
0	483	125	0.265098
0	60	35	0.743621
0	58	21	0.75001
0	402	60	0.302068
0	233	28	0.427348
0	290	103	0.374792
0	459	112	0.274536
0	476	64	0.266938
0	377	45	0.314741
0	96	7	0.643174
0	495	119	0.25883
0	244	77	0.412606
0	263	78	0.393661
0	432	53	0.282868
0	150	29	0.531745
0	97	56	0.636945
0	399	33	0.298827
0	495	106	0.255657
0	261	47	0.393487
0	227	64	0.427242
0	309	79	0.352808
0	116	62	0.591752
0	430	70	0.281008
0	391	28	0.300102
0	365	99	0.31418
0	450	58	0.270613
0	295	80	0.361257
1	457	0	0.267429
0	149	62	0.528069
0	452	67	0.269419
0	51	1	0.765685
0	454	72	0.268311
0	315	20	0.345244
0	180	15	0.479825
0	55	9	0.751074
0	278	67	0.373647
0	467	121	0.261925
0	167	24	0.497653
0	448	98	0.269066
0	364	68	0.311402
0	299	7	0.354572
0	431	115	0.27497
0	112	47	0.593235
0	200	58	0.449111
0	111	15	0.593588
0	173	41	0.483625
0	253	63	0.390305
0	174	19	0.481288
0	483	71	0.250354
0	207	14	0.437562
0	399	84	0.287449
0	117	18	0.578972
0	248	94	0.393457
0	473	64	0.253469
0	496	50	0.244459
0	412	84	0.280287
0	427	108	0.272264
0	320	58	0.332827
0	99	50	0.617023
0	331	44	0.325153
0	302	53	0.345043
0	408	92	0.280093
0	452	38	0.258743
0	283	30	0.357022
0	257	38	0.378394
0	417	96	0.272664
0	422	8	0.269904
0	328	21	0.322268
0	162	43	0.490165
0	411	41	0.274304
0	483	42	0.24332
0	283	86	0.354317
0	464	88	0.250018
0	338	53	0.313898
0	289	32	0.348549
0	217	55	0.415461
0	144	26	0.516668
0	403	63	0.276126
0	383	76	0.286136
0	491	108	0.236875
0	264	80	0.365573
0	455	53	0.250299
0	130	11	0.538458
0	216	78	0.412313
0	412	91	0.268642
0	371	58	0.289637
0	220	61	0.407379
0	435	5	0.257476
0	165	44	0.477571
0	133	50	0.531347
0	402	103	0.272617
0	497	44	0.232129
0	377	83	0.28481
0	330	57	0.312485
0	88	2	0.627333
0	194	34	0.432762
0	224	63	0.397497
0	138	31	0.515402
0	488	2	0.231176
0	112	39	0.566502
0	74	6	0.664093
0	417	51	0.259362
0	490	81	0.229353
0	131	17	0.526584
0	184	6	0.440464
0	122	33	0.542623
0	251	77	0.365389
0	63	1	0.696322
0	249	6	0.365829
0	456	15	0.238788
0	305	93	0.319118
0	463	37	0.235157
0	370	45	0.277793
0	293	68	0.326914
0	205	20	0.409581
0	171	38	0.453653
0	75	21	0.654085
0	467	13	0.232702
0	93	25	0.602426
0	249	61	0.360277
0	272	55	0.339618
0	489	87	0.221974
0	173	65	0.446375
0	494	89	0.220112
0	354	100	0.282537
0	195	51	0.416838
0	257	58	0.350967
0	219	40	0.387992
0	221	65	0.385731
0	126	5	0.523626
0	52	28	0.724894
0	88	13	0.608441
0	240	54	0.362294
0	183	7	0.42686
0	323	66	0.296126
0	200	7	0.403743
0	140	31	0.491656
0	158	49	0.460388
0	470	23	0.222809
0	318	41	0.297437
0	283	63	0.321705
0	450	50	0.229316
0	266	6	0.334479
0	225	25	0.371716
0	431	20	0.235959
0	165	48	0.446414
1	192	0	0.408865
0	294	55	0.310881
0	198	12	0.400943
0	98	12	0.573925
0	163	56	0.447424
0	440	33	0.230252
0	329	1	0.285628
0	214	3	0.380439
0	173	15	0.430597
0	424	47	0.235417
0	190	36	0.406868
0	311	78	0.295132
0	363	86	0.263969
0	388	19	0.251027
0	451	42	0.223033
0	135	60	0.489481
0	314	5	0.29177
0	190	7	0.404147
0	248	22	0.341379
0	385	28	0.250013
0	93	20	0.579482
0	218	52	0.368701
0	179	45	0.414967
0	352	1	0.26475
0	210	2	0.375555
0	331	78	0.275517
0	458	59	0.215317
0	76	44	0.622577
0	125	9	0.500643
0	481	93	0.206522
0	425	92	0.227525
0	85	30	0.594983
0	240	49	0.342124
0	156	25	0.443899
0	170	61	0.422
0	432	33	0.223119
0	225	25	0.355239
0	54	26	0.695815
0	441	57	0.218767
0	305	15	0.288072
0	183	19	0.402542
0	288	64	0.29932
0	403	62	0.232962
0	339	33	0.264899
0	219	75	0.357487
0	188	4	0.393233
0	65	36	0.651766
1	52	0	0.700545
0	86	9	0.585708
0	390	12	0.236766
0	222	40	0.352658
0	361	73	0.250872
0	329	67	0.267458
0	204	26	0.369959
0	103	7	0.535088
0	463	85	0.203635
0	284	47	0.293528
0	347	53	0.253734
0	239	45	0.329958
0	133	19	0.468939
0	166	32	0.414162
0	112	37	0.511512
0	221	18	0.346388
0	135	49	0.463366
0	128	30	0.476609
0	356	53	0.246406
0	280	10	0.292965
0	122	9	0.487388
0	434	90	0.210706
0	284	2	0.289222
0	251	45	0.314831
0	450	80	0.203882
0	124	3	0.481598
0	486	92	0.191584
0	316	47	0.266968
0	55	4	0.676488
0	128	4	0.472985
0	425	5	0.212749
0	240	28	0.323225
0	424	22	0.212385
0	258	14	0.306996
0	308	71	0.270588
0	296	64	0.278267
0	315	39	0.265939
0	53	15	0.682856
0	225	45	0.336412
0	132	21	0.459759
0	140	9	0.445098
0	236	9	0.321799
0	158	15	0.414383
0	301	16	0.270819
0	161	34	0.409383
0	155	20	0.417858
0	81	1	0.578135
0	212	5	0.343315
0	218	40	0.336868
0	190	39	0.367918
0	181	13	0.378279
0	248	15	0.306737
0	102	15	0.517697
0	395	73	0.216685
0	453	72	0.194323
0	187	50	0.368266
0	387	42	0.219628
0	153	14	0.415324
0	189	32	0.364898
0	397	8	0.214729
0	174	12	0.383329
0	411	64	0.208255
0	382	34	0.220543
0	462	34	0.189391
0	201	54	0.349194
0	149	16	0.418873
0	167	47	0.39109
0	331	38	0.244427
0	354	38	0.232169
0	185	62	0.366465
0	105	15	0.504605
0	66	16	0.61781
0	308	7	0.257029
0	398	62	0.211014
0	70	16	0.602618
0	231	28	0.31369
0	262	35	0.286784
0	129	46	0.448497
0	301	75	0.257718
0	219	48	0.322579
0	439	66	0.191864
0	389	54	0.210564
0	344	62	0.231324
0	223	64	0.315768
0	399	24	0.204936
0	260	10	0.283093
0	199	37	0.34012
0	105	27	0.493506
0	494	23	0.171327
0	161	23	0.386681
0	98	47	0.508455
1	129	0	0.439535
0	135	4	0.428232
0	94	48	0.517811
0	278	49	0.265724
0	469	48	0.175974
0	256	20	0.281158
0	438	37	0.185313
0	148	20	0.401665
0	395	25	0.20096
0	130	8	0.432835
0	463	56	0.176112
0	93	31	0.514788
0	402	36	0.19652
0	255	35	0.278218
0	124	47	0.441972
0	495	37	0.165092
0	351	6	0.218033
0	446	16	0.179108
0	116	34	0.455546
0	156	15	0.382309
0	120	13	0.445493
0	214	9	0.310054
0	106	31	0.475012
0	326	18	0.226965
0	152	4	0.386316
0	91	42	0.512404
0	191	9	0.333356
0	153	32	0.38423
0	435	35	0.17971
0	245	12	0.27994
0	178	19	0.346575
0	329	61	0.221872
0	161	24	0.367685
0	154	39	0.377994
0	335	38	0.218284
0	216	11	0.301424
0	445	62	0.172982
0	219	60	0.298102
0	146	53	0.388818
0	107	48	0.463713
0	79	33	0.53909
0	158	8	0.367593
0	174	31	0.344923
0	184	54	0.33232
0	474	47	0.161912
0	127	12	0.418711
0	374	25	0.19584
0	327	42	0.216919
0	365	60	0.198794
0	486	68	0.156766
0	113	8	0.44354
0	481	67	0.157634
0	326	58	0.216342
0	301	40	0.228003
0	369	50	0.193049
0	465	42	0.158842
0	117	34	0.42618
0	247	52	0.260081
0	276	13	0.239212
0	134	50	0.393021
0	343	52	0.20181
0	71	22	0.549416
0	227	41	0.276084
0	382	70	0.184399
0	375	7	0.186972
0	116	49	0.425426
0	271	1	0.240471
0	54	5	0.612772
0	301	17	0.220806
0	415	44	0.170471
0	458	8	0.156698
0	321	40	0.208953
1	151	0	0.358885
0	142	42	0.373122
0	90	38	0.483965
0	345	18	0.196502
0	68	2	0.553299
0	285	47	0.226765
0	439	15	0.159842
0	453	48	0.155562
0	169	1	0.330516
0	128	6	0.394606
0	113	43	0.424066
0	183	41	0.312408
0	349	18	0.192252
0	362	23	0.186479
0	403	7	0.170605
0	495	63	0.143304
0	490	63	0.144192
0	189	12	0.303733
0	485	44	0.145125
0	120	39	0.406278
0	432	10	0.158896
0	498	68	0.140764
0	172	11	0.319072
0	135	40	0.373442
0	349	39	0.187206
0	161	32	0.333008
0	256	16	0.238959
0	179	39	0.309819
0	162	47	0.330246
0	233	1	0.254685
0	274	56	0.225013
0	296	59	0.211584
0	73	13	0.521023
0	374	52	0.174879
0	147	25	0.349686
0	456	3	0.147424
0	243	3	0.244665
0	180	42	0.304146
0	375	9	0.173412
0	215	21	0.266994
0	282	26	0.216607
0	292	47	0.210702
0	175	42	0.307995
0	397	27	0.16388
0	151	19	0.339928
0	213	37	0.267376
0	419	62	0.156047
0	318	56	0.195897
0	111	33	0.410832
0	160	1	0.325863
0	70	33	0.524216
0	314	14	0.19683
0	75	32	0.506211
0	105	1	0.420805
0	374	1	0.169225
0	421	7	0.15306
0	335	60	0.184969
0	276	17	0.215895
0	91	11	0.454792
0	94	5	0.445853
0	133	3	0.362508
0	89	27	0.458642
0	497	48	0.130967
0	304	40	0.197432
0	311	58	0.193808
0	135	15	0.355864
0	149	18	0.333233
0	219	8	0.253703
0	368	36	0.168151
0	138	11	0.349521
0	300	26	0.197303
0	463	59	0.137306
0	377	17	0.163387
0	273	5	0.211961
0	186	2	0.282047
0	207	15	0.260857
0	114	31	0.390226
0	240	7	0.232296
0	485	11	0.129672
0	401	47	0.152593
0	320	31	0.18279
0	262	41	0.213753
0	186	26	0.276838
0	198	21	0.264136
0	61	4	0.538035
0	273	34	0.206098
0	98	13	0.419302
0	307	20	0.187089
0	244	19	0.224423
0	114	3	0.382299
0	67	10	0.512702
0	65	32	0.519473
1	141	0	0.332259
0	211	23	0.249161
0	100	12	0.411426
0	454	23	0.132961
0	59	18	0.5407
0	319	22	0.178711
0	113	14	0.380161
0	277	11	0.199972
0	72	20	0.48941
0	370	57	0.156865
0	423	34	0.139798
0	227	43	0.232121
0	391	52	0.148885
0	73	23	0.483316
0	330	26	0.170911
0	210	44	0.243317
0	498	15	0.119221
0	58	29	0.537185
0	174	37	0.278667
0	334	36	0.167308
0	444	57	0.131201
0	287	36	0.188909
0	278	13	0.193045
0	186	11	0.262865
0	164	20	0.287144
0	152	32	0.302841
0	78	30	0.45763
0	243	22	0.21257
0	185	9	0.261253
0	488	56	0.117466
0	499	3	0.114895
0	172	23	0.273088
0	349	14	0.156207
0	374	47	0.146889
1	441	0	0.127245
0	128	28	0.331926
0	261	48	0.195306
0	243	19	0.204482
0	258	14	0.194675
0	69	1	0.473717
0	99	38	0.385125
0	428	54	0.1263
0	190	37	0.245498
0	431	20	0.125282
0	416	28	0.129215
0	475	12	0.114659
0	235	13	0.206859
0	355	48	0.146631
0	226	45	0.212506
0	431	34	0.123118
0	393	43	0.133425
0	310	42	0.162491
0	102	34	0.370869
0	292	19	0.170118
0	180	13	0.249281
0	166	16	0.264478
0	196	1	0.23257
0	65	21	0.477463
0	240	23	0.198328
0	74	12	0.444989
0	200	6	0.22873
0	210	36	0.219993
0	233	42	0.202448
0	310	40	0.159944
0	164	18	0.263688
0	189	33	0.236727
0	137	32	0.299042
0	375	2	0.134199
0	244	34	0.192146
0	278	34	0.172621
0	382	47	0.131648
0	457	23	0.112389
0	362	29	0.137276
0	265	41	0.17853
0	212	12	0.212846
0	329	46	0.148374
0	114	38	0.334421
0	136	2	0.296348
0	160	16	0.262573
0	166	37	0.254705
0	476	37	0.106465
0	247	24	0.186713
0	319	21	0.150869
0	408	11	0.12181
0	107	34	0.345525
0	436	35	0.114374
1	79	0	0.415965
0	220	23	0.203055
0	387	18	0.126308
0	269	13	0.171958
0	291	7	0.160093
0	385	34	0.125198
0	131	10	0.295575
0	65	20	0.457735
0	349	40	0.135476
0	285	25	0.160978
0	117	37	0.318291
0	204	21	0.210875
0	97	12	0.358728
0	112	28	0.325096
0	98	5	0.354705
0	466	46	0.103613
0	133	16	0.287603
0	76	5	0.413944
0	277	29	0.161765
0	76	2	0.41205
0	184	41	0.224279
0	334	8	0.137331
0	203	38	0.207369
0	151	33	0.259868
0	367	5	0.125327
0	287	16	0.154846
0	280	2	0.157849
0	339	25	0.134059
0	444	24	0.105433
0	422	41	0.110212
0	347	21	0.130418
0	330	37	0.135875
0	374	43	0.121824
0	191	37	0.213476
0	125	17	0.292613
0	177	10	0.225087
0	205	3	0.200233
0	123	22	0.293845
0	350	34	0.127397
0	196	16	0.206627
0	341	37	0.130166
0	89	4	0.364026
0	126	15	0.286979
0	136	17	0.271518
0	488	25	0.0940527
0	134	8	0.27367
0	365	24	0.121307
0	52	19	0.49164
0	457	40	0.0990506
0	336	36	0.129955
0	85	31	0.370537
0	459	21	0.0981369
0	433	44	0.103012
0	500	24	0.0903985
0	253	19	0.163779
0	399	24	0.110369
0	350	39	0.123805
0	288	36	0.14639
0	160	24	0.23574
1	94	0	0.344157
0	488	30	0.0917453
0	131	6	0.273155
0	267	25	0.155403
0	210	8	0.188899
0	363	38	0.118666
0	101	21	0.325328
0	135	21	0.264842
0	451	20	0.0971425
0	348	12	0.121564
0	70	1	0.406902
0	357	32	0.118242
0	102	7	0.319075
0	110	7	0.302492
0	56	20	0.459498
0	192	8	0.19867
0	128	12	0.27067
0	171	27	0.217071
0	206	15	0.186293
0	491	20	0.0876359
0	482	30	0.0886583
0	134	13	0.259163
0	138	7	0.253042
0	365	37	0.11317
0	296	24	0.135215
0	94	13	0.329459
0	172	15	0.21
0	397	18	0.102402
0	336	28	0.118662
0	453	11	0.0906376
1	159	0	0.220555
0	381	23	0.105118
0	117	16	0.276375
0	344	6	0.114461
0	59	18	0.428948
0	232	13	0.159997
0	346	2	0.113221
0	209	16	0.17419
0	116	8	0.275074
0	62	25	0.414928
0	208	22	0.174276
0	106	6	0.292749
0	137	4	0.241714
0	151	22	0.22392
0	103	6	0.296789
0	370	28	0.105019
0	397	23	0.098517
0	123	13	0.260113
1	50	0	0.463581
0	276	33	0.134736
0	330	28	0.114952
0	113	15	0.274545
0	296	6	0.125868
0	56	17	0.430478
0	95	10	0.307972
0	51	11	0.452572
0	185	29	0.185453
0	445	4	0.0863662
1	229	0	0.155071
1	50	0	0.455198
0	159	23	0.207477
0	237	2	0.149035
0	217	15	0.160355
0	199	4	0.172249
0	254	24	0.140167
0	379	27	0.0984294
0	63	12	0.395382
0	193	14	0.174881
0	330	9	0.110107
0	378	16	0.0970932
0	286	34	0.124261
0	170	4	0.192199
0	242	21	0.142614
0	101	17	0.28496
0	73	3	0.354685
0	452	4	0.081421
0	101	11	0.283141
0	481	8	0.0762193
0	101	8	0.281364
0	500	26	0.0732114
0	188	25	0.171668
0	275	32	0.123531
0	180	23	0.177098
1	177	0	0.179519
0	72	14	0.349695
0	137	17	0.21947
0	131	1	0.225302
0	212	24	0.152313
0	75	3	0.336331
1	72	0	0.345291
0	372	34	0.0925776
0	429	15	0.0812343
0	138	9	0.214354
0	368	12	0.0927736
0	284	19	0.116658
0	268	16	0.122761
0	348	5	0.0970035
0	121	11	0.235127
0	91	2	0.289925
0	163	27	0.185437
0	418	6	0.0814956
0	125	14	0.228669
0	360	17	0.0933147
0	332	10	0.100196
0	64	9	0.365915
0	133	18	0.217199
0	134	10	0.215336
0	99	15	0.270613
0	68	19	0.350476
0	152	23	0.19404
0	132	3	0.216944
0	195	24	0.157538
0	156	15	0.189401
0	59	16	0.381615
0	65	19	0.358545
0	86	5	0.296608
0	329	27	0.0988065
0	187	3	0.160856
0	349	12	0.0928989
0	300	20	0.106292
0	105	22	0.253474
0	421	12	0.0779578
1	207	0	0.144934
0	191	19	0.15517
0	215	23	0.140251
0	454	9	0.0714905
0	136	18	0.204325
0	91	18	0.27676
0	356	30	0.0890853
0	203	23	0.146332
0	203	23	0.144807
0	404	10	0.0781882
0	141	17	0.195082
0	262	4	0.115234
0	82	6	0.293788
0	126	18	0.212948
0	108	9	0.23985
0	72	17	0.320778
0	160	3	0.175124
0	452	1	0.0696583
0	113	21	0.230001
0	78	3	0.301219
0	344	22	0.0887031
0	111	1	0.231498
0	126	15	0.209489
0	101	6	0.248219
0	79	1	0.296406
1	177	0	0.158245
0	349	28	0.0866498
0	100	24	0.248095
0	280	8	0.105405
0	182	16	0.15319
0	479	21	0.0642411
0	60	16	0.353973
0	497	10	0.0616832
1	59	0	0.356205
0	109	24	0.229932
0	236	28	0.121051
1	140	0	0.186853
0	134	1	0.193485
0	157	11	0.168956
0	263	12	0.107977
0	209	20	0.131736
0	93	19	0.253255
0	55	16	0.363847
0	182	16	0.146934
0	139	13	0.183776
0	169	14	0.156213
0	217	7	0.125745
0	223	23	0.122768
0	476	21	0.0609317
0	171	10	0.152945
0	426	20	0.06746
0	274	25	0.100767
0	302	16	0.0922553
0	157	25	0.163293
0	182	12	0.144006
0	187	16	0.140638
0	182	5	0.143339
0	243	14	0.111106
0	202	13	0.130504
0	152	17	0.165635
0	230	11	0.115948
0	134	11	0.183323
0	430	7	0.0651155
0	227	25	0.116153
0	354	5	0.0776966
0	113	14	0.207029
0	244	6	0.107764
0	148	19	0.165303
0	86	15	0.253522
1	163	0	0.151863
0	56	5	0.341028
0	134	8	0.176925
0	476	12	0.0569835
0	62	8	0.31622
0	341	25	0.0775083
0	392	10	0.0677501
0	65	15	0.302159
0	497	25	0.0535145
0	482	14	0.0550355
0	114	20	0.196197
0	403	16	0.0645852
0	67	5	0.29342
0	231	20	0.106159
0	251	13	0.0980694
0	80	17	0.253829
0	88	13	0.234761
0	238	13	0.101702
0	82	10	0.247314
0	239	12	0.100736
0	161	15	0.142425
0	114	13	0.188466
0	261	20	0.0915611
0	55	3	0.323245
0	53	7	0.330386
0	434	19	0.0564242
0	464	18	0.0523523
0	369	6	0.0649136
0	344	2	0.0689944
0	129	8	0.162265
0	139	10	0.152089
0	79	1	0.239042
0	259	0	0.0869753
0	384	12	0.0602811
0	174	2	0.123738
0	90	13	0.213822
0	146	2	0.14357
0	165	4	0.128055
0	169	16	0.125284
0	482	19	0.0473008
0	156	4	0.132748
0	401	14	0.0561879
0	168	13	0.124301
0	414	10	0.0537281
0	481	8	0.0465316
0	54	12	0.301855
0	50	6	0.316271
0	195	12	0.105074
0	385	15	0.0555745
0	139	15	0.139575
0	336	18	0.0617238
0	147	16	0.130601
0	119	7	0.156097
0	295	0	0.0686851
0	80	1	0.208663
0	260	9	0.0749051
0	74	0	0.221104
0	465	7	0.0427465
0	444	7	0.0443499
0	91	12	0.18375
0	279	1	0.0682731
0	99	7	0.169258
0	282	4	0.0667005
0	368	10	0.0517668
0	73	12	0.215114
0	241	16	0.0765858
0	381	16	0.0495431
0	139	10	0.122118
0	52	13	0.270117
0	412	1	0.0446141
0	134	13	0.125148
0	195	13	0.0894788
0	120	2	0.137674
0	414	1	0.0439995
0	136	6	0.122608
0	218	7	0.0799928
0	462	18	0.0390948
0	80	7	0.190051
0	229	14	0.0753308
0	178	2	0.0948182
0	372	4	0.0476381
0	473	10	0.0378196
0	132	5	0.123095
0	87	10	0.174722
0	153	13	0.107226
0	52	6	0.259865
0	468	3	0.0372198
0	382	15	0.0448436
0	210	16	0.0783518
0	170	9	0.0931406
0	68	6	0.202806
0	207	15	0.0765716
0	196	4	0.0803004
0	322	10	0.0502681
0	395	11	0.0412005
0	371	6	0.0434165
0	203	15	0.0760687
0	164	10	0.0914917
0	153	5	0.096834
0	305	7	0.051033
0	137	8	0.105546
0	242	14	0.0622491
0	123	12	0.114319
0	177	3	0.0815069
0	126	8	0.110765
0	229	4	0.0633184
0	125	4	0.10825
0	309	2	0.0466331
0	297	3	0.0483906
0	117	3	0.113498
0	159	8	0.0855438
0	347	11	0.0409866
0	223	3	0.061858
0	216	13	0.0635385
0	174	5	0.0775596
0	255	0	0.0540988
0	88	7	0.140931
0	167	9	0.0789481
0	51	6	0.21883
0	71	2	0.165894
0	58	10	0.194986
0	74	10	0.15889
0	212	0	0.0615448
0	304	10	0.0435566
0	286	11	0.0455532
0	156	7	0.0802084
0	104	10	0.115446
0	143	10	0.0865096
0	391	13	0.0334488
0	130	5	0.0929678
0	472	12	0.027321
0	170	0	0.0722411
0	366	9	0.034616
0	98	0	0.117899
0	91	10	0.124267
0	55	2	0.188158
0	66	7	0.160561
0	156	1	0.0732084
0	117	7	0.0937728
0	120	3	0.0915196
0	50	3	0.193692
0	194	2	0.0579875
0	340	8	0.0338212
0	85	7	0.122585
0	63	8	0.157977
0	99	5	0.106474
0	355	2	0.0320515
0	262	9	0.0420355
0	62	3	0.156117
0	104	7	0.0987727
0	365	5	0.0301364
0	81	6	0.122473
0	104	1	0.0979981
0	80	9	0.122983
0	489	8	0.0224077
0	71	1	0.135065
0	134	0	0.0761521
0	217	8	0.0483675
0	187	6	0.0553652
0	190	4	0.0539919
0	134	0	0.0742782
0	294	1	0.0346451
0	109	8	0.0882099
0	230	8	0.0432151
0	329	6	0.0305981
0	76	5	0.119307
0	122	8	0.0760677
0	100	2	0.089904
0	225	9	0.0417456
0	150	0	0.0611406
0	221	4	0.0422071
0	304	6	0.0310211
0	241	8	0.0374227
0	419	2	0.0217578
0	148	0	0.0589918
0	85	5	0.098146
0	229	8	0.0382957
0	180	1	0.0478363
0	152	2	0.0556862
0	78	5	0.100947
0	462	6	0.0184932
0	69	7	0.11007
0	89	5	0.0866123
0	79	0	0.0964409
0	341	5	0.0239517
0	439	4	0.0180649
0	195	6	0.0394773
0	349	1	0.021938
0	124	5	0.0588105
0	94	5	0.0742684
0	66	4	0.102181
0	55	1	0.119253
0	228	2	0.0306255
0	144	5	0.0469226
0	144	5	0.0468511
0	346	1	0.0199207
0	56	5	0.11047
0	118	1	0.0554049
0	242	1	0.0270578
0	81	0	0.0765863
0	321	3	0.0204563
0	312	0	0.0209427
0	86	1	0.0707617
0	274	5	0.0232842
0	94	4	0.0638462
0	85	4	0.0681316
0	100	0	0.0571843
0	59	4	0.0922805
0	62	5	0.0861006
0	57	3	0.0928064
0	276	2	0.020541
0	109	1	0.0502704
0	80	3	0.0666962
0	303	1	0.018388
0	134	1	0.0400022
0	65	0	0.0784218
0	452	2	0.0119513
0	375	0	0.013937
0	126	2	0.0387425
0	91	0	0.0523654
0	83	4	0.0536045
0	52	2	0.082549
0	135	3	0.0334017
0	115	1	0.0387948
0	60	3	0.0685312
0	165	2	0.0259877
0	203	1	0.0203423
0	79	0	0.0496669
0	54	0	0.0705775
0	202	0	0.0196388
0	184	0	0.0210164
0	79	3	0.0475081
0	89	3	0.0404909
0	131	1	0.0277425
0	223	3	0.0159099
0	116	0	0.0300652
0	209	2	0.0154169
0	75	0	0.0399411
0	115	1	0.0263621
0	109	1	0.0276401
0	89	0	0.0317063
0	276	1	0.0103903
0	63	2	0.043839
0	112	2	0.025077
0	56	2	0.0469679
0	221	0	0.0120469
0	90	0	0.0289878
0	81	0	0.0290159
0	59	1	0.0332169
0	59	1	0.0312052
0	59	0	0.0282641
0	63	0	0.0240468
0	142	1	0.0101796
0	81	1	0.0149132
