15851.8
0.218564
1000
1	447	405	0.999998
1	339	287	0.999998
1	381	370	0.999997
1	306	278	0.999997
1	399	391	0.999996
1	380	359	0.999996
1	325	318	0.999996
1	373	348	0.999995
1	463	420	0.999993
1	365	337	0.999994
1	116	108	0.999998
1	382	324	0.999993
1	215	200	0.999996
1	247	207	0.999995
1	498	492	0.999989
1	134	123	0.999997
1	399	355	0.999991
1	390	381	0.999989
1	499	423	0.999983
1	500	415	0.999982
1	347	324	0.999987
1	247	228	0.99999
1	264	255	0.999989
1	374	357	0.999983
1	478	416	0.999978
1	229	189	0.999989
1	259	246	0.999987
1	463	451	0.999976
1	288	282	0.999985
1	265	243	0.999986
1	467	412	0.999975
1	203	180	0.999989
1	326	278	0.999982
1	488	457	0.999973
1	371	318	0.999979
1	366	344	0.999979
1	440	380	0.999974
1	473	437	0.999972
1	431	375	0.999974
1	248	231	0.999985
1	227	191	0.999986
1	436	391	0.999973
1	467	412	0.999971
1	433	372	0.999973
1	496	454	0.999969
1	472	402	0.99997
1	435	391	0.999972
1	463	455	0.99997
1	475	455	0.999968
1	229	192	0.999984
1	457	444	0.999968
1	444	417	0.999967
1	142	129	0.999989
1	243	204	0.999981
0	226	225	0.999982
1	160	138	0.999987
1	332	279	0.999973
1	332	309	0.999973
1	318	270	0.999974
1	293	269	0.999976
1	353	298	0.99997
1	447	393	0.999961
0	360	355	0.999968
1	314	301	0.999972
1	145	139	0.999987
1	143	140	0.999987
1	165	157	0.999985
1	296	291	0.999973
1	383	353	0.999965
1	491	428	0.999954
1	240	217	0.999977
1	479	429	0.999954
1	499	432	0.999952
1	328	286	0.999968
1	162	144	0.999984
1	202	183	0.99998
1	161	134	0.999984
1	482	465	0.999951
0	497	493	0.999948
1	241	216	0.999974
1	440	402	0.999952
1	471	424	0.999948
1	415	381	0.999954
0	171	169	0.999981
1	261	232	0.999971
1	422	362	0.999953
1	488	474	0.999944
1	260	218	0.99997
1	137	114	0.999984
1	400	389	0.999953
1	494	453	0.999941
1	333	297	0.99996
1	495	445	0.99994
1	483	441	0.999941
1	431	360	0.999944
1	428	391	0.999944
1	197	189	0.999974
1	446	422	0.999941
1	109	100	0.999985
1	123	107	0.999983
0	65	64	0.999991
0	432	428	0.99994
0	223	222	0.999969
1	170	160	0.999976
1	360	309	0.999949
1	457	413	0.999935
1	90	84	0.999987
1	498	470	0.999928
1	411	340	0.99994
1	351	290	0.999948
0	452	447	0.999933
0	181	180	0.999973
1	165	148	0.999975
1	500	472	0.999923
1	399	337	0.999938
1	353	340	0.999945
1	250	242	0.999961
1	427	374	0.999933
1	425	402	0.999933
1	207	177	0.999967
1	440	376	0.999929
1	480	431	0.999922
0	440	432	0.999928
1	303	273	0.99995
0	181	180	0.99997
1	404	378	0.999933
1	150	126	0.999975
1	263	251	0.999956
0	215	213	0.999964
1	171	154	0.999971
0	484	474	0.999917
1	439	394	0.999924
1	483	417	0.999916
1	477	393	0.999917
1	385	326	0.999933
1	304	254	0.999946
1	292	241	0.999948
1	488	469	0.999913
0	256	254	0.999954
0	215	213	0.999961
1	465	387	0.999915
1	169	161	0.999969
1	337	289	0.999938
1	336	309	0.999938
1	379	356	0.99993
0	486	475	0.999909
0	116	115	0.999978
1	469	387	0.999911
1	409	370	0.999922
1	395	355	0.999924
0	420	411	0.999919
1	461	413	0.999911
1	473	453	0.999908
1	369	326	0.999928
1	307	290	0.99994
1	424	394	0.999917
1	449	416	0.999912
1	179	166	0.999964
1	357	312	0.999928
1	450	434	0.999909
0	197	192	0.99996
0	197	196	0.99996
1	162	142	0.999967
1	382	323	0.999921
1	442	366	0.999908
1	431	369	0.99991
1	455	428	0.999904
1	482	464	0.999898
1	411	392	0.999912
1	251	238	0.999946
1	436	414	0.999905
1	273	247	0.99994
0	337	328	0.999925
0	473	462	0.999893
1	291	247	0.999933
1	490	429	0.999887
1	473	456	0.99989
1	395	344	0.999907
1	340	327	0.999919
1	288	249	0.999931
1	204	193	0.999951
1	382	358	0.999908
1	361	331	0.999913
1	460	382	0.999889
0	368	363	0.999911
1	193	176	0.999953
1	447	394	0.999891
1	122	107	0.99997
1	296	284	0.999927
0	293	292	0.999927
1	232	214	0.999942
1	264	220	0.999934
0	409	406	0.999897
1	145	120	0.999963
1	347	304	0.999911
0	182	177	0.999953
0	208	204	0.999946
0	439	425	0.999886
1	417	391	0.999891
1	375	340	0.999901
1	491	439	0.999866
1	326	291	0.999911
1	426	372	0.999883
1	460	436	0.999873
1	447	417	0.999876
0	414	412	0.999885
1	412	354	0.999885
1	241	209	0.999932
1	287	267	0.999919
0	230	228	0.999935
1	116	104	0.999967
1	420	359	0.99988
1	279	248	0.99992
0	480	460	0.999861
1	466	396	0.999864
1	481	401	0.999859
1	132	109	0.999961
1	267	241	0.999921
1	400	382	0.999881
1	346	291	0.999896
0	126	121	0.999962
1	481	410	0.999854
1	227	200	0.999931
1	351	323	0.999893
0	167	160	0.999949
1	320	297	0.999901
1	190	158	0.999941
1	452	422	0.999859
1	346	303	0.999892
1	473	396	0.999852
1	99	83	0.999969
1	476	397	0.99985
1	123	105	0.999961
0	312	310	0.999901
1	323	267	0.999897
0	388	384	0.999876
1	431	394	0.999862
0	480	479	0.999846
0	447	446	0.999856
0	411	395	0.999867
1	454	426	0.999852
0	61	59	0.99998
1	152	136	0.99995
1	404	340	0.999867
1	488	420	0.999839
1	371	312	0.999877
1	209	188	0.99993
1	324	308	0.999891
1	352	300	0.99988
1	236	196	0.999919
1	339	283	0.999883
0	433	419	0.999849
1	387	351	0.999865
0	269	260	0.999906
1	297	264	0.999896
1	117	104	0.999959
0	290	286	0.999898
1	469	406	0.999835
1	487	453	0.999828
1	172	160	0.999939
1	234	203	0.999917
1	281	258	0.9999
1	418	396	0.999851
1	336	308	0.99988
1	445	412	0.999841
1	249	231	0.999911
1	452	411	0.999838
1	365	314	0.999869
1	238	218	0.999914
0	249	243	0.999909
1	382	348	0.99986
1	379	327	0.999861
1	268	229	0.999901
0	300	290	0.999889
1	270	252	0.9999
1	471	393	0.999824
1	115	108	0.999957
0	374	370	0.99986
0	309	303	0.999884
1	212	188	0.99992
0	487	473	0.999816
0	435	434	0.999835
1	477	400	0.999818
1	73	64	0.999972
1	241	226	0.999907
1	391	362	0.999849
0	98	94	0.999962
1	380	327	0.999852
0	156	148	0.999939
1	422	387	0.999834
1	447	415	0.999824
0	462	452	0.999818
0	329	317	0.999869
1	348	298	0.999861
1	463	383	0.999815
1	150	131	0.99994
0	338	327	0.999864
0	355	344	0.999857
0	341	325	0.999862
1	327	309	0.999867
1	204	180	0.999917
0	400	388	0.999837
1	389	360	0.999841
1	361	298	0.999852
1	138	116	0.999943
1	498	426	0.999794
0	472	450	0.999804
1	378	338	0.999843
1	437	411	0.999818
1	223	204	0.999907
1	406	355	0.99983
0	450	426	0.999811
0	228	218	0.999904
1	380	344	0.99984
0	230	228	0.999903
1	423	378	0.999821
0	118	117	0.99995
0	467	453	0.999802
0	443	442	0.999812
1	394	354	0.999832
0	178	169	0.999923
1	446	380	0.999807
1	376	338	0.999837
0	367	353	0.99984
1	438	372	0.999809
1	432	390	0.999811
1	222	201	0.999902
1	267	248	0.999882
0	260	252	0.999885
1	226	201	0.9999
0	151	145	0.999933
1	187	174	0.999917
0	92	91	0.999959
1	465	399	0.999792
1	372	336	0.999833
1	376	328	0.999831
0	164	161	0.999926
1	379	355	0.999828
1	347	303	0.999842
0	325	315	0.999851
0	370	357	0.99983
0	395	374	0.999818
1	396	358	0.999817
0	326	316	0.999849
1	467	426	0.999783
0	165	162	0.999923
0	383	373	0.999821
1	154	144	0.999928
1	229	212	0.999892
1	165	151	0.999922
1	433	362	0.999795
0	249	243	0.999882
1	390	340	0.999814
1	462	395	0.999778
1	245	226	0.999882
1	491	439	0.999763
1	395	325	0.999808
1	401	365	0.999805
1	353	307	0.999828
1	322	282	0.999843
0	190	183	0.999907
1	275	246	0.999865
1	309	262	0.999847
1	433	398	0.999784
0	134	131	0.999933
0	380	379	0.99981
0	443	426	0.999778
1	251	207	0.999874
1	471	402	0.999763
1	492	459	0.999752
1	428	392	0.999783
0	124	118	0.999937
1	436	397	0.999776
0	500	490	0.999743
1	272	249	0.99986
0	271	263	0.99986
0	378	360	0.999804
1	310	278	0.999839
1	433	397	0.999775
1	425	367	0.999779
1	401	361	0.999791
1	280	241	0.999854
1	358	332	0.999813
1	419	392	0.999781
1	392	348	0.999795
0	457	456	0.999761
1	463	392	0.999757
0	379	366	0.999801
1	186	174	0.999902
1	311	276	0.999836
1	490	457	0.999739
1	422	359	0.999774
0	359	344	0.999807
1	156	138	0.999916
1	462	406	0.999751
0	320	301	0.999827
1	342	290	0.999815
1	399	337	0.999784
1	387	342	0.99979
1	350	323	0.999809
1	391	357	0.999786
1	254	233	0.99986
1	203	181	0.999888
1	192	161	0.999894
1	313	262	0.999826
1	383	348	0.999787
1	401	373	0.999776
1	327	296	0.999817
1	400	366	0.999776
1	244	221	0.999863
1	385	331	0.999782
1	58	53	0.999967
1	493	450	0.999719
1	265	222	0.999848
1	443	413	0.999744
1	238	199	0.999862
1	424	376	0.999754
1	168	143	0.999902
1	405	337	0.999763
1	257	232	0.999849
0	325	314	0.999809
0	315	308	0.999814
0	274	257	0.999838
0	355	338	0.99979
0	463	441	0.999724
0	369	363	0.99978
1	400	344	0.999761
0	420	401	0.999749
1	378	319	0.999774
0	458	444	0.999726
0	334	318	0.9998
1	389	356	0.999767
0	357	343	0.999786
0	173	165	0.999896
1	296	264	0.999822
1	210	193	0.999873
1	402	360	0.999756
1	446	403	0.999728
1	393	333	0.99976
1	406	374	0.999751
0	114	109	0.99993
1	419	362	0.999742
1	401	349	0.999753
1	209	173	0.99987
1	477	423	0.999702
0	203	190	0.999872
1	217	183	0.999863
1	500	452	0.999684
1	436	392	0.999724
0	107	103	0.999932
1	287	245	0.999817
0	439	436	0.99972
1	286	245	0.999817
1	495	427	0.999683
1	334	288	0.999786
0	488	462	0.999687
1	421	361	0.999729
1	420	350	0.999728
0	188	175	0.999878
0	123	118	0.99992
0	335	329	0.999782
1	493	444	0.999678
0	499	476	0.999674
0	430	400	0.999717
1	420	360	0.999723
0	453	443	0.999701
1	478	404	0.999684
0	489	485	0.999676
1	229	205	0.999848
0	232	227	0.999846
1	421	349	0.99972
0	293	289	0.999805
1	132	118	0.999912
0	156	146	0.999896
0	142	134	0.999905
0	278	258	0.999814
0	449	431	0.999697
1	456	417	0.999691
1	405	361	0.999725
0	300	298	0.999796
1	223	198	0.999848
1	409	367	0.999721
0	170	169	0.999884
1	445	401	0.999696
0	458	429	0.999687
1	393	343	0.99973
0	142	136	0.999902
0	112	111	0.999922
1	439	373	0.999694
0	416	392	0.99971
0	146	142	0.999898
1	187	170	0.999869
0	379	362	0.999734
0	299	278	0.999789
1	290	267	0.999795
1	291	264	0.999794
1	180	161	0.999872
0	440	420	0.999686
1	116	104	0.999917
1	356	320	0.999745
0	379	375	0.999728
1	419	351	0.999698
1	454	408	0.999672
0	273	260	0.999802
1	204	175	0.999852
0	232	226	0.999831
0	376	367	0.999726
1	494	445	0.999639
1	499	412	0.999635
1	224	187	0.999836
0	154	153	0.999887
0	470	450	0.999655
0	199	184	0.999853
0	338	326	0.99975
1	402	339	0.999702
1	186	157	0.999862
0	425	403	0.999684
0	367	356	0.999727
0	274	263	0.999796
1	212	186	0.999842
1	292	248	0.999782
1	434	382	0.999676
1	493	437	0.999631
1	421	376	0.999684
1	170	153	0.999872
1	344	310	0.999741
1	210	179	0.999841
1	323	282	0.999755
1	481	399	0.999635
0	243	240	0.999815
0	457	453	0.999652
1	397	347	0.999696
0	413	401	0.999683
1	259	220	0.999801
0	466	441	0.999641
0	131	125	0.999899
0	284	278	0.999781
1	426	358	0.99967
0	400	393	0.999689
1	420	381	0.999673
0	407	396	0.999683
1	465	406	0.999637
0	203	187	0.999841
0	180	167	0.999859
0	385	361	0.999698
1	473	415	0.999628
0	413	381	0.999674
1	326	296	0.999742
0	462	457	0.999634
1	463	383	0.999633
1	464	410	0.999632
1	368	308	0.999707
1	60	52	0.999952
1	464	416	0.999628
0	409	385	0.999672
0	441	416	0.999646
0	270	258	0.999783
1	385	322	0.99969
1	366	312	0.999705
0	377	357	0.999695
1	358	310	0.99971
1	444	406	0.99964
0	331	308	0.999731
1	312	285	0.999746
0	227	224	0.999815
0	87	86	0.999929
0	158	153	0.999871
0	256	250	0.99979
0	162	156	0.999867
0	386	385	0.999683
1	282	236	0.999768
1	137	125	0.999887
1	206	179	0.99983
0	452	428	0.999627
1	404	354	0.999666
1	336	304	0.999722
1	468	390	0.999611
1	394	343	0.999672
1	247	220	0.999794
0	266	249	0.999778
1	473	394	0.999605
1	472	410	0.999605
1	230	198	0.999807
0	163	154	0.999863
0	290	289	0.999756
0	375	350	0.999684
1	204	179	0.999828
1	368	320	0.999689
0	401	397	0.999661
0	225	208	0.999809
0	446	410	0.99962
1	245	225	0.999791
0	69	68	0.999941
1	367	312	0.999685
0	408	398	0.999649
0	167	163	0.999856
1	400	344	0.999655
0	234	223	0.999798
1	329	279	0.999715
0	445	438	0.999614
0	340	316	0.999705
1	282	233	0.999755
0	416	408	0.999638
1	290	255	0.999746
0	398	393	0.999651
1	240	217	0.999789
0	452	447	0.999602
1	459	398	0.999594
0	456	431	0.999596
0	319	317	0.999717
1	411	358	0.999635
0	154	149	0.999863
1	56	51	0.99995
1	429	358	0.999617
0	449	416	0.999599
1	311	284	0.999722
0	454	451	0.999594
1	294	261	0.999737
1	282	250	0.999747
1	275	227	0.999753
0	237	225	0.999787
0	360	357	0.999676
0	442	421	0.999602
1	277	246	0.999749
0	439	415	0.999602
1	392	335	0.999644
1	435	396	0.999604
0	293	292	0.999733
0	432	425	0.999602
1	331	289	0.999695
1	271	243	0.99975
0	205	198	0.99981
1	372	335	0.999655
1	431	378	0.9996
0	427	420	0.999603
0	143	140	0.999867
1	147	128	0.999863
1	390	333	0.999635
0	392	384	0.999633
0	150	143	0.999859
0	102	101	0.999904
0	153	150	0.999856
1	243	207	0.999771
1	380	316	0.999641
0	413	390	0.999608
1	385	340	0.999634
1	348	306	0.999668
1	421	364	0.999598
1	157	137	0.99985
1	187	170	0.99982
1	246	214	0.999763
1	416	351	0.999598
0	279	266	0.999729
0	116	111	0.999887
0	220	211	0.999785
0	284	270	0.99972
1	305	273	0.999699
1	409	358	0.999595
1	247	204	0.999755
0	370	340	0.999633
0	336	313	0.999666
0	400	385	0.999602
1	406	336	0.999596
1	284	238	0.999717
1	300	257	0.999701
0	301	286	0.9997
1	157	130	0.999843
1	381	339	0.999618
1	359	305	0.999638
0	269	268	0.999727
1	197	169	0.9998
0	297	275	0.999698
0	335	314	0.999657
0	334	314	0.999658
0	334	327	0.999657
1	271	234	0.999721
1	238	197	0.999754
0	259	258	0.999732
1	141	125	0.999854
0	193	191	0.9998
1	186	165	0.999807
1	253	216	0.999737
1	176	152	0.999817
1	291	249	0.999697
1	361	312	0.999624
0	299	292	0.999688
0	389	362	0.999594
0	244	227	0.999745
1	322	276	0.999662
1	315	282	0.999667
0	292	289	0.999691
0	150	139	0.999841
0	116	112	0.999877
0	276	257	0.999707
1	355	301	0.999623
1	268	241	0.999715
0	244	237	0.99974
1	124	109	0.999867
0	280	266	0.999699
1	117	97	0.999874
0	355	346	0.999615
1	344	306	0.999624
0	187	178	0.999794
1	196	167	0.999784
0	322	317	0.999644
0	198	197	0.999781
1	281	239	0.999689
1	130	115	0.999856
0	355	338	0.999605
1	341	292	0.99962
0	165	161	0.999815
0	196	192	0.99978
0	141	137	0.999841
1	230	193	0.999738
1	286	251	0.999674
1	340	284	0.999611
0	340	315	0.999608
0	159	148	0.999816
0	247	235	0.999713
1	221	201	0.999741
1	143	119	0.999832
1	308	256	0.999638
0	316	300	0.999628
0	338	322	0.999598
0	205	187	0.999756
1	330	279	0.999607
1	129	112	0.999846
1	299	255	0.999643
1	238	212	0.999715
0	184	175	0.999779
1	287	259	0.999655
0	237	233	0.999715
0	265	254	0.99968
0	130	120	0.999842
1	324	278	0.999604
0	201	184	0.999754
0	53	51	0.999935
0	240	227	0.999705
0	238	235	0.999707
1	121	108	0.999851
0	319	310	0.999606
1	146	129	0.999819
0	68	65	0.999915
0	290	264	0.999637
0	105	100	0.999868
0	158	156	0.999801
1	163	138	0.999793
1	271	240	0.999655
1	290	256	0.99963
1	101	89	0.999871
1	274	237	0.99965
0	121	111	0.999845
0	195	188	0.99975
1	127	106	0.999837
1	52	45	0.999933
0	204	203	0.999737
0	75	70	0.999903
0	243	235	0.999685
1	137	114	0.999822
1	179	154	0.999767
1	82	71	0.999893
0	113	109	0.999852
1	280	242	0.999633
0	156	151	0.999795
0	97	93	0.999872
1	144	128	0.999809
0	257	253	0.999657
0	150	139	0.999799
0	79	74	0.999894
1	201	176	0.99973
1	154	133	0.999793
0	223	215	0.9997
1	238	196	0.999679
1	189	164	0.999745
0	140	132	0.999811
1	59	52	0.99992
1	249	211	0.999661
0	137	134	0.999813
1	120	107	0.999836
0	230	220	0.999685
0	174	162	0.999761
1	94	85	0.99987
1	226	197	0.999685
1	142	117	0.999802
1	65	57	0.999909
0	149	143	0.99979
1	100	83	0.999859
0	152	147	0.999785
1	223	185	0.999684
0	211	197	0.999698
1	178	151	0.999745
0	254	246	0.999633
1	168	152	0.999757
0	189	180	0.999726
1	177	150	0.999743
1	224	200	0.999672
1	86	77	0.999874
0	241	228	0.999645
1	198	170	0.999708
0	155	145	0.99977
0	221	214	0.999672
0	200	189	0.999702
1	251	208	0.999626
1	118	102	0.999824
0	270	261	0.999594
1	152	135	0.999771
0	121	118	0.999817
0	181	174	0.999726
0	205	197	0.999689
1	162	142	0.999752
1	157	135	0.999759
0	253	234	0.99961
1	209	187	0.999677
0	225	215	0.999652
0	200	193	0.999689
1	202	180	0.999685
0	80	75	0.999875
1	202	171	0.999682
1	226	187	0.999643
0	189	184	0.999699
1	131	112	0.999791
0	80	73	0.999872
1	201	180	0.999678
0	218	205	0.99965
0	203	201	0.999673
0	152	139	0.999755
1	152	129	0.999754
1	135	122	0.999781
1	170	154	0.999723
1	141	116	0.99977
0	177	171	0.99971
1	235	207	0.999614
0	172	162	0.999717
1	243	217	0.9996
0	168	164	0.999723
0	150	137	0.999752
0	193	190	0.999676
0	231	227	0.999611
1	167	140	0.999717
0	210	208	0.999642
0	220	209	0.999623
0	178	175	0.999693
1	179	157	0.999691
1	143	121	0.999753
1	216	190	0.999624
1	168	147	0.999707
1	210	175	0.999629
0	70	64	0.999876
0	98	97	0.999826
1	187	154	0.999668
1	174	147	0.99969
0	169	164	0.999698
0	62	58	0.999889
1	130	115	0.999767
0	79	75	0.999857
0	52	50	0.999905
1	83	69	0.999848
1	89	80	0.999837
0	207	201	0.99962
0	63	58	0.999883
0	193	190	0.999639
1	114	99	0.999785
1	124	107	0.999766
0	167	161	0.999682
1	200	179	0.999618
0	62	61	0.999881
1	182	163	0.99965
0	102	98	0.999803
0	146	133	0.999717
0	182	171	0.999646
0	118	117	0.99977
0	165	151	0.999678
1	152	137	0.999702
1	60	54	0.99988
0	65	62	0.99987
1	176	153	0.999646
0	124	115	0.99975
0	164	157	0.999667
0	165	150	0.999662
0	96	93	0.999802
0	177	164	0.999634
1	141	124	0.999707
1	168	147	0.99965
1	66	58	0.999862
0	176	175	0.999631
0	88	87	0.999815
0	123	120	0.999739
1	112	100	0.999761
0	115	111	0.999754
0	150	139	0.999679
0	65	62	0.99986
0	165	155	0.999643
0	94	92	0.999794
0	116	107	0.999742
0	91	84	0.999796
0	112	111	0.999748
1	111	92	0.999746
0	111	108	0.999744
1	155	137	0.999641
1	133	111	0.999689
0	114	107	0.999731
0	113	103	0.999732
0	165	151	0.999608
1	109	96	0.999739
0	63	60	0.999848
1	168	148	0.999594
0	127	115	0.99969
0	67	63	0.999835
1	158	136	0.99961
0	159	146	0.999607
0	100	94	0.999752
1	131	117	0.999674
0	59	54	0.999853
0	123	117	0.99969
0	69	66	0.999825
1	117	104	0.9997
1	51	44	0.999869
1	62	55	0.99984
0	117	108	0.999696
1	109	90	0.999715
0	107	101	0.999719
0	114	106	0.9997
0	90	83	0.999763
0	107	104	0.999717
0	119	118	0.999685
0	152	145	0.999596
0	137	132	0.999635
1	97	86	0.999741
0	129	128	0.999653
0	134	128	0.999639
0	134	133	0.999633
0	146	134	0.999598
1	96	81	0.999735
1	141	120	0.999607
1	117	97	0.999672
0	89	88	0.99975
1	63	55	0.999822
0	55	50	0.999839
0	88	82	0.999742
1	99	89	0.999705
1	86	76	0.999741
0	65	59	0.999804
0	125	120	0.999623
0	124	114	0.999625
1	82	72	0.999751
1	130	110	0.999605
0	88	83	0.99973
0	129	121	0.999603
1	53	44	0.999836
0	89	82	0.999723
0	116	114	0.999637
0	53	50	0.999829
1	84	73	0.999729
1	114	102	0.999631
0	107	104	0.999646
0	84	77	0.999722
0	99	97	0.999664
1	83	70	0.999712
0	68	62	0.999763
0	107	106	0.999619
1	67	56	0.999757
0	63	59	0.99977
0	70	65	0.999741
0	81	80	0.999698
1	104	86	0.999604
0	84	76	0.999679
1	100	83	0.999615
1	88	74	0.99966
0	58	54	0.999772
0	79	73	0.999685
0	77	72	0.999691
1	52	43	0.999791
0	99	91	0.999599
1	83	72	0.999663
0	86	81	0.999646
1	78	68	0.99966
1	84	74	0.99963
0	90	84	0.999599
0	74	73	0.999664
1	70	61	0.999681
0	86	84	0.999607
1	53	45	0.999757
0	52	48	0.999758
0	57	53	0.99973
0	63	58	0.999699
0	54	50	0.999739
0	59	55	0.999685
1	63	54	0.999661
0	70	68	0.999619
1	64	56	0.99964
0	59	54	0.999662
1	60	50	0.999651
1	57	51	0.999664
0	50	47	0.999697
1	66	57	0.9996
1	56	47	0.999658
0	64	59	0.999598
1	57	50	0.999639
0	56	53	0.999637
0	56	55	0.999616
