93857.3
1.0604
2500
1	455	323	0.999999
1	452	394	0.999999
1	432	409	0.999999
1	415	411	0.999999
1	388	332	0.999999
1	273	219	0.999999
1	252	168	0.999999
1	475	297	0.999998
1	460	307	0.999998
1	335	288	0.999998
1	473	294	0.999997
1	462	390	0.999997
1	438	317	0.999997
1	424	373	0.999997
1	225	161	0.999998
1	475	293	0.999995
1	464	436	0.999995
1	450	427	0.999995
1	435	291	0.999995
1	498	373	0.999994
0	247	246	0.999997
1	482	471	0.999994
1	306	303	0.999996
1	379	327	0.999995
1	215	125	0.999997
1	136	111	0.999998
1	465	431	0.999993
1	478	400	0.999992
1	266	164	0.999995
1	253	201	0.999995
1	441	308	0.999991
1	244	196	0.999995
1	240	236	0.999995
1	474	464	0.99999
1	233	225	0.999995
1	316	234	0.999993
1	309	259	0.999993
1	468	330	0.999989
1	196	185	0.999995
1	467	436	0.999988
1	428	399	0.999989
1	456	282	0.999988
1	345	332	0.99999
1	163	102	0.999995
1	65	48	0.999998
1	97	68	0.999997
1	355	240	0.999989
1	191	111	0.999994
1	377	333	0.999988
1	466	430	0.999985
1	432	271	0.999986
1	426	385	0.999986
1	365	338	0.999988
1	116	72	0.999996
1	431	386	0.999984
1	239	203	0.999991
1	212	149	0.999992
1	176	141	0.999993
1	260	152	0.999989
1	472	451	0.99998
1	377	349	0.999984
1	245	208	0.999989
1	465	381	0.999979
1	219	156	0.99999
1	340	208	0.999984
1	444	266	0.999979
1	437	284	0.999979
1	392	332	0.999981
1	494	400	0.999976
1	425	300	0.999979
1	436	329	0.999978
1	292	192	0.999985
1	246	215	0.999987
1	466	403	0.999975
1	335	260	0.999982
1	463	351	0.999975
1	286	276	0.999984
1	107	62	0.999994
1	246	151	0.999986
1	348	245	0.99998
1	337	234	0.99998
1	269	180	0.999984
1	328	247	0.99998
1	163	140	0.99999
1	174	135	0.999989
0	490	489	0.999969
1	316	234	0.99998
1	458	271	0.99997
1	363	206	0.999976
1	284	235	0.999981
1	404	259	0.999972
1	288	238	0.99998
1	398	228	0.999972
1	326	195	0.999977
1	113	108	0.999992
1	464	328	0.999967
1	112	90	0.999992
1	476	361	0.999966
1	489	447	0.999965
0	426	425	0.999969
1	449	296	0.999967
1	380	236	0.999972
1	379	289	0.999972
1	468	367	0.999965
1	334	192	0.999975
1	437	415	0.999967
1	251	183	0.999981
1	288	254	0.999978
1	444	359	0.999966
1	235	155	0.999982
1	478	425	0.999963
1	411	395	0.999968
1	423	245	0.999967
1	487	373	0.999962
1	164	113	0.999987
1	375	245	0.999969
1	253	198	0.999979
1	499	313	0.999958
1	130	97	0.999989
0	330	323	0.999972
1	271	256	0.999977
1	466	377	0.99996
1	481	436	0.999958
1	468	345	0.999959
1	387	288	0.999966
1	397	239	0.999964
1	417	371	0.999962
1	263	241	0.999976
1	383	347	0.999965
1	251	160	0.999977
1	447	394	0.999958
1	402	299	0.999962
1	230	163	0.999978
0	416	401	0.99996
1	280	189	0.999973
1	414	385	0.99996
1	453	398	0.999956
1	494	407	0.999952
1	72	67	0.999993
1	472	308	0.999954
1	276	235	0.999973
1	254	169	0.999975
0	404	391	0.99996
1	457	408	0.999954
1	196	180	0.99998
1	480	292	0.999951
1	332	309	0.999966
1	156	131	0.999984
1	341	323	0.999965
1	409	282	0.999958
1	425	302	0.999956
1	490	399	0.999949
0	96	93	0.99999
1	364	272	0.999962
1	382	233	0.99996
1	382	326	0.99996
1	315	274	0.999967
1	486	407	0.999949
1	427	371	0.999955
1	159	115	0.999983
1	334	234	0.999964
1	481	385	0.999948
1	423	366	0.999954
1	441	377	0.999952
1	413	305	0.999955
1	293	250	0.999968
1	487	462	0.999946
1	288	247	0.999968
0	426	423	0.999952
1	124	112	0.999986
1	451	419	0.999949
1	465	353	0.999947
1	339	277	0.999961
1	303	238	0.999965
1	366	311	0.999957
1	127	79	0.999985
1	389	312	0.999954
1	177	157	0.999979
0	299	288	0.999964
1	249	150	0.99997
1	476	339	0.999942
1	433	303	0.999947
1	269	181	0.999967
1	290	165	0.999964
1	249	234	0.999969
1	449	294	0.999944
1	256	162	0.999968
1	335	237	0.999958
1	278	167	0.999965
1	372	230	0.999953
1	466	379	0.999941
1	464	334	0.999941
1	321	214	0.999959
1	289	226	0.999963
1	492	426	0.999937
1	170	152	0.999978
1	455	335	0.999941
1	488	349	0.999936
1	441	288	0.999942
1	454	373	0.999939
1	431	248	0.999942
1	416	355	0.999944
1	369	275	0.99995
1	257	186	0.999965
1	315	268	0.999957
1	139	87	0.999981
1	212	175	0.999971
1	255	224	0.999965
1	442	345	0.999939
1	101	61	0.999986
1	194	182	0.999973
1	358	311	0.99995
1	415	334	0.999942
1	443	329	0.999938
1	485	397	0.999932
1	227	149	0.999968
1	361	328	0.999949
0	318	314	0.999955
1	330	192	0.999953
1	411	235	0.999941
1	284	199	0.999959
1	494	360	0.999927
1	338	213	0.99995
1	473	423	0.99993
1	418	318	0.999938
1	418	323	0.999938
1	174	106	0.999974
1	407	350	0.999939
1	446	366	0.999933
1	446	409	0.999933
1	246	187	0.999963
1	457	330	0.999931
1	404	319	0.999939
1	409	299	0.999938
1	415	324	0.999937
1	420	257	0.999936
1	202	135	0.999969
1	371	254	0.999943
1	298	213	0.999954
1	233	216	0.999964
1	340	240	0.999947
1	360	228	0.999943
0	402	390	0.999936
0	395	392	0.999937
1	406	373	0.999935
1	380	284	0.999939
1	385	250	0.999938
1	62	56	0.99999
1	260	205	0.999958
1	123	82	0.99998
0	485	481	0.999921
1	98	64	0.999984
1	414	372	0.999932
1	489	351	0.999919
1	356	244	0.999941
0	205	203	0.999966
0	337	336	0.999944
1	499	391	0.999917
1	317	219	0.999947
0	263	253	0.999956
1	500	450	0.999916
1	410	293	0.999931
1	485	324	0.999918
1	478	399	0.999919
0	300	292	0.999949
0	240	229	0.999959
1	251	218	0.999957
1	426	320	0.999927
1	99	88	0.999983
0	429	411	0.999925
1	468	431	0.999918
0	415	404	0.999927
1	409	278	0.999928
1	469	381	0.999917
0	383	371	0.999932
0	162	160	0.999971
0	374	359	0.999933
1	106	96	0.999981
1	161	132	0.999971
1	282	203	0.999949
1	475	389	0.999914
1	497	366	0.999909
0	499	466	0.999908
1	461	408	0.999915
1	340	251	0.999937
1	488	425	0.999909
1	460	378	0.999914
1	64	39	0.999988
1	64	49	0.999988
0	483	459	0.999909
1	334	243	0.999937
1	333	225	0.999937
1	153	101	0.999971
1	126	96	0.999976
0	315	296	0.99994
1	450	377	0.999914
1	324	221	0.999938
1	350	236	0.999933
0	475	467	0.999909
1	361	300	0.99993
1	211	128	0.999959
1	301	268	0.999941
1	476	307	0.999906
1	301	218	0.99994
1	255	196	0.999949
1	379	238	0.999924
1	94	54	0.999981
1	304	258	0.999938
1	294	175	0.99994
1	312	219	0.999936
1	459	342	0.999905
1	314	260	0.999935
1	352	267	0.999927
1	482	381	0.9999
1	500	359	0.999895
1	247	157	0.999948
1	204	167	0.999957
1	370	274	0.999922
1	392	312	0.999917
1	316	198	0.999933
1	330	287	0.99993
1	285	263	0.999939
1	392	283	0.999916
1	177	160	0.999962
1	259	179	0.999944
1	490	331	0.999894
1	406	288	0.999912
1	339	285	0.999926
1	348	289	0.999923
1	450	287	0.9999
1	421	239	0.999906
1	385	323	0.999914
1	246	212	0.999945
1	152	110	0.999966
0	241	228	0.999946
1	218	125	0.999951
0	360	357	0.999919
0	395	371	0.999911
1	399	321	0.99991
1	314	266	0.999929
1	420	332	0.999905
1	435	390	0.999901
1	202	153	0.999954
1	460	348	0.999895
1	232	136	0.999947
0	384	373	0.999912
0	374	370	0.999914
1	337	297	0.999922
1	337	208	0.999922
1	432	293	0.9999
0	328	304	0.999924
1	361	258	0.999916
1	324	266	0.999924
0	345	325	0.999919
1	479	374	0.999887
1	426	353	0.999899
1	156	128	0.999963
1	281	168	0.999933
0	434	407	0.999896
1	363	231	0.999913
1	296	238	0.999929
1	250	185	0.99994
1	179	103	0.999957
1	386	273	0.999907
1	277	171	0.999933
0	186	183	0.999955
1	461	368	0.999888
1	444	260	0.999892
1	270	230	0.999934
1	473	300	0.999884
1	269	177	0.999934
1	232	211	0.999943
1	393	354	0.999903
1	247	157	0.999939
1	402	353	0.9999
1	253	190	0.999937
1	56	42	0.999986
1	428	380	0.999893
0	431	419	0.999892
1	271	180	0.999932
1	478	389	0.99988
1	366	224	0.999908
1	314	196	0.999921
0	416	386	0.999895
1	475	313	0.99988
0	471	454	0.99988
1	497	443	0.999873
1	355	214	0.999909
1	382	276	0.999902
1	408	240	0.999895
1	388	295	0.9999
1	434	301	0.999888
1	344	199	0.999911
1	451	319	0.999883
1	346	262	0.99991
1	345	274	0.99991
0	371	363	0.999903
1	466	284	0.999878
1	377	222	0.999901
1	217	150	0.999943
1	319	276	0.999916
1	186	147	0.999951
1	421	253	0.999889
0	322	304	0.999915
1	498	423	0.999868
1	479	322	0.999873
1	109	68	0.999971
1	308	251	0.999918
1	480	387	0.999872
0	227	218	0.999939
1	364	222	0.999902
1	115	86	0.999969
1	274	155	0.999926
1	446	323	0.999879
1	459	275	0.999875
1	443	257	0.999879
1	399	350	0.999891
1	311	256	0.999915
1	472	332	0.999871
1	278	164	0.999924
1	475	320	0.99987
0	354	325	0.999903
1	328	282	0.99991
1	481	421	0.999868
0	346	323	0.999905
1	436	258	0.99988
1	395	327	0.999891
1	224	202	0.999938
0	410	394	0.999886
1	251	188	0.99993
1	321	245	0.99991
1	474	316	0.999867
1	416	339	0.999883
1	454	393	0.999872
1	312	269	0.999912
1	275	247	0.999922
0	144	140	0.999959
1	467	388	0.999867
1	379	254	0.999892
1	263	181	0.999925
1	473	389	0.999865
1	357	250	0.999898
0	314	313	0.99991
0	212	211	0.999939
1	486	315	0.99986
1	163	118	0.999953
1	180	159	0.999948
1	439	355	0.999873
1	318	237	0.999908
0	190	174	0.999945
0	328	316	0.999905
1	483	413	0.99986
1	227	151	0.999934
1	392	317	0.999885
1	487	378	0.999857
0	347	330	0.999898
1	353	264	0.999896
1	383	293	0.999887
1	386	305	0.999886
0	484	469	0.999857
1	274	246	0.999919
1	284	254	0.999916
0	353	344	0.999895
0	420	418	0.999875
1	201	146	0.99994
0	321	295	0.999904
1	137	101	0.999959
1	461	301	0.999862
1	206	139	0.999938
1	232	175	0.99993
0	308	293	0.999907
1	121	106	0.999963
1	281	230	0.999914
1	225	193	0.999931
1	251	193	0.999923
1	414	335	0.999873
1	280	221	0.999914
1	175	121	0.999946
0	155	151	0.999952
1	387	280	0.99988
1	161	103	0.99995
1	176	131	0.999945
0	409	403	0.999872
0	434	424	0.999863
1	293	199	0.999907
1	365	254	0.999884
1	283	168	0.99991
0	110	104	0.999965
1	392	276	0.999875
0	350	318	0.999888
1	278	230	0.999911
1	461	314	0.999852
0	464	457	0.999851
1	397	308	0.999872
1	344	209	0.999889
1	405	328	0.999869
1	238	186	0.999923
0	488	458	0.999842
1	492	409	0.99984
0	455	449	0.999852
1	141	97	0.999954
1	487	358	0.999841
1	453	352	0.999852
0	373	362	0.999878
0	405	387	0.999867
1	481	348	0.999842
0	325	322	0.999893
1	485	367	0.99984
1	124	97	0.999959
1	263	199	0.999913
1	154	90	0.999949
1	341	234	0.999887
1	371	307	0.999877
1	466	269	0.999845
1	99	57	0.999967
1	246	190	0.999918
1	354	257	0.999882
1	305	180	0.999898
1	296	218	0.999901
0	272	247	0.999909
1	361	282	0.999879
1	459	393	0.999846
1	500	410	0.999832
1	241	142	0.999919
1	479	407	0.999839
1	83	70	0.999972
1	390	287	0.999868
1	490	340	0.999833
1	445	260	0.999848
0	240	218	0.999918
1	357	278	0.999878
0	231	218	0.999921
1	424	261	0.999855
1	493	365	0.999831
1	451	300	0.999845
0	430	384	0.999852
1	429	299	0.999852
1	269	156	0.999907
1	214	139	0.999926
1	485	383	0.999831
0	307	302	0.999893
0	215	198	0.999925
0	292	274	0.999898
1	434	272	0.999848
0	485	431	0.99983
0	482	447	0.999831
1	493	435	0.999827
1	225	150	0.999921
1	179	109	0.999937
1	136	95	0.999952
1	464	277	0.999836
1	359	266	0.999873
1	406	309	0.999856
1	496	352	0.999824
1	333	254	0.999881
0	420	388	0.999849
1	239	141	0.999914
0	225	206	0.999919
0	469	460	0.999831
0	355	316	0.999872
1	490	309	0.999823
1	362	306	0.999869
1	395	266	0.999857
1	438	262	0.999841
1	480	324	0.999825
1	211	144	0.999923
1	487	377	0.999822
1	492	392	0.99982
1	453	393	0.999834
1	147	119	0.999946
1	212	154	0.999922
1	230	135	0.999915
1	146	112	0.999946
1	432	281	0.99984
1	213	126	0.999921
0	488	447	0.999819
1	269	207	0.9999
1	419	297	0.999844
0	431	406	0.999839
1	348	220	0.99987
1	243	186	0.999909
1	482	273	0.999819
0	159	141	0.99994
1	362	251	0.999863
0	354	340	0.999866
0	441	433	0.999833
1	491	366	0.999814
1	137	94	0.999948
1	429	330	0.999837
1	494	350	0.999812
1	373	243	0.999858
1	231	198	0.999912
0	397	360	0.999848
1	309	255	0.999881
0	446	397	0.999828
0	438	433	0.999831
1	323	234	0.999875
0	93	89	0.999964
1	124	99	0.999952
1	247	179	0.999904
1	301	172	0.999883
1	113	82	0.999956
1	390	256	0.999848
1	223	169	0.999913
1	460	331	0.99982
0	217	202	0.999915
1	206	127	0.999919
1	449	278	0.999823
0	167	158	0.999934
1	389	261	0.999846
1	113	72	0.999955
1	434	251	0.999827
1	428	261	0.999828
0	440	422	0.999823
0	72	67	0.999971
0	494	479	0.999801
1	419	247	0.999831
1	445	292	0.99982
1	444	262	0.99982
1	207	121	0.999916
1	483	287	0.999804
1	404	274	0.999836
1	458	266	0.999814
0	425	382	0.999827
1	287	202	0.999883
0	206	199	0.999916
0	332	305	0.999864
1	285	221	0.999883
0	163	143	0.999933
1	377	286	0.999845
1	238	141	0.999902
1	432	273	0.999822
0	363	324	0.99985
1	317	250	0.999869
1	466	264	0.999806
0	132	129	0.999945
0	369	327	0.999846
1	273	158	0.999886
1	395	316	0.999835
0	112	109	0.999953
1	498	319	0.999791
1	238	164	0.9999
0	411	403	0.999827
1	380	256	0.99984
0	482	425	0.999797
1	375	247	0.999842
1	500	331	0.999789
1	469	359	0.999802
1	497	416	0.99979
1	347	221	0.999853
1	321	230	0.999864
1	162	129	0.999931
1	493	335	0.99979
1	413	234	0.999824
0	122	114	0.999948
1	190	126	0.999919
0	441	412	0.999812
0	486	460	0.999792
1	334	210	0.999857
1	279	172	0.99988
0	260	247	0.999888
1	188	156	0.999919
0	310	281	0.999866
0	374	327	0.999838
1	267	211	0.999884
1	405	239	0.999824
0	439	388	0.999809
0	273	263	0.999881
1	263	190	0.999885
0	471	446	0.999794
1	483	393	0.999788
1	298	255	0.999869
1	386	269	0.99983
0	231	205	0.999898
1	289	226	0.999872
1	427	278	0.99981
1	364	312	0.999838
1	438	324	0.999805
0	484	469	0.999784
0	455	430	0.999796
1	455	379	0.999796
1	310	209	0.999861
1	214	174	0.999904
1	448	376	0.999799
1	434	281	0.999805
1	465	366	0.999791
1	309	198	0.999861
0	380	342	0.999829
0	302	298	0.999864
1	355	253	0.99984
1	245	175	0.999889
1	407	349	0.999815
1	497	356	0.999774
0	499	451	0.999773
0	263	253	0.99988
1	458	311	0.999791
0	237	226	0.999891
0	487	448	0.999776
1	139	82	0.999936
0	336	322	0.999845
0	234	211	0.999892
0	288	277	0.999867
0	407	380	0.999812
1	355	249	0.999836
1	277	175	0.999872
1	240	176	0.999889
0	382	362	0.999823
1	97	62	0.999955
1	140	81	0.999935
1	351	208	0.999837
0	256	226	0.999881
1	245	178	0.999886
0	346	306	0.999839
1	88	54	0.999959
0	326	293	0.999848
0	353	342	0.999835
1	209	159	0.999902
1	181	105	0.999915
1	389	288	0.999817
0	445	387	0.99979
0	207	191	0.999902
1	392	245	0.999814
0	217	216	0.999897
1	448	354	0.999787
0	348	306	0.999834
1	467	314	0.999777
1	437	371	0.999791
1	257	197	0.999877
1	500	411	0.99976
0	235	209	0.999887
1	452	266	0.999782
0	99	93	0.999952
1	363	288	0.999824
1	167	133	0.999919
1	138	96	0.999933
1	105	83	0.999949
0	493	435	0.99976
1	371	294	0.999819
1	254	160	0.999876
1	417	253	0.999796
1	372	316	0.999818
1	235	170	0.999885
1	482	403	0.999764
1	443	261	0.999783
1	379	296	0.999814
0	279	242	0.999863
1	409	264	0.999799
1	427	244	0.99979
1	490	348	0.999759
0	372	347	0.999817
1	376	273	0.999815
1	282	183	0.999861
1	492	352	0.999757
1	101	80	0.99995
1	202	129	0.9999
0	318	299	0.999842
0	223	221	0.999889
1	58	41	0.999971
0	466	422	0.999767
1	488	366	0.999756
1	497	397	0.999751
1	348	219	0.999825
1	495	386	0.999751
0	451	422	0.999773
1	394	257	0.999801
1	485	291	0.999755
1	296	245	0.99985
1	282	163	0.999857
1	130	108	0.999934
1	265	182	0.999865
0	363	344	0.999815
0	360	319	0.999816
1	477	321	0.999756
1	451	260	0.999769
0	282	245	0.999855
1	318	253	0.999836
0	279	255	0.999856
1	390	262	0.999798
1	378	240	0.999804
1	231	175	0.99988
1	434	328	0.999774
0	380	368	0.999802
0	401	384	0.999791
0	253	252	0.999868
0	435	370	0.999773
1	176	112	0.999908
0	430	389	0.999775
1	365	210	0.999809
1	315	215	0.999835
0	309	304	0.999838
1	253	149	0.999867
1	135	96	0.999929
1	436	352	0.99977
0	464	439	0.999755
0	248	244	0.999869
0	253	238	0.999866
1	415	268	0.99978
1	194	156	0.999897
1	256	153	0.999864
1	438	324	0.999767
0	156	136	0.999917
1	325	201	0.999827
1	349	203	0.999814
0	394	336	0.99979
1	252	176	0.999865
0	237	227	0.999873
1	498	282	0.999733
1	179	146	0.999904
1	264	215	0.999858
1	197	163	0.999894
1	419	344	0.999774
1	359	254	0.999806
1	244	151	0.999868
1	393	299	0.999787
1	468	393	0.999746
1	455	319	0.999753
1	169	134	0.999908
1	189	130	0.999897
0	362	317	0.999802
0	393	376	0.999785
0	477	438	0.999739
1	243	145	0.999867
1	484	290	0.999735
0	409	356	0.999776
1	111	80	0.999939
0	444	392	0.999756
1	351	285	0.999807
0	356	339	0.999804
1	443	333	0.999756
0	383	326	0.999789
1	357	226	0.999803
1	424	253	0.999766
0	253	214	0.99986
1	251	172	0.999861
1	325	248	0.99982
0	411	398	0.999772
1	329	235	0.999817
0	257	249	0.999857
1	345	278	0.999808
0	317	274	0.999823
1	366	262	0.999795
1	282	227	0.999842
0	219	216	0.999877
1	470	321	0.999736
1	158	126	0.999911
1	268	164	0.999849
1	204	142	0.999885
1	149	119	0.999916
1	193	113	0.999891
0	481	444	0.999728
1	192	133	0.999891
1	310	254	0.999824
1	225	159	0.999872
1	445	357	0.999746
1	440	287	0.999748
0	281	267	0.999839
0	495	420	0.999716
1	115	79	0.999934
1	291	167	0.999833
1	343	208	0.999803
1	454	288	0.999739
0	370	369	0.999786
1	50	37	0.999971
1	362	236	0.99979
0	226	217	0.999868
1	444	327	0.99974
0	338	293	0.999802
1	300	174	0.999824
1	424	266	0.999751
1	349	284	0.999795
1	488	303	0.999713
1	316	219	0.999814
1	185	120	0.999891
0	339	307	0.9998
0	425	422	0.999749
1	369	232	0.999782
1	154	103	0.999909
1	308	256	0.999818
1	367	258	0.999783
0	392	353	0.999768
0	441	416	0.999739
0	125	109	0.999926
1	361	274	0.999786
1	199	156	0.999882
1	371	304	0.99978
1	487	324	0.999711
1	320	217	0.99981
1	281	226	0.999833
1	407	309	0.999758
1	405	259	0.999759
1	413	261	0.999754
1	418	242	0.999751
1	317	209	0.999811
1	244	142	0.999854
1	152	115	0.999909
1	379	260	0.999773
1	397	256	0.999762
1	478	334	0.999713
0	158	152	0.999905
1	492	346	0.999704
1	221	175	0.999867
1	362	244	0.999782
1	500	353	0.999698
1	443	287	0.999732
1	403	259	0.999756
0	436	407	0.999736
0	478	409	0.99971
1	369	293	0.999776
0	479	454	0.999709
1	477	375	0.99971
1	312	190	0.99981
0	85	84	0.999948
1	374	301	0.999771
1	444	356	0.999728
1	481	385	0.999705
1	454	271	0.999721
0	343	298	0.999789
1	390	309	0.99976
0	372	360	0.999771
0	418	407	0.999742
1	361	236	0.999777
1	286	177	0.999823
0	344	288	0.999787
1	443	312	0.999725
1	454	356	0.999718
1	291	235	0.999819
0	453	431	0.999718
0	205	172	0.999872
0	474	415	0.999704
1	152	114	0.999905
1	158	97	0.999901
1	466	379	0.999708
1	367	270	0.99977
1	330	258	0.999793
0	345	343	0.999783
1	491	384	0.999691
1	324	188	0.999796
1	252	175	0.999841
0	339	320	0.999786
1	453	323	0.999713
0	391	383	0.999752
1	367	279	0.999766
1	265	199	0.999831
0	479	422	0.999694
1	455	288	0.999709
1	247	184	0.999842
0	175	153	0.999888
1	239	146	0.999847
0	309	278	0.999802
1	315	201	0.999798
0	371	310	0.999762
0	422	355	0.999729
1	498	341	0.99968
1	479	294	0.999692
1	272	185	0.999825
1	267	193	0.999828
1	349	261	0.999775
0	310	276	0.9998
0	492	485	0.999682
0	156	130	0.999899
1	176	137	0.999886
0	270	248	0.999825
0	447	372	0.99971
1	487	361	0.999684
0	456	398	0.999704
1	426	330	0.999723
1	462	306	0.999699
0	227	198	0.999852
1	408	264	0.999734
0	446	428	0.999709
1	190	118	0.999876
1	262	173	0.999829
1	326	241	0.999787
0	326	282	0.999787
0	185	160	0.999879
1	486	379	0.999682
0	171	154	0.999888
1	90	68	0.999941
0	172	150	0.999887
1	374	287	0.999754
1	430	288	0.999717
0	188	171	0.999876
0	153	128	0.999899
0	466	438	0.999692
0	307	255	0.999797
1	375	283	0.999752
0	246	226	0.999837
0	274	249	0.999818
1	448	273	0.999701
0	460	408	0.999692
0	321	268	0.999785
0	362	334	0.999757
1	263	150	0.999823
0	114	108	0.999923
1	395	324	0.999733
1	403	260	0.999727
1	267	167	0.999819
0	295	284	0.9998
1	289	219	0.999804
1	470	353	0.999681
0	380	373	0.999742
1	338	197	0.99977
1	381	231	0.99974
1	359	206	0.999755
1	457	337	0.999688
1	395	318	0.99973
1	250	150	0.999829
0	286	257	0.999804
1	411	322	0.999718
1	236	188	0.999838
1	256	176	0.999824
0	472	402	0.999675
0	397	347	0.999726
1	204	167	0.999859
0	78	64	0.999946
1	309	232	0.999786
1	267	217	0.999815
1	472	368	0.999673
1	402	269	0.999721
0	344	309	0.999761
1	223	156	0.999845
0	495	424	0.999656
0	351	288	0.999756
1	455	346	0.999683
0	119	98	0.999917
1	285	194	0.999801
0	472	401	0.99967
0	296	275	0.999793
1	336	225	0.999765
1	160	106	0.999888
1	425	343	0.999702
1	276	202	0.999806
1	472	312	0.999668
0	227	195	0.99984
1	248	194	0.999825
1	394	259	0.999722
1	401	232	0.999717
1	351	257	0.999752
0	58	49	0.999959
0	471	393	0.999667
1	321	200	0.999773
1	466	353	0.99967
1	127	92	0.99991
0	464	400	0.999671
1	454	306	0.999678
1	455	258	0.999677
0	269	239	0.999809
1	249	152	0.999823
0	391	350	0.999722
1	334	235	0.999762
1	339	234	0.999758
1	217	160	0.999845
1	448	319	0.99968
1	221	158	0.999842
1	281	205	0.999799
1	359	237	0.999743
1	371	232	0.999734
1	156	114	0.999888
0	227	202	0.999837
1	227	135	0.999837
0	213	198	0.999847
1	89	61	0.999936
1	445	286	0.99968
1	328	213	0.999764
0	271	246	0.999805
1	122	74	0.999912
0	259	232	0.999813
1	439	299	0.999683
1	433	342	0.999687
0	452	422	0.999673
0	439	369	0.999682
1	269	203	0.999805
0	291	271	0.999789
1	291	179	0.999789
0	197	183	0.999857
0	493	464	0.999642
1	121	86	0.999912
0	363	308	0.999736
1	429	332	0.999688
0	317	287	0.999769
1	203	150	0.999852
1	358	265	0.999739
0	495	465	0.999639
1	148	111	0.999892
1	333	250	0.999757
1	412	252	0.999699
0	324	291	0.999763
0	287	248	0.99979
0	436	359	0.999681
0	217	180	0.999841
1	247	143	0.999819
1	495	392	0.999637
1	499	318	0.999634
1	478	329	0.999649
1	482	324	0.999646
1	189	120	0.999861
1	53	37	0.999961
1	409	233	0.999699
1	190	150	0.99986
0	285	232	0.99979
1	477	308	0.999648
0	416	390	0.999693
1	397	267	0.999707
0	467	461	0.999655
1	115	75	0.999915
0	384	341	0.999716
0	146	124	0.999892
1	173	107	0.999872
1	319	241	0.999764
1	469	288	0.999653
0	443	419	0.999672
1	124	87	0.999908
0	295	274	0.999781
1	152	117	0.999887
1	460	347	0.999658
0	433	362	0.999678
1	415	260	0.999691
1	341	262	0.999746
1	314	226	0.999766
0	441	365	0.999671
1	268	154	0.9998
0	490	439	0.999634
1	431	341	0.999678
0	107	95	0.99992
0	389	373	0.999709
0	467	398	0.99965
1	124	86	0.999907
1	349	233	0.999738
1	483	361	0.999637
1	339	261	0.999745
1	428	287	0.999678
0	416	349	0.999686
0	303	264	0.999771
1	459	344	0.999653
0	211	194	0.99984
0	360	331	0.999727
0	381	317	0.999711
1	348	197	0.999736
1	112	84	0.999915
0	270	243	0.999795
0	255	242	0.999806
1	134	103	0.999898
1	466	291	0.999645
0	328	320	0.99975
0	425	352	0.999675
1	319	185	0.999756
0	453	415	0.999653
1	137	86	0.999895
1	424	262	0.999675
1	185	119	0.999858
1	466	319	0.999642
0	441	382	0.999661
0	437	375	0.999664
0	494	458	0.99962
1	347	265	0.999733
0	409	331	0.999685
1	392	312	0.999698
1	440	269	0.999661
1	197	140	0.999848
1	499	390	0.999615
1	57	36	0.999956
1	293	192	0.999773
0	320	290	0.999752
0	414	396	0.999679
0	94	76	0.999927
0	215	187	0.999833
0	417	338	0.999676
0	463	394	0.99964
0	72	71	0.999944
1	499	342	0.999612
0	113	107	0.999912
0	453	378	0.999647
0	291	271	0.999773
1	391	241	0.999695
1	132	86	0.999897
1	223	163	0.999826
1	205	139	0.99984
0	128	108	0.9999
1	429	282	0.999664
0	314	290	0.999754
0	162	157	0.999873
0	496	430	0.999611
1	237	146	0.999814
1	424	299	0.999667
0	443	423	0.999652
0	478	441	0.999624
0	165	151	0.99987
0	217	196	0.999829
0	462	403	0.999636
1	439	354	0.999654
1	298	185	0.999765
0	185	182	0.999854
1	423	330	0.999666
1	354	246	0.99972
0	415	340	0.999671
0	309	257	0.999755
0	428	384	0.99966
0	151	141	0.99988
0	210	172	0.999833
1	254	147	0.999798
1	88	64	0.99993
1	342	246	0.999728
1	442	261	0.999648
1	350	252	0.999721
1	444	337	0.999646
0	327	293	0.999739
0	124	116	0.999901
0	461	394	0.999632
0	219	182	0.999825
1	385	299	0.999692
1	494	360	0.999604
1	182	121	0.999854
1	397	264	0.999681
1	486	279	0.999609
1	169	103	0.999864
0	113	102	0.999909
0	489	478	0.999606
0	405	347	0.999673
1	131	97	0.999894
0	448	371	0.999637
1	441	275	0.999642
1	410	327	0.999666
1	433	304	0.999647
1	320	242	0.999739
0	358	294	0.999708
1	228	152	0.999814
1	403	252	0.999671
0	191	187	0.999844
1	153	120	0.999875
1	224	146	0.999817
0	316	259	0.999741
0	350	295	0.999713
1	195	111	0.99984
1	218	158	0.999821
1	496	379	0.999592
0	170	156	0.99986
0	475	445	0.999608
1	464	269	0.999617
1	310	207	0.999744
1	266	154	0.99978
1	157	94	0.99987
0	198	162	0.999836
0	397	367	0.999671
0	252	210	0.999791
1	469	314	0.999611
0	213	177	0.999823
0	101	86	0.999916
0	281	229	0.999766
1	480	370	0.9996
0	375	369	0.999687
0	360	290	0.999699
0	489	402	0.99959
0	455	377	0.999618
0	494	433	0.999585
1	263	204	0.999779
0	132	128	0.999889
1	308	234	0.999741
0	297	265	0.99975
1	398	274	0.999665
1	373	212	0.999686
0	291	266	0.999755
1	481	296	0.999595
0	499	428	0.999579
0	398	353	0.999664
0	260	258	0.99978
1	391	292	0.999669
0	159	141	0.999865
0	401	397	0.999659
0	455	384	0.999613
0	236	214	0.999799
1	439	316	0.999626
1	359	239	0.999694
0	393	389	0.999665
0	321	277	0.999726
0	301	241	0.999743
0	289	235	0.999753
1	351	278	0.9997
0	180	152	0.999846
1	264	211	0.999774
0	320	305	0.999726
1	483	361	0.999586
1	480	294	0.999588
1	78	51	0.999933
0	404	357	0.999653
1	294	196	0.999747
1	471	329	0.999594
1	276	157	0.999762
1	465	285	0.999599
0	402	332	0.999653
1	461	349	0.999602
0	388	380	0.999665
0	274	219	0.999763
1	215	142	0.999814
1	408	240	0.999647
0	119	101	0.999897
0	492	450	0.999574
1	377	299	0.999673
1	265	159	0.99977
0	61	60	0.999947
1	450	256	0.999609
0	423	351	0.999632
1	247	194	0.999785
0	494	398	0.99957
1	318	198	0.999723
1	443	289	0.999614
0	164	132	0.999857
1	384	305	0.999665
1	398	262	0.999652
1	184	118	0.999839
1	358	270	0.999686
1	440	327	0.999614
1	190	108	0.999833
0	380	357	0.999666
0	438	365	0.999615
1	422	244	0.999629
0	158	127	0.999861
0	150	132	0.999868
1	242	143	0.999787
1	485	381	0.999573
1	336	204	0.999704
0	387	343	0.999658
1	122	78	0.999892
0	280	274	0.999752
0	456	438	0.999596
0	378	337	0.999665
1	231	132	0.999795
0	260	259	0.999769
0	305	256	0.999729
1	216	134	0.999808
0	297	284	0.999736
0	253	217	0.999775
0	462	444	0.999589
1	435	301	0.999612
1	131	75	0.999883
1	396	269	0.999646
1	495	323	0.999557
1	315	235	0.999718
0	499	481	0.999553
1	474	305	0.999575
1	330	247	0.999704
0	224	203	0.999799
0	428	392	0.999616
1	364	275	0.999673
0	326	264	0.999707
0	160	129	0.999856
0	252	210	0.999773
1	374	282	0.999663
1	132	97	0.999881
1	164	102	0.999852
1	423	262	0.999618
0	363	298	0.999672
1	229	147	0.999793
0	281	236	0.999746
0	431	412	0.99961
1	412	319	0.999627
0	436	374	0.999605
1	480	308	0.999565
1	460	308	0.999583
1	174	135	0.999842
1	262	191	0.999762
0	427	392	0.999612
0	158	154	0.999856
1	429	312	0.999609
1	409	297	0.999627
0	400	344	0.999635
1	416	274	0.99962
1	432	274	0.999605
1	272	196	0.999751
1	390	266	0.999643
0	299	272	0.999726
1	168	122	0.999846
0	217	195	0.999801
0	434	424	0.999602
1	468	366	0.99957
0	260	247	0.999761
1	323	235	0.999703
1	286	203	0.999737
1	425	248	0.999609
0	415	408	0.999618
0	342	275	0.999685
0	331	310	0.999695
0	409	405	0.999623
1	439	337	0.999595
1	325	232	0.9997
1	455	286	0.99958
0	361	298	0.999666
0	429	387	0.999602
1	238	158	0.999779
1	398	307	0.99963
0	457	394	0.999575
0	234	232	0.999782
0	441	358	0.999589
0	384	319	0.999642
0	430	352	0.999599
0	241	204	0.999775
1	318	200	0.999703
0	411	380	0.999616
0	264	258	0.999753
1	234	151	0.999781
1	344	217	0.999678
0	408	343	0.999618
1	368	208	0.999655
0	276	240	0.999741
0	422	412	0.999604
1	480	360	0.999549
0	386	355	0.999637
0	453	367	0.999574
1	321	219	0.999698
1	288	188	0.999729
1	479	377	0.999549
1	363	267	0.999658
1	436	319	0.999589
0	369	345	0.999652
1	460	353	0.999566
0	267	258	0.999748
0	427	375	0.999597
0	464	418	0.999561
1	448	303	0.999576
0	454	446	0.99957
1	308	223	0.999708
0	175	156	0.999834
0	253	221	0.99976
1	139	97	0.999868
1	125	90	0.999881
1	401	257	0.999618
1	235	137	0.999776
0	281	262	0.999732
1	110	85	0.999895
0	394	377	0.999624
0	463	370	0.999558
0	420	344	0.999599
0	428	412	0.999591
0	206	198	0.999803
1	413	266	0.999605
1	419	317	0.999599
0	235	225	0.999775
0	377	311	0.999639
1	424	275	0.999594
0	426	374	0.999592
0	167	150	0.99984
0	216	171	0.999793
0	456	448	0.999563
0	149	122	0.999857
0	225	220	0.999784
0	455	402	0.999563
1	229	136	0.99978
0	456	381	0.999562
1	341	216	0.999672
0	423	376	0.999593
1	269	154	0.999741
0	429	383	0.999587
0	456	366	0.99956
0	258	255	0.999751
1	372	278	0.999641
0	345	333	0.999667
1	431	299	0.999584
1	118	86	0.999886
0	301	255	0.999709
0	62	61	0.99994
0	247	237	0.999761
1	402	286	0.999611
1	440	286	0.999574
1	396	229	0.999616
1	298	219	0.999711
1	301	180	0.999708
1	409	255	0.999603
1	347	260	0.999663
1	325	227	0.999684
0	407	388	0.999604
1	320	189	0.999688
0	127	123	0.999876
0	390	320	0.999619
1	90	56	0.999912
0	361	338	0.999647
1	318	183	0.999689
1	427	299	0.999582
0	399	331	0.999609
1	158	102	0.999845
0	394	342	0.999613
1	60	40	0.999941
1	441	344	0.999566
1	326	195	0.999679
0	335	274	0.99967
0	286	277	0.999718
1	439	257	0.999567
1	300	211	0.999704
0	453	449	0.999553
0	166	148	0.999836
1	418	314	0.999587
1	193	147	0.999809
0	432	414	0.999572
1	371	269	0.999632
0	382	356	0.999621
1	399	247	0.999604
0	400	346	0.999603
1	429	278	0.999574
1	401	250	0.999601
1	211	140	0.99979
0	417	379	0.999585
0	427	411	0.999575
1	330	257	0.999671
1	344	258	0.999657
1	364	211	0.999637
1	412	267	0.999589
1	433	280	0.999568
0	186	157	0.999814
0	437	372	0.999563
1	391	241	0.999608
0	314	305	0.999685
0	217	203	0.999782
1	438	266	0.99956
0	201	175	0.999798
1	410	312	0.999588
1	168	105	0.999831
1	340	253	0.999658
1	276	195	0.999722
0	316	313	0.999681
0	401	393	0.999595
1	296	214	0.999701
0	397	316	0.999599
1	389	268	0.999607
1	87	66	0.999912
1	445	283	0.99955
0	325	261	0.999671
1	408	300	0.999587
1	236	154	0.999761
1	73	48	0.999926
0	295	286	0.9997
1	290	222	0.999705
1	171	129	0.999826
1	225	156	0.999771
1	332	250	0.999662
1	209	160	0.999787
1	206	144	0.99979
0	415	403	0.999577
0	253	211	0.999742
0	297	236	0.999697
1	243	165	0.999752
1	140	82	0.999857
1	276	175	0.999718
1	311	240	0.999682
1	382	267	0.999609
1	413	322	0.999577
0	368	312	0.999623
0	272	215	0.999721
0	256	218	0.999737
1	356	223	0.999634
1	212	123	0.999782
0	105	84	0.999892
0	436	423	0.999551
0	387	312	0.999601
1	418	319	0.999569
0	349	316	0.99964
1	276	188	0.999715
0	273	222	0.999718
1	330	258	0.999659
0	323	272	0.999666
1	232	179	0.99976
0	400	357	0.999586
1	312	221	0.999677
0	340	297	0.999648
1	137	91	0.999858
0	245	214	0.999746
1	178	120	0.999815
1	385	260	0.999599
1	430	314	0.999552
1	212	125	0.999779
1	136	102	0.999858
1	431	327	0.99955
0	356	329	0.999628
0	386	385	0.999596
1	277	167	0.99971
1	334	228	0.99965
0	387	375	0.999594
0	412	343	0.999567
0	254	231	0.999733
0	195	177	0.999795
1	251	171	0.999736
1	348	222	0.999634
0	400	339	0.999579
0	341	283	0.999641
1	360	242	0.999621
0	374	351	0.999606
1	357	255	0.999623
0	209	185	0.999779
0	292	229	0.999691
0	306	248	0.999676
1	235	152	0.999751
1	415	243	0.99956
0	291	261	0.999691
0	265	248	0.999718
1	173	121	0.999815
1	241	165	0.999742
0	349	281	0.999626
0	398	336	0.999573
1	376	246	0.999596
1	120	90	0.999871
0	212	190	0.999772
1	357	224	0.999616
0	118	116	0.999873
1	259	147	0.999721
0	394	332	0.999575
0	381	342	0.999589
0	325	304	0.999649
0	358	324	0.999613
0	172	158	0.999814
0	406	377	0.99956
1	405	236	0.999561
1	178	117	0.999807
1	377	289	0.999591
0	316	285	0.999657
0	339	337	0.999632
1	139	80	0.999849
1	324	224	0.999647
1	234	153	0.999745
0	311	251	0.999661
1	405	246	0.999558
1	171	123	0.999813
1	380	235	0.999584
0	242	221	0.999735
0	395	325	0.999567
0	333	327	0.999634
1	160	108	0.999824
1	296	182	0.999674
0	108	85	0.999881
0	406	359	0.999552
1	326	234	0.99964
1	403	273	0.999555
0	265	229	0.999707
0	368	347	0.999593
1	394	278	0.999563
0	338	282	0.999625
1	143	102	0.999841
0	277	225	0.999691
1	194	127	0.999783
0	149	121	0.999833
1	303	234	0.99966
1	162	97	0.999818
0	89	78	0.9999
1	371	210	0.999583
1	265	175	0.999702
1	128	93	0.999856
0	232	183	0.999739
1	173	99	0.999805
1	378	291	0.999571
0	330	319	0.999624
1	349	250	0.999602
0	332	270	0.999621
0	346	297	0.999605
0	331	295	0.999622
1	274	165	0.999687
0	84	74	0.999904
0	336	269	0.999616
0	226	191	0.999741
1	246	188	0.999718
1	360	278	0.999587
0	374	369	0.99957
0	306	302	0.999648
0	238	192	0.999726
1	169	130	0.999805
0	309	272	0.999643
1	384	240	0.999556
0	364	309	0.999579
0	370	297	0.999572
1	383	253	0.999556
0	360	347	0.999581
0	280	248	0.999674
1	130	75	0.999848
0	384	334	0.999551
0	217	179	0.999746
0	82	68	0.999904
1	64	46	0.999925
0	215	169	0.999748
1	236	169	0.999723
0	308	291	0.999637
1	134	91	0.999842
0	134	115	0.999842
1	286	187	0.999662
1	278	165	0.999671
0	212	198	0.999749
1	291	202	0.999655
0	253	205	0.9997
1	242	161	0.999712
1	226	148	0.999731
1	362	222	0.999569
1	287	165	0.999658
0	99	90	0.999882
0	241	214	0.999712
1	56	34	0.999933
0	269	259	0.999678
1	342	241	0.99959
1	306	185	0.999633
1	232	162	0.999721
0	290	279	0.999651
0	245	191	0.999705
0	188	181	0.999773
0	182	166	0.99978
0	233	221	0.999718
1	227	130	0.999725
0	165	161	0.9998
1	160	109	0.999806
1	260	176	0.999684
0	180	157	0.999781
1	239	158	0.999709
0	239	222	0.999709
0	248	227	0.999698
0	141	130	0.999828
0	163	140	0.999801
1	249	180	0.999696
1	199	120	0.999757
0	219	197	0.999732
0	279	253	0.999658
1	355	225	0.999564
0	287	284	0.999647
1	321	242	0.999605
0	224	208	0.999724
1	142	87	0.999825
1	146	106	0.99982
1	364	235	0.999551
0	222	184	0.999726
0	179	152	0.999779
1	305	232	0.999623
0	313	304	0.999613
0	266	262	0.999671
1	287	214	0.999645
0	311	284	0.999615
1	100	67	0.999876
0	207	192	0.999743
0	304	237	0.999622
0	336	274	0.999581
0	321	315	0.999599
0	96	85	0.99988
0	343	315	0.99957
0	94	79	0.999882
1	90	55	0.999887
0	180	168	0.999774
0	331	271	0.999584
1	197	113	0.999752
0	344	318	0.999567
0	305	285	0.999616
0	297	289	0.999626
1	254	170	0.99968
0	327	314	0.999588
0	245	201	0.999691
0	314	284	0.999604
1	271	155	0.999658
0	209	201	0.999736
0	351	321	0.999556
0	128	125	0.999838
1	282	184	0.999643
1	255	176	0.999677
1	270	168	0.999658
0	236	192	0.9997
1	232	168	0.999705
0	173	148	0.99978
0	274	249	0.999651
1	335	198	0.999573
1	138	84	0.999824
0	265	229	0.999662
0	97	80	0.999876
1	183	116	0.999766
0	330	327	0.999578
0	75	62	0.999904
1	268	185	0.999657
1	351	209	0.99955
1	191	133	0.999755
1	190	144	0.999756
0	277	217	0.999644
1	175	135	0.999775
1	308	213	0.999604
0	321	298	0.999587
0	281	233	0.999638
0	262	231	0.999662
1	196	145	0.999747
0	330	257	0.999574
0	175	161	0.999774
0	350	318	0.999548
0	334	305	0.999568
1	166	108	0.999785
1	318	244	0.999588
0	233	206	0.999698
0	121	111	0.999843
0	94	77	0.999878
1	110	79	0.999857
0	223	213	0.99971
0	105	97	0.999863
1	282	184	0.999632
1	326	210	0.999574
1	117	77	0.999847
0	146	132	0.999809
0	325	280	0.999574
1	211	129	0.999723
0	223	198	0.999707
1	321	187	0.999578
1	257	179	0.999662
0	206	169	0.999729
0	291	272	0.999617
1	126	97	0.999834
0	311	248	0.99959
1	304	210	0.999599
1	264	201	0.999651
1	102	68	0.999865
0	250	236	0.999669
0	154	135	0.999796
0	157	127	0.999792
0	324	273	0.99957
0	219	178	0.999709
1	334	209	0.999556
0	185	177	0.999754
1	148	99	0.999803
1	154	108	0.999795
0	146	134	0.999805
1	110	73	0.999853
0	240	214	0.999679
1	332	211	0.999556
0	219	210	0.999707
1	177	103	0.999763
1	215	165	0.999712
1	100	62	0.999866
1	313	208	0.99958
0	256	237	0.999656
0	125	123	0.999832
1	272	189	0.999634
1	127	94	0.999829
1	246	175	0.999668
0	329	302	0.999556
1	150	96	0.999797
0	144	129	0.999805
0	154	149	0.999791
1	246	163	0.999666
0	246	219	0.999666
1	231	146	0.999686
0	308	281	0.999581
1	316	213	0.99957
1	316	180	0.99957
1	270	157	0.999632
1	325	209	0.999557
1	236	178	0.999678
0	148	138	0.999798
1	224	137	0.999693
1	284	177	0.99961
1	262	167	0.999639
0	253	245	0.999651
0	316	310	0.999564
1	326	226	0.99955
1	204	141	0.999718
0	293	289	0.999594
1	243	168	0.999663
0	103	100	0.999857
0	180	149	0.99975
1	149	101	0.999792
0	170	155	0.999762
0	265	206	0.999629
1	299	210	0.999581
0	201	184	0.999718
1	237	140	0.999667
1	128	74	0.99982
0	293	265	0.999588
0	290	224	0.999592
1	154	109	0.999783
0	244	220	0.999656
0	296	268	0.999581
0	316	294	0.999551
1	318	214	0.999548
1	231	151	0.999671
0	134	112	0.999809
1	68	47	0.999903
0	89	75	0.999873
1	171	130	0.999756
0	253	224	0.999639
1	305	179	0.999564
1	65	44	0.999907
0	167	129	0.999761
1	183	131	0.999737
0	144	128	0.999793
0	207	172	0.999702
1	284	216	0.999591
1	170	100	0.999755
1	215	122	0.99969
0	271	264	0.999609
1	280	199	0.999596
0	311	294	0.99955
0	199	161	0.999711
1	137	99	0.999801
1	309	199	0.999551
1	152	97	0.999779
0	121	98	0.999824
0	79	65	0.999885
1	116	77	0.999831
0	164	163	0.999761
1	260	153	0.999621
0	274	253	0.9996
0	152	127	0.999778
1	251	157	0.999633
1	233	146	0.999659
0	287	257	0.99958
0	182	170	0.999733
1	218	127	0.99968
0	255	204	0.999625
1	274	163	0.999597
0	228	215	0.999664
0	81	80	0.99988
0	291	280	0.999569
0	283	257	0.99958
0	299	258	0.999555
1	224	159	0.999665
0	291	278	0.999564
1	122	85	0.999817
0	235	231	0.999647
0	186	174	0.99972
0	243	220	0.999634
0	228	217	0.999655
1	218	156	0.99967
1	168	113	0.999745
1	154	108	0.999766
0	233	211	0.999646
0	253	206	0.999615
0	237	201	0.999639
1	214	146	0.999673
0	244	239	0.999627
1	293	220	0.999552
0	170	141	0.99974
1	228	137	0.999651
0	291	268	0.999554
0	251	199	0.999615
1	131	90	0.999799
1	232	148	0.999644
1	129	82	0.999802
0	192	162	0.999704
0	204	173	0.999685
1	272	195	0.99958
1	99	57	0.999847
0	110	95	0.99983
0	143	125	0.999779
1	220	142	0.999658
1	117	68	0.999818
0	264	256	0.999589
0	287	228	0.999553
0	251	205	0.999609
1	273	169	0.999574
0	134	114	0.99979
0	95	73	0.999851
0	267	209	0.999581
0	249	214	0.999609
0	247	208	0.999612
0	161	155	0.999747
1	89	57	0.99986
0	149	136	0.999765
0	202	187	0.999681
0	156	130	0.999753
0	207	165	0.999672
1	129	93	0.999795
1	191	137	0.999696
0	209	198	0.999667
0	225	184	0.999641
0	164	126	0.999738
0	158	138	0.999747
0	123	97	0.999803
0	251	243	0.999598
0	271	265	0.999565
0	273	260	0.999561
1	92	63	0.999852
1	161	112	0.999741
0	236	183	0.99962
1	198	142	0.999681
0	103	96	0.999834
1	273	188	0.99956
0	164	129	0.999735
1	229	171	0.99963
1	276	182	0.999553
0	110	92	0.999821
0	212	204	0.999654
0	225	180	0.999632
0	267	227	0.999563
0	92	84	0.999849
0	217	189	0.999643
1	251	186	0.999587
1	206	126	0.999661
1	120	76	0.999802
1	226	137	0.999627
1	92	66	0.999848
1	233	159	0.999615
0	256	233	0.999577
0	228	211	0.999623
1	180	128	0.999702
1	267	169	0.999557
0	156	139	0.999741
1	118	83	0.999804
0	189	184	0.999685
1	258	167	0.99957
0	227	206	0.999621
1	244	179	0.99959
1	258	160	0.999566
0	161	140	0.999729
0	229	183	0.999614
1	141	107	0.999762
0	177	139	0.999701
1	203	126	0.999657
0	213	212	0.99964
0	68	67	0.999885
1	68	43	0.999885
0	221	193	0.999626
1	192	114	0.999675
0	180	161	0.999695
1	229	165	0.999612
0	220	181	0.999627
0	79	65	0.999866
0	232	199	0.999606
0	265	263	0.999549
0	92	73	0.999843
1	180	131	0.999692
0	172	140	0.999705
0	92	81	0.999842
0	205	184	0.999648
1	211	151	0.999637
1	111	75	0.999809
0	116	113	0.9998
0	185	164	0.999681
0	245	209	0.999577
0	227	225	0.999608
1	53	34	0.999908
0	202	179	0.999649
1	216	127	0.999624
1	222	167	0.999612
1	147	108	0.999743
1	166	124	0.999709
0	185	165	0.999674
1	205	121	0.999638
0	141	108	0.99975
0	243	227	0.999569
1	196	139	0.999652
1	194	136	0.999655
0	170	152	0.999697
0	193	178	0.999656
0	239	213	0.999573
1	155	110	0.999723
0	213	208	0.999619
0	230	185	0.999588
1	166	121	0.999702
1	54	31	0.999903
0	194	162	0.999649
0	247	214	0.999553
1	139	90	0.999748
0	241	213	0.999563
1	157	93	0.999715
0	213	204	0.999613
1	224	157	0.999593
1	246	143	0.999553
1	210	129	0.999617
1	165	110	0.999699
0	190	163	0.999653
1	208	147	0.999619
1	90	60	0.999835
0	114	110	0.999791
1	217	143	0.999599
1	153	94	0.999717
1	243	146	0.99955
1	110	83	0.999796
0	155	137	0.999712
0	227	187	0.999578
0	185	174	0.999656
1	129	89	0.99976
1	209	141	0.999611
1	189	129	0.999648
0	126	99	0.999765
1	157	110	0.999707
0	241	224	0.99955
0	213	179	0.999601
1	193	110	0.999638
0	184	157	0.999654
0	151	141	0.999716
0	143	124	0.999731
1	148	104	0.999721
0	174	166	0.999671
0	221	181	0.999582
0	121	107	0.999771
0	223	218	0.999578
0	175	169	0.999668
1	111	65	0.999788
0	193	169	0.999631
1	217	125	0.999585
1	72	44	0.999862
0	214	192	0.999588
1	191	136	0.999632
0	197	194	0.99962
1	184	138	0.999644
1	158	111	0.999694
0	176	168	0.999659
0	223	188	0.999566
1	232	144	0.999548
1	103	66	0.999799
1	139	92	0.999728
1	224	154	0.999559
1	74	51	0.999854
0	83	68	0.999836
1	95	55	0.999812
0	59	47	0.999883
1	216	138	0.999571
0	194	166	0.999614
1	196	119	0.99961
1	155	116	0.999691
0	208	184	0.999583
0	212	196	0.999573
1	65	42	0.999869
1	132	88	0.999734
1	173	120	0.999651
0	97	76	0.999804
0	194	184	0.999608
1	77	56	0.999844
1	143	102	0.99971
1	209	122	0.999576
0	185	147	0.999624
0	119	116	0.999758
0	169	163	0.999655
1	89	52	0.999818
0	189	165	0.999613
0	79	61	0.999838
0	167	163	0.999657
0	179	167	0.999632
0	63	59	0.99987
0	61	46	0.999874
0	162	134	0.999665
1	100	63	0.999793
0	56	54	0.999884
1	209	155	0.999566
0	202	165	0.99958
0	61	46	0.999873
1	216	123	0.99955
0	198	151	0.999587
1	172	124	0.99964
1	127	84	0.999734
1	179	102	0.999625
1	210	158	0.999559
1	171	110	0.999639
0	213	176	0.99955
1	176	101	0.999627
1	192	122	0.999591
1	190	128	0.999595
1	205	149	0.999562
1	85	60	0.999818
1	91	53	0.999805
0	152	138	0.999674
1	189	134	0.999594
1	155	90	0.999667
0	63	57	0.999864
0	196	166	0.999577
0	129	122	0.999717
1	165	120	0.999638
0	102	80	0.999776
0	192	170	0.999578
0	65	62	0.999857
0	180	143	0.999604
1	195	121	0.999571
0	195	187	0.999571
0	138	135	0.999696
0	160	153	0.999647
1	169	125	0.999626
1	70	48	0.999845
1	142	90	0.999684
0	157	138	0.99965
0	188	165	0.99958
0	164	132	0.999633
1	154	99	0.999655
0	81	74	0.999818
1	180	131	0.999595
0	61	49	0.999862
0	187	150	0.999577
1	155	108	0.999649
1	156	117	0.999646
0	152	138	0.999655
0	187	167	0.999575
1	112	82	0.999745
1	88	56	0.999799
1	176	123	0.999598
0	136	115	0.999689
1	153	109	0.99965
0	184	175	0.999579
0	113	107	0.999741
0	133	103	0.999695
1	150	95	0.999656
0	147	117	0.999662
1	179	120	0.999588
0	188	180	0.999567
1	177	129	0.999592
0	182	172	0.99958
1	113	64	0.999739
1	161	93	0.999628
1	96	60	0.999778
0	173	140	0.9996
1	169	104	0.999607
1	98	68	0.999772
0	145	127	0.999662
0	123	96	0.999713
1	159	97	0.999629
0	160	159	0.999623
1	163	115	0.999614
1	135	80	0.99968
1	86	60	0.999796
0	129	126	0.999693
0	148	129	0.999647
1	93	56	0.999778
0	108	88	0.999742
0	61	59	0.999854
0	176	159	0.999578
0	165	124	0.999603
0	91	82	0.999781
0	56	44	0.999865
1	148	102	0.999641
1	108	79	0.999738
1	86	49	0.999791
0	148	124	0.999639
0	125	104	0.999695
0	138	117	0.999663
0	88	69	0.999785
0	85	71	0.999792
0	123	106	0.999699
0	122	114	0.999701
1	126	86	0.99969
0	71	56	0.999825
1	129	74	0.99968
1	56	34	0.999861
1	99	56	0.999754
1	144	96	0.999642
0	106	81	0.999736
0	176	139	0.999561
0	88	81	0.99978
1	149	106	0.999627
0	137	107	0.999657
0	103	100	0.999742
1	139	83	0.999647
1	61	44	0.999845
0	61	57	0.999845
0	163	147	0.999583
1	142	84	0.999636
0	62	60	0.999841
1	158	109	0.999594
0	129	119	0.999668
1	85	51	0.999781
1	136	100	0.999649
1	156	113	0.999597
0	154	145	0.999601
0	115	91	0.999701
0	160	135	0.999584
0	170	158	0.999558
0	156	122	0.999594
0	125	119	0.999674
0	110	101	0.999712
0	100	77	0.999738
1	124	71	0.999675
0	109	99	0.999714
0	87	75	0.999771
0	121	113	0.999681
1	148	100	0.999609
0	123	108	0.999674
1	146	101	0.999613
1	159	116	0.999577
1	68	42	0.999819
1	107	67	0.999715
1	149	110	0.999601
1	158	93	0.999576
1	131	96	0.999647
0	156	121	0.999577
1	154	92	0.999582
0	118	103	0.999679
0	96	86	0.999738
1	131	97	0.99964
0	108	94	0.999703
0	125	98	0.999656
1	93	66	0.999744
1	140	83	0.999613
1	143	99	0.999604
0	139	115	0.999615
1	68	45	0.999811
1	90	54	0.999748
0	111	94	0.999689
0	87	82	0.999756
0	155	120	0.999565
0	131	125	0.999632
0	53	43	0.999851
1	97	57	0.999727
0	57	54	0.999839
1	92	68	0.99974
0	118	90	0.999666
1	134	100	0.999619
1	85	63	0.999758
1	156	102	0.999555
0	119	105	0.99966
1	126	78	0.99964
0	127	96	0.999637
1	137	84	0.999608
1	67	45	0.999808
1	50	33	0.999856
0	93	76	0.999732
0	156	141	0.99955
0	121	114	0.999649
0	152	142	0.999559
1	132	90	0.999615
1	98	61	0.999714
1	148	99	0.999568
0	130	114	0.99962
0	100	87	0.999706
0	149	120	0.999561
0	94	83	0.999723
1	85	51	0.999747
0	126	116	0.999625
0	138	103	0.999585
0	108	103	0.999675
0	85	82	0.999744
0	141	124	0.999575
0	91	76	0.999725
0	69	65	0.999791
0	130	115	0.999606
0	138	136	0.999581
0	73	71	0.999778
0	122	98	0.999626
1	56	38	0.999828
1	93	66	0.999713
1	67	42	0.999793
0	116	107	0.99964
1	66	43	0.999795
1	121	81	0.999623
0	143	132	0.999551
0	132	116	0.999585
0	110	102	0.999653
0	70	55	0.999779
1	124	85	0.999607
0	69	68	0.999781
0	94	80	0.9997
0	91	85	0.999708
0	139	137	0.999553
1	64	38	0.999794
1	54	32	0.999826
0	134	126	0.999566
1	104	61	0.999662
1	122	85	0.999603
1	137	87	0.999554
0	90	76	0.999705
0	126	124	0.999585
0	50	49	0.999835
1	80	56	0.999736
1	112	79	0.99963
0	59	55	0.999804
1	129	75	0.999571
0	87	75	0.99971
0	71	62	0.999762
1	106	65	0.999642
1	120	78	0.999594
0	122	102	0.999586
1	52	38	0.999823
0	113	104	0.999614
0	59	53	0.999798
1	84	60	0.999711
0	120	90	0.999587
1	70	44	0.999759
1	93	59	0.999679
0	52	51	0.99982
1	69	43	0.99976
1	66	49	0.99977
1	70	47	0.999756
0	83	71	0.99971
0	101	88	0.999647
1	101	70	0.999647
1	109	65	0.999618
1	96	64	0.999662
1	115	78	0.999595
0	108	87	0.999619
0	122	92	0.999569
1	52	34	0.999816
0	53	40	0.999812
1	60	34	0.999787
1	72	45	0.999744
0	96	84	0.999656
0	53	40	0.99981
1	114	66	0.999591
1	96	59	0.999655
0	57	45	0.999795
0	121	90	0.999561
1	116	76	0.999576
1	79	50	0.999711
1	115	69	0.999574
0	73	66	0.999729
1	85	56	0.999684
0	110	109	0.999591
0	81	70	0.999697
1	90	61	0.999663
1	109	72	0.999591
0	77	63	0.999711
0	102	91	0.999615
0	115	106	0.999563
0	115	99	0.999563
1	51	37	0.999806
0	85	65	0.999675
0	88	69	0.999662
0	93	79	0.999639
1	98	63	0.999619
1	64	45	0.999751
1	106	60	0.999586
0	93	72	0.999636
0	72	70	0.999718
0	101	84	0.999603
0	101	95	0.9996
1	102	61	0.999596
1	83	48	0.999671
1	85	55	0.999661
1	60	40	0.99976
0	62	48	0.99975
1	70	45	0.999717
0	106	84	0.99957
1	51	31	0.999792
0	102	99	0.999584
0	110	90	0.999551
0	107	86	0.999561
0	100	95	0.999587
1	72	48	0.9997
1	80	59	0.999666
1	78	52	0.999674
0	72	59	0.999699
1	88	63	0.999631
0	80	79	0.999663
0	80	61	0.999662
1	104	71	0.999553
1	67	44	0.999711
0	73	57	0.999685
0	104	94	0.999548
0	83	74	0.999638
0	57	54	0.999751
0	59	49	0.999742
1	98	58	0.99957
0	90	71	0.999601
1	56	34	0.999751
0	91	79	0.999595
1	86	55	0.999616
0	99	98	0.999553
0	74	68	0.999665
1	96	68	0.999559
1	68	44	0.999685
0	72	59	0.999666
1	87	60	0.999595
1	84	62	0.999608
1	92	68	0.999565
1	90	65	0.999571
0	90	72	0.99957
1	90	64	0.99957
0	80	64	0.999616
1	53	33	0.999745
0	81	79	0.999609
1	74	47	0.999642
1	69	49	0.999665
0	76	65	0.99963
1	69	45	0.999664
1	92	60	0.999551
0	64	54	0.999683
0	70	62	0.999653
0	73	70	0.999638
1	87	55	0.999565
0	63	60	0.999683
0	55	47	0.999723
0	86	85	0.999566
0	74	73	0.999625
1	77	46	0.999608
0	54	48	0.999723
1	74	42	0.999616
1	68	40	0.999646
1	82	60	0.999572
1	54	37	0.999718
1	77	55	0.999597
0	63	55	0.999666
0	62	52	0.999669
0	60	58	0.999677
1	83	53	0.999552
0	77	61	0.999583
0	67	60	0.999637
1	61	37	0.999669
0	80	76	0.999562
1	73	46	0.9996
0	80	69	0.999556
1	74	47	0.999584
1	65	37	0.999632
0	73	69	0.999586
1	53	37	0.999699
0	78	70	0.999554
1	68	50	0.999608
1	53	33	0.99969
0	69	62	0.999585
0	73	60	0.99956
1	72	41	0.999554
0	59	58	0.999629
1	60	43	0.999622
1	57	33	0.999639
1	57	40	0.999638
1	65	37	0.999585
1	70	51	0.999551
0	68	62	0.999552
1	68	50	0.999549
0	55	45	0.999635
0	62	58	0.999585
0	64	54	0.99957
0	50	41	0.999644
1	57	39	0.999568
0	51	46	0.999589
