988.112
0.000382196
30
1	400	265	0.998079
1	249	229	0.998728
1	330	227	0.997091
1	473	318	0.994388
1	490	404	0.990934
1	228	181	0.995119
0	261	239	0.993011
0	390	353	0.988863
1	394	327	0.988723
0	455	405	0.985011
0	245	236	0.991495
0	393	338	0.984482
1	444	363	0.981785
1	456	361	0.980841
0	391	341	0.979787
1	457	328	0.975612
1	233	155	0.987214
0	419	384	0.976523
0	154	133	0.991159
1	415	275	0.973765
1	189	152	0.987437
0	286	233	0.981063
0	413	396	0.972334
1	137	95	0.98931
0	104	91	0.990514
0	263	227	0.973269
1	212	157	0.973297
0	62	53	0.988024
1	127	84	0.973572
1	55	42	0.982562
