146722
2.57012
3000
1	458	256	0.999999
1	393	315	0.999999
1	376	278	0.999999
1	396	394	0.999998
1	383	368	0.999998
1	174	75	0.999999
1	325	199	0.999998
1	433	220	0.999997
1	270	201	0.999998
1	481	399	0.999996
1	461	354	0.999996
1	330	256	0.999997
1	437	261	0.999996
1	106	104	0.999999
1	482	389	0.999995
1	383	268	0.999996
1	356	280	0.999996
1	262	239	0.999997
1	74	72	0.999999
1	408	196	0.999994
1	430	397	0.999993
1	365	159	0.999994
1	363	298	0.999994
1	334	214	0.999994
1	220	200	0.999996
1	327	189	0.999994
1	142	88	0.999997
0	329	326	0.999993
1	265	243	0.999994
1	391	322	0.999991
1	391	230	0.999991
1	217	110	0.999995
1	339	250	0.999992
1	380	229	0.999991
1	280	217	0.999993
1	156	100	0.999996
1	385	275	0.99999
1	498	447	0.999987
1	455	303	0.999988
1	405	307	0.999989
1	459	278	0.999987
1	407	237	0.999987
1	186	172	0.999994
1	278	155	0.999991
1	243	141	0.999992
1	148	82	0.999995
1	403	228	0.999986
0	392	391	0.999986
1	165	143	0.999994
1	109	75	0.999996
1	321	177	0.999988
1	346	283	0.999987
1	230	188	0.999991
1	353	176	0.999986
1	150	85	0.999994
1	349	219	0.999986
1	496	415	0.99998
1	271	249	0.999989
1	73	60	0.999997
1	440	225	0.999981
1	410	247	0.999982
1	315	176	0.999986
1	172	152	0.999992
1	215	158	0.99999
1	444	209	0.999979
1	208	101	0.99999
0	484	483	0.999976
1	315	225	0.999983
1	269	244	0.999985
1	336	241	0.999981
1	173	137	0.99999
1	346	313	0.99998
1	294	131	0.999983
1	103	84	0.999994
1	449	424	0.999973
1	265	245	0.999984
1	496	422	0.99997
1	178	158	0.999989
1	350	239	0.999978
1	159	115	0.99999
1	95	87	0.999994
1	411	243	0.999974
1	457	206	0.999971
1	470	443	0.99997
1	419	239	0.999973
1	248	109	0.999984
1	92	46	0.999994
1	443	197	0.999971
0	228	225	0.999985
0	287	283	0.999981
1	459	278	0.999969
1	292	243	0.99998
1	233	146	0.999984
1	186	137	0.999987
1	446	335	0.999968
1	388	271	0.999972
1	204	183	0.999985
1	435	408	0.999968
1	311	256	0.999977
1	404	339	0.99997
1	308	283	0.999977
1	426	210	0.999968
1	490	239	0.999963
1	79	49	0.999994
1	289	176	0.999978
1	498	386	0.999961
1	329	235	0.999974
0	188	185	0.999985
1	110	48	0.999991
1	400	352	0.999967
1	432	396	0.999964
1	478	274	0.99996
1	477	340	0.99996
1	155	113	0.999987
1	474	207	0.99996
1	212	151	0.999982
1	70	32	0.999994
1	408	229	0.999965
1	489	295	0.999958
1	139	114	0.999988
1	498	429	0.999957
0	439	430	0.999962
1	437	255	0.999962
1	333	312	0.999971
1	489	234	0.999957
1	450	234	0.99996
1	495	307	0.999956
1	280	134	0.999975
0	211	207	0.999981
1	366	249	0.999967
1	409	256	0.999962
1	247	174	0.999977
1	450	195	0.999958
1	399	239	0.999962
1	103	83	0.99999
1	309	262	0.99997
1	391	205	0.999962
1	391	331	0.999962
1	236	179	0.999977
1	492	243	0.999952
1	173	74	0.999983
1	497	349	0.999951
1	192	172	0.999981
1	452	209	0.999955
0	371	356	0.999963
1	190	131	0.999981
1	318	285	0.999968
1	477	338	0.999952
1	288	174	0.999971
1	128	105	0.999987
1	252	222	0.999974
1	484	274	0.99995
1	209	99	0.999978
1	326	176	0.999965
1	186	119	0.99998
0	277	271	0.99997
1	285	256	0.999969
1	386	165	0.999958
1	400	183	0.999956
0	136	133	0.999985
1	224	179	0.999975
0	451	430	0.999949
1	317	241	0.999964
1	361	185	0.999959
1	466	237	0.999947
1	363	259	0.999958
1	259	195	0.99997
1	439	194	0.999949
1	487	441	0.999943
1	307	168	0.999964
1	314	137	0.999963
1	474	295	0.999944
1	321	284	0.999961
1	344	174	0.999958
1	322	274	0.99996
1	359	184	0.999955
1	340	254	0.999957
1	332	176	0.999958
1	292	246	0.999963
1	441	332	0.999943
1	360	155	0.999953
1	436	351	0.999943
0	237	236	0.999969
1	381	177	0.99995
1	350	255	0.999954
1	395	290	0.999948
1	311	265	0.999959
0	106	102	0.999986
1	217	105	0.999971
1	372	276	0.99995
1	468	268	0.999937
1	66	50	0.999991
1	160	150	0.999978
1	458	413	0.999937
1	439	252	0.999939
1	437	326	0.999939
1	404	325	0.999943
1	489	277	0.999931
1	240	156	0.999966
1	169	101	0.999976
1	469	308	0.999933
1	440	285	0.999937
1	370	173	0.999947
1	419	311	0.999939
1	205	132	0.99997
0	436	419	0.999936
1	115	75	0.999983
1	500	375	0.999926
1	377	326	0.999944
1	308	252	0.999954
1	373	224	0.999944
1	498	240	0.999925
0	464	436	0.99993
1	371	332	0.999944
1	277	211	0.999958
1	283	254	0.999957
1	388	339	0.999941
1	230	189	0.999965
1	466	285	0.999929
1	212	93	0.999967
1	426	249	0.999933
1	494	238	0.999922
1	386	264	0.999939
1	339	178	0.999946
1	489	331	0.999922
1	94	85	0.999985
1	274	221	0.999956
1	378	338	0.999939
1	271	201	0.999956
1	277	184	0.999955
1	459	361	0.999925
1	262	241	0.999957
0	456	433	0.999925
1	316	150	0.999948
1	333	199	0.999945
1	357	171	0.999941
1	266	180	0.999956
1	266	138	0.999956
1	380	187	0.999937
1	475	206	0.999921
1	192	93	0.999968
1	473	245	0.999921
1	388	279	0.999935
1	495	427	0.999917
1	256	214	0.999957
1	170	120	0.999971
1	111	70	0.999981
1	321	294	0.999945
1	320	140	0.999945
1	237	148	0.999959
1	416	276	0.999928
0	432	425	0.999925
0	338	318	0.999941
1	63	32	0.999989
1	393	189	0.999931
1	313	166	0.999945
1	266	208	0.999953
0	458	451	0.999919
0	457	455	0.999919
1	180	78	0.999968
1	331	276	0.999941
1	314	207	0.999944
1	196	118	0.999965
1	329	194	0.999941
0	317	310	0.999943
0	366	360	0.999934
1	449	252	0.999919
0	105	101	0.999981
1	358	259	0.999935
0	391	370	0.999929
1	482	303	0.999912
1	284	253	0.999948
1	415	284	0.999924
0	490	477	0.99991
1	298	133	0.999945
1	275	215	0.999949
1	415	255	0.999923
1	494	316	0.999908
0	316	292	0.999941
1	487	298	0.999909
1	171	141	0.999968
0	367	366	0.999931
1	366	219	0.999931
1	422	275	0.99992
1	421	205	0.99992
1	420	260	0.99992
1	404	307	0.999923
1	173	159	0.999967
1	450	399	0.999914
1	319	215	0.999939
1	338	198	0.999935
1	291	248	0.999944
1	216	143	0.999958
1	472	306	0.999908
1	369	270	0.999928
1	189	120	0.999963
1	407	316	0.99992
1	259	179	0.999949
1	391	277	0.999923
1	434	293	0.999914
0	403	373	0.99992
1	196	142	0.999961
1	306	204	0.999939
0	321	295	0.999936
1	320	144	0.999936
1	429	281	0.999914
1	284	244	0.999943
1	209	171	0.999958
1	431	334	0.999913
1	152	119	0.999969
1	446	266	0.999909
1	289	263	0.999941
1	277	146	0.999943
1	223	184	0.999954
1	353	286	0.999927
1	222	141	0.999954
1	328	284	0.999932
1	265	143	0.999945
1	268	180	0.999944
1	268	152	0.999944
1	277	188	0.999942
1	494	327	0.999896
1	420	374	0.999911
1	348	302	0.999926
1	221	197	0.999953
0	446	442	0.999905
0	417	387	0.999911
1	374	307	0.99992
1	257	166	0.999945
1	252	153	0.999946
1	438	206	0.999906
1	214	152	0.999954
1	428	371	0.999908
1	253	116	0.999945
1	423	251	0.999908
1	399	289	0.999913
1	355	246	0.999922
1	258	144	0.999943
1	450	254	0.9999
1	345	215	0.999923
1	433	196	0.999903
1	307	244	0.999931
1	466	293	0.999894
1	232	145	0.999947
1	481	405	0.99989
1	300	238	0.999931
1	139	113	0.999968
0	416	393	0.999904
1	355	210	0.999918
1	250	200	0.999942
1	381	287	0.999911
1	213	104	0.99995
1	404	347	0.999905
1	174	130	0.999959
1	462	210	0.999891
1	326	260	0.999923
1	341	238	0.999919
1	492	313	0.999883
1	454	201	0.999892
1	247	150	0.999941
1	305	274	0.999927
1	358	185	0.999914
1	195	130	0.999953
1	120	64	0.999971
1	496	427	0.99988
1	438	267	0.999894
1	417	310	0.999899
1	470	276	0.999886
1	411	309	0.9999
1	419	284	0.999898
1	394	178	0.999904
1	238	104	0.999942
1	365	221	0.999911
1	467	390	0.999886
0	278	264	0.999932
1	460	231	0.999887
1	423	362	0.999896
1	427	370	0.999895
1	412	342	0.999898
0	113	107	0.999972
1	419	238	0.999896
1	431	342	0.999893
1	236	212	0.999941
0	252	232	0.999937
1	398	290	0.9999
1	385	219	0.999903
1	342	208	0.999913
0	353	344	0.999909
0	445	418	0.999885
0	456	430	0.999882
1	231	127	0.99994
1	227	148	0.999941
1	454	302	0.999882
1	350	268	0.999909
0	449	416	0.999883
1	468	303	0.999878
1	317	249	0.999917
1	492	400	0.999871
1	72	44	0.999981
1	352	201	0.999907
1	366	302	0.999903
1	396	258	0.999895
1	437	205	0.999884
1	444	237	0.999882
1	331	194	0.999912
0	424	383	0.999887
1	239	174	0.999936
1	153	109	0.999959
1	384	340	0.999897
1	204	93	0.999945
1	322	186	0.999913
1	299	256	0.999919
1	394	286	0.999893
1	455	336	0.999876
1	286	229	0.999922
1	363	195	0.999901
1	401	304	0.99989
0	407	399	0.999888
0	396	365	0.999891
1	247	198	0.999932
1	354	177	0.999902
1	455	260	0.999874
1	498	274	0.999862
1	263	213	0.999927
1	457	371	0.999873
1	439	376	0.999878
1	280	205	0.999922
1	337	289	0.999906
1	301	202	0.999916
1	385	305	0.999892
1	213	169	0.99994
1	78	51	0.999978
1	445	269	0.999874
1	299	147	0.999915
1	299	163	0.999915
1	393	261	0.999888
1	213	117	0.999939
1	476	241	0.999863
1	468	325	0.999865
1	409	330	0.999882
0	142	135	0.999959
0	476	441	0.999862
1	378	306	0.99989
0	494	457	0.999856
1	288	241	0.999916
1	335	272	0.999902
1	328	253	0.999904
0	222	209	0.999935
1	374	329	0.99989
1	421	295	0.999876
1	200	115	0.999941
1	480	282	0.999858
1	492	383	0.999854
1	464	286	0.999862
1	442	363	0.999868
1	405	334	0.999879
0	351	330	0.999895
1	404	334	0.999879
1	377	227	0.999887
1	437	214	0.999869
1	256	111	0.999923
0	432	388	0.99987
1	431	295	0.99987
1	374	240	0.999887
0	195	185	0.999941
1	317	182	0.999904
1	191	83	0.999942
1	467	238	0.999858
1	335	225	0.999898
1	317	143	0.999903
1	327	259	0.999899
1	222	185	0.999931
1	222	145	0.999931
1	347	270	0.999892
1	410	229	0.999872
1	480	258	0.999849
0	411	396	0.99987
1	278	232	0.999912
1	497	274	0.999842
1	455	297	0.999855
1	329	211	0.999895
1	225	159	0.999928
1	378	214	0.999879
1	247	198	0.99992
1	490	274	0.999841
1	154	103	0.99995
0	388	379	0.999874
1	163	141	0.999947
0	289	272	0.999906
1	276	122	0.99991
1	464	287	0.999848
1	482	412	0.999842
1	500	326	0.999836
1	167	76	0.999945
1	361	278	0.999881
1	415	346	0.999863
0	378	373	0.999875
1	151	108	0.99995
1	492	262	0.999837
1	389	295	0.999871
1	214	146	0.999929
1	361	189	0.99988
1	442	234	0.999853
1	460	201	0.999847
1	108	48	0.999964
1	441	354	0.999853
0	417	388	0.99986
0	137	122	0.999954
1	315	248	0.999894
1	341	201	0.999885
1	311	182	0.999895
1	225	146	0.999924
1	139	91	0.999953
0	201	178	0.999932
0	365	332	0.999876
1	456	276	0.999845
0	308	290	0.999895
1	280	240	0.999904
1	313	227	0.999892
1	217	115	0.999925
1	277	192	0.999904
1	274	232	0.999905
1	280	232	0.999902
0	357	341	0.999875
1	462	286	0.999838
1	396	230	0.999861
1	213	163	0.999925
1	331	278	0.999883
1	421	239	0.999851
1	381	184	0.999865
1	490	315	0.999826
0	360	313	0.999872
1	430	353	0.999847
1	453	276	0.999838
0	497	483	0.999822
1	455	342	0.999837
1	477	309	0.999829
1	410	298	0.999853
0	457	454	0.999836
1	256	176	0.999908
0	75	73	0.999973
1	325	187	0.999883
1	347	265	0.999875
1	444	227	0.99984
1	277	194	0.9999
0	260	237	0.999906
0	367	321	0.999867
1	480	296	0.999826
1	306	257	0.999889
0	460	446	0.999833
1	143	72	0.999948
1	222	176	0.999919
1	495	233	0.999819
1	399	341	0.999854
1	436	249	0.99984
1	182	93	0.999933
1	442	193	0.999837
1	490	317	0.999819
1	365	170	0.999865
1	383	329	0.999858
0	406	404	0.999849
1	59	43	0.999978
0	193	182	0.999928
1	257	129	0.999904
1	444	364	0.999833
0	477	435	0.99982
1	437	199	0.999835
0	188	177	0.999929
0	209	197	0.999921
0	499	460	0.999811
1	113	63	0.999957
1	483	304	0.999816
1	307	180	0.999883
1	265	139	0.999899
1	396	209	0.999849
1	165	73	0.999937
1	495	270	0.999811
1	89	42	0.999966
1	369	222	0.999859
1	305	149	0.999883
1	390	235	0.99985
1	477	204	0.999816
1	176	112	0.999932
1	326	251	0.999874
1	238	131	0.999908
0	320	274	0.999876
1	209	160	0.999919
0	384	357	0.999851
1	353	175	0.999863
1	495	230	0.999807
1	440	270	0.999828
1	294	247	0.999885
1	268	222	0.999895
0	324	295	0.999873
1	102	75	0.99996
0	260	236	0.999898
1	499	367	0.999804
0	364	348	0.999857
0	458	450	0.99982
1	424	237	0.999833
1	480	227	0.99981
1	275	201	0.999891
1	431	353	0.999829
0	219	213	0.999913
1	468	301	0.999814
1	493	224	0.999804
1	128	88	0.999949
1	198	109	0.999921
1	421	276	0.999832
1	233	139	0.999907
1	293	228	0.999883
0	308	274	0.999877
1	135	92	0.999946
0	315	304	0.999874
1	332	169	0.999867
0	356	335	0.999857
0	448	390	0.99982
1	338	164	0.999864
1	370	190	0.999851
0	280	251	0.999887
0	109	104	0.999956
1	208	143	0.999916
1	314	147	0.999873
1	495	400	0.999799
0	155	136	0.999937
1	376	168	0.999847
0	366	357	0.99985
1	463	275	0.99981
1	214	154	0.999912
1	333	264	0.999863
1	417	283	0.999828
1	281	145	0.999884
1	319	235	0.999868
1	268	195	0.999889
1	393	216	0.999837
0	147	131	0.999939
1	433	300	0.99982
1	322	201	0.999866
1	158	102	0.999934
1	497	332	0.999792
1	480	332	0.999799
1	260	166	0.999891
1	400	246	0.999832
1	359	180	0.999849
1	368	224	0.999845
1	256	123	0.999892
0	371	370	0.999843
1	281	129	0.999881
0	231	206	0.999902
1	346	250	0.999853
1	221	148	0.999906
1	482	237	0.999795
1	303	211	0.999871
1	270	197	0.999885
1	352	198	0.99985
0	298	289	0.999873
1	429	246	0.999817
1	379	183	0.999838
1	276	139	0.999882
1	353	232	0.999849
1	215	148	0.999908
0	297	256	0.999872
1	262	183	0.999887
0	394	352	0.99983
1	426	246	0.999816
1	110	80	0.999952
1	409	226	0.999821
0	324	291	0.999858
1	381	241	0.999833
1	155	108	0.999932
1	453	216	0.999801
1	437	230	0.999808
1	314	215	0.999862
1	382	224	0.999832
1	431	270	0.99981
0	161	152	0.999929
0	367	317	0.999838
1	249	183	0.99989
1	473	336	0.999791
1	303	211	0.999866
1	458	293	0.999797
0	444	426	0.999803
1	439	221	0.999805
1	406	281	0.999819
0	480	475	0.999786
1	390	187	0.999826
1	307	133	0.999863
1	410	194	0.999817
1	293	239	0.999869
1	299	162	0.999866
1	368	202	0.999835
1	478	373	0.999785
1	433	187	0.999804
0	333	315	0.999849
1	441	289	0.9998
1	454	366	0.999794
1	396	302	0.99982
0	459	400	0.999791
1	483	285	0.999779
0	273	267	0.999875
1	439	241	0.999799
1	155	125	0.999929
1	489	250	0.999776
1	299	196	0.999863
0	493	483	0.999774
1	159	87	0.999927
0	100	88	0.999954
1	189	112	0.999913
0	454	389	0.999791
1	493	393	0.999773
0	254	218	0.999883
1	460	237	0.999788
0	154	136	0.999929
0	485	466	0.999776
1	411	225	0.99981
1	242	152	0.999888
1	84	49	0.999961
1	445	218	0.999793
1	483	388	0.999775
1	328	231	0.999846
0	279	278	0.999869
1	379	315	0.999822
0	455	380	0.999786
1	424	320	0.9998
1	231	100	0.999891
0	362	348	0.999829
1	346	186	0.999836
0	316	292	0.99985
1	149	97	0.999929
0	88	85	0.999958
1	352	243	0.999832
0	495	433	0.999763
0	357	300	0.999829
0	288	270	0.999862
1	480	257	0.99977
1	459	372	0.99978
1	402	223	0.999807
0	233	202	0.999888
0	491	473	0.999764
1	393	199	0.999811
1	211	166	0.999898
1	372	297	0.99982
1	469	261	0.999773
1	283	190	0.999863
1	460	206	0.999777
1	185	93	0.99991
1	199	91	0.999903
1	240	161	0.999883
1	242	134	0.999882
0	250	214	0.999878
1	379	174	0.999815
1	270	217	0.999868
1	220	155	0.999892
1	275	128	0.999865
1	497	291	0.999756
1	311	166	0.999847
1	422	246	0.999792
0	427	423	0.999789
1	449	217	0.999778
0	319	294	0.999842
1	224	165	0.999889
0	259	222	0.999871
1	291	156	0.999855
1	457	268	0.999771
1	453	297	0.999773
0	395	394	0.999802
1	371	234	0.999813
0	397	380	0.999799
1	327	142	0.999834
1	326	253	0.999834
1	430	343	0.99978
1	107	59	0.999945
1	354	165	0.999818
1	379	244	0.999805
1	134	100	0.999931
0	227	197	0.999883
1	409	194	0.999789
0	482	412	0.999751
0	457	415	0.999763
1	345	183	0.999821
1	493	365	0.999744
0	439	434	0.999772
1	458	328	0.999762
1	406	327	0.999789
0	442	400	0.99977
0	465	442	0.999758
1	428	226	0.999777
1	468	303	0.999756
1	280	224	0.999854
1	329	223	0.999828
1	65	38	0.999966
1	281	230	0.999853
1	485	267	0.999746
0	59	54	0.999969
1	348	251	0.999817
0	249	230	0.999869
1	473	244	0.999751
1	396	192	0.999791
1	316	210	0.999833
0	149	140	0.999921
0	175	168	0.999907
1	171	110	0.999909
0	233	206	0.999876
1	462	233	0.999754
1	152	98	0.999919
0	375	365	0.9998
1	328	162	0.999825
1	157	78	0.999916
0	181	163	0.999903
1	352	192	0.999811
1	402	200	0.999784
1	370	261	0.999801
1	396	314	0.999787
1	342	248	0.999816
1	204	107	0.99989
0	369	322	0.999801
1	480	233	0.99974
1	400	184	0.999783
1	151	105	0.999918
1	320	222	0.999826
1	337	162	0.999816
1	397	287	0.999783
1	411	206	0.999775
0	250	214	0.999863
0	436	375	0.999761
0	227	219	0.999875
1	323	221	0.999822
1	401	195	0.999779
1	466	350	0.999743
0	466	425	0.999743
0	116	114	0.999936
1	365	292	0.999798
1	231	180	0.999872
1	256	201	0.999858
1	173	74	0.999904
1	173	124	0.999904
0	317	289	0.999824
1	178	124	0.999901
1	347	193	0.999807
1	460	332	0.999744
1	413	264	0.99977
1	472	308	0.999737
0	391	370	0.999782
1	421	339	0.999765
1	400	178	0.999776
0	148	144	0.999917
1	372	241	0.999791
1	201	122	0.999887
0	480	474	0.99973
1	307	208	0.999827
1	432	246	0.999756
0	370	321	0.999791
1	253	190	0.999857
0	440	365	0.999751
0	189	175	0.999893
1	468	215	0.999735
1	458	272	0.99974
1	491	287	0.999721
1	350	190	0.999801
1	496	392	0.999718
0	319	278	0.999818
0	449	445	0.999743
1	192	118	0.99989
0	141	124	0.999919
1	238	180	0.999863
1	443	205	0.999744
1	332	204	0.999808
0	331	323	0.999808
0	500	438	0.999709
1	427	300	0.999751
1	238	129	0.999861
1	248	106	0.999855
1	481	238	0.999718
1	406	309	0.999761
1	438	298	0.999742
0	278	236	0.999836
1	266	197	0.999843
1	457	206	0.99973
1	450	267	0.999734
1	306	244	0.999819
1	458	322	0.999729
1	385	223	0.999772
1	266	117	0.999842
0	319	257	0.99981
0	369	343	0.99978
1	270	211	0.999839
1	419	328	0.99975
0	367	314	0.999781
1	464	351	0.999723
0	241	235	0.999856
0	102	95	0.999939
0	404	360	0.999758
1	439	340	0.999737
0	455	410	0.999727
1	366	204	0.99978
0	331	275	0.999801
1	414	189	0.999751
1	267	190	0.999839
0	446	408	0.999731
1	169	90	0.999898
0	217	198	0.999869
0	182	180	0.99989
1	465	229	0.999719
0	248	201	0.99985
0	400	325	0.999758
1	474	258	0.999713
1	239	141	0.999855
1	478	268	0.99971
1	418	228	0.999746
0	398	369	0.999758
1	462	335	0.999719
0	441	404	0.999731
1	386	219	0.999764
0	443	380	0.999729
1	178	87	0.999891
1	472	276	0.999711
0	454	425	0.999722
0	424	380	0.99974
1	487	232	0.999701
1	428	250	0.999737
1	244	192	0.99985
1	304	131	0.999813
1	489	232	0.999698
1	484	377	0.999701
1	364	229	0.999775
1	227	105	0.999859
1	230	116	0.999857
0	180	162	0.999888
1	481	239	0.9997
1	399	185	0.999751
1	477	370	0.999702
1	312	134	0.999805
1	360	167	0.999775
0	357	348	0.999776
0	360	306	0.999774
0	470	435	0.999704
0	335	289	0.999789
1	300	132	0.999811
1	373	180	0.999765
1	458	313	0.999711
0	239	211	0.999849
1	402	192	0.999746
0	144	129	0.999909
1	492	325	0.999689
1	464	259	0.999706
0	314	294	0.999801
0	449	432	0.999715
0	358	285	0.999772
1	262	198	0.999833
1	298	165	0.99981
1	150	116	0.999904
1	89	57	0.999943
0	459	374	0.999706
1	423	201	0.999729
0	349	319	0.999776
1	313	247	0.999799
1	302	225	0.999806
0	322	286	0.999793
1	469	240	0.999698
0	399	383	0.999743
1	495	390	0.999681
1	137	79	0.999911
0	80	79	0.999948
1	246	120	0.99984
0	407	326	0.999735
1	333	220	0.999783
1	477	308	0.999689
0	477	385	0.999689
1	245	133	0.99984
0	318	274	0.999792
1	486	224	0.999682
1	278	124	0.999818
1	287	159	0.999812
1	93	59	0.999939
1	192	124	0.999874
1	483	344	0.999683
1	495	220	0.999675
0	381	331	0.999749
1	461	278	0.999696
0	244	208	0.999839
0	247	230	0.999837
0	433	429	0.999714
1	478	284	0.999684
0	363	331	0.99976
0	263	240	0.999826
0	393	337	0.99974
0	278	236	0.999816
1	355	158	0.999765
1	146	75	0.999903
1	206	105	0.999863
1	60	38	0.99996
0	147	138	0.999902
1	297	149	0.999802
0	379	355	0.999747
1	322	142	0.999785
1	392	181	0.999738
1	483	270	0.999677
0	456	435	0.999695
0	497	421	0.999667
1	464	283	0.999689
1	499	297	0.999665
1	451	216	0.999697
0	430	427	0.999711
1	242	174	0.999837
1	175	112	0.999882
0	212	193	0.999857
0	351	342	0.999763
0	382	365	0.999742
1	496	377	0.999665
1	426	292	0.999712
1	204	99	0.999862
1	186	95	0.999874
1	267	204	0.999819
0	339	274	0.99977
1	140	86	0.999905
0	380	334	0.999742
1	156	113	0.999894
0	432	430	0.999706
1	111	71	0.999924
1	308	217	0.999788
1	486	292	0.999665
0	269	265	0.999814
1	454	291	0.999686
1	263	201	0.999818
1	150	102	0.999896
0	317	249	0.99978
0	360	341	0.99975
1	485	207	0.999663
0	440	368	0.999694
0	92	83	0.999936
1	368	237	0.999744
1	326	177	0.999773
1	493	326	0.999656
0	226	207	0.999842
1	446	249	0.999688
1	184	101	0.999871
1	425	203	0.999702
0	171	158	0.99988
0	419	356	0.999706
1	492	381	0.999654
0	467	384	0.999671
1	396	232	0.999721
1	464	203	0.999673
0	488	444	0.999656
0	214	196	0.999849
0	201	184	0.999858
1	266	156	0.999812
0	222	174	0.999843
1	253	167	0.999821
1	414	187	0.999707
1	320	146	0.999773
1	215	101	0.999847
1	129	73	0.999908
0	394	352	0.999719
1	377	170	0.999731
1	438	255	0.999687
0	439	350	0.999686
1	362	256	0.999741
0	479	409	0.999657
1	378	175	0.999729
1	364	269	0.999739
1	364	254	0.999739
1	99	53	0.999929
1	326	150	0.999766
1	411	230	0.999705
0	291	289	0.999791
1	488	234	0.999649
1	50	29	0.999964
1	372	279	0.999732
0	129	127	0.999907
0	462	460	0.999667
1	478	210	0.999655
0	90	75	0.999935
1	486	216	0.999649
1	454	243	0.999672
1	206	103	0.999851
1	478	346	0.999654
1	127	97	0.999908
1	451	194	0.999673
1	428	262	0.999689
1	432	190	0.999686
0	437	365	0.999682
1	442	277	0.999678
1	200	115	0.999854
1	486	277	0.999645
1	418	217	0.999694
1	359	267	0.999736
0	254	227	0.999813
1	484	273	0.999642
1	400	250	0.999704
1	193	136	0.999857
0	498	479	0.999631
0	132	108	0.999902
0	113	101	0.999916
1	464	326	0.999655
0	493	404	0.999633
1	432	198	0.999678
0	334	279	0.999751
1	429	249	0.99968
1	437	219	0.999673
1	406	247	0.999696
0	309	244	0.999768
1	488	259	0.999633
1	441	307	0.999668
1	398	255	0.9997
1	313	213	0.999764
0	456	399	0.999656
1	283	153	0.999786
0	320	297	0.999758
1	214	118	0.999838
1	473	207	0.999642
1	486	282	0.999632
1	232	142	0.999824
0	386	366	0.999707
1	374	165	0.999716
0	287	245	0.999782
1	408	293	0.99969
0	338	270	0.999743
0	401	341	0.999695
0	322	290	0.999755
1	343	194	0.999739
1	67	39	0.999949
1	267	160	0.999796
1	411	189	0.999686
0	208	162	0.999841
1	442	228	0.999662
0	332	279	0.999746
1	315	135	0.999759
1	125	72	0.999904
0	220	193	0.999831
0	82	74	0.999937
1	160	85	0.999877
1	351	268	0.99973
0	474	384	0.999635
1	463	205	0.999643
0	424	377	0.999673
1	490	344	0.999622
0	219	194	0.999831
0	303	280	0.999766
1	339	243	0.999738
1	455	258	0.999648
1	329	215	0.999745
1	335	237	0.99974
1	255	161	0.999802
1	419	222	0.999674
1	500	373	0.999611
0	442	415	0.999656
0	467	411	0.999636
1	478	349	0.999627
1	415	284	0.999676
0	143	127	0.999888
1	328	175	0.999743
0	458	399	0.999641
1	284	196	0.999777
0	406	381	0.999681
0	398	311	0.999687
1	408	293	0.999679
1	305	133	0.99976
0	287	254	0.999774
0	344	315	0.999729
1	368	188	0.99971
0	373	371	0.999706
1	199	149	0.999843
0	450	407	0.999645
0	417	325	0.999671
1	380	226	0.9997
0	300	277	0.999763
1	378	248	0.999701
1	370	221	0.999707
0	332	317	0.999737
0	390	336	0.999691
1	179	116	0.999858
0	268	256	0.999787
0	220	195	0.999825
0	491	434	0.999609
1	468	296	0.999627
0	326	282	0.99974
1	440	275	0.999649
0	266	218	0.999787
1	389	275	0.999688
1	403	204	0.999676
0	256	199	0.999794
0	470	399	0.999621
0	460	364	0.999629
1	374	242	0.999698
0	380	339	0.999693
0	141	122	0.999886
1	397	259	0.999678
1	318	234	0.999742
0	440	407	0.999643
1	485	256	0.999606
1	285	161	0.999768
0	427	387	0.999652
1	233	159	0.99981
0	483	405	0.999606
0	199	157	0.999837
1	349	225	0.999714
0	368	319	0.999698
1	432	312	0.999645
0	336	271	0.999723
0	377	331	0.999689
1	483	349	0.999599
0	408	327	0.99966
1	475	208	0.999604
0	199	183	0.999834
0	483	427	0.999597
0	115	113	0.999904
0	279	256	0.999767
1	464	198	0.999612
1	431	190	0.999639
0	292	291	0.999755
1	187	97	0.999843
1	389	242	0.999673
1	258	141	0.999783
0	233	210	0.999804
0	429	334	0.999639
0	286	275	0.999759
1	364	234	0.999693
1	477	286	0.999597
0	427	374	0.999639
0	298	239	0.999748
1	318	241	0.999731
1	111	52	0.999906
1	381	205	0.999677
1	180	111	0.999847
0	434	334	0.999631
1	452	234	0.999614
1	262	160	0.999776
0	430	395	0.999632
1	354	153	0.999697
0	181	169	0.999845
0	454	402	0.999611
0	183	139	0.999843
0	184	182	0.999842
1	255	124	0.999781
1	78	59	0.999933
1	186	107	0.99984
1	179	125	0.999846
1	280	192	0.999759
1	216	145	0.999814
0	439	430	0.999622
1	318	180	0.999726
0	450	376	0.999612
0	403	392	0.999652
0	419	339	0.999638
0	443	397	0.999617
0	393	351	0.99966
0	497	418	0.99957
1	292	138	0.999747
1	287	175	0.999751
1	382	270	0.999668
0	108	87	0.999906
1	272	182	0.999763
0	476	380	0.999584
1	423	261	0.99963
1	144	95	0.999874
1	192	85	0.999832
1	392	254	0.999657
1	380	259	0.999667
1	187	118	0.999836
1	196	117	0.999828
0	131	130	0.999885
0	345	291	0.999697
0	477	470	0.999581
1	465	341	0.999591
1	92	45	0.999919
0	368	280	0.999676
0	311	306	0.999726
0	498	399	0.999561
0	499	422	0.99956
1	317	178	0.99972
0	344	292	0.999696
1	482	300	0.999574
0	319	247	0.999718
1	363	255	0.999679
1	456	209	0.999596
0	409	331	0.999637
1	482	239	0.999572
1	387	223	0.999656
1	217	113	0.999807
0	345	326	0.999693
0	346	271	0.999692
1	298	201	0.999734
1	458	226	0.999591
0	459	346	0.99959
0	376	305	0.999664
1	389	254	0.999652
0	116	106	0.999896
1	68	51	0.999939
0	351	310	0.999685
1	492	291	0.999558
1	415	294	0.999627
1	232	147	0.999791
1	486	250	0.999561
0	344	289	0.999689
0	361	290	0.999673
0	449	353	0.999593
1	492	340	0.999554
1	420	251	0.999619
0	480	435	0.999564
1	219	129	0.999801
1	482	251	0.999562
1	330	163	0.9997
0	265	213	0.999759
0	434	329	0.999605
0	223	219	0.999797
1	123	81	0.999888
0	413	382	0.999624
1	247	127	0.999775
1	415	188	0.999622
0	124	118	0.999887
1	450	310	0.99959
1	409	264	0.999627
1	354	208	0.999677
1	333	237	0.999696
1	393	210	0.999641
0	279	231	0.999745
0	187	157	0.999829
1	388	281	0.999645
1	382	280	0.99965
0	429	323	0.999606
1	356	194	0.999673
0	481	370	0.999558
0	161	122	0.999852
1	137	97	0.999874
0	319	299	0.999706
0	345	325	0.999682
0	161	137	0.999851
1	148	90	0.999863
0	260	210	0.999759
0	247	229	0.999771
1	446	239	0.999586
1	254	151	0.999764
1	381	163	0.999646
0	343	283	0.999681
1	361	188	0.999664
0	275	233	0.999744
1	73	37	0.999932
0	471	383	0.999561
1	237	156	0.999779
1	328	194	0.999694
0	490	412	0.999542
0	355	266	0.999668
1	295	132	0.999724
1	156	102	0.999854
1	406	250	0.99962
1	159	68	0.999851
0	477	474	0.999553
0	367	308	0.999655
0	203	194	0.999809
1	338	161	0.999682
1	342	152	0.999678
1	327	195	0.999692
1	379	167	0.999643
0	448	380	0.999578
0	313	294	0.999705
1	454	293	0.999572
1	142	62	0.999866
1	354	188	0.999666
0	468	357	0.999558
0	323	273	0.999694
0	455	432	0.999569
0	493	472	0.999533
1	305	131	0.999711
0	459	452	0.999565
0	154	132	0.999854
1	459	243	0.999564
1	281	165	0.999733
0	361	339	0.999657
1	381	197	0.999638
1	446	249	0.999575
0	262	195	0.99975
1	463	328	0.999557
1	192	127	0.999816
0	407	397	0.99961
0	438	367	0.99958
0	74	59	0.999929
0	419	330	0.999598
1	252	119	0.999758
0	456	415	0.999562
1	472	212	0.999546
0	212	169	0.999796
0	291	226	0.99972
0	160	157	0.999846
1	107	72	0.999897
0	374	343	0.99964
1	163	84	0.999843
1	489	331	0.999529
1	223	101	0.999785
1	419	193	0.999596
0	431	385	0.999583
1	393	177	0.999619
0	375	301	0.999636
1	344	186	0.999666
0	176	145	0.999829
1	464	328	0.999549
1	408	232	0.999603
1	226	136	0.99978
1	453	306	0.999558
0	419	397	0.999591
0	341	336	0.999667
1	433	300	0.999577
0	479	431	0.999532
0	274	228	0.999732
0	184	180	0.99982
1	422	297	0.999587
1	482	341	0.999528
0	486	481	0.999524
0	429	412	0.999579
1	56	37	0.999945
0	440	373	0.999568
1	497	314	0.999512
0	402	392	0.999605
0	412	347	0.999595
1	492	318	0.999516
0	198	170	0.999805
0	210	184	0.999793
1	492	334	0.999515
1	406	174	0.999599
1	350	164	0.999654
0	465	439	0.99954
1	489	266	0.999516
0	340	320	0.999663
1	251	131	0.999751
1	343	150	0.999659
0	347	286	0.999655
0	392	325	0.99961
0	275	212	0.999726
1	352	195	0.999649
1	60	26	0.99994
1	84	42	0.999916
1	172	91	0.999828
0	367	316	0.999633
1	487	211	0.999512
0	459	397	0.99954
1	433	204	0.999566
0	500	418	0.999497
0	438	391	0.999559
1	406	211	0.999591
1	262	119	0.999736
1	356	185	0.999641
1	223	132	0.999775
0	403	374	0.999593
1	89	44	0.99991
0	177	147	0.999821
1	432	259	0.999563
0	302	256	0.999694
1	449	285	0.999545
1	209	131	0.999788
0	420	406	0.999574
0	326	301	0.999669
0	324	249	0.999671
0	380	302	0.999614
1	460	322	0.999532
1	401	182	0.999592
1	440	267	0.999552
0	479	367	0.999512
0	463	405	0.999528
1	431	235	0.99956
1	330	174	0.999663
1	470	261	0.99952
1	279	140	0.999715
1	230	119	0.999765
0	135	124	0.999862
1	308	172	0.999685
0	486	381	0.999503
0	460	364	0.999529
0	192	145	0.999803
1	385	198	0.999605
1	481	214	0.999505
0	336	289	0.999654
0	433	337	0.999554
1	489	255	0.999496
0	480	463	0.999505
1	319	157	0.99967
1	487	242	0.999496
1	279	144	0.99971
1	458	208	0.999524
0	173	156	0.99982
1	441	237	0.999541
1	315	184	0.999672
1	144	95	0.99985
1	260	163	0.999729
1	396	201	0.999587
1	251	183	0.999738
0	112	108	0.999883
0	307	236	0.999679
1	383	248	0.999599
0	253	218	0.999735
1	62	41	0.999935
0	156	125	0.999836
1	448	323	0.999529
1	403	207	0.999576
0	228	211	0.99976
1	94	59	0.999901
0	221	195	0.999767
0	425	319	0.999552
1	238	103	0.999749
1	441	303	0.999535
1	439	274	0.999537
1	428	191	0.999548
1	299	132	0.999684
0	391	367	0.999586
1	217	154	0.99977
1	418	246	0.999557
1	82	59	0.999913
0	277	261	0.999706
1	371	163	0.999606
1	208	89	0.999779
1	296	203	0.999685
0	124	113	0.999868
1	464	263	0.999506
1	400	182	0.999574
1	322	228	0.999657
1	137	93	0.999854
1	336	214	0.999642
0	404	344	0.999569
1	147	91	0.999843
0	498	473	0.999468
1	261	190	0.999721
0	332	258	0.999645
0	258	213	0.999724
0	114	107	0.999878
0	198	173	0.999788
1	368	249	0.999606
0	394	312	0.999578
1	98	53	0.999895
0	347	328	0.999628
0	221	175	0.999763
1	479	284	0.999486
0	177	147	0.99981
0	270	205	0.99971
1	322	147	0.999654
0	304	252	0.999673
0	277	247	0.999702
0	298	258	0.999679
1	297	174	0.999679
1	73	47	0.999921
0	336	331	0.999636
1	143	74	0.999845
1	274	124	0.999703
1	405	225	0.999561
0	320	309	0.999653
1	293	178	0.999682
0	443	383	0.999519
0	484	469	0.999474
1	320	187	0.999652
0	371	310	0.999596
1	145	73	0.999842
0	328	309	0.999642
0	174	155	0.99981
1	314	168	0.999657
0	472	442	0.999484
0	385	312	0.999579
0	212	180	0.999768
1	147	82	0.999839
0	347	303	0.99962
0	495	393	0.999458
1	368	178	0.999597
0	420	401	0.99954
0	300	248	0.999671
0	333	250	0.999634
0	310	230	0.999659
0	461	345	0.999492
0	308	234	0.99966
1	483	219	0.999466
1	435	234	0.999519
1	414	240	0.999542
0	459	363	0.999492
0	343	299	0.99962
0	464	388	0.999486
1	472	221	0.999477
1	405	223	0.999551
1	386	278	0.999572
0	284	222	0.999685
0	146	144	0.999838
0	141	115	0.999843
0	442	368	0.999508
1	393	249	0.999562
0	491	478	0.999452
0	489	444	0.999454
0	475	466	0.999469
0	448	350	0.999499
0	362	333	0.999595
0	468	445	0.999476
1	366	249	0.99959
0	419	341	0.99953
1	353	187	0.999604
0	369	324	0.999586
1	431	223	0.999516
1	292	189	0.999672
1	357	184	0.999599
0	250	206	0.999719
0	193	144	0.999783
1	408	246	0.99954
0	78	59	0.999912
0	78	57	0.999912
1	367	209	0.999586
1	500	323	0.999436
0	296	265	0.999666
1	288	158	0.999675
1	467	225	0.999473
1	147	69	0.999834
1	278	143	0.999686
0	332	292	0.999625
1	199	96	0.999775
0	440	332	0.999502
0	254	243	0.999712
1	327	162	0.999629
0	414	305	0.99953
1	295	182	0.999665
1	339	204	0.999615
1	335	195	0.999619
0	430	372	0.999511
1	419	233	0.999523
1	248	123	0.999717
0	290	246	0.999669
0	304	243	0.999653
0	367	362	0.999581
1	309	170	0.999647
1	272	122	0.999689
1	347	217	0.999603
1	158	103	0.999819
0	445	439	0.99949
0	225	166	0.999742
1	399	183	0.999542
0	146	113	0.999832
1	332	209	0.999618
1	492	303	0.999434
1	341	182	0.999607
0	434	373	0.999499
1	142	102	0.999836
1	258	176	0.999702
1	219	113	0.999747
0	166	148	0.999808
1	409	251	0.999527
0	332	262	0.999616
1	255	131	0.999705
0	479	402	0.999446
0	363	279	0.99958
0	369	336	0.999573
0	107	81	0.999876
0	257	248	0.999702
1	173	116	0.999799
1	373	248	0.999566
0	489	399	0.999431
1	348	168	0.999595
1	351	218	0.999591
1	304	205	0.999645
1	238	157	0.999722
0	219	202	0.999744
0	466	454	0.999455
0	483	431	0.999435
0	478	449	0.99944
0	481	389	0.999436
1	266	149	0.999688
0	103	92	0.999879
1	239	103	0.999719
1	460	328	0.999458
1	246	122	0.99971
1	285	187	0.999664
1	363	192	0.999572
1	391	202	0.999539
0	133	125	0.999843
0	338	260	0.999601
1	369	239	0.999564
1	402	182	0.999525
1	362	223	0.999572
1	442	301	0.999477
1	446	263	0.999472
0	285	234	0.999662
0	193	148	0.999771
1	404	260	0.99952
0	291	250	0.999654
0	95	89	0.999887
1	438	271	0.999479
1	357	166	0.999575
0	333	297	0.999603
0	237	235	0.999717
1	459	305	0.999452
0	344	290	0.999589
1	323	218	0.999614
0	425	351	0.999492
1	467	272	0.999441
0	162	156	0.999806
1	257	168	0.999692
0	474	392	0.999432
1	85	37	0.999898
1	449	316	0.999461
0	448	341	0.999462
1	328	154	0.999606
1	437	279	0.999474
0	372	342	0.999552
1	361	247	0.999565
0	165	131	0.999801
1	199	112	0.99976
0	329	271	0.999603
1	411	284	0.999504
1	250	108	0.999698
0	435	428	0.999474
0	463	395	0.99944
0	305	255	0.999631
0	343	326	0.999585
1	133	83	0.999839
0	395	300	0.999521
1	376	226	0.999544
1	220	156	0.999733
0	464	372	0.999437
0	306	288	0.999628
0	408	311	0.999504
1	394	221	0.999521
1	250	143	0.999696
1	266	151	0.999676
1	137	71	0.999833
0	187	149	0.999772
0	461	455	0.999438
1	410	214	0.9995
0	353	347	0.999569
1	180	97	0.99978
0	409	309	0.9995
0	188	157	0.99977
1	309	206	0.999622
1	291	167	0.999644
0	340	245	0.999584
1	116	64	0.999858
1	187	112	0.999771
1	351	207	0.99957
0	342	311	0.999581
1	253	179	0.99969
1	462	236	0.999434
1	248	121	0.999696
1	256	114	0.999686
1	300	147	0.999632
0	440	420	0.99946
0	360	279	0.999558
0	294	278	0.999639
1	329	208	0.999596
1	452	303	0.999445
0	411	297	0.999495
1	231	149	0.999716
0	196	143	0.999759
1	174	76	0.999786
0	139	138	0.999829
1	82	39	0.999899
0	332	317	0.999591
1	224	155	0.999724
0	271	240	0.999666
0	399	346	0.999508
0	337	259	0.999584
1	450	251	0.999444
0	428	417	0.999471
0	220	182	0.999728
0	330	260	0.999592
0	169	129	0.999791
0	262	247	0.999676
0	450	344	0.999443
0	151	113	0.999813
1	187	110	0.999768
1	351	153	0.999564
0	173	145	0.999785
0	423	371	0.999474
1	397	260	0.999506
1	363	200	0.999547
1	225	112	0.999719
1	200	117	0.99975
1	428	204	0.999465
0	203	166	0.999746
1	195	104	0.999756
1	314	210	0.999607
0	226	165	0.999717
0	395	327	0.999505
0	326	324	0.999591
0	312	269	0.999608
1	132	91	0.999834
0	177	137	0.999777
1	257	153	0.999676
0	247	227	0.999688
1	53	35	0.999933
1	253	126	0.99968
0	340	317	0.99957
1	336	148	0.999575
1	331	192	0.999581
1	139	88	0.999824
1	131	86	0.999834
0	262	187	0.999668
1	216	132	0.999726
0	286	280	0.999637
0	241	203	0.999694
1	352	188	0.999553
0	322	259	0.999591
0	351	273	0.999554
1	284	167	0.999639
1	350	169	0.999555
0	202	159	0.999743
1	227	103	0.999711
0	440	431	0.999438
1	435	207	0.999444
1	251	142	0.999679
0	189	146	0.999758
0	306	238	0.999608
0	368	304	0.999528
0	265	231	0.999659
1	338	224	0.999565
1	397	206	0.999489
0	211	196	0.999728
0	334	323	0.999569
0	419	416	0.999459
0	82	76	0.999894
0	75	63	0.999903
1	316	147	0.999591
0	207	185	0.999732
1	345	223	0.999553
1	74	50	0.999904
1	302	186	0.999608
1	213	117	0.999723
1	349	194	0.999546
1	405	270	0.999473
1	116	75	0.999849
0	141	108	0.999816
0	338	327	0.999559
0	416	315	0.999457
0	324	288	0.999577
0	386	350	0.999496
0	415	379	0.999458
0	150	140	0.999804
1	362	173	0.999527
1	202	93	0.999736
0	270	238	0.999647
1	104	67	0.999864
1	390	202	0.99949
0	217	210	0.999716
0	220	173	0.999712
0	207	154	0.999729
0	395	295	0.999483
0	181	167	0.999763
0	326	262	0.999573
1	87	60	0.999886
1	410	290	0.999462
0	347	317	0.999544
0	146	109	0.999808
1	111	53	0.999854
0	403	318	0.99947
1	274	190	0.999639
1	330	158	0.999565
0	385	320	0.999491
0	335	249	0.999557
1	311	161	0.999587
1	375	216	0.999502
1	140	88	0.999814
0	377	339	0.999499
0	364	300	0.999516
1	305	164	0.999594
1	305	166	0.999594
1	172	110	0.999771
1	314	186	0.999582
1	330	194	0.99956
1	375	176	0.9995
0	188	173	0.999749
0	379	326	0.999494
0	295	276	0.999605
0	230	205	0.999692
0	302	226	0.999595
0	369	266	0.999505
1	404	214	0.999458
1	386	271	0.999482
1	251	114	0.999663
1	348	202	0.999532
0	255	189	0.999657
0	410	359	0.999446
1	198	96	0.999732
0	385	316	0.999479
1	200	103	0.999729
1	262	140	0.999645
1	194	113	0.999737
0	272	244	0.99963
0	310	237	0.999578
0	317	288	0.999568
1	313	143	0.999573
1	387	194	0.999472
0	189	174	0.999742
0	282	237	0.999615
0	391	352	0.999466
1	407	219	0.999444
1	411	246	0.999437
0	389	348	0.999467
0	175	134	0.99976
0	196	141	0.999731
1	308	147	0.999577
1	323	185	0.999556
0	280	242	0.999615
1	320	137	0.99956
0	391	321	0.999462
0	262	197	0.999639
0	203	198	0.99972
0	131	117	0.999819
1	131	75	0.999819
0	274	230	0.999621
1	409	279	0.999434
0	341	259	0.999528
0	346	313	0.999521
1	391	180	0.999458
1	253	120	0.999649
0	54	42	0.999925
1	221	137	0.999693
1	274	161	0.999619
1	110	66	0.999847
0	211	152	0.999706
0	208	189	0.99971
0	344	279	0.99952
1	328	157	0.999542
0	156	144	0.999782
1	379	226	0.999469
1	87	55	0.999878
1	405	267	0.999432
1	119	65	0.999833
0	163	161	0.999771
0	200	199	0.999719
0	321	305	0.999549
1	148	70	0.999792
1	207	112	0.999709
1	334	158	0.99953
0	362	274	0.99949
1	151	84	0.999787
0	290	268	0.999591
1	324	210	0.999543
0	341	272	0.999519
1	107	56	0.999849
0	370	349	0.999478
1	306	160	0.999568
1	196	119	0.999723
1	306	175	0.999567
1	170	95	0.999759
0	285	256	0.999596
1	317	177	0.99955
0	297	242	0.999578
1	372	253	0.999471
1	311	154	0.999557
0	346	244	0.999507
1	355	153	0.999494
1	110	60	0.999843
0	391	358	0.999441
0	220	170	0.999685
0	333	257	0.999522
1	179	113	0.999743
0	293	239	0.999579
0	313	271	0.99955
0	202	172	0.999709
0	311	221	0.999552
1	179	105	0.999742
1	367	247	0.999471
0	106	98	0.999847
1	390	205	0.999437
1	164	103	0.999763
0	184	161	0.999734
0	238	229	0.999655
1	271	167	0.999607
0	168	122	0.999756
1	216	126	0.999686
1	77	45	0.999888
0	242	220	0.999648
1	310	166	0.999549
0	384	359	0.99944
0	266	198	0.999612
0	386	373	0.999437
1	309	149	0.999549
0	241	223	0.999648
1	217	147	0.999683
0	371	284	0.999458
0	132	123	0.999807
0	332	290	0.999514
0	329	268	0.999518
1	195	105	0.999714
0	302	231	0.999557
0	322	319	0.999527
1	149	65	0.999781
1	268	162	0.999606
0	385	270	0.999434
1	249	150	0.999633
0	305	269	0.99955
1	367	221	0.999458
0	331	253	0.999511
1	353	237	0.999478
0	246	243	0.999636
0	360	255	0.999467
0	307	215	0.999545
0	328	241	0.999513
1	268	134	0.999602
0	270	213	0.999599
0	315	228	0.999532
0	127	125	0.999811
1	108	53	0.999839
1	300	169	0.999552
0	87	74	0.99987
0	105	89	0.999843
1	171	116	0.999744
1	82	41	0.999877
0	312	260	0.999532
1	372	234	0.999442
0	345	327	0.999482
0	331	310	0.999503
0	343	252	0.999484
1	317	199	0.999523
1	283	158	0.999574
1	281	141	0.999577
0	148	115	0.999777
1	302	159	0.999545
0	377	313	0.999432
0	195	191	0.999706
0	118	90	0.999822
1	226	152	0.999659
0	275	209	0.999585
1	153	78	0.999768
0	213	159	0.999677
1	346	159	0.999475
0	322	313	0.999511
0	208	184	0.999684
0	229	179	0.999652
1	296	203	0.99955
0	266	239	0.999594
0	108	106	0.999835
1	275	186	0.999579
1	306	133	0.999531
0	350	262	0.999463
1	299	147	0.999541
1	138	80	0.999788
0	281	207	0.999568
1	353	215	0.999457
1	165	73	0.999746
1	333	147	0.999487
1	303	133	0.999533
1	286	181	0.999559
1	304	182	0.999531
0	114	80	0.999824
1	253	130	0.999609
0	355	279	0.999451
0	189	135	0.999706
1	365	225	0.999432
1	352	221	0.999451
0	330	296	0.999485
1	213	113	0.999667
0	218	179	0.999659
0	344	308	0.999461
0	241	170	0.999622
1	360	234	0.999435
1	321	160	0.999495
1	221	138	0.999652
0	220	172	0.999653
0	213	169	0.999664
1	152	65	0.99976
1	138	81	0.999782
1	300	207	0.999526
1	240	163	0.99962
1	334	217	0.999471
0	342	240	0.999457
0	355	270	0.999436
1	219	144	0.999651
1	303	206	0.999517
0	356	288	0.999432
0	305	288	0.999513
1	308	206	0.999508
1	304	159	0.999514
1	183	111	0.999707
0	321	307	0.999486
0	281	209	0.99955
0	106	97	0.99983
1	207	101	0.999668
0	216	207	0.999653
0	348	330	0.999441
0	291	228	0.999532
0	338	273	0.999456
1	185	103	0.999702
1	234	162	0.999622
1	260	177	0.99958
0	312	282	0.999496
0	284	252	0.99954
0	300	275	0.999514
0	266	263	0.999569
1	274	157	0.999554
1	259	135	0.999578
0	208	203	0.999661
0	200	160	0.999674
1	341	172	0.999444
1	309	152	0.999496
1	166	96	0.999729
0	302	272	0.999507
0	124	89	0.999797
0	119	118	0.999805
1	260	121	0.999574
0	331	285	0.999457
1	81	44	0.999867
1	332	158	0.999454
1	141	65	0.999768
0	192	182	0.999684
0	133	116	0.999781
1	111	63	0.999817
1	308	173	0.999492
0	345	319	0.999431
0	140	117	0.999769
1	83	45	0.999863
1	255	110	0.999579
0	235	169	0.999611
0	299	260	0.999505
0	308	218	0.99949
0	275	221	0.999544
0	258	222	0.999572
1	276	167	0.999542
0	291	231	0.999517
0	56	41	0.999907
0	337	239	0.99944
0	319	262	0.999469
1	147	94	0.999755
1	292	158	0.999513
1	309	148	0.999484
0	85	82	0.999858
1	195	86	0.999674
0	284	261	0.999524
0	170	136	0.999715
0	335	275	0.999437
0	224	171	0.999623
0	79	76	0.999867
0	165	137	0.999722
0	334	273	0.999437
0	208	148	0.999649
1	289	188	0.999512
1	84	48	0.999858
0	184	177	0.999689
1	243	122	0.999589
1	293	202	0.999504
1	125	56	0.999788
1	125	57	0.999788
0	320	283	0.999457
0	139	110	0.999764
1	259	142	0.99956
1	280	139	0.999524
0	320	296	0.999456
0	197	189	0.999665
1	107	53	0.999818
0	67	59	0.999886
1	218	97	0.999629
1	85	40	0.999855
1	331	198	0.999435
0	322	295	0.99945
1	303	141	0.999482
1	273	182	0.999533
0	256	187	0.999562
1	105	67	0.99982
1	319	191	0.999453
1	283	130	0.999514
0	301	253	0.999483
1	207	105	0.999644
1	247	132	0.999575
1	176	117	0.999697
1	324	141	0.999442
1	213	136	0.999633
0	149	133	0.999743
0	323	293	0.999443
1	133	73	0.99977
0	273	213	0.999528
0	314	250	0.999457
0	307	287	0.999468
0	249	179	0.999568
0	295	275	0.999488
1	310	165	0.99946
1	245	125	0.999573
0	55	53	0.999904
1	115	60	0.999799
1	226	148	0.999605
0	189	155	0.999669
0	198	155	0.999653
0	146	124	0.999744
0	57	41	0.9999
0	187	147	0.999672
0	289	233	0.999492
0	188	172	0.999669
1	277	161	0.999512
1	257	141	0.999547
0	304	264	0.999464
0	309	276	0.999455
0	213	205	0.999624
0	304	276	0.999462
0	178	145	0.999684
0	248	211	0.999558
0	94	78	0.999832
0	152	114	0.999728
0	135	105	0.999758
1	294	172	0.999473
1	290	153	0.99948
0	228	223	0.999591
0	180	155	0.999677
0	122	107	0.999781
1	259	113	0.999535
1	295	185	0.99947
0	274	212	0.999507
1	258	125	0.999535
0	112	111	0.999798
1	209	98	0.999623
0	230	185	0.999585
1	200	93	0.999639
1	221	138	0.999601
0	88	75	0.999841
1	141	69	0.999745
1	305	144	0.999448
1	185	97	0.999665
0	220	164	0.999601
1	248	109	0.99955
0	232	160	0.999579
1	65	28	0.999882
1	125	65	0.999773
1	255	155	0.999537
1	212	99	0.999615
0	165	134	0.9997
0	182	150	0.999669
0	189	185	0.999656
1	281	132	0.999488
1	248	141	0.999548
0	68	47	0.999876
1	247	135	0.999549
0	293	216	0.999465
0	261	191	0.999523
1	210	119	0.999616
1	226	148	0.999585
0	146	116	0.99973
1	240	154	0.999556
0	303	235	0.999439
1	176	82	0.999674
0	183	147	0.999661
0	218	164	0.999596
1	97	64	0.99982
1	261	115	0.999515
1	292	151	0.999457
1	193	119	0.999641
1	204	92	0.99962
0	199	179	0.999629
1	156	76	0.999709
0	149	116	0.999722
1	112	76	0.999791
1	175	96	0.999673
1	244	157	0.999544
1	146	76	0.999727
0	232	165	0.999566
0	125	88	0.999766
0	184	133	0.999655
1	115	59	0.999784
1	255	119	0.999521
1	242	145	0.999544
0	208	194	0.999607
1	232	135	0.99956
0	233	217	0.999558
0	156	112	0.999704
0	208	151	0.999605
0	158	148	0.999699
0	138	133	0.999737
1	246	132	0.999531
0	204	171	0.999611
0	119	97	0.999773
1	269	159	0.999487
0	187	156	0.999643
1	284	154	0.999455
1	270	147	0.999481
1	196	115	0.999623
1	225	99	0.999567
0	188	136	0.999638
0	108	95	0.999792
0	232	200	0.999553
1	233	138	0.999551
0	214	193	0.999587
1	243	122	0.999531
1	187	94	0.999639
1	276	118	0.999467
0	292	271	0.999435
1	203	114	0.999607
0	252	196	0.999511
1	120	72	0.999767
1	258	131	0.999499
0	88	61	0.999829
1	71	34	0.999862
1	126	54	0.999755
0	93	81	0.999819
0	133	105	0.999741
0	249	206	0.999515
0	236	203	0.99954
1	227	153	0.999557
0	272	235	0.999469
1	214	99	0.999582
1	210	135	0.999589
0	78	58	0.999847
1	130	72	0.999745
0	228	170	0.999552
0	224	188	0.999559
1	257	115	0.999493
0	224	174	0.999558
0	271	195	0.999465
0	172	140	0.99966
1	109	51	0.999784
1	172	114	0.999659
0	61	55	0.999879
1	180	85	0.999643
1	123	58	0.999756
0	251	195	0.999502
0	278	271	0.999448
1	253	131	0.999497
0	223	162	0.999556
1	119	62	0.999763
0	227	186	0.999546
0	171	127	0.999657
0	129	107	0.999741
1	261	152	0.999476
0	248	169	0.999501
0	159	130	0.99968
1	162	82	0.999673
1	160	74	0.999677
1	268	146	0.999459
0	93	83	0.999812
1	191	120	0.999613
1	150	75	0.999696
0	108	87	0.999781
1	105	45	0.999787
1	66	44	0.999866
1	133	69	0.99973
0	257	188	0.999477
1	251	145	0.999488
1	244	136	0.999502
1	260	167	0.999469
0	138	136	0.999718
1	255	119	0.999479
0	255	248	0.999479
1	276	160	0.999436
1	179	84	0.999634
1	216	125	0.999558
1	215	113	0.99956
0	84	58	0.999828
1	222	126	0.999545
1	257	114	0.999473
0	221	199	0.999546
0	127	122	0.999739
0	121	95	0.999751
0	51	48	0.999895
0	235	178	0.999516
1	267	125	0.999449
0	124	99	0.999744
0	168	156	0.999653
0	166	146	0.999657
0	165	135	0.999659
0	146	132	0.999698
0	264	225	0.999454
0	99	81	0.999795
0	210	205	0.999565
1	204	129	0.999576
0	126	106	0.999738
1	242	111	0.999496
0	255	232	0.999467
0	196	146	0.99959
1	209	107	0.999562
0	51	45	0.999893
1	223	109	0.999532
0	204	185	0.999571
0	220	209	0.999537
0	243	187	0.999488
0	252	250	0.999469
0	138	99	0.999709
0	161	141	0.99966
0	221	182	0.999533
1	255	170	0.999461
0	235	212	0.999503
0	269	203	0.999431
1	86	48	0.999818
0	170	137	0.99964
1	110	49	0.999767
1	101	53	0.999786
0	126	99	0.999733
0	186	166	0.999605
1	253	137	0.99946
0	155	119	0.999669
1	199	88	0.999574
0	162	136	0.999652
1	197	116	0.999576
1	203	103	0.999561
1	210	142	0.999545
1	218	115	0.999527
0	233	165	0.999494
1	213	119	0.999537
0	253	200	0.99945
1	88	45	0.999808
1	88	44	0.999808
0	146	128	0.999681
1	203	122	0.999556
1	183	105	0.999599
0	225	179	0.999506
0	151	141	0.999668
1	171	102	0.999623
1	234	127	0.999483
0	245	232	0.999458
1	93	57	0.999794
0	81	67	0.99982
1	247	122	0.999451
1	183	97	0.999593
0	227	190	0.999495
0	96	81	0.999786
0	214	201	0.999523
0	189	141	0.999578
1	253	145	0.999435
0	158	142	0.999647
1	106	62	0.999763
1	96	48	0.999785
1	204	136	0.999542
0	166	143	0.999627
1	242	121	0.999455
1	149	75	0.999664
1	230	103	0.999481
0	88	71	0.999801
1	224	125	0.999493
0	239	167	0.999459
1	124	66	0.999719
1	237	148	0.999463
1	93	61	0.999789
0	173	117	0.999607
0	76	52	0.999827
0	93	86	0.999788
1	247	155	0.999436
1	130	60	0.999702
0	123	93	0.999718
0	229	173	0.999475
0	163	133	0.999626
1	189	124	0.999566
0	222	191	0.99949
1	98	64	0.999774
0	239	179	0.999449
0	127	123	0.999707
0	84	64	0.999806
1	207	121	0.999522
1	210	106	0.999515
0	186	183	0.99957
0	163	159	0.999623
1	129	86	0.9997
0	212	193	0.999506
0	181	147	0.999577
1	239	105	0.99944
0	208	169	0.999512
1	170	106	0.999601
0	238	214	0.999441
0	51	45	0.99988
0	210	176	0.999506
0	136	102	0.99968
1	238	117	0.99944
1	115	65	0.999728
0	231	218	0.999453
0	157	107	0.999628
0	162	150	0.999616
0	181	174	0.99957
1	185	87	0.999559
0	165	153	0.999606
0	128	87	0.999694
1	161	89	0.999615
0	177	143	0.999575
1	225	127	0.999459
0	197	144	0.999525
1	114	65	0.999725
1	208	104	0.999498
0	221	155	0.999466
1	214	94	0.999482
0	201	195	0.999512
1	178	107	0.999567
0	204	197	0.999503
0	175	158	0.999573
0	188	182	0.999541
0	165	115	0.999597
0	129	88	0.999684
1	79	48	0.999806
1	199	128	0.999511
1	223	137	0.999451
0	68	66	0.999832
0	91	63	0.999775
0	211	174	0.999478
1	181	92	0.999552
0	114	83	0.999717
1	160	70	0.999602
1	147	81	0.999633
1	82	37	0.999795
0	146	131	0.999635
1	152	68	0.99962
1	167	101	0.999582
0	221	199	0.999444
0	58	43	0.999854
1	79	48	0.999801
0	132	113	0.999667
0	173	129	0.999563
0	129	125	0.999674
0	223	204	0.999436
0	219	174	0.999445
0	179	158	0.999546
0	108	93	0.999726
1	92	40	0.999766
0	122	110	0.999689
0	148	110	0.999622
0	172	137	0.999557
0	52	49	0.999866
1	168	97	0.999567
0	124	122	0.99968
1	146	95	0.999622
1	190	94	0.999508
1	190	90	0.999507
1	159	92	0.999587
0	163	147	0.999576
0	133	108	0.999654
1	73	34	0.99981
1	176	91	0.999541
1	141	84	0.999632
1	189	101	0.999506
0	175	146	0.999542
0	217	158	0.999431
1	213	93	0.99944
1	163	98	0.99957
1	62	41	0.999836
1	159	85	0.999577
0	181	175	0.999517
0	191	160	0.99949
0	198	159	0.999471
0	180	146	0.999519
0	209	200	0.99944
0	193	172	0.999482
0	171	140	0.999541
1	93	57	0.99975
1	189	91	0.99949
0	130	89	0.999649
0	137	108	0.999629
0	95	78	0.999742
0	165	117	0.999551
0	88	66	0.99976
0	140	118	0.999618
0	196	174	0.999465
1	74	42	0.999797
1	191	110	0.999476
1	160	71	0.999561
0	185	179	0.999492
0	205	178	0.999437
0	207	191	0.999431
1	161	75	0.999557
0	172	144	0.999524
0	181	128	0.999498
1	191	118	0.99947
1	130	57	0.999639
1	145	70	0.999597
0	170	164	0.999526
0	86	60	0.99976
1	141	75	0.999606
0	161	125	0.99955
1	139	63	0.999611
0	148	119	0.999585
0	62	43	0.999826
0	201	171	0.999436
1	198	116	0.999444
1	153	88	0.99957
1	182	112	0.999488
0	130	94	0.999634
0	163	153	0.999541
1	59	36	0.999833
0	131	119	0.999629
1	192	127	0.999456
1	140	62	0.999603
0	103	77	0.999707
0	127	97	0.999638
1	174	86	0.999504
0	95	66	0.999729
0	105	81	0.999699
1	80	47	0.99977
0	97	65	0.99972
1	195	106	0.999437
0	172	138	0.999502
0	180	129	0.999478
0	151	146	0.999562
0	142	105	0.999588
0	177	153	0.999486
0	107	80	0.999689
0	171	151	0.999503
1	136	66	0.999604
0	114	110	0.999668
0	181	175	0.999472
0	183	134	0.999462
0	189	170	0.999444
1	57	34	0.999832
0	174	129	0.999486
0	188	143	0.999444
1	129	66	0.999618
1	176	95	0.999478
1	146	76	0.999565
1	124	80	0.99963
0	183	172	0.999454
0	168	112	0.999498
0	122	115	0.999635
1	140	82	0.999581
0	160	112	0.999521
1	147	74	0.999558
0	106	98	0.999681
1	63	40	0.99981
1	120	76	0.999638
0	148	137	0.999553
0	116	102	0.999649
0	75	72	0.999773
0	185	134	0.99944
0	61	57	0.999815
1	184	92	0.999442
0	138	100	0.999581
1	78	34	0.999763
0	104	74	0.999684
0	158	113	0.99952
0	184	135	0.99944
0	138	132	0.999579
0	180	145	0.999449
0	143	142	0.999562
1	143	64	0.999562
0	181	142	0.999445
0	159	135	0.999511
0	169	134	0.99948
0	154	106	0.999525
1	126	56	0.999611
0	183	163	0.999435
1	147	85	0.999546
1	123	57	0.99962
0	129	107	0.999601
0	179	132	0.999445
0	68	49	0.999789
0	176	172	0.999454
0	134	95	0.999583
1	118	54	0.999632
1	62	33	0.999806
0	163	111	0.99949
0	169	126	0.99947
1	78	42	0.999755
1	70	37	0.99978
1	147	83	0.999538
0	123	114	0.999613
1	99	44	0.999688
1	64	34	0.999798
0	154	108	0.999513
0	166	121	0.999475
0	111	99	0.999648
1	116	71	0.999632
0	108	75	0.999657
1	85	50	0.99973
1	54	26	0.999828
1	130	72	0.999586
0	168	134	0.999464
1	75	38	0.99976
0	133	93	0.999574
1	68	43	0.999782
0	133	98	0.999573
1	142	73	0.999544
0	154	105	0.999505
1	111	62	0.999643
1	73	37	0.999764
0	92	87	0.999702
1	138	85	0.999553
0	166	111	0.999462
0	143	124	0.999536
0	174	154	0.999435
0	161	112	0.999477
0	75	51	0.999756
1	109	65	0.999644
0	131	101	0.999572
1	149	80	0.999512
0	119	99	0.99961
0	160	107	0.999474
1	153	71	0.999497
1	137	65	0.999549
0	165	131	0.999456
0	101	87	0.999666
0	158	136	0.999477
0	83	74	0.999725
0	137	135	0.999546
0	90	70	0.999701
0	127	100	0.999578
0	123	100	0.99959
0	135	130	0.99955
0	77	75	0.999743
1	169	106	0.999436
0	115	85	0.999615
1	123	54	0.999588
0	100	96	0.999665
0	148	102	0.999504
1	113	74	0.999618
0	152	109	0.999486
0	141	118	0.999523
0	164	136	0.999445
1	161	90	0.999453
0	74	51	0.999748
1	130	56	0.999556
0	158	106	0.99946
0	80	62	0.999726
1	87	55	0.999702
0	151	142	0.999482
0	123	122	0.999577
0	129	128	0.999556
0	141	101	0.999514
0	85	65	0.999706
0	93	78	0.999678
1	105	68	0.999636
0	139	130	0.999516
0	123	94	0.99957
1	54	29	0.999811
0	72	50	0.999746
0	121	89	0.999573
0	156	144	0.999448
0	61	51	0.999784
1	133	66	0.999529
0	139	100	0.999503
0	148	136	0.999469
1	83	53	0.999702
0	81	77	0.999709
1	52	31	0.999813
0	151	134	0.999456
1	149	67	0.999461
0	137	104	0.999504
0	137	113	0.999504
1	69	30	0.99975
1	137	60	0.999502
0	109	76	0.999603
0	128	100	0.999533
1	128	78	0.999532
1	123	54	0.99955
0	79	62	0.99971
1	104	47	0.999618
1	138	60	0.999491
0	135	128	0.999502
0	142	124	0.999474
0	115	104	0.999572
1	128	74	0.999523
0	125	124	0.999533
0	109	72	0.999592
1	86	41	0.999678
1	128	76	0.99952
0	140	139	0.999475
1	105	60	0.999603
0	120	105	0.999546
1	102	54	0.999614
0	131	116	0.999504
1	72	35	0.999727
1	58	28	0.99978
1	54	31	0.999795
1	140	83	0.999468
1	114	69	0.999566
0	140	94	0.999467
0	118	85	0.99955
0	118	114	0.999549
0	92	74	0.999648
1	94	61	0.99964
1	86	45	0.99967
1	83	44	0.999681
0	116	103	0.999551
0	87	58	0.999663
0	119	105	0.999539
1	101	53	0.999608
1	94	52	0.999634
1	117	61	0.999544
0	55	47	0.999785
1	91	53	0.999644
0	117	105	0.999541
1	71	35	0.999721
0	53	43	0.999791
1	100	46	0.999605
0	65	49	0.999742
0	141	123	0.99944
1	114	62	0.999547
1	129	64	0.999487
1	56	29	0.999777
0	103	85	0.999589
1	133	82	0.999466
0	111	88	0.999554
0	52	37	0.999791
0	51	38	0.999794
0	122	112	0.999507
0	82	73	0.999666
0	112	97	0.999541
0	70	67	0.999713
1	110	55	0.999549
1	87	50	0.999643
1	88	48	0.999638
0	66	48	0.999728
1	85	45	0.999648
0	126	86	0.999477
1	84	44	0.999651
1	115	71	0.999522
1	86	52	0.999642
1	127	55	0.999471
0	71	47	0.999704
0	92	66	0.999616
1	97	53	0.999595
1	106	66	0.999557
0	85	71	0.999644
0	101	80	0.999577
1	58	30	0.999757
0	111	91	0.99953
0	115	92	0.999513
0	125	103	0.999469
0	56	48	0.999762
0	110	105	0.999532
0	109	84	0.999535
0	87	86	0.999627
1	107	58	0.999541
0	55	49	0.999764
0	120	114	0.999485
0	76	70	0.999671
0	125	103	0.999455
0	89	82	0.99961
0	99	92	0.999566
0	111	104	0.999513
1	79	49	0.999653
0	129	121	0.999431
0	69	63	0.999694
1	69	35	0.999694
1	123	75	0.999453
1	118	55	0.999474
0	60	41	0.999732
0	72	68	0.999677
0	120	104	0.99946
1	89	48	0.999598
0	113	110	0.999488
1	58	27	0.999737
0	104	81	0.999528
0	101	98	0.99954
1	116	75	0.99947
0	93	91	0.999575
0	114	101	0.999479
1	112	51	0.999488
1	115	72	0.999474
0	118	82	0.99946
1	65	32	0.999702
0	70	63	0.999678
0	98	88	0.999546
1	82	52	0.99962
0	77	73	0.999643
1	82	43	0.999619
0	57	46	0.999735
0	111	85	0.999484
1	108	69	0.999497
0	113	84	0.999472
0	71	48	0.999668
0	52	41	0.999756
1	78	46	0.999633
0	59	44	0.999722
0	118	103	0.999444
0	74	58	0.99965
0	57	40	0.999729
1	50	32	0.999762
0	119	82	0.999431
0	81	66	0.999612
0	87	71	0.999583
1	92	56	0.999558
0	58	38	0.999721
0	50	41	0.999759
0	116	97	0.999441
0	62	57	0.999701
1	105	56	0.999493
0	75	50	0.999637
0	94	83	0.999544
1	103	59	0.9995
1	107	62	0.99948
0	78	56	0.999619
1	85	46	0.999579
1	71	38	0.999647
0	102	95	0.999491
0	93	91	0.999533
1	81	51	0.999593
1	56	25	0.999718
1	106	59	0.999466
1	77	37	0.999611
0	97	94	0.999504
0	85	59	0.999561
1	84	49	0.999566
1	88	57	0.999545
1	73	38	0.999622
0	55	47	0.999713
1	80	35	0.999581
0	102	87	0.999464
0	61	53	0.999679
0	96	67	0.999494
1	76	46	0.999599
0	57	47	0.999697
0	101	67	0.999461
0	73	59	0.99961
1	99	47	0.999471
1	93	55	0.999502
0	82	66	0.99956
1	95	55	0.99949
0	76	69	0.99959
1	67	43	0.999638
0	84	65	0.999544
1	94	50	0.999488
0	84	61	0.999542
1	77	46	0.999579
0	75	67	0.999588
0	93	67	0.999488
0	87	72	0.999521
1	78	48	0.999569
0	84	59	0.999535
0	82	77	0.999545
0	81	56	0.99955
0	77	68	0.999569
1	70	33	0.999608
0	64	63	0.999641
1	61	36	0.999657
0	59	49	0.999667
0	90	80	0.999492
0	60	54	0.99966
1	78	50	0.999557
1	75	32	0.999571
1	61	32	0.999649
0	51	44	0.999706
1	88	46	0.999491
1	93	51	0.99946
1	69	37	0.999597
0	63	43	0.999624
1	64	35	0.999617
0	76	63	0.999542
1	62	34	0.999626
1	86	39	0.999481
1	65	34	0.999606
0	91	90	0.999447
0	63	48	0.999611
1	83	45	0.999487
0	78	53	0.999517
0	51	45	0.999684
0	84	60	0.999479
0	62	53	0.999614
0	60	46	0.999626
0	79	64	0.999507
1	55	34	0.999655
0	78	67	0.999509
1	88	39	0.999445
0	63	46	0.999593
1	77	48	0.999502
0	63	44	0.999589
0	58	45	0.99962
0	66	46	0.999562
1	56	32	0.999628
0	60	49	0.999601
0	66	65	0.999561
1	71	36	0.999527
0	63	49	0.999577
0	72	61	0.999516
0	84	74	0.999435
0	75	70	0.999494
0	58	39	0.999605
1	68	35	0.999532
1	80	47	0.999449
0	63	49	0.999566
1	55	30	0.999615
0	74	49	0.99948
1	64	41	0.999549
0	57	46	0.999597
1	50	23	0.999646
0	55	47	0.99961
0	53	37	0.999623
1	67	40	0.999523
0	71	62	0.999488
1	54	31	0.999608
1	57	36	0.999586
0	76	69	0.999446
0	74	56	0.99946
1	63	30	0.99954
0	70	63	0.999483
0	59	39	0.999562
0	70	67	0.999473
0	64	48	0.999518
1	56	25	0.999574
0	73	63	0.999444
0	64	49	0.999509
0	53	40	0.999593
0	73	70	0.999439
1	65	30	0.999498
1	69	42	0.999466
0	72	52	0.99944
0	64	56	0.999493
0	66	62	0.999475
0	57	41	0.999545
1	52	29	0.999583
1	51	28	0.999588
1	60	38	0.999515
1	50	27	0.999593
0	54	37	0.99956
0	60	47	0.999506
0	62	48	0.999477
0	64	62	0.999451
0	57	39	0.999504
0	61	44	0.999463
0	63	55	0.999444
0	50	39	0.999552
0	56	55	0.999488
0	54	46	0.9995
1	50	26	0.999536
0	58	44	0.999456
0	57	48	0.999455
1	51	28	0.99951
1	53	28	0.999483
0	56	37	0.999445
0	57	50	0.999432
1	52	30	0.99948
1	51	32	0.999481
1	55	35	0.999433
1	50	30	0.999477
0	51	42	0.999459
