64892.1
3.68058
3500
1	273	255	1
1	362	309	1
1	401	320	1
1	328	274	1
1	356	307	1
1	436	421	1
1	358	314	1
1	418	411	1
1	244	240	1
1	90	83	1
1	482	459	1
1	135	117	1
1	500	434	0.999999
1	485	464	0.999999
1	450	441	0.999999
1	447	433	0.999999
1	403	346	0.999999
1	387	332	0.999999
1	373	348	0.999999
1	345	328	0.999999
1	344	301	0.999999
1	267	266	0.999999
1	492	463	0.999998
1	228	182	0.999999
1	455	452	0.999998
1	455	375	0.999998
1	451	391	0.999998
1	221	183	0.999999
1	440	419	0.999998
1	432	391	0.999998
1	214	212	0.999999
1	423	408	0.999998
1	396	393	0.999998
1	395	382	0.999998
1	390	369	0.999998
1	388	377	0.999998
1	192	158	0.999999
1	181	144	0.999999
1	362	328	0.999998
1	180	157	0.999999
1	353	332	0.999998
1	340	286	0.999998
1	336	287	0.999998
1	332	316	0.999998
1	165	132	0.999999
1	475	449	0.999997
1	468	444	0.999997
1	304	250	0.999998
1	303	295	0.999998
1	446	368	0.999997
1	436	379	0.999997
1	421	412	0.999997
1	277	255	0.999998
1	276	227	0.999998
1	274	218	0.999998
1	405	354	0.999997
1	404	357	0.999997
1	269	247	0.999998
1	399	387	0.999997
1	395	336	0.999997
1	395	320	0.999997
1	129	118	0.999999
1	499	492	0.999996
1	367	332	0.999997
1	244	204	0.999998
1	361	350	0.999997
1	480	397	0.999996
1	472	399	0.999996
1	471	442	0.999996
1	466	433	0.999996
1	232	223	0.999998
1	463	407	0.999996
1	459	392	0.999996
1	229	207	0.999998
1	456	444	0.999996
1	225	207	0.999998
1	450	408	0.999996
1	329	311	0.999997
1	207	192	0.999998
1	410	346	0.999996
1	403	338	0.999996
1	499	495	0.999995
1	199	158	0.999998
1	197	161	0.999998
1	295	284	0.999997
1	391	331	0.999996
1	389	325	0.999996
1	478	439	0.999995
1	375	367	0.999996
1	277	250	0.999997
1	459	401	0.999995
1	273	225	0.999997
1	454	442	0.999995
1	360	305	0.999996
1	449	369	0.999995
1	440	402	0.999995
1	437	370	0.999995
1	348	325	0.999996
1	434	383	0.999995
1	420	399	0.999995
1	251	211	0.999997
1	166	160	0.999998
1	413	402	0.999995
1	494	413	0.999994
1	484	394	0.999994
1	402	392	0.999995
1	481	436	0.999994
1	160	138	0.999998
1	478	398	0.999994
1	238	229	0.999997
1	237	191	0.999997
1	235	188	0.999997
1	313	248	0.999996
0	468	467	0.999994
1	388	328	0.999995
1	385	366	0.999995
1	229	185	0.999997
1	303	261	0.999996
1	296	237	0.999996
1	442	382	0.999994
1	362	356	0.999995
1	362	342	0.999995
1	144	129	0.999998
1	360	315	0.999995
1	431	424	0.999994
1	287	280	0.999996
1	212	168	0.999997
1	349	293	0.999995
1	277	246	0.999996
1	207	185	0.999997
1	342	336	0.999995
0	340	338	0.999995
1	476	394	0.999993
1	271	226	0.999996
1	203	187	0.999997
1	336	290	0.999995
1	398	343	0.999994
1	264	258	0.999996
1	327	318	0.999995
1	126	101	0.999998
1	495	415	0.999992
1	368	312	0.999994
1	122	114	0.999998
1	366	300	0.999994
1	121	110	0.999998
1	241	203	0.999996
1	240	228	0.999996
1	298	284	0.999995
1	178	143	0.999997
1	409	335	0.999993
1	467	429	0.999992
0	396	395	0.999993
1	56	52	0.999999
1	223	191	0.999996
1	167	154	0.999997
0	435	432	0.999992
1	162	145	0.999997
1	486	466	0.999991
1	318	294	0.999994
1	474	405	0.999991
1	471	408	0.999991
1	470	393	0.999991
1	417	356	0.999992
1	413	341	0.999992
1	461	382	0.999991
1	358	305	0.999993
1	305	290	0.999994
1	303	263	0.999994
1	451	406	0.999991
1	500	443	0.99999
1	295	256	0.999994
1	393	315	0.999992
1	294	286	0.999994
1	293	255	0.999994
1	487	466	0.99999
1	146	125	0.999997
1	339	332	0.999993
1	284	258	0.999994
1	471	377	0.99999
1	421	381	0.999991
1	457	424	0.99999
1	454	394	0.99999
1	363	308	0.999992
1	178	143	0.999996
1	354	290	0.999992
1	132	128	0.999997
1	433	372	0.99999
1	346	321	0.999992
1	342	291	0.999992
1	466	372	0.999989
1	466	422	0.999989
1	418	389	0.99999
1	458	447	0.999989
1	246	233	0.999994
1	491	482	0.999988
1	366	335	0.999991
1	445	361	0.999989
1	403	327	0.99999
1	443	406	0.999989
1	440	392	0.999989
1	399	315	0.99999
1	314	266	0.999992
1	431	423	0.999989
1	156	140	0.999996
1	428	368	0.999989
1	270	266	0.999993
1	77	67	0.999998
1	115	109	0.999997
1	115	91	0.999997
1	452	365	0.999988
1	489	470	0.999987
1	75	71	0.999998
1	337	275	0.999991
1	410	343	0.999989
1	149	129	0.999996
1	371	331	0.99999
1	482	399	0.999987
1	295	247	0.999992
1	401	345	0.999989
1	396	360	0.999989
1	467	445	0.999987
1	356	300	0.99999
1	462	441	0.999987
1	281	234	0.999992
1	382	354	0.999989
1	312	302	0.999991
1	312	257	0.999991
1	346	279	0.99999
1	415	341	0.999988
0	241	238	0.999993
1	206	170	0.999994
1	308	264	0.999991
1	370	316	0.999989
1	134	126	0.999996
1	167	136	0.999995
1	330	312	0.99999
1	328	260	0.99999
1	426	389	0.999987
1	65	61	0.999998
1	130	118	0.999996
1	325	265	0.99999
1	455	360	0.999986
1	257	236	0.999992
1	287	280	0.999991
1	470	449	0.999985
1	375	359	0.999988
1	405	335	0.999987
1	466	405	0.999985
1	372	329	0.999988
1	372	339	0.999988
1	154	138	0.999995
1	308	300	0.99999
1	215	179	0.999993
1	272	246	0.999991
1	450	432	0.999985
1	417	382	0.999986
1	119	97	0.999996
0	474	466	0.999984
0	444	438	0.999985
0	384	382	0.999987
1	118	113	0.999996
1	440	396	0.999985
1	497	419	0.999983
1	320	310	0.999989
1	259	249	0.999991
1	258	228	0.999991
1	430	399	0.999985
0	400	393	0.999986
1	284	274	0.99999
1	113	94	0.999996
1	395	319	0.999986
1	281	261	0.99999
1	84	82	0.999997
1	390	326	0.999986
1	334	294	0.999988
1	472	429	0.999983
1	388	331	0.999986
1	298	262	0.999989
1	430	362	0.999984
1	188	183	0.999993
0	349	347	0.999987
1	429	349	0.999984
1	453	423	0.999983
1	426	402	0.999984
1	292	266	0.999989
0	345	344	0.999987
1	473	425	0.999982
1	393	339	0.999985
1	288	278	0.999989
1	496	400	0.999981
1	313	280	0.999988
1	78	71	0.999997
1	156	137	0.999994
1	390	330	0.999985
1	411	363	0.999984
1	256	212	0.99999
1	332	323	0.999987
1	483	416	0.999981
1	482	469	0.999981
1	431	411	0.999983
1	431	393	0.999983
1	479	422	0.999981
1	377	316	0.999985
1	301	288	0.999988
1	376	353	0.999985
1	473	390	0.999981
1	423	368	0.999983
1	174	143	0.999993
1	422	403	0.999983
1	395	342	0.999984
1	395	370	0.999984
1	148	144	0.999994
1	295	234	0.999988
1	294	245	0.999988
1	439	397	0.999982
1	317	290	0.999987
1	340	314	0.999986
1	461	421	0.999981
1	240	199	0.99999
1	215	202	0.999991
1	406	351	0.999983
1	381	371	0.999984
1	238	199	0.99999
1	404	327	0.999983
1	285	235	0.999988
1	448	406	0.999981
1	447	405	0.999981
1	188	169	0.999992
1	399	348	0.999983
1	305	259	0.999987
1	466	373	0.99998
1	348	320	0.999985
1	254	246	0.999989
1	69	58	0.999997
1	206	181	0.999991
0	137	134	0.999994
1	433	351	0.999981
1	410	369	0.999982
1	157	142	0.999993
1	112	91	0.999995
1	333	299	0.999985
1	133	105	0.999994
1	376	322	0.999983
1	286	255	0.999987
1	461	438	0.999979
1	241	221	0.999989
1	262	219	0.999988
1	349	326	0.999984
0	196	193	0.999991
1	152	131	0.999993
0	454	446	0.999979
1	259	221	0.999988
1	300	285	0.999986
1	278	239	0.999987
1	381	305	0.999982
1	486	460	0.999977
1	359	328	0.999983
1	400	352	0.999981
1	84	79	0.999996
0	315	311	0.999985
1	125	121	0.999994
0	374	368	0.999982
1	289	242	0.999986
1	227	199	0.999989
0	495	493	0.999976
1	285	246	0.999986
0	244	239	0.999988
1	243	198	0.999988
0	444	438	0.999978
1	343	286	0.999983
1	463	442	0.999977
1	461	398	0.999977
1	140	116	0.999993
1	219	175	0.999989
1	418	356	0.999979
1	418	345	0.999979
1	455	437	0.999977
1	336	273	0.999983
1	434	393	0.999978
1	276	235	0.999986
1	275	236	0.999986
1	117	102	0.999994
0	331	325	0.999983
1	466	440	0.999976
1	116	103	0.999994
1	77	64	0.999996
1	346	305	0.999982
1	288	238	0.999985
1	230	219	0.999988
1	383	329	0.99998
1	306	268	0.999984
1	478	382	0.999975
1	382	340	0.99998
1	210	173	0.999989
1	477	435	0.999975
0	305	299	0.999984
1	475	450	0.999975
1	322	297	0.999983
1	265	240	0.999986
1	132	106	0.999993
1	188	181	0.99999
0	469	461	0.999975
1	75	71	0.999996
1	393	357	0.999979
1	298	280	0.999984
1	447	407	0.999976
0	129	126	0.999993
1	386	342	0.999979
0	294	286	0.999984
1	312	265	0.999983
1	385	356	0.999979
1	458	363	0.999975
1	439	386	0.999976
1	128	118	0.999993
1	347	283	0.999981
1	401	355	0.999978
1	472	376	0.999974
1	324	300	0.999982
1	450	360	0.999975
1	359	310	0.99998
0	461	449	0.999974
1	390	309	0.999978
1	370	302	0.999979
1	229	202	0.999987
1	352	330	0.99998
0	475	463	0.999973
1	385	311	0.999978
1	385	305	0.999978
1	490	399	0.999972
1	331	318	0.999981
1	470	404	0.999973
1	243	230	0.999986
1	242	203	0.999986
1	138	126	0.999992
1	86	77	0.999995
1	274	218	0.999984
0	461	457	0.999973
1	323	279	0.999981
0	442	433	0.999974
1	476	439	0.999972
1	220	203	0.999987
1	406	388	0.999976
1	389	346	0.999977
1	438	376	0.999974
1	402	332	0.999976
1	150	136	0.999991
1	283	245	0.999983
1	298	269	0.999982
1	495	463	0.99997
1	495	410	0.99997
1	444	381	0.999973
0	378	375	0.999977
1	394	333	0.999976
1	394	348	0.999976
1	393	333	0.999976
1	473	405	0.999971
1	277	240	0.999983
1	342	271	0.999979
1	340	285	0.999979
1	420	368	0.999974
1	468	435	0.999971
1	500	481	0.999969
1	451	429	0.999972
0	322	320	0.99998
1	417	365	0.999974
1	160	128	0.99999
1	319	302	0.99998
0	175	171	0.999989
1	334	303	0.999979
1	477	377	0.99997
1	302	253	0.999981
0	491	484	0.999969
1	300	263	0.999981
0	426	417	0.999973
1	394	343	0.999975
1	263	211	0.999983
0	371	370	0.999976
1	355	286	0.999977
1	463	386	0.99997
1	416	371	0.999973
0	462	461	0.99997
1	415	328	0.999973
1	292	261	0.999981
1	107	93	0.999993
0	214	209	0.999986
1	457	431	0.99997
1	136	124	0.999991
1	135	126	0.999991
1	180	147	0.999988
0	255	251	0.999983
1	285	263	0.999981
1	495	444	0.999967
1	449	414	0.99997
1	119	98	0.999992
1	446	422	0.99997
1	416	351	0.999972
1	443	412	0.99997
1	441	349	0.99997
1	220	207	0.999985
0	497	490	0.999966
1	350	302	0.999976
1	422	400	0.999971
1	392	357	0.999973
1	391	372	0.999973
1	318	287	0.999978
1	332	297	0.999977
1	374	336	0.999974
1	417	333	0.999971
1	115	108	0.999992
1	273	243	0.999981
1	258	232	0.999982
1	301	250	0.999979
1	430	379	0.99997
0	358	352	0.999975
1	315	264	0.999978
1	114	103	0.999992
0	355	346	0.999975
0	454	440	0.999968
1	156	143	0.999989
0	496	492	0.999965
1	99	79	0.999993
1	437	410	0.999969
1	225	195	0.999984
1	309	279	0.999978
1	391	331	0.999972
1	293	276	0.999979
1	237	197	0.999983
1	499	478	0.999964
0	484	472	0.999965
1	401	355	0.999971
1	373	311	0.999973
0	386	374	0.999972
1	372	340	0.999973
1	412	370	0.99997
1	453	425	0.999967
1	425	384	0.999969
1	315	302	0.999977
1	341	275	0.999975
1	286	248	0.999979
1	311	273	0.999977
1	81	68	0.999994
1	108	94	0.999992
1	256	220	0.999981
0	485	468	0.999964
1	202	184	0.999985
1	363	290	0.999973
1	295	240	0.999978
1	134	123	0.99999
1	93	82	0.999993
1	398	316	0.99997
1	451	382	0.999966
1	305	252	0.999977
0	358	352	0.999973
1	212	186	0.999984
0	397	396	0.99997
1	317	295	0.999976
1	355	295	0.999973
0	275	271	0.999979
1	327	280	0.999975
0	405	404	0.999969
1	209	172	0.999984
1	482	438	0.999963
1	65	58	0.999995
1	195	157	0.999985
1	416	395	0.999968
0	454	437	0.999965
1	362	335	0.999972
1	323	293	0.999975
1	206	184	0.999984
1	373	302	0.999971
1	347	323	0.999973
0	461	452	0.999964
1	461	415	0.999964
1	434	361	0.999966
1	370	353	0.999971
1	89	85	0.999993
0	127	123	0.99999
1	317	258	0.999975
1	355	336	0.999972
1	304	268	0.999976
1	253	213	0.99998
0	468	461	0.999963
1	492	394	0.999961
1	340	298	0.999973
1	151	138	0.999988
1	415	365	0.999967
1	490	428	0.999961
0	251	244	0.99998
1	363	306	0.999971
0	488	473	0.999961
1	374	329	0.99997
1	374	333	0.99997
1	446	367	0.999964
1	384	305	0.999969
1	210	192	0.999983
0	284	275	0.999977
1	481	442	0.999961
1	442	377	0.999964
1	368	339	0.99997
1	380	333	0.999969
1	477	412	0.999961
1	463	437	0.999962
0	353	341	0.999971
1	304	283	0.999975
1	486	461	0.99996
1	170	155	0.999986
0	447	437	0.999963
0	471	460	0.999961
1	445	422	0.999963
1	469	390	0.999961
1	348	326	0.999971
0	227	222	0.999981
1	203	193	0.999983
1	155	127	0.999987
1	143	136	0.999988
1	404	377	0.999966
1	475	425	0.99996
1	332	287	0.999972
1	379	355	0.999968
0	366	352	0.999969
1	354	316	0.99997
1	330	310	0.999972
1	305	266	0.999974
1	293	275	0.999975
1	455	407	0.999961
0	279	275	0.999976
1	255	225	0.999978
1	336	303	0.999971
1	463	380	0.99996
1	208	169	0.999982
1	416	329	0.999964
1	322	277	0.999972
1	437	373	0.999962
0	310	309	0.999973
1	436	366	0.999962
1	126	117	0.999989
1	332	290	0.999971
1	469	399	0.999959
1	354	320	0.999969
1	57	54	0.999995
1	319	287	0.999972
1	239	215	0.999979
1	478	431	0.999958
0	500	484	0.999956
1	352	321	0.999969
0	363	359	0.999968
1	306	255	0.999973
0	374	362	0.999967
0	374	358	0.999967
1	147	136	0.999987
1	418	353	0.999963
0	349	342	0.999969
1	258	206	0.999977
1	157	130	0.999986
1	358	329	0.999968
1	402	347	0.999964
1	234	206	0.999979
0	289	277	0.999974
1	100	85	0.999991
1	477	394	0.999957
1	410	376	0.999963
1	188	168	0.999983
0	464	445	0.999958
0	497	486	0.999955
1	77	63	0.999993
1	143	124	0.999987
1	176	164	0.999984
0	374	366	0.999966
1	373	309	0.999966
1	362	318	0.999967
1	197	158	0.999982
1	153	131	0.999986
1	295	257	0.999973
1	457	394	0.999958
1	359	328	0.999967
1	163	133	0.999985
1	489	465	0.999955
1	206	189	0.999981
1	477	397	0.999956
1	325	310	0.99997
1	184	150	0.999983
0	303	296	0.999972
1	346	290	0.999968
1	420	374	0.999961
1	366	304	0.999966
1	247	218	0.999977
1	440	368	0.999959
0	75	73	0.999993
1	332	283	0.999969
0	332	319	0.999969
1	395	333	0.999963
1	384	354	0.999964
1	469	390	0.999956
1	149	141	0.999986
1	287	260	0.999973
0	106	102	0.99999
1	169	160	0.999984
1	433	350	0.999959
1	359	339	0.999966
1	285	254	0.999973
1	401	350	0.999962
0	327	319	0.999969
0	432	413	0.999959
1	482	458	0.999954
1	398	365	0.999962
0	230	225	0.999978
0	94	91	0.999991
1	313	282	0.99997
1	323	259	0.999969
1	385	314	0.999963
1	437	396	0.999958
1	228	182	0.999978
1	456	401	0.999956
1	403	321	0.999961
1	381	301	0.999963
1	463	366	0.999955
1	318	255	0.999969
1	174	150	0.999983
0	428	415	0.999958
1	163	147	0.999984
1	224	212	0.999978
1	498	425	0.999951
1	132	109	0.999987
1	345	318	0.999966
1	405	338	0.99996
0	404	397	0.99996
1	131	115	0.999987
1	453	410	0.999955
0	261	250	0.999974
1	271	234	0.999973
0	361	360	0.999964
1	441	362	0.999956
1	110	97	0.999989
1	170	153	0.999983
1	290	271	0.999971
1	460	433	0.999954
1	479	413	0.999952
1	469	429	0.999953
1	468	387	0.999953
1	398	365	0.99996
1	308	265	0.999969
1	218	200	0.999978
0	436	416	0.999956
1	297	235	0.99997
1	396	351	0.99996
1	475	451	0.999952
1	366	343	0.999963
1	384	318	0.999961
1	364	335	0.999963
1	403	342	0.999959
1	491	416	0.99995
1	343	289	0.999965
1	333	296	0.999966
1	186	169	0.999981
1	401	371	0.999959
1	127	103	0.999987
1	117	99	0.999988
1	458	422	0.999953
1	330	283	0.999966
0	357	349	0.999963
0	164	162	0.999983
1	461	380	0.999952
0	144	141	0.999985
0	374	359	0.999961
1	316	271	0.999967
1	134	127	0.999986
1	430	389	0.999955
0	468	464	0.999951
1	105	98	0.999989
1	229	185	0.999976
1	229	195	0.999976
1	124	104	0.999987
1	495	418	0.999948
1	465	392	0.999951
0	322	311	0.999966
1	397	333	0.999958
1	132	116	0.999986
1	386	320	0.999959
1	442	357	0.999953
0	413	408	0.999956
1	488	390	0.999948
0	197	189	0.999979
1	497	467	0.999947
1	159	148	0.999983
1	308	269	0.999967
1	93	74	0.99999
0	465	449	0.99995
1	158	148	0.999983
1	241	194	0.999974
1	444	388	0.999952
1	379	334	0.999959
1	425	357	0.999954
0	323	313	0.999965
1	83	71	0.999991
1	479	384	0.999948
1	350	293	0.999962
1	413	337	0.999955
1	376	322	0.999959
1	275	258	0.99997
1	330	275	0.999964
1	411	374	0.999955
1	456	418	0.99995
1	237	210	0.999974
1	391	316	0.999957
1	491	462	0.999946
1	118	95	0.999987
1	236	205	0.999974
1	408	378	0.999955
0	308	297	0.999966
1	498	424	0.999945
1	434	390	0.999952
0	235	227	0.999974
1	316	291	0.999965
0	316	314	0.999965
0	361	351	0.99996
1	442	371	0.999951
1	451	365	0.99995
1	108	97	0.999988
1	162	133	0.999982
1	207	173	0.999977
1	475	379	0.999947
1	188	158	0.999979
1	358	289	0.99996
1	491	448	0.999945
0	499	492	0.999944
1	293	247	0.999967
1	142	125	0.999984
0	213	205	0.999976
1	346	312	0.999961
1	230	202	0.999974
0	468	456	0.999947
0	256	253	0.999971
1	247	226	0.999972
1	291	262	0.999967
1	132	117	0.999985
1	439	348	0.99995
1	377	348	0.999957
1	412	343	0.999953
1	403	357	0.999954
1	411	342	0.999953
1	201	167	0.999977
1	375	346	0.999957
1	488	406	0.999944
1	331	292	0.999962
1	226	197	0.999974
0	339	325	0.999961
1	443	376	0.999949
1	330	308	0.999962
1	321	267	0.999963
1	338	299	0.999961
1	329	265	0.999962
0	406	405	0.999953
0	190	185	0.999978
1	414	365	0.999952
0	448	428	0.999948
1	310	251	0.999964
1	327	264	0.999962
1	496	392	0.999942
1	427	360	0.99995
1	111	102	0.999987
1	452	363	0.999947
1	452	382	0.999947
1	341	313	0.99996
0	247	239	0.999971
1	119	111	0.999986
1	305	259	0.999964
1	474	430	0.999944
1	220	194	0.999974
0	490	484	0.999942
1	177	146	0.999979
1	413	332	0.999951
1	219	176	0.999974
1	379	340	0.999955
1	479	426	0.999943
0	495	477	0.999941
1	243	213	0.999971
1	251	203	0.99997
1	184	159	0.999978
1	460	432	0.999945
1	284	239	0.999966
1	125	109	0.999985
1	108	100	0.999987
1	365	342	0.999956
1	423	398	0.999949
0	290	288	0.999965
1	207	175	0.999975
0	248	240	0.99997
1	281	249	0.999966
1	446	370	0.999946
1	231	186	0.999972
0	436	415	0.999947
1	312	250	0.999962
1	361	322	0.999956
0	172	168	0.999979
0	311	299	0.999962
1	212	176	0.999974
1	57	48	0.999993
1	464	417	0.999943
1	122	111	0.999985
1	438	377	0.999946
1	162	152	0.99998
0	477	461	0.999941
1	194	161	0.999976
0	355	350	0.999956
0	121	119	0.999985
1	371	320	0.999954
1	258	239	0.999968
1	467	408	0.999942
1	402	365	0.99995
1	410	324	0.999949
1	482	398	0.99994
1	289	268	0.999964
0	369	351	0.999954
0	377	368	0.999953
1	400	376	0.99995
1	432	376	0.999946
1	440	409	0.999945
1	447	413	0.999944
1	159	149	0.99998
0	452	436	0.999943
1	333	278	0.999958
1	412	327	0.999948
1	301	272	0.999962
1	293	269	0.999963
1	483	423	0.999939
1	269	238	0.999966
1	441	375	0.999944
1	338	277	0.999957
1	212	169	0.999973
0	251	246	0.999968
0	368	349	0.999953
0	446	437	0.999943
0	485	479	0.999938
1	164	140	0.999979
1	367	340	0.999953
1	499	425	0.999936
1	413	379	0.999947
1	374	309	0.999952
1	280	247	0.999964
0	490	483	0.999937
0	381	367	0.999951
1	482	415	0.999938
1	396	354	0.999949
1	458	396	0.999941
1	473	390	0.999939
1	186	170	0.999976
1	186	162	0.999976
1	178	161	0.999977
1	441	376	0.999943
0	286	282	0.999963
0	309	303	0.99996
0	278	268	0.999964
1	463	422	0.99994
0	463	460	0.99994
1	378	350	0.999951
0	239	230	0.999969
1	208	169	0.999973
1	362	289	0.999953
1	385	310	0.99995
1	254	201	0.999967
1	431	375	0.999944
0	377	361	0.999951
1	207	168	0.999973
1	467	436	0.999939
1	107	99	0.999986
1	313	266	0.999959
0	328	325	0.999957
0	259	257	0.999966
1	457	407	0.99994
1	137	111	0.999982
1	372	298	0.999951
1	258	223	0.999966
1	439	376	0.999942
1	454	410	0.99994
1	295	259	0.999961
1	431	389	0.999943
1	136	117	0.999982
1	151	123	0.99998
0	317	314	0.999958
0	249	242	0.999967
1	309	283	0.999959
1	301	247	0.99996
1	459	396	0.999939
1	474	376	0.999937
1	376	297	0.99995
1	376	340	0.99995
1	436	375	0.999942
1	436	385	0.999942
0	263	261	0.999965
0	278	277	0.999963
1	180	153	0.999976
1	419	365	0.999944
1	381	346	0.999949
1	82	75	0.999989
1	475	404	0.999936
0	475	450	0.999936
1	310	273	0.999958
0	317	305	0.999957
1	339	275	0.999954
1	184	154	0.999975
1	419	341	0.999943
0	235	233	0.999968
0	110	105	0.999985
0	469	467	0.999936
0	315	298	0.999957
1	205	189	0.999972
1	278	248	0.999962
0	95	91	0.999987
1	95	82	0.999987
1	489	438	0.999933
1	277	247	0.999962
1	488	401	0.999933
1	211	175	0.999971
1	189	169	0.999974
0	399	375	0.999945
0	398	381	0.999945
0	369	364	0.999949
1	65	57	0.999991
0	455	428	0.999937
1	353	306	0.999951
1	252	211	0.999965
1	187	172	0.999974
1	388	335	0.999946
1	294	247	0.999959
0	423	399	0.999941
1	129	103	0.999982
1	186	168	0.999974
1	429	400	0.99994
0	376	367	0.999947
1	234	189	0.999967
1	241	224	0.999966
1	354	303	0.99995
1	191	154	0.999973
1	438	346	0.999938
1	332	310	0.999953
1	240	191	0.999966
0	402	395	0.999943
0	148	139	0.999979
0	458	434	0.999935
1	387	350	0.999945
0	394	388	0.999944
1	429	401	0.999939
1	274	227	0.999961
1	435	393	0.999938
1	491	438	0.99993
1	196	179	0.999972
0	315	310	0.999955
1	406	364	0.999942
1	462	396	0.999934
0	482	461	0.999931
1	376	310	0.999946
1	174	147	0.999975
1	473	396	0.999932
0	292	277	0.999958
1	396	369	0.999943
0	111	107	0.999984
1	333	283	0.999952
1	395	321	0.999943
0	485	469	0.99993
1	353	306	0.999949
0	408	392	0.999941
1	414	369	0.99994
1	476	378	0.999931
0	489	465	0.999929
1	412	326	0.99994
1	302	250	0.999956
1	391	313	0.999943
0	384	364	0.999944
1	432	373	0.999937
1	411	348	0.99994
0	123	117	0.999982
1	239	218	0.999965
1	423	391	0.999938
1	375	320	0.999945
1	204	166	0.99997
0	435	421	0.999936
1	292	235	0.999957
1	285	260	0.999958
1	122	105	0.999982
1	447	381	0.999934
1	291	239	0.999957
1	494	407	0.999927
1	257	239	0.999962
1	331	304	0.999951
0	396	377	0.999941
0	255	252	0.999962
0	476	459	0.999929
1	268	230	0.99996
1	394	355	0.999941
0	207	199	0.999969
1	60	54	0.999991
1	60	49	0.999991
0	500	481	0.999925
1	273	241	0.999959
1	426	347	0.999936
0	492	488	0.999926
1	186	164	0.999972
0	232	231	0.999965
1	53	46	0.999992
0	106	99	0.999984
0	152	149	0.999977
1	396	325	0.99994
1	191	156	0.999971
1	236	214	0.999964
0	478	467	0.999927
0	360	354	0.999945
1	353	319	0.999946
1	431	351	0.999934
0	65	61	0.99999
1	208	184	0.999968
0	273	258	0.999958
1	377	331	0.999942
1	500	426	0.999923
1	461	405	0.999929
0	441	428	0.999932
1	97	87	0.999985
0	446	416	0.999931
1	394	345	0.999939
1	71	57	0.999989
1	387	336	0.99994
1	58	54	0.999991
0	496	483	0.999923
1	341	293	0.999947
1	289	229	0.999955
0	122	116	0.999981
1	494	437	0.999923
0	263	255	0.999959
0	128	121	0.99998
1	217	173	0.999966
1	306	263	0.999952
0	388	386	0.999939
1	375	308	0.999941
0	470	447	0.999926
1	362	332	0.999943
0	406	397	0.999936
0	171	162	0.999973
1	228	198	0.999964
1	423	365	0.999933
1	303	273	0.999952
0	404	385	0.999936
0	183	174	0.999971
0	302	284	0.999952
1	289	265	0.999954
0	414	409	0.999934
1	445	353	0.999929
1	376	310	0.99994
0	401	388	0.999936
1	400	354	0.999936
1	425	381	0.999932
0	281	268	0.999955
1	312	249	0.99995
1	168	133	0.999973
1	174	142	0.999972
1	261	238	0.999958
1	323	292	0.999948
1	323	262	0.999948
1	236	190	0.999962
0	267	255	0.999957
1	329	286	0.999947
1	459	373	0.999926
1	93	81	0.999985
1	179	149	0.999971
1	432	368	0.99993
0	450	420	0.999927
1	456	414	0.999926
1	326	266	0.999947
1	449	387	0.999927
1	123	107	0.99998
1	479	393	0.999922
1	448	392	0.999927
1	411	346	0.999933
0	343	338	0.999944
0	257	246	0.999958
1	422	361	0.999931
1	159	136	0.999974
1	477	427	0.999922
1	324	273	0.999947
1	489	442	0.99992
1	415	351	0.999932
1	299	257	0.999951
0	457	434	0.999925
1	499	398	0.999918
1	468	370	0.999923
1	188	150	0.999969
1	471	404	0.999922
1	380	304	0.999937
1	259	205	0.999957
1	325	280	0.999946
1	427	392	0.999929
1	78	67	0.999987
1	336	291	0.999944
0	468	453	0.999922
0	467	450	0.999922
1	311	258	0.999948
1	263	209	0.999956
0	466	444	0.999922
1	209	184	0.999965
1	352	288	0.999941
1	346	290	0.999942
1	298	263	0.99995
1	441	400	0.999926
1	423	378	0.999929
1	411	335	0.999931
0	268	264	0.999955
0	125	123	0.999979
1	238	214	0.99996
1	351	288	0.999941
1	327	271	0.999945
0	499	471	0.999916
1	285	237	0.999952
1	368	305	0.999938
1	83	74	0.999986
1	166	148	0.999972
1	480	445	0.999919
1	290	261	0.999951
0	491	459	0.999917
0	419	413	0.999929
0	413	412	0.99993
0	230	227	0.999961
1	359	330	0.999939
1	353	309	0.99994
1	441	397	0.999925
1	429	381	0.999927
1	458	397	0.999922
1	499	431	0.999915
1	381	311	0.999935
1	381	321	0.999935
1	310	272	0.999947
1	152	128	0.999974
0	251	243	0.999957
0	274	261	0.999953
1	134	115	0.999977
0	454	438	0.999922
1	64	53	0.999989
0	448	429	0.999923
0	285	267	0.999951
1	424	381	0.999927
1	203	161	0.999965
1	377	327	0.999935
1	197	166	0.999966
1	81	69	0.999986
1	457	421	0.999921
0	289	283	0.99995
0	491	466	0.999915
1	456	395	0.999921
1	236	207	0.999959
0	207	206	0.999964
0	413	412	0.999928
1	390	332	0.999932
1	407	359	0.999929
0	229	218	0.99996
0	308	296	0.999946
0	211	204	0.999963
1	245	211	0.999957
0	74	72	0.999987
1	182	164	0.999968
0	199	188	0.999965
0	415	387	0.999927
1	216	200	0.999962
1	193	169	0.999966
1	471	399	0.999917
1	380	315	0.999933
0	397	379	0.99993
0	153	144	0.999973
1	255	229	0.999955
0	317	303	0.999944
1	249	227	0.999956
1	481	422	0.999915
1	373	314	0.999934
0	412	396	0.999927
0	310	288	0.999945
0	479	456	0.999915
1	293	257	0.999948
1	276	222	0.999951
0	242	235	0.999957
1	242	219	0.999957
1	450	367	0.99992
1	489	429	0.999913
1	444	381	0.999921
1	219	193	0.999961
1	409	337	0.999927
0	207	198	0.999963
1	257	231	0.999954
0	307	285	0.999945
0	491	484	0.999912
0	78	76	0.999986
1	189	151	0.999966
1	161	134	0.999971
0	405	402	0.999927
1	61	50	0.999989
0	72	68	0.999987
1	254	225	0.999954
0	392	369	0.999929
1	309	257	0.999944
0	121	117	0.999978
0	187	176	0.999966
0	220	215	0.99996
1	264	233	0.999952
0	319	302	0.999942
0	137	132	0.999975
0	301	297	0.999945
1	498	417	0.999909
0	465	457	0.999915
0	459	439	0.999916
1	469	410	0.999914
1	387	319	0.999929
1	327	298	0.99994
0	147	146	0.999973
1	234	190	0.999957
0	272	253	0.99995
1	478	379	0.999912
1	152	123	0.999972
0	179	176	0.999967
0	499	465	0.999908
1	450	410	0.999917
1	466	396	0.999914
1	130	112	0.999976
1	471	387	0.999913
1	227	200	0.999958
1	378	332	0.99993
1	329	298	0.999939
1	453	395	0.999916
1	312	274	0.999942
0	199	197	0.999963
1	489	433	0.999909
0	397	379	0.999926
1	445	371	0.999917
0	445	426	0.999917
1	268	233	0.99995
0	466	454	0.999913
0	412	392	0.999923
1	353	300	0.999934
1	449	414	0.999916
1	187	155	0.999965
0	187	178	0.999965
1	251	207	0.999953
1	379	340	0.999929
0	192	179	0.999964
1	240	195	0.999955
1	469	418	0.999912
1	362	289	0.999932
1	298	259	0.999944
0	282	264	0.999947
1	335	294	0.999937
0	462	427	0.999913
1	377	311	0.999929
0	376	368	0.999929
0	413	394	0.999922
1	481	417	0.999909
1	396	348	0.999925
1	417	372	0.999921
0	79	75	0.999985
1	200	163	0.999962
0	484	479	0.999908
1	305	250	0.999942
1	489	442	0.999907
1	331	275	0.999937
0	499	498	0.999905
1	105	89	0.99998
0	409	397	0.999922
0	461	458	0.999912
1	335	308	0.999936
1	382	331	0.999927
0	136	127	0.999974
1	251	204	0.999952
1	366	336	0.99993
1	371	293	0.999929
1	214	186	0.999959
1	313	284	0.99994
0	365	361	0.99993
1	344	304	0.999934
1	281	225	0.999946
1	463	389	0.999911
1	442	382	0.999915
0	395	365	0.999924
1	343	306	0.999934
0	353	343	0.999932
1	109	98	0.999979
0	192	182	0.999963
0	472	440	0.999909
0	269	258	0.999948
0	429	405	0.999917
0	248	242	0.999952
1	294	263	0.999943
0	469	452	0.999909
1	438	370	0.999915
0	438	425	0.999915
0	371	349	0.999928
1	376	304	0.999927
1	417	368	0.999919
1	442	360	0.999914
1	375	315	0.999927
0	226	224	0.999956
1	303	252	0.999941
1	277	223	0.999946
1	441	371	0.999914
1	251	220	0.999951
0	440	412	0.999914
1	276	225	0.999946
1	465	378	0.999909
1	235	216	0.999954
0	424	411	0.999917
0	337	315	0.999934
1	393	362	0.999923
1	209	166	0.999959
0	219	212	0.999957
0	397	394	0.999922
1	442	373	0.999913
0	127	126	0.999975
1	457	396	0.99991
0	284	269	0.999944
0	289	284	0.999943
1	395	342	0.999922
1	369	297	0.999927
1	96	79	0.999981
0	192	177	0.999962
1	494	420	0.999902
1	403	362	0.99992
1	272	249	0.999946
0	317	303	0.999937
0	367	350	0.999927
1	372	337	0.999926
1	191	163	0.999962
1	467	395	0.999907
0	241	232	0.999952
0	241	232	0.999952
1	376	322	0.999925
0	391	370	0.999922
1	60	53	0.999988
0	90	89	0.999982
0	100	98	0.99998
0	325	315	0.999935
1	390	344	0.999922
1	369	314	0.999926
1	244	204	0.999951
1	463	414	0.999907
0	169	165	0.999966
0	338	321	0.999932
1	238	218	0.999952
0	322	300	0.999935
1	282	250	0.999943
1	356	327	0.999928
1	74	67	0.999985
0	296	287	0.99994
1	360	316	0.999927
1	493	390	0.9999
1	207	178	0.999958
1	483	392	0.999902
1	482	418	0.999902
0	300	292	0.999939
1	477	406	0.999903
1	236	211	0.999952
1	452	402	0.999908
1	496	426	0.999899
0	186	177	0.999962
1	357	309	0.999927
0	264	252	0.999946
1	474	395	0.999903
0	200	188	0.999959
1	404	350	0.999917
1	467	416	0.999904
0	490	467	0.999899
0	451	418	0.999907
0	257	254	0.999947
0	494	459	0.999898
1	368	317	0.999924
1	232	196	0.999952
0	343	320	0.999929
1	483	396	0.9999
0	333	316	0.999931
1	246	218	0.999949
1	492	399	0.999898
1	337	292	0.99993
0	308	286	0.999936
0	500	499	0.999896
0	298	283	0.999938
0	384	376	0.99992
1	432	370	0.99991
1	475	430	0.999901
1	465	401	0.999903
0	369	359	0.999923
1	484	443	0.999899
1	345	281	0.999928
1	335	299	0.99993
1	258	233	0.999946
1	430	381	0.99991
0	410	392	0.999914
1	467	404	0.999902
1	424	387	0.999911
1	319	272	0.999933
1	480	434	0.999899
1	95	83	0.99998
0	361	332	0.999924
0	380	358	0.99992
1	456	408	0.999904
1	493	390	0.999896
0	161	151	0.999966
0	284	263	0.99994
1	487	411	0.999897
1	378	313	0.99992
1	274	217	0.999942
1	222	182	0.999953
1	288	249	0.999939
1	472	412	0.9999
1	151	131	0.999968
1	382	305	0.999919
1	429	385	0.999909
1	357	288	0.999924
1	479	433	0.999898
1	366	293	0.999922
0	488	460	0.999896
0	206	200	0.999956
1	262	235	0.999944
1	346	312	0.999926
0	360	353	0.999923
0	486	480	0.999896
1	383	341	0.999918
0	266	247	0.999943
0	293	286	0.999937
1	372	338	0.99992
0	144	136	0.999969
1	362	311	0.999922
0	250	238	0.999946
0	416	415	0.99991
1	448	397	0.999903
1	406	325	0.999912
0	392	375	0.999915
1	447	365	0.999903
1	244	204	0.999947
0	446	436	0.999903
1	308	249	0.999933
1	285	253	0.999938
1	262	236	0.999943
1	147	120	0.999968
1	101	90	0.999978
1	156	133	0.999966
1	321	286	0.99993
0	481	452	0.999895
1	481	397	0.999895
1	87	72	0.999981
1	448	388	0.999902
0	480	472	0.999895
1	365	299	0.99992
0	351	335	0.999923
0	469	438	0.999897
1	405	340	0.999911
0	341	324	0.999925
0	100	92	0.999978
0	300	293	0.999934
1	309	267	0.999932
1	481	423	0.999894
1	499	423	0.99989
0	204	199	0.999955
0	435	407	0.999904
0	385	362	0.999915
1	416	363	0.999908
1	461	388	0.999898
0	375	353	0.999917
0	370	345	0.999918
1	460	414	0.999898
1	482	427	0.999893
1	153	133	0.999966
0	432	426	0.999904
1	328	293	0.999927
0	485	447	0.999892
1	485	436	0.999892
1	435	378	0.999903
0	215	206	0.999952
0	430	415	0.999904
1	228	186	0.999949
1	487	417	0.999891
1	478	405	0.999893
0	134	128	0.99997
1	201	179	0.999955
0	125	118	0.999972
1	299	246	0.999933
0	352	337	0.999921
0	343	330	0.999923
0	187	176	0.999958
1	356	314	0.99992
0	80	79	0.999982
1	200	178	0.999955
0	302	277	0.999932
0	466	454	0.999895
0	142	139	0.999968
1	213	173	0.999952
0	417	412	0.999906
1	257	227	0.999942
0	155	152	0.999965
1	301	241	0.999932
1	376	329	0.999915
1	491	420	0.999889
1	265	241	0.99994
0	353	345	0.99992
0	225	216	0.999949
0	410	390	0.999907
1	335	298	0.999924
0	282	279	0.999936
1	220	179	0.99995
1	308	276	0.99993
1	497	433	0.999887
0	211	208	0.999952
1	145	131	0.999967
1	325	258	0.999926
1	272	237	0.999938
1	320	279	0.999927
1	302	273	0.999931
1	376	327	0.999914
1	389	348	0.999911
1	354	321	0.999919
1	437	392	0.9999
1	419	341	0.999904
1	467	416	0.999893
0	397	363	0.999909
0	362	359	0.999917
1	279	228	0.999936
1	418	381	0.999904
1	422	349	0.999903
1	482	440	0.999889
0	495	455	0.999886
1	356	304	0.999918
0	434	431	0.9999
0	143	137	0.999967
1	325	275	0.999925
0	403	400	0.999907
1	416	376	0.999904
0	463	447	0.999893
0	454	442	0.999895
1	134	115	0.999969
1	484	390	0.999888
1	462	412	0.999893
1	397	321	0.999908
1	466	386	0.999892
1	466	371	0.999892
1	69	59	0.999984
0	276	260	0.999936
1	470	384	0.999891
1	409	331	0.999905
0	142	135	0.999967
1	499	430	0.999884
1	172	136	0.99996
1	335	280	0.999922
1	442	401	0.999897
1	193	159	0.999955
1	193	173	0.999955
0	437	407	0.999898
1	470	397	0.99989
0	491	477	0.999885
0	311	288	0.999927
1	477	430	0.999888
0	204	201	0.999952
0	306	286	0.999928
0	391	366	0.999908
0	225	214	0.999947
0	297	294	0.99993
1	420	354	0.999901
1	420	376	0.999901
1	403	363	0.999905
1	301	243	0.999929
1	267	219	0.999937
1	339	268	0.99992
1	483	388	0.999886
1	216	192	0.999949
0	415	410	0.999902
0	199	186	0.999953
0	436	410	0.999897
0	309	295	0.999927
0	368	351	0.999913
1	296	256	0.99993
1	418	342	0.999901
1	363	316	0.999914
0	135	132	0.999968
1	270	234	0.999936
1	367	312	0.999913
0	194	181	0.999954
1	413	372	0.999902
0	198	195	0.999953
0	455	424	0.999892
1	417	363	0.999901
1	122	104	0.999971
1	244	215	0.999942
1	307	248	0.999927
0	479	454	0.999886
1	378	302	0.99991
0	382	362	0.999909
1	474	421	0.999887
1	415	376	0.999901
0	285	268	0.999932
1	427	348	0.999898
1	251	218	0.99994
1	351	304	0.999916
1	330	296	0.999921
1	359	295	0.999914
1	392	354	0.999906
1	425	340	0.999898
1	354	294	0.999915
0	491	466	0.999882
0	158	157	0.999962
0	274	268	0.999934
0	220	212	0.999947
0	83	81	0.99998
1	141	117	0.999966
1	460	411	0.999889
0	145	133	0.999965
1	377	317	0.999909
1	406	369	0.999902
0	493	458	0.999881
0	385	367	0.999907
1	120	107	0.999971
1	331	292	0.99992
1	302	275	0.999927
1	302	257	0.999927
1	397	331	0.999904
0	339	317	0.999918
1	62	52	0.999985
0	496	467	0.99988
1	438	360	0.999894
0	479	470	0.999884
1	322	275	0.999922
1	466	411	0.999887
0	424	398	0.999897
0	399	392	0.999903
0	296	270	0.999928
0	415	392	0.999899
0	164	158	0.99996
0	369	359	0.99991
0	422	387	0.999897
0	479	464	0.999883
0	262	246	0.999936
1	393	325	0.999904
1	225	184	0.999945
0	380	365	0.999907
1	204	179	0.99995
0	465	452	0.999886
0	261	249	0.999936
0	432	428	0.999894
0	489	468	0.99988
0	440	422	0.999892
1	444	391	0.999891
0	228	208	0.999944
1	468	380	0.999885
1	191	169	0.999953
1	130	109	0.999968
0	397	375	0.999902
1	437	365	0.999892
1	190	159	0.999953
1	473	391	0.999883
1	153	130	0.999962
1	346	293	0.999914
0	410	394	0.999898
1	261	220	0.999935
1	269	242	0.999933
1	421	342	0.999895
0	96	92	0.999976
0	240	235	0.99994
1	252	207	0.999937
0	352	334	0.999912
1	404	359	0.999899
0	471	442	0.999882
1	447	356	0.999888
1	427	375	0.999893
1	407	323	0.999898
0	203	199	0.999949
1	382	306	0.999904
1	382	342	0.999904
0	382	365	0.999904
1	163	131	0.999959
1	147	119	0.999963
1	254	209	0.999936
0	500	469	0.999874
0	242	221	0.999939
1	456	375	0.999885
1	333	300	0.999916
1	103	91	0.999974
1	103	87	0.999974
0	499	470	0.999874
1	443	389	0.999888
0	427	401	0.999892
1	427	341	0.999892
1	419	362	0.999894
1	379	328	0.999904
0	71	68	0.999982
1	497	406	0.999874
1	414	348	0.999895
0	205	192	0.999948
0	500	475	0.999873
1	248	222	0.999937
1	476	430	0.999879
1	232	186	0.999941
1	318	252	0.999919
0	463	455	0.999882
0	306	279	0.999922
0	349	345	0.999911
0	392	390	0.9999
1	239	203	0.999939
1	137	124	0.999965
1	180	155	0.999954
1	403	325	0.999897
1	426	347	0.999891
0	433	419	0.999889
0	308	285	0.999921
1	339	308	0.999913
1	413	329	0.999894
0	179	173	0.999954
0	494	465	0.999873
1	494	419	0.999873
1	311	262	0.99992
1	303	274	0.999922
1	435	383	0.999888
1	400	347	0.999897
1	299	243	0.999923
1	485	436	0.999875
0	322	308	0.999917
0	159	150	0.999959
1	368	316	0.999905
1	151	133	0.999961
0	484	453	0.999875
0	391	377	0.999899
0	267	261	0.999931
1	499	429	0.999871
0	487	444	0.999874
1	286	235	0.999926
0	278	273	0.999928
0	293	277	0.999924
0	239	218	0.999938
0	308	296	0.99992
0	381	362	0.999901
1	304	258	0.999921
0	404	371	0.999895
0	288	284	0.999925
0	472	470	0.999877
0	295	271	0.999923
1	333	266	0.999913
0	352	346	0.999908
0	241	226	0.999937
1	271	229	0.999929
0	458	424	0.99988
0	496	466	0.99987
0	327	305	0.999914
0	479	469	0.999874
1	228	188	0.99994
0	247	241	0.999935
0	247	235	0.999935
1	361	302	0.999905
0	414	377	0.999891
0	148	147	0.999961
1	444	352	0.999883
0	417	384	0.99989
1	466	407	0.999877
1	284	255	0.999925
1	261	228	0.999931
1	242	192	0.999936
0	480	467	0.999873
1	238	197	0.999937
1	321	274	0.999915
0	83	82	0.999978
0	411	404	0.999891
1	354	302	0.999906
1	342	288	0.999909
0	439	426	0.999883
0	435	406	0.999884
0	480	462	0.999872
1	472	401	0.999874
1	221	188	0.999941
0	483	452	0.999871
1	430	363	0.999885
0	411	399	0.99989
1	254	218	0.999932
1	168	136	0.999955
1	280	231	0.999925
1	392	317	0.999895
1	347	278	0.999907
1	388	327	0.999896
0	485	453	0.99987
1	496	398	0.999867
1	164	138	0.999956
1	175	153	0.999953
1	175	146	0.999953
0	242	222	0.999935
0	469	434	0.999874
1	480	395	0.999871
0	346	339	0.999907
1	290	237	0.999922
1	223	179	0.99994
1	498	422	0.999866
0	208	190	0.999944
1	323	292	0.999913
0	271	266	0.999927
1	434	359	0.999883
1	178	161	0.999952
1	152	128	0.999959
0	341	324	0.999908
1	329	294	0.999911
1	436	359	0.999882
1	266	228	0.999928
1	443	386	0.99988
0	203	192	0.999945
0	417	404	0.999887
0	487	476	0.999868
0	247	226	0.999933
0	247	245	0.999933
0	394	388	0.999893
1	482	414	0.999869
0	239	224	0.999935
1	500	412	0.999864
1	419	340	0.999886
0	55	50	0.999985
1	176	148	0.999952
1	161	144	0.999956
0	212	209	0.999942
1	369	327	0.999899
0	230	220	0.999937
0	460	433	0.999874
1	434	367	0.999881
1	423	371	0.999884
1	452	392	0.999876
1	51	44	0.999986
1	459	382	0.999874
1	335	281	0.999908
0	498	486	0.999863
1	494	401	0.999864
0	454	434	0.999875
0	421	399	0.999884
0	421	412	0.999884
1	254	202	0.99993
1	370	314	0.999898
1	417	364	0.999885
0	268	257	0.999926
1	181	147	0.99995
1	318	285	0.999912
0	177	166	0.999951
1	444	372	0.999877
1	397	353	0.99989
0	385	384	0.999893
1	385	332	0.999893
1	410	328	0.999886
1	381	319	0.999894
1	478	414	0.999867
0	377	375	0.999895
1	219	174	0.999939
0	481	451	0.999866
0	305	281	0.999915
1	355	302	0.999901
0	441	410	0.999877
0	380	360	0.999894
0	319	303	0.999911
1	154	132	0.999957
1	111	90	0.999969
0	390	366	0.999891
1	347	296	0.999903
1	261	210	0.999927
0	218	210	0.999939
1	396	355	0.999889
0	214	207	0.99994
1	296	268	0.999917
0	246	237	0.999931
1	310	261	0.999913
0	114	113	0.999968
1	342	288	0.999904
0	146	135	0.999959
0	306	291	0.999914
1	405	344	0.999886
1	213	176	0.99994
1	465	411	0.999869
0	361	331	0.999898
0	453	440	0.999872
0	191	189	0.999946
1	244	199	0.999931
1	318	282	0.99991
1	477	390	0.999865
1	420	354	0.999881
0	480	436	0.999864
0	441	423	0.999875
0	134	130	0.999962
1	201	172	0.999943
0	483	464	0.999863
1	416	351	0.999882
1	229	204	0.999935
1	310	267	0.999912
0	236	229	0.999933
1	405	352	0.999885
0	426	386	0.999879
1	408	330	0.999884
0	422	392	0.99988
1	151	131	0.999957
1	442	371	0.999874
1	228	186	0.999935
0	354	338	0.999899
1	354	297	0.999899
0	452	436	0.999871
0	70	69	0.99998
1	91	80	0.999974
0	315	309	0.99991
0	371	348	0.999894
0	427	401	0.999878
0	462	440	0.999868
0	469	429	0.999866
0	479	473	0.999863
1	437	346	0.999875
1	248	218	0.999929
0	475	442	0.999864
0	468	437	0.999866
0	398	393	0.999886
1	307	255	0.999912
1	251	205	0.999928
0	366	359	0.999895
0	237	234	0.999932
1	467	415	0.999866
0	418	383	0.99988
1	174	139	0.99995
0	160	146	0.999954
0	358	326	0.999897
0	139	129	0.99996
0	271	257	0.999922
0	441	433	0.999873
0	340	320	0.999902
0	392	382	0.999887
1	163	144	0.999953
0	357	339	0.999897
0	291	269	0.999916
1	339	278	0.999902
0	401	391	0.999884
0	273	263	0.999921
1	304	264	0.999912
0	259	245	0.999925
1	404	326	0.999883
1	107	90	0.999969
1	452	408	0.999869
0	338	316	0.999902
1	293	253	0.999915
0	417	384	0.999879
1	203	170	0.999941
1	406	341	0.999882
0	158	150	0.999954
0	353	321	0.999897
1	394	325	0.999885
0	349	348	0.999898
1	434	359	0.999873
1	410	352	0.99988
1	280	229	0.999918
1	280	222	0.999918
0	283	269	0.999917
1	75	60	0.999978
1	150	122	0.999956
0	92	84	0.999973
1	201	174	0.999941
0	235	215	0.999931
0	313	299	0.999908
0	204	193	0.99994
0	340	339	0.9999
0	374	368	0.99989
0	435	398	0.999872
1	462	411	0.999864
1	377	307	0.999889
0	373	341	0.99989
0	217	214	0.999936
1	291	243	0.999914
1	460	376	0.999864
0	240	229	0.999929
0	368	362	0.999891
0	449	408	0.999867
0	354	346	0.999895
0	219	212	0.999935
0	64	60	0.999981
1	384	315	0.999886
0	458	449	0.999864
1	299	239	0.999911
1	272	242	0.999919
1	460	399	0.999863
0	396	386	0.999882
1	406	349	0.999879
0	104	98	0.999969
1	332	275	0.999901
1	362	288	0.999892
1	305	259	0.999909
0	315	300	0.999906
1	261	229	0.999922
0	281	271	0.999916
0	214	207	0.999936
1	381	306	0.999886
1	264	221	0.999921
0	441	425	0.999868
0	451	433	0.999865
0	354	325	0.999894
1	197	174	0.999941
1	197	161	0.999941
1	407	363	0.999878
0	160	148	0.999952
1	383	345	0.999885
1	396	321	0.999881
0	419	418	0.999874
1	379	327	0.999886
1	392	315	0.999882
1	325	278	0.999902
1	242	209	0.999927
1	212	177	0.999936
0	414	404	0.999875
0	417	394	0.999874
1	344	272	0.999896
1	271	240	0.999918
1	347	299	0.999895
1	198	162	0.99994
0	297	279	0.99991
1	422	351	0.999872
1	313	262	0.999905
0	430	389	0.999869
1	443	367	0.999865
1	315	266	0.999904
1	433	350	0.999868
0	410	397	0.999875
0	259	249	0.999921
1	354	318	0.999892
0	393	360	0.99988
1	337	288	0.999897
1	121	101	0.999963
1	294	242	0.99991
0	294	287	0.99991
1	385	307	0.999882
0	447	445	0.999863
0	362	356	0.999889
0	88	87	0.999973
1	427	360	0.999869
0	352	321	0.999892
0	440	410	0.999865
1	290	240	0.999911
1	231	198	0.999929
1	335	287	0.999897
1	400	351	0.999877
0	169	165	0.999948
0	406	378	0.999875
1	331	269	0.999898
1	437	383	0.999865
1	262	220	0.999919
0	333	315	0.999897
1	84	73	0.999974
0	210	203	0.999935
1	252	211	0.999922
1	381	329	0.999882
0	368	366	0.999886
0	213	209	0.999934
1	242	194	0.999925
1	387	310	0.99988
0	393	358	0.999878
1	383	307	0.999881
0	386	384	0.99988
0	254	252	0.999921
1	241	192	0.999925
0	302	296	0.999906
0	167	162	0.999948
1	289	257	0.99991
1	199	174	0.999938
0	266	251	0.999917
1	160	132	0.99995
1	390	309	0.999878
1	310	268	0.999903
1	345	286	0.999892
1	412	359	0.999871
0	232	218	0.999927
0	394	372	0.999876
0	359	343	0.999887
1	377	328	0.999881
1	332	263	0.999895
0	98	94	0.999969
0	142	137	0.999955
0	63	61	0.99998
0	384	349	0.999878
0	283	256	0.99991
1	377	306	0.99988
0	358	345	0.999886
0	229	207	0.999927
0	185	178	0.999941
0	94	90	0.99997
0	369	356	0.999882
1	175	152	0.999944
1	253	215	0.999919
1	356	315	0.999886
1	206	166	0.999934
1	312	277	0.9999
1	265	233	0.999915
1	427	357	0.999863
0	165	150	0.999947
0	414	374	0.999867
1	196	176	0.999937
0	255	236	0.999918
0	379	346	0.999878
0	382	353	0.999877
1	177	140	0.999943
0	335	315	0.999892
0	322	303	0.999896
0	390	358	0.999874
1	164	130	0.999947
1	371	317	0.99988
0	139	128	0.999955
1	142	116	0.999954
1	225	198	0.999927
1	151	135	0.999951
1	357	291	0.999884
1	240	200	0.999922
0	338	321	0.99989
1	89	78	0.999971
0	402	380	0.999869
1	92	81	0.99997
1	383	327	0.999875
1	147	121	0.999952
0	395	374	0.999871
1	410	331	0.999866
0	403	367	0.999868
1	116	95	0.999962
0	299	287	0.999902
1	256	208	0.999916
0	67	64	0.999978
0	134	132	0.999956
0	365	351	0.99988
1	310	269	0.999898
0	255	242	0.999916
0	349	321	0.999885
1	176	154	0.999942
1	367	293	0.999879
0	391	384	0.999871
1	342	300	0.999887
1	248	221	0.999918
0	372	342	0.999877
1	139	119	0.999954
0	308	278	0.999898
0	166	158	0.999945
1	184	153	0.999939
1	365	304	0.999879
0	217	213	0.999928
1	229	190	0.999924
1	261	224	0.999913
1	305	246	0.999898
1	278	225	0.999907
1	266	219	0.999911
0	194	190	0.999935
0	191	174	0.999936
1	376	320	0.999874
1	361	310	0.999879
0	340	313	0.999886
0	304	287	0.999898
0	149	136	0.99995
1	295	254	0.999901
1	387	322	0.99987
1	375	329	0.999874
1	238	210	0.99992
0	104	102	0.999965
1	306	257	0.999897
0	404	372	0.999864
1	288	240	0.999903
0	347	326	0.999883
0	237	235	0.99992
1	154	124	0.999948
1	139	112	0.999953
0	357	355	0.999879
0	171	170	0.999942
0	380	355	0.999871
1	206	165	0.99993
1	50	42	0.999983
0	311	299	0.999894
1	355	319	0.999879
1	220	174	0.999925
0	158	149	0.999946
0	275	267	0.999906
1	392	310	0.999866
1	380	315	0.99987
1	187	163	0.999936
1	149	121	0.999949
0	365	354	0.999875
0	254	238	0.999913
0	283	281	0.999903
1	335	301	0.999885
0	265	258	0.999909
1	291	260	0.9999
1	323	267	0.999889
1	256	221	0.999912
0	372	367	0.999872
1	61	49	0.999979
0	241	240	0.999917
1	90	78	0.999969
0	389	371	0.999866
0	235	218	0.999919
1	290	240	0.9999
0	287	274	0.999901
0	394	384	0.999864
1	168	133	0.999942
0	278	266	0.999904
0	385	357	0.999867
0	246	224	0.999915
1	327	274	0.999887
0	309	303	0.999893
1	294	261	0.999898
0	219	200	0.999924
1	164	131	0.999943
1	374	333	0.99987
1	184	165	0.999936
1	319	272	0.999889
1	158	129	0.999945
0	201	194	0.99993
0	264	259	0.999908
1	307	256	0.999893
1	195	156	0.999932
1	149	126	0.999948
1	338	294	0.999882
0	252	250	0.999912
0	143	139	0.99995
0	140	129	0.999951
0	240	232	0.999916
1	191	163	0.999933
1	248	209	0.999913
1	262	212	0.999908
0	256	240	0.99991
0	173	163	0.999939
1	329	295	0.999884
0	320	296	0.999887
0	201	187	0.999929
0	246	243	0.999913
0	311	283	0.99989
0	342	313	0.999879
0	373	342	0.999868
0	291	278	0.999897
1	240	202	0.999915
1	223	183	0.999921
1	237	188	0.999916
1	217	193	0.999923
0	341	329	0.999879
1	383	327	0.999864
1	321	272	0.999886
0	321	309	0.999886
0	152	148	0.999946
0	304	286	0.999892
1	197	164	0.99993
1	298	259	0.999894
0	368	364	0.999869
1	376	337	0.999866
1	185	152	0.999934
1	339	281	0.999879
1	238	194	0.999915
0	291	286	0.999896
0	165	149	0.999941
0	260	245	0.999907
1	226	194	0.999919
1	382	333	0.999863
1	223	187	0.99992
0	281	277	0.999899
1	175	150	0.999937
1	136	122	0.999951
0	133	130	0.999952
1	360	315	0.99987
1	321	274	0.999884
0	307	303	0.999889
0	177	171	0.999936
1	235	193	0.999915
1	340	284	0.999877
1	340	271	0.999877
0	152	142	0.999945
1	362	321	0.999869
1	116	100	0.999958
1	116	100	0.999958
1	265	224	0.999904
0	265	251	0.999904
0	69	63	0.999975
0	342	341	0.999876
1	322	283	0.999883
0	242	222	0.999912
0	297	280	0.999892
0	272	257	0.999901
1	118	97	0.999957
0	373	367	0.999864
1	318	282	0.999884
0	274	262	0.9999
1	63	53	0.999977
1	372	321	0.999864
0	317	291	0.999884
0	235	214	0.999914
1	112	98	0.999959
1	180	158	0.999934
1	218	193	0.99992
0	316	313	0.999884
1	256	212	0.999906
1	275	245	0.999899
0	166	161	0.999939
1	223	195	0.999918
0	307	277	0.999887
0	114	108	0.999958
0	209	193	0.999923
1	266	228	0.999902
0	323	321	0.999881
0	217	197	0.99992
0	233	219	0.999914
0	325	315	0.99988
0	165	161	0.999939
1	227	195	0.999916
0	281	270	0.999896
0	205	201	0.999924
0	275	252	0.999898
0	194	176	0.999928
1	361	310	0.999866
1	86	73	0.999968
0	137	131	0.999949
0	357	326	0.999867
0	357	333	0.999867
0	161	157	0.99994
0	268	264	0.9999
0	332	326	0.999876
0	313	301	0.999883
1	230	204	0.999914
0	238	219	0.999911
0	334	322	0.999875
0	275	267	0.999897
1	56	45	0.999979
1	176	156	0.999934
1	189	156	0.999929
0	181	170	0.999932
1	165	138	0.999938
1	290	242	0.999891
1	141	115	0.999947
1	242	215	0.999909
1	77	61	0.999971
1	231	201	0.999913
1	300	242	0.999887
1	228	189	0.999914
0	98	93	0.999963
0	196	182	0.999926
1	164	143	0.999938
1	185	164	0.99993
0	214	199	0.999919
1	166	133	0.999937
0	121	114	0.999954
0	234	218	0.999911
1	339	290	0.999871
1	360	313	0.999863
0	105	103	0.99996
0	283	262	0.999892
1	322	261	0.999877
0	301	297	0.999885
0	327	303	0.999875
1	264	227	0.999899
1	313	271	0.99988
0	339	337	0.99987
0	271	249	0.999896
0	169	167	0.999935
0	260	254	0.9999
1	345	297	0.999867
0	350	326	0.999865
1	197	167	0.999924
1	127	105	0.999951
1	184	157	0.999929
0	342	311	0.999868
1	215	181	0.999917
0	277	274	0.999893
0	88	85	0.999966
0	336	333	0.99987
0	204	199	0.999921
1	302	262	0.999883
1	289	234	0.999888
0	165	161	0.999936
0	232	223	0.99991
0	322	308	0.999875
0	188	186	0.999927
1	206	176	0.99992
0	162	155	0.999937
1	270	220	0.999895
1	324	266	0.999874
0	226	206	0.999912
1	77	61	0.99997
0	310	308	0.999879
1	274	223	0.999893
0	174	165	0.999932
1	156	135	0.999939
0	258	246	0.999899
1	212	188	0.999917
1	120	99	0.999953
1	291	253	0.999886
0	342	309	0.999866
1	324	256	0.999873
1	278	240	0.999891
1	329	272	0.999871
0	255	229	0.9999
0	283	282	0.999889
0	214	204	0.999916
1	280	227	0.99989
1	336	282	0.999868
1	206	184	0.999919
1	178	141	0.99993
0	150	145	0.999941
1	300	259	0.999882
0	122	115	0.999952
0	310	291	0.999878
0	312	307	0.999877
0	322	305	0.999873
1	76	68	0.99997
1	266	221	0.999895
1	154	127	0.999939
0	264	239	0.999895
0	108	97	0.999957
0	236	220	0.999906
1	296	254	0.999882
1	173	152	0.999931
0	193	185	0.999923
0	140	130	0.999944
0	140	127	0.999944
0	205	197	0.999918
1	297	262	0.999881
1	329	267	0.999868
1	214	185	0.999914
1	276	229	0.999889
0	221	200	0.999911
0	330	317	0.999867
0	223	207	0.99991
1	208	175	0.999916
0	260	254	0.999895
0	146	144	0.999941
1	329	271	0.999867
1	314	255	0.999873
0	267	250	0.999892
0	299	296	0.999879
1	84	74	0.999966
0	331	326	0.999866
1	247	203	0.9999
0	205	202	0.999917
1	200	177	0.999919
1	212	172	0.999914
0	244	234	0.999901
0	138	133	0.999944
0	229	222	0.999907
1	278	237	0.999887
1	297	257	0.999879
1	225	181	0.999908
0	303	288	0.999876
1	127	104	0.999948
0	254	232	0.999896
0	293	266	0.99988
0	156	151	0.999936
0	190	184	0.999922
1	56	50	0.999977
1	202	169	0.999917
0	308	276	0.999873
0	201	181	0.999917
1	259	209	0.999893
1	259	219	0.999893
1	254	223	0.999895
0	302	282	0.999875
1	273	233	0.999887
1	222	192	0.999908
1	279	221	0.999884
0	190	186	0.999921
1	214	177	0.999911
0	262	246	0.999891
1	245	216	0.999898
0	312	290	0.99987
1	259	211	0.999892
0	302	277	0.999874
0	218	207	0.999909
1	297	254	0.999876
0	170	162	0.999929
1	249	222	0.999896
1	292	242	0.999878
0	110	109	0.999954
1	229	191	0.999904
1	186	151	0.999922
1	286	245	0.99988
1	212	186	0.999911
1	50	42	0.999979
0	100	94	0.999958
1	57	48	0.999976
0	133	120	0.999944
0	216	195	0.999909
1	287	234	0.999879
0	320	299	0.999865
0	289	284	0.999878
0	232	228	0.999902
0	258	253	0.999891
1	239	192	0.999899
0	312	302	0.999868
1	311	267	0.999868
0	226	225	0.999904
1	94	78	0.99996
0	235	220	0.9999
0	195	180	0.999917
0	183	174	0.999922
1	124	100	0.999947
0	222	200	0.999905
0	250	238	0.999893
0	133	125	0.999943
0	245	240	0.999895
1	308	269	0.999868
0	233	212	0.9999
1	212	188	0.999909
0	242	218	0.999896
0	300	282	0.999871
0	293	277	0.999874
1	116	92	0.99995
1	264	213	0.999886
1	125	109	0.999946
0	243	225	0.999895
1	155	124	0.999933
0	229	228	0.999901
0	104	101	0.999955
0	180	166	0.999922
0	309	298	0.999866
1	212	187	0.999908
1	76	62	0.999967
0	168	158	0.999927
1	292	246	0.999873
1	223	179	0.999903
1	211	176	0.999908
1	55	47	0.999976
0	268	261	0.999883
0	142	128	0.999938
0	245	232	0.999893
0	277	258	0.999879
1	286	239	0.999875
1	231	193	0.999899
1	64	56	0.999972
1	217	179	0.999905
1	276	236	0.999879
1	310	272	0.999864
1	180	143	0.999921
0	93	91	0.999959
1	306	246	0.999865
1	306	249	0.999865
0	111	100	0.999951
0	308	279	0.999864
0	215	195	0.999905
1	233	204	0.999897
1	140	113	0.999938
0	298	296	0.999868
0	255	228	0.999887
0	293	270	0.99987
1	196	166	0.999913
0	220	206	0.999902
1	193	170	0.999914
0	148	137	0.999934
0	168	161	0.999925
0	215	210	0.999904
0	141	126	0.999937
1	132	114	0.999941
0	190	183	0.999915
1	214	180	0.999904
1	263	220	0.999882
0	205	189	0.999908
0	187	183	0.999916
1	151	128	0.999932
0	297	282	0.999866
1	155	127	0.99993
1	270	235	0.999878
1	263	218	0.999881
0	190	179	0.999914
0	148	138	0.999933
1	212	183	0.999904
0	170	164	0.999923
1	216	188	0.999902
1	238	194	0.999892
0	279	259	0.999873
1	292	251	0.999867
0	162	156	0.999926
1	243	210	0.999889
1	179	155	0.999918
0	275	270	0.999874
0	299	273	0.999863
0	109	108	0.99995
0	294	280	0.999865
1	294	257	0.999865
0	233	232	0.999893
0	246	240	0.999887
0	74	73	0.999966
0	259	246	0.999881
0	224	208	0.999897
0	76	71	0.999965
0	228	216	0.999895
1	293	258	0.999865
1	245	201	0.999887
0	145	143	0.999933
0	238	217	0.99989
1	199	161	0.999908
0	253	237	0.999883
1	80	69	0.999963
0	67	60	0.999969
1	136	112	0.999937
1	263	211	0.999878
1	280	246	0.99987
1	295	238	0.999863
0	247	229	0.999885
0	247	238	0.999885
1	73	61	0.999966
0	234	222	0.999891
0	294	287	0.999863
1	251	209	0.999883
0	135	125	0.999937
1	152	128	0.999929
0	199	198	0.999907
0	77	76	0.999964
1	248	200	0.999884
1	254	203	0.999881
0	277	276	0.99987
0	98	93	0.999954
0	215	205	0.999899
0	234	213	0.99989
0	185	170	0.999913
0	85	78	0.99996
1	136	114	0.999936
0	153	138	0.999928
0	206	188	0.999903
1	197	157	0.999907
1	127	109	0.99994
0	283	275	0.999866
1	232	193	0.99989
1	194	161	0.999908
1	234	208	0.999889
0	259	247	0.999877
0	261	249	0.999876
0	242	240	0.999885
1	286	246	0.999864
0	124	122	0.999941
0	124	112	0.999941
1	191	162	0.999909
0	262	240	0.999875
0	203	195	0.999903
0	113	110	0.999946
0	226	207	0.999892
0	249	223	0.999881
0	161	147	0.999923
1	213	174	0.999898
0	284	265	0.999864
1	215	179	0.999897
0	192	177	0.999908
1	121	96	0.999942
1	256	221	0.999877
1	206	182	0.999901
0	233	220	0.999888
0	104	100	0.99995
0	183	170	0.999912
1	262	220	0.999874
1	106	91	0.999949
1	241	205	0.999884
0	270	243	0.99987
1	60	49	0.999971
0	182	174	0.999912
1	128	107	0.999938
1	196	164	0.999905
0	239	232	0.999884
1	150	122	0.999927
1	228	187	0.999889
0	271	249	0.999868
1	117	93	0.999943
0	209	189	0.999898
0	227	209	0.999889
1	237	201	0.999884
0	259	242	0.999873
0	244	239	0.99988
1	124	99	0.999939
0	260	250	0.999872
0	262	242	0.999871
0	264	245	0.99987
0	264	247	0.99987
0	272	265	0.999866
0	215	204	0.999894
0	144	134	0.999929
0	158	152	0.999922
0	267	257	0.999868
0	91	86	0.999955
0	208	205	0.999897
1	107	88	0.999947
0	214	212	0.999894
0	219	208	0.999891
0	227	206	0.999887
1	78	67	0.999961
0	94	86	0.999953
1	100	89	0.99995
1	106	88	0.999947
0	108	99	0.999946
0	120	109	0.99994
0	148	133	0.999926
0	199	179	0.9999
0	159	142	0.99992
0	131	123	0.999934
1	129	106	0.999935
1	252	199	0.999873
0	226	203	0.999886
0	214	206	0.999892
0	210	201	0.999894
1	103	88	0.999948
1	85	73	0.999957
1	227	191	0.999885
0	75	67	0.999962
1	148	128	0.999925
0	61	60	0.999969
1	230	204	0.999883
1	226	201	0.999885
0	169	152	0.999914
0	53	50	0.999973
1	192	163	0.999902
1	182	147	0.999907
1	254	226	0.99987
0	251	238	0.999871
0	241	222	0.999876
0	202	184	0.999896
1	235	189	0.999879
1	130	104	0.999933
0	186	170	0.999904
0	114	105	0.999941
0	160	153	0.999917
0	158	157	0.999918
0	52	50	0.999973
1	127	104	0.999934
1	123	98	0.999936
1	209	175	0.999891
1	159	127	0.999917
1	247	217	0.999871
1	210	179	0.99989
1	145	126	0.999924
0	160	155	0.999916
0	179	178	0.999906
0	217	211	0.999886
1	129	105	0.999932
0	72	66	0.999962
1	108	94	0.999943
1	223	185	0.999882
0	119	107	0.999937
0	219	212	0.999884
0	219	203	0.999884
0	239	229	0.999873
1	175	141	0.999907
0	111	101	0.999941
1	158	129	0.999916
1	201	175	0.999893
1	107	94	0.999943
0	214	192	0.999886
0	223	212	0.999881
0	88	84	0.999953
1	176	140	0.999906
1	243	216	0.99987
1	224	186	0.99988
0	235	209	0.999874
1	164	141	0.999912
1	95	77	0.999949
0	111	99	0.99994
0	148	134	0.99992
0	244	237	0.999868
1	157	132	0.999915
1	205	167	0.999889
0	155	151	0.999916
1	107	89	0.999942
0	147	132	0.99992
0	158	142	0.999914
0	167	149	0.999909
0	144	135	0.999921
0	131	119	0.999928
1	231	190	0.999873
0	140	138	0.999923
0	200	197	0.99989
1	218	180	0.99988
0	232	230	0.999872
1	125	110	0.999931
1	67	57	0.999963
1	105	86	0.999942
0	123	117	0.999932
0	170	164	0.999906
0	132	126	0.999927
0	179	176	0.999901
0	226	212	0.999875
1	244	208	0.999865
1	56	48	0.999969
1	224	190	0.999876
1	108	94	0.99994
1	117	93	0.999935
0	117	108	0.999935
1	169	139	0.999906
1	151	121	0.999916
0	151	137	0.999916
0	124	116	0.999931
1	219	193	0.999878
0	140	131	0.999922
1	192	170	0.999893
0	113	103	0.999937
1	186	160	0.999896
1	221	182	0.999876
1	155	129	0.999913
0	244	222	0.999863
0	178	177	0.9999
0	158	153	0.999911
0	126	122	0.999929
1	55	45	0.999969
0	220	218	0.999876
1	60	48	0.999966
1	67	56	0.999962
0	238	217	0.999865
0	125	117	0.999929
0	167	151	0.999905
0	79	72	0.999955
1	210	175	0.99988
0	201	195	0.999885
0	124	122	0.999929
0	178	159	0.999898
0	164	161	0.999906
1	150	125	0.999914
1	233	195	0.999866
0	172	171	0.999901
1	125	110	0.999928
0	177	176	0.999898
0	185	177	0.999893
0	204	189	0.999882
1	233	189	0.999865
1	236	201	0.999863
0	129	118	0.999925
0	220	198	0.999872
1	182	153	0.999894
0	115	109	0.999933
1	175	154	0.999898
0	108	96	0.999937
1	120	97	0.99993
1	233	191	0.999864
1	221	194	0.999871
0	161	146	0.999906
0	159	157	0.999907
1	176	151	0.999897
1	222	192	0.99987
0	172	162	0.999899
1	233	189	0.999863
0	233	219	0.999863
0	209	200	0.999877
0	219	212	0.999871
0	100	99	0.999941
1	183	158	0.999892
0	83	78	0.999951
0	127	121	0.999925
1	120	105	0.999929
1	219	173	0.99987
0	128	116	0.999924
0	207	201	0.999877
0	195	193	0.999884
1	99	87	0.999941
1	227	194	0.999864
1	213	170	0.999872
1	203	175	0.999878
1	113	100	0.999932
1	103	86	0.999938
1	166	142	0.9999
1	131	107	0.999921
0	154	140	0.999907
1	154	123	0.999907
0	81	73	0.999951
1	213	187	0.999871
1	104	90	0.999937
0	170	153	0.999897
0	132	127	0.99992
1	145	119	0.999912
0	97	89	0.999941
1	92	78	0.999944
1	115	98	0.99993
0	151	137	0.999908
0	215	191	0.999869
1	192	155	0.999883
1	90	78	0.999945
1	90	76	0.999945
0	220	196	0.999865
1	158	135	0.999903
0	127	126	0.999922
0	166	162	0.999898
1	174	148	0.999893
0	151	139	0.999907
1	198	167	0.999878
1	73	60	0.999955
1	133	117	0.999918
1	154	132	0.999905
1	136	117	0.999916
0	191	183	0.999882
0	84	79	0.999948
0	84	82	0.999948
0	205	200	0.999873
1	221	187	0.999863
1	211	186	0.999869
0	201	187	0.999875
1	82	65	0.999949
0	138	135	0.999914
0	207	192	0.999871
1	181	148	0.999887
1	152	132	0.999905
0	176	164	0.99989
0	203	200	0.999873
1	131	108	0.999918
0	94	90	0.999941
1	186	147	0.999883
0	195	174	0.999877
0	191	174	0.999879
1	172	144	0.999891
1	104	83	0.999934
0	115	107	0.999927
1	129	107	0.999918
1	55	46	0.999965
0	207	199	0.999868
0	83	80	0.999947
1	155	137	0.999901
1	195	165	0.999875
1	134	109	0.999914
1	179	151	0.999885
0	213	206	0.999863
1	180	155	0.999884
0	141	136	0.999909
1	144	116	0.999907
0	147	140	0.999905
1	99	85	0.999936
1	167	140	0.999892
1	132	108	0.999914
0	204	195	0.999867
0	118	107	0.999923
1	78	67	0.999949
1	174	140	0.999886
0	131	124	0.999914
0	172	163	0.999887
1	70	60	0.999954
0	108	96	0.999929
0	149	133	0.999902
1	196	157	0.999871
0	179	178	0.999882
0	191	178	0.999874
0	62	58	0.999959
1	65	53	0.999957
0	80	72	0.999947
0	98	87	0.999935
1	63	50	0.999958
0	117	104	0.999922
1	196	156	0.999869
0	67	66	0.999955
1	122	98	0.999918
1	177	145	0.999881
0	58	56	0.999961
0	190	178	0.999872
0	187	174	0.999874
0	89	86	0.99994
1	172	144	0.999884
1	123	103	0.999917
1	203	174	0.999863
0	151	145	0.999898
0	93	86	0.999937
0	149	135	0.999899
1	109	91	0.999926
1	50	43	0.999966
1	175	148	0.999881
1	169	143	0.999885
0	132	130	0.99991
1	161	128	0.99989
1	117	97	0.99992
1	140	119	0.999904
1	198	174	0.999864
0	143	133	0.999901
1	195	163	0.999865
1	195	166	0.999865
0	176	157	0.999878
1	72	58	0.99995
1	99	84	0.999931
0	165	147	0.999885
0	169	162	0.999882
1	174	148	0.999878
0	188	186	0.999868
0	146	132	0.999897
0	180	176	0.999873
1	102	89	0.999928
1	126	106	0.999911
0	133	125	0.999906
0	65	58	0.999954
1	161	130	0.999886
0	182	178	0.999871
1	189	156	0.999866
1	180	159	0.999872
1	149	124	0.999894
1	132	110	0.999906
0	178	166	0.999873
1	133	112	0.999905
0	133	127	0.999905
1	176	139	0.999874
1	184	158	0.999868
1	178	149	0.999872
1	118	99	0.999915
1	127	104	0.999908
0	102	92	0.999926
1	113	95	0.999918
1	62	52	0.999955
1	179	147	0.99987
0	99	93	0.999928
0	121	112	0.999912
1	92	73	0.999933
1	86	68	0.999937
0	161	150	0.999882
0	129	128	0.999905
0	129	126	0.999905
0	156	141	0.999885
1	172	139	0.999873
0	130	119	0.999904
1	73	62	0.999946
0	54	51	0.99996
1	66	57	0.999951
1	148	117	0.99989
1	156	136	0.999884
1	180	151	0.999866
1	173	138	0.999871
0	87	86	0.999935
0	127	123	0.999905
0	151	149	0.999887
1	116	96	0.999913
0	116	113	0.999913
0	106	96	0.99992
1	135	112	0.999898
0	181	178	0.999863
1	174	146	0.999868
1	50	44	0.999962
0	138	131	0.999895
1	63	53	0.999952
0	84	83	0.999936
1	85	70	0.999935
1	145	120	0.999889
0	164	158	0.999874
0	65	59	0.99995
0	74	73	0.999943
1	115	96	0.999911
0	124	112	0.999904
1	164	137	0.999873
1	173	141	0.999866
0	107	99	0.999917
1	58	47	0.999955
0	143	138	0.999888
1	153	134	0.99988
1	169	136	0.999867
0	170	167	0.999866
1	104	91	0.999918
1	157	127	0.999876
0	100	89	0.999921
0	77	70	0.999939
0	121	113	0.999904
0	131	121	0.999896
1	170	146	0.999865
0	118	110	0.999906
1	85	74	0.999932
0	165	150	0.999868
0	141	135	0.999887
1	164	141	0.999868
0	113	102	0.999909
1	114	97	0.999908
0	140	126	0.999887
1	137	110	0.999889
0	137	121	0.999889
1	96	76	0.999922
0	163	150	0.999867
1	126	106	0.999897
0	66	65	0.999946
0	83	79	0.999932
1	133	114	0.999891
0	117	107	0.999904
1	134	114	0.99989
0	124	123	0.999898
1	51	42	0.999958
1	126	108	0.999896
1	98	79	0.999919
1	98	86	0.999919
0	77	73	0.999936
1	95	77	0.999921
0	113	100	0.999906
0	96	95	0.99992
1	132	107	0.99989
0	145	128	0.999879
0	139	127	0.999884
1	159	134	0.999867
0	129	120	0.999892
0	154	149	0.999871
1	137	115	0.999885
0	106	98	0.999911
1	119	102	0.9999
1	158	138	0.999867
1	51	42	0.999957
0	160	147	0.999865
1	77	64	0.999935
1	77	62	0.999935
1	90	76	0.999924
1	129	108	0.999891
0	129	114	0.999891
1	86	75	0.999927
1	134	111	0.999886
1	82	67	0.99993
0	139	137	0.999881
0	160	154	0.999863
1	119	94	0.999898
0	140	134	0.99988
1	113	99	0.999903
0	113	110	0.999903
0	78	71	0.999933
0	142	136	0.999878
1	65	55	0.999944
1	94	77	0.999919
0	80	75	0.999931
0	102	100	0.999912
0	117	105	0.999899
0	118	116	0.999898
1	133	105	0.999885
1	67	54	0.999942
0	91	82	0.999921
0	116	108	0.999899
1	117	102	0.999898
1	157	129	0.999863
0	113	109	0.999901
0	91	90	0.99992
1	109	87	0.999904
1	59	52	0.999948
1	129	113	0.999886
0	104	99	0.999908
1	130	114	0.999885
0	70	62	0.999938
0	140	137	0.999876
0	115	104	0.999898
1	137	114	0.999878
1	64	55	0.999943
1	101	84	0.99991
1	131	114	0.999883
1	114	97	0.999898
0	67	65	0.99994
0	68	64	0.999939
1	119	102	0.999893
1	50	42	0.999955
0	120	112	0.999892
0	131	129	0.999882
0	143	141	0.999871
1	135	114	0.999878
1	137	117	0.999876
0	85	83	0.999923
1	54	46	0.999951
1	130	103	0.999882
0	109	108	0.999901
1	110	90	0.9999
1	148	122	0.999865
1	126	101	0.999885
0	144	138	0.999868
1	98	86	0.99991
0	77	69	0.999929
0	90	82	0.999917
1	129	110	0.999881
1	67	56	0.999938
0	83	78	0.999923
0	102	93	0.999905
0	88	81	0.999918
0	119	118	0.999889
0	76	68	0.999929
1	129	110	0.999879
0	136	122	0.999872
0	138	129	0.99987
1	52	44	0.999951
0	122	113	0.999885
0	123	113	0.999884
1	131	115	0.999876
0	113	108	0.999893
1	117	98	0.999889
1	138	117	0.999869
0	120	110	0.999886
1	142	117	0.999865
0	103	97	0.999902
0	104	98	0.999901
1	68	59	0.999935
1	93	78	0.999911
1	99	80	0.999905
0	105	98	0.999899
0	79	72	0.999924
1	108	89	0.999896
0	135	122	0.99987
1	110	88	0.999894
0	125	123	0.999879
0	128	114	0.999876
1	66	57	0.999936
0	132	127	0.999872
0	136	130	0.999868
0	76	72	0.999926
1	115	93	0.999888
1	82	70	0.99992
0	101	96	0.999901
1	56	48	0.999945
1	114	94	0.999888
0	60	59	0.999941
1	65	54	0.999936
1	74	62	0.999927
1	78	65	0.999923
1	82	67	0.999919
0	101	99	0.9999
0	104	101	0.999897
0	133	119	0.999868
1	61	50	0.999939
0	63	62	0.999937
0	82	77	0.999918
0	85	84	0.999915
0	130	126	0.99987
1	135	109	0.999864
1	117	93	0.999882
1	123	106	0.999875
0	59	52	0.99994
0	58	57	0.999941
0	113	112	0.999885
0	113	106	0.999885
1	102	81	0.999896
1	105	89	0.999892
0	59	55	0.999939
0	88	83	0.999909
1	117	95	0.999879
0	114	103	0.999882
0	78	73	0.999919
0	51	46	0.999947
0	99	90	0.999897
0	117	107	0.999878
1	111	91	0.999884
1	88	77	0.999908
0	126	118	0.999868
0	62	57	0.999935
1	123	105	0.999871
1	118	102	0.999876
1	116	101	0.999877
0	116	110	0.999877
1	93	81	0.999901
1	77	61	0.999918
0	119	118	0.999873
0	69	62	0.999926
1	115	99	0.999876
1	127	104	0.999863
0	101	97	0.999891
1	113	92	0.999878
1	120	98	0.99987
0	107	97	0.999884
1	120	100	0.999869
0	109	98	0.999881
0	54	48	0.999941
0	53	52	0.999942
0	116	103	0.999873
1	94	77	0.999897
1	51	41	0.999944
1	120	104	0.999868
1	89	78	0.999902
1	69	56	0.999924
0	87	85	0.999904
0	115	109	0.999873
0	100	94	0.999889
1	89	71	0.999901
1	62	54	0.999931
0	105	94	0.999883
0	69	66	0.999923
1	120	96	0.999866
1	81	69	0.999909
0	104	100	0.999883
1	112	92	0.999874
0	100	93	0.999887
0	58	57	0.999934
1	116	93	0.999868
0	65	61	0.999926
0	93	90	0.999894
1	100	79	0.999886
1	64	55	0.999927
0	56	50	0.999936
0	80	77	0.999908
0	73	72	0.999916
0	118	110	0.999864
1	98	83	0.999887
0	111	103	0.999872
0	110	98	0.999873
1	84	71	0.999903
0	108	104	0.999875
0	101	89	0.999883
1	87	74	0.999899
0	99	96	0.999885
0	66	65	0.999923
0	96	95	0.999886
0	74	67	0.999912
1	58	51	0.999931
1	100	83	0.999881
0	94	83	0.999888
1	73	58	0.999913
0	91	88	0.999891
1	101	82	0.999879
0	80	73	0.999904
1	109	94	0.999869
1	102	82	0.999877
0	96	91	0.999884
0	51	45	0.999938
1	80	68	0.999902
0	62	57	0.999924
1	57	45	0.99993
0	83	77	0.999898
0	91	90	0.999888
0	103	97	0.999873
1	81	64	0.9999
1	51	41	0.999937
0	87	80	0.999892
0	62	60	0.999923
1	74	65	0.999908
1	55	45	0.999931
1	96	81	0.999879
1	90	75	0.999886
0	93	84	0.999882
1	78	62	0.999901
1	73	60	0.999907
0	90	88	0.999885
0	61	56	0.999922
1	82	68	0.999895
1	97	85	0.999875
1	61	49	0.999921
0	74	67	0.999904
0	84	78	0.999891
0	103	101	0.999866
0	93	82	0.999879
0	89	83	0.999884
1	71	59	0.999907
1	93	78	0.999878
1	60	51	0.999921
1	85	70	0.999888
0	76	71	0.999899
1	79	67	0.999895
1	66	55	0.999912
1	96	76	0.999872
0	70	69	0.999906
0	99	93	0.999867
0	89	81	0.99988
1	100	83	0.999865
0	93	85	0.999874
1	76	66	0.999897
0	69	68	0.999906
1	85	71	0.999884
0	93	82	0.999873
0	82	76	0.999888
0	84	75	0.999885
0	79	73	0.99989
0	79	75	0.99989
0	92	91	0.99987
0	60	57	0.999915
1	74	62	0.999895
0	80	73	0.999886
0	59	52	0.999915
0	93	90	0.999866
1	93	78	0.999866
1	61	50	0.999912
1	79	64	0.999886
0	94	84	0.999864
0	85	78	0.999875
0	89	81	0.999869
0	78	69	0.999885
1	92	76	0.999864
0	54	51	0.99992
0	56	52	0.999917
0	87	85	0.999871
1	64	55	0.999905
1	78	62	0.999884
1	84	71	0.999875
0	68	61	0.999898
1	74	63	0.999889
0	87	82	0.999869
0	65	64	0.999901
0	86	77	0.999867
1	53	46	0.999918
0	51	49	0.999921
1	81	68	0.999874
0	79	74	0.999877
1	77	61	0.999878
0	82	75	0.99987
1	78	64	0.999876
1	69	56	0.99989
1	69	56	0.99989
0	83	78	0.999866
0	58	53	0.999906
1	80	64	0.999869
1	68	55	0.999888
1	78	65	0.99987
1	59	47	0.999901
0	57	56	0.999904
0	56	50	0.999905
0	76	73	0.999869
0	57	56	0.999901
0	77	73	0.999865
1	61	49	0.999893
1	60	52	0.999892
1	51	42	0.999908
1	64	55	0.999884
1	69	60	0.999873
0	72	67	0.999865
0	63	57	0.999878
0	66	59	0.999872
1	54	47	0.999895
1	58	49	0.999887
0	52	50	0.999898
0	56	53	0.99989
0	63	57	0.999876
1	66	57	0.99987
0	59	58	0.999883
1	67	54	0.999864
0	50	47	0.999897
0	56	52	0.999883
1	54	44	0.999886
0	51	47	0.999892
0	57	56	0.999878
1	64	56	0.999863
0	55	49	0.999881
1	56	45	0.999876
1	54	47	0.99988
0	58	56	0.999868
0	60	53	0.999863
0	53	50	0.999877
0	57	55	0.999867
0	52	47	0.999874
1	54	46	0.999867
1	50	42	0.999875
0	52	49	0.99987
