95384.1
4.59388
3500
1	72	51	1
1	487	401	1
1	414	295	1
1	358	262	1
1	390	332	1
1	475	414	1
1	400	327	1
1	431	420	1
1	352	285	1
1	102	79	1
1	126	98	1
1	78	54	1
1	495	475	0.999999
1	453	437	0.999999
1	436	433	0.999999
1	414	337	0.999999
1	336	322	0.999999
1	332	290	0.999999
1	328	225	0.999999
1	325	231	0.999999
1	308	274	0.999999
1	258	197	0.999999
1	250	233	0.999999
1	247	214	0.999999
1	487	419	0.999998
1	479	404	0.999998
1	239	204	0.999999
1	448	326	0.999998
1	416	331	0.999998
1	380	315	0.999998
1	164	155	0.999999
1	475	438	0.999997
1	472	394	0.999997
1	468	360	0.999997
1	311	293	0.999998
1	311	226	0.999998
1	304	225	0.999998
1	434	360	0.999997
1	274	210	0.999998
1	380	306	0.999997
1	367	303	0.999997
1	228	183	0.999998
1	451	342	0.999996
1	336	252	0.999997
1	315	304	0.999997
1	420	344	0.999996
1	199	172	0.999998
1	397	364	0.999996
1	297	221	0.999997
1	466	333	0.999995
1	270	191	0.999997
1	436	303	0.999995
1	434	337	0.999995
1	424	315	0.999995
1	486	480	0.999994
1	465	369	0.999994
1	382	363	0.999995
1	148	140	0.999998
1	146	107	0.999998
1	365	353	0.999995
1	429	333	0.999994
1	482	381	0.999993
1	266	193	0.999996
1	331	312	0.999995
1	324	248	0.999995
1	453	346	0.999993
1	125	93	0.999998
1	500	430	0.999992
1	437	383	0.999993
1	497	472	0.999992
1	363	327	0.999994
1	463	427	0.999992
1	115	111	0.999998
1	341	294	0.999994
1	281	228	0.999995
1	449	315	0.999992
1	391	275	0.999993
1	440	402	0.999992
1	108	97	0.999998
1	432	367	0.999992
1	473	335	0.999991
1	472	465	0.999991
1	470	400	0.999991
1	312	277	0.999994
1	467	367	0.999991
1	304	209	0.999994
1	352	297	0.999993
1	447	377	0.999991
1	148	114	0.999997
1	95	70	0.999998
1	237	163	0.999995
1	186	137	0.999996
1	454	430	0.99999
1	135	122	0.999997
1	491	431	0.999989
1	355	304	0.999992
1	480	392	0.999989
1	474	415	0.999989
1	215	198	0.999995
1	429	371	0.99999
1	380	359	0.999991
1	126	99	0.999997
1	462	404	0.999989
1	209	149	0.999995
1	496	345	0.999988
1	246	217	0.999994
1	492	462	0.999988
1	122	112	0.999997
1	242	198	0.999994
1	443	421	0.999989
1	161	150	0.999996
1	321	253	0.999992
0	393	389	0.99999
1	349	271	0.999991
1	269	230	0.999993
1	115	93	0.999997
1	230	161	0.999994
1	114	81	0.999997
1	150	132	0.999996
1	375	365	0.99999
1	298	293	0.999992
1	298	231	0.999992
1	146	110	0.999996
1	253	201	0.999993
1	361	265	0.99999
1	457	401	0.999987
1	140	129	0.999996
1	175	157	0.999995
1	174	139	0.999995
1	417	377	0.999988
0	381	380	0.999989
1	306	235	0.999991
1	302	218	0.999991
1	234	163	0.999993
1	167	135	0.999995
1	300	271	0.999991
1	465	403	0.999986
1	431	342	0.999987
1	454	439	0.999986
1	353	247	0.999989
1	447	379	0.999986
1	443	421	0.999986
1	441	408	0.999986
1	155	110	0.999995
1	310	276	0.99999
1	495	348	0.999984
1	489	443	0.999984
1	122	89	0.999996
1	334	279	0.999989
1	454	421	0.999985
1	269	187	0.999991
1	412	299	0.999986
0	411	404	0.999986
1	351	249	0.999988
1	351	270	0.999988
1	436	368	0.999985
1	86	60	0.999997
1	430	324	0.999985
1	370	298	0.999987
1	397	280	0.999986
1	396	377	0.999986
1	113	110	0.999996
1	421	406	0.999985
1	280	194	0.99999
1	278	199	0.99999
1	111	81	0.999996
1	83	74	0.999997
1	276	224	0.99999
1	82	75	0.999997
1	435	418	0.999984
1	217	187	0.999992
1	434	407	0.999984
1	270	200	0.99999
1	242	203	0.999991
1	215	183	0.999992
1	294	218	0.999989
1	318	308	0.999988
1	185	165	0.999993
1	341	317	0.999987
1	497	416	0.999981
1	493	453	0.999981
1	255	244	0.99999
1	229	174	0.999991
1	76	68	0.999997
1	453	346	0.999982
1	352	250	0.999986
1	351	280	0.999986
1	325	230	0.999987
1	375	316	0.999985
1	224	180	0.999991
1	347	305	0.999986
1	443	343	0.999982
1	245	225	0.99999
1	463	397	0.999981
1	389	305	0.999984
1	315	302	0.999987
1	411	334	0.999983
1	168	148	0.999993
1	431	370	0.999982
1	477	444	0.99998
1	499	402	0.999979
1	450	355	0.999981
1	327	240	0.999986
1	325	249	0.999986
1	255	209	0.999989
1	392	335	0.999983
1	484	462	0.999979
1	207	152	0.999991
1	297	240	0.999987
1	447	323	0.99998
1	156	143	0.999993
1	111	106	0.999995
1	464	396	0.999979
1	265	191	0.999988
1	132	110	0.999994
1	220	173	0.99999
1	308	242	0.999986
1	285	217	0.999987
1	263	230	0.999988
1	283	267	0.999987
1	261	252	0.999988
1	429	386	0.99998
1	210	202	0.99999
1	441	417	0.999979
1	229	182	0.999989
1	434	390	0.999979
1	227	188	0.999989
1	330	275	0.999984
1	390	270	0.999981
1	486	367	0.999976
1	465	346	0.999977
1	222	208	0.999989
0	476	468	0.999976
1	436	423	0.999978
1	416	331	0.999979
1	177	143	0.999991
1	275	213	0.999986
1	176	170	0.999991
0	117	116	0.999994
0	485	481	0.999975
1	349	252	0.999982
0	77	76	0.999996
1	404	364	0.999979
1	423	333	0.999978
1	363	274	0.999981
0	228	225	0.999988
1	492	393	0.999974
1	473	420	0.999975
1	468	408	0.999975
1	260	206	0.999986
1	366	339	0.99998
1	253	237	0.999986
1	197	188	0.999989
1	304	268	0.999983
1	444	340	0.999975
1	424	309	0.999976
0	477	463	0.999973
1	441	323	0.999975
1	476	446	0.999973
1	316	287	0.999982
1	193	144	0.999989
1	385	354	0.999978
1	191	160	0.999989
1	434	414	0.999975
1	69	61	0.999996
1	414	294	0.999976
1	481	435	0.999972
1	272	214	0.999984
1	272	194	0.999984
1	357	292	0.999979
1	372	281	0.999978
1	456	328	0.999973
1	185	133	0.999989
1	454	409	0.999973
1	301	249	0.999982
1	348	319	0.999979
1	265	196	0.999984
1	165	126	0.99999
1	198	173	0.999988
1	363	329	0.999978
1	394	314	0.999976
1	213	162	0.999987
1	131	112	0.999992
1	114	106	0.999993
1	406	365	0.999975
1	406	313	0.999975
0	498	482	0.999969
1	321	228	0.99998
1	352	328	0.999978
1	495	431	0.999969
1	366	304	0.999977
1	111	79	0.999993
1	317	225	0.99998
1	475	444	0.99997
1	348	322	0.999978
1	330	317	0.999979
1	281	263	0.999982
1	499	477	0.999968
1	483	409	0.999969
0	450	442	0.999971
1	449	341	0.999971
1	477	339	0.999969
1	230	170	0.999985
1	368	292	0.999976
1	396	304	0.999974
1	396	301	0.999974
1	396	373	0.999974
1	480	352	0.999968
1	494	399	0.999967
1	366	327	0.999975
0	438	424	0.99997
1	350	309	0.999976
1	407	337	0.999972
1	421	385	0.999971
0	58	57	0.999996
1	492	446	0.999966
1	489	398	0.999966
1	417	318	0.999971
1	358	334	0.999975
1	357	326	0.999975
1	114	94	0.999992
1	256	208	0.999982
0	368	356	0.999974
1	239	217	0.999983
1	478	349	0.999966
1	475	345	0.999966
1	237	176	0.999983
1	389	325	0.999972
0	347	335	0.999975
1	111	100	0.999992
1	429	399	0.999969
1	276	234	0.99998
1	441	406	0.999968
1	234	205	0.999983
1	289	239	0.999979
0	96	94	0.999993
1	424	387	0.999969
1	477	445	0.999965
1	462	391	0.999966
1	325	271	0.999976
1	472	427	0.999965
1	391	297	0.999971
0	188	181	0.999986
1	399	355	0.99997
1	159	142	0.999988
1	171	120	0.999987
1	494	399	0.999962
1	479	457	0.999963
1	452	420	0.999965
1	487	397	0.999962
1	410	355	0.999968
1	384	283	0.99997
1	293	240	0.999977
1	189	132	0.999985
1	352	246	0.999972
1	363	253	0.999971
1	500	409	0.99996
1	486	429	0.999961
1	336	306	0.999973
1	484	334	0.999961
1	186	166	0.999985
1	482	409	0.999961
0	370	358	0.99997
1	332	307	0.999973
1	332	265	0.999973
0	330	322	0.999973
1	378	321	0.999969
1	402	310	0.999967
1	316	270	0.999974
1	252	204	0.999979
1	252	193	0.999979
1	312	237	0.999974
1	395	283	0.999967
1	380	334	0.999968
1	248	217	0.999979
1	165	155	0.999986
1	306	234	0.999974
1	353	283	0.99997
1	434	399	0.999963
1	280	219	0.999976
0	361	350	0.999969
1	314	281	0.999973
1	93	82	0.999992
1	498	374	0.999957
1	185	162	0.999984
1	392	304	0.999966
1	482	334	0.999958
1	493	346	0.999957
0	424	414	0.999963
0	491	469	0.999957
1	318	279	0.999972
0	363	361	0.999968
1	362	286	0.999968
1	328	229	0.999971
0	441	424	0.999961
1	372	257	0.999967
1	360	300	0.999968
1	370	297	0.999967
1	179	127	0.999984
1	123	115	0.999989
1	378	330	0.999966
1	465	440	0.999958
1	188	164	0.999983
1	396	326	0.999964
1	142	128	0.999987
1	284	204	0.999974
0	446	429	0.999959
1	345	314	0.999968
1	291	230	0.999973
1	140	126	0.999987
1	257	196	0.999976
1	321	231	0.99997
1	385	277	0.999964
0	310	303	0.999971
1	459	362	0.999957
1	287	245	0.999973
1	286	245	0.999973
1	201	176	0.999981
1	232	204	0.999978
1	368	279	0.999965
0	419	401	0.99996
1	387	341	0.999963
1	271	186	0.999974
1	499	420	0.999952
1	124	116	0.999988
1	186	155	0.999982
1	217	165	0.999979
0	309	307	0.99997
0	391	381	0.999962
0	360	357	0.999965
1	400	288	0.999961
1	410	309	0.99996
1	420	291	0.999959
1	133	120	0.999987
1	317	253	0.999969
1	194	169	0.999981
1	398	342	0.999961
1	428	381	0.999958
0	112	110	0.999989
0	295	282	0.999971
1	395	318	0.999961
1	382	320	0.999962
0	239	234	0.999976
1	199	187	0.99998
1	497	398	0.99995
0	318	307	0.999968
1	318	230	0.999968
1	308	248	0.999969
1	485	398	0.999951
1	287	229	0.999971
1	257	177	0.999974
1	385	316	0.999961
1	394	287	0.99996
1	187	156	0.999981
1	364	293	0.999963
1	333	310	0.999966
1	186	139	0.999981
1	137	113	0.999986
1	450	389	0.999954
1	361	277	0.999963
1	419	352	0.999957
1	292	272	0.99997
1	340	312	0.999965
1	369	310	0.999962
1	494	415	0.999949
1	416	372	0.999957
0	348	339	0.999964
1	386	293	0.99996
1	307	288	0.999968
1	383	299	0.99996
0	495	480	0.999948
1	447	326	0.999953
1	247	170	0.999974
1	312	265	0.999967
0	274	261	0.999971
1	471	361	0.99995
1	412	337	0.999956
1	365	336	0.999961
0	477	466	0.999949
1	93	79	0.99999
1	437	325	0.999953
1	65	49	0.999993
0	415	400	0.999955
1	350	329	0.999962
1	459	408	0.99995
1	468	338	0.999949
1	128	102	0.999986
0	329	318	0.999964
1	319	231	0.999965
1	464	432	0.999949
1	317	234	0.999965
1	317	227	0.999965
1	190	134	0.999979
0	262	261	0.999971
0	323	320	0.999964
1	493	355	0.999945
0	224	217	0.999975
1	403	303	0.999955
0	376	363	0.999958
0	420	403	0.999953
1	160	125	0.999982
1	282	200	0.999968
1	229	200	0.999974
1	474	386	0.999946
0	236	230	0.999973
1	375	287	0.999957
1	122	101	0.999986
1	322	266	0.999963
0	365	353	0.999958
1	278	223	0.999968
1	347	303	0.99996
1	355	304	0.999959
1	251	217	0.999971
1	354	277	0.999959
1	138	124	0.999984
1	319	300	0.999963
1	326	229	0.999962
1	383	274	0.999955
0	400	386	0.999953
1	255	207	0.99997
0	425	417	0.99995
1	280	213	0.999967
1	492	446	0.999942
1	254	235	0.99997
1	490	451	0.999942
1	472	416	0.999944
1	463	392	0.999945
1	479	402	0.999943
1	168	138	0.99998
0	268	252	0.999968
1	159	134	0.999981
1	276	240	0.999967
0	334	320	0.99996
1	434	318	0.999948
1	224	187	0.999973
0	413	411	0.99995
1	462	384	0.999944
0	469	452	0.999943
1	181	130	0.999978
1	309	239	0.999962
1	495	456	0.999939
1	469	403	0.999942
1	283	244	0.999965
0	299	283	0.999963
1	427	333	0.999947
1	378	324	0.999953
1	216	196	0.999973
1	304	281	0.999962
1	343	256	0.999957
1	207	176	0.999974
1	143	110	0.999982
1	492	381	0.999938
1	119	109	0.999985
0	460	458	0.999942
1	293	265	0.999963
1	293	227	0.999963
1	411	336	0.999948
1	158	126	0.99998
0	362	359	0.999954
1	173	124	0.999978
1	173	150	0.999978
0	440	425	0.999944
1	157	147	0.99998
1	102	83	0.999987
1	204	168	0.999974
1	368	284	0.999953
1	203	168	0.999974
1	280	253	0.999964
1	412	355	0.999947
1	101	84	0.999987
0	466	439	0.99994
1	310	249	0.99996
1	254	202	0.999967
1	177	140	0.999977
1	269	232	0.999965
1	230	158	0.99997
1	221	181	0.999971
1	434	350	0.999943
0	287	279	0.999962
0	219	207	0.999971
1	370	280	0.999951
1	226	179	0.99997
0	256	248	0.999966
0	458	449	0.999939
1	397	365	0.999947
1	292	251	0.999961
1	239	222	0.999968
1	336	259	0.999955
1	313	289	0.999958
1	67	48	0.999991
1	327	264	0.999956
1	319	223	0.999957
1	354	321	0.999952
1	350	295	0.999952
1	204	157	0.999972
1	400	349	0.999945
1	421	386	0.999942
1	479	383	0.999934
1	210	187	0.999971
1	217	162	0.99997
1	303	218	0.999958
1	382	267	0.999947
1	209	144	0.999971
1	454	422	0.999937
0	194	187	0.999973
1	481	401	0.999933
1	86	75	0.999988
1	351	307	0.999951
0	358	347	0.99995
1	493	413	0.999931
0	464	451	0.999935
1	192	168	0.999973
0	448	431	0.999937
1	291	268	0.999959
1	417	351	0.999941
1	155	114	0.999978
1	246	222	0.999965
1	456	357	0.999935
1	182	142	0.999974
1	210	156	0.99997
1	259	189	0.999963
1	329	269	0.999953
1	336	306	0.999952
1	420	292	0.99994
1	482	413	0.999931
1	404	301	0.999942
1	355	306	0.999949
1	389	322	0.999944
1	125	94	0.999982
1	118	85	0.999983
0	366	347	0.999947
1	276	213	0.99996
1	489	438	0.999929
1	227	161	0.999967
1	447	354	0.999935
0	433	432	0.999937
1	213	194	0.999969
0	309	288	0.999955
0	267	258	0.999961
1	260	193	0.999962
1	491	394	0.999928
1	75	61	0.999989
1	252	228	0.999963
0	374	351	0.999945
1	462	346	0.999932
0	373	361	0.999945
1	386	343	0.999943
1	474	380	0.99993
0	405	384	0.99994
1	391	274	0.999942
0	363	347	0.999946
1	295	268	0.999956
1	362	287	0.999946
1	335	278	0.99995
0	355	338	0.999947
1	435	388	0.999935
1	147	111	0.999978
1	407	371	0.999939
1	160	145	0.999976
1	260	205	0.999961
1	300	246	0.999955
1	413	360	0.999938
1	179	134	0.999973
1	364	333	0.999945
0	489	456	0.999926
0	403	392	0.999939
1	436	335	0.999934
1	402	301	0.999939
1	336	301	0.999949
1	92	76	0.999986
1	407	349	0.999938
1	105	92	0.999984
1	275	237	0.999958
0	157	147	0.999976
1	372	334	0.999943
1	385	297	0.999941
1	150	130	0.999977
1	463	326	0.999929
1	378	339	0.999942
1	52	44	0.999992
1	382	281	0.999941
1	317	279	0.999951
1	388	348	0.99994
1	407	299	0.999937
1	452	416	0.99993
1	445	319	0.999931
1	380	329	0.999941
0	308	306	0.999952
0	147	142	0.999977
0	325	311	0.999949
0	172	170	0.999973
1	388	274	0.999939
1	216	176	0.999966
1	488	422	0.999923
1	259	192	0.999959
1	404	332	0.999936
1	284	235	0.999955
0	366	356	0.999942
1	290	239	0.999954
1	479	437	0.999924
0	252	250	0.99996
1	440	394	0.99993
1	182	146	0.999971
1	370	281	0.999941
1	351	245	0.999944
1	432	371	0.999931
1	450	340	0.999928
1	379	271	0.999939
1	354	289	0.999943
1	416	329	0.999933
1	217	198	0.999965
1	341	237	0.999945
1	446	380	0.999928
1	384	337	0.999938
0	229	217	0.999963
1	136	124	0.999978
1	228	163	0.999963
1	492	350	0.99992
0	86	84	0.999986
1	221	202	0.999964
0	190	186	0.999969
1	251	208	0.999959
1	306	252	0.99995
1	428	304	0.99993
1	421	383	0.999931
0	140	138	0.999977
1	462	368	0.999924
1	443	390	0.999927
0	315	304	0.999948
0	333	325	0.999945
1	145	123	0.999976
0	302	288	0.99995
1	169	151	0.999972
1	380	334	0.999937
0	470	454	0.999922
1	271	233	0.999955
1	210	168	0.999965
0	270	252	0.999955
1	420	300	0.99993
0	449	441	0.999925
1	443	309	0.999926
1	472	329	0.999921
1	209	178	0.999965
1	429	366	0.999928
0	363	347	0.999939
1	345	255	0.999942
1	498	450	0.999916
1	77	68	0.999987
0	379	362	0.999936
1	284	200	0.999952
1	419	382	0.999929
1	441	350	0.999925
0	341	319	0.999942
1	282	246	0.999952
0	452	441	0.999923
1	311	215	0.999947
1	258	190	0.999956
1	293	265	0.99995
1	416	333	0.999929
0	82	77	0.999986
1	205	187	0.999965
0	357	347	0.999939
1	275	224	0.999953
1	275	231	0.999953
1	373	261	0.999936
1	198	153	0.999966
0	151	144	0.999974
1	145	128	0.999975
0	377	353	0.999935
1	422	367	0.999927
0	104	97	0.999982
1	485	372	0.999916
1	456	316	0.999921
1	317	269	0.999945
0	340	336	0.999941
1	351	305	0.999939
1	385	321	0.999933
1	356	274	0.999938
1	287	251	0.99995
1	396	285	0.999931
0	367	344	0.999936
1	384	330	0.999933
1	463	362	0.999919
1	280	230	0.999951
0	297	296	0.999948
1	234	210	0.999959
1	148	123	0.999974
1	397	330	0.99993
1	418	312	0.999926
1	141	107	0.999975
0	366	349	0.999935
1	371	265	0.999934
1	354	285	0.999937
1	337	302	0.99994
1	337	279	0.99994
1	365	297	0.999935
1	369	312	0.999934
1	341	290	0.999939
1	480	353	0.999914
0	362	353	0.999935
1	139	110	0.999975
1	100	85	0.999982
1	405	356	0.999927
1	408	373	0.999926
1	358	281	0.999935
1	490	438	0.999911
1	489	390	0.999911
1	373	330	0.999932
0	340	338	0.999938
1	296	237	0.999946
1	427	390	0.999922
1	93	67	0.999983
1	492	406	0.99991
1	306	213	0.999944
1	453	370	0.999917
1	120	103	0.999978
1	180	136	0.999967
1	419	296	0.999923
0	435	414	0.99992
1	429	339	0.999921
1	494	353	0.999909
1	416	350	0.999923
1	189	169	0.999965
0	394	383	0.999927
0	356	328	0.999934
0	431	396	0.99992
1	404	358	0.999925
1	307	218	0.999943
0	377	369	0.99993
1	269	219	0.99995
1	392	332	0.999927
1	424	371	0.999921
0	295	282	0.999945
0	316	306	0.999941
1	182	162	0.999966
1	353	306	0.999934
0	497	477	0.999907
0	171	167	0.999968
0	96	91	0.999982
1	483	339	0.999909
1	461	358	0.999913
1	143	120	0.999973
1	381	316	0.999928
1	328	239	0.999938
0	300	287	0.999943
1	226	158	0.999957
0	436	427	0.999917
1	462	331	0.999912
0	462	447	0.999912
1	425	299	0.999919
1	423	335	0.999919
1	120	92	0.999977
1	73	53	0.999986
1	370	286	0.999929
1	411	287	0.999921
1	400	308	0.999923
1	374	302	0.999928
1	264	201	0.999949
1	454	376	0.999912
1	206	164	0.99996
1	293	229	0.999943
0	426	409	0.999917
1	358	271	0.99993
1	327	257	0.999936
1	153	138	0.99997
0	316	303	0.999938
1	484	362	0.999905
1	127	108	0.999975
1	284	242	0.999944
1	218	155	0.999957
1	446	374	0.999912
1	233	206	0.999954
1	314	218	0.999938
1	394	339	0.999922
1	373	292	0.999926
1	126	111	0.999975
1	196	138	0.999961
1	331	280	0.999934
1	411	353	0.999918
1	385	343	0.999923
0	470	431	0.999906
1	384	295	0.999923
1	264	196	0.999947
0	388	361	0.999922
1	373	268	0.999925
1	318	238	0.999936
1	467	417	0.999906
1	442	364	0.999911
1	392	299	0.999921
1	357	245	0.999928
1	371	273	0.999925
1	455	376	0.999908
1	425	369	0.999914
1	247	214	0.99995
1	301	271	0.999939
1	449	321	0.999909
1	291	242	0.999941
1	458	365	0.999907
1	290	200	0.999941
1	475	386	0.999903
1	478	428	0.999902
1	307	251	0.999937
1	306	267	0.999937
0	359	340	0.999926
1	223	199	0.999954
0	189	185	0.999961
1	421	339	0.999913
1	208	172	0.999957
1	445	363	0.999908
0	174	171	0.999964
0	401	391	0.999917
0	371	360	0.999923
1	419	332	0.999913
0	130	126	0.999973
1	433	367	0.99991
0	389	372	0.999919
1	312	263	0.999935
0	379	362	0.999921
0	331	312	0.999931
0	307	283	0.999936
0	446	409	0.999907
0	115	114	0.999976
0	225	204	0.999953
0	358	355	0.999925
1	315	221	0.999934
1	376	271	0.999921
1	428	315	0.99991
0	466	453	0.999902
1	347	291	0.999927
0	304	281	0.999936
0	470	457	0.999901
1	408	299	0.999914
1	403	278	0.999915
1	218	164	0.999954
1	265	190	0.999944
1	175	140	0.999963
0	406	368	0.999914
0	316	289	0.999933
1	231	169	0.999951
0	297	282	0.999937
1	462	405	0.999902
0	410	386	0.999913
1	179	158	0.999962
1	334	236	0.999929
1	348	301	0.999926
1	188	139	0.99996
1	376	297	0.99992
0	310	294	0.999934
0	305	295	0.999935
0	436	428	0.999907
1	342	252	0.999927
0	342	336	0.999927
1	103	85	0.999978
1	234	185	0.99995
1	407	310	0.999913
1	472	427	0.999899
1	467	386	0.9999
0	467	451	0.9999
1	224	162	0.999952
1	322	249	0.999931
0	406	389	0.999913
0	410	401	0.999912
1	382	332	0.999918
1	419	371	0.99991
0	428	420	0.999908
1	251	196	0.999946
1	474	325	0.999898
1	130	92	0.999972
0	181	175	0.999961
0	413	395	0.999911
0	431	430	0.999907
1	440	311	0.999905
0	231	223	0.99995
1	388	347	0.999916
1	314	238	0.999932
1	203	150	0.999956
0	318	312	0.999931
0	318	292	0.999931
1	258	182	0.999944
1	373	292	0.999919
0	419	390	0.999909
1	432	310	0.999906
1	386	275	0.999916
1	170	131	0.999963
1	257	191	0.999944
1	55	47	0.999988
1	348	301	0.999924
1	119	94	0.999974
1	160	139	0.999965
1	178	154	0.999961
0	488	487	0.999893
1	114	90	0.999975
1	319	229	0.99993
1	214	157	0.999953
1	305	247	0.999933
1	100	85	0.999978
1	400	304	0.999912
1	59	44	0.999987
1	408	364	0.99991
0	371	370	0.999918
1	425	371	0.999906
1	470	336	0.999896
1	488	340	0.999892
1	135	96	0.99997
1	252	226	0.999944
1	368	309	0.999918
1	408	320	0.999909
1	318	269	0.999929
1	206	143	0.999954
1	317	254	0.999929
1	330	284	0.999926
1	365	293	0.999918
1	445	319	0.9999
1	129	96	0.999971
1	467	328	0.999895
1	418	353	0.999906
1	449	354	0.999899
1	355	250	0.99992
0	478	439	0.999892
1	482	339	0.999891
1	495	348	0.999888
1	327	240	0.999926
1	388	300	0.999912
0	141	132	0.999968
1	351	251	0.99992
1	351	247	0.99992
1	408	284	0.999907
1	245	206	0.999944
1	350	262	0.99992
1	153	108	0.999965
1	244	169	0.999944
1	318	259	0.999927
0	248	233	0.999943
1	174	121	0.99996
1	469	378	0.999892
1	460	324	0.999894
0	438	406	0.999899
1	260	232	0.99994
1	251	177	0.999942
0	238	220	0.999945
1	307	214	0.999929
0	389	355	0.99991
1	324	252	0.999925
1	406	333	0.999906
1	95	70	0.999978
0	151	148	0.999965
1	457	359	0.999894
0	431	392	0.9999
1	323	281	0.999925
0	99	93	0.999977
1	327	232	0.999924
1	176	147	0.999959
0	412	385	0.999904
1	360	251	0.999916
1	454	376	0.999894
0	334	313	0.999922
1	453	341	0.999894
0	316	312	0.999926
0	354	328	0.999917
0	392	368	0.999908
0	460	438	0.999892
1	383	300	0.99991
0	434	397	0.999898
1	353	257	0.999917
1	433	380	0.999898
1	454	385	0.999893
1	458	382	0.999892
0	394	386	0.999907
0	271	264	0.999936
1	478	371	0.999887
0	334	327	0.999921
1	439	378	0.999896
1	346	274	0.999918
1	455	408	0.999892
1	442	341	0.999895
0	303	287	0.999928
1	491	430	0.999883
0	327	303	0.999922
1	398	293	0.999905
0	314	305	0.999925
1	280	207	0.999933
0	484	467	0.999884
1	367	253	0.999912
0	442	420	0.999894
0	175	159	0.999958
1	350	309	0.999916
0	383	369	0.999908
1	428	308	0.999897
1	324	275	0.999922
1	361	300	0.999913
1	369	305	0.999911
1	199	169	0.999952
1	294	235	0.999929
1	120	106	0.999971
1	422	293	0.999898
1	219	193	0.999947
0	409	392	0.999901
1	285	240	0.999931
1	128	96	0.999969
1	462	397	0.999888
0	305	300	0.999926
1	123	93	0.99997
0	455	421	0.999889
1	500	442	0.999878
1	479	407	0.999883
1	221	193	0.999946
1	180	151	0.999956
1	486	374	0.999881
1	204	174	0.99995
1	485	371	0.999881
1	330	267	0.999919
0	122	111	0.99997
1	248	183	0.999939
1	402	338	0.999901
1	442	358	0.999891
1	401	283	0.999901
1	482	336	0.999881
0	295	284	0.999927
0	319	308	0.999921
0	335	311	0.999917
1	460	347	0.999886
0	350	338	0.999913
1	458	381	0.999886
1	269	219	0.999933
0	401	391	0.9999
0	441	409	0.99989
1	453	364	0.999887
1	276	241	0.999931
1	324	240	0.999919
1	431	380	0.999892
1	287	206	0.999928
1	243	174	0.999939
1	195	170	0.999951
1	346	282	0.999913
1	147	108	0.999963
0	396	361	0.9999
1	483	400	0.999878
0	190	174	0.999952
1	257	226	0.999935
1	474	366	0.99988
0	371	357	0.999906
1	390	329	0.999901
1	118	91	0.99997
1	291	238	0.999926
1	397	329	0.999899
1	283	221	0.999928
0	326	306	0.999917
0	471	459	0.99988
1	153	125	0.999961
0	294	266	0.999925
0	384	356	0.999902
0	94	89	0.999976
1	399	302	0.999898
1	301	211	0.999923
0	301	289	0.999923
1	375	323	0.999904
0	496	483	0.999873
1	421	358	0.999892
1	304	212	0.999922
1	417	288	0.999893
1	109	75	0.999972
0	362	330	0.999907
1	494	424	0.999873
1	431	315	0.999889
0	361	346	0.999907
1	326	249	0.999916
1	260	198	0.999933
1	97	74	0.999975
0	442	420	0.999886
0	480	471	0.999876
1	209	160	0.999946
0	414	407	0.999893
1	325	282	0.999916
1	499	359	0.999871
0	263	260	0.999932
1	413	325	0.999893
0	420	400	0.999891
1	104	76	0.999973
1	443	337	0.999885
1	404	290	0.999895
0	454	434	0.999882
0	392	369	0.999898
1	146	102	0.999962
1	438	318	0.999886
0	330	319	0.999914
1	322	260	0.999916
1	390	316	0.999898
1	302	241	0.999921
0	466	453	0.999878
0	252	232	0.999934
1	435	384	0.999886
1	347	283	0.999909
1	331	266	0.999913
0	421	418	0.999889
1	235	175	0.999938
1	144	100	0.999962
0	462	439	0.999878
1	443	360	0.999883
1	443	331	0.999883
0	496	455	0.999869
0	352	323	0.999907
0	393	383	0.999896
1	317	270	0.999916
1	279	202	0.999926
0	309	302	0.999918
1	497	350	0.999868
1	323	270	0.999914
0	169	156	0.999955
1	274	188	0.999927
1	120	102	0.999968
1	240	195	0.999936
1	480	338	0.999872
0	401	361	0.999893
1	337	270	0.99991
0	498	467	0.999867
1	333	260	0.999911
1	299	251	0.99992
1	441	319	0.999882
1	421	358	0.999887
1	216	159	0.999942
0	197	188	0.999947
0	420	410	0.999887
1	371	281	0.9999
0	382	358	0.999897
0	382	376	0.999897
0	422	398	0.999886
1	322	278	0.999913
1	470	408	0.999873
1	370	318	0.9999
1	255	220	0.999931
0	391	367	0.999894
1	81	67	0.999978
1	497	430	0.999865
1	184	152	0.99995
0	342	319	0.999907
1	474	362	0.999871
1	77	64	0.999979
0	264	253	0.999928
0	282	260	0.999923
0	205	194	0.999944
1	428	378	0.999883
1	117	92	0.999968
1	318	261	0.999913
1	486	381	0.999867
1	453	322	0.999876
0	292	289	0.99992
1	419	345	0.999885
1	153	115	0.999958
1	459	381	0.999874
0	182	178	0.99995
0	393	380	0.999892
0	476	427	0.999869
0	486	450	0.999866
1	500	390	0.999862
1	445	371	0.999877
1	217	192	0.99994
1	311	252	0.999914
0	307	275	0.999915
1	372	322	0.999897
0	372	356	0.999897
0	455	406	0.999874
1	220	182	0.999939
1	180	153	0.99995
1	198	174	0.999945
0	378	363	0.999895
1	223	192	0.999938
1	402	333	0.999888
1	366	300	0.999898
1	337	278	0.999906
1	190	140	0.999947
0	315	314	0.999912
0	408	394	0.999886
1	421	314	0.999882
1	346	244	0.999903
0	189	187	0.999947
0	353	320	0.999901
1	442	334	0.999876
1	153	133	0.999957
1	434	353	0.999878
0	405	373	0.999886
0	426	413	0.99988
0	362	329	0.999898
0	489	439	0.999862
1	489	372	0.999862
0	294	276	0.999917
0	386	356	0.999891
0	361	360	0.999898
0	184	165	0.999948
1	435	320	0.999877
1	470	401	0.999867
1	53	39	0.999985
1	477	414	0.999865
1	219	191	0.999938
1	427	352	0.999879
1	261	226	0.999926
0	74	70	0.999979
1	391	300	0.999889
1	169	125	0.999952
0	433	407	0.999877
0	464	417	0.999868
1	137	98	0.999961
1	400	287	0.999886
1	487	423	0.999861
1	178	139	0.999949
0	443	421	0.999873
0	488	475	0.99986
0	432	427	0.999876
0	484	449	0.999861
0	275	267	0.999921
0	456	431	0.999869
0	330	310	0.999905
1	455	402	0.999869
1	354	298	0.999898
0	229	215	0.999934
1	451	328	0.99987
1	489	428	0.999859
0	305	284	0.999912
1	329	242	0.999905
0	384	375	0.999889
0	387	382	0.999888
1	494	423	0.999857
1	469	330	0.999864
0	293	281	0.999915
1	279	203	0.999919
1	375	297	0.999891
1	141	97	0.999959
1	361	268	0.999895
1	488	428	0.999858
1	484	378	0.999859
1	432	315	0.999874
1	346	268	0.999899
1	459	385	0.999866
1	178	148	0.999948
0	325	300	0.999905
1	181	140	0.999947
1	461	318	0.999865
1	420	365	0.999877
1	372	257	0.999891
1	382	331	0.999888
1	167	117	0.999951
1	368	305	0.999892
0	293	282	0.999914
0	405	371	0.999881
0	51	48	0.999985
1	459	362	0.999865
1	333	250	0.999902
1	428	335	0.999874
1	428	308	0.999874
1	411	290	0.999879
0	176	166	0.999948
1	240	201	0.999929
1	338	239	0.9999
1	391	307	0.999884
1	353	295	0.999895
1	279	211	0.999917
0	272	267	0.999919
0	114	106	0.999966
1	489	392	0.999854
0	194	192	0.999942
1	291	216	0.999913
1	361	288	0.999892
1	284	232	0.999915
0	177	159	0.999947
0	247	244	0.999926
1	243	198	0.999927
1	256	215	0.999923
1	402	329	0.999879
1	495	402	0.999851
0	126	121	0.999962
1	431	361	0.99987
1	169	129	0.999949
1	457	367	0.999862
1	443	361	0.999866
1	314	221	0.999905
0	152	146	0.999954
1	208	146	0.999937
1	482	386	0.999854
0	375	339	0.999886
0	421	374	0.999872
1	470	408	0.999857
1	207	150	0.999937
1	105	82	0.999968
1	433	356	0.999868
0	410	380	0.999875
1	226	172	0.999931
0	301	279	0.999908
1	376	308	0.999885
0	170	161	0.999948
0	457	413	0.99986
1	248	192	0.999924
1	202	174	0.999938
1	495	428	0.999848
1	335	277	0.999897
0	413	383	0.999873
0	52	46	0.999984
1	289	253	0.999911
1	386	321	0.999881
0	493	474	0.999848
1	454	356	0.99986
0	308	294	0.999905
1	350	248	0.999892
1	450	348	0.999861
1	372	275	0.999885
0	459	451	0.999858
1	475	403	0.999853
0	210	201	0.999935
0	455	432	0.999859
1	442	323	0.999863
1	87	72	0.999973
1	493	393	0.999847
1	267	214	0.999917
1	283	245	0.999912
0	447	446	0.999861
1	151	111	0.999953
0	484	438	0.999849
1	435	343	0.999864
0	387	383	0.999879
1	179	134	0.999944
1	345	269	0.999892
1	297	210	0.999907
0	354	348	0.999889
1	309	220	0.999903
0	363	360	0.999886
0	191	189	0.99994
0	347	311	0.999891
0	417	384	0.999869
1	419	336	0.999868
0	311	277	0.999902
1	387	318	0.999878
0	336	318	0.999894
1	393	338	0.999876
0	472	469	0.999851
1	459	327	0.999855
1	433	325	0.999863
1	480	352	0.999848
1	101	74	0.999968
1	353	293	0.999888
0	457	430	0.999855
1	463	351	0.999853
0	258	256	0.999918
0	151	148	0.999952
1	267	221	0.999915
1	468	329	0.999851
0	455	449	0.999855
0	417	397	0.999867
0	479	465	0.999847
1	147	114	0.999953
0	250	240	0.99992
0	353	343	0.999887
1	328	267	0.999895
0	459	457	0.999853
0	309	282	0.999901
1	490	351	0.999843
1	262	211	0.999916
1	446	308	0.999857
1	411	307	0.999868
0	221	198	0.999929
1	426	365	0.999863
1	345	287	0.999889
1	382	276	0.999877
1	208	149	0.999933
0	180	160	0.999942
1	394	280	0.999873
1	304	213	0.999902
0	483	438	0.999844
1	269	233	0.999913
1	303	247	0.999902
1	315	255	0.999898
1	321	279	0.999896
0	475	448	0.999846
0	478	422	0.999845
1	339	280	0.99989
0	194	186	0.999937
0	468	443	0.999848
0	431	413	0.99986
0	480	430	0.999844
0	486	477	0.999842
0	123	119	0.99996
1	83	58	0.999973
0	172	162	0.999944
0	359	333	0.999883
0	417	365	0.999864
1	187	150	0.999939
1	475	362	0.999845
0	291	287	0.999905
1	493	405	0.999839
0	370	336	0.999879
0	384	342	0.999874
0	451	420	0.999852
0	429	423	0.999859
1	453	376	0.999851
1	468	406	0.999846
1	392	318	0.999871
0	413	364	0.999864
1	370	289	0.999878
0	482	462	0.999841
1	200	138	0.999934
0	430	385	0.999858
1	224	154	0.999926
0	260	229	0.999914
1	432	320	0.999857
1	441	327	0.999854
1	401	342	0.999867
1	413	357	0.999863
1	250	196	0.999917
1	337	268	0.999888
0	385	369	0.999872
1	306	228	0.999898
1	378	294	0.999874
1	444	319	0.999852
0	456	453	0.999848
1	488	376	0.999837
1	485	421	0.999838
1	341	277	0.999886
1	382	329	0.999872
1	328	236	0.99989
1	316	230	0.999894
1	441	308	0.999852
0	286	260	0.999904
0	384	353	0.999871
0	491	484	0.999835
1	357	258	0.99988
0	354	325	0.999881
0	470	418	0.999842
0	404	364	0.999864
0	475	446	0.99984
0	448	405	0.999849
1	201	156	0.999932
1	396	323	0.999866
0	431	415	0.999854
1	59	48	0.99998
1	115	86	0.999961
0	389	354	0.999868
0	144	133	0.999951
1	329	266	0.999888
1	138	105	0.999953
0	461	422	0.999843
1	396	284	0.999865
0	475	445	0.999838
1	164	135	0.999944
0	436	398	0.999851
1	316	273	0.999892
0	351	327	0.99988
0	465	436	0.999841
0	470	419	0.999839
1	137	116	0.999953
0	204	180	0.99993
0	370	324	0.999873
1	300	244	0.999897
1	460	371	0.999842
1	422	352	0.999855
1	93	66	0.999968
1	261	183	0.99991
0	287	256	0.999901
1	171	143	0.999941
0	281	279	0.999903
0	408	392	0.999859
0	445	425	0.999846
0	491	470	0.99983
0	436	382	0.999849
1	358	280	0.999876
0	176	155	0.999939
1	473	397	0.999836
0	285	279	0.999901
1	426	326	0.999852
1	489	393	0.99983
1	181	145	0.999937
1	382	286	0.999867
1	448	363	0.999844
0	488	475	0.99983
1	367	266	0.999872
1	496	345	0.999827
0	255	233	0.999911
1	375	309	0.999869
1	414	294	0.999855
1	431	322	0.999849
0	311	298	0.999891
0	445	393	0.999844
0	151	136	0.999947
1	467	402	0.999836
1	148	118	0.999948
0	293	256	0.999897
1	398	302	0.99986
0	295	259	0.999896
1	465	380	0.999836
0	136	124	0.999952
1	116	80	0.999959
1	480	335	0.99983
0	110	106	0.999961
1	431	352	0.999847
1	135	115	0.999952
1	180	134	0.999936
1	478	394	0.99983
1	261	206	0.999907
0	460	419	0.999836
1	353	300	0.999874
1	409	331	0.999854
1	221	166	0.999921
0	481	476	0.999828
1	276	190	0.999901
0	354	312	0.999873
0	379	350	0.999864
1	443	344	0.999841
1	451	338	0.999838
1	256	195	0.999908
1	339	235	0.999878
1	261	191	0.999906
1	458	318	0.999835
1	408	334	0.999853
1	205	177	0.999926
0	205	199	0.999926
0	72	67	0.999974
1	180	130	0.999935
0	354	333	0.999872
1	199	168	0.999928
1	152	129	0.999945
0	185	174	0.999933
1	265	214	0.999904
0	80	77	0.999971
0	427	418	0.999845
0	493	441	0.999821
1	341	282	0.999876
1	407	329	0.999852
0	283	257	0.999897
1	500	391	0.999818
0	467	454	0.99983
1	162	137	0.999941
1	398	321	0.999855
1	310	242	0.999887
1	203	160	0.999926
1	441	307	0.999839
1	493	377	0.99982
1	260	205	0.999905
1	372	317	0.999864
1	372	301	0.999864
1	153	131	0.999944
0	284	250	0.999896
0	355	313	0.99987
0	426	423	0.999844
0	374	361	0.999863
1	434	306	0.999841
1	398	276	0.999854
0	346	320	0.999873
0	493	459	0.999819
1	411	336	0.999849
1	375	264	0.999862
1	269	222	0.999901
1	182	154	0.999933
1	429	347	0.999842
1	244	179	0.99991
1	325	280	0.99988
1	455	359	0.999832
1	314	246	0.999884
1	165	115	0.999939
0	324	318	0.99988
1	459	325	0.99983
0	372	337	0.999862
1	412	307	0.999847
1	140	103	0.999948
1	323	232	0.99988
0	320	283	0.999881
1	228	171	0.999915
0	429	388	0.99984
0	241	228	0.99991
1	479	375	0.999821
0	222	209	0.999917
1	478	411	0.999821
1	248	197	0.999907
1	288	228	0.999892
1	471	359	0.999823
0	274	266	0.999897
0	500	450	0.999812
0	380	362	0.999857
1	364	264	0.999863
1	292	218	0.99989
1	151	124	0.999943
1	302	258	0.999886
0	437	392	0.999835
0	291	263	0.99989
1	259	202	0.999902
1	465	369	0.999824
1	335	257	0.999873
0	451	439	0.999829
0	379	356	0.999856
1	310	227	0.999882
0	457	402	0.999826
0	449	398	0.999829
1	231	174	0.999912
1	315	255	0.99988
1	286	211	0.999891
1	278	197	0.999894
1	375	299	0.999857
1	482	378	0.999816
0	421	411	0.999839
1	371	288	0.999858
1	363	289	0.999861
0	308	293	0.999882
1	488	353	0.999813
1	227	158	0.999913
1	472	324	0.999819
1	318	260	0.999878
0	164	154	0.999937
1	380	278	0.999854
1	484	406	0.999814
1	182	147	0.99993
0	364	359	0.99986
0	262	250	0.999899
0	215	188	0.999917
1	347	260	0.999866
1	326	233	0.999874
1	481	347	0.999814
1	155	120	0.99994
1	372	308	0.999856
1	240	200	0.999907
0	294	260	0.999886
0	495	483	0.999808
0	317	282	0.999877
1	188	129	0.999927
1	103	84	0.99996
0	422	368	0.999836
1	144	117	0.999944
0	347	302	0.999865
1	498	403	0.999806
1	374	319	0.999854
1	146	106	0.999943
1	397	331	0.999845
0	233	210	0.999909
1	320	271	0.999875
1	253	178	0.999901
1	452	319	0.999823
1	217	149	0.999915
1	464	380	0.999818
1	451	361	0.999823
1	293	228	0.999885
0	242	241	0.999905
1	341	277	0.999866
1	117	98	0.999954
1	183	146	0.999928
1	338	242	0.999867
1	498	419	0.999804
1	254	204	0.9999
0	302	266	0.999881
1	439	371	0.999827
0	279	249	0.99989
0	492	489	0.999806
1	357	305	0.999859
1	124	95	0.999951
0	496	450	0.999804
0	339	293	0.999866
0	273	266	0.999892
1	442	351	0.999825
0	308	300	0.999878
1	492	339	0.999805
1	169	121	0.999933
1	252	196	0.9999
1	131	106	0.999948
1	199	165	0.999921
0	461	411	0.999817
0	68	59	0.999973
0	209	201	0.999917
1	435	371	0.999827
0	387	352	0.999846
1	359	292	0.999857
1	163	129	0.999935
1	220	171	0.999912
0	245	237	0.999902
0	390	389	0.999844
0	435	407	0.999826
0	404	383	0.999838
1	491	420	0.999803
0	256	245	0.999897
1	164	128	0.999934
1	437	302	0.999824
1	139	117	0.999944
1	206	167	0.999917
1	402	303	0.999838
1	258	189	0.999896
1	238	179	0.999904
1	290	215	0.999883
0	466	435	0.999812
1	394	305	0.999841
1	270	223	0.999891
1	369	310	0.999851
1	364	304	0.999853
1	396	334	0.99984
1	408	310	0.999835
0	225	212	0.999909
0	482	430	0.999805
0	467	402	0.999811
0	348	311	0.999859
1	380	268	0.999846
1	111	83	0.999955
1	473	332	0.999808
0	436	403	0.999823
1	443	358	0.99982
0	391	361	0.999841
1	204	155	0.999917
1	388	295	0.999842
1	383	268	0.999844
1	270	223	0.99989
0	265	261	0.999892
1	282	241	0.999885
0	257	245	0.999895
1	421	360	0.999828
0	301	260	0.999877
0	274	266	0.999888
1	269	199	0.99989
1	342	242	0.99986
1	425	327	0.999826
0	481	425	0.999803
0	383	378	0.999843
1	434	344	0.999822
1	346	241	0.999858
0	323	302	0.999867
1	296	217	0.999878
1	388	289	0.99984
1	206	151	0.999915
0	412	364	0.99983
0	172	153	0.999929
0	443	440	0.999817
1	167	116	0.999931
1	346	288	0.999857
1	411	304	0.99983
1	411	350	0.99983
0	447	417	0.999815
0	273	265	0.999887
1	256	210	0.999894
0	379	336	0.999843
1	403	293	0.999833
0	415	359	0.999828
1	193	142	0.99992
1	398	280	0.999835
0	164	154	0.999932
1	258	199	0.999893
0	359	357	0.999851
0	236	231	0.999902
1	486	336	0.999798
0	291	282	0.999879
0	274	251	0.999886
0	286	255	0.999881
0	466	415	0.999806
1	293	210	0.999878
0	204	200	0.999915
1	300	219	0.999875
0	494	491	0.999794
1	338	282	0.999859
0	326	320	0.999864
0	278	244	0.999884
0	473	427	0.999802
1	332	285	0.999861
1	191	131	0.99992
1	389	331	0.999837
1	408	284	0.999829
1	198	153	0.999917
1	341	243	0.999857
1	174	145	0.999927
1	281	224	0.999882
1	150	118	0.999937
1	431	355	0.999819
1	250	172	0.999895
0	252	237	0.999894
1	423	360	0.999822
0	190	185	0.99992
1	121	86	0.999949
0	249	230	0.999895
0	230	226	0.999903
1	313	267	0.999868
0	455	433	0.999808
0	426	420	0.99982
0	433	422	0.999817
1	194	162	0.999918
1	305	257	0.999871
1	52	38	0.999978
0	390	370	0.999835
0	442	409	0.999813
1	215	176	0.999909
1	489	416	0.999793
1	59	47	0.999975
0	380	363	0.999839
1	354	274	0.99985
1	460	339	0.999805
1	467	353	0.999802
0	481	444	0.999796
0	297	289	0.999874
0	495	425	0.99979
1	304	259	0.999871
0	212	188	0.99991
0	242	219	0.999897
1	479	356	0.999796
0	479	427	0.999796
0	61	53	0.999974
0	438	408	0.999813
1	444	370	0.99981
0	397	374	0.99983
0	404	361	0.999827
0	168	147	0.999928
1	387	280	0.999834
1	352	274	0.999849
1	375	304	0.999839
1	177	140	0.999924
0	163	144	0.99993
0	444	386	0.999809
0	388	370	0.999833
0	216	201	0.999907
1	436	347	0.999812
1	350	256	0.999849
1	438	310	0.999811
1	482	362	0.999792
1	454	324	0.999804
1	280	234	0.999879
1	442	345	0.999809
0	442	427	0.999809
0	347	316	0.99985
1	208	171	0.99991
1	490	403	0.999788
1	439	373	0.99981
1	473	336	0.999795
0	496	435	0.999785
0	332	324	0.999856
0	76	75	0.999967
1	327	232	0.999858
1	481	358	0.999791
0	260	237	0.999887
0	331	308	0.999856
0	432	385	0.999812
0	287	261	0.999875
1	390	328	0.99983
1	445	373	0.999806
1	213	163	0.999907
0	481	451	0.99979
0	481	425	0.99979
1	277	207	0.999879
1	151	108	0.999934
0	436	416	0.999809
1	388	324	0.99983
1	372	291	0.999837
1	251	191	0.99989
1	235	194	0.999897
0	187	178	0.999918
0	383	348	0.999832
0	337	318	0.999852
0	403	399	0.999823
0	50	47	0.999978
1	261	184	0.999885
1	288	226	0.999873
0	442	387	0.999805
1	333	231	0.999853
1	351	285	0.999845
0	446	391	0.999803
1	448	326	0.999802
0	337	291	0.999851
0	459	451	0.999797
0	289	258	0.999872
0	368	335	0.999837
0	300	292	0.999867
1	106	77	0.999953
1	187	138	0.999917
0	117	111	0.999948
1	245	195	0.999891
0	454	434	0.999798
0	200	173	0.999911
0	164	150	0.999927
1	485	355	0.999784
0	92	79	0.999959
1	341	289	0.999848
1	361	276	0.999839
0	426	366	0.99981
1	439	322	0.999804
0	141	129	0.999937
0	235	212	0.999895
0	226	201	0.999899
1	429	308	0.999808
1	458	379	0.999795
0	259	252	0.999884
1	192	134	0.999914
0	250	228	0.999888
0	337	334	0.999849
0	386	334	0.999827
0	444	431	0.999801
1	330	228	0.999852
1	301	252	0.999865
0	243	236	0.999891
1	399	327	0.999821
1	441	348	0.999802
1	454	314	0.999796
0	436	408	0.999804
0	407	380	0.999817
0	378	330	0.99983
0	422	366	0.99981
1	444	334	0.9998
1	395	274	0.999822
0	71	69	0.999968
1	426	337	0.999808
1	370	305	0.999833
1	476	377	0.999785
0	405	347	0.999817
1	312	253	0.999859
0	458	417	0.999793
1	263	185	0.999881
1	382	314	0.999827
1	234	193	0.999894
1	408	281	0.999815
0	302	286	0.999863
1	410	290	0.999814
0	453	408	0.999794
1	178	130	0.999919
0	215	199	0.999902
0	388	383	0.999823
1	263	216	0.99988
1	469	346	0.999786
1	333	282	0.999848
1	396	293	0.999819
0	411	393	0.999812
0	120	118	0.999945
0	144	124	0.999934
0	242	209	0.999889
1	279	213	0.999872
0	457	434	0.99979
1	313	266	0.999856
0	341	314	0.999843
0	178	168	0.999918
0	115	109	0.999947
1	230	167	0.999894
1	182	141	0.999916
1	299	244	0.999862
0	429	375	0.999802
1	455	359	0.99979
1	368	260	0.99983
1	387	296	0.999821
0	378	342	0.999825
0	300	286	0.999861
1	382	317	0.999823
0	302	297	0.99986
0	280	241	0.99987
1	351	269	0.999837
0	127	111	0.999941
0	398	377	0.999815
1	387	300	0.99982
0	361	320	0.999832
1	406	325	0.999811
1	451	364	0.99979
0	425	364	0.999802
1	459	373	0.999786
1	386	293	0.99982
1	358	304	0.999833
0	349	308	0.999837
1	274	218	0.999872
1	306	222	0.999857
0	415	392	0.999806
0	419	417	0.999804
1	237	183	0.999889
0	111	100	0.999948
1	414	302	0.999806
1	160	118	0.999925
0	354	313	0.999834
0	258	236	0.999879
0	226	225	0.999894
1	294	232	0.999862
1	360	266	0.999831
1	181	141	0.999915
1	411	299	0.999807
1	149	109	0.99993
0	385	338	0.999819
1	385	276	0.999819
1	321	224	0.999849
0	459	404	0.999784
0	342	314	0.999839
1	291	205	0.999863
1	274	198	0.999871
1	155	115	0.999927
1	448	374	0.999789
0	407	368	0.999808
1	195	137	0.999908
0	390	371	0.999816
1	273	214	0.999871
1	372	314	0.999824
1	224	178	0.999894
0	374	352	0.999823
0	342	313	0.999838
0	249	216	0.999882
0	365	359	0.999827
1	156	129	0.999926
0	196	187	0.999907
1	392	281	0.999814
1	217	150	0.999897
0	453	387	0.999785
0	257	228	0.999878
1	398	315	0.999811
0	387	338	0.999816
0	372	367	0.999823
0	269	262	0.999872
1	292	219	0.999861
1	294	229	0.99986
1	453	352	0.999784
0	390	347	0.999814
0	88	83	0.999958
1	406	312	0.999806
0	192	169	0.999908
0	288	279	0.999862
0	288	278	0.999862
1	194	164	0.999907
0	373	343	0.999821
0	352	317	0.999831
1	127	102	0.999939
1	433	302	0.999792
1	447	330	0.999785
0	347	302	0.999833
1	403	340	0.999806
0	270	254	0.99987
0	380	350	0.999817
0	434	398	0.999791
1	220	182	0.999894
0	413	365	0.999801
0	448	392	0.999784
1	394	306	0.99981
1	170	139	0.999918
0	143	140	0.999931
0	354	337	0.999829
0	407	377	0.999803
1	126	95	0.999939
1	194	144	0.999906
0	202	188	0.999902
1	404	277	0.999804
1	253	187	0.999877
0	261	259	0.999873
1	300	249	0.999854
1	267	184	0.99987
0	431	384	0.99979
1	197	163	0.999904
1	361	270	0.999824
0	299	269	0.999854
1	387	283	0.999811
0	176	164	0.999914
0	245	224	0.99988
1	218	168	0.999893
0	436	417	0.999786
1	226	174	0.999889
1	405	328	0.999801
1	303	217	0.999851
0	122	110	0.99994
0	246	240	0.999879
0	382	329	0.999812
1	345	276	0.99983
1	148	123	0.999927
0	310	306	0.999847
0	160	146	0.999921
0	164	159	0.999919
1	172	124	0.999915
1	172	136	0.999915
0	259	225	0.999872
1	305	256	0.999849
1	212	153	0.999895
1	218	176	0.999892
0	226	210	0.999888
1	246	193	0.999878
0	369	337	0.999817
1	276	230	0.999863
1	149	122	0.999926
0	157	139	0.999922
0	380	345	0.999811
1	197	159	0.999902
0	199	187	0.999901
0	412	406	0.999795
0	261	234	0.99987
0	267	245	0.999867
0	269	245	0.999866
0	315	312	0.999843
0	373	359	0.999814
0	154	139	0.999923
0	194	186	0.999903
1	222	156	0.999889
0	234	227	0.999883
0	384	355	0.999808
1	355	250	0.999822
0	335	326	0.999832
0	321	291	0.999839
1	241	185	0.999879
0	418	392	0.99979
1	382	267	0.999808
1	356	290	0.999821
0	338	309	0.99983
0	139	118	0.99993
1	375	279	0.999811
1	343	283	0.999827
1	218	172	0.99989
1	103	74	0.999948
0	396	340	0.9998
1	281	209	0.999858
0	247	241	0.999875
0	413	381	0.999791
0	318	295	0.999839
1	231	184	0.999883
0	306	279	0.999845
1	420	336	0.999787
0	337	306	0.999829
1	402	326	0.999796
0	402	390	0.999796
0	398	357	0.999798
0	128	117	0.999935
0	362	315	0.999816
0	240	209	0.999878
0	291	289	0.999852
0	407	381	0.999793
0	165	163	0.999916
0	214	190	0.999891
1	265	190	0.999865
0	422	368	0.999785
1	406	288	0.999793
0	398	379	0.999797
1	382	309	0.999805
0	190	186	0.999903
1	282	213	0.999856
0	329	326	0.999832
1	186	156	0.999905
1	323	228	0.999835
0	319	298	0.999837
0	307	267	0.999843
0	338	307	0.999827
0	330	304	0.999831
1	404	279	0.999793
1	201	145	0.999897
1	234	163	0.99988
1	390	289	0.9998
1	154	109	0.999921
1	183	126	0.999906
0	364	334	0.999813
0	216	185	0.999889
1	216	173	0.999889
0	202	175	0.999896
1	404	292	0.999792
1	328	239	0.999831
0	361	330	0.999814
1	163	115	0.999916
0	355	354	0.999817
1	221	163	0.999886
0	374	340	0.999807
1	364	292	0.999812
0	201	173	0.999896
0	376	328	0.999805
1	241	181	0.999875
0	399	346	0.999793
0	368	333	0.999809
0	408	369	0.999788
0	252	241	0.999869
1	250	178	0.99987
1	269	188	0.99986
1	413	299	0.999785
1	386	320	0.999799
0	380	327	0.999802
1	280	195	0.999854
0	230	209	0.99988
0	180	160	0.999906
1	406	314	0.999788
1	377	309	0.999803
0	86	81	0.999955
1	84	67	0.999956
1	242	172	0.999873
0	343	297	0.99982
1	320	231	0.999832
1	177	139	0.999907
0	175	149	0.999908
1	388	304	0.999796
1	266	207	0.99986
1	304	230	0.99984
1	264	206	0.999861
0	317	316	0.999833
1	317	235	0.999833
1	167	119	0.999912
0	404	345	0.999787
1	256	205	0.999865
1	292	246	0.999846
1	292	226	0.999846
0	309	270	0.999837
0	144	143	0.999924
0	327	301	0.999827
0	308	280	0.999837
0	393	378	0.999792
0	204	195	0.999892
0	83	71	0.999956
0	281	251	0.999851
1	341	267	0.999819
0	290	289	0.999846
1	273	222	0.999855
0	337	331	0.999821
0	218	201	0.999884
1	169	122	0.99991
0	212	191	0.999887
0	343	293	0.999817
0	384	325	0.999795
0	264	224	0.999859
1	277	209	0.999852
1	387	319	0.999793
1	142	111	0.999924
0	269	244	0.999856
0	226	198	0.999879
1	183	153	0.999902
1	110	85	0.999941
0	369	360	0.999802
0	136	131	0.999927
1	216	177	0.999884
0	201	189	0.999892
1	385	320	0.999793
1	115	85	0.999938
1	369	256	0.999801
1	239	199	0.999871
1	324	242	0.999825
0	222	195	0.99988
1	244	171	0.999868
1	253	188	0.999863
1	325	239	0.999824
0	347	314	0.999812
0	188	182	0.999898
1	346	280	0.999812
1	346	278	0.999812
0	57	50	0.999969
0	125	114	0.999932
1	178	127	0.999903
0	233	200	0.999873
1	55	38	0.99997
1	174	126	0.999905
1	260	198	0.999858
1	366	288	0.9998
0	311	295	0.99983
1	223	153	0.999878
0	338	286	0.999815
0	221	216	0.999879
1	263	203	0.999856
0	376	362	0.999794
0	365	364	0.9998
1	385	284	0.999789
1	332	248	0.999818
0	315	287	0.999827
0	213	182	0.999883
1	304	247	0.999833
0	202	176	0.999889
1	333	262	0.999817
1	277	222	0.999847
0	190	169	0.999895
1	284	226	0.999843
1	358	275	0.999802
0	168	147	0.999907
0	186	174	0.999897
0	281	259	0.999844
1	353	266	0.999804
0	338	334	0.999812
1	302	254	0.999832
1	203	142	0.999887
1	332	237	0.999815
1	294	235	0.999836
0	317	289	0.999823
1	333	264	0.999814
0	290	281	0.999838
0	170	144	0.999905
1	306	225	0.999829
0	379	329	0.999788
0	345	333	0.999807
1	193	148	0.999892
0	109	107	0.999939
1	243	170	0.999864
0	123	109	0.999931
0	123	104	0.999931
0	356	311	0.9998
0	199	181	0.999888
0	275	269	0.999845
0	259	233	0.999854
0	172	156	0.999903
0	234	213	0.999868
1	351	295	0.999802
1	340	240	0.999808
1	363	301	0.999795
0	235	225	0.999867
0	282	273	0.99984
0	264	258	0.99985
0	144	134	0.999918
1	158	116	0.99991
1	291	202	0.999834
0	63	62	0.999964
0	63	56	0.999964
0	348	331	0.999801
1	327	229	0.999813
0	187	168	0.999893
0	374	371	0.999786
0	131	127	0.999925
0	103	90	0.999941
1	333	252	0.999809
0	249	225	0.999857
0	242	208	0.999861
0	315	287	0.999819
1	280	220	0.999839
1	193	137	0.999889
1	356	250	0.999795
0	316	288	0.999818
1	283	197	0.999837
1	309	225	0.999822
1	286	203	0.999835
0	249	237	0.999856
1	216	150	0.999875
1	295	245	0.999829
1	131	93	0.999924
1	93	64	0.999946
1	339	235	0.999803
1	368	294	0.999786
0	115	97	0.999933
0	367	321	0.999786
1	361	265	0.999789
0	289	284	0.999831
0	340	339	0.999801
0	357	341	0.999791
1	304	226	0.999822
0	336	316	0.999803
1	276	231	0.999838
0	344	323	0.999798
0	303	298	0.999822
0	308	294	0.999819
0	313	266	0.999816
1	119	100	0.99993
0	287	275	0.999831
1	241	182	0.999858
1	139	115	0.999918
1	261	215	0.999846
1	342	284	0.999798
0	242	236	0.999857
0	318	278	0.999812
0	328	310	0.999806
1	142	105	0.999916
1	98	71	0.999942
1	145	119	0.999914
1	322	267	0.999809
0	236	225	0.99986
1	236	192	0.99986
1	64	51	0.999962
1	352	271	0.999791
1	244	182	0.999855
0	111	110	0.999934
1	228	174	0.999864
1	196	135	0.999883
1	67	54	0.99996
0	97	86	0.999942
0	219	193	0.999869
0	336	304	0.999799
1	349	262	0.999791
1	354	247	0.999788
1	307	212	0.999816
1	291	234	0.999825
1	291	212	0.999825
1	93	76	0.999944
0	323	287	0.999805
0	255	252	0.999846
1	349	253	0.999789
1	329	276	0.999801
1	304	230	0.999816
0	226	211	0.999863
0	320	307	0.999806
1	323	229	0.999804
1	288	214	0.999825
1	334	261	0.999797
1	97	71	0.999941
1	143	105	0.999913
1	333	277	0.999797
0	190	170	0.999884
0	306	285	0.999813
0	178	158	0.999891
0	209	202	0.999872
1	240	197	0.999853
1	310	230	0.99981
0	176	166	0.999892
1	233	178	0.999857
1	347	238	0.999787
0	252	250	0.999845
0	65	58	0.99996
0	294	253	0.999819
0	343	321	0.999788
1	330	250	0.999796
1	186	145	0.999885
0	323	288	0.9998
1	281	203	0.999826
1	295	209	0.999817
1	306	218	0.99981
0	248	228	0.999846
1	280	227	0.999826
1	325	242	0.999798
0	336	303	0.999791
0	106	101	0.999934
1	77	63	0.999952
0	316	304	0.999803
0	314	285	0.999804
1	213	148	0.999867
1	285	208	0.999822
0	307	277	0.999808
0	326	279	0.999796
0	150	132	0.999906
0	277	236	0.999826
0	312	265	0.999804
0	302	287	0.99981
0	173	152	0.999891
1	130	98	0.999918
1	217	181	0.999863
0	166	146	0.999895
1	275	215	0.999826
0	210	199	0.999867
1	63	49	0.99996
1	315	234	0.9998
1	233	186	0.999852
1	307	229	0.999805
1	132	106	0.999916
0	278	268	0.999823
1	190	142	0.999879
1	69	55	0.999956
1	152	105	0.999903
1	166	119	0.999894
1	233	193	0.999851
1	300	220	0.999808
0	337	306	0.999784
0	319	296	0.999795
0	210	197	0.999865
0	241	228	0.999845
0	230	207	0.999852
0	59	56	0.999962
0	293	247	0.999811
0	79	77	0.999949
0	299	272	0.999807
1	127	92	0.999918
1	302	234	0.999805
1	288	240	0.999814
0	147	144	0.999905
0	210	208	0.999864
1	236	189	0.999847
1	327	246	0.999788
0	111	108	0.999928
0	168	158	0.999891
1	171	135	0.999889
0	134	120	0.999913
0	291	264	0.999811
0	214	207	0.999861
1	311	256	0.999798
1	331	273	0.999785
0	297	266	0.999807
1	320	228	0.999792
0	243	240	0.999842
1	272	201	0.999823
1	258	177	0.999832
0	152	128	0.999901
0	198	189	0.999871
1	293	209	0.999809
1	308	213	0.999799
0	193	165	0.999874
0	237	229	0.999845
0	266	250	0.999826
1	298	242	0.999805
0	281	266	0.999816
1	200	161	0.999869
0	236	230	0.999845
0	204	202	0.999866
1	164	133	0.999892
1	85	69	0.999944
0	182	153	0.99988
1	282	234	0.999814
1	162	123	0.999893
0	307	300	0.999797
1	290	220	0.999808
0	255	226	0.999831
1	107	86	0.999929
1	232	160	0.999846
0	239	212	0.999841
0	305	275	0.999797
1	72	59	0.999952
1	81	57	0.999946
0	261	237	0.999826
1	292	239	0.999805
1	250	176	0.999833
0	302	292	0.999798
0	263	223	0.999824
1	263	186	0.999824
1	248	187	0.999834
1	197	163	0.999868
1	284	223	0.999809
1	104	77	0.99993
1	261	198	0.999824
1	283	204	0.999809
1	194	158	0.999869
0	188	167	0.999873
1	204	152	0.999862
1	205	155	0.999861
1	283	200	0.999808
0	281	247	0.999809
1	275	225	0.999813
0	222	195	0.999849
0	213	208	0.999855
0	304	292	0.999793
0	157	146	0.999893
1	107	74	0.999927
1	186	136	0.999873
1	205	171	0.99986
0	297	258	0.999797
0	237	235	0.999838
0	136	116	0.999907
0	272	250	0.999814
1	168	133	0.999885
1	248	171	0.99983
1	105	73	0.999928
0	245	205	0.999832
1	315	229	0.999784
1	239	177	0.999836
0	230	214	0.999842
0	192	190	0.999868
0	141	123	0.999903
1	125	103	0.999914
0	244	208	0.999832
1	270	189	0.999814
0	148	139	0.999898
1	219	176	0.999849
1	216	156	0.999851
0	278	234	0.999808
1	285	201	0.999803
0	240	218	0.999834
0	146	144	0.999899
1	172	136	0.999881
0	228	212	0.999842
0	173	168	0.99988
0	285	280	0.999802
0	187	172	0.99987
1	66	49	0.999954
1	165	135	0.999885
1	304	224	0.999788
0	159	142	0.999889
0	219	207	0.999847
0	256	227	0.999821
1	153	118	0.999893
0	253	235	0.999823
0	124	122	0.999913
0	148	132	0.999896
1	276	213	0.999806
0	189	165	0.999867
0	297	282	0.999791
1	281	226	0.999802
0	215	189	0.999848
1	260	212	0.999816
0	62	56	0.999956
1	124	93	0.999912
0	290	258	0.999794
0	149	129	0.999894
0	66	63	0.999953
1	219	161	0.999844
1	289	205	0.999794
0	303	267	0.999784
1	248	203	0.999823
1	119	90	0.999915
0	175	154	0.999875
0	260	225	0.999814
0	95	83	0.999932
0	148	135	0.999894
1	240	168	0.999828
0	106	98	0.999924
1	251	183	0.99982
1	138	98	0.999901
0	85	80	0.999939
1	291	202	0.999791
0	295	278	0.999788
0	285	281	0.999795
1	261	199	0.999812
0	191	174	0.999862
0	137	136	0.999901
0	101	99	0.999927
0	268	249	0.999806
1	276	228	0.9998
0	218	197	0.999842
0	211	206	0.999847
0	277	258	0.999799
1	124	92	0.99991
1	230	164	0.999833
0	293	252	0.999787
0	239	236	0.999826
1	280	228	0.999796
1	155	113	0.999887
1	152	108	0.999889
1	215	171	0.999843
1	150	108	0.99989
1	151	120	0.999889
0	68	57	0.99995
1	204	142	0.99985
0	201	175	0.999852
1	198	159	0.999854
1	160	118	0.999882
0	65	60	0.999952
1	272	205	0.999799
0	184	161	0.999864
0	96	81	0.999929
1	250	185	0.999815
0	120	115	0.999911
0	240	229	0.999822
0	182	172	0.999865
0	226	224	0.999832
0	230	224	0.999829
1	137	106	0.999898
1	94	78	0.99993
1	185	153	0.999862
0	225	214	0.999832
0	241	240	0.99982
0	179	178	0.999866
1	120	97	0.99991
0	120	112	0.99991
0	196	167	0.999853
0	200	169	0.99985
0	208	202	0.999844
0	216	192	0.999838
1	225	179	0.999831
0	246	242	0.999815
1	134	93	0.999899
0	281	242	0.999788
1	271	209	0.999795
1	152	121	0.999885
1	173	123	0.999869
0	128	112	0.999903
0	174	149	0.999868
0	266	263	0.999798
1	283	210	0.999785
1	246	172	0.999813
0	159	137	0.999879
1	155	121	0.999882
1	191	131	0.999854
0	119	106	0.999909
1	238	190	0.999818
0	230	195	0.999824
1	192	134	0.999853
0	253	250	0.999806
1	267	195	0.999795
0	233	220	0.999821
1	117	95	0.99991
1	117	84	0.99991
0	201	168	0.999845
1	210	162	0.999838
0	228	208	0.999824
0	66	62	0.999949
1	207	162	0.99984
1	213	155	0.999835
1	130	92	0.999899
0	251	224	0.999805
1	148	121	0.999885
0	202	184	0.999843
1	256	192	0.999801
1	63	52	0.999951
0	171	159	0.999867
0	203	201	0.999842
0	118	103	0.999908
1	168	133	0.999869
0	248	244	0.999806
0	231	222	0.999819
0	270	251	0.999788
0	177	160	0.999861
1	229	164	0.99982
0	201	199	0.999842
0	180	172	0.999858
1	167	130	0.999868
0	134	118	0.999894
1	96	74	0.999924
0	120	108	0.999905
0	101	91	0.99992
0	92	77	0.999927
1	171	131	0.999864
1	269	209	0.999786
0	142	128	0.999887
0	113	110	0.99991
0	226	224	0.99982
0	212	204	0.999831
0	148	124	0.999882
1	213	173	0.99983
1	179	146	0.999857
1	259	206	0.999793
0	269	243	0.999785
0	55	47	0.999956
1	155	117	0.999876
1	266	208	0.999787
1	256	205	0.999795
0	156	152	0.999875
1	198	140	0.999841
0	188	185	0.999849
0	245	217	0.999803
0	263	242	0.999788
0	233	194	0.999812
1	213	158	0.999828
1	214	165	0.999827
1	115	86	0.999907
0	211	206	0.999829
1	185	136	0.99985
0	90	76	0.999927
0	181	168	0.999853
0	59	53	0.999952
0	189	183	0.999846
0	243	230	0.999802
1	157	119	0.999872
0	192	164	0.999843
0	204	180	0.999833
0	205	189	0.999832
0	222	210	0.999818
0	106	97	0.999913
0	90	87	0.999926
1	180	126	0.999852
0	214	198	0.999824
1	91	74	0.999925
1	92	72	0.999924
1	121	88	0.9999
1	156	123	0.999871
1	185	142	0.999847
0	204	195	0.999831
0	171	151	0.999858
1	255	202	0.999788
0	95	89	0.999921
1	196	139	0.999837
1	137	98	0.999886
1	181	127	0.999849
1	146	101	0.999878
0	183	172	0.999847
0	171	162	0.999857
0	55	54	0.999954
0	257	249	0.999785
0	129	127	0.999892
1	74	61	0.999938
0	149	129	0.999875
1	56	39	0.999953
0	169	150	0.999858
1	253	192	0.999787
0	96	90	0.999919
0	218	206	0.999816
1	122	85	0.999897
1	251	176	0.999788
1	137	100	0.999884
0	203	191	0.999828
1	59	42	0.99995
0	190	180	0.999839
1	237	166	0.999799
0	198	189	0.999832
1	181	140	0.999846
1	170	139	0.999855
1	252	188	0.999785
0	184	172	0.999843
0	240	218	0.999795
0	103	98	0.999912
0	207	190	0.999823
1	181	134	0.999845
0	241	200	0.999793
0	249	242	0.999786
0	57	54	0.999951
1	215	149	0.999815
1	65	52	0.999944
0	210	193	0.999819
0	203	199	0.999825
1	138	106	0.999881
1	205	159	0.999823
1	192	134	0.999834
1	192	141	0.999834
1	126	99	0.999891
0	193	165	0.999833
1	120	87	0.999896
1	240	182	0.999792
1	53	39	0.999954
1	129	96	0.999888
0	231	212	0.999799
0	85	76	0.999926
0	124	108	0.999892
0	163	154	0.999858
1	140	103	0.999878
0	230	224	0.999799
0	152	144	0.999867
0	200	172	0.999825
0	202	183	0.999823
0	219	210	0.999808
0	122	108	0.999893
0	236	215	0.999793
1	230	164	0.999798
0	199	189	0.999825
0	216	190	0.99981
1	100	77	0.999912
0	125	114	0.99989
1	212	160	0.999813
1	85	70	0.999925
0	221	185	0.999805
0	120	108	0.999894
1	234	164	0.999793
0	243	238	0.999785
1	174	127	0.999846
0	244	213	0.999784
1	96	68	0.999915
1	220	182	0.999805
0	141	121	0.999875
1	204	144	0.999819
0	235	227	0.999791
1	200	138	0.999822
1	228	164	0.999797
1	65	48	0.999942
0	140	128	0.999875
1	131	105	0.999883
1	234	172	0.999791
1	234	185	0.999791
0	57	54	0.999949
1	219	180	0.999804
0	58	51	0.999948
0	215	183	0.999807
0	225	224	0.999798
0	217	216	0.999805
1	71	52	0.999936
0	163	156	0.999853
1	165	115	0.999851
1	217	161	0.999804
0	177	167	0.99984
0	151	135	0.999863
0	109	96	0.999901
0	110	106	0.9999
0	231	216	0.99979
0	166	162	0.999849
1	222	161	0.999798
1	147	108	0.999866
1	137	98	0.999875
0	196	179	0.999821
1	150	119	0.999863
1	139	109	0.999873
1	142	113	0.99987
1	216	154	0.999802
1	206	154	0.999811
1	206	147	0.999811
1	184	151	0.999831
1	88	65	0.999919
1	127	91	0.999883
0	140	136	0.999871
0	91	83	0.999916
1	107	79	0.999901
1	230	158	0.999787
1	165	124	0.999847
1	84	60	0.999922
1	141	104	0.999869
1	147	116	0.999863
0	222	217	0.999793
0	128	121	0.99988
0	229	207	0.999785
0	181	172	0.99983
1	150	105	0.999859
1	119	93	0.999888
0	128	117	0.999879
0	207	196	0.999804
1	170	132	0.999839
0	152	151	0.999856
1	116	84	0.99989
0	137	123	0.99987
0	215	197	0.999796
0	217	198	0.999794
1	162	120	0.999846
1	193	159	0.999816
1	151	116	0.999856
1	222	172	0.999788
0	223	219	0.999787
1	137	109	0.999869
0	184	158	0.999824
0	145	124	0.999861
1	181	128	0.999826
1	158	127	0.999848
0	207	176	0.9998
1	157	108	0.999848
1	164	128	0.999841
1	132	108	0.999872
1	132	108	0.999872
0	67	60	0.999935
1	148	116	0.999856
1	116	82	0.999887
1	162	129	0.999842
0	207	188	0.999798
1	96	69	0.999906
1	195	159	0.999809
0	105	101	0.999897
1	173	127	0.99983
1	199	159	0.999804
0	149	146	0.999853
0	150	141	0.999852
1	178	139	0.999824
0	185	166	0.999817
1	195	154	0.999807
0	101	93	0.9999
0	120	116	0.999881
0	126	111	0.999875
0	131	111	0.99987
0	135	123	0.999866
0	157	132	0.999844
1	158	128	0.999843
1	161	113	0.99984
0	161	143	0.99984
1	161	126	0.99984
1	166	134	0.999835
0	75	70	0.999925
0	124	115	0.999876
0	169	159	0.999831
0	194	189	0.999805
1	187	130	0.999812
0	130	111	0.999869
1	121	91	0.999878
1	195	157	0.999803
1	185	137	0.999813
0	171	160	0.999827
0	133	113	0.999865
0	63	58	0.999936
1	122	96	0.999876
0	55	47	0.999944
0	97	85	0.999901
0	192	189	0.999804
0	142	134	0.999855
0	125	123	0.999872
0	118	114	0.999879
0	115	113	0.999882
0	167	164	0.999828
0	184	159	0.99981
0	183	155	0.999811
1	121	98	0.999875
0	208	185	0.999785
0	117	102	0.999879
0	172	158	0.999822
0	184	176	0.999809
0	208	178	0.999784
1	154	109	0.99984
0	101	85	0.999895
0	161	139	0.999832
1	91	70	0.999905
1	91	66	0.999905
0	205	198	0.999786
1	179	137	0.999813
1	173	121	0.999819
0	105	100	0.99989
0	167	147	0.999825
1	94	66	0.999901
0	129	118	0.999864
1	128	97	0.999865
1	178	125	0.999812
1	155	116	0.999836
0	172	161	0.999818
0	67	56	0.999929
1	200	146	0.999788
0	124	119	0.999868
1	137	98	0.999854
0	105	96	0.999888
1	191	143	0.999796
0	167	166	0.999821
1	125	93	0.999866
0	142	130	0.999847
0	127	121	0.999863
0	190	163	0.999795
1	74	60	0.99992
0	122	107	0.999868
1	146	111	0.999842
1	127	97	0.999862
0	69	67	0.999925
1	67	47	0.999927
1	161	122	0.999824
0	150	125	0.999836
1	153	125	0.999832
0	193	189	0.999788
0	137	125	0.999849
0	58	49	0.999936
0	124	116	0.999863
1	186	137	0.999794
0	65	62	0.999928
1	186	129	0.999793
1	173	127	0.999807
1	112	83	0.999875
1	128	94	0.999857
0	145	132	0.999838
0	152	148	0.99983
0	101	88	0.999887
1	75	52	0.999916
1	133	107	0.999851
0	74	71	0.999917
0	130	114	0.999854
1	80	55	0.99991
0	184	153	0.999793
0	117	100	0.999868
1	109	85	0.999877
0	101	90	0.999886
0	108	95	0.999878
0	115	100	0.99987
0	183	160	0.999793
1	52	37	0.999941
0	179	161	0.999795
1	158	125	0.999819
0	166	159	0.999809
0	185	158	0.999787
0	91	81	0.999895
1	129	104	0.999851
0	160	137	0.999815
0	119	118	0.999862
0	50	47	0.999942
1	117	87	0.999864
0	172	147	0.9998
0	66	59	0.999923
0	107	89	0.999875
1	107	81	0.999875
0	148	146	0.999827
0	86	74	0.999899
0	55	51	0.999935
0	181	155	0.999786
1	168	134	0.999801
0	119	110	0.999859
1	91	64	0.999892
1	170	129	0.999798
0	153	152	0.999818
1	121	86	0.999856
0	93	91	0.999889
1	129	92	0.999846
0	170	140	0.999797
1	101	73	0.999879
0	110	99	0.999868
1	110	77	0.999868
0	130	124	0.999844
0	158	155	0.99981
0	133	113	0.99984
1	156	108	0.999812
0	91	83	0.99989
1	123	100	0.999851
0	176	163	0.999785
1	81	65	0.999901
0	130	121	0.999841
1	129	96	0.999842
0	105	94	0.999871
1	140	106	0.999828
0	154	132	0.999809
0	129	126	0.99984
1	57	45	0.999929
0	157	134	0.999804
1	92	75	0.999885
0	138	114	0.999827
1	141	102	0.999823
0	168	151	0.999789
1	116	95	0.999854
0	143	122	0.99982
0	150	137	0.999811
0	146	133	0.999816
1	153	125	0.999806
1	130	98	0.999835
0	129	119	0.999836
0	158	135	0.999799
0	61	51	0.999922
1	61	47	0.999922
1	165	128	0.999789
1	154	108	0.999803
1	93	72	0.999881
1	146	117	0.999813
0	60	54	0.999923
1	88	64	0.999887
0	144	123	0.999815
0	168	155	0.999784
0	146	143	0.999812
1	66	52	0.999915
1	156	107	0.999799
1	83	59	0.999893
1	76	53	0.999902
0	117	98	0.999849
0	89	77	0.999885
0	126	120	0.999837
0	143	118	0.999815
0	61	52	0.999921
0	161	133	0.999791
0	164	145	0.999787
1	83	66	0.999892
0	63	58	0.999918
1	157	125	0.999795
1	122	87	0.99984
1	83	64	0.999891
1	118	83	0.999845
1	111	85	0.999854
0	133	120	0.999825
0	107	91	0.999859
1	141	112	0.999814
0	141	134	0.999814
0	141	138	0.999814
1	115	90	0.999848
0	86	71	0.999886
1	89	71	0.999882
0	138	135	0.999817
1	64	50	0.999915
1	106	83	0.999859
1	121	93	0.999839
0	133	110	0.999823
1	154	112	0.999795
1	51	36	0.999932
1	141	113	0.999812
1	125	92	0.999833
1	107	84	0.999857
0	89	79	0.999881
1	67	52	0.99991
0	131	109	0.999824
1	154	110	0.999793
0	147	146	0.999802
1	114	87	0.999846
1	122	97	0.999835
1	139	107	0.999812
0	76	67	0.999897
1	84	63	0.999886
1	120	96	0.999837
1	139	99	0.999811
0	146	142	0.9998
0	143	129	0.999804
0	156	139	0.999786
1	104	83	0.999857
1	146	101	0.999799
0	148	138	0.999796
0	145	128	0.9998
1	110	76	0.999848
0	122	119	0.999831
0	70	65	0.999903
1	140	96	0.999806
0	124	117	0.999828
1	116	80	0.999839
1	154	113	0.999786
0	136	124	0.999811
0	123	110	0.999829
0	128	110	0.999822
0	79	75	0.99989
0	154	138	0.999785
0	113	106	0.999842
0	50	45	0.99993
0	80	66	0.999888
0	122	108	0.999829
1	116	87	0.999837
0	69	68	0.999903
0	101	98	0.999858
1	76	57	0.999893
0	100	98	0.999859
0	118	108	0.999833
1	74	55	0.999895
0	152	135	0.999784
1	106	76	0.999849
1	61	45	0.999913
0	96	79	0.999863
1	124	101	0.999822
0	109	98	0.999843
1	136	101	0.999804
1	145	107	0.999791
1	145	112	0.999791
0	52	45	0.999925
1	90	68	0.99987
1	119	88	0.999828
1	56	41	0.999919
0	129	114	0.999813
0	51	50	0.999926
1	133	98	0.999807
0	124	112	0.99982
1	97	74	0.999859
1	108	82	0.999843
0	127	106	0.999815
1	142	115	0.999793
1	131	90	0.999809
1	87	65	0.999873
1	128	90	0.999813
0	100	86	0.999853
0	70	67	0.999896
1	127	91	0.999811
0	88	78	0.999869
1	73	55	0.999891
1	129	89	0.999807
1	60	49	0.99991
0	72	61	0.999892
0	76	71	0.999886
0	110	106	0.999835
0	117	97	0.999824
0	89	74	0.999865
1	108	83	0.999836
1	82	65	0.999875
1	77	60	0.999882
1	73	57	0.999888
0	136	130	0.999791
0	118	103	0.999817
0	103	97	0.99984
1	126	90	0.999804
1	122	95	0.99981
0	109	90	0.99983
0	132	111	0.999794
0	119	110	0.999814
1	71	54	0.999889
1	88	61	0.999862
1	114	92	0.999821
0	89	75	0.99986
1	106	76	0.999833
0	52	49	0.999918
1	119	95	0.999812
0	82	81	0.99987
1	102	75	0.999838
0	88	83	0.99986
1	118	95	0.999812
1	132	95	0.999789
1	96	66	0.999846
0	121	107	0.999805
1	115	91	0.999814
0	63	57	0.999898
1	84	61	0.999864
0	121	117	0.999804
0	74	69	0.99988
0	123	104	0.9998
1	87	65	0.999858
0	55	48	0.99991
0	69	65	0.999887
0	92	89	0.999848
0	52	50	0.999914
0	110	96	0.999818
0	120	119	0.999801
0	121	107	0.999799
0	86	76	0.999857
1	72	51	0.99988
0	110	97	0.999816
0	101	83	0.999831
0	115	98	0.999807
1	97	69	0.999837
1	101	78	0.99983
0	79	71	0.999866
1	123	96	0.999791
0	94	79	0.99984
1	84	61	0.999857
0	111	107	0.999811
0	115	102	0.999804
1	92	70	0.999843
1	87	71	0.999851
1	94	67	0.999839
0	105	93	0.99982
0	109	90	0.999813
0	117	98	0.999798
1	66	47	0.999886
1	110	80	0.99981
0	89	76	0.999846
1	50	40	0.999913
1	105	80	0.999817
1	91	65	0.999841
0	123	101	0.999785
0	56	46	0.999902
1	101	73	0.999823
0	93	88	0.999837
0	73	72	0.999872
0	106	90	0.999814
0	91	86	0.999839
1	110	86	0.999804
1	102	71	0.999818
0	65	62	0.999883
0	115	109	0.999792
0	99	87	0.99982
0	74	71	0.999865
1	75	61	0.999863
0	59	52	0.999892
1	84	68	0.999846
1	67	50	0.999877
1	106	85	0.999805
0	88	82	0.999838
0	107	90	0.999802
1	102	77	0.99981
0	58	48	0.999891
1	100	81	0.999812
1	84	67	0.999841
0	94	77	0.999822
1	81	61	0.999846
0	81	68	0.999846
1	71	57	0.999864
0	101	100	0.999806
1	99	72	0.999809
0	72	66	0.999861
0	92	80	0.999822
1	67	49	0.99987
0	53	46	0.999897
0	57	49	0.999889
1	109	77	0.999787
0	101	88	0.999802
1	107	87	0.999788
0	72	61	0.999857
0	83	69	0.999835
0	93	90	0.999815
0	97	84	0.999807
1	101	75	0.999798
1	70	53	0.999859
0	59	57	0.99988
0	82	75	0.999833
0	86	78	0.999824
1	61	42	0.999875
0	61	55	0.999875
0	60	52	0.999877
0	96	94	0.999803
0	53	45	0.999891
1	88	70	0.999819
0	91	88	0.99981
1	97	72	0.999796
0	54	47	0.999886
0	85	75	0.999819
0	92	76	0.999804
1	101	75	0.999784
0	58	54	0.999875
1	69	52	0.999851
1	91	68	0.999803
0	66	63	0.999857
0	82	73	0.999821
1	95	72	0.99979
0	59	51	0.999869
0	94	84	0.999789
0	63	59	0.999858
1	63	45	0.999858
1	76	53	0.999828
0	82	76	0.999814
0	89	79	0.999798
1	89	67	0.999798
1	80	64	0.999817
0	76	75	0.999826
0	89	80	0.999795
0	83	82	0.999807
1	91	66	0.999788
0	66	63	0.999846
0	81	74	0.999811
1	71	51	0.999834
0	76	73	0.999822
1	54	42	0.999873
0	75	69	0.999823
0	66	54	0.999844
1	90	67	0.999787
0	70	67	0.999834
0	75	72	0.999822
1	53	40	0.999874
1	81	58	0.999806
0	82	79	0.999803
1	82	61	0.999803
0	77	65	0.999815
1	62	45	0.999851
0	56	54	0.999865
1	75	53	0.999818
1	77	57	0.999813
0	77	69	0.999812
0	70	67	0.999827
1	76	54	0.999812
0	63	52	0.999844
1	52	39	0.999871
0	64	56	0.999841
0	54	51	0.999865
1	78	59	0.999805
0	82	68	0.999795
1	57	40	0.999857
1	56	40	0.999859
1	74	53	0.999813
1	58	41	0.999852
1	51	37	0.999868
0	58	48	0.999849
0	81	79	0.999789
0	55	48	0.999856
0	76	64	0.999801
0	80	70	0.999788
0	61	50	0.999838
0	67	58	0.999822
1	79	62	0.99979
0	72	71	0.999808
0	55	48	0.999853
1	55	43	0.999852
1	59	45	0.999841
0	78	72	0.999789
1	55	42	0.999851
1	76	58	0.99979
1	78	60	0.999784
0	63	52	0.999825
1	68	47	0.999811
0	56	54	0.999843
0	62	57	0.999826
1	52	42	0.999854
0	59	51	0.999834
1	62	49	0.999825
0	63	57	0.999822
0	72	65	0.999796
0	64	58	0.999817
0	64	55	0.999817
0	50	46	0.999857
1	73	54	0.999791
1	66	53	0.999811
1	60	45	0.999828
1	53	37	0.999847
0	55	54	0.999841
0	69	64	0.9998
0	52	47	0.999849
1	63	47	0.999811
1	70	50	0.99979
1	67	53	0.999797
0	65	54	0.9998
1	54	41	0.999833
0	62	61	0.999808
1	59	48	0.999817
0	66	62	0.999795
0	58	51	0.999819
0	57	50	0.999817
1	52	41	0.999833
1	54	43	0.999823
0	56	52	0.999816
0	55	46	0.999818
0	60	59	0.999801
0	57	52	0.999809
0	58	54	0.999804
0	52	44	0.999824
0	56	51	0.999809
1	60	46	0.999793
0	60	51	0.999788
0	54	46	0.999809
1	54	39	0.999806
1	57	46	0.999791
1	54	43	0.999796
1	50	37	0.999805
1	54	43	0.999787
0	51	43	0.999797
1	52	41	0.999792
0	53	51	0.999788
