168555
5.18641
4500
1	460	365	1
1	278	232	1
1	460	324	1
1	293	259	1
1	423	273	1
1	498	359	0.999999
1	479	323	0.999999
1	476	331	0.999999
1	448	390	0.999999
1	413	372	0.999999
1	408	319	0.999999
1	405	320	0.999999
1	405	397	0.999999
1	404	403	0.999999
1	386	357	0.999999
1	347	292	0.999999
1	347	336	0.999999
1	308	237	0.999999
1	298	190	0.999999
1	297	291	0.999999
1	289	269	0.999999
1	241	187	0.999999
1	477	322	0.999998
1	474	353	0.999998
1	222	175	0.999999
1	221	127	0.999999
1	200	195	0.999999
1	400	266	0.999998
1	398	243	0.999998
1	380	273	0.999998
1	185	135	0.999999
1	369	329	0.999998
1	184	182	0.999999
1	171	136	0.999999
1	332	207	0.999998
1	478	440	0.999997
1	156	135	0.999999
1	306	201	0.999998
1	290	283	0.999998
1	420	257	0.999997
1	122	93	0.999999
1	365	271	0.999997
1	356	327	0.999997
1	460	445	0.999996
1	460	337	0.999996
1	114	91	0.999999
1	226	213	0.999998
1	444	319	0.999996
1	106	98	0.999999
1	415	284	0.999996
1	410	319	0.999996
1	300	289	0.999997
1	497	391	0.999995
1	396	230	0.999996
1	396	251	0.999996
1	179	144	0.999998
1	179	173	0.999998
1	263	206	0.999997
1	436	359	0.999995
1	348	231	0.999996
1	430	373	0.999995
1	343	321	0.999996
1	499	394	0.999994
1	246	165	0.999997
1	326	271	0.999996
1	237	223	0.999997
1	474	340	0.999994
1	309	177	0.999996
1	383	369	0.999995
1	302	193	0.999996
1	287	268	0.999996
1	281	170	0.999996
1	350	303	0.999995
1	486	439	0.999993
1	347	322	0.999995
1	275	235	0.999996
1	273	253	0.999996
1	199	159	0.999997
1	128	97	0.999998
1	445	373	0.999993
1	445	288	0.999993
1	252	242	0.999996
1	187	181	0.999997
1	249	165	0.999996
1	248	187	0.999996
1	61	43	0.999999
1	481	360	0.999992
1	359	328	0.999994
1	297	177	0.999995
1	471	276	0.999992
1	407	363	0.999993
1	290	233	0.999995
1	290	255	0.999995
1	435	423	0.999992
1	270	164	0.999995
1	430	292	0.999992
1	320	287	0.999994
1	155	132	0.999997
1	409	262	0.999992
1	50	30	0.999999
1	390	246	0.999992
1	189	107	0.999996
1	184	152	0.999996
1	460	262	0.99999
1	413	289	0.999991
1	136	88	0.999997
1	265	260	0.999994
1	397	304	0.999991
1	441	293	0.99999
1	218	145	0.999995
1	436	284	0.99999
1	261	251	0.999994
1	304	235	0.999993
1	169	164	0.999996
1	338	296	0.999992
1	380	323	0.999991
1	464	444	0.999989
1	253	228	0.999994
1	337	308	0.999992
1	379	313	0.999991
1	209	147	0.999995
1	374	271	0.999991
1	249	148	0.999994
1	412	361	0.99999
1	451	266	0.999989
1	197	162	0.999995
1	153	145	0.999996
1	114	99	0.999997
1	480	453	0.999987
1	331	206	0.999991
1	292	250	0.999992
1	182	128	0.999995
1	434	418	0.999988
1	289	200	0.999992
1	361	276	0.99999
1	397	356	0.999989
1	433	261	0.999988
0	431	427	0.999988
0	213	212	0.999994
0	318	314	0.999991
1	281	176	0.999992
1	421	386	0.999988
1	421	250	0.999988
1	315	187	0.999991
1	349	280	0.99999
1	173	127	0.999995
1	379	324	0.999989
1	482	335	0.999986
1	170	123	0.999995
1	440	298	0.999987
1	472	309	0.999986
1	202	138	0.999994
1	403	262	0.999988
1	268	155	0.999992
1	100	79	0.999997
1	330	225	0.99999
1	461	361	0.999986
1	295	187	0.999991
0	261	258	0.999992
1	421	341	0.999987
0	453	451	0.999986
1	323	246	0.99999
1	385	290	0.999988
0	223	219	0.999993
1	315	193	0.99999
1	346	247	0.999989
1	251	202	0.999992
1	407	269	0.999987
1	406	319	0.999987
1	249	233	0.999992
1	431	323	0.999986
1	123	110	0.999996
1	338	232	0.999989
0	399	392	0.999987
1	427	261	0.999986
1	213	135	0.999993
1	213	132	0.999993
1	121	86	0.999996
1	301	180	0.99999
1	149	131	0.999995
1	268	159	0.999991
1	469	297	0.999984
1	322	234	0.999989
1	263	210	0.999991
1	435	301	0.999985
1	463	311	0.999984
1	490	430	0.999983
1	403	235	0.999986
1	345	266	0.999988
1	429	339	0.999985
1	484	306	0.999983
1	341	329	0.999988
1	85	68	0.999997
1	449	326	0.999984
1	223	138	0.999992
0	304	297	0.999989
1	492	425	0.999982
1	433	409	0.999984
1	81	68	0.999997
1	374	227	0.999986
1	267	204	0.99999
1	106	61	0.999996
1	318	253	0.999988
1	210	143	0.999992
1	315	228	0.999988
1	444	260	0.999983
0	415	407	0.999984
1	181	144	0.999993
1	181	110	0.999993
1	413	343	0.999984
1	386	326	0.999985
1	360	307	0.999986
0	154	150	0.999994
1	102	63	0.999996
1	153	95	0.999994
1	432	342	0.999983
1	202	175	0.999992
1	479	299	0.999981
0	226	220	0.999991
1	173	141	0.999993
1	296	261	0.999988
1	294	261	0.999988
0	333	324	0.999986
1	473	335	0.99998
1	377	276	0.999984
1	468	285	0.99998
1	441	338	0.999981
1	254	149	0.999989
0	484	473	0.999979
1	484	459	0.999979
1	408	361	0.999982
1	430	285	0.999981
1	202	169	0.999991
1	222	189	0.99999
1	288	259	0.999987
1	354	329	0.999984
1	463	262	0.999979
1	198	143	0.999991
0	261	258	0.999988
1	486	380	0.999977
0	84	83	0.999996
0	481	470	0.999977
1	458	378	0.999978
1	207	122	0.99999
1	248	169	0.999988
1	433	245	0.999979
1	82	79	0.999996
1	368	342	0.999982
1	489	358	0.999976
1	244	220	0.999988
1	446	420	0.999978
1	405	235	0.99998
1	302	181	0.999985
1	302	185	0.999985
1	321	229	0.999984
1	499	344	0.999975
1	498	334	0.999975
1	438	313	0.999978
1	358	249	0.999982
1	497	283	0.999975
1	437	293	0.999978
1	99	68	0.999995
1	216	196	0.999989
1	353	229	0.999982
1	293	226	0.999985
1	78	55	0.999996
1	253	205	0.999987
1	97	78	0.999995
1	248	199	0.999987
1	494	400	0.999974
1	302	229	0.999984
1	339	208	0.999982
1	300	182	0.999984
1	262	238	0.999986
1	336	196	0.999982
1	410	250	0.999978
1	483	372	0.999974
1	259	232	0.999986
1	407	327	0.999978
1	406	269	0.999978
1	495	461	0.999973
1	109	74	0.999994
1	378	343	0.999979
1	500	430	0.999972
1	463	278	0.999974
0	389	380	0.999978
1	370	348	0.999979
1	472	431	0.999973
1	314	284	0.999982
1	348	220	0.99998
1	416	330	0.999976
1	363	322	0.999979
1	484	437	0.999972
0	310	304	0.999982
1	396	284	0.999977
1	446	395	0.999974
1	496	450	0.999971
1	256	172	0.999985
1	339	290	0.99998
1	305	228	0.999982
1	220	148	0.999987
1	321	230	0.999981
1	285	248	0.999983
1	469	438	0.999972
1	351	200	0.999979
1	434	408	0.999974
1	183	108	0.999989
1	481	297	0.999971
1	265	161	0.999984
1	313	273	0.999981
1	247	180	0.999985
1	263	206	0.999984
1	229	173	0.999986
1	212	152	0.999987
1	244	162	0.999985
1	439	338	0.999973
1	81	48	0.999995
1	226	143	0.999986
1	370	257	0.999977
1	416	381	0.999974
1	366	308	0.999977
1	334	245	0.999979
1	461	288	0.999971
1	286	225	0.999982
1	174	120	0.999989
1	439	357	0.999972
1	422	318	0.999973
1	343	300	0.999978
1	93	58	0.999994
1	309	239	0.99998
1	231	182	0.999985
1	379	306	0.999975
1	288	250	0.999981
0	377	370	0.999975
1	466	324	0.999969
1	344	236	0.999977
1	284	195	0.999981
1	209	185	0.999986
1	415	368	0.999972
1	428	389	0.999971
1	295	230	0.99998
1	442	344	0.99997
1	265	172	0.999982
1	469	353	0.999968
1	337	194	0.999977
1	190	123	0.999987
0	219	216	0.999985
1	394	340	0.999973
1	434	293	0.99997
1	462	345	0.999968
1	433	313	0.99997
1	259	153	0.999982
1	473	346	0.999967
1	401	260	0.999972
1	358	327	0.999975
1	315	216	0.999978
1	57	53	0.999996
1	326	231	0.999977
1	439	334	0.999969
1	367	271	0.999974
1	395	314	0.999972
1	211	171	0.999985
0	492	471	0.999965
1	112	76	0.999992
1	126	87	0.999991
1	280	223	0.99998
1	390	274	0.999972
1	264	246	0.999981
1	111	68	0.999992
1	330	203	0.999976
0	316	303	0.999977
1	357	284	0.999974
1	178	151	0.999987
1	301	173	0.999978
1	353	308	0.999974
0	242	235	0.999982
0	228	222	0.999983
1	147	113	0.999989
0	267	263	0.99998
1	440	372	0.999967
1	413	236	0.999969
1	93	79	0.999993
0	411	394	0.999969
1	315	297	0.999976
1	380	215	0.999971
1	482	280	0.999963
1	455	409	0.999965
1	376	274	0.999971
1	451	356	0.999965
1	335	204	0.999974
1	412	260	0.999968
1	412	301	0.999968
1	373	275	0.999971
1	256	228	0.99998
1	166	134	0.999987
1	472	405	0.999963
1	153	122	0.999988
1	229	176	0.999982
1	241	189	0.999981
1	265	155	0.999979
1	402	310	0.999968
0	376	368	0.99997
1	363	239	0.999971
1	260	170	0.999979
1	259	179	0.999979
1	492	433	0.99996
1	367	261	0.99997
1	379	270	0.999969
0	330	329	0.999973
1	354	312	0.999971
1	487	408	0.99996
1	340	268	0.999972
1	193	148	0.999984
1	217	129	0.999982
1	229	194	0.999981
0	433	431	0.999964
0	481	461	0.99996
1	492	444	0.999959
1	335	265	0.999972
1	131	112	0.999989
1	403	288	0.999966
1	474	308	0.99996
1	142	120	0.999988
1	271	202	0.999977
1	412	371	0.999965
1	493	412	0.999958
0	374	370	0.999968
1	373	278	0.999968
1	186	108	0.999984
1	452	378	0.999961
1	220	203	0.999981
1	428	261	0.999963
1	416	335	0.999964
1	356	297	0.999969
1	458	426	0.99996
1	366	311	0.999968
1	320	193	0.999972
1	194	140	0.999983
1	319	214	0.999972
1	205	139	0.999982
1	454	357	0.99996
1	272	187	0.999976
1	385	354	0.999966
1	260	203	0.999977
1	237	178	0.999979
1	382	319	0.999966
1	337	241	0.99997
1	337	278	0.99997
1	471	307	0.999958
1	392	362	0.999965
1	436	370	0.999961
1	435	369	0.999961
1	435	358	0.999961
1	89	57	0.999992
1	367	285	0.999967
1	444	251	0.99996
1	487	339	0.999956
1	242	205	0.999978
1	385	249	0.999965
1	251	227	0.999977
1	436	383	0.99996
1	316	229	0.999971
0	185	183	0.999983
1	87	51	0.999992
1	326	187	0.99997
1	358	321	0.999967
1	303	235	0.999972
1	270	203	0.999975
0	291	277	0.999973
1	299	241	0.999972
1	96	56	0.999991
1	346	284	0.999967
1	250	174	0.999976
1	302	268	0.999971
1	302	240	0.999971
1	332	265	0.999968
1	466	397	0.999955
1	371	312	0.999964
1	339	265	0.999967
1	492	355	0.999952
1	338	274	0.999967
1	480	369	0.999953
1	306	272	0.99997
1	459	262	0.999955
1	223	191	0.999978
1	324	256	0.999968
1	405	232	0.99996
1	253	210	0.999975
1	283	204	0.999972
1	404	371	0.99996
1	444	355	0.999956
1	220	136	0.999978
1	400	286	0.99996
1	490	437	0.999951
1	489	401	0.999951
1	219	147	0.999978
1	169	155	0.999983
1	159	119	0.999984
1	396	309	0.99996
1	435	272	0.999956
1	425	381	0.999957
1	207	118	0.999979
1	404	340	0.999959
1	393	328	0.99996
1	304	205	0.999969
1	421	344	0.999957
1	381	221	0.999961
1	214	171	0.999978
0	321	319	0.999967
1	378	332	0.999961
1	116	67	0.999988
0	493	478	0.999949
1	473	271	0.999951
1	135	87	0.999986
1	480	353	0.99995
1	220	205	0.999977
0	162	155	0.999983
0	457	432	0.999952
0	294	281	0.999969
1	104	78	0.999989
1	461	262	0.999951
1	282	228	0.99997
1	178	152	0.999981
1	485	350	0.999948
1	447	394	0.999952
0	456	443	0.999951
1	446	387	0.999952
1	418	268	0.999955
1	297	216	0.999968
1	315	196	0.999966
1	361	240	0.999961
1	359	267	0.999961
0	193	186	0.999979
0	386	360	0.999958
1	496	416	0.999946
0	64	63	0.999993
1	219	170	0.999976
1	465	364	0.999949
0	492	469	0.999946
0	481	465	0.999947
1	263	242	0.999971
1	299	230	0.999967
1	163	139	0.999982
1	162	133	0.999982
1	468	369	0.999948
1	413	383	0.999954
1	404	285	0.999955
1	170	149	0.999981
1	295	269	0.999967
1	356	253	0.99996
1	249	215	0.999972
1	488	337	0.999945
0	434	411	0.999951
1	460	335	0.999948
1	203	144	0.999977
1	396	313	0.999955
1	492	342	0.999944
1	448	340	0.999949
0	359	354	0.999959
1	428	254	0.999951
1	428	298	0.999951
1	296	251	0.999966
1	296	214	0.999966
0	139	137	0.999984
1	494	369	0.999943
1	277	236	0.999968
1	458	370	0.999947
1	302	211	0.999965
1	163	116	0.999981
1	334	234	0.999961
1	428	292	0.99995
1	373	271	0.999956
1	380	236	0.999955
1	481	435	0.999943
1	438	280	0.999948
1	320	238	0.999962
1	429	355	0.999949
1	269	161	0.999968
1	470	427	0.999944
0	394	383	0.999953
0	494	490	0.999941
1	442	357	0.999947
1	275	168	0.999967
1	325	279	0.999961
1	431	346	0.999948
1	488	357	0.999941
0	363	342	0.999956
1	486	423	0.999941
1	263	170	0.999968
1	434	314	0.999947
1	311	269	0.999962
1	139	105	0.999983
1	482	356	0.999941
1	130	80	0.999984
1	455	410	0.999944
1	463	346	0.999943
1	276	178	0.999966
1	146	102	0.999982
0	227	219	0.999972
1	421	254	0.999948
1	356	252	0.999956
0	356	331	0.999956
1	283	211	0.999965
1	315	205	0.999961
1	226	148	0.999972
1	321	240	0.99996
1	385	324	0.999952
1	473	291	0.999941
1	152	110	0.999981
0	168	157	0.999979
1	272	169	0.999966
1	280	159	0.999965
1	471	380	0.999941
1	415	337	0.999948
0	343	328	0.999957
1	303	245	0.999962
1	223	164	0.999972
1	199	120	0.999975
1	373	286	0.999953
0	468	459	0.999941
0	182	168	0.999977
1	371	280	0.999953
1	433	263	0.999945
1	433	248	0.999945
1	416	355	0.999947
0	400	372	0.999949
1	360	321	0.999954
1	133	122	0.999983
0	336	327	0.999957
1	187	172	0.999976
1	374	258	0.999952
1	435	278	0.999944
1	248	152	0.999968
1	271	158	0.999965
1	162	132	0.999979
0	432	424	0.999944
0	445	439	0.999942
1	383	325	0.99995
1	421	263	0.999945
1	84	77	0.999989
1	435	250	0.999943
0	282	270	0.999963
1	434	335	0.999943
1	365	326	0.999952
0	456	440	0.99994
1	319	208	0.999958
0	455	428	0.99994
1	377	276	0.99995
1	240	195	0.999968
0	187	180	0.999975
1	52	46	0.999993
1	356	263	0.999952
1	303	263	0.999959
1	354	257	0.999952
1	435	337	0.999941
1	317	185	0.999957
1	280	158	0.999962
0	500	491	0.999932
1	235	156	0.999968
1	469	413	0.999936
1	315	246	0.999957
1	498	398	0.999932
1	417	357	0.999943
0	307	303	0.999958
1	358	261	0.999951
1	335	259	0.999954
0	414	392	0.999943
1	290	199	0.99996
1	420	312	0.999942
1	231	191	0.999968
1	267	152	0.999963
1	209	122	0.999971
1	259	211	0.999964
1	482	331	0.999933
1	417	345	0.999942
1	381	290	0.999947
1	309	235	0.999957
0	423	398	0.999941
1	480	344	0.999933
1	222	129	0.999969
0	358	331	0.99995
1	143	118	0.99998
1	386	296	0.999946
1	486	290	0.999932
1	478	396	0.999933
0	342	322	0.999952
1	406	266	0.999943
1	356	302	0.99995
1	78	48	0.999989
1	319	256	0.999955
1	375	274	0.999947
1	205	168	0.999971
1	409	323	0.999942
1	457	374	0.999935
1	407	253	0.999942
1	189	119	0.999973
1	392	245	0.999944
1	413	371	0.999941
1	413	370	0.999941
1	412	371	0.999941
1	307	177	0.999956
1	423	327	0.999939
0	388	362	0.999944
1	381	269	0.999945
1	180	132	0.999974
1	443	320	0.999936
1	353	258	0.999949
0	339	315	0.999951
1	435	284	0.999937
0	248	240	0.999964
1	467	328	0.999932
1	349	279	0.999949
1	479	431	0.99993
0	444	426	0.999935
1	396	296	0.999942
1	463	416	0.999932
1	489	390	0.999928
1	95	64	0.999986
1	413	374	0.999939
1	270	224	0.99996
1	376	220	0.999944
1	369	328	0.999945
0	435	425	0.999935
0	281	274	0.999958
1	474	398	0.999929
1	260	162	0.999961
1	326	272	0.999951
0	226	213	0.999966
1	199	173	0.99997
1	391	283	0.999941
0	225	222	0.999966
1	483	372	0.999927
1	443	343	0.999933
1	390	304	0.999941
1	414	291	0.999937
1	486	439	0.999926
1	472	362	0.999928
1	452	370	0.999931
1	85	68	0.999987
1	307	235	0.999953
1	215	177	0.999967
1	78	67	0.999988
1	364	290	0.999944
1	416	312	0.999936
1	253	225	0.999961
1	479	270	0.999926
1	317	193	0.999951
1	174	125	0.999973
0	322	321	0.99995
1	238	143	0.999963
1	244	185	0.999962
1	462	291	0.999928
1	494	320	0.999923
1	282	183	0.999956
1	333	262	0.999948
1	160	91	0.999975
1	256	206	0.99996
1	300	266	0.999953
1	51	29	0.999992
1	223	169	0.999965
1	172	139	0.999973
0	433	394	0.999932
0	280	278	0.999956
0	375	360	0.999941
1	254	176	0.99996
1	463	347	0.999927
1	482	413	0.999924
1	468	419	0.999926
1	177	156	0.999972
1	354	280	0.999944
1	297	229	0.999953
0	486	469	0.999923
1	208	180	0.999967
1	126	92	0.99998
1	214	175	0.999966
0	472	446	0.999925
0	396	371	0.999937
0	484	446	0.999923
1	138	78	0.999978
1	301	225	0.999952
1	488	286	0.999922
0	487	476	0.999922
1	462	413	0.999926
1	387	313	0.999938
0	106	100	0.999983
0	424	393	0.999932
1	436	313	0.99993
1	473	405	0.999924
1	323	254	0.999948
1	441	373	0.999929
0	484	477	0.999922
1	273	201	0.999956
1	273	200	0.999956
0	353	339	0.999943
1	483	432	0.999922
1	458	382	0.999926
1	377	266	0.999939
1	488	326	0.999921
1	420	250	0.999932
1	407	306	0.999934
1	302	220	0.999951
0	474	450	0.999923
1	480	393	0.999922
0	209	201	0.999966
1	220	170	0.999964
1	275	221	0.999955
1	336	235	0.999945
1	476	306	0.999922
0	444	413	0.999927
1	152	137	0.999975
1	315	215	0.999948
0	266	244	0.999956
1	296	256	0.999951
1	350	279	0.999942
1	356	227	0.999941
0	295	291	0.999951
1	379	268	0.999937
1	276	168	0.999954
1	479	383	0.99992
1	449	308	0.999925
1	425	279	0.999929
0	335	308	0.999944
1	412	265	0.999931
0	322	318	0.999946
1	298	170	0.99995
1	375	260	0.999937
1	487	349	0.999918
1	184	122	0.999969
0	178	169	0.99997
1	249	192	0.999958
1	409	298	0.999931
0	237	226	0.99996
1	432	339	0.999927
0	71	64	0.999988
1	207	128	0.999965
1	65	45	0.999989
0	384	377	0.999935
1	348	284	0.999941
1	253	199	0.999957
1	176	144	0.99997
1	352	306	0.99994
0	129	128	0.999978
1	328	280	0.999944
1	491	290	0.999916
1	251	166	0.999957
1	321	235	0.999945
1	175	150	0.99997
1	350	278	0.99994
1	192	116	0.999967
1	442	277	0.999924
1	354	243	0.999939
1	412	235	0.999929
1	492	383	0.999915
1	382	338	0.999934
1	81	52	0.999986
0	208	195	0.999964
1	260	207	0.999955
1	479	319	0.999917
0	479	453	0.999917
1	294	187	0.999949
1	490	396	0.999915
1	311	207	0.999946
1	476	292	0.999917
1	189	165	0.999967
1	394	291	0.999931
1	371	313	0.999935
0	348	327	0.999939
0	57	53	0.99999
1	74	43	0.999987
1	108	96	0.999981
0	466	462	0.999918
1	500	289	0.999912
0	460	439	0.999919
0	329	322	0.999942
0	51	48	0.999991
1	487	412	0.999914
1	481	351	0.999915
1	492	364	0.999913
0	147	135	0.999974
1	322	190	0.999943
1	446	350	0.999921
1	333	195	0.999941
1	237	180	0.999958
1	388	297	0.999931
1	219	142	0.999961
1	499	380	0.999911
1	229	201	0.999959
1	363	309	0.999935
1	212	154	0.999962
0	178	161	0.999968
1	267	230	0.999952
1	467	356	0.999916
1	250	152	0.999955
1	194	146	0.999965
1	232	134	0.999958
1	370	232	0.999933
1	480	392	0.999913
0	468	440	0.999915
1	385	302	0.99993
0	428	410	0.999922
1	307	251	0.999944
1	422	294	0.999923
0	252	250	0.999954
1	493	327	0.99991
1	104	83	0.999981
1	405	274	0.999926
1	432	370	0.999921
1	267	212	0.999951
1	484	351	0.999911
1	489	402	0.99991
0	152	146	0.999972
1	380	230	0.99993
1	422	356	0.999922
1	254	192	0.999953
1	189	138	0.999965
1	378	260	0.99993
1	340	268	0.999937
1	313	203	0.999942
1	329	205	0.999939
1	399	333	0.999926
1	496	416	0.999908
1	317	234	0.999941
1	472	373	0.999912
0	327	307	0.999939
1	134	116	0.999975
1	498	387	0.999907
1	310	270	0.999942
1	469	278	0.999912
1	479	284	0.99991
1	447	306	0.999916
0	468	450	0.999912
1	372	323	0.99993
1	340	215	0.999936
1	154	126	0.999971
1	308	193	0.999942
1	244	140	0.999954
1	371	213	0.99993
1	461	299	0.999913
0	492	490	0.999907
1	227	194	0.999957
1	116	103	0.999978
1	295	186	0.999944
0	453	415	0.999914
0	395	352	0.999925
0	495	445	0.999906
0	300	286	0.999943
1	321	274	0.999939
1	467	314	0.999911
1	346	200	0.999934
0	351	321	0.999933
1	387	306	0.999926
1	470	359	0.99991
1	355	256	0.999932
0	313	312	0.99994
1	292	231	0.999944
1	250	218	0.999952
0	333	318	0.999936
1	187	117	0.999964
1	436	249	0.999916
1	337	265	0.999935
0	207	190	0.99996
1	382	268	0.999926
0	454	420	0.999912
1	464	301	0.99991
0	474	465	0.999908
1	302	230	0.999941
1	454	398	0.999911
0	270	264	0.999947
0	290	260	0.999943
1	300	209	0.999941
1	274	168	0.999946
0	497	496	0.999902
1	436	260	0.999914
0	359	342	0.999929
0	156	141	0.999969
1	473	280	0.999906
0	216	208	0.999957
0	351	340	0.99993
1	431	365	0.999914
1	265	199	0.999947
0	360	324	0.999928
1	465	276	0.999907
1	489	369	0.999902
1	399	321	0.99992
1	403	262	0.999919
1	194	136	0.999961
0	492	467	0.999901
0	278	250	0.999944
1	496	326	0.9999
0	203	193	0.999959
1	94	53	0.999981
0	366	348	0.999926
1	455	328	0.999908
0	321	285	0.999935
1	434	305	0.999912
1	69	48	0.999986
1	330	219	0.999933
0	462	422	0.999906
1	427	246	0.999913
1	319	232	0.999935
1	358	211	0.999927
1	98	67	0.99998
1	367	321	0.999925
1	391	241	0.99992
1	215	124	0.999956
1	386	250	0.999921
0	380	373	0.999922
0	496	443	0.999898
1	238	183	0.999951
0	471	447	0.999903
1	417	348	0.999914
1	252	204	0.999948
0	145	143	0.99997
1	309	256	0.999936
1	222	139	0.999954
1	458	263	0.999905
1	403	249	0.999916
0	307	304	0.999936
0	230	225	0.999952
0	397	384	0.999917
0	349	310	0.999927
1	258	186	0.999946
1	114	81	0.999976
1	190	148	0.99996
1	304	181	0.999936
1	342	277	0.999928
1	275	183	0.999942
0	474	465	0.9999
1	464	288	0.999902
1	189	108	0.99996
0	401	376	0.999915
1	193	129	0.999959
1	447	277	0.999905
1	207	182	0.999956
1	376	295	0.99992
1	390	304	0.999917
1	357	302	0.999924
1	310	220	0.999934
1	418	270	0.999911
0	474	446	0.999899
1	435	339	0.999907
1	463	349	0.999901
0	196	179	0.999958
1	364	315	0.999922
1	434	330	0.999907
1	191	131	0.999959
1	433	277	0.999907
1	344	245	0.999926
0	488	435	0.999895
1	65	37	0.999986
1	204	155	0.999956
1	329	233	0.999929
1	389	312	0.999916
0	449	423	0.999903
0	407	388	0.999912
1	134	101	0.999971
1	277	228	0.99994
1	498	314	0.999892
1	419	275	0.999909
0	382	377	0.999917
1	497	412	0.999892
1	483	337	0.999895
1	436	298	0.999905
1	390	239	0.999915
1	390	255	0.999915
1	298	221	0.999935
1	353	281	0.999923
1	453	358	0.999901
1	443	358	0.999903
1	278	182	0.999939
1	250	203	0.999945
0	468	461	0.999897
1	336	206	0.999926
1	413	299	0.999909
1	136	84	0.99997
1	122	93	0.999973
0	429	428	0.999905
1	347	268	0.999923
1	324	248	0.999928
1	495	376	0.99989
1	490	374	0.999891
0	193	177	0.999957
1	332	277	0.999926
1	435	294	0.999903
1	399	287	0.999911
1	121	72	0.999973
1	349	288	0.999922
1	237	162	0.999947
1	76	61	0.999983
1	429	322	0.999904
1	446	271	0.9999
1	379	214	0.999915
0	205	181	0.999954
1	383	328	0.999914
1	449	268	0.999899
0	497	486	0.999888
1	461	313	0.999896
1	412	232	0.999907
0	496	469	0.999888
1	446	329	0.999899
1	353	239	0.99992
0	450	445	0.999898
1	141	119	0.999968
1	392	319	0.999911
0	383	346	0.999913
1	470	392	0.999893
1	465	272	0.999894
1	464	399	0.999894
1	499	331	0.999886
0	407	371	0.999907
0	459	429	0.999895
1	354	296	0.999919
1	397	255	0.999909
1	279	239	0.999936
1	292	233	0.999933
0	331	318	0.999924
1	365	306	0.999916
1	491	279	0.999887
1	291	221	0.999933
1	165	123	0.999962
1	473	397	0.999891
1	394	257	0.999909
0	121	111	0.999972
0	419	417	0.999903
0	288	266	0.999933
1	249	202	0.999942
0	382	364	0.999911
1	429	324	0.9999
1	356	218	0.999917
0	321	310	0.999925
0	492	459	0.999885
0	449	435	0.999895
1	423	349	0.999901
1	380	317	0.999911
1	380	296	0.999911
0	196	178	0.999954
0	460	420	0.999892
1	285	190	0.999933
1	391	324	0.999908
1	425	240	0.9999
0	310	289	0.999927
0	467	412	0.99989
1	369	265	0.999913
1	360	265	0.999915
1	491	332	0.999884
0	110	105	0.999974
1	165	134	0.999961
1	359	227	0.999915
1	135	104	0.999968
0	430	401	0.999898
1	375	220	0.999911
1	379	317	0.99991
0	341	308	0.999919
1	303	259	0.999928
1	462	308	0.99989
0	432	385	0.999897
0	436	417	0.999896
1	356	264	0.999915
0	473	465	0.999887
1	456	278	0.999891
1	209	156	0.99995
1	351	269	0.999916
1	334	196	0.99992
1	430	259	0.999897
0	434	406	0.999896
1	196	161	0.999953
1	396	324	0.999905
0	50	46	0.999988
1	50	37	0.999988
0	325	312	0.999922
1	499	395	0.99988
0	79	73	0.999981
1	465	336	0.999888
1	286	222	0.999931
0	116	115	0.999972
1	319	213	0.999923
1	153	121	0.999963
1	289	194	0.99993
1	289	177	0.99993
1	235	197	0.999943
1	437	353	0.999894
1	280	183	0.999932
1	391	270	0.999905
0	288	285	0.99993
0	469	437	0.999886
0	473	416	0.999885
1	370	244	0.99991
1	419	311	0.999898
0	464	421	0.999887
1	197	132	0.999952
1	361	228	0.999912
1	381	318	0.999907
0	401	384	0.999902
0	413	389	0.999899
0	98	94	0.999976
0	147	145	0.999964
0	204	203	0.99995
1	175	100	0.999957
0	240	238	0.999941
0	430	403	0.999894
1	470	403	0.999884
1	316	218	0.999922
1	356	208	0.999912
0	364	334	0.99991
1	279	224	0.999931
0	396	352	0.999902
0	206	196	0.999949
0	105	100	0.999974
1	355	285	0.999912
1	363	254	0.99991
1	371	320	0.999908
1	274	188	0.999932
1	423	243	0.999895
1	145	96	0.999964
1	426	307	0.999894
1	208	125	0.999948
1	388	236	0.999903
1	392	330	0.999902
1	476	402	0.999881
0	295	262	0.999926
0	490	449	0.999877
1	203	160	0.999949
1	406	270	0.999898
1	398	319	0.9999
1	191	115	0.999952
1	306	241	0.999923
1	496	402	0.999875
0	361	325	0.999909
1	471	324	0.999881
1	471	386	0.999881
1	182	118	0.999954
1	455	315	0.999885
1	265	223	0.999933
1	158	132	0.99996
0	237	215	0.99994
1	466	290	0.999882
1	295	200	0.999925
1	338	264	0.999914
0	495	477	0.999874
1	157	96	0.99996
1	286	191	0.999927
0	419	376	0.999893
1	250	141	0.999936
1	433	292	0.999889
1	472	278	0.999879
0	78	71	0.99998
0	495	456	0.999873
0	113	99	0.999971
1	74	55	0.999981
0	222	214	0.999943
1	358	221	0.999908
1	284	218	0.999927
0	350	344	0.99991
1	272	184	0.99993
1	202	163	0.999948
1	485	399	0.999875
0	481	457	0.999876
1	182	124	0.999953
0	228	197	0.999941
0	444	430	0.999885
1	466	384	0.999879
1	300	204	0.999922
0	438	416	0.999886
1	291	166	0.999924
1	421	262	0.99989
1	478	272	0.999875
0	386	364	0.999899
1	493	293	0.999871
1	489	357	0.999872
1	397	233	0.999896
1	469	286	0.999877
1	469	285	0.999877
1	488	395	0.999872
1	446	322	0.999883
1	407	321	0.999893
1	471	279	0.999876
1	395	293	0.999896
1	243	152	0.999936
1	258	202	0.999932
0	307	267	0.999919
1	394	311	0.999896
1	337	247	0.999911
0	487	439	0.999871
1	430	335	0.999886
1	445	328	0.999882
1	452	287	0.99988
1	241	164	0.999936
1	241	166	0.999936
1	237	203	0.999937
1	474	388	0.999874
1	338	215	0.99991
1	484	392	0.999871
0	371	334	0.999901
1	326	232	0.999913
1	311	262	0.999917
1	236	173	0.999937
1	307	240	0.999918
1	363	226	0.999903
1	430	293	0.999885
1	411	349	0.99989
1	265	210	0.999929
0	395	344	0.999894
0	324	303	0.999913
1	283	167	0.999924
0	294	281	0.999921
1	480	304	0.999871
1	465	301	0.999875
1	305	194	0.999918
1	379	297	0.999898
1	449	312	0.999879
1	137	94	0.999963
0	403	363	0.999891
1	420	307	0.999886
1	320	239	0.999913
1	246	144	0.999933
0	367	354	0.9999
1	165	133	0.999955
0	260	235	0.999929
1	487	344	0.999867
0	223	219	0.999939
0	446	422	0.999878
1	486	309	0.999867
1	369	245	0.999899
1	387	292	0.999894
0	354	323	0.999903
0	467	446	0.999872
1	492	346	0.999865
1	313	206	0.999914
1	131	78	0.999964
1	407	294	0.999888
1	363	233	0.9999
1	370	276	0.999898
1	214	121	0.999941
1	214	175	0.999941
0	471	438	0.99987
1	181	110	0.99995
0	275	241	0.999924
0	177	165	0.999951
1	339	195	0.999906
1	429	313	0.999881
1	454	280	0.999874
0	108	95	0.99997
1	288	163	0.99992
1	396	306	0.99989
0	169	155	0.999953
1	489	305	0.999864
1	230	144	0.999936
1	478	359	0.999867
1	291	224	0.999919
0	402	364	0.999888
1	333	273	0.999907
1	433	247	0.999879
1	297	179	0.999917
1	143	104	0.99996
1	193	139	0.999946
0	482	477	0.999865
0	428	402	0.99988
1	374	260	0.999895
0	477	471	0.999866
0	128	120	0.999964
0	334	285	0.999906
1	238	134	0.999933
1	213	168	0.99994
1	355	264	0.9999
1	422	341	0.999881
1	163	137	0.999954
1	450	363	0.999873
1	411	255	0.999884
1	131	79	0.999963
0	237	219	0.999933
0	396	394	0.999888
0	495	480	0.99986
1	60	42	0.999983
1	222	163	0.999937
1	387	277	0.99989
0	302	296	0.999914
1	147	96	0.999958
1	482	309	0.999862
1	464	388	0.999867
0	345	339	0.999901
1	261	157	0.999925
0	153	134	0.999956
1	73	48	0.999979
1	104	81	0.99997
1	374	254	0.999892
0	263	239	0.999924
0	301	294	0.999913
1	359	236	0.999896
1	459	325	0.999867
0	459	445	0.999867
1	386	228	0.999888
1	361	249	0.999895
1	158	133	0.999954
0	192	189	0.999944
0	288	251	0.999916
1	339	225	0.999901
1	205	155	0.99994
0	413	412	0.999879
0	191	175	0.999944
0	266	263	0.999922
1	443	262	0.99987
1	310	197	0.999909
1	419	311	0.999877
1	354	261	0.999896
0	194	169	0.999943
1	405	277	0.999881
1	476	353	0.99986
1	265	157	0.999922
1	471	271	0.999861
0	301	288	0.999911
0	186	158	0.999945
0	487	463	0.999856
1	497	418	0.999853
0	365	310	0.999892
1	446	295	0.999868
0	125	114	0.999963
0	206	191	0.999939
0	496	423	0.999853
1	418	253	0.999876
0	394	338	0.999883
1	494	303	0.999853
1	255	203	0.999924
1	422	260	0.999874
1	298	203	0.999911
1	492	362	0.999853
0	464	407	0.999861
0	220	197	0.999934
1	310	188	0.999907
1	313	181	0.999906
0	303	279	0.999909
0	499	492	0.99985
1	489	285	0.999853
1	286	208	0.999914
0	123	110	0.999963
1	309	249	0.999907
0	478	421	0.999856
0	431	427	0.99987
0	401	365	0.999879
0	318	315	0.999904
0	351	344	0.999894
1	490	280	0.999852
1	427	305	0.999871
1	440	269	0.999867
1	463	354	0.99986
0	360	346	0.999891
1	452	378	0.999863
1	353	281	0.999893
1	366	284	0.999889
0	89	81	0.999973
0	323	273	0.999902
0	412	356	0.999875
1	303	255	0.999908
0	250	249	0.999924
1	276	215	0.999916
0	279	244	0.999915
0	233	197	0.999929
0	305	259	0.999907
0	141	131	0.999957
1	118	68	0.999964
1	465	324	0.999858
0	311	305	0.999905
0	340	292	0.999896
1	477	323	0.999854
1	199	122	0.999939
0	137	124	0.999958
1	202	160	0.999938
1	205	145	0.999937
1	436	247	0.999866
1	283	208	0.999913
1	104	60	0.999968
1	325	195	0.9999
0	302	276	0.999907
1	448	355	0.999862
1	344	256	0.999894
0	477	470	0.999853
1	467	300	0.999856
1	431	335	0.999867
1	395	242	0.999878
0	492	467	0.999848
1	453	342	0.99986
0	452	428	0.99986
0	497	476	0.999846
1	458	374	0.999858
0	206	195	0.999936
1	241	146	0.999925
1	61	38	0.999981
0	366	323	0.999886
1	417	278	0.99987
0	327	326	0.999898
1	359	211	0.999888
1	365	272	0.999886
1	192	119	0.99994
1	352	285	0.99989
0	307	294	0.999904
0	179	176	0.999944
0	498	485	0.999844
1	469	314	0.999853
1	239	157	0.999925
1	484	331	0.999848
1	435	255	0.999863
1	473	291	0.999851
1	409	233	0.999871
0	190	172	0.99994
0	440	378	0.999861
1	386	307	0.999878
0	373	342	0.999882
0	256	224	0.999919
0	379	342	0.99988
1	243	176	0.999923
1	353	249	0.999888
0	387	344	0.999877
0	280	258	0.999911
0	305	301	0.999903
0	393	348	0.999875
0	132	118	0.999958
1	405	253	0.999871
1	251	147	0.99992
1	389	313	0.999876
0	338	309	0.999892
0	194	185	0.999938
0	172	171	0.999945
1	375	291	0.99988
1	256	148	0.999918
1	499	290	0.99984
1	480	323	0.999846
1	374	295	0.99988
1	243	179	0.999922
0	489	478	0.999843
0	442	392	0.999858
0	140	137	0.999955
1	227	162	0.999927
0	370	355	0.999881
0	404	383	0.99987
0	376	324	0.999879
1	264	186	0.999915
1	357	291	0.999885
1	298	201	0.999904
0	394	376	0.999873
0	425	417	0.999863
1	93	54	0.99997
0	248	225	0.99992
1	372	283	0.99988
0	331	292	0.999893
1	445	339	0.999856
1	244	191	0.999921
0	105	93	0.999966
1	454	337	0.999853
1	367	218	0.999881
1	296	232	0.999904
1	333	263	0.999892
1	410	231	0.999867
1	114	91	0.999963
1	305	245	0.999901
1	320	263	0.999896
0	443	417	0.999856
1	283	223	0.999908
1	332	247	0.999892
1	255	175	0.999917
1	218	129	0.999929
1	89	72	0.999971
1	135	108	0.999956
1	230	162	0.999925
0	469	457	0.999847
1	441	363	0.999856
1	395	234	0.999871
0	199	197	0.999935
0	303	267	0.999901
1	312	185	0.999898
1	468	296	0.999847
0	318	285	0.999896
1	391	287	0.999872
1	281	203	0.999908
1	403	337	0.999868
0	177	156	0.999942
0	384	362	0.999874
1	387	298	0.999873
1	466	378	0.999847
1	417	331	0.999863
0	353	323	0.999884
1	289	208	0.999905
0	362	347	0.999881
1	146	102	0.999952
1	149	123	0.999951
0	401	347	0.999868
1	486	281	0.99984
1	261	169	0.999914
0	273	248	0.99991
0	458	404	0.999849
0	448	401	0.999852
0	381	328	0.999874
1	136	104	0.999955
1	341	204	0.999887
1	437	339	0.999855
1	464	310	0.999846
1	250	150	0.999917
1	250	174	0.999917
1	307	245	0.999898
1	201	118	0.999933
1	258	167	0.999914
0	378	339	0.999874
1	494	305	0.999835
1	443	321	0.999852
1	263	202	0.999912
1	427	268	0.999857
0	206	190	0.999931
1	406	265	0.999864
1	447	344	0.99985
1	354	209	0.999881
1	410	290	0.999862
0	383	328	0.999871
0	424	383	0.999857
0	424	404	0.999857
0	495	472	0.999833
0	400	342	0.999865
0	474	413	0.99984
1	299	233	0.999899
1	450	308	0.999848
1	408	304	0.999862
0	473	424	0.99984
1	328	246	0.999889
0	65	61	0.999978
0	455	388	0.999846
1	387	296	0.999869
0	127	106	0.999957
0	398	361	0.999865
1	218	143	0.999926
0	380	363	0.999871
0	458	443	0.999844
1	405	270	0.999862
1	446	329	0.999848
1	490	285	0.999833
1	475	367	0.999838
0	322	309	0.99989
0	199	174	0.999932
1	351	206	0.99988
0	421	382	0.999856
0	497	440	0.99983
1	152	120	0.999948
1	371	303	0.999873
1	435	304	0.999851
1	362	297	0.999876
0	499	457	0.999829
1	239	149	0.999918
1	201	117	0.999931
0	381	376	0.999869
1	378	290	0.99987
1	404	290	0.999861
1	404	269	0.999861
1	497	352	0.999829
1	401	283	0.999862
1	366	209	0.999874
0	395	368	0.999864
1	453	347	0.999844
1	241	197	0.999917
1	386	261	0.999867
0	348	332	0.99988
1	461	288	0.999841
1	310	245	0.999893
1	385	251	0.999867
1	327	205	0.999887
1	463	290	0.99984
1	350	247	0.999879
1	133	93	0.999954
0	373	321	0.999871
0	370	320	0.999872
1	234	135	0.999919
1	387	233	0.999866
0	482	402	0.999833
1	199	133	0.999931
0	473	470	0.999836
0	395	386	0.999863
1	490	403	0.99983
1	429	243	0.999851
0	95	87	0.999967
1	187	124	0.999935
1	279	218	0.999903
0	276	269	0.999904
1	477	357	0.999834
1	287	237	0.9999
1	324	257	0.999887
1	481	354	0.999832
1	418	240	0.999854
1	418	297	0.999854
1	229	131	0.99992
1	492	279	0.999828
1	286	221	0.9999
1	203	151	0.999929
1	283	202	0.999901
1	454	298	0.999841
1	448	352	0.999843
1	490	315	0.999828
1	384	225	0.999865
1	304	201	0.999893
0	193	186	0.999932
1	292	193	0.999897
0	445	372	0.999843
1	456	310	0.999839
1	487	403	0.999828
1	413	301	0.999854
1	328	219	0.999884
0	178	165	0.999937
1	257	206	0.999909
0	316	314	0.999888
1	459	265	0.999837
0	304	302	0.999892
0	304	259	0.999892
1	166	118	0.999941
1	467	348	0.999834
0	405	389	0.999856
0	371	344	0.999868
0	486	434	0.999827
0	188	173	0.999933
1	353	224	0.999874
0	350	339	0.999875
1	193	132	0.999931
0	386	366	0.999862
1	190	153	0.999932
0	243	237	0.999913
1	53	40	0.999981
1	491	314	0.999824
1	463	276	0.999834
1	276	158	0.999901
0	446	387	0.99984
0	373	339	0.999866
1	384	238	0.999862
0	342	303	0.999877
1	303	212	0.999891
1	492	283	0.999823
1	214	175	0.999923
1	480	363	0.999827
1	330	273	0.999881
1	460	351	0.999834
1	285	228	0.999897
1	166	122	0.99994
0	318	314	0.999885
1	417	275	0.999849
1	356	279	0.999871
1	204	131	0.999926
0	496	478	0.99982
0	146	124	0.999947
1	347	265	0.999874
1	377	281	0.999863
1	176	109	0.999936
0	231	218	0.999916
1	363	288	0.999868
0	462	406	0.999832
1	346	249	0.999874
1	450	368	0.999836
0	395	346	0.999856
0	255	254	0.999907
1	414	271	0.999849
1	241	166	0.999912
1	186	130	0.999932
0	454	422	0.999834
0	347	340	0.999873
1	448	337	0.999836
1	273	192	0.9999
1	363	274	0.999867
0	322	318	0.999882
1	472	280	0.999827
1	409	332	0.99985
1	428	307	0.999843
0	357	341	0.999869
1	218	126	0.99992
1	332	245	0.999878
1	272	160	0.9999
0	223	202	0.999918
0	396	378	0.999854
1	263	211	0.999903
0	244	207	0.99991
1	496	305	0.999817
1	447	265	0.999835
1	444	283	0.999836
1	433	313	0.99984
0	127	110	0.999953
1	408	330	0.999849
1	470	366	0.999826
1	297	172	0.99989
0	324	302	0.99988
0	448	399	0.999834
1	205	122	0.999924
1	496	352	0.999816
0	469	430	0.999826
1	431	315	0.99984
0	237	202	0.999912
0	420	383	0.999844
0	490	485	0.999818
0	471	460	0.999825
0	191	179	0.999929
0	344	339	0.999872
1	411	299	0.999847
1	290	232	0.999892
0	212	175	0.999921
1	338	232	0.999874
0	311	299	0.999884
1	386	299	0.999856
1	292	206	0.999891
0	292	265	0.999891
1	150	105	0.999944
1	404	250	0.999849
0	318	294	0.999881
0	403	366	0.999849
0	336	325	0.999874
0	429	354	0.999839
1	365	223	0.999863
0	317	292	0.999881
1	245	186	0.999908
0	426	373	0.99984
1	141	87	0.999947
0	484	443	0.999818
1	396	313	0.999851
1	170	119	0.999936
1	345	229	0.99987
0	464	407	0.999825
1	265	181	0.9999
1	98	72	0.999963
0	336	334	0.999873
0	82	81	0.999969
1	238	175	0.99991
1	156	99	0.999941
0	451	396	0.999829
1	480	313	0.999818
0	385	352	0.999854
1	295	217	0.999888
1	329	249	0.999875
1	421	326	0.99984
1	442	355	0.999832
1	357	235	0.999864
1	488	371	0.999814
1	446	330	0.99983
1	254	158	0.999903
1	89	64	0.999966
1	348	244	0.999867
0	395	352	0.999849
0	434	358	0.999834
1	303	225	0.999884
1	269	215	0.999897
1	470	357	0.99982
1	261	162	0.9999
1	146	92	0.999944
1	219	170	0.999916
0	451	412	0.999827
1	476	308	0.999817
1	195	121	0.999925
1	351	240	0.999865
1	387	236	0.999851
0	475	410	0.999817
1	412	294	0.999841
1	342	201	0.999868
0	259	257	0.9999
1	212	133	0.999918
0	93	77	0.999964
0	142	122	0.999945
1	462	295	0.999821
1	98	57	0.999962
1	476	355	0.999815
1	337	266	0.999869
0	216	182	0.999916
0	167	148	0.999935
0	244	209	0.999905
1	208	140	0.999919
1	336	263	0.999869
1	300	212	0.999883
0	369	334	0.999856
0	412	377	0.999839
1	417	324	0.999837
1	312	179	0.999878
1	335	218	0.999869
0	281	254	0.99989
0	332	326	0.99987
0	475	460	0.999814
1	388	277	0.999848
1	293	201	0.999885
0	135	116	0.999947
1	163	104	0.999936
1	298	195	0.999883
1	341	199	0.999866
1	229	181	0.99991
1	417	260	0.999836
1	381	215	0.99985
1	358	235	0.999859
0	500	431	0.999803
0	170	162	0.999933
1	408	266	0.999839
1	114	92	0.999955
0	190	184	0.999925
0	494	486	0.999805
1	258	164	0.999898
1	283	207	0.999888
0	464	441	0.999816
0	353	308	0.99986
0	481	402	0.999809
1	73	53	0.999971
1	468	280	0.999814
0	478	410	0.99981
1	349	281	0.999861
0	359	333	0.999857
1	492	307	0.999804
1	497	328	0.999802
1	394	308	0.999843
1	394	224	0.999843
1	286	198	0.999886
0	203	179	0.999919
1	233	155	0.999907
1	258	201	0.999897
0	418	417	0.999833
0	423	365	0.999831
0	498	422	0.999801
0	55	53	0.999978
1	497	330	0.999801
0	482	416	0.999807
1	287	217	0.999885
1	314	180	0.999874
1	284	213	0.999886
1	341	239	0.999863
0	453	446	0.999818
1	418	263	0.999832
0	164	138	0.999934
0	246	217	0.999901
0	211	204	0.999915
1	325	237	0.999869
0	99	85	0.99996
1	448	298	0.999819
1	245	192	0.999901
1	480	364	0.999806
0	264	258	0.999893
1	148	86	0.99994
1	222	140	0.99991
0	365	333	0.999852
1	498	298	0.999798
1	387	305	0.999843
1	414	281	0.999832
0	478	396	0.999806
1	101	77	0.999959
0	468	463	0.99981
0	192	159	0.999922
1	256	198	0.999896
1	448	355	0.999818
0	246	240	0.9999
0	462	382	0.999812
0	199	177	0.999919
1	371	262	0.999849
1	474	375	0.999807
1	221	158	0.99991
0	469	434	0.999809
0	383	372	0.999844
0	54	50	0.999978
0	319	315	0.99987
1	314	236	0.999872
0	471	399	0.999808
1	439	349	0.999821
1	488	297	0.999801
1	230	181	0.999906
1	384	293	0.999843
1	428	315	0.999825
0	379	342	0.999845
0	457	420	0.999813
0	215	187	0.999912
1	171	111	0.99993
0	449	445	0.999816
1	483	276	0.999802
0	468	386	0.999808
1	485	349	0.999801
0	409	389	0.999832
0	314	288	0.999871
1	146	90	0.99994
1	494	279	0.999797
0	428	390	0.999824
1	355	230	0.999854
1	299	195	0.999877
1	333	253	0.999863
1	452	309	0.999814
1	498	403	0.999795
0	301	257	0.999876
1	216	128	0.999911
0	337	321	0.999861
1	320	253	0.999868
1	497	340	0.999795
1	332	261	0.999863
0	315	286	0.99987
1	499	361	0.999794
1	460	323	0.99981
1	397	265	0.999836
0	409	371	0.999831
0	421	372	0.999826
0	358	307	0.999852
0	416	341	0.999828
0	365	347	0.999849
1	488	350	0.999798
0	169	151	0.99993
1	379	249	0.999843
0	451	383	0.999813
0	492	474	0.999796
0	434	387	0.99982
1	487	281	0.999798
0	200	181	0.999917
1	426	346	0.999823
1	303	228	0.999874
0	293	269	0.999878
1	353	204	0.999853
1	156	116	0.999935
0	403	355	0.999832
1	379	269	0.999842
0	448	383	0.999813
0	436	385	0.999818
1	304	216	0.999873
1	371	212	0.999845
1	433	325	0.999819
0	476	464	0.999801
1	55	34	0.999977
1	430	281	0.99982
1	494	377	0.999793
0	272	223	0.999886
0	334	276	0.99986
1	186	135	0.999922
1	465	284	0.999805
0	231	191	0.999903
1	483	337	0.999797
1	490	310	0.999794
1	252	192	0.999894
0	435	355	0.999817
1	240	170	0.999899
0	423	403	0.999822
1	278	160	0.999883
0	102	91	0.999957
0	446	439	0.999812
1	109	82	0.999954
1	263	167	0.999889
1	199	119	0.999916
0	182	178	0.999923
0	494	442	0.999791
0	352	331	0.999851
0	359	333	0.999848
1	196	143	0.999917
1	373	237	0.999842
0	262	250	0.999889
0	493	476	0.999791
1	172	123	0.999927
1	377	268	0.99984
0	318	303	0.999865
1	146	111	0.999938
1	372	218	0.999842
1	419	289	0.999822
1	419	280	0.999822
1	440	297	0.999813
0	235	207	0.9999
1	336	211	0.999857
0	444	379	0.999811
1	101	72	0.999957
0	216	180	0.999908
1	481	364	0.999795
1	136	88	0.999942
0	361	293	0.999846
0	225	216	0.999904
0	232	230	0.999901
0	246	223	0.999895
1	171	97	0.999927
0	180	163	0.999923
1	493	323	0.999789
0	493	409	0.999789
1	334	205	0.999857
0	280	273	0.99988
0	308	252	0.999868
1	392	301	0.999832
0	399	391	0.999829
0	490	439	0.99979
0	429	392	0.999816
0	408	386	0.999825
1	170	128	0.999927
0	468	464	0.999799
0	114	95	0.999951
0	435	399	0.999813
0	293	262	0.999874
0	386	336	0.999834
1	279	185	0.99988
0	416	390	0.999821
0	79	65	0.999966
0	499	476	0.999785
1	313	211	0.999865
1	408	306	0.999824
0	489	442	0.999789
1	285	222	0.999877
0	301	268	0.99987
1	331	196	0.999857
1	456	320	0.999803
1	287	197	0.999876
1	467	362	0.999798
0	282	238	0.999878
1	201	162	0.999913
0	383	333	0.999834
1	173	106	0.999925
1	196	144	0.999915
0	166	150	0.999928
0	498	463	0.999784
0	272	269	0.999882
1	463	292	0.999799
1	403	319	0.999825
0	350	309	0.999848
0	274	261	0.999881
0	391	344	0.99983
0	407	358	0.999823
1	416	239	0.999819
0	432	355	0.999812
0	494	420	0.999785
1	448	322	0.999805
0	395	372	0.999828
1	326	217	0.999858
1	475	331	0.999793
0	413	412	0.99982
1	234	152	0.999898
0	250	212	0.999891
0	369	344	0.999839
1	472	351	0.999794
0	387	325	0.999831
1	490	331	0.999786
1	357	244	0.999844
1	356	217	0.999844
0	308	306	0.999865
1	488	315	0.999786
0	483	417	0.999788
1	82	52	0.999964
0	123	121	0.999946
1	451	291	0.999802
1	387	241	0.99983
0	489	431	0.999785
0	382	310	0.999832
0	293	248	0.999871
0	311	252	0.999863
0	438	370	0.999807
1	344	233	0.999848
1	493	350	0.999782
0	208	181	0.999908
1	373	261	0.999835
1	165	129	0.999927
1	201	154	0.999911
0	481	418	0.999787
0	440	396	0.999805
1	415	290	0.999816
1	424	329	0.999812
0	444	430	0.999803
1	419	279	0.999814
1	446	257	0.999802
1	376	219	0.999833
0	317	274	0.999859
0	263	259	0.999883
1	490	295	0.999782
1	391	298	0.999826
1	391	283	0.999826
1	348	258	0.999845
1	294	219	0.999869
0	258	257	0.999885
0	213	193	0.999905
1	491	396	0.999781
0	428	370	0.999809
0	345	336	0.999846
0	112	93	0.99995
0	432	364	0.999807
1	329	235	0.999853
1	255	205	0.999886
1	228	130	0.999898
1	288	167	0.999871
1	413	256	0.999815
1	500	380	0.999776
1	424	265	0.99981
0	348	305	0.999844
1	435	299	0.999805
1	455	273	0.999796
1	263	205	0.999882
0	410	366	0.999816
1	421	260	0.999811
0	421	388	0.999811
0	294	279	0.999868
0	167	166	0.999925
0	443	420	0.999801
0	460	447	0.999793
0	413	373	0.999814
1	111	79	0.99995
1	435	285	0.999804
0	324	316	0.999854
0	304	257	0.999863
0	193	182	0.999913
1	377	223	0.99983
1	328	185	0.999852
0	226	212	0.999898
1	421	324	0.99981
1	62	40	0.999972
1	208	140	0.999906
1	219	152	0.999901
1	429	314	0.999806
1	493	335	0.999777
1	484	351	0.999781
1	285	198	0.999871
1	475	338	0.999785
1	329	226	0.999851
1	331	199	0.99985
1	439	287	0.999801
1	463	313	0.99979
0	238	199	0.999892
1	423	335	0.999808
1	469	377	0.999787
0	482	427	0.999781
1	484	308	0.99978
0	222	218	0.999899
0	367	311	0.999833
1	202	153	0.999908
1	292	196	0.999867
1	79	63	0.999964
1	430	243	0.999804
1	114	66	0.999948
1	217	144	0.999901
0	491	487	0.999776
0	103	101	0.999953
1	333	228	0.999848
1	265	163	0.999879
1	151	113	0.999931
1	337	255	0.999846
0	140	121	0.999936
1	410	235	0.999812
0	362	328	0.999834
1	427	251	0.999804
0	355	289	0.999837
1	233	182	0.999893
0	344	299	0.999842
1	235	149	0.999892
0	422	349	0.999806
1	337	227	0.999845
1	328	244	0.999849
1	341	274	0.999843
0	354	314	0.999837
1	482	365	0.999778
1	445	282	0.999795
0	319	299	0.999853
0	230	192	0.999894
1	460	335	0.999788
1	104	71	0.999952
0	273	252	0.999874
0	351	331	0.999838
0	457	404	0.999789
1	340	200	0.999843
0	171	156	0.999921
1	238	149	0.99989
1	450	278	0.999792
0	398	349	0.999816
1	333	235	0.999846
0	393	340	0.999818
1	369	234	0.999829
0	274	264	0.999873
1	470	370	0.999782
1	416	245	0.999807
1	403	235	0.999813
1	334	258	0.999845
1	168	121	0.999922
0	392	335	0.999818
1	366	287	0.99983
1	284	172	0.999868
1	484	281	0.999775
0	484	435	0.999775
1	400	293	0.999814
0	443	403	0.999794
1	404	243	0.999812
1	479	382	0.999777
1	88	64	0.999959
0	498	418	0.999768
0	279	245	0.99987
1	339	240	0.999842
0	431	390	0.999799
0	441	360	0.999794
0	214	196	0.9999
1	214	123	0.9999
1	306	221	0.999857
0	383	344	0.999821
1	460	275	0.999785
0	492	480	0.99977
0	308	272	0.999856
1	62	37	0.999971
0	218	216	0.999898
0	455	373	0.999787
1	442	257	0.999793
1	81	48	0.999962
1	81	62	0.999962
0	332	321	0.999844
0	302	244	0.999858
1	68	40	0.999968
0	408	332	0.999808
1	363	275	0.999829
0	278	232	0.999869
1	486	320	0.999771
1	401	246	0.999811
1	439	262	0.999793
0	371	359	0.999825
1	301	213	0.999858
1	216	152	0.999898
1	235	145	0.999889
0	398	372	0.999812
1	427	313	0.999798
0	224	221	0.999894
1	264	169	0.999875
0	437	436	0.999793
1	308	196	0.999854
1	135	86	0.999936
1	443	268	0.99979
1	485	310	0.99977
1	59	37	0.999972
1	219	167	0.999896
0	322	259	0.999847
1	465	306	0.999779
0	164	152	0.999922
1	433	250	0.999794
0	435	384	0.999793
0	426	406	0.999797
0	321	304	0.999847
0	195	166	0.999907
0	373	328	0.999822
1	440	297	0.99979
1	291	217	0.999861
1	448	342	0.999786
1	473	326	0.999774
0	475	445	0.999773
1	278	183	0.999867
1	491	324	0.999765
1	330	217	0.999842
0	71	61	0.999966
0	380	323	0.999818
0	357	353	0.999829
0	405	339	0.999806
0	121	119	0.999942
0	415	401	0.999801
0	490	410	0.999765
1	496	332	0.999762
1	289	168	0.999861
1	447	290	0.999785
0	399	393	0.999808
0	270	262	0.99987
0	191	166	0.999908
0	487	408	0.999765
1	373	269	0.99982
1	408	311	0.999803
0	244	233	0.999882
1	337	225	0.999837
1	459	315	0.999778
1	246	180	0.999881
1	496	321	0.99976
0	283	245	0.999863
1	347	204	0.999832
0	95	94	0.999954
0	444	363	0.999785
1	382	237	0.999815
1	446	303	0.999784
0	320	289	0.999845
1	258	170	0.999875
0	464	374	0.999775
1	466	332	0.999774
0	439	397	0.999787
0	476	413	0.999769
1	311	195	0.999849
0	414	364	0.999799
0	449	432	0.999782
1	278	187	0.999865
1	282	187	0.999863
0	465	443	0.999774
1	432	319	0.99979
1	325	236	0.999842
1	397	270	0.999807
1	257	198	0.999875
1	259	165	0.999874
0	337	322	0.999836
1	495	357	0.999759
0	429	419	0.999791
1	277	218	0.999865
1	318	240	0.999845
0	279	233	0.999864
1	404	253	0.999803
1	324	188	0.999842
0	406	364	0.999802
1	215	125	0.999895
1	303	235	0.999852
1	446	289	0.999782
1	272	174	0.999867
1	376	223	0.999816
0	425	390	0.999792
0	472	434	0.999769
1	478	312	0.999766
0	196	188	0.999904
1	500	346	0.999755
1	414	275	0.999797
0	367	361	0.99982
0	108	91	0.999947
1	279	213	0.999863
1	281	180	0.999862
0	281	242	0.999862
0	171	153	0.999916
0	421	351	0.999793
1	437	329	0.999785
0	191	154	0.999906
0	449	433	0.999779
1	325	226	0.99984
1	390	309	0.999808
1	473	304	0.999767
1	341	265	0.999832
0	69	59	0.999966
1	369	221	0.999818
0	231	211	0.999886
0	332	289	0.999836
1	168	100	0.999917
1	346	226	0.999829
1	431	304	0.999787
0	374	301	0.999815
1	200	148	0.999901
1	495	387	0.999755
1	410	238	0.999797
1	311	236	0.999846
0	436	430	0.999784
0	458	439	0.999773
1	391	279	0.999806
0	264	213	0.999869
1	139	84	0.999931
1	425	279	0.999789
0	469	439	0.999767
1	163	96	0.999919
1	324	241	0.999839
0	408	356	0.999797
1	428	246	0.999787
1	219	168	0.999891
1	442	311	0.99978
0	241	196	0.99988
1	474	280	0.999764
1	249	145	0.999876
1	249	173	0.999876
0	309	247	0.999846
0	407	372	0.999797
0	431	383	0.999785
0	439	431	0.999781
1	461	328	0.99977
1	467	280	0.999767
0	475	433	0.999763
1	487	378	0.999757
1	76	57	0.999962
1	78	62	0.999961
0	128	104	0.999936
0	140	135	0.99993
0	160	131	0.99992
1	188	145	0.999906
0	254	251	0.999873
1	274	210	0.999863
0	276	223	0.999862
0	456	407	0.999772
0	459	441	0.99977
0	399	344	0.9998
0	397	380	0.999801
0	329	271	0.999835
1	297	184	0.999851
0	285	248	0.999857
0	496	480	0.999751
0	394	355	0.999802
1	370	270	0.999814
0	179	161	0.99991
1	356	251	0.999821
1	497	347	0.99975
0	161	147	0.999919
0	302	264	0.999848
0	292	274	0.999853
1	292	212	0.999853
0	232	196	0.999883
0	345	280	0.999826
1	333	214	0.999832
1	218	146	0.99989
0	422	400	0.999787
0	97	85	0.999951
0	390	356	0.999803
1	479	348	0.999758
1	257	173	0.99987
0	336	280	0.99983
1	81	47	0.999959
1	310	226	0.999843
0	75	60	0.999962
1	436	305	0.999779
1	213	141	0.999892
1	268	205	0.999864
1	258	183	0.999869
0	384	336	0.999805
1	313	246	0.999841
1	374	244	0.99981
1	248	192	0.999874
1	183	122	0.999907
0	470	387	0.999761
1	157	105	0.99992
0	104	87	0.999947
0	208	206	0.999894
0	447	403	0.999772
0	147	129	0.999925
1	494	344	0.999748
1	192	125	0.999902
1	472	318	0.999759
0	280	223	0.999857
0	268	214	0.999863
0	393	373	0.999799
1	430	307	0.99978
1	430	276	0.99978
0	459	414	0.999765
1	498	374	0.999745
1	244	190	0.999875
1	277	183	0.999858
1	474	310	0.999757
1	431	309	0.999779
1	234	133	0.99988
0	386	377	0.999802
0	308	299	0.999842
0	421	377	0.999784
0	454	379	0.999767
0	311	301	0.99984
0	103	93	0.999947
1	373	270	0.999808
0	99	90	0.999949
1	254	152	0.999869
0	252	247	0.99987
1	153	118	0.999921
1	182	126	0.999906
0	395	385	0.999796
1	300	191	0.999845
0	294	284	0.999848
1	493	344	0.999745
1	222	138	0.999885
0	193	155	0.9999
1	357	256	0.999815
0	393	345	0.999796
0	393	376	0.999796
0	235	223	0.999878
1	468	271	0.999757
1	487	321	0.999747
0	152	138	0.999921
0	423	387	0.99978
0	123	116	0.999936
1	73	47	0.999962
0	267	236	0.999861
1	192	113	0.9999
0	165	153	0.999914
0	378	336	0.999803
1	472	298	0.999754
1	418	237	0.999782
1	69	41	0.999964
0	92	78	0.999952
0	322	261	0.999832
1	460	317	0.99976
0	272	266	0.999858
0	478	416	0.99975
0	208	167	0.999891
0	454	413	0.999762
0	267	246	0.99986
0	246	205	0.999871
0	284	254	0.999851
0	139	112	0.999927
0	154	127	0.999919
1	249	188	0.999869
1	323	226	0.99983
1	408	244	0.999785
0	389	378	0.999795
1	184	123	0.999903
1	55	43	0.999971
1	402	283	0.999788
1	383	226	0.999798
0	254	230	0.999866
1	265	158	0.99986
1	369	254	0.999805
1	473	315	0.99975
0	484	470	0.999744
1	236	157	0.999875
1	383	282	0.999797
1	430	323	0.999772
0	358	341	0.99981
1	482	377	0.999744
1	192	113	0.999898
1	224	136	0.999881
1	254	149	0.999865
1	333	263	0.999823
0	380	367	0.999798
0	425	409	0.999774
0	408	349	0.999783
1	109	84	0.999942
0	404	403	0.999785
1	434	254	0.999769
0	77	70	0.999959
1	370	276	0.999803
0	385	350	0.999795
1	398	265	0.999788
1	351	212	0.999813
1	366	233	0.999805
1	304	174	0.999838
0	242	222	0.999871
1	397	227	0.999788
0	453	359	0.999758
1	202	122	0.999892
0	475	409	0.999746
1	400	277	0.999786
1	342	211	0.999817
1	435	323	0.999767
1	321	211	0.999828
1	375	226	0.999799
1	69	43	0.999963
0	179	171	0.999904
1	425	296	0.999772
1	421	272	0.999774
1	460	291	0.999753
0	281	262	0.999849
1	418	307	0.999775
1	247	172	0.999867
1	442	300	0.999762
1	323	225	0.999826
1	217	154	0.999883
1	460	330	0.999752
1	445	276	0.99976
1	176	130	0.999905
0	428	351	0.999769
1	283	190	0.999847
1	255	182	0.999862
1	364	245	0.999803
0	371	342	0.999799
0	472	375	0.999744
0	448	386	0.999757
0	282	232	0.999847
1	234	139	0.999873
1	304	192	0.999835
1	390	307	0.999788
0	423	421	0.99977
0	450	373	0.999755
1	457	349	0.999751
0	200	172	0.999891
0	176	164	0.999904
1	328	227	0.999821
0	359	324	0.999804
1	282	209	0.999846
0	357	284	0.999805
0	353	352	0.999807
0	331	326	0.999819
0	309	297	0.999831
0	358	307	0.999804
0	387	320	0.999788
1	135	76	0.999926
0	372	353	0.999796
1	348	205	0.999809
0	317	253	0.999826
0	264	214	0.999855
0	213	202	0.999883
1	380	251	0.999791
1	198	132	0.999891
0	158	131	0.999913
0	158	151	0.999913
0	69	63	0.999962
1	374	276	0.999794
1	274	187	0.999849
0	234	220	0.999871
1	417	309	0.99977
0	125	120	0.999931
1	333	258	0.999816
1	430	322	0.999762
0	363	348	0.999799
0	130	114	0.999928
0	204	186	0.999887
1	343	258	0.99981
1	296	173	0.999836
1	435	298	0.999759
1	453	357	0.999749
1	332	219	0.999816
0	175	146	0.999903
1	285	175	0.999842
0	290	283	0.999839
1	353	221	0.999804
0	389	339	0.999784
1	198	113	0.99989
1	412	242	0.999771
0	284	262	0.999842
0	266	253	0.999852
0	460	457	0.999744
1	212	137	0.999882
1	97	55	0.999946
0	395	387	0.99978
1	253	164	0.999859
1	321	185	0.999821
0	403	339	0.999775
0	349	327	0.999805
0	349	283	0.999805
1	458	293	0.999744
1	457	299	0.999744
0	141	129	0.999921
1	414	280	0.999768
1	396	248	0.999778
1	305	212	0.999829
0	428	361	0.99976
1	189	129	0.999894
1	230	144	0.999871
0	262	242	0.999853
1	244	153	0.999863
1	358	250	0.999799
0	365	328	0.999795
1	178	124	0.9999
0	331	294	0.999814
0	240	221	0.999865
1	272	178	0.999847
1	288	202	0.999838
1	279	201	0.999843
1	199	142	0.999888
1	135	89	0.999924
0	412	330	0.999768
1	355	203	0.9998
0	394	352	0.999778
1	259	163	0.999854
0	422	359	0.999762
0	335	315	0.999811
1	370	224	0.999791
0	377	308	0.999787
0	401	327	0.999773
0	293	285	0.999834
0	427	343	0.999758
0	433	421	0.999754
0	146	125	0.999917
0	239	218	0.999864
1	355	255	0.999798
1	65	48	0.999963
1	376	269	0.999786
1	397	267	0.999774
1	79	50	0.999955
1	316	234	0.99982
0	430	368	0.999755
0	335	282	0.999809
1	263	191	0.99985
0	291	275	0.999834
0	368	307	0.99979
1	219	152	0.999875
0	308	289	0.999824
0	329	321	0.999812
0	427	354	0.999756
1	404	281	0.999769
1	348	242	0.999801
0	264	255	0.999849
0	117	107	0.999933
0	237	198	0.999864
0	108	103	0.999938
1	209	120	0.99988
0	364	359	0.999791
0	275	243	0.999842
0	348	318	0.9998
0	435	412	0.99975
0	219	213	0.999874
1	292	228	0.999832
0	172	151	0.999901
0	205	174	0.999882
0	132	107	0.999924
1	363	231	0.999791
0	151	137	0.999913
0	295	255	0.99983
0	267	232	0.999846
0	156	144	0.99991
1	364	250	0.99979
0	416	375	0.99976
0	279	250	0.999839
0	97	88	0.999944
0	396	373	0.999771
1	204	153	0.999882
1	197	145	0.999886
0	337	332	0.999805
0	356	309	0.999794
1	323	223	0.999813
1	418	268	0.999758
0	385	317	0.999777
1	290	182	0.999832
1	119	93	0.999931
0	100	91	0.999942
1	400	254	0.999768
1	317	224	0.999816
1	62	45	0.999964
0	179	156	0.999896
1	392	253	0.999772
1	244	142	0.999858
1	422	252	0.999754
1	379	279	0.999779
1	276	162	0.999839
1	377	243	0.99978
1	329	211	0.999808
1	274	193	0.99984
0	113	96	0.999934
1	385	277	0.999775
0	207	169	0.999879
0	244	229	0.999857
0	247	215	0.999855
1	412	270	0.999758
0	412	333	0.999758
0	240	219	0.999859
1	177	107	0.999896
1	417	246	0.999755
0	434	430	0.999745
0	405	378	0.999762
0	136	115	0.99992
0	136	132	0.99992
1	136	95	0.99992
1	423	268	0.999751
1	428	278	0.999748
1	331	235	0.999805
1	302	171	0.999822
0	290	229	0.999829
0	195	178	0.999885
1	393	222	0.999768
1	315	232	0.999814
0	337	266	0.999801
0	276	242	0.999837
0	413	393	0.999756
1	132	81	0.999922
1	279	167	0.999835
1	282	173	0.999833
0	211	200	0.999875
0	238	230	0.999859
1	221	143	0.999869
1	86	66	0.999949
1	317	247	0.999812
0	379	306	0.999775
0	394	370	0.999766
1	298	230	0.999823
0	335	293	0.999801
0	340	289	0.999798
1	111	85	0.999934
0	407	360	0.999758
0	348	337	0.999793
1	121	85	0.999928
1	405	257	0.999759
1	210	155	0.999875
1	430	314	0.999744
1	366	244	0.999782
0	248	225	0.999852
0	390	365	0.999767
0	373	364	0.999777
0	408	378	0.999756
0	331	309	0.999802
0	234	230	0.99986
1	132	87	0.999921
1	421	243	0.999748
0	197	195	0.999882
1	419	289	0.999749
1	317	186	0.99981
0	65	51	0.999961
0	90	79	0.999946
1	408	270	0.999755
0	258	234	0.999845
0	401	396	0.999759
1	321	219	0.999807
0	103	81	0.999938
0	294	271	0.999823
1	209	139	0.999874
1	136	83	0.999918
1	325	193	0.999804
0	315	304	0.99981
1	247	145	0.999851
1	305	196	0.999816
0	358	298	0.999784
0	164	142	0.999901
1	386	245	0.999767
0	331	296	0.9998
0	91	83	0.999945
0	215	177	0.99987
1	413	321	0.99975
1	256	157	0.999845
1	218	133	0.999868
0	403	361	0.999756
0	259	250	0.999843
1	300	235	0.999818
0	224	189	0.999864
1	135	80	0.999918
0	242	192	0.999853
0	222	176	0.999865
1	120	86	0.999927
0	240	228	0.999854
1	360	213	0.999781
1	356	253	0.999783
0	397	373	0.999758
0	293	261	0.999821
0	108	107	0.999934
0	409	401	0.99975
1	278	178	0.99983
0	170	146	0.999896
1	196	153	0.99988
0	196	178	0.99988
1	191	139	0.999883
1	186	107	0.999886
0	212	174	0.99987
0	181	176	0.999889
0	150	143	0.999908
0	251	225	0.999846
0	360	314	0.999779
0	329	307	0.999798
1	109	66	0.999933
0	257	237	0.999842
0	250	196	0.999846
1	349	254	0.999785
0	365	306	0.999775
1	386	273	0.999762
0	128	103	0.999921
0	324	273	0.9998
0	230	210	0.999858
0	272	230	0.999832
1	225	131	0.999861
1	356	211	0.99978
1	330	206	0.999796
1	270	185	0.999833
1	362	274	0.999776
0	265	253	0.999836
0	226	216	0.99986
0	402	344	0.999751
0	205	186	0.999873
0	297	236	0.999816
0	375	360	0.999767
0	309	243	0.999808
1	183	136	0.999886
1	369	235	0.99977
0	369	323	0.99977
0	316	274	0.999803
1	170	96	0.999894
1	202	143	0.999874
0	189	175	0.999882
1	277	180	0.999827
1	301	171	0.999812
0	328	296	0.999795
0	408	372	0.999745
1	315	240	0.999803
1	307	228	0.999808
0	195	188	0.999878
1	374	267	0.999766
0	270	235	0.999831
0	214	188	0.999866
1	321	229	0.999799
1	118	76	0.999926
1	330	231	0.999793
1	218	144	0.999863
0	388	335	0.999756
0	143	137	0.99991
0	392	324	0.999753
1	111	66	0.99993
1	84	57	0.999947
0	336	286	0.999788
0	391	323	0.999753
0	242	213	0.999847
0	283	227	0.999821
0	283	242	0.999821
0	297	268	0.999812
1	295	212	0.999813
0	268	214	0.99983
1	145	99	0.999908
1	397	277	0.999748
0	200	162	0.999873
0	214	206	0.999864
0	132	118	0.999916
0	135	119	0.999914
1	397	271	0.999747
1	130	88	0.999917
1	305	198	0.999805
1	366	260	0.999766
0	247	201	0.999842
1	161	102	0.999897
0	178	166	0.999886
1	153	102	0.999902
1	217	154	0.999861
1	223	129	0.999857
1	53	30	0.999966
0	226	220	0.999855
0	387	314	0.999751
1	236	176	0.999848
0	242	226	0.999844
1	363	227	0.999766
0	178	166	0.999885
1	116	67	0.999925
1	218	145	0.999859
1	309	207	0.9998
1	207	128	0.999866
1	363	270	0.999765
1	281	163	0.999818
1	196	132	0.999873
1	125	72	0.999919
1	233	176	0.999849
0	128	105	0.999917
0	74	72	0.999952
1	131	75	0.999915
1	245	149	0.999841
1	254	146	0.999835
1	157	103	0.999898
1	274	197	0.999822
1	391	296	0.999746
0	163	140	0.999894
1	390	242	0.999746
0	175	149	0.999886
0	287	276	0.999813
0	178	148	0.999884
0	256	252	0.999833
1	164	116	0.999893
1	366	206	0.999761
1	372	277	0.999757
1	300	198	0.999804
0	370	360	0.999758
0	353	305	0.999769
0	247	217	0.999838
0	369	300	0.999758
1	355	210	0.999767
1	294	207	0.999807
0	262	257	0.999828
1	265	182	0.999826
0	277	246	0.999818
0	245	232	0.999839
1	321	223	0.999789
0	286	254	0.999812
1	286	189	0.999812
0	111	88	0.999927
0	237	201	0.999844
1	199	151	0.999869
1	220	168	0.999855
1	355	213	0.999766
1	361	280	0.999762
0	273	254	0.99982
0	370	361	0.999756
1	288	200	0.99981
1	294	197	0.999806
0	100	95	0.999934
1	100	57	0.999934
0	306	274	0.999798
0	304	260	0.999799
0	387	373	0.999744
0	142	131	0.999906
0	367	345	0.999757
1	370	224	0.999755
0	376	352	0.999751
1	178	114	0.999882
0	363	343	0.999759
1	375	256	0.999751
0	337	283	0.999776
1	377	217	0.999749
0	279	263	0.999814
1	291	215	0.999806
1	349	255	0.999767
0	241	233	0.999839
1	232	167	0.999845
1	172	105	0.999885
1	166	116	0.999889
1	151	93	0.999899
1	345	231	0.999769
0	203	193	0.999864
0	216	199	0.999855
0	365	298	0.999755
1	342	236	0.99977
1	165	127	0.999889
0	162	143	0.999891
1	373	288	0.999749
1	318	236	0.999786
1	98	59	0.999934
0	297	248	0.9998
1	331	239	0.999777
1	129	85	0.999913
1	304	234	0.999795
0	206	182	0.999861
0	308	276	0.999792
1	253	158	0.999829
1	361	206	0.999756
1	207	156	0.99986
1	288	223	0.999805
0	158	156	0.999893
0	282	236	0.999809
0	360	330	0.999756
1	295	228	0.9998
1	342	259	0.999768
0	255	214	0.999827
1	190	135	0.999871
0	321	258	0.999782
0	374	296	0.999746
1	368	225	0.99975
0	266	260	0.999819
0	339	314	0.999769
0	66	54	0.999955
1	371	230	0.999747
0	236	227	0.999839
1	312	203	0.999787
1	82	48	0.999944
1	355	217	0.999757
1	222	148	0.999848
1	273	188	0.999813
1	254	143	0.999826
0	327	310	0.999776
0	305	258	0.999791
0	264	257	0.999819
0	312	286	0.999786
1	293	202	0.999799
0	217	184	0.999851
1	233	136	0.99984
0	291	242	0.9998
0	266	215	0.999817
0	305	268	0.99979
1	350	234	0.999759
0	212	197	0.999854
0	302	237	0.999792
1	315	184	0.999783
0	348	327	0.99976
0	213	209	0.999853
1	113	72	0.999922
1	336	249	0.999768
1	343	259	0.999763
1	246	157	0.99983
1	214	154	0.999852
1	240	178	0.999834
0	130	122	0.99991
1	260	157	0.99982
0	88	73	0.999939
0	294	273	0.999796
1	164	123	0.999886
0	306	272	0.999787
0	158	129	0.99989
0	359	284	0.99975
1	280	203	0.999805
0	155	121	0.999892
0	254	248	0.999823
1	165	100	0.999885
0	340	318	0.999763
1	317	184	0.999779
0	232	200	0.999838
1	232	132	0.999838
1	156	121	0.999891
1	342	250	0.999761
1	133	86	0.999907
1	303	221	0.999788
0	150	135	0.999895
0	177	172	0.999876
0	294	265	0.999794
0	288	248	0.999798
0	181	146	0.999873
0	225	206	0.999842
1	262	192	0.999816
0	330	315	0.999768
0	189	170	0.999867
1	341	227	0.99976
1	335	193	0.999764
0	281	243	0.999802
1	298	196	0.99979
0	332	289	0.999766
1	228	154	0.999839
0	157	137	0.999889
0	222	209	0.999843
0	304	253	0.999785
1	182	114	0.999871
0	237	208	0.999832
0	296	253	0.99979
0	241	238	0.999829
0	121	115	0.999914
0	315	292	0.999776
1	194	125	0.999862
1	291	181	0.999793
0	156	130	0.999889
0	357	318	0.999746
0	184	155	0.999869
0	209	191	0.999851
1	293	215	0.999791
0	356	284	0.999746
0	311	256	0.999778
0	333	262	0.999762
1	342	210	0.999755
1	247	176	0.999823
1	177	119	0.999873
1	306	182	0.99978
1	146	104	0.999895
0	339	309	0.999756
1	150	88	0.999892
0	118	115	0.999915
0	265	230	0.999809
0	86	67	0.999938
1	230	166	0.999834
0	90	79	0.999935
0	198	158	0.999857
1	353	246	0.999745
1	316	242	0.999771
1	287	169	0.999792
1	91	66	0.999934
0	226	200	0.999836
0	62	54	0.999955
0	248	240	0.99982
0	139	112	0.999899
0	238	199	0.999827
1	323	189	0.999765
1	290	188	0.999789
0	140	132	0.999898
1	203	120	0.999852
1	336	255	0.999755
0	167	140	0.999878
0	234	191	0.999829
1	239	153	0.999825
1	172	132	0.999874
0	333	295	0.999756
1	322	211	0.999764
1	221	151	0.999838
0	64	61	0.999953
1	260	184	0.999809
1	245	138	0.99982
0	268	254	0.999803
1	325	223	0.999761
1	87	65	0.999936
1	114	84	0.999916
0	270	233	0.999801
0	278	273	0.999795
0	240	236	0.999823
0	61	58	0.999955
0	324	306	0.999761
0	244	192	0.99982
0	218	204	0.999839
0	303	244	0.999776
0	311	289	0.99977
0	200	199	0.999852
0	260	215	0.999807
0	334	318	0.999752
0	342	269	0.999746
0	226	218	0.999832
0	285	275	0.999788
1	262	160	0.999805
1	262	175	0.999805
0	223	191	0.999834
0	59	50	0.999956
1	300	211	0.999776
0	162	146	0.999879
1	186	133	0.999861
1	297	194	0.999778
0	258	226	0.999807
1	318	222	0.999762
1	196	144	0.999853
1	121	81	0.999909
0	256	203	0.999807
0	224	194	0.999831
0	282	242	0.999787
0	168	161	0.999873
1	209	153	0.999842
1	156	117	0.999882
0	234	200	0.999823
0	152	139	0.999885
0	70	55	0.999947
0	62	54	0.999953
1	62	44	0.999953
0	281	280	0.999787
0	310	266	0.999765
1	257	150	0.999805
1	336	236	0.999745
1	237	170	0.99982
1	258	155	0.999804
0	146	123	0.999889
0	130	111	0.999901
1	306	212	0.999767
1	244	169	0.999814
0	299	280	0.999772
1	330	202	0.999748
1	161	107	0.999877
0	178	168	0.999864
1	123	71	0.999906
0	280	271	0.999786
1	153	87	0.999883
1	302	205	0.999769
0	230	192	0.999824
0	145	127	0.999889
1	90	58	0.999931
0	180	148	0.999862
0	206	201	0.999842
1	319	188	0.999755
0	319	274	0.999755
1	277	172	0.999787
1	218	139	0.999832
0	92	85	0.999929
1	270	158	0.999791
0	93	79	0.999928
0	279	276	0.999784
0	231	229	0.999821
0	307	290	0.999762
1	276	200	0.999786
0	196	162	0.999848
1	228	151	0.999823
1	279	167	0.999783
0	311	257	0.999758
0	208	199	0.999838
0	164	149	0.999872
0	319	300	0.999751
0	260	233	0.999797
1	247	181	0.999807
0	225	177	0.999824
1	120	71	0.999906
1	209	144	0.999836
1	279	200	0.999781
0	252	229	0.999802
0	239	188	0.999812
1	225	143	0.999823
0	207	176	0.999837
0	278	262	0.999781
0	132	105	0.999896
0	293	257	0.999769
1	265	179	0.999791
0	309	244	0.999756
1	176	116	0.999861
1	119	69	0.999906
0	295	256	0.999767
0	306	248	0.999758
1	322	215	0.999745
0	274	246	0.999783
1	303	184	0.99976
0	295	268	0.999766
0	305	244	0.999758
0	68	54	0.999946
1	321	197	0.999745
1	292	171	0.999768
1	263	169	0.999791
1	181	127	0.999856
0	138	120	0.99989
0	143	127	0.999886
0	193	154	0.999846
0	218	213	0.999826
1	234	156	0.999813
1	319	222	0.999745
1	319	208	0.999745
1	162	94	0.99987
0	314	270	0.999748
0	280	260	0.999775
1	267	153	0.999785
1	72	53	0.999942
0	232	189	0.999813
1	155	117	0.999875
0	57	53	0.999954
1	228	173	0.999816
0	270	247	0.999782
0	297	295	0.99976
0	105	96	0.999915
0	168	158	0.999864
1	315	216	0.999745
1	200	152	0.999838
0	237	200	0.999808
0	137	121	0.999889
1	58	37	0.999953
1	206	121	0.999833
0	224	196	0.999818
0	59	49	0.999952
1	215	154	0.999825
0	226	218	0.999816
1	307	236	0.99975
1	178	130	0.999855
1	276	200	0.999775
1	233	139	0.99981
0	218	180	0.999822
1	169	127	0.999862
1	60	38	0.999951
1	296	196	0.999758
1	214	132	0.999825
0	275	216	0.999775
1	199	151	0.999837
1	250	142	0.999795
1	228	146	0.999813
1	206	143	0.999831
1	251	143	0.999794
1	95	54	0.999922
1	141	91	0.999884
0	237	236	0.999805
0	113	93	0.999907
1	238	159	0.999804
0	159	131	0.999869
0	256	237	0.999789
1	236	145	0.999805
0	167	151	0.999862
0	133	118	0.99989
0	232	199	0.999808
0	290	268	0.99976
0	296	264	0.999755
1	163	121	0.999865
1	99	67	0.999918
0	291	254	0.999759
1	303	180	0.999749
0	292	289	0.999758
1	129	90	0.999893
1	94	67	0.999922
0	289	227	0.99976
0	260	245	0.999784
1	243	167	0.999798
0	244	220	0.999797
1	259	188	0.999784
0	211	179	0.999824
0	146	129	0.999878
1	292	200	0.999756
0	183	148	0.999847
0	177	140	0.999852
1	80	51	0.999933
1	284	178	0.999762
1	241	185	0.999798
1	266	191	0.999777
0	199	184	0.999833
0	137	134	0.999885
1	275	174	0.999769
0	119	99	0.9999
0	170	132	0.999857
1	227	132	0.999809
0	272	212	0.999771
0	266	217	0.999776
0	191	161	0.999839
0	77	70	0.999935
0	122	96	0.999897
1	261	191	0.999779
1	151	106	0.999872
0	302	240	0.999744
1	171	107	0.999855
0	171	147	0.999855
0	224	201	0.99981
1	179	134	0.999848
0	293	270	0.999751
0	160	158	0.999864
0	249	218	0.999788
0	250	221	0.999787
0	298	230	0.999746
0	198	154	0.999831
1	90	51	0.999923
0	133	130	0.999886
0	133	122	0.999886
0	259	253	0.999778
1	260	168	0.999777
0	268	232	0.99977
0	205	163	0.999824
1	85	51	0.999927
0	177	151	0.999848
1	156	118	0.999866
0	156	140	0.999866
1	71	42	0.999939
1	93	54	0.99992
0	201	177	0.999827
1	137	79	0.999882
1	174	114	0.99985
0	276	221	0.999762
0	182	179	0.999843
0	153	151	0.999868
1	270	195	0.999767
0	270	219	0.999767
1	117	77	0.999899
0	234	195	0.999798
0	256	212	0.999779
1	257	172	0.999778
0	213	205	0.999816
0	193	177	0.999833
1	260	180	0.999775
1	67	46	0.999942
0	150	122	0.99987
0	218	210	0.999811
0	181	157	0.999843
0	166	151	0.999856
1	291	193	0.999747
0	246	208	0.999786
0	208	161	0.999819
1	108	81	0.999906
1	170	119	0.999852
1	240	175	0.999791
0	173	172	0.999849
0	63	58	0.999945
1	245	144	0.999786
0	143	132	0.999875
1	262	183	0.999771
0	112	94	0.999902
1	144	101	0.999874
0	160	151	0.99986
0	81	74	0.999929
1	227	173	0.999801
1	262	155	0.99977
0	264	240	0.999768
0	215	166	0.999811
0	116	105	0.999898
0	232	185	0.999796
0	274	212	0.999759
0	133	124	0.999883
1	118	67	0.999896
1	278	161	0.999755
1	144	103	0.999873
1	283	183	0.99975
0	69	53	0.999939
0	228	195	0.999798
0	132	121	0.999883
1	97	73	0.999914
0	230	183	0.999796
0	275	219	0.999756
1	240	137	0.999787
0	244	214	0.999783
1	109	68	0.999903
1	182	112	0.999838
0	164	147	0.999854
1	269	190	0.99976
1	251	145	0.999776
0	280	279	0.99975
0	225	204	0.999799
1	197	132	0.999824
1	207	131	0.999815
0	171	142	0.999847
1	136	84	0.999878
1	275	180	0.999753
1	171	121	0.999846
1	212	157	0.999809
0	185	182	0.999833
0	62	55	0.999944
1	145	88	0.999869
0	281	272	0.999746
1	105	72	0.999905
1	263	200	0.999762
0	238	190	0.999784
1	77	54	0.99993
0	198	182	0.99982
0	278	259	0.999747
1	179	110	0.999837
1	248	177	0.999774
1	204	151	0.999814
1	216	135	0.999803
0	80	69	0.999927
0	240	219	0.999781
1	219	138	0.9998
0	272	247	0.999751
1	154	102	0.999859
0	204	168	0.999813
1	279	162	0.999744
0	98	78	0.99991
0	259	206	0.999762
1	62	37	0.999943
0	162	131	0.999851
1	254	160	0.999766
0	274	268	0.999747
1	92	57	0.999915
1	225	148	0.999792
1	146	90	0.999865
0	108	83	0.9999
0	259	241	0.99976
1	96	65	0.999911
0	241	209	0.999776
0	244	233	0.999773
1	73	48	0.999932
0	176	173	0.999836
0	119	95	0.999889
1	269	170	0.999749
0	258	198	0.999759
1	250	154	0.999766
0	227	180	0.999787
0	163	152	0.999847
0	196	194	0.999816
1	183	117	0.999828
0	51	45	0.999952
1	52	39	0.999951
0	191	172	0.99982
0	160	156	0.999849
1	253	183	0.999761
0	163	158	0.999846
0	182	154	0.999828
0	238	197	0.999775
1	202	126	0.999809
1	132	99	0.999875
0	57	47	0.999946
1	115	87	0.999891
0	115	94	0.999891
0	250	220	0.999763
0	212	165	0.999799
0	256	205	0.999757
0	238	218	0.999774
0	184	171	0.999825
0	249	216	0.999763
1	148	97	0.999859
0	152	127	0.999855
1	177	115	0.999831
1	249	155	0.999762
0	140	114	0.999866
0	71	69	0.999932
0	189	149	0.999819
0	190	169	0.999818
0	224	201	0.999785
1	266	185	0.999744
1	189	142	0.999818
1	218	153	0.99979
1	193	141	0.999814
1	193	126	0.999814
0	197	192	0.99981
0	172	167	0.999834
1	259	158	0.99975
0	238	187	0.99977
0	120	102	0.999884
0	244	237	0.999764
0	92	73	0.999911
1	187	115	0.999819
0	219	172	0.999788
0	253	194	0.999755
0	167	152	0.999838
0	234	224	0.999773
1	204	115	0.999802
1	206	157	0.9998
0	245	205	0.999762
1	176	121	0.999829
0	220	212	0.999786
0	184	178	0.999821
0	259	200	0.999747
0	223	207	0.999782
0	147	117	0.999856
0	129	104	0.999873
1	130	92	0.999872
1	138	101	0.999864
0	158	123	0.999844
0	251	202	0.999752
1	88	66	0.999913
1	90	54	0.999911
1	188	137	0.999814
1	110	82	0.999891
0	236	187	0.999766
1	246	153	0.999756
1	140	89	0.999861
1	152	91	0.999849
1	161	107	0.99984
1	173	121	0.999828
1	185	110	0.999816
1	185	117	0.999816
1	206	152	0.999795
0	217	185	0.999784
0	227	182	0.999774
0	249	225	0.999752
0	83	72	0.999917
1	99	69	0.999901
1	201	152	0.999799
0	212	209	0.999788
0	252	207	0.999748
0	254	249	0.999745
0	218	197	0.999781
1	194	115	0.999805
0	171	165	0.999828
0	161	156	0.999838
0	154	144	0.999845
1	251	153	0.999747
0	239	224	0.999759
0	115	106	0.999884
0	227	201	0.999771
1	222	139	0.999776
0	217	216	0.999781
0	178	166	0.99982
1	85	52	0.999914
1	169	121	0.999829
0	246	217	0.999751
0	217	181	0.99978
1	216	163	0.999781
0	126	110	0.999872
0	240	216	0.999756
1	59	44	0.99994
0	235	182	0.999761
1	229	148	0.999767
1	55	41	0.999944
1	212	130	0.999784
1	210	151	0.999786
0	95	85	0.999903
0	237	193	0.999758
0	92	81	0.999906
1	136	89	0.999861
1	178	125	0.999818
1	123	81	0.999874
0	81	67	0.999917
1	237	152	0.999757
0	117	92	0.99988
1	234	143	0.99976
1	75	49	0.999923
1	179	113	0.999816
0	214	205	0.99978
1	133	88	0.999863
1	193	144	0.999801
0	225	183	0.999768
0	231	186	0.999761
0	142	135	0.999853
0	168	155	0.999826
1	165	98	0.999829
0	108	94	0.999888
1	181	116	0.999812
0	205	181	0.999787
0	221	182	0.99977
1	244	182	0.999746
1	218	145	0.999773
1	192	141	0.9998
1	226	144	0.999764
0	202	184	0.999789
0	218	215	0.999772
1	217	129	0.999773
1	151	90	0.999842
0	169	136	0.999823
1	211	141	0.999779
0	81	64	0.999915
1	219	132	0.99977
1	174	121	0.999817
1	76	47	0.99992
0	183	167	0.999807
0	230	223	0.999756
1	112	70	0.999881
1	238	143	0.999747
0	141	122	0.99985
1	187	111	0.999801
0	229	213	0.999756
1	205	126	0.999781
0	203	202	0.999783
0	203	163	0.999783
0	232	220	0.999752
0	217	194	0.999768
0	191	187	0.999795
1	109	77	0.999883
1	68	51	0.999927
1	95	54	0.999898
0	214	212	0.99977
1	197	140	0.999788
0	228	188	0.999754
1	162	93	0.999825
1	112	83	0.999879
1	87	61	0.999906
0	174	171	0.999812
1	197	129	0.999787
0	147	140	0.999841
0	73	63	0.999921
1	73	45	0.999921
1	194	121	0.99979
0	227	185	0.999754
0	59	58	0.999936
0	224	207	0.999757
0	117	105	0.999873
1	70	51	0.999924
1	137	88	0.999851
1	228	132	0.999752
0	125	117	0.999864
0	192	163	0.999791
1	56	35	0.999939
1	235	152	0.999744
1	121	88	0.999868
0	176	140	0.999808
0	198	172	0.999784
0	230	186	0.999749
0	219	172	0.999761
1	120	87	0.999869
0	216	206	0.999764
0	216	170	0.999764
1	118	72	0.999871
0	227	176	0.999751
0	185	150	0.999797
1	154	99	0.999831
0	215	183	0.999764
0	184	176	0.999798
1	112	69	0.999877
0	152	126	0.999833
0	151	148	0.999834
0	100	96	0.99989
0	168	162	0.999815
1	176	132	0.999806
0	156	154	0.999828
0	107	97	0.999882
1	214	134	0.999764
1	106	72	0.999883
1	86	65	0.999905
0	198	177	0.999781
0	178	146	0.999803
0	148	129	0.999836
0	174	161	0.999807
0	137	136	0.999848
1	210	141	0.999767
0	219	174	0.999757
0	173	149	0.999808
0	100	89	0.999889
0	190	170	0.999789
0	98	93	0.999891
0	124	101	0.999862
1	228	152	0.999746
0	113	110	0.999874
1	112	83	0.999875
0	152	149	0.99983
0	59	50	0.999934
1	101	62	0.999887
1	126	71	0.999859
0	227	217	0.999746
1	172	102	0.999807
0	221	206	0.999752
1	146	104	0.999836
0	137	132	0.999846
0	56	52	0.999937
0	167	143	0.999812
1	173	117	0.999805
0	125	118	0.999859
1	109	71	0.999877
0	187	177	0.999789
0	217	187	0.999755
0	147	146	0.999834
1	193	136	0.999782
0	176	173	0.999801
1	102	67	0.999884
0	114	88	0.99987
0	121	94	0.999862
0	92	78	0.999895
0	177	163	0.999798
0	197	159	0.999775
1	56	36	0.999936
0	133	130	0.999848
0	201	162	0.99977
1	131	87	0.99985
1	193	114	0.999779
0	177	172	0.999797
0	136	112	0.999844
0	136	107	0.999844
1	209	135	0.99976
0	188	172	0.999784
0	194	166	0.999777
1	146	101	0.999832
1	179	117	0.999794
1	215	130	0.999752
1	122	82	0.999859
0	109	94	0.999874
0	173	154	0.9998
0	183	164	0.999788
1	201	149	0.999767
0	99	78	0.999885
1	140	86	0.999837
0	94	81	0.99989
0	204	175	0.999761
0	214	172	0.999749
0	156	151	0.999817
1	190	133	0.999777
1	126	94	0.999852
0	165	143	0.999806
0	216	168	0.999746
0	181	168	0.999787
0	113	100	0.999867
1	179	114	0.999789
1	177	120	0.999791
0	171	136	0.999798
0	198	176	0.999766
1	192	130	0.999773
1	175	111	0.999793
0	191	147	0.999774
1	152	112	0.99982
1	141	90	0.999833
0	173	150	0.999795
0	129	120	0.999847
0	207	201	0.999754
1	191	134	0.999773
0	180	177	0.999786
0	169	135	0.999799
1	169	111	0.999799
0	163	151	0.999806
0	89	79	0.999894
0	178	165	0.999788
0	119	114	0.999858
0	71	55	0.999915
0	146	113	0.999825
1	50	33	0.99994
0	74	73	0.999911
1	179	117	0.999784
0	192	159	0.999768
0	128	127	0.999845
0	161	151	0.999805
1	101	75	0.999877
1	55	33	0.999933
1	100	60	0.999878
1	209	129	0.999745
0	68	57	0.999917
0	104	89	0.999873
0	85	78	0.999896
0	204	167	0.99975
0	110	89	0.999865
1	176	100	0.999784
0	123	105	0.999849
0	188	184	0.999769
0	83	67	0.999898
0	196	169	0.999759
0	196	175	0.999759
0	173	142	0.999787
1	121	82	0.999851
1	203	118	0.99975
1	177	112	0.999782
0	184	155	0.999773
0	94	93	0.999884
0	122	96	0.999849
1	67	40	0.999917
1	192	135	0.999762
1	100	69	0.999876
0	100	96	0.999876
1	137	82	0.99983
0	182	138	0.999774
0	188	171	0.999766
0	163	150	0.999797
1	114	73	0.999858
1	65	40	0.999919
1	142	104	0.999823
0	198	165	0.999753
0	72	58	0.99991
0	116	100	0.999855
0	175	164	0.999781
1	166	116	0.999792
0	150	117	0.999812
1	71	51	0.999911
0	134	105	0.999832
1	59	40	0.999926
0	55	47	0.999931
1	62	35	0.999922
1	119	79	0.99985
0	153	139	0.999807
0	137	106	0.999827
0	190	148	0.99976
0	117	115	0.999852
0	181	155	0.999771
0	143	108	0.999819
0	125	115	0.999841
0	155	154	0.999802
1	108	73	0.999862
0	180	173	0.99977
0	57	49	0.999927
0	196	148	0.999749
1	199	125	0.999745
0	134	128	0.999828
1	169	104	0.999783
1	116	81	0.999851
1	158	119	0.999797
0	179	157	0.99977
0	192	173	0.999753
0	178	152	0.999771
1	59	36	0.999924
1	59	44	0.999924
0	156	134	0.999799
1	96	69	0.999876
0	143	137	0.999815
1	169	111	0.999781
1	84	50	0.999891
1	167	94	0.999783
0	50	43	0.999935
1	70	44	0.999909
0	90	88	0.999883
0	176	165	0.999771
1	119	74	0.999845
1	112	84	0.999854
0	171	147	0.999777
0	85	74	0.999889
0	90	80	0.999882
0	125	110	0.999836
1	131	97	0.999828
0	67	65	0.999912
1	102	74	0.999866
1	137	89	0.99982
0	54	48	0.999929
0	114	93	0.99985
1	104	71	0.999863
1	173	101	0.999772
1	97	55	0.999872
1	131	93	0.999827
0	162	143	0.999786
1	115	86	0.999848
0	180	174	0.999762
0	161	160	0.999787
1	142	91	0.999812
0	188	147	0.999751
0	86	83	0.999886
0	138	116	0.999817
1	191	139	0.999746
1	148	90	0.999803
1	175	101	0.999767
0	135	112	0.99982
1	140	81	0.999813
1	119	85	0.999841
0	89	79	0.999881
0	74	60	0.999901
1	68	42	0.999909
1	185	136	0.999752
0	146	133	0.999804
0	70	53	0.999906
0	178	172	0.999761
1	140	91	0.999812
1	134	91	0.99982
1	183	127	0.999754
0	182	174	0.999755
0	187	171	0.999748
0	175	132	0.999764
0	164	144	0.999778
0	135	106	0.999817
0	132	117	0.999821
1	129	76	0.999825
0	98	93	0.999867
0	75	64	0.999898
1	175	117	0.999762
0	146	141	0.999801
0	153	121	0.999791
0	142	108	0.999806
0	187	162	0.999744
0	119	101	0.999837
0	147	139	0.999798
0	69	61	0.999905
0	148	136	0.999796
0	132	102	0.999818
1	155	112	0.999786
1	120	68	0.999834
1	159	96	0.99978
1	162	108	0.999775
0	151	141	0.99979
0	138	124	0.999808
0	130	127	0.999819
1	99	62	0.999862
1	165	124	0.99977
1	166	105	0.999768
0	173	157	0.999758
0	129	100	0.999819
1	136	89	0.999809
0	180	155	0.999747
1	177	125	0.999751
1	110	69	0.999845
1	78	53	0.99989
0	73	72	0.999897
0	107	104	0.999849
1	127	85	0.99982
0	146	113	0.999793
1	133	100	0.999811
1	118	82	0.999832
1	101	71	0.999856
1	169	97	0.999759
0	163	143	0.999767
0	114	89	0.999837
0	131	130	0.999812
0	135	113	0.999806
1	149	93	0.999785
1	161	98	0.999767
1	96	58	0.999861
1	173	111	0.999749
1	126	77	0.999817
0	66	57	0.999904
0	116	98	0.999831
1	151	87	0.99978
0	139	121	0.999797
0	174	164	0.999745
1	148	100	0.999783
1	90	63	0.999868
1	122	79	0.999821
0	74	57	0.999891
0	139	130	0.999795
1	103	64	0.999848
1	113	65	0.999833
0	73	69	0.999892
0	150	120	0.999778
0	102	82	0.999849
1	164	97	0.999757
1	170	121	0.999748
1	156	106	0.999768
1	94	61	0.99986
0	161	157	0.99976
0	112	97	0.999833
0	75	74	0.999888
0	99	77	0.999852
1	56	34	0.999916
1	56	32	0.999916
1	108	69	0.999838
1	110	80	0.999835
0	140	127	0.99979
0	148	112	0.999778
1	161	106	0.999758
0	133	130	0.9998
0	125	124	0.999812
0	69	56	0.999896
1	65	42	0.999902
1	96	68	0.999855
1	143	85	0.999784
1	139	101	0.99979
1	86	63	0.99987
1	167	122	0.999747
1	122	81	0.999815
1	160	112	0.999757
0	127	126	0.999807
0	144	113	0.999781
1	119	80	0.999819
1	111	72	0.999831
0	126	122	0.999808
0	93	83	0.999858
0	148	132	0.999774
0	111	102	0.99983
1	126	92	0.999807
0	139	137	0.999787
1	118	70	0.999819
1	88	58	0.999865
0	88	82	0.999865
1	73	48	0.999888
1	101	71	0.999845
0	158	131	0.999757
1	91	59	0.99986
0	135	107	0.999792
1	133	90	0.999795
0	141	135	0.999782
0	103	93	0.99984
1	91	60	0.999858
0	164	143	0.999744
0	57	45	0.999911
0	112	92	0.999825
0	156	147	0.999756
0	92	70	0.999856
0	53	52	0.999917
1	159	93	0.999751
0	149	114	0.999766
1	56	36	0.999912
1	122	73	0.999808
0	103	80	0.999837
1	132	91	0.999791
1	77	49	0.999878
1	126	76	0.9998
1	119	74	0.999811
0	134	111	0.999787
1	147	84	0.999766
0	108	100	0.999828
0	74	65	0.999882
0	72	60	0.999885
1	137	79	0.999781
0	145	114	0.999768
0	153	132	0.999754
0	72	70	0.999884
0	88	67	0.999858
1	140	100	0.999774
1	109	74	0.999824
0	132	129	0.999786
0	64	49	0.999896
0	96	84	0.999844
0	139	127	0.999773
0	150	124	0.999755
0	78	77	0.999872
1	84	61	0.999862
0	140	106	0.99977
1	129	95	0.999788
1	85	61	0.99986
0	135	132	0.999777
1	147	87	0.999757
0	101	82	0.999833
0	57	47	0.999905
0	69	52	0.999885
0	120	111	0.9998
1	141	80	0.999765
1	109	72	0.999818
0	67	54	0.999888
0	137	120	0.999771
1	110	79	0.999816
0	114	113	0.999809
0	111	90	0.999814
0	144	132	0.999758
0	92	70	0.999845
0	73	69	0.999877
0	70	66	0.999882
0	71	57	0.99988
0	55	49	0.999907
0	68	65	0.999885
1	114	66	0.999807
1	82	55	0.999861
1	132	81	0.999776
0	149	112	0.999747
1	113	79	0.999808
0	67	63	0.999886
0	91	82	0.999845
0	140	106	0.999761
0	103	93	0.999824
1	69	44	0.999882
1	92	63	0.999842
0	110	90	0.999811
0	64	55	0.99989
0	82	68	0.999859
1	105	76	0.999819
1	62	42	0.999893
1	74	44	0.999872
1	97	63	0.999832
0	60	52	0.999896
0	64	49	0.999889
0	125	100	0.999783
1	76	51	0.999868
1	80	49	0.999861
0	80	68	0.99986
1	96	70	0.999832
0	125	101	0.999781
0	57	46	0.9999
0	90	89	0.999842
0	123	97	0.999784
0	119	111	0.999791
0	119	94	0.999791
0	137	122	0.999759
0	55	43	0.999903
0	89	81	0.999843
1	90	61	0.999841
0	69	55	0.999878
0	140	119	0.999752
0	129	100	0.999771
1	126	90	0.999775
1	140	96	0.99975
1	81	58	0.999855
0	116	106	0.999792
0	83	75	0.999851
0	113	95	0.999797
1	90	52	0.999838
0	141	114	0.999745
1	63	39	0.999886
0	132	108	0.999761
0	85	64	0.999846
0	129	102	0.999766
0	103	87	0.999813
1	104	62	0.999811
0	115	99	0.999791
0	121	92	0.99978
0	100	84	0.999818
0	80	63	0.999854
0	121	104	0.999779
1	139	79	0.999746
0	118	97	0.999784
1	125	86	0.999771
0	131	116	0.999759
1	138	96	0.999746
0	115	89	0.999788
1	96	61	0.999823
1	97	59	0.999821
0	52	50	0.999904
0	111	91	0.999795
0	132	118	0.999756
0	67	55	0.999876
1	74	46	0.999863
1	62	45	0.999885
1	76	48	0.999859
1	99	73	0.999816
0	79	70	0.999853
0	73	59	0.999864
1	92	58	0.999828
1	124	71	0.999768
1	127	79	0.999762
0	132	105	0.999752
0	92	69	0.999827
0	106	99	0.9998
0	119	108	0.999774
0	100	87	0.99981
0	56	51	0.999893
0	58	48	0.999889
0	133	110	0.999745
0	128	107	0.999754
1	94	67	0.999819
0	110	109	0.999788
1	127	85	0.999755
0	103	85	0.999801
1	125	81	0.999758
1	111	80	0.999784
1	126	92	0.999754
0	65	53	0.999873
0	70	53	0.999863
1	98	64	0.999808
0	74	68	0.999855
0	107	102	0.99979
0	60	58	0.999882
0	72	68	0.999858
0	91	71	0.99982
0	117	103	0.999768
0	71	69	0.999859
0	120	105	0.999761
1	123	83	0.999755
0	90	81	0.99982
0	97	89	0.999806
0	122	104	0.999755
0	72	65	0.999855
0	114	96	0.99977
0	92	79	0.999814
1	116	82	0.999765
0	71	63	0.999856
1	123	75	0.999749
0	112	111	0.999771
1	66	48	0.999865
1	87	51	0.999822
0	65	61	0.999867
0	98	82	0.999799
0	107	95	0.99978
0	87	65	0.999821
0	87	79	0.999821
1	67	38	0.999862
0	100	88	0.999794
1	68	43	0.999859
1	108	66	0.999776
0	106	84	0.99978
0	96	73	0.9998
0	67	60	0.99986
1	120	82	0.999749
0	109	101	0.999772
0	73	68	0.999847
0	51	41	0.999893
1	112	66	0.999765
0	69	55	0.999855
0	77	75	0.999838
0	75	58	0.999842
0	120	94	0.999746
0	102	98	0.999783
1	86	64	0.999817
1	92	62	0.999804
0	66	52	0.999859
1	102	67	0.999782
1	110	75	0.999764
0	96	93	0.999794
0	102	99	0.999781
1	84	56	0.999819
0	115	104	0.999752
1	118	75	0.999745
1	62	41	0.999866
1	92	52	0.999801
0	102	88	0.999779
0	93	88	0.999798
0	79	75	0.999828
1	117	74	0.999745
0	61	55	0.999867
1	66	49	0.999856
1	113	78	0.999753
0	92	87	0.999797
0	76	70	0.999832
0	83	73	0.999816
1	98	71	0.999782
0	56	42	0.999875
1	75	46	0.999832
1	68	42	0.999847
1	110	68	0.999752
0	86	72	0.999806
0	93	85	0.99979
0	100	99	0.999774
0	111	85	0.999747
0	93	88	0.999788
0	56	51	0.999872
0	79	77	0.999819
0	84	83	0.999807
0	68	65	0.999843
1	67	45	0.999845
0	51	48	0.999882
0	57	46	0.999868
0	69	63	0.99984
0	81	72	0.999812
0	97	91	0.999774
0	103	101	0.99976
1	96	60	0.999776
1	99	65	0.999769
0	85	82	0.999801
0	102	86	0.999761
1	58	35	0.999863
0	107	106	0.999747
1	86	61	0.999796
0	92	76	0.999781
0	68	53	0.999838
0	83	66	0.999802
0	82	67	0.999804
1	81	47	0.999806
1	52	35	0.999875
0	96	88	0.999769
0	54	49	0.99987
0	103	83	0.999752
1	101	63	0.999756
0	100	85	0.999758
0	76	66	0.999816
1	102	69	0.999753
1	90	56	0.999782
0	92	79	0.999775
1	83	51	0.999797
0	93	84	0.999772
0	55	47	0.999865
0	77	64	0.999811
0	52	44	0.999872
1	81	48	0.9998
1	81	47	0.9998
0	98	96	0.999758
1	98	71	0.999758
0	72	61	0.999822
1	102	69	0.999746
0	66	65	0.999834
0	56	49	0.999858
0	85	72	0.999783
0	75	56	0.999808
0	58	46	0.999851
0	98	76	0.999748
1	61	44	0.999843
0	78	61	0.999799
1	50	32	0.999871
1	62	46	0.99984
0	99	93	0.999744
0	69	54	0.999821
1	74	42	0.999808
0	75	65	0.999805
1	88	55	0.999771
0	86	77	0.999774
0	85	73	0.999776
1	85	49	0.999776
1	67	44	0.999823
1	56	34	0.999852
0	58	54	0.999846
1	82	47	0.999782
1	65	38	0.999827
0	85	81	0.999773
0	94	89	0.999748
0	64	48	0.999828
1	90	54	0.999758
0	92	82	0.999751
1	92	65	0.999751
0	73	62	0.999802
0	81	78	0.99978
0	69	54	0.999812
0	60	59	0.999836
1	54	32	0.999852
0	78	59	0.999786
1	78	56	0.999785
1	55	39	0.999848
1	86	53	0.999761
0	84	83	0.999766
0	54	52	0.999849
1	64	37	0.999821
1	62	45	0.999826
0	52	51	0.999854
0	84	74	0.999764
1	84	60	0.999764
0	70	60	0.999803
0	81	67	0.999772
0	60	53	0.999831
1	76	49	0.999785
1	76	54	0.999785
0	90	67	0.999745
0	73	70	0.999793
1	73	51	0.999793
1	69	40	0.999804
1	51	32	0.999855
1	69	43	0.999803
0	63	55	0.99982
0	57	55	0.999836
1	58	40	0.999833
0	86	80	0.999751
0	81	62	0.999764
1	58	38	0.999831
0	83	74	0.999758
0	71	55	0.999792
0	73	61	0.999786
1	64	41	0.999812
1	58	34	0.999829
0	59	52	0.999826
0	69	59	0.999796
1	60	39	0.999822
0	65	64	0.999806
0	59	51	0.999823
1	64	40	0.999808
0	65	55	0.999802
1	54	38	0.999833
1	81	55	0.999749
0	74	60	0.99977
1	80	53	0.99975
0	70	67	0.999781
1	61	45	0.999809
0	81	70	0.999746
1	73	46	0.999771
0	70	64	0.999779
0	63	57	0.999801
1	55	34	0.999826
1	60	38	0.999809
0	54	49	0.999828
1	72	53	0.99977
1	59	35	0.999811
1	65	42	0.99979
1	50	29	0.999837
0	74	62	0.999758
0	76	66	0.99975
0	67	54	0.999779
0	69	64	0.999772
1	69	47	0.999772
0	73	67	0.999757
1	69	45	0.999769
0	59	49	0.999802
0	70	66	0.999765
0	74	60	0.999751
1	64	37	0.999783
1	75	51	0.999745
0	56	44	0.999809
0	72	69	0.999754
0	70	60	0.99976
0	58	48	0.999801
1	62	43	0.999787
1	66	48	0.999773
0	70	66	0.999759
0	68	56	0.999764
1	72	49	0.999745
0	60	45	0.999787
0	50	48	0.999822
1	60	42	0.999786
0	57	52	0.999795
0	67	66	0.999756
1	62	35	0.999774
0	54	53	0.999803
0	69	53	0.999748
1	66	49	0.999754
1	67	42	0.99975
1	55	40	0.999793
0	57	45	0.999781
0	66	63	0.999746
1	54	40	0.999792
0	53	43	0.999795
1	54	32	0.999791
1	64	43	0.999752
1	58	34	0.999775
1	64	41	0.999751
1	59	37	0.999769
0	64	58	0.999749
1	56	39	0.999779
0	60	57	0.999762
1	52	34	0.999792
1	63	40	0.999748
0	62	60	0.999747
0	60	54	0.999755
0	51	43	0.99979
0	61	54	0.999748
0	60	53	0.999751
1	59	37	0.999755
0	61	60	0.999745
0	55	52	0.99977
0	51	38	0.999783
0	56	42	0.999755
0	54	43	0.999753
0	52	49	0.999762
0	51	50	0.999764
0	53	42	0.999753
0	53	49	0.999748
1	50	35	0.999762
0	50	48	0.999746
