172008
8.52437
5000
1	60	40	1
1	439	371	1
1	144	105	1
1	114	104	1
1	461	359	1
1	282	207	1
1	485	408	0.999999
1	485	409	0.999999
1	465	290	0.999999
1	454	286	0.999999
1	427	414	0.999999
1	424	370	0.999999
1	352	244	0.999999
1	348	232	0.999999
1	294	196	0.999999
1	279	201	0.999999
1	274	200	0.999999
1	259	180	0.999999
1	489	427	0.999998
1	240	232	0.999999
1	464	414	0.999998
1	463	290	0.999998
1	228	156	0.999999
1	224	199	0.999999
1	448	350	0.999998
1	441	439	0.999998
1	438	270	0.999998
1	217	174	0.999999
1	214	204	0.999999
1	208	170	0.999999
1	414	272	0.999998
1	409	383	0.999998
1	405	385	0.999998
1	396	333	0.999998
1	359	288	0.999998
1	330	219	0.999998
1	491	356	0.999997
1	487	317	0.999997
1	483	369	0.999997
1	318	229	0.999998
1	470	344	0.999997
1	313	290	0.999998
1	308	245	0.999998
1	302	273	0.999998
1	447	325	0.999997
1	146	121	0.999999
1	429	426	0.999997
1	427	275	0.999997
1	424	281	0.999997
1	405	367	0.999997
1	268	209	0.999998
1	128	81	0.999999
1	376	281	0.999997
1	118	80	0.999999
1	236	166	0.999998
1	225	158	0.999998
1	336	261	0.999997
1	328	315	0.999997
1	109	94	0.999999
1	212	181	0.999998
1	419	305	0.999996
1	418	337	0.999996
1	101	63	0.999999
1	500	355	0.999995
0	291	290	0.999997
1	384	250	0.999996
1	479	398	0.999995
1	473	331	0.999995
1	472	345	0.999995
1	370	269	0.999996
1	277	253	0.999997
1	89	70	0.999999
1	348	278	0.999996
1	346	276	0.999996
1	343	315	0.999996
1	343	257	0.999996
1	255	186	0.999997
1	338	297	0.999996
1	417	253	0.999995
1	246	229	0.999997
1	243	213	0.999997
1	242	169	0.999997
1	481	443	0.999994
1	319	304	0.999996
1	238	208	0.999997
1	396	353	0.999995
1	391	279	0.999995
1	234	174	0.999997
1	389	362	0.999995
1	77	71	0.999999
1	459	443	0.999994
1	382	375	0.999995
1	368	345	0.999995
1	215	180	0.999997
1	357	238	0.999995
1	71	57	0.999999
1	281	193	0.999996
1	418	336	0.999994
1	208	146	0.999997
1	275	176	0.999996
1	202	178	0.999997
1	402	254	0.999994
1	331	243	0.999995
1	328	272	0.999995
1	393	250	0.999994
1	392	254	0.999994
1	391	319	0.999994
1	195	153	0.999997
1	63	51	0.999999
1	436	392	0.999993
1	248	185	0.999996
1	496	321	0.999992
1	489	402	0.999992
1	244	233	0.999996
1	483	312	0.999992
1	481	384	0.999992
1	120	100	0.999998
1	475	417	0.999992
1	296	221	0.999995
1	176	166	0.999997
1	116	82	0.999998
1	463	351	0.999992
1	460	424	0.999992
1	285	229	0.999995
1	341	280	0.999994
1	393	376	0.999993
1	55	49	0.999999
1	54	51	0.999999
1	270	244	0.999995
1	425	391	0.999992
1	478	408	0.999991
1	318	300	0.999994
1	370	294	0.999993
1	104	89	0.999998
1	310	240	0.999994
1	465	381	0.999991
1	360	299	0.999993
1	252	216	0.999995
0	149	148	0.999997
1	495	422	0.99999
1	346	288	0.999993
1	98	74	0.999998
1	439	321	0.999991
1	436	270	0.999991
1	285	191	0.999994
1	424	296	0.999991
1	464	385	0.99999
1	230	180	0.999995
1	458	376	0.99999
1	456	378	0.99999
1	225	164	0.999995
1	312	215	0.999993
1	490	420	0.999989
1	89	63	0.999998
1	89	75	0.999998
1	400	343	0.999991
1	133	103	0.999997
1	393	368	0.999991
1	389	305	0.999991
1	345	322	0.999992
1	474	300	0.999989
1	215	173	0.999995
0	214	212	0.999995
1	212	160	0.999995
1	381	349	0.999991
1	126	91	0.999997
1	500	414	0.999988
1	497	342	0.999988
1	455	277	0.999989
1	493	425	0.999988
1	123	86	0.999997
1	444	330	0.999989
1	160	139	0.999996
1	239	147	0.999994
1	277	252	0.999993
1	433	276	0.999989
1	432	399	0.999989
1	466	321	0.999988
1	464	379	0.999988
1	346	263	0.999991
1	115	74	0.999997
0	497	496	0.999987
1	191	146	0.999995
1	382	278	0.99999
1	495	461	0.999987
1	152	95	0.999996
1	417	317	0.999989
1	379	322	0.99999
1	452	419	0.999988
1	338	272	0.999991
1	225	200	0.999994
1	336	209	0.999991
1	448	341	0.999988
1	448	311	0.999988
1	222	148	0.999994
1	444	297	0.999988
1	472	410	0.999987
1	361	273	0.99999
1	500	441	0.999986
1	357	243	0.99999
1	464	417	0.999987
1	142	102	0.999996
1	426	334	0.999988
1	317	204	0.999991
1	387	369	0.999989
1	490	378	0.999986
1	209	204	0.999994
1	418	298	0.999988
1	69	44	0.999998
1	441	355	0.999987
1	403	332	0.999988
1	235	172	0.999993
1	500	466	0.999985
1	298	250	0.999991
1	165	161	0.999995
1	264	204	0.999992
1	327	284	0.99999
1	261	228	0.999992
1	228	209	0.999993
1	324	281	0.99999
1	322	218	0.99999
1	417	385	0.999987
1	449	361	0.999986
0	480	477	0.999985
1	480	311	0.999985
0	318	317	0.99999
1	381	260	0.999988
1	285	252	0.999991
1	411	252	0.999987
1	347	266	0.999989
1	409	382	0.999987
1	440	428	0.999986
1	282	267	0.999991
1	469	393	0.999985
1	217	199	0.999993
1	434	415	0.999986
1	496	368	0.999984
1	216	153	0.999993
1	493	408	0.999984
1	308	237	0.99999
1	400	329	0.999987
1	123	101	0.999996
1	490	327	0.999984
1	153	96	0.999995
1	397	383	0.999987
1	121	110	0.999996
1	121	113	0.999996
1	392	338	0.999987
1	421	329	0.999986
1	90	72	0.999997
1	269	200	0.999991
1	268	223	0.999991
1	297	243	0.99999
1	324	220	0.999989
1	499	432	0.999983
1	146	124	0.999995
1	379	309	0.999987
1	203	146	0.999993
1	173	128	0.999994
1	115	106	0.999996
1	201	144	0.999993
1	286	273	0.99999
1	314	303	0.999989
1	198	165	0.999993
1	366	300	0.999987
1	253	221	0.999991
1	224	203	0.999992
1	250	164	0.999991
1	415	395	0.999985
1	469	355	0.999983
1	356	276	0.999987
1	438	344	0.999984
1	218	137	0.999992
1	271	203	0.99999
1	108	80	0.999996
1	214	190	0.999992
1	453	416	0.999983
0	184	179	0.999993
1	393	293	0.999985
1	419	404	0.999984
1	288	179	0.999989
1	366	242	0.999986
1	261	206	0.99999
1	232	176	0.999991
1	334	241	0.999987
1	488	471	0.999981
1	282	225	0.999989
1	383	248	0.999985
1	229	166	0.999991
1	429	321	0.999983
1	378	312	0.999985
1	375	273	0.999985
1	375	350	0.999985
1	273	193	0.999989
1	495	465	0.99998
1	394	349	0.999984
0	171	169	0.999993
1	415	287	0.999983
1	341	315	0.999986
1	292	208	0.999988
1	121	111	0.999995
1	121	95	0.999995
0	459	453	0.999981
1	459	409	0.999981
1	483	300	0.99998
1	263	174	0.999989
1	381	301	0.999984
1	331	295	0.999986
1	260	205	0.999989
1	471	339	0.99998
1	400	337	0.999983
1	376	321	0.999984
1	493	328	0.999979
1	468	292	0.99998
1	419	357	0.999982
1	487	339	0.999979
1	393	347	0.999983
1	393	260	0.999983
1	416	380	0.999982
1	231	197	0.99999
0	92	89	0.999996
1	207	133	0.999991
1	437	316	0.999981
1	437	358	0.999981
1	431	284	0.999981
1	408	285	0.999982
1	476	416	0.999979
0	317	314	0.999986
1	317	282	0.999986
1	430	274	0.999981
1	384	234	0.999983
1	496	335	0.999978
1	449	327	0.99998
0	426	422	0.999981
1	201	151	0.999991
1	268	169	0.999988
1	424	272	0.999981
1	178	135	0.999992
1	222	214	0.99999
1	399	278	0.999982
1	264	197	0.999988
1	373	346	0.999983
1	174	135	0.999992
0	348	337	0.999984
1	282	209	0.999987
1	498	341	0.999977
1	324	288	0.999985
1	429	273	0.99998
1	343	212	0.999984
1	257	239	0.999988
1	466	377	0.999978
0	147	146	0.999993
0	210	203	0.99999
1	483	394	0.999977
1	440	289	0.999979
1	417	368	0.99998
1	437	283	0.999979
1	353	230	0.999983
1	166	148	0.999992
1	186	173	0.999991
1	474	428	0.999977
1	474	398	0.999977
1	267	245	0.999987
1	389	317	0.999981
1	347	223	0.999983
1	385	337	0.999981
1	465	417	0.999977
1	321	246	0.999984
1	200	140	0.99999
1	380	256	0.999981
1	500	326	0.999975
1	439	325	0.999978
1	219	157	0.999989
1	377	295	0.999981
1	317	235	0.999984
1	297	243	0.999985
1	413	326	0.999979
1	470	451	0.999976
1	176	133	0.999991
1	391	331	0.99998
1	332	205	0.999983
1	371	249	0.999981
1	97	77	0.999995
1	349	269	0.999982
0	407	391	0.999979
1	465	393	0.999976
1	271	201	0.999986
1	425	290	0.999978
1	367	314	0.999981
1	385	274	0.99998
1	404	321	0.999979
0	442	429	0.999977
1	422	402	0.999978
1	364	272	0.999981
1	498	452	0.999974
1	363	269	0.999981
1	381	358	0.99998
1	438	299	0.999977
1	304	244	0.999984
1	493	317	0.999974
1	246	156	0.999987
1	208	142	0.999989
1	321	303	0.999983
1	376	344	0.99998
1	487	314	0.999974
1	468	417	0.999975
1	448	427	0.999976
1	317	194	0.999983
1	185	138	0.99999
1	407	346	0.999978
1	462	280	0.999975
1	388	246	0.999979
0	166	165	0.999991
1	478	405	0.999974
1	311	273	0.999983
1	73	45	0.999996
0	438	431	0.999976
0	291	288	0.999984
1	491	319	0.999973
1	127	98	0.999993
0	381	379	0.999979
1	453	293	0.999975
1	181	142	0.99999
1	161	101	0.999991
1	107	77	0.999994
1	481	302	0.999973
1	320	216	0.999982
1	496	301	0.999972
1	352	296	0.99998
1	474	436	0.999973
1	472	375	0.999973
0	366	355	0.999979
1	452	340	0.999974
1	486	366	0.999972
1	432	304	0.999975
1	482	422	0.999972
1	189	132	0.999989
1	240	197	0.999986
1	358	328	0.999979
1	119	105	0.999993
1	390	236	0.999977
1	474	427	0.999972
1	270	251	0.999984
1	421	345	0.999975
1	101	83	0.999994
1	185	158	0.999989
1	151	138	0.999991
1	335	308	0.99998
1	435	411	0.999974
1	367	292	0.999978
1	466	325	0.999972
1	299	271	0.999982
1	481	335	0.999971
0	496	489	0.99997
0	413	400	0.999975
1	396	335	0.999976
1	247	226	0.999985
1	279	198	0.999983
0	262	258	0.999984
1	456	418	0.999972
1	423	283	0.999974
0	65	62	0.999996
1	260	189	0.999984
1	400	288	0.999975
0	399	382	0.999975
1	367	298	0.999977
1	363	323	0.999977
1	472	445	0.99997
1	361	332	0.999977
1	344	278	0.999978
1	468	359	0.99997
1	373	278	0.999976
1	497	315	0.999968
0	186	183	0.999988
1	465	297	0.99997
1	370	254	0.999976
1	308	202	0.99998
1	169	136	0.999989
0	444	432	0.999971
0	352	347	0.999977
1	459	436	0.99997
1	427	339	0.999972
1	442	334	0.999971
1	304	239	0.99998
1	471	387	0.999969
1	258	189	0.999983
1	379	255	0.999975
1	378	274	0.999975
1	166	109	0.999989
1	226	198	0.999985
1	271	256	0.999982
1	374	337	0.999975
1	477	436	0.999968
1	446	273	0.99997
1	104	72	0.999993
1	297	227	0.99998
1	89	71	0.999994
0	474	455	0.999968
1	296	278	0.99998
1	429	385	0.999971
1	280	198	0.999981
1	486	387	0.999967
1	323	279	0.999978
1	352	248	0.999976
0	278	268	0.999981
1	131	82	0.999991
1	160	140	0.999989
1	480	307	0.999967
1	378	353	0.999974
1	390	347	0.999973
1	245	179	0.999983
1	144	107	0.99999
1	356	259	0.999975
1	398	318	0.999972
1	298	235	0.999979
1	184	122	0.999987
1	198	161	0.999986
1	281	238	0.99998
1	351	248	0.999975
1	393	328	0.999972
1	266	171	0.999981
1	420	321	0.99997
1	462	391	0.999967
1	209	128	0.999985
1	362	239	0.999974
1	111	74	0.999992
1	194	154	0.999986
1	235	172	0.999983
0	409	389	0.99997
0	448	429	0.999967
1	95	88	0.999993
1	122	84	0.999991
0	418	397	0.999969
0	283	273	0.999979
1	269	252	0.99998
0	496	493	0.999963
1	306	221	0.999977
1	465	396	0.999965
1	239	208	0.999982
1	264	188	0.99998
0	355	338	0.999973
0	446	427	0.999966
1	484	376	0.999963
1	300	225	0.999977
1	443	322	0.999966
1	52	39	0.999996
1	143	113	0.999989
0	169	164	0.999987
1	260	173	0.99998
1	481	381	0.999963
1	233	207	0.999982
1	388	359	0.99997
1	335	213	0.999974
1	412	255	0.999968
1	424	335	0.999967
1	475	356	0.999963
1	308	246	0.999976
1	282	209	0.999978
0	487	482	0.999962
0	410	404	0.999968
1	267	227	0.999979
1	216	159	0.999983
1	203	145	0.999984
1	291	263	0.999977
1	240	185	0.999981
1	429	293	0.999966
1	63	51	0.999995
1	441	317	0.999965
1	340	214	0.999973
1	390	364	0.999969
1	440	343	0.999965
1	339	316	0.999973
1	163	111	0.999987
1	462	373	0.999963
0	461	455	0.999963
1	498	468	0.99996
1	323	264	0.999974
1	298	229	0.999976
1	332	296	0.999973
1	479	355	0.999961
1	330	239	0.999973
1	427	295	0.999965
1	439	272	0.999964
0	329	325	0.999973
0	463	459	0.999962
1	486	319	0.99996
1	266	184	0.999978
0	265	262	0.999978
1	336	210	0.999972
0	396	374	0.999967
1	263	167	0.999978
1	498	404	0.999958
0	118	112	0.99999
0	365	344	0.999969
1	423	266	0.999964
1	363	269	0.999969
1	339	235	0.999971
0	397	396	0.999966
0	432	427	0.999963
1	175	124	0.999985
1	210	176	0.999982
0	290	280	0.999975
1	371	261	0.999968
0	324	318	0.999972
1	428	282	0.999963
1	289	221	0.999975
1	496	366	0.999957
1	495	358	0.999957
1	402	349	0.999965
1	413	381	0.999964
1	172	146	0.999985
0	126	122	0.999989
1	252	231	0.999978
1	229	207	0.99998
1	343	309	0.99997
1	457	332	0.99996
1	182	136	0.999984
1	306	203	0.999973
0	474	448	0.999958
1	236	181	0.999979
1	483	437	0.999957
1	101	66	0.999991
1	415	306	0.999963
1	370	311	0.999967
1	280	170	0.999975
1	280	204	0.999975
1	347	287	0.999969
1	414	266	0.999963
1	358	268	0.999968
1	190	130	0.999983
1	267	162	0.999976
1	200	167	0.999982
1	200	175	0.999982
1	222	136	0.99998
0	188	185	0.999983
1	376	326	0.999966
1	265	162	0.999976
1	309	236	0.999972
1	331	264	0.99997
1	408	288	0.999963
1	441	398	0.99996
1	154	98	0.999986
1	374	295	0.999966
1	483	435	0.999956
0	439	433	0.99996
1	395	252	0.999964
1	351	212	0.999968
1	350	299	0.999968
0	339	322	0.999969
1	415	261	0.999962
1	393	310	0.999964
1	480	444	0.999956
1	109	95	0.99999
1	163	119	0.999985
0	293	289	0.999973
0	454	431	0.999958
1	270	183	0.999975
1	421	376	0.999961
1	259	239	0.999976
1	334	210	0.999969
1	441	329	0.999959
1	419	270	0.999961
1	322	200	0.99997
1	171	114	0.999984
1	426	260	0.99996
1	426	267	0.99996
1	351	241	0.999967
1	468	313	0.999956
0	319	317	0.99997
1	435	305	0.999959
1	297	213	0.999972
1	445	280	0.999958
1	95	62	0.999991
1	137	99	0.999987
1	337	210	0.999968
0	337	335	0.999968
1	272	221	0.999974
1	387	359	0.999963
1	261	166	0.999975
1	459	372	0.999956
1	73	57	0.999993
1	417	363	0.99996
1	250	192	0.999976
1	427	392	0.999959
1	281	244	0.999973
1	322	217	0.999969
1	487	338	0.999953
1	93	82	0.999991
1	434	372	0.999958
1	134	112	0.999987
1	402	268	0.999961
1	432	370	0.999958
1	442	401	0.999957
1	349	266	0.999966
1	338	295	0.999967
1	317	218	0.999969
1	478	352	0.999953
0	335	315	0.999967
1	335	268	0.999967
0	375	352	0.999963
1	111	75	0.999989
0	413	391	0.999959
0	141	135	0.999986
1	312	285	0.999969
1	301	212	0.99997
1	110	73	0.999989
1	490	446	0.999951
1	189	170	0.999981
1	238	213	0.999976
1	178	109	0.999982
1	434	274	0.999956
1	345	211	0.999965
1	344	279	0.999965
1	500	347	0.999949
1	225	196	0.999977
1	88	60	0.999991
1	429	319	0.999956
1	487	296	0.99995
1	292	180	0.99997
1	107	91	0.999989
1	389	280	0.99996
1	340	259	0.999965
1	495	381	0.999949
1	252	201	0.999974
1	436	367	0.999955
1	242	176	0.999975
1	483	407	0.99995
1	454	403	0.999953
1	434	324	0.999955
1	337	249	0.999965
0	500	485	0.999948
1	336	236	0.999965
1	403	320	0.999958
1	364	287	0.999962
1	383	259	0.99996
1	486	339	0.999949
1	343	293	0.999964
0	350	331	0.999963
0	481	449	0.999949
0	226	218	0.999976
1	235	208	0.999975
1	282	242	0.99997
0	282	276	0.99997
1	430	345	0.999954
1	56	37	0.999994
0	84	80	0.999991
0	233	219	0.999975
1	205	137	0.999978
1	382	283	0.999959
1	475	370	0.999949
1	446	344	0.999952
1	204	179	0.999978
1	278	235	0.99997
1	287	182	0.999969
1	185	145	0.99998
1	305	217	0.999967
0	397	391	0.999957
1	166	152	0.999982
1	193	169	0.999979
1	386	274	0.999958
1	202	130	0.999978
0	468	446	0.999949
0	128	121	0.999986
1	365	248	0.99996
1	483	375	0.999947
1	273	226	0.99997
1	364	328	0.99996
0	373	356	0.999959
1	400	285	0.999956
1	409	291	0.999955
1	472	412	0.999948
1	281	196	0.999969
1	462	408	0.999949
1	422	319	0.999953
1	422	307	0.999953
1	368	315	0.999959
1	457	331	0.999949
1	206	161	0.999977
0	367	344	0.999959
1	295	227	0.999967
0	366	363	0.999959
1	473	408	0.999947
1	116	87	0.999987
0	455	433	0.999949
0	320	295	0.999964
1	497	331	0.999944
1	434	336	0.999951
1	291	252	0.999967
1	432	366	0.999951
1	351	223	0.99996
1	482	440	0.999945
1	473	290	0.999946
1	183	166	0.999979
1	305	230	0.999965
1	331	223	0.999962
0	331	326	0.999962
1	287	244	0.999967
1	426	310	0.999951
1	295	212	0.999966
1	147	99	0.999983
1	415	345	0.999952
1	276	251	0.999968
1	499	439	0.999942
1	275	250	0.999968
1	326	245	0.999962
1	283	225	0.999967
0	300	283	0.999965
1	360	307	0.999958
1	188	121	0.999978
0	205	202	0.999976
1	333	288	0.999961
1	264	216	0.999969
0	366	352	0.999957
0	85	83	0.99999
1	85	77	0.99999
1	374	289	0.999956
1	280	195	0.999967
0	483	464	0.999943
1	288	252	0.999966
1	203	152	0.999976
1	456	418	0.999946
1	253	220	0.99997
1	177	127	0.999979
0	160	154	0.999981
1	261	171	0.999969
1	362	328	0.999957
1	404	267	0.999952
1	462	410	0.999945
1	410	331	0.999951
1	251	177	0.99997
0	326	323	0.999961
1	476	413	0.999943
0	359	335	0.999957
1	406	303	0.999951
1	397	265	0.999952
1	338	224	0.999959
1	320	238	0.999961
1	369	293	0.999955
1	500	414	0.999939
1	418	297	0.999949
1	319	270	0.999961
1	376	312	0.999954
1	449	398	0.999945
1	310	208	0.999962
1	318	195	0.999961
1	481	292	0.999941
0	277	275	0.999966
1	187	159	0.999977
1	317	197	0.999961
1	356	267	0.999956
1	364	322	0.999955
1	291	242	0.999964
1	452	349	0.999944
1	258	176	0.999968
1	153	133	0.999981
0	241	236	0.99997
1	249	195	0.999969
1	345	218	0.999957
1	425	273	0.999947
1	465	291	0.999942
1	479	386	0.99994
1	447	348	0.999944
1	351	214	0.999956
1	335	216	0.999958
0	311	285	0.999961
0	271	268	0.999966
1	246	161	0.999969
1	119	76	0.999985
1	285	221	0.999964
1	380	330	0.999952
0	323	312	0.999959
1	189	145	0.999976
1	307	206	0.999961
1	488	418	0.999938
1	220	172	0.999972
1	431	292	0.999945
0	141	135	0.999982
1	493	305	0.999937
1	476	390	0.999939
0	476	449	0.999939
1	397	337	0.999949
1	420	344	0.999946
1	404	351	0.999948
1	155	131	0.99998
0	255	247	0.999967
1	309	187	0.99996
1	478	418	0.999938
1	424	330	0.999945
1	439	340	0.999943
1	200	170	0.999974
1	446	343	0.999942
1	169	105	0.999978
1	330	216	0.999957
1	92	71	0.999988
0	475	460	0.999938
1	314	205	0.999959
1	390	313	0.999949
0	367	350	0.999952
1	474	406	0.999938
1	344	263	0.999955
1	351	233	0.999954
1	267	173	0.999965
1	305	270	0.99996
1	282	247	0.999963
1	99	89	0.999987
0	495	456	0.999935
1	137	122	0.999982
1	266	194	0.999965
0	91	84	0.999988
1	455	363	0.99994
0	144	140	0.999981
1	499	382	0.999934
1	407	263	0.999946
1	384	282	0.999949
1	489	327	0.999935
1	105	64	0.999986
0	105	96	0.999986
0	345	322	0.999954
1	405	298	0.999946
1	487	381	0.999935
1	277	225	0.999963
1	262	226	0.999965
0	247	243	0.999967
0	486	473	0.999935
1	314	230	0.999958
1	470	293	0.999937
1	491	391	0.999934
1	468	387	0.999937
1	163	112	0.999978
1	400	350	0.999946
1	74	59	0.99999
1	185	122	0.999975
1	377	300	0.999949
1	480	304	0.999935
1	405	289	0.999945
1	419	318	0.999943
1	169	153	0.999977
1	301	220	0.999959
1	403	263	0.999945
1	117	98	0.999984
1	424	302	0.999942
1	467	287	0.999936
1	394	264	0.999946
1	328	255	0.999955
1	458	302	0.999937
0	305	300	0.999958
1	145	130	0.99998
1	406	329	0.999944
1	406	320	0.999944
1	442	296	0.999939
1	268	165	0.999963
1	239	171	0.999967
0	478	441	0.999934
1	391	241	0.999946
1	188	156	0.999974
1	470	381	0.999935
1	159	130	0.999978
1	260	218	0.999964
0	202	191	0.999972
0	310	303	0.999957
1	425	345	0.999941
0	367	355	0.999949
1	415	303	0.999942
1	429	354	0.99994
1	293	219	0.999959
0	221	204	0.999969
1	206	148	0.999971
1	348	276	0.999951
1	177	128	0.999975
1	106	73	0.999985
1	325	270	0.999954
1	452	304	0.999936
0	402	379	0.999943
0	275	250	0.999961
1	141	112	0.99998
1	472	413	0.999933
1	443	271	0.999937
0	443	409	0.999937
0	485	456	0.999931
0	274	253	0.999961
1	344	252	0.999951
1	379	239	0.999946
1	56	34	0.999992
1	98	82	0.999986
1	175	138	0.999975
1	245	156	0.999965
1	427	318	0.999939
1	461	414	0.999934
1	440	362	0.999937
1	293	200	0.999958
1	230	169	0.999967
0	494	447	0.999929
1	229	148	0.999967
1	416	262	0.99994
0	457	427	0.999934
1	90	64	0.999987
0	449	441	0.999935
1	221	188	0.999968
1	414	357	0.99994
1	365	225	0.999947
0	344	342	0.99995
1	275	194	0.99996
1	378	305	0.999945
1	452	337	0.999934
1	164	101	0.999976
0	246	235	0.999964
1	355	263	0.999948
0	380	348	0.999944
1	426	362	0.999937
1	480	399	0.999929
0	338	334	0.99995
0	338	324	0.99995
1	452	360	0.999933
1	425	305	0.999937
0	236	224	0.999965
1	128	107	0.999981
0	444	400	0.999934
0	356	353	0.999947
1	450	346	0.999933
1	355	266	0.999947
1	154	93	0.999977
1	415	303	0.999938
1	261	193	0.999961
1	341	293	0.999949
0	500	469	0.999925
1	313	203	0.999953
1	437	309	0.999934
1	496	349	0.999925
1	198	166	0.99997
1	277	234	0.999958
0	356	327	0.999946
1	500	375	0.999924
0	217	197	0.999967
1	230	169	0.999965
1	276	198	0.999958
1	426	276	0.999935
1	321	285	0.999951
1	419	348	0.999936
1	268	202	0.999959
0	379	352	0.999942
1	405	288	0.999938
0	111	109	0.999983
1	137	114	0.999979
1	313	210	0.999952
1	352	225	0.999946
0	65	59	0.99999
1	65	47	0.99999
0	461	418	0.999929
1	175	139	0.999973
0	350	337	0.999946
1	324	259	0.99995
0	265	250	0.999959
1	394	331	0.999939
1	284	184	0.999956
1	400	287	0.999938
1	290	234	0.999955
1	464	333	0.999928
1	495	333	0.999923
1	244	216	0.999962
1	244	200	0.999962
1	199	178	0.999969
0	276	261	0.999957
1	417	346	0.999935
1	417	348	0.999935
1	481	297	0.999925
1	109	94	0.999983
1	218	141	0.999966
1	359	252	0.999944
1	487	299	0.999924
1	211	148	0.999967
1	166	122	0.999974
1	300	252	0.999953
1	402	294	0.999937
1	51	42	0.999992
1	344	226	0.999946
1	210	171	0.999967
1	369	258	0.999942
1	248	165	0.999961
0	324	303	0.999949
0	343	319	0.999946
1	463	345	0.999927
1	412	311	0.999935
1	399	335	0.999937
1	253	208	0.99996
1	474	359	0.999925
1	454	400	0.999928
0	371	333	0.999941
1	333	269	0.999947
1	490	299	0.999922
1	226	200	0.999964
0	339	328	0.999946
0	458	423	0.999927
1	207	134	0.999967
1	345	286	0.999945
1	420	361	0.999933
1	376	260	0.99994
1	376	238	0.99994
0	332	299	0.999947
1	413	368	0.999934
1	413	322	0.999934
1	219	139	0.999965
1	419	366	0.999933
0	268	258	0.999957
1	249	183	0.99996
1	305	249	0.999951
1	168	135	0.999973
1	342	259	0.999945
1	348	239	0.999944
1	410	289	0.999934
1	354	240	0.999943
0	415	372	0.999933
1	365	272	0.999941
1	266	217	0.999957
1	278	235	0.999955
0	210	200	0.999966
1	284	253	0.999954
1	487	389	0.999921
1	302	204	0.999951
1	345	217	0.999944
0	338	315	0.999945
1	467	362	0.999924
0	430	389	0.99993
0	430	411	0.99993
1	92	69	0.999985
1	331	250	0.999946
1	373	240	0.999939
1	281	209	0.999954
1	171	114	0.999972
1	244	201	0.99996
1	311	214	0.999949
0	445	426	0.999927
0	353	329	0.999942
1	365	266	0.99994
1	298	193	0.999951
1	255	182	0.999958
1	255	168	0.999958
1	394	320	0.999935
1	351	285	0.999942
1	314	238	0.999948
1	199	155	0.999967
1	463	321	0.999923
0	156	147	0.999974
1	216	155	0.999964
1	228	203	0.999962
1	258	198	0.999957
0	258	257	0.999957
0	276	247	0.999954
1	276	232	0.999954
1	384	246	0.999936
0	461	443	0.999923
1	353	287	0.999941
1	341	235	0.999943
0	287	263	0.999952
1	251	176	0.999958
1	478	289	0.99992
1	454	285	0.999924
1	215	187	0.999964
0	203	182	0.999966
1	376	333	0.999937
1	143	110	0.999976
1	494	362	0.999917
0	452	443	0.999924
1	107	84	0.999982
1	428	306	0.999928
1	297	259	0.99995
1	386	238	0.999935
1	344	288	0.999942
0	338	331	0.999943
1	320	256	0.999946
0	391	362	0.999934
1	231	192	0.999961
1	373	292	0.999937
1	136	97	0.999977
1	242	209	0.999959
1	330	263	0.999944
1	436	278	0.999926
1	306	218	0.999948
1	406	247	0.999931
1	463	323	0.999921
1	462	330	0.999921
0	304	277	0.999948
0	438	437	0.999925
0	350	317	0.99994
1	420	320	0.999928
1	436	282	0.999925
1	215	173	0.999963
1	58	41	0.99999
1	255	224	0.999956
1	168	115	0.999971
1	446	306	0.999923
1	359	287	0.999938
1	191	160	0.999967
0	405	370	0.99993
1	428	294	0.999926
1	266	229	0.999954
0	185	167	0.999968
0	358	357	0.999938
0	358	356	0.999938
1	473	356	0.999918
1	340	251	0.999941
1	432	343	0.999925
0	236	227	0.999959
1	466	284	0.999919
1	477	369	0.999917
0	385	377	0.999933
1	448	369	0.999922
1	241	175	0.999958
1	350	228	0.999939
1	218	188	0.999962
1	498	417	0.999913
1	269	182	0.999953
1	406	296	0.999929
1	486	310	0.999915
1	360	245	0.999937
0	217	213	0.999962
1	388	271	0.999932
1	445	381	0.999922
0	445	415	0.999922
1	462	407	0.999919
0	439	413	0.999923
1	399	322	0.99993
0	415	409	0.999927
1	437	275	0.999923
1	448	346	0.999921
1	408	335	0.999928
0	481	427	0.999915
1	464	287	0.999918
1	328	227	0.999942
1	424	310	0.999925
1	424	352	0.999925
1	322	269	0.999943
0	288	262	0.999949
1	344	209	0.999939
1	406	271	0.999928
1	451	370	0.99992
0	152	151	0.999973
1	456	304	0.999919
0	447	406	0.99992
0	430	409	0.999923
1	273	225	0.999951
1	139	103	0.999975
1	439	373	0.999921
1	450	374	0.999919
1	111	93	0.99998
1	438	333	0.999921
1	377	252	0.999932
1	144	114	0.999974
0	465	457	0.999916
1	271	184	0.999951
0	442	436	0.99992
1	464	299	0.999916
1	370	256	0.999933
1	392	344	0.999929
0	309	306	0.999944
1	281	186	0.999949
0	402	398	0.999927
0	424	413	0.999923
1	77	53	0.999986
0	132	122	0.999976
1	154	119	0.999972
0	165	151	0.99997
1	220	170	0.99996
1	181	143	0.999967
1	104	63	0.999981
1	498	375	0.999909
1	350	245	0.999936
1	235	153	0.999957
1	153	94	0.999972
0	295	277	0.999946
1	355	309	0.999935
0	442	410	0.999919
1	289	181	0.999947
1	289	233	0.999947
0	147	145	0.999973
0	299	285	0.999945
0	478	437	0.999912
0	429	391	0.999921
0	418	385	0.999923
1	347	270	0.999936
1	411	252	0.999924
1	497	348	0.999908
1	210	155	0.999961
0	156	148	0.999971
1	312	192	0.999942
1	328	255	0.999939
1	301	187	0.999944
1	462	407	0.999914
1	365	269	0.999932
1	338	243	0.999937
1	375	282	0.99993
1	273	234	0.999949
0	460	443	0.999914
0	155	146	0.999971
0	358	355	0.999933
1	363	268	0.999932
1	80	61	0.999985
1	405	337	0.999924
1	426	368	0.99992
0	410	365	0.999923
1	463	402	0.999913
0	149	141	0.999972
0	447	431	0.999916
0	335	334	0.999937
1	340	238	0.999936
1	393	280	0.999926
0	297	280	0.999944
1	228	173	0.999957
1	106	66	0.99998
1	477	368	0.99991
0	307	274	0.999942
1	386	277	0.999927
1	497	308	0.999906
0	491	443	0.999907
1	417	358	0.999921
1	343	213	0.999935
1	290	212	0.999945
0	374	342	0.999929
1	458	338	0.999913
0	321	291	0.999939
0	352	322	0.999933
1	499	338	0.999905
1	399	329	0.999924
0	446	422	0.999915
1	367	254	0.99993
1	372	233	0.999929
1	482	348	0.999908
0	461	425	0.999912
1	497	403	0.999905
1	298	211	0.999943
1	371	230	0.999929
0	418	407	0.99992
1	386	322	0.999926
1	401	351	0.999923
1	333	252	0.999936
1	457	336	0.999912
1	410	345	0.999921
1	441	327	0.999915
1	249	183	0.999952
0	461	459	0.999911
1	202	156	0.999961
1	176	120	0.999966
1	264	216	0.999949
1	414	330	0.99992
0	429	389	0.999917
0	491	453	0.999905
1	217	135	0.999958
1	392	260	0.999924
0	299	267	0.999942
1	448	285	0.999913
1	144	114	0.999972
1	365	320	0.999929
1	257	198	0.99995
1	370	257	0.999928
1	498	345	0.999903
1	446	378	0.999913
1	287	237	0.999944
1	369	311	0.999928
0	215	189	0.999958
1	327	198	0.999936
0	449	421	0.999912
0	352	323	0.999931
1	341	268	0.999933
1	203	135	0.99996
0	294	265	0.999942
1	441	327	0.999913
0	228	203	0.999955
0	263	258	0.999948
1	440	335	0.999913
1	343	298	0.999932
1	287	238	0.999943
1	156	113	0.999969
1	473	311	0.999906
1	317	246	0.999937
1	493	349	0.999902
1	216	145	0.999957
1	432	340	0.999914
0	487	445	0.999903
1	497	335	0.999901
1	291	236	0.999942
0	426	387	0.999915
1	471	308	0.999906
1	486	359	0.999903
1	439	381	0.999912
1	379	306	0.999924
1	304	193	0.999939
1	343	293	0.999931
0	333	326	0.999933
0	248	224	0.99995
1	347	244	0.99993
0	456	435	0.999908
1	426	372	0.999914
1	277	183	0.999944
0	351	347	0.999929
0	270	240	0.999945
0	378	373	0.999923
1	486	421	0.999901
1	422	362	0.999914
1	461	333	0.999906
1	152	106	0.999969
0	480	437	0.999902
1	142	89	0.999971
0	235	211	0.999952
0	186	163	0.999962
0	279	272	0.999943
1	323	257	0.999934
1	367	237	0.999925
1	137	88	0.999972
1	274	218	0.999944
1	450	304	0.999908
1	288	207	0.999941
1	419	270	0.999914
1	380	318	0.999922
0	336	321	0.999931
1	287	229	0.999941
1	476	382	0.999902
1	403	328	0.999917
0	364	353	0.999925
0	165	155	0.999966
0	262	240	0.999946
1	446	295	0.999908
1	349	281	0.999928
1	247	215	0.999949
1	329	276	0.999932
1	116	94	0.999976
1	232	146	0.999952
1	290	190	0.99994
1	251	169	0.999948
1	246	204	0.999949
0	434	393	0.99991
1	434	293	0.99991
0	400	352	0.999917
1	477	397	0.999901
1	289	177	0.99994
0	366	356	0.999924
1	178	129	0.999963
1	187	127	0.999961
1	302	194	0.999937
1	431	348	0.99991
1	316	269	0.999934
0	493	481	0.999897
1	397	259	0.999917
1	483	392	0.999899
1	277	227	0.999942
1	272	182	0.999943
1	386	294	0.999919
1	319	205	0.999933
0	119	114	0.999975
1	138	104	0.999971
0	428	382	0.99991
0	328	297	0.999931
1	423	325	0.999911
0	133	131	0.999972
1	497	321	0.999895
0	497	481	0.999895
1	317	253	0.999933
0	293	289	0.999938
0	463	411	0.999902
0	448	393	0.999905
1	297	236	0.999937
1	193	159	0.999959
0	334	304	0.999929
0	390	348	0.999917
0	108	101	0.999977
1	389	291	0.999917
1	403	245	0.999914
1	234	178	0.99995
1	379	229	0.999919
1	407	264	0.999913
1	304	244	0.999935
0	173	170	0.999963
1	201	160	0.999957
0	229	215	0.999951
0	397	361	0.999915
1	411	344	0.999912
1	453	299	0.999903
1	495	368	0.999894
1	112	84	0.999976
1	499	379	0.999893
0	247	233	0.999947
1	191	124	0.999959
0	489	438	0.999895
1	470	317	0.999899
1	214	141	0.999954
1	465	281	0.9999
1	451	299	0.999903
1	483	354	0.999896
1	130	108	0.999972
0	195	178	0.999958
1	116	77	0.999975
1	348	213	0.999925
0	357	341	0.999923
1	445	275	0.999904
0	445	429	0.999904
1	241	162	0.999948
0	315	304	0.999932
0	213	195	0.999954
1	375	312	0.999919
1	384	269	0.999917
1	374	318	0.999919
1	120	85	0.999974
1	332	263	0.999928
1	106	82	0.999977
1	424	341	0.999908
1	387	251	0.999916
0	175	172	0.999962
1	465	297	0.999899
1	170	141	0.999963
1	147	124	0.999968
0	124	111	0.999973
0	248	216	0.999946
0	225	210	0.999951
1	482	406	0.999895
0	257	228	0.999944
1	408	305	0.999911
1	430	300	0.999906
1	192	121	0.999958
1	402	309	0.999912
1	306	207	0.999933
0	470	447	0.999897
1	433	366	0.999905
1	328	259	0.999928
1	405	293	0.999911
1	91	69	0.99998
0	309	292	0.999932
1	454	389	0.9999
0	313	293	0.999931
1	494	332	0.999891
1	435	360	0.999904
1	367	238	0.999919
1	154	101	0.999966
1	471	355	0.999896
1	235	171	0.999948
1	212	172	0.999953
1	446	271	0.999901
1	473	319	0.999895
0	90	83	0.99998
1	216	136	0.999952
1	252	212	0.999944
0	490	477	0.999891
0	202	192	0.999955
1	453	371	0.999899
1	139	105	0.999969
1	278	210	0.999938
1	300	211	0.999933
1	291	228	0.999935
1	228	177	0.999949
0	420	394	0.999906
1	277	200	0.999938
1	487	355	0.999891
0	487	430	0.999891
1	433	303	0.999903
0	308	292	0.999931
0	370	338	0.999917
1	427	338	0.999904
0	169	147	0.999962
1	462	393	0.999896
0	457	431	0.999897
1	386	312	0.999913
1	315	217	0.999929
1	488	384	0.99989
1	275	236	0.999938
1	421	312	0.999905
0	301	291	0.999932
0	270	249	0.999939
1	318	198	0.999928
0	415	389	0.999906
1	366	267	0.999917
1	410	261	0.999907
0	304	291	0.999931
1	207	153	0.999953
1	383	291	0.999913
1	352	267	0.99992
1	145	95	0.999967
1	145	107	0.999967
1	452	357	0.999897
1	351	297	0.99992
1	408	313	0.999907
1	263	191	0.99994
1	447	367	0.999898
1	346	220	0.999921
1	232	200	0.999947
0	315	298	0.999928
1	188	116	0.999957
1	266	181	0.999939
0	257	255	0.999941
1	453	388	0.999896
1	479	361	0.99989
0	313	281	0.999928
1	352	233	0.999919
1	365	223	0.999916
1	473	308	0.999891
0	321	280	0.999926
0	169	162	0.999961
0	394	367	0.999909
1	355	224	0.999918
1	264	177	0.999939
0	432	395	0.9999
1	406	277	0.999906
0	423	377	0.999902
1	410	280	0.999905
0	410	363	0.999905
1	384	295	0.999911
1	444	333	0.999897
0	379	365	0.999912
0	340	301	0.999921
1	370	285	0.999914
1	499	306	0.999884
1	262	208	0.999939
1	73	50	0.999983
0	382	365	0.999911
0	386	362	0.99991
1	60	50	0.999986
1	368	284	0.999914
1	338	279	0.999921
1	385	301	0.99991
0	355	346	0.999917
1	372	308	0.999913
0	342	336	0.99992
0	406	387	0.999905
1	299	191	0.99993
0	380	337	0.999911
1	388	263	0.999909
0	276	264	0.999935
1	208	158	0.999951
1	208	132	0.999951
1	326	254	0.999923
1	402	334	0.999905
0	461	417	0.999891
0	372	324	0.999912
1	300	213	0.999929
0	414	366	0.999902
0	249	248	0.999941
1	135	101	0.999968
0	135	117	0.999968
1	485	392	0.999885
0	59	58	0.999986
1	455	366	0.999892
0	396	369	0.999906
1	261	181	0.999938
1	404	345	0.999904
1	143	89	0.999966
0	454	445	0.999892
1	84	69	0.99998
0	105	102	0.999975
1	491	345	0.999883
0	113	106	0.999973
0	272	255	0.999935
1	472	388	0.999887
1	167	121	0.99996
1	430	291	0.999897
0	434	401	0.999896
0	379	341	0.999909
1	308	224	0.999926
1	387	292	0.999907
0	341	320	0.999918
1	478	354	0.999885
1	482	406	0.999884
1	481	292	0.999884
1	369	308	0.999911
1	489	319	0.999882
0	211	194	0.999949
0	153	151	0.999963
1	442	322	0.999893
1	442	318	0.999893
1	475	327	0.999885
1	355	286	0.999914
0	227	221	0.999945
0	425	423	0.999897
1	466	303	0.999887
1	144	121	0.999965
1	255	173	0.999938
1	473	384	0.999885
0	148	141	0.999964
1	481	309	0.999883
1	119	94	0.999971
1	439	296	0.999893
1	201	170	0.999951
1	487	402	0.999881
0	270	254	0.999934
1	413	273	0.999899
1	282	180	0.999931
1	474	334	0.999884
0	294	279	0.999928
1	102	74	0.999975
0	408	403	0.9999
0	310	272	0.999924
0	163	152	0.99996
1	471	348	0.999884
1	251	209	0.999938
1	295	235	0.999927
1	400	328	0.999901
1	347	215	0.999914
0	480	455	0.999881
0	367	365	0.999909
1	371	233	0.999908
1	407	323	0.999899
0	471	460	0.999883
1	471	392	0.999883
0	370	368	0.999908
0	422	379	0.999895
0	297	291	0.999926
0	321	293	0.99992
1	365	278	0.999909
0	413	394	0.999897
1	477	330	0.999881
1	56	46	0.999986
1	56	36	0.999986
1	64	51	0.999984
0	84	74	0.999979
1	112	79	0.999972
1	136	95	0.999966
1	208	141	0.999948
1	212	152	0.999947
1	444	301	0.999889
1	472	397	0.999882
0	472	422	0.999882
1	459	351	0.999885
0	403	399	0.999899
1	395	324	0.999901
1	299	253	0.999925
1	267	176	0.999933
1	490	365	0.999877
1	239	165	0.99994
0	478	424	0.99988
1	442	310	0.999889
0	203	179	0.999949
0	409	406	0.999897
0	393	383	0.999901
0	325	318	0.999918
1	424	340	0.999893
1	420	259	0.999894
0	400	367	0.999899
1	194	138	0.999951
1	487	379	0.999877
0	487	436	0.999877
1	384	299	0.999903
1	475	379	0.99988
0	364	341	0.999908
1	178	110	0.999955
1	245	176	0.999938
1	490	376	0.999876
1	324	226	0.999918
0	458	426	0.999884
0	304	272	0.999923
1	342	268	0.999913
1	452	384	0.999885
1	385	276	0.999902
1	259	221	0.999934
1	341	277	0.999913
1	239	152	0.999939
1	466	345	0.999881
1	184	139	0.999953
1	411	285	0.999895
1	489	360	0.999875
0	168	148	0.999957
0	336	300	0.999914
1	445	330	0.999886
1	437	305	0.999888
1	429	277	0.99989
1	464	284	0.999881
0	417	369	0.999893
1	296	204	0.999924
0	405	368	0.999896
1	354	291	0.999909
1	381	280	0.999902
1	334	230	0.999914
0	229	227	0.999941
1	380	312	0.999902
0	155	138	0.99996
1	399	277	0.999897
1	325	210	0.999916
1	472	333	0.999878
1	472	360	0.999878
1	352	230	0.999909
1	437	289	0.999887
1	437	335	0.999887
1	259	180	0.999933
1	402	285	0.999896
1	282	221	0.999927
1	220	187	0.999943
0	54	49	0.999986
0	54	49	0.999986
1	135	111	0.999965
1	324	245	0.999916
1	439	271	0.999886
0	354	310	0.999908
1	50	34	0.999987
1	150	125	0.999961
1	400	331	0.999896
0	396	340	0.999897
0	388	386	0.999899
1	242	159	0.999937
1	238	181	0.999938
0	165	160	0.999957
1	211	141	0.999945
1	487	383	0.999873
0	490	449	0.999872
0	421	381	0.99989
1	321	267	0.999916
1	489	305	0.999872
1	84	60	0.999978
1	252	184	0.999934
1	397	325	0.999896
1	297	226	0.999922
1	373	232	0.999902
1	327	229	0.999914
0	376	331	0.999901
0	224	203	0.999941
1	463	328	0.999878
0	387	333	0.999898
0	349	304	0.999908
1	212	163	0.999944
0	352	311	0.999907
0	366	312	0.999903
1	298	204	0.999921
1	441	306	0.999883
1	418	275	0.999889
1	192	122	0.999949
1	320	210	0.999915
1	350	294	0.999907
0	282	266	0.999925
1	387	314	0.999897
1	154	97	0.999959
1	308	224	0.999918
1	368	252	0.999902
1	210	169	0.999944
1	345	263	0.999908
0	446	436	0.999881
1	374	268	0.9999
1	258	206	0.999931
1	329	268	0.999912
1	243	168	0.999935
0	400	389	0.999893
0	340	291	0.999909
1	235	151	0.999937
1	395	285	0.999894
0	342	306	0.999908
0	223	198	0.99994
1	130	95	0.999965
0	208	192	0.999944
1	390	329	0.999895
0	360	324	0.999903
1	449	303	0.999879
0	256	248	0.999931
1	397	285	0.999893
1	278	179	0.999925
0	389	368	0.999895
0	211	189	0.999943
1	436	329	0.999882
1	495	381	0.999866
1	362	255	0.999902
0	277	245	0.999925
0	476	466	0.999871
1	332	207	0.99991
0	498	485	0.999865
0	284	265	0.999923
1	295	199	0.99992
1	468	303	0.999873
0	350	306	0.999905
1	305	208	0.999917
0	382	353	0.999896
1	367	234	0.9999
1	422	260	0.999885
0	253	247	0.999931
1	392	325	0.999893
0	337	328	0.999908
1	326	258	0.999911
0	293	276	0.99992
1	340	226	0.999907
0	318	301	0.999913
0	190	176	0.999948
1	274	217	0.999925
1	157	121	0.999957
1	292	239	0.99992
1	441	284	0.999879
0	379	345	0.999896
1	266	223	0.999927
1	331	224	0.999909
0	469	408	0.999871
1	149	93	0.999959
1	436	288	0.99988
1	443	324	0.999878
1	225	190	0.999938
1	377	236	0.999896
0	453	449	0.999875
0	366	347	0.999899
1	384	288	0.999894
1	460	370	0.999873
1	478	356	0.999868
1	347	237	0.999904
1	159	115	0.999956
1	437	347	0.999879
1	343	257	0.999905
0	184	162	0.999949
1	321	220	0.999911
1	321	231	0.999911
1	292	244	0.999919
0	191	182	0.999947
1	281	208	0.999922
0	54	50	0.999985
1	216	174	0.99994
0	241	227	0.999933
1	241	191	0.999933
1	489	365	0.999864
1	406	290	0.999887
1	334	274	0.999907
0	474	453	0.999868
1	456	324	0.999873
1	305	253	0.999915
1	269	197	0.999925
0	434	370	0.999879
0	297	253	0.999917
0	150	132	0.999958
1	375	279	0.999895
1	157	116	0.999956
1	478	319	0.999866
1	346	287	0.999903
0	107	105	0.99997
1	107	72	0.99997
1	453	279	0.999873
1	453	275	0.999873
1	189	118	0.999947
1	146	108	0.999959
0	420	417	0.999882
0	459	416	0.999871
1	352	225	0.999901
0	384	357	0.999892
1	494	375	0.999861
0	398	369	0.999888
0	334	325	0.999906
1	206	163	0.999942
1	394	309	0.999889
1	415	291	0.999883
0	415	398	0.999883
0	301	294	0.999915
1	131	82	0.999963
1	400	285	0.999887
1	173	130	0.999951
1	420	264	0.999881
0	480	455	0.999864
1	247	197	0.99993
0	162	148	0.999954
1	419	334	0.999881
1	447	350	0.999873
0	436	418	0.999876
0	239	211	0.999932
1	239	161	0.999932
1	267	162	0.999924
1	288	174	0.999918
1	453	321	0.999871
1	474	331	0.999865
0	382	379	0.999891
0	444	443	0.999873
1	335	248	0.999904
0	321	294	0.999908
0	258	256	0.999926
1	108	81	0.999969
0	439	419	0.999874
1	310	193	0.999911
1	188	115	0.999946
1	414	327	0.999881
1	372	289	0.999893
0	285	260	0.999918
1	66	50	0.999981
0	389	369	0.999888
1	281	189	0.999919
1	402	321	0.999884
1	135	89	0.999961
1	339	263	0.999902
1	491	319	0.999858
0	446	436	0.999871
1	280	182	0.999919
1	401	300	0.999884
0	401	357	0.999884
0	311	300	0.99991
1	380	295	0.99989
1	397	296	0.999885
0	359	332	0.999896
1	169	105	0.999951
1	476	302	0.999862
1	217	161	0.999937
1	279	218	0.999919
0	465	407	0.999865
0	234	198	0.999932
1	306	202	0.999911
1	464	313	0.999865
1	378	298	0.99989
0	134	126	0.999961
0	285	270	0.999917
1	398	310	0.999884
0	367	359	0.999893
0	408	363	0.999881
1	305	185	0.999911
1	298	194	0.999913
0	411	369	0.99988
1	500	402	0.999854
0	195	181	0.999943
1	253	181	0.999926
1	441	280	0.999871
0	451	408	0.999868
1	427	345	0.999875
0	427	408	0.999875
1	304	241	0.999911
0	263	254	0.999923
0	198	195	0.999942
1	331	247	0.999903
1	341	236	0.9999
1	208	163	0.999939
0	392	366	0.999885
1	409	285	0.99988
1	436	265	0.999872
0	446	383	0.999869
1	480	380	0.999859
1	381	315	0.999888
1	500	417	0.999853
0	500	466	0.999853
0	442	440	0.99987
0	479	450	0.999859
0	445	440	0.999869
0	394	391	0.999884
1	482	388	0.999858
1	319	209	0.999906
1	234	144	0.999931
0	234	210	0.999931
1	478	342	0.999859
0	244	227	0.999928
0	481	469	0.999858
1	254	183	0.999925
1	254	173	0.999925
0	237	226	0.99993
0	457	395	0.999865
0	433	414	0.999872
0	230	225	0.999932
1	372	288	0.99989
0	328	312	0.999903
1	311	228	0.999908
0	409	352	0.999879
0	375	360	0.999889
1	277	198	0.999918
0	206	178	0.999939
1	351	293	0.999896
1	280	175	0.999917
0	317	284	0.999906
1	489	346	0.999855
1	209	165	0.999938
0	91	82	0.999973
0	353	347	0.999895
0	437	434	0.99987
1	104	75	0.999969
1	285	233	0.999915
0	352	303	0.999895
0	419	378	0.999875
1	124	75	0.999963
0	469	460	0.99986
0	308	304	0.999908
1	395	288	0.999882
0	311	270	0.999907
1	428	340	0.999872
0	331	311	0.999901
0	224	210	0.999933
0	477	475	0.999857
0	60	55	0.999982
1	220	135	0.999934
0	290	251	0.999913
0	426	409	0.999872
0	386	361	0.999884
1	133	109	0.99996
0	412	355	0.999876
1	166	121	0.99995
1	385	279	0.999884
0	448	402	0.999865
1	136	113	0.999959
1	481	380	0.999855
1	262	209	0.999921
0	63	62	0.999981
1	487	328	0.999853
0	149	136	0.999955
1	427	291	0.999871
1	235	166	0.999929
1	139	110	0.999958
0	225	212	0.999932
1	311	259	0.999906
0	86	74	0.999974
1	324	241	0.999902
1	357	247	0.999892
1	208	143	0.999937
1	307	213	0.999907
1	363	263	0.99989
1	188	116	0.999943
1	409	328	0.999876
1	376	262	0.999886
1	382	301	0.999884
1	484	396	0.999853
0	372	368	0.999887
1	474	349	0.999856
1	260	167	0.999921
0	459	453	0.99986
0	459	387	0.99986
1	226	142	0.999931
0	461	428	0.999859
1	490	313	0.99985
1	369	237	0.999887
1	297	195	0.999909
1	297	245	0.999909
0	365	332	0.999888
0	277	238	0.999915
1	371	253	0.999886
1	384	295	0.999882
1	426	310	0.999869
0	273	258	0.999916
0	351	298	0.999892
0	403	375	0.999876
1	302	230	0.999907
0	370	356	0.999886
1	305	238	0.999906
1	454	302	0.99986
1	454	351	0.99986
0	94	89	0.999971
1	81	61	0.999975
0	314	279	0.999903
1	317	211	0.999902
0	456	395	0.999859
1	362	265	0.999888
0	475	460	0.999853
1	462	369	0.999857
1	407	305	0.999874
0	216	214	0.999933
1	361	236	0.999888
1	87	62	0.999973
0	348	319	0.999892
1	480	304	0.999851
1	444	269	0.999862
1	431	290	0.999866
0	283	241	0.999912
1	225	170	0.99993
0	196	182	0.999939
0	106	100	0.999967
1	391	295	0.999878
1	323	259	0.999899
1	211	160	0.999934
1	406	321	0.999873
0	489	470	0.999847
1	425	317	0.999867
1	230	166	0.999928
1	182	140	0.999943
0	459	417	0.999856
1	376	288	0.999882
0	172	152	0.999946
1	191	154	0.99994
1	280	176	0.999912
1	442	291	0.999861
1	337	274	0.999894
1	461	289	0.999855
1	162	121	0.999949
1	127	77	0.99996
1	492	373	0.999845
1	311	257	0.999902
1	368	261	0.999884
0	482	471	0.999848
0	393	374	0.999876
1	320	215	0.999899
0	358	339	0.999887
0	57	55	0.999982
0	266	251	0.999916
0	475	414	0.99985
0	231	206	0.999927
0	253	242	0.99992
0	395	365	0.999875
0	341	313	0.999892
1	344	274	0.999891
1	366	305	0.999884
0	306	299	0.999903
0	167	156	0.999947
1	189	136	0.99994
1	340	278	0.999892
1	384	313	0.999878
1	365	269	0.999884
0	261	233	0.999917
1	283	188	0.99991
1	349	287	0.999889
0	393	355	0.999875
1	330	241	0.999895
0	396	385	0.999874
0	377	345	0.99988
1	383	290	0.999878
1	317	212	0.999899
0	342	322	0.999891
0	345	291	0.99989
1	414	250	0.999868
0	323	294	0.999897
0	370	340	0.999882
1	141	100	0.999955
0	426	377	0.999864
1	457	323	0.999854
0	463	394	0.999852
0	269	258	0.999914
0	422	360	0.999865
0	50	47	0.999984
0	375	366	0.99988
1	453	292	0.999855
0	153	148	0.999951
1	281	203	0.99991
1	440	314	0.999859
1	496	360	0.999841
1	162	104	0.999948
1	218	153	0.99993
0	464	414	0.999851
0	193	178	0.999938
0	358	309	0.999885
1	414	341	0.999867
0	470	428	0.999849
1	473	375	0.999848
1	435	302	0.99986
1	351	286	0.999887
1	410	276	0.999868
1	118	72	0.999962
1	332	244	0.999893
0	121	104	0.999961
0	273	252	0.999912
0	428	420	0.999862
0	307	288	0.999901
0	375	373	0.999879
0	474	397	0.999847
1	427	292	0.999862
1	473	293	0.999847
1	442	358	0.999857
1	377	292	0.999878
0	309	287	0.9999
1	207	156	0.999933
0	485	474	0.999843
1	497	378	0.999839
0	327	299	0.999894
0	407	385	0.999868
0	447	441	0.999855
1	262	210	0.999915
1	490	319	0.999841
0	308	259	0.9999
0	197	180	0.999936
1	434	321	0.999859
1	400	319	0.99987
0	409	397	0.999867
0	412	386	0.999866
1	289	233	0.999906
1	387	274	0.999874
1	476	382	0.999845
1	439	351	0.999857
1	356	245	0.999884
1	411	298	0.999866
1	138	114	0.999955
1	184	141	0.99994
0	420	410	0.999863
0	438	384	0.999857
0	98	91	0.999968
1	150	123	0.999951
1	450	282	0.999853
0	355	327	0.999884
1	416	314	0.999864
0	431	360	0.999859
1	217	160	0.999929
1	495	363	0.999838
1	458	287	0.99985
1	348	224	0.999886
1	479	316	0.999843
0	430	361	0.999859
1	332	207	0.999891
1	405	291	0.999867
0	362	331	0.999881
1	374	265	0.999877
0	474	401	0.999844
0	480	415	0.999842
0	404	355	0.999867
1	246	184	0.999919
1	422	322	0.999861
1	485	395	0.99984
0	391	355	0.999871
1	197	150	0.999935
0	227	220	0.999925
1	342	208	0.999887
1	348	218	0.999885
1	463	281	0.999847
0	463	393	0.999847
0	396	345	0.999869
1	402	251	0.999867
1	414	262	0.999863
0	426	356	0.999859
0	290	277	0.999904
0	293	254	0.999903
1	365	243	0.999879
1	461	315	0.999847
0	485	429	0.999839
1	250	168	0.999917
1	298	203	0.999901
0	340	321	0.999887
0	349	292	0.999884
1	102	83	0.999966
1	159	112	0.999947
1	324	208	0.999892
0	381	343	0.999873
0	414	366	0.999862
1	432	300	0.999856
1	483	370	0.999839
0	479	464	0.99984
1	473	336	0.999842
1	374	286	0.999875
0	260	216	0.999913
1	496	405	0.999834
1	239	165	0.99992
0	200	188	0.999933
0	170	168	0.999943
1	337	235	0.999887
0	483	474	0.999838
0	477	445	0.99984
0	465	432	0.999844
1	465	374	0.999844
1	453	367	0.999848
1	408	320	0.999863
1	405	310	0.999864
1	390	245	0.999869
1	128	101	0.999957
0	497	439	0.999833
1	357	288	0.99988
1	330	210	0.999889
1	208	157	0.99993
1	306	191	0.999897
1	490	334	0.999835
1	478	372	0.999839
0	472	461	0.999841
1	365	285	0.999877
0	181	163	0.999939
1	433	304	0.999854
0	477	440	0.999839
0	391	361	0.999868
0	311	270	0.999895
0	468	408	0.999842
0	465	426	0.999843
0	308	286	0.999896
0	432	401	0.999854
0	355	303	0.99988
0	414	395	0.99986
1	186	125	0.999937
0	121	104	0.999959
1	481	339	0.999837
0	215	192	0.999927
1	474	307	0.999839
0	365	305	0.999876
1	303	210	0.999897
0	403	349	0.999863
0	100	92	0.999966
0	491	440	0.999833
0	291	260	0.999901
0	388	367	0.999868
0	379	317	0.999871
1	329	265	0.999888
1	470	290	0.99984
1	440	350	0.99985
1	428	273	0.999854
1	255	171	0.999913
0	422	379	0.999856
1	126	87	0.999957
1	413	252	0.999859
1	454	341	0.999845
1	398	297	0.999864
1	462	289	0.999842
0	307	299	0.999895
1	190	118	0.999935
0	222	217	0.999924
1	444	306	0.999848
1	441	323	0.999849
0	330	316	0.999887
1	324	231	0.999889
1	359	230	0.999877
0	461	457	0.999842
0	385	347	0.999868
1	347	281	0.999881
1	344	272	0.999882
1	335	224	0.999885
0	349	301	0.99988
1	285	219	0.999902
0	314	260	0.999892
0	468	463	0.999839
1	491	379	0.999831
0	441	384	0.999848
0	58	53	0.99998
1	458	286	0.999842
0	342	320	0.999882
1	226	155	0.999922
0	423	354	0.999854
0	84	76	0.999971
0	243	237	0.999916
0	483	430	0.999833
0	318	275	0.99989
0	477	410	0.999835
0	479	467	0.999834
0	447	379	0.999845
0	372	335	0.999871
1	170	125	0.999941
1	121	96	0.999958
0	193	188	0.999933
0	354	347	0.999877
0	423	370	0.999853
1	164	118	0.999943
0	368	336	0.999872
1	388	290	0.999865
0	342	336	0.999881
1	201	152	0.99993
1	353	268	0.999877
0	482	407	0.999832
0	476	441	0.999834
1	490	370	0.999829
1	424	316	0.999852
0	126	115	0.999956
0	461	409	0.999839
0	346	310	0.999879
0	483	420	0.999831
0	397	361	0.999861
0	97	87	0.999966
0	174	156	0.999939
0	419	414	0.999853
0	487	414	0.999829
1	484	373	0.99983
1	424	330	0.999851
1	404	329	0.999858
1	128	94	0.999955
0	455	434	0.99984
1	472	374	0.999834
1	395	253	0.999861
0	304	291	0.999893
1	250	173	0.999912
1	403	287	0.999858
0	499	476	0.999824
1	68	56	0.999976
1	427	340	0.999849
1	65	50	0.999977
1	407	316	0.999856
1	373	306	0.999868
0	404	398	0.999857
1	353	280	0.999875
1	449	325	0.999841
0	412	385	0.999854
1	412	330	0.999854
1	437	350	0.999845
0	265	228	0.999906
0	62	61	0.999978
0	279	258	0.999901
1	270	188	0.999904
0	270	246	0.999904
1	405	307	0.999856
0	191	167	0.999932
1	323	258	0.999885
0	323	315	0.999885
1	483	340	0.999828
0	491	405	0.999825
0	418	406	0.999851
1	471	313	0.999832
1	185	139	0.999934
1	297	237	0.999894
1	140	98	0.99995
1	392	243	0.99986
1	406	323	0.999855
1	389	301	0.999861
1	442	286	0.999842
1	442	323	0.999842
1	193	156	0.999931
0	344	322	0.999877
0	330	313	0.999882
0	316	290	0.999887
0	495	443	0.999823
0	123	111	0.999956
0	500	456	0.999821
1	416	268	0.999851
0	279	252	0.9999
0	452	386	0.999838
0	452	390	0.999838
0	457	381	0.999836
0	195	194	0.99993
0	234	221	0.999916
1	234	180	0.999916
1	334	251	0.99988
0	462	412	0.999834
1	345	221	0.999876
0	214	208	0.999923
0	453	393	0.999837
1	364	288	0.999869
0	222	192	0.99992
0	333	286	0.99988
0	283	281	0.999898
0	258	229	0.999907
0	452	441	0.999837
1	280	212	0.999899
1	499	387	0.99982
0	352	291	0.999873
0	424	361	0.999847
0	241	211	0.999913
0	410	346	0.999852
0	482	480	0.999826
1	371	299	0.999866
1	418	333	0.999849
0	296	264	0.999893
0	282	252	0.999898
0	445	401	0.999839
0	464	385	0.999832
1	276	211	0.9999
1	433	303	0.999843
1	444	311	0.999839
0	455	404	0.999835
1	397	240	0.999856
1	306	212	0.999889
1	347	249	0.999874
1	490	370	0.999822
1	198	121	0.999928
1	220	137	0.99992
0	286	268	0.999896
1	217	148	0.999921
0	412	394	0.99985
1	280	210	0.999898
1	343	253	0.999875
1	392	300	0.999857
1	315	255	0.999885
1	487	399	0.999822
1	186	137	0.999932
1	227	143	0.999917
1	246	166	0.99991
1	355	283	0.99987
0	415	367	0.999848
1	344	226	0.999874
1	401	312	0.999853
1	461	352	0.999831
0	420	383	0.999846
0	480	464	0.999824
1	398	252	0.999854
1	387	285	0.999858
1	327	247	0.99988
1	384	310	0.999859
1	275	195	0.999899
0	147	132	0.999946
1	446	327	0.999836
0	261	250	0.999904
0	435	409	0.99984
1	405	323	0.999851
1	182	124	0.999933
1	445	292	0.999836
0	369	324	0.999864
1	331	248	0.999878
1	415	294	0.999847
0	244	238	0.99991
1	431	352	0.999841
1	168	118	0.999938
0	336	278	0.999876
1	138	94	0.999949
0	192	185	0.999929
1	173	113	0.999936
1	467	334	0.999827
1	421	285	0.999844
1	464	348	0.999828
1	423	306	0.999843
0	382	321	0.999858
1	51	34	0.999981
1	102	78	0.999962
1	472	369	0.999824
1	370	273	0.999862
0	311	277	0.999884
0	351	326	0.999869
0	351	316	0.999869
1	292	220	0.999891
1	300	202	0.999888
1	458	315	0.999829
1	305	198	0.999886
1	329	238	0.999877
0	286	278	0.999893
0	294	258	0.99989
0	310	255	0.999884
1	382	305	0.999857
1	315	234	0.999882
1	104	66	0.999961
0	280	276	0.999895
1	368	230	0.999862
0	461	398	0.999827
0	245	217	0.999908
1	141	107	0.999947
0	399	386	0.99985
1	484	335	0.999818
1	109	78	0.999959
1	428	333	0.999839
1	409	300	0.999846
1	377	308	0.999858
1	292	202	0.99989
1	430	343	0.999838
1	406	318	0.999847
1	467	341	0.999824
0	451	446	0.99983
0	281	247	0.999894
1	405	261	0.999847
0	291	249	0.99989
1	476	355	0.99982
0	460	413	0.999826
1	214	173	0.999919
1	66	47	0.999975
1	454	369	0.999828
1	95	64	0.999964
0	335	320	0.999873
0	216	212	0.999918
1	237	171	0.99991
1	416	262	0.999842
1	487	325	0.999815
1	479	294	0.999818
0	342	319	0.99987
1	363	292	0.999862
0	92	76	0.999965
1	360	261	0.999863
1	433	329	0.999835
0	370	354	0.999859
0	349	312	0.999867
0	328	281	0.999875
1	55	37	0.999979
0	165	163	0.999937
0	453	414	0.999827
0	89	77	0.999966
1	458	333	0.999825
1	492	357	0.999812
1	348	233	0.999867
0	102	86	0.999961
1	387	249	0.999852
1	188	125	0.999928
0	496	435	0.99981
0	475	446	0.999818
1	441	308	0.999831
1	420	259	0.999839
0	464	427	0.999822
0	271	248	0.999896
1	380	281	0.999854
1	450	321	0.999827
1	499	377	0.999808
1	434	353	0.999833
1	291	211	0.999888
0	496	428	0.999809
0	135	129	0.999948
1	257	159	0.999901
0	371	354	0.999857
1	83	54	0.999968
1	433	328	0.999833
1	420	282	0.999838
1	425	338	0.999836
1	171	137	0.999934
0	342	290	0.999868
1	101	77	0.999961
0	414	409	0.99984
1	357	253	0.999862
0	468	384	0.999819
1	93	62	0.999964
0	279	254	0.999892
0	310	258	0.99988
1	328	228	0.999873
0	235	219	0.999909
0	439	359	0.99983
0	395	342	0.999847
0	413	349	0.99984
0	351	313	0.999864
1	459	369	0.999822
1	495	317	0.999808
0	299	262	0.999884
0	219	205	0.999915
0	438	375	0.99983
0	283	236	0.99989
1	355	230	0.999862
1	437	309	0.99983
1	316	219	0.999877
0	131	116	0.999949
0	457	377	0.999822
0	118	110	0.999954
0	431	395	0.999832
1	295	205	0.999885
0	223	218	0.999913
1	123	88	0.999952
1	451	311	0.999824
1	320	251	0.999875
0	430	356	0.999832
0	325	277	0.999873
1	404	279	0.999842
1	496	402	0.999806
0	465	412	0.999818
1	373	242	0.999854
0	350	317	0.999863
0	406	377	0.999841
1	406	287	0.999841
0	245	208	0.999904
0	319	276	0.999875
1	125	81	0.999951
1	357	285	0.99986
0	408	350	0.99984
0	362	348	0.999858
0	130	115	0.999949
0	214	206	0.999916
0	405	373	0.999841
1	405	301	0.999841
0	354	349	0.999861
0	112	100	0.999956
0	450	447	0.999823
1	444	311	0.999825
1	350	214	0.999862
0	142	128	0.999944
1	380	262	0.99985
1	456	366	0.99982
0	423	346	0.999833
0	233	216	0.999908
0	195	170	0.999923
1	433	314	0.999829
1	357	275	0.999859
1	481	351	0.99981
1	124	76	0.999951
0	167	145	0.999934
1	334	257	0.999868
1	468	294	0.999815
1	359	284	0.999858
0	321	312	0.999873
0	278	264	0.99989
0	283	241	0.999888
0	475	420	0.999812
0	240	221	0.999905
0	308	272	0.999878
1	260	180	0.999897
1	467	345	0.999815
1	467	324	0.999815
0	474	397	0.999812
1	184	132	0.999927
1	184	128	0.999927
1	373	276	0.999852
1	252	171	0.9999
1	194	139	0.999923
1	277	191	0.99989
1	365	246	0.999855
0	385	377	0.999847
1	488	296	0.999806
0	357	297	0.999858
1	475	336	0.999811
0	226	192	0.99991
0	123	115	0.999951
1	449	350	0.999821
0	454	399	0.999819
0	163	152	0.999935
0	331	327	0.999868
0	361	337	0.999856
0	436	416	0.999826
1	253	154	0.999899
0	383	312	0.999847
1	498	343	0.999801
1	110	86	0.999956
1	110	81	0.999956
0	170	145	0.999932
1	185	121	0.999926
1	275	194	0.99989
1	495	367	0.999802
1	367	256	0.999853
1	362	275	0.999855
1	327	255	0.999869
0	486	435	0.999805
1	304	205	0.999878
0	284	272	0.999886
1	478	367	0.999808
1	468	285	0.999812
1	189	118	0.999924
1	184	117	0.999926
1	328	246	0.999868
0	375	360	0.999849
1	298	227	0.99988
1	365	246	0.999853
1	474	342	0.999809
0	372	316	0.99985
0	367	353	0.999852
1	429	338	0.999827
1	295	234	0.999881
1	233	165	0.999906
0	471	399	0.99981
1	280	203	0.999887
0	498	453	0.999799
0	384	345	0.999845
0	317	275	0.999872
1	104	73	0.999958
0	104	94	0.999958
0	463	429	0.999813
1	339	233	0.999863
1	326	217	0.999868
1	491	304	0.999801
1	143	90	0.999942
1	419	324	0.99983
1	271	166	0.99989
1	441	339	0.999821
0	266	247	0.999892
1	490	311	0.999801
1	480	380	0.999805
0	342	321	0.999861
1	118	94	0.999952
0	445	407	0.999819
0	204	173	0.999917
1	194	119	0.999921
0	410	406	0.999833
0	103	97	0.999958
1	152	102	0.999938
1	277	185	0.999887
0	348	332	0.999858
1	321	235	0.999869
1	419	272	0.999829
1	414	329	0.999831
0	218	180	0.999911
1	235	166	0.999904
1	208	151	0.999915
0	115	97	0.999953
0	230	190	0.999906
0	88	72	0.999964
1	440	326	0.99982
1	413	302	0.999831
0	325	322	0.999867
0	381	368	0.999844
1	315	229	0.999871
1	378	292	0.999845
0	478	393	0.999804
0	195	171	0.99992
0	441	418	0.999819
0	431	419	0.999823
1	224	164	0.999908
0	448	404	0.999816
1	443	327	0.999818
1	455	305	0.999813
0	197	171	0.999919
0	355	331	0.999854
1	423	333	0.999826
1	491	304	0.999798
0	384	348	0.999842
0	452	426	0.999814
1	464	365	0.999809
0	323	309	0.999867
0	357	354	0.999853
0	420	363	0.999827
1	352	216	0.999855
0	364	345	0.99985
0	444	437	0.999817
0	456	399	0.999812
1	422	268	0.999826
0	194	188	0.99992
1	179	116	0.999926
0	433	368	0.999821
0	133	123	0.999945
0	370	357	0.999847
1	457	283	0.999811
0	447	369	0.999815
0	488	464	0.999798
1	442	312	0.999817
1	251	195	0.999896
1	391	262	0.999838
0	391	328	0.999838
0	432	371	0.999821
1	111	77	0.999954
0	410	366	0.99983
1	410	259	0.99983
1	258	193	0.999893
1	258	173	0.999893
0	217	185	0.99991
1	212	140	0.999912
0	436	371	0.999819
1	260	174	0.999892
0	296	259	0.999877
1	339	237	0.999859
0	411	374	0.999829
0	322	290	0.999866
0	245	206	0.999898
1	454	324	0.999811
1	466	298	0.999806
1	372	275	0.999845
0	396	322	0.999835
0	422	406	0.999824
0	386	315	0.999839
1	350	245	0.999854
1	338	234	0.999859
1	453	341	0.999811
0	381	312	0.999841
0	357	335	0.999851
1	218	154	0.999909
0	273	262	0.999886
1	364	265	0.999848
0	67	63	0.999972
1	414	255	0.999827
1	433	291	0.999819
1	354	232	0.999852
0	330	294	0.999862
1	172	117	0.999928
1	375	229	0.999843
1	105	84	0.999956
0	408	378	0.999829
0	303	247	0.999873
0	391	382	0.999836
1	410	316	0.999828
0	379	348	0.999841
1	143	97	0.99994
1	386	250	0.999838
0	374	321	0.999843
1	381	237	0.99984
1	352	226	0.999852
1	214	162	0.99991
0	328	308	0.999862
1	183	112	0.999923
0	373	368	0.999843
0	399	343	0.999832
1	368	269	0.999845
1	311	191	0.999869
1	470	306	0.999802
0	140	133	0.999941
1	140	111	0.999941
1	420	298	0.999823
0	363	323	0.999847
0	453	386	0.999809
1	249	190	0.999895
0	339	280	0.999857
1	467	322	0.999803
0	391	338	0.999835
0	436	355	0.999816
0	360	317	0.999848
1	393	289	0.999834
0	464	461	0.999804
0	142	135	0.99994
0	343	300	0.999855
0	182	166	0.999923
1	281	205	0.999881
1	255	169	0.999892
1	425	280	0.99982
0	59	52	0.999975
1	354	233	0.99985
0	368	363	0.999844
1	290	207	0.999877
0	356	322	0.999849
1	106	78	0.999955
1	179	121	0.999924
0	391	349	0.999834
0	433	362	0.999816
0	468	407	0.999801
0	261	229	0.999889
1	409	261	0.999826
1	369	293	0.999843
0	296	240	0.999874
0	101	83	0.999957
0	451	436	0.999808
1	385	233	0.999836
0	345	298	0.999853
1	237	172	0.999899
1	129	90	0.999945
1	150	113	0.999936
1	225	179	0.999904
1	410	313	0.999825
0	431	376	0.999816
1	452	339	0.999807
1	395	301	0.999831
1	395	288	0.999831
0	257	216	0.99989
0	306	260	0.999869
1	154	104	0.999934
1	224	158	0.999904
0	336	293	0.999856
1	364	266	0.999844
0	413	341	0.999823
0	427	400	0.999817
1	415	306	0.999822
0	380	379	0.999837
1	373	288	0.99984
0	254	232	0.999891
1	445	317	0.999809
0	424	406	0.999818
1	347	217	0.999851
0	400	395	0.999828
1	193	133	0.999917
1	86	59	0.999963
1	395	246	0.99983
1	116	89	0.99995
0	174	169	0.999925
0	225	201	0.999903
1	371	237	0.99984
1	459	284	0.999802
0	438	424	0.999811
0	285	279	0.999877
0	139	114	0.99994
0	176	172	0.999924
1	389	312	0.999832
0	301	286	0.99987
0	435	370	0.999812
1	428	333	0.999815
1	467	316	0.999798
1	238	192	0.999897
1	210	153	0.999909
1	406	320	0.999824
0	399	354	0.999827
1	422	338	0.999817
1	461	347	0.9998
1	76	55	0.999967
0	221	195	0.999904
1	122	88	0.999947
0	313	285	0.999864
1	375	254	0.999837
0	69	61	0.99997
0	322	292	0.99986
1	338	224	0.999853
0	386	365	0.999832
0	365	311	0.999841
0	381	339	0.999834
1	436	288	0.99981
0	78	76	0.999966
0	234	199	0.999898
1	243	182	0.999894
1	149	119	0.999935
0	353	315	0.999846
0	369	330	0.999839
1	220	135	0.999904
1	394	255	0.999828
1	348	229	0.999848
1	325	229	0.999858
1	389	239	0.99983
0	350	338	0.999847
1	64	50	0.999972
0	256	226	0.999888
0	320	289	0.99986
1	425	332	0.999814
1	345	249	0.999849
0	297	265	0.99987
0	354	315	0.999845
0	379	348	0.999834
1	315	191	0.999862
1	194	132	0.999915
1	424	258	0.999814
0	424	408	0.999814
0	408	399	0.999821
0	164	146	0.999928
1	164	102	0.999928
0	205	166	0.99991
0	316	270	0.999861
1	309	215	0.999864
1	209	146	0.999908
0	134	116	0.999941
1	243	147	0.999893
0	352	349	0.999845
0	202	175	0.999911
0	413	399	0.999818
0	388	365	0.999829
0	304	250	0.999866
1	390	309	0.999828
0	170	141	0.999925
1	383	259	0.999831
0	281	252	0.999876
0	222	210	0.999902
1	342	220	0.999849
1	351	239	0.999845
1	428	271	0.999811
1	428	277	0.999811
0	283	236	0.999875
1	172	111	0.999924
0	452	384	0.9998
1	332	246	0.999853
1	167	112	0.999926
0	413	384	0.999817
1	449	318	0.999801
0	212	203	0.999906
1	451	362	0.9998
0	248	229	0.99989
1	329	265	0.999854
0	225	185	0.9999
1	270	163	0.99988
0	279	263	0.999876
1	445	348	0.999802
0	436	353	0.999806
1	191	129	0.999915
0	182	150	0.999919
1	247	197	0.99989
1	229	158	0.999898
1	330	219	0.999853
1	101	80	0.999955
0	359	341	0.99984
0	65	57	0.999971
0	356	315	0.999841
1	141	86	0.999937
0	432	429	0.999807
1	434	335	0.999806
0	208	174	0.999907
1	393	239	0.999824
1	413	286	0.999815
1	154	124	0.999931
1	165	124	0.999926
1	214	168	0.999904
1	78	50	0.999965
1	127	77	0.999943
0	374	344	0.999832
0	198	176	0.999911
1	416	310	0.999813
0	338	279	0.999848
1	189	149	0.999915
1	311	214	0.99986
1	202	126	0.999909
0	264	222	0.999881
0	275	256	0.999876
1	377	287	0.99983
1	255	185	0.999885
0	399	369	0.99982
1	246	156	0.999889
0	288	257	0.99987
1	341	215	0.999846
0	383	321	0.999827
0	301	300	0.999864
1	239	191	0.999892
0	292	261	0.999868
0	261	258	0.999882
0	188	159	0.999915
1	126	80	0.999943
1	168	133	0.999924
0	232	219	0.999895
1	190	138	0.999914
0	391	349	0.999823
0	276	274	0.999875
1	393	257	0.999822
1	64	51	0.999971
1	150	114	0.999932
1	410	299	0.999814
1	119	76	0.999946
0	275	225	0.999875
0	286	270	0.99987
1	407	280	0.999815
1	389	285	0.999823
0	375	372	0.999829
1	217	165	0.999901
0	412	402	0.999812
0	427	347	0.999805
0	437	418	0.9998
0	397	361	0.999818
0	301	286	0.999862
1	229	164	0.999895
1	218	160	0.9999
1	414	270	0.99981
1	405	268	0.999814
1	283	219	0.99987
0	346	282	0.999841
1	311	246	0.999857
1	437	277	0.999799
1	250	191	0.999885
1	263	208	0.999879
0	315	313	0.999855
1	328	254	0.999849
0	369	358	0.99983
1	358	247	0.999835
1	347	237	0.99984
0	117	107	0.999946
1	130	79	0.99994
1	301	186	0.999861
1	292	227	0.999865
0	266	231	0.999877
1	80	62	0.999963
0	428	361	0.999802
0	438	372	0.999797
0	151	126	0.99993
0	343	281	0.999841
1	317	200	0.999853
0	235	227	0.999891
0	237	208	0.99989
0	237	212	0.99989
1	299	205	0.999861
0	258	211	0.99988
1	301	235	0.99986
0	187	166	0.999913
0	404	353	0.999812
1	350	213	0.999837
1	412	273	0.999808
0	251	218	0.999883
0	429	386	0.9998
0	208	181	0.999903
0	195	165	0.999909
0	390	349	0.999818
1	392	277	0.999817
1	377	282	0.999824
0	182	159	0.999915
0	424	402	0.999802
0	383	377	0.999821
1	338	214	0.999842
0	415	405	0.999806
1	312	236	0.999854
1	408	269	0.999809
1	173	111	0.999919
1	397	270	0.999814
0	397	352	0.999814
1	429	331	0.999799
0	367	328	0.999828
1	224	149	0.999895
0	145	131	0.999932
1	196	136	0.999908
0	360	320	0.999831
1	181	128	0.999915
1	66	45	0.999969
0	403	330	0.99981
0	248	214	0.999883
1	267	199	0.999874
0	233	202	0.99989
0	377	367	0.999822
0	271	270	0.999872
1	182	136	0.999914
0	400	339	0.999811
0	220	192	0.999896
1	332	247	0.999843
1	93	72	0.999956
1	336	224	0.999841
0	378	339	0.999821
1	228	158	0.999892
1	405	325	0.999808
1	232	176	0.99989
0	97	89	0.999954
1	175	131	0.999917
1	352	234	0.999833
1	314	243	0.999851
1	413	312	0.999804
0	282	270	0.999866
1	408	286	0.999806
0	391	367	0.999814
0	397	328	0.999811
0	424	406	0.999798
1	361	220	0.999828
0	256	232	0.999878
1	107	81	0.999949
1	65	52	0.999969
1	195	120	0.999907
0	325	273	0.999845
0	262	249	0.999875
0	350	304	0.999833
0	220	198	0.999895
1	243	149	0.999884
1	421	320	0.999799
0	245	201	0.999883
0	201	188	0.999904
0	90	86	0.999957
0	339	335	0.999838
1	228	181	0.999891
1	234	155	0.999888
1	378	300	0.999819
0	215	183	0.999897
0	384	371	0.999816
1	361	259	0.999827
1	242	147	0.999884
1	271	209	0.99987
0	198	177	0.999905
1	250	167	0.99988
0	262	214	0.999874
1	289	212	0.999861
1	189	127	0.999909
0	382	336	0.999816
1	305	187	0.999853
0	168	148	0.999919
1	253	202	0.999878
1	197	138	0.999905
0	230	185	0.999889
0	174	163	0.999916
0	350	336	0.999831
1	151	110	0.999927
0	151	135	0.999927
1	393	286	0.99981
1	397	294	0.999808
1	285	198	0.999862
0	326	296	0.999842
1	396	301	0.999808
0	371	369	0.99982
1	408	262	0.999802
0	313	258	0.999848
0	245	207	0.999881
0	280	265	0.999864
0	282	256	0.999863
1	109	84	0.999947
1	255	180	0.999876
1	292	229	0.999858
0	366	346	0.999822
0	294	285	0.999857
0	296	242	0.999856
1	413	252	0.999799
0	228	197	0.999889
1	267	205	0.99987
1	390	300	0.99981
0	80	79	0.999961
0	398	333	0.999806
1	240	179	0.999883
1	400	301	0.999805
0	281	252	0.999863
1	412	308	0.999799
0	227	221	0.999889
0	182	161	0.999911
0	368	306	0.99982
1	384	233	0.999812
1	200	140	0.999902
0	400	379	0.999804
1	351	261	0.999828
1	361	257	0.999823
1	273	205	0.999866
0	395	344	0.999806
0	299	296	0.999853
0	244	236	0.99988
0	187	161	0.999908
0	250	240	0.999877
0	189	172	0.999907
0	380	363	0.999813
0	268	234	0.999868
1	205	132	0.999899
1	276	190	0.999864
0	144	143	0.999929
1	223	143	0.99989
1	306	211	0.999849
0	310	276	0.999847
1	249	188	0.999877
1	255	158	0.999874
1	340	265	0.999832
1	348	278	0.999828
0	404	400	0.9998
0	337	287	0.999833
0	351	299	0.999826
0	381	308	0.999811
1	260	175	0.999871
0	397	328	0.999803
1	399	243	0.999802
0	286	256	0.999858
0	340	332	0.999831
1	183	114	0.999909
0	233	227	0.999884
0	265	229	0.999868
1	305	211	0.999848
1	122	91	0.999939
1	164	122	0.999918
0	184	173	0.999908
0	228	211	0.999886
0	352	340	0.999824
0	387	367	0.999806
1	359	243	0.99982
0	265	260	0.999867
0	203	196	0.999898
1	352	257	0.999823
0	322	301	0.999838
1	149	100	0.999925
1	296	182	0.999851
1	139	104	0.99993
1	260	188	0.999869
0	250	242	0.999874
1	369	231	0.999814
0	384	361	0.999806
0	391	328	0.999802
1	154	114	0.999922
1	298	232	0.999849
0	217	184	0.99989
1	363	285	0.999816
0	284	243	0.999856
1	307	201	0.999844
1	181	117	0.999908
0	234	225	0.999881
1	283	213	0.999856
0	169	167	0.999914
0	224	185	0.999886
1	167	128	0.999915
0	334	286	0.99983
1	328	203	0.999833
1	361	233	0.999816
0	149	128	0.999924
0	298	265	0.999848
1	247	181	0.999874
0	345	297	0.999824
0	196	195	0.9999
1	329	207	0.999832
1	368	244	0.999812
1	330	254	0.999831
0	361	336	0.999815
0	359	315	0.999816
1	158	104	0.999919
0	228	202	0.999883
0	189	171	0.999903
0	187	162	0.999904
1	74	54	0.999962
0	107	106	0.999945
1	358	248	0.999816
0	369	342	0.99981
1	370	260	0.999809
0	308	289	0.999841
1	385	276	0.999801
0	294	288	0.999848
0	232	221	0.99988
1	375	291	0.999806
0	143	124	0.999926
0	313	312	0.999838
1	330	216	0.999829
1	218	154	0.999887
1	380	263	0.999803
1	108	66	0.999944
0	108	98	0.999944
1	351	250	0.999818
1	293	195	0.999848
0	212	181	0.99989
1	368	240	0.999809
0	335	318	0.999826
1	335	245	0.999826
1	231	147	0.99988
0	256	217	0.999867
1	329	231	0.999829
1	252	159	0.999869
0	275	265	0.999857
0	221	210	0.999885
1	319	193	0.999834
0	267	215	0.999861
1	382	243	0.999801
0	261	222	0.999864
0	307	297	0.99984
0	282	265	0.999853
0	140	119	0.999927
0	278	238	0.999855
0	368	305	0.999808
1	316	209	0.999835
0	371	351	0.999806
1	260	166	0.999864
0	216	201	0.999887
1	388	260	0.999797
0	277	223	0.999855
0	191	166	0.9999
0	147	118	0.999923
1	315	238	0.999835
1	166	108	0.999913
0	311	275	0.999837
0	244	222	0.999872
1	261	204	0.999863
0	158	148	0.999917
0	57	49	0.99997
1	112	70	0.999941
1	334	235	0.999824
1	370	262	0.999805
1	203	134	0.999893
1	91	56	0.999952
1	324	199	0.999829
1	371	249	0.999804
1	246	153	0.99987
0	225	224	0.999881
0	121	102	0.999936
0	346	285	0.999817
0	293	281	0.999845
0	293	256	0.999845
0	378	332	0.9998
0	119	117	0.999937
1	304	224	0.999839
1	270	211	0.999857
0	168	162	0.999911
0	370	356	0.999804
1	370	275	0.999804
1	319	237	0.999831
1	368	224	0.999805
0	283	264	0.99985
1	198	151	0.999895
0	330	317	0.999825
1	247	188	0.999869
0	164	147	0.999913
1	360	285	0.999809
1	348	254	0.999815
0	205	175	0.999891
0	94	88	0.99995
1	203	160	0.999892
1	295	231	0.999843
0	124	99	0.999934
0	248	238	0.999868
1	246	174	0.999869
0	300	267	0.99984
0	375	365	0.9998
0	178	175	0.999905
0	264	248	0.999859
0	217	177	0.999884
1	144	108	0.999923
1	129	84	0.999931
0	129	127	0.999931
1	114	76	0.999939
1	299	191	0.99984
0	327	322	0.999825
1	112	76	0.99994
1	347	275	0.999814
0	345	285	0.999815
0	343	315	0.999816
0	218	182	0.999883
0	354	317	0.99981
1	339	213	0.999818
0	216	173	0.999884
0	214	182	0.999885
0	80	65	0.999957
1	346	214	0.999814
1	171	127	0.999908
1	184	139	0.999901
0	223	197	0.99988
1	280	211	0.999849
0	63	58	0.999966
0	189	161	0.999898
1	289	212	0.999844
0	339	317	0.999817
1	87	64	0.999953
0	211	185	0.999886
1	307	230	0.999834
0	244	216	0.999868
1	170	128	0.999908
0	255	206	0.999862
0	279	268	0.999849
0	364	323	0.999803
1	109	85	0.999941
1	107	73	0.999942
0	297	239	0.999839
0	142	128	0.999923
1	236	181	0.999872
0	236	234	0.999872
1	354	218	0.999808
1	245	160	0.999867
1	254	177	0.999862
0	300	256	0.999837
0	287	252	0.999844
0	182	172	0.999901
1	283	219	0.999846
1	248	189	0.999865
0	325	318	0.999823
0	301	285	0.999836
0	233	214	0.999873
0	55	51	0.99997
1	361	238	0.999803
0	337	319	0.999816
0	293	274	0.99984
1	236	177	0.999871
0	294	288	0.999839
0	367	319	0.999799
1	115	85	0.999937
0	146	130	0.99992
0	146	134	0.99992
1	146	113	0.99992
0	288	286	0.999842
1	113	74	0.999938
0	227	226	0.999875
0	276	254	0.999848
1	256	188	0.999859
0	343	317	0.999811
0	274	268	0.999849
1	303	189	0.999833
1	212	139	0.999883
0	230	224	0.999873
0	143	117	0.999921
0	353	320	0.999805
1	275	183	0.999848
0	208	195	0.999885
1	235	171	0.99987
0	206	196	0.999886
1	327	244	0.999819
1	352	272	0.999805
0	222	207	0.999877
0	211	174	0.999883
1	220	144	0.999878
0	274	219	0.999848
0	209	180	0.999884
1	263	178	0.999854
0	225	195	0.999875
1	259	205	0.999856
1	356	277	0.999802
0	210	192	0.999883
1	332	239	0.999815
1	260	160	0.999855
0	362	294	0.999798
1	120	89	0.999933
0	340	293	0.99981
1	152	118	0.999915
1	363	264	0.999797
0	270	268	0.999849
1	286	176	0.99984
0	184	169	0.999897
0	116	114	0.999935
0	257	232	0.999856
1	355	280	0.999801
0	264	245	0.999852
1	262	187	0.999853
1	73	58	0.999959
1	235	153	0.999868
0	210	192	0.999882
1	226	161	0.999873
0	274	263	0.999846
0	290	243	0.999837
1	87	53	0.999951
1	332	261	0.999813
1	284	224	0.99984
0	243	209	0.999863
0	344	324	0.999806
0	296	279	0.999833
0	62	56	0.999965
0	349	346	0.999803
1	310	245	0.999825
1	216	137	0.999878
1	216	148	0.999878
1	69	42	0.999961
1	230	178	0.99987
0	214	211	0.999879
1	327	244	0.999815
1	205	152	0.999884
1	286	213	0.999838
0	307	257	0.999826
1	254	174	0.999856
0	201	183	0.999886
1	335	226	0.99981
0	312	256	0.999823
0	245	221	0.999861
0	340	297	0.999807
0	331	298	0.999812
1	285	198	0.999838
1	334	262	0.99981
1	181	137	0.999897
0	244	236	0.999861
0	344	330	0.999804
1	335	228	0.999809
1	340	240	0.999806
0	112	90	0.999936
0	112	101	0.999936
0	168	151	0.999904
0	264	210	0.999849
1	229	146	0.999869
0	194	188	0.999889
1	194	124	0.999889
0	321	267	0.999816
1	272	174	0.999844
1	195	118	0.999888
0	289	248	0.999834
1	261	176	0.99985
1	290	180	0.999833
0	257	220	0.999852
0	203	181	0.999883
1	196	144	0.999887
1	208	144	0.99988
1	279	206	0.999839
0	343	327	0.999802
1	265	197	0.999847
1	121	76	0.99993
0	261	235	0.999849
1	280	214	0.999838
1	311	246	0.99982
0	171	159	0.999901
0	304	297	0.999824
1	290	193	0.999832
1	302	206	0.999825
0	181	170	0.999895
0	131	105	0.999924
1	243	187	0.999859
0	279	252	0.999838
1	253	169	0.999853
0	191	174	0.999889
0	289	258	0.999832
1	86	61	0.99995
0	318	301	0.999815
1	189	125	0.99989
1	134	93	0.999922
0	328	306	0.999809
1	328	258	0.999809
1	345	270	0.999799
1	187	138	0.999891
0	319	266	0.999814
1	60	41	0.999965
0	236	217	0.999862
0	342	283	0.9998
0	94	84	0.999945
1	164	129	0.999904
1	268	207	0.999843
1	341	234	0.9998
1	317	222	0.999814
1	322	213	0.999811
0	257	211	0.999849
0	253	220	0.999851
0	290	266	0.999829
0	234	203	0.999862
1	327	255	0.999807
1	210	157	0.999876
0	337	288	0.999801
1	341	217	0.999798
1	194	127	0.999885
0	177	145	0.999895
0	332	291	0.999803
1	123	88	0.999927
0	320	315	0.99981
1	234	158	0.999861
0	303	300	0.99982
1	308	221	0.999817
0	286	232	0.99983
1	222	175	0.999868
0	333	301	0.999802
1	200	145	0.999881
0	247	229	0.999853
0	267	216	0.999841
0	151	142	0.99991
0	255	250	0.999848
0	260	255	0.999845
1	161	116	0.999904
1	300	192	0.999821
1	72	53	0.999957
0	296	246	0.999823
0	117	107	0.99993
1	122	85	0.999927
1	244	148	0.999854
0	259	233	0.999845
1	137	98	0.999918
0	294	293	0.999824
0	115	108	0.999931
1	160	99	0.999904
1	310	205	0.999814
0	228	183	0.999863
1	188	116	0.999887
0	291	288	0.999825
1	133	84	0.99992
1	133	89	0.99992
0	251	216	0.999849
1	254	164	0.999847
1	146	90	0.999912
1	131	81	0.999921
1	262	206	0.999842
1	179	119	0.999892
1	331	247	0.9998
1	324	205	0.999804
0	201	195	0.999878
0	308	286	0.999813
1	79	56	0.999952
1	232	179	0.999859
0	235	209	0.999857
0	138	130	0.999916
0	297	279	0.999819
1	223	136	0.999864
0	213	211	0.99987
1	249	166	0.999848
0	280	233	0.999829
1	203	151	0.999876
1	72	54	0.999956
1	255	160	0.999844
0	240	237	0.999853
1	261	178	0.99984
0	261	207	0.99984
1	57	41	0.999965
0	267	258	0.999836
0	283	239	0.999826
0	208	166	0.999872
0	318	283	0.999804
1	60	38	0.999963
0	274	256	0.999831
0	149	126	0.999908
0	238	192	0.999853
1	314	225	0.999806
0	283	243	0.999825
0	210	166	0.99987
1	302	204	0.999813
1	176	135	0.999891
1	289	187	0.999821
1	184	120	0.999886
0	326	289	0.999798
0	79	78	0.999951
0	290	274	0.99982
1	293	207	0.999818
1	103	76	0.999936
1	206	139	0.999872
0	251	199	0.999844
1	296	185	0.999816
1	304	223	0.999811
0	209	195	0.99987
0	180	177	0.999888
1	188	120	0.999883
0	241	224	0.99985
1	257	167	0.99984
1	159	97	0.999901
1	202	133	0.999874
1	250	151	0.999844
0	261	219	0.999837
0	128	103	0.99992
0	291	271	0.999818
1	259	179	0.999838
1	318	244	0.999801
0	241	240	0.999849
1	150	95	0.999906
0	67	57	0.999958
1	110	67	0.999931
0	161	147	0.999899
0	296	276	0.999814
1	296	210	0.999814
0	307	272	0.999807
1	283	191	0.999822
1	213	152	0.999866
0	297	253	0.999813
1	263	202	0.999834
1	160	115	0.999899
0	301	268	0.99981
1	304	213	0.999808
1	201	151	0.999873
0	310	253	0.999804
0	253	233	0.99984
0	215	188	0.999864
1	313	227	0.999802
0	112	105	0.999929
0	216	176	0.999863
0	216	195	0.999863
1	134	102	0.999915
1	279	169	0.999823
1	107	80	0.999932
1	236	182	0.99985
1	291	217	0.999815
1	198	141	0.999874
0	229	217	0.999854
0	127	125	0.999919
1	130	82	0.999917
0	285	272	0.999818
1	155	109	0.999901
0	194	179	0.999876
0	316	285	0.999798
0	203	169	0.99987
1	89	63	0.999943
1	256	195	0.999836
0	279	235	0.999821
1	215	159	0.999862
1	260	185	0.999833
0	244	225	0.999843
1	202	149	0.99987
1	217	155	0.99986
0	248	215	0.99984
0	310	264	0.9998
1	175	107	0.999887
0	291	240	0.999812
1	212	150	0.999863
1	147	99	0.999905
0	235	218	0.999848
1	278	208	0.99982
0	250	219	0.999838
1	256	169	0.999834
1	111	81	0.999928
0	148	131	0.999904
1	148	116	0.999904
0	257	216	0.999833
0	263	214	0.999829
1	146	101	0.999905
0	146	132	0.999905
0	232	219	0.999849
1	218	154	0.999858
0	112	99	0.999927
0	158	157	0.999897
0	270	220	0.999824
0	204	188	0.999867
0	210	184	0.999863
0	118	117	0.999923
1	285	219	0.999814
0	266	223	0.999826
1	191	145	0.999875
1	226	171	0.999852
1	287	176	0.999812
0	232	190	0.999848
1	125	92	0.999918
0	224	223	0.999853
0	198	173	0.99987
1	166	111	0.999891
1	111	76	0.999927
0	225	204	0.999852
1	307	228	0.999798
1	272	174	0.999821
1	278	210	0.999817
0	173	161	0.999886
1	88	67	0.999942
1	226	164	0.999851
0	300	259	0.999802
0	156	141	0.999897
0	212	174	0.99986
1	230	151	0.999848
1	289	225	0.999809
0	236	225	0.999844
0	74	59	0.999951
1	285	208	0.999811
0	193	191	0.999872
0	247	219	0.999836
0	143	135	0.999905
1	227	161	0.999849
1	254	197	0.999831
1	257	180	0.999829
0	266	244	0.999823
1	269	181	0.999821
0	293	236	0.999805
0	69	64	0.999954
0	138	115	0.999908
0	276	258	0.999816
0	301	297	0.999799
0	283	248	0.999811
1	142	95	0.999905
0	230	220	0.999846
0	109	108	0.999927
1	218	151	0.999854
1	103	63	0.999931
0	279	268	0.999813
0	278	242	0.999813
0	275	268	0.999815
1	211	164	0.999858
0	52	42	0.999965
0	98	89	0.999934
1	193	118	0.99987
0	255	248	0.999828
1	83	64	0.999944
0	283	260	0.999809
0	244	243	0.999835
1	285	220	0.999807
0	276	270	0.999813
0	168	152	0.999886
0	150	134	0.999898
1	250	151	0.99983
0	191	172	0.99987
0	166	142	0.999887
1	116	82	0.999921
1	229	149	0.999844
0	246	231	0.999832
0	224	209	0.999847
0	212	174	0.999855
1	152	106	0.999896
1	216	154	0.999852
0	216	170	0.999852
1	194	152	0.999867
0	245	232	0.999832
0	261	221	0.999821
0	220	174	0.999849
0	251	204	0.999827
0	210	198	0.999855
1	68	50	0.999953
1	65	51	0.999955
1	140	100	0.999903
1	215	157	0.999851
0	222	215	0.999846
1	167	114	0.999884
1	262	192	0.999818
0	249	206	0.999827
0	105	87	0.999927
0	79	77	0.999945
0	260	228	0.999819
1	280	175	0.999805
0	287	275	0.9998
0	287	285	0.9998
1	195	141	0.999864
1	182	137	0.999873
1	275	195	0.999808
0	199	168	0.999861
1	262	167	0.999817
0	196	190	0.999863
1	216	139	0.999849
0	77	63	0.999946
1	144	88	0.999899
1	134	101	0.999906
1	235	182	0.999835
0	178	173	0.999875
0	158	143	0.999889
1	148	104	0.999896
0	135	121	0.999905
0	216	181	0.999848
1	243	190	0.999829
1	260	202	0.999817
1	196	135	0.999862
0	214	194	0.999849
0	177	165	0.999875
1	126	80	0.999911
0	184	172	0.99987
1	75	48	0.999947
1	273	173	0.999807
1	164	128	0.999884
0	106	100	0.999925
0	253	200	0.999821
1	223	147	0.999842
0	127	117	0.99991
1	234	143	0.999834
1	241	176	0.999829
1	100	77	0.999929
0	221	176	0.999843
1	167	131	0.999881
1	185	142	0.999868
0	192	158	0.999863
0	206	203	0.999853
1	77	56	0.999945
0	273	266	0.999805
0	184	179	0.999868
1	230	142	0.999835
0	223	204	0.99984
1	220	153	0.999842
0	231	183	0.999834
1	210	163	0.999849
1	57	40	0.999959
1	143	96	0.999897
1	236	185	0.99983
1	185	129	0.999866
0	211	185	0.999847
1	251	153	0.999818
1	255	183	0.999815
1	106	67	0.999923
0	212	181	0.999846
0	234	186	0.99983
0	77	64	0.999944
1	209	130	0.999848
1	81	50	0.999941
0	118	93	0.999914
0	266	228	0.999806
0	170	140	0.999876
0	278	228	0.999797
0	227	181	0.999834
0	268	217	0.999804
0	149	148	0.999891
1	71	44	0.999948
0	86	74	0.999937
1	131	86	0.999904
1	176	119	0.999871
0	251	210	0.999816
0	237	187	0.999826
0	271	234	0.999801
0	87	86	0.999936
0	159	149	0.999883
0	163	136	0.99988
0	254	210	0.999813
1	186	127	0.999863
0	206	199	0.999848
1	264	199	0.999805
0	150	121	0.999889
1	154	109	0.999886
0	170	155	0.999874
1	209	152	0.999845
0	213	189	0.999842
1	186	145	0.999862
1	221	173	0.999836
0	221	208	0.999836
0	159	157	0.999882
0	74	61	0.999945
0	191	161	0.999858
1	200	123	0.999851
1	200	150	0.999851
1	263	186	0.999804
0	185	163	0.999862
1	233	143	0.999826
0	265	245	0.999802
0	190	158	0.999858
0	152	143	0.999886
1	228	158	0.999829
0	261	253	0.999804
1	245	177	0.999816
1	221	170	0.999834
1	209	147	0.999843
0	153	149	0.999885
1	202	128	0.999848
1	219	155	0.999835
1	219	149	0.999835
0	220	181	0.999834
1	151	98	0.999886
1	135	99	0.999898
0	262	223	0.999802
0	205	172	0.999845
1	144	100	0.999891
1	239	155	0.999819
1	264	206	0.9998
1	219	166	0.999834
0	244	210	0.999815
0	149	148	0.999887
1	232	175	0.999824
0	228	184	0.999827
1	150	94	0.999886
1	180	130	0.999863
0	109	91	0.999917
0	210	182	0.99984
0	248	216	0.999811
1	227	169	0.999827
1	240	149	0.999817
0	237	222	0.999819
1	157	98	0.99988
0	174	159	0.999867
0	102	97	0.999922
0	183	176	0.99986
0	257	227	0.999803
0	120	119	0.999908
1	120	91	0.999908
0	133	109	0.999898
1	69	48	0.999947
0	121	118	0.999907
0	242	199	0.999814
1	169	131	0.99987
0	208	189	0.99984
0	253	202	0.999805
0	210	173	0.999838
0	127	123	0.999902
0	228	222	0.999824
1	119	73	0.999908
1	225	159	0.999826
0	102	92	0.999921
1	213	137	0.999835
1	209	149	0.999838
1	184	124	0.999857
0	220	178	0.999829
1	54	37	0.999958
0	180	143	0.99986
1	225	149	0.999825
0	203	197	0.999842
1	163	113	0.999873
0	231	186	0.99982
1	245	170	0.999809
0	177	153	0.999862
0	55	53	0.999957
1	202	148	0.999842
1	193	138	0.999849
0	221	213	0.999827
1	120	89	0.999906
1	208	132	0.999837
0	237	208	0.999814
0	257	217	0.999798
0	169	156	0.999867
1	249	155	0.999804
0	188	182	0.999852
1	80	60	0.999937
0	254	228	0.9998
0	179	173	0.999859
0	217	189	0.999829
0	137	114	0.999892
0	200	174	0.999842
1	143	87	0.999887
0	182	177	0.999856
0	154	126	0.999878
0	159	135	0.999874
0	222	220	0.999824
0	203	199	0.999839
1	228	157	0.999819
1	165	103	0.999869
0	220	203	0.999825
1	187	137	0.999851
0	69	59	0.999945
1	139	95	0.999889
1	70	45	0.999944
1	180	135	0.999856
0	226	193	0.999819
0	116	98	0.999907
1	237	158	0.99981
1	248	156	0.999801
0	76	61	0.999939
1	234	158	0.999812
0	148	135	0.999881
0	138	136	0.999889
0	226	186	0.999818
0	185	159	0.999851
1	232	149	0.999813
0	207	193	0.999833
1	233	175	0.999812
1	244	187	0.999803
1	234	182	0.999811
0	158	125	0.999872
1	116	82	0.999906
0	238	210	0.999807
1	143	92	0.999884
1	53	39	0.999957
1	117	87	0.999905
0	128	117	0.999896
0	144	135	0.999883
0	171	144	0.999861
1	230	140	0.999813
1	102	75	0.999917
0	172	162	0.99986
1	238	162	0.999806
0	207	186	0.999831
0	222	213	0.999818
1	117	82	0.999904
0	242	196	0.999801
0	231	191	0.99981
0	175	165	0.999856
0	226	206	0.999814
1	170	107	0.99986
1	189	121	0.999844
1	212	149	0.999825
0	109	91	0.99991
1	230	153	0.99981
0	144	133	0.999881
1	121	80	0.9999
0	209	183	0.999827
1	198	128	0.999836
0	245	201	0.999797
0	199	157	0.999835
0	217	186	0.99982
1	53	35	0.999956
1	219	162	0.999818
0	77	65	0.999936
1	154	120	0.999872
1	90	68	0.999925
1	194	150	0.999838
0	67	59	0.999944
0	128	100	0.999893
0	189	159	0.999842
0	92	78	0.999923
1	234	160	0.999804
0	106	98	0.999911
1	238	165	0.9998
1	101	75	0.999915
0	158	157	0.999867
1	172	125	0.999855
1	211	152	0.999822
0	215	171	0.999818
1	196	122	0.999834
1	134	99	0.999886
1	181	126	0.999846
1	142	100	0.999879
1	237	151	0.999798
0	122	106	0.999896
1	218	153	0.999814
1	218	157	0.999814
1	191	127	0.999837
1	192	139	0.999836
1	55	36	0.999953
0	62	54	0.999947
0	84	80	0.999928
0	154	150	0.999868
1	203	125	0.999826
1	176	132	0.999849
1	191	116	0.999836
0	213	195	0.999817
0	199	176	0.999829
0	57	47	0.999951
1	228	157	0.999804
0	130	112	0.999888
0	195	193	0.999832
0	218	189	0.999812
0	160	134	0.999862
0	226	210	0.999805
1	168	119	0.999855
0	161	126	0.999861
1	161	119	0.999861
1	147	90	0.999873
0	184	158	0.999841
1	185	122	0.99984
1	52	34	0.999955
0	127	106	0.99989
0	187	158	0.999838
1	113	69	0.999902
1	167	103	0.999855
0	168	162	0.999854
0	54	45	0.999953
1	140	101	0.999878
0	117	113	0.999898
1	121	90	0.999894
0	147	123	0.999871
0	115	94	0.999899
0	124	105	0.999891
1	224	170	0.999803
0	142	139	0.999875
0	218	170	0.999808
0	169	158	0.999851
0	196	188	0.999827
1	172	132	0.999848
0	193	189	0.999829
0	212	166	0.999812
1	134	103	0.999881
1	99	62	0.999912
1	200	151	0.999822
0	191	172	0.99983
1	129	86	0.999885
1	221	161	0.999803
0	214	207	0.999809
0	177	171	0.999842
1	169	113	0.999849
1	226	170	0.999798
1	133	92	0.999881
0	153	129	0.999863
0	148	116	0.999867
1	168	123	0.999849
1	129	100	0.999884
0	170	154	0.999847
1	211	156	0.99981
1	172	104	0.999845
1	152	115	0.999863
1	185	114	0.999833
0	206	164	0.999814
1	206	135	0.999814
1	116	88	0.999895
1	127	93	0.999885
1	192	149	0.999826
0	204	162	0.999815
0	108	105	0.999902
0	221	211	0.999799
1	144	102	0.999869
1	89	65	0.999919
0	157	137	0.999857
0	125	106	0.999886
0	114	107	0.999896
0	171	135	0.999844
0	184	153	0.999832
1	81	60	0.999926
0	95	91	0.999913
0	217	184	0.999801
1	133	100	0.999878
1	220	137	0.999798
0	184	164	0.999831
0	215	172	0.999802
0	114	96	0.999895
1	103	77	0.999905
1	116	81	0.999893
0	181	155	0.999833
1	194	127	0.999821
1	144	94	0.999867
0	131	124	0.999879
0	171	141	0.999842
0	171	164	0.999842
0	145	143	0.999866
0	159	147	0.999853
1	201	151	0.999814
1	190	124	0.999824
1	165	105	0.999847
1	97	63	0.99991
0	182	149	0.999831
1	116	90	0.999892
1	132	81	0.999877
0	182	155	0.99983
1	153	101	0.999857
1	184	129	0.999828
0	77	60	0.999928
0	154	147	0.999856
0	62	58	0.999942
0	124	101	0.999884
0	204	162	0.999809
1	189	138	0.999823
0	112	100	0.999895
0	193	160	0.999819
0	115	93	0.999892
1	121	89	0.999886
0	211	195	0.999801
0	195	167	0.999816
1	200	136	0.999811
1	152	112	0.999856
0	115	103	0.999891
0	115	95	0.999891
0	116	114	0.99989
1	163	111	0.999845
0	204	195	0.999806
1	185	125	0.999824
0	185	153	0.999824
1	206	141	0.999804
0	146	131	0.999861
1	167	125	0.999841
1	209	139	0.999801
0	209	191	0.999801
1	149	106	0.999858
1	150	95	0.999857
0	86	80	0.999918
1	89	67	0.999915
1	137	104	0.999869
0	207	169	0.999802
1	189	133	0.999819
1	167	109	0.99984
0	72	65	0.999931
0	168	164	0.999839
0	169	150	0.999838
0	169	147	0.999838
0	179	148	0.999828
0	182	169	0.999825
0	211	181	0.999797
0	171	139	0.999835
0	88	84	0.999915
0	180	166	0.999826
0	92	80	0.999911
1	123	84	0.999881
0	156	124	0.999848
0	118	111	0.999885
1	201	124	0.999804
0	165	129	0.999839
0	166	142	0.999838
0	126	104	0.999877
0	87	71	0.999915
0	147	120	0.999856
0	51	43	0.99995
1	160	110	0.999843
0	160	125	0.999843
1	109	71	0.999893
1	110	81	0.999892
0	176	143	0.999827
0	176	168	0.999827
1	121	86	0.999881
0	196	165	0.999807
1	138	96	0.999864
0	75	69	0.999926
0	77	63	0.999924
0	157	151	0.999845
0	165	130	0.999837
0	185	167	0.999817
0	198	194	0.999804
0	124	104	0.999877
1	132	96	0.999869
0	139	124	0.999862
0	141	125	0.99986
0	167	132	0.999834
1	176	136	0.999825
0	63	55	0.999937
1	67	52	0.999933
0	71	68	0.999929
0	145	115	0.999855
0	149	140	0.999851
1	187	144	0.999812
0	182	156	0.999817
0	155	154	0.999844
1	143	99	0.999856
0	137	117	0.999862
1	125	82	0.999874
1	119	82	0.99988
0	93	77	0.999906
0	178	144	0.99982
1	144	95	0.999854
0	68	59	0.999931
1	195	142	0.999802
0	175	145	0.999822
1	55	36	0.999944
1	162	116	0.999835
0	149	137	0.999848
0	95	78	0.999903
1	187	113	0.999809
0	128	125	0.999869
1	81	62	0.999917
1	157	96	0.999839
0	117	103	0.99988
1	77	53	0.999921
0	180	159	0.999815
1	180	125	0.999815
1	174	110	0.999821
0	138	116	0.999858
0	66	59	0.999932
1	197	122	0.999797
0	98	88	0.999899
1	130	87	0.999866
0	92	86	0.999905
0	121	98	0.999875
1	60	43	0.999938
1	120	88	0.999876
0	147	122	0.999848
1	170	121	0.999824
0	113	105	0.999883
0	195	177	0.999798
0	138	110	0.999857
1	163	113	0.999831
0	161	126	0.999833
1	151	107	0.999843
0	147	125	0.999847
1	171	131	0.999822
1	71	53	0.999926
0	165	160	0.999828
1	162	113	0.999831
1	137	99	0.999857
0	136	126	0.999858
0	88	75	0.999908
0	103	94	0.999892
0	159	152	0.999833
0	99	94	0.999896
1	118	84	0.999876
1	190	145	0.9998
0	165	146	0.999826
0	170	166	0.99982
1	168	111	0.999822
0	181	147	0.999808
1	146	102	0.999845
0	173	172	0.999816
0	184	159	0.999804
1	90	63	0.999904
0	190	162	0.999797
0	178	165	0.999809
0	164	162	0.999824
0	67	66	0.999928
1	161	121	0.999827
0	133	123	0.999857
0	79	66	0.999915
0	184	151	0.999802
0	117	91	0.999874
0	117	103	0.999874
0	103	85	0.999889
1	51	37	0.999945
1	188	136	0.999797
0	100	86	0.999892
1	160	105	0.999827
0	61	49	0.999934
1	145	112	0.999843
0	96	92	0.999896
0	156	141	0.999831
1	143	105	0.999845
0	70	65	0.999924
0	182	142	0.999802
0	182	168	0.999802
0	146	134	0.999841
0	98	86	0.999893
0	185	151	0.999798
1	141	105	0.999846
0	183	159	0.9998
1	64	45	0.99993
0	160	125	0.999825
1	160	103	0.999825
1	157	110	0.999828
1	146	101	0.99984
0	104	96	0.999886
0	155	145	0.99983
1	171	124	0.999812
1	160	101	0.999824
1	119	86	0.999869
0	98	76	0.999892
0	156	140	0.999828
0	115	112	0.999873
0	114	98	0.999874
1	114	70	0.999874
0	170	139	0.999812
0	169	135	0.999813
1	148	105	0.999836
0	155	144	0.999828
1	154	113	0.999829
1	167	123	0.999814
1	61	45	0.999932
1	148	100	0.999835
0	121	120	0.999865
1	95	69	0.999894
1	85	59	0.999905
1	143	103	0.99984
1	168	120	0.999812
1	58	39	0.999935
1	124	92	0.999861
0	73	72	0.999918
0	64	62	0.999928
0	96	79	0.999892
0	120	97	0.999865
0	167	165	0.999812
1	126	85	0.999858
0	55	50	0.999938
0	107	93	0.999879
1	68	48	0.999923
0	166	140	0.999812
1	142	102	0.999839
0	97	96	0.99989
1	148	96	0.999832
0	175	168	0.999801
0	93	77	0.999894
1	57	41	0.999935
1	64	40	0.999927
1	106	64	0.999879
0	141	113	0.999839
1	112	84	0.999872
1	104	67	0.999881
0	166	142	0.99981
1	166	125	0.99981
1	164	121	0.999812
0	102	87	0.999883
1	66	47	0.999924
0	164	145	0.999811
0	131	128	0.999849
0	65	52	0.999925
1	134	83	0.999845
1	89	64	0.999897
0	152	128	0.999824
0	118	108	0.999863
0	149	131	0.999827
0	124	112	0.999856
1	105	72	0.999878
0	154	152	0.999821
0	73	63	0.999915
1	126	93	0.999853
0	113	111	0.999868
1	165	115	0.999807
1	170	117	0.999801
1	111	77	0.99987
1	140	94	0.999836
1	122	91	0.999857
1	139	106	0.999837
0	115	99	0.999865
0	126	121	0.999852
1	114	78	0.999866
0	108	107	0.999873
0	125	98	0.999853
0	78	73	0.999908
1	128	91	0.999849
0	97	93	0.999885
0	154	122	0.999817
1	116	74	0.999862
0	157	154	0.999813
0	136	130	0.999838
1	119	79	0.999858
0	155	129	0.999815
0	108	102	0.999871
0	126	109	0.999849
0	120	116	0.999856
0	130	114	0.999844
1	104	74	0.999875
1	102	78	0.999877
0	106	92	0.999872
1	159	99	0.999808
1	130	85	0.999843
0	62	59	0.999925
0	138	136	0.999833
1	122	86	0.999852
1	164	117	0.999801
0	126	122	0.999847
1	51	35	0.999938
1	159	121	0.999806
1	86	53	0.999895
0	95	76	0.999884
0	85	77	0.999896
0	165	136	0.999798
0	164	158	0.999799
1	118	85	0.999855
1	113	74	0.999861
1	52	35	0.999936
0	112	109	0.999862
0	116	111	0.999857
0	118	111	0.999854
0	143	120	0.999823
0	113	112	0.99986
1	121	85	0.99985
0	146	128	0.999819
1	54	41	0.999933
0	112	96	0.999861
1	58	41	0.999928
0	99	98	0.999877
0	102	86	0.999873
0	106	86	0.999868
0	126	110	0.999843
1	150	110	0.999813
1	97	70	0.999879
0	120	115	0.99985
0	124	113	0.999845
0	154	142	0.999807
0	125	98	0.999843
0	132	115	0.999834
0	155	143	0.999805
1	154	99	0.999806
0	50	45	0.999937
0	50	40	0.999937
1	120	75	0.999848
0	149	140	0.999811
0	149	138	0.999811
1	130	94	0.999834
0	122	112	0.999844
1	156	113	0.9998
1	124	90	0.999841
0	74	60	0.999905
0	158	124	0.999797
1	154	109	0.999802
1	129	82	0.999834
0	148	144	0.999809
0	92	84	0.999881
0	51	48	0.999934
0	61	48	0.999921
1	125	80	0.999838
1	54	37	0.99993
0	54	42	0.99993
0	91	72	0.999882
0	80	70	0.999896
0	120	111	0.999844
0	136	108	0.999823
0	125	102	0.999837
1	138	84	0.99982
1	144	111	0.999812
1	116	75	0.999848
0	131	123	0.999828
1	104	71	0.999863
0	107	91	0.999859
0	66	59	0.999913
1	119	86	0.999843
0	75	58	0.999901
0	149	137	0.999803
1	127	82	0.999832
1	96	73	0.999873
0	71	70	0.999906
1	114	69	0.999849
0	77	60	0.999898
0	58	48	0.999923
1	116	79	0.999846
0	121	107	0.999839
0	111	98	0.999852
1	151	106	0.999798
0	142	130	0.99981
0	106	99	0.999858
0	103	83	0.999862
1	94	59	0.999874
0	61	50	0.999918
1	57	43	0.999923
0	108	88	0.999854
0	139	122	0.999812
0	110	92	0.999851
0	98	78	0.999867
1	109	81	0.999852
0	134	128	0.999818
0	128	107	0.999826
0	149	119	0.999797
1	118	85	0.999839
0	74	58	0.999899
0	63	52	0.999914
1	139	102	0.99981
1	76	49	0.999896
0	111	105	0.999848
0	123	118	0.999831
0	139	115	0.999809
1	114	70	0.999843
0	140	122	0.999807
0	92	91	0.999873
1	92	65	0.999873
0	63	54	0.999913
1	81	52	0.999888
1	60	43	0.999917
1	52	33	0.999928
0	65	63	0.99991
1	88	59	0.999878
0	124	97	0.999828
0	98	95	0.999864
0	59	49	0.999918
1	71	45	0.999901
1	75	48	0.999895
0	90	76	0.999874
0	126	98	0.999823
0	121	118	0.99983
0	101	93	0.999858
0	123	97	0.999827
0	103	93	0.999855
0	95	83	0.999866
1	94	65	0.999867
1	53	32	0.999925
0	96	91	0.999864
0	91	88	0.999871
0	136	131	0.999807
1	131	95	0.999814
1	69	44	0.999902
0	102	97	0.999855
1	137	101	0.999805
1	85	59	0.999879
0	120	114	0.999828
0	126	123	0.999819
0	112	91	0.999839
1	70	47	0.999899
0	140	127	0.999798
1	110	77	0.999841
1	56	35	0.999919
0	60	58	0.999913
0	122	112	0.999823
0	77	61	0.999888
1	101	70	0.999852
1	123	79	0.999819
0	74	66	0.999891
0	113	90	0.999833
0	112	96	0.999834
1	58	44	0.999914
0	66	63	0.999902
0	68	63	0.999899
1	76	48	0.999887
0	121	100	0.99982
1	122	83	0.999818
0	63	55	0.999906
0	124	115	0.999815
0	69	65	0.999897
0	79	73	0.999882
0	54	43	0.999919
0	98	86	0.999853
1	110	81	0.999835
0	130	118	0.999805
0	129	119	0.999806
1	119	87	0.999821
1	115	87	0.999827
1	105	66	0.999842
0	73	65	0.99989
0	67	52	0.999899
0	86	68	0.99987
0	130	124	0.999801
1	77	58	0.999882
0	116	114	0.999822
0	84	73	0.999871
1	112	78	0.999828
1	61	43	0.999906
0	109	93	0.999832
0	77	72	0.999881
1	106	66	0.999836
1	122	78	0.999811
1	81	53	0.999874
0	99	89	0.999846
1	117	77	0.999818
1	77	48	0.99988
1	127	91	0.999802
1	127	86	0.999802
1	66	47	0.999897
0	55	47	0.999914
1	117	89	0.999817
0	119	100	0.999813
0	101	100	0.999841
0	127	107	0.9998
0	113	104	0.999822
0	128	104	0.999798
1	74	45	0.999883
0	103	84	0.999837
1	118	74	0.999813
0	94	76	0.999851
0	95	86	0.999849
0	100	83	0.999841
0	127	98	0.999798
1	54	36	0.999914
0	104	93	0.999834
0	126	101	0.999798
1	104	70	0.999833
0	62	58	0.9999
0	119	95	0.999808
1	91	60	0.999853
1	123	86	0.999801
1	74	53	0.99988
1	69	48	0.999888
0	97	96	0.999842
0	54	45	0.999912
0	66	54	0.999891
1	84	55	0.999861
1	64	40	0.999894
0	83	81	0.999862
0	90	80	0.999849
1	109	75	0.999817
0	116	108	0.999805
0	64	56	0.999892
0	58	45	0.999902
0	114	110	0.999807
0	101	92	0.999829
0	101	80	0.999829
0	115	104	0.999805
0	103	82	0.999825
1	117	74	0.999801
0	118	116	0.999799
0	81	69	0.999862
0	59	48	0.999899
0	116	115	0.999801
0	88	76	0.999849
1	99	74	0.99983
1	92	60	0.999842
1	71	49	0.999878
1	111	69	0.999808
1	67	49	0.999884
0	75	63	0.99987
1	111	85	0.999807
1	69	51	0.99988
0	116	109	0.999798
1	85	59	0.999851
0	62	59	0.999891
1	104	72	0.999817
0	105	95	0.999815
0	105	104	0.999815
1	60	40	0.999894
1	109	74	0.999807
0	114	90	0.999798
0	84	81	0.999851
1	101	66	0.99982
1	69	45	0.999877
1	92	69	0.999836
0	90	71	0.999839
0	81	64	0.999855
0	79	63	0.999858
1	106	68	0.999809
0	76	75	0.999863
1	97	67	0.999825
1	111	82	0.999799
0	109	106	0.999802
1	107	78	0.999805
0	85	72	0.999845
1	74	50	0.999865
1	110	81	0.999799
1	88	64	0.999839
0	98	84	0.99982
0	52	41	0.999904
0	96	89	0.999822
1	102	71	0.999809
1	103	73	0.999807
0	105	104	0.999803
0	59	52	0.999889
0	101	83	0.999809
0	89	73	0.999831
0	50	44	0.999905
0	62	58	0.999882
0	96	83	0.999816
1	68	52	0.999869
1	88	61	0.99983
1	92	57	0.999822
0	94	73	0.999818
1	72	44	0.99986
1	75	49	0.999854
0	102	86	0.999801
0	103	99	0.999799
0	71	63	0.999861
1	73	47	0.999857
1	51	38	0.9999
0	83	70	0.999837
0	84	75	0.999834
1	76	47	0.999849
1	80	52	0.999841
0	100	84	0.999801
1	83	58	0.999834
0	91	88	0.999818
1	94	68	0.999811
1	54	38	0.999891
1	85	58	0.999827
1	85	62	0.999827
1	56	37	0.999886
0	57	55	0.999883
0	57	46	0.999883
1	68	52	0.99986
1	89	59	0.999816
0	55	52	0.999886
0	81	78	0.999832
0	87	72	0.999819
0	86	85	0.999821
0	79	72	0.999835
0	55	51	0.999885
0	62	60	0.99987
0	67	60	0.999859
1	95	61	0.9998
1	87	64	0.999816
1	85	53	0.999819
1	87	66	0.999814
1	94	68	0.999799
0	94	74	0.999799
1	92	61	0.999803
0	91	89	0.999805
1	75	48	0.999838
0	56	48	0.999878
0	84	81	0.999817
0	61	56	0.999867
0	70	68	0.999847
0	84	75	0.999816
0	68	66	0.99985
0	79	64	0.999825
0	72	68	0.99984
1	84	52	0.999812
0	52	47	0.999883
0	88	75	0.999802
0	66	57	0.999851
0	50	45	0.999887
1	53	35	0.99988
1	56	35	0.999873
0	76	60	0.999827
0	79	71	0.99982
0	74	61	0.999831
0	74	70	0.999831
1	86	63	0.999802
0	79	67	0.999817
1	74	47	0.999828
0	86	83	0.9998
0	81	66	0.99981
0	78	64	0.999816
1	57	42	0.999865
0	61	58	0.999855
1	70	43	0.999833
0	75	62	0.999821
0	67	53	0.99984
0	83	70	0.999801
0	60	58	0.999856
1	80	60	0.999808
0	74	62	0.999822
0	68	65	0.999836
1	72	52	0.999826
1	69	45	0.999833
1	67	45	0.999836
1	51	37	0.999875
0	55	46	0.999865
0	71	61	0.999825
0	77	64	0.99981
0	80	66	0.999802
1	69	46	0.999829
0	73	64	0.999818
1	54	35	0.999865
1	62	43	0.999839
1	57	40	0.999851
0	55	46	0.999855
1	72	53	0.999809
1	76	54	0.999798
1	62	47	0.999835
0	71	67	0.999811
1	64	48	0.999829
1	66	49	0.999822
0	63	55	0.99983
0	50	48	0.999865
0	59	53	0.999838
0	69	66	0.99981
1	65	47	0.999821
0	58	49	0.99984
0	50	49	0.999862
0	64	58	0.999823
1	53	39	0.999853
1	60	43	0.999833
0	53	51	0.999852
0	58	52	0.999838
0	51	46	0.999857
0	63	59	0.999822
1	52	39	0.999853
0	71	55	0.999797
1	58	42	0.999834
0	52	50	0.999851
0	70	62	0.999799
0	67	56	0.999806
1	57	38	0.999834
0	57	46	0.999834
1	59	36	0.999828
1	65	47	0.999809
0	54	49	0.999841
0	54	42	0.99984
0	64	62	0.99981
0	67	61	0.999801
1	67	46	0.999798
0	58	57	0.999825
1	66	46	0.9998
1	52	39	0.999838
0	59	57	0.999816
1	50	37	0.999841
0	55	52	0.999824
0	52	45	0.999832
1	56	40	0.999819
0	51	40	0.999835
0	57	49	0.999814
1	60	38	0.999798
0	56	44	0.999805
1	57	43	0.999801
0	57	52	0.999797
1	51	39	0.999817
0	52	43	0.999813
0	53	44	0.999809
0	51	49	0.999816
0	54	42	0.999805
1	55	34	0.999801
1	51	38	0.999798
0	51	49	0.999798
