6417.17
0.0296591
1500
1	444	155	0.98783
1	373	24	0.989543
1	427	107	0.986403
0	393	371	0.987208
1	467	193	0.982595
0	411	391	0.984281
0	364	272	0.983137
1	228	95	0.989194
0	473	329	0.976056
1	499	32	0.973133
1	473	111	0.974328
1	225	102	0.987438
1	188	6	0.988834
1	444	97	0.973459
1	471	4	0.971073
1	314	64	0.980257
0	245	222	0.983401
1	462	90	0.968801
0	353	302	0.973648
1	315	46	0.974873
1	307	51	0.97507
0	475	408	0.96194
0	422	395	0.965998
1	168	11	0.986149
0	480	245	0.960681
0	208	123	0.982454
1	330	89	0.97041
0	348	299	0.968243
1	275	39	0.974346
0	150	112	0.985736
0	378	237	0.963568
0	151	133	0.985073
0	408	310	0.960348
1	461	140	0.955307
0	242	211	0.975329
1	445	121	0.955105
0	335	302	0.965802
0	469	363	0.952485
0	269	191	0.972076
0	424	158	0.956344
1	400	120	0.955695
0	428	381	0.950934
0	433	231	0.949049
0	253	106	0.968591
0	412	249	0.949503
0	346	205	0.95627
0	316	232	0.95875
0	176	93	0.976266
0	482	287	0.93745
0	498	201	0.934154
0	286	243	0.960915
0	449	233	0.939474
0	228	117	0.968077
1	421	15	0.941111
1	406	21	0.94026
0	362	173	0.945262
0	284	242	0.956409
1	383	22	0.941455
0	433	139	0.932377
0	444	385	0.93055
1	292	65	0.952646
1	391	73	0.936541
0	323	241	0.945578
0	410	282	0.931359
0	229	112	0.95957
0	198	154	0.964792
0	385	343	0.931517
0	477	404	0.915631
0	405	150	0.926998
0	325	159	0.939753
0	279	97	0.947214
0	154	44	0.970073
0	360	123	0.930479
0	291	64	0.942791
0	227	149	0.954776
1	294	11	0.941481
0	212	169	0.954611
0	278	192	0.941019
1	472	1	0.903652
0	168	48	0.962939
0	435	253	0.909231
0	423	268	0.910727
0	445	188	0.90408
1	392	21	0.913277
1	410	50	0.908788
0	436	158	0.903538
0	221	35	0.946932
0	394	220	0.909144
0	263	105	0.93673
0	303	54	0.927451
0	198	165	0.950539
0	126	78	0.96782
0	444	239	0.894224
1	384	0	0.906025
0	340	192	0.915631
0	292	168	0.926653
0	105	85	0.972309
0	379	216	0.906599
0	325	237	0.918612
0	368	104	0.90829
0	485	119	0.881341
0	231	67	0.939447
0	171	81	0.954103
0	466	233	0.883717
0	467	275	0.878207
0	139	84	0.960196
0	217	90	0.93859
0	224	45	0.936605
0	306	212	0.915205
0	456	376	0.877724
0	474	325	0.872963
0	236	72	0.932199
0	243	46	0.930091
0	66	36	0.979752
1	465	36	0.871347
0	452	53	0.874219
0	451	68	0.873789
0	460	358	0.87146
0	432	375	0.877829
0	426	87	0.876413
0	489	391	0.858739
0	325	125	0.901399
0	356	270	0.892104
0	479	102	0.859899
0	452	289	0.866455
0	219	142	0.929388
0	248	114	0.920362
0	497	137	0.851281
0	290	204	0.907225
1	61	3	0.978892
0	448	337	0.862654
0	110	71	0.962201
0	464	339	0.857586
1	403	13	0.873488
0	373	125	0.881263
0	480	224	0.851883
0	300	115	0.901524
0	108	21	0.961785
0	477	214	0.850569
0	236	145	0.920004
0	302	34	0.89944
1	430	24	0.862281
0	391	232	0.873026
0	358	88	0.882346
0	447	210	0.855893
0	236	80	0.917887
0	139	38	0.949797
0	336	169	0.886252
1	295	21	0.897144
0	311	60	0.892134
0	335	31	0.884142
0	209	171	0.92258
0	267	180	0.903117
0	375	243	0.867088
1	284	16	0.894328
0	77	16	0.968922
0	355	252	0.871088
0	252	84	0.904607
0	143	78	0.943041
0	484	190	0.829846
0	132	98	0.946247
0	312	145	0.881104
0	469	148	0.831151
0	238	30	0.90631
0	154	114	0.936782
0	110	24	0.953881
0	420	275	0.843104
0	372	280	0.857987
0	425	204	0.839897
0	282	189	0.886718
0	317	56	0.873539
1	302	2	0.87857
0	421	37	0.838417
0	407	245	0.842233
0	407	42	0.839142
0	471	308	0.818175
0	422	73	0.832323
0	441	114	0.825059
0	378	50	0.84588
0	475	262	0.813579
0	347	160	0.85615
0	401	103	0.836736
0	145	110	0.93404
0	213	47	0.905868
0	124	93	0.942851
0	464	270	0.813955
0	124	95	0.941837
0	437	306	0.820736
0	163	66	0.924332
1	189	0	0.912916
0	402	112	0.831155
0	429	295	0.821646
0	375	242	0.839556
0	377	147	0.838731
0	367	279	0.841399
0	274	26	0.875531
0	390	114	0.831659
0	486	264	0.798432
0	445	207	0.811809
0	218	116	0.897899
0	426	310	0.814563
0	378	125	0.831446
0	320	251	0.853499
0	131	92	0.933477
0	417	40	0.814821
0	307	208	0.85648
1	409	12	0.816031
0	425	21	0.809587
0	485	56	0.787953
0	379	65	0.82616
0	426	99	0.807607
0	350	224	0.835494
0	320	106	0.846942
0	422	327	0.806959
0	217	28	0.889571
0	280	17	0.861916
0	397	238	0.814334
0	426	277	0.801916
0	292	34	0.854839
0	390	183	0.813206
0	333	78	0.835893
0	498	196	0.771516
0	305	103	0.845667
0	80	17	0.954244
0	173	21	0.904754
0	89	36	0.948088
0	414	261	0.796933
0	495	24	0.766041
0	297	245	0.843769
0	291	198	0.846308
0	224	132	0.875176
0	446	340	0.77853
0	470	338	0.769186
0	237	205	0.868256
0	493	366	0.759991
0	403	201	0.794416
0	355	206	0.814318
0	260	95	0.856026
0	245	120	0.862798
0	377	159	0.801839
0	260	101	0.854133
0	265	158	0.851712
0	130	26	0.921278
0	300	84	0.835027
0	428	159	0.77999
0	408	63	0.788018
0	178	92	0.894706
0	447	107	0.771822
0	260	36	0.851444
0	301	119	0.830932
0	318	102	0.822747
0	447	240	0.76715
0	413	110	0.780079
0	404	242	0.783619
0	275	208	0.84097
0	472	253	0.75426
0	386	184	0.789006
0	181	50	0.888527
0	359	46	0.799321
0	338	240	0.808583
0	351	161	0.802398
0	337	100	0.807216
0	108	21	0.928275
0	385	17	0.783327
0	300	112	0.822043
0	369	18	0.787965
0	197	14	0.874006
0	325	73	0.807497
0	173	151	0.886206
0	381	86	0.779322
0	388	214	0.776144
0	132	16	0.909928
0	235	87	0.849911
0	248	61	0.842635
0	368	152	0.781688
0	355	43	0.787513
0	423	210	0.755864
0	419	294	0.757016
0	266	31	0.829734
0	436	77	0.747498
0	244	13	0.840982
0	338	10	0.791983
0	206	117	0.861784
0	204	138	0.862657
0	408	121	0.755407
0	428	306	0.745379
0	423	227	0.747194
0	405	254	0.753281
0	413	193	0.749429
0	106	84	0.920952
0	109	88	0.918846
0	120	54	0.911256
0	156	104	0.88762
0	440	243	0.73678
1	238	2	0.83804
0	470	71	0.72359
0	341	205	0.780662
0	287	63	0.807982
0	497	221	0.707332
0	232	115	0.837652
0	467	235	0.717791
0	466	60	0.71752
0	316	146	0.789054
0	325	116	0.783523
0	381	202	0.754352
0	281	78	0.805694
0	285	99	0.803294
0	367	45	0.76004
0	60	16	0.950874
0	123	39	0.903168
0	476	99	0.706065
0	245	125	0.822667
1	200	0	0.849256
0	134	8	0.893527
0	244	22	0.821528
0	284	61	0.796241
0	484	108	0.694092
0	357	151	0.75193
0	481	47	0.691737
0	424	289	0.716635
1	365	0	0.744841
0	137	83	0.885618
0	371	260	0.740693
0	406	283	0.722273
0	433	202	0.708025
0	388	175	0.727442
0	273	101	0.78974
0	354	230	0.743096
0	389	55	0.723693
0	495	119	0.672383
0	341	43	0.748155
0	365	136	0.733273
0	296	173	0.769957
0	334	243	0.74754
0	137	64	0.878231
0	452	139	0.685532
0	363	123	0.730523
0	258	188	0.788288
0	246	190	0.796013
0	314	170	0.752173
0	396	158	0.705626
0	344	215	0.731655
0	458	132	0.671612
0	237	17	0.796268
0	113	27	0.890794
0	249	71	0.786535
0	238	100	0.79382
0	145	57	0.863054
0	95	84	0.905757
0	316	102	0.742882
0	356	216	0.718181
0	483	174	0.652043
0	445	86	0.66996
0	396	238	0.693118
0	376	66	0.702251
0	323	182	0.731485
1	301	0	0.74498
0	320	55	0.732498
0	385	233	0.694731
0	173	35	0.833923
0	450	134	0.656255
0	491	116	0.635785
0	394	134	0.683236
0	272	68	0.756775
0	386	102	0.686606
0	313	57	0.729863
0	338	196	0.712716
0	342	18	0.709532
0	442	71	0.653762
0	138	56	0.857977
0	67	46	0.925373
0	328	195	0.716481
0	79	16	0.912838
0	183	38	0.818868
0	180	74	0.820577
0	281	133	0.745343
0	436	167	0.650227
0	76	3	0.913963
0	408	62	0.662629
0	217	105	0.78665
0	209	78	0.791092
0	218	158	0.783794
0	299	189	0.724952
0	149	27	0.840509
0	410	133	0.656395
0	300	163	0.722477
0	149	45	0.839595
0	495	18	0.610756
0	387	231	0.667263
0	471	202	0.621057
0	446	32	0.633027
0	464	185	0.622938
0	156	78	0.830705
0	434	39	0.637865
0	441	12	0.633763
0	380	171	0.667009
0	263	43	0.742978
0	372	10	0.670797
0	500	111	0.601663
0	133	37	0.84992
0	140	103	0.842652
0	231	6	0.762718
0	90	47	0.891749
0	425	166	0.635604
0	401	11	0.648367
0	254	31	0.742013
0	466	75	0.609938
0	168	106	0.812147
0	400	167	0.644517
0	168	29	0.811867
0	296	179	0.708021
0	427	180	0.626537
0	218	124	0.766406
0	84	45	0.894854
0	135	86	0.840793
0	333	71	0.680569
0	480	270	0.596108
0	351	61	0.667861
0	287	16	0.710884
0	112	83	0.862427
0	246	23	0.740235
0	396	136	0.638822
0	425	53	0.621573
0	331	170	0.675736
0	384	221	0.642348
0	470	69	0.594439
0	401	189	0.63168
0	96	19	0.877374
0	158	86	0.812407
0	417	53	0.62126
0	75	64	0.900605
0	411	227	0.622573
0	444	204	0.603341
0	491	191	0.57819
0	488	231	0.579551
0	471	189	0.585763
0	307	165	0.68397
0	463	112	0.588888
0	361	191	0.647406
0	104	54	0.864179
0	366	119	0.640777
0	286	186	0.694957
0	343	148	0.654673
0	196	147	0.767674
0	363	142	0.640465
0	465	97	0.581674
0	314	182	0.672999
0	387	170	0.624974
0	114	20	0.846737
0	317	196	0.663654
0	468	198	0.57138
0	488	120	0.560481
0	279	187	0.690434
0	222	5	0.736488
0	363	216	0.630451
0	357	147	0.633919
0	330	197	0.651618
0	362	214	0.629972
0	208	91	0.747423
0	111	4	0.845397
0	144	76	0.80806
0	431	55	0.583787
0	217	127	0.735223
0	168	111	0.781376
0	256	117	0.70005
0	322	23	0.648773
0	342	156	0.634251
0	51	26	0.920703
0	232	113	0.718231
0	249	134	0.703062
0	180	23	0.765782
0	488	165	0.546013
0	192	23	0.75125
0	425	127	0.574855
0	146	28	0.797202
0	415	167	0.579597
0	198	104	0.742819
0	70	46	0.890803
0	387	182	0.594034
0	187	132	0.750926
0	451	216	0.555364
0	306	172	0.647658
0	325	143	0.633098
0	83	17	0.870926
0	348	180	0.615743
0	306	89	0.645616
0	468	120	0.543083
0	431	125	0.561535
0	399	187	0.57984
0	315	7	0.636081
0	390	220	0.58478
0	422	202	0.56523
0	182	83	0.750889
0	253	153	0.683624
0	75	4	0.879348
0	381	186	0.589187
0	440	138	0.552627
0	198	144	0.732511
0	351	155	0.607006
0	427	132	0.558063
0	275	160	0.662156
0	493	182	0.521446
0	314	180	0.630626
0	457	234	0.538869
0	112	80	0.826326
0	280	89	0.654275
0	309	16	0.630744
0	212	53	0.713025
0	417	9	0.557391
0	483	98	0.520813
0	191	70	0.730924
0	464	173	0.527883
0	358	194	0.590599
0	374	91	0.576751
0	370	87	0.578929
0	174	83	0.744238
0	387	133	0.566047
0	208	100	0.707872
0	302	111	0.623813
0	50	16	0.909218
0	355	23	0.585098
0	188	94	0.726851
0	302	104	0.623482
0	322	193	0.607931
0	475	66	0.511639
0	406	100	0.548992
0	199	133	0.712198
0	453	6	0.520146
0	284	2	0.633108
0	333	193	0.593574
0	294	169	0.622902
0	469	152	0.507009
0	259	163	0.65029
0	445	92	0.519509
0	168	9	0.740312
0	405	122	0.541552
1	196	1	0.709183
0	421	7	0.531613
0	362	61	0.568926
0	150	112	0.760627
0	400	158	0.540685
0	153	71	0.754689
0	282	53	0.624262
0	147	9	0.760598
0	155	6	0.750366
0	256	22	0.645222
0	252	131	0.648462
0	421	96	0.523464
0	485	11	0.488066
0	335	126	0.579848
0	85	67	0.844455
0	255	62	0.643512
0	453	180	0.503268
0	132	24	0.776343
0	485	83	0.485005
0	399	21	0.532393
0	314	143	0.591066
0	362	78	0.55406
0	99	14	0.819273
0	444	219	0.502531
0	333	100	0.573242
0	314	32	0.5873
0	71	43	0.862379
0	101	21	0.814764
0	176	91	0.715709
0	433	24	0.505154
1	401	0	0.522972
0	131	71	0.770212
0	342	50	0.560735
0	433	146	0.499983
0	473	218	0.477017
0	242	29	0.640591
0	373	184	0.536174
0	440	32	0.494325
0	437	108	0.495317
0	266	118	0.616081
0	264	86	0.616443
0	295	168	0.589851
0	138	37	0.754474
0	491	164	0.46311
0	141	99	0.750197
0	203	89	0.675743
0	85	59	0.831849
0	488	38	0.46226
0	208	127	0.66847
0	176	57	0.704351
0	388	10	0.516619
0	416	34	0.497704
0	420	24	0.493651
0	276	150	0.596851
0	147	95	0.734524
0	274	91	0.597351
0	289	122	0.58374
0	306	96	0.566984
0	418	34	0.48887
0	495	142	0.445432
0	479	60	0.453253
0	439	96	0.473985
0	424	201	0.482176
0	325	17	0.548492
0	235	6	0.626596
0	192	42	0.671826
0	120	50	0.766041
0	305	46	0.562349
0	261	134	0.597931
0	498	154	0.437501
0	67	12	0.851754
0	268	59	0.5889
0	95	40	0.800901
0	265	15	0.589939
0	257	125	0.596491
0	207	20	0.646533
0	124	62	0.753056
0	358	24	0.512965
0	293	49	0.562528
0	479	140	0.439144
0	484	87	0.436293
0	142	47	0.724696
0	219	37	0.629457
0	356	128	0.510412
0	252	41	0.595345
0	150	34	0.711402
0	489	50	0.429635
0	337	96	0.521954
0	442	150	0.450834
0	465	100	0.436061
0	200	11	0.641938
0	324	145	0.525189
0	494	96	0.419093
0	479	107	0.426203
0	497	107	0.417175
0	328	20	0.51879
0	386	74	0.477436
0	135	58	0.722037
0	272	152	0.562942
0	432	98	0.44726
0	280	57	0.553133
0	406	120	0.458467
0	421	117	0.448941
0	465	156	0.42338
0	328	50	0.509995
0	394	55	0.464167
0	206	15	0.62307
0	292	83	0.535599
0	238	71	0.584855
0	275	50	0.54875
0	359	124	0.482263
0	87	53	0.793407
0	449	188	0.425671
0	180	93	0.648564
0	461	87	0.418597
0	136	40	0.708415
0	377	143	0.466796
0	193	89	0.630625
0	205	82	0.616384
0	392	107	0.456229
0	121	28	0.730402
0	63	43	0.838227
0	464	14	0.412454
0	347	94	0.48392
0	113	62	0.74151
0	493	54	0.39588
0	390	107	0.452865
0	362	140	0.47124
0	189	43	0.630467
0	222	115	0.592114
0	341	88	0.485784
0	209	51	0.605511
0	320	65	0.500605
0	108	68	0.748038
0	481	12	0.399283
0	444	17	0.418305
0	406	155	0.439987
0	74	19	0.811385
0	158	84	0.668176
0	478	175	0.399549
0	161	9	0.663324
0	169	38	0.652253
0	175	7	0.643182
0	276	57	0.532429
0	232	47	0.574742
0	116	26	0.729803
0	130	14	0.705582
0	483	96	0.391879
0	306	65	0.501422
0	423	29	0.420739
0	488	83	0.385029
0	145	54	0.678091
0	213	32	0.58865
0	485	66	0.385318
0	210	121	0.590359
0	382	164	0.441751
0	60	40	0.834115
0	329	137	0.477337
0	375	69	0.444519
0	480	164	0.383989
0	108	79	0.73441
0	125	47	0.704333
0	210	59	0.58602
0	303	90	0.494122
0	118	40	0.712076
0	178	42	0.620679
0	329	73	0.468341
0	309	82	0.483769
0	133	18	0.685184
0	288	20	0.500202
0	342	100	0.45531
0	337	100	0.456788
0	197	29	0.589894
0	295	74	0.489699
0	186	108	0.60348
0	440	86	0.391119
0	194	101	0.58994
0	483	99	0.363899
0	485	110	0.360065
0	391	156	0.410861
0	333	61	0.449428
0	496	103	0.35293
0	139	65	0.659758
0	283	42	0.486528
0	141	65	0.654761
0	427	161	0.384811
0	64	18	0.805596
0	226	24	0.539774
0	418	29	0.387321
0	419	10	0.386282
0	383	64	0.407709
0	88	6	0.748432
0	250	37	0.511467
0	113	72	0.697654
0	98	50	0.726422
0	305	92	0.459109
0	400	69	0.392665
0	311	125	0.451457
0	415	110	0.381346
0	92	45	0.735271
0	226	64	0.530238
0	396	129	0.391303
0	339	135	0.427762
0	314	36	0.446573
0	208	17	0.547976
0	198	40	0.559402
0	487	106	0.340267
0	415	111	0.376647
0	97	66	0.720917
0	225	8	0.526324
0	456	135	0.351447
0	382	95	0.39212
0	261	7	0.485501
0	473	3	0.340023
0	129	38	0.653726
0	460	16	0.345772
0	105	13	0.698203
0	54	6	0.818095
0	281	19	0.463452
0	373	39	0.392585
0	280	69	0.462437
0	159	3	0.601388
0	377	34	0.387743
0	154	29	0.60776
0	245	102	0.492078
0	260	61	0.477092
0	426	119	0.3573
0	300	107	0.439721
0	491	5	0.324078
0	265	13	0.468338
0	97	46	0.703996
0	169	61	0.576897
0	359	58	0.390066
0	114	33	0.668025
0	487	34	0.319873
0	92	60	0.713165
1	123	0	0.648877
0	344	2	0.39771
0	222	109	0.505591
0	395	100	0.36405
0	388	54	0.367371
0	466	137	0.324896
0	134	83	0.625816
0	268	60	0.454945
0	150	84	0.597967
0	186	37	0.540949
0	203	29	0.51897
0	280	77	0.438851
0	282	6	0.436913
0	106	26	0.671777
0	152	57	0.586968
0	475	62	0.312599
0	444	7	0.325871
0	292	44	0.423306
0	223	67	0.489399
0	147	66	0.591302
0	264	51	0.44575
0	270	35	0.439374
0	63	3	0.770528
0	424	8	0.332561
0	401	83	0.341365
0	243	58	0.460203
0	136	75	0.603429
0	113	54	0.6462
0	248	99	0.451915
0	217	33	0.483437
0	461	102	0.304523
0	265	46	0.432176
0	117	54	0.632789
0	227	54	0.469759
0	127	56	0.612743
0	379	112	0.34555
0	267	61	0.428041
0	210	43	0.487401
0	292	91	0.405801
0	188	23	0.514661
0	417	74	0.32255
0	201	45	0.49681
0	345	47	0.364424
0	260	80	0.432039
0	241	27	0.449401
0	493	97	0.283418
0	223	72	0.466424
0	222	21	0.467343
0	431	116	0.309116
0	88	13	0.685002
0	220	77	0.462351
0	298	101	0.385872
0	326	35	0.363989
0	60	14	0.75656
0	303	104	0.380807
1	76	0	0.710248
0	308	111	0.376347
0	373	34	0.332523
0	443	13	0.294795
0	107	12	0.633329
0	281	99	0.39571
0	201	30	0.476524
0	295	2	0.382802
0	234	74	0.437497
0	229	48	0.441534
0	97	8	0.651058
0	70	15	0.720934
0	270	91	0.400632
0	423	73	0.297682
0	337	64	0.346905
0	391	36	0.31404
0	170	15	0.510888
0	257	73	0.407704
0	443	114	0.285224
0	346	90	0.337852
0	460	91	0.277175
0	60	42	0.745736
0	455	70	0.278323
0	58	5	0.751438
0	105	6	0.625427
0	63	38	0.734916
0	258	47	0.402655
0	303	10	0.364255
0	139	47	0.554643
0	115	40	0.600532
0	324	63	0.347239
0	259	20	0.398832
0	453	93	0.274384
0	210	56	0.44561
0	91	53	0.649286
0	363	56	0.316649
0	245	9	0.406827
0	420	81	0.285046
0	478	100	0.258958
0	402	97	0.293522
0	178	80	0.482925
0	263	46	0.386701
0	439	42	0.272955
0	249	69	0.39808
0	245	17	0.401855
0	76	1	0.683803
0	371	67	0.306598
0	61	15	0.728688
0	98	2	0.624792
0	228	42	0.416758
0	352	76	0.316091
0	376	78	0.301171
0	222	7	0.421731
0	430	87	0.272054
0	389	29	0.291999
0	433	3	0.269687
0	176	16	0.475913
0	400	17	0.28518
0	300	98	0.345894
0	276	30	0.362903
0	245	79	0.390596
0	222	73	0.414055
0	279	71	0.357843
0	366	97	0.297811
0	392	51	0.283102
0	410	59	0.27363
0	262	50	0.370548
0	337	25	0.313403
0	189	54	0.448482
0	345	68	0.307543
0	182	41	0.456384
0	234	50	0.393516
0	100	59	0.601746
0	248	4	0.377831
0	165	58	0.47677
0	159	26	0.485879
0	193	8	0.43677
0	311	79	0.324752
0	86	39	0.634702
0	85	28	0.63595
0	245	46	0.376807
0	201	13	0.423945
0	390	93	0.274971
0	334	43	0.306435
0	345	97	0.298036
0	206	43	0.415173
0	263	11	0.356614
0	440	10	0.248803
0	196	43	0.425151
0	230	88	0.385238
0	210	57	0.406379
0	412	6	0.258045
0	492	83	0.224816
0	186	66	0.434082
0	423	101	0.252
0	151	6	0.48507
0	249	15	0.361993
0	334	87	0.296271
0	295	74	0.322036
0	351	74	0.284442
0	373	69	0.270099
0	320	67	0.300641
0	308	52	0.308377
0	241	11	0.362857
0	286	40	0.323865
0	154	50	0.470386
0	96	30	0.586134
0	411	17	0.247288
0	477	28	0.220042
0	55	36	0.708933
0	337	58	0.282705
0	264	17	0.33402
0	229	54	0.366205
0	325	80	0.288304
0	111	48	0.542294
0	275	84	0.32306
0	290	31	0.309687
0	88	40	0.595509
0	232	43	0.357714
0	302	8	0.29919
0	211	8	0.378442
0	483	6	0.209528
0	79	30	0.617689
0	334	33	0.275965
0	348	8	0.266921
0	389	85	0.245269
0	179	22	0.413507
0	219	18	0.364352
0	164	38	0.433434
0	142	52	0.467824
0	461	86	0.213027
0	438	83	0.220293
0	455	34	0.213744
0	136	1	0.47627
1	75	0	0.622428
0	391	28	0.240222
0	215	2	0.365068
0	73	23	0.626896
0	218	19	0.360055
0	123	48	0.498802
0	226	35	0.351183
0	98	37	0.555183
0	234	57	0.342662
0	458	35	0.209775
0	293	78	0.292503
0	368	13	0.247395
0	68	21	0.640151
0	64	38	0.653712
0	381	24	0.240734
0	139	5	0.463829
0	429	57	0.218516
0	426	87	0.219565
0	173	41	0.408152
0	100	35	0.543347
0	282	23	0.296339
0	150	54	0.441766
0	233	14	0.337066
0	106	48	0.527188
0	452	91	0.206224
0	190	64	0.380265
0	455	34	0.203957
0	220	13	0.345672
0	241	53	0.325159
0	140	32	0.45304
0	306	80	0.274438
1	120	0	0.490525
0	294	50	0.281215
0	459	73	0.199246
1	84	0	0.575564
0	411	24	0.216706
0	172	2	0.397944
0	493	91	0.186293
0	178	21	0.386485
0	68	41	0.621401
0	385	2	0.223866
0	214	16	0.341266
0	462	29	0.193335
0	121	11	0.47714
0	470	41	0.189429
0	58	15	0.653653
0	167	51	0.395816
0	259	75	0.295363
0	93	21	0.538588
0	148	18	0.42218
0	73	36	0.596661
0	258	62	0.294989
0	187	12	0.365449
0	110	2	0.494287
0	85	25	0.558456
0	64	7	0.626425
0	76	28	0.58534
0	233	11	0.314128
0	485	5	0.179931
0	277	52	0.27184
0	169	7	0.379212
0	115	45	0.472812
0	94	27	0.522727
0	147	57	0.410729
0	257	17	0.284263
0	136	1	0.428428
0	136	37	0.428292
0	62	27	0.62062
0	285	67	0.261856
0	244	68	0.292948
0	193	26	0.342214
0	451	53	0.181925
1	428	0	0.189662
0	81	6	0.552424
0	268	27	0.271238
0	131	39	0.429681
0	114	29	0.462574
0	427	17	0.18628
0	375	47	0.205749
0	225	53	0.300154
0	383	1	0.201031
0	226	63	0.29823
0	197	55	0.327634
0	77	31	0.554664
0	55	18	0.635134
0	133	31	0.417725
0	301	32	0.240461
0	291	12	0.246606
0	344	47	0.216691
0	208	44	0.31346
0	419	27	0.184678
0	104	30	0.477068
0	362	40	0.207615
0	188	58	0.334754
0	297	43	0.241343
0	64	14	0.596098
0	177	52	0.34657
0	58	25	0.618044
0	114	32	0.45033
0	459	67	0.168788
0	293	25	0.240489
0	126	41	0.423964
0	222	60	0.291612
0	224	18	0.289325
0	147	43	0.382617
0	465	57	0.163601
0	154	27	0.370584
0	476	29	0.159535
0	157	27	0.364386
0	168	44	0.346934
0	158	9	0.36018
0	211	9	0.295653
0	396	35	0.18272
0	68	19	0.563762
0	349	30	0.200969
0	234	17	0.272576
0	110	11	0.442761
0	57	10	0.604893
0	158	38	0.355458
0	375	50	0.188274
0	466	15	0.157071
0	127	23	0.405965
0	371	2	0.18933
0	315	41	0.215274
0	121	24	0.415483
0	498	52	0.146942
1	288	0	0.228976
0	167	34	0.338215
0	357	18	0.192196
0	197	31	0.300914
0	181	38	0.318922
0	137	33	0.381498
0	481	40	0.149133
0	444	22	0.159497
0	170	33	0.330138
0	277	39	0.231571
0	95	20	0.466673
0	443	34	0.15768
0	467	46	0.149837
0	444	14	0.156129
0	405	14	0.168214
0	463	20	0.150058
0	353	37	0.187967
0	303	40	0.212338
0	403	57	0.16836
0	163	19	0.333435
0	114	11	0.416684
0	258	44	0.239249
0	154	51	0.344003
0	202	17	0.285339
0	238	46	0.251558
0	278	26	0.222591
0	281	35	0.22072
0	492	30	0.139053
0	452	37	0.149488
0	312	38	0.202772
0	290	21	0.213656
0	409	27	0.161438
0	126	47	0.38379
0	465	66	0.144344
0	112	10	0.410631
0	152	44	0.33826
0	67	26	0.536222
0	215	46	0.264774
0	126	31	0.37999
0	133	12	0.367012
0	206	31	0.271477
0	59	23	0.565083
0	76	33	0.501607
0	242	55	0.239895
0	133	40	0.36195
0	280	7	0.211976
0	166	6	0.311836
0	199	25	0.273804
0	491	35	0.131707
0	156	46	0.32276
0	123	6	0.376715
0	71	13	0.510877
0	131	24	0.361435
0	268	58	0.216703
0	420	42	0.14913
0	412	44	0.150692
0	290	39	0.199591
0	443	53	0.140131
0	352	58	0.170094
0	75	34	0.489913
0	318	12	0.184375
0	265	17	0.212476
0	365	59	0.163456
0	181	42	0.282294
0	371	49	0.159931
0	244	5	0.223469
0	244	10	0.223377
0	255	1	0.214277
0	429	31	0.139345
0	331	53	0.172944
0	407	58	0.143527
0	406	52	0.143097
0	363	2	0.156514
0	250	1	0.2116
0	332	30	0.16812
0	335	55	0.165883
0	203	9	0.246909
0	74	3	0.473357
0	338	9	0.164128
0	417	44	0.136879
0	106	40	0.383848
0	82	9	0.444145
0	367	14	0.150741
0	65	13	0.494639
0	371	26	0.146329
0	135	42	0.319973
0	420	2	0.130158
0	202	33	0.236811
0	93	33	0.402543
0	271	44	0.186902
0	241	35	0.204478
0	198	8	0.23708
0	235	14	0.206967
0	168	9	0.267143
0	121	26	0.33559
0	453	27	0.118781
0	323	47	0.158424
0	165	31	0.26863
0	349	28	0.14731
0	55	18	0.520099
1	131	0	0.312485
0	335	36	0.15048
0	344	24	0.145971
0	131	3	0.306727
0	431	34	0.118447
0	338	25	0.145607
0	455	49	0.112155
0	98	20	0.36967
0	106	35	0.348838
0	222	14	0.203099
0	267	5	0.174784
0	317	11	0.151287
0	134	24	0.296446
0	266	7	0.174954
0	391	1	0.125819
0	265	30	0.174741
0	93	8	0.375902
0	97	4	0.365901
0	89	3	0.38187
0	63	14	0.464172
0	246	29	0.180633
0	447	34	0.10802
0	72	11	0.428924
0	174	28	0.234984
0	192	17	0.216903
0	472	26	0.100536
0	203	22	0.20557
0	442	19	0.106075
0	356	42	0.127599
0	209	34	0.198819
0	146	26	0.261422
0	136	28	0.275348
0	78	11	0.397459
0	174	22	0.227913
0	136	27	0.272219
0	239	12	0.175389
0	67	12	0.429988
0	424	4	0.105877
0	117	24	0.299253
0	67	23	0.425878
0	163	20	0.233432
0	239	24	0.171088
0	260	5	0.159301
0	278	2	0.148951
0	327	26	0.1292
0	71	28	0.405342
0	315	32	0.132525
1	385	0	0.110916
0	143	20	0.249656
0	494	15	0.0869756
0	85	28	0.356137
0	150	9	0.237791
0	238	22	0.163741
0	391	5	0.105743
0	133	7	0.257729
0	190	19	0.195447
0	260	17	0.150701
0	301	35	0.132714
0	132	11	0.258305
0	74	13	0.381055
0	207	29	0.180203
0	68	26	0.400605
0	371	38	0.109025
0	73	4	0.383166
0	187	22	0.194439
0	152	8	0.228718
0	392	27	0.102876
0	192	16	0.188334
0	138	2	0.243755
0	195	35	0.182417
0	159	33	0.213984
0	131	17	0.24835
0	161	12	0.20929
0	296	35	0.125437
0	298	24	0.124352
0	318	36	0.116393
0	346	8	0.107962
0	303	12	0.121047
0	282	10	0.128606
0	373	21	0.100013
0	344	18	0.107228
0	336	17	0.109397
0	88	26	0.318971
0	341	14	0.106576
0	432	24	0.0852365
0	135	10	0.22935
0	465	20	0.078809
0	150	20	0.2096
0	111	6	0.263485
0	201	22	0.163976
0	186	12	0.173189
0	84	19	0.31434
0	340	5	0.101544
0	73	24	0.342786
0	120	13	0.239504
0	221	24	0.145449
0	204	26	0.155657
0	119	25	0.238551
0	334	13	0.100349
0	264	32	0.122303
0	321	18	0.102544
0	349	20	0.094838
0	198	12	0.155852
0	348	31	0.0950255
1	59	0	0.381036
0	449	20	0.074684
0	247	2	0.127809
0	130	15	0.217212
0	69	8	0.340761
0	432	23	0.0759741
0	164	20	0.177728
0	185	6	0.159314
0	62	9	0.358221
0	209	11	0.14008
0	52	2	0.393367
0	155	15	0.178528
0	167	4	0.167279
0	188	8	0.150308
0	467	9	0.0661452
0	131	22	0.20131
0	182	9	0.153393
0	311	16	0.095626
0	196	27	0.142539
0	107	1	0.231127
0	56	3	0.364816
0	61	3	0.343733
0	268	19	0.106494
0	251	22	0.112126
0	419	22	0.0700942
0	79	8	0.285045
0	179	12	0.148992
0	117	6	0.211101
0	416	11	0.0697374
0	333	7	0.0850458
0	90	15	0.255344
0	228	12	0.11733
0	323	27	0.0857229
0	69	5	0.303623
0	54	4	0.354933
0	149	11	0.165352
0	120	15	0.19611
0	65	15	0.309646
0	132	19	0.180723
0	293	15	0.090204
0	261	16	0.0999602
0	200	18	0.126048
0	55	6	0.340493
0	419	9	0.0633616
0	348	8	0.0745573
0	134	14	0.172767
0	145	18	0.16156
0	268	12	0.0930909
0	154	5	0.150598
0	91	13	0.226887
0	78	12	0.253704
0	203	9	0.115373
0	120	16	0.180599
0	85	17	0.236338
0	79	10	0.248683
0	102	19	0.204023
0	71	9	0.267581
0	422	6	0.0569192
0	68	10	0.272064
0	236	12	0.0954276
0	364	15	0.0637152
0	219	16	0.100912
0	166	12	0.128393
0	335	11	0.0673891
0	90	4	0.210233
0	317	22	0.0699028
0	107	16	0.180617
0	154	3	0.131623
0	182	16	0.113667
0	460	9	0.0479034
0	252	18	0.0839263
0	84	15	0.214722
0	346	17	0.0615496
0	117	9	0.160765
0	202	5	0.0988685
0	424	18	0.0493313
0	62	13	0.26015
0	62	4	0.260092
0	169	12	0.113991
0	110	3	0.164846
0	93	10	0.188724
0	52	7	0.292558
1	52	0	0.29182
0	251	15	0.0784914
0	99	14	0.174035
0	153	12	0.119524
0	68	8	0.231687
0	60	14	0.250665
0	55	14	0.266284
0	198	11	0.0908221
0	143	9	0.120329
1	276	0	0.0659245
1	51	0	0.276177
0	234	17	0.0764561
0	115	6	0.143595
0	355	6	0.0511445
0	110	4	0.148008
0	125	4	0.131486
0	194	14	0.0888591
0	154	13	0.108654
0	87	15	0.177018
0	140	7	0.116865
0	87	3	0.175374
0	104	13	0.148984
0	476	15	0.0365626
1	143	0	0.111446
0	273	12	0.0610796
0	275	4	0.0598767
0	52	9	0.251398
0	61	9	0.220633
0	65	4	0.209684
0	53	1	0.240975
0	303	15	0.0522254
0	164	5	0.0920266
0	98	14	0.144455
0	260	8	0.0594824
0	251	8	0.0614156
0	367	2	0.042382
0	395	2	0.0393952
0	266	2	0.0572633
0	79	2	0.167607
0	77	12	0.170558
0	201	6	0.0726339
0	272	1	0.0532248
0	395	12	0.0367442
1	153	0	0.0890763
0	75	11	0.164449
0	97	6	0.130194
1	425	0	0.0327754
0	418	4	0.033131
0	189	7	0.070323
0	137	9	0.0930948
0	233	9	0.0565099
0	266	1	0.0490119
0	72	9	0.157026
0	89	4	0.12845
0	92	6	0.124732
0	148	10	0.0809225
0	57	7	0.185069
0	84	11	0.132311
0	436	11	0.0283196
0	372	9	0.0317695
0	395	4	0.0298205
0	393	7	0.0290778
1	107	0	0.0987227
0	213	1	0.05101
0	51	6	0.180871
0	459	6	0.0230151
0	394	4	0.0255843
1	63	0	0.140709
0	90	6	0.099403
0	205	4	0.0457255
0	54	2	0.151232
0	378	5	0.024684
0	206	8	0.0440758
0	160	7	0.0559153
0	164	3	0.0546003
0	309	5	0.029517
0	248	8	0.0362011
0	87	8	0.0964842
0	283	1	0.0311304
0	220	8	0.0394934
0	260	7	0.0332031
1	130	0	0.0641233
0	149	8	0.056245
0	267	5	0.0321201
1	52	0	0.144803
0	102	6	0.0794345
1	58	0	0.128027
1	54	0	0.136016
1	110	0	0.0706991
0	411	1	0.0197102
0	370	7	0.0211689
0	113	6	0.0635393
0	439	2	0.0160569
1	337	0	0.0198925
0	79	3	0.0780204
0	429	5	0.0151255
0	460	4	0.0132054
1	99	0	0.0578825
0	112	5	0.0512196
0	130	3	0.040651
1	81	0	0.0623739
0	180	5	0.0287238
0	402	4	0.0123678
0	325	4	0.0146912
1	94	0	0.0485809
0	59	3	0.0747744
0	105	3	0.0432917
0	173	2	0.0264225
0	326	3	0.0138157
0	305	1	0.0140505
0	54	2	0.0723111
0	166	2	0.0237309
0	347	2	0.0109336
0	266	1	0.0140277
1	289	0	0.0126039
0	58	1	0.0592479
0	123	2	0.0285986
0	66	1	0.0476588
0	147	3	0.0218377
1	97	0	0.0315171
0	185	1	0.016439
1	157	0	0.0171152
0	166	1	0.0161564
1	101	0	0.0249401
1	66	0	0.0337971
0	128	2	0.0174864
1	111	0	0.018485
