7165.3
0.0379186
2500
1	493	117	0.989134
1	385	158	0.989988
1	488	278	0.985363
1	364	153	0.987814
0	460	331	0.983477
1	333	93	0.986498
1	476	24	0.979335
1	418	171	0.981763
1	243	62	0.989166
1	268	85	0.988029
0	386	220	0.982436
1	262	84	0.987783
1	441	196	0.979576
1	469	30	0.978076
1	278	111	0.986717
0	239	156	0.98846
0	415	280	0.977968
0	200	172	0.989017
0	411	283	0.977439
1	447	83	0.974953
0	485	229	0.972115
1	411	179	0.974737
0	450	367	0.971597
0	383	286	0.975709
1	283	80	0.981158
1	419	115	0.970923
1	312	102	0.977037
1	313	107	0.976763
1	244	84	0.981676
1	325	12	0.97559
0	338	182	0.973777
1	347	62	0.972514
1	189	48	0.98476
1	374	20	0.970255
1	217	4	0.982495
1	391	28	0.967447
0	457	265	0.961333
0	269	125	0.976792
0	445	422	0.961396
0	261	100	0.975651
0	399	211	0.962985
1	207	60	0.97849
0	458	308	0.95324
0	357	220	0.962981
1	271	45	0.971591
0	486	440	0.949862
0	455	250	0.951889
1	259	22	0.971562
0	397	294	0.956946
0	470	246	0.948569
0	362	122	0.959615
0	446	289	0.949679
0	338	127	0.961105
0	485	420	0.944577
0	365	272	0.957538
0	385	170	0.955045
0	184	70	0.977365
0	193	115	0.976034
0	264	168	0.966753
0	285	112	0.96381
1	283	49	0.963076
1	405	10	0.947144
1	461	92	0.93988
0	442	271	0.940484
0	457	344	0.937753
0	394	244	0.943806
1	201	5	0.970458
0	249	172	0.9635
0	330	181	0.952032
0	496	221	0.928985
0	280	97	0.957471
0	293	66	0.955405
0	331	286	0.949901
0	485	148	0.928057
0	290	265	0.955489
0	435	112	0.934649
0	484	281	0.927477
0	499	363	0.924538
1	397	24	0.938457
0	406	355	0.937149
1	403	1	0.93716
0	451	128	0.929458
0	323	288	0.947743
0	246	218	0.959671
0	202	126	0.966505
0	452	82	0.925728
1	439	39	0.925818
0	458	115	0.922844
0	432	295	0.926759
1	90	9	0.983604
0	144	40	0.97394
0	439	283	0.924277
0	496	249	0.914223
0	428	171	0.924785
0	256	163	0.952373
0	239	109	0.95518
1	415	28	0.924254
1	359	48	0.933255
0	422	120	0.921985
0	332	296	0.937349
0	277	218	0.947107
0	451	156	0.916403
0	440	377	0.917946
0	276	54	0.946858
0	217	159	0.957672
0	137	66	0.972497
0	392	184	0.924866
0	457	115	0.913358
1	427	7	0.918179
0	170	153	0.965408
1	113	14	0.97646
0	473	215	0.906434
0	456	390	0.909063
0	379	61	0.922843
0	401	240	0.918488
0	214	204	0.954704
0	381	229	0.921243
0	183	27	0.958991
1	177	15	0.960192
0	431	275	0.906769
0	428	271	0.906733
0	301	174	0.932467
1	332	7	0.925524
0	172	35	0.959931
0	256	151	0.94146
0	327	227	0.926124
0	303	81	0.930635
0	426	236	0.903467
0	342	184	0.920487
0	316	117	0.924654
0	444	241	0.894763
0	100	52	0.974061
0	315	77	0.921948
0	326	81	0.919208
0	327	197	0.918806
0	391	279	0.904047
0	163	78	0.957594
0	494	410	0.881394
0	100	34	0.973466
0	402	105	0.900978
0	190	136	0.950378
0	335	98	0.915044
0	465	326	0.885071
0	370	115	0.906253
0	450	327	0.887546
0	464	126	0.884421
1	367	32	0.906314
0	485	363	0.879619
1	472	37	0.882372
0	202	49	0.946005
0	296	82	0.922186
0	110	80	0.969523
0	465	355	0.881229
0	241	129	0.934385
0	473	198	0.878155
0	256	209	0.929983
0	379	195	0.899233
0	442	305	0.883295
0	473	255	0.876045
0	175	97	0.949638
0	189	167	0.945552
0	430	193	0.884097
0	232	59	0.933849
0	217	85	0.93785
0	493	82	0.868613
1	131	3	0.961249
0	296	213	0.916456
0	298	53	0.915615
0	482	313	0.870262
0	471	70	0.872818
0	308	179	0.912704
0	355	239	0.900344
0	373	231	0.895816
0	426	98	0.882295
0	482	405	0.868195
1	238	16	0.930248
0	325	275	0.906942
0	216	46	0.935854
0	466	257	0.870147
0	264	102	0.92202
0	407	120	0.884246
0	500	260	0.861129
0	435	32	0.87678
0	344	116	0.898142
0	400	154	0.883183
0	466	328	0.866311
0	420	142	0.876056
0	89	35	0.970697
0	221	138	0.929055
0	297	245	0.906514
0	381	105	0.883053
0	482	172	0.855972
0	201	73	0.933868
0	354	117	0.88882
0	279	31	0.910017
1	118	4	0.959511
0	397	106	0.875345
0	500	164	0.847719
0	345	193	0.889658
0	364	212	0.883925
0	418	289	0.868684
0	156	136	0.946261
0	444	124	0.860325
0	358	80	0.883486
0	358	189	0.883294
0	466	258	0.852497
0	400	171	0.87054
0	275	70	0.907112
0	89	16	0.967657
0	442	102	0.857509
0	323	157	0.891559
1	199	9	0.929999
0	429	295	0.860125
0	336	163	0.886946
0	474	272	0.846519
1	353	0	0.880637
0	464	40	0.848734
0	334	140	0.885916
0	498	184	0.83835
0	155	11	0.943349
0	468	252	0.846198
0	383	145	0.87029
0	163	105	0.94011
0	82	76	0.968836
0	141	63	0.947281
0	304	249	0.892864
0	414	106	0.85952
0	472	304	0.842713
0	159	16	0.940672
0	429	307	0.854203
1	490	8	0.836064
0	342	282	0.879053
0	233	62	0.914206
0	462	369	0.843066
0	201	49	0.923959
0	141	100	0.945196
0	274	121	0.898423
0	380	198	0.864038
0	320	168	0.881989
0	314	225	0.881758
0	429	58	0.839382
0	447	341	0.833291
0	421	156	0.841286
0	487	217	0.820799
0	461	101	0.827895
0	137	83	0.94181
0	448	93	0.831693
0	472	100	0.824221
0	378	281	0.853901
0	145	7	0.938326
0	421	234	0.838916
1	400	4	0.84564
0	410	205	0.842159
0	285	80	0.884545
0	361	228	0.858003
0	262	38	0.89236
0	360	215	0.857596
0	468	212	0.82151
0	385	138	0.848212
0	397	138	0.844065
0	476	369	0.818401
0	143	123	0.937409
0	296	157	0.878286
0	62	51	0.971671
0	421	205	0.834077
0	60	24	0.97242
0	163	87	0.928388
0	308	143	0.872423
0	414	308	0.835671
0	424	271	0.832278
0	340	96	0.860309
0	330	95	0.863575
0	361	93	0.852143
0	312	108	0.868561
0	386	28	0.842298
0	471	209	0.813691
0	248	168	0.892397
0	191	47	0.915
0	343	56	0.856831
0	172	16	0.922239
0	325	115	0.859534
0	162	57	0.924452
0	396	34	0.833211
0	272	189	0.878929
1	419	9	0.824932
0	449	301	0.814639
0	351	53	0.84891
0	215	15	0.901585
0	323	169	0.859055
0	407	331	0.826738
0	337	211	0.852046
1	441	12	0.814755
0	325	111	0.855791
0	153	48	0.926499
0	483	269	0.799085
0	263	182	0.878672
0	441	199	0.81178
0	309	102	0.859688
0	472	258	0.799825
0	414	281	0.819456
0	253	146	0.881295
0	280	170	0.870204
0	193	9	0.905555
0	408	287	0.819273
0	480	351	0.793673
0	454	277	0.802535
0	183	100	0.909716
0	304	226	0.857917
0	475	231	0.793728
0	241	106	0.883433
0	321	271	0.849973
0	433	315	0.807693
0	486	254	0.788117
0	244	144	0.880937
0	225	45	0.888816
0	477	74	0.79001
0	362	218	0.832013
0	394	93	0.819603
0	264	60	0.870985
0	236	60	0.882992
0	265	190	0.870209
0	188	25	0.904297
0	316	165	0.847791
0	365	259	0.826766
0	322	42	0.842572
0	275	220	0.861779
0	161	28	0.913823
0	427	30	0.799835
0	430	182	0.798538
0	305	116	0.847909
0	121	97	0.933564
0	303	31	0.848748
0	485	56	0.777751
0	154	79	0.916391
0	303	21	0.847343
0	68	42	0.961039
0	355	46	0.824283
0	494	96	0.770353
0	285	176	0.852028
0	192	100	0.89482
0	395	106	0.804078
0	211	131	0.884755
0	500	217	0.763361
0	331	14	0.829628
0	469	32	0.774572
0	416	121	0.794645
0	498	125	0.763147
0	318	158	0.833771
0	161	83	0.907349
0	498	123	0.759676
0	500	185	0.757793
0	437	316	0.780934
0	451	188	0.775078
0	411	309	0.790409
0	130	47	0.922572
0	242	89	0.863964
0	420	272	0.785261
0	313	225	0.8307
0	463	133	0.767546
0	449	112	0.772721
0	393	252	0.795141
0	101	61	0.937761
0	364	278	0.806921
0	311	36	0.830164
0	381	53	0.797993
0	189	88	0.888425
0	369	39	0.803019
0	79	6	0.949679
0	443	218	0.770697
0	191	138	0.886042
0	150	92	0.90815
0	208	86	0.876282
0	359	164	0.803788
0	486	316	0.749457
0	491	176	0.747438
0	440	284	0.7668
0	456	332	0.759799
0	422	223	0.773384
0	180	115	0.88816
0	426	203	0.769703
0	470	344	0.751737
0	174	87	0.890883
0	493	322	0.742189
0	187	100	0.883355
0	415	233	0.77314
0	175	73	0.889632
0	492	41	0.741297
0	494	32	0.740269
0	186	30	0.882886
0	460	96	0.752102
0	414	265	0.771211
0	366	230	0.7921
0	456	68	0.753442
0	369	91	0.790252
0	302	169	0.821354
0	463	112	0.748843
0	473	20	0.744656
0	313	88	0.814913
0	285	163	0.828143
0	218	56	0.862977
0	421	282	0.765264
0	317	216	0.811414
0	334	267	0.803172
0	461	292	0.746775
0	203	95	0.869988
0	291	100	0.823557
0	314	102	0.812058
0	470	70	0.742703
0	185	86	0.879965
0	390	281	0.776116
0	424	47	0.760123
0	349	13	0.793323
0	494	65	0.729821
0	469	308	0.737919
0	364	150	0.783456
0	197	33	0.869068
0	361	36	0.782789
0	275	58	0.825453
0	388	162	0.770164
0	263	151	0.831567
0	456	34	0.739884
0	133	108	0.90572
0	191	116	0.869842
0	381	171	0.769953
0	219	155	0.853406
0	366	11	0.776768
0	498	140	0.718636
0	190	72	0.869931
0	411	109	0.754953
0	241	31	0.839833
0	254	72	0.831815
0	233	38	0.843358
0	189	132	0.868958
0	435	223	0.741606
0	387	80	0.762951
0	325	224	0.792643
0	318	207	0.795273
0	428	261	0.742649
0	249	172	0.832147
0	458	10	0.7293
0	253	68	0.829473
0	344	61	0.781055
0	472	204	0.721677
0	339	114	0.783072
0	468	283	0.722923
0	391	275	0.756833
0	264	30	0.8213
0	82	66	0.936359
0	399	33	0.751337
0	150	87	0.888262
0	199	37	0.856169
0	153	8	0.885101
0	366	70	0.762429
0	182	153	0.864711
0	150	93	0.885766
0	310	236	0.78924
0	339	73	0.77377
0	80	36	0.934961
1	360	0	0.76149
0	110	34	0.912471
0	274	5	0.806579
1	199	1	0.851656
0	423	58	0.729551
0	281	134	0.802037
0	168	113	0.871177
0	415	234	0.732177
0	427	243	0.726082
0	368	242	0.75434
0	112	32	0.90956
0	204	36	0.845771
0	344	32	0.762716
0	145	28	0.884006
0	250	156	0.815488
0	446	117	0.711852
0	286	206	0.793704
0	262	201	0.807616
0	359	82	0.753089
0	494	326	0.688773
0	321	208	0.772759
0	54	36	0.95284
0	493	28	0.687753
0	409	203	0.725904
0	273	54	0.798247
0	475	114	0.693555
0	216	71	0.832651
0	304	211	0.779043
0	411	98	0.722682
0	381	192	0.736639
0	304	206	0.776829
1	291	3	0.784126
0	332	216	0.760812
0	416	213	0.716773
0	421	192	0.713086
0	265	200	0.797762
0	227	99	0.82156
0	404	179	0.720086
0	351	108	0.746769
0	360	63	0.741419
0	383	129	0.728812
0	315	43	0.765345
0	99	66	0.912083
0	418	12	0.710399
0	276	82	0.787755
0	75	34	0.931701
0	408	228	0.714799
0	490	41	0.674715
0	299	112	0.77238
0	309	21	0.766101
0	391	135	0.721268
0	447	4	0.693167
0	342	222	0.746991
0	274	159	0.786373
0	465	108	0.684407
0	278	159	0.783167
0	204	86	0.830821
0	260	25	0.793782
0	368	59	0.730533
0	314	80	0.760517
0	479	73	0.675441
0	492	193	0.669512
0	490	126	0.669901
0	431	21	0.696783
0	465	247	0.678614
0	336	89	0.744772
0	381	125	0.720111
0	238	34	0.803991
0	200	91	0.82995
0	349	182	0.736444
0	241	132	0.801424
0	124	18	0.886917
0	356	219	0.731751
0	488	64	0.665496
0	500	167	0.659381
0	175	91	0.846693
0	188	146	0.837155
0	159	79	0.85799
0	172	111	0.848114
0	229	80	0.807415
0	404	216	0.702989
0	446	175	0.680995
0	344	209	0.734516
0	122	92	0.886057
0	489	24	0.65924
1	96	0	0.90783
0	225	83	0.807131
0	88	18	0.914439
0	170	59	0.846236
0	397	236	0.701986
0	194	100	0.827703
0	486	258	0.657213
0	289	92	0.763051
0	422	262	0.687627
0	153	128	0.858161
0	390	121	0.70353
0	185	84	0.833391
0	385	133	0.705953
0	132	107	0.874773
0	79	19	0.920904
0	477	264	0.658484
0	208	118	0.815139
0	497	40	0.648383
0	360	123	0.717818
0	294	52	0.756699
0	436	196	0.676605
0	158	61	0.852285
0	282	32	0.763418
0	263	182	0.775718
0	409	95	0.689746
0	340	126	0.727713
0	355	223	0.718799
0	470	235	0.658654
0	404	213	0.689599
0	232	48	0.794598
0	371	217	0.707507
0	424	237	0.67841
0	372	148	0.706043
0	494	180	0.643917
0	432	194	0.673368
0	335	196	0.725966
0	261	84	0.771573
0	427	161	0.673549
0	278	121	0.760106
0	323	172	0.731666
0	203	132	0.812666
0	269	35	0.764453
0	395	248	0.687964
0	225	54	0.794541
0	293	136	0.747662
0	75	34	0.920407
0	361	104	0.705214
0	283	127	0.752968
0	140	102	0.860327
0	287	29	0.750133
0	480	71	0.642033
0	202	40	0.809199
0	409	128	0.67661
0	472	118	0.643954
0	227	115	0.789938
1	419	2	0.670544
0	310	51	0.733231
0	136	99	0.862004
0	267	5	0.760249
0	352	245	0.705438
0	494	225	0.630405
0	393	243	0.681503
0	419	38	0.667438
0	400	244	0.676978
0	259	136	0.763056
0	250	115	0.768844
0	173	111	0.826855
0	413	2	0.666059
0	426	240	0.658546
0	248	87	0.767955
0	283	38	0.74342
0	313	29	0.723293
0	56	5	0.935525
0	352	141	0.697449
0	248	67	0.765072
0	172	18	0.824025
0	450	182	0.640968
0	332	95	0.705947
0	65	35	0.92448
0	429	200	0.649247
0	92	76	0.896141
0	202	41	0.7969
0	281	93	0.738061
0	70	61	0.918727
0	191	56	0.805527
0	488	62	0.617971
0	392	123	0.667853
0	224	154	0.778631
0	259	178	0.752475
0	471	20	0.625409
0	357	163	0.687377
0	297	38	0.725478
0	199	79	0.797669
0	383	12	0.671905
0	495	176	0.612833
0	227	121	0.774573
0	321	152	0.707661
0	493	280	0.611736
0	489	261	0.613319
0	126	71	0.860101
0	213	100	0.784296
0	347	133	0.689573
0	439	61	0.636485
0	340	167	0.692983
0	172	15	0.816852
1	294	1	0.72284
0	171	63	0.817364
0	340	84	0.691617
0	443	235	0.630754
0	129	13	0.853571
0	406	33	0.649356
0	224	17	0.770442
0	330	139	0.694822
0	271	38	0.734914
0	467	172	0.616538
0	195	33	0.79376
0	496	153	0.601798
0	115	3	0.866758
0	108	74	0.87374
0	442	249	0.628092
0	484	221	0.605675
0	267	69	0.733915
0	480	30	0.605389
0	407	144	0.643273
0	303	29	0.705927
0	288	143	0.716116
0	373	76	0.659693
0	331	191	0.685762
0	426	147	0.628724
0	479	39	0.600422
0	205	150	0.777115
0	258	172	0.734096
1	396	0	0.641588
0	407	226	0.634821
0	350	139	0.668606
0	373	98	0.654088
0	284	116	0.711911
0	414	202	0.627713
0	290	51	0.706434
0	282	133	0.711583
0	423	59	0.621764
0	183	29	0.791185
0	255	18	0.730896
0	159	101	0.813263
0	296	80	0.700326
0	233	156	0.747546
0	436	59	0.612202
0	53	18	0.92835
0	310	49	0.688702
0	212	144	0.76387
0	132	20	0.838119
0	190	132	0.782212
0	191	139	0.780788
0	464	264	0.594422
0	314	51	0.68303
0	278	90	0.70871
0	393	187	0.631944
0	298	52	0.693279
0	228	73	0.747099
0	365	36	0.648278
0	498	43	0.573672
0	137	93	0.830252
0	76	44	0.897618
0	196	117	0.7721
0	236	31	0.735656
0	454	88	0.591269
0	287	7	0.695827
0	434	232	0.60155
0	294	9	0.68977
0	157	87	0.805506
0	479	93	0.57562
0	399	230	0.61947
0	396	156	0.621221
0	309	124	0.677168
0	341	77	0.655109
0	475	106	0.576902
0	471	146	0.578671
0	295	130	0.686295
0	114	17	0.84963
0	452	48	0.585606
0	458	136	0.582123
0	308	41	0.673102
0	447	32	0.58529
0	210	84	0.750134
0	179	19	0.778701
0	351	134	0.641774
0	187	5	0.77071
0	364	75	0.632856
0	411	25	0.602474
0	167	118	0.788559
0	354	89	0.637093
0	69	47	0.900007
0	401	224	0.607371
0	223	32	0.734894
0	174	46	0.779343
0	229	13	0.728433
0	463	103	0.568204
0	251	104	0.708212
0	285	89	0.681021
0	354	102	0.631297
0	56	24	0.915313
0	408	31	0.596016
0	255	22	0.702172
0	475	168	0.558003
0	330	50	0.644518
0	199	60	0.749684
0	85	53	0.875181
0	481	213	0.553275
0	392	139	0.60255
0	277	45	0.681997
0	162	61	0.785531
0	463	186	0.561584
0	279	17	0.679869
0	458	187	0.562495
0	195	98	0.750944
0	317	42	0.649038
0	323	95	0.644578
0	264	98	0.687835
0	393	128	0.596286
0	340	46	0.630247
0	426	176	0.576314
0	74	61	0.88672
0	346	41	0.625464
0	468	162	0.552327
0	311	66	0.649162
0	157	74	0.784776
0	305	153	0.652358
0	355	73	0.61655
0	290	177	0.662935
0	266	109	0.681885
0	414	200	0.579136
0	237	18	0.70588
0	398	78	0.587107
0	451	113	0.555818
0	212	33	0.726509
0	324	155	0.63433
0	191	65	0.745432
0	206	1	0.730669
0	196	109	0.740122
0	354	170	0.610761
0	179	54	0.756175
0	479	78	0.53675
0	432	159	0.562001
0	373	218	0.597154
0	170	8	0.764836
0	59	41	0.90357
0	283	180	0.660959
0	162	71	0.7728
0	411	222	0.572273
0	498	175	0.523747
0	335	203	0.620203
0	425	182	0.562442
0	325	120	0.62671
0	285	56	0.65687
0	484	10	0.527998
0	235	132	0.697204
0	476	142	0.531579
0	320	142	0.627873
0	330	165	0.620276
0	164	101	0.766434
0	320	77	0.626802
0	325	175	0.622683
0	442	242	0.547658
0	310	20	0.633068
0	267	127	0.666373
0	335	192	0.613896
0	202	20	0.723903
0	412	208	0.562335
0	276	103	0.657279
0	197	40	0.728666
0	116	81	0.819654
0	471	100	0.52813
0	424	75	0.554112
0	497	239	0.514601
0	170	24	0.755829
0	500	73	0.512621
0	333	148	0.612016
0	448	78	0.539431
0	367	10	0.588244
0	293	123	0.641248
0	360	8	0.592112
0	476	141	0.52325
0	321	35	0.618919
0	301	131	0.633744
0	138	69	0.789503
0	253	142	0.671315
0	204	76	0.716872
0	383	6	0.574137
0	352	142	0.594372
0	451	59	0.533319
0	154	102	0.769898
0	107	46	0.827786
0	215	40	0.705084
0	495	235	0.509334
0	68	14	0.88269
0	269	80	0.65535
0	383	21	0.571747
0	458	98	0.525709
0	411	20	0.552431
0	419	210	0.547419
0	158	30	0.762193
0	348	38	0.591344
0	249	61	0.668641
0	264	23	0.654981
0	103	53	0.829458
0	436	174	0.534653
0	319	71	0.610899
0	336	111	0.597838
0	337	167	0.596863
0	219	4	0.694408
0	214	127	0.699191
0	458	179	0.520321
0	418	170	0.543044
0	214	82	0.698893
0	430	176	0.535111
0	144	69	0.774501
0	330	158	0.598675
0	166	74	0.747411
0	350	115	0.583641
0	122	30	0.800146
0	289	4	0.628044
0	445	171	0.523
0	458	24	0.514959
0	346	194	0.584042
0	108	20	0.817975
0	110	80	0.81499
0	383	18	0.558142
0	370	189	0.565514
0	252	18	0.656034
0	399	178	0.546377
0	68	47	0.875712
0	463	52	0.5084
0	433	63	0.525082
0	161	95	0.748097
0	250	91	0.656046
0	450	187	0.514413
0	393	49	0.547561
0	287	132	0.623413
0	230	78	0.673738
0	93	26	0.836206
0	138	94	0.774034
0	240	114	0.662978
0	231	153	0.670706
0	325	57	0.591358
1	206	0	0.695052
0	341	41	0.578419
0	460	67	0.503396
0	152	89	0.754156
0	183	128	0.717908
0	356	32	0.566593
0	480	165	0.491599
0	342	180	0.575615
0	261	132	0.639896
0	156	109	0.748179
0	416	190	0.526629
0	443	201	0.51081
0	371	43	0.554556
0	394	74	0.539117
0	319	139	0.590556
0	500	69	0.478947
0	446	47	0.506334
0	422	113	0.519759
0	327	19	0.582684
0	499	126	0.477071
0	303	80	0.60023
0	410	135	0.52559
0	252	61	0.642957
0	224	15	0.669297
0	480	71	0.48516
0	207	120	0.685197
0	491	143	0.478451
0	445	68	0.502871
0	191	60	0.702057
0	420	53	0.517042
0	234	134	0.657319
0	179	58	0.713549
0	324	102	0.578974
0	369	83	0.546581
0	104	14	0.810019
0	468	123	0.484915
0	313	14	0.583235
0	429	43	0.504847
0	341	130	0.561601
0	311	169	0.583903
0	61	20	0.877232
0	325	136	0.572584
0	250	150	0.634896
0	467	176	0.481345
0	117	42	0.787423
0	176	47	0.711097
0	452	140	0.488138
0	321	69	0.573133
0	433	8	0.498708
0	279	16	0.606858
0	163	26	0.724753
0	213	16	0.667578
0	453	200	0.485629
0	149	64	0.741034
0	358	85	0.543375
0	132	35	0.763442
0	390	89	0.520022
0	422	102	0.49934
0	436	10	0.490903
0	375	27	0.528526
0	348	151	0.546746
0	291	76	0.589826
0	393	141	0.515562
0	363	99	0.535331
0	228	46	0.647156
0	290	55	0.590128
0	367	167	0.531758
0	414	126	0.501428
0	421	190	0.496949
0	451	63	0.478399
0	278	41	0.597873
0	359	31	0.534783
0	467	26	0.468695
0	289	20	0.587652
0	223	13	0.648638
0	402	16	0.50531
0	242	136	0.629165
0	384	38	0.516598
0	147	98	0.736091
0	433	81	0.486274
0	128	58	0.761157
0	116	62	0.778466
0	329	135	0.553038
0	428	87	0.486593
0	177	45	0.696187
0	70	56	0.852295
0	150	82	0.728545
0	185	54	0.68505
0	421	154	0.488538
0	363	151	0.525481
0	426	199	0.485392
0	228	93	0.637307
0	282	151	0.586668
0	371	36	0.518764
0	434	154	0.479301
0	388	2	0.507033
0	139	7	0.741629
0	310	50	0.56268
0	319	109	0.554741
0	292	134	0.576394
0	150	57	0.725835
0	455	102	0.465713
0	188	29	0.677552
0	481	92	0.450389
0	445	162	0.469315
0	253	112	0.608425
0	250	110	0.611251
0	214	39	0.647287
0	291	6	0.574265
0	412	149	0.485724
0	297	25	0.566586
0	369	134	0.512275
0	415	73	0.482639
0	398	159	0.492895
0	417	49	0.48118
0	345	74	0.527794
0	287	32	0.57323
0	472	206	0.449257
0	441	35	0.465834
0	103	23	0.788637
0	56	23	0.872352
0	449	3	0.459368
0	150	27	0.717592
0	480	69	0.44225
0	259	94	0.595
0	482	196	0.441068
0	224	106	0.628746
0	299	33	0.559088
0	472	187	0.444686
0	226	36	0.625642
0	101	21	0.78895
0	392	172	0.490473
0	489	84	0.43554
0	346	165	0.520514
0	140	54	0.728264
0	486	56	0.435605
0	95	69	0.797663
0	472	106	0.442208
0	339	68	0.524612
0	52	31	0.877836
0	255	41	0.593363
0	398	74	0.483137
0	435	186	0.460014
0	180	26	0.672757
0	217	58	0.628627
0	300	142	0.550081
0	402	113	0.476794
0	431	116	0.458924
0	483	48	0.430773
0	75	61	0.829521
0	207	76	0.63738
0	388	170	0.481329
0	147	32	0.708778
0	268	70	0.571709
0	392	79	0.476392
0	77	18	0.822319
0	433	140	0.451164
0	193	66	0.648325
0	437	122	0.448442
0	459	16	0.435637
0	416	45	0.459431
0	148	61	0.704539
0	382	3	0.48008
0	191	79	0.64863
0	211	114	0.62558
0	103	54	0.772839
0	200	82	0.636141
0	476	142	0.423243
0	313	83	0.527074
0	459	128	0.431316
0	212	65	0.621149
0	229	9	0.602523
0	355	12	0.494351
0	190	90	0.64563
0	243	69	0.58738
0	379	85	0.476745
0	197	32	0.636619
0	387	113	0.471108
0	390	129	0.468261
0	424	35	0.446543
0	222	101	0.605799
0	215	24	0.613337
0	303	143	0.529502
0	58	3	0.854076
0	381	48	0.470393
0	469	42	0.419068
0	365	105	0.48063
0	361	129	0.481576
0	210	65	0.614603
0	177	22	0.653947
0	208	87	0.615947
0	424	175	0.439631
0	159	98	0.675975
0	386	120	0.461919
0	221	62	0.597861
0	192	27	0.631038
0	170	17	0.658633
0	129	88	0.717371
0	285	55	0.53456
0	245	86	0.571462
0	254	131	0.562274
0	163	54	0.666811
0	228	72	0.588401
0	433	147	0.42898
0	123	89	0.725528
0	400	29	0.448152
0	445	32	0.421823
0	174	31	0.650081
0	309	121	0.511152
0	368	127	0.467185
0	291	30	0.525171
0	389	26	0.452543
0	226	76	0.58715
0	285	143	0.52989
0	119	75	0.729473
0	441	156	0.420925
0	360	137	0.46928
0	274	81	0.537377
0	210	96	0.602374
0	192	50	0.623524
0	251	92	0.55873
0	375	101	0.458658
0	265	135	0.544828
0	212	2	0.599346
0	175	110	0.643703
0	380	100	0.453287
0	253	130	0.554257
0	309	3	0.503715
0	244	61	0.561581
0	260	87	0.54477
0	209	107	0.598133
0	223	84	0.581945
0	79	56	0.796897
0	227	89	0.577211
0	247	52	0.556469
0	495	26	0.384982
0	304	11	0.504527
0	465	87	0.399336
0	210	14	0.595381
0	383	153	0.445619
0	324	76	0.486404
0	491	146	0.384391
0	287	3	0.516024
0	281	42	0.521099
0	419	63	0.42139
0	205	71	0.597736
0	306	118	0.498807
0	290	13	0.511629
0	386	109	0.437879
0	450	50	0.39968
0	209	51	0.587599
0	397	110	0.428506
0	490	23	0.377886
0	238	60	0.555257
0	415	51	0.41682
0	456	14	0.393955
0	212	26	0.582658
0	78	35	0.791091
0	261	117	0.530804
0	282	95	0.510924
0	395	127	0.426327
0	437	49	0.401185
0	313	58	0.482983
0	417	111	0.411999
0	136	8	0.680622
0	219	1	0.569358
0	346	136	0.454665
0	216	50	0.571394
0	244	43	0.540864
0	62	44	0.822448
0	155	2	0.649036
0	427	12	0.40164
0	471	155	0.377288
0	333	52	0.461133
0	376	36	0.430501
0	238	105	0.543783
0	212	14	0.572113
0	468	102	0.376969
0	88	67	0.76213
0	155	10	0.644829
0	363	16	0.436653
0	239	47	0.539421
0	138	44	0.669565
0	134	8	0.675409
0	166	29	0.626287
0	97	62	0.740435
0	275	92	0.501106
0	469	16	0.369866
0	188	69	0.593243
0	158	98	0.63377
0	137	21	0.665784
0	203	91	0.572509
0	416	82	0.394249
0	177	17	0.604627
0	286	65	0.486193
0	374	62	0.419639
0	456	10	0.371141
0	355	141	0.429701
0	377	35	0.414697
0	412	14	0.39318
0	101	38	0.725362
0	405	84	0.396063
0	71	51	0.789056
0	495	100	0.349014
0	128	86	0.674485
0	373	42	0.415325
0	209	32	0.559016
0	224	54	0.540577
0	139	35	0.654177
0	200	27	0.567204
0	346	50	0.43097
0	474	167	0.35586
0	383	9	0.405949
0	451	7	0.366752
0	296	48	0.468453
1	473	0	0.355404
0	333	74	0.439022
0	65	5	0.800031
0	313	26	0.453784
0	185	102	0.583578
0	213	45	0.548912
0	271	21	0.488532
0	424	11	0.378586
0	290	32	0.470973
0	487	36	0.346313
1	102	0	0.715858
0	463	65	0.35621
0	443	159	0.365529
0	483	126	0.344902
0	349	140	0.421436
0	182	1	0.582748
0	102	34	0.713184
0	383	94	0.397914
0	319	78	0.442246
0	201	11	0.55711
0	371	22	0.405099
0	298	101	0.45878
0	430	52	0.370012
0	245	30	0.506902
0	136	6	0.649308
0	254	74	0.497522
0	378	8	0.399253
0	233	9	0.518345
0	454	157	0.355622
0	283	73	0.469408
0	237	107	0.513473
0	311	63	0.445749
0	397	84	0.385295
0	447	96	0.357003
0	498	155	0.332525
0	103	60	0.706549
0	78	34	0.760358
0	281	106	0.467844
0	103	60	0.705611
0	299	108	0.4519
0	147	25	0.626224
0	409	149	0.375825
0	443	51	0.357029
0	294	18	0.455278
0	94	24	0.723131
0	276	52	0.470516
0	128	6	0.657058
0	375	35	0.394862
0	243	1	0.50068
0	226	23	0.518505
0	470	134	0.341086
0	373	144	0.394338
0	227	64	0.51687
0	384	9	0.387379
0	399	75	0.378195
0	452	64	0.348451
0	119	51	0.669944
0	110	24	0.686873
0	224	96	0.518525
0	66	43	0.784528
0	74	37	0.764186
0	454	84	0.345374
1	113	0	0.679371
1	237	0	0.502543
0	142	10	0.627071
0	498	6	0.323992
0	258	61	0.480068
0	228	30	0.510603
0	334	93	0.415373
0	344	55	0.407819
0	372	117	0.388767
0	375	68	0.385943
0	109	13	0.683725
0	103	27	0.694886
0	392	129	0.374093
0	51	10	0.821218
0	376	139	0.38373
0	352	64	0.399057
0	103	44	0.692858
0	190	100	0.549114
0	410	35	0.360579
0	468	45	0.329817
0	432	7	0.347007
0	246	64	0.482104
0	98	54	0.699981
0	476	76	0.323681
0	113	50	0.668425
0	268	56	0.459451
0	190	64	0.544905
0	84	49	0.72922
0	154	18	0.594341
0	486	72	0.316694
0	486	75	0.316669
0	388	17	0.367115
0	335	7	0.401633
0	323	81	0.410427
0	325	11	0.408792
0	138	4	0.619534
0	188	49	0.544302
0	462	95	0.327067
0	240	96	0.483185
0	491	17	0.313011
0	238	20	0.484408
0	269	15	0.4537
0	82	35	0.731466
0	149	30	0.599313
0	112	54	0.665264
0	463	4	0.324168
0	488	137	0.312672
0	475	38	0.318437
0	343	2	0.392694
0	449	74	0.3306
0	188	71	0.541033
0	435	122	0.33684
0	402	35	0.354545
0	483	95	0.313281
0	121	66	0.645447
0	375	54	0.369915
0	65	47	0.772023
0	189	84	0.53773
0	421	86	0.342066
0	328	121	0.399958
0	437	107	0.33135
0	322	69	0.402038
0	173	77	0.555482
0	91	61	0.703701
0	429	58	0.334709
0	254	8	0.459311
0	397	53	0.35206
0	350	70	0.380293
0	82	10	0.723518
0	339	66	0.38758
0	138	1	0.608286
0	172	35	0.554616
0	346	107	0.382206
0	412	120	0.341885
0	331	120	0.392672
0	140	79	0.603766
0	324	39	0.396808
0	221	83	0.489509
0	400	31	0.346297
0	214	26	0.497071
0	431	29	0.329007
0	134	12	0.611929
0	200	10	0.513583
0	337	25	0.384657
0	256	23	0.450724
0	201	102	0.509304
0	335	124	0.38327
0	194	31	0.516622
0	86	42	0.706532
0	156	79	0.57
0	209	92	0.497087
0	423	118	0.328019
0	74	32	0.73609
0	337	54	0.37937
0	415	7	0.33152
0	262	22	0.439767
0	100	61	0.672738
0	86	35	0.70379
0	381	73	0.348519
0	423	133	0.324929
0	443	64	0.314793
0	247	51	0.450781
0	324	118	0.384743
0	353	40	0.36438
0	160	82	0.558233
0	373	56	0.351132
0	186	47	0.520291
0	150	74	0.573502
0	136	12	0.596296
0	273	50	0.423622
0	54	7	0.787177
0	257	75	0.437
0	380	34	0.343458
0	281	45	0.414286
0	144	36	0.579417
0	425	106	0.318117
0	268	45	0.425177
0	466	80	0.298323
0	432	124	0.314364
0	282	87	0.412548
0	138	21	0.58867
0	92	16	0.682168
0	288	53	0.404692
0	415	75	0.32023
0	117	47	0.624813
0	167	85	0.538447
0	225	28	0.46371
0	439	57	0.306694
0	272	109	0.415747
0	196	79	0.496623
0	200	64	0.491571
0	417	54	0.316791
0	305	24	0.387984
0	206	67	0.48358
0	156	45	0.552789
0	138	20	0.582266
0	50	24	0.792476
0	358	47	0.347599
0	362	58	0.344806
0	220	13	0.463476
0	292	62	0.393953
0	397	125	0.323458
0	295	53	0.390968
0	498	61	0.27519
0	378	8	0.33275
0	207	13	0.476486
0	407	48	0.315941
0	474	58	0.28385
0	102	22	0.648017
0	227	46	0.452357
0	183	2	0.505955
0	243	77	0.435397
0	451	45	0.293368
0	209	58	0.47236
0	437	31	0.299616
0	77	21	0.708023
0	474	121	0.282518
0	203	22	0.478823
0	292	82	0.388963
0	180	78	0.507403
0	147	29	0.557722
0	124	26	0.599091
0	305	77	0.377796
0	471	121	0.281984
0	390	86	0.321629
0	305	60	0.376998
0	154	15	0.545054
0	224	90	0.45075
0	276	17	0.399705
0	385	106	0.322756
0	95	12	0.658687
0	350	11	0.343693
0	428	36	0.29978
0	381	58	0.324722
0	456	21	0.285133
0	491	6	0.270256
0	320	52	0.361918
0	325	40	0.358002
0	167	61	0.520128
0	465	44	0.279499
0	194	56	0.481778
0	51	36	0.779485
0	365	21	0.330276
0	415	113	0.302382
0	245	31	0.423114
0	367	54	0.328691
0	149	38	0.546667
0	434	9	0.292183
0	182	88	0.495703
0	345	66	0.340809
0	88	21	0.669294
0	268	50	0.398743
0	239	59	0.426155
0	96	32	0.648487
0	269	100	0.396813
1	107	0	0.622804
0	333	41	0.346564
0	149	2	0.542323
0	323	61	0.353388
0	207	71	0.460098
0	238	81	0.425159
0	104	11	0.628332
0	151	55	0.537854
0	309	84	0.362307
0	421	94	0.293993
0	327	8	0.348679
0	129	40	0.575516
0	359	18	0.327459
0	436	68	0.28545
0	157	10	0.525783
0	86	25	0.669297
0	314	80	0.356058
0	258	16	0.402206
0	384	70	0.310329
0	356	66	0.325973
0	202	59	0.459498
0	106	20	0.618137
0	250	45	0.406281
0	89	25	0.657654
0	368	66	0.315191
0	340	13	0.332481
0	277	47	0.379262
0	67	3	0.716346
0	385	96	0.304739
0	430	58	0.281832
0	298	97	0.359994
0	445	71	0.273545
0	168	18	0.499186
0	136	45	0.551603
0	392	69	0.298733
0	83	13	0.6679
0	79	46	0.677942
0	460	56	0.265395
0	164	45	0.503063
0	345	91	0.3244
1	136	0	0.549021
0	199	47	0.453384
0	472	91	0.255847
0	333	16	0.327607
0	92	48	0.637861
0	150	23	0.519092
0	409	92	0.283545
0	237	84	0.404598
0	200	83	0.443988
0	228	4	0.411623
0	212	3	0.42925
0	282	15	0.361065
0	455	22	0.259363
0	202	64	0.440953
0	155	55	0.506662
0	326	19	0.327399
0	307	3	0.340711
0	129	61	0.551523
0	197	31	0.445557
0	261	22	0.376898
0	482	27	0.24526
0	91	10	0.63127
0	146	32	0.515601
0	235	63	0.39797
0	170	31	0.477267
0	274	26	0.361595
0	264	34	0.370157
0	129	28	0.54561
0	443	38	0.258939
0	398	24	0.278846
0	251	51	0.379738
0	386	34	0.284368
0	415	75	0.269816
0	400	4	0.276629
0	170	75	0.473563
0	456	97	0.251104
0	192	84	0.443057
0	465	46	0.247235
0	268	66	0.362211
0	237	31	0.390447
0	292	8	0.341669
0	93	26	0.61915
0	268	38	0.360565
0	113	42	0.570999
0	171	79	0.46741
0	207	80	0.420029
0	216	66	0.408474
0	469	66	0.23996
0	146	71	0.502557
0	150	49	0.495278
0	261	17	0.360415
0	117	24	0.556478
0	452	62	0.245101
0	138	54	0.515361
0	133	34	0.524554
0	440	101	0.249427
0	375	4	0.279672
0	476	68	0.234212
0	63	22	0.697628
0	395	95	0.268947
0	169	46	0.462246
0	407	20	0.262617
0	233	11	0.383325
0	178	42	0.448424
0	289	7	0.333068
0	140	33	0.507056
0	266	13	0.350785
0	103	14	0.582209
0	487	39	0.227434
0	298	79	0.324021
0	481	97	0.22867
0	162	4	0.467506
0	450	71	0.240024
0	268	55	0.346029
0	79	50	0.6421
0	198	15	0.416675
0	382	71	0.26971
0	316	72	0.308503
0	433	14	0.24555
0	367	73	0.277204
0	465	68	0.232009
0	150	53	0.483086
0	231	40	0.37645
0	193	36	0.419369
0	160	40	0.465462
0	302	44	0.315102
0	321	12	0.302017
0	473	37	0.226222
0	478	17	0.224184
1	164	0	0.456728
0	423	84	0.24571
0	425	21	0.244511
0	383	96	0.264038
0	201	1	0.405623
0	453	16	0.231954
0	241	30	0.361597
0	127	23	0.517959
0	185	72	0.42312
0	211	15	0.390712
0	235	36	0.365336
0	275	23	0.328308
0	297	83	0.311221
0	131	21	0.505813
0	80	28	0.626156
0	131	60	0.504159
0	427	101	0.237657
0	85	20	0.610289
0	117	16	0.531892
0	135	7	0.495715
0	287	68	0.316181
0	319	7	0.293667
0	300	84	0.306111
0	244	41	0.351514
0	386	69	0.255059
0	269	85	0.329203
0	387	84	0.254094
0	169	34	0.438106
0	479	82	0.215443
0	188	43	0.411538
0	111	3	0.541885
0	108	44	0.548618
0	442	71	0.228846
0	228	13	0.365184
0	459	58	0.221527
0	312	26	0.294547
0	111	8	0.539852
0	64	39	0.670093
0	314	22	0.292447
0	77	47	0.626747
0	108	40	0.543603
0	170	39	0.430253
0	311	58	0.291312
0	84	11	0.603377
0	407	90	0.238471
0	216	35	0.37042
0	104	14	0.549637
0	196	7	0.392797
0	138	52	0.478287
0	298	51	0.297937
0	68	42	0.650021
0	254	45	0.331763
0	323	27	0.280705
0	325	15	0.278985
0	312	86	0.28717
0	385	66	0.246094
0	231	52	0.351176
0	290	36	0.300306
0	86	4	0.591272
0	292	7	0.298659
0	322	82	0.278477
0	481	32	0.205158
0	141	16	0.466955
0	405	62	0.233587
0	442	92	0.218178
0	110	56	0.527473
0	473	49	0.206093
0	95	28	0.56346
0	344	20	0.262112
1	460	0	0.20977
0	158	35	0.435549
0	130	3	0.483695
0	67	9	0.644564
0	84	19	0.590977
0	190	46	0.389746
0	181	42	0.401271
0	355	3	0.254146
0	148	18	0.448708
0	465	24	0.205539
0	368	84	0.246224
0	168	40	0.416925
0	234	42	0.33912
0	406	10	0.228061
0	194	53	0.379658
0	289	57	0.290956
0	117	33	0.503333
0	102	36	0.537339
0	154	43	0.434019
0	160	6	0.423463
0	452	31	0.206134
0	193	32	0.377479
0	439	4	0.210399
0	404	42	0.224221
0	143	7	0.449426
0	420	22	0.216405
0	207	6	0.358836
0	473	61	0.196142
0	281	63	0.291106
0	373	51	0.236189
0	259	64	0.307982
0	488	81	0.190535
0	227	41	0.33543
0	175	54	0.395502
0	345	15	0.249105
0	343	55	0.250132
0	469	40	0.195965
0	413	5	0.216249
0	354	9	0.24351
0	357	25	0.241624
0	160	63	0.41467
0	327	5	0.257365
0	405	59	0.218519
0	365	28	0.235042
0	387	58	0.224658
0	351	33	0.241789
0	166	11	0.40269
0	104	42	0.517524
0	258	61	0.301587
0	462	64	0.193867
0	314	17	0.260637
0	191	10	0.366704
0	319	34	0.257418
0	265	58	0.293991
0	444	71	0.198981
0	307	7	0.263747
0	236	66	0.317442
0	70	32	0.608394
0	477	5	0.185557
0	430	82	0.20174
0	192	16	0.360565
0	363	13	0.229501
0	298	44	0.265769
0	183	58	0.369596
0	494	33	0.177859
0	294	50	0.265918
0	249	17	0.297659
0	169	20	0.384043
0	294	63	0.263752
0	98	44	0.516978
0	473	23	0.181469
0	482	57	0.177872
0	235	25	0.307108
0	150	27	0.409441
0	209	12	0.332066
0	380	62	0.214338
0	435	75	0.191537
0	136	30	0.43092
0	316	11	0.245788
0	308	43	0.250412
0	260	18	0.283203
0	275	32	0.271602
0	297	14	0.256039
0	95	17	0.517778
0	182	62	0.358352
0	171	6	0.372223
0	310	58	0.246008
0	223	17	0.311262
0	430	3	0.189818
0	177	48	0.362667
0	190	52	0.346378
0	217	45	0.316847
0	381	3	0.208844
0	313	32	0.242956
0	89	30	0.529732
0	467	21	0.1767
0	230	5	0.303015
0	460	10	0.178415
0	159	15	0.384608
0	491	30	0.168252
0	81	34	0.55036
0	197	51	0.334187
0	144	30	0.406997
0	281	33	0.259735
0	175	26	0.359119
0	381	74	0.204635
0	112	43	0.46668
0	477	34	0.170336
0	227	24	0.301369
0	437	67	0.1824
0	191	35	0.337823
0	286	42	0.254002
0	475	44	0.170038
0	111	22	0.467105
0	171	58	0.362176
0	60	8	0.617774
0	132	47	0.423273
0	150	10	0.391987
0	397	76	0.195643
0	182	49	0.345821
0	60	10	0.615572
0	305	16	0.239456
0	165	11	0.366615
0	194	34	0.329774
0	185	54	0.340322
0	308	49	0.236318
0	70	6	0.575743
0	109	37	0.464364
0	69	1	0.577788
0	64	34	0.595945
0	88	24	0.517192
0	89	33	0.512392
0	59	15	0.612889
1	234	0	0.284908
0	192	18	0.326593
0	401	31	0.188042
0	59	27	0.609528
0	480	33	0.160964
0	113	50	0.448615
0	467	3	0.164182
0	111	24	0.452326
0	117	45	0.439199
0	111	20	0.451654
0	426	69	0.176648
0	398	12	0.186729
0	178	60	0.339152
0	243	9	0.272955
0	144	47	0.387397
0	374	51	0.195019
0	78	27	0.537291
0	325	50	0.217937
0	380	71	0.191586
0	463	67	0.162604
0	368	40	0.195375
0	59	2	0.602003
0	336	13	0.209223
0	403	48	0.180716
0	405	11	0.179753
0	59	14	0.600291
0	139	29	0.389189
0	231	6	0.276578
0	53	6	0.624881
0	92	14	0.489661
0	62	14	0.587121
0	371	60	0.191615
0	314	25	0.218268
0	479	57	0.154547
0	389	27	0.183521
0	275	56	0.241077
0	462	67	0.15864
0	135	32	0.392084
0	452	42	0.16132
0	83	10	0.511371
0	253	7	0.255212
0	473	24	0.154148
0	295	57	0.226031
0	366	29	0.190465
0	143	18	0.375683
0	229	26	0.272927
0	86	17	0.499316
0	482	67	0.150867
0	174	28	0.3291
0	120	8	0.415449
0	328	14	0.205227
0	465	23	0.153541
0	146	49	0.366117
0	144	44	0.369298
0	71	35	0.542726
0	421	62	0.166633
0	295	4	0.221891
0	287	6	0.226476
0	475	41	0.150272
0	60	27	0.580428
0	72	28	0.535401
0	191	6	0.30084
0	72	16	0.532886
0	110	34	0.427199
0	245	9	0.250784
0	100	40	0.450503
0	115	28	0.416197
0	421	51	0.162041
0	184	25	0.306218
0	203	8	0.285558
0	100	12	0.447684
0	102	39	0.440955
0	280	1	0.223041
0	274	22	0.226155
0	124	17	0.392044
0	156	1	0.338623
0	246	28	0.24474
0	182	27	0.304039
0	345	59	0.187014
0	445	7	0.151317
0	412	16	0.161099
0	438	8	0.152528
0	173	48	0.312907
0	101	35	0.43743
0	175	7	0.309391
0	143	14	0.354091
0	147	39	0.347395
0	362	13	0.177508
0	250	47	0.237385
0	56	12	0.581248
0	79	20	0.495691
0	351	57	0.181041
0	222	32	0.258517
0	154	5	0.334407
0	59	20	0.565841
0	395	19	0.162816
0	321	40	0.192695
0	276	56	0.217273
0	85	4	0.473712
0	368	13	0.171814
0	91	12	0.456161
0	74	18	0.50774
0	102	40	0.427563
0	174	41	0.302088
0	194	1	0.279496
0	365	54	0.17084
0	143	11	0.344274
0	105	7	0.416742
0	92	17	0.449169
0	249	31	0.231203
0	84	36	0.46942
0	72	30	0.507317
0	413	11	0.152088
0	298	36	0.198753
0	391	10	0.158697
0	253	36	0.225335
0	189	4	0.279004
0	349	58	0.173176
0	395	43	0.155903
0	152	7	0.322948
0	372	51	0.162916
0	154	22	0.319319
0	78	14	0.47979
0	140	18	0.339228
0	67	24	0.515743
0	143	42	0.332542
0	320	10	0.181908
0	444	55	0.137664
0	445	32	0.137385
0	96	30	0.424402
0	83	10	0.459991
0	276	34	0.203731
0	405	38	0.147548
0	475	55	0.128513
0	196	23	0.262269
0	61	5	0.533171
0	322	13	0.177526
0	445	25	0.134868
0	117	10	0.370932
0	172	16	0.285779
0	271	45	0.202157
0	289	13	0.191307
0	198	3	0.254175
0	430	34	0.135626
0	209	27	0.243883
0	224	18	0.230309
0	274	45	0.196507
0	168	17	0.284854
0	496	36	0.118523
0	185	39	0.263816
0	311	53	0.174706
0	149	34	0.306064
0	446	15	0.128277
0	213	17	0.234753
0	98	6	0.39925
0	257	28	0.201692
0	176	16	0.267955
0	108	1	0.373584
0	165	44	0.280539
0	141	4	0.313049
0	316	10	0.168929
0	152	2	0.296137
0	61	26	0.511539
0	96	21	0.398058
0	311	25	0.169177
0	206	23	0.234472
0	285	22	0.181071
0	222	30	0.220713
0	184	34	0.254372
0	124	22	0.3357
0	242	1	0.205177
0	280	43	0.182068
0	244	38	0.203362
0	318	41	0.163336
0	244	15	0.202734
0	325	38	0.160266
0	419	45	0.12871
0	120	39	0.340171
0	82	28	0.429787
0	100	4	0.380371
0	403	48	0.13216
0	324	45	0.158638
0	272	22	0.183114
0	78	30	0.438676
0	402	46	0.131445
0	67	29	0.475558
0	65	9	0.482646
0	198	21	0.234319
0	157	11	0.278005
0	103	30	0.369549
0	345	23	0.148328
0	438	31	0.120418
0	428	14	0.122252
0	75	18	0.442451
0	77	2	0.435474
0	112	32	0.346001
0	410	9	0.12578
0	291	19	0.168337
0	328	22	0.152144
0	482	22	0.108537
0	377	18	0.134287
0	420	32	0.122115
0	71	5	0.451133
0	67	16	0.464642
0	229	28	0.201912
0	221	42	0.20768
0	230	38	0.200984
0	69	16	0.455652
0	139	36	0.293451
0	471	18	0.109128
0	289	38	0.16631
0	131	38	0.304912
0	110	32	0.342265
0	364	39	0.135189
0	298	5	0.160221
0	424	29	0.117816
0	198	3	0.22213
0	203	39	0.217629
0	128	34	0.305263
0	284	15	0.164903
0	87	4	0.391608
0	297	12	0.158174
0	458	26	0.108304
0	62	7	0.472644
0	443	44	0.111357
0	84	10	0.397693
0	361	6	0.132961
0	107	5	0.340645
0	355	16	0.134685
0	67	25	0.450775
0	479	2	0.102887
0	177	41	0.236374
0	97	7	0.360295
0	287	1	0.158834
0	71	12	0.431634
0	204	13	0.208023
0	258	6	0.17191
0	312	40	0.146483
0	182	26	0.226987
0	166	31	0.243274
0	106	15	0.334784
0	121	34	0.305971
0	294	11	0.153183
0	55	8	0.491409
0	114	21	0.317116
0	274	39	0.161476
0	107	6	0.329224
0	228	15	0.186774
0	158	30	0.248735
0	128	10	0.288547
0	95	8	0.353209
0	500	31	0.0938882
0	341	44	0.131742
0	138	13	0.272378
0	191	5	0.212593
0	432	6	0.10647
0	443	18	0.1038
0	279	22	0.155263
0	462	6	0.0983467
0	391	39	0.113974
0	256	13	0.164152
0	379	41	0.116819
0	381	18	0.116197
0	233	18	0.176624
0	61	27	0.449896
0	340	37	0.127091
0	493	34	0.0912395
0	71	18	0.409494
1	172	0	0.222393
0	389	18	0.111752
0	332	6	0.128246
0	246	3	0.164956
0	133	4	0.266861
0	108	28	0.309461
0	304	26	0.136929
0	256	18	0.158513
0	320	14	0.130935
0	301	15	0.137762
0	253	30	0.159555
0	131	32	0.268248
0	248	8	0.161598
0	219	11	0.178411
0	75	21	0.387835
0	442	14	0.0967157
0	190	10	0.199225
0	68	18	0.408405
0	395	30	0.106167
0	128	7	0.267856
0	144	10	0.244021
0	390	3	0.106299
0	97	19	0.323175
0	208	32	0.181544
0	396	30	0.103856
0	228	5	0.167516
0	183	31	0.19962
0	323	6	0.123804
0	401	23	0.101841
0	188	29	0.194107
0	171	28	0.209322
0	127	14	0.262302
1	51	0	0.469077
0	242	16	0.156822
0	195	8	0.187483
0	256	2	0.14923
0	61	9	0.42332
0	340	6	0.116333
0	233	26	0.161004
0	344	3	0.114318
0	204	18	0.17848
1	129	0	0.255597
0	192	18	0.185453
0	115	17	0.275269
0	343	8	0.112563
0	175	19	0.198739
0	412	8	0.0952594
0	227	6	0.160189
0	498	12	0.0799481
0	297	36	0.12683
0	324	8	0.117216
1	475	0	0.0830354
0	439	14	0.0889689
0	433	30	0.0899368
0	464	28	0.084207
0	278	24	0.132847
0	423	2	0.0913584
0	148	6	0.222965
0	85	6	0.332852
0	53	7	0.444446
0	208	28	0.168944
0	313	29	0.118617
0	124	2	0.25306
0	203	25	0.170131
0	229	30	0.153389
0	408	6	0.0922283
0	225	4	0.155561
0	165	4	0.20077
0	228	34	0.1535
0	235	23	0.149351
0	62	1	0.399315
0	132	17	0.2379
0	435	19	0.0863301
0	346	34	0.105946
0	419	21	0.0890761
0	50	6	0.448917
0	95	23	0.299542
0	316	25	0.113874
0	195	14	0.171973
1	124	0	0.246019
0	236	26	0.145677
0	192	32	0.17327
1	348	0	0.103531
0	440	9	0.083445
0	442	12	0.0829623
0	121	16	0.248182
0	182	14	0.17938
0	212	6	0.157361
0	324	23	0.108811
0	356	28	0.0993683
0	144	26	0.214142
0	121	23	0.244836
0	97	23	0.284586
0	339	13	0.102181
0	256	28	0.130843
0	313	28	0.109056
0	185	21	0.171451
0	75	21	0.337357
0	439	9	0.0798458
0	105	13	0.266123
0	129	3	0.22772
0	313	29	0.108172
0	131	28	0.224496
0	82	2	0.314898
0	225	20	0.142852
0	472	1	0.0732558
0	142	12	0.207319
0	73	20	0.336998
0	179	19	0.171505
0	214	16	0.147587
0	65	21	0.3597
0	323	25	0.101482
0	357	25	0.092417
0	170	21	0.175946
0	62	2	0.367925
1	441	0	0.0756103
1	165	0	0.17926
0	361	26	0.0906079
0	97	1	0.270489
0	247	28	0.126828
0	305	4	0.104916
0	493	13	0.0675439
0	417	30	0.0785089
0	146	3	0.1949
0	134	13	0.207592
0	199	15	0.149849
0	276	24	0.112534
0	215	10	0.139776
0	391	14	0.0817328
0	171	28	0.167728
0	309	3	0.100246
0	71	4	0.321771
0	112	10	0.230986
0	220	15	0.13177
0	57	12	0.368937
0	183	15	0.153932
0	73	20	0.312957
0	154	5	0.177494
0	249	9	0.117644
0	353	5	0.0858428
0	358	6	0.084099
0	370	30	0.0813931
0	160	15	0.169305
0	484	8	0.0623675
0	294	23	0.0986182
0	94	22	0.252677
0	119	9	0.210003
0	307	21	0.0923729
0	427	22	0.0674868
0	320	12	0.0879363
0	52	1	0.368953
0	198	4	0.13289
0	346	26	0.0804562
0	277	1	0.0984845
0	197	10	0.132947
0	370	14	0.0752362
0	192	11	0.134978
0	177	21	0.144348
0	53	14	0.358411
1	106	0	0.217832
0	92	6	0.242784
0	111	21	0.209609
0	285	21	0.0931454
0	147	13	0.166054
0	118	9	0.198578
0	95	3	0.234623
0	78	10	0.269781
0	60	14	0.322795
0	76	2	0.273023
0	65	2	0.304488
1	449	0	0.0591291
0	392	1	0.0668119
0	219	17	0.113426
0	285	15	0.0887083
0	406	1	0.0634971
0	113	2	0.19536
0	231	22	0.105448
0	124	19	0.177521
0	51	6	0.344001
0	77	4	0.257468
0	300	16	0.0810482
0	123	9	0.176091
0	135	15	0.161663
0	173	11	0.130786
0	444	9	0.054934
0	262	10	0.0889637
0	283	8	0.0829083
0	219	16	0.104541
0	98	11	0.206138
0	63	7	0.28674
0	169	18	0.129262
0	115	3	0.178984
0	132	19	0.159347
0	418	15	0.0563715
0	389	13	0.0599804
0	251	9	0.0898495
0	129	18	0.161033
0	269	7	0.0840276
0	275	8	0.0817132
0	266	9	0.084011
0	211	2	0.10335
0	55	7	0.303747
0	206	1	0.103638
0	198	5	0.107014
0	416	10	0.0536784
0	452	16	0.0495154
0	215	19	0.0980172
0	215	15	0.097996
0	56	12	0.294029
0	217	2	0.0969716
1	166	0	0.122806
0	138	8	0.143168
0	61	9	0.274284
0	265	13	0.0797752
0	72	2	0.241606
0	151	6	0.130908
0	58	10	0.281362
0	161	2	0.122581
0	303	16	0.0689746
0	448	11	0.0477134
0	68	3	0.247986
0	171	13	0.115816
0	330	2	0.0632537
0	421	7	0.0501241
0	111	2	0.166579
0	99	14	0.182762
0	76	7	0.22556
0	74	5	0.22809
0	53	1	0.290856
1	135	0	0.138558
0	237	5	0.0835564
0	382	5	0.0533892
1	77	0	0.216702
0	189	4	0.100972
0	255	15	0.0763118
0	133	5	0.136447
1	101	0	0.172106
0	195	3	0.0967508
0	93	9	0.182009
0	142	11	0.126584
0	270	5	0.0707988
0	345	3	0.0562199
0	289	15	0.0660494
0	319	3	0.0602044
0	107	3	0.159971
0	305	6	0.0626042
0	80	12	0.20286
0	63	9	0.241546
0	313	18	0.0602335
0	80	12	0.199865
0	114	5	0.148949
0	125	15	0.137136
0	225	18	0.0805102
0	55	4	0.263081
0	403	1	0.046396
0	339	12	0.0545327
0	307	8	0.0598377
0	106	2	0.155409
1	146	0	0.117469
0	249	12	0.0722414
0	287	13	0.0631139
0	151	1	0.113394
0	500	16	0.0369076
0	201	17	0.0869467
0	177	11	0.096833
0	77	5	0.197545
0	303	4	0.0585679
0	85	9	0.180919
1	57	0	0.247632
0	173	13	0.0978119
0	76	5	0.197625
0	70	12	0.210476
0	141	14	0.116838
1	147	0	0.111744
0	178	5	0.0939643
0	61	14	0.232145
0	152	10	0.107387
0	56	7	0.245404
0	174	6	0.0938478
1	210	0	0.0780959
0	124	13	0.125075
0	254	13	0.0648666
0	60	5	0.225671
0	177	8	0.0898439
0	154	8	0.101749
0	51	1	0.249597
0	331	5	0.0485892
0	123	12	0.120377
0	177	13	0.0861045
0	265	10	0.0588411
1	54	0	0.23228
0	176	13	0.0826854
0	367	14	0.0413632
0	111	13	0.123914
0	77	6	0.168256
0	297	9	0.0486617
0	169	3	0.0824158
1	278	0	0.0512196
0	416	2	0.0344975
0	161	11	0.0839711
0	473	10	0.0299773
0	91	12	0.137627
0	77	8	0.157651
0	150	8	0.0874383
0	165	8	0.0795138
0	201	4	0.0655388
0	160	8	0.0804629
0	220	10	0.0597561
0	140	8	0.0895716
0	127	12	0.096284
0	254	7	0.0502942
0	145	5	0.0847606
0	70	7	0.160157
0	178	3	0.0691583
0	179	6	0.0684856
0	136	9	0.0880165
0	72	7	0.152864
1	85	0	0.130068
0	71	10	0.151433
0	51	10	0.196834
1	190	0	0.0613944
0	289	6	0.0411783
0	249	11	0.0474186
0	246	8	0.0477727
1	330	0	0.0359112
0	342	8	0.0340365
0	308	3	0.037325
0	253	10	0.0449506
0	142	10	0.0762064
0	51	9	0.186768
0	124	3	0.0859809
0	277	8	0.040073
0	268	8	0.0410996
0	75	6	0.131214
0	203	2	0.0524278
0	81	3	0.120223
0	489	4	0.0221243
0	83	5	0.117365
0	67	7	0.140048
0	56	4	0.159881
0	53	8	0.167248
1	148	0	0.0670686
0	480	5	0.0215835
0	361	7	0.0282309
0	322	1	0.0311731
0	446	8	0.0223007
0	164	4	0.0578138
0	110	1	0.0837396
0	182	6	0.0516781
1	493	0	0.0196759
0	350	9	0.0273322
0	75	2	0.115685
0	188	9	0.0492019
1	211	0	0.0438893
0	480	4	0.0195301
1	279	0	0.0330087
0	363	8	0.0250065
0	85	6	0.098603
0	292	8	0.0304213
0	142	6	0.0601584
0	227	3	0.0377866
0	234	2	0.0364974
0	84	7	0.0927221
0	78	4	0.0974006
0	171	5	0.0468149
0	435	4	0.0189142
0	64	5	0.115523
0	151	3	0.0515027
0	123	2	0.0624896
1	324	0	0.0244559
0	60	6	0.118417
0	382	5	0.0205676
1	431	0	0.0182102
0	198	5	0.0387837
0	287	2	0.0269439
0	193	4	0.0395427
0	108	1	0.0647169
0	76	2	0.089409
0	432	6	0.0168002
0	200	4	0.0347916
0	192	6	0.0361248
0	134	2	0.0507135
1	283	0	0.02453
0	174	4	0.0388
0	73	6	0.0873743
0	72	2	0.0828956
0	151	1	0.0397818
0	70	3	0.0817696
0	255	4	0.0234845
0	90	5	0.0632143
0	104	2	0.0550772
0	57	4	0.0958822
0	451	3	0.013205
0	136	5	0.0423868
0	484	3	0.0120795
1	263	0	0.0214117
0	247	3	0.0224126
0	112	1	0.0480079
0	399	1	0.0137962
0	364	1	0.0150866
0	430	2	0.012582
0	201	4	0.0256528
0	63	3	0.0767498
0	131	3	0.0366424
0	66	4	0.0684848
0	75	3	0.060567
0	82	3	0.0551846
0	298	1	0.0157866
0	74	1	0.0603362
0	79	1	0.0566113
0	311	4	0.0148801
0	449	2	0.0100129
0	219	2	0.0194406
0	84	2	0.0490769
0	313	2	0.0136434
0	200	3	0.0209019
0	70	3	0.0570122
0	349	3	0.0109816
1	77	0	0.0477791
1	112	0	0.0331346
1	171	0	0.0217305
0	259	1	0.0133955
0	110	2	0.0269914
0	238	1	0.0115915
1	203	0	0.0132229
0	56	2	0.0446942
1	170	0	0.0141028
0	95	2	0.0245977
0	170	2	0.0133424
0	74	2	0.028322
0	95	2	0.0213927
0	85	1	0.0234829
0	73	1	0.0271512
1	123	0	0.01539
0	150	1	0.0123365
0	155	1	0.0118021
1	56	0	0.0319098
0	144	1	0.0126542
0	114	1	0.0152087
1	152	0	0.0110715
0	57	1	0.0264077
0	61	1	0.0207051
