7206.57
0.0361453
2500
1	422	32	0.989191
1	431	26	0.987982
1	394	48	0.988022
1	368	137	0.987875
0	448	373	0.985229
1	306	146	0.987912
1	466	161	0.981685
1	361	6	0.985563
1	477	56	0.979842
0	275	232	0.985683
1	270	139	0.985921
1	218	67	0.988266
1	402	197	0.978314
0	180	120	0.989382
0	237	232	0.986065
0	450	417	0.973797
0	398	329	0.976093
1	313	32	0.98093
0	324	302	0.980268
0	366	293	0.977414
0	421	374	0.973954
1	267	112	0.981671
0	432	309	0.969538
1	497	76	0.96427
1	412	157	0.970162
0	463	236	0.966126
1	416	117	0.968794
1	460	38	0.965535
0	327	213	0.975203
1	387	85	0.97034
0	350	194	0.973066
1	186	56	0.985306
0	392	320	0.969146
0	406	291	0.967095
0	412	239	0.966454
0	356	279	0.970778
0	370	222	0.96889
0	476	216	0.959776
0	472	275	0.959871
1	459	139	0.958454
1	303	36	0.972082
0	426	208	0.961176
0	493	204	0.95378
0	191	139	0.981535
0	487	261	0.953832
1	362	81	0.964935
0	465	226	0.95516
1	363	84	0.964395
0	183	146	0.981655
1	367	12	0.963162
0	338	140	0.96587
0	384	234	0.961101
0	403	366	0.958811
1	139	0	0.984816
0	188	62	0.979348
0	230	216	0.974198
1	182	29	0.979176
1	355	12	0.960136
0	399	127	0.955336
0	297	160	0.966343
0	192	61	0.97797
0	329	292	0.962673
1	275	55	0.96813
0	382	212	0.954315
1	342	37	0.957897
1	261	45	0.967483
0	86	23	0.988807
0	153	134	0.980239
0	192	140	0.974612
1	354	65	0.954008
0	428	241	0.944606
0	290	222	0.961775
0	267	197	0.963494
0	480	207	0.936091
0	412	371	0.944445
0	144	111	0.97981
0	437	267	0.941035
1	365	40	0.949904
0	96	93	0.98628
0	411	219	0.942757
0	345	261	0.951181
0	433	190	0.938775
0	462	287	0.934846
0	429	227	0.938345
0	430	294	0.937517
0	428	218	0.936949
0	450	287	0.933804
0	427	385	0.935844
0	449	378	0.932111
0	297	270	0.95394
0	361	91	0.943928
1	438	22	0.932343
0	142	93	0.976917
1	422	18	0.93376
0	179	72	0.970469
0	444	142	0.928539
0	335	160	0.94476
0	258	102	0.956595
0	353	316	0.941367
0	330	206	0.944952
0	347	86	0.941664
0	249	118	0.955965
0	180	145	0.967709
1	94	8	0.982871
0	475	163	0.918342
0	236	176	0.957515
1	471	46	0.917492
0	454	304	0.919368
0	483	384	0.914369
0	480	237	0.914624
0	290	139	0.946258
0	324	104	0.939175
0	299	43	0.941249
0	380	88	0.92649
0	272	80	0.945072
0	499	92	0.903108
0	486	160	0.904513
0	349	60	0.929252
0	497	278	0.901616
0	431	289	0.913502
1	237	21	0.950381
0	485	290	0.903046
1	492	32	0.899108
0	192	64	0.957271
1	192	11	0.957037
0	300	100	0.93423
0	341	117	0.925392
0	337	281	0.925295
0	187	21	0.956912
0	315	115	0.928459
1	409	15	0.90734
0	112	24	0.972497
0	218	182	0.947515
1	322	23	0.923898
0	235	212	0.941878
0	352	184	0.915268
1	303	3	0.926044
0	464	355	0.89094
0	163	17	0.958585
0	197	173	0.949998
0	291	156	0.926948
0	486	100	0.883506
0	402	77	0.901248
1	434	3	0.894199
0	207	154	0.945554
0	277	226	0.928292
0	203	121	0.946366
0	422	165	0.894407
0	389	86	0.901624
0	277	184	0.927504
1	282	3	0.926286
0	301	197	0.921361
0	476	210	0.880149
0	381	42	0.901451
0	200	142	0.945189
0	310	109	0.917465
0	200	41	0.945138
0	233	181	0.936493
0	321	185	0.914549
0	495	372	0.873973
0	319	57	0.914849
0	469	192	0.879338
0	409	143	0.892799
0	465	138	0.878941
0	380	75	0.898711
0	384	120	0.897747
0	386	285	0.896605
0	257	213	0.926808
0	416	31	0.886639
0	440	171	0.88042
0	347	157	0.903194
0	383	86	0.893159
0	381	279	0.892735
0	444	138	0.87652
0	439	95	0.87433
0	418	280	0.879059
0	408	124	0.880936
1	75	0	0.975286
0	185	44	0.941144
0	462	198	0.864262
0	334	81	0.897604
0	474	331	0.85957
0	462	307	0.862582
0	381	102	0.883728
1	294	8	0.906722
0	282	246	0.90966
0	347	101	0.890922
1	405	21	0.873896
0	338	21	0.891832
0	383	66	0.878662
0	492	105	0.848934
0	492	269	0.848554
0	476	145	0.851903
0	257	137	0.914041
0	451	36	0.858098
0	272	149	0.909087
0	280	178	0.906383
0	357	39	0.882411
0	429	348	0.861921
0	474	315	0.848793
0	281	220	0.903238
0	290	249	0.900197
0	230	157	0.91893
0	392	333	0.868585
0	495	358	0.83953
0	440	41	0.854079
0	273	136	0.903846
0	412	146	0.861315
0	379	259	0.870892
0	447	60	0.850292
0	415	289	0.859289
0	287	160	0.897022
0	301	38	0.89149
0	312	209	0.887883
0	465	276	0.841465
0	69	47	0.972764
0	481	111	0.836427
0	436	215	0.849175
0	452	143	0.843369
0	204	177	0.922646
0	320	88	0.883421
0	220	163	0.916819
0	491	30	0.831598
0	473	282	0.835603
0	413	295	0.852292
0	318	234	0.881778
0	81	67	0.96688
0	230	61	0.910955
0	113	61	0.954027
0	441	302	0.841616
0	332	254	0.875674
0	463	189	0.833142
0	486	284	0.825818
0	462	81	0.832948
1	108	3	0.955041
0	84	15	0.964675
0	354	183	0.865969
0	405	162	0.84943
0	330	97	0.872496
0	417	125	0.843925
0	251	109	0.899647
1	473	16	0.824946
0	389	279	0.849996
0	500	241	0.814605
0	183	42	0.922969
0	286	35	0.88435
0	282	91	0.885449
0	214	63	0.910135
0	305	263	0.876555
0	488	32	0.815991
0	409	306	0.840997
0	238	58	0.900831
0	469	344	0.821568
0	316	99	0.872054
1	277	7	0.885622
0	296	187	0.878499
0	302	30	0.876281
0	433	305	0.831327
0	266	154	0.888776
0	493	57	0.810915
0	123	83	0.944609
0	332	119	0.862503
0	428	146	0.82943
0	298	224	0.874378
0	179	118	0.920212
0	481	216	0.810951
0	284	11	0.878976
0	380	319	0.844412
0	285	25	0.878509
1	406	10	0.835403
0	241	162	0.894594
0	264	73	0.885435
0	499	351	0.802629
0	312	88	0.866366
0	366	12	0.8467
0	471	43	0.809491
0	238	171	0.893341
0	233	201	0.895303
0	344	144	0.852605
0	439	47	0.818304
0	146	77	0.931049
0	166	79	0.922135
0	320	55	0.859749
0	73	31	0.963826
0	468	350	0.805882
0	261	183	0.881412
0	276	9	0.875332
0	402	258	0.827924
0	306	84	0.863131
0	458	175	0.807968
0	404	242	0.826288
0	459	62	0.807072
0	496	288	0.794452
0	231	116	0.89225
0	301	47	0.863902
0	298	233	0.864195
0	137	90	0.93258
0	286	127	0.8688
0	445	86	0.809714
0	468	114	0.801149
0	298	104	0.863523
0	166	145	0.918933
1	420	6	0.817097
0	425	235	0.815043
0	226	90	0.892223
0	499	169	0.788894
0	208	77	0.899546
0	189	154	0.907847
0	345	67	0.842886
0	258	162	0.876519
0	382	83	0.826164
0	359	179	0.834506
0	458	69	0.797377
0	149	37	0.923426
0	427	129	0.807959
0	430	234	0.806723
0	104	19	0.945155
0	232	90	0.885252
0	465	159	0.792938
0	249	199	0.876691
0	464	321	0.792159
0	271	234	0.866912
0	241	57	0.879701
0	277	222	0.863755
1	277	4	0.86375
0	175	75	0.908502
0	362	116	0.827305
0	427	83	0.802036
0	314	15	0.846248
0	454	41	0.790369
0	491	202	0.77563
0	373	275	0.818968
0	321	29	0.839949
0	301	202	0.848013
0	322	74	0.838272
0	228	147	0.87939
0	312	174	0.841652
0	409	141	0.801876
0	253	103	0.867225
0	390	137	0.808813
0	313	28	0.840408
0	187	128	0.897552
0	262	204	0.862092
0	462	120	0.779401
0	338	72	0.828451
0	117	109	0.932667
0	352	26	0.821083
0	408	44	0.798173
0	496	163	0.764112
0	499	18	0.762861
0	493	204	0.764434
0	484	169	0.765787
1	419	4	0.789594
0	468	200	0.769781
0	425	231	0.785685
0	430	284	0.783708
0	263	219	0.854975
0	396	154	0.795301
0	315	14	0.829916
0	306	164	0.833916
0	419	107	0.78567
0	362	198	0.808889
0	221	142	0.87383
0	424	281	0.782275
0	118	86	0.927561
0	116	31	0.928578
0	355	127	0.808458
0	399	48	0.788925
0	500	190	0.7485
0	239	62	0.86154
0	467	155	0.759553
0	305	69	0.828335
0	364	7	0.801016
0	410	110	0.780902
0	57	8	0.962324
0	447	50	0.764817
0	311	211	0.823277
0	126	43	0.919728
0	310	120	0.823024
0	218	37	0.868351
0	281	75	0.835865
1	68	0	0.95428
0	373	280	0.790812
0	254	32	0.846366
0	430	170	0.76489
0	433	199	0.762331
0	160	53	0.895613
0	193	22	0.876042
0	489	60	0.735873
0	337	108	0.801545
0	178	20	0.883984
0	483	268	0.737073
0	437	294	0.755137
0	264	35	0.836185
0	471	221	0.740681
0	407	123	0.767702
0	332	262	0.800474
0	267	173	0.832773
0	181	130	0.880082
0	407	151	0.764946
0	459	90	0.74217
0	424	62	0.756821
0	123	97	0.914496
0	438	206	0.750092
0	354	109	0.786653
0	188	121	0.873694
0	343	253	0.789999
0	476	250	0.728983
0	343	214	0.788205
0	219	84	0.853149
0	261	177	0.829562
0	206	99	0.859294
0	416	252	0.750949
0	363	279	0.773899
0	462	135	0.728894
0	358	53	0.776157
0	330	111	0.789538
0	473	273	0.723412
0	70	18	0.946329
0	423	124	0.744691
0	361	198	0.772745
0	301	100	0.802577
0	77	54	0.940648
0	417	69	0.744843
0	249	186	0.830087
0	283	133	0.811244
0	430	102	0.738253
0	409	97	0.7466
0	348	39	0.775632
0	406	70	0.746556
0	485	301	0.710062
0	380	27	0.757133
0	431	75	0.731909
0	355	91	0.766908
0	113	14	0.911708
0	445	167	0.72281
0	124	58	0.90334
0	262	97	0.814525
0	227	144	0.835085
0	397	129	0.743238
0	453	60	0.716723
0	395	188	0.743397
0	276	104	0.805217
0	193	76	0.8547
0	107	35	0.913837
0	496	27	0.695631
0	485	338	0.699675
0	277	20	0.802617
0	375	177	0.74997
0	237	62	0.825826
0	233	93	0.827259
0	181	59	0.859845
0	106	79	0.91285
0	100	16	0.917157
0	468	60	0.702871
0	147	127	0.882264
0	444	160	0.71109
0	392	129	0.735891
0	275	106	0.798572
0	447	56	0.708606
0	173	35	0.862278
0	196	153	0.846724
0	367	222	0.746724
0	180	137	0.857361
0	304	187	0.780637
0	91	6	0.922405
0	52	4	0.954124
0	410	27	0.722208
0	444	114	0.705265
0	196	153	0.8436
0	485	139	0.683955
0	213	97	0.83094
0	404	225	0.720985
0	218	57	0.827029
0	291	175	0.780241
0	309	26	0.76943
0	363	33	0.739463
0	192	120	0.842806
0	351	148	0.744539
0	290	199	0.77898
0	105	93	0.905866
1	358	2	0.738123
0	459	263	0.685519
0	222	121	0.817677
0	81	10	0.924012
0	151	107	0.866499
0	282	191	0.776004
0	222	89	0.814202
0	142	3	0.872557
0	290	48	0.769977
0	244	7	0.798558
0	443	73	0.685816
0	124	49	0.886215
0	133	90	0.878666
0	294	184	0.765717
0	415	185	0.698172
0	114	27	0.893271
0	356	129	0.727667
0	191	16	0.831274
0	412	212	0.695396
0	298	10	0.758102
0	276	124	0.771138
0	117	77	0.88819
0	270	111	0.774539
1	217	0	0.809256
0	267	102	0.774319
0	410	146	0.690717
0	87	12	0.913185
0	495	95	0.647665
0	381	223	0.704212
0	268	51	0.771746
0	433	102	0.67537
0	304	180	0.747511
0	318	157	0.738241
0	392	48	0.695412
0	448	186	0.666349
0	312	206	0.741045
0	160	8	0.847164
0	453	193	0.661294
0	341	132	0.721652
0	395	221	0.690581
0	255	88	0.774622
0	273	130	0.762127
0	486	26	0.641581
0	339	178	0.719485
0	123	91	0.875536
0	403	54	0.681081
0	221	6	0.795587
0	262	183	0.766112
0	376	50	0.69498
0	313	136	0.732381
0	317	76	0.729649
1	383	1	0.689435
0	182	91	0.823412
0	289	208	0.745965
0	342	214	0.710982
0	386	35	0.684036
0	236	42	0.779155
0	414	261	0.66785
0	486	238	0.631142
0	245	157	0.772426
0	475	120	0.636431
0	317	170	0.723846
0	60	8	0.932576
0	395	218	0.677357
0	415	241	0.666005
0	332	20	0.712475
0	167	6	0.830468
0	480	86	0.629941
0	212	110	0.793679
0	291	140	0.736672
0	266	138	0.753485
0	409	149	0.664315
0	361	61	0.691084
0	290	44	0.73568
0	159	51	0.835277
0	182	103	0.815632
0	475	227	0.62892
0	204	114	0.797693
0	239	177	0.769892
0	379	118	0.677444
0	237	7	0.770511
0	252	59	0.759347
0	65	20	0.924174
0	493	21	0.615983
0	361	10	0.68644
0	481	57	0.621315
0	296	189	0.72675
0	421	93	0.648094
0	290	156	0.727501
0	371	8	0.676037
0	378	11	0.671829
0	79	26	0.907352
0	467	165	0.623394
0	266	120	0.743017
0	180	8	0.810332
0	240	59	0.761981
0	430	168	0.641087
0	265	126	0.742586
0	485	192	0.611504
0	480	278	0.612838
0	398	183	0.656128
0	410	85	0.648777
0	400	258	0.653517
0	335	86	0.69241
0	343	45	0.687303
0	197	71	0.792823
0	406	131	0.649898
0	416	49	0.64413
0	418	162	0.643009
0	301	92	0.714293
0	72	8	0.91266
0	350	150	0.681497
0	53	8	0.933799
0	334	34	0.690252
0	212	144	0.778306
0	435	203	0.631079
0	491	165	0.602076
0	453	151	0.621183
0	411	110	0.643718
0	422	27	0.637437
0	373	246	0.665423
0	281	136	0.725056
0	356	151	0.67447
0	237	96	0.755968
0	444	227	0.622094
0	469	169	0.608948
0	133	49	0.844099
0	403	189	0.64111
0	160	96	0.817897
0	243	59	0.746592
0	358	199	0.666472
0	341	128	0.676405
0	325	19	0.68671
0	495	229	0.588714
0	470	160	0.60017
0	303	133	0.698699
0	211	124	0.768384
0	466	81	0.600332
0	439	47	0.614515
0	288	98	0.708409
0	128	20	0.845331
0	372	146	0.652277
0	384	27	0.644964
0	291	145	0.705545
0	326	60	0.681376
0	462	231	0.601273
0	236	99	0.746209
0	298	94	0.698045
0	358	62	0.657408
1	426	1	0.616934
0	467	255	0.593411
0	442	38	0.606534
0	490	108	0.580937
0	409	188	0.623148
0	224	150	0.750657
0	255	121	0.725483
0	290	158	0.69854
0	146	49	0.821439
0	301	84	0.689921
0	111	83	0.857612
0	297	146	0.691503
0	329	92	0.668954
0	395	46	0.625887
0	169	111	0.796121
0	83	8	0.888028
0	318	49	0.674173
0	103	7	0.864467
0	275	54	0.703803
0	499	134	0.566735
0	242	31	0.729292
0	411	52	0.613161
0	282	84	0.697817
0	161	96	0.801733
0	185	6	0.777792
0	57	32	0.919065
0	500	67	0.563113
0	217	137	0.74784
0	279	138	0.697567
0	491	146	0.567014
0	410	80	0.610214
0	235	140	0.731983
0	143	14	0.817573
0	444	55	0.58924
0	195	40	0.765422
0	155	30	0.803547
0	322	213	0.663057
0	375	20	0.62726
0	121	62	0.838576
0	382	33	0.620606
0	484	136	0.563272
0	471	253	0.569785
0	406	8	0.604724
0	462	106	0.572827
0	311	41	0.665299
0	367	203	0.62747
0	486	254	0.559669
0	204	35	0.750911
0	236	10	0.722489
0	351	106	0.635872
0	180	5	0.772786
0	268	10	0.695236
0	407	199	0.600066
0	357	5	0.629598
0	321	26	0.653863
0	494	17	0.551033
0	414	81	0.593396
0	110	61	0.845278
0	85	21	0.875462
0	245	90	0.70892
0	489	247	0.549464
0	371	129	0.616196
0	325	167	0.64666
0	393	108	0.602116
0	438	20	0.575635
0	393	192	0.601211
0	376	145	0.61171
0	496	112	0.544128
0	83	33	0.876699
0	438	227	0.573637
0	427	65	0.579789
0	447	147	0.568528
0	465	77	0.558515
0	475	195	0.552036
0	460	140	0.558413
0	96	42	0.856898
0	460	59	0.554864
0	300	123	0.656466
0	472	195	0.548365
0	302	179	0.654483
0	365	62	0.610456
0	370	79	0.606905
0	337	189	0.628744
0	153	41	0.787854
0	481	127	0.541251
0	165	26	0.774536
0	331	119	0.629875
0	296	122	0.654617
0	148	52	0.790413
0	118	32	0.825446
0	207	21	0.728614
0	160	92	0.775411
0	425	126	0.564912
0	485	113	0.531353
0	398	215	0.578678
0	451	128	0.547615
0	359	140	0.603254
0	374	200	0.593164
0	310	113	0.637183
0	272	178	0.666487
0	378	149	0.589752
0	223	11	0.708562
0	287	89	0.653256
0	236	74	0.695038
0	442	70	0.5479
0	109	41	0.830744
0	259	155	0.673428
0	410	147	0.564722
0	158	11	0.770314
0	186	31	0.739881
0	392	138	0.574217
0	143	64	0.785877
0	307	134	0.630725
0	206	54	0.71739
0	403	7	0.56462
0	350	101	0.598294
0	143	7	0.784573
0	77	31	0.871172
0	283	77	0.647837
0	72	42	0.878334
0	469	36	0.524928
0	193	43	0.72728
0	433	140	0.5429
0	429	118	0.545019
0	219	4	0.701012
0	226	31	0.693982
0	291	54	0.637652
0	84	22	0.859057
0	128	72	0.799783
0	324	156	0.610046
0	332	153	0.603709
0	493	222	0.50516
0	407	160	0.552655
0	211	25	0.703888
0	283	85	0.637628
0	324	125	0.605331
0	353	203	0.583657
0	195	74	0.717154
0	262	83	0.653355
0	457	165	0.519023
0	339	152	0.592579
0	287	162	0.631554
0	233	93	0.678169
0	296	113	0.623652
0	401	21	0.549575
0	203	44	0.706239
0	499	47	0.494186
0	127	23	0.792953
0	437	113	0.525098
0	447	98	0.519311
0	60	22	0.889172
0	168	25	0.740853
0	343	164	0.58332
0	357	109	0.573445
0	204	49	0.701564
0	348	120	0.57903
0	59	39	0.890207
0	302	96	0.612897
0	131	83	0.784427
0	205	75	0.699122
0	166	69	0.74153
0	164	77	0.743816
0	413	141	0.535179
0	154	34	0.754083
0	361	100	0.566687
0	224	114	0.677737
0	133	71	0.779822
0	422	82	0.527005
0	459	141	0.505817
0	162	69	0.743152
0	82	25	0.850946
0	177	41	0.725616
0	329	134	0.586361
0	376	171	0.553454
0	476	30	0.494472
0	174	124	0.727903
0	273	73	0.629832
0	284	136	0.619835
0	459	212	0.501906
0	381	79	0.547981
0	211	33	0.686268
0	433	5	0.515726
0	381	68	0.547366
0	342	115	0.573789
0	232	85	0.664518
0	442	7	0.509596
0	309	40	0.597597
0	496	143	0.479027
0	341	127	0.571847
0	278	77	0.620813
0	358	162	0.559556
0	141	18	0.763197
0	239	26	0.655118
0	130	34	0.777238
0	256	92	0.638722
0	268	128	0.627617
0	484	203	0.482102
0	388	173	0.537136
0	499	229	0.473461
0	325	33	0.579698
0	124	26	0.783105
0	111	80	0.801163
0	53	45	0.893875
0	203	128	0.686965
0	260	20	0.630536
1	275	0	0.617287
0	421	31	0.512743
0	272	130	0.619082
0	66	43	0.869987
0	362	145	0.549219
0	313	7	0.583948
0	419	197	0.511772
0	363	120	0.547097
0	251	153	0.635865
0	382	74	0.533052
0	433	30	0.501478
0	296	6	0.594853
0	361	152	0.546159
0	122	5	0.780675
0	390	71	0.526704
0	346	41	0.555924
0	219	70	0.663885
0	344	15	0.55691
0	186	93	0.698201
0	424	148	0.503481
0	326	7	0.568667
0	193	88	0.689996
0	291	27	0.596105
0	205	52	0.676635
0	92	35	0.822829
0	337	30	0.558744
0	93	73	0.821024
0	495	198	0.462833
0	475	189	0.472175
0	170	34	0.714066
0	140	66	0.751634
0	346	183	0.549894
0	442	17	0.488374
0	254	69	0.623487
0	405	94	0.509429
0	59	31	0.876797
0	340	160	0.552434
0	216	66	0.660067
0	121	52	0.775803
0	127	46	0.767212
0	481	118	0.465184
0	109	28	0.792762
0	497	45	0.456126
0	223	125	0.650689
0	186	71	0.690683
0	210	18	0.66414
0	458	46	0.475394
0	173	34	0.705526
0	471	214	0.467874
0	440	199	0.483971
0	210	124	0.662469
0	346	130	0.542835
0	231	140	0.63895
0	123	16	0.768497
0	317	42	0.562829
0	255	80	0.615025
0	419	188	0.492441
0	82	46	0.831946
0	227	48	0.641273
0	474	132	0.461104
0	219	58	0.649284
0	232	113	0.63587
0	403	172	0.501174
0	205	21	0.663598
0	497	194	0.448528
0	281	10	0.588862
0	307	19	0.566901
0	339	8	0.542318
0	174	121	0.697536
0	379	193	0.514205
0	248	125	0.617283
0	141	84	0.738469
0	338	4	0.54074
0	484	107	0.451147
0	204	51	0.660669
0	230	28	0.632681
0	141	46	0.736997
0	259	100	0.603911
0	262	54	0.600582
0	489	88	0.446098
0	140	95	0.737692
0	374	148	0.512762
0	431	175	0.476989
0	455	34	0.463146
0	342	179	0.533877
0	488	159	0.444794
0	467	73	0.455662
0	172	20	0.694426
0	212	14	0.648318
0	263	137	0.596935
0	140	39	0.735588
0	201	6	0.659413
0	71	10	0.845351
0	146	102	0.726562
0	309	161	0.556176
0	225	17	0.632059
0	191	60	0.66903
0	291	151	0.569706
0	386	10	0.499475
0	425	142	0.475336
0	121	28	0.760666
0	421	58	0.477259
0	203	16	0.654353
0	243	65	0.611981
0	319	21	0.545561
0	445	169	0.461953
0	110	62	0.77635
0	63	49	0.858309
0	491	58	0.436654
0	323	10	0.54029
0	468	111	0.447123
0	351	82	0.518746
0	348	133	0.520654
0	494	9	0.433305
0	59	29	0.864792
0	250	137	0.601014
0	113	70	0.76898
0	176	97	0.681055
0	426	195	0.468594
0	211	94	0.639298
0	499	148	0.428203
0	371	134	0.501633
0	240	111	0.608381
0	486	52	0.434056
0	403	38	0.480399
0	290	129	0.56215
0	126	14	0.746905
0	422	172	0.468089
0	324	27	0.533857
0	231	69	0.616257
0	376	105	0.496496
0	144	63	0.720204
0	392	86	0.485823
0	305	25	0.547891
0	478	196	0.435196
0	499	137	0.424642
0	421	19	0.465597
0	275	5	0.571157
0	426	59	0.462091
0	133	30	0.733403
0	273	155	0.57234
0	254	8	0.589193
0	178	115	0.671755
0	105	51	0.77579
0	54	43	0.870535
0	205	3	0.639113
0	395	91	0.478729
0	180	42	0.668095
0	325	34	0.526247
0	289	135	0.555
0	337	168	0.516792
0	380	47	0.486733
0	160	14	0.692505
0	373	10	0.491317
0	258	18	0.582632
0	150	104	0.705879
0	309	100	0.537192
0	460	180	0.437953
0	335	66	0.516538
0	88	56	0.802421
0	328	167	0.52144
0	126	68	0.739044
0	333	77	0.515652
0	282	63	0.556366
0	362	99	0.493658
0	230	46	0.605189
0	465	127	0.431009
0	379	68	0.481663
0	381	96	0.479941
0	91	1	0.794339
0	413	63	0.459735
0	136	52	0.720965
0	437	19	0.44499
0	468	116	0.427277
0	117	87	0.748972
0	308	94	0.531125
0	338	95	0.507159
0	190	79	0.646567
0	330	131	0.512525
0	335	120	0.507987
0	300	139	0.535483
0	171	73	0.669029
0	401	35	0.462362
0	369	132	0.482831
0	188	101	0.646753
0	494	84	0.410264
0	252	23	0.576623
0	432	184	0.442718
0	250	25	0.578418
0	170	82	0.668024
0	110	7	0.75597
0	131	1	0.721304
0	316	45	0.516564
0	400	139	0.457491
0	404	182	0.4546
0	123	6	0.732455
0	326	78	0.507801
0	244	39	0.578971
0	478	56	0.412143
0	355	26	0.485413
0	60	10	0.847983
0	473	124	0.412528
0	71	12	0.823872
0	136	50	0.708975
0	313	88	0.513865
0	254	16	0.565557
0	138	87	0.704155
0	327	131	0.500876
0	464	90	0.414211
0	165	63	0.664902
0	61	45	0.84293
0	269	44	0.547577
0	296	12	0.523602
0	494	61	0.396767
0	124	39	0.723373
0	399	50	0.447868
0	104	56	0.7566
0	363	116	0.470268
0	296	7	0.521017
0	69	47	0.823503
0	326	81	0.496828
0	390	113	0.452041
0	338	82	0.487405
0	269	105	0.544181
0	129	91	0.712187
0	231	101	0.579954
0	152	5	0.677158
0	274	86	0.537095
0	184	38	0.633058
0	500	42	0.387055
0	337	24	0.483346
0	170	31	0.649597
0	142	2	0.68934
0	162	4	0.658973
0	148	5	0.67877
0	145	69	0.682649
0	126	33	0.712106
0	440	134	0.414273
0	174	54	0.640721
0	203	86	0.604477
0	264	10	0.539501
0	114	41	0.730481
0	308	21	0.500751
0	348	97	0.470136
0	492	154	0.385494
0	469	180	0.395712
0	94	30	0.765582
0	188	4	0.619761
0	280	120	0.522367
0	403	10	0.431443
0	274	120	0.527328
0	360	43	0.459076
0	419	134	0.421002
0	491	107	0.382616
0	85	15	0.781468
0	123	6	0.711668
0	292	13	0.509342
0	243	47	0.554978
0	217	40	0.58263
0	456	145	0.399022
0	311	139	0.493045
0	272	91	0.526489
0	206	40	0.594611
0	157	97	0.657935
0	263	13	0.534352
0	181	43	0.624526
0	306	74	0.495541
0	362	27	0.453594
0	143	46	0.677401
0	122	80	0.710694
0	349	82	0.461993
0	166	102	0.643279
0	376	79	0.443177
0	422	115	0.414854
0	447	47	0.400516
0	123	57	0.708026
0	349	10	0.460057
0	285	75	0.510582
0	240	124	0.55329
0	185	5	0.615584
0	333	145	0.470167
0	349	72	0.457804
0	219	24	0.572466
0	272	64	0.518666
0	493	49	0.372831
0	423	29	0.408996
0	457	91	0.390297
0	413	42	0.414398
0	429	36	0.405015
0	467	164	0.384689
0	149	55	0.661538
0	379	118	0.43279
0	93	11	0.756652
0	372	101	0.43728
0	88	4	0.766427
0	132	66	0.685961
0	146	58	0.663633
0	173	6	0.623546
0	450	170	0.388658
0	277	140	0.507684
0	418	106	0.405584
0	110	38	0.721339
0	256	56	0.525818
0	326	3	0.465374
0	400	78	0.414964
0	466	64	0.378133
0	184	3	0.606227
0	261	9	0.519773
0	343	33	0.451253
0	350	112	0.444966
0	399	140	0.412648
0	466	172	0.375469
0	187	47	0.599708
0	414	126	0.402958
0	137	36	0.670642
0	362	153	0.434676
0	297	32	0.482446
0	184	1	0.599497
0	185	79	0.597261
0	499	52	0.354583
0	370	53	0.425574
0	440	82	0.383683
1	181	0	0.602022
0	120	51	0.69505
0	476	128	0.364899
0	397	19	0.407729
0	428	67	0.389138
0	120	51	0.6942
0	87	56	0.757595
0	74	1	0.785724
0	311	144	0.465363
0	345	113	0.439176
0	405	94	0.39852
0	428	159	0.385034
0	262	89	0.505489
0	440	85	0.378104
0	260	82	0.506354
0	171	27	0.609289
0	138	38	0.658859
0	387	66	0.407498
0	408	17	0.394372
0	252	64	0.512067
0	128	57	0.673616
0	425	30	0.38289
0	377	74	0.410843
0	204	44	0.5621
0	477	73	0.354317
0	400	131	0.395379
0	239	121	0.522495
0	373	18	0.411444
0	296	57	0.468314
0	436	98	0.374194
0	414	132	0.385558
0	119	17	0.685651
0	359	74	0.419451
0	118	7	0.687239
0	421	18	0.381098
0	495	10	0.34257
0	484	40	0.347082
0	127	18	0.669469
0	275	12	0.482905
1	466	0	0.354566
0	166	73	0.606089
1	217	0	0.540612
0	334	140	0.432848
0	497	168	0.33854
0	145	50	0.636236
0	213	42	0.543388
0	233	31	0.520754
0	441	79	0.363605
0	395	24	0.389266
0	212	45	0.542398
0	144	21	0.634961
0	134	44	0.651207
0	361	37	0.408745
0	443	42	0.360246
0	385	30	0.392921
0	477	40	0.342975
0	277	51	0.473075
0	442	53	0.360001
0	482	103	0.340263
0	425	55	0.368659
0	399	91	0.382877
0	74	8	0.769663
0	275	124	0.472827
0	267	17	0.480098
0	467	62	0.34545
0	127	52	0.659705
0	150	56	0.62121
0	325	102	0.430399
0	311	75	0.441039
0	171	23	0.589315
0	296	28	0.452141
0	326	95	0.428206
0	102	44	0.705281
0	450	108	0.351365
0	474	44	0.339352
0	115	7	0.678968
0	481	119	0.335529
0	101	33	0.706221
0	208	38	0.538064
0	125	6	0.659135
0	323	49	0.427597
0	115	8	0.677163
0	347	92	0.409811
0	71	18	0.771741
0	402	70	0.373797
0	464	136	0.340444
0	91	16	0.724541
0	354	134	0.402252
0	306	119	0.43758
0	189	21	0.556986
0	142	43	0.625792
0	438	52	0.350652
0	348	128	0.404526
0	175	57	0.574144
0	467	8	0.33544
0	136	77	0.634123
0	330	75	0.415883
0	405	99	0.366842
0	67	37	0.77764
0	499	93	0.31931
0	311	126	0.429018
0	195	97	0.544972
0	359	65	0.394007
0	340	70	0.407053
0	66	19	0.779523
0	311	69	0.428594
0	255	116	0.477359
0	427	54	0.352902
0	230	101	0.502554
0	169	39	0.578482
0	197	75	0.537537
0	309	21	0.425564
0	261	22	0.467086
0	121	36	0.653156
0	253	31	0.473816
0	399	74	0.363281
0	251	68	0.47558
0	252	36	0.473274
0	378	105	0.374579
0	138	50	0.621152
0	414	63	0.352869
0	229	19	0.496211
0	176	32	0.561666
0	104	40	0.684385
0	268	92	0.456944
0	234	6	0.490575
0	136	54	0.623045
0	350	123	0.391045
0	422	68	0.346796
0	385	102	0.367582
0	367	107	0.378312
0	322	28	0.409289
0	51	27	0.813671
0	384	122	0.366989
0	257	47	0.46409
0	301	111	0.42365
0	281	31	0.44035
0	329	107	0.401555
0	173	22	0.56063
0	399	94	0.356152
0	445	137	0.331378
0	250	80	0.46846
0	200	16	0.523442
0	442	39	0.331635
0	334	55	0.395717
0	184	69	0.541945
0	278	64	0.438928
0	278	4	0.438634
0	210	9	0.508422
0	398	1	0.35256
0	165	55	0.567371
0	174	37	0.554081
0	192	25	0.529526
0	173	25	0.553398
0	415	86	0.340165
0	465	64	0.315043
0	307	62	0.41004
0	143	79	0.598518
0	426	6	0.33329
0	425	1	0.333506
0	59	35	0.782715
0	375	8	0.361422
0	474	95	0.307865
0	392	104	0.349718
0	64	44	0.766769
0	128	50	0.620728
0	208	44	0.501176
0	424	47	0.330129
0	476	48	0.304899
0	326	126	0.390361
0	226	80	0.480144
0	190	30	0.52312
0	255	8	0.44963
0	125	33	0.624292
0	354	19	0.368963
0	425	122	0.326509
0	350	97	0.368981
0	264	25	0.435388
0	291	48	0.411575
0	295	77	0.408237
0	248	70	0.450431
0	227	26	0.472197
0	280	94	0.420037
0	145	39	0.581957
0	450	124	0.309424
1	261	0	0.435211
0	203	64	0.496218
0	394	71	0.336396
1	380	0	0.344351
0	143	65	0.58194
0	301	100	0.397983
0	272	35	0.422226
0	345	76	0.364945
0	223	33	0.470301
0	292	91	0.403929
1	431	0	0.313976
0	261	15	0.429468
0	371	56	0.344703
0	232	25	0.456872
0	400	110	0.327686
0	113	13	0.631373
0	238	58	0.447782
0	115	17	0.625841
0	447	37	0.300532
0	62	7	0.755567
0	284	74	0.402721
0	80	20	0.705285
0	57	16	0.770483
0	417	73	0.314531
0	122	34	0.609952
0	301	60	0.387395
0	155	78	0.55098
0	229	76	0.453446
0	467	77	0.288821
0	297	58	0.389546
0	416	129	0.312675
0	421	56	0.309349
0	98	29	0.657582
0	257	68	0.422476
0	237	35	0.442072
0	482	44	0.2803
0	131	55	0.588811
0	479	36	0.280903
0	256	19	0.422068
0	396	3	0.319948
0	422	90	0.306243
0	386	55	0.325169
0	102	56	0.645173
0	430	72	0.299919
0	495	109	0.271118
0	368	90	0.333201
0	393	24	0.31845
0	105	35	0.635773
0	408	61	0.309746
0	380	21	0.32485
0	410	7	0.308167
0	242	22	0.429472
0	54	5	0.771279
0	204	38	0.470636
0	252	24	0.418082
0	228	12	0.441306
0	320	39	0.359653
0	326	28	0.355281
0	298	85	0.375771
0	90	16	0.665662
0	163	71	0.523055
0	498	90	0.264078
0	442	37	0.287561
0	121	27	0.595822
0	391	86	0.313021
0	140	38	0.559858
0	203	58	0.467075
0	127	45	0.582665
0	166	41	0.516313
0	500	41	0.261225
0	202	91	0.466609
0	118	40	0.599054
0	473	116	0.271491
0	223	75	0.440874
0	154	46	0.532874
0	431	67	0.289249
0	107	54	0.620928
0	82	55	0.681257
0	493	126	0.262205
0	145	26	0.546933
0	141	53	0.553802
0	133	40	0.568031
0	72	43	0.707336
0	229	37	0.431781
0	104	33	0.625829
0	407	27	0.29941
0	191	50	0.476428
0	420	4	0.292634
0	280	63	0.382751
0	441	115	0.282478
0	314	37	0.355802
0	178	34	0.491885
0	477	16	0.265282
0	296	24	0.367777
0	280	51	0.379626
0	479	52	0.263347
0	470	47	0.267021
0	65	18	0.72366
0	64	34	0.726575
0	379	43	0.309709
0	178	31	0.488387
1	139	0	0.54986
0	54	35	0.758555
0	224	86	0.43062
1	155	0	0.522009
0	215	32	0.440145
0	332	26	0.337344
0	231	45	0.422218
0	388	36	0.303038
0	423	120	0.284256
0	298	10	0.360392
0	53	31	0.759766
0	174	70	0.489978
0	323	38	0.340777
0	227	6	0.423049
0	107	49	0.608329
0	390	72	0.298599
0	148	10	0.527898
0	112	7	0.596242
0	82	12	0.668377
0	60	12	0.733266
0	500	105	0.247478
0	72	28	0.695449
0	168	68	0.494563
0	359	88	0.313845
0	51	26	0.762918
0	411	46	0.285054
0	381	18	0.300743
0	139	75	0.540352
0	333	108	0.328837
0	163	51	0.500128
0	166	46	0.495367
0	262	95	0.383096
0	482	31	0.251859
0	87	53	0.650732
0	333	49	0.326504
0	259	65	0.383744
0	319	79	0.33531
0	154	1	0.510562
0	87	34	0.647382
0	336	24	0.321563
0	174	41	0.477612
0	230	88	0.407228
0	396	103	0.285208
0	352	66	0.309691
0	72	23	0.686275
0	134	46	0.539704
0	299	28	0.343267
0	478	69	0.246303
0	168	40	0.481399
0	214	75	0.42114
0	175	29	0.470383
0	313	59	0.3318
0	409	112	0.275298
0	290	1	0.347782
0	321	7	0.324622
0	413	89	0.271387
0	365	101	0.296388
0	323	5	0.322096
0	389	79	0.282691
0	164	60	0.482944
0	185	25	0.45281
0	168	79	0.476596
0	270	58	0.361451
0	110	39	0.580936
0	178	40	0.460104
0	205	46	0.424516
0	264	16	0.363742
1	75	0	0.667742
0	268	81	0.359534
0	92	16	0.620172
0	229	66	0.395464
0	412	7	0.266073
0	292	52	0.337929
0	345	43	0.301665
0	307	92	0.326608
0	108	34	0.579577
0	267	94	0.357883
0	261	17	0.363075
0	323	43	0.315083
0	131	4	0.530686
0	302	90	0.328579
0	390	105	0.274343
0	131	20	0.528882
0	56	33	0.723983
0	110	11	0.57096
0	466	78	0.23886
0	137	48	0.514865
0	469	43	0.236589
0	139	3	0.510052
0	105	38	0.578596
0	353	39	0.289969
0	244	88	0.371234
0	489	7	0.227491
0	366	20	0.282074
0	75	13	0.657162
0	285	79	0.334744
0	308	73	0.317413
0	189	33	0.431059
0	227	28	0.386631
0	444	8	0.243485
0	114	11	0.556132
0	485	17	0.227423
0	308	49	0.316238
0	150	48	0.486533
0	124	66	0.53395
0	297	77	0.323464
0	237	33	0.374597
0	459	93	0.235506
0	226	7	0.384746
0	157	47	0.472754
0	308	35	0.313616
0	68	8	0.674087
0	333	50	0.296638
0	387	14	0.266199
0	105	33	0.571416
0	288	30	0.326551
0	242	34	0.365769
0	52	32	0.728535
0	415	26	0.25109
0	83	24	0.626311
0	87	3	0.614946
0	469	3	0.228367
0	196	8	0.414345
0	465	79	0.229441
0	130	23	0.515582
0	341	46	0.288369
0	137	66	0.502067
0	296	52	0.317647
0	385	87	0.263485
0	458	31	0.230453
0	85	50	0.617217
0	262	58	0.342881
0	218	42	0.384848
0	295	73	0.31535
0	494	41	0.215653
0	357	34	0.274753
0	467	85	0.224097
0	381	35	0.2611
0	94	47	0.588618
0	325	36	0.291729
0	203	2	0.397227
0	268	52	0.331804
0	324	38	0.291016
0	345	79	0.278121
0	248	50	0.348345
0	73	17	0.644849
0	483	54	0.215301
0	410	50	0.243804
0	446	30	0.228516
0	282	69	0.318785
0	320	35	0.291808
0	132	15	0.498356
0	403	89	0.245379
0	290	71	0.310676
0	178	48	0.42241
0	60	6	0.684433
0	145	38	0.470417
0	323	1	0.284002
0	165	2	0.437074
0	312	74	0.290993
0	178	60	0.417727
0	287	43	0.306772
0	90	30	0.585076
0	157	41	0.445512
0	486	97	0.205688
0	76	30	0.623066
0	84	31	0.597908
1	393	0	0.241086
0	402	39	0.236558
0	492	5	0.201437
0	253	49	0.328866
0	178	32	0.409798
0	215	45	0.36492
0	471	86	0.20774
0	466	9	0.209347
0	378	25	0.245946
0	469	62	0.207563
0	218	6	0.360398
0	409	19	0.230889
0	197	56	0.383534
0	179	46	0.406086
0	225	50	0.351965
0	152	32	0.445117
1	124	0	0.495606
0	489	88	0.19934
0	230	58	0.345734
0	142	17	0.461087
0	217	2	0.358726
0	94	46	0.562621
0	140	50	0.46282
0	319	4	0.274099
0	314	35	0.276137
0	452	94	0.209349
0	368	49	0.245109
0	370	47	0.243968
0	259	80	0.314897
0	259	35	0.313989
0	380	27	0.237227
0	323	59	0.26787
0	238	71	0.331322
0	163	7	0.419749
0	118	53	0.499599
0	282	6	0.294425
0	310	81	0.274706
0	181	8	0.392807
0	153	7	0.433458
0	211	7	0.356688
0	224	20	0.342346
0	290	60	0.28673
0	87	35	0.572155
0	153	60	0.431759
0	392	18	0.22852
0	292	13	0.283629
0	310	68	0.270936
0	197	29	0.368527
0	114	34	0.50203
0	78	18	0.594608
0	208	3	0.354494
0	111	21	0.506953
0	416	58	0.214733
0	382	87	0.229433
0	299	29	0.275358
0	218	45	0.342076
0	93	21	0.548976
0	273	18	0.292609
0	135	20	0.455069
0	267	56	0.296861
0	238	18	0.321117
0	252	48	0.308261
0	121	22	0.481072
0	167	24	0.401121
0	390	55	0.222674
0	258	5	0.302024
0	163	30	0.406407
0	55	24	0.669756
0	99	31	0.528838
0	303	41	0.268202
0	420	47	0.208701
0	324	77	0.254552
0	303	80	0.267337
0	214	69	0.340411
0	163	21	0.403788
0	173	64	0.38932
0	121	25	0.476747
0	109	5	0.502829
0	65	39	0.628706
0	369	22	0.228969
0	51	3	0.680135
0	118	34	0.478742
0	292	25	0.269964
0	273	46	0.283405
0	60	31	0.641817
0	401	71	0.211089
0	88	32	0.549216
0	322	46	0.24955
0	160	46	0.400252
0	88	30	0.547706
0	317	39	0.25127
0	91	41	0.537297
0	146	28	0.419709
0	79	6	0.570563
0	83	3	0.558394
0	243	11	0.301605
0	116	28	0.47468
0	150	55	0.410715
0	405	21	0.204656
0	256	24	0.289032
0	263	42	0.283426
0	419	67	0.198589
0	311	50	0.250245
0	143	17	0.419548
0	53	9	0.66097
0	59	37	0.636539
0	176	18	0.369483
0	470	55	0.179295
0	179	53	0.362977
0	117	16	0.465457
0	409	35	0.199352
0	208	9	0.328608
0	263	29	0.278871
0	363	51	0.218691
0	457	73	0.181852
0	76	7	0.570826
0	197	65	0.338018
0	199	23	0.334534
0	469	24	0.17538
0	222	11	0.309845
0	212	20	0.319552
0	476	19	0.172905
0	64	37	0.607754
0	438	39	0.184341
0	179	36	0.356035
0	255	6	0.278811
0	219	67	0.310245
0	59	3	0.625049
0	201	36	0.328411
0	131	44	0.428082
0	311	6	0.239255
0	211	23	0.314853
0	125	13	0.436766
0	482	7	0.16736
0	497	78	0.162908
0	266	13	0.2663
0	327	71	0.227375
0	214	3	0.309188
0	300	4	0.241459
0	402	12	0.191711
0	286	15	0.249196
0	302	68	0.238568
0	109	14	0.464464
0	65	6	0.591936
0	74	20	0.560132
0	265	35	0.261727
0	365	72	0.204059
0	215	21	0.30325
0	374	37	0.200109
0	143	20	0.395195
0	109	37	0.461183
0	102	16	0.477173
0	75	31	0.553306
0	451	47	0.170675
0	122	30	0.431919
0	272	1	0.254184
1	301	0	0.235392
0	466	10	0.165829
0	185	31	0.3336
0	333	25	0.217382
0	156	39	0.371963
0	372	70	0.198952
0	415	18	0.182073
0	112	2	0.451783
0	194	25	0.322041
0	294	37	0.238408
0	54	31	0.629899
0	328	47	0.218602
0	109	36	0.455522
0	182	5	0.333778
0	338	2	0.212248
0	66	27	0.579452
0	248	18	0.26762
0	158	11	0.364279
0	116	10	0.437949
0	105	21	0.461849
0	334	61	0.211718
0	238	54	0.273356
0	59	13	0.602541
0	110	34	0.448444
0	444	72	0.167647
0	312	64	0.222165
0	377	52	0.191074
0	447	62	0.165854
0	427	4	0.171987
0	271	35	0.246544
0	197	7	0.310377
0	87	7	0.504577
0	388	52	0.185856
0	342	47	0.205696
0	467	4	0.158538
0	127	14	0.409122
0	256	45	0.255333
0	378	48	0.187759
0	332	6	0.20822
0	196	35	0.308097
0	472	5	0.155754
0	375	34	0.188332
0	223	35	0.28061
0	269	56	0.244342
0	468	47	0.156575
0	137	8	0.387236
0	352	50	0.197371
0	257	11	0.251702
0	415	34	0.172031
0	117	32	0.423958
0	221	47	0.276331
0	471	59	0.151876
0	122	32	0.408461
0	486	30	0.147722
0	137	49	0.38052
0	391	19	0.177076
0	368	57	0.185726
0	306	43	0.215243
0	480	2	0.148602
0	226	15	0.269914
0	468	40	0.151453
0	344	58	0.195166
0	55	26	0.602325
0	495	64	0.14385
0	231	15	0.264475
0	312	17	0.210095
0	357	10	0.188149
0	281	21	0.225774
0	222	53	0.269416
0	401	6	0.169379
0	161	27	0.336468
0	406	2	0.167133
0	276	54	0.227835
0	272	26	0.230387
0	159	37	0.3377
0	285	55	0.221008
0	116	2	0.41044
0	489	42	0.141658
0	200	39	0.287357
0	52	28	0.607818
0	194	27	0.293371
0	86	21	0.48356
0	328	64	0.196863
0	461	5	0.148349
0	54	13	0.597645
0	450	15	0.151164
0	122	14	0.396113
0	337	20	0.191724
0	104	4	0.434459
0	124	23	0.391589
0	286	3	0.217785
0	137	35	0.367192
0	190	7	0.293155
0	467	3	0.144226
0	175	27	0.310017
0	396	12	0.165504
0	158	20	0.331407
0	354	43	0.181036
0	188	15	0.292839
0	401	60	0.162286
0	384	44	0.167913
0	323	47	0.193447
0	73	3	0.514825
0	106	20	0.420165
0	68	26	0.529822
0	327	48	0.189844
0	379	60	0.168072
0	465	25	0.141281
0	224	18	0.253909
0	163	5	0.318108
0	411	46	0.156074
0	101	3	0.42926
0	178	12	0.299078
0	243	24	0.2374
0	122	6	0.382301
0	146	5	0.340848
0	296	19	0.203017
0	210	18	0.26408
0	327	25	0.18662
0	272	48	0.216107
0	261	53	0.223095
0	353	39	0.175084
0	54	14	0.580463
0	92	30	0.44696
0	198	53	0.272548
0	290	25	0.203242
0	372	39	0.165021
0	91	35	0.445106
0	134	5	0.352568
0	227	31	0.24198
0	107	4	0.403593
0	217	45	0.249927
0	325	28	0.18151
0	273	37	0.208347
0	392	3	0.15361
0	494	60	0.12587
0	102	5	0.410806
0	153	19	0.317233
0	280	54	0.202005
0	354	55	0.166794
0	496	3	0.124956
0	325	10	0.178853
0	473	10	0.130091
0	301	57	0.190145
0	158	35	0.308676
0	361	38	0.163469
0	184	11	0.277126
0	91	16	0.436356
0	155	33	0.312178
0	169	44	0.293737
0	136	5	0.338586
0	346	20	0.166963
0	406	49	0.145651
0	283	3	0.196075
0	198	9	0.257131
0	369	41	0.156426
0	285	40	0.193427
0	126	3	0.351444
1	116	0	0.370045
0	189	4	0.264501
0	126	3	0.350349
0	135	6	0.334629
0	216	46	0.239137
0	99	24	0.404244
0	250	35	0.211773
0	88	22	0.432791
0	213	6	0.238906
0	51	28	0.567052
0	215	48	0.236847
0	288	3	0.187833
1	151	0	0.305746
0	173	17	0.277596
0	140	3	0.321661
0	84	27	0.440971
0	270	12	0.196502
0	295	11	0.182624
0	227	30	0.224802
1	85	0	0.436209
0	381	23	0.147183
0	52	16	0.558196
0	262	36	0.199873
0	248	22	0.208581
0	292	8	0.182588
0	290	15	0.183254
0	397	30	0.14062
0	235	16	0.215836
0	193	31	0.250971
0	156	36	0.293007
0	287	41	0.183098
0	93	12	0.408253
0	97	3	0.39803
0	143	14	0.309432
0	83	30	0.434207
0	254	39	0.199949
0	132	40	0.32399
1	139	0	0.312735
0	174	36	0.266135
0	185	3	0.251323
0	483	6	0.113875
0	389	25	0.136943
0	461	12	0.117797
0	373	46	0.140965
0	71	17	0.462875
0	269	28	0.184433
0	256	29	0.191527
0	52	18	0.537617
0	180	8	0.251322
0	122	40	0.331062
0	377	15	0.137298
0	296	38	0.167526
0	118	3	0.335303
0	407	49	0.126913
0	156	5	0.274828
0	157	16	0.273492
0	113	22	0.343343
0	121	16	0.327682
0	279	21	0.172846
0	177	15	0.246963
0	191	27	0.232173
0	163	26	0.261294
0	64	10	0.472936
0	265	21	0.178034
0	234	36	0.195807
0	211	34	0.212272
0	116	17	0.327712
0	323	13	0.148103
0	344	29	0.139537
0	68	5	0.450484
0	262	26	0.175308
0	93	25	0.374368
0	105	27	0.344958
0	168	9	0.247549
0	206	1	0.211463
0	169	12	0.246253
0	217	10	0.20282
0	479	34	0.103255
0	336	20	0.140695
0	191	24	0.22358
0	243	17	0.184229
0	102	14	0.349731
0	158	32	0.257598
0	104	33	0.34515
0	69	15	0.44243
0	60	8	0.47708
0	240	32	0.185154
0	144	18	0.274536
0	242	5	0.181758
0	239	29	0.183107
0	106	4	0.335328
0	132	26	0.288295
0	95	31	0.360082
0	52	8	0.50682
0	68	21	0.439454
0	263	22	0.168015
0	208	40	0.202637
0	470	35	0.100714
0	187	10	0.219538
0	181	35	0.223282
0	74	24	0.411829
0	112	26	0.316015
0	413	36	0.110666
0	350	7	0.127863
0	323	1	0.136665
0	161	3	0.240635
0	88	10	0.366393
0	247	23	0.169929
0	60	15	0.457089
0	377	9	0.118102
0	64	27	0.439701
0	374	22	0.118222
1	56	0	0.472223
0	387	11	0.114466
0	336	36	0.129019
0	146	24	0.253197
0	232	15	0.174802
0	266	16	0.155706
0	145	6	0.252304
0	462	19	0.0956634
0	57	6	0.459745
0	71	1	0.402838
0	105	14	0.312903
0	307	3	0.134275
0	123	21	0.278549
0	465	2	0.0924525
0	178	11	0.21016
0	218	33	0.177665
0	319	6	0.128414
0	274	32	0.146071
0	497	5	0.0860255
0	161	24	0.224975
0	168	13	0.217561
0	315	33	0.127439
0	408	2	0.101276
0	348	12	0.116683
0	108	14	0.298354
0	157	26	0.225183
0	210	20	0.178021
0	177	10	0.204308
0	418	14	0.0976911
0	259	23	0.14858
0	151	31	0.230218
0	215	5	0.173018
0	445	30	0.0917215
0	308	25	0.127258
0	409	31	0.0986317
0	99	14	0.310821
0	58	14	0.434404
0	273	1	0.139823
0	263	16	0.144336
0	405	30	0.0986732
0	483	38	0.0839886
0	68	22	0.393986
0	53	12	0.454425
0	253	26	0.148545
0	95	24	0.315901
0	254	9	0.147129
0	200	15	0.179628
0	319	3	0.120482
0	419	22	0.0942228
0	368	17	0.10589
0	146	17	0.229526
0	145	24	0.230392
0	95	26	0.310187
0	197	5	0.178096
0	231	32	0.155426
0	105	18	0.287827
0	282	11	0.130744
0	329	29	0.113968
0	233	16	0.153569
0	72	23	0.369839
0	82	15	0.339975
0	66	4	0.390166
0	214	11	0.164316
0	376	20	0.100644
0	155	16	0.213407
0	250	31	0.143969
0	174	20	0.1944
0	389	28	0.097046
0	471	35	0.0812727
0	484	11	0.0790244
0	59	18	0.411594
0	357	17	0.103374
0	295	18	0.122281
0	188	13	0.1792
0	151	20	0.213303
0	444	10	0.0841844
0	271	2	0.130723
0	288	12	0.123843
0	338	36	0.107329
0	202	28	0.167383
0	89	1	0.311759
0	261	20	0.133769
0	180	7	0.182762
0	226	29	0.150912
0	209	9	0.160791
0	165	28	0.195054
0	191	21	0.172528
0	211	20	0.158743
0	194	22	0.169901
0	306	9	0.114621
1	298	0	0.116921
0	244	4	0.138708
0	152	29	0.204879
0	72	4	0.351475
0	194	14	0.167406
0	412	13	0.086426
0	408	35	0.0871767
0	496	29	0.0723222
0	487	13	0.0729477
0	258	24	0.129245
0	405	26	0.0863829
0	316	29	0.107631
0	118	2	0.243885
0	67	9	0.362243
0	115	12	0.248543
0	265	3	0.124862
0	389	32	0.0884065
0	100	9	0.273783
1	201	0	0.157599
0	285	17	0.116454
0	455	26	0.0759047
0	322	6	0.103511
0	399	28	0.0837377
0	52	1	0.411773
0	89	16	0.29006
0	146	13	0.19869
0	349	3	0.0932815
0	230	25	0.13437
0	101	3	0.261156
0	140	15	0.203182
0	274	4	0.115218
0	256	5	0.122193
0	329	6	0.0973691
0	127	13	0.217608
0	121	27	0.225856
0	53	8	0.399688
0	85	10	0.292879
0	243	5	0.126466
0	189	18	0.15683
0	394	14	0.0809702
0	136	12	0.203166
0	329	7	0.0951105
0	232	10	0.129327
0	307	6	0.100642
0	418	25	0.0758209
0	198	10	0.146983
0	460	12	0.0688168
0	387	9	0.080393
1	54	0	0.385128
0	112	11	0.231935
0	133	22	0.201968
0	57	11	0.370935
0	479	1	0.0654122
0	116	2	0.224116
0	161	9	0.172161
0	208	18	0.138358
0	264	10	0.111944
0	99	14	0.250229
0	229	12	0.125786
0	305	9	0.0970941
0	400	15	0.0757602
1	424	0	0.0714491
0	312	20	0.094666
0	419	3	0.0721922
0	132	3	0.198059
0	140	17	0.188361
0	287	21	0.101647
0	170	9	0.158636
0	160	14	0.166169
0	216	4	0.128421
0	210	25	0.131588
0	497	6	0.0595675
0	230	20	0.119722
0	84	1	0.268983
0	192	13	0.137714
0	475	4	0.0603828
0	298	19	0.0923494
0	134	3	0.18325
0	412	21	0.067922
0	280	20	0.0966717
1	118	0	0.200227
0	300	17	0.0895689
0	301	4	0.0892139
0	70	1	0.296197
0	116	13	0.200352
1	51	0	0.361792
0	232	25	0.110367
0	212	8	0.118299
1	94	0	0.230618
0	86	6	0.246748
0	403	10	0.0652341
1	385	0	0.0677045
0	212	3	0.116384
0	64	5	0.303741
0	60	8	0.317327
0	66	13	0.295728
0	218	24	0.111912
0	312	9	0.0807963
0	472	23	0.0547007
0	305	22	0.0821584
0	267	23	0.0919348
1	123	0	0.179256
0	448	2	0.0564672
0	74	5	0.265542
0	178	15	0.130097
0	242	1	0.0987296
0	496	2	0.0503152
0	398	10	0.0618797
0	130	17	0.167137
0	63	11	0.292833
0	185	10	0.123335
0	51	7	0.337427
0	160	13	0.13905
0	332	17	0.0721796
0	59	2	0.303864
0	471	14	0.051778
0	459	2	0.0527579
0	337	19	0.0703188
0	221	9	0.103401
0	336	10	0.0703374
0	64	3	0.282984
0	53	7	0.322678
0	70	8	0.265078
0	109	15	0.184592
0	446	7	0.0510448
0	120	14	0.166307
0	169	20	0.12407
0	166	3	0.125972
0	59	4	0.287296
0	259	4	0.0840373
1	222	0	0.0960572
0	128	14	0.155569
0	352	1	0.0619356
0	94	5	0.198179
1	246	0	0.0857968
0	292	2	0.0731108
0	177	1	0.114784
0	332	8	0.0645353
0	193	18	0.105794
0	392	18	0.0550405
0	152	1	0.129391
0	433	1	0.0494909
0	69	12	0.246037
1	300	0	0.0694828
0	55	10	0.288829
0	139	8	0.138181
0	332	11	0.062386
0	149	19	0.12884
0	404	11	0.0513973
0	274	20	0.0738039
0	177	4	0.109422
0	148	11	0.127907
0	213	8	0.0924835
0	192	8	0.100274
0	78	11	0.214392
0	166	10	0.11237
0	127	10	0.141671
0	243	5	0.0793151
0	228	5	0.0833854
0	323	14	0.0603205
0	422	19	0.0466851
0	65	7	0.240807
0	94	3	0.179877
0	319	1	0.0605957
0	458	14	0.0429086
0	171	16	0.106604
0	76	14	0.21037
0	281	6	0.0669953
0	471	4	0.0410642
0	332	8	0.057222
0	134	12	0.130439
0	458	19	0.0419102
0	468	9	0.0410072
0	183	1	0.0984183
0	132	11	0.131219
0	341	11	0.0548915
0	124	2	0.136673
0	112	12	0.148314
0	201	12	0.0882327
0	250	15	0.0712213
0	141	16	0.119517
0	436	15	0.0420231
0	111	3	0.146088
0	126	15	0.130263
0	244	3	0.0710082
0	476	10	0.0376178
0	330	4	0.0526555
0	89	13	0.170328
1	234	0	0.0720351
0	109	6	0.142776
0	125	4	0.125936
0	337	17	0.0505923
0	189	6	0.0862685
0	175	12	0.0919653
0	190	6	0.0844848
0	53	8	0.246687
0	120	11	0.126155
0	60	9	0.222538
0	66	13	0.204095
0	314	15	0.0510654
0	372	7	0.0429871
0	108	9	0.133957
1	69	0	0.194419
1	80	0	0.171101
0	475	3	0.0335398
0	96	12	0.145875
1	412	0	0.0382122
0	56	4	0.226127
0	350	10	0.0446641
1	453	0	0.0343864
0	80	12	0.16775
1	314	0	0.0488294
0	67	2	0.193178
0	132	6	0.107534
0	214	10	0.0682923
0	283	1	0.0522273
0	153	12	0.0922941
1	123	0	0.111632
0	378	1	0.039214
0	289	13	0.0505674
0	140	10	0.0985885
1	179	0	0.0778031
1	399	0	0.0363725
0	188	6	0.0741433
0	166	1	0.082955
0	78	7	0.159999
0	149	7	0.0899227
0	60	7	0.196898
0	456	13	0.0310745
0	357	3	0.0393211
0	89	8	0.140857
0	304	7	0.0454115
0	115	6	0.111422
0	84	10	0.144836
0	325	11	0.0419171
0	272	12	0.0495553
0	50	3	0.21897
0	247	1	0.0535365
0	308	3	0.0430994
0	63	5	0.177323
0	158	4	0.0791102
0	124	2	0.0973303
0	494	7	0.0262901
0	144	4	0.0839315
0	295	4	0.0425007
0	347	10	0.0360268
1	244	0	0.0494577
0	144	8	0.0808736
0	339	1	0.0358918
0	51	3	0.197784
0	110	6	0.100865
0	113	3	0.0983878
1	403	0	0.0295506
0	266	8	0.0439852
0	397	10	0.0298284
0	60	4	0.168573
0	64	5	0.159367
0	233	2	0.0491692
0	60	2	0.166664
0	115	8	0.0936576
0	97	5	0.10871
0	103	2	0.102352
0	493	2	0.0232631
0	412	2	0.0275928
0	153	9	0.0703793
0	75	5	0.129029
0	429	9	0.0248369
0	193	10	0.0535229
0	422	1	0.0249516
0	475	1	0.0220916
0	200	8	0.0507832
0	163	1	0.061286
0	352	7	0.029097
1	301	0	0.032917
0	140	9	0.067756
0	452	8	0.0219987
0	300	8	0.0326851
0	298	3	0.0322974
0	236	4	0.0404069
0	415	2	0.0228849
0	488	8	0.0194264
0	391	3	0.0240415
0	50	7	0.160286
0	164	2	0.0549525
0	143	7	0.0620447
0	77	5	0.10921
0	70	2	0.116855
0	317	4	0.0283236
1	473	0	0.0189538
0	157	2	0.0546603
0	55	3	0.14138
0	86	8	0.0945954
0	227	5	0.0379297
0	258	8	0.0334383
0	56	7	0.137389
0	72	2	0.1095
0	420	1	0.0204556
0	58	1	0.129443
0	141	4	0.0565621
0	101	4	0.0761373
1	52	0	0.13659
0	59	5	0.122149
0	340	7	0.0214819
0	68	6	0.0988485
0	96	2	0.071892
1	108	0	0.0641424
1	260	0	0.0274649
0	125	6	0.0548673
0	433	7	0.0162661
0	77	1	0.0844708
0	65	3	0.0984033
1	292	0	0.0229983
0	100	6	0.0635994
0	190	1	0.0343946
0	411	5	0.0161947
0	238	1	0.0274105
0	124	3	0.0511557
0	57	1	0.103727
0	58	5	0.0971497
0	60	1	0.0927691
0	244	4	0.0245228
0	88	2	0.0641294
0	112	1	0.0505988
0	98	1	0.0565271
0	179	2	0.0309837
0	383	4	0.0144817
1	121	0	0.043815
0	88	3	0.0585932
0	333	4	0.0158505
1	84	0	0.0599676
1	371	0	0.0138156
0	424	1	0.0120348
0	64	4	0.0736934
0	124	3	0.0390143
0	85	3	0.0548126
0	77	3	0.0601298
0	80	1	0.0569905
1	178	0	0.0262564
0	96	3	0.0474879
0	136	4	0.0327732
0	56	1	0.0733974
0	241	4	0.0179421
0	235	2	0.0176623
0	304	4	0.0135861
0	71	3	0.0538076
0	96	2	0.0399912
0	241	2	0.0163188
0	114	1	0.0338806
0	95	1	0.0381688
0	72	1	0.0492688
0	299	1	0.011916
0	115	2	0.0295084
0	102	2	0.0324334
0	165	1	0.0202814
0	88	3	0.0373439
0	156	1	0.021219
1	94	0	0.0331826
1	277	0	0.0112156
0	145	1	0.0204147
0	93	2	0.0307778
1	121	0	0.0234242
0	105	1	0.0265669
0	228	1	0.0124078
1	229	0	0.0122488
1	198	0	0.0132085
0	73	2	0.0294211
1	109	0	0.0193079
1	57	0	0.0324363
1	151	0	0.012274
1	104	0	0.0171575
0	103	1	0.0151633
0	149	1	0.0103479
0	107	1	0.0130758
0	71	1	0.0159063
