7337.57
0.124913
3000
0	439	343	0.989382
0	385	366	0.989529
1	430	129	0.988102
1	374	11	0.989332
1	494	201	0.983182
0	403	339	0.985644
1	359	2	0.986009
1	309	167	0.987768
1	337	76	0.984816
0	436	297	0.978449
1	475	146	0.976335
1	357	92	0.982043
0	487	361	0.974701
0	325	297	0.98289
1	487	71	0.97455
1	252	30	0.986572
1	312	137	0.982569
0	386	349	0.978318
1	494	206	0.972093
1	292	106	0.98313
0	413	397	0.97591
0	303	206	0.98204
0	498	323	0.970259
0	447	372	0.97254
0	466	324	0.971146
0	398	336	0.974879
1	352	20	0.977517
1	292	98	0.98111
0	465	207	0.969705
0	158	116	0.988913
0	431	391	0.96998
0	277	218	0.980231
0	452	269	0.968103
1	409	7	0.970428
0	265	241	0.980567
0	336	257	0.97515
0	408	238	0.969459
1	339	68	0.973915
1	285	39	0.977906
0	489	430	0.962112
0	185	91	0.985305
1	375	108	0.970106
0	485	362	0.961284
0	365	151	0.970577
0	199	105	0.983422
0	236	110	0.980336
0	455	433	0.962258
0	383	297	0.967873
0	446	265	0.962579
1	258	1	0.977528
0	147	98	0.987026
1	280	6	0.975415
0	390	212	0.966079
0	317	214	0.971587
0	406	290	0.963804
1	253	78	0.977104
1	194	36	0.982193
0	292	203	0.973382
1	217	4	0.979863
0	170	82	0.984126
0	367	243	0.966321
0	217	148	0.979768
0	391	136	0.963619
0	212	148	0.979795
0	225	191	0.978229
0	293	274	0.971796
1	218	45	0.978415
0	330	104	0.966571
0	424	380	0.957402
0	391	114	0.960526
1	343	19	0.965063
0	292	152	0.96928
0	184	113	0.980418
1	477	68	0.950757
0	192	182	0.97954
0	327	237	0.965388
0	297	99	0.967973
0	409	173	0.955196
0	405	328	0.954929
0	427	181	0.952497
0	180	88	0.978931
0	369	304	0.956313
1	250	19	0.969354
0	461	195	0.944544
0	318	260	0.961025
0	416	356	0.948216
0	356	326	0.954736
1	234	48	0.969706
0	420	124	0.946757
0	175	108	0.976463
0	423	230	0.944879
0	466	265	0.938292
0	84	62	0.987959
1	304	37	0.957501
0	236	141	0.966375
0	466	233	0.935604
0	147	134	0.978625
0	231	67	0.966203
0	123	108	0.981682
0	261	149	0.961282
1	320	57	0.952674
0	352	285	0.948166
0	342	321	0.94789
1	202	6	0.968526
1	167	15	0.973704
0	349	172	0.945634
0	412	380	0.935164
0	417	257	0.933809
0	286	196	0.952356
0	477	131	0.922871
0	381	133	0.9371
0	394	207	0.935077
0	113	40	0.980232
0	200	114	0.965436
0	257	79	0.956007
0	152	36	0.973362
0	370	51	0.935819
1	436	21	0.925102
0	479	102	0.918102
1	262	3	0.953411
1	382	10	0.932844
0	88	39	0.983548
0	281	264	0.949005
0	371	55	0.933368
0	346	179	0.937387
0	285	112	0.94776
0	84	20	0.984009
0	332	166	0.939446
0	192	106	0.963804
0	338	150	0.937927
0	484	197	0.913297
0	440	211	0.920538
0	309	181	0.942791
1	255	20	0.952282
0	321	164	0.940316
0	456	378	0.916791
0	369	337	0.931411
0	452	365	0.916689
0	472	258	0.912918
0	487	251	0.910321
0	162	39	0.968076
0	163	22	0.967781
0	311	208	0.93977
0	111	82	0.977381
1	462	6	0.91137
0	451	71	0.91244
0	221	50	0.955088
1	435	1	0.915221
0	233	49	0.95265
0	383	161	0.924201
0	488	67	0.904261
0	204	130	0.957414
0	435	160	0.912399
1	343	25	0.928907
1	382	7	0.92098
0	236	111	0.949566
0	436	312	0.910499
0	341	299	0.928436
0	134	24	0.970354
0	138	117	0.969283
0	101	28	0.977312
0	228	98	0.95009
0	444	181	0.906943
1	460	27	0.902895
1	490	36	0.896733
0	173	148	0.960702
0	263	223	0.941309
0	321	263	0.929049
0	441	77	0.904756
0	211	72	0.951535
0	476	65	0.895796
0	390	108	0.912736
0	486	288	0.893417
0	268	61	0.936753
0	473	322	0.89019
0	467	286	0.890526
1	314	0	0.923248
1	344	16	0.916424
0	217	129	0.945077
0	218	59	0.944766
1	440	24	0.894253
0	467	303	0.888432
0	467	380	0.887717
0	191	79	0.950371
0	472	325	0.884693
0	497	179	0.879249
0	465	372	0.885699
0	404	321	0.898396
1	463	18	0.885112
0	126	50	0.96547
1	394	14	0.899408
0	430	40	0.891199
0	383	159	0.901735
0	316	89	0.917439
0	482	330	0.879006
0	381	338	0.901349
0	415	159	0.892926
0	408	101	0.893814
0	486	192	0.875961
0	285	90	0.922323
0	399	116	0.893994
0	385	147	0.896731
0	419	151	0.888499
0	308	105	0.915303
0	452	388	0.880426
0	470	299	0.875975
0	483	344	0.8717
0	74	50	0.977819
0	88	32	0.973531
0	484	204	0.869203
0	399	220	0.889472
0	468	270	0.872574
0	175	96	0.94793
0	436	105	0.879507
0	369	318	0.894561
0	468	214	0.869669
0	468	47	0.869169
0	452	129	0.87266
0	488	101	0.863636
0	271	234	0.918828
0	461	327	0.869101
0	52	43	0.983292
0	343	228	0.899214
0	232	171	0.929313
0	314	58	0.90651
0	285	126	0.914343
0	251	37	0.923703
0	451	384	0.870499
0	308	250	0.907619
0	256	91	0.92152
0	52	20	0.982962
0	429	220	0.87202
1	325	1	0.899655
0	475	372	0.857876
0	252	54	0.918729
0	366	75	0.88614
0	494	115	0.851361
0	308	224	0.901632
0	480	236	0.854259
0	373	171	0.882564
0	295	59	0.904372
0	404	150	0.873445
0	499	161	0.847909
0	422	230	0.867591
0	398	17	0.873835
0	398	151	0.873693
0	186	72	0.936598
0	187	8	0.936083
1	463	15	0.85495
0	137	11	0.952138
0	368	279	0.880696
0	474	321	0.851193
0	384	295	0.87593
0	324	148	0.893175
0	477	27	0.850089
0	162	127	0.943458
0	347	287	0.886165
0	221	35	0.924358
0	382	215	0.875692
0	95	13	0.965594
0	290	49	0.901785
0	463	342	0.851655
0	392	101	0.870544
0	118	68	0.957145
0	196	18	0.930125
0	451	43	0.852017
0	267	194	0.906719
0	324	145	0.889015
0	298	245	0.896984
0	390	101	0.867963
0	343	91	0.881754
0	123	47	0.953955
0	172	85	0.936586
0	499	129	0.835584
0	420	241	0.85637
1	434	11	0.849956
0	471	390	0.838921
0	455	152	0.84287
0	325	118	0.882269
0	470	61	0.838065
0	172	113	0.933939
0	203	38	0.922481
0	338	21	0.875932
0	342	136	0.874644
0	431	228	0.846689
0	322	175	0.880754
0	173	124	0.932023
0	272	47	0.897071
0	281	25	0.893593
0	132	32	0.946559
0	263	172	0.898435
0	390	120	0.856309
0	303	132	0.884463
0	151	85	0.938421
1	477	13	0.827112
0	125	36	0.947772
0	303	74	0.882065
1	486	6	0.823376
0	83	73	0.96463
0	437	226	0.838107
0	168	68	0.930718
0	349	30	0.865599
0	325	22	0.87353
0	314	76	0.877282
0	376	136	0.855456
0	214	194	0.9117
0	430	147	0.836741
0	379	277	0.853253
0	160	28	0.932292
0	495	46	0.816469
0	114	88	0.95056
0	486	225	0.81843
0	375	259	0.852191
0	166	15	0.928401
0	437	109	0.830922
0	473	90	0.81937
0	92	58	0.958649
0	330	130	0.865973
0	199	35	0.914467
0	223	61	0.904216
0	489	355	0.809386
0	212	113	0.907219
0	347	201	0.856532
0	263	136	0.886863
0	360	256	0.851138
0	428	133	0.827123
0	222	197	0.902107
0	422	144	0.828595
0	217	120	0.903602
0	414	137	0.830759
0	468	328	0.812787
0	406	311	0.833439
0	341	184	0.856115
0	436	188	0.823094
0	434	296	0.823147
0	91	22	0.956792
0	297	140	0.871357
0	80	39	0.961738
0	369	239	0.844656
0	471	139	0.809157
0	390	66	0.836305
1	275	4	0.878485
0	267	169	0.880196
0	461	51	0.809593
0	234	149	0.893129
0	312	58	0.862391
0	469	154	0.806456
0	321	166	0.858737
1	222	2	0.897624
0	393	56	0.831503
0	418	243	0.822276
0	364	40	0.840988
0	108	101	0.946703
0	81	66	0.959433
0	169	88	0.918837
0	367	84	0.838614
0	456	364	0.806454
0	496	87	0.792921
0	377	20	0.833405
0	466	263	0.801217
0	371	269	0.834605
0	344	192	0.843744
0	483	189	0.79198
0	417	48	0.815068
0	131	65	0.933429
0	339	169	0.844156
0	308	150	0.856343
0	278	74	0.867636
0	111	65	0.942325
0	488	177	0.787229
0	118	80	0.938207
0	176	35	0.910461
0	340	70	0.838698
0	343	181	0.837263
0	404	60	0.813514
0	489	51	0.782077
0	251	159	0.874634
0	94	22	0.948816
0	468	209	0.788108
0	482	337	0.783077
0	383	205	0.819323
0	458	334	0.790083
0	244	101	0.87524
0	464	175	0.785179
0	248	174	0.871898
0	437	345	0.793712
0	341	132	0.830751
0	124	71	0.930901
0	364	105	0.820918
0	108	24	0.938682
0	313	81	0.840665
0	466	299	0.779753
0	300	97	0.845325
0	442	42	0.787025
0	173	134	0.90409
0	465	327	0.777556
0	183	97	0.898691
0	422	213	0.792446
0	283	43	0.849864
0	194	95	0.891741
0	209	43	0.883468
0	284	95	0.847378
0	83	78	0.949982
0	302	45	0.838839
0	260	203	0.857691
0	67	20	0.95887
0	219	171	0.875748
0	238	147	0.866231
0	285	103	0.843711
0	131	119	0.921479
0	421	90	0.784164
0	340	259	0.817625
0	380	218	0.799817
0	392	73	0.794768
0	293	184	0.838211
0	341	238	0.816007
0	306	162	0.831506
0	180	34	0.892706
1	188	3	0.888214
1	69	1	0.955586
0	141	8	0.913172
0	272	164	0.84495
0	220	52	0.870669
0	325	238	0.820045
0	368	11	0.800216
0	161	73	0.901383
0	477	42	0.754925
0	412	173	0.780374
0	53	14	0.964997
0	432	177	0.771655
0	466	256	0.757471
0	287	188	0.834506
0	400	71	0.783387
0	248	32	0.853523
0	331	166	0.813512
0	285	59	0.835073
0	164	84	0.897778
0	488	332	0.746841
0	170	88	0.894312
0	227	107	0.863109
0	354	71	0.801659
0	475	163	0.750308
0	330	121	0.811908
0	429	21	0.768297
0	451	120	0.758717
0	206	40	0.873103
0	325	243	0.813363
0	355	25	0.799514
0	217	57	0.866814
0	147	8	0.905312
0	206	122	0.872085
0	492	209	0.740399
0	473	135	0.745997
0	464	64	0.748659
0	375	155	0.786134
0	414	87	0.768753
0	295	146	0.823309
0	376	173	0.783119
0	263	191	0.837681
0	400	27	0.772013
0	494	37	0.732464
0	110	45	0.924411
0	211	45	0.864414
0	401	304	0.770111
0	254	9	0.840874
0	162	109	0.892296
0	194	115	0.873219
0	453	74	0.746784
0	413	128	0.763532
0	194	160	0.872883
0	438	87	0.750581
0	460	42	0.740803
0	96	40	0.931697
0	111	88	0.921781
0	342	60	0.792609
0	230	158	0.849886
0	499	119	0.72293
0	265	188	0.830269
0	276	159	0.824421
0	134	53	0.905965
0	463	190	0.734912
0	335	53	0.793026
0	312	241	0.803863
0	409	265	0.75764
0	462	41	0.734032
0	259	98	0.830934
0	454	79	0.736728
0	318	128	0.799599
0	419	78	0.751723
0	302	4	0.807298
0	265	166	0.826786
0	306	35	0.805114
0	428	139	0.746885
0	225	29	0.848722
0	401	130	0.758643
0	354	217	0.780336
0	91	74	0.932478
0	384	203	0.765487
0	289	173	0.812511
0	383	267	0.765016
0	313	145	0.799229
0	280	148	0.816427
0	96	64	0.928225
0	371	211	0.769778
0	340	78	0.784677
0	306	35	0.801927
0	350	68	0.77971
0	248	192	0.8332
0	114	37	0.91548
0	376	141	0.766548
0	336	200	0.786057
0	100	45	0.924811
0	441	147	0.736059
0	70	66	0.946112
0	144	34	0.894849
0	401	143	0.753276
0	485	278	0.71609
0	455	88	0.72878
0	118	75	0.911508
0	256	54	0.825646
0	243	112	0.832909
0	400	15	0.751549
0	331	90	0.783894
0	372	86	0.763106
0	195	109	0.859994
0	497	100	0.706688
0	474	148	0.715647
0	270	115	0.815097
0	449	81	0.72452
0	95	9	0.925492
0	453	19	0.721871
0	344	54	0.77319
0	485	15	0.707268
0	121	30	0.90636
0	289	16	0.802051
0	203	160	0.851776
0	427	5	0.731975
0	300	171	0.79518
0	85	37	0.931969
0	498	263	0.700133
0	228	127	0.835571
0	173	48	0.870034
0	270	52	0.810624
0	373	268	0.754921
0	136	109	0.894123
0	332	201	0.775087
0	164	132	0.874578
0	142	5	0.889403
0	421	18	0.730275
0	205	3	0.847075
0	439	271	0.72091
0	130	116	0.896924
0	302	105	0.789174
0	82	57	0.932366
0	421	205	0.728553
0	149	108	0.882905
0	104	27	0.915095
0	143	41	0.88606
0	457	280	0.708293
0	106	29	0.912729
0	225	38	0.83038
0	361	47	0.75294
0	144	60	0.883978
0	337	111	0.76496
0	453	176	0.706476
0	383	79	0.739683
0	343	71	0.759975
0	73	28	0.936742
0	291	75	0.787144
0	118	29	0.901025
0	442	310	0.708072
0	434	4	0.710386
0	264	114	0.801125
0	337	24	0.758698
0	160	123	0.868717
0	497	126	0.680516
0	365	125	0.742879
0	432	125	0.709141
0	349	109	0.750571
0	91	49	0.92023
0	286	147	0.785515
0	372	249	0.737014
0	264	125	0.796843
0	194	19	0.841568
0	366	152	0.737492
0	346	189	0.748181
0	280	17	0.784928
0	474	167	0.682106
0	146	70	0.874398
0	393	280	0.720602
1	397	3	0.718311
0	264	131	0.792704
0	446	137	0.693227
0	408	213	0.711494
0	366	78	0.733114
0	237	20	0.808491
0	181	2	0.846722
0	374	109	0.727635
0	368	165	0.728793
0	224	145	0.815099
0	199	117	0.832119
0	485	22	0.670036
0	392	109	0.714239
0	310	23	0.759414
0	268	78	0.784771
0	327	211	0.749249
0	296	146	0.767236
0	446	129	0.685085
0	420	143	0.697599
0	498	273	0.660352
0	435	288	0.689702
0	327	171	0.747225
0	207	129	0.823355
0	266	187	0.783668
0	275	40	0.777925
0	112	86	0.895802
0	478	281	0.667893
0	149	11	0.865729
0	439	162	0.686312
0	208	140	0.82193
0	347	203	0.734153
0	213	40	0.81811
0	320	70	0.749591
0	269	20	0.78019
0	341	75	0.736731
0	419	195	0.694832
0	142	5	0.870412
0	489	28	0.660909
0	179	88	0.841471
0	357	83	0.726504
0	311	52	0.752787
0	338	198	0.736319
0	417	222	0.693245
0	214	19	0.814882
0	218	151	0.81144
0	252	161	0.788219
0	309	126	0.752081
0	408	234	0.69604
0	422	158	0.688716
0	104	73	0.899772
0	351	215	0.726731
0	150	94	0.861324
0	376	21	0.712186
0	170	137	0.845031
0	488	20	0.654369
0	364	91	0.717157
0	219	154	0.808027
0	64	18	0.934978
0	336	210	0.732002
0	331	97	0.733998
0	284	37	0.762291
0	293	126	0.756324
0	482	297	0.652479
0	431	42	0.677337
0	296	72	0.753345
0	383	98	0.70219
0	354	131	0.718051
0	382	90	0.702351
0	454	248	0.664764
0	135	117	0.869342
0	125	39	0.877588
0	440	173	0.670209
0	348	181	0.719446
0	450	260	0.664739
0	350	9	0.717048
0	372	197	0.704422
0	331	52	0.727849
0	155	12	0.850864
0	286	146	0.755185
0	436	130	0.66812
0	98	34	0.899525
0	470	242	0.650458
0	450	273	0.660124
0	70	59	0.925827
0	282	73	0.755967
0	273	27	0.761677
0	138	76	0.86286
0	220	96	0.797503
0	84	11	0.911616
0	466	56	0.649845
0	220	104	0.797204
0	402	240	0.682333
0	131	46	0.868225
0	269	123	0.762193
0	364	35	0.702666
0	144	84	0.856569
0	81	2	0.913557
0	267	105	0.761061
0	241	105	0.778614
0	363	237	0.699868
0	472	140	0.641506
0	75	14	0.918051
0	488	126	0.632383
0	291	96	0.740999
0	251	180	0.768128
0	250	14	0.768538
0	469	84	0.638925
0	433	87	0.656737
0	408	186	0.669697
0	214	147	0.79436
0	69	45	0.922837
0	72	31	0.919654
0	218	30	0.790461
0	114	70	0.877544
0	418	210	0.660279
0	422	75	0.656989
0	184	125	0.813644
0	452	141	0.639806
0	321	187	0.714311
0	451	122	0.640098
0	467	183	0.631876
0	416	206	0.65814
0	344	181	0.699404
0	434	165	0.648399
0	387	219	0.673999
0	397	142	0.667674
0	290	51	0.733352
0	461	85	0.633672
0	118	10	0.870922
0	442	221	0.642907
0	118	89	0.87086
0	452	255	0.637396
0	458	271	0.634227
0	265	80	0.749719
0	228	45	0.776858
0	219	146	0.783714
0	474	53	0.625127
0	360	110	0.687069
0	389	47	0.669544
0	426	61	0.648792
0	427	82	0.647611
0	407	69	0.658303
0	289	3	0.730238
0	405	246	0.658866
0	244	61	0.762186
0	285	187	0.732698
0	298	136	0.723804
0	260	128	0.750102
0	65	52	0.922987
0	149	16	0.839266
1	458	2	0.628753
0	479	151	0.618001
0	322	118	0.706417
0	428	81	0.644083
0	167	136	0.822392
0	73	41	0.913419
0	262	5	0.745963
0	431	267	0.640145
0	456	95	0.626725
0	492	212	0.608302
0	177	7	0.811909
0	199	133	0.793248
0	253	91	0.750675
0	102	12	0.881651
0	191	143	0.798532
0	362	68	0.67638
0	476	288	0.613608
0	378	248	0.666485
0	378	127	0.666334
0	229	142	0.766835
0	449	96	0.626124
0	350	92	0.682003
0	60	20	0.925765
0	103	88	0.878898
0	140	63	0.841502
0	189	101	0.797185
0	461	172	0.616324
0	452	147	0.620422
0	376	121	0.662529
0	409	251	0.643228
0	287	205	0.719345
0	426	84	0.63279
0	482	132	0.603002
0	188	2	0.795565
0	338	212	0.683845
0	291	181	0.715152
0	172	34	0.809438
0	235	63	0.756603
0	214	90	0.773338
0	362	61	0.667713
0	350	25	0.674606
0	425	199	0.630386
0	291	191	0.71208
0	354	221	0.669278
0	286	147	0.71397
0	448	31	0.614219
0	268	69	0.725415
0	304	80	0.699188
0	442	220	0.615048
0	374	224	0.653766
0	223	150	0.75974
0	407	15	0.633893
0	86	44	0.89111
0	477	158	0.595718
0	296	199	0.703601
0	131	106	0.842598
0	397	51	0.638309
0	302	91	0.698546
0	434	134	0.616965
0	320	121	0.685254
0	367	112	0.654657
0	72	65	0.906211
0	384	181	0.643665
0	185	8	0.789391
0	225	82	0.754905
0	445	128	0.608761
0	285	95	0.708257
0	450	69	0.60568
0	485	118	0.587644
0	419	181	0.622517
0	260	37	0.725723
0	372	117	0.648911
0	328	10	0.676678
0	244	91	0.736702
0	451	87	0.601775
0	298	177	0.695694
0	449	59	0.602421
0	336	197	0.669237
0	483	95	0.58378
0	246	151	0.733235
0	279	141	0.707882
0	248	10	0.731406
0	437	54	0.606953
0	106	72	0.863861
0	105	51	0.86492
0	448	175	0.599784
0	475	275	0.585285
0	493	58	0.576167
0	435	256	0.605373
0	155	82	0.81136
0	181	101	0.786403
0	375	109	0.63963
0	164	68	0.802099
0	256	126	0.72182
0	490	225	0.57503
0	354	93	0.651126
0	308	192	0.681927
0	307	208	0.682308
0	400	204	0.622039
0	341	87	0.658484
0	404	98	0.619058
0	419	239	0.610184
0	407	6	0.617062
0	218	121	0.750206
0	397	143	0.622068
0	53	13	0.924829
0	279	172	0.7
0	206	107	0.759223
1	449	0	0.590933
0	270	24	0.706066
0	152	17	0.809982
0	460	234	0.584459
0	361	51	0.641859
0	237	63	0.73165
0	369	219	0.636449
0	269	71	0.705972
0	174	59	0.787508
0	240	22	0.728702
0	75	67	0.895666
0	422	46	0.603383
0	386	164	0.624332
0	240	64	0.727436
0	427	239	0.599356
0	425	94	0.600003
0	229	117	0.735408
0	214	33	0.74832
0	135	39	0.824782
0	313	162	0.669981
0	137	84	0.822155
0	408	89	0.608005
0	120	67	0.840517
0	485	16	0.565356
0	224	133	0.737772
0	115	73	0.845497
0	440	131	0.588177
0	474	178	0.569487
0	265	28	0.701588
0	470	216	0.569783
0	327	128	0.655422
0	384	224	0.618226
0	371	187	0.626091
0	289	39	0.68142
0	408	245	0.601741
0	217	92	0.739341
0	474	86	0.564477
0	262	105	0.700825
0	401	134	0.604027
0	455	122	0.572628
0	71	56	0.895601
0	349	45	0.635324
0	242	102	0.715056
0	335	190	0.644266
1	457	0	0.570366
0	243	69	0.713689
0	315	54	0.657682
0	176	23	0.774316
0	358	220	0.62742
0	385	201	0.609959
0	136	56	0.815642
0	265	99	0.694162
0	411	13	0.593991
0	342	202	0.637028
0	491	63	0.549895
0	243	27	0.711621
0	375	127	0.614105
0	253	75	0.702098
0	437	120	0.576926
0	230	21	0.721277
1	235	0	0.716762
0	328	79	0.644231
0	331	133	0.642025
0	363	178	0.620541
0	250	58	0.703557
0	405	127	0.593136
0	283	102	0.675781
0	325	157	0.644554
0	475	12	0.553312
0	115	60	0.836482
0	243	64	0.707356
0	138	31	0.809547
0	236	51	0.713086
0	360	174	0.618591
0	492	162	0.542405
0	131	64	0.816213
0	141	100	0.804812
0	283	6	0.672184
0	255	53	0.694634
0	143	16	0.801769
0	197	58	0.745398
0	312	9	0.647554
0	476	9	0.54573
0	325	76	0.637583
0	96	37	0.855788
0	421	53	0.574815
0	281	5	0.669423
0	107	25	0.841062
0	177	90	0.761566
0	128	66	0.815186
0	472	231	0.544623
0	289	93	0.661166
0	163	16	0.775755
0	369	55	0.603821
0	345	30	0.619683
0	295	4	0.655666
0	74	37	0.883472
0	214	60	0.723711
0	283	181	0.663406
0	466	242	0.543294
0	390	137	0.586741
0	438	238	0.557303
0	369	21	0.598753
0	289	88	0.655592
0	258	44	0.678891
0	384	78	0.586772
0	356	168	0.604761
0	383	172	0.587075
0	352	31	0.606478
0	175	107	0.755494
0	371	163	0.593033
0	418	215	0.563448
0	294	7	0.646976
0	442	128	0.549162
0	255	9	0.678489
0	213	11	0.716018
0	281	11	0.65631
0	467	96	0.534524
0	472	57	0.530062
0	391	145	0.57625
0	431	173	0.552303
0	404	49	0.568031
0	358	94	0.596936
0	489	191	0.51984
0	453	56	0.538597
0	397	203	0.570924
0	236	60	0.690816
0	445	49	0.541464
0	169	120	0.756637
0	244	115	0.682454
0	236	108	0.68919
0	321	179	0.619666
0	494	81	0.513497
0	328	165	0.613546
0	456	213	0.532865
0	416	216	0.554726
0	260	2	0.665337
0	477	201	0.519764
0	469	223	0.52366
0	259	48	0.6656
0	185	43	0.735603
0	455	122	0.530657
0	283	124	0.644507
0	143	40	0.781828
0	462	180	0.525577
0	334	65	0.604995
0	264	174	0.659398
0	178	120	0.741596
0	354	154	0.59066
0	422	77	0.547377
0	88	21	0.852528
0	174	1	0.744923
0	197	35	0.720623
0	200	44	0.717567
0	490	45	0.509049
0	392	42	0.564367
0	342	84	0.597183
0	417	24	0.547987
0	500	45	0.502109
0	450	138	0.528047
0	453	26	0.526224
0	259	160	0.66009
0	140	1	0.782238
0	278	9	0.64326
0	322	175	0.608785
0	274	61	0.646469
0	204	124	0.710515
0	200	30	0.714279
0	231	9	0.683577
0	333	45	0.598839
0	149	55	0.768851
0	166	26	0.749055
0	232	11	0.680921
0	182	118	0.730785
0	491	161	0.501515
0	410	188	0.546252
0	318	69	0.60744
0	230	131	0.681429
0	477	43	0.507725
0	176	49	0.736358
0	87	44	0.849442
0	352	2	0.582301
0	464	8	0.513966
0	247	10	0.664338
0	148	10	0.767289
0	59	42	0.892124
0	322	185	0.602135
0	347	95	0.583772
0	258	143	0.653414
0	395	49	0.551733
0	407	183	0.543952
0	412	158	0.539678
0	407	179	0.542105
0	450	20	0.516468
0	378	39	0.559648
0	364	86	0.567977
0	304	147	0.611175
0	408	105	0.538619
0	262	142	0.644281
0	145	100	0.765754
0	353	56	0.57269
0	480	46	0.496264
0	122	50	0.794575
0	464	182	0.504135
0	393	21	0.544918
0	404	193	0.537509
0	174	2	0.729452
0	213	122	0.687247
0	191	125	0.710054
0	447	72	0.511234
0	175	65	0.727475
0	258	15	0.644177
0	356	173	0.567438
0	201	64	0.699069
0	476	217	0.495053
0	283	86	0.622484
0	363	169	0.562365
0	389	79	0.544947
0	486	189	0.489221
0	324	91	0.589575
0	162	106	0.741356
0	189	20	0.710676
0	263	146	0.638258
0	381	169	0.548952
0	113	65	0.80391
0	298	18	0.607728
0	496	85	0.481609
0	334	32	0.579751
0	455	202	0.503101
0	368	67	0.555313
0	99	9	0.822711
0	184	101	0.713937
0	288	78	0.61427
0	470	61	0.493403
0	139	92	0.766727
0	352	186	0.564434
0	113	44	0.801386
0	355	97	0.562002
0	213	102	0.681359
0	214	100	0.679112
0	454	169	0.498993
0	88	7	0.83708
0	491	209	0.479309
0	468	152	0.491242
0	188	107	0.705227
0	418	63	0.517535
0	280	133	0.614679
0	367	190	0.548678
0	260	9	0.631755
0	429	203	0.508411
0	434	34	0.504562
0	401	166	0.523512
0	335	45	0.567085
0	72	25	0.858767
0	160	72	0.732319
0	254	38	0.631528
0	108	8	0.800899
0	193	97	0.69137
0	70	35	0.860472
0	499	94	0.462905
0	334	143	0.562267
0	102	20	0.807596
0	428	65	0.499987
0	488	159	0.466972
0	381	147	0.528713
0	233	118	0.647002
0	455	199	0.484148
0	50	43	0.895159
0	418	135	0.504779
0	349	39	0.549578
0	140	7	0.751609
0	413	39	0.506084
0	321	153	0.568307
0	246	148	0.632023
0	197	62	0.681814
0	340	111	0.5536
0	120	81	0.778398
0	406	36	0.509371
0	416	172	0.503118
0	418	125	0.501872
0	438	189	0.489923
0	158	41	0.726836
0	367	75	0.533021
0	371	82	0.530305
0	381	90	0.523585
0	221	21	0.654269
0	257	109	0.619216
0	444	194	0.484851
0	398	62	0.51189
0	306	114	0.576965
0	74	37	0.849359
0	397	93	0.512403
0	315	127	0.569554
0	275	111	0.60227
0	489	69	0.459799
0	185	46	0.692054
0	111	78	0.789198
0	240	48	0.633408
0	422	15	0.494897
0	438	51	0.485568
0	178	17	0.699018
0	225	86	0.647514
0	72	14	0.851591
0	395	50	0.511165
0	433	68	0.488031
0	473	207	0.465725
0	498	57	0.452304
0	292	152	0.58479
0	344	119	0.543231
0	499	49	0.450196
0	492	119	0.452973
0	238	111	0.630957
0	163	22	0.713965
0	459	55	0.469796
0	406	177	0.500309
0	444	158	0.477743
0	454	90	0.472131
0	272	148	0.598813
0	338	118	0.543965
0	339	19	0.541211
0	75	20	0.841334
0	185	17	0.682325
0	260	84	0.603538
0	199	62	0.665362
0	478	187	0.452805
0	341	137	0.536761
0	334	160	0.541794
0	133	93	0.747538
0	306	49	0.562688
0	361	38	0.521025
0	219	76	0.641918
0	158	108	0.712989
0	469	122	0.455274
1	82	0	0.826603
0	488	196	0.444579
0	421	3	0.481051
0	202	50	0.65804
0	162	78	0.70566
0	171	80	0.693807
0	133	67	0.744188
0	138	54	0.737023
0	220	128	0.637205
0	388	164	0.49776
0	443	155	0.464377
0	346	125	0.52597
0	167	33	0.696788
0	363	154	0.513579
0	184	102	0.675406
0	412	6	0.481442
0	148	94	0.720933
0	298	99	0.560753
0	491	111	0.436247
0	467	58	0.448285
0	222	53	0.630702
0	311	111	0.548303
0	161	97	0.701003
0	356	130	0.514546
0	496	204	0.431912
0	424	76	0.47059
0	303	130	0.554141
0	378	115	0.498816
0	139	72	0.729984
0	414	90	0.475745
0	399	81	0.484582
0	57	9	0.867849
0	495	206	0.430549
0	367	45	0.50481
0	294	22	0.55977
0	146	63	0.718882
0	144	57	0.721481
0	483	74	0.435752
0	351	89	0.514386
0	261	123	0.587273
0	495	118	0.428497
0	395	109	0.484104
0	200	77	0.64927
0	221	27	0.625354
0	275	106	0.572323
0	427	178	0.462872
0	200	77	0.647254
0	69	35	0.841602
0	381	97	0.490229
0	308	71	0.542905
0	452	68	0.44706
0	172	5	0.679917
0	233	19	0.610359
0	166	32	0.686437
0	466	13	0.437164
0	139	9	0.722477
0	143	30	0.71647
0	67	30	0.843015
0	70	38	0.837028
0	481	129	0.427257
0	266	151	0.574011
0	229	13	0.609905
0	489	141	0.422553
0	425	46	0.45709
0	348	151	0.506853
0	335	15	0.516153
0	118	8	0.750998
0	125	4	0.739714
0	321	109	0.524921
0	433	58	0.450238
0	365	76	0.491667
0	384	66	0.478863
0	368	76	0.489111
0	302	100	0.537747
0	435	115	0.446656
0	482	105	0.420533
0	159	50	0.687282
0	459	80	0.431897
0	438	183	0.44336
0	203	56	0.631781
0	162	37	0.682412
0	200	90	0.633857
0	435	186	0.442045
0	112	63	0.754411
0	149	73	0.697456
0	245	137	0.582858
0	400	174	0.461007
0	464	157	0.424275
0	474	180	0.418908
0	280	121	0.549587
0	276	90	0.552971
0	123	47	0.735091
0	448	30	0.431631
0	360	153	0.485598
0	79	50	0.811154
0	489	119	0.409648
0	423	178	0.44459
0	252	2	0.573081
0	433	25	0.438371
0	150	61	0.692302
0	435	69	0.436749
0	489	4	0.40786
0	167	78	0.668198
0	57	31	0.85499
0	388	149	0.463966
0	245	59	0.577996
0	88	44	0.792092
0	154	53	0.685114
0	492	135	0.405086
0	336	69	0.499186
0	398	107	0.456751
0	148	47	0.692761
0	225	21	0.597078
0	124	80	0.728833
0	269	15	0.553166
0	353	104	0.485368
0	158	41	0.678068
0	222	91	0.599834
0	180	52	0.648325
0	70	35	0.825352
0	445	66	0.426246
0	418	17	0.44111
0	332	15	0.497413
0	306	120	0.516952
0	273	69	0.545298
0	463	26	0.413981
0	273	21	0.545031
0	333	141	0.495361
0	242	24	0.574596
0	481	170	0.404484
0	163	55	0.6669
0	179	2	0.645739
0	333	67	0.494747
0	273	19	0.544232
0	376	127	0.463362
0	280	135	0.536038
0	252	95	0.562074
0	427	15	0.430662
0	90	1	0.781631
0	315	87	0.505112
0	350	149	0.478557
0	309	74	0.509677
0	391	89	0.450591
0	57	22	0.84876
0	468	186	0.405968
0	260	26	0.550931
0	262	51	0.549033
0	359	79	0.470246
0	144	21	0.687987
0	470	15	0.403003
0	287	32	0.524678
0	264	5	0.545125
0	177	108	0.64096
0	452	71	0.411323
0	476	161	0.398835
0	406	73	0.436924
0	106	55	0.748202
0	360	99	0.466484
0	330	35	0.487702
0	412	28	0.432295
0	253	39	0.553117
0	338	154	0.480475
0	380	32	0.451306
0	278	29	0.529222
0	169	82	0.647692
0	139	93	0.690649
0	293	107	0.514343
0	451	31	0.407482
0	270	24	0.534106
0	306	125	0.50274
0	460	145	0.40206
0	498	35	0.383
0	225	20	0.578634
0	418	87	0.424227
0	473	172	0.394186
0	177	60	0.634623
0	335	154	0.47841
0	414	3	0.425406
0	168	72	0.645625
0	370	119	0.452288
0	301	18	0.503525
0	410	111	0.426313
0	408	32	0.426292
0	352	25	0.462705
0	294	11	0.507599
0	144	2	0.677559
0	151	62	0.667064
0	226	125	0.572142
0	306	81	0.496633
0	184	38	0.62109
0	129	86	0.700043
0	417	87	0.419179
0	75	20	0.800467
0	369	114	0.449134
0	339	38	0.469871
0	374	39	0.445409
0	245	53	0.550739
0	139	5	0.683107
0	323	135	0.480933
0	345	29	0.463912
0	341	38	0.466611
0	429	130	0.410129
0	111	68	0.728499
0	312	78	0.488332
1	110	0	0.729829
0	211	80	0.584663
0	434	162	0.405934
0	299	127	0.497794
0	273	93	0.520457
0	445	9	0.399365
0	258	35	0.534131
0	280	43	0.513656
0	401	75	0.423762
0	136	21	0.683604
0	284	57	0.508176
0	114	80	0.71989
0	51	20	0.851207
0	399	133	0.421721
0	156	84	0.650553
0	317	111	0.477997
0	128	65	0.69396
0	78	10	0.787889
0	403	23	0.417361
0	445	166	0.393445
0	497	31	0.3673
0	451	152	0.390028
0	93	63	0.755733
0	480	160	0.374733
0	192	12	0.599645
0	471	158	0.378672
0	55	32	0.838759
0	465	107	0.38073
0	285	44	0.500254
0	257	57	0.526001
0	100	4	0.740277
0	298	38	0.48878
0	323	6	0.468639
0	168	80	0.628732
0	290	38	0.494718
0	364	16	0.437925
0	422	140	0.401879
0	154	72	0.64795
0	432	42	0.39577
0	404	85	0.411498
0	176	2	0.615255
0	102	52	0.733593
0	466	131	0.375923
0	379	35	0.424973
0	179	103	0.60951
0	384	154	0.420868
0	198	47	0.584718
0	81	60	0.774613
0	177	3	0.610643
1	380	0	0.421707
0	395	129	0.412248
0	137	62	0.669111
0	75	34	0.786879
0	240	19	0.535207
0	261	24	0.513705
0	237	12	0.537401
0	171	62	0.616626
0	333	142	0.451919
0	345	130	0.442621
0	496	75	0.355571
0	354	64	0.435517
0	224	89	0.549341
0	386	38	0.414209
0	389	108	0.411731
0	373	112	0.421904
0	217	81	0.555706
0	491	72	0.35535
0	423	66	0.389957
0	140	56	0.658441
0	75	4	0.782436
0	140	10	0.658198
0	425	151	0.387701
0	222	120	0.547099
0	473	163	0.361417
0	342	55	0.438873
0	377	39	0.414988
0	148	22	0.643287
0	130	11	0.672427
0	499	4	0.348307
0	419	75	0.38892
0	202	69	0.567884
0	317	81	0.455679
0	67	44	0.7984
0	273	124	0.492834
0	446	85	0.372853
0	398	95	0.399732
0	251	100	0.513599
0	426	157	0.383183
0	338	119	0.438724
0	177	22	0.59873
0	129	57	0.671713
1	400	0	0.39734
0	123	2	0.681757
0	232	70	0.531733
0	449	106	0.369739
0	490	152	0.349514
0	77	24	0.77361
0	224	16	0.539808
0	421	39	0.383943
0	345	86	0.431858
0	451	146	0.367514
0	129	50	0.670067
0	226	52	0.535579
0	328	137	0.442523
0	235	105	0.525508
0	79	14	0.766861
0	486	26	0.348129
0	316	28	0.450839
0	220	101	0.540782
0	448	67	0.365999
0	304	137	0.458844
0	195	57	0.567778
0	403	156	0.388155
0	277	50	0.479458
0	67	43	0.791976
0	363	118	0.412695
0	420	54	0.37756
0	178	54	0.588337
0	297	75	0.460776
0	282	110	0.473631
0	68	39	0.788491
0	209	29	0.547983
0	178	95	0.587232
0	406	152	0.383967
0	382	11	0.398455
0	329	46	0.434639
0	305	26	0.453236
0	93	25	0.7302
0	138	43	0.645626
0	419	103	0.37473
0	165	58	0.602593
0	144	73	0.634396
0	353	146	0.414252
0	114	56	0.686502
0	432	91	0.366211
0	139	80	0.641922
0	120	57	0.674916
0	223	21	0.526464
0	327	120	0.431172
0	266	6	0.481905
0	487	136	0.336732
0	206	57	0.545434
0	81	35	0.753127
0	425	152	0.367423
0	486	83	0.336807
0	206	86	0.544459
0	218	52	0.529944
0	103	28	0.704313
0	238	39	0.506911
0	91	28	0.72889
0	326	90	0.428592
0	421	68	0.366583
0	452	20	0.350246
0	221	112	0.52433
0	447	36	0.35272
0	217	13	0.528257
0	123	30	0.663854
0	75	7	0.76335
0	360	78	0.401469
0	494	62	0.328289
0	101	65	0.704814
0	346	63	0.410559
0	474	11	0.33638
0	353	31	0.404848
0	254	32	0.485408
0	475	50	0.334608
0	414	16	0.365847
0	160	57	0.598448
0	345	66	0.407975
0	136	15	0.63595
0	105	18	0.693337
0	490	52	0.326313
0	425	143	0.358298
0	327	90	0.420353
0	359	43	0.397232
0	198	101	0.543932
0	251	45	0.484708
0	385	70	0.37979
0	83	16	0.739145
0	151	37	0.608887
0	290	13	0.445283
0	152	54	0.604953
0	302	13	0.4352
0	214	6	0.520911
0	112	33	0.674328
0	259	77	0.471825
0	333	75	0.409805
0	446	123	0.341324
0	326	27	0.414785
0	428	78	0.350506
0	174	48	0.569651
0	304	129	0.430894
0	323	27	0.415356
0	165	22	0.581307
0	454	6	0.334899
0	149	75	0.604708
0	361	2	0.387004
0	140	53	0.618862
0	234	7	0.492687
0	62	46	0.785408
0	321	92	0.414061
0	474	126	0.323356
0	233	84	0.491714
0	278	112	0.446416
0	439	4	0.337647
0	381	62	0.369913
0	312	15	0.417434
0	161	78	0.579798
0	246	17	0.473766
0	152	26	0.592916
0	393	16	0.359564
0	365	61	0.376231
0	142	16	0.607876
0	500	149	0.305348
0	330	76	0.39945
0	222	3	0.496617
0	388	123	0.360623
0	467	107	0.318496
0	106	46	0.672215
0	271	54	0.444675
0	240	42	0.474634
0	323	74	0.401532
0	358	94	0.376767
0	139	53	0.608478
0	434	48	0.33233
0	248	56	0.465445
0	342	128	0.386905
0	372	131	0.366807
0	387	128	0.35759
0	133	40	0.618098
0	332	56	0.39225
0	323	109	0.39882
0	129	50	0.623875
0	132	35	0.618073
0	276	61	0.435439
0	319	31	0.399026
0	300	11	0.413628
0	350	23	0.376501
0	222	93	0.487282
0	273	89	0.435652
0	199	68	0.51413
0	390	48	0.350345
0	312	93	0.402263
0	276	16	0.432027
0	352	35	0.373176
0	344	130	0.378569
0	395	100	0.346072
0	494	118	0.296174
0	200	10	0.50902
0	244	4	0.458208
0	358	16	0.365471
0	261	26	0.441289
0	371	50	0.356815
0	233	62	0.46888
0	409	46	0.334461
0	244	41	0.456996
0	231	64	0.469874
0	261	80	0.439188
0	137	26	0.598605
0	329	56	0.382855
0	440	46	0.316669
0	97	24	0.677405
1	66	0	0.755174
0	425	48	0.323837
0	469	3	0.302595
0	314	56	0.393044
0	142	39	0.588369
0	446	100	0.312407
1	116	0	0.635896
0	322	43	0.386113
0	235	55	0.462359
0	339	54	0.372728
0	438	41	0.314924
0	125	47	0.616328
0	216	10	0.481506
0	118	42	0.629598
0	443	58	0.311508
0	264	109	0.431488
0	198	61	0.502539
0	65	8	0.754582
0	75	17	0.726955
0	271	24	0.424214
0	493	84	0.286833
0	487	18	0.288037
0	170	28	0.536433
0	393	66	0.333496
0	313	59	0.385635
0	402	100	0.328024
0	340	102	0.365913
0	248	46	0.441527
0	312	55	0.385764
0	175	23	0.528141
0	56	38	0.777308
0	366	58	0.347315
0	216	66	0.47409
0	225	58	0.463471
0	52	37	0.788871
0	169	39	0.534773
0	374	11	0.34158
0	278	61	0.411018
0	410	36	0.320833
0	193	49	0.500483
0	452	34	0.299438
0	470	19	0.290993
0	101	57	0.656185
1	194	0	0.49759
0	56	14	0.774071
0	201	70	0.487894
0	484	25	0.283022
0	419	12	0.312655
0	358	66	0.346995
0	152	52	0.555262
0	243	28	0.438456
0	446	132	0.297719
0	191	4	0.497143
0	313	40	0.376079
0	388	57	0.32709
0	468	61	0.287059
0	414	11	0.312553
0	90	32	0.676463
0	487	101	0.278448
0	487	106	0.278435
0	77	18	0.708663
0	208	4	0.473
0	467	73	0.285544
0	358	40	0.342435
0	466	98	0.285491
0	407	77	0.313874
0	398	31	0.317867
0	463	48	0.285507
0	58	19	0.760675
0	212	65	0.464703
0	172	10	0.516863
0	187	40	0.495902
0	93	60	0.663987
0	70	16	0.723978
0	420	28	0.303884
0	321	116	0.363157
0	257	31	0.415277
0	89	52	0.672056
0	404	57	0.3109
0	217	21	0.456257
0	58	33	0.75818
0	239	15	0.431808
0	74	51	0.70999
0	327	48	0.355693
0	255	76	0.413906
0	291	45	0.379813
0	238	82	0.42787
0	331	40	0.349223
0	115	22	0.606776
0	454	84	0.281003
0	298	26	0.372847
0	481	23	0.268422
0	151	55	0.538796
0	403	38	0.304371
0	164	79	0.517743
0	379	47	0.31691
0	359	24	0.328589
0	139	59	0.558291
0	425	95	0.292348
0	164	40	0.51698
0	321	103	0.351736
0	381	113	0.313562
0	221	35	0.440195
0	203	72	0.461214
0	243	43	0.416934
0	463	12	0.272387
0	60	38	0.742758
0	155	24	0.52769
0	321	72	0.350178
0	360	111	0.324197
0	205	72	0.456442
0	66	15	0.722104
0	351	69	0.328157
0	90	41	0.65575
0	122	35	0.584224
0	139	51	0.551895
0	472	72	0.264918
0	346	93	0.329427
0	395	65	0.300751
0	216	93	0.439928
0	341	102	0.332077
0	436	15	0.278145
0	363	85	0.3156
0	312	71	0.348592
0	374	93	0.308433
0	408	16	0.289859
0	129	43	0.562843
0	169	50	0.494923
0	466	43	0.26169
0	237	88	0.410059
0	264	22	0.384073
0	104	16	0.612446
0	356	70	0.315667
0	265	55	0.382588
0	357	99	0.314952
0	468	78	0.258844
0	265	29	0.38088
0	471	6	0.257013
0	54	34	0.750586
0	253	49	0.390574
0	151	15	0.517555
0	136	64	0.543536
0	485	23	0.249849
0	75	13	0.682889
0	103	43	0.61002
0	349	54	0.315461
0	250	19	0.390972
0	101	43	0.613476
0	373	59	0.300384
0	206	3	0.43692
0	290	78	0.355028
0	176	50	0.47558
0	439	29	0.265252
0	277	98	0.363569
0	176	22	0.473371
0	231	15	0.406475
0	356	4	0.306381
0	367	34	0.299104
0	383	89	0.290136
0	469	33	0.250032
0	398	95	0.281574
0	270	68	0.365902
0	51	31	0.753332
0	60	18	0.72156
0	202	68	0.4346
0	431	14	0.26373
0	133	1	0.535215
0	284	31	0.349995
0	308	88	0.331712
0	188	78	0.448369
0	54	21	0.738746
0	109	35	0.583174
0	342	68	0.307818
0	490	108	0.236095
0	166	52	0.477056
0	195	42	0.437048
0	72	32	0.677656
0	203	70	0.427055
0	75	25	0.668483
0	433	83	0.258325
0	103	57	0.5941
0	386	58	0.280851
0	160	11	0.485009
0	292	60	0.340378
0	265	35	0.362317
0	301	89	0.333344
0	328	30	0.31431
0	499	110	0.231142
0	162	73	0.480336
0	348	9	0.300242
0	129	54	0.536447
0	108	39	0.580197
0	72	46	0.674253
0	270	82	0.355387
0	156	49	0.488214
0	260	52	0.363421
0	114	8	0.564985
0	63	19	0.701203
0	265	65	0.35808
0	280	5	0.345482
0	392	74	0.27323
0	158	23	0.482473
0	301	29	0.328257
0	181	26	0.448128
0	230	4	0.389578
0	345	71	0.298458
0	93	45	0.611479
0	401	45	0.267172
0	499	50	0.226156
0	86	35	0.628949
0	67	30	0.685008
0	76	23	0.656898
0	207	3	0.412775
0	122	52	0.543788
0	294	21	0.330332
0	290	50	0.332852
0	213	35	0.404479
0	76	8	0.655485
0	149	28	0.492128
0	368	25	0.281604
0	190	68	0.431491
0	54	30	0.727439
0	293	24	0.32923
0	461	18	0.237399
0	85	11	0.627889
0	231	68	0.382537
0	107	7	0.570934
0	374	66	0.275594
0	181	65	0.439403
0	278	11	0.337638
0	443	20	0.241927
0	121	65	0.53878
0	111	47	0.559864
0	236	79	0.374216
0	155	43	0.476575
1	484	0	0.225531
0	67	37	0.677727
0	388	9	0.266334
0	352	24	0.285759
0	435	25	0.244463
0	225	40	0.384638
0	268	90	0.343775
0	170	16	0.451939
0	138	30	0.502894
0	292	59	0.323415
0	329	63	0.29747
0	365	53	0.276
0	306	71	0.312159
0	400	84	0.257683
0	152	8	0.476348
0	156	53	0.469478
0	288	66	0.323312
0	348	98	0.282227
0	238	55	0.364909
0	379	82	0.264983
0	137	41	0.498618
0	355	53	0.276958
0	461	74	0.227683
0	83	25	0.620826
0	221	74	0.379835
0	271	1	0.332985
0	191	45	0.413046
0	167	38	0.445516
0	496	104	0.212842
0	442	43	0.232436
0	140	54	0.488567
0	216	29	0.381727
0	331	74	0.286956
0	108	14	0.55223
0	317	29	0.295385
0	421	5	0.239848
0	172	62	0.43522
0	332	92	0.285259
0	243	27	0.351958
0	266	8	0.331065
0	485	35	0.213264
0	55	32	0.704782
0	189	77	0.4094
0	214	64	0.379009
0	212	76	0.380082
0	406	91	0.242006
0	376	44	0.256242
0	94	34	0.579361
0	277	62	0.317621
0	378	2	0.254064
0	243	15	0.346229
0	248	2	0.3415
0	148	44	0.46401
0	393	95	0.245813
0	378	7	0.25297
0	427	13	0.230302
0	135	34	0.485997
0	125	7	0.504908
0	84	45	0.601308
0	151	50	0.455796
0	69	29	0.645748
0	129	47	0.492955
0	249	63	0.333878
0	311	7	0.285979
0	85	24	0.593748
0	74	38	0.626332
0	232	63	0.348019
0	346	30	0.262348
0	304	65	0.287763
0	106	46	0.536758
0	217	31	0.361275
0	396	36	0.235719
0	325	87	0.272786
0	85	42	0.588959
1	84	0	0.591806
0	320	17	0.275627
0	225	48	0.351123
0	269	29	0.310874
0	365	10	0.249407
0	286	60	0.297718
0	115	13	0.513037
0	120	13	0.502319
0	83	46	0.592885
0	180	67	0.400842
0	238	28	0.335107
0	404	14	0.228665
0	282	48	0.297906
0	141	14	0.458845
0	115	54	0.509682
0	442	56	0.212495
0	401	34	0.228625
0	301	1	0.283047
0	431	57	0.215776
0	68	18	0.635513
0	191	31	0.38287
0	149	21	0.442971
0	219	69	0.350673
0	127	32	0.482121
0	283	17	0.293391
0	80	29	0.594257
0	167	35	0.411764
0	192	45	0.377882
0	401	83	0.225229
0	343	71	0.253349
0	202	14	0.36521
0	320	26	0.266293
0	403	80	0.223404
0	59	14	0.661833
0	454	17	0.202703
0	209	60	0.354234
0	366	68	0.237921
0	88	48	0.564603
0	84	39	0.575757
0	152	51	0.427921
0	253	33	0.309929
0	275	40	0.292169
0	396	42	0.222657
0	169	13	0.400339
0	205	42	0.354897
0	271	38	0.293059
0	377	43	0.22916
0	164	21	0.405728
0	60	39	0.650626
0	383	23	0.225061
0	396	82	0.219228
0	160	11	0.410004
0	361	68	0.235243
0	416	51	0.210487
0	485	1	0.185834
0	325	5	0.253901
0	475	78	0.188308
0	100	13	0.52421
0	208	62	0.346265
0	84	21	0.565846
0	158	5	0.409285
0	228	9	0.324297
0	172	27	0.388574
0	150	47	0.421369
0	50	22	0.685642
0	323	42	0.252309
0	100	1	0.521066
0	210	53	0.34085
0	60	17	0.644084
0	326	61	0.24982
0	211	64	0.33946
0	154	41	0.412908
0	209	17	0.341296
0	138	49	0.439661
0	385	5	0.218121
0	445	31	0.194414
0	278	61	0.2783
0	304	45	0.260641
0	311	47	0.255841
0	441	76	0.194646
0	201	11	0.346483
0	139	58	0.433457
0	84	9	0.55858
0	366	22	0.224989
0	424	53	0.200103
0	315	61	0.25179
0	167	4	0.388206
0	115	13	0.47932
0	329	29	0.24283
0	200	15	0.3436
0	105	52	0.499225
0	246	17	0.298208
0	275	45	0.27538
0	62	8	0.627588
0	363	36	0.22344
0	280	41	0.271142
0	249	52	0.294931
0	262	63	0.282361
0	412	53	0.200125
0	308	45	0.250574
0	319	49	0.243707
0	298	27	0.256301
0	136	24	0.429924
0	458	45	0.182241
0	209	20	0.328073
0	246	17	0.293103
0	153	32	0.399904
0	284	73	0.2634
0	107	24	0.486128
0	251	70	0.286406
0	408	70	0.197993
0	372	51	0.213055
0	82	3	0.551122
0	98	12	0.506243
0	98	26	0.506061
0	270	66	0.271041
0	53	4	0.654427
1	178	0	0.358603
0	109	32	0.477225
0	127	54	0.439242
0	278	6	0.263314
0	183	9	0.351664
0	120	46	0.45255
0	232	20	0.299332
0	376	76	0.208194
0	204	55	0.3263
0	401	60	0.197354
0	258	44	0.276185
0	367	70	0.210996
0	181	44	0.351551
0	58	1	0.628101
0	108	18	0.475129
0	166	43	0.370548
0	128	16	0.432783
0	215	24	0.312169
0	172	48	0.361816
0	165	21	0.369575
1	252	0	0.276779
0	128	30	0.429387
0	466	47	0.171074
0	254	26	0.274525
0	499	2	0.161342
0	280	10	0.255172
0	290	23	0.248297
0	293	66	0.246253
0	236	20	0.288237
0	125	11	0.432905
0	151	58	0.385898
0	359	4	0.207922
0	373	31	0.201623
0	122	3	0.435657
0	228	16	0.291409
1	214	0	0.304357
0	307	23	0.233362
0	320	24	0.225924
0	114	31	0.450288
0	76	31	0.550913
0	366	21	0.202889
0	80	6	0.537447
0	254	52	0.267852
0	219	22	0.297763
0	457	4	0.16875
0	436	26	0.1754
0	58	27	0.614997
0	177	20	0.343395
0	357	66	0.204806
0	248	25	0.270385
0	90	1	0.505165
0	215	38	0.299079
0	104	25	0.468089
0	460	3	0.165724
0	68	27	0.573143
0	90	10	0.502952
0	62	9	0.594647
0	97	33	0.483764
0	203	21	0.309062
0	220	30	0.29204
0	110	15	0.451726
0	86	30	0.512913
0	212	5	0.299061
0	110	6	0.450292
0	295	36	0.233955
0	410	25	0.179695
0	127	51	0.414085
0	366	51	0.196375
0	90	1	0.498159
0	201	9	0.30764
0	153	1	0.367504
0	255	24	0.258291
0	273	38	0.245253
0	471	35	0.158207
0	302	30	0.22583
1	59	0	0.598886
0	103	42	0.460393
0	96	33	0.477881
0	447	25	0.16381
0	119	42	0.423421
0	291	42	0.230763
0	73	35	0.543876
0	365	44	0.19244
0	482	54	0.15254
0	119	32	0.42153
0	316	65	0.215172
0	229	57	0.274362
0	68	2	0.560032
0	390	61	0.181419
0	310	59	0.217859
0	183	5	0.320292
0	255	49	0.252607
0	285	62	0.232071
0	389	14	0.180671
0	144	30	0.372855
0	191	24	0.309423
0	488	23	0.149143
0	102	22	0.455628
0	140	36	0.378632
0	233	19	0.267856
0	102	18	0.455252
0	148	22	0.365319
0	269	38	0.24017
0	325	18	0.207354
0	222	3	0.276407
0	287	20	0.227935
0	50	1	0.628805
0	79	13	0.516742
0	164	16	0.33976
0	409	23	0.170995
0	309	14	0.214456
0	334	19	0.201634
0	114	44	0.424454
0	183	57	0.314487
0	68	4	0.552159
0	82	7	0.503706
0	55	22	0.601184
0	156	38	0.34633
0	284	25	0.225332
0	101	6	0.449847
0	268	7	0.235197
0	172	12	0.322915
0	306	53	0.211319
0	367	25	0.18259
0	134	14	0.379476
0	74	21	0.524452
0	120	9	0.40475
0	358	28	0.18546
0	382	13	0.175782
0	128	5	0.388267
0	354	2	0.186468
0	408	54	0.165152
0	311	60	0.20574
0	152	38	0.346207
0	239	31	0.251879
0	340	13	0.191256
0	448	23	0.151669
0	174	36	0.314986
0	166	47	0.32522
0	415	25	0.161622
0	489	30	0.139952
0	213	11	0.271857
0	100	5	0.442854
0	320	37	0.198803
0	51	16	0.60853
0	228	31	0.257459
0	270	24	0.226475
0	107	43	0.424768
0	67	29	0.540094
0	330	47	0.192471
0	386	10	0.169205
0	62	29	0.558948
0	311	32	0.201628
0	370	54	0.175045
0	218	47	0.264194
0	183	14	0.299511
0	134	22	0.368384
0	93	8	0.455784
0	430	64	0.15298
0	324	39	0.193281
1	76	0	0.505246
0	96	23	0.44672
0	430	27	0.152698
0	372	41	0.172224
0	277	53	0.218254
0	152	12	0.337213
0	282	33	0.215064
0	92	21	0.455561
0	463	45	0.142499
0	324	38	0.190987
0	301	11	0.202423
0	242	37	0.239782
0	52	27	0.594676
0	139	10	0.354339
0	429	21	0.150944
0	245	12	0.237245
0	220	52	0.257077
0	155	51	0.329281
0	380	51	0.166834
0	85	27	0.472069
0	139	21	0.353049
0	180	38	0.296362
0	220	56	0.256244
0	346	44	0.179472
0	324	20	0.188379
0	127	34	0.371592
0	51	13	0.594506
0	388	39	0.161573
0	449	56	0.142428
0	308	11	0.194797
0	457	2	0.140058
0	434	40	0.146261
0	400	23	0.156324
0	354	8	0.172995
0	374	38	0.165236
0	193	13	0.276861
0	380	8	0.162354
0	492	18	0.130174
0	296	19	0.199125
0	428	11	0.146707
0	151	49	0.327252
0	286	30	0.203968
0	102	17	0.416342
0	367	42	0.165284
0	243	5	0.230047
0	131	37	0.35596
0	234	22	0.236093
0	317	45	0.185547
0	75	10	0.490096
0	162	8	0.307611
0	156	45	0.315263
0	116	31	0.38183
0	482	26	0.129274
0	300	6	0.192472
0	359	13	0.16573
0	52	3	0.577434
0	74	18	0.489821
0	235	53	0.232098
0	122	1	0.36739
0	419	5	0.144335
0	450	14	0.135613
0	157	20	0.309584
0	130	45	0.35006
0	275	12	0.202627
0	134	43	0.342735
0	201	4	0.257899
0	276	12	0.201552
0	141	16	0.330658
0	64	30	0.520544
0	391	36	0.150777
0	173	3	0.285965
0	318	13	0.178716
0	384	11	0.152677
0	403	4	0.146433
0	58	9	0.543407
0	269	48	0.203544
0	147	25	0.317869
0	157	26	0.303768
0	170	27	0.286018
0	296	36	0.186918
0	126	31	0.350157
0	219	25	0.236527
0	498	46	0.119802
0	70	28	0.491803
0	64	11	0.51407
0	142	18	0.32283
0	439	12	0.133419
0	167	30	0.287208
0	286	14	0.190364
0	379	41	0.15039
0	425	3	0.13628
0	206	17	0.245304
0	356	8	0.158256
0	77	7	0.4644
0	460	14	0.126498
0	235	50	0.220304
0	454	17	0.127561
0	197	9	0.251642
0	97	20	0.405793
0	395	30	0.142892
0	87	37	0.430512
0	236	1	0.21786
0	161	28	0.28867
0	209	10	0.236788
0	133	31	0.327636
0	180	16	0.264597
0	271	7	0.191806
0	60	23	0.516781
0	161	38	0.284606
0	222	6	0.221759
0	437	2	0.126139
0	51	25	0.552427
0	310	11	0.168605
0	182	2	0.256523
0	364	27	0.146917
0	261	49	0.192875
0	159	39	0.281487
0	284	40	0.179508
0	196	47	0.240633
0	69	1	0.473661
0	312	18	0.165833
0	75	26	0.452473
0	194	26	0.2418
0	404	21	0.132675
0	381	28	0.139089
0	267	46	0.187103
0	251	25	0.196682
0	424	52	0.126339
0	92	14	0.399498
0	363	17	0.144044
0	296	25	0.170384
0	56	8	0.519702
0	324	8	0.157453
0	489	21	0.110061
0	455	1	0.117114
0	339	46	0.151127
0	247	8	0.195893
0	270	22	0.182215
0	391	52	0.133131
0	88	6	0.405545
0	180	19	0.249742
0	286	12	0.173069
0	165	28	0.265832
0	322	4	0.156344
0	160	3	0.271627
0	326	35	0.15449
0	102	32	0.367734
0	215	44	0.215742
0	376	15	0.135674
0	214	1	0.215831
0	89	9	0.397723
1	164	0	0.263667
0	223	17	0.208435
0	311	45	0.158812
0	452	25	0.114765
0	133	17	0.305443
0	198	15	0.227971
0	311	44	0.157887
0	96	12	0.37735
0	269	26	0.17749
0	122	27	0.322022
0	272	33	0.175574
0	458	10	0.112157
0	391	7	0.128595
0	206	30	0.218264
0	265	22	0.178153
0	51	11	0.528758
0	71	26	0.446172
0	183	24	0.237663
0	172	12	0.248959
0	342	11	0.141468
0	165	31	0.254547
0	343	39	0.140843
0	101	6	0.35738
0	355	29	0.136415
0	138	8	0.288169
0	126	3	0.305808
0	136	18	0.288967
0	385	34	0.125532
0	398	40	0.121872
0	215	27	0.204313
0	283	41	0.163074
0	443	6	0.110537
0	472	38	0.104392
0	299	34	0.155404
0	418	3	0.116096
0	69	17	0.442897
0	331	32	0.141754
0	252	41	0.17811
0	209	42	0.206444
0	435	11	0.11107
0	55	18	0.496456
0	202	29	0.210889
0	171	26	0.239895
0	247	32	0.179065
0	130	32	0.292949
0	355	11	0.131735
0	83	23	0.392623
0	165	24	0.244992
0	73	10	0.423009
0	348	5	0.133251
0	174	38	0.234543
0	115	5	0.315519
0	496	2	0.0958438
0	201	41	0.207159
0	145	36	0.265714
0	51	25	0.506966
0	126	32	0.293447
1	453	0	0.103365
0	144	1	0.265715
0	152	3	0.255085
0	280	28	0.156729
0	157	39	0.248712
0	164	18	0.239685
0	344	12	0.130334
0	388	16	0.117269
0	150	33	0.255382
0	206	11	0.199442
0	79	6	0.393685
0	158	5	0.244692
0	336	12	0.132033
0	104	6	0.32895
0	246	7	0.171039
0	217	17	0.189529
0	259	24	0.163779
0	57	20	0.470204
0	66	27	0.433775
0	53	23	0.488209
0	166	32	0.233215
0	257	11	0.164014
0	483	33	0.0943225
0	50	19	0.500347
0	132	31	0.274546
0	471	8	0.0956244
0	468	25	0.0960866
0	59	8	0.45601
0	122	12	0.288161
0	208	9	0.191673
0	102	7	0.325792
0	239	14	0.169908
0	102	12	0.323535
0	77	1	0.38783
0	483	1	0.0915749
0	326	10	0.129864
0	88	12	0.356036
0	336	42	0.125424
0	369	25	0.115253
0	357	23	0.118666
0	361	8	0.117125
0	333	30	0.125299
0	272	29	0.148685
0	103	19	0.314859
0	383	40	0.109701
0	213	29	0.181272
0	231	12	0.168745
0	221	34	0.174845
0	326	36	0.125593
0	352	41	0.117384
0	152	13	0.235054
0	86	30	0.35178
0	464	5	0.0913604
0	203	13	0.186293
0	165	1	0.21976
0	75	1	0.381747
0	163	18	0.220677
0	51	4	0.472954
0	112	15	0.289906
0	103	12	0.307313
0	54	9	0.458042
0	125	1	0.267212
0	341	20	0.117257
1	71	0	0.389379
0	102	21	0.306612
0	112	24	0.286989
0	74	7	0.377543
0	177	8	0.201817
0	425	10	0.0948201
0	76	24	0.368892
0	222	30	0.166108
0	161	25	0.214167
0	350	15	0.111386
0	334	26	0.116022
0	361	25	0.107928
0	342	12	0.112313
1	302	0	0.125161
0	172	12	0.20074
0	117	22	0.269508
0	266	18	0.139553
0	285	20	0.131343
0	332	14	0.114548
0	52	19	0.452193
0	119	9	0.264365
0	157	25	0.214017
0	139	22	0.235207
0	58	7	0.424225
0	163	9	0.207327
0	85	11	0.333844
0	54	14	0.439664
0	203	5	0.172247
0	73	25	0.366519
0	365	32	0.103136
0	261	9	0.137
0	435	14	0.0866968
0	355	10	0.103652
0	95	26	0.301402
0	241	7	0.144985
0	152	20	0.211021
0	121	25	0.251078
0	484	8	0.0768738
0	82	2	0.329019
0	70	9	0.363906
0	265	29	0.130567
0	168	3	0.1908
0	256	1	0.133727
0	225	12	0.148364
0	267	11	0.127882
0	58	17	0.402407
0	337	15	0.103791
0	90	21	0.302293
0	106	16	0.26893
0	176	13	0.181122
0	110	15	0.260911
1	497	0	0.072449
0	97	15	0.285809
0	82	11	0.320352
0	252	32	0.13282
0	73	6	0.345278
0	442	25	0.0799915
0	138	19	0.217236
0	263	19	0.12647
0	149	1	0.2035
0	169	30	0.183666
0	318	7	0.10643
0	88	13	0.299066
0	240	29	0.135263
0	59	5	0.388244
0	63	10	0.37246
0	115	3	0.245317
1	160	0	0.188488
0	365	2	0.0920004
0	401	5	0.0841103
0	166	6	0.181208
0	163	29	0.1839
0	87	21	0.294469
0	108	7	0.251605
0	140	5	0.205721
0	108	26	0.250363
0	256	19	0.123249
0	87	5	0.292563
0	393	30	0.0837021
0	83	6	0.299444
0	129	23	0.215429
0	177	24	0.166272
0	355	19	0.0904122
1	268	0	0.11611
0	305	14	0.10339
0	91	19	0.278576
0	51	19	0.405969
0	399	4	0.0801851
0	186	6	0.157535
0	188	16	0.155863
0	110	8	0.238562
0	130	1	0.209532
0	368	10	0.0851755
0	376	24	0.0830916
0	62	12	0.354574
0	368	24	0.0845427
0	372	7	0.0836176
0	164	13	0.171465
0	51	5	0.397767
0	174	17	0.161159
0	171	18	0.163186
0	260	13	0.11335
0	141	10	0.189667
0	107	4	0.235658
0	179	22	0.155605
1	89	0	0.270298
0	145	14	0.18518
0	234	1	0.123385
0	98	7	0.251355
0	333	5	0.0897731
0	113	13	0.2249
0	63	6	0.340496
0	59	6	0.354103
0	133	11	0.195154
0	234	15	0.121081
0	204	7	0.135917
0	441	9	0.0677609
0	219	19	0.127671
0	389	22	0.0759698
0	141	24	0.184453
0	159	13	0.166753
0	227	8	0.122863
1	70	0	0.311475
0	185	21	0.145616
0	94	17	0.25071
1	430	0	0.0677016
0	77	21	0.28723
0	245	8	0.112241
0	477	22	0.0607582
0	199	6	0.134067
0	205	13	0.130608
0	497	1	0.0583406
0	189	20	0.139814
0	160	16	0.160296
0	301	7	0.0920084
0	97	5	0.239077
0	209	6	0.127248
0	106	10	0.223256
0	382	7	0.0735202
0	133	22	0.185407
0	95	11	0.241604
0	85	11	0.261869
0	133	22	0.183656
0	246	24	0.107383
0	159	3	0.156854
0	159	8	0.156556
0	193	5	0.131106
0	108	2	0.2122
0	426	20	0.0636123
0	225	23	0.113696
0	132	20	0.178224
0	202	20	0.123979
0	409	1	0.0640018
0	63	7	0.306989
0	218	15	0.112892
0	476	2	0.0547227
0	94	17	0.226588
0	394	1	0.0649514
0	146	6	0.157341
0	470	14	0.0547374
0	53	16	0.338601
0	85	1	0.241926
0	295	23	0.0831924
1	315	0	0.078074
0	150	13	0.15077
0	462	14	0.0543666
0	456	4	0.054997
0	225	9	0.105186
0	116	7	0.185025
0	220	1	0.106753
0	90	5	0.225011
0	112	19	0.187772
0	304	3	0.0783311
0	239	15	0.0972167
0	317	2	0.0750641
0	138	14	0.157094
0	126	15	0.169122
1	171	0	0.130328
0	142	4	0.152735
0	249	9	0.0930707
0	377	12	0.0631274
0	319	14	0.0736285
0	243	12	0.0935869
0	111	7	0.18371
0	142	1	0.149303
0	67	5	0.27063
0	182	4	0.119926
0	185	21	0.11806
0	246	17	0.0910924
0	111	3	0.181566
0	273	8	0.0827361
0	91	6	0.212753
0	437	10	0.0530497
0	138	11	0.150296
0	376	7	0.0606614
0	161	9	0.130497
0	149	10	0.139032
0	109	11	0.180419
0	436	19	0.0513952
0	365	17	0.0607445
0	156	8	0.131383
0	248	13	0.0863319
0	270	11	0.0792949
0	76	8	0.234003
0	63	12	0.269282
0	367	2	0.0594408
0	282	4	0.0756938
0	322	17	0.0667986
0	115	14	0.166485
0	66	6	0.257997
0	134	10	0.145518
1	375	0	0.0569977
0	166	9	0.119714
0	191	9	0.105045
0	146	9	0.13273
0	348	9	0.0600229
0	154	1	0.126061
0	478	3	0.0442794
0	156	3	0.124101
0	473	20	0.0445445
0	69	6	0.241841
0	138	14	0.137174
0	251	8	0.0802892
0	82	15	0.210659
0	155	8	0.123412
0	182	11	0.106498
1	130	0	0.142802
0	349	5	0.0581825
0	368	14	0.0553391
0	76	12	0.22092
0	187	17	0.102809
0	116	14	0.154801
0	296	6	0.0668935
1	237	0	0.0820099
0	89	13	0.192168
0	424	13	0.0474907
0	50	5	0.295065
0	390	15	0.050584
0	166	18	0.110929
0	278	19	0.0692886
0	361	5	0.0541746
0	73	11	0.218179
0	324	2	0.0589912
0	64	9	0.240033
0	436	17	0.0442344
0	154	3	0.11497
0	167	13	0.106884
0	105	6	0.159728
0	226	7	0.0809531
0	385	4	0.0489843
0	407	9	0.0462721
0	103	3	0.159739
0	69	6	0.219546
0	67	6	0.224003
0	365	14	0.0502043
0	85	6	0.181969
0	99	14	0.160158
0	221	13	0.0779299
0	143	6	0.11551
0	198	4	0.0859257
0	298	16	0.05851
0	446	15	0.0394681
1	186	0	0.0896274
0	206	2	0.0810819
0	133	1	0.120061
1	296	0	0.0577504
0	175	1	0.0935846
0	473	4	0.0362034
0	297	11	0.0561194
0	207	3	0.0784758
0	216	3	0.0753032
0	357	12	0.0468336
0	443	6	0.0380024
0	258	16	0.0631646
0	352	8	0.0470417
1	389	0	0.0426363
0	383	7	0.043201
0	240	5	0.0669972
0	75	12	0.185827
0	454	12	0.0360798
0	219	7	0.0714853
0	207	9	0.074992
0	369	3	0.043068
0	165	15	0.0912278
0	236	13	0.0648531
0	66	12	0.197185
0	490	13	0.032019
0	167	13	0.0880078
0	343	2	0.0448443
0	189	7	0.0779453
0	98	6	0.139443
1	299	0	0.0504247
1	100	0	0.136706
0	260	7	0.057239
0	420	5	0.0361585
0	83	5	0.158946
0	112	7	0.121853
0	61	8	0.202067
0	209	11	0.0685763
0	248	4	0.0578365
0	141	12	0.0966936
0	468	2	0.0311282
0	188	8	0.0739432
0	143	3	0.0938478
0	408	8	0.0349036
0	148	11	0.0906414
0	69	6	0.175752
0	200	9	0.0685026
0	282	7	0.0493097
0	58	9	0.201252
0	74	12	0.164477
0	50	9	0.223909
0	442	2	0.0312561
0	331	5	0.0404418
0	468	2	0.0288362
0	145	6	0.0871045
0	87	2	0.136763
0	105	1	0.115814
0	360	6	0.0361428
0	396	11	0.0327665
0	67	2	0.166657
0	467	1	0.0278736
0	415	12	0.0311407
0	260	6	0.0483245
0	134	2	0.0892109
1	312	0	0.040363
0	483	10	0.0264503
0	60	10	0.179451
0	83	7	0.13619
0	64	7	0.166604
0	188	8	0.0618321
0	125	10	0.0893993
0	414	2	0.0284906
0	481	10	0.0245758
0	164	10	0.0687868
0	150	11	0.0743006
0	101	9	0.105605
0	301	3	0.0380948
0	198	3	0.0567738
0	345	6	0.0333883
1	141	0	0.0777862
0	222	6	0.0506818
0	187	3	0.0595218
0	71	8	0.142202
0	143	5	0.075478
0	377	11	0.0297081
0	362	2	0.0308682
0	105	9	0.0988653
0	131	5	0.0804762
1	361	0	0.0304714
0	253	8	0.0422687
0	179	4	0.0581657
0	110	9	0.0909654
0	290	2	0.036476
0	155	2	0.0660238
0	404	10	0.0262711
0	76	6	0.125315
0	362	3	0.0291715
0	326	3	0.032171
1	490	0	0.0215124
0	293	5	0.0354128
0	469	2	0.0221652
0	74	3	0.123004
0	138	8	0.0699133
0	58	5	0.151447
0	276	3	0.0360205
0	152	3	0.0630236
1	451	0	0.0221308
0	165	7	0.0580064
0	177	5	0.0540823
0	275	3	0.035264
0	236	4	0.0407371
1	69	0	0.126771
0	139	4	0.0670561
0	79	8	0.111676
0	80	8	0.110335
0	269	9	0.0355269
0	50	6	0.164274
0	435	2	0.0219659
0	198	3	0.0468962
0	314	4	0.0296782
0	212	8	0.0432344
0	207	5	0.0441232
0	140	8	0.0636673
0	192	4	0.047222
0	475	9	0.0192521
0	126	5	0.068421
0	96	1	0.0860092
0	420	2	0.0210003
0	252	7	0.034046
0	155	5	0.0537774
1	446	0	0.019365
0	362	3	0.0234018
0	382	7	0.022165
0	321	3	0.0260434
1	185	0	0.0441253
0	191	6	0.0425855
0	81	7	0.0941838
0	70	3	0.106812
0	246	7	0.0327211
0	420	3	0.0193548
0	465	3	0.0174585
0	146	3	0.0530298
1	69	0	0.105673
0	62	6	0.114872
0	90	5	0.0818128
0	198	4	0.0388365
1	101	0	0.0732902
0	108	4	0.0687425
0	57	3	0.122303
0	361	7	0.0213782
0	274	4	0.0279646
1	115	0	0.0638673
0	401	7	0.0190883
0	455	7	0.0167366
0	136	6	0.0534891
0	243	3	0.0305095
0	59	4	0.114384
0	108	4	0.0657466
0	293	1	0.0240721
0	319	7	0.0221293
0	167	1	0.0410269
0	67	6	0.0959125
0	326	3	0.021185
1	484	0	0.0143434
0	232	6	0.0293347
0	134	4	0.049702
0	482	5	0.0141045
0	456	5	0.0148235
0	310	2	0.0212327
0	216	1	0.030073
0	464	4	0.0140944
0	328	4	0.0197206
0	114	6	0.0543722
0	298	5	0.0214949
0	165	4	0.038152
0	158	5	0.039495
0	68	3	0.0865922
0	305	4	0.0206641
0	266	4	0.0232369
1	72	0	0.0801055
0	98	5	0.05994
1	484	0	0.0126972
0	251	4	0.0241829
0	465	3	0.0131562
0	143	4	0.0409176
0	89	2	0.0622385
0	241	1	0.0236898
0	53	2	0.095801
1	320	0	0.0171626
0	380	1	0.0136332
0	169	1	0.0297961
1	146	0	0.0340284
0	248	4	0.0201625
0	149	4	0.0322395
1	260	0	0.0186568
0	117	4	0.0404705
0	110	3	0.0424187
1	60	0	0.0748344
0	145	4	0.0322235
1	236	0	0.0197577
0	431	4	0.0104068
0	58	4	0.0720108
0	57	3	0.0731045
0	137	2	0.0316959
0	206	2	0.0204688
1	107	0	0.0377807
0	241	1	0.0159656
0	108	3	0.0341846
0	96	1	0.0361933
0	110	3	0.0316598
1	246	0	0.0134006
0	130	2	0.0229601
1	51	0	0.0564347
0	115	2	0.0251499
0	52	1	0.052512
0	202	2	0.0136415
1	65	0	0.0391699
0	64	1	0.0385625
0	149	1	0.0168907
0	222	1	0.0113792
1	241	0	0.0100459
0	126	1	0.0180778
1	105	0	0.0210974
0	91	1	0.0231714
0	128	2	0.0160486
1	74	0	0.0270223
0	56	1	0.0332282
1	74	0	0.0251138
0	119	1	0.0144984
0	107	1	0.0158927
1	100	0	0.0161332
1	123	0	0.012162
0	110	1	0.013229
1	70	0	0.0189694
1	64	0	0.0203155
