7260.35
0.114001
3500
0	498	475	0.989887
1	363	112	0.989445
1	367	188	0.988695
0	342	332	0.989218
1	454	30	0.985125
1	413	256	0.985623
1	277	150	0.989223
0	421	293	0.983276
1	404	188	0.983777
0	406	372	0.983613
0	500	484	0.979783
1	366	59	0.982624
0	413	376	0.979245
1	475	138	0.975834
1	307	37	0.984074
0	459	403	0.976282
1	330	155	0.982309
1	244	88	0.98669
1	469	72	0.974642
1	289	114	0.984161
1	425	162	0.976438
0	430	405	0.975754
0	462	353	0.973562
0	198	129	0.988322
0	410	197	0.975634
1	303	73	0.981743
0	489	252	0.970857
0	425	245	0.974013
0	395	250	0.975568
0	468	442	0.971174
0	422	218	0.973214
0	167	119	0.989104
1	447	55	0.971063
0	496	319	0.967914
0	388	354	0.974701
0	282	167	0.981313
1	379	105	0.974923
0	494	227	0.967476
0	399	188	0.972909
0	271	161	0.981129
0	388	180	0.97302
0	495	190	0.965719
0	489	310	0.965573
0	423	214	0.969463
0	436	212	0.96692
0	212	104	0.983624
0	347	170	0.972996
1	434	71	0.966358
1	270	67	0.978454
0	276	264	0.977719
1	421	54	0.966403
0	209	167	0.982957
0	425	316	0.965907
1	184	17	0.984781
0	345	267	0.970811
0	441	305	0.96221
1	464	36	0.958656
1	194	55	0.981618
0	277	78	0.9738
0	393	208	0.963231
0	251	87	0.976099
0	463	420	0.956614
0	461	209	0.956266
1	383	82	0.963214
0	421	310	0.959402
1	494	12	0.950498
1	209	11	0.978283
0	275	195	0.971568
0	399	112	0.958245
0	207	187	0.977698
0	269	229	0.971104
0	460	122	0.950596
1	474	42	0.949147
1	242	2	0.972671
0	281	163	0.968198
0	409	261	0.954345
0	396	378	0.955318
1	434	50	0.951234
0	458	338	0.948345
0	420	198	0.951926
0	399	336	0.95407
0	487	322	0.94434
0	442	387	0.947799
0	445	327	0.947416
1	446	83	0.94711
0	295	280	0.96321
0	248	155	0.968773
0	341	298	0.957321
1	152	25	0.980505
1	143	17	0.981528
0	457	274	0.942573
0	388	94	0.950603
1	211	34	0.9725
1	329	49	0.957371
0	442	183	0.943267
1	224	18	0.970286
0	404	79	0.947604
0	118	26	0.984099
1	333	47	0.955999
0	375	124	0.950656
0	492	292	0.935752
0	140	56	0.980045
0	380	268	0.947499
0	240	188	0.966036
0	334	180	0.953248
0	234	174	0.966661
0	196	148	0.971679
0	422	107	0.940754
0	389	270	0.944362
0	410	176	0.941469
0	404	243	0.941782
0	420	186	0.939199
1	497	54	0.927466
0	476	368	0.930201
0	241	146	0.963017
0	284	230	0.956162
0	472	305	0.928884
0	77	34	0.987647
0	297	90	0.953965
1	224	29	0.96414
0	488	233	0.923993
0	264	167	0.957331
0	202	128	0.96687
1	440	17	0.929188
0	493	127	0.921185
0	472	361	0.923753
0	444	342	0.927568
0	341	186	0.942836
0	429	149	0.929002
0	409	110	0.931548
0	187	69	0.967487
0	160	92	0.971804
0	215	33	0.962328
1	288	4	0.950075
0	480	363	0.91929
0	98	60	0.982375
0	380	154	0.934887
0	435	310	0.926047
0	487	310	0.916625
0	297	50	0.947398
0	400	265	0.929739
0	114	37	0.978855
0	264	128	0.952252
0	361	274	0.935327
0	238	115	0.95637
0	347	231	0.937621
0	268	183	0.950428
0	168	161	0.968317
0	443	364	0.920574
0	325	220	0.940384
0	480	313	0.914298
1	491	0	0.911715
0	395	317	0.926987
0	391	205	0.927667
0	495	204	0.909785
0	288	159	0.945332
1	398	27	0.925039
1	324	15	0.936236
0	364	198	0.928728
0	424	212	0.917659
0	454	212	0.911881
0	242	196	0.950957
0	356	86	0.929302
0	228	118	0.953513
0	453	45	0.911528
0	250	144	0.949157
0	196	55	0.959642
0	165	143	0.965553
0	241	115	0.950434
0	417	264	0.916862
0	158	80	0.966694
0	369	318	0.925384
1	384	11	0.922577
0	213	115	0.955234
0	496	56	0.90157
0	353	111	0.927576
0	106	31	0.977002
0	455	350	0.907925
0	238	86	0.949009
0	396	42	0.917694
0	419	338	0.91314
0	237	118	0.948731
1	189	15	0.958383
0	126	64	0.971601
0	458	105	0.903494
0	146	91	0.966932
0	93	91	0.978548
0	404	129	0.912684
0	422	74	0.908529
0	323	283	0.928182
0	434	298	0.90572
0	466	39	0.899288
1	223	8	0.949062
1	429	13	0.906151
0	499	183	0.892235
0	465	189	0.898056
0	394	287	0.912087
0	345	143	0.921781
0	285	206	0.934484
0	144	15	0.965534
0	434	279	0.902409
0	452	127	0.896716
0	381	129	0.91059
0	244	44	0.94071
0	389	302	0.908608
0	381	197	0.910107
0	184	82	0.954382
0	441	305	0.896843
0	215	202	0.946718
0	238	187	0.940798
0	137	74	0.964749
0	375	93	0.909071
0	446	219	0.893565
0	419	271	0.899297
0	363	318	0.911528
0	290	134	0.927971
0	170	31	0.956006
0	387	291	0.904777
0	427	255	0.895726
0	455	395	0.889051
0	486	193	0.881783
1	403	4	0.899847
0	254	180	0.934425
0	376	215	0.905489
0	226	54	0.940372
1	259	7	0.932246
0	272	205	0.929048
0	414	140	0.895663
0	484	270	0.879232
0	242	46	0.93502
0	293	107	0.92235
0	116	58	0.967732
0	209	138	0.943194
0	76	51	0.978518
0	382	200	0.900494
0	456	69	0.883428
0	224	68	0.939046
0	452	238	0.883838
0	216	141	0.940766
0	272	98	0.926265
1	325	17	0.912362
0	426	275	0.887382
0	458	153	0.879857
0	241	152	0.932854
0	478	388	0.873871
0	439	301	0.882313
0	377	130	0.897174
0	415	74	0.88756
0	313	29	0.912575
0	358	320	0.900676
0	164	90	0.951856
0	444	336	0.879412
0	345	222	0.903486
0	433	205	0.881555
0	309	168	0.912495
0	448	26	0.877606
0	278	48	0.919671
0	282	94	0.918256
0	329	161	0.90569
0	486	69	0.866636
0	143	109	0.95636
0	446	85	0.87467
0	342	85	0.89999
0	233	76	0.929298
0	404	254	0.883027
0	420	369	0.878721
0	225	202	0.930904
0	327	64	0.902141
0	130	47	0.958656
0	378	185	0.888504
0	315	63	0.904585
0	138	18	0.955766
0	205	83	0.935409
0	364	87	0.890482
0	210	142	0.933701
0	476	193	0.861107
0	282	129	0.912616
0	276	87	0.913798
0	493	192	0.855488
0	111	46	0.963259
0	467	371	0.860226
0	455	248	0.862939
0	476	349	0.857427
1	371	14	0.885104
0	437	378	0.867247
0	435	76	0.867729
0	228	124	0.925899
0	346	129	0.890836
0	188	124	0.937429
1	198	5	0.934273
0	368	156	0.884349
0	495	19	0.849616
0	484	62	0.852319
0	303	54	0.902128
0	65	59	0.977125
0	227	86	0.924335
0	463	75	0.85593
0	478	367	0.851581
0	497	159	0.846427
0	315	201	0.896827
1	434	13	0.862759
0	322	282	0.893505
0	254	138	0.913501
0	385	227	0.874456
0	259	121	0.910924
0	112	47	0.959275
0	367	141	0.87729
1	178	6	0.936247
0	358	96	0.879526
0	453	48	0.851962
0	316	149	0.891729
0	254	121	0.910799
0	212	157	0.924243
0	200	124	0.928097
0	347	250	0.88151
0	460	167	0.848366
0	85	46	0.968017
0	417	286	0.860417
0	345	130	0.881093
0	435	333	0.854537
0	166	82	0.938739
0	364	288	0.874308
0	198	181	0.927326
0	325	49	0.885711
0	85	37	0.967337
0	309	116	0.890538
0	428	67	0.853022
0	379	259	0.866954
0	433	188	0.84969
1	406	5	0.857651
0	55	15	0.977959
0	315	36	0.885389
0	305	41	0.888269
0	464	329	0.838763
0	282	234	0.894562
0	339	132	0.875535
0	351	138	0.871648
0	410	127	0.852725
0	358	137	0.867757
0	360	199	0.866621
0	241	116	0.905445
0	211	112	0.916089
0	255	175	0.899957
0	303	162	0.883152
0	412	341	0.847507
0	113	55	0.952825
1	216	0	0.913439
0	259	88	0.897464
0	338	223	0.870113
0	492	381	0.820652
0	260	187	0.896301
0	432	230	0.838708
0	372	143	0.857922
0	272	25	0.891789
0	241	111	0.902546
0	94	15	0.959525
0	228	169	0.907093
0	484	196	0.820607
0	105	66	0.954707
0	498	305	0.81622
0	330	78	0.87004
0	294	165	0.882481
0	500	32	0.815169
0	211	143	0.912085
0	291	104	0.882493
0	252	76	0.89646
0	491	398	0.81616
0	455	260	0.827205
0	290	34	0.882038
0	107	64	0.952841
0	450	295	0.82712
0	206	37	0.912164
0	298	216	0.877433
0	335	180	0.863875
0	394	215	0.843543
0	394	30	0.842726
0	111	45	0.949909
0	360	207	0.853378
0	197	10	0.91384
0	330	278	0.863008
0	380	185	0.845436
0	352	186	0.85409
0	391	126	0.840497
0	497	308	0.805621
0	206	157	0.908886
0	491	65	0.806988
0	223	117	0.901555
0	278	167	0.878823
0	220	112	0.901444
0	225	85	0.899353
0	192	36	0.912808
0	158	52	0.927019
0	459	349	0.813433
0	431	47	0.82228
0	300	217	0.869185
0	487	334	0.803553
0	341	111	0.853597
0	118	26	0.943818
0	378	22	0.839788
0	234	65	0.893933
0	374	27	0.840542
0	349	105	0.849571
0	436	276	0.818667
0	169	150	0.920618
0	465	358	0.808044
0	200	21	0.906903
0	450	175	0.811722
0	130	55	0.93717
0	267	222	0.878573
1	398	5	0.828927
0	272	82	0.876284
0	473	338	0.80275
0	274	234	0.875067
0	446	158	0.811298
0	436	331	0.814526
0	455	305	0.807789
0	345	29	0.846996
0	52	44	0.973353
0	344	33	0.84655
0	357	166	0.841354
0	152	43	0.925615
0	228	59	0.892087
0	437	74	0.811526
0	283	115	0.869199
0	142	78	0.929689
0	375	21	0.833225
0	238	31	0.887217
0	52	46	0.97292
0	327	130	0.850955
0	226	28	0.891795
0	320	114	0.853363
0	433	180	0.811302
0	365	192	0.835918
0	486	303	0.791976
0	133	40	0.932921
0	445	189	0.805814
0	496	329	0.787464
0	458	194	0.800379
0	410	35	0.816705
0	264	169	0.873506
0	279	65	0.867163
0	386	183	0.824977
0	332	235	0.845605
0	441	298	0.80465
0	301	201	0.857733
0	217	36	0.892697
0	436	289	0.80479
0	410	152	0.814112
0	106	77	0.944154
0	448	67	0.799842
0	245	15	0.879441
0	105	19	0.944148
0	399	68	0.816291
0	69	25	0.962512
0	138	74	0.927566
0	424	49	0.806204
0	426	61	0.805061
0	459	320	0.790635
0	216	165	0.888844
0	434	312	0.799064
0	297	50	0.852929
0	428	181	0.8007
0	267	101	0.865236
0	392	138	0.813593
0	204	114	0.893391
0	276	146	0.860571
0	322	263	0.840462
1	210	0	0.889726
0	166	54	0.910506
0	398	39	0.808326
0	490	196	0.773899
0	362	7	0.82246
0	284	35	0.85492
0	283	176	0.855063
0	403	265	0.8052
0	434	188	0.792595
0	279	123	0.855664
0	57	44	0.966654
0	327	136	0.834743
0	409	41	0.801473
1	437	7	0.790504
0	203	77	0.89017
0	485	29	0.772076
0	176	31	0.903208
0	219	9	0.882234
0	138	57	0.922399
0	106	97	0.939295
0	435	327	0.789245
0	250	36	0.866799
0	464	177	0.77771
0	283	43	0.851064
0	344	280	0.823577
0	495	173	0.763879
0	302	172	0.841135
0	226	146	0.875966
0	249	13	0.864256
0	360	224	0.813723
0	308	83	0.83573
0	486	347	0.76189
0	251	87	0.860835
0	88	78	0.946331
0	192	165	0.889343
0	385	16	0.799173
0	467	48	0.766212
0	172	26	0.898955
0	324	5	0.825203
0	359	237	0.80952
0	411	310	0.787017
0	198	116	0.884432
0	242	138	0.862246
0	81	33	0.949129
0	439	322	0.774572
0	425	268	0.780092
0	438	39	0.774303
0	460	53	0.765042
0	111	33	0.930934
0	314	159	0.826434
0	481	259	0.755561
0	113	91	0.929363
0	409	167	0.784099
0	319	5	0.822497
0	165	40	0.899526
0	304	174	0.829018
0	283	41	0.838682
0	171	142	0.895875
0	497	148	0.74648
0	377	187	0.794626
0	262	88	0.847716
0	445	22	0.76618
0	472	166	0.755352
0	379	288	0.793521
0	96	57	0.938079
0	397	305	0.785103
0	280	117	0.838129
0	395	209	0.785879
0	484	266	0.748859
0	205	23	0.875389
0	316	220	0.819703
0	414	283	0.77615
0	303	164	0.825664
0	140	85	0.910954
0	444	261	0.762905
0	468	138	0.752885
0	215	43	0.868617
0	425	78	0.769465
0	234	74	0.858115
0	297	161	0.826469
0	342	34	0.80519
0	408	61	0.775927
0	438	213	0.763258
0	497	185	0.739571
0	343	202	0.804182
0	428	205	0.766858
0	238	181	0.855335
0	393	23	0.781638
0	334	182	0.807975
0	200	116	0.874963
0	299	36	0.823919
0	221	69	0.863189
0	347	219	0.800567
0	448	24	0.75612
0	293	73	0.825667
0	359	64	0.79406
0	461	145	0.750081
0	444	297	0.756455
0	186	78	0.880948
0	299	52	0.820867
0	459	98	0.74851
0	103	21	0.929321
0	267	79	0.835205
0	310	59	0.813534
0	490	90	0.732935
0	360	138	0.788346
0	204	20	0.867752
0	301	211	0.816119
0	169	99	0.887315
0	165	100	0.889571
0	464	317	0.740982
0	98	32	0.931192
0	423	289	0.758054
0	470	209	0.738206
0	497	92	0.727182
0	189	54	0.874669
0	453	120	0.744326
0	256	22	0.836421
0	179	64	0.879646
0	158	64	0.891968
0	175	115	0.881705
0	276	33	0.825281
0	74	56	0.946214
0	173	29	0.882351
0	359	144	0.782932
0	269	83	0.827964
0	469	259	0.733437
0	450	182	0.740554
0	218	50	0.854751
0	320	51	0.800044
0	434	98	0.7468
0	80	58	0.940975
0	242	200	0.840479
0	96	47	0.929752
0	416	162	0.752915
0	463	67	0.731228
1	213	1	0.855317
0	416	109	0.751254
0	95	85	0.929615
0	166	31	0.883066
0	347	81	0.78276
0	437	243	0.740745
0	228	162	0.845455
0	418	13	0.748095
0	304	187	0.803179
0	241	142	0.837274
0	195	88	0.864036
0	148	2	0.89283
0	182	62	0.871202
0	396	169	0.756542
0	355	215	0.775907
0	392	7	0.756772
1	360	3	0.771327
0	394	46	0.754715
0	213	49	0.850241
0	395	175	0.753431
0	371	41	0.76456
0	460	5	0.723345
0	446	204	0.729418
0	123	102	0.90705
0	276	164	0.813036
0	450	294	0.726868
0	441	10	0.73057
0	427	177	0.736424
0	333	29	0.781535
0	109	11	0.916058
0	423	175	0.737474
0	304	154	0.795984
0	489	27	0.707282
0	135	118	0.896871
0	209	48	0.848717
0	462	330	0.71705
0	336	254	0.776685
0	486	254	0.705529
0	474	310	0.710561
0	417	56	0.735991
0	414	86	0.737146
0	347	151	0.769797
0	360	145	0.763137
0	342	35	0.770698
0	318	154	0.782619
0	431	98	0.726133
0	408	3	0.736339
0	223	74	0.836296
0	470	312	0.707666
0	235	118	0.828661
0	181	146	0.862595
0	368	6	0.754933
0	297	173	0.792051
0	251	84	0.818196
0	238	114	0.825918
0	290	150	0.795602
0	172	23	0.867449
0	351	160	0.762016
0	383	122	0.745739
0	214	44	0.839916
0	352	251	0.760646
0	490	102	0.695353
0	341	228	0.765993
0	72	52	0.939359
0	348	152	0.761383
0	374	31	0.74723
0	344	223	0.761809
0	488	84	0.6925
0	444	22	0.711209
0	431	81	0.716922
0	411	296	0.726341
0	216	94	0.834689
0	472	266	0.697684
0	329	224	0.767759
0	418	63	0.721886
0	474	270	0.695573
0	476	37	0.6945
0	291	229	0.787996
0	304	236	0.780224
0	490	186	0.68772
0	309	42	0.776712
0	251	6	0.81055
0	373	145	0.741869
0	234	43	0.82075
0	115	18	0.902963
0	191	65	0.848505
0	347	170	0.754929
0	460	211	0.69896
0	252	57	0.8088
0	439	237	0.707839
0	202	166	0.840353
0	411	268	0.720661
0	281	197	0.789854
0	500	67	0.67868
0	152	45	0.874143
0	383	11	0.733781
0	493	138	0.68159
0	71	28	0.936932
0	64	9	0.942714
0	419	146	0.715348
0	402	78	0.723566
0	364	31	0.742764
0	295	62	0.780719
0	397	56	0.725291
0	350	91	0.749627
0	173	53	0.858176
0	226	167	0.821505
0	461	217	0.692785
0	190	159	0.845327
0	199	93	0.838811
0	330	75	0.758142
0	449	201	0.697286
0	404	33	0.718606
0	454	276	0.694347
0	271	142	0.791767
0	450	170	0.695804
0	273	23	0.790333
0	451	266	0.695023
0	468	245	0.686268
0	455	17	0.691983
0	300	170	0.772682
0	143	8	0.876816
0	194	30	0.839684
1	310	0	0.765939
0	333	212	0.752762
0	402	38	0.714753
0	371	109	0.730477
0	89	22	0.918677
0	319	104	0.758819
0	363	214	0.73338
0	395	118	0.714956
0	198	43	0.83263
0	403	101	0.70895
0	325	13	0.751082
0	81	34	0.92357
0	331	213	0.747229
0	380	186	0.720142
0	348	228	0.737426
0	325	95	0.748862
0	454	153	0.680932
0	403	66	0.706174
0	321	51	0.750943
0	315	234	0.75403
0	423	23	0.694787
0	78	62	0.924997
0	443	235	0.68322
0	414	28	0.69711
0	287	125	0.768479
0	215	37	0.815755
0	482	263	0.663822
0	486	148	0.661348
0	123	30	0.885187
0	392	199	0.706881
0	461	120	0.672148
0	322	23	0.74495
0	492	73	0.656257
0	252	179	0.787979
0	148	31	0.863463
0	288	196	0.764387
0	306	170	0.753132
0	103	68	0.900585
0	178	81	0.838699
0	428	13	0.683517
0	141	106	0.867552
1	327	0	0.738511
0	337	106	0.73259
0	152	108	0.858591
0	109	24	0.894095
0	302	83	0.751903
0	474	187	0.658749
0	468	46	0.660749
1	379	1	0.70517
0	202	163	0.817689
0	386	215	0.700951
0	281	74	0.762851
0	140	93	0.865788
0	322	47	0.737082
0	311	203	0.742861
0	245	164	0.785642
0	402	166	0.690717
0	155	131	0.852756
0	376	105	0.704526
0	336	17	0.727346
0	276	75	0.763524
0	489	274	0.64554
0	422	47	0.677946
0	366	91	0.708201
0	491	280	0.644002
0	328	5	0.72921
0	487	62	0.644444
0	334	45	0.725451
0	434	281	0.66991
0	255	150	0.774668
0	245	56	0.781558
0	479	247	0.646583
0	205	69	0.809975
0	320	185	0.731241
0	235	145	0.787425
0	321	61	0.730491
0	403	199	0.6833
0	243	49	0.781411
0	460	75	0.652553
0	235	157	0.785752
0	402	265	0.681538
0	472	85	0.645656
0	446	58	0.658087
0	56	5	0.938564
0	409	187	0.676554
0	133	101	0.865375
0	121	55	0.875663
0	476	4	0.641382
0	259	108	0.766013
0	375	94	0.69333
0	452	121	0.652012
0	399	43	0.679194
0	356	218	0.702659
0	160	33	0.839722
0	445	216	0.653154
0	169	108	0.832076
0	256	107	0.765817
0	342	135	0.709955
1	235	0	0.780773
0	488	103	0.631466
0	299	57	0.735957
0	253	42	0.766654
0	391	264	0.679959
0	348	183	0.703741
0	387	107	0.681067
0	263	18	0.75857
0	499	310	0.623491
0	424	236	0.660369
0	221	45	0.788489
0	96	5	0.895373
0	200	44	0.80389
0	374	151	0.686458
0	437	139	0.651044
0	238	135	0.773931
0	479	237	0.629336
0	68	19	0.922745
0	429	262	0.65377
0	77	9	0.913051
0	122	45	0.868738
0	306	4	0.724956
0	432	217	0.650749
0	376	167	0.681539
0	152	22	0.841108
0	285	87	0.738378
0	168	102	0.826916
0	173	56	0.822392
0	275	156	0.744312
0	362	75	0.688204
0	234	108	0.773372
0	340	141	0.701306
0	187	59	0.810099
0	484	253	0.622067
0	153	124	0.838802
0	440	95	0.643919
0	79	4	0.909595
0	98	31	0.890201
0	312	54	0.717693
0	427	118	0.649932
0	350	169	0.69314
0	295	138	0.728026
0	423	57	0.651046
0	408	182	0.658667
0	414	232	0.654993
0	116	75	0.871372
0	227	113	0.775873
0	61	12	0.927856
0	492	301	0.614474
0	280	191	0.736181
0	200	138	0.795849
0	409	73	0.655282
0	83	63	0.903476
0	302	194	0.720033
0	318	42	0.70917
0	364	29	0.680508
0	196	89	0.79815
0	210	3	0.786553
0	404	259	0.656942
0	480	37	0.616897
0	285	147	0.730344
0	439	51	0.637036
0	343	147	0.691871
0	248	1	0.756368
0	197	119	0.796104
0	196	84	0.796595
0	427	51	0.641488
0	444	140	0.632327
0	278	58	0.73307
0	497	34	0.605473
0	227	118	0.770565
0	252	183	0.750948
0	111	29	0.872311
0	418	80	0.644331
0	113	23	0.870112
0	256	179	0.747158
0	216	42	0.777753
0	451	103	0.62611
1	373	0	0.66913
0	323	187	0.699383
0	207	150	0.783737
0	318	91	0.702183
0	291	88	0.720319
0	334	6	0.691503
0	239	134	0.757696
0	246	91	0.752
0	131	62	0.850563
0	105	83	0.876547
0	157	76	0.825607
0	388	128	0.65664
0	281	38	0.725283
0	121	68	0.859606
0	307	180	0.706847
0	439	36	0.62731
0	161	86	0.820788
0	385	54	0.655917
0	279	144	0.724027
0	407	20	0.642424
0	256	90	0.740454
0	380	175	0.657558
0	124	19	0.854539
0	338	186	0.68275
0	438	215	0.623386
0	125	95	0.852867
0	474	114	0.604403
0	445	166	0.618268
0	383	96	0.65231
0	139	109	0.837752
0	294	4	0.709384
0	313	36	0.696202
0	160	129	0.817394
0	199	88	0.782404
0	258	4	0.734684
0	288	98	0.712651
0	238	38	0.750046
0	216	12	0.767687
0	336	113	0.679634
0	495	43	0.589692
0	353	101	0.668151
0	239	160	0.748328
0	295	131	0.706323
0	281	88	0.715809
0	90	2	0.88716
0	194	105	0.784641
0	230	112	0.754292
0	228	137	0.755807
0	114	75	0.860876
0	342	121	0.672901
0	420	176	0.626169
0	293	141	0.705617
0	69	34	0.910512
0	364	65	0.658508
0	208	135	0.771322
0	246	74	0.740298
0	466	247	0.600695
0	300	207	0.700212
0	395	221	0.639464
0	163	93	0.810935
0	349	185	0.666963
0	310	210	0.692215
0	452	232	0.606598
0	394	140	0.638747
0	283	76	0.710779
0	492	57	0.585654
0	324	48	0.681965
0	375	130	0.64803
0	355	100	0.660399
0	483	107	0.588078
0	463	265	0.598256
0	254	27	0.730745
0	426	242	0.617534
0	473	117	0.592207
0	497	10	0.580185
0	309	172	0.689702
0	360	5	0.655371
0	145	39	0.825107
0	405	173	0.627824
0	455	225	0.599483
0	282	57	0.707012
0	215	75	0.759903
0	228	101	0.748654
0	474	11	0.588466
0	175	96	0.79458
0	461	142	0.594447
0	307	19	0.687001
0	404	198	0.624737
0	83	7	0.890075
0	494	275	0.576321
0	311	112	0.68336
0	401	50	0.625989
0	348	229	0.658519
0	424	20	0.612198
0	203	36	0.767277
0	245	114	0.731833
0	90	11	0.881221
0	241	75	0.734475
0	489	191	0.576661
0	212	101	0.757696
0	478	273	0.581044
0	256	144	0.720561
0	380	228	0.633913
0	265	146	0.712714
0	317	21	0.674517
0	136	15	0.827876
0	371	131	0.637947
0	311	105	0.677574
0	441	242	0.59684
0	434	96	0.600598
0	258	178	0.716341
0	475	134	0.577496
0	274	63	0.702555
0	382	182	0.628642
0	317	86	0.67064
0	243	153	0.726473
0	469	26	0.579139
0	497	143	0.56449
0	168	20	0.792917
0	312	119	0.67321
0	290	180	0.688933
0	285	126	0.692369
0	398	171	0.616443
0	449	189	0.587273
0	446	25	0.588691
0	385	76	0.62373
0	331	190	0.65777
0	369	4	0.63253
0	420	44	0.601137
0	361	215	0.63677
0	303	46	0.675993
0	494	65	0.560399
0	325	154	0.659564
0	82	12	0.884606
0	423	165	0.597733
0	183	56	0.774183
0	303	135	0.674163
0	184	8	0.772641
0	398	29	0.61064
0	143	96	0.813062
0	282	15	0.687933
0	395	71	0.610874
0	334	126	0.649196
0	251	154	0.711082
0	227	34	0.731167
0	289	32	0.680978
0	189	37	0.765459
0	430	199	0.589107
0	431	71	0.58835
0	427	232	0.590379
0	361	190	0.630135
0	418	31	0.595016
0	476	154	0.563119
0	140	74	0.814017
0	372	61	0.622208
0	87	4	0.875549
0	159	30	0.793406
0	225	145	0.730471
0	333	73	0.646743
0	275	176	0.688918
0	244	92	0.713919
0	230	5	0.724334
0	212	34	0.740297
0	88	68	0.872459
0	248	118	0.707643
0	146	14	0.804316
0	200	31	0.749815
0	229	137	0.722746
0	290	34	0.672879
0	296	39	0.668317
0	280	47	0.680231
0	110	44	0.843911
0	470	102	0.558477
0	133	108	0.8168
0	471	10	0.557186
0	430	171	0.578651
0	485	138	0.548833
0	472	96	0.554615
0	257	74	0.695761
0	385	87	0.60414
0	282	80	0.675548
0	327	203	0.6422
0	448	218	0.566147
0	415	117	0.584641
0	171	35	0.773114
0	224	120	0.722264
0	289	20	0.668101
0	325	60	0.641508
0	480	241	0.547838
0	316	31	0.64744
0	251	109	0.697655
0	418	44	0.580634
0	370	50	0.609883
0	449	149	0.56248
0	482	18	0.544574
0	341	58	0.628271
0	315	193	0.646194
0	227	158	0.716865
0	400	86	0.589251
0	438	190	0.567071
0	242	87	0.703161
0	462	37	0.55372
0	206	7	0.734918
0	486	158	0.540116
0	404	86	0.585403
0	397	76	0.589541
0	74	54	0.884822
0	205	144	0.73483
0	468	185	0.548174
0	50	21	0.918829
0	234	107	0.70748
0	354	198	0.615171
0	146	93	0.794795
0	183	53	0.755431
0	367	66	0.60625
0	453	24	0.554288
0	360	199	0.60963
0	93	36	0.858038
0	470	85	0.544387
0	255	123	0.687312
0	453	12	0.553011
0	425	121	0.568511
0	439	186	0.560018
0	356	210	0.610696
0	157	25	0.780324
0	94	27	0.855719
0	456	76	0.549153
0	412	89	0.573793
0	380	141	0.593391
0	195	34	0.739543
0	223	137	0.712511
0	394	212	0.583367
0	245	38	0.692356
0	484	199	0.532267
0	197	7	0.736521
0	358	89	0.605215
0	412	220	0.570747
0	425	232	0.562697
0	67	25	0.890781
0	257	8	0.679988
0	191	26	0.739933
0	211	89	0.720215
0	451	136	0.546231
0	495	18	0.522878
0	285	10	0.655531
0	221	108	0.709482
0	348	154	0.607611
0	407	47	0.569215
0	363	140	0.596987
0	137	55	0.796722
0	424	90	0.558704
0	473	241	0.531345
0	375	199	0.588215
0	408	21	0.566894
0	395	70	0.573646
0	291	16	0.645903
0	269	129	0.663659
0	266	89	0.665614
0	316	56	0.626022
0	281	56	0.652945
0	396	59	0.571512
0	366	131	0.590419
0	83	62	0.863604
0	202	23	0.721761
0	432	157	0.54777
0	264	122	0.664507
0	432	75	0.547585
0	437	82	0.544671
0	268	143	0.660842
0	371	145	0.584512
0	340	199	0.604605
0	147	27	0.77953
0	287	180	0.643816
0	399	174	0.565099
0	304	117	0.630099
0	136	88	0.791948
0	119	96	0.812968
0	327	154	0.612474
0	236	159	0.685728
0	367	211	0.583853
0	322	171	0.615107
0	422	172	0.548571
0	308	48	0.623948
0	161	114	0.760072
0	121	2	0.808053
0	363	83	0.583861
0	303	148	0.626374
0	103	69	0.831239
0	190	19	0.727428
0	220	128	0.69714
0	483	92	0.511735
0	497	76	0.504446
0	410	74	0.551479
0	442	89	0.532253
0	390	164	0.56302
0	193	121	0.722432
0	378	114	0.570525
0	152	91	0.76757
0	257	24	0.661209
0	459	238	0.521665
0	412	64	0.548017
0	193	93	0.721192
0	417	110	0.544439
0	467	241	0.516192
0	262	125	0.655349
0	211	12	0.702126
0	69	6	0.878092
0	287	36	0.633558
0	259	96	0.657043
0	399	190	0.5542
0	52	35	0.905058
0	163	109	0.752523
0	326	31	0.603144
0	316	2	0.610513
0	332	107	0.598229
0	381	170	0.5647
0	431	198	0.533819
0	472	200	0.510765
0	277	121	0.639806
0	228	140	0.683319
0	116	6	0.809155
0	278	136	0.638659
0	386	157	0.559749
0	205	25	0.704702
0	482	75	0.503419
0	409	30	0.543635
0	80	24	0.858795
0	175	74	0.735083
0	326	73	0.598162
0	390	126	0.554406
0	331	10	0.593886
0	225	32	0.682394
0	248	8	0.660781
0	167	36	0.743089
0	260	46	0.649902
0	434	100	0.526032
0	413	171	0.538344
0	336	85	0.589026
0	364	116	0.569162
0	274	107	0.636971
0	88	45	0.845153
0	418	182	0.534511
0	451	221	0.515148
0	50	44	0.905476
0	414	104	0.536348
0	382	143	0.556009
0	373	208	0.561736
0	316	34	0.60165
0	301	37	0.612354
0	489	91	0.492878
0	137	19	0.776186
0	350	127	0.575226
0	441	84	0.51767
0	463	97	0.50538
0	208	132	0.694282
0	420	26	0.529339
0	161	36	0.745535
0	101	37	0.823428
0	289	75	0.619107
0	323	2	0.5925
0	111	88	0.80825
0	269	18	0.634828
0	424	41	0.523917
0	71	38	0.867798
0	181	45	0.720249
0	216	85	0.683126
0	416	69	0.528114
0	71	49	0.867471
0	450	36	0.507549
0	422	207	0.523584
0	180	63	0.720342
0	450	91	0.506955
0	411	106	0.529329
0	435	153	0.514876
0	309	73	0.59905
0	198	15	0.69949
0	219	22	0.677514
0	287	75	0.615616
0	356	7	0.562426
0	459	175	0.49918
0	51	9	0.899673
0	95	32	0.827953
0	225	74	0.67017
0	284	77	0.616643
0	350	84	0.565504
0	280	56	0.618952
0	360	33	0.558067
0	369	184	0.551866
0	232	60	0.661649
0	438	44	0.508588
0	334	79	0.575718
0	202	28	0.691495
0	324	82	0.58251
0	218	128	0.67438
0	440	38	0.506322
0	291	12	0.607621
0	483	75	0.482319
0	160	98	0.736257
0	217	121	0.672903
0	303	66	0.595556
0	317	134	0.584261
0	425	68	0.51123
0	256	33	0.634438
0	445	111	0.498686
0	174	121	0.717416
0	218	47	0.668965
0	315	142	0.582919
0	264	63	0.624159
0	367	28	0.544186
0	459	73	0.487554
0	269	163	0.618549
0	405	113	0.517936
0	387	83	0.528875
0	161	78	0.729292
0	401	93	0.519416
0	428	14	0.503118
0	125	54	0.775673
0	64	24	0.870882
0	407	94	0.514463
0	239	82	0.642938
0	252	139	0.630158
0	425	21	0.502287
0	374	161	0.534148
0	356	176	0.545734
0	350	164	0.549564
0	464	68	0.479135
0	202	116	0.678487
0	297	120	0.588736
0	342	181	0.554052
0	265	83	0.61581
0	192	15	0.688532
0	343	142	0.553043
0	453	213	0.48358
0	238	93	0.640457
0	389	94	0.52104
0	252	140	0.626473
0	406	34	0.509647
0	454	127	0.481495
0	389	74	0.51984
0	299	16	0.583955
0	55	13	0.883898
0	458	135	0.476901
0	378	46	0.524786
1	176	0	0.703326
0	399	135	0.510599
0	485	31	0.461671
0	451	13	0.479672
0	244	36	0.630154
0	370	48	0.528908
0	474	18	0.466955
0	278	36	0.598973
0	210	114	0.66375
0	242	70	0.631247
0	360	181	0.534872
0	489	32	0.458437
0	485	4	0.460469
0	487	125	0.459058
0	389	79	0.514443
0	270	103	0.604172
0	392	32	0.512073
0	213	58	0.658688
0	275	146	0.598893
0	395	22	0.509234
0	330	90	0.55324
0	334	104	0.550162
0	165	2	0.711609
0	347	184	0.539594
0	307	30	0.569796
0	313	143	0.564963
0	201	33	0.669079
0	258	146	0.611649
0	187	53	0.684605
0	162	85	0.714431
0	404	116	0.500734
0	129	44	0.758485
0	444	73	0.476592
0	192	16	0.677492
0	257	56	0.610723
0	346	1	0.537658
0	232	46	0.633927
0	402	116	0.499831
0	237	113	0.62878
0	129	15	0.756779
0	250	9	0.616079
0	284	157	0.584473
0	384	111	0.5098
0	50	15	0.888471
0	221	19	0.642981
0	439	31	0.475009
0	326	108	0.549133
0	428	124	0.47928
0	400	149	0.496112
0	190	21	0.674274
0	183	93	0.682425
0	282	30	0.58194
0	377	96	0.510044
0	481	111	0.449243
0	301	149	0.565868
0	301	84	0.565399
0	96	37	0.803096
0	181	62	0.683238
0	349	81	0.527834
0	431	79	0.474304
0	499	18	0.437806
0	447	194	0.465045
0	236	124	0.621732
0	203	11	0.656337
0	144	40	0.729156
0	225	89	0.63198
0	345	106	0.527976
0	452	8	0.460408
0	369	64	0.510532
0	300	32	0.561702
0	194	91	0.663235
0	175	65	0.685565
0	266	152	0.589192
0	241	84	0.612762
0	189	122	0.668618
0	490	36	0.437604
0	290	111	0.567477
0	198	54	0.657331
0	439	164	0.463847
0	209	92	0.644871
0	476	100	0.443173
0	273	62	0.580908
0	96	30	0.797274
0	391	48	0.49096
0	165	22	0.695573
0	240	14	0.610977
0	251	10	0.600194
0	314	52	0.545233
0	88	32	0.81023
0	350	134	0.516388
0	370	18	0.50244
0	345	85	0.519749
0	337	138	0.525524
0	452	55	0.451944
0	405	131	0.478765
0	392	57	0.486366
0	259	26	0.588852
0	165	99	0.691002
0	433	85	0.459838
0	442	53	0.454485
0	62	49	0.855879
0	332	32	0.525802
0	192	113	0.65626
0	299	69	0.55075
0	422	172	0.464739
0	441	112	0.45301
0	226	88	0.617739
0	169	114	0.68349
0	368	93	0.497694
0	220	85	0.623529
0	93	12	0.795957
0	414	132	0.466214
0	493	104	0.422937
0	95	38	0.791778
1	228	0	0.612914
0	89	21	0.802206
0	291	12	0.55322
0	244	134	0.596055
0	469	81	0.434075
0	98	18	0.785674
0	492	1	0.419966
0	442	192	0.445218
0	70	40	0.835102
0	255	89	0.581541
0	198	45	0.640409
0	154	38	0.695928
0	307	27	0.534341
0	467	32	0.429966
0	423	101	0.454298
0	460	169	0.4334
0	106	52	0.768086
0	383	160	0.477738
0	240	34	0.592495
1	445	0	0.439002
0	209	2	0.624491
0	496	113	0.411996
0	171	62	0.669813
0	379	118	0.477581
0	389	128	0.47106
0	359	86	0.490862
0	187	96	0.648787
0	141	85	0.71005
0	115	68	0.749842
0	484	180	0.415
0	148	57	0.698019
0	302	125	0.531123
0	98	39	0.77696
0	241	131	0.585685
0	394	169	0.463166
0	298	74	0.532772
0	93	71	0.784776
0	243	84	0.582544
0	499	124	0.403941
0	128	14	0.724327
0	82	30	0.803776
0	93	34	0.783105
0	198	70	0.62877
0	436	188	0.434758
0	167	54	0.667527
0	356	18	0.483996
0	406	62	0.450558
0	400	35	0.453232
0	144	25	0.697126
0	281	76	0.541152
0	338	43	0.495049
0	215	34	0.606333
0	348	134	0.487266
0	150	50	0.687498
0	160	14	0.673075
0	426	149	0.435959
0	178	67	0.648662
0	360	34	0.477115
0	170	86	0.658401
0	444	180	0.424383
0	246	115	0.57056
0	499	164	0.395288
0	120	38	0.73089
0	75	56	0.812898
0	139	10	0.700935
0	255	40	0.560301
0	415	137	0.439018
0	108	27	0.750261
0	91	39	0.780511
0	79	52	0.803674
0	55	8	0.854447
0	415	147	0.43753
0	121	65	0.727142
0	109	11	0.746895
0	100	9	0.762778
0	448	31	0.417783
0	128	3	0.715065
0	336	66	0.488617
0	202	58	0.613627
0	439	157	0.421387
0	405	164	0.441146
0	97	37	0.767155
0	368	39	0.464499
0	242	40	0.568625
0	346	12	0.479658
0	367	105	0.46469
0	482	81	0.397896
0	118	2	0.729596
0	343	106	0.481296
0	100	63	0.760828
0	218	28	0.592734
0	273	92	0.537138
0	197	82	0.61631
0	406	94	0.437855
0	163	99	0.659525
0	389	65	0.448019
0	87	60	0.783836
0	188	50	0.626241
0	319	90	0.496803
0	212	66	0.597552
0	368	110	0.460938
0	409	106	0.434629
0	337	129	0.481892
0	430	123	0.421494
0	272	15	0.535135
0	130	30	0.706472
0	353	101	0.469733
0	148	95	0.678335
0	245	60	0.560021
0	365	91	0.459815
0	297	145	0.511061
0	430	11	0.419103
0	387	123	0.444484
0	424	104	0.421896
0	164	93	0.653386
0	359	136	0.462624
0	500	78	0.381947
0	280	115	0.524503
0	377	143	0.450198
0	180	97	0.631498
0	79	13	0.795716
0	342	112	0.473544
0	151	6	0.67042
0	318	34	0.49063
0	193	3	0.612301
0	304	127	0.499979
0	218	44	0.582342
0	415	51	0.422562
0	346	148	0.467296
0	300	19	0.502439
0	470	5	0.391888
0	384	3	0.440837
0	159	99	0.65564
0	365	121	0.452956
0	107	63	0.738517
0	182	90	0.624053
0	378	156	0.443957
0	315	75	0.4893
0	172	44	0.636951
0	67	1	0.817828
0	284	43	0.513617
0	454	55	0.397701
0	77	53	0.795498
0	353	2	0.458948
0	172	83	0.634931
0	201	51	0.598105
0	109	76	0.732892
0	402	36	0.426311
0	136	16	0.686862
0	165	69	0.643079
0	200	81	0.597693
0	442	173	0.401855
0	352	51	0.457323
0	202	87	0.59484
0	467	73	0.388359
0	295	50	0.50121
0	371	137	0.4437
0	215	37	0.578745
0	207	80	0.587474
0	251	45	0.539543
0	129	34	0.69489
0	253	72	0.537269
0	208	41	0.585173
0	110	74	0.727282
0	412	149	0.415875
0	347	20	0.45739
0	493	133	0.372341
0	493	161	0.371094
0	234	4	0.553703
0	142	21	0.671498
0	291	80	0.499237
0	130	3	0.690001
0	342	142	0.45826
0	367	117	0.440732
0	355	20	0.448459
0	104	60	0.735071
0	239	85	0.546908
0	496	136	0.366999
0	229	80	0.55607
0	316	49	0.475549
0	297	6	0.490592
0	387	38	0.424857
0	466	150	0.379682
0	247	37	0.535717
0	274	21	0.509838
0	60	11	0.825842
0	183	23	0.608482
0	484	31	0.37004
0	241	8	0.541159
0	106	13	0.727949
0	465	80	0.378628
0	235	114	0.545751
0	297	5	0.486738
0	414	124	0.404824
0	150	33	0.652304
0	348	30	0.446855
0	181	24	0.608171
0	102	58	0.733491
0	486	27	0.365951
0	118	15	0.703771
0	117	14	0.705506
0	311	107	0.473722
0	58	8	0.828366
0	264	107	0.514583
1	170	0	0.621955
0	153	79	0.646077
0	278	128	0.501007
0	361	77	0.435541
0	455	20	0.379381
0	73	31	0.791914
0	249	62	0.527202
0	427	105	0.393939
0	412	30	0.401871
0	386	48	0.417037
0	208	117	0.570105
0	113	64	0.708459
0	163	38	0.627469
0	147	32	0.651205
0	485	168	0.361077
0	88	26	0.756877
0	165	90	0.623961
0	138	51	0.664466
0	111	12	0.710228
0	334	138	0.448629
0	459	96	0.371789
0	123	54	0.688052
0	403	157	0.402062
0	311	50	0.465569
0	249	92	0.520908
1	87	0	0.756744
0	205	13	0.568963
0	460	124	0.37025
0	414	61	0.394942
0	478	169	0.360992
0	226	10	0.544325
0	444	133	0.377938
0	205	32	0.568015
0	191	94	0.585073
0	54	39	0.832934
0	356	38	0.430528
0	87	22	0.755327
0	477	97	0.360199
0	250	69	0.517705
0	437	71	0.38041
0	159	16	0.627775
0	76	7	0.778993
0	275	44	0.493257
0	366	6	0.422292
0	361	81	0.425365
0	332	75	0.445789
0	252	10	0.514131
0	436	27	0.379129
0	54	17	0.831356
0	448	60	0.372412
0	460	130	0.36598
0	55	7	0.828331
0	252	74	0.512213
0	443	132	0.373683
0	288	15	0.477665
0	412	66	0.38975
0	85	47	0.754454
0	499	86	0.343149
0	287	84	0.475214
0	446	152	0.368156
0	459	48	0.361315
0	275	44	0.485217
0	424	69	0.379363
0	243	27	0.516082
0	437	131	0.371855
0	332	97	0.437381
0	327	120	0.441114
0	417	72	0.381214
0	386	121	0.39856
0	178	34	0.589407
0	355	29	0.418511
0	494	54	0.340891
0	204	50	0.555545
0	178	45	0.588787
0	82	25	0.756547
0	360	14	0.41431
0	231	117	0.524122
0	357	53	0.415876
0	336	95	0.430495
0	482	86	0.34475
0	361	71	0.412245
0	182	83	0.581773
0	127	54	0.66585
0	353	37	0.417043
0	392	42	0.389897
0	481	128	0.341498
0	271	18	0.478803
0	396	58	0.385802
0	323	34	0.434937
0	494	99	0.334491
0	150	79	0.623234
0	86	50	0.74256
0	496	160	0.333162
0	250	27	0.497596
0	483	61	0.338874
0	427	146	0.366983
0	500	165	0.33114
0	456	54	0.351773
0	153	10	0.617683
0	405	49	0.378955
1	197	0	0.556357
0	136	62	0.644597
0	362	87	0.405073
0	164	40	0.6004
0	109	58	0.69307
0	396	123	0.38329
0	269	78	0.477469
0	92	40	0.727605
0	84	30	0.744882
0	88	38	0.735745
0	138	9	0.638832
0	184	3	0.569142
0	164	49	0.596976
0	153	27	0.613429
0	461	110	0.344208
0	429	80	0.360118
0	171	24	0.584995
0	470	106	0.338864
0	364	58	0.398224
0	373	50	0.390598
0	428	7	0.358056
0	400	3	0.373645
0	65	25	0.785885
0	209	106	0.53289
0	363	74	0.396271
0	88	6	0.729887
0	170	54	0.582856
0	151	87	0.611347
0	182	81	0.565446
0	322	98	0.423691
0	419	77	0.360783
0	477	13	0.331213
0	54	25	0.813534
0	404	91	0.368098
0	238	76	0.497033
0	350	13	0.401819
0	266	15	0.469105
0	79	20	0.748323
0	387	58	0.377671
0	369	1	0.388355
0	411	27	0.362517
0	387	58	0.375853
0	55	39	0.809019
0	311	131	0.427961
0	427	76	0.352542
0	470	43	0.330906
0	255	46	0.47675
0	413	25	0.359849
0	274	119	0.458535
0	111	25	0.676148
0	170	19	0.576848
0	211	22	0.523379
0	113	38	0.672177
0	152	52	0.603612
0	459	99	0.335174
0	153	61	0.601782
0	319	58	0.420207
0	68	24	0.772278
0	386	115	0.373763
0	292	53	0.440831
0	484	136	0.322174
0	424	20	0.351413
0	453	71	0.336296
0	247	57	0.481609
0	392	84	0.369174
0	362	69	0.387547
0	60	9	0.792399
0	289	126	0.4421
0	452	148	0.335424
0	197	9	0.536597
0	422	50	0.350669
0	362	137	0.386019
0	180	59	0.558206
0	198	105	0.534147
0	149	30	0.603648
0	180	24	0.557222
0	160	30	0.585863
0	113	39	0.666666
0	461	99	0.327548
0	83	53	0.730124
0	85	47	0.725331
0	166	15	0.57484
0	111	20	0.668244
0	76	56	0.745925
0	242	59	0.479553
0	497	139	0.309512
0	224	5	0.498249
0	391	118	0.362154
0	341	62	0.394039
0	52	31	0.810009
0	242	87	0.477842
0	437	111	0.33562
0	290	119	0.431514
0	308	13	0.416785
0	179	86	0.551477
0	175	27	0.55667
0	404	64	0.352205
0	417	101	0.344851
0	152	36	0.590776
0	381	21	0.365404
0	194	102	0.530399
0	355	64	0.381616
0	161	23	0.575642
0	73	41	0.749428
0	74	17	0.746438
0	113	44	0.658355
0	238	22	0.477505
0	207	97	0.512096
0	394	33	0.355134
0	214	80	0.503043
0	462	137	0.318945
0	186	60	0.537026
0	443	119	0.327414
0	280	27	0.43484
0	116	41	0.649326
0	257	7	0.455175
0	432	26	0.331495
0	53	18	0.801514
0	254	2	0.45722
0	308	40	0.409852
0	293	99	0.421338
0	220	84	0.491716
0	377	49	0.360304
0	384	131	0.355542
0	104	4	0.670502
0	310	68	0.405443
0	212	16	0.498749
0	407	98	0.340329
0	330	62	0.388494
0	488	87	0.300399
0	347	114	0.376412
0	257	84	0.44885
0	469	141	0.308188
0	271	22	0.435089
0	332	67	0.385802
0	234	17	0.471167
0	371	18	0.359214
0	408	24	0.337241
0	172	30	0.546587
0	196	2	0.514006
0	267	13	0.436986
0	217	13	0.488266
0	242	15	0.460223
0	268	69	0.434971
0	277	1	0.426513
0	89	34	0.698283
0	211	60	0.49396
0	154	81	0.572154
0	428	65	0.324735
0	500	16	0.290858
0	427	19	0.324082
0	108	19	0.654266
0	360	57	0.362035
0	300	49	0.405073
0	227	77	0.472952
0	118	65	0.632437
0	246	103	0.452133
0	201	52	0.502314
0	368	94	0.355297
0	341	24	0.372405
0	296	82	0.406026
0	253	92	0.443495
0	407	78	0.330118
0	487	113	0.291499
0	113	26	0.638532
0	134	15	0.59825
0	161	10	0.553403
0	394	130	0.335463
0	482	40	0.291508
0	342	56	0.36624
0	264	108	0.428073
0	89	49	0.689429
0	303	105	0.394043
0	175	23	0.528941
0	349	109	0.359911
0	472	86	0.293538
1	149	0	0.566894
0	221	19	0.468113
0	115	43	0.628212
0	380	89	0.337679
0	302	21	0.390803
0	179	32	0.518852
0	234	31	0.451892
0	422	116	0.313324
0	129	10	0.598599
0	442	45	0.303193
0	460	134	0.294368
0	164	55	0.539174
0	237	29	0.446896
0	261	7	0.4226
0	251	68	0.432131
0	112	12	0.630235
0	446	93	0.299563
0	394	28	0.326043
0	500	67	0.27578
0	129	44	0.595766
0	268	99	0.414624
0	275	62	0.408022
0	94	62	0.667717
0	477	122	0.283239
0	243	39	0.436282
0	386	28	0.327253
0	394	32	0.322703
0	233	96	0.445949
0	303	74	0.382164
0	468	130	0.285657
0	83	3	0.692285
0	140	21	0.571066
0	328	18	0.362051
0	454	103	0.290596
0	289	43	0.391373
0	111	16	0.625967
0	301	84	0.381491
0	151	34	0.551445
0	132	20	0.58441
0	304	51	0.379014
0	169	73	0.523105
0	127	65	0.593344
0	358	30	0.341022
0	405	17	0.31345
0	169	58	0.521317
0	431	108	0.299171
0	344	41	0.347721
0	453	121	0.287947
0	450	108	0.288451
0	329	80	0.356111
0	121	18	0.600596
0	194	79	0.48396
0	432	93	0.296266
0	401	55	0.311658
0	142	7	0.560976
0	307	96	0.371433
0	396	49	0.314056
0	156	28	0.536876
0	452	105	0.285352
0	439	103	0.291082
0	111	2	0.618853
0	449	15	0.286149
0	167	59	0.517617
0	464	25	0.278425
0	286	66	0.384951
0	156	17	0.53378
0	390	71	0.314062
0	477	63	0.272214
0	387	64	0.315204
0	402	97	0.306831
0	51	28	0.777159
0	451	92	0.28278
0	473	60	0.273184
0	284	10	0.384397
1	307	0	0.366102
0	100	39	0.639179
0	482	52	0.268323
0	229	81	0.435206
0	377	18	0.318353
0	234	26	0.428896
0	129	70	0.576271
0	81	39	0.684039
0	462	29	0.274721
0	194	26	0.474213
0	422	100	0.292803
0	165	10	0.51406
0	238	99	0.422908
0	306	56	0.362774
0	445	106	0.281174
0	366	116	0.322159
0	158	70	0.523926
0	396	104	0.304815
0	265	48	0.394954
0	483	31	0.263146
0	188	79	0.478446
0	250	62	0.408195
0	194	63	0.470412
0	95	21	0.644345
0	315	77	0.353033
0	197	50	0.465479
0	286	4	0.374664
0	131	12	0.566732
0	278	79	0.380796
0	400	102	0.299236
0	318	106	0.349181
0	249	31	0.406416
0	215	1	0.442075
0	239	47	0.416128
0	321	39	0.346489
0	66	3	0.720449
0	168	84	0.502637
0	432	42	0.281011
0	471	73	0.263205
0	88	31	0.656577
0	165	61	0.504818
0	485	30	0.257454
1	374	0	0.31011
0	296	101	0.362221
0	305	21	0.355011
0	375	107	0.309208
0	131	24	0.561305
0	367	29	0.313406
0	401	74	0.294581
0	129	7	0.564817
0	152	22	0.524088
0	94	25	0.639879
0	414	39	0.286834
0	222	95	0.428574
0	229	4	0.420831
0	318	2	0.343363
0	341	51	0.327657
0	191	39	0.464832
0	193	80	0.461986
0	425	24	0.280528
0	115	17	0.590017
0	485	39	0.254192
0	404	3	0.290344
0	166	32	0.498915
1	126	0	0.566575
0	441	89	0.271357
0	211	50	0.437655
0	91	54	0.642884
0	143	73	0.532943
0	124	32	0.568145
0	62	29	0.724489
0	200	59	0.447395
0	285	87	0.362277
0	179	47	0.474776
0	377	16	0.300023
0	122	4	0.569678
0	394	71	0.28986
0	343	90	0.319
0	372	68	0.301226
0	255	27	0.385329
0	473	55	0.251625
0	385	32	0.292218
0	446	9	0.262734
0	84	1	0.653848
0	221	23	0.417877
0	500	120	0.240841
0	289	91	0.354201
0	198	33	0.444507
0	185	34	0.461253
0	239	38	0.398065
0	305	58	0.340738
0	357	72	0.306152
0	226	43	0.410011
0	50	10	0.758352
0	409	99	0.277256
0	64	1	0.709994
0	294	101	0.347343
0	302	17	0.34113
0	85	51	0.647368
0	202	72	0.435777
0	414	99	0.273058
0	97	9	0.614974
0	55	3	0.737797
0	70	7	0.687836
0	392	66	0.282097
0	460	61	0.250694
0	299	69	0.339662
0	223	91	0.408159
0	154	41	0.499613
0	269	61	0.363655
0	111	39	0.580543
0	447	102	0.255627
0	397	102	0.27863
0	421	39	0.266821
0	473	65	0.244365
0	350	37	0.303591
0	153	35	0.49879
0	394	24	0.278503
0	469	28	0.244401
0	162	59	0.48325
0	84	28	0.643295
0	344	94	0.305732
0	342	102	0.30568
0	79	50	0.655144
0	419	36	0.26341
0	155	58	0.490439
0	302	52	0.330435
0	168	66	0.470061
0	387	9	0.277939
0	81	12	0.647256
0	73	6	0.670293
0	184	40	0.446146
0	346	63	0.299455
0	294	45	0.334481
0	393	3	0.27286
0	412	7	0.263496
0	179	45	0.451171
0	170	19	0.463531
0	368	24	0.285198
0	354	13	0.293021
0	424	9	0.256907
0	251	85	0.36771
0	175	30	0.454333
0	312	30	0.318048
0	423	8	0.255815
0	249	3	0.368067
0	238	13	0.378381
0	338	60	0.29958
0	220	37	0.396268
0	273	83	0.345435
0	64	14	0.69208
0	258	36	0.357914
0	58	38	0.71237
0	285	23	0.3348
0	172	62	0.454436
0	50	33	0.741209
0	109	4	0.567785
0	364	31	0.282291
0	95	6	0.600762
0	299	60	0.323331
0	118	62	0.547424
0	319	27	0.309028
0	437	45	0.245959
0	334	46	0.298688
0	332	89	0.299828
0	218	71	0.394695
0	101	54	0.584236
0	188	65	0.429946
0	216	16	0.39564
0	127	65	0.526742
0	95	10	0.597642
0	309	9	0.313483
0	286	15	0.330276
0	160	30	0.468398
0	348	63	0.287932
0	169	60	0.453455
0	138	60	0.503602
0	286	21	0.328552
0	324	23	0.301571
0	336	39	0.293895
0	253	71	0.355904
0	123	43	0.531648
0	214	12	0.394076
0	498	67	0.217912
0	259	40	0.348805
0	211	16	0.396595
0	152	49	0.476593
0	67	23	0.673576
0	430	46	0.243282
0	369	65	0.272358
0	444	31	0.237124
0	331	50	0.293706
0	211	22	0.393791
0	350	36	0.281348
0	78	12	0.637219
0	272	19	0.334969
0	240	84	0.363388
0	135	64	0.503115
0	381	95	0.263903
0	298	61	0.314151
0	363	63	0.27321
0	131	56	0.509599
0	250	14	0.352386
0	272	49	0.333128
0	176	25	0.435596
0	107	48	0.559141
0	243	49	0.358039
0	269	63	0.335017
0	60	20	0.693058
0	248	72	0.353079
0	309	17	0.304523
0	390	42	0.257421
0	439	86	0.235122
0	139	61	0.492272
1	191	0	0.413454
0	135	35	0.498207
0	311	26	0.301073
0	437	94	0.234395
0	465	36	0.222792
0	75	33	0.639534
1	222	0	0.374471
0	95	50	0.583015
0	498	30	0.209623
0	273	6	0.325933
0	308	11	0.299974
0	405	8	0.245758
0	131	23	0.501668
0	330	66	0.285348
0	498	101	0.209063
0	183	52	0.418287
0	226	18	0.367783
0	373	85	0.260138
0	486	33	0.212419
0	90	21	0.592664
0	357	51	0.268
0	160	34	0.449401
0	166	28	0.43992
0	415	42	0.238527
0	411	94	0.240247
0	99	4	0.567364
0	298	12	0.303113
0	196	27	0.397578
0	147	44	0.467921
0	72	40	0.641748
0	52	22	0.712615
0	344	85	0.272418
0	250	44	0.339941
0	58	18	0.688315
0	341	71	0.27231
0	108	23	0.541485
0	441	66	0.224275
0	303	78	0.296104
1	119	0	0.517043
0	333	67	0.276358
0	141	9	0.47395
0	333	38	0.275661
0	456	96	0.217245
0	204	63	0.382798
0	208	25	0.37798
0	58	4	0.684629
0	92	35	0.577441
0	444	16	0.220483
0	222	25	0.361133
0	87	14	0.590399
0	273	75	0.314369
0	458	61	0.214478
0	259	74	0.325016
0	303	24	0.291364
0	366	76	0.253896
0	99	22	0.556921
0	169	59	0.423965
0	303	80	0.290997
0	384	40	0.244605
0	91	45	0.577177
0	95	35	0.566433
0	437	57	0.221138
0	125	26	0.497847
0	286	70	0.301737
0	198	14	0.384265
0	475	65	0.206221
0	103	33	0.545055
0	494	42	0.199825
0	416	37	0.228676
0	432	64	0.221782
0	454	91	0.212879
0	427	58	0.223181
0	271	47	0.310878
0	241	24	0.33652
0	77	30	0.613372
0	232	39	0.344805
0	333	12	0.26811
0	365	86	0.249887
0	257	32	0.321139
0	64	35	0.654285
0	307	77	0.282491
0	80	27	0.601247
0	412	45	0.226138
0	378	38	0.241075
1	59	0	0.669342
0	264	1	0.311167
0	205	63	0.367725
0	89	24	0.572537
0	243	78	0.328527
0	122	53	0.4933
0	201	33	0.371033
0	91	13	0.565506
0	114	51	0.508453
0	270	55	0.303556
0	177	15	0.399086
0	274	58	0.300095
0	300	45	0.281025
0	179	28	0.395319
0	299	74	0.28105
0	244	57	0.323836
0	198	32	0.370399
0	317	19	0.268099
0	167	28	0.409693
0	227	59	0.337897
0	447	49	0.205677
0	422	38	0.21512
0	199	62	0.367297
0	255	26	0.311726
0	208	28	0.357003
0	216	34	0.3483
0	135	62	0.460262
0	208	5	0.355976
0	197	26	0.368413
0	183	31	0.385484
0	393	21	0.226047
0	204	42	0.359679
0	232	50	0.330556
0	218	59	0.344287
0	329	4	0.257801
0	145	48	0.439752
0	258	29	0.306036
0	379	49	0.230872
0	274	23	0.293292
0	274	48	0.292768
0	456	79	0.199018
0	166	46	0.405604
0	195	53	0.367407
0	105	45	0.518092
0	157	25	0.418058
0	149	11	0.429931
0	105	26	0.516906
0	338	52	0.249355
0	72	10	0.6091
0	276	44	0.288624
0	96	12	0.537942
0	141	34	0.442091
0	419	64	0.210502
0	369	37	0.232302
0	259	27	0.301001
0	330	19	0.252426
1	467	0	0.192591
0	455	68	0.196
0	241	31	0.31517
0	313	79	0.261371
0	254	13	0.30348
0	481	21	0.186926
0	144	20	0.433759
0	151	61	0.421806
0	274	10	0.286554
0	372	38	0.228187
0	332	64	0.248049
0	257	57	0.298693
0	350	70	0.23785
0	441	41	0.198054
0	266	60	0.290423
0	479	70	0.185139
0	198	27	0.354643
0	240	35	0.311828
0	194	6	0.358869
0	158	49	0.406645
0	336	35	0.243085
0	341	20	0.240118
0	56	21	0.657794
0	283	43	0.275467
0	261	49	0.291711
0	398	30	0.212563
0	215	38	0.332878
0	358	79	0.230498
1	423	0	0.201899
0	81	44	0.568457
0	444	24	0.193748
0	55	20	0.659845
0	207	57	0.339616
0	57	24	0.650761
0	172	28	0.381707
0	195	5	0.352462
0	267	62	0.284219
0	281	48	0.273686
0	392	82	0.212203
0	302	4	0.258992
0	68	32	0.608169
0	439	1	0.193776
0	352	26	0.230153
0	215	14	0.328389
0	348	21	0.231989
0	253	14	0.293431
0	179	16	0.369757
0	461	15	0.185343
0	139	7	0.42997
0	171	32	0.380046
0	311	32	0.251787
0	311	69	0.251317
0	174	26	0.374089
1	344	0	0.231885
0	95	37	0.521792
0	362	64	0.222577
0	228	12	0.312479
0	390	19	0.20979
0	350	32	0.22807
0	314	9	0.247303
0	286	27	0.264951
0	279	32	0.268882
0	221	10	0.317047
0	87	46	0.541122
0	402	73	0.203318
0	68	24	0.601281
0	202	58	0.336482
0	307	7	0.250189
0	250	58	0.290308
0	113	30	0.474907
0	467	7	0.179463
0	440	56	0.188012
0	179	8	0.362698
0	322	63	0.240209
0	51	27	0.66606
0	154	41	0.397176
0	164	8	0.381866
0	464	43	0.179192
0	91	2	0.526768
0	338	40	0.230527
0	359	25	0.220008
0	443	8	0.186005
0	209	40	0.326173
0	236	66	0.299693
0	312	57	0.243503
0	143	56	0.412477
0	388	65	0.204924
0	186	26	0.34933
0	244	35	0.290388
0	315	33	0.240677
0	382	77	0.206705
0	449	50	0.181049
0	108	48	0.478445
0	348	44	0.221178
0	232	42	0.298577
0	259	18	0.275923
0	217	31	0.311782
0	167	42	0.370511
0	258	39	0.27588
0	499	34	0.164299
0	337	45	0.225458
0	310	8	0.240294
0	319	43	0.234913
0	86	40	0.532444
0	84	17	0.538219
0	62	6	0.611304
0	426	13	0.184894
0	496	12	0.162829
0	272	9	0.261577
0	237	13	0.289038
0	205	9	0.31954
0	361	2	0.210526
0	299	25	0.243249
0	93	7	0.50802
0	155	29	0.382048
0	359	54	0.210604
0	438	50	0.179372
0	372	17	0.204557
0	76	34	0.556318
0	360	63	0.209215
0	419	67	0.1852
0	388	8	0.197029
0	424	68	0.183325
0	268	36	0.261948
0	270	58	0.260334
0	456	61	0.172412
0	228	42	0.293875
0	450	70	0.174116
0	257	17	0.269532
0	239	43	0.283967
0	245	51	0.278011
0	339	38	0.216994
0	249	29	0.273821
0	139	33	0.403108
0	127	1	0.424094
0	55	33	0.629518
0	195	10	0.323929
0	454	32	0.170512
0	234	43	0.285054
0	312	26	0.230155
0	331	59	0.219042
0	370	72	0.200471
0	282	33	0.247035
0	448	18	0.170892
0	471	13	0.163852
0	372	26	0.198712
0	136	37	0.403564
0	149	42	0.38161
0	52	13	0.638393
0	110	15	0.454332
0	147	13	0.383785
0	53	13	0.633177
0	82	2	0.5268
0	164	15	0.357525
0	367	31	0.198929
0	186	45	0.328567
0	94	2	0.491485
0	414	56	0.179451
0	84	28	0.517838
0	280	33	0.2436
0	233	8	0.278989
0	415	11	0.178216
0	203	47	0.306914
1	72	0	0.555229
0	367	5	0.196688
0	123	7	0.421794
0	307	28	0.225897
0	320	57	0.21872
0	341	66	0.207921
0	120	37	0.427242
0	59	17	0.602634
0	305	2	0.226795
0	214	18	0.294503
0	75	15	0.543413
0	86	13	0.509269
0	145	3	0.380703
0	291	61	0.234479
0	459	48	0.1623
0	476	56	0.15725
0	488	36	0.153859
0	91	13	0.493122
0	185	13	0.323648
0	251	44	0.260471
0	103	18	0.461572
0	129	4	0.405995
0	70	22	0.557026
0	246	34	0.263057
0	230	2	0.276126
0	399	25	0.180162
0	210	24	0.294443
0	442	11	0.165438
0	206	52	0.298271
0	307	12	0.221769
0	189	45	0.316173
0	318	13	0.215507
0	348	66	0.200624
0	233	23	0.272646
0	277	54	0.239697
0	197	34	0.307125
0	368	47	0.191585
0	157	52	0.356977
0	375	49	0.188357
0	154	25	0.360865
0	141	40	0.381423
0	212	25	0.290798
0	282	65	0.235249
0	315	25	0.215334
0	251	62	0.256173
0	134	19	0.39132
0	310	66	0.217129
0	72	36	0.544126
0	391	37	0.179984
0	142	16	0.376681
0	396	41	0.178015
0	451	52	0.159767
0	483	23	0.150436
1	151	0	0.360913
0	419	65	0.168932
0	133	51	0.390207
0	278	36	0.234096
0	252	14	0.251672
0	235	58	0.265026
0	105	10	0.446415
0	418	54	0.168156
1	67	0	0.556863
0	207	49	0.287871
0	85	38	0.495472
0	202	55	0.291801
0	389	53	0.176208
0	386	12	0.176991
0	269	5	0.235583
0	221	16	0.27269
0	127	44	0.39468
0	128	31	0.392382
0	117	7	0.413728
0	229	15	0.264825
0	440	22	0.157752
0	89	10	0.480503
0	138	30	0.373299
0	214	7	0.277473
1	434	0	0.159148
0	117	29	0.412072
0	479	17	0.146119
0	123	24	0.399407
0	341	51	0.19341
0	218	13	0.272567
0	270	32	0.231887
0	464	5	0.149339
0	121	42	0.401783
0	157	6	0.340795
0	293	28	0.216531
0	302	5	0.211005
0	56	9	0.590408
0	472	52	0.145939
0	494	7	0.140042
0	395	23	0.16857
0	326	46	0.197045
0	160	24	0.332855
0	72	7	0.525546
0	92	4	0.464131
0	98	9	0.448392
0	159	37	0.333736
0	174	12	0.313928
0	167	47	0.322743
0	65	7	0.549925
0	88	19	0.473987
0	319	39	0.199071
0	294	48	0.211928
0	204	30	0.278168
0	302	34	0.206014
0	343	21	0.18576
0	196	30	0.284947
0	146	7	0.347318
0	120	27	0.392048
0	364	8	0.17524
0	117	46	0.397179
0	417	27	0.155863
0	104	23	0.42455
0	102	9	0.428703
0	330	60	0.187912
0	374	38	0.169479
0	157	5	0.32704
0	215	38	0.261911
0	176	9	0.302361
0	205	55	0.271141
0	350	46	0.178769
0	375	45	0.168288
0	111	3	0.40568
0	453	54	0.143149
0	106	29	0.415248
0	263	15	0.221745
0	281	31	0.210372
0	156	30	0.323974
0	313	38	0.19266
1	92	0	0.447888
0	152	8	0.329069
0	74	20	0.501427
0	126	46	0.369998
0	53	16	0.582336
0	298	5	0.198661
1	411	0	0.152335
0	87	17	0.458877
0	414	48	0.151047
0	437	52	0.144088
0	496	62	0.129136
0	284	50	0.205003
0	309	24	0.191338
0	353	2	0.170951
0	303	44	0.193288
0	351	36	0.171133
0	206	10	0.259779
0	122	28	0.37168
0	261	4	0.216265
0	416	17	0.147546
0	176	38	0.289521
0	191	1	0.272395
0	181	33	0.282109
0	259	41	0.21542
0	131	36	0.351552
0	239	7	0.229024
0	455	13	0.134772
0	344	25	0.170734
0	353	31	0.166959
0	81	18	0.46523
0	124	9	0.362111
0	255	2	0.216288
0	242	46	0.224929
0	232	5	0.232144
0	68	30	0.507671
0	303	55	0.18785
0	257	36	0.214259
0	310	1	0.184369
0	89	19	0.440034
0	167	31	0.295146
0	170	35	0.291277
0	327	35	0.175939
0	405	49	0.146902
0	84	29	0.453383
0	117	13	0.373179
0	440	13	0.136403
0	119	23	0.368274
0	136	40	0.337412
0	272	22	0.202927
0	214	22	0.243084
0	255	2	0.212139
0	448	9	0.132706
0	130	44	0.344957
0	114	24	0.374853
0	444	47	0.133353
0	303	34	0.183872
0	268	39	0.202846
0	258	6	0.208738
0	316	35	0.176911
0	342	6	0.164875
0	159	3	0.297067
0	285	24	0.190222
0	192	43	0.258357
0	432	28	0.134059
0	266	41	0.200296
0	417	43	0.13775
0	256	20	0.206306
0	316	14	0.173814
0	213	42	0.237007
0	410	18	0.138928
0	195	44	0.252975
0	150	23	0.305141
0	357	33	0.15575
0	249	25	0.208922
0	95	16	0.408722
0	150	31	0.303125
0	86	4	0.431158
0	357	46	0.154257
0	53	7	0.551225
0	54	8	0.54604
0	288	48	0.183964
0	55	15	0.541281
0	376	53	0.147
0	350	4	0.156161
0	98	24	0.39708
0	90	14	0.417105
0	385	37	0.143131
0	471	46	0.120136
0	65	9	0.497311
0	179	46	0.263952
0	387	38	0.142126
0	377	30	0.145341
0	352	46	0.15398
0	416	51	0.133241
0	311	31	0.170421
0	462	51	0.121414
0	411	34	0.134201
0	119	40	0.347883
0	283	27	0.183086
0	63	30	0.501512
0	72	2	0.46804
0	60	25	0.512972
0	146	24	0.302017
0	255	11	0.198236
0	291	12	0.17803
0	123	12	0.338222
0	70	15	0.471835
0	491	27	0.112949
0	153	21	0.289586
0	249	24	0.199901
0	341	47	0.15428
0	297	13	0.172802
0	174	15	0.262548
0	123	20	0.334785
0	195	39	0.240892
0	121	11	0.338188
0	326	51	0.158637
0	321	8	0.160575
0	366	17	0.143644
0	86	13	0.416214
0	329	35	0.156945
0	53	27	0.534677
0	234	7	0.206227
0	383	52	0.136863
0	135	9	0.310244
0	78	17	0.437089
0	286	23	0.174749
0	312	41	0.16229
0	286	11	0.174107
0	59	12	0.504692
0	178	42	0.251521
0	216	1	0.216382
0	409	13	0.127229
0	331	3	0.152274
0	474	18	0.111339
0	451	11	0.116355
0	417	38	0.124646
0	85	3	0.410773
0	193	1	0.234738
0	74	10	0.443147
0	407	27	0.125877
0	92	17	0.388994
0	65	23	0.473346
0	263	14	0.181296
0	123	19	0.320965
0	476	6	0.108841
0	311	43	0.157429
0	355	34	0.140335
0	125	36	0.316502
0	147	33	0.282256
0	289	6	0.166517
0	132	17	0.304008
0	89	7	0.39263
0	212	15	0.213415
0	339	14	0.144896
0	281	33	0.169333
0	153	21	0.272281
0	217	21	0.208721
0	249	5	0.186887
0	421	20	0.119523
0	209	7	0.214437
0	162	32	0.260101
0	275	8	0.171291
0	364	40	0.134559
0	225	33	0.200814
0	102	27	0.356227
0	133	30	0.29742
0	90	24	0.382607
0	69	23	0.446776
0	144	1	0.278814
0	362	6	0.132783
0	102	30	0.35126
0	114	15	0.32553
0	93	26	0.371312
0	338	37	0.139278
0	89	31	0.380396
0	74	20	0.424144
0	179	36	0.232162
0	500	8	0.0976382
0	107	9	0.335747
1	497	0	0.0981263
0	67	26	0.445393
1	202	0	0.210065
0	137	37	0.28148
0	150	5	0.262796
0	308	7	0.147497
0	360	34	0.128712
0	75	22	0.414772
0	434	46	0.109038
0	260	29	0.169381
0	52	8	0.504738
0	307	7	0.146978
0	109	10	0.326487
0	243	37	0.178492
0	171	12	0.235672
0	61	2	0.463593
0	474	9	0.0994367
0	129	5	0.28854
0	366	13	0.124977
0	148	28	0.260521
0	343	36	0.131923
0	400	3	0.115168
0	243	2	0.175662
0	280	16	0.155999
0	330	36	0.135501
0	193	23	0.210714
0	342	38	0.130533
0	278	23	0.15561
0	52	15	0.496043
0	71	22	0.418905
0	422	3	0.107567
0	145	11	0.259329
0	195	8	0.205583
0	142	20	0.261522
0	60	9	0.454797
0	235	14	0.17519
0	59	18	0.456849
0	71	26	0.411204
0	246	28	0.16772
0	210	15	0.190769
0	275	35	0.152454
0	67	18	0.424661
0	270	24	0.154633
0	209	21	0.191076
0	116	23	0.298253
0	208	26	0.191003
0	209	16	0.190203
0	357	10	0.120703
0	91	13	0.346272
0	135	19	0.262969
0	68	4	0.41407
0	201	17	0.192718
0	151	27	0.241109
0	236	4	0.168436
0	207	10	0.187289
0	100	31	0.322884
0	104	22	0.3134
0	57	4	0.454165
0	456	29	0.0940641
0	202	8	0.189822
0	289	33	0.140352
0	89	29	0.344139
0	92	15	0.33645
0	179	17	0.206252
0	263	32	0.150139
0	380	36	0.10869
0	206	33	0.182841
0	172	29	0.210733
0	242	30	0.159168
0	383	22	0.106443
0	194	3	0.190041
0	365	27	0.110811
0	299	5	0.132034
0	313	38	0.12686
0	236	26	0.161462
0	146	21	0.236925
0	438	1	0.0933425
0	440	16	0.0928609
0	483	28	0.0852658
0	395	31	0.102267
0	303	39	0.129254
0	178	35	0.200785
0	318	39	0.123191
0	350	33	0.112762
1	82	0	0.351652
0	236	21	0.158426
0	332	7	0.117972
0	56	23	0.440598
0	189	29	0.189165
0	337	26	0.115608
0	55	9	0.444258
0	268	8	0.14085
0	313	24	0.122844
0	477	8	0.0841171
0	241	27	0.153594
0	84	13	0.342318
0	444	1	0.0893948
0	53	14	0.451203
0	94	26	0.316056
0	320	2	0.119481
0	438	35	0.0900045
0	197	17	0.180164
0	500	8	0.0795694
0	102	19	0.296375
0	211	29	0.169014
0	198	26	0.178123
0	453	10	0.0864097
0	54	8	0.442024
0	279	21	0.132695
0	476	5	0.0822919
0	102	10	0.295005
0	65	2	0.396253
0	73	22	0.368451
0	237	21	0.1522
0	105	25	0.288328
0	134	4	0.240757
0	84	11	0.33569
0	273	5	0.134489
0	212	16	0.166729
0	390	29	0.0980337
0	96	1	0.305771
0	102	2	0.293047
0	282	26	0.130316
0	133	20	0.240047
0	299	36	0.122986
0	422	11	0.0902191
0	259	11	0.13817
0	111	30	0.271785
0	220	31	0.158454
0	248	21	0.142828
0	365	33	0.10167
0	223	16	0.156276
0	70	2	0.370881
0	337	8	0.109057
0	460	20	0.0818701
0	131	12	0.238266
0	365	28	0.100814
0	394	33	0.0940492
0	236	33	0.147687
0	344	3	0.106035
1	181	0	0.183852
0	150	1	0.213622
0	249	33	0.140499
0	399	17	0.0923068
0	367	21	0.0994964
0	157	28	0.205002
0	164	31	0.197752
0	111	28	0.266757
0	280	5	0.125732
0	232	23	0.147894
0	305	1	0.116617
0	184	1	0.179352
0	240	16	0.143395
0	169	1	0.191758
0	149	1	0.21159
0	64	19	0.384157
0	261	32	0.132572
0	221	29	0.152772
0	71	24	0.359213
0	59	23	0.402777
1	187	0	0.175125
0	212	10	0.157609
0	306	8	0.114472
0	185	6	0.175893
0	110	5	0.263614
0	111	4	0.261173
0	159	24	0.197772
0	288	5	0.119433
1	173	0	0.183796
0	357	12	0.0983566
0	95	25	0.290394
0	76	2	0.338163
0	170	19	0.185872
1	322	0	0.107123
0	135	18	0.222409
0	95	2	0.28873
0	89	20	0.301935
1	57	0	0.402698
0	357	31	0.0965906
0	232	15	0.140822
0	324	19	0.104574
0	128	24	0.228116
0	275	22	0.120861
0	373	2	0.0919454
0	434	17	0.0800347
0	256	31	0.127525
0	155	10	0.194309
0	103	22	0.266074
0	182	4	0.170233
0	241	17	0.13403
0	66	5	0.360823
0	373	31	0.0903925
0	205	25	0.152913
0	75	21	0.330276
0	213	30	0.147843
0	397	21	0.0849583
0	329	20	0.100747
0	246	10	0.12982
0	313	4	0.104873
0	209	20	0.149119
0	99	26	0.269985
0	95	1	0.27815
0	461	26	0.0735519
0	151	23	0.194886
0	73	2	0.333586
0	200	14	0.15429
0	84	8	0.302395
0	59	17	0.381613
0	55	1	0.396737
0	327	29	0.0993828
0	293	19	0.109466
0	163	6	0.180852
0	277	13	0.114725
0	391	25	0.0840671
0	68	5	0.344674
0	100	12	0.262984
0	434	20	0.0758802
0	158	19	0.18321
0	329	19	0.0972185
0	490	26	0.0674052
0	79	15	0.309225
0	315	14	0.100864
0	423	29	0.076909
0	126	27	0.218214
0	242	21	0.12681
0	112	15	0.238506
0	155	15	0.184004
0	148	17	0.190473
0	274	24	0.112605
0	457	5	0.0705963
0	86	15	0.287434
0	101	4	0.255117
0	243	13	0.12446
0	103	12	0.250996
0	134	17	0.204554
0	104	24	0.248496
0	191	29	0.15251
0	90	3	0.276017
0	50	6	0.40696
0	205	11	0.143222
0	244	5	0.123122
0	72	4	0.32128
0	160	2	0.175365
0	376	13	0.0828611
0	112	24	0.230272
0	123	17	0.213563
0	172	3	0.162429
0	60	9	0.35649
0	186	2	0.151344
0	221	15	0.129438
0	207	5	0.13671
0	54	1	0.374625
0	163	24	0.165363
0	123	14	0.207602
0	70	7	0.314906
0	95	11	0.253
0	268	12	0.106735
0	124	17	0.205029
0	174	12	0.1545
0	74	22	0.300269
0	288	15	0.0991388
0	210	3	0.131115
0	51	2	0.383119
0	61	17	0.341714
0	398	25	0.0736696
0	78	19	0.288319
0	132	5	0.192751
0	477	14	0.0619652
0	154	4	0.169693
0	76	7	0.292757
0	337	22	0.0851564
0	290	19	0.097605
0	418	17	0.0695513
0	423	18	0.0687259
0	107	22	0.225554
0	131	25	0.191913
0	244	1	0.113047
0	182	11	0.145827
0	361	17	0.0789974
0	356	22	0.0795815
0	146	5	0.173055
0	86	12	0.259707
0	489	25	0.0580677
0	433	28	0.0647707
0	291	6	0.0934193
0	423	13	0.0660181
0	188	2	0.137167
0	285	7	0.0935571
0	238	23	0.109521
0	337	11	0.0799094
0	76	7	0.277857
0	196	13	0.129626
0	74	3	0.282505
1	323	0	0.0827092
0	334	5	0.0795598
0	309	14	0.0853362
0	163	22	0.150075
0	227	6	0.112295
0	140	3	0.169978
0	144	19	0.16604
0	259	12	0.0991599
0	205	7	0.12201
0	378	22	0.0696566
0	483	24	0.0552177
0	58	10	0.32724
0	51	8	0.354455
0	193	21	0.126249
0	196	12	0.124421
0	276	13	0.0915196
0	298	17	0.0852276
0	462	17	0.0561788
0	475	23	0.0544922
0	448	3	0.0575216
0	85	1	0.243237
0	456	13	0.0563841
0	70	15	0.279246
0	50	2	0.350967
0	83	20	0.244955
0	55	11	0.328583
0	115	2	0.189534
0	235	12	0.10256
0	152	2	0.149891
0	214	6	0.111128
0	176	18	0.131781
0	107	9	0.199774
0	448	4	0.0560924
0	106	12	0.200327
0	396	6	0.0627566
0	489	12	0.0513969
1	82	0	0.243076
0	52	10	0.335017
0	496	2	0.0501638
0	301	9	0.0799595
0	441	3	0.0558654
0	268	16	0.0886991
0	103	19	0.201826
0	213	2	0.108905
0	472	11	0.0522492
0	389	11	0.0625193
0	204	5	0.112349
0	255	23	0.0918275
0	391	11	0.0614395
0	146	3	0.148522
0	83	12	0.234294
0	238	5	0.0956096
0	448	6	0.0529901
0	350	22	0.0667955
0	57	17	0.303932
0	308	7	0.0747564
0	114	8	0.179086
0	357	5	0.0650488
0	64	1	0.277796
0	109	1	0.184074
0	145	19	0.14493
0	261	11	0.0860251
0	314	19	0.0724144
0	349	15	0.0655297
0	239	19	0.0927285
0	118	11	0.171445
0	65	5	0.272616
0	299	1	0.0745633
0	352	14	0.0637548
0	253	21	0.0862953
0	147	16	0.138346
0	60	5	0.281241
0	204	3	0.103006
0	114	15	0.170411
0	143	9	0.140032
0	309	8	0.069893
0	208	13	0.0998258
0	160	7	0.125669
0	214	1	0.0960371
0	468	15	0.046227
1	160	0	0.123591
0	124	3	0.151479
0	380	11	0.0549101
1	68	0	0.244976
0	50	7	0.306049
0	414	3	0.0500788
0	110	12	0.164395
0	97	12	0.181832
0	190	3	0.101793
0	155	17	0.12171
0	90	11	0.191832
0	59	7	0.265213
0	117	7	0.153962
0	322	1	0.0616103
0	328	12	0.0603548
1	243	0	0.0796016
0	68	5	0.234421
0	181	11	0.103114
0	368	5	0.053065
0	221	14	0.0847904
0	340	4	0.0565572
1	114	0	0.151601
0	158	10	0.113862
0	202	8	0.0912855
0	424	16	0.0455259
0	492	14	0.0392927
0	57	13	0.260764
0	188	1	0.0964843
0	135	14	0.12822
0	298	3	0.0618128
0	109	10	0.152408
0	399	3	0.0463779
0	186	15	0.0943984
0	326	7	0.056071
0	152	9	0.112755
1	337	0	0.0542113
0	241	6	0.0739347
0	217	7	0.0812682
1	496	0	0.037225
0	495	8	0.0368827
0	314	4	0.0567906
0	372	1	0.0483495
0	112	1	0.144093
0	70	5	0.211096
0	156	11	0.107062
0	190	1	0.0892437
0	70	8	0.209734
0	471	6	0.0378807
0	282	1	0.061575
0	229	17	0.0747342
0	333	12	0.052591
0	75	3	0.19674
0	383	9	0.0457337
1	79	0	0.185584
0	171	13	0.0947701
0	388	11	0.0436519
0	87	14	0.168312
0	405	2	0.0415543
0	82	10	0.175163
0	70	10	0.198101
0	424	7	0.0391447
0	476	12	0.0348455
0	66	3	0.203202
0	75	10	0.183281
0	419	6	0.0383927
0	299	6	0.052847
0	60	5	0.217373
0	91	12	0.153986
0	496	5	0.0321908
1	330	0	0.0475555
0	352	13	0.0444794
0	375	7	0.0416914
0	411	9	0.0381021
0	251	8	0.0608874
0	82	5	0.165593
0	372	3	0.0418257
0	144	10	0.101323
0	324	5	0.0474866
0	61	4	0.209346
0	346	14	0.044524
0	123	9	0.114406
0	122	1	0.11389
0	97	6	0.138863
0	175	14	0.0818166
0	112	2	0.122154
0	87	7	0.15145
0	281	1	0.05204
0	221	7	0.0645989
0	347	10	0.0417672
0	445	1	0.0327694
0	179	7	0.0762233
0	385	6	0.0368795
0	77	5	0.159866
0	229	6	0.059317
0	76	7	0.15957
1	101	0	0.124674
0	79	12	0.153838
0	391	6	0.0353439
0	109	7	0.115094
0	54	10	0.207448
0	347	4	0.0389363
0	315	12	0.0426556
0	213	6	0.061787
0	82	9	0.145326
0	262	2	0.050374
0	70	10	0.165569
0	164	6	0.0778938
0	353	3	0.0377066
0	200	10	0.0643947
0	109	3	0.111176
0	149	6	0.0834008
0	118	9	0.102968
0	51	4	0.209465
0	296	10	0.0435257
0	82	1	0.140366
0	377	4	0.0342213
0	266	9	0.0475812
0	251	8	0.0500366
0	99	8	0.116583
1	158	0	0.0760816
0	355	5	0.0350857
0	53	10	0.195589
0	72	5	0.151571
0	265	7	0.0457999
0	251	7	0.0479828
0	197	9	0.0595373
0	278	5	0.0428064
0	97	1	0.113095
1	270	0	0.0435797
0	381	8	0.0308279
0	95	7	0.11309
0	52	7	0.184266
0	99	2	0.105983
0	102	10	0.102994
0	111	1	0.0953767
0	184	6	0.0591434
0	426	1	0.0262112
0	175	1	0.0613541
0	298	2	0.0368593
0	182	7	0.058908
0	57	6	0.165848
0	52	9	0.178836
0	69	1	0.139755
0	93	8	0.107547
0	252	3	0.0420585
0	124	3	0.0816764
0	179	10	0.0567518
0	348	9	0.0300154
0	145	1	0.0690602
0	262	6	0.0392859
0	108	1	0.0901286
0	50	8	0.176227
0	195	9	0.0517327
0	178	7	0.0558809
0	106	1	0.0897609
0	412	9	0.0245188
0	364	4	0.026795
0	94	1	0.096096
0	170	5	0.0554904
0	69	3	0.125714
0	56	1	0.150053
0	131	1	0.0696807
0	64	4	0.132788
0	307	4	0.0307427
1	68	0	0.12511
1	254	0	0.0365163
0	56	7	0.146615
0	54	2	0.150867
0	96	4	0.0908422
0	106	5	0.0824354
0	422	4	0.0219973
0	153	6	0.0583282
0	171	2	0.0524677
0	149	4	0.0595907
0	362	3	0.0247684
0	270	2	0.0327387
0	161	7	0.0534021
0	55	4	0.141332
0	247	5	0.0352529
1	165	0	0.0515809
0	88	2	0.0902391
0	459	7	0.0179688
0	350	3	0.023361
0	236	7	0.034005
0	132	7	0.058697
0	201	2	0.0392902
0	190	5	0.0411792
1	344	0	0.0230537
0	280	5	0.0281267
0	91	4	0.0817369
0	132	1	0.0572633
0	226	2	0.0341595
0	163	5	0.0463494
0	481	1	0.0161901
1	183	0	0.0409193
1	78	0	0.0907866
0	59	1	0.116016
0	201	4	0.0369094
0	96	7	0.0739707
1	94	0	0.0752892
0	104	7	0.0685348
0	498	4	0.0151275
0	58	5	0.115599
0	183	7	0.039732
0	68	4	0.0997984
0	90	6	0.077061
0	266	6	0.0271905
0	193	7	0.0366443
0	64	1	0.102457
1	450	0	0.0159585
1	359	0	0.0197885
0	258	5	0.0270767
0	394	2	0.0178256
0	105	6	0.0635479
1	142	0	0.0473874
0	364	3	0.0188795
1	96	0	0.0672387
0	284	6	0.0230869
0	67	2	0.0889051
0	74	4	0.080845
1	290	0	0.0215181
1	299	0	0.0208567
1	116	0	0.0515548
0	63	5	0.0899751
0	236	3	0.0253731
0	58	3	0.0938848
0	150	1	0.0382426
0	232	2	0.0247106
0	353	5	0.0161974
0	51	1	0.100131
0	440	2	0.0125695
0	72	5	0.0717651
0	80	4	0.0645588
0	120	1	0.0437322
0	59	4	0.0846589
0	355	5	0.0144339
0	209	5	0.023968
1	201	0	0.0246422
0	68	3	0.0694055
0	244	2	0.0194253
1	305	0	0.0154893
0	88	2	0.0515779
0	54	3	0.0789181
0	364	4	0.0124843
0	193	1	0.0231609
1	113	0	0.0389106
0	71	4	0.0604042
0	64	1	0.0652525
0	64	2	0.064365
0	157	4	0.0270834
0	242	1	0.0175115
1	53	0	0.0740554
1	307	0	0.0134833
0	73	3	0.0529524
0	300	3	0.0131402
0	301	2	0.013093
1	73	0	0.0504114
0	95	1	0.0391303
0	146	2	0.0250836
1	154	0	0.0232848
0	347	2	0.0102315
0	89	2	0.0385978
1	55	0	0.0601593
0	325	1	0.010431
1	163	0	0.0198866
1	106	0	0.0298343
0	77	1	0.0400956
0	222	2	0.014205
0	159	2	0.0193641
1	107	0	0.0280782
0	85	2	0.03277
0	192	2	0.0147383
0	61	2	0.0391406
0	79	2	0.0304837
0	194	1	0.0102548
0	115	1	0.016987
1	133	0	0.0146965
0	160	1	0.0121695
1	111	0	0.0168868
0	59	1	0.0283472
0	158	1	0.010099
0	144	1	0.0107127
1	76	0	0.0176345
1	50	0	0.0264654
0	91	1	0.013048
0	80	1	0.0143601
