1631.69
0.00282494
105
1	74	52	0.999609
1	74	34	0.999609
1	74	65	0.999557
1	74	25	0.999453
1	74	46	0.999401
1	74	30	0.999036
1	74	64	0.998906
1	74	47	0.998594
1	74	21	0.998412
1	74	41	0.997632
1	74	62	0.997346
0	74	67	0.997216
1	74	30	0.996645
0	74	73	0.996619
0	74	69	0.996567
1	74	55	0.996022
0	74	71	0.99597
1	74	24	0.99584
1	74	55	0.995658
0	74	63	0.995243
1	74	37	0.995217
0	74	60	0.995062
1	74	28	0.994958
1	74	42	0.994854
1	74	38	0.994725
1	74	40	0.994699
0	74	70	0.994336
1	74	33	0.99431
1	74	30	0.993896
1	74	38	0.993844
0	74	60	0.992757
1	74	24	0.99162
1	74	43	0.991594
1	74	25	0.991155
1	74	30	0.990664
1	74	33	0.990587
1	74	41	0.990483
1	74	25	0.990406
0	74	68	0.990148
0	74	56	0.990122
1	74	31	0.989684
0	74	60	0.989684
1	74	34	0.989581
1	74	42	0.989374
1	74	26	0.989246
1	74	36	0.989194
1	74	22	0.987829
0	74	67	0.987649
1	74	37	0.987494
0	74	67	0.987469
1	74	20	0.9868
0	74	64	0.985028
0	74	66	0.984976
0	74	59	0.984951
1	74	24	0.984951
1	74	20	0.984874
0	74	50	0.984668
0	74	63	0.984566
0	74	43	0.984437
0	74	70	0.98436
1	74	32	0.984155
0	74	45	0.982746
1	74	23	0.982516
0	74	44	0.982336
1	74	20	0.98226
1	74	29	0.982029
1	74	20	0.982004
0	74	66	0.981876
1	74	21	0.981467
0	74	41	0.981236
0	74	41	0.981006
1	74	29	0.9807
1	74	35	0.980674
0	74	51	0.980623
0	74	48	0.980317
0	74	56	0.980291
0	74	68	0.980036
1	74	35	0.979729
0	74	64	0.979729
1	74	31	0.979678
0	74	59	0.979372
1	74	39	0.979372
1	74	22	0.97904
0	74	51	0.978607
0	74	40	0.978326
0	74	39	0.978224
1	74	26	0.978199
0	74	41	0.978097
1	74	37	0.978071
0	74	46	0.977893
1	74	37	0.977893
0	74	56	0.977817
0	74	60	0.977715
0	74	56	0.977256
0	74	51	0.976925
0	74	63	0.976747
0	74	62	0.976645
0	74	65	0.976493
1	74	30	0.976238
1	74	22	0.975476
0	74	47	0.975196
1	74	31	0.975044
1	74	36	0.974688
0	74	47	0.974561
0	74	52	0.974459
