94482.5
0.319101
1000
1	470	456	0.999997
1	470	156	0.999994
1	470	417	0.999982
1	470	136	0.999982
1	470	149	0.999979
1	470	463	0.999979
1	470	223	0.99997
1	470	147	0.999961
1	470	301	0.999961
1	470	170	0.999961
1	470	172	0.999956
1	470	245	0.999953
1	470	184	0.99995
1	470	350	0.999947
1	470	152	0.999941
1	470	399	0.999938
1	470	417	0.999932
1	470	286	0.999926
0	470	468	0.999926
1	470	351	0.999923
1	470	234	0.999923
1	470	431	0.999923
0	470	464	0.999923
1	470	166	0.99992
1	470	141	0.99992
1	470	368	0.99992
1	470	163	0.999902
1	470	243	0.999896
1	470	370	0.999896
1	470	431	0.999896
1	470	319	0.99989
1	470	270	0.999884
1	470	418	0.999881
1	470	140	0.999878
1	470	420	0.999875
1	470	162	0.999875
1	470	270	0.99987
1	470	299	0.99987
1	470	345	0.999867
1	470	394	0.999867
0	470	443	0.999867
1	470	124	0.999864
0	470	443	0.999864
1	470	184	0.999864
1	470	268	0.999861
1	470	335	0.999858
1	470	365	0.999858
1	470	154	0.999855
1	470	388	0.999855
1	470	271	0.999852
1	470	212	0.999843
1	470	267	0.999843
1	470	270	0.99984
1	470	187	0.999837
1	470	355	0.999825
1	470	424	0.999822
1	470	402	0.999816
1	470	325	0.999816
1	470	303	0.999813
1	470	314	0.99981
1	470	325	0.999807
1	470	195	0.999804
1	470	187	0.999804
1	470	239	0.999804
0	470	463	0.999801
1	470	158	0.999798
1	470	167	0.999798
1	470	147	0.999795
1	470	169	0.999795
1	470	316	0.999792
0	470	440	0.999787
1	470	351	0.999781
1	470	377	0.999781
0	470	466	0.999778
1	470	376	0.999772
1	470	399	0.999769
1	470	161	0.999766
1	470	328	0.999763
1	470	418	0.99976
1	470	398	0.99976
0	470	462	0.999748
1	470	218	0.999748
1	470	184	0.999748
1	470	407	0.999745
1	470	147	0.999739
0	470	434	0.999739
1	470	260	0.999733
1	470	331	0.99973
1	470	299	0.99973
1	470	156	0.999727
1	470	295	0.999724
1	470	168	0.999724
1	470	190	0.999724
1	470	403	0.999721
1	470	374	0.999718
1	470	136	0.999718
1	470	130	0.999715
1	470	132	0.999709
1	470	120	0.999706
1	470	171	0.999706
1	470	364	0.999704
1	470	137	0.999701
1	470	354	0.999701
1	470	166	0.999698
1	470	149	0.999695
1	470	319	0.999695
0	470	467	0.999689
1	470	398	0.999686
1	470	388	0.999686
1	470	175	0.99968
1	470	286	0.999671
1	470	354	0.999671
1	470	296	0.999665
1	470	222	0.999662
1	470	275	0.999662
1	470	326	0.999659
1	470	267	0.999659
1	470	335	0.999659
1	470	221	0.999656
1	470	173	0.999653
1	470	268	0.999653
1	470	363	0.99965
1	470	387	0.99965
1	470	349	0.999644
1	470	253	0.999641
0	470	442	0.999635
1	470	198	0.999632
1	470	146	0.999632
1	470	125	0.999629
1	470	375	0.999626
1	470	253	0.999626
0	470	400	0.999626
1	470	211	0.999624
1	470	172	0.999624
1	470	364	0.999624
0	470	461	0.999618
0	470	422	0.999618
1	470	394	0.999609
1	470	156	0.999606
1	470	119	0.9996
1	470	158	0.999597
0	470	432	0.999594
1	470	272	0.999594
1	470	193	0.999594
1	470	218	0.999585
1	470	145	0.999573
1	470	208	0.99957
1	470	146	0.99957
1	470	322	0.99957
1	470	125	0.99957
1	470	235	0.999567
1	470	205	0.999567
0	470	449	0.999564
1	470	274	0.999564
1	470	322	0.999564
1	470	126	0.999561
1	470	172	0.999561
0	470	446	0.999558
1	470	145	0.999555
1	470	298	0.999549
1	470	204	0.999549
1	470	197	0.999546
1	470	133	0.999543
1	470	231	0.999538
1	470	235	0.999535
1	470	135	0.999535
0	470	423	0.999535
0	470	397	0.999526
1	470	272	0.999517
1	470	294	0.999514
1	470	235	0.999511
1	470	281	0.999505
0	470	399	0.999502
0	470	390	0.999502
1	470	284	0.999502
1	470	314	0.999499
1	470	220	0.999496
0	470	431	0.999496
1	470	265	0.999493
1	470	355	0.99949
1	470	374	0.999487
1	470	183	0.999484
1	470	321	0.999481
0	470	400	0.999481
1	470	181	0.999478
1	470	328	0.999472
1	470	271	0.999472
1	470	184	0.999472
1	470	123	0.999472
1	470	236	0.999469
1	470	302	0.999469
1	470	143	0.999469
0	470	419	0.99946
1	470	329	0.99946
1	470	167	0.99944
0	470	410	0.999437
1	470	342	0.999434
0	470	399	0.999419
1	470	316	0.999416
1	470	133	0.999413
1	470	131	0.999413
1	470	364	0.999413
1	470	212	0.99941
1	470	156	0.999407
1	470	231	0.999407
1	470	210	0.999407
0	470	442	0.999407
0	470	387	0.999407
1	470	364	0.999404
1	470	252	0.999404
0	470	398	0.999398
1	470	360	0.999398
1	470	154	0.999386
0	470	463	0.999383
1	470	276	0.999383
1	470	156	0.99938
1	470	182	0.99938
1	470	180	0.99938
1	470	139	0.999378
1	470	150	0.999375
0	470	428	0.999369
1	470	113	0.999366
1	470	298	0.999363
1	470	281	0.999363
0	470	384	0.999363
0	470	462	0.99936
1	470	289	0.999357
0	470	420	0.999357
1	470	204	0.999354
0	470	403	0.999339
1	470	279	0.999333
1	470	276	0.99933
1	470	166	0.999327
0	470	410	0.999321
1	470	236	0.999315
1	470	302	0.999309
0	470	369	0.999309
1	470	127	0.9993
1	470	304	0.999298
1	470	118	0.999298
0	470	392	0.999295
1	470	138	0.999292
1	470	237	0.999292
0	470	460	0.999283
1	470	119	0.999283
1	470	122	0.999283
1	470	117	0.999283
0	470	401	0.999283
1	470	215	0.999274
1	470	345	0.999268
1	470	312	0.999268
1	470	166	0.999265
1	470	275	0.999262
1	470	136	0.999259
1	470	198	0.999256
0	470	355	0.999253
0	470	353	0.99925
0	470	361	0.99925
1	470	284	0.999247
0	470	382	0.999247
1	470	331	0.999241
0	470	444	0.999241
1	470	314	0.999241
0	470	438	0.999235
1	470	219	0.999235
1	470	336	0.999232
0	470	409	0.999232
1	470	210	0.999232
1	470	159	0.999229
1	470	162	0.999223
1	470	344	0.999223
1	470	329	0.99922
1	470	212	0.999218
1	470	228	0.999218
1	470	245	0.999218
1	470	328	0.999218
1	470	182	0.999209
1	470	181	0.999209
1	470	131	0.999209
1	470	226	0.999203
1	470	315	0.999203
0	470	427	0.9992
0	470	360	0.9992
1	470	162	0.999197
0	470	464	0.999194
1	470	299	0.999185
0	470	368	0.999185
0	470	371	0.999182
0	470	467	0.999173
1	470	330	0.99917
1	470	187	0.999158
1	470	198	0.999158
0	470	353	0.999152
1	470	137	0.999149
1	470	308	0.999146
0	470	454	0.999146
0	470	468	0.999143
0	470	452	0.999143
0	470	348	0.999143
1	470	155	0.99914
0	470	367	0.999138
0	470	393	0.999138
1	470	218	0.999135
0	470	469	0.999132
1	470	212	0.999132
1	470	294	0.999129
1	470	332	0.999126
0	470	431	0.999126
0	470	450	0.999123
0	470	386	0.99912
0	470	465	0.99912
0	470	387	0.99912
1	470	119	0.999117
0	470	385	0.999114
1	470	273	0.999114
1	470	194	0.999114
1	470	137	0.999105
1	470	322	0.999105
0	470	417	0.999096
0	470	410	0.999093
0	470	347	0.999093
1	470	184	0.999093
1	470	150	0.999081
1	470	321	0.999078
1	470	214	0.999078
0	470	363	0.999072
0	470	419	0.999069
0	470	453	0.999061
1	470	136	0.999061
1	470	254	0.999058
0	470	393	0.999058
1	470	197	0.999058
1	470	168	0.999055
1	470	215	0.999052
0	470	442	0.999046
1	470	191	0.999046
0	470	400	0.99904
1	470	262	0.99904
0	470	439	0.99904
0	470	346	0.999037
1	470	240	0.999034
1	470	125	0.999034
1	470	130	0.999034
0	470	384	0.999031
0	470	333	0.999025
0	470	445	0.999016
1	470	174	0.999013
0	470	388	0.99901
0	470	396	0.99901
1	470	192	0.99901
1	470	145	0.999001
1	470	113	0.999001
1	470	218	0.998998
1	470	242	0.998995
1	470	141	0.998995
0	470	459	0.998986
1	470	155	0.998986
0	470	359	0.998983
1	470	206	0.998983
1	470	205	0.998981
1	470	239	0.998978
0	470	345	0.998975
1	470	311	0.998972
1	470	138	0.998969
1	470	291	0.998969
0	470	404	0.998969
1	470	263	0.998966
1	470	267	0.998963
1	470	254	0.998963
1	470	213	0.998957
0	470	444	0.998951
0	470	457	0.998948
0	470	414	0.998945
1	470	195	0.998936
1	470	112	0.998936
1	470	294	0.998933
1	470	270	0.998933
1	470	194	0.99893
0	470	335	0.998918
1	470	277	0.998915
0	470	376	0.998912
1	470	282	0.998909
0	470	349	0.998909
0	470	362	0.998909
0	470	463	0.998909
1	470	313	0.998909
0	470	352	0.998904
0	470	366	0.998901
1	470	310	0.998901
0	470	342	0.998901
1	470	189	0.998901
0	470	406	0.998892
0	470	350	0.998892
1	470	277	0.998886
0	470	331	0.998886
1	470	243	0.99888
0	470	322	0.998877
1	470	218	0.998874
1	470	287	0.998874
0	470	461	0.998871
0	470	465	0.998868
1	470	239	0.998868
1	470	279	0.998862
1	470	236	0.998862
1	470	247	0.998862
0	470	383	0.998859
1	470	220	0.998859
1	470	171	0.998859
0	470	344	0.998856
1	470	309	0.998853
0	470	312	0.99885
0	470	371	0.99885
0	470	406	0.99885
0	470	385	0.998844
1	470	286	0.998844
0	470	319	0.998841
1	470	258	0.998838
0	470	344	0.998835
1	470	238	0.998829
0	470	399	0.998818
1	470	201	0.998815
1	470	176	0.998815
0	470	438	0.998815
1	470	114	0.998812
0	470	321	0.998812
1	470	193	0.998806
1	470	244	0.998803
1	470	162	0.9988
1	470	289	0.998797
0	470	469	0.998779
0	470	329	0.998779
1	470	127	0.998776
0	470	352	0.998773
0	470	404	0.998767
0	470	407	0.998764
0	470	456	0.998755
1	470	151	0.998755
1	470	220	0.998755
1	470	135	0.998752
0	470	396	0.998752
1	470	195	0.998752
0	470	309	0.99875
1	470	124	0.99875
0	470	451	0.998747
0	470	301	0.998744
0	470	327	0.998735
0	470	401	0.998735
0	470	347	0.998729
0	470	440	0.998729
0	470	415	0.998723
1	470	230	0.998723
1	470	125	0.99872
0	470	387	0.998717
0	470	327	0.998717
0	470	400	0.998714
1	470	140	0.998714
1	470	184	0.998708
0	470	314	0.998708
1	470	189	0.998705
1	470	177	0.998699
0	470	454	0.998693
1	470	136	0.998693
0	470	314	0.99869
0	470	366	0.998687
1	470	293	0.998687
0	470	453	0.998687
0	470	412	0.998684
0	470	427	0.998681
0	470	368	0.998673
0	470	319	0.99867
0	470	395	0.99867
1	470	210	0.99867
0	470	392	0.99867
0	470	401	0.998655
1	470	163	0.998655
0	470	432	0.998652
1	470	221	0.998652
0	470	420	0.998649
1	470	291	0.998649
1	470	193	0.998649
1	470	204	0.998646
0	470	416	0.998643
0	470	308	0.998616
0	470	402	0.998613
0	470	419	0.998613
1	470	189	0.99861
0	470	388	0.99861
0	470	453	0.99861
1	470	254	0.998604
1	470	135	0.998601
0	470	427	0.998601
1	470	128	0.998598
0	470	311	0.998598
1	470	166	0.998598
0	470	416	0.998596
1	470	272	0.998596
1	470	113	0.998593
1	470	119	0.998575
1	470	169	0.998575
0	470	387	0.998575
1	470	193	0.998572
1	470	150	0.998572
1	470	282	0.998572
0	470	358	0.998572
0	470	452	0.998569
0	470	291	0.998566
0	470	359	0.998566
1	470	195	0.99856
0	470	393	0.998557
0	470	324	0.998557
1	470	263	0.998557
1	470	255	0.998554
1	470	275	0.998551
0	470	359	0.998548
1	470	129	0.998548
0	470	394	0.998542
1	470	179	0.998539
0	470	371	0.998524
0	470	308	0.998519
0	470	407	0.998519
0	470	431	0.998516
1	470	121	0.998513
1	470	187	0.998513
0	470	383	0.998507
1	470	118	0.998501
1	470	214	0.998498
1	470	167	0.998498
0	470	340	0.998492
0	470	285	0.998489
1	470	198	0.99848
1	470	131	0.99848
0	470	412	0.998477
1	470	176	0.998477
0	470	386	0.998474
0	470	445	0.998474
1	470	165	0.998474
1	470	264	0.998471
0	470	324	0.998471
0	470	456	0.998468
1	470	242	0.998465
0	470	314	0.998465
1	470	154	0.998456
1	470	206	0.998453
1	470	221	0.99845
1	470	274	0.99845
0	470	315	0.998433
0	470	436	0.998433
0	470	283	0.99843
0	470	296	0.99843
1	470	231	0.998427
0	470	348	0.998424
1	470	255	0.998424
0	470	447	0.998418
0	470	347	0.998418
0	470	341	0.998418
1	470	134	0.998409
0	470	424	0.998409
1	470	184	0.998406
1	470	200	0.998406
0	470	290	0.998403
1	470	157	0.998403
1	470	134	0.9984
0	470	423	0.998394
1	470	212	0.998394
0	470	281	0.998391
1	470	181	0.998388
1	470	262	0.998385
1	470	240	0.998379
0	470	304	0.998376
1	470	199	0.998376
1	470	121	0.998376
1	470	165	0.998368
0	470	332	0.998365
0	470	400	0.998356
0	470	354	0.998356
1	470	208	0.998353
1	470	171	0.998353
1	470	201	0.99835
0	470	317	0.998347
0	470	431	0.998344
0	470	385	0.998344
1	470	181	0.998338
1	470	145	0.998329
0	470	462	0.998323
1	470	219	0.998317
0	470	457	0.998311
0	470	381	0.998308
0	470	285	0.998305
0	470	321	0.998302
0	470	291	0.998302
0	470	423	0.998299
0	470	292	0.998297
0	470	324	0.998294
1	470	250	0.998288
1	470	131	0.998285
0	470	317	0.998285
1	470	163	0.998276
0	470	402	0.998273
0	470	357	0.998273
1	470	151	0.998261
0	470	442	0.998261
0	470	352	0.998252
1	470	155	0.998252
1	470	204	0.998249
1	470	201	0.998243
1	470	205	0.99824
1	470	271	0.99824
1	470	266	0.998237
1	470	259	0.998234
0	470	324	0.998234
0	470	359	0.998234
0	470	387	0.998228
0	470	351	0.998223
1	470	206	0.998214
0	470	376	0.998214
1	470	163	0.998208
1	470	251	0.998205
1	470	204	0.998202
0	470	312	0.998202
1	470	261	0.998202
0	470	407	0.998202
0	470	428	0.998202
0	470	314	0.998199
1	470	221	0.998196
0	470	357	0.998196
1	470	239	0.998196
1	470	190	0.998193
1	470	251	0.99819
0	470	307	0.998178
0	470	442	0.998169
0	470	457	0.998166
1	470	224	0.998154
1	470	137	0.998154
0	470	375	0.998146
0	470	273	0.99814
1	470	251	0.998134
1	470	193	0.998134
1	470	165	0.998128
1	470	257	0.998128
1	470	233	0.998119
0	470	325	0.998107
1	470	175	0.998107
0	470	461	0.998107
0	470	397	0.998107
0	470	394	0.998107
1	470	110	0.998104
0	470	380	0.998095
1	470	110	0.998095
1	470	126	0.998095
0	470	330	0.998092
1	470	245	0.998092
1	470	139	0.998092
1	470	196	0.998086
0	470	411	0.998083
0	470	318	0.99808
1	470	208	0.99808
1	470	255	0.998077
0	470	444	0.998077
0	470	459	0.998072
0	470	403	0.998072
0	470	454	0.998069
0	470	293	0.998066
0	470	438	0.998066
0	470	361	0.99806
1	470	166	0.99806
0	470	345	0.998054
0	470	349	0.998048
0	470	280	0.998048
0	470	429	0.998048
0	470	339	0.99803
1	470	170	0.998027
0	470	466	0.998024
0	470	397	0.998021
0	470	422	0.998021
1	470	122	0.998018
0	470	459	0.998015
0	470	293	0.998009
1	470	119	0.998009
0	470	403	0.998009
0	470	296	0.998001
0	470	291	0.997998
0	470	344	0.997998
1	470	255	0.997995
0	470	460	0.997995
1	470	217	0.997992
1	470	260	0.997992
1	470	125	0.997989
0	470	386	0.997989
0	470	357	0.997989
0	470	440	0.997986
0	470	296	0.997977
0	470	459	0.997977
0	470	312	0.997974
0	470	320	0.997971
0	470	265	0.997968
0	470	433	0.997959
1	470	177	0.997956
1	470	184	0.99795
0	470	454	0.997944
0	470	454	0.997944
0	470	287	0.997944
1	470	150	0.997944
0	470	381	0.997941
1	470	221	0.997941
0	470	385	0.997938
0	470	455	0.997935
0	470	320	0.997932
1	470	221	0.997927
1	470	185	0.997921
0	470	304	0.997918
1	470	252	0.997912
1	470	233	0.997912
1	470	201	0.997912
0	470	300	0.997912
1	470	166	0.997909
1	470	200	0.997906
0	470	354	0.9979
1	470	258	0.997897
1	470	224	0.997897
1	470	258	0.997897
0	470	360	0.997897
1	470	210	0.997885
0	470	321	0.997879
0	470	457	0.997873
0	470	446	0.997873
1	470	149	0.997867
0	470	282	0.997864
0	470	304	0.997861
0	470	290	0.997859
0	470	457	0.997856
1	470	208	0.997847
0	470	467	0.997847
0	470	443	0.997844
1	470	252	0.997841
0	470	262	0.997841
0	470	451	0.997832
0	470	358	0.997829
0	470	401	0.997826
0	470	379	0.997817
1	470	153	0.997814
0	470	333	0.997814
1	470	167	0.997814
0	470	373	0.997811
1	470	200	0.997811
0	470	367	0.997805
0	470	448	0.997802
0	470	268	0.997796
0	470	361	0.997796
1	470	187	0.997793
0	470	270	0.997788
0	470	419	0.997788
0	470	437	0.997782
0	470	436	0.997782
0	470	282	0.997782
1	470	183	0.997779
0	470	264	0.997779
0	470	432	0.997779
1	470	143	0.997779
1	470	234	0.997776
1	470	163	0.997776
0	470	437	0.997776
1	470	249	0.997773
0	470	461	0.99777
0	470	416	0.997761
0	470	419	0.997758
1	470	149	0.997758
0	470	282	0.997755
0	470	338	0.997752
1	470	178	0.997743
0	470	376	0.997743
0	470	365	0.99774
0	470	305	0.997737
0	470	434	0.997737
1	470	236	0.997734
0	470	438	0.997728
0	470	398	0.997728
0	470	348	0.997725
0	470	362	0.997722
0	470	447	0.997719
0	470	302	0.997714
0	470	447	0.997708
0	470	354	0.997699
0	470	384	0.997699
0	470	459	0.997693
1	470	247	0.997693
0	470	396	0.99769
1	470	197	0.99769
0	470	464	0.997687
0	470	254	0.997684
0	470	366	0.997684
0	470	341	0.997681
1	470	208	0.997672
1	470	190	0.997666
0	470	401	0.997666
0	470	308	0.997663
0	470	401	0.99766
0	470	310	0.997657
0	470	432	0.997657
1	470	119	0.997654
0	470	273	0.997651
0	470	390	0.997648
0	470	351	0.997648
0	470	259	0.997643
1	470	209	0.99764
0	470	257	0.997634
0	470	306	0.997625
0	470	461	0.997625
1	470	206	0.997613
0	470	282	0.99761
1	470	183	0.997604
1	470	245	0.997604
0	470	405	0.997598
0	470	259	0.997592
1	470	112	0.997583
0	470	350	0.997583
1	470	122	0.997583
1	470	222	0.997577
0	470	340	0.997569
0	470	322	0.997569
0	470	281	0.99756
0	470	381	0.99756
0	470	262	0.997545
0	470	284	0.997536
0	470	405	0.997536
1	470	141	0.997536
0	470	282	0.997533
0	470	296	0.997527
1	470	173	0.997524
0	470	321	0.997518
0	470	269	0.997515
0	470	458	0.997512
0	470	344	0.997512
1	470	168	0.997506
1	470	237	0.997483
0	470	406	0.997483
0	470	293	0.997483
1	470	232	0.99748
1	470	110	0.99748
0	470	253	0.99748
0	470	464	0.997471
1	470	176	0.997468
0	470	324	0.997465
1	470	115	0.997465
0	470	358	0.997462
1	470	214	0.997462
1	470	117	0.997456
0	470	350	0.997456
0	470	305	0.997456
1	470	181	0.997453
1	470	146	0.997453
0	470	444	0.997453
0	470	365	0.997441
0	470	265	0.997441
0	470	265	0.997438
1	470	247	0.997433
0	470	317	0.997433
1	470	175	0.99743
1	470	147	0.997427
1	470	242	0.997424
1	470	173	0.997421
0	470	395	0.997418
0	470	376	0.997418
0	470	449	0.997412
0	470	361	0.997412
0	470	302	0.997409
0	470	321	0.997406
1	470	239	0.997403
1	470	156	0.9974
0	470	364	0.997397
1	470	228	0.997391
0	470	397	0.997391
0	470	398	0.997388
1	470	198	0.997388
0	470	269	0.997385
0	470	321	0.997379
1	470	232	0.997376
1	470	229	0.99737
0	470	389	0.99737
1	470	161	0.997367
0	470	279	0.997367
0	470	408	0.997362
0	470	314	0.997359
0	470	387	0.997359
0	470	277	0.997356
0	470	394	0.997356
0	470	341	0.997353
1	470	185	0.997353
1	470	122	0.997353
0	470	372	0.997344
0	470	291	0.997341
1	470	115	0.997338
0	470	355	0.997329
1	470	229	0.997329
1	470	181	0.997329
0	470	463	0.997329
0	470	381	0.997329
0	470	252	0.997326
0	470	304	0.997326
1	470	150	0.997326
1	470	155	0.997326
1	470	176	0.997326
1	470	198	0.997323
0	470	327	0.99732
1	470	134	0.997314
1	470	152	0.997311
1	470	196	0.997308
0	470	337	0.997305
0	470	395	0.997302
0	470	257	0.997299
1	470	239	0.997294
1	470	223	0.997291
1	470	134	0.997288
0	470	246	0.997285
0	470	388	0.997285
0	470	423	0.997282
0	470	420	0.997279
0	470	392	0.99727
0	470	456	0.99727
1	470	207	0.99727
1	470	131	0.997267
1	470	192	0.997267
0	470	446	0.997267
0	470	303	0.997261
0	470	317	0.997261
1	470	121	0.997258
0	470	465	0.997252
0	470	440	0.997252
1	470	210	0.997252
1	470	166	0.997249
0	470	340	0.997249
1	470	243	0.997249
0	470	432	0.997249
1	470	153	0.997246
1	470	114	0.99724
0	470	451	0.99724
1	470	200	0.99724
0	470	267	0.99724
1	470	215	0.997237
1	470	195	0.997237
1	470	234	0.997234
0	470	421	0.997231
0	470	406	0.997229
0	470	372	0.997229
0	470	424	0.997229
0	470	258	0.997226
1	470	226	0.997226
1	470	116	0.997223
0	470	385	0.997214
1	470	220	0.997211
0	470	437	0.997211
1	470	146	0.997205
1	470	243	0.997205
0	470	255	0.997202
0	470	441	0.997202
0	470	337	0.997193
0	470	365	0.997184
1	470	134	0.997181
0	470	319	0.997175
0	470	381	0.997169
1	470	163	0.997169
1	470	235	0.997166
0	470	288	0.997163
0	470	312	0.997158
0	470	430	0.997158
1	470	234	0.997155
0	470	375	0.997155
1	470	130	0.997155
0	470	330	0.997149
1	470	131	0.997149
0	470	334	0.997146
0	470	378	0.997143
1	470	148	0.997143
1	470	112	0.997131
1	470	231	0.997128
0	470	259	0.997125
0	470	332	0.997122
0	470	362	0.997119
1	470	182	0.997116
0	470	385	0.997113
0	470	268	0.997113
0	470	341	0.99711
0	470	279	0.99711
0	470	306	0.997107
0	470	252	0.997107
0	470	459	0.997104
0	470	436	0.997098
1	470	174	0.997095
0	470	411	0.99709
0	470	369	0.997081
1	470	143	0.997081
0	470	423	0.997075
1	470	240	0.997075
1	470	224	0.997069
0	470	298	0.997066
0	470	252	0.997063
0	470	397	0.99706
1	470	206	0.997051
0	470	247	0.997048
0	470	327	0.997045
0	470	246	0.997042
