13079
0.00338987
115
1	492	143	0.999684
1	492	110	0.999337
1	492	204	0.999084
1	492	255	0.999021
1	492	346	0.998895
1	492	249	0.998864
1	492	328	0.998674
1	492	225	0.998296
1	492	432	0.998075
1	492	340	0.998044
1	492	263	0.997917
0	492	486	0.997602
1	492	285	0.99735
1	492	140	0.996532
1	492	169	0.995368
1	492	88	0.99521
1	492	123	0.99521
1	492	327	0.99499
1	492	383	0.994928
1	492	216	0.994896
1	492	165	0.994676
1	492	87	0.994613
1	492	170	0.994111
1	492	367	0.993577
0	492	464	0.993232
1	492	159	0.993201
0	492	479	0.993012
1	492	89	0.991853
0	492	481	0.991289
1	492	274	0.991132
1	492	277	0.990694
1	492	88	0.990413
1	492	215	0.990037
0	492	401	0.989599
0	492	462	0.989599
1	492	257	0.989443
1	492	292	0.989193
1	492	86	0.98885
0	492	437	0.98885
0	492	338	0.9886
0	492	357	0.988569
0	492	457	0.988537
1	492	230	0.987882
1	492	155	0.987788
0	492	405	0.987695
0	492	446	0.987289
0	492	340	0.98679
0	492	375	0.986448
1	492	220	0.985793
0	492	462	0.985264
0	492	358	0.985233
0	492	477	0.985171
1	492	200	0.984984
0	492	312	0.984891
1	492	152	0.98486
0	492	310	0.984735
0	492	331	0.984549
0	492	317	0.98402
0	492	369	0.983803
0	492	328	0.983523
0	492	369	0.983119
1	492	118	0.982902
1	492	151	0.982623
1	492	123	0.982064
1	492	234	0.982064
0	492	360	0.982064
0	492	337	0.981971
1	492	160	0.980917
0	492	420	0.980793
1	492	86	0.980731
1	492	76	0.980731
0	492	302	0.980297
1	492	168	0.980112
1	492	182	0.979617
1	492	137	0.978843
1	492	181	0.978627
0	492	308	0.97838
1	492	134	0.97804
1	492	159	0.977978
1	492	97	0.977793
0	492	447	0.977175
1	492	112	0.976774
0	492	463	0.976681
0	492	348	0.976435
0	492	393	0.97625
1	492	159	0.975756
1	492	198	0.975325
1	492	101	0.974863
0	492	391	0.974617
0	492	312	0.974247
0	492	440	0.973817
0	492	239	0.97314
1	492	126	0.972587
0	492	422	0.972587
0	492	346	0.972556
1	492	111	0.972403
1	492	148	0.972188
1	492	101	0.971604
0	492	416	0.971512
1	492	103	0.971298
0	492	413	0.97096
0	492	246	0.970838
1	492	144	0.970623
0	492	432	0.97047
1	492	192	0.970163
0	492	256	0.970163
0	492	235	0.969949
0	492	424	0.969887
0	492	332	0.969857
0	492	215	0.969704
1	492	138	0.969673
0	492	239	0.969612
1	492	154	0.96955
0	492	317	0.969336
0	492	239	0.968908
