16109.7
0.00364632
145
1	477	176	0.999904
1	477	180	0.999139
1	477	314	0.998916
1	477	137	0.998629
1	477	62	0.998598
1	477	332	0.998534
1	477	210	0.998311
1	477	65	0.998279
1	477	309	0.997993
1	477	279	0.997706
1	477	295	0.997133
0	477	396	0.99672
0	477	423	0.996656
1	477	369	0.996593
1	477	232	0.996434
1	477	91	0.996402
1	477	151	0.996402
1	477	126	0.996275
0	477	432	0.995862
1	477	324	0.995576
1	477	120	0.995417
1	477	79	0.995195
1	477	137	0.99491
1	477	269	0.994814
0	477	459	0.994402
0	477	348	0.99418
1	477	307	0.993926
1	477	215	0.993863
1	477	305	0.9938
1	477	63	0.9938
0	477	386	0.993514
1	477	96	0.993451
1	477	98	0.993324
1	477	273	0.993007
1	477	82	0.992627
1	477	87	0.992532
0	477	410	0.992279
1	477	155	0.992026
1	477	59	0.991963
1	477	102	0.991805
1	477	192	0.991805
0	477	326	0.99133
1	477	271	0.991299
1	477	241	0.990888
1	477	212	0.990414
1	477	219	0.989971
0	477	459	0.989593
0	477	402	0.989214
1	477	158	0.989056
0	477	319	0.989025
0	477	466	0.988898
1	477	201	0.988835
0	477	340	0.988236
1	477	226	0.98748
0	477	273	0.98748
1	477	190	0.987417
0	477	422	0.987417
1	477	135	0.987354
1	477	91	0.987323
1	477	171	0.98726
0	477	373	0.987165
1	477	154	0.986882
1	477	220	0.986599
1	477	216	0.986504
1	477	114	0.986158
0	477	470	0.986032
1	477	213	0.986001
0	477	376	0.985844
0	477	283	0.985561
0	477	425	0.985183
0	477	404	0.985121
0	477	307	0.984838
1	477	58	0.984838
0	477	457	0.984712
0	477	313	0.984241
1	477	189	0.984147
0	477	320	0.984053
0	477	321	0.98399
1	477	112	0.983519
1	477	101	0.983488
1	477	152	0.983457
0	477	361	0.983363
0	477	223	0.983363
0	477	282	0.983112
0	477	356	0.982391
1	477	88	0.98214
1	477	125	0.982109
0	477	386	0.981983
1	477	107	0.981889
0	477	270	0.980512
0	477	233	0.980419
0	477	332	0.980231
1	477	60	0.980137
1	477	61	0.979762
0	477	467	0.979231
0	477	405	0.979012
0	477	427	0.978856
0	477	426	0.978825
0	477	268	0.978607
1	477	48	0.978575
1	477	172	0.97817
0	477	437	0.978014
0	477	256	0.977671
1	477	79	0.977421
0	477	285	0.977109
0	477	275	0.976829
0	477	221	0.976829
1	477	119	0.976767
0	477	374	0.976704
0	477	242	0.976642
0	477	256	0.976206
0	477	297	0.975988
1	477	49	0.975926
0	477	233	0.975117
0	477	210	0.974775
0	477	205	0.974588
0	477	371	0.974526
1	477	171	0.974433
0	477	211	0.974402
0	477	223	0.97434
1	477	67	0.97406
0	477	279	0.973687
0	477	428	0.973501
0	477	318	0.973035
1	477	118	0.972508
0	477	187	0.972446
1	477	64	0.972229
0	477	282	0.972198
1	477	181	0.971763
1	477	123	0.971763
1	477	155	0.971547
1	477	49	0.971485
0	477	189	0.971175
0	477	253	0.971175
1	477	71	0.970834
1	477	55	0.970679
0	477	338	0.970401
0	477	203	0.97037
0	477	266	0.970277
1	477	139	0.97006
0	477	303	0.969565
0	477	378	0.96904
0	477	391	0.96904
0	477	447	0.968885
0	477	184	0.968607
