9742.46
0.0055797
150
1	356	296	0.999983
1	356	182	0.9998
1	356	219	0.999784
1	356	346	0.999734
1	356	270	0.999601
1	356	155	0.999584
1	356	320	0.999418
1	356	248	0.999302
1	356	311	0.999202
1	356	224	0.998886
1	356	191	0.99882
1	356	163	0.998704
1	356	248	0.998687
0	356	353	0.99862
1	356	270	0.998604
1	356	155	0.998504
1	356	136	0.998371
1	356	156	0.998322
0	356	346	0.998288
1	356	270	0.998172
1	356	193	0.998089
0	356	336	0.997907
1	356	159	0.997807
1	356	157	0.997724
1	356	200	0.997707
1	356	273	0.997691
1	356	283	0.997342
0	356	351	0.997293
1	356	295	0.997176
1	356	214	0.997077
0	356	304	0.996928
0	356	309	0.996878
1	356	263	0.996828
1	356	191	0.996745
1	356	116	0.996662
1	356	268	0.996613
1	356	209	0.99653
1	356	152	0.996464
0	356	306	0.996414
1	356	180	0.996248
1	356	185	0.996182
0	356	294	0.996165
1	356	157	0.996132
1	356	226	0.996049
1	356	186	0.996016
0	356	342	0.995966
0	356	352	0.995751
1	356	269	0.995652
1	356	258	0.995602
1	356	231	0.995586
0	356	324	0.995552
0	356	336	0.995288
0	356	331	0.995172
1	356	154	0.995139
0	356	339	0.994957
1	356	213	0.994923
0	356	263	0.994576
0	356	309	0.99451
1	356	180	0.99446
0	356	254	0.994212
0	356	285	0.993948
1	356	238	0.993799
1	356	197	0.993749
0	356	252	0.993683
0	356	305	0.993584
1	356	142	0.993468
0	356	259	0.993402
0	356	261	0.993369
1	356	199	0.993336
1	356	121	0.993171
1	356	113	0.993088
1	356	224	0.992725
1	356	114	0.992725
1	356	178	0.992675
1	356	163	0.992428
1	356	143	0.99223
0	356	334	0.992197
0	356	248	0.992164
1	356	113	0.992147
1	356	148	0.992114
0	356	322	0.991999
0	356	253	0.991999
1	356	168	0.991355
0	356	318	0.991257
1	356	208	0.991224
1	356	203	0.991108
0	356	295	0.991059
1	356	151	0.991059
0	356	251	0.991042
1	356	163	0.990779
1	356	206	0.990762
0	356	314	0.990515
0	356	348	0.990433
1	356	220	0.990202
1	356	191	0.990136
0	356	339	0.989988
0	356	320	0.989955
1	356	202	0.989938
1	356	144	0.989906
1	356	183	0.989889
0	356	287	0.989692
1	356	111	0.989626
1	356	168	0.989593
1	356	217	0.989527
0	356	219	0.989346
0	356	319	0.989329
0	356	277	0.988852
1	356	200	0.988639
1	356	205	0.988639
1	356	147	0.988606
0	356	300	0.988589
1	356	197	0.988507
1	356	131	0.988211
0	356	350	0.988211
1	356	153	0.988047
1	356	134	0.98803
0	356	252	0.987866
0	356	290	0.987751
1	356	122	0.987505
0	356	319	0.987209
0	356	318	0.987127
0	356	261	0.987045
0	356	231	0.987012
0	356	295	0.98693
0	356	271	0.986914
0	356	333	0.986914
1	356	192	0.986881
1	356	139	0.986323
0	356	301	0.986077
0	356	254	0.985749
0	356	233	0.985618
0	356	242	0.985503
0	356	322	0.985454
0	356	303	0.985306
1	356	135	0.98529
0	356	270	0.985257
0	356	253	0.984913
0	356	217	0.984798
1	356	188	0.984667
0	356	308	0.984618
1	356	117	0.984225
1	356	114	0.984209
0	356	302	0.983996
0	356	290	0.983947
0	356	271	0.983931
0	356	233	0.983849
0	356	323	0.983767
0	356	256	0.983751
1	356	147	0.983751
0	356	303	0.983554
