29660.9
0.650162
1500
1	95	34	0.999998
1	95	42	0.999998
1	95	74	0.999998
1	95	78	0.999995
1	95	31	0.999993
1	95	66	0.999988
1	95	35	0.999988
1	95	68	0.999986
1	95	42	0.999983
1	95	92	0.999983
1	95	83	0.999983
1	95	59	0.999978
1	95	76	0.999976
1	95	59	0.999976
1	95	52	0.999974
1	95	63	0.999974
1	95	93	0.999974
1	95	72	0.999974
1	95	40	0.999971
1	95	49	0.999969
1	95	56	0.999964
1	95	37	0.999964
1	95	89	0.999964
1	95	91	0.999962
1	95	89	0.999959
1	95	72	0.999959
1	95	86	0.999952
1	95	72	0.999952
1	95	67	0.99995
1	95	43	0.99995
1	95	67	0.999945
1	95	59	0.999943
1	95	37	0.999943
1	95	88	0.999943
0	95	93	0.99994
1	95	69	0.999938
1	95	65	0.999938
1	95	61	0.999935
0	95	92	0.999935
1	95	48	0.999935
1	95	39	0.999933
1	95	74	0.999931
1	95	34	0.999926
1	95	88	0.999926
1	95	20	0.999926
1	95	83	0.999921
1	95	47	0.999921
1	95	85	0.999919
1	95	90	0.999916
1	95	41	0.999916
1	95	55	0.999914
1	95	84	0.999914
1	95	35	0.999914
1	95	51	0.999912
1	95	80	0.999912
1	95	73	0.999909
1	95	43	0.999909
1	95	29	0.999909
1	95	62	0.999909
1	95	57	0.999904
1	95	79	0.9999
0	95	92	0.999897
1	95	33	0.999895
1	95	69	0.999892
1	95	35	0.999892
1	95	62	0.99989
1	95	88	0.99989
1	95	24	0.99989
1	95	49	0.99989
1	95	19	0.999885
1	95	28	0.999885
0	95	94	0.999878
1	95	21	0.999873
1	95	67	0.999871
1	95	61	0.999869
1	95	76	0.999866
1	95	34	0.999866
1	95	81	0.999866
1	95	30	0.999864
1	95	55	0.999852
1	95	68	0.999849
1	95	45	0.999847
0	95	94	0.999845
1	95	31	0.999845
1	95	70	0.999845
1	95	27	0.999845
0	95	91	0.999845
1	95	28	0.999845
1	95	22	0.99984
1	95	63	0.999837
1	95	25	0.999835
0	95	94	0.999835
1	95	18	0.999835
1	95	71	0.999835
0	95	90	0.99983
1	95	84	0.99983
1	95	66	0.99983
1	95	47	0.99983
1	95	41	0.99983
1	95	58	0.999828
1	95	16	0.999828
0	95	92	0.999825
1	95	17	0.999825
0	95	94	0.999825
1	95	49	0.999825
1	95	79	0.999823
1	95	73	0.999821
1	95	56	0.999821
1	95	32	0.999818
1	95	28	0.999818
1	95	36	0.999816
1	95	48	0.999816
1	95	71	0.999814
1	95	62	0.999814
1	95	83	0.999814
1	95	31	0.999814
1	95	25	0.999811
1	95	51	0.999809
0	95	90	0.999804
1	95	66	0.999802
1	95	44	0.999802
1	95	23	0.999799
1	95	70	0.999797
0	95	92	0.999797
1	95	57	0.999794
1	95	55	0.999794
1	95	43	0.999792
1	95	30	0.99979
1	95	62	0.999787
1	95	54	0.999787
0	95	94	0.999782
1	95	60	0.99978
0	95	87	0.999778
1	95	77	0.999775
1	95	41	0.999775
1	95	82	0.999775
1	95	16	0.999773
1	95	28	0.999773
0	95	92	0.999773
1	95	57	0.999771
1	95	56	0.999766
1	95	70	0.999761
1	95	65	0.999761
1	95	62	0.999759
0	95	94	0.999759
0	95	88	0.999759
1	95	58	0.999756
1	95	16	0.999756
1	95	66	0.999754
1	95	55	0.999754
1	95	17	0.999751
0	95	83	0.999751
1	95	61	0.999751
1	95	29	0.999749
1	95	27	0.999749
1	95	29	0.999749
1	95	30	0.999747
1	95	40	0.999747
1	95	48	0.999744
1	95	32	0.999737
1	95	36	0.999732
1	95	58	0.99973
1	95	47	0.99973
1	95	30	0.999725
1	95	18	0.999723
1	95	78	0.999723
1	95	26	0.99972
0	95	83	0.99972
1	95	42	0.999718
1	95	51	0.999718
1	95	75	0.999718
1	95	47	0.999716
1	95	73	0.999713
0	95	89	0.999713
1	95	49	0.999708
1	95	32	0.999708
1	95	18	0.999706
1	95	51	0.999706
0	95	93	0.999704
1	95	43	0.999701
0	95	89	0.999699
1	95	52	0.999699
0	95	92	0.999699
1	95	48	0.999696
1	95	23	0.999696
1	95	67	0.999694
1	95	40	0.999694
1	95	47	0.999694
1	95	68	0.999692
1	95	69	0.999692
0	95	85	0.999687
1	95	35	0.999682
1	95	65	0.999682
1	95	77	0.999682
1	95	20	0.99968
1	95	20	0.999677
1	95	42	0.999675
1	95	73	0.999675
1	95	35	0.999675
1	95	65	0.999675
1	95	58	0.999673
0	95	86	0.999673
0	95	78	0.999673
1	95	30	0.999668
1	95	67	0.999663
1	95	38	0.999663
1	95	44	0.999661
0	95	83	0.999661
1	95	52	0.999658
0	95	80	0.999658
1	95	53	0.999653
1	95	75	0.999651
1	95	31	0.999651
1	95	27	0.999651
1	95	74	0.999649
1	95	55	0.999646
1	95	28	0.999646
0	95	88	0.999641
1	95	24	0.999641
1	95	72	0.999641
1	95	43	0.999639
1	95	72	0.999637
0	95	93	0.999637
1	95	38	0.999637
1	95	74	0.999632
1	95	56	0.999629
0	95	81	0.999627
1	95	73	0.999625
0	95	78	0.999625
1	95	70	0.99962
1	95	75	0.99962
1	95	56	0.999613
1	95	58	0.999613
1	95	57	0.999613
1	95	73	0.99961
1	95	59	0.999608
0	95	78	0.999608
1	95	22	0.999606
1	95	36	0.999603
1	95	59	0.999603
1	95	54	0.999601
0	95	85	0.999601
1	95	33	0.999601
1	95	48	0.999601
1	95	30	0.999598
1	95	46	0.999594
1	95	37	0.999591
1	95	52	0.999591
0	95	81	0.999589
1	95	67	0.999586
1	95	59	0.999584
1	95	23	0.999584
1	95	51	0.999584
1	95	36	0.999584
1	95	43	0.999584
1	95	39	0.999584
1	95	72	0.999577
1	95	17	0.999575
1	95	17	0.999575
0	95	77	0.999575
0	95	79	0.999572
1	95	22	0.999572
1	95	54	0.99956
0	95	89	0.99956
1	95	44	0.99956
1	95	44	0.999558
1	95	30	0.999555
1	95	39	0.999551
1	95	33	0.999551
1	95	30	0.999548
1	95	47	0.999548
0	95	73	0.999546
1	95	46	0.999543
1	95	41	0.999541
0	95	91	0.999536
1	95	21	0.999536
1	95	67	0.999536
1	95	23	0.999534
1	95	67	0.999532
0	95	80	0.999532
1	95	60	0.999529
1	95	61	0.999529
1	95	44	0.999529
1	95	41	0.999529
1	95	49	0.999529
1	95	56	0.999529
0	95	91	0.999524
1	95	39	0.999522
0	95	76	0.999522
0	95	85	0.99951
1	95	56	0.999508
1	95	22	0.999508
1	95	38	0.9995
0	95	85	0.9995
1	95	67	0.9995
1	95	63	0.999498
0	95	73	0.999498
1	95	46	0.999496
1	95	27	0.999496
1	95	27	0.999493
1	95	16	0.999493
1	95	28	0.999493
1	95	21	0.999493
1	95	28	0.999491
0	95	80	0.999486
0	95	76	0.999484
0	95	81	0.999484
1	95	59	0.999484
1	95	52	0.999481
1	95	53	0.999481
1	95	33	0.999479
1	95	67	0.999477
0	95	71	0.999474
1	95	30	0.999474
0	95	85	0.999474
0	95	76	0.999474
1	95	54	0.999474
1	95	67	0.999472
0	95	83	0.999472
0	95	94	0.999469
1	95	32	0.999465
0	95	84	0.999465
1	95	42	0.999462
0	95	91	0.999462
1	95	18	0.999462
1	95	65	0.999455
0	95	78	0.999453
1	95	18	0.999453
1	95	60	0.999448
0	95	85	0.999448
1	95	43	0.999443
0	95	71	0.999441
0	95	86	0.999441
0	95	82	0.999441
1	95	47	0.999438
1	95	40	0.999436
1	95	41	0.999436
1	95	43	0.999434
0	95	79	0.999431
0	95	86	0.999431
1	95	55	0.999429
1	95	65	0.999429
1	95	54	0.999426
1	95	16	0.999422
0	95	90	0.999419
0	95	75	0.999417
1	95	20	0.999417
1	95	18	0.999414
0	95	93	0.999412
1	95	35	0.999412
0	95	85	0.999412
1	95	30	0.999407
1	95	65	0.999407
0	95	84	0.999407
1	95	46	0.999407
0	95	73	0.999407
1	95	16	0.9994
0	95	92	0.999398
1	95	56	0.999398
1	95	43	0.999395
0	95	83	0.999393
1	95	16	0.999391
1	95	61	0.999388
1	95	55	0.999386
1	95	58	0.999383
1	95	31	0.999383
1	95	49	0.999376
1	95	49	0.999376
1	95	32	0.999371
0	95	87	0.999371
1	95	38	0.999367
0	95	70	0.999364
1	95	44	0.999359
0	95	73	0.999359
1	95	36	0.999359
1	95	61	0.999359
1	95	48	0.999355
1	95	56	0.999355
0	95	76	0.99935
1	95	20	0.999348
1	95	37	0.999345
1	95	19	0.999345
0	95	81	0.999343
1	95	43	0.99934
1	95	29	0.999338
1	95	48	0.999336
0	95	81	0.999333
1	95	37	0.999333
0	95	88	0.999331
1	95	28	0.999328
0	95	71	0.999328
1	95	56	0.999328
1	95	19	0.999326
0	95	80	0.999326
0	95	81	0.999326
1	95	31	0.999324
1	95	43	0.999321
1	95	51	0.999321
1	95	40	0.999321
1	95	57	0.999316
0	95	72	0.999316
1	95	40	0.999316
0	95	68	0.999312
1	95	17	0.999312
0	95	90	0.999309
0	95	82	0.999309
0	95	93	0.999309
0	95	80	0.999307
1	95	31	0.999307
1	95	29	0.999307
0	95	67	0.999305
1	95	47	0.999305
1	95	16	0.999305
1	95	30	0.999302
0	95	85	0.9993
0	95	67	0.999295
0	95	70	0.999293
0	95	71	0.999293
1	95	37	0.999293
1	95	48	0.99929
0	95	87	0.999283
0	95	93	0.999281
1	95	45	0.999281
1	95	60	0.999278
1	95	49	0.999276
1	95	56	0.999273
0	95	88	0.999273
1	95	39	0.999273
0	95	92	0.999273
1	95	22	0.999269
0	95	79	0.999269
1	95	63	0.999266
1	95	36	0.999264
0	95	93	0.999264
0	95	65	0.999262
0	95	72	0.999259
0	95	94	0.999259
1	95	42	0.999257
1	95	51	0.999257
1	95	46	0.999257
1	95	61	0.999257
0	95	66	0.999254
1	95	24	0.999254
1	95	60	0.999252
0	95	63	0.99925
0	95	69	0.99925
1	95	43	0.99925
1	95	32	0.999247
0	95	88	0.999247
0	95	72	0.999245
0	95	76	0.999245
1	95	23	0.999242
1	95	41	0.999242
0	95	75	0.999235
0	95	68	0.999233
0	95	93	0.999233
1	95	61	0.999233
1	95	44	0.999233
1	95	53	0.999233
1	95	33	0.99923
1	95	59	0.99923
0	95	90	0.999228
1	95	61	0.999226
0	95	90	0.999221
1	95	54	0.999219
1	95	20	0.999219
1	95	59	0.999214
0	95	74	0.999214
0	95	73	0.999209
0	95	90	0.999209
0	95	68	0.999207
1	95	55	0.999207
1	95	55	0.999204
1	95	16	0.999204
1	95	55	0.999202
1	95	38	0.999195
1	95	52	0.999192
1	95	32	0.99919
1	95	55	0.999187
1	95	57	0.999185
1	95	29	0.99918
0	95	89	0.99918
0	95	71	0.99918
1	95	56	0.99918
1	95	26	0.999176
1	95	19	0.999176
0	95	61	0.999173
1	95	17	0.999173
1	95	25	0.999171
0	95	68	0.999171
0	95	92	0.999171
1	95	42	0.999168
0	95	93	0.999168
1	95	25	0.999168
1	95	19	0.999168
0	95	77	0.999166
1	95	52	0.999166
1	95	28	0.999164
0	95	70	0.999161
0	95	87	0.999161
1	95	36	0.999161
1	95	25	0.999156
1	95	32	0.999156
1	95	48	0.999156
0	95	63	0.999154
0	95	73	0.999149
0	95	91	0.999149
1	95	33	0.999144
1	95	16	0.999144
0	95	81	0.999144
1	95	25	0.99914
0	95	64	0.999137
0	95	94	0.999137
0	95	86	0.999137
1	95	36	0.999137
0	95	87	0.999133
0	95	85	0.999133
0	95	65	0.99913
0	95	92	0.99913
1	95	44	0.99913
1	95	41	0.999128
1	95	52	0.999128
1	95	52	0.999123
1	95	22	0.999118
1	95	47	0.999116
1	95	33	0.999111
0	95	78	0.999109
1	95	31	0.999106
1	95	42	0.999106
0	95	69	0.999104
1	95	50	0.999104
0	95	86	0.999104
0	95	64	0.999104
0	95	84	0.999104
0	95	78	0.999101
1	95	58	0.999101
1	95	56	0.999097
0	95	68	0.999097
1	95	27	0.999097
0	95	61	0.999094
1	95	36	0.999094
1	95	45	0.999094
0	95	61	0.999094
1	95	38	0.999092
1	95	51	0.999092
1	95	49	0.999092
0	95	81	0.99909
1	95	31	0.99909
1	95	53	0.999082
0	95	83	0.999082
1	95	29	0.999082
1	95	33	0.999082
1	95	40	0.99908
1	95	28	0.99908
1	95	38	0.999078
1	95	29	0.999078
0	95	66	0.999078
1	95	42	0.999075
1	95	25	0.99907
0	95	63	0.99907
1	95	16	0.99907
0	95	91	0.999068
1	95	23	0.999068
0	95	88	0.999066
1	95	17	0.999066
1	95	36	0.999066
0	95	60	0.999061
1	95	51	0.999058
0	95	79	0.999051
0	95	91	0.999051
0	95	81	0.999049
1	95	18	0.999044
1	95	37	0.999042
1	95	40	0.999042
1	95	18	0.999037
1	95	46	0.999037
0	95	86	0.999037
0	95	94	0.999037
1	95	53	0.999037
0	95	85	0.999035
0	95	84	0.999035
1	95	34	0.99903
1	95	36	0.99903
0	95	92	0.999027
1	95	51	0.999027
0	95	74	0.999027
0	95	90	0.999027
1	95	34	0.999025
1	95	16	0.999023
1	95	34	0.999023
0	95	83	0.99902
1	95	47	0.99902
1	95	16	0.999018
1	95	45	0.999018
1	95	49	0.999013
0	95	77	0.999013
0	95	82	0.999008
1	95	47	0.999006
1	95	37	0.999006
0	95	91	0.999006
0	95	80	0.999001
1	95	26	0.998999
0	95	74	0.998994
1	95	25	0.998992
0	95	63	0.998989
0	95	68	0.998987
0	95	84	0.998975
0	95	77	0.998975
0	95	91	0.998972
0	95	90	0.998972
1	95	40	0.99897
0	95	62	0.998968
0	95	66	0.998963
0	95	88	0.998961
1	95	49	0.998961
1	95	46	0.998961
1	95	38	0.998961
1	95	40	0.998961
0	95	75	0.998958
1	95	25	0.998958
1	95	44	0.998958
0	95	89	0.998956
0	95	63	0.998953
1	95	32	0.998946
1	95	18	0.998946
0	95	80	0.998944
0	95	60	0.998941
1	95	21	0.998941
1	95	25	0.998939
0	95	75	0.998937
0	95	58	0.998934
1	95	23	0.998934
1	95	16	0.998934
0	95	82	0.998932
0	95	60	0.998929
0	95	62	0.998929
1	95	32	0.998925
1	95	47	0.99892
0	95	90	0.998918
0	95	75	0.998913
0	95	72	0.998913
1	95	24	0.99891
1	95	48	0.99891
0	95	67	0.998908
0	95	77	0.998908
1	95	31	0.998903
0	95	74	0.998901
1	95	21	0.998901
0	95	55	0.998898
0	95	69	0.998898
1	95	21	0.998894
0	95	62	0.998891
0	95	92	0.998884
1	95	34	0.998882
1	95	33	0.998882
1	95	34	0.998882
0	95	94	0.998879
0	95	57	0.998879
1	95	40	0.998877
0	95	65	0.998877
0	95	81	0.998875
0	95	79	0.998875
0	95	85	0.998875
0	95	84	0.99887
0	95	67	0.998867
0	95	67	0.998867
0	95	93	0.998865
0	95	57	0.998863
0	95	81	0.998863
0	95	72	0.998863
0	95	67	0.998858
1	95	28	0.998858
1	95	23	0.998855
1	95	39	0.998853
0	95	61	0.998851
0	95	60	0.998851
1	95	48	0.998848
0	95	94	0.998844
0	95	65	0.998844
1	95	32	0.998844
1	95	38	0.998844
1	95	48	0.998841
0	95	55	0.998839
1	95	26	0.998836
0	95	74	0.998836
0	95	61	0.998836
0	95	65	0.998834
0	95	78	0.998834
1	95	18	0.998834
1	95	16	0.998832
0	95	54	0.998829
0	95	74	0.998829
1	95	42	0.998829
0	95	64	0.998829
0	95	82	0.998827
1	95	38	0.998824
0	95	63	0.998824
1	95	23	0.998822
1	95	46	0.99882
1	95	30	0.99881
0	95	54	0.998808
0	95	55	0.998808
1	95	40	0.998808
1	95	48	0.998808
0	95	65	0.998803
0	95	91	0.998801
1	95	21	0.998798
0	95	56	0.998796
0	95	54	0.998793
0	95	54	0.998791
1	95	22	0.998789
1	95	19	0.998789
0	95	79	0.998789
1	95	31	0.998786
1	95	19	0.998784
1	95	35	0.998784
1	95	32	0.998781
0	95	59	0.998781
1	95	37	0.998781
0	95	53	0.998781
1	95	38	0.998779
0	95	56	0.998779
1	95	35	0.998779
1	95	44	0.998777
0	95	53	0.998772
0	95	75	0.998772
1	95	31	0.998769
1	95	33	0.998769
0	95	85	0.998767
0	95	64	0.998767
0	95	58	0.998767
1	95	16	0.998765
0	95	64	0.998762
1	95	19	0.998762
0	95	85	0.99876
0	95	69	0.998758
0	95	66	0.998758
1	95	50	0.998758
1	95	16	0.998755
0	95	72	0.998755
1	95	27	0.998753
0	95	92	0.998753
0	95	74	0.998753
0	95	78	0.99875
0	95	82	0.998748
1	95	29	0.998748
1	95	38	0.998746
0	95	87	0.998746
1	95	28	0.998743
1	95	25	0.998743
0	95	72	0.998741
0	95	65	0.998741
0	95	54	0.998736
0	95	94	0.998736
1	95	45	0.998736
0	95	80	0.998734
1	95	50	0.998731
0	95	87	0.998731
1	95	32	0.998731
1	95	18	0.998731
0	95	79	0.998729
1	95	33	0.998729
1	95	35	0.998727
1	95	39	0.998727
0	95	91	0.998724
0	95	59	0.998719
0	95	92	0.998717
1	95	28	0.998712
0	95	66	0.998712
0	95	64	0.998712
0	95	65	0.99871
0	95	55	0.998707
1	95	47	0.998705
0	95	64	0.998705
0	95	65	0.998705
0	95	85	0.998705
1	95	29	0.998703
1	95	31	0.9987
1	95	32	0.9987
1	95	30	0.998698
0	95	69	0.998693
0	95	70	0.998693
1	95	28	0.998693
1	95	41	0.998691
0	95	74	0.998691
1	95	41	0.998691
1	95	34	0.998691
0	95	74	0.998686
0	95	53	0.998686
1	95	30	0.998684
0	95	62	0.998684
0	95	92	0.998681
0	95	68	0.998681
1	95	24	0.998679
0	95	61	0.998679
1	95	23	0.998676
0	95	80	0.998676
0	95	74	0.998676
1	95	28	0.998674
0	95	60	0.998674
0	95	59	0.998672
1	95	39	0.998669
0	95	53	0.998667
1	95	29	0.998667
0	95	64	0.998667
0	95	78	0.998664
0	95	73	0.998664
0	95	54	0.998664
0	95	75	0.998662
0	95	91	0.99866
1	95	17	0.99866
1	95	19	0.998657
0	95	52	0.998655
1	95	29	0.998655
1	95	19	0.998652
0	95	87	0.998652
0	95	78	0.99865
0	95	85	0.99865
0	95	91	0.99865
1	95	17	0.998648
0	95	79	0.998643
1	95	39	0.998641
0	95	87	0.998641
0	95	91	0.998641
0	95	52	0.998638
1	95	26	0.998636
0	95	74	0.998636
1	95	40	0.998633
0	95	54	0.998631
0	95	55	0.998629
1	95	28	0.998626
1	95	45	0.998626
0	95	75	0.998624
0	95	73	0.998624
0	95	85	0.998621
0	95	67	0.998621
1	95	45	0.998621
0	95	80	0.998621
1	95	28	0.998619
1	95	26	0.998619
1	95	31	0.998617
1	95	39	0.998614
1	95	41	0.998614
0	95	75	0.998612
1	95	44	0.998612
0	95	87	0.99861
0	95	78	0.99861
0	95	88	0.99861
0	95	76	0.998605
1	95	43	0.998602
1	95	16	0.998602
0	95	52	0.9986
1	95	20	0.9986
1	95	31	0.998598
1	95	33	0.998598
0	95	92	0.998595
0	95	94	0.998595
1	95	23	0.998593
1	95	22	0.99859
0	95	91	0.99859
1	95	24	0.998588
1	95	34	0.998588
0	95	59	0.998586
0	95	84	0.998586
0	95	62	0.998583
1	95	30	0.998581
0	95	93	0.998581
1	95	20	0.998576
0	95	56	0.998576
1	95	27	0.998576
0	95	58	0.998576
0	95	79	0.998571
0	95	64	0.998571
1	95	44	0.998571
1	95	28	0.998569
0	95	83	0.998569
1	95	41	0.998569
0	95	73	0.998567
1	95	23	0.998567
1	95	22	0.998564
0	95	91	0.998564
1	95	33	0.998564
1	95	31	0.998564
0	95	71	0.998562
1	95	20	0.998562
1	95	18	0.998562
1	95	37	0.998559
0	95	91	0.998559
1	95	38	0.998559
1	95	33	0.998555
0	95	82	0.998552
0	95	93	0.998552
1	95	45	0.99855
1	95	33	0.998547
1	95	32	0.998547
1	95	22	0.998547
0	95	49	0.998545
0	95	64	0.998545
1	95	17	0.998543
0	95	80	0.998543
0	95	68	0.998543
1	95	32	0.998543
0	95	90	0.99854
0	95	91	0.99854
1	95	35	0.99854
0	95	65	0.998538
0	95	77	0.998538
1	95	22	0.998533
0	95	79	0.998533
1	95	20	0.998528
1	95	29	0.998528
1	95	30	0.998528
1	95	21	0.998526
1	95	44	0.998526
0	95	84	0.998526
0	95	87	0.998526
1	95	32	0.998526
0	95	93	0.998524
0	95	52	0.998519
0	95	72	0.998516
1	95	37	0.998516
0	95	74	0.998516
0	95	80	0.998514
1	95	18	0.998514
0	95	92	0.998514
1	95	24	0.998512
0	95	56	0.998512
0	95	60	0.998509
0	95	80	0.998509
0	95	89	0.998507
0	95	53	0.998507
1	95	41	0.998504
1	95	39	0.998502
1	95	29	0.9985
0	95	76	0.998495
0	95	63	0.998493
1	95	22	0.998493
0	95	57	0.998493
1	95	35	0.998493
0	95	69	0.99849
0	95	54	0.99849
1	95	33	0.998488
1	95	23	0.998485
0	95	51	0.998485
0	95	84	0.998485
0	95	92	0.998483
0	95	87	0.998481
1	95	38	0.998476
0	95	82	0.998471
1	95	21	0.998469
0	95	65	0.998469
0	95	64	0.998469
0	95	90	0.998466
0	95	48	0.998466
0	95	67	0.998466
1	95	34	0.998466
1	95	41	0.998464
1	95	16	0.998464
0	95	58	0.998464
1	95	44	0.998464
1	95	20	0.998462
1	95	33	0.998459
1	95	20	0.998457
1	95	46	0.998454
1	95	34	0.998454
0	95	53	0.998454
0	95	55	0.998452
0	95	72	0.998452
1	95	41	0.99845
0	95	55	0.998447
1	95	41	0.998445
0	95	90	0.998445
0	95	82	0.998438
0	95	54	0.998435
1	95	42	0.998435
0	95	89	0.998435
1	95	34	0.998433
1	95	21	0.998433
0	95	55	0.998433
0	95	56	0.99843
0	95	93	0.99843
0	95	52	0.99843
0	95	72	0.998428
0	95	88	0.998426
0	95	67	0.998426
0	95	75	0.998423
1	95	40	0.998423
1	95	29	0.998423
0	95	50	0.998419
0	95	79	0.998416
0	95	72	0.998416
1	95	32	0.998416
0	95	91	0.998414
0	95	91	0.998411
1	95	31	0.998411
0	95	63	0.998411
0	95	57	0.998409
1	95	18	0.998399
0	95	78	0.998399
1	95	22	0.998399
0	95	75	0.998399
1	95	19	0.99839
0	95	54	0.998388
1	95	41	0.998385
1	95	35	0.998385
0	95	65	0.998383
0	95	47	0.998383
1	95	42	0.998383
1	95	22	0.998383
1	95	40	0.99838
0	95	48	0.998378
1	95	27	0.998378
0	95	79	0.998376
0	95	91	0.998376
0	95	73	0.998376
0	95	63	0.998373
0	95	94	0.998373
1	95	43	0.998368
0	95	66	0.998368
1	95	40	0.998366
0	95	87	0.998366
1	95	27	0.998364
1	95	24	0.998364
1	95	31	0.998361
1	95	39	0.998361
0	95	86	0.998361
1	95	38	0.998356
0	95	90	0.998356
0	95	53	0.998356
0	95	56	0.998356
0	95	92	0.998352
0	95	48	0.998347
1	95	35	0.998347
0	95	90	0.998347
0	95	82	0.998345
0	95	76	0.998345
0	95	77	0.998342
0	95	69	0.998342
0	95	93	0.998342
0	95	69	0.99834
0	95	61	0.99834
0	95	67	0.998337
0	95	84	0.998337
0	95	60	0.998333
0	95	79	0.998333
0	95	48	0.99833
0	95	85	0.99833
1	95	39	0.998328
0	95	81	0.998325
0	95	85	0.998325
1	95	45	0.998325
0	95	79	0.998323
1	95	24	0.998323
0	95	54	0.998321
1	95	45	0.998316
0	95	54	0.998316
0	95	64	0.998314
1	95	40	0.998314
1	95	31	0.998309
0	95	85	0.998309
0	95	63	0.998306
0	95	60	0.998304
0	95	90	0.998299
1	95	21	0.998299
0	95	68	0.998297
0	95	92	0.998297
1	95	19	0.998294
0	95	50	0.998292
0	95	94	0.99829
0	95	60	0.99829
1	95	21	0.99829
0	95	56	0.998287
0	95	70	0.998285
1	95	38	0.998285
1	95	20	0.99828
0	95	72	0.998278
0	95	91	0.998275
1	95	32	0.998273
0	95	93	0.998273
0	95	58	0.998271
0	95	85	0.998271
0	95	80	0.998268
0	95	61	0.998266
0	95	93	0.998261
1	95	17	0.998259
1	95	30	0.998259
0	95	58	0.998259
0	95	80	0.998256
0	95	89	0.998256
0	95	89	0.998256
1	95	18	0.998254
0	95	88	0.998254
1	95	27	0.998247
1	95	19	0.998247
1	95	37	0.998242
0	95	66	0.99824
0	95	89	0.99824
0	95	83	0.99824
0	95	63	0.998237
0	95	65	0.998237
0	95	59	0.998237
0	95	65	0.998237
1	95	18	0.998237
0	95	60	0.998235
1	95	35	0.998235
1	95	42	0.998235
1	95	42	0.99823
1	95	20	0.998225
0	95	56	0.998225
0	95	85	0.998223
0	95	49	0.998223
1	95	38	0.998223
1	95	44	0.99822
1	95	30	0.998218
0	95	58	0.998213
0	95	66	0.998213
1	95	36	0.998213
0	95	69	0.998209
1	95	17	0.998209
1	95	31	0.998209
0	95	67	0.998209
0	95	53	0.998206
0	95	47	0.998204
1	95	40	0.998201
0	95	54	0.998199
0	95	85	0.998194
0	95	81	0.998194
0	95	93	0.998192
0	95	62	0.998187
0	95	78	0.998187
0	95	69	0.998185
0	95	93	0.998182
0	95	67	0.998182
0	95	64	0.99818
0	95	92	0.998177
0	95	62	0.998177
0	95	89	0.998177
1	95	17	0.998175
0	95	63	0.998175
0	95	65	0.998173
1	95	27	0.99817
0	95	68	0.99817
0	95	50	0.998168
0	95	75	0.998168
0	95	51	0.998168
1	95	20	0.998166
0	95	52	0.998166
0	95	75	0.998166
1	95	42	0.998163
1	95	41	0.998163
0	95	64	0.998161
1	95	17	0.998161
0	95	93	0.998156
1	95	42	0.998154
0	95	79	0.998151
0	95	65	0.998144
1	95	34	0.998144
0	95	84	0.998144
0	95	77	0.998144
1	95	18	0.998142
0	95	78	0.998139
0	95	63	0.998139
0	95	84	0.998139
0	95	56	0.998137
0	95	90	0.998137
0	95	73	0.998135
1	95	34	0.998135
1	95	33	0.99813
0	95	50	0.99813
0	95	87	0.99813
0	95	64	0.998127
1	95	43	0.998127
0	95	46	0.998125
0	95	75	0.998125
1	95	36	0.998123
0	95	78	0.998123
1	95	19	0.998123
0	95	56	0.99812
0	95	79	0.99812
1	95	37	0.998118
0	95	60	0.998118
1	95	26	0.998118
1	95	22	0.998115
0	95	59	0.998115
0	95	51	0.998113
0	95	87	0.998113
0	95	73	0.998113
0	95	89	0.998113
0	95	82	0.998111
0	95	58	0.998111
0	95	45	0.998111
0	95	60	0.998108
0	95	83	0.998106
0	95	90	0.998106
1	95	43	0.998106
1	95	28	0.998104
0	95	69	0.998096
0	95	94	0.998094
0	95	66	0.998094
0	95	65	0.998092
0	95	58	0.998089
1	95	24	0.998087
1	95	19	0.998087
0	95	58	0.998084
1	95	38	0.998082
1	95	31	0.99808
0	95	71	0.99808
1	95	19	0.998077
0	95	58	0.998077
0	95	81	0.998075
1	95	37	0.998075
0	95	60	0.998072
1	95	38	0.99807
1	95	32	0.998068
0	95	58	0.998068
0	95	91	0.998068
0	95	91	0.998063
0	95	49	0.998061
0	95	87	0.998058
1	95	41	0.998056
1	95	31	0.998056
1	95	32	0.998053
1	95	28	0.998051
0	95	60	0.998049
0	95	94	0.998044
1	95	20	0.998044
1	95	32	0.998044
1	95	30	0.998044
0	95	49	0.998041
0	95	62	0.998041
0	95	54	0.998041
1	95	37	0.998039
0	95	64	0.998039
0	95	93	0.998039
0	95	66	0.998039
0	95	47	0.998037
0	95	59	0.998034
0	95	48	0.998032
1	95	16	0.99803
0	95	77	0.99803
1	95	17	0.998027
0	95	89	0.998025
1	95	35	0.998022
0	95	57	0.998022
0	95	80	0.998013
1	95	23	0.998013
1	95	35	0.998013
1	95	30	0.998013
1	95	31	0.99801
1	95	29	0.998006
0	95	91	0.998006
1	95	39	0.998003
0	95	76	0.998003
1	95	30	0.998003
0	95	64	0.998003
0	95	94	0.998001
1	95	30	0.997999
0	95	82	0.997999
1	95	19	0.997999
0	95	80	0.997996
1	95	34	0.997994
0	95	85	0.997991
0	95	87	0.997989
1	95	37	0.997987
1	95	36	0.997984
0	95	85	0.997984
1	95	38	0.997982
1	95	26	0.997979
0	95	57	0.997977
0	95	90	0.997977
1	95	24	0.997975
1	95	29	0.997975
0	95	45	0.997975
0	95	75	0.997972
0	95	63	0.997972
0	95	86	0.997972
0	95	55	0.997967
0	95	71	0.99796
0	95	45	0.99796
0	95	92	0.99796
0	95	75	0.997958
0	95	86	0.997953
0	95	49	0.997953
0	95	80	0.997951
0	95	51	0.997951
1	95	38	0.997951
0	95	83	0.997948
0	95	45	0.997946
0	95	71	0.997944
0	95	87	0.997944
0	95	85	0.997941
0	95	46	0.997941
0	95	60	0.997939
1	95	39	0.997939
1	95	21	0.997939
0	95	58	0.997936
0	95	90	0.997934
1	95	40	0.997934
0	95	69	0.997932
0	95	61	0.997932
1	95	43	0.997929
1	95	32	0.997927
0	95	51	0.997925
1	95	27	0.99792
1	95	33	0.99792
0	95	59	0.997917
0	95	74	0.997915
1	95	20	0.997915
1	95	19	0.997908
0	95	77	0.997908
1	95	20	0.997908
0	95	79	0.997908
0	95	88	0.997905
0	95	60	0.997905
1	95	18	0.997903
0	95	83	0.997901
0	95	50	0.997896
0	95	61	0.997896
1	95	17	0.997894
1	95	25	0.997894
1	95	38	0.997894
0	95	84	0.997894
1	95	24	0.997894
0	95	88	0.997891
0	95	79	0.997889
0	95	47	0.997886
0	95	62	0.997886
1	95	39	0.997886
0	95	61	0.997886
0	95	81	0.997884
0	95	47	0.997882
1	95	20	0.997879
0	95	69	0.997877
1	95	19	0.997877
0	95	60	0.997877
1	95	24	0.997872
0	95	62	0.997872
0	95	53	0.997872
0	95	84	0.997867
1	95	39	0.997867
0	95	62	0.997865
0	95	68	0.997863
0	95	63	0.997863
1	95	43	0.997863
0	95	50	0.99786
0	95	91	0.997855
0	95	87	0.997855
0	95	46	0.997855
0	95	58	0.997853
1	95	37	0.997853
0	95	72	0.997853
0	95	94	0.997848
1	95	42	0.997848
0	95	59	0.997848
0	95	93	0.997843
1	95	40	0.997841
0	95	77	0.997839
1	95	23	0.997839
1	95	40	0.997839
0	95	87	0.997836
0	95	62	0.997834
1	95	18	0.997832
1	95	22	0.997827
1	95	17	0.997824
0	95	92	0.997824
1	95	32	0.997822
1	95	23	0.99782
1	95	42	0.99782
0	95	79	0.997817
0	95	49	0.997817
0	95	48	0.997812
0	95	48	0.997812
0	95	93	0.99781
0	95	61	0.997805
1	95	30	0.997805
1	95	29	0.9978
0	95	82	0.9978
0	95	57	0.9978
0	95	72	0.997798
1	95	42	0.997798
1	95	42	0.997798
0	95	88	0.997796
0	95	93	0.997796
0	95	92	0.997793
1	95	22	0.997791
1	95	30	0.997791
1	95	36	0.997791
1	95	29	0.997791
0	95	52	0.997789
0	95	59	0.997784
1	95	29	0.997781
1	95	18	0.997777
1	95	28	0.997777
0	95	57	0.997774
0	95	64	0.997774
0	95	86	0.997774
0	95	94	0.997774
0	95	52	0.997774
1	95	43	0.997772
1	95	16	0.997772
1	95	40	0.997767
0	95	79	0.997765
1	95	19	0.997765
0	95	82	0.99776
0	95	68	0.99776
1	95	18	0.99776
0	95	54	0.99776
0	95	73	0.997758
0	95	91	0.997758
1	95	17	0.997755
1	95	39	0.997755
0	95	89	0.997755
1	95	26	0.997755
0	95	92	0.997755
0	95	62	0.997753
0	95	91	0.997753
0	95	69	0.99775
1	95	35	0.99775
0	95	93	0.997748
1	95	17	0.997748
0	95	79	0.997746
0	95	58	0.997746
0	95	63	0.997743
1	95	24	0.997741
0	95	68	0.997738
0	95	55	0.997738
0	95	75	0.997738
0	95	51	0.997736
0	95	77	0.997736
0	95	82	0.997734
1	95	29	0.997734
1	95	24	0.997734
0	95	71	0.997731
1	95	40	0.997729
0	95	74	0.997724
0	95	80	0.997724
1	95	25	0.997724
0	95	43	0.997722
1	95	25	0.997719
1	95	29	0.997719
0	95	89	0.997717
1	95	30	0.997715
1	95	16	0.997715
1	95	29	0.997715
1	95	21	0.997712
1	95	21	0.99771
0	95	66	0.99771
1	95	33	0.997707
1	95	41	0.997707
0	95	92	0.997705
1	95	17	0.997705
1	95	16	0.997703
0	95	79	0.997698
0	95	68	0.997698
0	95	68	0.997696
0	95	92	0.997696
1	95	30	0.997691
1	95	41	0.997691
1	95	38	0.997691
1	95	33	0.997691
0	95	73	0.997688
0	95	88	0.997686
1	95	28	0.997686
0	95	80	0.997676
0	95	74	0.997674
1	95	30	0.997672
0	95	60	0.997662
0	95	55	0.99766
0	95	50	0.997657
1	95	20	0.997655
0	95	78	0.997653
0	95	90	0.99765
0	95	57	0.99765
0	95	85	0.997645
0	95	68	0.997645
0	95	94	0.997643
0	95	68	0.997641
0	95	55	0.997641
0	95	58	0.997634
0	95	59	0.997634
0	95	80	0.997634
0	95	75	0.997631
0	95	51	0.997631
0	95	80	0.997629
0	95	61	0.997629
0	95	57	0.997626
0	95	84	0.997626
0	95	69	0.997626
0	95	66	0.997626
1	95	39	0.997624
1	95	33	0.997622
1	95	25	0.997619
0	95	50	0.997619
0	95	78	0.997619
0	95	87	0.997619
0	95	53	0.997617
0	95	89	0.997614
1	95	26	0.997614
1	95	27	0.997612
1	95	26	0.997612
