167683
0.911037
2000
1	378	69	0.999998
1	378	71	0.999998
1	378	209	0.999994
1	378	206	0.999994
1	378	94	0.99999
1	378	317	0.99999
1	378	126	0.99999
1	378	72	0.99999
1	378	132	0.99999
1	378	244	0.999988
1	378	265	0.999988
1	378	264	0.999986
1	378	71	0.999984
1	378	372	0.999984
1	378	75	0.999982
1	378	332	0.99998
1	378	62	0.99998
1	378	182	0.999978
1	378	203	0.999978
1	378	218	0.999978
1	378	303	0.999978
1	378	74	0.999974
1	378	239	0.999972
1	378	240	0.999972
1	378	110	0.999972
1	378	269	0.99997
1	378	62	0.99997
1	378	296	0.999968
1	378	344	0.999968
1	378	53	0.999966
1	378	296	0.999966
1	378	288	0.999966
1	378	308	0.999966
1	378	147	0.999964
1	378	126	0.999964
1	378	92	0.999962
1	378	214	0.999962
1	378	77	0.99996
1	378	332	0.99996
1	378	171	0.99996
1	378	157	0.999956
1	378	304	0.999954
1	378	123	0.999954
0	378	366	0.999954
1	378	108	0.999954
1	378	94	0.999954
1	378	235	0.999952
1	378	277	0.99995
1	378	333	0.99995
1	378	338	0.99995
1	378	277	0.99995
1	378	192	0.999948
1	378	177	0.999948
1	378	56	0.999948
1	378	109	0.999946
1	378	82	0.999946
1	378	127	0.999946
1	378	103	0.999944
1	378	139	0.999944
1	378	202	0.999944
1	378	262	0.999944
1	378	108	0.999944
1	378	210	0.999944
1	378	206	0.999942
1	378	219	0.999942
1	378	145	0.999942
1	378	85	0.99994
1	378	337	0.99994
1	378	79	0.999938
1	378	217	0.999938
1	378	330	0.999936
1	378	306	0.999936
1	378	61	0.999934
1	378	69	0.999932
0	378	365	0.99993
1	378	207	0.999928
1	378	333	0.999926
1	378	166	0.999924
1	378	242	0.999924
1	378	76	0.999924
1	378	200	0.999924
1	378	153	0.999922
1	378	69	0.999921
1	378	346	0.999921
1	378	176	0.999921
1	378	166	0.999921
1	378	311	0.999919
1	378	261	0.999917
1	378	204	0.999917
1	378	217	0.999917
1	378	173	0.999917
1	378	80	0.999917
1	378	162	0.999917
1	378	200	0.999915
1	378	83	0.999915
1	378	276	0.999915
1	378	341	0.999913
1	378	89	0.999913
0	378	358	0.999913
1	378	261	0.999913
1	378	244	0.999911
1	378	168	0.999911
1	378	153	0.999909
1	378	227	0.999907
1	378	157	0.999907
1	378	193	0.999907
1	378	306	0.999905
1	378	188	0.999905
1	378	192	0.999903
1	378	297	0.999903
1	378	249	0.999903
1	378	272	0.999903
1	378	129	0.999901
1	378	263	0.999899
1	378	156	0.999899
1	378	73	0.999897
1	378	319	0.999897
1	378	170	0.999897
1	378	233	0.999895
1	378	302	0.999895
1	378	79	0.999893
1	378	196	0.999893
0	378	371	0.999891
1	378	164	0.999891
1	378	112	0.999889
0	378	348	0.999887
1	378	111	0.999887
1	378	56	0.999885
1	378	314	0.999885
1	378	167	0.999885
1	378	103	0.999885
0	378	343	0.999883
1	378	135	0.999883
1	378	112	0.999881
0	378	359	0.999881
0	378	361	0.999875
1	378	115	0.999875
1	378	133	0.999873
1	378	327	0.999873
1	378	53	0.999871
0	378	361	0.999871
1	378	219	0.999869
1	378	222	0.999869
1	378	178	0.999869
1	378	150	0.999869
0	378	363	0.999867
1	378	104	0.999867
1	378	152	0.999861
1	378	282	0.999861
1	378	320	0.999859
1	378	257	0.999857
1	378	55	0.999857
1	378	225	0.999855
0	378	345	0.999855
1	378	329	0.999853
1	378	93	0.999851
1	378	124	0.999849
1	378	154	0.999849
1	378	301	0.999843
1	378	173	0.999843
1	378	101	0.999843
0	378	357	0.999841
1	378	286	0.999841
1	378	313	0.999833
1	378	96	0.999831
1	378	153	0.999831
1	378	270	0.999831
1	378	178	0.999829
1	378	79	0.999829
0	378	345	0.999829
1	378	146	0.999825
1	378	166	0.999825
0	378	348	0.999823
1	378	275	0.999821
1	378	239	0.999821
1	378	325	0.999821
1	378	227	0.999821
1	378	123	0.999819
1	378	112	0.999817
1	378	53	0.999817
1	378	138	0.999815
1	378	132	0.999813
1	378	259	0.999811
1	378	132	0.999811
1	378	180	0.999809
1	378	75	0.999809
1	378	56	0.999809
1	378	152	0.999809
1	378	189	0.999809
1	378	174	0.999809
1	378	77	0.999807
1	378	259	0.999807
1	378	77	0.999807
1	378	187	0.999805
1	378	104	0.999803
1	378	155	0.999803
1	378	291	0.999803
1	378	315	0.999801
0	378	332	0.999801
1	378	275	0.999799
1	378	134	0.999799
1	378	195	0.999797
1	378	168	0.999795
1	378	236	0.999793
1	378	93	0.999793
1	378	241	0.999787
1	378	140	0.999787
0	378	368	0.999787
1	378	237	0.999785
1	378	248	0.999785
1	378	298	0.999785
1	378	128	0.999785
1	378	154	0.999783
1	378	151	0.999779
1	378	66	0.999779
1	378	116	0.999779
1	378	293	0.999779
1	378	109	0.999779
1	378	122	0.999779
1	378	58	0.999779
1	378	192	0.999779
1	378	226	0.999777
1	378	164	0.999777
1	378	174	0.999777
1	378	149	0.999777
1	378	210	0.999775
1	378	249	0.999775
0	378	355	0.999773
1	378	144	0.999773
1	378	92	0.999771
1	378	109	0.999769
1	378	171	0.999769
1	378	258	0.999769
1	378	139	0.999767
1	378	276	0.999766
1	378	156	0.999766
1	378	213	0.999764
1	378	128	0.999764
1	378	231	0.999764
1	378	173	0.999764
1	378	212	0.999762
1	378	261	0.999762
1	378	245	0.999762
1	378	280	0.999762
1	378	114	0.999762
0	378	361	0.99976
1	378	118	0.99976
1	378	181	0.99976
1	378	258	0.999758
1	378	188	0.999758
1	378	124	0.999758
1	378	301	0.999756
1	378	152	0.999756
0	378	374	0.999756
1	378	273	0.999756
1	378	149	0.999756
1	378	203	0.999752
1	378	173	0.99975
1	378	259	0.999748
0	378	328	0.999746
1	378	71	0.999746
1	378	205	0.999744
1	378	116	0.999742
1	378	301	0.999742
0	378	323	0.999742
0	378	317	0.999742
1	378	215	0.99974
1	378	52	0.99974
1	378	138	0.999736
1	378	292	0.999736
0	378	375	0.999736
1	378	260	0.999734
1	378	147	0.999732
1	378	111	0.999732
1	378	211	0.999728
1	378	241	0.999728
1	378	140	0.999728
1	378	191	0.999726
1	378	295	0.999726
1	378	110	0.999726
1	378	78	0.999722
0	378	376	0.999722
0	378	336	0.999722
0	378	313	0.99972
1	378	54	0.99972
1	378	163	0.999718
0	378	356	0.999718
0	378	332	0.999714
1	378	58	0.999714
1	378	281	0.999714
0	378	362	0.99971
0	378	323	0.999708
1	378	279	0.999708
1	378	200	0.999708
0	378	373	0.999706
1	378	144	0.999706
0	378	366	0.999706
1	378	208	0.999706
1	378	132	0.999704
0	378	326	0.999704
1	378	285	0.999702
1	378	69	0.999702
1	378	100	0.9997
1	378	138	0.9997
1	378	236	0.9997
1	378	281	0.9997
0	378	353	0.999698
1	378	107	0.999698
1	378	184	0.999696
1	378	283	0.999696
1	378	62	0.999694
0	378	345	0.999694
1	378	287	0.999694
1	378	107	0.999692
0	378	327	0.999692
1	378	213	0.99969
1	378	193	0.999688
0	378	348	0.999688
1	378	191	0.999688
0	378	330	0.999686
1	378	234	0.999686
1	378	108	0.999686
1	378	167	0.999684
1	378	229	0.999684
1	378	130	0.999684
1	378	280	0.999682
0	378	356	0.99968
1	378	179	0.99968
1	378	189	0.999678
1	378	241	0.999678
1	378	159	0.999678
0	378	351	0.999676
1	378	218	0.999676
0	378	327	0.999676
1	378	82	0.999676
1	378	73	0.999674
1	378	97	0.999674
1	378	92	0.999672
1	378	221	0.999672
1	378	183	0.999672
1	378	127	0.99967
1	378	213	0.999668
1	378	287	0.999668
1	378	102	0.999668
0	378	330	0.999666
1	378	160	0.999664
0	378	291	0.999664
1	378	229	0.999664
1	378	231	0.999664
1	378	98	0.999662
0	378	311	0.999662
1	378	270	0.999662
1	378	182	0.999662
1	378	223	0.99966
1	378	150	0.999658
1	378	143	0.999658
1	378	193	0.999656
1	378	89	0.999654
0	378	367	0.999654
1	378	130	0.999654
1	378	223	0.999652
1	378	130	0.99965
1	378	137	0.999648
1	378	248	0.999648
1	378	136	0.999648
0	378	313	0.999648
0	378	365	0.999648
0	378	318	0.999646
1	378	178	0.999644
1	378	166	0.999642
1	378	242	0.999642
0	378	368	0.999642
1	378	180	0.999642
1	378	163	0.999638
1	378	274	0.999638
1	378	123	0.999636
1	378	281	0.999634
1	378	275	0.999634
1	378	194	0.999634
0	378	301	0.999634
1	378	164	0.999634
0	378	296	0.999634
0	378	318	0.99963
1	378	104	0.99963
1	378	126	0.99963
1	378	109	0.999628
0	378	301	0.999628
1	378	73	0.999626
1	378	267	0.999626
0	378	360	0.999626
1	378	154	0.999624
0	378	363	0.999624
1	378	115	0.999618
1	378	264	0.999618
0	378	364	0.999618
1	378	170	0.999618
1	378	205	0.999618
1	378	234	0.999618
1	378	67	0.999616
1	378	85	0.999616
0	378	304	0.999616
1	378	196	0.999616
1	378	117	0.999615
1	378	195	0.999615
1	378	255	0.999613
1	378	52	0.999611
1	378	124	0.999609
0	378	326	0.999609
1	378	197	0.999609
1	378	83	0.999607
1	378	168	0.999605
1	378	83	0.999603
1	378	168	0.999601
0	378	366	0.999599
0	378	375	0.999599
0	378	356	0.999599
1	378	136	0.999595
0	378	308	0.999595
1	378	232	0.999595
0	378	329	0.999591
1	378	230	0.999591
1	378	173	0.999585
1	378	54	0.999585
1	378	159	0.999585
0	378	374	0.999583
0	378	280	0.999583
0	378	362	0.999583
1	378	248	0.999583
1	378	53	0.999583
1	378	253	0.999581
1	378	193	0.999581
1	378	98	0.999581
0	378	290	0.999581
1	378	177	0.999581
1	378	248	0.999581
1	378	202	0.999579
1	378	135	0.999577
0	378	311	0.999577
1	378	204	0.999577
1	378	83	0.999575
1	378	108	0.999573
1	378	225	0.999573
1	378	81	0.999573
1	378	178	0.999573
1	378	102	0.999571
1	378	226	0.999569
0	378	332	0.999569
0	378	295	0.999569
1	378	124	0.999569
0	378	327	0.999567
1	378	226	0.999567
1	378	269	0.999563
0	378	372	0.999561
0	378	305	0.999561
1	378	228	0.999557
1	378	97	0.999557
1	378	134	0.999555
1	378	171	0.999553
0	378	331	0.999553
0	378	356	0.999553
1	378	174	0.999553
1	378	191	0.999551
1	378	261	0.999551
1	378	96	0.999551
1	378	131	0.999547
0	378	316	0.999547
1	378	133	0.999547
1	378	209	0.999545
0	378	278	0.999545
1	378	134	0.999545
1	378	190	0.999543
1	378	162	0.999543
1	378	101	0.999541
0	378	276	0.999541
0	378	353	0.999537
1	378	106	0.999537
0	378	341	0.999535
1	378	221	0.999533
0	378	291	0.999533
1	378	228	0.999533
0	378	373	0.999533
1	378	126	0.999531
1	378	205	0.999531
0	378	348	0.999531
1	378	178	0.999529
1	378	87	0.999529
1	378	65	0.999529
1	378	152	0.999525
1	378	81	0.999525
1	378	129	0.999523
0	378	273	0.999523
1	378	163	0.999521
1	378	146	0.999519
1	378	87	0.999519
1	378	135	0.999519
1	378	147	0.999517
1	378	74	0.999517
1	378	73	0.999515
1	378	114	0.999515
1	378	145	0.999513
1	378	107	0.999513
1	378	54	0.999513
0	378	291	0.999513
0	378	290	0.999511
0	378	342	0.999511
1	378	205	0.999511
1	378	140	0.999509
1	378	151	0.999509
1	378	68	0.999509
1	378	228	0.999507
1	378	108	0.999507
0	378	362	0.999505
1	378	232	0.999501
1	378	161	0.999501
0	378	345	0.999501
1	378	161	0.999499
1	378	227	0.999499
0	378	335	0.999495
0	378	358	0.999495
1	378	255	0.999491
1	378	219	0.999491
0	378	320	0.999491
1	378	73	0.999491
0	378	351	0.999489
0	378	335	0.999487
0	378	375	0.999487
1	378	60	0.999485
1	378	61	0.999485
1	378	245	0.999483
1	378	63	0.999481
1	378	66	0.999479
1	378	175	0.999479
1	378	150	0.999477
1	378	118	0.999477
1	378	158	0.999477
0	378	285	0.999475
1	378	123	0.999473
1	378	72	0.999471
1	378	196	0.999469
0	378	343	0.999469
0	378	267	0.999469
0	378	367	0.999467
0	378	297	0.999466
1	378	105	0.999466
0	378	293	0.999462
0	378	333	0.999462
1	378	93	0.999462
0	378	350	0.99946
0	378	271	0.999456
1	378	248	0.999456
1	378	138	0.99945
0	378	282	0.99945
1	378	82	0.99945
1	378	181	0.999448
0	378	329	0.999448
1	378	177	0.999446
0	378	358	0.999446
0	378	332	0.999442
0	378	331	0.999442
0	378	347	0.999442
0	378	277	0.999438
0	378	358	0.999438
1	378	240	0.999438
1	378	71	0.999438
1	378	65	0.999436
1	378	177	0.999436
1	378	70	0.999436
1	378	142	0.999434
1	378	69	0.999428
0	378	317	0.999428
1	378	240	0.999428
0	378	320	0.999426
0	378	287	0.999426
1	378	234	0.999426
1	378	71	0.999426
0	378	338	0.999424
1	378	151	0.999424
0	378	303	0.999424
0	378	319	0.999422
1	378	77	0.999422
1	378	117	0.999422
1	378	235	0.99942
1	378	78	0.999418
1	378	133	0.999414
1	378	174	0.999414
1	378	114	0.999414
0	378	324	0.999414
1	378	89	0.999412
1	378	158	0.999412
1	378	162	0.999408
0	378	295	0.999408
0	378	330	0.999408
0	378	322	0.999406
1	378	195	0.999406
1	378	97	0.999406
1	378	71	0.999406
0	378	312	0.999404
0	378	298	0.999402
1	378	191	0.999402
0	378	264	0.999398
1	378	216	0.999398
1	378	161	0.999398
1	378	203	0.999398
1	378	101	0.999398
0	378	246	0.999394
0	378	342	0.999394
1	378	190	0.999394
0	378	374	0.999392
1	378	102	0.99939
0	378	294	0.999388
1	378	185	0.999388
1	378	205	0.999386
0	378	335	0.999386
0	378	244	0.999384
0	378	312	0.999384
1	378	184	0.999384
1	378	222	0.999384
1	378	206	0.999384
1	378	84	0.999382
0	378	330	0.999382
0	378	252	0.99938
1	378	197	0.99938
0	378	315	0.99938
1	378	130	0.99938
1	378	221	0.999378
0	378	334	0.999378
1	378	143	0.999378
0	378	280	0.999376
0	378	239	0.999372
0	378	255	0.999372
0	378	247	0.999372
0	378	354	0.999372
1	378	151	0.999372
1	378	161	0.99937
1	378	66	0.99937
1	378	105	0.999368
1	378	151	0.999368
0	378	372	0.999366
0	378	355	0.999362
1	378	130	0.999362
1	378	228	0.99936
0	378	366	0.99936
1	378	206	0.99936
1	378	108	0.999358
0	378	280	0.999356
0	378	291	0.999356
1	378	231	0.999354
0	378	369	0.999354
0	378	341	0.999354
1	378	233	0.999354
0	378	370	0.999352
0	378	339	0.999352
1	378	200	0.999352
0	378	318	0.99935
1	378	234	0.99935
1	378	104	0.99935
1	378	116	0.999348
0	378	376	0.999348
1	378	86	0.999348
1	378	187	0.999348
0	378	359	0.999348
1	378	165	0.999348
0	378	360	0.999346
1	378	193	0.999346
1	378	109	0.999346
0	378	297	0.999344
0	378	326	0.999344
0	378	337	0.999342
0	378	375	0.999342
1	378	151	0.999338
1	378	171	0.999338
1	378	181	0.999336
0	378	259	0.999336
1	378	142	0.999336
0	378	265	0.999336
0	378	326	0.999334
1	378	196	0.999334
0	378	289	0.999332
0	378	369	0.999332
1	378	140	0.999326
1	378	165	0.999322
0	378	280	0.999322
0	378	275	0.999322
0	378	237	0.999321
1	378	219	0.999321
1	378	106	0.999319
1	378	112	0.999319
1	378	187	0.999319
0	378	375	0.999317
0	378	332	0.999317
0	378	337	0.999317
0	378	235	0.999315
1	378	151	0.999315
1	378	176	0.999315
1	378	164	0.999313
1	378	230	0.999313
0	378	271	0.999313
0	378	325	0.999313
1	378	158	0.999311
0	378	301	0.999311
1	378	150	0.999309
1	378	179	0.999307
1	378	114	0.999307
1	378	208	0.999307
1	378	72	0.999305
0	378	316	0.999303
0	378	302	0.999303
1	378	199	0.999301
1	378	77	0.999297
0	378	320	0.999297
0	378	339	0.999297
0	378	348	0.999295
0	378	261	0.999295
1	378	69	0.999295
0	378	340	0.999293
1	378	120	0.999293
1	378	93	0.999291
1	378	155	0.999289
1	378	78	0.999289
1	378	74	0.999289
1	378	113	0.999289
0	378	331	0.999287
1	378	56	0.999287
1	378	126	0.999287
1	378	185	0.999287
1	378	163	0.999287
1	378	193	0.999283
0	378	299	0.999283
1	378	191	0.999279
0	378	364	0.999275
1	378	190	0.999273
1	378	165	0.999273
0	378	284	0.999271
1	378	221	0.999271
1	378	167	0.999269
0	378	303	0.999269
1	378	180	0.999269
0	378	363	0.999265
0	378	276	0.999265
0	378	351	0.999265
1	378	122	0.999263
0	378	326	0.999263
1	378	69	0.999261
1	378	119	0.999261
1	378	112	0.999261
0	378	343	0.999257
1	378	165	0.999255
1	378	68	0.999253
1	378	200	0.999251
1	378	175	0.999251
0	378	332	0.999249
0	378	315	0.999249
0	378	297	0.999249
0	378	228	0.999247
0	378	341	0.999245
1	378	61	0.999245
0	378	345	0.999245
0	378	367	0.999243
0	378	349	0.999243
0	378	332	0.999241
1	378	61	0.999235
0	378	356	0.999233
0	378	249	0.999233
1	378	70	0.999231
0	378	247	0.999229
1	378	68	0.999227
0	378	272	0.999227
1	378	117	0.999225
1	378	78	0.999225
1	378	199	0.999225
0	378	370	0.999223
0	378	260	0.999223
0	378	244	0.999223
0	378	346	0.999223
0	378	349	0.999221
1	378	209	0.999221
0	378	315	0.999221
1	378	56	0.999219
0	378	281	0.999217
1	378	212	0.999215
0	378	240	0.999213
1	378	169	0.999213
0	378	369	0.999207
1	378	56	0.999207
0	378	223	0.999205
0	378	299	0.999205
0	378	237	0.999205
0	378	377	0.999205
1	378	132	0.999205
1	378	180	0.999205
1	378	142	0.999205
1	378	93	0.999201
1	378	205	0.999201
1	378	189	0.999201
1	378	65	0.999199
0	378	296	0.999197
0	378	305	0.999195
0	378	257	0.999195
1	378	173	0.999195
1	378	165	0.999191
0	378	328	0.999191
0	378	247	0.999191
1	378	153	0.999191
0	378	360	0.999191
1	378	200	0.999189
0	378	326	0.999189
1	378	63	0.999185
1	378	133	0.999185
0	378	295	0.999185
1	378	83	0.99918
1	378	194	0.99918
0	378	259	0.999178
1	378	187	0.999178
1	378	152	0.999178
1	378	203	0.999178
1	378	204	0.999178
1	378	121	0.999178
1	378	76	0.999176
1	378	68	0.999174
0	378	244	0.999174
0	378	244	0.999174
1	378	81	0.999174
0	378	329	0.999174
1	378	99	0.999172
0	378	277	0.999172
0	378	320	0.99917
0	378	360	0.999168
1	378	185	0.999168
1	378	134	0.999166
1	378	102	0.999166
1	378	195	0.999166
0	378	359	0.999166
1	378	182	0.99916
0	378	291	0.99916
1	378	167	0.999156
1	378	182	0.999156
1	378	81	0.999156
1	378	62	0.99915
1	378	139	0.99915
1	378	185	0.999148
0	378	255	0.999148
1	378	181	0.999148
0	378	373	0.999148
0	378	241	0.999144
1	378	182	0.999144
1	378	150	0.999144
1	378	62	0.999142
0	378	264	0.99914
0	378	274	0.99914
0	378	235	0.999138
0	378	296	0.999138
0	378	261	0.999138
0	378	312	0.999138
1	378	192	0.999134
1	378	153	0.999134
1	378	61	0.999132
1	378	136	0.99913
0	378	364	0.99913
0	378	294	0.99913
0	378	232	0.999128
0	378	360	0.999128
0	378	337	0.999124
0	378	245	0.999124
1	378	150	0.999124
0	378	274	0.999122
1	378	198	0.999122
1	378	162	0.999122
1	378	66	0.999118
1	378	61	0.999118
1	378	95	0.999116
0	378	361	0.999116
1	378	172	0.999116
0	378	329	0.999116
1	378	82	0.999116
1	378	172	0.999114
1	378	73	0.999114
1	378	151	0.999112
1	378	166	0.99911
0	378	227	0.99911
0	378	342	0.99911
1	378	73	0.99911
0	378	361	0.999106
1	378	64	0.999106
0	378	358	0.999104
0	378	297	0.999104
0	378	327	0.999104
1	378	151	0.999104
1	378	190	0.999102
1	378	187	0.999102
0	378	343	0.9991
1	378	78	0.9991
1	378	97	0.999096
1	378	64	0.999096
0	378	298	0.999096
0	378	252	0.999092
0	378	356	0.999092
1	378	83	0.999092
1	378	60	0.999092
0	378	237	0.99909
1	378	58	0.99909
1	378	132	0.99909
1	378	87	0.999088
1	378	130	0.999088
0	378	238	0.999088
0	378	255	0.999088
1	378	128	0.999086
0	378	339	0.999086
0	378	227	0.999086
1	378	118	0.999084
0	378	292	0.999082
1	378	154	0.99908
0	378	246	0.99908
1	378	140	0.999074
1	378	106	0.999074
0	378	340	0.999072
0	378	218	0.999072
0	378	310	0.999072
1	378	131	0.99907
1	378	134	0.99907
0	378	362	0.99907
0	378	244	0.999068
0	378	250	0.999068
1	378	134	0.999066
0	378	214	0.999064
0	378	310	0.999062
1	378	177	0.999062
1	378	117	0.999062
0	378	357	0.999062
1	378	61	0.999058
1	378	64	0.999056
0	378	365	0.999056
0	378	292	0.999054
0	378	373	0.999052
1	378	150	0.999052
0	378	269	0.99905
1	378	55	0.99905
0	378	279	0.99905
1	378	129	0.999048
1	378	139	0.999046
0	378	284	0.999046
1	378	140	0.999044
0	378	304	0.999044
0	378	236	0.999042
1	378	163	0.99904
1	378	126	0.999037
1	378	148	0.999037
1	378	119	0.999035
1	378	60	0.999035
1	378	109	0.999035
0	378	242	0.999035
0	378	288	0.999035
1	378	124	0.999035
1	378	127	0.999033
1	378	86	0.999033
0	378	212	0.999031
1	378	165	0.999031
1	378	139	0.999031
0	378	285	0.999031
0	378	290	0.999029
1	378	106	0.999029
0	378	299	0.999027
1	378	64	0.999027
1	378	103	0.999027
1	378	78	0.999023
1	378	147	0.999021
0	378	219	0.999019
0	378	346	0.999019
1	378	131	0.999017
0	378	314	0.999017
0	378	352	0.999015
1	378	149	0.999015
0	378	226	0.999015
0	378	368	0.999011
0	378	204	0.999009
0	378	266	0.999007
0	378	228	0.999007
1	378	159	0.999007
1	378	117	0.999005
0	378	333	0.999003
1	378	74	0.999003
0	378	351	0.999001
1	378	84	0.999001
0	378	285	0.999001
1	378	193	0.999001
0	378	319	0.998999
0	378	329	0.998999
1	378	63	0.998997
0	378	272	0.998997
0	378	244	0.998997
1	378	66	0.998995
0	378	284	0.998993
1	378	175	0.998993
0	378	340	0.998993
0	378	308	0.998993
0	378	212	0.998991
1	378	120	0.998987
1	378	93	0.998985
0	378	232	0.998985
0	378	327	0.998983
0	378	328	0.998983
0	378	311	0.998983
1	378	67	0.998981
1	378	156	0.998981
1	378	155	0.998979
0	378	305	0.998979
0	378	294	0.998979
0	378	256	0.998977
1	378	95	0.998977
1	378	119	0.998975
1	378	153	0.998975
0	378	274	0.998975
0	378	296	0.998975
1	378	76	0.998973
1	378	55	0.998973
1	378	90	0.998973
0	378	252	0.998971
1	378	188	0.998971
1	378	137	0.998971
0	378	258	0.998969
0	378	321	0.998969
0	378	304	0.998969
0	378	224	0.998969
0	378	216	0.998969
0	378	294	0.998967
1	378	97	0.998967
0	378	304	0.998965
1	378	107	0.998965
1	378	86	0.998965
0	378	265	0.998963
0	378	280	0.998963
1	378	132	0.998963
0	378	198	0.998961
0	378	310	0.998959
1	378	189	0.998959
1	378	135	0.998957
1	378	103	0.998957
1	378	165	0.998955
1	378	106	0.998953
1	378	85	0.998953
1	378	80	0.998953
0	378	376	0.998951
1	378	192	0.998951
0	378	288	0.998947
1	378	60	0.998947
1	378	174	0.998947
0	378	298	0.998945
1	378	147	0.998943
1	378	68	0.998943
0	378	351	0.998943
0	378	287	0.998943
1	378	116	0.998943
1	378	144	0.998941
0	378	305	0.998941
0	378	344	0.998939
1	378	82	0.998939
0	378	329	0.998939
0	378	292	0.998937
1	378	91	0.998937
1	378	123	0.998937
1	378	182	0.998935
0	378	357	0.998935
1	378	179	0.998933
0	378	265	0.998931
0	378	310	0.998931
1	378	59	0.998931
0	378	287	0.998929
1	378	88	0.998929
1	378	53	0.998929
1	378	70	0.998929
1	378	182	0.998927
1	378	137	0.998927
1	378	111	0.998925
1	378	185	0.998925
1	378	183	0.998925
1	378	150	0.998923
0	378	356	0.998921
0	378	349	0.998919
0	378	261	0.998919
0	378	262	0.998919
0	378	305	0.998917
1	378	139	0.998917
0	378	248	0.998915
0	378	228	0.998913
1	378	153	0.998913
0	378	247	0.998913
0	378	325	0.998909
0	378	316	0.998909
0	378	284	0.998907
1	378	109	0.998907
0	378	216	0.998905
1	378	123	0.998904
0	378	324	0.998904
1	378	164	0.998904
1	378	156	0.998902
0	378	189	0.998902
1	378	78	0.998902
0	378	244	0.9989
1	378	134	0.9989
1	378	184	0.9989
0	378	232	0.998898
1	378	53	0.998896
1	378	66	0.998896
0	378	296	0.998894
1	378	163	0.998894
0	378	218	0.998894
1	378	110	0.998894
0	378	317	0.99889
1	378	131	0.99889
1	378	134	0.99889
1	378	110	0.998888
0	378	348	0.998888
0	378	357	0.998888
0	378	224	0.998886
0	378	315	0.998886
0	378	369	0.998886
0	378	212	0.998886
0	378	305	0.998882
1	378	127	0.998882
1	378	70	0.998882
0	378	374	0.99888
0	378	314	0.99888
0	378	291	0.99888
0	378	243	0.998878
0	378	332	0.998878
0	378	236	0.998876
1	378	86	0.998876
0	378	311	0.998874
0	378	337	0.998872
0	378	370	0.99887
1	378	149	0.99887
0	378	239	0.99887
0	378	267	0.99887
0	378	279	0.998866
0	378	271	0.998866
0	378	370	0.998864
1	378	132	0.998862
1	378	53	0.99886
0	378	337	0.99886
1	378	139	0.99886
0	378	244	0.99886
0	378	206	0.998858
1	378	61	0.998854
1	378	166	0.998854
1	378	140	0.998854
0	378	279	0.998854
0	378	322	0.99885
1	378	62	0.99885
0	378	349	0.99885
0	378	306	0.998848
0	378	377	0.998846
1	378	169	0.998846
1	378	107	0.998846
0	378	312	0.99884
0	378	308	0.99884
0	378	199	0.99884
1	378	184	0.99884
0	378	329	0.99884
0	378	358	0.998838
0	378	326	0.998838
0	378	281	0.998836
1	378	109	0.998834
0	378	361	0.998834
1	378	130	0.998834
1	378	83	0.998834
0	378	373	0.998834
0	378	209	0.998832
0	378	303	0.998832
0	378	289	0.998832
0	378	329	0.998832
0	378	343	0.99883
0	378	240	0.998828
1	378	52	0.998826
0	378	254	0.998826
0	378	362	0.998824
0	378	189	0.998822
0	378	252	0.998822
1	378	161	0.99882
1	378	87	0.99882
1	378	176	0.99882
0	378	362	0.998816
0	378	320	0.998816
1	378	58	0.998816
1	378	72	0.998816
0	378	300	0.998816
0	378	210	0.998814
0	378	242	0.998812
1	378	122	0.998812
0	378	356	0.998812
1	378	145	0.99881
1	378	147	0.998808
1	378	131	0.998806
0	378	235	0.998806
0	378	243	0.998806
0	378	258	0.998806
0	378	193	0.998804
0	378	265	0.9988
1	378	105	0.9988
1	378	152	0.998798
0	378	369	0.998798
1	378	158	0.998798
0	378	345	0.998796
1	378	103	0.998794
0	378	224	0.99879
1	378	132	0.99879
0	378	254	0.99879
0	378	270	0.998788
0	378	187	0.998788
0	378	249	0.998788
0	378	355	0.998784
0	378	258	0.998782
0	378	249	0.998782
0	378	257	0.998782
0	378	263	0.998782
0	378	306	0.99878
1	378	84	0.99878
1	378	83	0.998778
0	378	362	0.998774
0	378	272	0.998774
1	378	130	0.998774
1	378	63	0.998774
0	378	288	0.998774
0	378	183	0.998774
0	378	296	0.998772
0	378	293	0.99877
0	378	294	0.998769
0	378	276	0.998769
0	378	279	0.998767
0	378	271	0.998767
1	378	166	0.998767
1	378	123	0.998765
0	378	250	0.998765
1	378	82	0.998765
1	378	84	0.998763
0	378	344	0.998763
0	378	324	0.998763
1	378	52	0.998763
0	378	374	0.998761
1	378	159	0.998759
0	378	235	0.998759
0	378	320	0.998757
0	378	298	0.998755
1	378	174	0.998755
0	378	297	0.998753
1	378	78	0.998753
0	378	358	0.998753
0	378	196	0.998749
1	378	110	0.998749
1	378	115	0.998749
1	378	167	0.998749
0	378	357	0.998747
1	378	56	0.998745
0	378	340	0.998743
1	378	109	0.998743
1	378	62	0.998741
0	378	324	0.998741
0	378	332	0.998739
0	378	371	0.998737
0	378	226	0.998735
0	378	348	0.998735
0	378	243	0.998735
1	378	69	0.998733
0	378	196	0.998731
0	378	203	0.998731
0	378	280	0.998731
0	378	309	0.998731
0	378	311	0.998731
0	378	218	0.998729
0	378	324	0.998727
0	378	293	0.998727
0	378	375	0.998727
0	378	338	0.998727
1	378	101	0.998725
0	378	329	0.998725
0	378	179	0.998725
1	378	120	0.998725
0	378	376	0.998723
1	378	151	0.998723
0	378	271	0.998723
0	378	232	0.998721
0	378	300	0.998721
0	378	327	0.998717
1	378	100	0.998717
1	378	132	0.998717
0	378	362	0.998715
0	378	188	0.998715
0	378	204	0.998715
0	378	302	0.998711
0	378	273	0.998709
0	378	198	0.998709
0	378	319	0.998709
1	378	72	0.998709
1	378	84	0.998707
1	378	168	0.998707
0	378	203	0.998705
0	378	294	0.998705
0	378	348	0.998705
0	378	377	0.998703
1	378	168	0.998703
0	378	197	0.998701
1	378	135	0.998699
1	378	147	0.998697
1	378	58	0.998697
0	378	228	0.998697
0	378	271	0.998697
0	378	265	0.998695
1	378	173	0.998693
1	378	136	0.998693
0	378	374	0.998693
1	378	153	0.998691
0	378	335	0.998689
0	378	311	0.998689
0	378	213	0.998689
1	378	175	0.998689
0	378	199	0.998687
0	378	361	0.998687
0	378	345	0.998687
0	378	355	0.998685
0	378	236	0.998685
1	378	127	0.998685
1	378	79	0.998685
0	378	354	0.998683
0	378	243	0.998683
0	378	187	0.998681
0	378	265	0.998681
1	378	158	0.998681
0	378	181	0.998679
0	378	365	0.998679
0	378	232	0.998677
0	378	376	0.998677
0	378	193	0.998677
1	378	161	0.998675
1	378	170	0.998675
0	378	252	0.998673
1	378	163	0.998673
0	378	327	0.998671
0	378	343	0.998669
1	378	162	0.998669
0	378	187	0.998669
1	378	122	0.998667
1	378	82	0.998665
0	378	210	0.998663
0	378	372	0.998663
0	378	177	0.998663
0	378	267	0.998661
1	378	151	0.998661
0	378	350	0.998661
1	378	109	0.998659
0	378	315	0.998655
1	378	70	0.998655
1	378	66	0.998655
0	378	293	0.998655
0	378	311	0.998653
1	378	169	0.998653
1	378	108	0.998651
0	378	282	0.998649
1	378	76	0.998649
1	378	62	0.998649
0	378	330	0.998647
0	378	238	0.998647
0	378	256	0.998647
0	378	271	0.998647
1	378	167	0.998645
1	378	169	0.998643
0	378	179	0.998643
0	378	360	0.998641
1	378	94	0.998639
1	378	77	0.998639
0	378	246	0.998639
0	378	192	0.998638
0	378	358	0.998638
1	378	142	0.998636
0	378	279	0.998634
0	378	208	0.998634
0	378	347	0.998634
0	378	258	0.99863
1	378	157	0.998626
0	378	281	0.998626
0	378	214	0.998624
0	378	199	0.998624
0	378	285	0.99862
0	378	263	0.99862
1	378	159	0.99862
0	378	305	0.998618
0	378	307	0.998618
1	378	147	0.998616
1	378	61	0.998616
0	378	244	0.998616
1	378	125	0.998614
0	378	362	0.998612
1	378	89	0.99861
0	378	269	0.99861
1	378	139	0.99861
0	378	303	0.998608
0	378	251	0.998608
1	378	168	0.998608
1	378	158	0.998606
0	378	304	0.998606
0	378	369	0.998606
0	378	307	0.998602
0	378	265	0.998602
0	378	341	0.9986
0	378	324	0.9986
0	378	267	0.998598
0	378	317	0.998598
0	378	196	0.998598
0	378	226	0.998598
0	378	285	0.998598
1	378	78	0.998596
0	378	249	0.998596
1	378	90	0.998596
1	378	161	0.998594
0	378	356	0.998594
0	378	325	0.99859
1	378	131	0.99859
0	378	288	0.998588
0	378	369	0.998586
0	378	359	0.998586
0	378	319	0.998586
1	378	89	0.998584
0	378	377	0.998582
0	378	212	0.998582
0	378	362	0.998582
0	378	296	0.99858
0	378	325	0.99858
0	378	256	0.998578
0	378	321	0.998578
0	378	338	0.998576
0	378	331	0.998576
1	378	108	0.99857
1	378	77	0.99857
0	378	364	0.99857
1	378	115	0.998568
0	378	252	0.998568
0	378	331	0.998568
0	378	361	0.998566
1	378	167	0.998562
0	378	224	0.99856
1	378	104	0.99856
1	378	69	0.998558
1	378	156	0.998558
0	378	205	0.998558
0	378	320	0.998556
1	378	147	0.998552
0	378	308	0.998552
0	378	289	0.998552
0	378	374	0.99855
0	378	248	0.99855
0	378	333	0.998548
0	378	240	0.998546
0	378	272	0.998546
0	378	366	0.998546
0	378	218	0.998546
0	378	289	0.998544
0	378	346	0.998544
1	378	88	0.998542
1	378	150	0.998542
1	378	122	0.99854
0	378	292	0.99854
0	378	343	0.99854
0	378	316	0.998538
1	378	117	0.998538
1	378	78	0.998538
0	378	310	0.998536
0	378	357	0.998534
0	378	263	0.998534
0	378	296	0.998534
1	378	71	0.998532
0	378	226	0.99853
1	378	73	0.99853
0	378	246	0.99853
1	378	58	0.998528
0	378	249	0.998528
1	378	128	0.998526
1	378	121	0.998524
1	378	53	0.998524
0	378	301	0.998524
1	378	128	0.998524
1	378	162	0.998522
0	378	189	0.998522
0	378	173	0.998522
0	378	267	0.99852
1	378	159	0.99852
0	378	240	0.998518
0	378	326	0.998516
1	378	100	0.998516
0	378	364	0.998516
0	378	299	0.998516
0	378	198	0.998516
0	378	358	0.998516
0	378	263	0.998516
1	378	147	0.998516
0	378	177	0.998514
1	378	132	0.998512
0	378	172	0.998512
0	378	374	0.99851
0	378	247	0.99851
1	378	67	0.998507
1	378	94	0.998505
0	378	210	0.998503
0	378	353	0.998503
0	378	304	0.998501
0	378	180	0.998501
1	378	114	0.998501
0	378	294	0.998499
0	378	324	0.998497
0	378	232	0.998497
1	378	148	0.998497
0	378	329	0.998495
1	378	80	0.998493
1	378	57	0.998493
0	378	364	0.998493
1	378	128	0.998491
0	378	209	0.998491
1	378	157	0.998491
0	378	341	0.998489
0	378	278	0.998489
0	378	228	0.998489
1	378	147	0.998489
1	378	77	0.998487
1	378	63	0.998487
1	378	97	0.998487
0	378	203	0.998487
0	378	179	0.998485
0	378	210	0.998483
0	378	325	0.998483
0	378	254	0.998483
0	378	339	0.998481
1	378	84	0.998481
1	378	100	0.998481
1	378	127	0.998481
0	378	271	0.998479
1	378	105	0.998477
0	378	303	0.998477
0	378	261	0.998477
1	378	99	0.998477
1	378	96	0.998477
0	378	211	0.998475
1	378	128	0.998475
0	378	170	0.998473
1	378	163	0.998473
0	378	325	0.998473
1	378	156	0.998471
0	378	292	0.998471
1	378	110	0.998469
0	378	211	0.998469
0	378	231	0.998469
1	378	115	0.998467
0	378	272	0.998467
0	378	331	0.998465
0	378	172	0.998465
1	378	119	0.998463
0	378	324	0.998463
0	378	292	0.998461
1	378	145	0.998461
0	378	257	0.998461
0	378	279	0.998459
1	378	72	0.998457
0	378	332	0.998457
0	378	270	0.998457
1	378	76	0.998455
0	378	293	0.998455
0	378	209	0.998453
1	378	129	0.998451
0	378	244	0.998451
0	378	243	0.998451
0	378	320	0.998449
0	378	304	0.998449
0	378	177	0.998449
0	378	367	0.998449
0	378	244	0.998447
0	378	296	0.998445
0	378	289	0.998445
0	378	245	0.998443
0	378	245	0.998439
0	378	203	0.998437
1	378	139	0.998437
1	378	52	0.998437
1	378	149	0.998437
1	378	155	0.998437
0	378	220	0.998435
1	378	144	0.998435
0	378	265	0.998435
1	378	59	0.998435
0	378	305	0.998435
1	378	160	0.998435
1	378	67	0.998433
0	378	168	0.998431
0	378	281	0.998431
0	378	302	0.998429
0	378	323	0.998429
1	378	57	0.998429
1	378	105	0.998427
0	378	375	0.998425
1	378	162	0.998425
1	378	93	0.998423
0	378	230	0.998423
0	378	350	0.998421
1	378	153	0.998419
0	378	323	0.998419
0	378	191	0.998417
0	378	361	0.998417
0	378	341	0.998415
1	378	62	0.998415
0	378	255	0.998413
0	378	303	0.998411
0	378	173	0.998411
1	378	73	0.998409
0	378	313	0.998405
1	378	102	0.998405
0	378	276	0.998401
1	378	83	0.998401
0	378	175	0.998399
1	378	79	0.998399
0	378	205	0.998399
1	378	160	0.998399
0	378	208	0.998397
1	378	140	0.998397
1	378	82	0.998395
0	378	214	0.998395
0	378	257	0.998395
1	378	123	0.998393
1	378	58	0.998391
0	378	292	0.998391
1	378	88	0.998391
1	378	79	0.998389
0	378	179	0.998387
0	378	267	0.998387
0	378	324	0.998385
1	378	144	0.998385
0	378	177	0.998385
0	378	315	0.998385
0	378	293	0.998383
0	378	377	0.998383
0	378	297	0.998382
1	378	101	0.99838
1	378	52	0.99838
0	378	331	0.998378
0	378	376	0.998376
0	378	207	0.998376
0	378	231	0.998376
0	378	240	0.998374
1	378	146	0.998374
0	378	294	0.998374
0	378	262	0.998372
1	378	53	0.998372
1	378	88	0.99837
0	378	319	0.998368
0	378	253	0.998368
0	378	217	0.998366
0	378	182	0.998366
1	378	55	0.998362
0	378	297	0.998362
1	378	96	0.998358
0	378	342	0.998358
0	378	311	0.998358
1	378	135	0.998356
0	378	352	0.998356
1	378	68	0.998356
1	378	111	0.998354
0	378	338	0.998354
0	378	203	0.998352
1	378	88	0.998352
1	378	82	0.998352
0	378	199	0.998352
0	378	328	0.998348
1	378	56	0.998348
0	378	310	0.998348
0	378	365	0.998346
0	378	291	0.998346
0	378	294	0.998346
0	378	231	0.998342
0	378	221	0.998342
0	378	372	0.998342
0	378	230	0.99834
1	378	126	0.998338
1	378	144	0.998338
1	378	151	0.998338
0	378	293	0.998336
1	378	142	0.998334
1	378	103	0.998334
0	378	302	0.998334
0	378	209	0.998332
0	378	182	0.99833
0	378	241	0.99833
0	378	287	0.998328
0	378	209	0.998322
0	378	250	0.998322
0	378	231	0.998322
0	378	194	0.998322
1	378	101	0.99832
0	378	229	0.99832
1	378	142	0.99832
0	378	196	0.998316
1	378	65	0.998312
1	378	151	0.998312
0	378	258	0.998312
0	378	190	0.99831
0	378	329	0.99831
0	378	332	0.99831
1	378	145	0.99831
0	378	176	0.998308
1	378	99	0.998308
0	378	201	0.998308
1	378	91	0.998308
1	378	71	0.998308
1	378	97	0.998308
0	378	234	0.998306
0	378	283	0.998304
1	378	149	0.998304
0	378	322	0.998304
0	378	338	0.998302
1	378	110	0.998302
0	378	288	0.9983
1	378	146	0.9983
0	378	341	0.9983
0	378	217	0.9983
1	378	115	0.998298
1	378	148	0.998296
1	378	83	0.998296
1	378	89	0.998294
0	378	235	0.998294
0	378	211	0.998294
0	378	223	0.998292
0	378	371	0.998292
0	378	257	0.998292
0	378	223	0.998292
0	378	312	0.99829
1	378	61	0.998288
1	378	86	0.998288
1	378	64	0.998288
0	378	322	0.998288
0	378	215	0.998288
0	378	329	0.998286
1	378	73	0.998286
0	378	187	0.998286
0	378	319	0.998286
1	378	53	0.998286
0	378	300	0.998284
1	378	153	0.998284
0	378	180	0.998282
1	378	159	0.998282
0	378	164	0.998282
1	378	123	0.99828
1	378	115	0.99828
0	378	340	0.998278
0	378	264	0.998276
1	378	131	0.998274
0	378	342	0.998272
0	378	361	0.998272
1	378	133	0.998272
1	378	54	0.99827
1	378	108	0.99827
0	378	209	0.998268
1	378	161	0.998268
0	378	245	0.998268
1	378	121	0.998266
1	378	57	0.998262
0	378	308	0.99826
1	378	134	0.99826
1	378	141	0.99826
0	378	346	0.998258
0	378	185	0.998258
0	378	290	0.998256
1	378	105	0.998256
0	378	234	0.998255
0	378	315	0.998255
0	378	224	0.998253
0	378	205	0.998253
0	378	204	0.998253
1	378	122	0.998253
1	378	88	0.998253
0	378	208	0.998251
1	378	81	0.998251
0	378	263	0.998251
1	378	115	0.998249
0	378	307	0.998249
0	378	265	0.998249
1	378	125	0.998247
0	378	249	0.998247
0	378	268	0.998245
0	378	203	0.998245
1	378	156	0.998241
1	378	93	0.998241
1	378	111	0.998239
0	378	328	0.998239
1	378	63	0.998239
0	378	260	0.998239
0	378	204	0.998237
1	378	57	0.998237
1	378	63	0.998233
0	378	375	0.998231
0	378	201	0.998231
0	378	237	0.998231
0	378	224	0.998229
1	378	150	0.998229
0	378	290	0.998229
1	378	156	0.998229
0	378	291	0.998223
1	378	91	0.998223
0	378	202	0.998223
1	378	118	0.998221
1	378	121	0.998221
0	378	202	0.998221
0	378	342	0.998221
0	378	287	0.998219
0	378	289	0.998217
0	378	319	0.998217
0	378	225	0.998217
1	378	73	0.998215
0	378	348	0.998215
0	378	236	0.998215
0	378	215	0.998213
1	378	159	0.998211
0	378	190	0.998209
1	378	141	0.998209
0	378	263	0.998209
0	378	169	0.998207
1	378	69	0.998207
0	378	256	0.998205
0	378	377	0.998203
1	378	66	0.998203
1	378	79	0.998203
1	378	81	0.998201
1	378	152	0.998201
1	378	124	0.998199
0	378	328	0.998199
0	378	343	0.998197
0	378	237	0.998195
0	378	302	0.998193
0	378	314	0.998193
1	378	155	0.998191
0	378	364	0.998189
0	378	250	0.998187
0	378	357	0.998185
0	378	319	0.998183
1	378	111	0.998181
1	378	156	0.998179
1	378	144	0.998179
0	378	375	0.998179
0	378	199	0.998179
0	378	287	0.998179
0	378	214	0.998177
0	378	191	0.998177
1	378	146	0.998173
0	378	367	0.998173
0	378	197	0.998171
1	378	86	0.998171
0	378	303	0.998169
0	378	204	0.998165
1	378	119	0.998165
0	378	315	0.998163
1	378	77	0.998161
1	378	89	0.998161
1	378	123	0.998161
0	378	341	0.998161
0	378	364	0.998159
0	378	311	0.998159
1	378	107	0.998155
0	378	314	0.998155
0	378	365	0.998155
1	378	132	0.998155
0	378	269	0.998155
0	378	294	0.998153
0	378	376	0.998153
0	378	312	0.998151
0	378	272	0.998151
0	378	261	0.998149
0	378	229	0.998149
1	378	130	0.998149
0	378	324	0.998149
0	378	277	0.998147
1	378	118	0.998145
0	378	243	0.998143
0	378	222	0.998143
0	378	280	0.998143
0	378	373	0.998143
1	378	72	0.998137
0	378	373	0.998135
0	378	275	0.998135
1	378	90	0.998135
0	378	248	0.998133
0	378	226	0.998133
0	378	312	0.998132
1	378	107	0.998132
0	378	312	0.998132
1	378	133	0.998132
0	378	192	0.99813
0	378	365	0.99813
1	378	83	0.998128
1	378	120	0.998126
0	378	169	0.998126
0	378	298	0.998126
1	378	78	0.998124
0	378	239	0.998124
1	378	68	0.998122
0	378	177	0.998122
0	378	261	0.998118
1	378	68	0.998118
1	378	60	0.998116
0	378	340	0.998112
0	378	271	0.998112
0	378	313	0.998112
0	378	280	0.99811
0	378	161	0.99811
0	378	209	0.99811
1	378	131	0.99811
1	378	56	0.998108
0	378	255	0.998108
0	378	374	0.998106
0	378	164	0.998106
1	378	93	0.998104
0	378	334	0.998102
0	378	249	0.998102
0	378	322	0.9981
0	378	184	0.998098
1	378	84	0.998098
0	378	177	0.998094
0	378	178	0.998094
0	378	221	0.998094
0	378	242	0.998094
1	378	131	0.998092
0	378	372	0.99809
0	378	252	0.99809
0	378	356	0.99809
0	378	221	0.998088
1	378	64	0.998088
0	378	179	0.998088
0	378	253	0.998086
0	378	308	0.998084
1	378	110	0.998084
1	378	124	0.998084
0	378	339	0.998084
0	378	279	0.998084
1	378	78	0.998082
0	378	245	0.998082
0	378	265	0.99808
0	378	173	0.99808
0	378	221	0.998078
0	378	288	0.998078
0	378	183	0.998078
1	378	57	0.998076
1	378	147	0.998076
1	378	100	0.998074
1	378	71	0.998074
0	378	291	0.998072
0	378	216	0.998072
0	378	182	0.998072
1	378	144	0.998072
1	378	124	0.998072
1	378	85	0.99807
0	378	348	0.99807
0	378	343	0.998066
1	378	146	0.998064
1	378	55	0.998064
0	378	337	0.998062
1	378	150	0.998062
1	378	76	0.998062
0	378	242	0.998062
0	378	266	0.99806
1	378	153	0.99806
1	378	120	0.99806
0	378	177	0.998058
0	378	257	0.998058
1	378	159	0.998056
0	378	376	0.998056
0	378	271	0.998054
0	378	332	0.998054
1	378	85	0.998054
1	378	128	0.998054
0	378	168	0.998054
0	378	369	0.998054
1	378	115	0.998054
0	378	319	0.998052
1	378	77	0.998052
0	378	245	0.998052
0	378	205	0.998052
0	378	253	0.998052
1	378	91	0.998052
1	378	63	0.998046
1	378	132	0.998044
0	378	290	0.998042
1	378	80	0.998042
1	378	65	0.99804
1	378	119	0.99804
0	378	377	0.998038
1	378	150	0.998038
1	378	71	0.998036
0	378	242	0.998036
0	378	266	0.99803
0	378	187	0.998028
0	378	318	0.998026
0	378	273	0.998024
0	378	184	0.998024
0	378	277	0.99802
0	378	160	0.998018
1	378	91	0.998018
0	378	342	0.998016
0	378	372	0.998016
0	378	344	0.998014
1	378	94	0.998014
