32551.3
1.65522
2500
1	66	59	0.999999
1	66	24	0.999999
1	66	50	0.999999
1	66	27	0.999998
1	66	44	0.999997
1	66	63	0.999993
1	66	45	0.999993
1	66	61	0.999993
1	66	24	0.999992
1	66	54	0.999991
1	66	63	0.999989
1	66	43	0.999988
1	66	40	0.999988
1	66	23	0.999986
1	66	19	0.999986
1	66	20	0.999985
1	66	60	0.999985
1	66	20	0.999985
1	66	54	0.999985
1	66	36	0.999984
1	66	58	0.999984
1	66	63	0.999984
1	66	31	0.999984
1	66	43	0.999984
1	66	27	0.999983
1	66	42	0.999982
1	66	58	0.999981
1	66	29	0.999981
1	66	58	0.999981
1	66	42	0.999981
1	66	57	0.99998
1	66	18	0.99998
1	66	38	0.999979
1	66	33	0.999979
1	66	35	0.999979
1	66	46	0.999979
1	66	20	0.999979
1	66	28	0.999976
1	66	41	0.999976
1	66	35	0.999976
1	66	54	0.999976
1	66	61	0.999975
1	66	63	0.999975
1	66	59	0.999975
1	66	51	0.999973
1	66	59	0.999972
1	66	21	0.999972
1	66	51	0.999972
1	66	34	0.999971
0	66	65	0.999971
1	66	48	0.999971
1	66	24	0.99997
1	66	56	0.99997
1	66	60	0.99997
1	66	35	0.999967
1	66	62	0.999967
1	66	52	0.999966
1	66	24	0.999966
1	66	26	0.999966
1	66	51	0.999965
1	66	25	0.999965
1	66	33	0.999965
1	66	55	0.999964
1	66	44	0.999964
1	66	25	0.999964
1	66	40	0.999963
0	66	65	0.999963
1	66	47	0.999963
1	66	26	0.999962
1	66	38	0.999962
1	66	63	0.999961
1	66	50	0.999961
1	66	29	0.999961
1	66	56	0.999959
1	66	25	0.999959
1	66	46	0.999959
1	66	40	0.999959
1	66	59	0.999958
0	66	64	0.999958
1	66	40	0.999958
1	66	31	0.999958
1	66	52	0.999958
1	66	25	0.999957
1	66	52	0.999957
1	66	48	0.999957
1	66	45	0.999957
1	66	51	0.999956
1	66	53	0.999956
1	66	50	0.999955
1	66	60	0.999955
1	66	41	0.999955
1	66	38	0.999955
1	66	48	0.999955
1	66	28	0.999955
1	66	37	0.999954
1	66	50	0.999954
1	66	25	0.999954
1	66	22	0.999954
1	66	40	0.999953
1	66	50	0.999953
1	66	46	0.999953
1	66	19	0.999953
1	66	60	0.999952
1	66	43	0.999952
1	66	41	0.999952
1	66	16	0.999952
1	66	59	0.99995
0	66	63	0.99995
1	66	57	0.99995
0	66	65	0.99995
1	66	24	0.999949
1	66	57	0.999949
1	66	50	0.999948
1	66	59	0.999948
1	66	28	0.999948
1	66	39	0.999948
1	66	40	0.999947
1	66	34	0.999946
1	66	46	0.999946
0	66	64	0.999945
1	66	53	0.999945
1	66	40	0.999945
1	66	33	0.999945
1	66	57	0.999944
1	66	41	0.999944
0	66	65	0.999941
1	66	45	0.99994
1	66	57	0.99994
1	66	26	0.99994
1	66	34	0.99994
1	66	60	0.999939
1	66	49	0.999938
1	66	42	0.999938
1	66	24	0.999938
0	66	64	0.999937
1	66	59	0.999937
1	66	39	0.999936
1	66	24	0.999935
1	66	52	0.999934
1	66	30	0.999932
0	66	65	0.999932
1	66	36	0.999931
1	66	33	0.999931
1	66	45	0.999931
1	66	48	0.999931
1	66	27	0.999931
0	66	64	0.999931
1	66	46	0.999929
1	66	30	0.999929
1	66	43	0.999928
0	66	63	0.999928
1	66	21	0.999928
1	66	51	0.999927
1	66	39	0.999927
1	66	58	0.999926
1	66	41	0.999926
1	66	56	0.999926
1	66	47	0.999926
1	66	45	0.999925
1	66	56	0.999925
1	66	52	0.999925
1	66	32	0.999925
1	66	46	0.999925
1	66	37	0.999925
1	66	54	0.999925
1	66	44	0.999925
1	66	34	0.999925
1	66	38	0.999925
0	66	65	0.999923
1	66	59	0.999923
1	66	16	0.999922
1	66	57	0.999922
1	66	27	0.999921
1	66	26	0.99992
1	66	25	0.999919
1	66	50	0.999918
1	66	51	0.999918
1	66	44	0.999918
1	66	60	0.999917
1	66	51	0.999916
1	66	56	0.999916
1	66	18	0.999913
0	66	60	0.999912
1	66	42	0.999912
0	66	61	0.999912
1	66	30	0.999911
1	66	25	0.999911
1	66	42	0.99991
1	66	34	0.99991
1	66	16	0.999909
1	66	23	0.999909
0	66	65	0.999909
1	66	28	0.999908
1	66	31	0.999908
0	66	64	0.999908
1	66	55	0.999907
1	66	36	0.999907
1	66	39	0.999907
1	66	53	0.999905
1	66	56	0.999905
1	66	28	0.999904
1	66	32	0.999904
1	66	41	0.999903
1	66	31	0.999903
1	66	34	0.999903
1	66	56	0.999902
1	66	56	0.999902
1	66	38	0.999902
0	66	62	0.999902
1	66	23	0.999902
1	66	34	0.999901
1	66	38	0.999901
1	66	58	0.9999
1	66	46	0.9999
1	66	56	0.999899
1	66	47	0.999898
1	66	44	0.999898
1	66	50	0.999898
1	66	54	0.999898
1	66	43	0.999898
0	66	64	0.999896
1	66	32	0.999896
1	66	23	0.999896
1	66	43	0.999896
0	66	62	0.999895
1	66	39	0.999895
0	66	64	0.999895
0	66	59	0.999895
1	66	48	0.999894
1	66	44	0.999894
1	66	26	0.999893
1	66	56	0.999893
1	66	41	0.999893
1	66	24	0.999891
1	66	50	0.999889
1	66	24	0.999889
1	66	38	0.999887
1	66	53	0.999885
0	66	61	0.999885
1	66	25	0.999885
1	66	49	0.999884
0	66	62	0.999884
1	66	28	0.999884
1	66	58	0.999883
1	66	50	0.999883
1	66	46	0.999883
0	66	61	0.999882
1	66	46	0.999882
1	66	49	0.999882
1	66	31	0.99988
0	66	58	0.99988
1	66	34	0.99988
1	66	41	0.999878
1	66	48	0.999877
1	66	27	0.999877
1	66	53	0.999877
1	66	25	0.999877
1	66	46	0.999876
1	66	44	0.999876
1	66	20	0.999876
1	66	51	0.999876
1	66	20	0.999876
1	66	52	0.999876
1	66	21	0.999876
1	66	22	0.999876
1	66	37	0.999875
1	66	32	0.999875
1	66	57	0.999874
1	66	47	0.999874
1	66	40	0.999874
1	66	28	0.999873
0	66	63	0.999873
0	66	58	0.999873
1	66	23	0.999873
1	66	21	0.999872
0	66	64	0.999872
1	66	32	0.999872
1	66	47	0.999872
1	66	57	0.999872
0	66	62	0.999871
1	66	32	0.999871
1	66	38	0.999871
1	66	30	0.999871
1	66	51	0.999869
1	66	30	0.999869
1	66	20	0.999868
1	66	31	0.999868
1	66	34	0.999866
0	66	64	0.999866
1	66	45	0.999865
1	66	32	0.999864
0	66	58	0.999863
1	66	47	0.999863
1	66	28	0.999862
1	66	30	0.999862
1	66	46	0.99986
1	66	17	0.99986
0	66	58	0.99986
1	66	25	0.999859
1	66	17	0.999858
1	66	46	0.999857
0	66	57	0.999857
1	66	45	0.999856
1	66	43	0.999856
1	66	34	0.999856
1	66	38	0.999855
1	66	38	0.999854
1	66	55	0.999854
1	66	49	0.999854
1	66	55	0.999853
0	66	60	0.999851
1	66	23	0.999851
1	66	27	0.999849
0	66	60	0.999849
1	66	47	0.999847
1	66	53	0.999847
1	66	46	0.999847
1	66	22	0.999847
0	66	59	0.999846
1	66	26	0.999846
1	66	26	0.999846
1	66	53	0.999846
1	66	48	0.999845
1	66	45	0.999845
1	66	18	0.999844
1	66	19	0.999844
1	66	21	0.999842
1	66	35	0.999842
1	66	23	0.999841
1	66	33	0.999841
0	66	58	0.999841
1	66	37	0.999839
1	66	21	0.999839
1	66	42	0.999838
1	66	39	0.999838
1	66	25	0.999838
1	66	31	0.999838
1	66	26	0.999838
1	66	27	0.999837
1	66	52	0.999836
1	66	48	0.999836
1	66	31	0.999834
0	66	57	0.999834
1	66	33	0.999833
1	66	44	0.999833
1	66	17	0.999833
1	66	20	0.999833
1	66	19	0.999832
1	66	44	0.999832
1	66	49	0.999832
1	66	36	0.999832
0	66	56	0.999832
1	66	49	0.999831
1	66	21	0.999831
0	66	56	0.999831
0	66	60	0.999831
1	66	50	0.999829
1	66	17	0.999829
1	66	24	0.999829
1	66	18	0.999828
1	66	24	0.999828
1	66	42	0.999827
1	66	26	0.999827
1	66	33	0.999827
0	66	61	0.999827
1	66	44	0.999827
1	66	33	0.999825
1	66	45	0.999825
1	66	27	0.999825
1	66	40	0.999825
1	66	17	0.999825
0	66	57	0.999825
1	66	39	0.999825
1	66	37	0.999824
1	66	25	0.999824
1	66	22	0.999824
0	66	65	0.999823
1	66	21	0.999823
1	66	18	0.999822
1	66	48	0.999822
1	66	32	0.999822
1	66	53	0.999821
1	66	33	0.99982
1	66	39	0.99982
0	66	64	0.999819
1	66	41	0.999819
1	66	48	0.999819
1	66	50	0.999818
0	66	60	0.999818
1	66	16	0.999815
1	66	27	0.999815
0	66	60	0.999815
1	66	38	0.999813
0	66	59	0.999813
1	66	43	0.999813
1	66	30	0.999812
1	66	30	0.999812
1	66	27	0.999811
1	66	51	0.999811
1	66	45	0.999811
1	66	24	0.99981
1	66	46	0.99981
0	66	58	0.99981
1	66	51	0.99981
1	66	53	0.999809
1	66	31	0.999809
1	66	51	0.999809
1	66	20	0.999809
0	66	65	0.999807
1	66	23	0.999807
1	66	39	0.999807
0	66	59	0.999807
0	66	57	0.999807
1	66	16	0.999806
1	66	28	0.999806
1	66	17	0.999806
1	66	40	0.999806
1	66	33	0.999806
1	66	16	0.999806
1	66	21	0.999806
1	66	42	0.999805
0	66	57	0.999805
0	66	63	0.999805
1	66	24	0.999805
1	66	42	0.999805
1	66	37	0.999805
0	66	55	0.999804
1	66	46	0.999803
1	66	36	0.999803
0	66	64	0.999802
0	66	60	0.999802
1	66	32	0.999801
0	66	56	0.999801
0	66	64	0.9998
1	66	28	0.9998
1	66	19	0.9998
1	66	33	0.999798
1	66	17	0.999798
0	66	56	0.999798
0	66	57	0.999798
0	66	61	0.999797
1	66	29	0.999797
1	66	39	0.999796
1	66	17	0.999796
1	66	21	0.999795
1	66	44	0.999795
1	66	43	0.999794
1	66	37	0.999794
1	66	32	0.999794
1	66	50	0.999793
1	66	33	0.999793
1	66	44	0.999793
0	66	56	0.999793
0	66	57	0.999792
1	66	32	0.999792
1	66	46	0.999792
0	66	55	0.999789
1	66	28	0.999789
1	66	35	0.999788
1	66	46	0.999788
1	66	33	0.999787
1	66	51	0.999787
1	66	19	0.999787
1	66	25	0.999786
0	66	55	0.999786
0	66	64	0.999785
0	66	61	0.999785
0	66	53	0.999785
1	66	49	0.999785
0	66	60	0.999785
1	66	27	0.999785
1	66	38	0.999785
0	66	59	0.999785
1	66	24	0.999784
1	66	27	0.999784
1	66	36	0.999784
1	66	51	0.999784
1	66	47	0.999783
0	66	64	0.999782
1	66	33	0.999782
1	66	18	0.999782
1	66	39	0.99978
1	66	30	0.99978
1	66	42	0.99978
1	66	25	0.999779
1	66	34	0.999779
1	66	28	0.999778
0	66	65	0.999778
1	66	43	0.999778
1	66	50	0.999777
1	66	29	0.999777
1	66	33	0.999777
0	66	63	0.999777
1	66	22	0.999776
1	66	38	0.999776
1	66	26	0.999776
1	66	40	0.999776
1	66	44	0.999775
1	66	43	0.999775
1	66	26	0.999775
1	66	39	0.999775
1	66	39	0.999775
1	66	44	0.999774
0	66	63	0.999774
1	66	52	0.999773
1	66	51	0.99977
1	66	21	0.99977
1	66	26	0.999769
0	66	60	0.999769
1	66	27	0.999769
1	66	41	0.999768
1	66	26	0.999767
0	66	64	0.999767
1	66	19	0.999766
1	66	43	0.999766
0	66	54	0.999766
1	66	34	0.999766
0	66	55	0.999765
1	66	49	0.999765
0	66	57	0.999765
0	66	55	0.999765
1	66	19	0.999765
1	66	23	0.999765
0	66	57	0.999764
1	66	39	0.999762
1	66	30	0.999762
1	66	32	0.999762
1	66	39	0.999761
1	66	51	0.99976
0	66	61	0.99976
1	66	38	0.99976
1	66	20	0.99976
0	66	62	0.999759
1	66	45	0.999758
1	66	50	0.999758
1	66	40	0.999758
1	66	26	0.999758
1	66	38	0.999758
1	66	36	0.999758
1	66	35	0.999757
1	66	38	0.999757
1	66	40	0.999756
1	66	50	0.999756
0	66	62	0.999756
1	66	42	0.999753
1	66	27	0.999753
0	66	65	0.999752
1	66	43	0.999751
1	66	21	0.999751
1	66	36	0.999751
1	66	40	0.99975
1	66	21	0.999749
0	66	64	0.999748
1	66	23	0.999747
0	66	52	0.999747
0	66	59	0.999747
1	66	29	0.999747
1	66	40	0.999746
1	66	41	0.999746
0	66	60	0.999744
0	66	56	0.999744
1	66	41	0.999744
1	66	23	0.999744
0	66	58	0.999743
1	66	30	0.999743
1	66	19	0.999742
0	66	55	0.999742
1	66	42	0.999741
1	66	28	0.999741
0	66	55	0.99974
0	66	57	0.99974
1	66	43	0.99974
1	66	38	0.99974
0	66	63	0.999739
1	66	47	0.999739
0	66	55	0.999738
1	66	35	0.999738
1	66	43	0.999738
1	66	45	0.999738
0	66	65	0.999738
1	66	20	0.999737
1	66	16	0.999735
1	66	34	0.999735
0	66	54	0.999735
0	66	54	0.999734
1	66	48	0.999734
1	66	16	0.999733
0	66	60	0.999732
1	66	20	0.999731
0	66	57	0.999731
0	66	64	0.999731
1	66	18	0.999731
1	66	43	0.99973
1	66	49	0.99973
1	66	17	0.99973
0	66	56	0.99973
0	66	63	0.999729
1	66	24	0.999728
0	66	65	0.999728
1	66	49	0.999726
1	66	28	0.999725
1	66	24	0.999725
1	66	41	0.999725
0	66	64	0.999725
1	66	26	0.999724
1	66	49	0.999724
1	66	29	0.999723
1	66	24	0.999723
1	66	30	0.999723
1	66	41	0.999723
1	66	19	0.999723
1	66	26	0.999722
1	66	24	0.999722
1	66	45	0.999722
0	66	61	0.999722
0	66	61	0.999721
1	66	44	0.999721
1	66	46	0.99972
1	66	42	0.99972
1	66	33	0.99972
1	66	47	0.999719
0	66	50	0.999717
1	66	17	0.999716
1	66	16	0.999716
0	66	63	0.999716
0	66	62	0.999716
1	66	28	0.999715
0	66	62	0.999714
0	66	65	0.999714
1	66	26	0.999714
0	66	56	0.999714
0	66	63	0.999713
1	66	39	0.999713
0	66	50	0.999712
1	66	24	0.999712
1	66	19	0.999712
1	66	39	0.999712
0	66	50	0.999712
1	66	23	0.999712
0	66	53	0.999712
1	66	16	0.999711
1	66	30	0.999711
0	66	60	0.999711
0	66	59	0.999711
1	66	34	0.999711
1	66	40	0.99971
1	66	32	0.99971
1	66	25	0.99971
1	66	47	0.99971
0	66	61	0.99971
1	66	42	0.99971
1	66	40	0.99971
1	66	18	0.999706
0	66	58	0.999706
1	66	23	0.999706
1	66	43	0.999706
0	66	52	0.999705
1	66	32	0.999705
1	66	39	0.999705
1	66	18	0.999703
1	66	40	0.999703
1	66	20	0.999703
0	66	57	0.999702
1	66	24	0.999702
0	66	51	0.999702
1	66	35	0.999701
1	66	41	0.999701
0	66	54	0.999699
0	66	51	0.999698
0	66	54	0.999697
1	66	22	0.999697
1	66	23	0.999697
1	66	28	0.999697
0	66	54	0.999696
1	66	20	0.999696
0	66	54	0.999695
1	66	39	0.999695
1	66	45	0.999693
0	66	62	0.999693
0	66	55	0.999692
1	66	17	0.999692
0	66	52	0.999692
1	66	34	0.999692
1	66	17	0.99969
1	66	24	0.99969
1	66	28	0.999689
0	66	64	0.999689
0	66	56	0.999686
0	66	51	0.999686
1	66	21	0.999685
0	66	60	0.999683
1	66	47	0.999683
0	66	59	0.999683
0	66	55	0.999683
0	66	51	0.999681
1	66	18	0.999681
1	66	32	0.99968
1	66	30	0.999679
1	66	33	0.999679
1	66	22	0.999679
1	66	46	0.999678
1	66	43	0.999678
1	66	45	0.999677
0	66	48	0.999677
0	66	64	0.999676
1	66	34	0.999676
0	66	51	0.999676
1	66	33	0.999675
1	66	43	0.999674
0	66	64	0.999672
0	66	59	0.999671
1	66	42	0.999671
0	66	49	0.999671
1	66	16	0.99967
0	66	50	0.99967
1	66	34	0.999669
1	66	21	0.999668
1	66	41	0.999667
1	66	17	0.999666
0	66	55	0.999665
1	66	25	0.999663
1	66	20	0.999663
0	66	60	0.999662
0	66	64	0.999661
0	66	59	0.999661
1	66	32	0.99966
1	66	33	0.999658
1	66	35	0.999658
1	66	28	0.999657
0	66	48	0.999657
1	66	45	0.999657
1	66	23	0.999654
1	66	17	0.999652
1	66	26	0.999652
1	66	26	0.999651
1	66	41	0.999651
1	66	44	0.999651
0	66	55	0.999651
1	66	40	0.999651
1	66	44	0.99965
1	66	37	0.99965
1	66	28	0.99965
1	66	32	0.999649
1	66	29	0.999649
1	66	22	0.999649
0	66	50	0.999648
1	66	45	0.999647
1	66	20	0.999645
1	66	46	0.999645
1	66	36	0.999642
1	66	30	0.999642
0	66	59	0.999641
0	66	49	0.99964
1	66	16	0.99964
1	66	27	0.999639
0	66	49	0.999638
1	66	21	0.999638
1	66	33	0.999638
1	66	36	0.999638
1	66	29	0.999638
1	66	33	0.999638
1	66	16	0.999638
1	66	20	0.999636
1	66	20	0.999635
1	66	26	0.999635
0	66	53	0.999635
0	66	56	0.999634
1	66	31	0.999634
1	66	19	0.999634
1	66	27	0.999634
1	66	18	0.999634
1	66	27	0.999633
0	66	57	0.999633
1	66	20	0.999633
1	66	28	0.999633
1	66	39	0.999632
1	66	32	0.999631
1	66	33	0.99963
1	66	39	0.99963
1	66	29	0.99963
0	66	60	0.99963
1	66	16	0.99963
1	66	45	0.999628
1	66	37	0.999628
0	66	63	0.999628
0	66	56	0.999627
1	66	37	0.999626
1	66	33	0.999626
1	66	24	0.999625
1	66	16	0.999625
1	66	20	0.999625
1	66	44	0.999624
1	66	25	0.999624
0	66	53	0.999624
1	66	34	0.999624
1	66	37	0.999624
1	66	24	0.999623
0	66	60	0.999623
1	66	22	0.999623
1	66	41	0.999623
0	66	54	0.999622
0	66	48	0.999622
0	66	54	0.999621
1	66	18	0.999621
1	66	30	0.999619
1	66	31	0.999619
0	66	60	0.999619
0	66	65	0.999619
1	66	18	0.999618
1	66	37	0.999618
1	66	32	0.999618
1	66	29	0.999617
1	66	45	0.999617
0	66	65	0.999617
0	66	65	0.999616
1	66	44	0.999616
1	66	24	0.999615
1	66	19	0.999615
0	66	62	0.999614
1	66	34	0.999614
1	66	38	0.999613
1	66	34	0.999612
0	66	46	0.999612
1	66	44	0.999612
0	66	59	0.99961
1	66	39	0.999609
1	66	41	0.999607
1	66	30	0.999607
1	66	22	0.999607
0	66	62	0.999606
1	66	31	0.999606
0	66	60	0.999606
1	66	34	0.999605
0	66	60	0.999605
1	66	26	0.999605
1	66	23	0.999605
1	66	41	0.999604
1	66	37	0.999604
0	66	50	0.999604
1	66	36	0.999604
1	66	19	0.999603
1	66	24	0.999603
0	66	63	0.999603
1	66	43	0.999601
1	66	44	0.9996
1	66	26	0.999599
1	66	20	0.999599
0	66	63	0.999599
0	66	65	0.999599
1	66	32	0.999599
0	66	55	0.999599
1	66	22	0.999599
0	66	52	0.999599
1	66	38	0.999597
0	66	50	0.999596
1	66	38	0.999596
0	66	52	0.999595
1	66	28	0.999595
0	66	46	0.999595
0	66	60	0.999594
1	66	24	0.999594
0	66	49	0.999592
0	66	54	0.999592
1	66	33	0.999592
0	66	62	0.999591
1	66	29	0.999591
0	66	56	0.999591
0	66	45	0.999591
1	66	36	0.99959
1	66	27	0.99959
1	66	41	0.999589
1	66	17	0.999588
1	66	35	0.999587
0	66	59	0.999587
1	66	34	0.999587
0	66	53	0.999587
1	66	25	0.999587
0	66	58	0.999586
0	66	47	0.999586
0	66	52	0.999586
0	66	64	0.999586
1	66	29	0.999585
0	66	54	0.999585
0	66	62	0.999585
1	66	42	0.999583
0	66	56	0.999583
1	66	42	0.999582
1	66	27	0.999582
1	66	26	0.999581
0	66	55	0.999581
0	66	65	0.99958
1	66	37	0.999579
1	66	37	0.999578
0	66	58	0.999578
0	66	53	0.999577
1	66	24	0.999577
0	66	52	0.999577
1	66	38	0.999577
0	66	57	0.999577
0	66	47	0.999576
0	66	48	0.999576
0	66	61	0.999574
1	66	34	0.999574
1	66	25	0.999574
0	66	54	0.999574
0	66	49	0.999573
1	66	35	0.999573
1	66	17	0.999572
0	66	56	0.999572
1	66	27	0.999571
1	66	29	0.999571
1	66	17	0.999571
1	66	32	0.999571
1	66	20	0.999571
1	66	32	0.999569
1	66	27	0.999569
0	66	62	0.999569
0	66	64	0.999569
1	66	41	0.999568
1	66	29	0.999568
0	66	60	0.999568
0	66	55	0.999567
1	66	31	0.999567
1	66	37	0.999567
0	66	46	0.999565
0	66	50	0.999565
1	66	39	0.999565
1	66	21	0.999565
1	66	37	0.999565
1	66	34	0.999565
0	66	49	0.999565
0	66	57	0.999564
1	66	17	0.999564
1	66	35	0.999564
0	66	56	0.999563
0	66	55	0.999563
0	66	50	0.999563
1	66	37	0.999562
1	66	16	0.999562
1	66	21	0.999558
1	66	25	0.999558
0	66	51	0.999558
0	66	63	0.999556
1	66	24	0.999555
0	66	54	0.999555
1	66	41	0.999555
1	66	37	0.999554
0	66	62	0.999554
0	66	48	0.999554
0	66	53	0.999554
0	66	49	0.999553
1	66	39	0.999552
1	66	34	0.999552
0	66	62	0.999552
1	66	20	0.999551
0	66	48	0.999551
0	66	65	0.999551
1	66	29	0.99955
1	66	23	0.99955
0	66	55	0.99955
0	66	56	0.99955
1	66	26	0.999549
1	66	30	0.999549
0	66	45	0.999549
0	66	65	0.999547
1	66	36	0.999546
0	66	58	0.999546
1	66	20	0.999546
0	66	62	0.999546
0	66	56	0.999545
0	66	63	0.999544
1	66	27	0.999544
0	66	63	0.999544
1	66	26	0.999544
1	66	39	0.999544
0	66	55	0.999543
1	66	17	0.999542
0	66	62	0.999542
1	66	39	0.999542
0	66	51	0.999541
1	66	19	0.99954
1	66	22	0.99954
1	66	36	0.99954
1	66	42	0.999538
0	66	61	0.999538
1	66	18	0.999538
1	66	31	0.999538
1	66	35	0.999538
0	66	57	0.999537
1	66	28	0.999537
1	66	43	0.999537
1	66	16	0.999537
0	66	62	0.999537
1	66	22	0.999536
1	66	43	0.999536
0	66	64	0.999536
0	66	43	0.999535
1	66	42	0.999533
1	66	40	0.999533
1	66	37	0.999533
0	66	48	0.999532
1	66	27	0.999532
1	66	37	0.999532
0	66	49	0.999532
0	66	45	0.999531
1	66	23	0.999529
0	66	51	0.999529
1	66	29	0.999527
0	66	43	0.999527
1	66	26	0.999527
1	66	38	0.999526
0	66	46	0.999526
0	66	47	0.999526
0	66	43	0.999526
1	66	32	0.999525
1	66	22	0.999525
1	66	16	0.999525
0	66	51	0.999524
0	66	50	0.999524
0	66	65	0.999524
1	66	26	0.999524
0	66	54	0.999524
1	66	37	0.999523
0	66	52	0.999523
1	66	26	0.999523
1	66	39	0.999523
1	66	37	0.999523
0	66	61	0.99952
1	66	29	0.999519
1	66	21	0.999518
1	66	22	0.999518
1	66	22	0.999518
0	66	44	0.999518
0	66	61	0.999518
0	66	49	0.999518
0	66	62	0.999516
0	66	63	0.999515
1	66	23	0.999515
0	66	53	0.999515
1	66	34	0.999514
1	66	16	0.999514
0	66	52	0.999514
0	66	55	0.999513
1	66	30	0.999513
0	66	53	0.999511
1	66	19	0.999511
1	66	17	0.99951
0	66	44	0.99951
0	66	46	0.999509
0	66	52	0.999509
1	66	31	0.999509
1	66	27	0.999509
0	66	65	0.999509
0	66	63	0.999508
0	66	48	0.999507
1	66	27	0.999507
0	66	43	0.999506
0	66	60	0.999505
0	66	45	0.999505
1	66	23	0.999505
0	66	56	0.999505
0	66	51	0.999505
0	66	52	0.999504
1	66	34	0.999502
1	66	36	0.999502
0	66	61	0.999501
1	66	19	0.999501
0	66	50	0.9995
1	66	25	0.9995
1	66	30	0.999499
1	66	40	0.999499
0	66	52	0.999498
1	66	30	0.999498
1	66	40	0.999497
1	66	31	0.999497
0	66	52	0.999497
0	66	56	0.999497
1	66	25	0.999497
0	66	44	0.999496
0	66	62	0.999496
0	66	63	0.999496
0	66	55	0.999495
1	66	17	0.999495
1	66	29	0.999495
0	66	54	0.999493
0	66	44	0.999493
1	66	28	0.999492
0	66	56	0.999492
1	66	25	0.999492
1	66	26	0.999492
1	66	38	0.999492
0	66	48	0.999492
0	66	45	0.999491
0	66	58	0.999491
0	66	44	0.999491
1	66	35	0.99949
1	66	28	0.99949
1	66	18	0.999488
1	66	29	0.999488
0	66	54	0.999487
1	66	23	0.999487
0	66	61	0.999486
1	66	30	0.999486
0	66	50	0.999486
0	66	42	0.999486
0	66	48	0.999486
1	66	17	0.999484
1	66	31	0.999483
0	66	64	0.999483
0	66	50	0.999483
0	66	42	0.999482
1	66	37	0.999482
0	66	46	0.999481
0	66	60	0.999481
1	66	33	0.999481
1	66	35	0.999481
1	66	39	0.99948
0	66	55	0.99948
1	66	41	0.999479
1	66	24	0.999478
1	66	16	0.999478
1	66	34	0.999478
0	66	61	0.999477
1	66	31	0.999477
0	66	53	0.999475
1	66	37	0.999475
0	66	44	0.999475
0	66	53	0.999473
0	66	51	0.999473
1	66	28	0.999473
0	66	43	0.999473
0	66	43	0.999473
1	66	33	0.999471
1	66	18	0.999471
1	66	39	0.99947
0	66	64	0.99947
1	66	21	0.999469
0	66	61	0.999466
0	66	51	0.999466
1	66	33	0.999466
1	66	24	0.999465
1	66	38	0.999464
1	66	25	0.999464
1	66	37	0.999464
0	66	56	0.999463
0	66	55	0.999463
0	66	54	0.999463
1	66	31	0.999462
1	66	41	0.999461
0	66	57	0.999461
0	66	60	0.999461
1	66	33	0.999461
0	66	57	0.99946
1	66	17	0.999459
0	66	47	0.999459
0	66	46	0.999459
1	66	18	0.999456
0	66	42	0.999456
0	66	41	0.999456
0	66	64	0.999455
1	66	25	0.999455
1	66	25	0.999455
0	66	57	0.999455
0	66	51	0.999454
0	66	63	0.999453
0	66	43	0.999453
0	66	53	0.999452
1	66	19	0.999451
1	66	18	0.999451
1	66	40	0.999451
1	66	38	0.999451
0	66	51	0.99945
1	66	18	0.999448
0	66	52	0.999448
1	66	36	0.999447
0	66	61	0.999446
1	66	26	0.999444
1	66	16	0.999444
1	66	34	0.999444
1	66	37	0.999443
0	66	58	0.999442
0	66	63	0.999442
1	66	31	0.999442
1	66	21	0.999442
0	66	63	0.999442
0	66	54	0.999441
0	66	54	0.999439
1	66	32	0.999438
0	66	61	0.999438
0	66	44	0.999438
0	66	54	0.999437
1	66	39	0.999436
0	66	64	0.999436
1	66	19	0.999436
1	66	33	0.999436
1	66	21	0.999435
0	66	59	0.999435
0	66	62	0.999435
0	66	62	0.999434
1	66	24	0.999434
0	66	61	0.999434
0	66	51	0.999434
0	66	59	0.999433
0	66	48	0.999433
1	66	32	0.999433
0	66	47	0.999432
0	66	61	0.999432
1	66	24	0.999432
1	66	34	0.99943
0	66	48	0.999429
0	66	42	0.999429
0	66	45	0.999429
0	66	46	0.999429
1	66	18	0.999429
1	66	20	0.999429
1	66	28	0.999428
1	66	19	0.999428
1	66	31	0.999428
1	66	29	0.999428
1	66	26	0.999427
0	66	60	0.999427
0	66	42	0.999426
1	66	18	0.999426
0	66	42	0.999426
0	66	63	0.999425
0	66	41	0.999425
1	66	32	0.999424
0	66	44	0.999424
0	66	42	0.999424
1	66	37	0.999424
1	66	39	0.999423
0	66	62	0.999423
1	66	30	0.999423
1	66	24	0.99942
0	66	41	0.99942
1	66	31	0.99942
1	66	28	0.999419
1	66	39	0.999419
1	66	25	0.999418
0	66	51	0.999417
1	66	18	0.999417
1	66	18	0.999417
1	66	27	0.999416
0	66	40	0.999415
0	66	49	0.999414
1	66	35	0.999414
1	66	30	0.999414
1	66	35	0.999414
1	66	21	0.999412
1	66	39	0.999412
1	66	29	0.999412
0	66	41	0.999412
0	66	43	0.999411
1	66	21	0.999411
0	66	40	0.999411
0	66	47	0.999411
0	66	60	0.999411
0	66	47	0.99941
0	66	60	0.999409
1	66	39	0.999409
0	66	61	0.999409
1	66	19	0.999408
1	66	39	0.999408
0	66	61	0.999408
1	66	34	0.999408
1	66	18	0.999408
1	66	35	0.999407
1	66	38	0.999407
1	66	39	0.999407
0	66	49	0.999407
1	66	27	0.999407
0	66	56	0.999406
1	66	39	0.999406
0	66	59	0.999405
1	66	24	0.999405
1	66	35	0.999405
1	66	27	0.999405
0	66	49	0.999405
1	66	30	0.999403
0	66	64	0.999403
0	66	65	0.999403
0	66	64	0.999402
1	66	35	0.999402
1	66	36	0.999402
1	66	35	0.999402
0	66	61	0.999402
1	66	21	0.999401
1	66	29	0.999401
1	66	39	0.999401
1	66	29	0.999401
0	66	42	0.999401
1	66	39	0.999399
1	66	19	0.999399
0	66	52	0.999399
0	66	42	0.999398
0	66	46	0.999398
1	66	36	0.999398
1	66	19	0.999398
1	66	24	0.999397
0	66	40	0.999397
0	66	59	0.999397
0	66	65	0.999397
1	66	25	0.999397
1	66	36	0.999397
1	66	34	0.999397
0	66	46	0.999396
1	66	21	0.999396
0	66	63	0.999396
0	66	45	0.999394
0	66	63	0.999394
0	66	57	0.999394
1	66	39	0.999394
1	66	31	0.999394
1	66	37	0.999393
0	66	45	0.999392
0	66	59	0.999391
1	66	26	0.999391
1	66	35	0.99939
0	66	58	0.99939
0	66	57	0.999389
0	66	64	0.999389
1	66	38	0.999389
1	66	36	0.999389
1	66	27	0.999389
0	66	62	0.999389
0	66	58	0.999389
0	66	54	0.999388
0	66	47	0.999387
0	66	49	0.999385
1	66	38	0.999385
1	66	25	0.999385
0	66	51	0.999385
1	66	33	0.999385
1	66	20	0.999384
0	66	65	0.999384
1	66	23	0.999383
1	66	23	0.999383
0	66	54	0.999382
0	66	55	0.999382
0	66	49	0.999382
0	66	49	0.999381
1	66	22	0.999381
0	66	47	0.999379
1	66	35	0.999379
1	66	36	0.999379
1	66	24	0.999378
0	66	53	0.999378
1	66	34	0.999378
1	66	31	0.999378
0	66	54	0.999376
0	66	46	0.999375
0	66	63	0.999375
0	66	47	0.999375
1	66	22	0.999375
0	66	61	0.999374
0	66	52	0.999374
0	66	42	0.999374
0	66	42	0.999373
0	66	62	0.999373
0	66	43	0.999373
1	66	19	0.999373
0	66	62	0.999372
0	66	41	0.999372
1	66	37	0.999372
1	66	32	0.999372
0	66	59	0.999371
0	66	56	0.999371
0	66	52	0.999371
0	66	50	0.999371
1	66	20	0.99937
0	66	58	0.99937
1	66	29	0.99937
1	66	31	0.99937
1	66	32	0.99937
0	66	62	0.999369
0	66	54	0.999369
0	66	45	0.999367
0	66	64	0.999367
1	66	29	0.999367
0	66	45	0.999367
1	66	29	0.999366
0	66	51	0.999366
0	66	54	0.999366
1	66	33	0.999366
1	66	32	0.999365
0	66	60	0.999363
0	66	55	0.999363
0	66	59	0.999362
0	66	65	0.999362
1	66	21	0.999362
1	66	19	0.999362
0	66	39	0.999362
0	66	42	0.99936
1	66	35	0.99936
1	66	22	0.99936
1	66	37	0.99936
0	66	43	0.999357
1	66	19	0.999357
0	66	49	0.999357
1	66	37	0.999357
0	66	62	0.999356
1	66	38	0.999355
0	66	46	0.999355
0	66	58	0.999353
1	66	36	0.999353
0	66	47	0.999352
1	66	29	0.999352
0	66	41	0.999351
0	66	47	0.999351
0	66	53	0.999351
0	66	59	0.999349
0	66	45	0.999348
0	66	50	0.999348
1	66	29	0.999348
0	66	49	0.999348
1	66	21	0.999347
0	66	50	0.999347
0	66	52	0.999347
1	66	16	0.999346
0	66	44	0.999345
0	66	49	0.999344
0	66	39	0.999344
1	66	29	0.999343
0	66	40	0.999342
0	66	57	0.99934
0	66	42	0.99934
0	66	46	0.99934
0	66	43	0.999339
1	66	28	0.999339
0	66	62	0.999339
1	66	29	0.999337
1	66	37	0.999336
1	66	17	0.999336
0	66	55	0.999336
1	66	34	0.999335
0	66	61	0.999334
1	66	22	0.999334
0	66	45	0.999333
0	66	61	0.999333
1	66	35	0.999333
1	66	25	0.999333
1	66	19	0.999333
1	66	26	0.999333
0	66	43	0.999331
0	66	65	0.999331
1	66	19	0.99933
0	66	41	0.99933
0	66	53	0.99933
0	66	64	0.99933
0	66	55	0.99933
1	66	36	0.999328
0	66	50	0.999328
1	66	27	0.999328
1	66	37	0.999328
1	66	19	0.999327
0	66	64	0.999326
0	66	45	0.999326
0	66	61	0.999326
0	66	48	0.999326
0	66	58	0.999325
0	66	41	0.999325
0	66	52	0.999325
1	66	29	0.999325
1	66	33	0.999325
0	66	63	0.999325
0	66	60	0.999324
0	66	65	0.999324
1	66	28	0.999324
0	66	58	0.999322
0	66	46	0.999321
1	66	17	0.999321
0	66	56	0.999321
0	66	39	0.999321
1	66	27	0.999321
1	66	30	0.999321
0	66	65	0.999319
1	66	30	0.999319
0	66	49	0.999319
0	66	41	0.999319
0	66	48	0.999318
1	66	19	0.999318
0	66	41	0.999318
0	66	45	0.999318
0	66	46	0.999318
1	66	35	0.999317
1	66	34	0.999317
0	66	54	0.999316
0	66	49	0.999316
1	66	24	0.999316
0	66	50	0.999315
1	66	30	0.999315
1	66	37	0.999313
0	66	63	0.999313
0	66	48	0.999312
1	66	22	0.99931
1	66	37	0.99931
0	66	57	0.99931
0	66	46	0.99931
1	66	27	0.999309
0	66	58	0.999309
0	66	54	0.999309
0	66	44	0.999307
1	66	31	0.999306
0	66	62	0.999306
1	66	20	0.999303
0	66	56	0.999303
0	66	52	0.999303
1	66	17	0.999303
0	66	47	0.999301
0	66	65	0.999301
1	66	27	0.999301
0	66	52	0.999301
0	66	64	0.9993
1	66	27	0.9993
1	66	37	0.999298
0	66	60	0.999298
0	66	50	0.999298
0	66	49	0.999298
1	66	36	0.999297
0	66	46	0.999297
0	66	50	0.999295
1	66	32	0.999295
1	66	25	0.999294
1	66	22	0.999294
0	66	56	0.999293
1	66	18	0.999293
0	66	52	0.999293
0	66	48	0.999293
0	66	52	0.999293
1	66	25	0.999292
1	66	20	0.999292
1	66	36	0.999292
1	66	20	0.999291
0	66	64	0.999291
0	66	40	0.999291
1	66	25	0.99929
0	66	41	0.99929
1	66	37	0.99929
0	66	46	0.99929
0	66	59	0.99929
0	66	50	0.999289
0	66	48	0.999288
1	66	25	0.999286
0	66	54	0.999286
0	66	57	0.999286
1	66	18	0.999285
0	66	64	0.999285
1	66	18	0.999284
1	66	29	0.999284
1	66	35	0.999284
0	66	56	0.999284
1	66	34	0.999283
1	66	21	0.999283
0	66	60	0.999283
1	66	35	0.999283
0	66	42	0.999283
0	66	39	0.999283
1	66	22	0.999282
1	66	19	0.999282
0	66	40	0.999282
1	66	17	0.999282
0	66	51	0.999282
0	66	41	0.999282
0	66	56	0.99928
1	66	29	0.99928
0	66	60	0.999279
0	66	62	0.999279
1	66	32	0.999277
1	66	17	0.999277
1	66	27	0.999276
1	66	17	0.999276
1	66	24	0.999276
1	66	21	0.999276
0	66	54	0.999275
1	66	32	0.999275
0	66	44	0.999275
0	66	39	0.999274
1	66	34	0.999273
1	66	22	0.999273
0	66	65	0.999273
0	66	45	0.999273
0	66	49	0.999273
0	66	45	0.999273
0	66	51	0.999272
1	66	23	0.999272
1	66	24	0.999272
1	66	25	0.999271
0	66	44	0.999271
0	66	59	0.999271
1	66	21	0.99927
1	66	26	0.99927
0	66	61	0.999268
0	66	54	0.999268
0	66	48	0.999268
0	66	57	0.999267
0	66	54	0.999267
1	66	22	0.999267
0	66	40	0.999267
0	66	46	0.999267
0	66	46	0.999266
1	66	35	0.999266
0	66	38	0.999266
0	66	59	0.999266
0	66	46	0.999265
0	66	48	0.999265
0	66	53	0.999265
0	66	60	0.999265
0	66	63	0.999265
0	66	38	0.999264
1	66	22	0.999264
1	66	19	0.999264
0	66	64	0.999263
0	66	40	0.999262
0	66	47	0.999261
0	66	54	0.999261
0	66	40	0.999261
0	66	38	0.999259
1	66	21	0.999258
0	66	44	0.999258
1	66	30	0.999257
0	66	46	0.999257
0	66	49	0.999257
0	66	56	0.999256
1	66	16	0.999255
1	66	19	0.999253
1	66	20	0.999253
0	66	63	0.999252
0	66	47	0.999252
1	66	21	0.999252
1	66	33	0.99925
0	66	39	0.99925
1	66	33	0.99925
1	66	33	0.99925
0	66	38	0.99925
0	66	65	0.999249
0	66	40	0.999248
0	66	61	0.999248
1	66	24	0.999248
0	66	54	0.999247
0	66	51	0.999247
0	66	45	0.999246
0	66	63	0.999246
1	66	21	0.999246
1	66	17	0.999245
1	66	27	0.999245
1	66	31	0.999244
1	66	23	0.999243
1	66	27	0.999243
0	66	58	0.999243
0	66	54	0.999243
1	66	23	0.999241
1	66	32	0.99924
1	66	27	0.99924
1	66	27	0.999239
1	66	25	0.999239
1	66	34	0.999239
0	66	39	0.999239
0	66	52	0.999238
0	66	40	0.999238
0	66	42	0.999238
0	66	40	0.999238
1	66	16	0.999237
1	66	24	0.999237
1	66	23	0.999237
1	66	16	0.999237
0	66	48	0.999236
1	66	28	0.999235
0	66	48	0.999234
0	66	50	0.999234
0	66	44	0.999234
0	66	64	0.999234
0	66	37	0.999232
1	66	21	0.999232
0	66	49	0.999232
0	66	55	0.999232
0	66	42	0.999232
0	66	37	0.999231
0	66	38	0.999231
1	66	18	0.99923
1	66	35	0.999229
0	66	64	0.999229
0	66	64	0.999229
1	66	28	0.999229
0	66	41	0.999228
0	66	57	0.999227
1	66	32	0.999227
0	66	43	0.999226
1	66	26	0.999226
0	66	62	0.999226
1	66	16	0.999226
0	66	39	0.999226
1	66	36	0.999225
0	66	58	0.999225
0	66	40	0.999225
0	66	39	0.999225
1	66	30	0.999223
0	66	64	0.999223
0	66	50	0.999223
1	66	25	0.999223
0	66	61	0.999222
1	66	31	0.999222
0	66	57	0.999222
0	66	52	0.999221
0	66	59	0.999221
1	66	16	0.999221
0	66	63	0.999221
1	66	19	0.999221
0	66	56	0.999221
0	66	38	0.999221
1	66	31	0.99922
0	66	47	0.99922
0	66	61	0.99922
0	66	56	0.999219
0	66	42	0.999218
0	66	62	0.999218
1	66	25	0.999218
1	66	21	0.999217
0	66	37	0.999216
1	66	27	0.999216
0	66	41	0.999214
1	66	24	0.999214
0	66	60	0.999214
0	66	58	0.999213
0	66	47	0.999213
0	66	62	0.999212
1	66	32	0.999212
0	66	38	0.999211
0	66	62	0.999211
1	66	20	0.999211
0	66	46	0.999211
0	66	50	0.999211
0	66	46	0.999211
1	66	26	0.999209
0	66	57	0.999209
0	66	63	0.999209
0	66	52	0.999209
0	66	60	0.999209
1	66	29	0.999208
0	66	58	0.999208
0	66	47	0.999207
0	66	53	0.999207
0	66	61	0.999207
0	66	63	0.999207
1	66	17	0.999205
1	66	17	0.999204
0	66	49	0.999204
0	66	40	0.999204
1	66	16	0.999203
0	66	52	0.999203
0	66	60	0.999202
0	66	52	0.999202
0	66	37	0.999202
1	66	17	0.999201
0	66	39	0.999201
0	66	38	0.999201
1	66	24	0.999201
1	66	26	0.999201
1	66	35	0.9992
1	66	28	0.9992
1	66	33	0.999199
0	66	46	0.999199
0	66	54	0.999199
1	66	18	0.999199
1	66	34	0.999199
1	66	26	0.999198
0	66	44	0.999196
1	66	32	0.999195
0	66	43	0.999195
0	66	57	0.999195
1	66	31	0.999195
0	66	46	0.999194
0	66	45	0.999194
1	66	25	0.999194
0	66	40	0.999193
0	66	41	0.999193
0	66	45	0.999193
0	66	43	0.999193
0	66	40	0.999192
0	66	40	0.999192
1	66	35	0.999192
0	66	38	0.999192
1	66	16	0.999191
0	66	42	0.999191
0	66	52	0.999191
0	66	44	0.999191
0	66	65	0.99919
0	66	51	0.99919
0	66	44	0.999189
1	66	29	0.999189
0	66	48	0.999189
0	66	42	0.999189
1	66	31	0.999189
1	66	32	0.999189
0	66	49	0.999187
0	66	47	0.999187
0	66	58	0.999186
1	66	31	0.999185
0	66	60	0.999185
1	66	22	0.999184
1	66	21	0.999184
1	66	18	0.999183
0	66	63	0.999183
1	66	23	0.999182
1	66	22	0.999182
0	66	43	0.999181
0	66	42	0.999181
1	66	36	0.999181
0	66	56	0.999181
0	66	63	0.99918
0	66	49	0.99918
0	66	57	0.99918
0	66	49	0.999178
0	66	42	0.999178
1	66	36	0.999178
0	66	54	0.999177
1	66	20	0.999177
0	66	38	0.999176
1	66	17	0.999176
0	66	52	0.999176
0	66	45	0.999176
0	66	56	0.999175
1	66	25	0.999175
0	66	42	0.999174
0	66	39	0.999174
0	66	39	0.999174
0	66	51	0.999172
1	66	36	0.999172
0	66	62	0.999171
1	66	19	0.999171
1	66	21	0.999169
1	66	19	0.999169
1	66	36	0.999168
1	66	24	0.999168
0	66	43	0.999168
1	66	21	0.999168
1	66	30	0.999168
1	66	20	0.999167
0	66	65	0.999167
0	66	42	0.999166
1	66	20	0.999165
0	66	46	0.999165
0	66	53	0.999165
1	66	28	0.999164
0	66	46	0.999164
1	66	36	0.999164
1	66	29	0.999163
0	66	40	0.999162
1	66	26	0.99916
0	66	36	0.99916
1	66	35	0.999159
0	66	58	0.999159
0	66	54	0.999157
0	66	61	0.999157
0	66	65	0.999157
0	66	65	0.999157
0	66	50	0.999157
0	66	61	0.999157
1	66	24	0.999156
1	66	33	0.999156
1	66	30	0.999155
0	66	50	0.999155
0	66	53	0.999154
0	66	62	0.999154
0	66	40	0.999154
0	66	37	0.999153
0	66	61	0.99915
0	66	61	0.99915
0	66	52	0.999149
1	66	16	0.999149
1	66	20	0.999149
1	66	23	0.999149
0	66	40	0.999147
1	66	34	0.999147
1	66	20	0.999147
0	66	46	0.999147
1	66	30	0.999146
1	66	17	0.999145
1	66	30	0.999145
0	66	36	0.999145
0	66	55	0.999145
1	66	21	0.999144
0	66	58	0.999144
0	66	42	0.999142
1	66	31	0.999142
1	66	28	0.999142
1	66	32	0.999142
0	66	58	0.999141
0	66	50	0.999141
0	66	49	0.99914
1	66	28	0.99914
1	66	29	0.99914
0	66	47	0.999139
1	66	25	0.999139
0	66	45	0.999139
0	66	53	0.999139
1	66	19	0.999138
0	66	47	0.999138
0	66	36	0.999138
1	66	32	0.999138
1	66	34	0.999138
1	66	33	0.999138
0	66	64	0.999138
1	66	31	0.999138
1	66	31	0.999137
1	66	31	0.999137
0	66	51	0.999137
0	66	38	0.999137
0	66	57	0.999137
0	66	61	0.999136
0	66	52	0.999136
1	66	18	0.999135
1	66	20	0.999132
1	66	28	0.999132
0	66	47	0.999131
0	66	42	0.999131
0	66	57	0.999131
0	66	63	0.999131
1	66	18	0.99913
1	66	22	0.99913
1	66	33	0.99913
1	66	17	0.999128
1	66	28	0.999128
0	66	58	0.999128
0	66	55	0.999127
0	66	62	0.999127
0	66	65	0.999127
0	66	39	0.999126
0	66	41	0.999126
1	66	18	0.999126
0	66	36	0.999123
1	66	26	0.999123
1	66	23	0.999123
0	66	44	0.999123
1	66	32	0.999122
0	66	54	0.999122
1	66	21	0.999121
0	66	38	0.99912
1	66	18	0.999119
1	66	25	0.999118
1	66	22	0.999118
0	66	42	0.999117
0	66	39	0.999117
0	66	50	0.999117
1	66	22	0.999115
0	66	51	0.999115
0	66	39	0.999114
1	66	22	0.999114
1	66	18	0.999113
1	66	19	0.999113
1	66	18	0.999112
1	66	16	0.999111
1	66	27	0.999111
0	66	45	0.999111
0	66	57	0.99911
1	66	31	0.99911
0	66	63	0.999109
0	66	42	0.999109
1	66	26	0.999109
0	66	47	0.999108
1	66	22	0.999108
0	66	57	0.999108
1	66	19	0.999106
0	66	53	0.999106
0	66	59	0.999106
0	66	48	0.999105
1	66	18	0.999104
0	66	44	0.999104
1	66	31	0.999104
1	66	34	0.999104
0	66	52	0.999103
0	66	44	0.999103
0	66	38	0.999102
1	66	25	0.999102
0	66	41	0.999102
1	66	17	0.999101
0	66	58	0.999101
1	66	28	0.999101
1	66	34	0.999101
0	66	58	0.9991
0	66	51	0.9991
0	66	41	0.999099
0	66	41	0.999099
0	66	36	0.999097
0	66	45	0.999097
1	66	25	0.999096
0	66	65	0.999096
0	66	38	0.999096
0	66	50	0.999096
0	66	42	0.999095
0	66	63	0.999095
0	66	56	0.999094
0	66	44	0.999093
1	66	29	0.999093
0	66	62	0.999093
1	66	24	0.999093
1	66	33	0.999092
0	66	54	0.999092
0	66	36	0.999092
1	66	26	0.999092
1	66	23	0.999092
1	66	30	0.999092
0	66	57	0.999091
1	66	24	0.99909
1	66	30	0.99909
0	66	61	0.99909
0	66	44	0.99909
0	66	57	0.999086
1	66	20	0.999085
0	66	55	0.999085
0	66	45	0.999085
0	66	52	0.999085
1	66	23	0.999085
0	66	60	0.999084
0	66	40	0.999084
0	66	61	0.999083
0	66	38	0.999083
0	66	50	0.999083
1	66	28	0.999081
0	66	56	0.999081
0	66	51	0.999079
0	66	63	0.999078
0	66	38	0.999078
0	66	54	0.999078
0	66	44	0.999078
1	66	17	0.999077
0	66	58	0.999077
1	66	18	0.999077
0	66	59	0.999076
0	66	56	0.999076
0	66	63	0.999076
1	66	18	0.999076
1	66	33	0.999076
1	66	25	0.999075
0	66	52	0.999075
1	66	22	0.999075
0	66	49	0.999075
0	66	38	0.999074
0	66	54	0.999074
1	66	20	0.999073
1	66	18	0.999073
0	66	43	0.999073
0	66	38	0.999072
0	66	55	0.999072
0	66	55	0.999072
1	66	27	0.999072
1	66	18	0.999072
0	66	36	0.999072
0	66	54	0.999072
1	66	21	0.99907
1	66	30	0.99907
1	66	20	0.99907
1	66	24	0.99907
1	66	22	0.999069
0	66	41	0.999068
1	66	31	0.999068
0	66	40	0.999068
0	66	44	0.999068
0	66	61	0.999068
1	66	35	0.999068
0	66	50	0.999067
0	66	53	0.999067
0	66	47	0.999066
1	66	27	0.999066
0	66	56	0.999066
0	66	37	0.999065
1	66	25	0.999065
1	66	31	0.999065
0	66	50	0.999065
0	66	36	0.999064
0	66	48	0.999064
1	66	19	0.999064
0	66	49	0.999063
1	66	21	0.999063
1	66	24	0.999063
0	66	51	0.999061
1	66	30	0.999061
0	66	46	0.999061
0	66	39	0.99906
1	66	28	0.99906
0	66	48	0.99906
0	66	54	0.99906
0	66	36	0.999059
0	66	56	0.999058
0	66	54	0.999058
0	66	41	0.999057
1	66	32	0.999057
1	66	34	0.999057
0	66	64	0.999057
0	66	58	0.999057
0	66	54	0.999057
0	66	57	0.999056
1	66	24	0.999056
0	66	61	0.999056
0	66	46	0.999056
0	66	42	0.999055
1	66	35	0.999055
1	66	25	0.999055
0	66	45	0.999055
1	66	22	0.999055
0	66	62	0.999055
0	66	44	0.999055
0	66	57	0.999054
0	66	62	0.999054
1	66	27	0.999052
0	66	45	0.999052
0	66	50	0.999051
0	66	41	0.999051
0	66	38	0.999051
0	66	54	0.99905
0	66	54	0.999049
1	66	24	0.999048
0	66	55	0.999048
0	66	44	0.999047
0	66	36	0.999047
1	66	30	0.999046
1	66	34	0.999046
0	66	46	0.999046
0	66	51	0.999045
1	66	17	0.999045
1	66	31	0.999043
0	66	65	0.999043
1	66	34	0.999043
0	66	61	0.999043
0	66	63	0.999042
0	66	40	0.999041
0	66	51	0.999041
0	66	50	0.999041
1	66	34	0.999041
1	66	28	0.99904
1	66	29	0.99904
0	66	52	0.99904
1	66	34	0.999039
0	66	48	0.999039
0	66	41	0.999039
0	66	62	0.999039
0	66	38	0.999038
1	66	30	0.999037
1	66	20	0.999037
1	66	25	0.999037
1	66	30	0.999037
1	66	20	0.999036
0	66	62	0.999036
0	66	57	0.999036
1	66	16	0.999034
0	66	60	0.999033
1	66	20	0.999033
0	66	62	0.999033
1	66	21	0.999032
0	66	48	0.999032
0	66	42	0.999032
0	66	49	0.999032
0	66	64	0.999032
0	66	62	0.999031
1	66	28	0.999031
0	66	54	0.999031
1	66	17	0.999029
0	66	46	0.999029
0	66	65	0.999029
0	66	44	0.999029
0	66	38	0.999029
0	66	51	0.999029
1	66	17	0.999029
0	66	56	0.999028
0	66	55	0.999028
0	66	39	0.999028
1	66	17	0.999027
0	66	51	0.999027
1	66	26	0.999025
0	66	53	0.999025
0	66	61	0.999025
0	66	44	0.999024
0	66	57	0.999024
1	66	25	0.999024
0	66	40	0.999023
0	66	37	0.999023
0	66	62	0.999022
1	66	31	0.999022
0	66	62	0.999022
0	66	41	0.999022
0	66	47	0.999022
0	66	52	0.999022
0	66	51	0.999021
1	66	31	0.999021
1	66	22	0.99902
1	66	29	0.99902
0	66	59	0.999019
0	66	51	0.999019
0	66	63	0.999018
0	66	56	0.999018
0	66	53	0.999018
0	66	50	0.999018
0	66	43	0.999016
0	66	64	0.999016
1	66	32	0.999016
0	66	48	0.999015
0	66	42	0.999015
0	66	44	0.999014
0	66	51	0.999014
0	66	59	0.999014
0	66	44	0.999014
1	66	18	0.999013
0	66	39	0.999013
1	66	32	0.999013
0	66	46	0.999013
1	66	29	0.999012
1	66	26	0.999011
1	66	33	0.999011
1	66	20	0.99901
0	66	59	0.999009
1	66	27	0.999009
1	66	24	0.999007
0	66	38	0.999007
1	66	32	0.999007
1	66	19	0.999006
0	66	57	0.999006
1	66	26	0.999005
0	66	58	0.999003
0	66	61	0.999003
0	66	48	0.999002
0	66	47	0.999002
0	66	37	0.999002
0	66	44	0.999001
0	66	35	0.999001
1	66	22	0.999
1	66	19	0.999
0	66	64	0.999
0	66	42	0.998998
1	66	32	0.998998
0	66	44	0.998998
0	66	60	0.998997
0	66	48	0.998996
0	66	60	0.998996
1	66	25	0.998996
1	66	34	0.998995
0	66	53	0.998995
0	66	53	0.998995
0	66	41	0.998993
0	66	45	0.998993
0	66	39	0.998992
0	66	62	0.998992
1	66	34	0.998992
0	66	55	0.998992
0	66	40	0.998992
0	66	48	0.998991
1	66	24	0.998991
0	66	57	0.998991
0	66	48	0.998991
0	66	48	0.998991
1	66	30	0.998991
0	66	37	0.998989
0	66	52	0.998989
0	66	62	0.998988
1	66	21	0.998987
0	66	48	0.998987
1	66	16	0.998987
0	66	39	0.998987
0	66	62	0.998986
0	66	62	0.998986
1	66	33	0.998985
1	66	23	0.998985
0	66	53	0.998984
0	66	54	0.998984
1	66	26	0.998984
1	66	20	0.998984
0	66	48	0.998983
1	66	17	0.998982
0	66	53	0.998982
0	66	49	0.99898
0	66	51	0.998979
1	66	24	0.998979
1	66	27	0.998978
0	66	55	0.998977
0	66	37	0.998977
0	66	63	0.998977
1	66	31	0.998977
0	66	62	0.998976
0	66	61	0.998976
1	66	16	0.998976
0	66	43	0.998975
0	66	60	0.998975
0	66	57	0.998974
1	66	21	0.998974
1	66	28	0.998974
0	66	51	0.998973
0	66	58	0.998973
0	66	60	0.998973
1	66	19	0.998973
0	66	54	0.998971
0	66	65	0.998971
0	66	50	0.998971
0	66	48	0.99897
0	66	38	0.99897
0	66	42	0.998969
0	66	53	0.998969
1	66	28	0.998969
1	66	25	0.998968
1	66	31	0.998968
1	66	17	0.998968
1	66	32	0.998967
0	66	62	0.998966
1	66	28	0.998966
1	66	25	0.998966
1	66	26	0.998966
1	66	34	0.998966
0	66	36	0.998965
0	66	41	0.998965
1	66	32	0.998965
0	66	65	0.998964
1	66	31	0.998964
1	66	32	0.998964
0	66	39	0.998962
0	66	46	0.998962
1	66	26	0.998962
0	66	57	0.998962
0	66	35	0.998962
0	66	38	0.998961
0	66	58	0.998961
1	66	19	0.998961
0	66	38	0.998961
1	66	20	0.99896
1	66	33	0.99896
1	66	17	0.99896
0	66	59	0.99896
0	66	45	0.998959
0	66	60	0.998959
0	66	64	0.998959
0	66	60	0.998958
1	66	18	0.998958
0	66	47	0.998958
0	66	49	0.998957
1	66	34	0.998957
0	66	59	0.998957
0	66	49	0.998956
0	66	37	0.998956
0	66	43	0.998955
0	66	56	0.998955
0	66	52	0.998953
0	66	43	0.998953
1	66	28	0.998953
0	66	47	0.998952
0	66	35	0.998951
1	66	23	0.998951
0	66	46	0.998951
1	66	18	0.998951
0	66	43	0.998951
0	66	53	0.99895
0	66	63	0.99895
1	66	21	0.99895
1	66	18	0.998949
1	66	18	0.998949
0	66	62	0.998949
1	66	19	0.998948
1	66	25	0.998948
0	66	54	0.998947
0	66	39	0.998947
0	66	36	0.998947
1	66	24	0.998947
1	66	16	0.998946
0	66	36	0.998946
0	66	52	0.998944
0	66	39	0.998944
0	66	55	0.998943
1	66	32	0.998943
0	66	39	0.998941
0	66	47	0.998941
0	66	50	0.998941
1	66	18	0.998941
1	66	30	0.998941
1	66	34	0.998941
1	66	24	0.998941
0	66	60	0.99894
0	66	46	0.99894
1	66	18	0.99894
0	66	47	0.99894
0	66	54	0.998939
0	66	60	0.998939
0	66	60	0.998939
0	66	58	0.998939
1	66	17	0.998937
0	66	64	0.998937
0	66	40	0.998937
1	66	29	0.998935
0	66	38	0.998934
1	66	34	0.998934
0	66	65	0.998934
1	66	19	0.998933
0	66	60	0.998932
0	66	51	0.998932
1	66	23	0.998932
0	66	51	0.998932
0	66	36	0.998932
0	66	58	0.99893
0	66	53	0.99893
1	66	23	0.998929
1	66	24	0.998928
1	66	32	0.998928
0	66	58	0.998928
1	66	30	0.998928
1	66	29	0.998926
0	66	51	0.998924
0	66	58	0.998923
0	66	55	0.998923
0	66	61	0.998922
0	66	57	0.998922
1	66	27	0.998922
1	66	21	0.998921
1	66	23	0.998921
1	66	28	0.998921
0	66	40	0.99892
0	66	53	0.99892
1	66	29	0.998919
1	66	32	0.998917
0	66	41	0.998917
0	66	59	0.998917
1	66	21	0.998917
0	66	63	0.998917
0	66	35	0.998916
0	66	50	0.998915
0	66	56	0.998915
1	66	30	0.998915
1	66	22	0.998914
1	66	28	0.998914
0	66	39	0.998914
1	66	17	0.998913
0	66	40	0.998913
1	66	17	0.998912
1	66	18	0.998911
1	66	28	0.998911
0	66	46	0.99891
0	66	37	0.998908
0	66	61	0.998908
0	66	41	0.998907
0	66	50	0.998907
0	66	65	0.998907
0	66	63	0.998907
1	66	33	0.998904
0	66	46	0.998902
0	66	36	0.998902
0	66	48	0.998901
0	66	56	0.998901
0	66	64	0.998901
1	66	31	0.998899
1	66	22	0.998899
0	66	61	0.998898
0	66	48	0.998898
0	66	63	0.998898
0	66	36	0.998898
0	66	50	0.998897
0	66	61	0.998897
0	66	38	0.998896
1	66	28	0.998895
1	66	27	0.998895
0	66	51	0.998895
0	66	54	0.998895
0	66	39	0.998894
1	66	16	0.998893
0	66	41	0.998893
1	66	22	0.998893
0	66	53	0.998893
1	66	34	0.998892
0	66	36	0.998892
0	66	45	0.998892
0	66	45	0.998892
0	66	38	0.998892
1	66	20	0.998892
0	66	49	0.99889
1	66	33	0.99889
0	66	64	0.99889
0	66	38	0.99889
0	66	64	0.99889
1	66	17	0.998889
0	66	39	0.998889
0	66	57	0.998888
0	66	46	0.998888
0	66	51	0.998887
0	66	35	0.998887
0	66	49	0.998887
1	66	30	0.998886
1	66	21	0.998886
0	66	38	0.998885
0	66	54	0.998885
0	66	44	0.998884
0	66	43	0.998884
0	66	40	0.998883
0	66	40	0.998883
1	66	25	0.998883
0	66	61	0.998883
0	66	46	0.998881
1	66	33	0.998881
1	66	22	0.99888
1	66	30	0.998879
0	66	41	0.998879
0	66	36	0.998878
0	66	46	0.998878
0	66	57	0.998877
0	66	60	0.998877
1	66	32	0.998876
1	66	33	0.998876
1	66	31	0.998876
1	66	28	0.998875
