422.71
0.000936391
35
1	67	48	0.999079
0	67	65	0.996689
1	67	33	0.995313
1	67	48	0.986004
1	67	54	0.985096
0	67	54	0.981112
1	67	18	0.980028
1	67	42	0.975524
0	67	45	0.971846
0	67	62	0.969432
1	67	36	0.964
1	67	31	0.960365
0	67	44	0.953226
1	67	14	0.952436
1	67	27	0.95042
0	67	44	0.948496
1	67	14	0.948409
0	67	35	0.947797
0	67	35	0.947623
0	67	43	0.942226
0	67	40	0.941185
1	67	27	0.940578
1	67	25	0.937723
0	67	58	0.936428
1	67	15	0.933586
0	67	42	0.932984
1	67	15	0.93058
1	67	15	0.929809
1	67	27	0.928354
0	67	31	0.924428
1	67	24	0.922642
1	67	19	0.919756
0	67	50	0.915698
0	67	35	0.91376
0	67	52	0.912246
