3085.28
0.00072466
45
1	416	388	0.99937
1	416	308	0.997565
1	416	377	0.997356
1	416	274	0.995136
1	416	236	0.994342
0	416	395	0.992964
1	416	247	0.992797
0	416	383	0.992463
1	416	249	0.989173
0	416	376	0.988758
0	416	376	0.987844
1	416	228	0.987138
0	416	340	0.986641
1	416	202	0.98606
1	416	181	0.985977
1	416	275	0.985687
1	416	148	0.98548
0	416	361	0.985025
1	416	164	0.977519
0	416	341	0.976656
1	416	148	0.976287
1	416	261	0.975713
1	416	244	0.973623
0	416	398	0.972928
0	416	318	0.972846
1	416	234	0.972765
1	416	163	0.972315
0	416	302	0.97109
1	416	248	0.970763
1	416	233	0.970437
0	416	251	0.968685
1	416	236	0.968196
0	416	319	0.968115
0	416	294	0.968074
0	416	281	0.96783
0	416	274	0.96722
0	416	367	0.965392
0	416	247	0.964176
0	416	256	0.962475
1	416	178	0.962111
1	416	189	0.962031
0	416	302	0.961909
0	416	372	0.959729
1	416	179	0.959648
1	416	162	0.959527
