181201
11.6074
5000
1	193	177	1
1	193	148	1
1	193	185	1
1	193	92	1
1	193	133	1
1	193	152	1
1	193	121	1
1	193	123	0.999999
1	193	157	0.999999
1	193	80	0.999999
1	193	142	0.999999
1	193	178	0.999999
1	193	95	0.999999
1	193	184	0.999999
1	193	173	0.999999
1	193	156	0.999998
1	193	152	0.999998
1	193	82	0.999998
1	193	180	0.999998
1	193	174	0.999998
1	193	155	0.999998
1	193	76	0.999998
1	193	186	0.999998
1	193	134	0.999998
1	193	100	0.999998
1	193	74	0.999998
1	193	180	0.999998
1	193	162	0.999997
1	193	93	0.999997
1	193	89	0.999997
1	193	85	0.999997
1	193	178	0.999997
1	193	175	0.999997
1	193	86	0.999997
1	193	129	0.999997
1	193	141	0.999997
1	193	150	0.999997
1	193	101	0.999997
1	193	122	0.999996
1	193	137	0.999996
1	193	171	0.999996
1	193	140	0.999996
1	193	175	0.999996
1	193	180	0.999996
1	193	168	0.999996
1	193	160	0.999995
1	193	73	0.999995
1	193	79	0.999995
1	193	147	0.999995
1	193	90	0.999995
1	193	189	0.999995
1	193	62	0.999995
1	193	174	0.999995
1	193	95	0.999995
1	193	106	0.999995
1	193	178	0.999995
1	193	76	0.999995
1	193	76	0.999995
1	193	187	0.999995
1	193	117	0.999995
1	193	126	0.999995
1	193	79	0.999995
1	193	62	0.999995
1	193	111	0.999994
1	193	71	0.999994
1	193	146	0.999994
1	193	189	0.999994
1	193	113	0.999994
1	193	84	0.999994
1	193	149	0.999994
1	193	64	0.999994
1	193	175	0.999993
1	193	79	0.999993
1	193	155	0.999993
1	193	90	0.999993
1	193	85	0.999993
1	193	68	0.999993
1	193	85	0.999993
1	193	106	0.999992
1	193	120	0.999992
1	193	122	0.999992
1	193	162	0.999992
1	193	172	0.999992
1	193	92	0.999992
1	193	131	0.999992
1	193	120	0.999992
1	193	121	0.999991
1	193	184	0.999991
1	193	97	0.999991
1	193	100	0.999991
1	193	102	0.999991
1	193	90	0.999991
1	193	81	0.999991
1	193	185	0.999991
1	193	124	0.999991
1	193	130	0.999991
1	193	145	0.99999
1	193	188	0.99999
1	193	174	0.99999
1	193	82	0.99999
0	193	191	0.99999
1	193	99	0.99999
1	193	174	0.99999
1	193	117	0.99999
1	193	149	0.99999
1	193	178	0.99999
1	193	115	0.999989
1	193	144	0.999989
1	193	75	0.999989
1	193	181	0.999989
1	193	84	0.999989
1	193	182	0.999989
1	193	131	0.999989
1	193	108	0.999989
1	193	70	0.999989
1	193	152	0.999989
1	193	130	0.999989
1	193	148	0.999989
1	193	81	0.999989
1	193	72	0.999989
1	193	147	0.999988
1	193	152	0.999988
1	193	126	0.999988
1	193	129	0.999988
1	193	88	0.999988
1	193	141	0.999988
1	193	82	0.999988
1	193	111	0.999988
1	193	171	0.999988
1	193	154	0.999988
1	193	165	0.999988
1	193	151	0.999988
1	193	84	0.999988
1	193	162	0.999988
1	193	131	0.999988
1	193	96	0.999988
1	193	147	0.999988
1	193	101	0.999988
1	193	180	0.999988
1	193	70	0.999988
1	193	181	0.999988
1	193	89	0.999987
1	193	141	0.999987
1	193	155	0.999987
1	193	144	0.999987
1	193	90	0.999987
1	193	87	0.999987
1	193	75	0.999987
1	193	136	0.999987
1	193	78	0.999987
1	193	137	0.999987
1	193	123	0.999987
1	193	83	0.999987
1	193	85	0.999987
1	193	164	0.999987
1	193	119	0.999987
1	193	128	0.999987
1	193	136	0.999986
1	193	78	0.999986
1	193	90	0.999986
1	193	182	0.999986
1	193	136	0.999986
1	193	121	0.999986
1	193	181	0.999986
1	193	118	0.999986
1	193	65	0.999986
1	193	126	0.999986
1	193	185	0.999986
1	193	99	0.999986
1	193	167	0.999986
1	193	67	0.999985
1	193	106	0.999985
1	193	92	0.999985
1	193	150	0.999985
1	193	170	0.999985
1	193	142	0.999985
1	193	144	0.999984
1	193	154	0.999984
1	193	137	0.999984
1	193	68	0.999984
1	193	104	0.999984
1	193	150	0.999984
1	193	64	0.999984
1	193	112	0.999984
1	193	76	0.999984
1	193	182	0.999984
1	193	140	0.999984
1	193	117	0.999984
1	193	151	0.999984
1	193	75	0.999984
1	193	161	0.999984
1	193	82	0.999984
1	193	118	0.999984
1	193	185	0.999984
0	193	192	0.999984
1	193	184	0.999984
1	193	169	0.999983
1	193	110	0.999983
1	193	185	0.999983
1	193	139	0.999983
1	193	169	0.999983
1	193	87	0.999983
1	193	76	0.999983
1	193	167	0.999982
1	193	104	0.999982
1	193	134	0.999982
0	193	189	0.999982
1	193	139	0.999982
1	193	184	0.999982
0	193	186	0.999982
1	193	72	0.999982
1	193	180	0.999982
1	193	168	0.999982
1	193	117	0.999982
1	193	175	0.999981
1	193	132	0.999981
1	193	139	0.999981
1	193	120	0.999981
1	193	129	0.99998
1	193	145	0.99998
1	193	91	0.99998
0	193	187	0.99998
1	193	167	0.99998
1	193	96	0.99998
1	193	164	0.99998
1	193	168	0.99998
1	193	68	0.99998
1	193	84	0.99998
1	193	165	0.99998
1	193	156	0.99998
1	193	162	0.99998
1	193	89	0.999979
1	193	176	0.999979
1	193	162	0.999979
1	193	112	0.999979
1	193	91	0.999979
1	193	96	0.999979
1	193	109	0.999979
1	193	159	0.999979
1	193	175	0.999979
1	193	166	0.999978
1	193	161	0.999978
1	193	170	0.999978
1	193	130	0.999978
1	193	115	0.999978
1	193	167	0.999978
0	193	190	0.999978
1	193	134	0.999978
1	193	63	0.999978
1	193	90	0.999978
1	193	136	0.999978
1	193	129	0.999978
1	193	145	0.999978
1	193	103	0.999978
1	193	63	0.999977
1	193	100	0.999977
1	193	87	0.999977
1	193	153	0.999977
1	193	74	0.999977
1	193	110	0.999977
1	193	155	0.999977
1	193	102	0.999977
1	193	107	0.999976
1	193	133	0.999976
1	193	83	0.999976
1	193	147	0.999976
1	193	163	0.999976
1	193	104	0.999976
1	193	132	0.999976
1	193	128	0.999975
0	193	183	0.999975
1	193	101	0.999975
1	193	175	0.999975
1	193	150	0.999975
1	193	173	0.999975
1	193	87	0.999975
1	193	118	0.999975
1	193	141	0.999975
1	193	103	0.999975
1	193	172	0.999975
0	193	192	0.999975
0	193	192	0.999974
1	193	176	0.999974
1	193	162	0.999974
1	193	165	0.999974
1	193	89	0.999974
1	193	111	0.999974
1	193	94	0.999974
1	193	69	0.999974
1	193	118	0.999973
1	193	82	0.999973
1	193	81	0.999973
1	193	153	0.999973
1	193	143	0.999973
1	193	67	0.999973
1	193	82	0.999973
1	193	145	0.999973
1	193	165	0.999973
1	193	164	0.999973
1	193	153	0.999973
1	193	78	0.999973
1	193	130	0.999972
1	193	161	0.999972
1	193	66	0.999972
1	193	140	0.999972
1	193	94	0.999971
1	193	63	0.999971
1	193	179	0.999971
1	193	117	0.999971
0	193	190	0.999971
1	193	118	0.999971
0	193	182	0.999971
1	193	138	0.999971
1	193	113	0.999971
1	193	85	0.999971
1	193	162	0.999971
1	193	75	0.999971
1	193	74	0.999971
1	193	71	0.999971
1	193	74	0.999971
1	193	118	0.999971
0	193	184	0.99997
0	193	186	0.99997
1	193	101	0.99997
1	193	141	0.99997
1	193	130	0.99997
1	193	102	0.99997
0	193	183	0.999969
1	193	97	0.999969
1	193	150	0.999969
1	193	131	0.999969
1	193	146	0.999969
1	193	120	0.999969
0	193	184	0.999969
1	193	83	0.999969
1	193	129	0.999969
1	193	101	0.999969
1	193	88	0.999969
1	193	62	0.999968
1	193	99	0.999968
1	193	153	0.999968
1	193	116	0.999968
1	193	140	0.999968
1	193	121	0.999968
1	193	121	0.999968
1	193	126	0.999968
1	193	73	0.999968
1	193	151	0.999968
1	193	99	0.999968
1	193	69	0.999968
1	193	64	0.999968
1	193	96	0.999968
1	193	150	0.999968
1	193	89	0.999968
1	193	112	0.999968
1	193	116	0.999968
1	193	178	0.999967
1	193	144	0.999967
1	193	92	0.999967
1	193	151	0.999967
1	193	152	0.999967
1	193	110	0.999967
1	193	77	0.999967
1	193	97	0.999967
1	193	129	0.999967
1	193	118	0.999967
1	193	148	0.999967
1	193	95	0.999967
0	193	183	0.999966
0	193	184	0.999966
1	193	136	0.999966
1	193	136	0.999966
1	193	146	0.999966
1	193	63	0.999965
1	193	82	0.999965
1	193	154	0.999965
1	193	176	0.999965
1	193	81	0.999965
1	193	72	0.999965
1	193	135	0.999965
1	193	105	0.999965
1	193	130	0.999965
1	193	74	0.999964
1	193	176	0.999964
1	193	153	0.999964
1	193	90	0.999964
1	193	119	0.999964
1	193	78	0.999964
1	193	76	0.999964
1	193	89	0.999963
1	193	124	0.999963
1	193	148	0.999963
1	193	107	0.999963
1	193	94	0.999963
1	193	83	0.999963
1	193	113	0.999963
1	193	109	0.999963
1	193	121	0.999963
1	193	90	0.999963
1	193	80	0.999962
1	193	83	0.999962
1	193	125	0.999962
0	193	183	0.999962
0	193	181	0.999962
0	193	187	0.999962
0	193	180	0.999962
1	193	124	0.999962
1	193	150	0.999962
1	193	174	0.999962
1	193	173	0.999962
1	193	128	0.999962
1	193	134	0.999962
1	193	105	0.999962
0	193	191	0.999962
1	193	81	0.999962
1	193	102	0.999962
1	193	99	0.999962
1	193	160	0.999961
1	193	168	0.999961
1	193	156	0.999961
1	193	138	0.999961
1	193	103	0.999961
1	193	152	0.999961
1	193	175	0.999961
1	193	96	0.99996
1	193	103	0.99996
1	193	140	0.99996
1	193	93	0.99996
0	193	185	0.99996
1	193	146	0.99996
1	193	96	0.99996
1	193	73	0.99996
1	193	114	0.99996
0	193	182	0.99996
1	193	94	0.99996
1	193	141	0.99996
1	193	114	0.99996
1	193	75	0.999959
1	193	128	0.999959
1	193	135	0.999959
1	193	160	0.999959
0	193	184	0.999959
1	193	167	0.999959
0	193	184	0.999959
1	193	107	0.999959
1	193	97	0.999959
1	193	136	0.999959
1	193	93	0.999958
1	193	140	0.999958
1	193	68	0.999958
1	193	94	0.999958
1	193	95	0.999958
0	193	184	0.999957
1	193	116	0.999957
1	193	117	0.999957
0	193	190	0.999957
1	193	114	0.999957
1	193	155	0.999957
1	193	74	0.999957
1	193	116	0.999957
1	193	91	0.999957
1	193	136	0.999957
0	193	184	0.999957
0	193	190	0.999957
1	193	161	0.999957
1	193	106	0.999956
1	193	73	0.999956
0	193	175	0.999956
1	193	169	0.999956
0	193	188	0.999956
1	193	171	0.999956
1	193	108	0.999956
1	193	149	0.999956
1	193	101	0.999956
1	193	86	0.999956
0	193	188	0.999955
1	193	83	0.999955
0	193	186	0.999955
1	193	118	0.999955
1	193	141	0.999955
1	193	106	0.999955
1	193	122	0.999955
1	193	103	0.999955
0	193	177	0.999955
1	193	81	0.999955
1	193	86	0.999955
0	193	180	0.999954
1	193	162	0.999954
1	193	74	0.999954
1	193	141	0.999954
1	193	127	0.999954
1	193	73	0.999954
1	193	86	0.999954
1	193	110	0.999954
1	193	75	0.999954
1	193	144	0.999954
1	193	160	0.999954
1	193	110	0.999954
1	193	131	0.999953
1	193	163	0.999953
0	193	184	0.999953
1	193	141	0.999953
1	193	166	0.999953
1	193	133	0.999952
1	193	125	0.999952
1	193	138	0.999952
1	193	106	0.999952
1	193	129	0.999952
1	193	143	0.999952
1	193	167	0.999952
1	193	78	0.999952
1	193	164	0.999952
1	193	161	0.999952
1	193	121	0.999952
1	193	103	0.999952
1	193	90	0.999952
1	193	74	0.999952
1	193	166	0.999952
1	193	133	0.999952
1	193	125	0.999951
1	193	163	0.999951
1	193	142	0.999951
1	193	69	0.999951
1	193	90	0.999951
1	193	74	0.999951
1	193	156	0.999951
1	193	141	0.999951
0	193	177	0.999951
0	193	183	0.999951
1	193	155	0.999951
1	193	89	0.999951
1	193	149	0.999951
1	193	143	0.999951
1	193	132	0.999951
1	193	170	0.999951
0	193	176	0.999951
1	193	148	0.999951
1	193	167	0.999951
1	193	140	0.999951
1	193	124	0.99995
0	193	191	0.99995
1	193	106	0.99995
1	193	88	0.99995
1	193	71	0.99995
0	193	179	0.99995
1	193	79	0.99995
1	193	88	0.99995
0	193	172	0.99995
1	193	103	0.99995
1	193	85	0.99995
1	193	142	0.99995
1	193	105	0.999949
0	193	190	0.999949
1	193	111	0.999949
0	193	177	0.999949
1	193	163	0.999949
1	193	116	0.999949
1	193	165	0.999949
1	193	129	0.999949
1	193	166	0.999948
1	193	101	0.999948
1	193	122	0.999948
1	193	129	0.999948
1	193	84	0.999948
1	193	86	0.999948
1	193	65	0.999948
1	193	95	0.999948
1	193	99	0.999948
1	193	171	0.999948
1	193	104	0.999948
1	193	108	0.999948
1	193	117	0.999947
1	193	149	0.999947
1	193	128	0.999947
1	193	161	0.999947
1	193	79	0.999947
1	193	94	0.999947
1	193	81	0.999947
1	193	96	0.999946
1	193	69	0.999946
1	193	169	0.999946
1	193	70	0.999946
1	193	140	0.999946
0	193	189	0.999946
1	193	139	0.999946
1	193	151	0.999946
1	193	115	0.999946
1	193	78	0.999946
1	193	110	0.999946
1	193	132	0.999946
1	193	165	0.999946
1	193	106	0.999946
1	193	82	0.999946
1	193	116	0.999946
1	193	103	0.999946
1	193	83	0.999946
1	193	134	0.999946
0	193	185	0.999946
1	193	139	0.999946
1	193	149	0.999946
1	193	72	0.999945
1	193	122	0.999945
1	193	77	0.999945
1	193	100	0.999945
1	193	87	0.999945
1	193	117	0.999945
1	193	76	0.999945
1	193	111	0.999945
0	193	180	0.999945
1	193	107	0.999945
1	193	166	0.999945
1	193	121	0.999945
1	193	100	0.999945
1	193	77	0.999945
1	193	140	0.999945
0	193	188	0.999944
1	193	126	0.999944
1	193	91	0.999944
1	193	97	0.999944
1	193	141	0.999944
1	193	64	0.999944
1	193	69	0.999944
1	193	165	0.999944
1	193	68	0.999943
1	193	119	0.999943
1	193	81	0.999943
1	193	134	0.999943
1	193	123	0.999943
1	193	118	0.999943
1	193	120	0.999943
1	193	169	0.999943
1	193	114	0.999943
1	193	89	0.999943
0	193	191	0.999942
1	193	134	0.999942
1	193	140	0.999942
0	193	188	0.999942
1	193	156	0.999942
0	193	182	0.999942
1	193	85	0.999942
1	193	89	0.999942
1	193	108	0.999942
1	193	158	0.999941
0	193	181	0.999941
1	193	74	0.999941
1	193	136	0.999941
1	193	111	0.999941
1	193	70	0.999941
1	193	86	0.999941
1	193	145	0.999941
1	193	115	0.999941
0	193	183	0.999941
1	193	94	0.999941
0	193	178	0.99994
1	193	165	0.99994
1	193	129	0.99994
1	193	110	0.99994
1	193	79	0.99994
1	193	141	0.99994
1	193	67	0.99994
1	193	146	0.99994
1	193	104	0.99994
1	193	166	0.99994
0	193	170	0.99994
0	193	179	0.99994
1	193	82	0.99994
1	193	92	0.99994
1	193	159	0.99994
1	193	110	0.999939
1	193	165	0.999939
0	193	185	0.999939
1	193	152	0.999939
1	193	96	0.999939
1	193	161	0.999939
0	193	169	0.999939
1	193	132	0.999939
1	193	140	0.999939
0	193	179	0.999939
1	193	96	0.999938
1	193	139	0.999938
1	193	88	0.999938
0	193	177	0.999938
0	193	170	0.999938
1	193	107	0.999938
0	193	186	0.999938
0	193	175	0.999938
1	193	150	0.999938
1	193	131	0.999938
1	193	99	0.999938
1	193	82	0.999938
1	193	136	0.999938
1	193	116	0.999938
1	193	102	0.999937
1	193	64	0.999937
0	193	178	0.999937
0	193	192	0.999937
1	193	72	0.999937
0	193	181	0.999937
1	193	128	0.999937
1	193	127	0.999937
0	193	188	0.999937
1	193	101	0.999937
1	193	162	0.999936
1	193	77	0.999936
1	193	152	0.999936
1	193	91	0.999936
1	193	146	0.999936
1	193	134	0.999936
1	193	78	0.999936
0	193	184	0.999936
1	193	69	0.999936
1	193	165	0.999935
1	193	118	0.999935
1	193	78	0.999935
1	193	127	0.999935
0	193	171	0.999935
1	193	80	0.999935
0	193	189	0.999935
1	193	86	0.999935
1	193	129	0.999935
1	193	118	0.999935
1	193	65	0.999935
1	193	122	0.999935
1	193	82	0.999935
1	193	71	0.999935
1	193	152	0.999935
1	193	94	0.999935
1	193	150	0.999935
1	193	161	0.999935
1	193	141	0.999934
0	193	182	0.999934
0	193	175	0.999934
1	193	156	0.999934
1	193	126	0.999934
0	193	191	0.999934
1	193	112	0.999934
1	193	150	0.999934
1	193	70	0.999934
1	193	103	0.999934
0	193	172	0.999934
1	193	150	0.999934
1	193	83	0.999934
0	193	170	0.999934
1	193	144	0.999933
1	193	142	0.999933
0	193	169	0.999933
1	193	101	0.999933
1	193	135	0.999933
0	193	167	0.999933
1	193	94	0.999933
1	193	165	0.999933
1	193	112	0.999933
1	193	136	0.999933
1	193	112	0.999933
0	193	178	0.999933
1	193	162	0.999933
1	193	129	0.999933
0	193	185	0.999932
1	193	87	0.999932
1	193	143	0.999932
1	193	118	0.999932
1	193	164	0.999932
1	193	93	0.999932
1	193	79	0.999932
1	193	83	0.999932
1	193	146	0.999932
1	193	62	0.999932
1	193	69	0.999932
1	193	153	0.999932
1	193	112	0.999931
0	193	169	0.999931
0	193	173	0.999931
1	193	89	0.999931
1	193	134	0.999931
0	193	181	0.999931
0	193	169	0.999931
1	193	123	0.999931
0	193	192	0.999931
0	193	173	0.999931
1	193	75	0.999931
1	193	68	0.999931
1	193	135	0.99993
0	193	166	0.99993
0	193	174	0.99993
1	193	159	0.99993
1	193	81	0.99993
1	193	98	0.99993
0	193	191	0.99993
0	193	182	0.99993
1	193	107	0.99993
1	193	158	0.99993
1	193	125	0.99993
1	193	112	0.99993
0	193	166	0.99993
1	193	159	0.999929
1	193	86	0.999929
1	193	148	0.999929
1	193	68	0.999929
0	193	173	0.999929
1	193	105	0.999929
0	193	168	0.999929
1	193	135	0.999929
1	193	93	0.999929
1	193	144	0.999929
1	193	82	0.999929
1	193	145	0.999928
1	193	86	0.999928
1	193	131	0.999928
1	193	111	0.999928
1	193	87	0.999928
1	193	88	0.999928
1	193	92	0.999928
1	193	126	0.999928
1	193	124	0.999928
1	193	161	0.999928
1	193	138	0.999927
1	193	124	0.999927
1	193	74	0.999927
1	193	131	0.999926
1	193	99	0.999926
1	193	82	0.999926
0	193	189	0.999926
0	193	166	0.999926
1	193	122	0.999926
0	193	164	0.999926
1	193	62	0.999925
1	193	69	0.999925
1	193	119	0.999925
1	193	159	0.999925
0	193	169	0.999924
1	193	91	0.999924
0	193	175	0.999924
1	193	101	0.999924
1	193	105	0.999924
1	193	148	0.999924
0	193	167	0.999924
1	193	66	0.999924
1	193	72	0.999924
1	193	67	0.999924
1	193	90	0.999924
1	193	105	0.999923
1	193	155	0.999923
0	193	186	0.999923
0	193	185	0.999923
1	193	84	0.999923
1	193	86	0.999923
0	193	169	0.999923
1	193	101	0.999923
1	193	154	0.999922
1	193	108	0.999922
1	193	71	0.999922
1	193	111	0.999922
0	193	190	0.999922
1	193	115	0.999922
1	193	108	0.999922
1	193	133	0.999922
1	193	116	0.999922
1	193	158	0.999922
1	193	76	0.999922
1	193	81	0.999922
1	193	143	0.999921
1	193	134	0.999921
0	193	173	0.999921
0	193	163	0.999921
1	193	129	0.999921
0	193	191	0.999921
1	193	70	0.999921
1	193	106	0.999921
0	193	175	0.999921
1	193	109	0.99992
1	193	98	0.99992
1	193	134	0.99992
1	193	145	0.99992
0	193	187	0.99992
0	193	172	0.99992
0	193	180	0.99992
1	193	147	0.99992
1	193	101	0.999919
1	193	143	0.999919
1	193	77	0.999919
1	193	145	0.999919
1	193	106	0.999919
1	193	90	0.999919
1	193	118	0.999919
1	193	112	0.999919
1	193	133	0.999919
0	193	167	0.999919
1	193	160	0.999919
1	193	113	0.999919
1	193	146	0.999919
1	193	71	0.999919
1	193	81	0.999919
0	193	167	0.999919
1	193	107	0.999919
0	193	187	0.999918
1	193	65	0.999918
1	193	97	0.999918
0	193	161	0.999918
1	193	120	0.999918
1	193	99	0.999918
1	193	92	0.999917
1	193	91	0.999917
1	193	127	0.999917
0	193	188	0.999917
1	193	88	0.999916
1	193	94	0.999916
1	193	148	0.999916
1	193	97	0.999916
1	193	103	0.999916
1	193	129	0.999916
1	193	131	0.999916
1	193	99	0.999916
0	193	183	0.999916
1	193	114	0.999916
0	193	186	0.999916
0	193	186	0.999915
1	193	96	0.999915
1	193	82	0.999915
1	193	74	0.999915
1	193	100	0.999915
1	193	130	0.999915
1	193	114	0.999915
1	193	149	0.999915
1	193	100	0.999915
1	193	83	0.999914
1	193	144	0.999914
1	193	133	0.999914
1	193	80	0.999914
1	193	149	0.999914
0	193	169	0.999914
1	193	97	0.999914
0	193	188	0.999914
1	193	72	0.999914
1	193	83	0.999914
1	193	109	0.999913
1	193	133	0.999913
0	193	162	0.999913
1	193	144	0.999913
1	193	135	0.999913
1	193	123	0.999913
1	193	111	0.999913
1	193	66	0.999913
0	193	166	0.999913
1	193	111	0.999913
1	193	156	0.999913
1	193	159	0.999913
1	193	102	0.999913
0	193	165	0.999913
1	193	128	0.999912
1	193	108	0.999912
1	193	97	0.999912
1	193	87	0.999912
1	193	97	0.999912
1	193	118	0.999912
1	193	149	0.999912
0	193	181	0.999911
1	193	121	0.999911
1	193	73	0.999911
0	193	172	0.999911
1	193	76	0.999911
0	193	178	0.999911
0	193	165	0.999911
1	193	109	0.999911
0	193	190	0.99991
1	193	113	0.99991
1	193	72	0.99991
1	193	115	0.99991
1	193	83	0.99991
1	193	120	0.99991
1	193	121	0.99991
1	193	155	0.99991
1	193	140	0.99991
0	193	162	0.99991
1	193	72	0.99991
1	193	69	0.99991
1	193	66	0.99991
1	193	91	0.99991
1	193	151	0.999909
0	193	187	0.999909
0	193	172	0.999909
1	193	143	0.999909
0	193	162	0.999909
1	193	104	0.999909
1	193	128	0.999909
1	193	97	0.999909
1	193	148	0.999909
1	193	149	0.999909
0	193	173	0.999909
1	193	130	0.999909
1	193	119	0.999909
1	193	119	0.999909
1	193	70	0.999909
1	193	103	0.999908
0	193	173	0.999908
0	193	160	0.999908
0	193	168	0.999908
1	193	139	0.999908
1	193	102	0.999908
1	193	154	0.999908
1	193	141	0.999908
0	193	173	0.999908
1	193	83	0.999908
0	193	164	0.999908
1	193	107	0.999908
1	193	134	0.999908
0	193	163	0.999908
1	193	121	0.999908
0	193	173	0.999907
1	193	147	0.999907
1	193	67	0.999907
1	193	116	0.999907
1	193	94	0.999907
1	193	141	0.999907
0	193	187	0.999907
1	193	65	0.999907
0	193	181	0.999907
1	193	127	0.999907
1	193	153	0.999907
0	193	191	0.999907
1	193	80	0.999906
1	193	146	0.999906
0	193	187	0.999906
1	193	150	0.999906
1	193	97	0.999906
0	193	180	0.999906
1	193	72	0.999906
0	193	192	0.999905
1	193	95	0.999905
1	193	90	0.999905
1	193	106	0.999905
1	193	121	0.999905
1	193	128	0.999905
1	193	117	0.999905
1	193	149	0.999905
0	193	159	0.999904
1	193	86	0.999904
1	193	151	0.999904
1	193	113	0.999904
0	193	173	0.999904
1	193	101	0.999904
0	193	182	0.999904
1	193	82	0.999904
1	193	90	0.999904
1	193	68	0.999904
1	193	76	0.999904
1	193	133	0.999904
1	193	62	0.999904
0	193	159	0.999904
1	193	84	0.999904
1	193	121	0.999903
1	193	70	0.999903
1	193	151	0.999903
0	193	163	0.999903
0	193	158	0.999903
0	193	179	0.999903
1	193	148	0.999903
0	193	161	0.999903
0	193	170	0.999903
1	193	104	0.999903
0	193	164	0.999903
1	193	101	0.999903
0	193	170	0.999902
1	193	91	0.999902
1	193	139	0.999902
1	193	152	0.999902
0	193	168	0.999902
1	193	122	0.999902
1	193	68	0.999902
0	193	182	0.999902
1	193	91	0.999902
1	193	102	0.999902
1	193	123	0.999902
0	193	175	0.999902
1	193	127	0.999901
0	193	157	0.999901
1	193	127	0.999901
1	193	149	0.999901
1	193	144	0.9999
1	193	143	0.9999
1	193	103	0.9999
1	193	111	0.9999
1	193	97	0.9999
1	193	140	0.9999
1	193	150	0.9999
0	193	170	0.9999
1	193	125	0.9999
1	193	133	0.9999
1	193	64	0.9999
1	193	151	0.999899
0	193	192	0.999899
0	193	172	0.999899
0	193	162	0.999899
1	193	128	0.999899
1	193	118	0.999899
1	193	75	0.999899
1	193	78	0.999899
1	193	100	0.999899
1	193	136	0.999899
1	193	88	0.999899
1	193	150	0.999899
1	193	87	0.999898
0	193	191	0.999898
0	193	168	0.999898
1	193	94	0.999898
1	193	78	0.999898
0	193	169	0.999898
1	193	128	0.999898
0	193	181	0.999897
1	193	136	0.999897
1	193	153	0.999897
1	193	125	0.999897
1	193	63	0.999897
1	193	131	0.999897
1	193	122	0.999897
1	193	125	0.999897
1	193	101	0.999897
1	193	101	0.999897
0	193	191	0.999897
1	193	104	0.999897
1	193	85	0.999897
0	193	183	0.999897
1	193	96	0.999897
0	193	162	0.999897
1	193	81	0.999897
1	193	144	0.999897
1	193	78	0.999897
1	193	117	0.999897
1	193	109	0.999896
1	193	108	0.999896
1	193	71	0.999896
1	193	96	0.999896
0	193	181	0.999896
1	193	82	0.999896
0	193	187	0.999895
1	193	108	0.999895
1	193	106	0.999895
1	193	100	0.999895
0	193	175	0.999895
1	193	146	0.999895
1	193	108	0.999894
0	193	183	0.999894
0	193	176	0.999894
1	193	66	0.999894
1	193	91	0.999894
0	193	162	0.999894
1	193	71	0.999894
1	193	77	0.999894
1	193	117	0.999894
1	193	118	0.999894
0	193	174	0.999894
1	193	150	0.999893
1	193	123	0.999893
1	193	88	0.999893
1	193	111	0.999893
0	193	162	0.999893
1	193	69	0.999893
0	193	166	0.999893
1	193	126	0.999892
1	193	130	0.999892
0	193	175	0.999892
1	193	85	0.999892
1	193	62	0.999892
1	193	120	0.999892
0	193	191	0.999892
0	193	161	0.999892
1	193	141	0.999892
0	193	160	0.999892
1	193	80	0.999892
0	193	161	0.999892
1	193	117	0.999892
1	193	119	0.999892
1	193	71	0.999892
1	193	76	0.999892
1	193	152	0.999891
0	193	184	0.999891
0	193	170	0.999891
1	193	76	0.999891
1	193	82	0.999891
1	193	77	0.999891
0	193	164	0.999891
1	193	72	0.999891
1	193	146	0.999891
1	193	152	0.999891
1	193	127	0.99989
0	193	174	0.99989
0	193	183	0.99989
0	193	168	0.99989
1	193	111	0.99989
1	193	151	0.99989
1	193	116	0.999889
1	193	96	0.999889
1	193	133	0.999889
1	193	104	0.999889
1	193	103	0.999889
1	193	94	0.999889
1	193	98	0.999888
1	193	88	0.999888
1	193	73	0.999888
0	193	180	0.999888
1	193	129	0.999888
0	193	180	0.999888
1	193	128	0.999888
1	193	92	0.999888
1	193	124	0.999888
1	193	71	0.999888
1	193	114	0.999888
1	193	94	0.999888
1	193	121	0.999888
1	193	76	0.999887
0	193	178	0.999887
0	193	191	0.999887
0	193	174	0.999887
1	193	76	0.999887
1	193	85	0.999887
1	193	71	0.999887
1	193	124	0.999887
1	193	101	0.999887
1	193	105	0.999887
0	193	187	0.999887
0	193	177	0.999887
0	193	190	0.999887
1	193	94	0.999887
0	193	157	0.999887
1	193	111	0.999886
1	193	125	0.999886
1	193	104	0.999886
1	193	150	0.999886
1	193	130	0.999886
1	193	77	0.999886
1	193	121	0.999886
1	193	95	0.999886
1	193	102	0.999886
1	193	150	0.999886
0	193	184	0.999886
0	193	155	0.999886
1	193	124	0.999886
1	193	71	0.999886
1	193	71	0.999886
1	193	73	0.999885
1	193	104	0.999885
0	193	184	0.999885
1	193	111	0.999885
1	193	138	0.999885
1	193	111	0.999885
1	193	140	0.999885
1	193	100	0.999885
1	193	82	0.999885
0	193	173	0.999885
1	193	126	0.999884
1	193	94	0.999884
0	193	175	0.999884
0	193	167	0.999884
0	193	189	0.999884
1	193	64	0.999884
1	193	105	0.999884
1	193	89	0.999884
1	193	70	0.999884
0	193	189	0.999884
1	193	124	0.999884
1	193	78	0.999883
0	193	167	0.999883
1	193	127	0.999883
0	193	181	0.999883
1	193	145	0.999883
1	193	95	0.999883
0	193	160	0.999883
0	193	153	0.999883
1	193	107	0.999883
1	193	129	0.999883
0	193	152	0.999882
1	193	137	0.999882
0	193	160	0.999882
1	193	105	0.999882
0	193	154	0.999882
1	193	117	0.999882
0	193	171	0.999882
0	193	178	0.999882
1	193	122	0.999882
1	193	73	0.999882
1	193	106	0.999882
0	193	152	0.999882
1	193	144	0.999882
1	193	105	0.999881
0	193	152	0.999881
1	193	104	0.999881
0	193	155	0.999881
0	193	175	0.999881
0	193	179	0.999881
1	193	64	0.999881
1	193	65	0.999881
1	193	125	0.999881
1	193	98	0.999881
1	193	112	0.999881
1	193	76	0.999881
1	193	107	0.999881
1	193	96	0.999881
1	193	116	0.99988
1	193	68	0.99988
0	193	181	0.99988
0	193	174	0.99988
0	193	191	0.99988
1	193	86	0.99988
1	193	147	0.99988
1	193	105	0.99988
1	193	125	0.99988
0	193	180	0.999879
1	193	102	0.999879
0	193	181	0.999879
0	193	182	0.999879
0	193	159	0.999879
0	193	177	0.999879
1	193	142	0.999879
0	193	171	0.999879
1	193	102	0.999879
1	193	84	0.999879
0	193	181	0.999879
1	193	87	0.999879
1	193	99	0.999878
1	193	62	0.999878
0	193	180	0.999878
0	193	153	0.999878
0	193	161	0.999878
1	193	75	0.999878
0	193	183	0.999878
1	193	109	0.999878
1	193	80	0.999877
1	193	99	0.999877
0	193	176	0.999877
1	193	144	0.999877
1	193	69	0.999877
1	193	120	0.999877
0	193	177	0.999876
1	193	67	0.999876
1	193	133	0.999876
1	193	66	0.999876
1	193	148	0.999876
0	193	183	0.999876
1	193	93	0.999876
1	193	123	0.999876
1	193	105	0.999876
0	193	155	0.999876
0	193	150	0.999876
1	193	136	0.999876
1	193	141	0.999876
0	193	173	0.999876
0	193	161	0.999876
1	193	116	0.999876
1	193	135	0.999876
0	193	165	0.999876
1	193	145	0.999876
1	193	96	0.999876
0	193	185	0.999875
1	193	79	0.999875
0	193	175	0.999875
1	193	137	0.999875
1	193	138	0.999875
1	193	74	0.999875
1	193	64	0.999875
1	193	68	0.999875
1	193	82	0.999875
0	193	154	0.999875
1	193	66	0.999874
1	193	104	0.999874
0	193	188	0.999874
0	193	163	0.999874
0	193	154	0.999874
0	193	161	0.999874
0	193	165	0.999874
0	193	180	0.999874
1	193	108	0.999874
1	193	80	0.999874
0	193	165	0.999874
1	193	81	0.999873
1	193	73	0.999873
0	193	161	0.999873
1	193	86	0.999873
0	193	153	0.999873
1	193	139	0.999873
1	193	84	0.999873
1	193	106	0.999873
0	193	190	0.999873
0	193	166	0.999873
1	193	128	0.999873
0	193	166	0.999872
1	193	68	0.999872
0	193	154	0.999872
1	193	106	0.999872
1	193	116	0.999872
1	193	119	0.999872
0	193	164	0.999872
1	193	145	0.999872
0	193	187	0.999871
1	193	126	0.999871
1	193	101	0.999871
1	193	88	0.999871
1	193	64	0.999871
1	193	120	0.999871
0	193	190	0.999871
1	193	119	0.99987
1	193	102	0.99987
1	193	134	0.99987
1	193	90	0.99987
1	193	135	0.99987
1	193	120	0.99987
1	193	136	0.99987
0	193	177	0.99987
1	193	147	0.99987
1	193	131	0.99987
1	193	124	0.99987
0	193	182	0.99987
1	193	105	0.99987
1	193	129	0.99987
1	193	144	0.99987
0	193	186	0.99987
1	193	107	0.99987
1	193	68	0.99987
0	193	162	0.999869
1	193	145	0.999869
1	193	72	0.999869
1	193	125	0.999869
0	193	153	0.999869
1	193	65	0.999869
1	193	77	0.999869
1	193	106	0.999869
1	193	113	0.999869
0	193	192	0.999869
0	193	186	0.999869
0	193	183	0.999868
0	193	188	0.999868
1	193	135	0.999868
1	193	115	0.999868
1	193	120	0.999868
1	193	71	0.999868
0	193	180	0.999868
1	193	138	0.999867
0	193	186	0.999867
1	193	69	0.999867
0	193	177	0.999867
0	193	171	0.999867
1	193	70	0.999867
1	193	62	0.999867
1	193	97	0.999867
1	193	65	0.999867
1	193	138	0.999867
0	193	167	0.999866
1	193	129	0.999866
1	193	105	0.999866
1	193	105	0.999866
0	193	185	0.999866
1	193	93	0.999866
1	193	77	0.999866
1	193	130	0.999866
1	193	102	0.999866
1	193	119	0.999866
1	193	90	0.999865
0	193	162	0.999865
1	193	118	0.999865
1	193	98	0.999865
0	193	178	0.999865
1	193	132	0.999865
1	193	96	0.999865
1	193	87	0.999865
1	193	136	0.999865
0	193	162	0.999865
1	193	98	0.999865
0	193	179	0.999865
1	193	124	0.999865
1	193	114	0.999865
0	193	175	0.999865
0	193	168	0.999864
0	193	159	0.999864
0	193	171	0.999864
1	193	135	0.999864
0	193	163	0.999864
1	193	117	0.999864
1	193	101	0.999864
1	193	83	0.999863
0	193	176	0.999863
1	193	72	0.999863
0	193	162	0.999863
0	193	163	0.999863
0	193	152	0.999863
1	193	106	0.999863
0	193	154	0.999863
0	193	178	0.999863
0	193	155	0.999862
1	193	78	0.999862
1	193	86	0.999862
1	193	63	0.999862
1	193	109	0.999862
0	193	159	0.999862
1	193	116	0.999862
1	193	108	0.999862
1	193	65	0.999862
1	193	72	0.999862
0	193	187	0.999862
1	193	81	0.999862
1	193	101	0.999861
1	193	63	0.999861
0	193	192	0.999861
1	193	139	0.999861
1	193	124	0.999861
0	193	164	0.999861
0	193	149	0.999861
1	193	101	0.999861
1	193	121	0.999861
1	193	83	0.999861
0	193	181	0.999861
1	193	78	0.999861
1	193	119	0.999861
1	193	109	0.99986
0	193	170	0.99986
0	193	187	0.99986
1	193	116	0.99986
0	193	159	0.99986
1	193	141	0.99986
1	193	111	0.99986
1	193	136	0.99986
1	193	112	0.99986
0	193	164	0.99986
1	193	93	0.99986
1	193	142	0.99986
1	193	73	0.99986
0	193	165	0.99986
1	193	128	0.99986
1	193	127	0.999859
1	193	117	0.999859
1	193	134	0.999859
1	193	140	0.999859
0	193	166	0.999859
0	193	161	0.999859
1	193	90	0.999859
0	193	188	0.999859
1	193	126	0.999859
0	193	189	0.999859
1	193	90	0.999859
1	193	106	0.999859
0	193	182	0.999859
0	193	148	0.999859
1	193	134	0.999859
1	193	129	0.999858
1	193	65	0.999858
0	193	177	0.999858
1	193	65	0.999858
1	193	115	0.999858
0	193	171	0.999858
1	193	104	0.999858
1	193	69	0.999858
0	193	175	0.999858
0	193	165	0.999858
1	193	96	0.999858
1	193	133	0.999858
1	193	96	0.999857
1	193	89	0.999857
0	193	184	0.999857
1	193	70	0.999857
1	193	83	0.999857
1	193	67	0.999857
0	193	172	0.999857
0	193	169	0.999857
0	193	190	0.999857
1	193	79	0.999857
1	193	104	0.999857
1	193	70	0.999857
0	193	166	0.999856
1	193	140	0.999856
1	193	96	0.999856
1	193	142	0.999856
1	193	79	0.999856
1	193	127	0.999856
0	193	162	0.999856
0	193	189	0.999856
0	193	165	0.999855
1	193	125	0.999855
1	193	94	0.999855
1	193	101	0.999855
0	193	165	0.999855
1	193	71	0.999855
0	193	174	0.999855
1	193	129	0.999855
1	193	140	0.999855
1	193	125	0.999855
1	193	111	0.999855
0	193	185	0.999854
0	193	147	0.999854
1	193	80	0.999854
1	193	111	0.999854
1	193	63	0.999854
1	193	133	0.999854
0	193	167	0.999854
0	193	174	0.999853
0	193	173	0.999853
1	193	78	0.999853
0	193	181	0.999853
1	193	107	0.999853
1	193	95	0.999853
1	193	67	0.999852
1	193	62	0.999852
0	193	179	0.999852
1	193	104	0.999852
1	193	76	0.999852
0	193	153	0.999852
0	193	191	0.999852
0	193	167	0.999852
1	193	64	0.999852
1	193	64	0.999852
1	193	113	0.999852
1	193	92	0.999852
1	193	68	0.999852
0	193	172	0.999852
0	193	170	0.999852
0	193	182	0.999851
1	193	100	0.999851
1	193	91	0.999851
1	193	68	0.999851
0	193	147	0.999851
0	193	162	0.999851
0	193	166	0.999851
1	193	92	0.999851
0	193	156	0.999851
1	193	129	0.999851
1	193	99	0.999851
1	193	142	0.999851
0	193	154	0.999851
0	193	178	0.999851
1	193	82	0.99985
1	193	75	0.99985
1	193	89	0.99985
1	193	133	0.99985
0	193	155	0.99985
0	193	173	0.99985
1	193	131	0.99985
1	193	65	0.99985
0	193	185	0.99985
1	193	141	0.99985
1	193	96	0.999849
1	193	110	0.999849
1	193	109	0.999849
0	193	173	0.999849
1	193	70	0.999849
1	193	81	0.999849
0	193	154	0.999849
0	193	161	0.999849
0	193	169	0.999849
1	193	74	0.999849
0	193	172	0.999849
1	193	73	0.999849
1	193	140	0.999849
1	193	120	0.999848
1	193	127	0.999848
1	193	118	0.999848
0	193	158	0.999848
1	193	105	0.999848
0	193	173	0.999848
1	193	136	0.999848
1	193	65	0.999848
1	193	139	0.999848
1	193	92	0.999848
0	193	146	0.999847
1	193	121	0.999847
1	193	72	0.999847
1	193	106	0.999847
1	193	126	0.999847
1	193	85	0.999847
1	193	73	0.999847
1	193	130	0.999847
1	193	114	0.999847
1	193	101	0.999846
1	193	85	0.999846
0	193	165	0.999846
1	193	133	0.999846
1	193	75	0.999846
1	193	103	0.999846
1	193	137	0.999846
1	193	91	0.999846
0	193	159	0.999846
0	193	147	0.999846
1	193	108	0.999846
1	193	102	0.999846
0	193	181	0.999846
1	193	88	0.999846
1	193	68	0.999845
0	193	183	0.999845
0	193	148	0.999845
1	193	63	0.999845
1	193	67	0.999845
0	193	148	0.999845
0	193	163	0.999844
0	193	173	0.999844
1	193	132	0.999844
1	193	103	0.999844
1	193	103	0.999844
0	193	178	0.999844
1	193	66	0.999844
0	193	168	0.999843
0	193	141	0.999843
1	193	113	0.999843
1	193	85	0.999843
1	193	71	0.999843
1	193	68	0.999843
1	193	106	0.999843
1	193	117	0.999843
0	193	169	0.999843
1	193	99	0.999843
0	193	170	0.999843
0	193	172	0.999843
0	193	157	0.999843
0	193	183	0.999842
1	193	90	0.999842
0	193	159	0.999842
1	193	63	0.999842
1	193	81	0.999842
0	193	158	0.999842
1	193	137	0.999842
1	193	101	0.999842
1	193	97	0.999842
0	193	180	0.999842
0	193	180	0.999842
0	193	170	0.999842
1	193	130	0.999841
0	193	181	0.999841
1	193	64	0.999841
0	193	154	0.999841
1	193	88	0.999841
0	193	148	0.999841
1	193	84	0.99984
0	193	164	0.99984
0	193	151	0.99984
1	193	102	0.99984
1	193	128	0.99984
0	193	186	0.99984
1	193	79	0.99984
0	193	142	0.99984
1	193	139	0.99984
1	193	112	0.99984
1	193	69	0.999839
0	193	144	0.999839
1	193	136	0.999839
1	193	98	0.999839
0	193	157	0.999839
1	193	67	0.999839
1	193	101	0.999839
0	193	162	0.999839
1	193	69	0.999839
0	193	190	0.999839
1	193	97	0.999838
1	193	78	0.999838
0	193	152	0.999838
0	193	155	0.999838
0	193	168	0.999838
1	193	131	0.999838
1	193	127	0.999838
1	193	64	0.999838
0	193	178	0.999838
0	193	164	0.999838
0	193	191	0.999838
0	193	143	0.999838
0	193	185	0.999838
1	193	73	0.999838
1	193	96	0.999838
1	193	126	0.999838
1	193	105	0.999838
0	193	148	0.999838
1	193	82	0.999838
1	193	135	0.999837
1	193	124	0.999837
1	193	127	0.999837
1	193	83	0.999837
1	193	81	0.999837
1	193	130	0.999837
0	193	143	0.999837
0	193	171	0.999837
1	193	88	0.999837
0	193	156	0.999837
0	193	184	0.999837
0	193	159	0.999837
1	193	133	0.999837
1	193	92	0.999837
1	193	126	0.999836
0	193	157	0.999836
0	193	161	0.999836
0	193	141	0.999836
1	193	88	0.999836
1	193	129	0.999836
0	193	182	0.999836
1	193	67	0.999836
0	193	146	0.999835
1	193	125	0.999835
0	193	140	0.999835
0	193	162	0.999835
1	193	83	0.999835
1	193	131	0.999834
0	193	169	0.999834
1	193	129	0.999834
1	193	112	0.999834
0	193	188	0.999834
1	193	120	0.999834
1	193	80	0.999834
1	193	126	0.999834
1	193	104	0.999834
0	193	171	0.999834
0	193	192	0.999834
0	193	172	0.999833
0	193	177	0.999833
1	193	117	0.999833
1	193	134	0.999833
0	193	142	0.999833
0	193	167	0.999833
1	193	113	0.999833
0	193	165	0.999833
1	193	100	0.999833
0	193	182	0.999832
1	193	124	0.999832
1	193	81	0.999832
1	193	79	0.999832
0	193	181	0.999832
1	193	80	0.999832
1	193	110	0.999832
0	193	175	0.999832
0	193	147	0.999832
1	193	118	0.999832
1	193	137	0.999832
1	193	119	0.999832
1	193	135	0.999832
1	193	79	0.999831
0	193	166	0.999831
1	193	111	0.999831
1	193	106	0.999831
0	193	157	0.999831
1	193	69	0.999831
1	193	90	0.99983
0	193	148	0.99983
1	193	65	0.99983
0	193	192	0.99983
1	193	74	0.99983
1	193	112	0.99983
1	193	66	0.99983
1	193	65	0.99983
1	193	88	0.99983
1	193	128	0.99983
1	193	86	0.99983
1	193	69	0.999829
0	193	157	0.999829
0	193	187	0.999829
0	193	166	0.999829
0	193	185	0.999829
1	193	97	0.999829
1	193	73	0.999829
1	193	88	0.999828
1	193	129	0.999828
0	193	154	0.999828
1	193	119	0.999828
0	193	164	0.999828
0	193	192	0.999828
0	193	178	0.999828
1	193	104	0.999828
1	193	94	0.999828
0	193	151	0.999828
0	193	168	0.999828
1	193	102	0.999827
1	193	70	0.999827
1	193	92	0.999827
1	193	101	0.999827
1	193	136	0.999827
1	193	79	0.999827
0	193	146	0.999827
1	193	75	0.999827
1	193	124	0.999827
0	193	161	0.999827
1	193	63	0.999827
0	193	138	0.999827
1	193	72	0.999827
0	193	148	0.999826
0	193	184	0.999826
1	193	113	0.999825
0	193	163	0.999825
1	193	129	0.999825
1	193	83	0.999825
0	193	187	0.999825
0	193	162	0.999825
1	193	87	0.999825
1	193	87	0.999825
0	193	144	0.999825
0	193	175	0.999825
1	193	81	0.999825
1	193	133	0.999824
1	193	113	0.999824
0	193	138	0.999824
1	193	65	0.999824
1	193	131	0.999824
1	193	108	0.999824
1	193	130	0.999824
1	193	103	0.999824
1	193	101	0.999823
1	193	78	0.999823
1	193	122	0.999823
1	193	113	0.999823
0	193	159	0.999823
0	193	142	0.999823
0	193	173	0.999823
0	193	157	0.999823
0	193	151	0.999823
0	193	151	0.999823
0	193	182	0.999823
1	193	115	0.999822
0	193	167	0.999822
1	193	82	0.999822
1	193	114	0.999822
1	193	117	0.999822
1	193	122	0.999822
0	193	143	0.999822
1	193	97	0.999822
1	193	82	0.999822
1	193	117	0.999822
1	193	75	0.999822
0	193	166	0.999822
1	193	66	0.999822
1	193	77	0.999822
0	193	175	0.999822
0	193	158	0.999821
0	193	192	0.999821
0	193	173	0.999821
0	193	180	0.999821
0	193	158	0.999821
1	193	71	0.999821
0	193	174	0.999821
1	193	82	0.999821
1	193	79	0.999821
1	193	67	0.999821
0	193	170	0.999821
1	193	81	0.999821
0	193	156	0.99982
0	193	178	0.99982
1	193	63	0.99982
1	193	134	0.99982
1	193	111	0.99982
0	193	156	0.99982
1	193	62	0.99982
0	193	152	0.99982
0	193	161	0.99982
0	193	147	0.999819
0	193	152	0.999819
1	193	135	0.999819
0	193	182	0.999819
0	193	191	0.999819
0	193	169	0.999819
1	193	83	0.999819
0	193	185	0.999819
1	193	94	0.999819
1	193	104	0.999819
1	193	76	0.999818
1	193	92	0.999818
1	193	125	0.999818
1	193	119	0.999818
0	193	161	0.999818
1	193	114	0.999818
1	193	125	0.999818
0	193	138	0.999818
0	193	183	0.999817
1	193	110	0.999817
0	193	172	0.999817
0	193	156	0.999817
0	193	168	0.999817
1	193	131	0.999817
0	193	187	0.999817
0	193	169	0.999817
1	193	113	0.999817
1	193	111	0.999817
1	193	107	0.999817
0	193	141	0.999817
1	193	128	0.999816
1	193	124	0.999816
1	193	113	0.999816
1	193	72	0.999816
1	193	125	0.999816
1	193	65	0.999816
0	193	151	0.999816
1	193	82	0.999816
0	193	140	0.999816
0	193	150	0.999816
1	193	125	0.999816
1	193	99	0.999815
1	193	64	0.999815
1	193	65	0.999815
0	193	183	0.999815
1	193	90	0.999815
0	193	162	0.999815
0	193	178	0.999815
1	193	118	0.999815
1	193	104	0.999815
0	193	141	0.999815
1	193	117	0.999815
0	193	188	0.999815
0	193	157	0.999815
1	193	131	0.999814
1	193	109	0.999814
0	193	181	0.999814
1	193	69	0.999814
0	193	144	0.999814
0	193	179	0.999814
1	193	119	0.999814
0	193	169	0.999814
1	193	80	0.999814
0	193	159	0.999813
1	193	123	0.999813
0	193	149	0.999813
0	193	156	0.999813
0	193	177	0.999813
1	193	113	0.999813
0	193	154	0.999813
1	193	79	0.999813
1	193	133	0.999812
1	193	96	0.999812
1	193	66	0.999812
0	193	152	0.999812
1	193	79	0.999812
1	193	97	0.999812
0	193	155	0.999812
0	193	185	0.999812
1	193	71	0.999812
0	193	189	0.999812
1	193	129	0.999811
0	193	161	0.999811
1	193	75	0.999811
1	193	120	0.999811
1	193	83	0.999811
1	193	67	0.999811
1	193	67	0.999811
1	193	75	0.999811
1	193	119	0.999811
0	193	141	0.999811
1	193	116	0.999811
1	193	97	0.999811
1	193	79	0.999811
1	193	77	0.999811
0	193	174	0.999811
0	193	146	0.999811
1	193	117	0.999811
1	193	73	0.999811
0	193	180	0.99981
1	193	71	0.99981
0	193	178	0.99981
0	193	174	0.99981
0	193	156	0.99981
0	193	161	0.99981
0	193	184	0.99981
1	193	130	0.99981
1	193	106	0.999809
0	193	161	0.999809
0	193	140	0.999809
0	193	142	0.999809
1	193	118	0.999809
1	193	122	0.999809
1	193	110	0.999808
1	193	124	0.999808
1	193	84	0.999808
0	193	177	0.999808
0	193	145	0.999808
0	193	154	0.999808
1	193	85	0.999808
0	193	162	0.999807
1	193	78	0.999807
0	193	136	0.999807
1	193	96	0.999807
0	193	161	0.999807
0	193	171	0.999807
0	193	141	0.999807
1	193	107	0.999807
1	193	129	0.999806
0	193	141	0.999806
1	193	81	0.999806
0	193	141	0.999806
1	193	126	0.999806
0	193	164	0.999806
1	193	88	0.999806
1	193	119	0.999806
0	193	142	0.999805
0	193	142	0.999805
1	193	90	0.999805
0	193	149	0.999805
0	193	151	0.999805
1	193	93	0.999805
1	193	133	0.999805
0	193	181	0.999805
0	193	163	0.999805
0	193	138	0.999805
1	193	78	0.999805
0	193	167	0.999805
1	193	71	0.999805
1	193	90	0.999805
0	193	189	0.999805
1	193	113	0.999805
1	193	99	0.999805
1	193	87	0.999804
1	193	130	0.999804
1	193	126	0.999804
0	193	139	0.999804
0	193	180	0.999804
0	193	178	0.999804
0	193	163	0.999804
1	193	65	0.999804
0	193	155	0.999803
0	193	166	0.999803
1	193	102	0.999803
0	193	157	0.999803
1	193	85	0.999803
1	193	107	0.999803
1	193	70	0.999803
1	193	126	0.999803
1	193	98	0.999803
1	193	121	0.999803
1	193	123	0.999803
0	193	157	0.999803
1	193	64	0.999803
0	193	172	0.999803
0	193	153	0.999802
0	193	182	0.999802
0	193	188	0.999802
1	193	71	0.999802
0	193	163	0.999802
1	193	125	0.999802
1	193	96	0.999802
1	193	62	0.999802
0	193	140	0.999802
1	193	91	0.999802
1	193	84	0.999801
1	193	68	0.999801
1	193	63	0.999801
0	193	161	0.999801
0	193	190	0.999801
1	193	81	0.999801
1	193	66	0.999801
1	193	107	0.999801
0	193	156	0.999801
0	193	160	0.999801
0	193	140	0.999801
1	193	74	0.999801
0	193	177	0.9998
1	193	97	0.9998
0	193	176	0.9998
0	193	140	0.9998
0	193	166	0.9998
1	193	118	0.9998
0	193	190	0.9998
1	193	63	0.9998
1	193	104	0.9998
0	193	185	0.9998
0	193	143	0.9998
0	193	156	0.9998
1	193	74	0.9998
1	193	82	0.9998
1	193	106	0.9998
1	193	116	0.9998
1	193	75	0.9998
1	193	85	0.9998
1	193	131	0.9998
1	193	100	0.9998
1	193	87	0.9998
0	193	179	0.9998
0	193	146	0.9998
0	193	156	0.999799
1	193	106	0.999799
1	193	116	0.999799
1	193	108	0.999799
1	193	93	0.999799
1	193	64	0.999799
0	193	150	0.999799
1	193	92	0.999799
0	193	173	0.999799
1	193	70	0.999799
1	193	81	0.999799
0	193	141	0.999799
0	193	173	0.999798
1	193	66	0.999798
1	193	84	0.999798
1	193	86	0.999798
1	193	116	0.999798
0	193	190	0.999798
0	193	187	0.999798
1	193	105	0.999798
1	193	98	0.999797
1	193	112	0.999797
0	193	148	0.999797
0	193	145	0.999797
1	193	129	0.999797
0	193	163	0.999797
0	193	140	0.999797
0	193	175	0.999797
0	193	156	0.999796
0	193	182	0.999796
1	193	105	0.999796
1	193	106	0.999796
0	193	149	0.999796
0	193	153	0.999796
1	193	119	0.999796
1	193	62	0.999795
1	193	64	0.999795
0	193	140	0.999795
1	193	80	0.999795
1	193	64	0.999795
1	193	116	0.999795
0	193	190	0.999795
1	193	66	0.999795
1	193	87	0.999795
1	193	94	0.999795
1	193	103	0.999795
1	193	101	0.999795
1	193	79	0.999795
1	193	96	0.999795
1	193	98	0.999794
1	193	90	0.999794
1	193	98	0.999794
0	193	178	0.999794
0	193	162	0.999794
0	193	148	0.999793
0	193	189	0.999793
0	193	175	0.999793
1	193	71	0.999793
0	193	174	0.999793
1	193	74	0.999793
0	193	134	0.999793
1	193	100	0.999793
1	193	86	0.999792
1	193	74	0.999792
0	193	183	0.999792
0	193	145	0.999792
1	193	107	0.999792
0	193	156	0.999792
1	193	118	0.999791
1	193	130	0.999791
1	193	91	0.999791
1	193	94	0.999791
1	193	93	0.999791
1	193	121	0.999791
0	193	183	0.999791
0	193	153	0.999791
0	193	165	0.999791
1	193	122	0.999791
0	193	176	0.999791
0	193	175	0.99979
0	193	133	0.99979
0	193	191	0.99979
0	193	182	0.99979
1	193	115	0.99979
1	193	105	0.99979
1	193	90	0.99979
1	193	105	0.99979
1	193	125	0.999789
0	193	181	0.999789
0	193	131	0.999789
0	193	157	0.999789
0	193	167	0.999789
1	193	104	0.999789
0	193	149	0.999789
1	193	117	0.999789
0	193	161	0.999789
1	193	67	0.999789
1	193	109	0.999788
1	193	62	0.999788
0	193	169	0.999788
1	193	66	0.999788
0	193	144	0.999788
1	193	67	0.999788
1	193	97	0.999788
0	193	192	0.999788
0	193	162	0.999788
1	193	119	0.999788
1	193	105	0.999788
1	193	129	0.999788
1	193	78	0.999788
0	193	133	0.999787
1	193	90	0.999787
1	193	100	0.999787
0	193	173	0.999787
1	193	122	0.999787
0	193	162	0.999787
0	193	131	0.999787
1	193	97	0.999787
1	193	129	0.999787
1	193	62	0.999787
1	193	90	0.999787
1	193	106	0.999787
1	193	129	0.999787
1	193	102	0.999787
1	193	118	0.999786
1	193	68	0.999786
0	193	166	0.999786
1	193	73	0.999786
1	193	93	0.999786
1	193	75	0.999786
1	193	111	0.999786
1	193	106	0.999786
0	193	148	0.999786
1	193	123	0.999786
0	193	186	0.999786
1	193	121	0.999786
1	193	81	0.999785
1	193	100	0.999785
1	193	84	0.999785
1	193	126	0.999785
1	193	105	0.999785
0	193	148	0.999785
0	193	180	0.999785
0	193	189	0.999785
0	193	151	0.999785
0	193	152	0.999784
1	193	62	0.999784
1	193	72	0.999784
1	193	83	0.999784
1	193	122	0.999784
1	193	101	0.999784
1	193	99	0.999784
0	193	137	0.999784
0	193	169	0.999784
1	193	97	0.999784
1	193	126	0.999784
0	193	190	0.999784
0	193	168	0.999784
1	193	90	0.999784
0	193	185	0.999784
1	193	109	0.999784
1	193	63	0.999784
1	193	77	0.999783
1	193	79	0.999783
1	193	86	0.999783
0	193	192	0.999783
0	193	152	0.999783
0	193	145	0.999783
0	193	143	0.999783
1	193	102	0.999783
0	193	130	0.999783
1	193	124	0.999783
0	193	157	0.999783
1	193	94	0.999783
0	193	159	0.999783
1	193	117	0.999782
1	193	93	0.999782
0	193	191	0.999782
1	193	120	0.999782
1	193	106	0.999782
1	193	78	0.999782
0	193	177	0.999782
0	193	168	0.999782
0	193	165	0.999782
0	193	143	0.999782
0	193	192	0.999782
0	193	166	0.999782
0	193	159	0.999782
1	193	121	0.999781
1	193	100	0.999781
0	193	146	0.999781
0	193	169	0.999781
0	193	137	0.999781
1	193	99	0.999781
0	193	133	0.999781
0	193	178	0.999781
1	193	108	0.999781
1	193	71	0.999781
0	193	157	0.99978
0	193	152	0.99978
1	193	127	0.99978
0	193	164	0.99978
0	193	191	0.99978
1	193	103	0.99978
1	193	104	0.99978
0	193	191	0.99978
1	193	79	0.99978
1	193	86	0.99978
1	193	116	0.99978
0	193	175	0.999779
0	193	149	0.999779
0	193	165	0.999779
1	193	70	0.999779
0	193	163	0.999779
1	193	113	0.999779
1	193	107	0.999779
1	193	105	0.999779
0	193	156	0.999779
1	193	126	0.999779
0	193	168	0.999779
0	193	130	0.999779
1	193	81	0.999778
0	193	163	0.999778
1	193	116	0.999778
0	193	164	0.999778
0	193	133	0.999778
0	193	171	0.999778
0	193	176	0.999778
1	193	74	0.999778
1	193	101	0.999778
0	193	131	0.999778
1	193	111	0.999778
1	193	65	0.999778
0	193	160	0.999778
0	193	192	0.999777
1	193	64	0.999777
1	193	72	0.999777
1	193	122	0.999777
1	193	81	0.999777
0	193	140	0.999777
0	193	179	0.999777
1	193	83	0.999777
0	193	129	0.999777
0	193	155	0.999777
1	193	106	0.999777
1	193	75	0.999777
1	193	128	0.999777
0	193	169	0.999776
1	193	71	0.999776
1	193	92	0.999776
1	193	121	0.999776
1	193	108	0.999776
0	193	181	0.999776
0	193	163	0.999776
1	193	85	0.999776
0	193	139	0.999776
0	193	143	0.999776
0	193	155	0.999776
1	193	104	0.999776
1	193	126	0.999776
0	193	146	0.999776
1	193	114	0.999776
1	193	80	0.999775
0	193	180	0.999775
1	193	109	0.999775
0	193	146	0.999775
1	193	92	0.999775
1	193	68	0.999774
1	193	88	0.999774
1	193	81	0.999774
1	193	115	0.999774
1	193	117	0.999774
0	193	132	0.999774
0	193	180	0.999774
0	193	159	0.999774
1	193	85	0.999774
1	193	84	0.999773
0	193	150	0.999773
1	193	84	0.999773
0	193	132	0.999773
1	193	83	0.999773
0	193	167	0.999773
1	193	73	0.999773
0	193	173	0.999773
1	193	121	0.999773
1	193	86	0.999773
0	193	143	0.999773
0	193	136	0.999773
0	193	148	0.999773
0	193	144	0.999773
0	193	182	0.999773
0	193	166	0.999773
1	193	93	0.999772
0	193	149	0.999772
0	193	192	0.999772
0	193	172	0.999772
0	193	131	0.999772
1	193	117	0.999772
0	193	174	0.999772
0	193	167	0.999772
1	193	89	0.999772
1	193	110	0.999772
1	193	96	0.999772
1	193	100	0.999772
1	193	111	0.999772
0	193	143	0.999772
1	193	126	0.999772
0	193	143	0.999772
1	193	80	0.999772
0	193	167	0.999771
1	193	98	0.999771
1	193	103	0.999771
0	193	192	0.999771
0	193	184	0.999771
0	193	178	0.999771
0	193	166	0.999771
0	193	163	0.999771
1	193	74	0.99977
1	193	66	0.99977
1	193	86	0.99977
0	193	151	0.99977
0	193	192	0.99977
1	193	88	0.999769
0	193	169	0.999769
1	193	102	0.999769
1	193	78	0.999769
0	193	142	0.999769
0	193	141	0.999769
1	193	91	0.999769
1	193	89	0.999769
0	193	190	0.999769
1	193	111	0.999769
0	193	191	0.999768
1	193	102	0.999768
1	193	88	0.999768
0	193	187	0.999768
0	193	187	0.999768
1	193	102	0.999768
0	193	156	0.999768
0	193	189	0.999768
0	193	176	0.999768
1	193	81	0.999768
1	193	65	0.999768
1	193	120	0.999768
0	193	182	0.999767
1	193	87	0.999767
0	193	140	0.999767
0	193	188	0.999767
1	193	114	0.999767
1	193	85	0.999767
0	193	185	0.999767
0	193	180	0.999767
0	193	130	0.999767
1	193	86	0.999767
0	193	188	0.999767
0	193	190	0.999766
1	193	125	0.999766
0	193	171	0.999766
1	193	90	0.999766
0	193	151	0.999766
0	193	137	0.999766
1	193	86	0.999766
1	193	106	0.999766
1	193	65	0.999766
1	193	122	0.999765
1	193	109	0.999765
1	193	111	0.999765
1	193	101	0.999765
1	193	65	0.999765
1	193	126	0.999765
1	193	68	0.999765
0	193	165	0.999765
0	193	175	0.999765
0	193	146	0.999765
1	193	81	0.999764
0	193	186	0.999764
0	193	155	0.999764
0	193	184	0.999764
1	193	93	0.999764
1	193	79	0.999764
0	193	174	0.999764
1	193	126	0.999764
0	193	168	0.999764
1	193	91	0.999764
1	193	120	0.999764
1	193	93	0.999764
1	193	63	0.999764
1	193	70	0.999763
1	193	75	0.999763
0	193	144	0.999763
1	193	80	0.999763
1	193	71	0.999763
1	193	80	0.999763
1	193	114	0.999763
1	193	62	0.999763
0	193	146	0.999763
0	193	182	0.999763
1	193	99	0.999763
1	193	87	0.999762
1	193	105	0.999762
1	193	122	0.999762
1	193	75	0.999762
0	193	130	0.999762
1	193	65	0.999762
0	193	179	0.999762
0	193	129	0.999762
1	193	126	0.999762
1	193	112	0.999762
1	193	119	0.999761
0	193	179	0.999761
0	193	155	0.999761
1	193	62	0.999761
0	193	127	0.999761
0	193	152	0.999761
1	193	116	0.999761
1	193	126	0.999761
0	193	161	0.999761
1	193	117	0.99976
1	193	75	0.99976
0	193	170	0.99976
1	193	78	0.99976
0	193	139	0.99976
1	193	100	0.99976
0	193	142	0.99976
1	193	102	0.99976
1	193	106	0.99976
1	193	74	0.99976
1	193	100	0.99976
0	193	144	0.99976
0	193	138	0.999759
0	193	159	0.999759
0	193	162	0.999759
0	193	147	0.999759
1	193	81	0.999759
0	193	146	0.999759
0	193	161	0.999759
1	193	102	0.999759
0	193	170	0.999759
0	193	163	0.999759
1	193	97	0.999759
1	193	70	0.999759
0	193	188	0.999758
0	193	146	0.999758
0	193	180	0.999758
0	193	146	0.999758
0	193	155	0.999758
0	193	148	0.999758
1	193	108	0.999758
0	193	130	0.999758
0	193	176	0.999758
1	193	80	0.999758
1	193	124	0.999758
0	193	134	0.999757
1	193	69	0.999757
1	193	92	0.999757
1	193	118	0.999757
0	193	150	0.999757
0	193	171	0.999757
0	193	158	0.999757
1	193	89	0.999757
1	193	122	0.999757
0	193	175	0.999757
1	193	70	0.999757
1	193	80	0.999757
0	193	172	0.999757
1	193	98	0.999757
0	193	163	0.999757
0	193	130	0.999757
1	193	70	0.999757
0	193	174	0.999757
1	193	98	0.999757
0	193	162	0.999757
1	193	75	0.999756
0	193	132	0.999756
0	193	160	0.999756
0	193	162	0.999756
1	193	104	0.999756
1	193	112	0.999756
0	193	180	0.999756
0	193	170	0.999756
0	193	180	0.999756
0	193	135	0.999755
1	193	73	0.999755
0	193	169	0.999755
0	193	138	0.999755
0	193	142	0.999755
0	193	150	0.999755
1	193	65	0.999755
0	193	128	0.999755
0	193	169	0.999755
0	193	166	0.999755
0	193	139	0.999755
1	193	74	0.999755
0	193	166	0.999755
0	193	136	0.999755
0	193	126	0.999755
1	193	115	0.999755
1	193	106	0.999755
0	193	155	0.999755
1	193	120	0.999755
1	193	95	0.999755
1	193	89	0.999755
0	193	190	0.999755
1	193	105	0.999754
1	193	119	0.999754
0	193	166	0.999754
0	193	192	0.999754
0	193	131	0.999754
0	193	137	0.999754
0	193	126	0.999754
1	193	69	0.999754
0	193	144	0.999754
1	193	75	0.999754
0	193	126	0.999754
1	193	121	0.999754
0	193	138	0.999754
1	193	64	0.999754
1	193	109	0.999754
1	193	66	0.999753
0	193	132	0.999753
0	193	172	0.999753
0	193	157	0.999753
0	193	189	0.999753
1	193	72	0.999753
1	193	124	0.999753
1	193	101	0.999753
0	193	165	0.999753
0	193	181	0.999753
0	193	159	0.999753
0	193	175	0.999753
0	193	160	0.999752
0	193	173	0.999752
1	193	66	0.999752
0	193	185	0.999752
0	193	162	0.999752
1	193	82	0.999752
1	193	68	0.999752
0	193	181	0.999752
0	193	167	0.999752
1	193	118	0.999751
1	193	64	0.999751
0	193	171	0.999751
0	193	176	0.999751
0	193	150	0.999751
1	193	90	0.999751
0	193	127	0.999751
0	193	166	0.999751
1	193	116	0.999751
0	193	178	0.999751
1	193	73	0.999751
0	193	191	0.999751
1	193	103	0.99975
0	193	191	0.99975
0	193	152	0.99975
0	193	143	0.99975
1	193	65	0.99975
1	193	122	0.99975
0	193	126	0.99975
1	193	67	0.99975
1	193	94	0.99975
1	193	66	0.999749
1	193	71	0.999749
0	193	156	0.999749
0	193	151	0.999749
1	193	102	0.999749
1	193	103	0.999749
1	193	113	0.999749
0	193	147	0.999749
0	193	176	0.999749
1	193	77	0.999749
1	193	95	0.999749
1	193	69	0.999749
0	193	139	0.999749
0	193	182	0.999749
1	193	65	0.999749
0	193	154	0.999749
0	193	177	0.999749
0	193	179	0.999748
0	193	128	0.999748
1	193	114	0.999748
1	193	104	0.999748
1	193	117	0.999748
0	193	178	0.999748
0	193	136	0.999747
1	193	102	0.999747
0	193	148	0.999747
0	193	181	0.999747
0	193	181	0.999747
0	193	188	0.999747
1	193	115	0.999747
0	193	138	0.999747
1	193	110	0.999747
0	193	129	0.999747
0	193	162	0.999746
1	193	93	0.999746
0	193	176	0.999746
1	193	95	0.999746
0	193	148	0.999746
0	193	190	0.999746
0	193	153	0.999746
1	193	78	0.999746
1	193	75	0.999746
0	193	140	0.999746
0	193	176	0.999746
0	193	136	0.999746
0	193	172	0.999746
1	193	116	0.999746
1	193	118	0.999746
0	193	187	0.999745
1	193	123	0.999745
0	193	163	0.999745
1	193	92	0.999745
0	193	131	0.999745
0	193	172	0.999745
0	193	176	0.999745
1	193	80	0.999745
1	193	63	0.999745
0	193	175	0.999745
1	193	100	0.999745
0	193	180	0.999744
0	193	174	0.999744
0	193	133	0.999744
1	193	69	0.999744
1	193	82	0.999744
1	193	98	0.999743
0	193	178	0.999743
0	193	157	0.999743
0	193	127	0.999743
0	193	154	0.999743
0	193	133	0.999743
0	193	147	0.999743
1	193	118	0.999743
0	193	151	0.999742
0	193	184	0.999742
0	193	163	0.999742
0	193	183	0.999742
0	193	142	0.999742
1	193	105	0.999742
1	193	83	0.999742
0	193	159	0.999741
1	193	107	0.999741
0	193	152	0.999741
0	193	127	0.999741
0	193	157	0.999741
0	193	126	0.999741
1	193	106	0.999741
1	193	117	0.999741
0	193	157	0.999741
1	193	114	0.999741
0	193	127	0.999741
0	193	152	0.999741
0	193	139	0.999741
1	193	121	0.999741
1	193	66	0.999741
0	193	183	0.999741
1	193	105	0.999741
1	193	84	0.999741
1	193	89	0.99974
1	193	120	0.99974
1	193	85	0.99974
1	193	91	0.99974
1	193	101	0.99974
1	193	78	0.99974
0	193	178	0.99974
0	193	147	0.99974
0	193	163	0.99974
0	193	137	0.99974
1	193	90	0.99974
0	193	179	0.99974
0	193	182	0.99974
1	193	107	0.999739
0	193	137	0.999739
0	193	138	0.999739
0	193	160	0.999739
1	193	80	0.999739
1	193	98	0.999739
0	193	173	0.999739
1	193	64	0.999739
1	193	112	0.999739
1	193	74	0.999739
1	193	95	0.999738
1	193	110	0.999738
0	193	150	0.999738
1	193	65	0.999738
1	193	74	0.999738
0	193	175	0.999738
0	193	131	0.999738
0	193	148	0.999738
0	193	127	0.999738
1	193	90	0.999738
0	193	174	0.999738
1	193	81	0.999738
0	193	159	0.999737
1	193	69	0.999737
0	193	144	0.999737
0	193	126	0.999737
1	193	84	0.999737
1	193	104	0.999737
0	193	174	0.999737
0	193	173	0.999737
1	193	82	0.999737
0	193	143	0.999736
1	193	76	0.999736
1	193	121	0.999736
0	193	157	0.999736
1	193	62	0.999736
1	193	117	0.999736
0	193	167	0.999736
0	193	128	0.999736
1	193	82	0.999736
1	193	81	0.999736
1	193	107	0.999736
1	193	97	0.999736
0	193	146	0.999735
1	193	66	0.999735
1	193	67	0.999735
0	193	123	0.999735
1	193	70	0.999735
1	193	69	0.999735
0	193	134	0.999735
0	193	178	0.999735
0	193	146	0.999735
1	193	100	0.999735
1	193	85	0.999735
0	193	159	0.999735
1	193	77	0.999735
1	193	70	0.999735
1	193	100	0.999735
0	193	177	0.999735
0	193	130	0.999735
1	193	101	0.999735
1	193	87	0.999735
1	193	95	0.999734
0	193	129	0.999734
0	193	191	0.999734
0	193	170	0.999734
1	193	121	0.999734
0	193	130	0.999734
0	193	140	0.999734
0	193	175	0.999734
1	193	88	0.999734
0	193	144	0.999734
0	193	155	0.999734
0	193	164	0.999733
0	193	141	0.999733
0	193	159	0.999733
0	193	124	0.999733
0	193	128	0.999733
0	193	143	0.999733
1	193	110	0.999733
1	193	99	0.999733
0	193	130	0.999733
1	193	78	0.999732
0	193	163	0.999732
0	193	175	0.999732
0	193	123	0.999732
0	193	131	0.999732
1	193	93	0.999732
1	193	115	0.999732
0	193	144	0.999732
1	193	113	0.999732
0	193	127	0.999732
1	193	70	0.999732
1	193	77	0.999731
0	193	190	0.999731
0	193	139	0.999731
0	193	152	0.999731
0	193	181	0.999731
1	193	91	0.999731
1	193	77	0.999731
0	193	184	0.999731
1	193	83	0.999731
1	193	62	0.999731
1	193	104	0.99973
1	193	68	0.99973
1	193	66	0.99973
1	193	81	0.99973
0	193	168	0.99973
0	193	126	0.99973
1	193	71	0.99973
1	193	66	0.99973
1	193	86	0.99973
1	193	122	0.99973
0	193	182	0.99973
0	193	188	0.99973
0	193	137	0.99973
0	193	146	0.99973
0	193	131	0.999729
1	193	114	0.999729
0	193	160	0.999729
1	193	91	0.999729
0	193	130	0.999729
1	193	93	0.999729
0	193	160	0.999729
0	193	146	0.999729
1	193	71	0.999729
0	193	152	0.999729
1	193	107	0.999729
1	193	70	0.999729
0	193	150	0.999729
1	193	96	0.999729
0	193	167	0.999729
1	193	99	0.999728
0	193	175	0.999728
0	193	162	0.999728
1	193	120	0.999728
0	193	129	0.999728
1	193	101	0.999728
0	193	162	0.999728
1	193	120	0.999728
1	193	66	0.999728
1	193	67	0.999728
1	193	69	0.999728
0	193	180	0.999728
0	193	147	0.999727
0	193	139	0.999727
0	193	149	0.999727
1	193	96	0.999727
1	193	77	0.999727
0	193	130	0.999727
0	193	132	0.999727
1	193	107	0.999727
0	193	178	0.999727
0	193	187	0.999727
1	193	102	0.999727
0	193	146	0.999727
1	193	66	0.999726
0	193	158	0.999726
0	193	169	0.999726
1	193	85	0.999726
1	193	92	0.999726
1	193	100	0.999726
1	193	73	0.999726
0	193	176	0.999726
0	193	139	0.999726
1	193	62	0.999726
0	193	187	0.999726
1	193	65	0.999726
1	193	65	0.999725
1	193	88	0.999725
0	193	146	0.999725
0	193	139	0.999725
0	193	135	0.999725
0	193	131	0.999725
0	193	164	0.999725
0	193	128	0.999725
0	193	139	0.999725
0	193	148	0.999725
0	193	178	0.999724
0	193	146	0.999724
0	193	192	0.999724
1	193	73	0.999724
0	193	191	0.999724
0	193	136	0.999724
0	193	131	0.999724
0	193	146	0.999724
1	193	109	0.999724
1	193	64	0.999724
1	193	98	0.999724
0	193	192	0.999724
1	193	113	0.999723
1	193	86	0.999723
0	193	147	0.999723
1	193	69	0.999723
1	193	96	0.999723
0	193	169	0.999723
1	193	115	0.999723
1	193	78	0.999723
0	193	154	0.999723
1	193	78	0.999723
0	193	160	0.999723
0	193	178	0.999723
1	193	118	0.999722
0	193	168	0.999722
1	193	67	0.999722
0	193	141	0.999722
0	193	138	0.999722
0	193	177	0.999722
0	193	180	0.999722
1	193	115	0.999722
1	193	93	0.999722
0	193	172	0.999722
0	193	163	0.999721
1	193	93	0.999721
1	193	116	0.999721
1	193	93	0.999721
1	193	83	0.999721
1	193	90	0.999721
1	193	92	0.999721
0	193	165	0.99972
1	193	117	0.99972
0	193	141	0.99972
0	193	171	0.99972
0	193	154	0.99972
1	193	101	0.99972
0	193	145	0.99972
0	193	167	0.99972
1	193	99	0.99972
0	193	186	0.99972
0	193	144	0.99972
0	193	130	0.99972
1	193	77	0.99972
0	193	128	0.99972
0	193	125	0.999719
1	193	89	0.999719
0	193	154	0.999719
0	193	126	0.999719
1	193	66	0.999719
1	193	77	0.999719
0	193	173	0.999719
0	193	139	0.999719
1	193	89	0.999719
0	193	122	0.999719
0	193	143	0.999719
0	193	148	0.999719
0	193	161	0.999719
1	193	95	0.999719
1	193	101	0.999718
1	193	81	0.999718
1	193	109	0.999718
0	193	172	0.999718
0	193	187	0.999718
1	193	84	0.999717
0	193	138	0.999717
0	193	157	0.999717
0	193	157	0.999717
0	193	141	0.999717
1	193	85	0.999717
0	193	150	0.999717
1	193	66	0.999717
1	193	108	0.999717
0	193	179	0.999717
1	193	75	0.999717
1	193	73	0.999717
1	193	85	0.999717
1	193	62	0.999716
1	193	98	0.999716
0	193	138	0.999716
1	193	102	0.999716
0	193	151	0.999716
1	193	63	0.999716
1	193	110	0.999716
0	193	178	0.999716
0	193	173	0.999716
1	193	77	0.999716
0	193	174	0.999716
0	193	133	0.999715
1	193	73	0.999715
1	193	68	0.999715
1	193	87	0.999715
0	193	134	0.999715
1	193	104	0.999715
0	193	139	0.999715
0	193	122	0.999715
0	193	141	0.999715
0	193	141	0.999715
0	193	137	0.999715
0	193	154	0.999715
1	193	86	0.999714
1	193	117	0.999714
1	193	114	0.999714
0	193	168	0.999714
1	193	111	0.999714
0	193	158	0.999714
1	193	69	0.999714
0	193	132	0.999714
0	193	171	0.999714
1	193	86	0.999714
0	193	123	0.999714
1	193	101	0.999714
1	193	107	0.999714
1	193	98	0.999714
0	193	170	0.999714
0	193	153	0.999714
0	193	183	0.999714
0	193	169	0.999713
0	193	129	0.999713
0	193	162	0.999713
0	193	192	0.999713
0	193	131	0.999713
1	193	107	0.999713
1	193	63	0.999713
0	193	158	0.999713
0	193	160	0.999713
0	193	152	0.999713
1	193	114	0.999713
0	193	191	0.999713
1	193	89	0.999713
0	193	145	0.999712
0	193	133	0.999712
0	193	142	0.999712
1	193	98	0.999712
0	193	159	0.999712
0	193	129	0.999712
1	193	80	0.999712
0	193	183	0.999711
1	193	113	0.999711
0	193	181	0.999711
0	193	140	0.999711
1	193	77	0.999711
0	193	160	0.999711
1	193	68	0.99971
1	193	65	0.99971
0	193	169	0.99971
0	193	180	0.99971
0	193	169	0.99971
0	193	126	0.99971
0	193	158	0.99971
0	193	187	0.99971
1	193	118	0.99971
1	193	71	0.99971
0	193	120	0.99971
1	193	70	0.99971
0	193	172	0.99971
0	193	135	0.999709
0	193	189	0.999709
0	193	183	0.999709
0	193	184	0.999709
0	193	158	0.999709
0	193	132	0.999709
1	193	87	0.999709
1	193	106	0.999709
1	193	96	0.999709
0	193	184	0.999709
1	193	81	0.999708
0	193	167	0.999708
1	193	107	0.999708
0	193	165	0.999708
1	193	75	0.999708
1	193	98	0.999708
1	193	111	0.999708
0	193	126	0.999708
0	193	186	0.999708
1	193	105	0.999708
1	193	78	0.999708
1	193	68	0.999708
1	193	94	0.999708
0	193	173	0.999708
1	193	114	0.999708
0	193	142	0.999708
0	193	178	0.999707
0	193	132	0.999707
1	193	98	0.999707
0	193	127	0.999707
1	193	64	0.999707
0	193	155	0.999707
0	193	131	0.999707
1	193	64	0.999707
0	193	190	0.999707
0	193	189	0.999707
1	193	109	0.999707
1	193	97	0.999706
1	193	88	0.999706
0	193	156	0.999706
1	193	106	0.999706
1	193	76	0.999706
0	193	128	0.999706
1	193	79	0.999706
1	193	83	0.999706
1	193	63	0.999706
0	193	141	0.999706
0	193	170	0.999705
0	193	146	0.999705
1	193	84	0.999705
0	193	143	0.999704
0	193	130	0.999704
0	193	184	0.999704
1	193	78	0.999704
1	193	111	0.999704
0	193	161	0.999704
0	193	188	0.999704
0	193	166	0.999704
0	193	161	0.999704
1	193	114	0.999704
1	193	106	0.999704
1	193	90	0.999704
1	193	102	0.999703
1	193	107	0.999703
0	193	165	0.999703
1	193	110	0.999703
1	193	90	0.999703
1	193	74	0.999703
0	193	126	0.999703
0	193	187	0.999703
1	193	115	0.999703
0	193	150	0.999703
0	193	181	0.999703
1	193	70	0.999703
0	193	136	0.999703
1	193	117	0.999703
1	193	68	0.999703
0	193	161	0.999703
0	193	173	0.999703
0	193	142	0.999703
0	193	128	0.999703
1	193	89	0.999702
0	193	134	0.999702
0	193	158	0.999702
0	193	182	0.999702
1	193	115	0.999702
1	193	109	0.999702
0	193	174	0.999702
1	193	75	0.999702
0	193	159	0.999702
1	193	84	0.999702
0	193	127	0.999702
1	193	90	0.999702
0	193	174	0.999702
0	193	160	0.999702
0	193	137	0.999701
0	193	120	0.999701
0	193	190	0.999701
1	193	85	0.999701
0	193	140	0.999701
0	193	162	0.999701
1	193	83	0.999701
0	193	163	0.999701
0	193	131	0.999701
0	193	176	0.999701
1	193	90	0.999701
1	193	114	0.999701
1	193	106	0.999701
1	193	84	0.999701
0	193	184	0.999701
1	193	68	0.999701
0	193	122	0.9997
0	193	126	0.9997
0	193	184	0.9997
0	193	189	0.9997
0	193	128	0.9997
0	193	153	0.9997
0	193	172	0.9997
0	193	141	0.9997
0	193	183	0.9997
0	193	187	0.999699
0	193	160	0.999699
0	193	134	0.999699
0	193	156	0.999699
0	193	164	0.999699
0	193	164	0.999699
0	193	131	0.999698
1	193	109	0.999698
1	193	112	0.999698
1	193	110	0.999698
1	193	94	0.999698
1	193	99	0.999698
0	193	179	0.999698
1	193	114	0.999698
0	193	140	0.999698
0	193	136	0.999698
0	193	192	0.999698
0	193	177	0.999698
0	193	150	0.999698
0	193	148	0.999698
1	193	74	0.999698
0	193	174	0.999697
1	193	71	0.999697
0	193	128	0.999697
1	193	94	0.999697
0	193	171	0.999697
1	193	108	0.999697
1	193	110	0.999697
0	193	147	0.999697
1	193	66	0.999697
1	193	106	0.999697
0	193	134	0.999696
0	193	146	0.999696
0	193	176	0.999696
1	193	77	0.999696
1	193	90	0.999696
0	193	142	0.999696
0	193	136	0.999696
1	193	87	0.999696
0	193	174	0.999696
1	193	106	0.999696
0	193	176	0.999696
1	193	81	0.999696
1	193	87	0.999695
1	193	63	0.999695
0	193	135	0.999695
1	193	96	0.999695
0	193	119	0.999695
1	193	67	0.999695
1	193	116	0.999695
1	193	78	0.999695
0	193	160	0.999695
0	193	119	0.999695
1	193	69	0.999695
1	193	70	0.999695
1	193	84	0.999694
1	193	93	0.999694
0	193	123	0.999694
1	193	108	0.999694
1	193	74	0.999694
1	193	75	0.999694
0	193	147	0.999694
0	193	180	0.999694
0	193	152	0.999694
0	193	163	0.999693
0	193	183	0.999693
0	193	163	0.999693
0	193	179	0.999693
1	193	69	0.999693
0	193	178	0.999693
0	193	152	0.999693
0	193	176	0.999693
0	193	150	0.999692
0	193	146	0.999692
0	193	167	0.999692
0	193	178	0.999692
0	193	149	0.999692
1	193	84	0.999692
0	193	126	0.999692
1	193	77	0.999692
0	193	174	0.999692
0	193	167	0.999692
1	193	94	0.999692
0	193	160	0.999692
0	193	192	0.999692
1	193	67	0.999692
1	193	63	0.999692
1	193	87	0.999692
1	193	62	0.999692
0	193	152	0.999692
1	193	117	0.999692
0	193	134	0.999692
0	193	146	0.999692
1	193	68	0.999691
1	193	87	0.999691
1	193	90	0.999691
0	193	129	0.999691
1	193	73	0.999691
0	193	188	0.999691
1	193	105	0.999691
0	193	161	0.999691
1	193	106	0.999691
0	193	181	0.999691
1	193	65	0.999691
0	193	180	0.999691
1	193	113	0.99969
0	193	129	0.99969
1	193	66	0.99969
0	193	168	0.99969
0	193	151	0.99969
0	193	191	0.99969
0	193	169	0.99969
0	193	167	0.999689
0	193	177	0.999689
0	193	143	0.999689
1	193	64	0.999689
0	193	177	0.999689
0	193	178	0.999689
1	193	67	0.999689
0	193	167	0.999689
0	193	124	0.999689
1	193	96	0.999689
1	193	98	0.999689
0	193	190	0.999688
0	193	176	0.999688
0	193	169	0.999688
0	193	136	0.999688
0	193	132	0.999688
0	193	150	0.999687
0	193	187	0.999687
1	193	79	0.999687
1	193	86	0.999687
1	193	94	0.999687
1	193	109	0.999687
1	193	110	0.999687
1	193	112	0.999687
1	193	113	0.999687
1	193	92	0.999687
0	193	156	0.999687
1	193	78	0.999687
1	193	100	0.999687
0	193	152	0.999687
1	193	63	0.999686
0	193	190	0.999686
0	193	174	0.999686
1	193	87	0.999686
1	193	72	0.999686
1	193	78	0.999686
0	193	125	0.999686
1	193	81	0.999686
1	193	111	0.999686
1	193	113	0.999686
1	193	80	0.999686
1	193	82	0.999686
0	193	151	0.999686
0	193	152	0.999686
0	193	174	0.999686
1	193	88	0.999686
0	193	165	0.999685
1	193	75	0.999685
0	193	183	0.999685
0	193	153	0.999685
0	193	129	0.999685
1	193	94	0.999685
0	193	136	0.999685
1	193	69	0.999685
0	193	190	0.999685
0	193	168	0.999685
0	193	122	0.999685
0	193	151	0.999685
1	193	105	0.999685
0	193	136	0.999684
0	193	168	0.999684
0	193	135	0.999684
0	193	171	0.999684
0	193	179	0.999684
0	193	155	0.999684
1	193	113	0.999684
1	193	73	0.999684
0	193	123	0.999683
0	193	166	0.999683
1	193	70	0.999683
0	193	172	0.999683
0	193	145	0.999683
0	193	123	0.999683
1	193	78	0.999683
1	193	69	0.999683
0	193	143	0.999683
0	193	155	0.999682
0	193	188	0.999682
1	193	73	0.999682
1	193	64	0.999681
0	193	120	0.999681
0	193	133	0.999681
0	193	148	0.999681
0	193	119	0.999681
0	193	157	0.999681
1	193	73	0.999681
0	193	135	0.999681
1	193	90	0.999681
0	193	178	0.999681
0	193	165	0.999681
1	193	68	0.999681
1	193	70	0.999681
1	193	77	0.99968
1	193	70	0.99968
0	193	165	0.99968
0	193	146	0.99968
1	193	108	0.99968
0	193	192	0.99968
1	193	101	0.99968
0	193	161	0.99968
0	193	152	0.999679
0	193	152	0.999679
1	193	106	0.999679
1	193	116	0.999679
0	193	172	0.999679
1	193	99	0.999679
1	193	89	0.999679
0	193	168	0.999679
1	193	103	0.999679
1	193	82	0.999679
0	193	145	0.999678
1	193	87	0.999678
1	193	76	0.999678
1	193	93	0.999678
0	193	153	0.999678
0	193	139	0.999678
1	193	66	0.999677
1	193	78	0.999677
1	193	98	0.999677
0	193	133	0.999677
1	193	62	0.999677
0	193	139	0.999677
0	193	189	0.999677
0	193	157	0.999677
1	193	85	0.999677
0	193	145	0.999677
1	193	65	0.999677
1	193	88	0.999677
0	193	169	0.999677
1	193	109	0.999677
0	193	166	0.999677
1	193	69	0.999676
1	193	64	0.999676
0	193	161	0.999676
1	193	111	0.999676
1	193	81	0.999676
0	193	145	0.999676
0	193	188	0.999676
0	193	191	0.999676
1	193	83	0.999676
1	193	62	0.999676
1	193	85	0.999676
0	193	124	0.999676
1	193	77	0.999676
0	193	169	0.999676
1	193	62	0.999676
0	193	147	0.999676
1	193	65	0.999675
1	193	78	0.999675
1	193	82	0.999675
1	193	112	0.999675
0	193	171	0.999675
0	193	120	0.999675
1	193	70	0.999675
0	193	135	0.999675
1	193	106	0.999675
1	193	65	0.999674
0	193	118	0.999674
1	193	99	0.999674
0	193	153	0.999674
1	193	70	0.999674
1	193	84	0.999674
0	193	144	0.999673
0	193	160	0.999673
0	193	165	0.999673
0	193	132	0.999673
0	193	133	0.999673
1	193	91	0.999673
1	193	103	0.999673
1	193	62	0.999673
1	193	92	0.999673
0	193	172	0.999673
0	193	129	0.999673
0	193	182	0.999673
0	193	132	0.999673
0	193	160	0.999672
1	193	111	0.999672
1	193	77	0.999672
1	193	71	0.999672
1	193	86	0.999672
1	193	102	0.999672
0	193	163	0.999672
1	193	116	0.999672
1	193	101	0.999672
0	193	127	0.999672
0	193	158	0.999671
0	193	155	0.999671
0	193	176	0.999671
0	193	182	0.999671
0	193	188	0.999671
0	193	156	0.999671
1	193	105	0.999671
0	193	173	0.999671
1	193	108	0.999671
1	193	78	0.999671
0	193	161	0.999671
1	193	77	0.999671
0	193	177	0.999671
0	193	146	0.999671
1	193	109	0.999671
0	193	184	0.999671
0	193	163	0.999671
0	193	183	0.999671
1	193	97	0.99967
0	193	167	0.99967
0	193	121	0.99967
0	193	185	0.99967
0	193	161	0.99967
1	193	72	0.99967
0	193	145	0.999669
0	193	166	0.999669
0	193	126	0.999669
0	193	137	0.999669
0	193	120	0.999669
0	193	124	0.999669
0	193	145	0.999669
0	193	147	0.999669
1	193	77	0.999669
1	193	84	0.999669
1	193	84	0.999668
1	193	105	0.999668
1	193	94	0.999668
1	193	75	0.999668
0	193	176	0.999668
0	193	117	0.999668
1	193	103	0.999668
1	193	87	0.999668
1	193	101	0.999668
0	193	147	0.999668
0	193	148	0.999668
1	193	84	0.999667
1	193	73	0.999667
0	193	143	0.999667
0	193	138	0.999667
1	193	104	0.999667
0	193	138	0.999667
0	193	165	0.999667
0	193	183	0.999667
0	193	164	0.999667
0	193	190	0.999666
1	193	115	0.999666
0	193	162	0.999666
1	193	90	0.999666
0	193	127	0.999666
0	193	117	0.999666
0	193	145	0.999665
0	193	139	0.999665
0	193	184	0.999665
0	193	176	0.999665
0	193	152	0.999665
1	193	91	0.999665
0	193	154	0.999665
0	193	176	0.999665
1	193	109	0.999665
0	193	133	0.999665
0	193	192	0.999665
1	193	94	0.999665
0	193	180	0.999665
1	193	82	0.999665
0	193	161	0.999664
1	193	110	0.999664
0	193	165	0.999664
0	193	138	0.999664
1	193	100	0.999664
0	193	178	0.999664
1	193	112	0.999664
1	193	103	0.999664
1	193	63	0.999664
0	193	139	0.999664
1	193	81	0.999664
0	193	178	0.999663
1	193	79	0.999663
0	193	191	0.999663
0	193	183	0.999663
0	193	131	0.999663
0	193	155	0.999663
0	193	154	0.999663
0	193	192	0.999663
1	193	71	0.999663
0	193	134	0.999663
0	193	123	0.999662
1	193	76	0.999662
0	193	158	0.999662
0	193	184	0.999662
0	193	188	0.999662
1	193	86	0.999662
0	193	190	0.999662
1	193	84	0.999662
0	193	165	0.999662
1	193	97	0.999662
1	193	84	0.999662
1	193	115	0.999662
1	193	86	0.999662
0	193	139	0.999662
0	193	128	0.999661
0	193	130	0.999661
0	193	170	0.999661
0	193	171	0.999661
1	193	73	0.999661
1	193	89	0.999661
0	193	159	0.999661
0	193	129	0.999661
0	193	178	0.99966
1	193	102	0.99966
1	193	99	0.99966
1	193	85	0.99966
1	193	62	0.99966
1	193	65	0.99966
0	193	134	0.99966
0	193	166	0.99966
0	193	140	0.99966
1	193	65	0.99966
1	193	85	0.99966
0	193	185	0.999659
0	193	178	0.999659
1	193	88	0.999659
0	193	146	0.999659
1	193	104	0.999659
1	193	104	0.999659
1	193	113	0.999659
0	193	143	0.999659
0	193	117	0.999659
0	193	118	0.999659
0	193	128	0.999659
1	193	111	0.999659
0	193	121	0.999659
1	193	89	0.999659
0	193	126	0.999659
1	193	92	0.999659
1	193	109	0.999659
1	193	72	0.999658
0	193	172	0.999658
0	193	162	0.999658
1	193	78	0.999658
0	193	116	0.999657
1	193	98	0.999657
0	193	189	0.999657
1	193	102	0.999657
1	193	103	0.999657
1	193	93	0.999657
0	193	155	0.999657
1	193	100	0.999657
0	193	185	0.999657
1	193	97	0.999657
0	193	174	0.999657
0	193	169	0.999656
0	193	148	0.999656
1	193	87	0.999656
1	193	100	0.999656
1	193	83	0.999656
1	193	93	0.999656
0	193	125	0.999656
0	193	118	0.999656
1	193	70	0.999655
0	193	157	0.999655
0	193	131	0.999655
1	193	111	0.999655
0	193	152	0.999654
1	193	80	0.999654
0	193	134	0.999654
0	193	119	0.999654
0	193	140	0.999654
1	193	95	0.999654
0	193	182	0.999654
0	193	175	0.999654
0	193	131	0.999654
0	193	135	0.999654
1	193	85	0.999654
1	193	89	0.999654
0	193	191	0.999654
1	193	67	0.999654
1	193	101	0.999654
1	193	68	0.999654
0	193	145	0.999654
0	193	169	0.999654
0	193	167	0.999653
1	193	65	0.999653
0	193	123	0.999653
1	193	89	0.999653
1	193	106	0.999653
1	193	94	0.999653
0	193	157	0.999653
0	193	177	0.999653
0	193	125	0.999653
0	193	174	0.999653
0	193	190	0.999652
0	193	129	0.999652
0	193	176	0.999652
0	193	158	0.999652
0	193	154	0.999652
0	193	136	0.999652
1	193	63	0.999652
0	193	140	0.999652
0	193	127	0.999652
1	193	104	0.999652
0	193	126	0.999652
1	193	109	0.999652
0	193	121	0.999651
0	193	170	0.999651
0	193	127	0.999651
0	193	147	0.999651
0	193	172	0.999651
0	193	140	0.999651
0	193	141	0.999651
0	193	189	0.999651
0	193	123	0.999651
0	193	153	0.999651
1	193	88	0.999651
0	193	145	0.99965
0	193	185	0.99965
0	193	180	0.99965
1	193	111	0.99965
0	193	172	0.99965
0	193	120	0.99965
0	193	138	0.99965
1	193	63	0.99965
0	193	183	0.99965
0	193	154	0.99965
1	193	101	0.99965
0	193	174	0.99965
0	193	173	0.999649
0	193	177	0.999649
1	193	85	0.999649
0	193	146	0.999649
1	193	76	0.999649
0	193	162	0.999649
1	193	107	0.999649
0	193	174	0.999649
0	193	170	0.999649
1	193	85	0.999649
0	193	188	0.999649
0	193	135	0.999649
1	193	96	0.999648
0	193	159	0.999648
1	193	86	0.999648
0	193	183	0.999648
0	193	149	0.999648
0	193	182	0.999648
1	193	85	0.999648
1	193	91	0.999648
1	193	70	0.999648
0	193	169	0.999648
0	193	128	0.999648
0	193	162	0.999648
0	193	123	0.999648
0	193	155	0.999647
0	193	157	0.999647
0	193	183	0.999647
0	193	186	0.999647
0	193	119	0.999647
0	193	153	0.999647
0	193	164	0.999647
1	193	114	0.999647
1	193	96	0.999647
1	193	105	0.999646
0	193	143	0.999646
1	193	72	0.999646
0	193	177	0.999646
0	193	186	0.999646
0	193	168	0.999646
1	193	64	0.999646
1	193	69	0.999646
0	193	151	0.999646
1	193	97	0.999646
1	193	93	0.999646
0	193	116	0.999646
1	193	81	0.999645
1	193	69	0.999645
0	193	175	0.999645
0	193	162	0.999645
0	193	126	0.999645
1	193	102	0.999645
0	193	184	0.999645
0	193	142	0.999645
1	193	106	0.999645
0	193	139	0.999645
1	193	70	0.999645
1	193	66	0.999645
0	193	152	0.999645
0	193	182	0.999645
1	193	88	0.999645
0	193	160	0.999644
0	193	167	0.999644
1	193	106	0.999644
0	193	179	0.999644
1	193	100	0.999644
0	193	157	0.999644
0	193	176	0.999644
0	193	117	0.999644
0	193	154	0.999644
0	193	179	0.999644
1	193	98	0.999644
1	193	71	0.999644
0	193	132	0.999644
1	193	84	0.999644
0	193	115	0.999644
0	193	175	0.999643
0	193	171	0.999643
0	193	151	0.999643
0	193	184	0.999643
1	193	87	0.999643
1	193	92	0.999642
1	193	66	0.999642
0	193	129	0.999642
0	193	154	0.999642
0	193	143	0.999642
0	193	142	0.999642
0	193	184	0.999642
1	193	103	0.999642
0	193	117	0.999642
0	193	168	0.999642
0	193	163	0.999642
0	193	147	0.999641
1	193	76	0.999641
1	193	74	0.999641
0	193	160	0.999641
1	193	78	0.999641
0	193	170	0.999641
1	193	90	0.999641
0	193	135	0.999641
1	193	63	0.999641
1	193	102	0.99964
1	193	100	0.99964
1	193	88	0.99964
1	193	76	0.99964
0	193	142	0.99964
0	193	164	0.99964
0	193	154	0.99964
1	193	98	0.99964
0	193	165	0.99964
0	193	188	0.99964
0	193	167	0.99964
0	193	120	0.999639
0	193	155	0.999639
0	193	171	0.999639
0	193	116	0.999639
1	193	105	0.999639
1	193	107	0.999639
0	193	129	0.999639
0	193	144	0.999639
1	193	92	0.999639
0	193	167	0.999639
0	193	130	0.999639
1	193	102	0.999639
0	193	137	0.999639
1	193	79	0.999639
1	193	76	0.999639
0	193	133	0.999638
0	193	179	0.999638
1	193	111	0.999638
1	193	67	0.999638
0	193	162	0.999638
1	193	70	0.999638
0	193	134	0.999638
1	193	98	0.999638
0	193	184	0.999638
1	193	103	0.999638
0	193	145	0.999638
1	193	84	0.999638
0	193	185	0.999638
1	193	69	0.999638
0	193	183	0.999637
0	193	192	0.999637
0	193	135	0.999637
0	193	153	0.999637
1	193	95	0.999637
0	193	182	0.999637
0	193	168	0.999636
1	193	99	0.999636
1	193	66	0.999636
1	193	85	0.999636
0	193	167	0.999636
0	193	123	0.999636
0	193	152	0.999636
1	193	90	0.999636
0	193	147	0.999635
1	193	79	0.999635
0	193	144	0.999635
1	193	80	0.999635
0	193	143	0.999635
0	193	185	0.999635
0	193	172	0.999635
0	193	171	0.999635
1	193	108	0.999635
0	193	141	0.999634
0	193	169	0.999634
0	193	173	0.999634
1	193	104	0.999634
1	193	74	0.999634
0	193	178	0.999634
1	193	77	0.999634
0	193	131	0.999634
0	193	116	0.999633
1	193	72	0.999633
0	193	125	0.999633
0	193	158	0.999633
0	193	179	0.999633
1	193	68	0.999633
0	193	137	0.999633
0	193	163	0.999633
0	193	116	0.999633
1	193	90	0.999633
1	193	111	0.999633
0	193	174	0.999633
0	193	166	0.999632
0	193	169	0.999632
1	193	89	0.999632
1	193	94	0.999632
0	193	135	0.999632
0	193	161	0.999632
0	193	172	0.999631
0	193	174	0.999631
0	193	155	0.999631
0	193	138	0.999631
0	193	185	0.999631
1	193	99	0.99963
0	193	129	0.99963
0	193	147	0.99963
1	193	109	0.99963
1	193	67	0.99963
1	193	62	0.99963
1	193	68	0.99963
1	193	107	0.99963
1	193	67	0.99963
0	193	123	0.99963
1	193	81	0.99963
0	193	144	0.99963
1	193	63	0.99963
0	193	117	0.99963
0	193	179	0.999629
1	193	88	0.999629
1	193	65	0.999629
1	193	98	0.999629
1	193	113	0.999629
0	193	167	0.999629
0	193	118	0.999629
1	193	88	0.999629
0	193	146	0.999629
0	193	143	0.999629
1	193	112	0.999628
0	193	153	0.999628
1	193	107	0.999628
0	193	158	0.999628
1	193	95	0.999628
0	193	150	0.999628
1	193	78	0.999628
0	193	168	0.999628
1	193	63	0.999628
0	193	161	0.999628
1	193	91	0.999628
1	193	76	0.999627
1	193	77	0.999627
0	193	174	0.999627
1	193	87	0.999627
1	193	110	0.999627
0	193	191	0.999627
0	193	179	0.999627
0	193	131	0.999627
1	193	101	0.999627
1	193	65	0.999627
0	193	186	0.999627
1	193	87	0.999627
0	193	125	0.999627
0	193	167	0.999627
1	193	92	0.999627
0	193	173	0.999627
0	193	168	0.999627
1	193	70	0.999627
0	193	140	0.999627
1	193	91	0.999627
0	193	126	0.999626
0	193	185	0.999626
1	193	104	0.999626
1	193	78	0.999626
0	193	141	0.999626
1	193	68	0.999626
0	193	163	0.999626
0	193	178	0.999626
0	193	132	0.999626
1	193	65	0.999626
0	193	169	0.999625
1	193	106	0.999625
1	193	65	0.999625
1	193	73	0.999625
1	193	90	0.999625
0	193	191	0.999625
0	193	150	0.999625
1	193	77	0.999625
1	193	64	0.999625
0	193	176	0.999625
1	193	91	0.999624
0	193	185	0.999624
1	193	69	0.999624
1	193	105	0.999624
0	193	191	0.999624
1	193	76	0.999624
0	193	181	0.999624
0	193	145	0.999624
0	193	129	0.999623
1	193	75	0.999623
1	193	98	0.999623
1	193	75	0.999623
0	193	176	0.999623
0	193	186	0.999623
0	193	175	0.999623
0	193	138	0.999623
0	193	160	0.999623
0	193	119	0.999622
0	193	176	0.999622
0	193	140	0.999622
1	193	107	0.999622
1	193	110	0.999622
1	193	79	0.999622
1	193	82	0.999622
1	193	68	0.999622
0	193	129	0.999622
0	193	128	0.999622
0	193	184	0.999622
0	193	161	0.999622
1	193	73	0.999622
0	193	114	0.999622
1	193	91	0.999621
0	193	165	0.999621
1	193	68	0.999621
1	193	74	0.999621
0	193	191	0.999621
0	193	117	0.999621
0	193	149	0.999621
0	193	126	0.999621
0	193	121	0.999621
0	193	155	0.999621
0	193	188	0.999621
0	193	167	0.999621
0	193	148	0.99962
0	193	141	0.99962
0	193	186	0.99962
1	193	80	0.99962
0	193	168	0.99962
0	193	151	0.99962
0	193	142	0.99962
1	193	76	0.99962
0	193	118	0.99962
0	193	192	0.99962
0	193	158	0.99962
1	193	113	0.999619
1	193	73	0.999619
0	193	134	0.999619
0	193	138	0.999619
1	193	90	0.999618
0	193	148	0.999618
1	193	70	0.999618
1	193	97	0.999618
1	193	63	0.999618
1	193	78	0.999618
0	193	145	0.999618
1	193	68	0.999618
0	193	138	0.999618
1	193	72	0.999618
0	193	127	0.999618
0	193	171	0.999618
1	193	65	0.999617
1	193	70	0.999617
1	193	105	0.999617
1	193	111	0.999617
1	193	84	0.999617
0	193	169	0.999617
0	193	152	0.999617
0	193	131	0.999617
0	193	142	0.999617
0	193	159	0.999616
1	193	103	0.999616
1	193	104	0.999616
1	193	106	0.999616
0	193	118	0.999616
1	193	92	0.999616
0	193	143	0.999616
0	193	149	0.999616
1	193	70	0.999616
1	193	87	0.999616
1	193	110	0.999615
1	193	81	0.999615
1	193	102	0.999615
0	193	115	0.999615
1	193	103	0.999615
1	193	77	0.999615
1	193	105	0.999615
0	193	140	0.999615
1	193	106	0.999615
1	193	74	0.999615
0	193	181	0.999614
1	193	78	0.999614
0	193	150	0.999614
0	193	116	0.999614
0	193	179	0.999614
1	193	103	0.999614
0	193	115	0.999614
0	193	192	0.999613
0	193	179	0.999613
0	193	141	0.999613
0	193	179	0.999613
1	193	65	0.999613
1	193	70	0.999613
0	193	165	0.999613
1	193	105	0.999613
0	193	151	0.999613
1	193	112	0.999613
0	193	169	0.999612
0	193	140	0.999612
0	193	173	0.999612
1	193	85	0.999612
0	193	163	0.999612
0	193	156	0.999612
1	193	107	0.999612
0	193	155	0.999612
0	193	123	0.999612
0	193	118	0.999612
0	193	165	0.999612
1	193	65	0.999612
0	193	126	0.999611
1	193	85	0.999611
0	193	168	0.999611
0	193	132	0.999611
0	193	119	0.999611
0	193	167	0.999611
1	193	105	0.999611
1	193	79	0.999611
0	193	155	0.999611
1	193	82	0.999611
1	193	79	0.999611
1	193	113	0.999611
0	193	125	0.999611
0	193	186	0.999611
0	193	131	0.999611
0	193	143	0.999611
0	193	137	0.999611
1	193	112	0.999611
0	193	128	0.999611
0	193	179	0.999611
0	193	171	0.99961
1	193	98	0.99961
0	193	136	0.99961
0	193	149	0.99961
0	193	133	0.99961
0	193	181	0.999609
0	193	158	0.999609
1	193	71	0.999609
1	193	91	0.999609
0	193	120	0.999609
0	193	114	0.999609
1	193	97	0.999609
0	193	175	0.999609
0	193	146	0.999609
1	193	71	0.999609
0	193	136	0.999609
0	193	154	0.999608
0	193	182	0.999608
1	193	72	0.999608
1	193	102	0.999608
1	193	70	0.999608
0	193	187	0.999608
0	193	171	0.999608
0	193	156	0.999608
0	193	156	0.999608
1	193	62	0.999608
0	193	134	0.999608
0	193	115	0.999608
0	193	192	0.999608
1	193	101	0.999608
1	193	92	0.999607
0	193	186	0.999607
0	193	157	0.999607
1	193	89	0.999607
1	193	112	0.999607
0	193	173	0.999607
0	193	143	0.999607
0	193	124	0.999607
0	193	133	0.999607
0	193	114	0.999606
0	193	148	0.999606
1	193	74	0.999606
0	193	188	0.999606
0	193	126	0.999606
0	193	115	0.999606
0	193	127	0.999606
0	193	164	0.999606
1	193	67	0.999606
1	193	104	0.999606
1	193	75	0.999606
0	193	172	0.999606
0	193	133	0.999606
0	193	180	0.999606
0	193	175	0.999606
0	193	129	0.999606
0	193	174	0.999605
0	193	134	0.999605
1	193	63	0.999605
1	193	96	0.999605
0	193	124	0.999605
0	193	138	0.999605
0	193	120	0.999605
0	193	131	0.999605
0	193	186	0.999605
0	193	190	0.999604
1	193	94	0.999604
1	193	109	0.999604
0	193	185	0.999604
1	193	78	0.999604
0	193	114	0.999604
1	193	63	0.999604
0	193	134	0.999604
0	193	133	0.999603
0	193	115	0.999603
1	193	107	0.999603
1	193	88	0.999603
0	193	166	0.999603
0	193	177	0.999603
0	193	190	0.999602
0	193	144	0.999602
1	193	63	0.999602
1	193	62	0.999602
1	193	72	0.999602
0	193	160	0.999602
1	193	112	0.999602
1	193	63	0.999601
0	193	169	0.999601
1	193	111	0.999601
0	193	151	0.999601
1	193	71	0.999601
0	193	145	0.999601
0	193	141	0.999601
0	193	134	0.999601
0	193	171	0.999601
1	193	100	0.999601
1	193	90	0.999601
0	193	183	0.999601
0	193	141	0.999601
0	193	115	0.9996
1	193	93	0.9996
1	193	112	0.9996
0	193	162	0.9996
0	193	177	0.9996
0	193	186	0.999599
1	193	64	0.999599
0	193	155	0.999599
0	193	131	0.999599
1	193	94	0.999599
0	193	185	0.999599
0	193	158	0.999599
0	193	179	0.999599
1	193	63	0.999599
1	193	105	0.999599
0	193	144	0.999599
0	193	181	0.999598
0	193	170	0.999598
1	193	100	0.999598
0	193	181	0.999598
1	193	73	0.999598
0	193	174	0.999598
0	193	117	0.999598
0	193	183	0.999597
1	193	69	0.999597
1	193	73	0.999597
1	193	79	0.999597
0	193	152	0.999597
1	193	71	0.999597
1	193	88	0.999597
1	193	80	0.999597
0	193	134	0.999597
0	193	181	0.999596
0	193	190	0.999596
1	193	72	0.999596
0	193	156	0.999596
0	193	148	0.999596
0	193	190	0.999596
0	193	134	0.999596
1	193	70	0.999596
0	193	189	0.999596
1	193	76	0.999596
0	193	177	0.999595
0	193	172	0.999595
0	193	135	0.999595
0	193	132	0.999595
1	193	97	0.999595
1	193	92	0.999595
0	193	143	0.999595
0	193	165	0.999595
1	193	80	0.999595
0	193	176	0.999595
1	193	106	0.999595
1	193	92	0.999595
0	193	162	0.999595
1	193	87	0.999595
0	193	149	0.999594
1	193	96	0.999594
0	193	116	0.999594
0	193	154	0.999594
0	193	129	0.999594
0	193	157	0.999594
1	193	97	0.999594
0	193	154	0.999594
0	193	171	0.999594
1	193	94	0.999593
0	193	143	0.999593
0	193	174	0.999593
0	193	163	0.999593
0	193	149	0.999593
0	193	113	0.999593
0	193	185	0.999593
0	193	179	0.999593
0	193	145	0.999592
1	193	67	0.999592
1	193	69	0.999592
0	193	165	0.999592
0	193	146	0.999592
1	193	78	0.999592
0	193	152	0.999592
0	193	121	0.999592
0	193	129	0.999591
1	193	111	0.999591
1	193	77	0.999591
0	193	152	0.999591
1	193	112	0.999591
0	193	133	0.999591
0	193	168	0.99959
1	193	70	0.99959
1	193	63	0.99959
1	193	105	0.99959
0	193	174	0.99959
0	193	158	0.99959
1	193	70	0.99959
0	193	139	0.99959
0	193	138	0.99959
0	193	149	0.99959
0	193	122	0.99959
0	193	139	0.999589
0	193	181	0.999589
0	193	121	0.999589
0	193	169	0.999589
1	193	63	0.999589
0	193	192	0.999589
0	193	135	0.999589
1	193	77	0.999589
0	193	142	0.999589
0	193	164	0.999589
0	193	167	0.999589
0	193	167	0.999588
0	193	182	0.999588
1	193	93	0.999588
1	193	75	0.999588
0	193	176	0.999588
0	193	145	0.999588
0	193	184	0.999588
1	193	105	0.999588
0	193	153	0.999588
0	193	139	0.999588
0	193	116	0.999588
1	193	79	0.999588
0	193	141	0.999587
0	193	121	0.999587
1	193	91	0.999587
1	193	68	0.999587
0	193	175	0.999587
0	193	184	0.999587
0	193	188	0.999587
1	193	88	0.999587
1	193	65	0.999587
0	193	164	0.999587
0	193	113	0.999587
0	193	190	0.999587
0	193	114	0.999587
0	193	130	0.999587
1	193	89	0.999587
0	193	178	0.999586
0	193	120	0.999586
0	193	175	0.999586
1	193	104	0.999586
0	193	156	0.999586
0	193	147	0.999585
1	193	108	0.999585
0	193	133	0.999585
1	193	90	0.999585
1	193	107	0.999585
1	193	88	0.999585
1	193	99	0.999585
0	193	128	0.999585
0	193	137	0.999585
1	193	75	0.999584
0	193	119	0.999584
0	193	135	0.999584
1	193	97	0.999584
0	193	145	0.999584
1	193	85	0.999584
0	193	138	0.999584
0	193	180	0.999584
0	193	151	0.999584
0	193	192	0.999584
0	193	137	0.999583
1	193	100	0.999583
0	193	170	0.999583
0	193	150	0.999583
0	193	134	0.999583
0	193	113	0.999583
0	193	132	0.999583
0	193	182	0.999583
1	193	72	0.999583
0	193	130	0.999583
1	193	79	0.999582
0	193	177	0.999582
1	193	75	0.999582
1	193	77	0.999582
0	193	123	0.999582
0	193	172	0.999582
1	193	68	0.999582
0	193	114	0.999582
1	193	71	0.999582
0	193	124	0.999582
1	193	96	0.999581
0	193	165	0.999581
0	193	137	0.999581
1	193	107	0.999581
0	193	166	0.999581
0	193	192	0.999581
0	193	178	0.999581
0	193	147	0.999581
1	193	109	0.999581
1	193	80	0.999581
1	193	76	0.999581
0	193	173	0.999581
1	193	110	0.999581
1	193	82	0.999581
0	193	182	0.999581
0	193	172	0.999581
0	193	140	0.999581
0	193	120	0.999581
0	193	126	0.99958
1	193	84	0.99958
0	193	165	0.99958
0	193	177	0.99958
0	193	173	0.99958
0	193	136	0.99958
0	193	180	0.99958
0	193	176	0.99958
0	193	162	0.99958
0	193	190	0.999579
0	193	143	0.999579
0	193	141	0.999579
1	193	100	0.999579
0	193	146	0.999579
0	193	153	0.999579
0	193	121	0.999579
1	193	88	0.999579
0	193	116	0.999579
0	193	188	0.999579
0	193	172	0.999579
1	193	97	0.999579
0	193	168	0.999579
1	193	101	0.999579
1	193	89	0.999579
0	193	155	0.999579
1	193	104	0.999579
1	193	111	0.999579
0	193	143	0.999579
0	193	129	0.999579
1	193	62	0.999579
0	193	120	0.999578
0	193	192	0.999578
0	193	174	0.999578
0	193	192	0.999578
0	193	176	0.999578
1	193	101	0.999578
0	193	122	0.999578
1	193	76	0.999577
0	193	184	0.999577
1	193	65	0.999577
0	193	145	0.999577
1	193	112	0.999577
1	193	109	0.999577
0	193	174	0.999577
1	193	107	0.999577
0	193	189	0.999577
0	193	130	0.999577
1	193	73	0.999577
1	193	63	0.999577
1	193	94	0.999577
1	193	76	0.999576
0	193	154	0.999576
0	193	122	0.999576
0	193	191	0.999576
0	193	175	0.999576
1	193	102	0.999576
0	193	174	0.999576
0	193	143	0.999576
0	193	130	0.999576
1	193	108	0.999575
0	193	136	0.999575
0	193	192	0.999575
0	193	146	0.999575
0	193	124	0.999575
1	193	80	0.999575
1	193	96	0.999575
1	193	89	0.999575
1	193	108	0.999575
0	193	160	0.999575
0	193	175	0.999575
0	193	151	0.999574
0	193	162	0.999574
0	193	176	0.999574
0	193	131	0.999574
0	193	120	0.999574
0	193	119	0.999574
0	193	131	0.999574
1	193	90	0.999574
1	193	87	0.999574
0	193	192	0.999574
1	193	92	0.999574
0	193	186	0.999574
1	193	96	0.999574
1	193	101	0.999574
1	193	88	0.999574
0	193	164	0.999574
1	193	79	0.999574
0	193	148	0.999574
0	193	181	0.999574
0	193	124	0.999574
1	193	78	0.999574
1	193	96	0.999573
0	193	176	0.999573
0	193	146	0.999573
0	193	186	0.999573
1	193	96	0.999573
1	193	82	0.999573
1	193	83	0.999573
1	193	68	0.999573
0	193	136	0.999573
0	193	118	0.999573
1	193	74	0.999573
0	193	190	0.999573
0	193	120	0.999573
0	193	146	0.999573
0	193	113	0.999573
1	193	101	0.999573
0	193	185	0.999573
0	193	168	0.999572
0	193	124	0.999572
0	193	162	0.999572
0	193	126	0.999572
1	193	103	0.999572
0	193	115	0.999572
1	193	79	0.999572
1	193	75	0.999572
1	193	74	0.999572
0	193	119	0.999572
1	193	89	0.999572
0	193	113	0.999572
1	193	77	0.999572
1	193	99	0.999571
1	193	95	0.999571
0	193	147	0.999571
1	193	112	0.999571
1	193	70	0.999571
0	193	144	0.999571
0	193	126	0.999571
0	193	174	0.999571
0	193	165	0.999571
0	193	142	0.999571
1	193	90	0.999571
0	193	158	0.999571
1	193	84	0.99957
0	193	173	0.99957
0	193	179	0.99957
1	193	82	0.99957
1	193	92	0.99957
1	193	93	0.99957
1	193	76	0.99957
0	193	159	0.99957
1	193	77	0.99957
0	193	176	0.99957
1	193	97	0.999569
1	193	107	0.999569
1	193	103	0.999569
1	193	94	0.999569
1	193	93	0.999569
0	193	172	0.999569
0	193	119	0.999569
0	193	156	0.999569
0	193	113	0.999568
0	193	122	0.999568
0	193	134	0.999568
0	193	174	0.999568
0	193	164	0.999568
0	193	147	0.999568
0	193	176	0.999568
1	193	66	0.999568
1	193	76	0.999568
1	193	64	0.999568
0	193	126	0.999568
0	193	173	0.999568
1	193	104	0.999567
1	193	62	0.999567
0	193	130	0.999567
0	193	159	0.999567
0	193	142	0.999567
0	193	150	0.999567
1	193	85	0.999567
0	193	164	0.999567
0	193	183	0.999567
1	193	72	0.999566
1	193	106	0.999566
1	193	77	0.999566
1	193	69	0.999566
1	193	67	0.999566
0	193	180	0.999566
1	193	91	0.999566
1	193	100	0.999565
0	193	133	0.999565
0	193	169	0.999565
1	193	87	0.999565
0	193	177	0.999565
0	193	181	0.999565
0	193	170	0.999565
0	193	114	0.999565
1	193	81	0.999565
0	193	123	0.999565
0	193	154	0.999564
0	193	139	0.999564
0	193	145	0.999564
1	193	104	0.999564
1	193	89	0.999564
1	193	88	0.999564
0	193	143	0.999564
0	193	182	0.999564
1	193	63	0.999563
0	193	171	0.999563
0	193	164	0.999563
0	193	115	0.999563
1	193	86	0.999563
0	193	178	0.999563
0	193	188	0.999563
0	193	125	0.999563
0	193	145	0.999563
0	193	188	0.999563
1	193	109	0.999563
0	193	189	0.999563
1	193	81	0.999563
1	193	66	0.999563
1	193	91	0.999563
0	193	153	0.999563
1	193	85	0.999563
0	193	165	0.999563
1	193	66	0.999563
1	193	101	0.999562
0	193	135	0.999562
1	193	108	0.999562
0	193	137	0.999562
0	193	155	0.999561
1	193	108	0.999561
0	193	158	0.999561
1	193	100	0.999561
0	193	124	0.999561
1	193	64	0.999561
1	193	77	0.999561
0	193	167	0.999561
0	193	124	0.999561
1	193	94	0.999561
1	193	80	0.999561
1	193	99	0.999561
1	193	95	0.99956
1	193	102	0.99956
1	193	105	0.99956
1	193	62	0.99956
0	193	140	0.99956
1	193	103	0.99956
1	193	63	0.99956
1	193	106	0.99956
1	193	69	0.99956
0	193	174	0.99956
1	193	105	0.999559
0	193	160	0.999559
1	193	87	0.999559
0	193	169	0.999559
0	193	160	0.999559
1	193	108	0.999558
0	193	125	0.999558
1	193	91	0.999558
0	193	170	0.999558
0	193	155	0.999558
0	193	183	0.999558
0	193	130	0.999558
1	193	98	0.999558
0	193	130	0.999558
1	193	100	0.999558
0	193	152	0.999558
0	193	164	0.999558
0	193	174	0.999558
1	193	112	0.999558
0	193	113	0.999558
0	193	125	0.999557
1	193	101	0.999557
0	193	123	0.999557
0	193	157	0.999557
1	193	81	0.999557
0	193	115	0.999557
1	193	86	0.999557
1	193	93	0.999557
1	193	76	0.999557
0	193	181	0.999557
0	193	171	0.999557
0	193	175	0.999557
0	193	147	0.999557
0	193	181	0.999557
1	193	65	0.999556
0	193	153	0.999556
0	193	173	0.999556
0	193	147	0.999556
0	193	135	0.999556
0	193	154	0.999556
0	193	118	0.999556
0	193	124	0.999556
0	193	113	0.999556
0	193	140	0.999556
0	193	158	0.999556
1	193	94	0.999556
0	193	123	0.999556
1	193	100	0.999556
1	193	75	0.999556
1	193	75	0.999555
0	193	180	0.999555
1	193	98	0.999555
1	193	92	0.999555
0	193	128	0.999555
1	193	100	0.999555
0	193	142	0.999555
0	193	118	0.999555
1	193	66	0.999554
1	193	82	0.999554
1	193	105	0.999554
0	193	166	0.999554
1	193	65	0.999554
0	193	161	0.999554
0	193	138	0.999554
0	193	188	0.999554
1	193	75	0.999554
0	193	176	0.999554
1	193	63	0.999554
0	193	134	0.999554
1	193	86	0.999554
0	193	169	0.999554
0	193	125	0.999554
0	193	149	0.999554
0	193	156	0.999553
0	193	142	0.999553
1	193	79	0.999553
1	193	98	0.999553
0	193	192	0.999553
1	193	105	0.999553
1	193	67	0.999553
1	193	73	0.999553
1	193	89	0.999553
0	193	185	0.999553
0	193	169	0.999553
0	193	117	0.999553
1	193	93	0.999553
1	193	88	0.999552
0	193	190	0.999552
1	193	99	0.999552
0	193	161	0.999552
1	193	70	0.999552
0	193	187	0.999552
0	193	173	0.999552
1	193	87	0.999552
0	193	192	0.999552
1	193	97	0.999552
1	193	102	0.999552
0	193	163	0.999552
1	193	99	0.999552
1	193	72	0.999552
0	193	137	0.999552
0	193	178	0.999552
1	193	71	0.999552
0	193	185	0.999551
0	193	146	0.999551
0	193	157	0.999551
1	193	108	0.999551
0	193	143	0.999551
0	193	143	0.999551
0	193	170	0.999551
1	193	65	0.999551
1	193	86	0.999551
0	193	176	0.999551
1	193	72	0.999551
0	193	141	0.999551
0	193	120	0.99955
1	193	76	0.99955
0	193	191	0.99955
0	193	176	0.99955
0	193	172	0.99955
1	193	101	0.99955
0	193	144	0.99955
0	193	188	0.999549
1	193	88	0.999549
1	193	104	0.999549
0	193	160	0.999549
0	193	115	0.999549
0	193	155	0.999549
0	193	190	0.999549
0	193	147	0.999549
1	193	106	0.999549
1	193	76	0.999549
0	193	167	0.999549
1	193	98	0.999549
0	193	168	0.999549
0	193	184	0.999549
1	193	70	0.999548
1	193	63	0.999548
0	193	171	0.999548
1	193	81	0.999548
1	193	111	0.999548
1	193	89	0.999548
1	193	101	0.999548
1	193	76	0.999548
0	193	164	0.999548
1	193	83	0.999548
0	193	191	0.999548
0	193	170	0.999548
0	193	159	0.999548
0	193	173	0.999548
0	193	145	0.999548
0	193	155	0.999548
0	193	165	0.999548
0	193	118	0.999547
0	193	151	0.999547
1	193	72	0.999547
0	193	147	0.999547
1	193	110	0.999547
0	193	155	0.999547
1	193	103	0.999547
1	193	110	0.999547
0	193	128	0.999547
1	193	97	0.999547
0	193	181	0.999547
0	193	127	0.999547
0	193	131	0.999547
0	193	158	0.999547
0	193	125	0.999547
0	193	192	0.999546
1	193	65	0.999546
0	193	178	0.999546
0	193	162	0.999546
0	193	123	0.999546
1	193	76	0.999546
1	193	65	0.999546
1	193	64	0.999546
0	193	170	0.999545
1	193	70	0.999545
0	193	130	0.999545
0	193	174	0.999545
0	193	184	0.999545
1	193	86	0.999545
0	193	133	0.999545
1	193	99	0.999545
1	193	112	0.999545
0	193	123	0.999545
0	193	155	0.999545
0	193	177	0.999545
0	193	183	0.999545
0	193	157	0.999545
1	193	85	0.999544
0	193	142	0.999544
0	193	178	0.999544
1	193	97	0.999544
1	193	108	0.999544
0	193	173	0.999544
1	193	108	0.999544
0	193	164	0.999544
1	193	100	0.999544
0	193	133	0.999544
0	193	155	0.999544
0	193	131	0.999544
0	193	166	0.999544
0	193	167	0.999543
0	193	179	0.999543
0	193	138	0.999543
0	193	154	0.999543
0	193	113	0.999543
0	193	131	0.999543
0	193	128	0.999543
1	193	92	0.999543
0	193	113	0.999543
0	193	144	0.999542
1	193	71	0.999542
1	193	78	0.999542
1	193	75	0.999542
1	193	98	0.999542
0	193	124	0.999542
