5502.17
0.000816767
70
1	358	278	0.999961
1	358	227	0.999769
1	358	301	0.999614
1	358	235	0.999576
0	358	355	0.998959
1	358	175	0.998805
1	358	175	0.998689
1	358	152	0.998343
1	358	249	0.99788
1	358	214	0.997072
1	358	222	0.997072
1	358	159	0.99638
1	358	173	0.995113
1	358	162	0.99446
1	358	141	0.994345
1	358	157	0.993847
1	358	154	0.993042
1	358	265	0.992888
1	358	206	0.992774
1	358	119	0.992314
0	358	285	0.992084
0	358	352	0.991549
1	358	194	0.991357
1	358	179	0.990478
1	358	266	0.990402
1	358	163	0.990058
0	358	266	0.989829
1	358	235	0.989371
0	358	267	0.98857
1	358	196	0.987883
0	358	312	0.986132
1	358	168	0.986094
0	358	299	0.985713
1	358	134	0.985143
0	358	270	0.984725
1	358	121	0.984042
0	358	344	0.983245
0	358	341	0.982979
0	358	232	0.982979
0	358	278	0.982752
1	358	208	0.982638
0	358	346	0.982486
0	358	257	0.981994
1	358	160	0.981729
1	358	174	0.980404
1	358	214	0.980215
0	358	277	0.979648
0	358	270	0.979421
0	358	274	0.97927
1	358	147	0.978854
1	358	168	0.975801
0	358	230	0.975349
1	358	137	0.975086
1	358	162	0.974183
0	358	337	0.973883
0	358	316	0.973319
1	358	189	0.972268
0	358	208	0.971781
0	358	215	0.971593
1	358	140	0.969908
1	358	167	0.969908
1	358	168	0.969534
1	358	166	0.968936
1	358	151	0.968712
0	358	273	0.96677
0	358	256	0.964721
0	358	345	0.963828
1	358	145	0.963754
1	358	127	0.962565
1	358	126	0.962268
