3451.14
0.00112154
80
1	227	128	0.999897
1	227	119	0.99933
1	227	200	0.99915
1	227	148	0.998789
1	227	105	0.998043
1	227	122	0.997785
1	227	164	0.997708
0	227	206	0.997425
1	227	196	0.9974
1	227	196	0.997297
1	227	146	0.996963
1	227	96	0.996551
0	227	217	0.996372
1	227	180	0.99614
0	227	215	0.996063
1	227	153	0.995781
1	227	99	0.995755
1	227	146	0.995601
1	227	169	0.995037
1	227	107	0.994729
1	227	110	0.994267
0	227	215	0.994088
1	227	87	0.993781
1	227	139	0.99355
1	227	101	0.993473
1	227	129	0.992756
0	227	188	0.992168
1	227	155	0.991299
0	227	192	0.991043
0	227	202	0.990992
1	227	83	0.990864
1	227	107	0.990762
1	227	151	0.990328
0	227	209	0.990047
1	227	93	0.989766
0	227	179	0.989588
0	227	216	0.989435
1	227	112	0.989333
0	227	197	0.988797
0	227	203	0.988466
1	227	142	0.987982
1	227	129	0.987855
0	227	198	0.987167
1	227	83	0.987091
0	227	220	0.985845
0	227	173	0.985692
0	227	153	0.985286
1	227	107	0.984093
0	227	208	0.984067
1	227	137	0.98389
1	227	141	0.983585
0	227	212	0.983053
1	227	108	0.983028
1	227	89	0.982825
1	227	123	0.982496
1	227	96	0.981787
0	227	210	0.981356
0	227	198	0.980825
1	227	85	0.980244
1	227	119	0.979234
1	227	105	0.979032
0	227	163	0.979006
0	227	195	0.978981
0	227	182	0.97888
0	227	154	0.978401
1	227	118	0.978275
1	227	87	0.97777
0	227	146	0.977241
1	227	127	0.977166
0	227	154	0.976939
0	227	211	0.97636
1	227	128	0.976108
1	227	98	0.975907
0	227	216	0.975857
0	227	187	0.975831
0	227	184	0.975731
1	227	100	0.975429
0	227	190	0.975354
0	227	219	0.975278
1	227	82	0.975052
