6936.18
0.0016344
85
1	446	278	0.999798
1	446	391	0.999711
0	446	440	0.999567
1	446	253	0.999278
1	446	213	0.998556
0	446	419	0.998037
0	446	432	0.997662
1	446	243	0.997374
1	446	324	0.997316
1	446	335	0.996827
1	446	297	0.996683
1	446	313	0.996452
1	446	345	0.996251
1	446	194	0.996164
1	446	314	0.995215
1	446	176	0.995158
1	446	255	0.994496
1	446	212	0.99286
0	446	373	0.992745
1	446	180	0.992487
1	446	254	0.992086
1	446	297	0.991369
1	446	275	0.991026
1	446	184	0.990281
1	446	231	0.989681
1	446	199	0.98948
0	446	415	0.989452
0	446	344	0.98928
0	446	340	0.988995
1	446	147	0.988737
0	446	329	0.988423
0	446	371	0.988309
1	446	131	0.988223
1	446	258	0.987938
1	446	178	0.987738
1	446	158	0.987681
1	446	246	0.987652
0	446	383	0.986626
0	446	406	0.986398
1	446	251	0.985942
0	446	413	0.985856
1	446	203	0.985742
1	446	216	0.985685
1	446	248	0.985315
0	446	436	0.985201
0	446	334	0.985173
0	446	279	0.984632
0	446	320	0.984433
1	446	136	0.983637
1	446	220	0.983438
0	446	436	0.983296
1	446	202	0.983012
0	446	367	0.982671
1	446	242	0.982586
0	446	276	0.982302
0	446	350	0.982217
0	446	369	0.982103
1	446	155	0.982075
0	446	339	0.981905
1	446	189	0.981706
1	446	132	0.981139
0	446	343	0.980459
0	446	280	0.979836
0	446	381	0.979496
1	446	179	0.9791
1	446	188	0.978704
1	446	215	0.978449
1	446	241	0.977348
0	446	376	0.976868
0	446	369	0.976472
1	446	223	0.97636
0	446	357	0.975908
0	446	405	0.97588
0	446	397	0.975711
0	446	423	0.975345
1	446	186	0.974809
0	446	249	0.974809
0	446	298	0.974302
0	446	381	0.973149
0	446	335	0.972783
0	446	354	0.972755
1	446	236	0.972362
1	446	231	0.972362
0	446	352	0.972053
1	446	242	0.971632
