7851.17
0.00239036
95
1	468	227	0.999605
1	468	321	0.999408
1	468	408	0.999282
1	468	278	0.999228
1	468	265	0.99887
1	468	206	0.998798
1	468	325	0.998457
1	468	291	0.997866
0	468	435	0.997687
1	468	251	0.997597
1	468	302	0.997561
0	468	436	0.99706
1	468	215	0.996863
1	468	255	0.996612
1	468	214	0.996523
1	468	230	0.995915
0	468	462	0.995164
1	468	252	0.995093
1	468	299	0.994878
0	468	430	0.99486
0	468	410	0.994628
1	468	353	0.994342
0	468	458	0.994235
1	468	286	0.994057
1	468	309	0.993914
1	468	275	0.993896
1	468	183	0.993468
1	468	188	0.992987
1	468	284	0.992773
0	468	449	0.992719
1	468	334	0.992398
0	468	365	0.991811
0	468	386	0.991508
1	468	188	0.991383
1	468	222	0.991081
0	468	344	0.990992
1	468	317	0.990707
0	468	429	0.990672
0	468	346	0.990494
1	468	237	0.99044
0	468	420	0.990298
0	468	436	0.990138
1	468	286	0.989463
0	468	396	0.989321
0	468	394	0.989321
1	468	255	0.988948
0	468	333	0.988433
1	468	216	0.988025
1	468	200	0.988025
0	468	376	0.987847
1	468	256	0.987794
1	468	179	0.987759
1	468	214	0.987706
1	468	185	0.98767
0	468	368	0.987635
1	468	278	0.987351
0	468	326	0.98728
0	468	388	0.987262
1	468	219	0.98712
1	468	261	0.987014
0	468	319	0.98689
1	468	291	0.986837
0	468	425	0.9865
0	468	345	0.986341
1	468	256	0.986164
0	468	412	0.986022
0	468	432	0.985898
0	468	299	0.985881
0	468	381	0.985686
0	468	299	0.985668
0	468	341	0.985527
1	468	248	0.985403
1	468	195	0.985173
1	468	263	0.984961
1	468	177	0.984908
1	468	256	0.98489
0	468	382	0.984837
0	468	401	0.984536
0	468	394	0.984466
0	468	342	0.98443
1	468	229	0.984359
0	468	295	0.984147
0	468	318	0.983688
0	468	361	0.98367
0	468	397	0.983635
0	468	362	0.983176
1	468	211	0.983053
0	468	442	0.983053
1	468	254	0.983017
0	468	394	0.982823
0	468	421	0.982541
1	468	273	0.982506
1	468	244	0.982382
0	468	378	0.982364
1	468	216	0.982329
