183065
0.836359
2000
1	440	333	0.999997
1	440	152	0.999995
1	440	103	0.999995
1	440	256	0.99999
1	440	78	0.99999
1	440	232	0.999987
1	440	205	0.999987
1	440	203	0.999987
1	440	243	0.999987
1	440	336	0.999985
1	440	408	0.999982
1	440	37	0.99998
1	440	368	0.99998
1	440	61	0.99998
1	440	198	0.99998
1	440	162	0.999977
1	440	295	0.999975
1	440	295	0.999975
1	440	284	0.999975
1	440	303	0.999975
1	440	216	0.999972
1	440	357	0.999972
1	440	345	0.99997
1	440	169	0.99997
1	440	219	0.999967
1	440	343	0.999964
1	440	231	0.999964
1	440	324	0.999962
1	440	410	0.999962
1	440	409	0.999962
1	440	130	0.999959
1	440	241	0.999959
1	440	340	0.999957
1	440	358	0.999957
1	440	402	0.999957
1	440	120	0.999957
1	440	378	0.999957
1	440	369	0.999957
1	440	290	0.999954
1	440	397	0.999949
1	440	398	0.999949
1	440	261	0.999949
0	440	432	0.999944
1	440	315	0.999942
1	440	286	0.999939
1	440	167	0.999939
1	440	64	0.999937
1	440	58	0.999937
1	440	190	0.999937
1	440	324	0.999934
0	440	432	0.999934
1	440	372	0.999934
1	440	295	0.999932
0	440	429	0.999929
1	440	390	0.999929
1	440	173	0.999929
1	440	98	0.999926
1	440	160	0.999926
1	440	82	0.999921
1	440	124	0.999919
1	440	194	0.999916
1	440	189	0.999916
1	440	297	0.999914
1	440	404	0.999914
1	440	95	0.999914
1	440	43	0.999914
1	440	274	0.999914
1	440	344	0.999914
1	440	160	0.999911
1	440	262	0.999911
1	440	404	0.999911
1	440	220	0.999909
1	440	399	0.999904
1	440	201	0.999901
1	440	300	0.999899
1	440	345	0.999896
1	440	86	0.999894
1	440	227	0.999888
1	440	372	0.999888
1	440	217	0.999888
1	440	137	0.999888
1	440	154	0.999888
1	440	79	0.999888
1	440	299	0.999886
1	440	134	0.999886
1	440	64	0.999886
1	440	291	0.999886
1	440	313	0.999883
1	440	117	0.999883
1	440	266	0.999883
1	440	79	0.999881
1	440	238	0.999881
1	440	322	0.999881
1	440	335	0.999881
1	440	45	0.999878
1	440	390	0.999878
1	440	52	0.999878
1	440	199	0.999878
1	440	333	0.999878
1	440	271	0.999876
1	440	193	0.999876
1	440	259	0.999876
1	440	334	0.999873
1	440	339	0.999873
1	440	209	0.999868
0	440	414	0.999868
1	440	117	0.999868
1	440	140	0.999863
1	440	88	0.999861
1	440	154	0.999861
1	440	86	0.999861
1	440	279	0.999858
1	440	71	0.999858
1	440	38	0.999858
1	440	211	0.999855
0	440	430	0.999855
1	440	328	0.999853
1	440	228	0.999853
1	440	304	0.999853
1	440	205	0.999853
1	440	358	0.99985
1	440	239	0.999848
1	440	345	0.999843
1	440	320	0.999843
1	440	272	0.999843
1	440	64	0.999843
1	440	44	0.99984
1	440	272	0.99984
1	440	280	0.99984
1	440	216	0.99984
1	440	182	0.999838
1	440	75	0.999838
1	440	74	0.999835
1	440	204	0.999835
1	440	217	0.999835
1	440	202	0.999833
0	440	388	0.999833
1	440	227	0.99983
1	440	338	0.99983
1	440	302	0.99983
1	440	72	0.99983
1	440	180	0.999828
1	440	382	0.999828
1	440	98	0.999825
0	440	415	0.999825
1	440	61	0.999825
1	440	46	0.999825
1	440	180	0.999825
0	440	424	0.999823
1	440	143	0.999823
1	440	266	0.999823
1	440	276	0.99982
1	440	360	0.999815
1	440	294	0.999815
1	440	249	0.999815
1	440	325	0.999812
0	440	438	0.999812
1	440	310	0.999812
1	440	286	0.99981
0	440	410	0.999807
1	440	361	0.999805
1	440	85	0.999805
1	440	218	0.999802
1	440	253	0.999797
1	440	210	0.999795
1	440	194	0.999792
1	440	256	0.999792
1	440	164	0.999792
0	440	379	0.999792
1	440	329	0.999792
0	440	386	0.999792
1	440	289	0.999792
1	440	358	0.999792
1	440	123	0.99979
1	440	346	0.99979
1	440	59	0.99979
1	440	281	0.99979
1	440	362	0.999787
1	440	171	0.999787
1	440	144	0.999787
1	440	109	0.999787
1	440	320	0.999784
1	440	264	0.999784
1	440	76	0.999784
0	440	423	0.999782
1	440	341	0.999782
1	440	284	0.999782
1	440	83	0.999779
1	440	200	0.999777
1	440	84	0.999777
1	440	160	0.999777
1	440	168	0.999777
0	440	438	0.999774
1	440	240	0.999774
1	440	214	0.999774
1	440	146	0.999774
1	440	46	0.999774
1	440	177	0.999774
1	440	200	0.999774
1	440	209	0.999772
0	440	417	0.999769
1	440	357	0.999769
1	440	309	0.999767
1	440	197	0.999764
1	440	149	0.999762
1	440	170	0.999762
1	440	160	0.999762
1	440	272	0.999762
1	440	43	0.999759
1	440	122	0.999757
0	440	425	0.999757
0	440	368	0.999757
1	440	348	0.999754
1	440	320	0.999754
1	440	215	0.999754
0	440	439	0.999754
1	440	338	0.999752
1	440	119	0.999749
1	440	303	0.999749
0	440	396	0.999749
1	440	297	0.999749
1	440	361	0.999749
1	440	362	0.999746
1	440	322	0.999746
1	440	218	0.999746
1	440	160	0.999744
1	440	131	0.999744
1	440	71	0.999741
1	440	308	0.999739
1	440	288	0.999739
1	440	360	0.999736
1	440	208	0.999736
1	440	262	0.999731
1	440	219	0.999729
0	440	429	0.999729
1	440	318	0.999726
1	440	170	0.999726
1	440	274	0.999726
0	440	363	0.999726
0	440	407	0.999726
1	440	350	0.999724
1	440	291	0.999724
1	440	332	0.999719
1	440	320	0.999716
1	440	62	0.999716
1	440	264	0.999716
1	440	288	0.999713
1	440	274	0.999711
1	440	119	0.999711
0	440	404	0.999708
1	440	133	0.999708
0	440	356	0.999706
1	440	314	0.999706
0	440	401	0.999698
1	440	269	0.999698
0	440	399	0.999698
0	440	395	0.999696
1	440	292	0.999696
0	440	378	0.999688
1	440	253	0.999686
1	440	320	0.999683
1	440	297	0.999681
1	440	334	0.999681
0	440	385	0.999678
1	440	258	0.999678
0	440	395	0.999675
1	440	287	0.999673
1	440	134	0.999673
1	440	304	0.999673
1	440	183	0.99967
1	440	238	0.99967
1	440	295	0.99967
1	440	121	0.999668
0	440	387	0.999668
1	440	161	0.999665
1	440	284	0.999665
1	440	97	0.999665
1	440	310	0.999663
0	440	344	0.999663
1	440	55	0.999663
1	440	136	0.99966
1	440	265	0.99966
1	440	253	0.999658
0	440	391	0.999658
1	440	106	0.999655
1	440	44	0.999655
1	440	333	0.999655
1	440	284	0.999655
1	440	277	0.99965
0	440	343	0.999648
0	440	428	0.999648
1	440	115	0.999645
0	440	426	0.999645
1	440	336	0.999643
1	440	287	0.999643
1	440	194	0.99964
0	440	376	0.99964
0	440	356	0.99964
1	440	317	0.99964
0	440	384	0.99964
0	440	427	0.999637
0	440	358	0.999637
1	440	333	0.999637
1	440	302	0.999635
1	440	229	0.999635
1	440	292	0.999632
1	440	253	0.99963
1	440	323	0.99963
1	440	46	0.99963
0	440	345	0.999627
0	440	389	0.999625
1	440	109	0.999625
1	440	64	0.999625
1	440	94	0.999622
1	440	309	0.999617
1	440	160	0.999615
1	440	165	0.999612
1	440	54	0.999612
1	440	141	0.999612
1	440	322	0.999612
1	440	81	0.999612
1	440	191	0.99961
1	440	211	0.999607
1	440	123	0.999607
0	440	431	0.999607
1	440	190	0.999604
1	440	238	0.999604
0	440	429	0.999602
0	440	368	0.999602
1	440	285	0.999599
1	440	286	0.999597
1	440	301	0.999597
0	440	418	0.999597
1	440	81	0.999597
1	440	216	0.999594
1	440	231	0.999594
0	440	386	0.999594
1	440	40	0.999592
1	440	223	0.999592
0	440	357	0.999592
1	440	128	0.999582
1	440	60	0.999582
0	440	359	0.999582
1	440	318	0.999582
0	440	392	0.999582
1	440	258	0.999579
1	440	190	0.999579
1	440	234	0.999577
1	440	49	0.999577
1	440	97	0.999574
0	440	405	0.999572
0	440	344	0.999572
1	440	280	0.999572
0	440	438	0.999572
1	440	300	0.999572
0	440	384	0.999572
0	440	341	0.999569
0	440	382	0.999569
0	440	363	0.999566
1	440	155	0.999566
1	440	299	0.999564
1	440	70	0.999564
1	440	79	0.999564
1	440	54	0.999561
1	440	37	0.999561
0	440	331	0.999556
1	440	282	0.999556
1	440	311	0.999554
1	440	219	0.999554
1	440	229	0.999551
1	440	99	0.999544
1	440	254	0.999544
1	440	238	0.999541
1	440	236	0.999541
0	440	386	0.999541
0	440	359	0.999539
1	440	247	0.999539
1	440	299	0.999539
0	440	394	0.999536
1	440	258	0.999536
1	440	290	0.999534
1	440	42	0.999531
1	440	248	0.999531
1	440	242	0.999531
1	440	176	0.999528
0	440	343	0.999528
0	440	337	0.999523
1	440	296	0.999523
1	440	73	0.999523
0	440	365	0.999523
0	440	435	0.999523
1	440	208	0.999521
0	440	341	0.999521
1	440	63	0.999521
1	440	163	0.999521
1	440	134	0.999518
1	440	235	0.999518
1	440	273	0.999516
0	440	406	0.999516
1	440	113	0.999516
1	440	232	0.999513
1	440	175	0.999513
1	440	194	0.999513
0	440	335	0.999513
1	440	296	0.999511
0	440	356	0.999511
1	440	305	0.999511
1	440	59	0.999511
1	440	76	0.999508
0	440	386	0.999508
1	440	297	0.999506
1	440	179	0.999503
1	440	265	0.999501
1	440	87	0.999498
0	440	415	0.999498
1	440	163	0.999496
1	440	197	0.999493
1	440	110	0.999493
1	440	266	0.99949
0	440	404	0.999488
0	440	334	0.999488
1	440	266	0.999488
1	440	263	0.999485
1	440	126	0.999485
0	440	311	0.999485
0	440	369	0.999483
0	440	430	0.999483
1	440	183	0.99948
1	440	116	0.99948
1	440	262	0.99948
1	440	302	0.999478
1	440	138	0.999478
0	440	382	0.999475
0	440	319	0.999473
0	440	419	0.999468
1	440	298	0.999468
1	440	205	0.999465
0	440	360	0.999463
1	440	144	0.999463
1	440	111	0.999463
0	440	428	0.999463
1	440	300	0.99946
1	440	51	0.999457
1	440	95	0.999457
1	440	103	0.999457
1	440	162	0.999455
0	440	372	0.999455
1	440	277	0.999455
0	440	374	0.999455
1	440	169	0.999455
0	440	366	0.999452
0	440	392	0.999452
1	440	228	0.99945
1	440	64	0.99945
1	440	297	0.999447
0	440	397	0.999447
1	440	199	0.999447
0	440	388	0.999445
0	440	418	0.999442
1	440	292	0.999442
0	440	315	0.99944
1	440	55	0.999437
1	440	257	0.999435
1	440	140	0.999435
1	440	195	0.999432
1	440	247	0.99943
0	440	439	0.99943
1	440	118	0.99943
0	440	318	0.999427
0	440	431	0.999427
0	440	379	0.999427
1	440	182	0.999427
1	440	240	0.999425
0	440	399	0.999425
1	440	217	0.999425
1	440	52	0.999425
1	440	255	0.999422
0	440	382	0.999419
1	440	292	0.999419
1	440	76	0.999419
1	440	234	0.999419
1	440	101	0.999417
1	440	42	0.999414
0	440	301	0.999414
1	440	208	0.999414
0	440	294	0.999412
1	440	197	0.999409
0	440	371	0.999402
0	440	430	0.999402
0	440	409	0.999402
1	440	125	0.999402
0	440	320	0.999402
1	440	40	0.999402
1	440	280	0.999399
0	440	392	0.999397
1	440	58	0.999394
1	440	208	0.999394
1	440	156	0.999392
1	440	201	0.999389
0	440	413	0.999387
1	440	59	0.999384
1	440	175	0.999381
0	440	367	0.999381
0	440	364	0.999379
1	440	90	0.999379
0	440	372	0.999376
0	440	428	0.999376
0	440	309	0.999371
0	440	312	0.999371
1	440	178	0.999369
0	440	357	0.999366
1	440	231	0.999364
0	440	351	0.999364
1	440	201	0.999359
1	440	265	0.999359
1	440	90	0.999359
1	440	98	0.999359
1	440	73	0.999356
0	440	357	0.999356
0	440	425	0.999356
0	440	328	0.999354
0	440	323	0.999354
1	440	273	0.999351
1	440	50	0.999351
1	440	66	0.999351
0	440	407	0.999351
1	440	194	0.999351
1	440	43	0.999346
1	440	166	0.999346
1	440	206	0.999343
0	440	413	0.999341
1	440	272	0.999338
1	440	120	0.999338
1	440	248	0.999338
1	440	218	0.999336
0	440	343	0.999333
1	440	48	0.999333
1	440	165	0.999333
1	440	96	0.999331
1	440	158	0.999331
1	440	143	0.999328
0	440	385	0.999326
1	440	104	0.999326
1	440	130	0.999326
1	440	130	0.999323
1	440	156	0.999321
1	440	160	0.999321
0	440	311	0.999321
1	440	58	0.999318
1	440	273	0.999318
0	440	306	0.999316
0	440	371	0.999316
1	440	47	0.999316
0	440	424	0.999316
0	440	293	0.999316
1	440	71	0.999316
1	440	259	0.999313
1	440	208	0.999311
1	440	78	0.999311
1	440	48	0.999308
1	440	159	0.999308
1	440	45	0.999305
0	440	398	0.999305
1	440	116	0.999305
0	440	365	0.999305
1	440	133	0.999305
1	440	121	0.9993
0	440	389	0.999298
0	440	276	0.999298
0	440	377	0.999298
1	440	123	0.999298
0	440	275	0.999298
1	440	129	0.999295
0	440	430	0.999295
1	440	100	0.999293
1	440	151	0.999293
0	440	295	0.999293
0	440	405	0.99929
1	440	53	0.99929
0	440	286	0.999288
0	440	296	0.999288
1	440	119	0.999283
1	440	239	0.999283
0	440	429	0.999283
1	440	161	0.99928
1	440	213	0.999278
1	440	184	0.999278
1	440	185	0.999275
1	440	232	0.999275
0	440	334	0.99927
1	440	166	0.99927
1	440	231	0.999262
0	440	275	0.999262
0	440	437	0.999262
1	440	152	0.999262
1	440	63	0.99926
1	440	197	0.99926
1	440	238	0.999257
0	440	413	0.999257
1	440	155	0.999257
1	440	189	0.999257
1	440	265	0.999255
1	440	43	0.999255
1	440	156	0.999255
0	440	324	0.999255
0	440	306	0.999255
1	440	78	0.999252
0	440	310	0.999252
1	440	244	0.99925
0	440	352	0.99925
0	440	316	0.999247
1	440	236	0.999245
1	440	127	0.999242
1	440	97	0.999242
0	440	408	0.999242
0	440	407	0.99924
1	440	55	0.999237
0	440	432	0.999232
0	440	305	0.999232
1	440	248	0.999229
1	440	134	0.999227
0	440	372	0.999227
0	440	309	0.999224
0	440	298	0.999224
1	440	256	0.999222
1	440	154	0.999222
1	440	114	0.999219
0	440	300	0.999219
1	440	169	0.999217
0	440	360	0.999217
1	440	251	0.999209
0	440	264	0.999209
0	440	401	0.999207
0	440	361	0.999207
1	440	81	0.999204
0	440	269	0.999204
1	440	224	0.999204
0	440	299	0.999202
0	440	377	0.999199
1	440	154	0.999199
1	440	80	0.999199
0	440	301	0.999194
1	440	37	0.999194
0	440	438	0.999194
1	440	172	0.999191
1	440	146	0.999189
0	440	256	0.999189
0	440	291	0.999186
1	440	105	0.999184
1	440	217	0.999181
0	440	266	0.999181
0	440	352	0.999179
0	440	274	0.999179
1	440	78	0.999179
0	440	356	0.999179
0	440	286	0.999176
1	440	170	0.999176
0	440	382	0.999176
1	440	193	0.999174
1	440	152	0.999169
1	440	103	0.999169
0	440	410	0.999169
1	440	217	0.999166
1	440	135	0.999166
0	440	394	0.999166
0	440	353	0.999164
1	440	93	0.999164
0	440	412	0.999161
0	440	362	0.999161
0	440	366	0.999161
0	440	364	0.999161
0	440	272	0.999158
1	440	239	0.999156
0	440	283	0.999156
1	440	46	0.999153
0	440	408	0.999151
1	440	237	0.999151
0	440	377	0.999148
1	440	230	0.999146
1	440	207	0.999146
1	440	60	0.999146
1	440	216	0.999146
1	440	122	0.999143
1	440	101	0.999143
0	440	372	0.999143
1	440	99	0.999143
1	440	222	0.999141
1	440	106	0.999141
1	440	99	0.999138
0	440	318	0.999136
0	440	294	0.999136
1	440	65	0.999136
0	440	326	0.999136
1	440	86	0.999133
0	440	274	0.999131
1	440	132	0.999131
1	440	122	0.999131
1	440	151	0.999128
1	440	161	0.999123
0	440	282	0.999123
1	440	61	0.999123
0	440	408	0.999118
0	440	309	0.999118
1	440	65	0.999118
1	440	114	0.999118
1	440	112	0.999115
1	440	199	0.999115
1	440	99	0.999113
0	440	313	0.999113
0	440	360	0.999113
1	440	69	0.999113
0	440	331	0.99911
0	440	392	0.99911
0	440	332	0.999108
0	440	392	0.999105
0	440	353	0.999105
0	440	398	0.999105
0	440	354	0.999103
0	440	413	0.999103
0	440	262	0.999103
0	440	298	0.9991
0	440	425	0.999098
0	440	323	0.999095
1	440	210	0.999095
1	440	97	0.999095
0	440	309	0.999093
1	440	208	0.999093
0	440	426	0.99909
0	440	342	0.99909
1	440	131	0.999085
0	440	273	0.999082
1	440	74	0.999082
0	440	391	0.999082
0	440	350	0.999082
1	440	142	0.999075
1	440	203	0.999075
1	440	165	0.999072
0	440	325	0.99907
1	440	74	0.99907
0	440	264	0.999067
0	440	439	0.999067
1	440	104	0.999067
0	440	267	0.999065
1	440	211	0.999062
0	440	431	0.999062
1	440	74	0.999057
1	440	61	0.999055
1	440	235	0.999052
0	440	253	0.99905
0	440	393	0.99905
0	440	268	0.99905
1	440	136	0.99905
0	440	407	0.999047
0	440	253	0.999047
0	440	349	0.999044
1	440	172	0.999044
1	440	161	0.999044
0	440	268	0.999044
1	440	195	0.999042
1	440	104	0.999039
1	440	192	0.999039
0	440	421	0.999037
0	440	320	0.999034
0	440	350	0.999034
0	440	295	0.999034
1	440	121	0.999034
0	440	415	0.999032
0	440	379	0.999029
0	440	372	0.999029
1	440	155	0.999029
0	440	298	0.999029
1	440	139	0.999027
0	440	369	0.999024
1	440	210	0.999024
0	440	435	0.999024
0	440	261	0.999024
0	440	335	0.999022
0	440	286	0.999019
0	440	336	0.999019
1	440	176	0.999019
0	440	420	0.999017
1	440	169	0.999017
1	440	172	0.999014
0	440	331	0.999014
1	440	159	0.999012
0	440	356	0.999012
0	440	406	0.999009
1	440	90	0.999009
1	440	100	0.999006
1	440	135	0.999006
1	440	181	0.999006
1	440	135	0.999006
1	440	94	0.999006
0	440	278	0.999004
1	440	133	0.999004
1	440	130	0.999001
1	440	228	0.999001
0	440	351	0.999001
1	440	37	0.998999
1	440	135	0.998999
0	440	403	0.998999
1	440	191	0.998999
0	440	232	0.998999
0	440	306	0.998996
1	440	146	0.998996
1	440	109	0.998996
0	440	439	0.998994
0	440	276	0.998994
0	440	310	0.998994
0	440	336	0.998994
1	440	175	0.998991
0	440	308	0.998991
0	440	278	0.998989
0	440	349	0.998989
1	440	206	0.998986
0	440	436	0.998986
0	440	252	0.998986
0	440	357	0.998986
1	440	135	0.998986
1	440	91	0.998984
0	440	272	0.998984
1	440	57	0.998984
1	440	81	0.998984
1	440	84	0.998981
0	440	429	0.998981
0	440	268	0.998981
0	440	293	0.998979
1	440	143	0.998979
0	440	308	0.998976
0	440	397	0.998976
1	440	185	0.998971
1	440	132	0.998971
1	440	161	0.998968
0	440	259	0.998968
1	440	94	0.998968
1	440	172	0.998966
1	440	175	0.998963
0	440	406	0.998963
1	440	67	0.998963
0	440	344	0.998961
1	440	61	0.998961
0	440	380	0.998961
0	440	318	0.998958
0	440	298	0.998956
0	440	275	0.998956
0	440	362	0.998956
1	440	218	0.998956
1	440	77	0.998956
0	440	290	0.998953
1	440	138	0.998953
0	440	414	0.998951
1	440	105	0.998951
1	440	147	0.998951
0	440	395	0.998943
0	440	362	0.998943
1	440	209	0.998943
1	440	181	0.998941
1	440	159	0.998938
1	440	85	0.998938
0	440	336	0.998938
0	440	284	0.998936
0	440	233	0.998936
0	440	431	0.998933
1	440	172	0.998933
1	440	121	0.998933
0	440	310	0.998933
1	440	220	0.99893
0	440	276	0.998928
0	440	245	0.998928
0	440	254	0.998928
0	440	374	0.998925
0	440	294	0.998925
0	440	272	0.998923
1	440	184	0.998923
0	440	286	0.998923
1	440	206	0.998923
1	440	184	0.99892
0	440	433	0.99892
0	440	296	0.99892
0	440	423	0.99892
0	440	357	0.99892
0	440	361	0.998918
1	440	161	0.998918
0	440	396	0.998915
1	440	94	0.998915
1	440	104	0.998915
0	440	300	0.998913
0	440	273	0.998913
0	440	350	0.998913
0	440	439	0.99891
1	440	201	0.998905
0	440	251	0.998905
0	440	301	0.9989
0	440	266	0.9989
0	440	403	0.998898
0	440	383	0.998898
1	440	115	0.998898
1	440	144	0.998898
0	440	378	0.998898
1	440	102	0.998898
1	440	44	0.998895
0	440	366	0.998895
1	440	189	0.998895
0	440	239	0.998892
0	440	252	0.998892
0	440	329	0.998892
0	440	275	0.99889
0	440	439	0.998887
0	440	419	0.998887
0	440	235	0.998887
0	440	276	0.998887
1	440	143	0.998887
0	440	283	0.998885
1	440	195	0.998882
1	440	201	0.99888
1	440	53	0.998877
0	440	374	0.998875
0	440	438	0.998872
0	440	369	0.998872
0	440	225	0.998872
0	440	350	0.99887
0	440	322	0.99887
0	440	293	0.99887
1	440	159	0.99887
0	440	378	0.99887
1	440	166	0.998865
0	440	360	0.998865
0	440	392	0.998865
1	440	187	0.998862
0	440	250	0.998862
0	440	271	0.998862
0	440	234	0.99886
0	440	217	0.998857
1	440	196	0.998857
0	440	266	0.998854
1	440	138	0.998849
0	440	271	0.998849
1	440	80	0.998849
0	440	307	0.998849
0	440	417	0.998849
0	440	365	0.998849
0	440	291	0.998847
0	440	431	0.998847
0	440	376	0.998847
0	440	277	0.998844
1	440	59	0.998844
0	440	420	0.998842
1	440	91	0.998839
1	440	95	0.998839
0	440	273	0.998839
1	440	58	0.998837
1	440	114	0.998837
0	440	230	0.998837
0	440	387	0.998837
0	440	249	0.998834
0	440	381	0.998832
1	440	114	0.998832
0	440	324	0.998832
0	440	365	0.998829
0	440	288	0.998829
1	440	119	0.998827
1	440	46	0.998827
1	440	123	0.998824
1	440	67	0.998824
0	440	436	0.998824
0	440	436	0.998824
1	440	123	0.998819
1	440	83	0.998819
0	440	393	0.998819
0	440	390	0.998816
0	440	272	0.998816
1	440	69	0.998816
1	440	66	0.998816
0	440	384	0.998814
1	440	204	0.998814
1	440	199	0.998811
1	440	186	0.998809
1	440	167	0.998809
1	440	157	0.998809
1	440	135	0.998809
1	440	212	0.998809
1	440	103	0.998804
1	440	59	0.998804
0	440	228	0.998804
1	440	107	0.998804
1	440	42	0.998804
0	440	355	0.998804
1	440	76	0.998801
0	440	356	0.998801
1	440	211	0.998801
0	440	280	0.998796
0	440	220	0.998796
0	440	424	0.998794
1	440	71	0.998794
1	440	146	0.998791
0	440	320	0.998789
1	440	142	0.998781
1	440	79	0.998781
0	440	238	0.998778
1	440	159	0.998778
0	440	364	0.998778
1	440	189	0.998773
0	440	318	0.998773
0	440	251	0.998773
1	440	146	0.998773
1	440	82	0.998768
1	440	87	0.998768
0	440	407	0.998768
1	440	46	0.998766
0	440	216	0.998766
0	440	316	0.998763
1	440	204	0.998763
0	440	399	0.998763
0	440	387	0.998761
0	440	419	0.998761
0	440	437	0.998761
1	440	50	0.998761
0	440	385	0.998758
0	440	282	0.998758
0	440	389	0.998756
0	440	237	0.998753
1	440	126	0.998751
0	440	372	0.998748
0	440	332	0.998748
1	440	146	0.998746
0	440	321	0.998746
1	440	155	0.998743
1	440	90	0.998741
0	440	250	0.998741
0	440	218	0.998741
0	440	388	0.998738
0	440	259	0.998738
1	440	55	0.998735
0	440	291	0.998733
1	440	50	0.99873
0	440	230	0.99873
0	440	279	0.99873
1	440	140	0.998728
0	440	402	0.998723
1	440	127	0.998723
0	440	365	0.99872
0	440	216	0.99872
0	440	414	0.99872
1	440	139	0.998718
0	440	327	0.998718
0	440	269	0.998718
0	440	434	0.998715
1	440	202	0.998715
1	440	183	0.998715
0	440	400	0.998715
1	440	142	0.99871
0	440	407	0.99871
0	440	271	0.998708
1	440	131	0.998705
0	440	311	0.998705
0	440	306	0.998705
1	440	79	0.998705
1	440	139	0.998705
1	440	127	0.998703
1	440	199	0.998703
0	440	309	0.9987
0	440	376	0.9987
0	440	410	0.998697
1	440	183	0.998697
1	440	160	0.998697
1	440	198	0.998697
1	440	128	0.998692
1	440	161	0.998692
0	440	205	0.998692
1	440	94	0.998692
0	440	313	0.998692
1	440	85	0.99869
0	440	386	0.998687
1	440	187	0.998687
1	440	89	0.998687
0	440	433	0.998685
1	440	68	0.99868
0	440	275	0.99868
0	440	303	0.99868
0	440	245	0.99868
1	440	174	0.99868
1	440	42	0.998677
0	440	251	0.998675
0	440	426	0.998675
1	440	54	0.998675
0	440	316	0.998672
0	440	400	0.99867
0	440	308	0.99867
0	440	417	0.998667
1	440	123	0.998667
0	440	265	0.998665
0	440	216	0.998665
0	440	382	0.998665
1	440	42	0.998665
0	440	383	0.998662
0	440	374	0.998659
0	440	257	0.998654
0	440	235	0.998652
1	440	138	0.998649
0	440	374	0.998649
1	440	138	0.998649
0	440	265	0.998647
0	440	393	0.998644
1	440	133	0.998637
1	440	71	0.998637
1	440	47	0.998634
1	440	150	0.998634
0	440	385	0.998634
0	440	267	0.998634
0	440	262	0.998632
0	440	296	0.998629
0	440	286	0.998629
1	440	129	0.998629
1	440	142	0.998627
0	440	432	0.998624
1	440	115	0.998624
0	440	423	0.998621
0	440	222	0.998619
1	440	130	0.998619
1	440	163	0.998616
1	440	135	0.998616
0	440	294	0.998614
0	440	226	0.998611
0	440	290	0.998611
0	440	384	0.998611
0	440	407	0.998609
1	440	139	0.998609
0	440	330	0.998606
0	440	241	0.998606
0	440	373	0.998601
1	440	54	0.998601
1	440	57	0.998599
0	440	224	0.998594
0	440	288	0.998591
0	440	209	0.998591
0	440	280	0.998591
1	440	104	0.998591
1	440	89	0.998589
1	440	156	0.998589
0	440	221	0.998586
0	440	244	0.998586
1	440	92	0.998583
0	440	327	0.998581
1	440	48	0.998578
0	440	426	0.998578
0	440	372	0.998576
0	440	375	0.998571
0	440	248	0.998571
0	440	402	0.998571
1	440	72	0.998571
0	440	437	0.998571
1	440	190	0.998568
0	440	325	0.998568
0	440	355	0.998566
0	440	280	0.998566
1	440	109	0.998566
0	440	352	0.998566
0	440	396	0.998563
0	440	230	0.998563
0	440	420	0.998563
0	440	345	0.998563
0	440	365	0.998561
1	440	116	0.998561
0	440	430	0.998561
1	440	71	0.998558
0	440	326	0.998558
1	440	45	0.998558
0	440	262	0.998556
1	440	156	0.998556
1	440	134	0.998556
0	440	366	0.998553
1	440	121	0.998553
1	440	100	0.998553
0	440	234	0.998551
0	440	338	0.998551
1	440	40	0.99854
0	440	221	0.99854
0	440	247	0.99854
0	440	345	0.99854
0	440	346	0.998538
0	440	299	0.998538
0	440	319	0.998535
1	440	65	0.998535
0	440	435	0.998535
0	440	342	0.998535
0	440	332	0.998533
0	440	213	0.998533
0	440	269	0.99853
1	440	85	0.99853
0	440	384	0.99853
1	440	84	0.998528
1	440	77	0.998528
1	440	108	0.998525
1	440	90	0.998525
0	440	269	0.998523
0	440	433	0.998523
0	440	431	0.99852
0	440	213	0.99852
0	440	201	0.998518
1	440	179	0.998515
0	440	389	0.998515
0	440	437	0.998513
0	440	243	0.998513
1	440	51	0.99851
1	440	182	0.99851
1	440	113	0.998508
1	440	172	0.998508
1	440	77	0.998505
0	440	203	0.998505
0	440	209	0.998505
1	440	152	0.998505
0	440	282	0.998502
1	440	124	0.9985
1	440	130	0.9985
0	440	415	0.9985
0	440	439	0.9985
1	440	137	0.9985
0	440	359	0.998497
1	440	171	0.998497
1	440	180	0.998495
0	440	406	0.998495
1	440	122	0.998495
0	440	212	0.998495
1	440	89	0.998492
0	440	224	0.998492
1	440	148	0.998492
0	440	286	0.998492
1	440	146	0.998492
1	440	82	0.99849
0	440	207	0.998487
1	440	137	0.998487
1	440	118	0.998487
1	440	52	0.998487
0	440	345	0.998485
0	440	207	0.998485
1	440	121	0.998485
1	440	119	0.99848
1	440	180	0.99848
0	440	228	0.998475
0	440	423	0.998475
0	440	239	0.998475
0	440	386	0.998475
0	440	388	0.998467
1	440	166	0.998462
0	440	364	0.998462
1	440	170	0.998462
0	440	383	0.998462
0	440	274	0.998459
0	440	393	0.998459
1	440	67	0.998457
0	440	427	0.998457
1	440	161	0.998457
0	440	223	0.998454
0	440	299	0.998452
1	440	180	0.998449
1	440	79	0.998449
1	440	165	0.998444
1	440	132	0.998444
0	440	204	0.998444
1	440	154	0.998442
0	440	375	0.998439
0	440	436	0.998439
0	440	215	0.998439
1	440	85	0.998439
1	440	112	0.998439
1	440	60	0.998437
0	440	436	0.998434
0	440	344	0.998429
0	440	225	0.998429
1	440	97	0.998427
0	440	260	0.998427
1	440	136	0.998427
1	440	83	0.998424
0	440	339	0.998424
0	440	317	0.998421
0	440	356	0.998419
0	440	355	0.998419
0	440	196	0.998416
0	440	405	0.998416
1	440	134	0.998416
1	440	99	0.998416
0	440	228	0.998416
1	440	128	0.998411
0	440	409	0.998411
0	440	436	0.998409
0	440	184	0.998409
0	440	267	0.998404
0	440	198	0.998404
1	440	170	0.998394
1	440	48	0.998394
0	440	273	0.998394
1	440	160	0.998394
1	440	98	0.998391
0	440	295	0.998391
0	440	357	0.998389
1	440	123	0.998389
0	440	244	0.998389
0	440	314	0.998389
0	440	330	0.998386
0	440	416	0.998383
1	440	166	0.998383
0	440	214	0.998383
1	440	45	0.998383
0	440	237	0.998381
1	440	159	0.998381
0	440	237	0.998381
0	440	206	0.998378
1	440	92	0.998378
1	440	173	0.998378
0	440	391	0.998376
1	440	121	0.998371
0	440	308	0.998368
1	440	82	0.998366
0	440	275	0.998366
1	440	136	0.998363
1	440	180	0.998363
0	440	231	0.998363
1	440	175	0.998361
0	440	300	0.998361
1	440	136	0.998358
0	440	383	0.998358
0	440	358	0.998358
0	440	254	0.998356
1	440	51	0.998356
0	440	322	0.998353
0	440	418	0.998351
0	440	364	0.998348
1	440	147	0.998348
1	440	173	0.998348
0	440	189	0.998348
0	440	216	0.998346
0	440	209	0.998343
0	440	190	0.998343
0	440	266	0.998343
0	440	428	0.99834
0	440	318	0.99834
1	440	94	0.99834
0	440	278	0.99834
0	440	408	0.998335
0	440	421	0.998335
0	440	235	0.998333
0	440	302	0.99833
0	440	282	0.998328
1	440	174	0.998328
0	440	241	0.998325
1	440	116	0.998325
0	440	282	0.998323
0	440	258	0.998323
0	440	293	0.99832
0	440	374	0.99832
0	440	370	0.99832
1	440	65	0.99832
0	440	284	0.99832
1	440	76	0.998318
0	440	335	0.998318
0	440	362	0.998318
0	440	183	0.998313
1	440	98	0.998313
0	440	183	0.998305
1	440	60	0.998305
0	440	344	0.998305
0	440	269	0.998305
0	440	386	0.998305
0	440	207	0.998302
0	440	251	0.998302
0	440	243	0.998302
0	440	363	0.9983
0	440	383	0.9983
0	440	361	0.9983
0	440	422	0.998297
0	440	220	0.998295
1	440	101	0.99829
1	440	153	0.998287
1	440	160	0.998287
0	440	295	0.998287
0	440	208	0.998282
0	440	422	0.998282
1	440	170	0.99828
1	440	123	0.99828
0	440	254	0.99828
0	440	329	0.99828
0	440	188	0.998275
1	440	70	0.998272
0	440	311	0.99827
1	440	85	0.998267
1	440	111	0.998267
1	440	159	0.998267
0	440	224	0.998264
1	440	106	0.998262
0	440	255	0.998262
0	440	373	0.998262
0	440	291	0.998262
0	440	325	0.998259
0	440	274	0.998257
0	440	261	0.998257
1	440	46	0.998254
0	440	353	0.998252
0	440	322	0.998252
0	440	264	0.998252
1	440	93	0.998252
0	440	231	0.998244
0	440	397	0.998244
0	440	308	0.998244
1	440	111	0.998244
0	440	288	0.998242
0	440	296	0.998242
1	440	61	0.998239
0	440	391	0.998239
1	440	92	0.998237
0	440	328	0.998237
0	440	262	0.998237
1	440	47	0.998237
0	440	428	0.998234
1	440	65	0.998234
0	440	256	0.998232
1	440	109	0.998229
1	440	132	0.998229
0	440	362	0.998227
0	440	315	0.998224
1	440	79	0.998224
0	440	406	0.998224
0	440	407	0.998224
1	440	133	0.998219
1	440	43	0.998219
0	440	433	0.998219
0	440	371	0.998214
0	440	289	0.998211
0	440	290	0.998209
0	440	340	0.998206
0	440	346	0.998204
1	440	151	0.998204
0	440	189	0.998204
0	440	319	0.998201
1	440	111	0.998199
1	440	114	0.998199
0	440	397	0.998199
1	440	79	0.998196
1	440	67	0.998191
0	440	432	0.998189
0	440	327	0.998186
0	440	193	0.998183
1	440	95	0.998183
1	440	44	0.998183
0	440	341	0.998181
0	440	301	0.998181
0	440	272	0.998181
0	440	283	0.998181
0	440	429	0.998181
1	440	167	0.998181
1	440	146	0.998178
0	440	266	0.998176
0	440	341	0.998176
1	440	107	0.998171
0	440	244	0.998168
1	440	109	0.998166
1	440	165	0.998166
0	440	350	0.998166
1	440	159	0.998163
1	440	86	0.998163
1	440	166	0.998163
0	440	286	0.998158
0	440	177	0.998156
0	440	406	0.998156
0	440	403	0.998156
0	440	208	0.998153
0	440	217	0.998153
0	440	241	0.998153
0	440	402	0.998151
0	440	330	0.998151
0	440	414	0.998151
0	440	352	0.998148
0	440	395	0.998148
0	440	293	0.998148
0	440	410	0.99814
1	440	171	0.99814
1	440	143	0.998138
0	440	340	0.998138
0	440	350	0.998135
1	440	48	0.998133
1	440	150	0.99813
0	440	422	0.99813
0	440	396	0.99813
1	440	51	0.998128
0	440	228	0.998128
0	440	423	0.998123
0	440	352	0.998123
1	440	104	0.99812
1	440	139	0.99812
0	440	233	0.99812
0	440	184	0.998118
0	440	420	0.998115
1	440	143	0.998115
0	440	429	0.998115
0	440	181	0.998113
0	440	427	0.998113
0	440	175	0.99811
0	440	225	0.998108
1	440	62	0.998102
0	440	257	0.998102
0	440	439	0.998102
0	440	326	0.998102
0	440	176	0.998097
1	440	155	0.998095
0	440	235	0.998095
0	440	321	0.998092
0	440	327	0.99809
0	440	192	0.99809
1	440	109	0.99809
0	440	406	0.998085
1	440	94	0.998085
0	440	290	0.998085
0	440	191	0.998082
0	440	297	0.998082
0	440	170	0.998082
0	440	192	0.99808
0	440	406	0.99808
0	440	431	0.99808
0	440	359	0.99808
0	440	384	0.998077
1	440	45	0.998077
1	440	141	0.998072
0	440	377	0.998072
0	440	229	0.998072
0	440	302	0.998072
0	440	324	0.998067
0	440	395	0.998067
0	440	264	0.998065
1	440	165	0.998065
0	440	437	0.998065
0	440	230	0.998059
0	440	375	0.998057
0	440	427	0.998057
0	440	169	0.998054
1	440	95	0.998054
1	440	62	0.998054
0	440	282	0.998054
0	440	349	0.998052
0	440	247	0.998047
1	440	72	0.998044
1	440	44	0.998044
0	440	321	0.998042
0	440	427	0.998042
0	440	283	0.998039
1	440	51	0.998039
0	440	197	0.998039
1	440	90	0.998039
1	440	144	0.998039
1	440	71	0.998037
0	440	403	0.998032
1	440	100	0.998032
1	440	96	0.998032
0	440	294	0.998032
0	440	180	0.998029
0	440	174	0.998029
0	440	311	0.998027
1	440	163	0.998027
0	440	408	0.998027
0	440	248	0.998024
1	440	128	0.998022
0	440	411	0.998022
0	440	407	0.998019
0	440	362	0.998016
0	440	320	0.998014
0	440	287	0.998014
0	440	350	0.998014
0	440	169	0.998011
0	440	257	0.998009
0	440	297	0.998009
0	440	205	0.998009
1	440	44	0.998009
1	440	112	0.998009
0	440	417	0.998009
1	440	146	0.998006
1	440	91	0.998001
0	440	200	0.998001
0	440	327	0.998001
0	440	333	0.997996
0	440	421	0.997994
1	440	104	0.997991
0	440	435	0.997991
0	440	356	0.997991
0	440	233	0.997991
1	440	113	0.997991
1	440	64	0.997989
1	440	48	0.997989
1	440	49	0.997989
0	440	322	0.997986
1	440	48	0.997984
0	440	395	0.997981
1	440	143	0.997981
0	440	307	0.997981
0	440	257	0.997981
0	440	270	0.997981
0	440	433	0.997981
1	440	151	0.997981
1	440	147	0.997978
1	440	53	0.997978
0	440	238	0.997978
0	440	360	0.997976
0	440	275	0.997976
0	440	303	0.997976
0	440	221	0.997976
0	440	398	0.997971
0	440	397	0.997968
0	440	287	0.997966
0	440	184	0.997963
1	440	104	0.997961
1	440	122	0.997961
0	440	331	0.997961
0	440	269	0.997961
1	440	129	0.997958
1	440	69	0.997958
1	440	144	0.997958
0	440	238	0.997956
1	440	98	0.997956
0	440	253	0.997956
1	440	146	0.997953
0	440	316	0.997953
0	440	277	0.997951
0	440	308	0.997951
0	440	358	0.997946
1	440	122	0.997946
1	440	40	0.997946
1	440	92	0.997943
0	440	341	0.997943
0	440	279	0.997941
0	440	267	0.997941
1	440	46	0.997941
1	440	163	0.997938
0	440	348	0.997938
0	440	317	0.997938
0	440	335	0.997938
0	440	403	0.997938
0	440	351	0.997935
0	440	382	0.997935
1	440	129	0.997935
1	440	64	0.997935
1	440	90	0.997933
1	440	75	0.997933
1	440	134	0.99793
0	440	410	0.99793
0	440	386	0.997928
0	440	186	0.997928
0	440	172	0.997928
0	440	335	0.997925
1	440	62	0.997923
0	440	334	0.997923
1	440	66	0.997923
0	440	200	0.997923
1	440	112	0.997923
0	440	177	0.99792
0	440	233	0.997918
0	440	254	0.997913
0	440	397	0.997913
1	440	61	0.997913
0	440	343	0.997908
0	440	196	0.997908
0	440	435	0.997908
0	440	380	0.997908
1	440	105	0.997905
0	440	196	0.997905
0	440	335	0.997905
0	440	402	0.997905
0	440	324	0.997903
1	440	117	0.997903
0	440	328	0.997903
0	440	267	0.9979
0	440	237	0.9979
0	440	185	0.9979
0	440	327	0.9979
0	440	314	0.9979
1	440	51	0.9979
0	440	174	0.9979
0	440	280	0.997898
1	440	123	0.997895
1	440	39	0.997895
0	440	194	0.997892
0	440	339	0.997892
0	440	235	0.99789
0	440	410	0.997887
0	440	383	0.997885
0	440	413	0.997885
1	440	132	0.997885
0	440	277	0.997885
1	440	43	0.997885
0	440	377	0.997885
1	440	136	0.997885
1	440	147	0.997882
0	440	369	0.997882
1	440	53	0.99788
0	440	416	0.99788
0	440	168	0.99788
1	440	129	0.99788
1	440	116	0.997875
1	440	46	0.997872
1	440	70	0.99787
0	440	434	0.99787
0	440	437	0.99787
0	440	228	0.997865
0	440	271	0.997865
0	440	276	0.997865
0	440	266	0.997862
0	440	371	0.997862
0	440	326	0.99786
0	440	358	0.99786
0	440	376	0.997857
0	440	194	0.997857
0	440	171	0.997854
0	440	250	0.997854
0	440	361	0.997854
0	440	211	0.997852
0	440	393	0.997852
0	440	260	0.997849
0	440	192	0.997849
0	440	194	0.997847
1	440	112	0.997847
1	440	116	0.997847
0	440	213	0.997844
0	440	387	0.997844
1	440	98	0.997844
0	440	266	0.997842
0	440	254	0.997842
0	440	357	0.997842
0	440	388	0.997842
0	440	197	0.997837
0	440	426	0.997837
0	440	417	0.997834
0	440	241	0.997834
1	440	155	0.997829
1	440	79	0.997829
0	440	397	0.997829
0	440	276	0.997827
0	440	420	0.997827
0	440	395	0.997827
0	440	380	0.997824
0	440	276	0.997822
1	440	45	0.997822
1	440	96	0.997819
1	440	156	0.997819
1	440	92	0.997819
0	440	289	0.997817
1	440	63	0.997817
0	440	211	0.997817
1	440	60	0.997811
0	440	352	0.997809
0	440	401	0.997806
0	440	288	0.997806
0	440	193	0.997806
1	440	56	0.997806
0	440	334	0.997804
0	440	289	0.997801
0	440	346	0.997799
1	440	79	0.997796
1	440	90	0.997796
1	440	90	0.997796
0	440	331	0.997794
0	440	163	0.997794
0	440	416	0.997794
1	440	141	0.997789
1	440	104	0.997789
1	440	124	0.997789
0	440	249	0.997789
1	440	157	0.997786
1	440	66	0.997786
0	440	278	0.997784
0	440	326	0.997781
0	440	197	0.997776
1	440	155	0.997776
0	440	201	0.997774
0	440	238	0.997768
1	440	149	0.997768
1	440	56	0.997768
1	440	122	0.997766
0	440	201	0.997766
0	440	304	0.997763
0	440	401	0.997761
0	440	337	0.997761
1	440	121	0.997761
1	440	61	0.997756
1	440	158	0.997753
0	440	330	0.997753
0	440	183	0.997753
1	440	41	0.997753
0	440	357	0.997751
0	440	344	0.997748
0	440	321	0.997746
0	440	318	0.997746
1	440	150	0.997743
1	440	66	0.997743
1	440	91	0.997743
0	440	281	0.997741
0	440	425	0.997738
1	440	117	0.997738
0	440	177	0.997738
0	440	433	0.997738
1	440	90	0.997733
0	440	339	0.997733
0	440	349	0.997731
0	440	180	0.997728
1	440	157	0.997728
0	440	303	0.997728
1	440	44	0.997728
1	440	98	0.997725
1	440	94	0.997725
0	440	186	0.997725
1	440	66	0.997725
1	440	93	0.997725
0	440	213	0.997723
1	440	113	0.997723
1	440	43	0.997723
1	440	156	0.99772
0	440	240	0.997718
1	440	115	0.997715
0	440	321	0.99771
0	440	222	0.997708
0	440	347	0.997708
0	440	410	0.997708
0	440	426	0.997708
0	440	233	0.997705
0	440	298	0.997705
0	440	268	0.997703
1	440	148	0.9977
1	440	150	0.9977
0	440	171	0.9977
0	440	190	0.997698
0	440	282	0.997698
1	440	132	0.997698
0	440	437	0.997695
0	440	407	0.997693
1	440	95	0.99769
0	440	259	0.99769
1	440	152	0.997688
0	440	271	0.997688
0	440	267	0.997688
0	440	195	0.997685
0	440	343	0.997685
1	440	89	0.997682
1	440	40	0.997682
1	440	131	0.99768
0	440	264	0.997677
0	440	284	0.997677
1	440	111	0.997672
0	440	415	0.997672
0	440	262	0.997667
1	440	148	0.997662
0	440	388	0.997662
1	440	135	0.99766
0	440	404	0.997657
0	440	212	0.997657
0	440	353	0.997657
0	440	371	0.997655
1	440	67	0.997655
0	440	353	0.997655
1	440	59	0.997652
0	440	216	0.99765
1	440	91	0.99765
0	440	408	0.99765
0	440	437	0.99765
0	440	300	0.997647
1	440	87	0.997647
0	440	276	0.997644
0	440	387	0.997644
0	440	345	0.997642
0	440	342	0.997639
0	440	249	0.997637
0	440	431	0.997637
0	440	171	0.997637
0	440	252	0.997637
0	440	301	0.997637
1	440	159	0.997637
0	440	401	0.997634
1	440	107	0.997634
0	440	173	0.997634
0	440	393	0.997634
1	440	102	0.997634
0	440	260	0.997632
0	440	275	0.997632
1	440	39	0.997632
0	440	317	0.997629
0	440	325	0.997629
1	440	109	0.997629
1	440	48	0.997624
0	440	237	0.997622
1	440	55	0.997622
0	440	233	0.997622
1	440	157	0.997622
1	440	119	0.997617
0	440	184	0.997617
0	440	432	0.997617
1	440	61	0.997614
1	440	102	0.997609
1	440	38	0.997609
0	440	393	0.997607
1	440	88	0.997607
1	440	47	0.997607
0	440	185	0.997604
0	440	233	0.997601
0	440	319	0.997601
1	440	86	0.997601
0	440	377	0.997601
1	440	124	0.997599
1	440	136	0.997599
0	440	179	0.997599
1	440	99	0.997596
1	440	123	0.997594
0	440	362	0.997594
0	440	219	0.997591
0	440	219	0.997589
0	440	387	0.997589
1	440	127	0.997589
0	440	307	0.997586
1	440	55	0.997584
0	440	306	0.997584
1	440	56	0.997584
1	440	153	0.997581
0	440	312	0.997581
0	440	304	0.997579
1	440	130	0.997579
1	440	61	0.997576
0	440	317	0.997574
1	440	63	0.997571
1	440	152	0.997569
0	440	354	0.997569
1	440	129	0.997569
0	440	305	0.997566
0	440	298	0.997566
0	440	165	0.997566
0	440	435	0.997566
0	440	386	0.997564
0	440	192	0.997564
1	440	140	0.997564
1	440	156	0.997561
0	440	169	0.997561
0	440	183	0.997561
0	440	216	0.997556
0	440	212	0.997553
0	440	361	0.997553
1	440	89	0.997553
1	440	107	0.997551
0	440	337	0.997551
0	440	360	0.997548
0	440	334	0.997548
1	440	61	0.997548
0	440	317	0.997546
0	440	349	0.997546
0	440	213	0.997543
0	440	427	0.997541
0	440	209	0.997541
0	440	197	0.997541
0	440	277	0.997538
0	440	251	0.997536
1	440	49	0.997536
0	440	240	0.997536
0	440	408	0.997533
0	440	303	0.997533
1	440	126	0.997533
0	440	436	0.997531
1	440	54	0.997528
0	440	409	0.997528
0	440	424	0.997528
1	440	42	0.997528
1	440	101	0.997523
0	440	224	0.997521
0	440	364	0.997521
1	440	151	0.997518
1	440	116	0.997518
0	440	389	0.997518
0	440	348	0.997515
0	440	221	0.997513
0	440	224	0.997513
0	440	219	0.997513
0	440	245	0.99751
0	440	407	0.99751
0	440	367	0.997508
1	440	91	0.997505
0	440	179	0.997503
0	440	317	0.997503
1	440	118	0.997503
0	440	176	0.9975
0	440	294	0.9975
1	440	112	0.997498
0	440	384	0.997498
0	440	366	0.997498
0	440	227	0.997498
1	440	56	0.997493
0	440	247	0.997493
0	440	222	0.997493
0	440	267	0.99749
0	440	245	0.997488
0	440	401	0.997485
0	440	277	0.997485
0	440	233	0.997483
1	440	63	0.997483
0	440	215	0.99748
0	440	200	0.99748
1	440	153	0.997478
0	440	309	0.997478
1	440	88	0.997472
1	440	148	0.99747
0	440	235	0.99747
