175964
1.22957
2500
1	358	317	0.999997
1	358	304	0.999997
1	358	197	0.999997
1	358	100	0.999997
1	358	159	0.999997
1	358	302	0.999994
1	358	91	0.99999
1	358	141	0.99999
1	358	121	0.99999
1	358	55	0.99999
1	358	154	0.999984
1	358	75	0.999984
1	358	248	0.999981
1	358	195	0.999981
1	358	331	0.999981
1	358	185	0.999977
1	358	269	0.999977
1	358	312	0.999977
1	358	83	0.999977
1	358	117	0.999974
1	358	16	0.999974
1	358	281	0.999974
1	358	212	0.999971
1	358	308	0.999971
1	358	69	0.999971
1	358	315	0.999971
1	358	211	0.999971
1	358	86	0.999968
1	358	103	0.999964
1	358	107	0.999961
1	358	271	0.999961
1	358	82	0.999961
1	358	166	0.999958
1	358	315	0.999958
1	358	343	0.999955
1	358	122	0.999955
1	358	59	0.999955
1	358	220	0.999955
1	358	325	0.999952
1	358	97	0.999952
1	358	77	0.999948
1	358	190	0.999945
1	358	125	0.999945
1	358	86	0.999942
1	358	315	0.999942
0	358	348	0.999939
1	358	103	0.999935
1	358	184	0.999935
1	358	128	0.999935
1	358	202	0.999935
1	358	45	0.999935
1	358	93	0.999932
1	358	284	0.999932
1	358	202	0.999932
1	358	306	0.999932
1	358	179	0.999932
1	358	245	0.999929
1	358	144	0.999926
1	358	170	0.999926
1	358	321	0.999922
1	358	257	0.999922
1	358	238	0.999922
1	358	282	0.999922
1	358	293	0.999919
1	358	261	0.999919
1	358	230	0.999919
1	358	127	0.999919
1	358	207	0.999916
1	358	238	0.999916
1	358	151	0.999916
1	358	124	0.999916
1	358	124	0.999913
1	358	92	0.999913
1	358	109	0.999913
1	358	97	0.999909
1	358	131	0.999909
1	358	205	0.999909
1	358	199	0.999906
1	358	149	0.999906
1	358	289	0.999903
1	358	160	0.999903
0	358	346	0.9999
1	358	306	0.9999
1	358	43	0.9999
1	358	205	0.999897
1	358	92	0.999897
1	358	112	0.999897
0	358	357	0.999897
1	358	118	0.999893
1	358	7	0.99989
1	358	244	0.99989
1	358	133	0.99989
1	358	276	0.99989
1	358	61	0.99989
1	358	147	0.999887
1	358	300	0.999887
1	358	231	0.999887
1	358	226	0.999884
1	358	312	0.999884
1	358	9	0.999877
1	358	209	0.999877
1	358	142	0.999877
1	358	219	0.999877
1	358	22	0.999877
1	358	92	0.999877
1	358	136	0.999874
1	358	311	0.999874
1	358	212	0.999874
1	358	154	0.999871
0	358	347	0.999867
1	358	107	0.999864
1	358	17	0.999861
1	358	138	0.999861
1	358	183	0.999861
1	358	229	0.999858
0	358	322	0.999855
1	358	56	0.999855
0	358	336	0.999855
0	358	357	0.999855
1	358	310	0.999851
0	358	356	0.999851
0	358	347	0.999848
1	358	125	0.999845
0	358	335	0.999845
1	358	221	0.999842
1	358	250	0.999842
1	358	53	0.999838
1	358	218	0.999835
1	358	15	0.999835
1	358	303	0.999835
1	358	36	0.999832
1	358	249	0.999832
0	358	324	0.999829
1	358	176	0.999825
0	358	329	0.999825
1	358	26	0.999825
1	358	197	0.999825
1	358	162	0.999822
1	358	112	0.999822
1	358	136	0.999819
1	358	148	0.999819
1	358	302	0.999819
1	358	139	0.999816
1	358	184	0.999816
1	358	39	0.999816
1	358	303	0.999812
1	358	61	0.999812
1	358	132	0.999812
0	358	324	0.999812
1	358	203	0.999809
1	358	224	0.999806
1	358	306	0.999806
1	358	113	0.999806
1	358	84	0.999806
1	358	283	0.9998
1	358	223	0.9998
1	358	269	0.9998
0	358	319	0.999796
1	358	108	0.999796
1	358	282	0.999793
1	358	282	0.99979
0	358	327	0.99979
1	358	256	0.99979
1	358	246	0.999787
1	358	221	0.999787
1	358	203	0.999787
1	358	278	0.999783
1	358	267	0.999783
1	358	121	0.999783
1	358	286	0.99978
1	358	143	0.99978
1	358	277	0.99978
1	358	86	0.99978
1	358	129	0.99978
1	358	81	0.99978
1	358	119	0.999777
1	358	177	0.999777
1	358	61	0.999774
1	358	29	0.999774
1	358	133	0.99977
1	358	285	0.999767
1	358	143	0.999767
1	358	49	0.999767
1	358	144	0.999764
1	358	46	0.999764
1	358	95	0.999761
1	358	143	0.999758
1	358	214	0.999754
1	358	263	0.999751
1	358	22	0.999751
0	358	323	0.999748
1	358	113	0.999748
1	358	147	0.999745
1	358	188	0.999745
1	358	17	0.999745
1	358	123	0.999741
0	358	342	0.999738
1	358	51	0.999738
1	358	283	0.999738
1	358	133	0.999732
1	358	170	0.999732
1	358	102	0.999728
1	358	18	0.999728
0	358	309	0.999728
1	358	144	0.999725
1	358	57	0.999725
1	358	221	0.999722
1	358	114	0.999722
1	358	225	0.999722
1	358	86	0.999722
1	358	75	0.999719
1	358	228	0.999716
1	358	280	0.999712
0	358	354	0.999709
1	358	22	0.999709
0	358	327	0.999706
0	358	316	0.999703
1	358	222	0.999703
1	358	110	0.999699
1	358	42	0.999696
1	358	160	0.999693
1	358	87	0.999693
1	358	258	0.99969
1	358	84	0.99969
1	358	88	0.99969
0	358	295	0.99969
0	358	292	0.999686
1	358	238	0.999683
1	358	224	0.999683
1	358	164	0.999683
0	358	300	0.99968
1	358	202	0.99968
1	358	159	0.999677
1	358	229	0.999677
1	358	236	0.999677
1	358	94	0.999677
1	358	142	0.999677
1	358	171	0.999674
1	358	159	0.999674
1	358	76	0.999674
1	358	111	0.99967
1	358	189	0.999667
1	358	14	0.999667
1	358	64	0.999667
0	358	283	0.999664
1	358	216	0.999661
1	358	121	0.999661
1	358	33	0.999657
1	358	231	0.999657
0	358	279	0.999657
1	358	201	0.999657
1	358	223	0.999651
0	358	320	0.999651
1	358	99	0.999651
1	358	265	0.999648
0	358	302	0.999648
0	358	333	0.999648
1	358	168	0.999648
1	358	130	0.999648
1	358	250	0.999648
1	358	32	0.999644
1	358	192	0.999644
1	358	85	0.999644
1	358	259	0.999641
1	358	160	0.999641
0	358	289	0.999641
1	358	248	0.999641
0	358	332	0.999641
1	358	67	0.999641
1	358	7	0.999641
1	358	151	0.999641
0	358	271	0.999638
1	358	110	0.999635
1	358	142	0.999635
1	358	142	0.999635
1	358	105	0.999631
1	358	188	0.999628
0	358	335	0.999628
1	358	38	0.999628
0	358	293	0.999628
0	358	313	0.999628
1	358	198	0.999625
1	358	109	0.999622
1	358	266	0.999622
1	358	141	0.999619
0	358	339	0.999619
0	358	352	0.999615
1	358	31	0.999615
1	358	261	0.999612
0	358	309	0.999612
1	358	238	0.999612
1	358	243	0.999612
1	358	64	0.999609
1	358	61	0.999609
0	358	326	0.999606
0	358	353	0.999606
1	358	17	0.999606
1	358	10	0.999606
1	358	64	0.999602
1	358	50	0.999596
1	358	261	0.999596
1	358	235	0.999593
0	358	304	0.999593
0	358	320	0.999593
1	358	137	0.999593
1	358	93	0.999589
1	358	88	0.999586
1	358	230	0.999586
1	358	81	0.999583
1	358	146	0.99958
1	358	162	0.99958
1	358	168	0.99958
1	358	46	0.999577
0	358	327	0.999577
1	358	48	0.999577
1	358	66	0.999577
1	358	130	0.999577
1	358	215	0.999573
1	358	12	0.999573
1	358	44	0.99957
1	358	230	0.99957
1	358	133	0.999567
0	358	280	0.999567
0	358	260	0.999564
0	358	323	0.99956
0	358	280	0.99956
1	358	216	0.999557
1	358	41	0.999557
1	358	224	0.999557
0	358	314	0.999557
1	358	203	0.999557
1	358	252	0.999551
1	358	169	0.999547
1	358	96	0.999544
0	358	306	0.999544
1	358	232	0.999544
1	358	186	0.999541
0	358	307	0.999541
0	358	276	0.999541
0	358	349	0.999541
1	358	209	0.999538
1	358	155	0.999535
1	358	190	0.999535
1	358	10	0.999535
0	358	259	0.999531
1	358	168	0.999531
0	358	274	0.999531
1	358	167	0.999531
1	358	182	0.999531
1	358	109	0.999528
0	358	307	0.999528
1	358	98	0.999528
1	358	157	0.999525
1	358	12	0.999525
1	358	141	0.999525
1	358	116	0.999525
1	358	194	0.999522
1	358	46	0.999518
1	358	85	0.999518
0	358	355	0.999518
0	358	292	0.999515
1	358	231	0.999515
0	358	312	0.999512
0	358	262	0.999509
1	358	78	0.999509
1	358	7	0.999509
1	358	133	0.999509
0	358	300	0.999505
1	358	118	0.999502
1	358	203	0.999502
1	358	87	0.999502
0	358	256	0.999502
1	358	57	0.999499
1	358	194	0.999499
1	358	54	0.999499
1	358	32	0.999499
1	358	120	0.999499
1	358	109	0.999499
1	358	130	0.999496
1	358	111	0.999496
1	358	171	0.999493
1	358	109	0.999493
0	358	346	0.999493
1	358	96	0.999489
1	358	72	0.999489
1	358	163	0.999489
1	358	189	0.999489
1	358	34	0.999483
1	358	98	0.999483
1	358	28	0.999483
1	358	227	0.999483
0	358	336	0.999483
1	358	65	0.999483
1	358	104	0.99948
0	358	340	0.99948
0	358	347	0.99948
0	358	353	0.999473
0	358	296	0.999473
0	358	319	0.999473
1	358	12	0.999473
1	358	208	0.99947
1	358	9	0.99947
1	358	188	0.999467
0	358	240	0.999467
1	358	61	0.999467
1	358	136	0.999467
0	358	241	0.999463
1	358	12	0.99946
0	358	357	0.99946
1	358	61	0.99946
1	358	31	0.999457
0	358	244	0.999457
1	358	23	0.999451
1	358	221	0.999451
1	358	107	0.999451
1	358	178	0.999451
1	358	70	0.999444
1	358	132	0.999444
1	358	15	0.999444
1	358	39	0.999444
1	358	11	0.999441
0	358	317	0.999441
1	358	85	0.999438
0	358	342	0.999431
1	358	192	0.999431
1	358	129	0.999431
1	358	161	0.999428
0	358	297	0.999425
0	358	294	0.999425
1	358	22	0.999425
1	358	204	0.999421
1	358	89	0.999418
1	358	125	0.999418
0	358	346	0.999418
1	358	194	0.999418
1	358	189	0.999418
1	358	35	0.999418
1	358	116	0.999415
0	358	333	0.999415
0	358	330	0.999415
1	358	111	0.999415
0	358	236	0.999412
0	358	339	0.999409
1	358	131	0.999409
1	358	11	0.999405
1	358	140	0.999405
1	358	89	0.999405
0	358	294	0.999402
0	358	286	0.999402
0	358	350	0.999402
1	358	210	0.999399
1	358	29	0.999399
1	358	48	0.999396
1	358	19	0.999396
1	358	19	0.999396
1	358	115	0.999392
0	358	313	0.999389
1	358	117	0.999389
1	358	173	0.999386
0	358	269	0.999386
0	358	277	0.999386
1	358	112	0.999383
1	358	72	0.999383
0	358	256	0.999379
1	358	65	0.999379
0	358	356	0.999379
1	358	184	0.999376
0	358	230	0.999376
0	358	340	0.999376
0	358	279	0.999373
1	358	121	0.99937
1	358	44	0.99937
1	358	205	0.999367
1	358	59	0.999367
0	358	342	0.999367
1	358	168	0.999367
1	358	157	0.999367
1	358	167	0.999367
0	358	352	0.999363
1	358	123	0.999363
1	358	157	0.999363
1	358	22	0.99936
1	358	134	0.99936
1	358	22	0.999357
1	358	83	0.999357
1	358	159	0.999354
1	358	18	0.999347
1	358	155	0.999347
1	358	118	0.999344
0	358	354	0.999344
1	358	25	0.999344
1	358	64	0.999344
1	358	158	0.999344
1	358	93	0.999341
1	358	62	0.999341
1	358	96	0.999341
0	358	349	0.999337
0	358	277	0.999337
1	358	35	0.999337
0	358	348	0.999337
1	358	8	0.999334
0	358	269	0.999334
0	358	260	0.999331
0	358	252	0.999331
1	358	107	0.999331
0	358	242	0.999328
1	358	64	0.999328
0	358	243	0.999328
1	358	32	0.999328
1	358	63	0.999328
0	358	224	0.999328
0	358	295	0.999325
1	358	101	0.999325
0	358	350	0.999325
0	358	263	0.999325
1	358	160	0.999321
0	358	336	0.999318
0	358	277	0.999318
1	358	192	0.999315
1	358	209	0.999315
1	358	35	0.999312
1	358	48	0.999312
0	358	326	0.999308
1	358	30	0.999305
1	358	206	0.999305
1	358	210	0.999305
1	358	104	0.999305
1	358	99	0.999305
1	358	19	0.999305
1	358	202	0.999305
0	358	323	0.999305
1	358	22	0.999305
1	358	9	0.999302
1	358	39	0.999299
0	358	251	0.999299
1	358	36	0.999299
0	358	355	0.999299
1	358	164	0.999299
1	358	66	0.999295
1	358	123	0.999295
1	358	9	0.999295
1	358	194	0.999289
0	358	241	0.999289
1	358	41	0.999289
0	358	269	0.999289
0	358	297	0.999289
1	358	194	0.999286
1	358	159	0.999286
0	358	269	0.999286
0	358	336	0.999283
1	358	62	0.999283
1	358	170	0.999283
1	358	141	0.999283
0	358	213	0.999283
1	358	113	0.999279
0	358	212	0.999279
1	358	46	0.999276
0	358	349	0.999276
1	358	24	0.999273
1	358	75	0.999273
0	358	231	0.999273
1	358	174	0.999273
1	358	186	0.99927
1	358	170	0.99927
1	358	66	0.999266
0	358	227	0.999266
0	358	250	0.999263
1	358	194	0.99926
0	358	222	0.99926
0	358	299	0.99926
0	358	301	0.99926
1	358	140	0.99926
0	358	229	0.999257
1	358	176	0.999253
1	358	74	0.99925
1	358	179	0.99925
0	358	329	0.999247
0	358	357	0.999247
1	358	199	0.999247
0	358	337	0.999244
0	358	287	0.999244
1	358	115	0.999244
1	358	83	0.999244
1	358	171	0.999244
1	358	84	0.999237
1	358	62	0.999237
0	358	313	0.999234
1	358	191	0.999234
1	358	127	0.999231
0	358	312	0.999231
0	358	266	0.999231
1	358	112	0.999228
0	358	351	0.999224
1	358	127	0.999224
0	358	228	0.999224
0	358	228	0.999218
1	358	40	0.999215
1	358	149	0.999215
0	358	241	0.999211
0	358	231	0.999205
1	358	194	0.999205
0	358	224	0.999205
0	358	257	0.999202
0	358	277	0.999202
1	358	72	0.999202
0	358	240	0.999202
1	358	29	0.999202
1	358	52	0.999199
1	358	165	0.999195
1	358	132	0.999195
1	358	181	0.999192
0	358	294	0.999192
1	358	183	0.999192
1	358	149	0.999192
0	358	322	0.999189
0	358	313	0.999189
1	358	114	0.999189
1	358	18	0.999189
0	358	210	0.999186
0	358	223	0.999186
0	358	335	0.999182
1	358	83	0.999179
1	358	145	0.999179
1	358	17	0.999176
0	358	265	0.999176
1	358	105	0.999173
0	358	307	0.999173
0	358	342	0.999173
1	358	93	0.999169
1	358	183	0.999166
0	358	251	0.999166
0	358	240	0.999163
1	358	137	0.999163
1	358	120	0.99916
0	358	274	0.99916
0	358	251	0.999157
1	358	166	0.999157
1	358	171	0.999153
0	358	212	0.99915
0	358	320	0.99915
1	358	26	0.999147
0	358	283	0.999147
1	358	90	0.999144
1	358	147	0.999144
0	358	233	0.999144
1	358	130	0.999137
1	358	8	0.999137
1	358	126	0.999137
1	358	109	0.999134
1	358	93	0.999134
1	358	110	0.999134
0	358	226	0.999131
1	358	151	0.999131
0	358	313	0.999131
1	358	177	0.999127
0	358	202	0.999127
1	358	39	0.999127
1	358	92	0.999127
1	358	179	0.999127
0	358	244	0.999127
1	358	48	0.999124
0	358	237	0.999124
1	358	7	0.999124
1	358	74	0.999124
1	358	15	0.999121
0	358	218	0.999121
1	358	84	0.999118
0	358	339	0.999115
1	358	152	0.999115
0	358	281	0.999115
1	358	147	0.999115
1	358	147	0.999115
1	358	97	0.999115
1	358	72	0.999111
1	358	170	0.999105
1	358	40	0.999105
0	358	341	0.999105
1	358	107	0.999105
0	358	289	0.999105
1	358	127	0.999105
1	358	141	0.999102
1	358	78	0.999102
0	358	231	0.999102
0	358	251	0.999102
1	358	111	0.999098
0	358	210	0.999098
1	358	102	0.999095
0	358	237	0.999095
0	358	196	0.999095
0	358	260	0.999095
1	358	90	0.999092
1	358	166	0.999089
0	358	212	0.999089
1	358	33	0.999089
1	358	84	0.999085
1	358	67	0.999085
0	358	232	0.999085
1	358	71	0.999082
1	358	46	0.999082
0	358	327	0.999082
1	358	177	0.999082
0	358	254	0.999079
0	358	305	0.999079
1	358	81	0.999079
0	358	200	0.999076
0	358	284	0.999076
0	358	291	0.999073
0	358	200	0.999073
1	358	168	0.999073
1	358	92	0.999069
0	358	293	0.999066
1	358	93	0.999066
1	358	157	0.999063
1	358	56	0.999063
1	358	45	0.999063
1	358	170	0.999063
0	358	259	0.99906
1	358	176	0.99906
0	358	287	0.99906
1	358	178	0.999056
0	358	301	0.999056
0	358	335	0.999056
0	358	236	0.999056
1	358	21	0.999056
1	358	24	0.999056
1	358	83	0.999053
0	358	258	0.999053
1	358	83	0.999053
0	358	308	0.99905
0	358	341	0.999047
1	358	72	0.999047
0	358	197	0.999047
1	358	74	0.999043
1	358	70	0.999043
1	358	147	0.99904
1	358	110	0.99904
0	358	290	0.99904
0	358	330	0.999037
1	358	156	0.999037
1	358	125	0.999034
1	358	130	0.999034
0	358	212	0.999031
0	358	231	0.999031
0	358	345	0.999027
1	358	95	0.999027
1	358	13	0.999027
1	358	25	0.999024
0	358	323	0.999021
0	358	263	0.999021
0	358	230	0.999021
1	358	64	0.999018
0	358	267	0.999014
1	358	33	0.999014
0	358	347	0.999014
1	358	143	0.999011
1	358	139	0.999011
0	358	187	0.999008
1	358	45	0.999008
0	358	326	0.999008
1	358	124	0.999008
0	358	322	0.999008
1	358	142	0.999008
1	358	141	0.999005
1	358	44	0.999005
0	358	234	0.999005
0	358	216	0.999001
1	358	168	0.998995
1	358	130	0.998995
1	358	54	0.998992
0	358	345	0.998992
0	358	262	0.998989
0	358	337	0.998989
1	358	76	0.998989
1	358	104	0.998989
1	358	39	0.998985
0	358	337	0.998979
0	358	269	0.998979
0	358	301	0.998979
1	358	56	0.998979
1	358	112	0.998979
1	358	132	0.998979
0	358	305	0.998976
0	358	255	0.998976
0	358	338	0.998976
1	358	141	0.998972
0	358	194	0.998972
1	358	64	0.998969
0	358	296	0.998969
1	358	31	0.998969
0	358	298	0.998969
0	358	194	0.998966
0	358	216	0.998966
0	358	210	0.998966
0	358	174	0.998963
1	358	26	0.998959
0	358	195	0.998959
1	358	46	0.998956
1	358	38	0.998956
1	358	137	0.998953
1	358	162	0.998953
1	358	149	0.998953
1	358	157	0.998953
1	358	47	0.998953
1	358	74	0.99895
1	358	36	0.99895
0	358	174	0.99895
1	358	137	0.998947
1	358	86	0.998947
0	358	181	0.998947
1	358	114	0.998947
0	358	186	0.998947
0	358	240	0.998947
1	358	102	0.998947
1	358	146	0.998947
1	358	32	0.998943
0	358	181	0.998943
0	358	220	0.998943
1	358	161	0.998937
0	358	209	0.998937
0	358	322	0.998937
1	358	139	0.998937
0	358	261	0.998937
0	358	232	0.998937
1	358	9	0.998934
1	358	134	0.998934
1	358	134	0.998934
0	358	230	0.998934
0	358	224	0.99893
0	358	208	0.99893
0	358	177	0.99893
0	358	342	0.998927
1	358	77	0.998927
1	358	95	0.998927
0	358	331	0.998927
1	358	26	0.998924
1	358	107	0.998924
0	358	347	0.998921
1	358	99	0.998921
1	358	28	0.998921
1	358	157	0.998917
1	358	35	0.998917
0	358	347	0.998914
1	358	8	0.998914
0	358	349	0.998914
0	358	192	0.998908
1	358	146	0.998908
0	358	221	0.998908
0	358	258	0.998905
1	358	32	0.998905
0	358	185	0.998901
1	358	37	0.998898
1	358	24	0.998898
0	358	229	0.998898
0	358	343	0.998898
0	358	269	0.998895
1	358	140	0.998895
0	358	195	0.998895
1	358	86	0.998895
0	358	291	0.998892
0	358	253	0.998892
0	358	203	0.998892
0	358	211	0.998888
1	358	49	0.998888
1	358	134	0.998888
1	358	82	0.998888
0	358	293	0.998888
1	358	22	0.998885
0	358	204	0.998882
0	358	195	0.998876
0	358	296	0.998876
1	358	139	0.998876
1	358	56	0.998872
1	358	54	0.998872
0	358	197	0.998869
1	358	95	0.998869
1	358	48	0.998866
1	358	83	0.998866
1	358	53	0.998866
0	358	248	0.998866
0	358	163	0.998863
1	358	152	0.998859
0	358	302	0.998859
1	358	77	0.998859
0	358	349	0.998856
1	358	59	0.998856
1	358	47	0.998853
1	358	118	0.998853
0	358	264	0.998853
0	358	341	0.99885
1	358	159	0.998846
1	358	160	0.998846
1	358	89	0.998843
1	358	146	0.998843
1	358	134	0.998843
1	358	146	0.998843
0	358	282	0.99884
0	358	161	0.99884
0	358	216	0.998837
1	358	15	0.998837
1	358	12	0.998837
1	358	86	0.998834
0	358	292	0.998834
1	358	70	0.998834
0	358	235	0.99883
0	358	258	0.99883
0	358	328	0.99883
0	358	215	0.99883
0	358	269	0.998827
0	358	242	0.998824
0	358	263	0.998821
1	358	154	0.998821
1	358	56	0.998817
0	358	211	0.998817
1	358	68	0.998817
1	358	19	0.998817
0	358	299	0.998814
1	358	51	0.998811
1	358	40	0.998811
0	358	292	0.998808
1	358	124	0.998808
1	358	153	0.998808
1	358	84	0.998804
1	358	85	0.998798
1	358	156	0.998795
0	358	285	0.998795
0	358	165	0.998795
0	358	346	0.998792
0	358	351	0.998788
0	358	261	0.998785
1	358	115	0.998785
1	358	88	0.998782
0	358	195	0.998782
0	358	207	0.998779
0	358	243	0.998779
1	358	61	0.998779
0	358	320	0.998779
1	358	50	0.998775
1	358	114	0.998775
0	358	356	0.998772
0	358	333	0.998772
0	358	287	0.998772
0	358	334	0.998772
1	358	123	0.998769
1	358	24	0.998769
1	358	78	0.998769
0	358	256	0.998766
0	358	347	0.998766
0	358	219	0.998766
1	358	147	0.998762
0	358	196	0.998762
0	358	171	0.998762
1	358	77	0.998762
0	358	351	0.998762
0	358	160	0.998762
0	358	281	0.998759
1	358	126	0.998759
0	358	209	0.998759
0	358	158	0.998756
0	358	154	0.998756
0	358	233	0.998756
0	358	240	0.998756
0	358	319	0.998756
0	358	257	0.998753
0	358	353	0.998753
0	358	259	0.99875
1	358	83	0.99875
0	358	199	0.998746
0	358	196	0.998746
0	358	204	0.998746
1	358	44	0.998746
0	358	160	0.998743
0	358	214	0.998743
0	358	203	0.998743
0	358	192	0.998743
1	358	86	0.998743
1	358	88	0.99874
1	358	40	0.99874
1	358	135	0.998737
0	358	163	0.998737
1	358	38	0.998737
0	358	184	0.998733
0	358	217	0.998733
0	358	158	0.99873
0	358	182	0.99873
1	358	23	0.99873
1	358	125	0.99873
0	358	326	0.99873
0	358	180	0.998727
1	358	72	0.998727
1	358	107	0.998727
1	358	104	0.998727
0	358	357	0.998724
0	358	219	0.998724
0	358	245	0.998724
0	358	233	0.998717
0	358	187	0.998717
0	358	156	0.998717
1	358	60	0.998717
0	358	296	0.998714
0	358	281	0.998711
1	358	22	0.998711
1	358	133	0.998708
0	358	352	0.998704
1	358	21	0.998704
1	358	141	0.998701
0	358	174	0.998701
1	358	124	0.998701
0	358	235	0.998698
0	358	344	0.998698
1	358	85	0.998695
0	358	170	0.998695
0	358	207	0.998691
0	358	166	0.998691
0	358	149	0.998688
1	358	65	0.998688
1	358	109	0.998688
1	358	39	0.998688
1	358	35	0.998688
0	358	293	0.998685
1	358	8	0.998685
1	358	66	0.998679
0	358	257	0.998679
0	358	223	0.998679
1	358	95	0.998679
0	358	158	0.998675
0	358	165	0.998675
1	358	64	0.998672
0	358	347	0.998672
0	358	330	0.998672
0	358	152	0.998672
0	358	275	0.998672
0	358	159	0.998669
1	358	12	0.998669
0	358	349	0.998669
0	358	241	0.998669
0	358	202	0.998666
0	358	329	0.998656
0	358	337	0.998656
0	358	262	0.998653
0	358	355	0.998653
0	358	263	0.998653
0	358	331	0.998653
0	358	283	0.998653
1	358	140	0.998653
1	358	30	0.998646
0	358	216	0.998646
1	358	96	0.998643
0	358	352	0.998643
1	358	30	0.99864
0	358	274	0.99864
0	358	235	0.99864
0	358	164	0.998637
0	358	265	0.998637
1	358	96	0.998633
1	358	32	0.99863
1	358	14	0.99863
0	358	274	0.99863
0	358	304	0.99863
1	358	12	0.99863
0	358	291	0.99863
1	358	12	0.998627
1	358	134	0.998627
0	358	151	0.998624
0	358	170	0.998624
0	358	314	0.998624
0	358	270	0.99862
0	358	167	0.998617
1	358	14	0.998617
0	358	212	0.998614
0	358	355	0.998614
1	358	120	0.998614
1	358	77	0.998611
0	358	323	0.998611
0	358	160	0.998608
1	358	90	0.998608
0	358	243	0.998601
0	358	209	0.998598
1	358	24	0.998598
1	358	7	0.998598
0	358	291	0.998595
1	358	46	0.998595
1	358	29	0.998595
0	358	147	0.998595
0	358	204	0.998595
1	358	132	0.998595
0	358	202	0.998591
0	358	241	0.998588
0	358	294	0.998588
1	358	11	0.998588
1	358	109	0.998588
0	358	283	0.998585
1	358	48	0.998585
1	358	132	0.998582
0	358	290	0.998578
1	358	123	0.998575
1	358	132	0.998575
0	358	237	0.998572
0	358	258	0.998572
0	358	348	0.998569
0	358	238	0.998569
0	358	342	0.998569
0	358	187	0.998566
1	358	73	0.998562
0	358	336	0.998562
1	358	140	0.998559
1	358	58	0.998556
1	358	107	0.998556
0	358	287	0.998553
0	358	202	0.998553
1	358	87	0.998549
1	358	123	0.998546
1	358	17	0.998546
1	358	88	0.998543
1	358	128	0.998543
1	358	34	0.99854
0	358	280	0.998536
1	358	35	0.998536
0	358	281	0.998536
0	358	281	0.998536
0	358	218	0.998533
0	358	186	0.99853
1	358	117	0.99853
1	358	52	0.99853
0	358	228	0.998527
0	358	332	0.998527
0	358	189	0.998524
0	358	252	0.99852
1	358	133	0.99852
0	358	315	0.99852
0	358	208	0.99852
0	358	326	0.99852
1	358	11	0.99852
0	358	316	0.998517
0	358	233	0.998517
1	358	74	0.998514
1	358	97	0.998514
0	358	145	0.998514
1	358	135	0.998514
0	358	345	0.998511
1	358	108	0.998507
0	358	151	0.998504
1	358	53	0.998504
1	358	17	0.998504
0	358	282	0.998504
0	358	156	0.998501
1	358	61	0.998501
0	358	174	0.998498
1	358	60	0.998495
1	358	57	0.998495
0	358	151	0.998495
0	358	142	0.998495
1	358	112	0.998491
0	358	156	0.998491
1	358	59	0.998488
0	358	137	0.998488
0	358	255	0.998488
0	358	201	0.998488
0	358	274	0.998485
1	358	125	0.998485
1	358	97	0.998482
0	358	296	0.998482
0	358	247	0.998482
0	358	268	0.998478
0	358	233	0.998478
0	358	352	0.998478
0	358	296	0.998478
1	358	38	0.998478
1	358	70	0.998475
1	358	97	0.998472
0	358	205	0.998472
1	358	89	0.998472
1	358	16	0.998469
1	358	17	0.998469
1	358	9	0.998465
0	358	174	0.998465
0	358	239	0.998465
0	358	135	0.998462
0	358	141	0.998462
1	358	60	0.998459
0	358	142	0.998459
0	358	210	0.998456
0	358	160	0.998456
0	358	168	0.998449
0	358	165	0.998449
0	358	162	0.998446
0	358	150	0.998443
0	358	200	0.998443
1	358	104	0.998443
0	358	136	0.998443
0	358	151	0.998443
1	358	94	0.99844
0	358	279	0.99844
1	358	10	0.998433
1	358	47	0.998433
0	358	191	0.998427
0	358	201	0.998427
0	358	341	0.998427
0	358	149	0.998427
0	358	188	0.998427
1	358	18	0.998423
0	358	162	0.998414
0	358	321	0.998411
0	358	266	0.998407
1	358	103	0.998404
0	358	267	0.998404
0	358	296	0.998404
1	358	86	0.998404
1	358	27	0.998401
0	358	262	0.998401
0	358	131	0.998398
0	358	330	0.998398
0	358	276	0.998398
0	358	171	0.998394
0	358	229	0.998394
0	358	166	0.998391
0	358	239	0.998388
0	358	232	0.998388
0	358	164	0.998388
1	358	44	0.998388
0	358	312	0.998385
0	358	180	0.998385
1	358	87	0.998385
0	358	210	0.998385
0	358	277	0.998385
1	358	16	0.998378
0	358	232	0.998378
1	358	66	0.998375
1	358	20	0.998375
1	358	102	0.998375
1	358	23	0.998372
0	358	322	0.998369
0	358	163	0.998369
0	358	225	0.998369
0	358	313	0.998369
1	358	94	0.998365
0	358	312	0.998362
0	358	245	0.998359
0	358	218	0.998356
0	358	179	0.998356
0	358	213	0.998352
0	358	293	0.998352
0	358	242	0.998349
0	358	280	0.998349
1	358	7	0.998349
0	358	182	0.998349
0	358	310	0.998343
0	358	214	0.998343
0	358	314	0.998343
0	358	346	0.99834
0	358	340	0.99834
1	358	70	0.99834
1	358	45	0.998336
0	358	133	0.998336
0	358	309	0.998336
1	358	17	0.998333
0	358	301	0.998333
0	358	177	0.998333
0	358	162	0.99833
0	358	156	0.99833
0	358	256	0.99833
1	358	75	0.99833
0	358	249	0.998327
0	358	303	0.998327
0	358	218	0.998323
0	358	136	0.998323
1	358	72	0.99832
0	358	144	0.99832
0	358	328	0.99832
0	358	260	0.99832
0	358	263	0.998317
0	358	352	0.998317
1	358	15	0.998317
0	358	220	0.998317
1	358	45	0.998314
0	358	281	0.998311
1	358	41	0.998311
0	358	263	0.998311
0	358	349	0.998307
0	358	250	0.998307
0	358	239	0.998304
1	358	40	0.998301
1	358	37	0.998301
0	358	144	0.998301
0	358	303	0.998301
0	358	167	0.998298
0	358	218	0.998298
0	358	150	0.998298
1	358	55	0.998294
0	358	151	0.998294
0	358	261	0.998291
0	358	338	0.998288
0	358	268	0.998288
1	358	92	0.998285
0	358	160	0.998285
1	358	99	0.998285
1	358	116	0.998285
1	358	40	0.998285
1	358	37	0.998285
1	358	74	0.998281
1	358	99	0.998278
0	358	287	0.998278
1	358	66	0.998278
0	358	151	0.998278
0	358	197	0.998278
1	358	88	0.998278
0	358	317	0.998275
0	358	315	0.998275
0	358	269	0.998275
0	358	245	0.998275
1	358	11	0.998275
1	358	124	0.998272
0	358	246	0.998272
0	358	125	0.998269
0	358	126	0.998269
0	358	128	0.998265
0	358	130	0.998262
1	358	42	0.998262
1	358	29	0.998262
0	358	165	0.998259
1	358	72	0.998259
1	358	35	0.998256
0	358	299	0.998256
1	358	73	0.998256
0	358	176	0.998252
0	358	148	0.998252
0	358	158	0.998252
1	358	14	0.998252
1	358	57	0.998252
1	358	49	0.998246
0	358	179	0.998246
0	358	309	0.998243
0	358	344	0.998243
0	358	262	0.99824
0	358	177	0.99824
0	358	131	0.99824
0	358	255	0.998236
1	358	64	0.998236
1	358	75	0.998236
0	358	142	0.998233
0	358	289	0.998233
0	358	200	0.99823
0	358	280	0.99823
0	358	290	0.99823
0	358	162	0.998227
1	358	71	0.998227
0	358	214	0.998227
0	358	140	0.998223
0	358	321	0.998223
0	358	234	0.99822
0	358	157	0.99822
1	358	110	0.99822
1	358	64	0.99822
1	358	11	0.99822
0	358	182	0.998214
0	358	230	0.998214
0	358	337	0.998214
1	358	21	0.998214
0	358	328	0.99821
1	358	35	0.99821
0	358	143	0.99821
0	358	126	0.998207
0	358	234	0.998207
1	358	112	0.998207
1	358	13	0.998207
0	358	166	0.998204
0	358	270	0.998204
1	358	73	0.998201
1	358	69	0.998198
1	358	106	0.998198
0	358	274	0.998198
0	358	312	0.998194
1	358	58	0.998194
0	358	207	0.998194
1	358	101	0.998194
1	358	63	0.998194
0	358	194	0.998191
0	358	308	0.998191
0	358	224	0.998191
0	358	183	0.998191
0	358	337	0.998188
0	358	201	0.998185
0	358	199	0.998185
0	358	309	0.998185
1	358	88	0.998185
0	358	181	0.998181
0	358	195	0.998181
0	358	179	0.998181
1	358	63	0.998181
0	358	308	0.998178
1	358	117	0.998175
0	358	239	0.998172
0	358	218	0.998172
0	358	313	0.998172
1	358	107	0.998172
0	358	173	0.998169
1	358	48	0.998165
1	358	45	0.998165
0	358	213	0.998162
0	358	307	0.998159
0	358	307	0.998159
0	358	128	0.998159
0	358	282	0.998156
0	358	287	0.998156
1	358	99	0.998156
0	358	128	0.998156
1	358	102	0.998149
0	358	252	0.998146
0	358	266	0.998143
0	358	140	0.998143
1	358	48	0.998143
1	358	67	0.998143
0	358	254	0.998139
1	358	49	0.998139
0	358	159	0.998139
0	358	190	0.998139
1	358	34	0.998139
0	358	179	0.998136
1	358	68	0.998136
0	358	306	0.998136
0	358	215	0.998133
1	358	12	0.998133
1	358	61	0.998133
0	358	212	0.998133
0	358	274	0.99813
0	358	224	0.99813
0	358	316	0.99813
0	358	190	0.998127
0	358	124	0.998127
1	358	113	0.998123
0	358	141	0.998123
0	358	214	0.998123
1	358	98	0.99812
0	358	197	0.99812
0	358	243	0.998117
1	358	87	0.998114
1	358	94	0.998114
1	358	67	0.998114
0	358	221	0.99811
0	358	192	0.998107
0	358	135	0.998107
0	358	282	0.998107
1	358	29	0.998107
0	358	290	0.998107
1	358	76	0.998104
0	358	132	0.998104
0	358	169	0.998104
1	358	30	0.998104
0	358	236	0.998101
0	358	268	0.998098
0	358	306	0.998098
0	358	208	0.998094
0	358	201	0.998094
1	358	55	0.998091
0	358	236	0.998091
1	358	99	0.998091
0	358	151	0.998091
1	358	102	0.998088
1	358	35	0.998085
1	358	116	0.998085
0	358	210	0.998085
0	358	146	0.998085
0	358	119	0.998081
0	358	283	0.998081
0	358	141	0.998078
1	358	34	0.998078
0	358	166	0.998078
0	358	172	0.998075
0	358	340	0.998075
0	358	201	0.998075
0	358	146	0.998072
0	358	209	0.998072
1	358	11	0.998072
0	358	140	0.998072
1	358	106	0.998068
1	358	92	0.998068
0	358	233	0.998068
0	358	352	0.998068
0	358	297	0.998065
1	358	18	0.998065
0	358	140	0.998062
0	358	337	0.998062
0	358	207	0.998062
1	358	20	0.998059
1	358	95	0.998059
1	358	85	0.998056
0	358	356	0.998056
0	358	343	0.998056
0	358	256	0.998052
1	358	99	0.998052
0	358	261	0.998049
0	358	277	0.998049
1	358	39	0.998049
0	358	338	0.998049
0	358	328	0.998046
0	358	300	0.998046
1	358	50	0.998046
1	358	20	0.998046
0	358	333	0.998043
0	358	123	0.998043
0	358	322	0.998043
0	358	277	0.998043
1	358	105	0.998039
0	358	248	0.998039
0	358	209	0.998036
0	358	275	0.998033
0	358	306	0.998027
0	358	168	0.998027
0	358	338	0.998023
0	358	269	0.998023
1	358	102	0.99802
1	358	46	0.99802
0	358	305	0.998017
0	358	296	0.998017
0	358	305	0.998017
0	358	326	0.998017
0	358	277	0.998017
1	358	57	0.998017
0	358	279	0.998017
0	358	170	0.998014
1	358	82	0.998014
0	358	241	0.998014
0	358	139	0.998014
0	358	325	0.998014
1	358	89	0.998014
0	358	290	0.998014
0	358	204	0.998007
0	358	299	0.998007
0	358	251	0.998007
0	358	280	0.998007
0	358	311	0.998007
0	358	135	0.998004
0	358	323	0.998004
0	358	290	0.998004
0	358	121	0.998001
1	358	54	0.998001
0	358	267	0.998001
0	358	162	0.997997
0	358	299	0.997997
1	358	43	0.997994
1	358	51	0.997994
0	358	138	0.997994
0	358	325	0.997988
1	358	108	0.997985
0	358	175	0.997985
0	358	252	0.997985
1	358	70	0.997981
0	358	180	0.997981
0	358	347	0.997981
0	358	291	0.997981
0	358	323	0.997981
0	358	280	0.997978
1	358	36	0.997978
0	358	162	0.997975
1	358	102	0.997975
0	358	270	0.997975
1	358	82	0.997975
1	358	109	0.997975
0	358	260	0.997975
0	358	327	0.997975
0	358	296	0.997972
0	358	262	0.997968
0	358	229	0.997965
0	358	295	0.997965
0	358	291	0.997965
0	358	320	0.997965
0	358	203	0.997965
0	358	225	0.997962
0	358	218	0.997962
0	358	292	0.997956
0	358	325	0.997956
0	358	314	0.997956
0	358	311	0.997952
0	358	224	0.997952
1	358	36	0.997952
1	358	98	0.997949
0	358	142	0.997943
1	358	49	0.997943
0	358	142	0.997939
0	358	334	0.997939
0	358	159	0.997936
1	358	55	0.997933
0	358	315	0.997933
0	358	234	0.99793
0	358	141	0.99793
1	358	89	0.997927
0	358	221	0.997927
0	358	355	0.997923
1	358	13	0.997923
0	358	275	0.997923
0	358	114	0.997923
1	358	7	0.997923
0	358	266	0.99792
0	358	116	0.99792
0	358	288	0.99792
1	358	61	0.997917
0	358	190	0.997917
1	358	54	0.997917
1	358	51	0.997917
0	358	294	0.997917
1	358	43	0.997914
0	358	313	0.997914
0	358	239	0.997914
0	358	313	0.99791
1	358	37	0.997907
0	358	340	0.997904
0	358	346	0.997904
1	358	84	0.997904
0	358	355	0.997904
1	358	51	0.997904
0	358	273	0.997901
0	358	153	0.997901
1	358	59	0.997901
0	358	320	0.997901
1	358	21	0.997901
0	358	281	0.997897
0	358	122	0.997897
1	358	31	0.997894
0	358	255	0.997894
0	358	166	0.997894
0	358	127	0.997891
0	358	225	0.997891
1	358	76	0.997888
0	358	129	0.997888
1	358	23	0.997885
0	358	278	0.997881
1	358	8	0.997881
0	358	117	0.997878
0	358	142	0.997878
0	358	165	0.997875
0	358	147	0.997872
0	358	251	0.997872
0	358	229	0.997872
0	358	187	0.997872
1	358	12	0.997868
0	358	294	0.997868
1	358	61	0.997868
0	358	195	0.997868
1	358	108	0.997865
0	358	352	0.997865
0	358	165	0.997865
1	358	37	0.997865
0	358	187	0.997859
0	358	290	0.997859
0	358	285	0.997856
0	358	149	0.997856
1	358	33	0.997852
1	358	63	0.997852
0	358	128	0.997849
1	358	69	0.997849
0	358	129	0.997846
1	358	51	0.997846
1	358	40	0.997843
0	358	223	0.997843
0	358	236	0.997843
0	358	314	0.997839
0	358	357	0.997839
0	358	321	0.997836
0	358	270	0.997833
0	358	204	0.997833
1	358	45	0.997833
1	358	91	0.997833
1	358	53	0.997833
0	358	334	0.997833
0	358	203	0.99783
1	358	64	0.99783
1	358	89	0.99783
1	358	78	0.997826
0	358	344	0.997826
0	358	120	0.997826
0	358	323	0.997823
1	358	96	0.997823
0	358	145	0.99782
0	358	123	0.997817
0	358	184	0.997817
0	358	128	0.997814
0	358	192	0.997814
1	358	92	0.99781
0	358	196	0.99781
0	358	354	0.99781
0	358	265	0.997807
1	358	68	0.997807
0	358	127	0.997807
1	358	20	0.997807
1	358	30	0.997807
0	358	349	0.997807
0	358	265	0.997804
0	358	194	0.997804
0	358	312	0.997804
0	358	197	0.997801
0	358	273	0.997801
0	358	183	0.997801
0	358	356	0.997801
1	358	64	0.997797
0	358	300	0.997797
0	358	122	0.997797
0	358	197	0.997791
1	358	48	0.997788
0	358	139	0.997788
1	358	44	0.997788
0	358	220	0.997785
0	358	150	0.997785
0	358	357	0.997781
0	358	206	0.997778
0	358	338	0.997778
1	358	91	0.997778
0	358	113	0.997778
0	358	127	0.997775
1	358	65	0.997775
0	358	308	0.997772
0	358	309	0.997772
0	358	327	0.997772
1	358	51	0.997772
1	358	83	0.997768
0	358	152	0.997768
1	358	54	0.997765
0	358	200	0.997765
0	358	201	0.997762
0	358	227	0.997762
0	358	197	0.997762
1	358	30	0.997762
0	358	282	0.997762
1	358	42	0.997762
0	358	181	0.997759
0	358	263	0.997759
0	358	189	0.997759
0	358	294	0.997759
0	358	336	0.997759
0	358	302	0.997756
0	358	176	0.997756
0	358	263	0.997756
0	358	312	0.997752
0	358	331	0.997752
1	358	32	0.997752
0	358	346	0.997752
0	358	172	0.997752
1	358	11	0.997749
0	358	243	0.997746
0	358	281	0.997743
1	358	84	0.997743
0	358	277	0.997743
0	358	251	0.997739
0	358	330	0.997739
1	358	28	0.997739
0	358	112	0.997736
0	358	152	0.997736
0	358	142	0.997733
0	358	264	0.997733
0	358	273	0.997733
0	358	135	0.997733
0	358	197	0.997726
0	358	160	0.997723
0	358	268	0.997723
1	358	12	0.997723
0	358	185	0.99772
1	358	71	0.99772
0	358	221	0.99772
0	358	321	0.99772
0	358	133	0.99772
0	358	199	0.99772
1	358	14	0.99772
0	358	114	0.997717
1	358	7	0.997717
0	358	133	0.997714
0	358	206	0.997714
1	358	32	0.997714
0	358	314	0.997714
1	358	14	0.997714
1	358	84	0.997714
1	358	16	0.99771
0	358	319	0.99771
0	358	138	0.997707
0	358	235	0.997704
0	358	172	0.997704
1	358	84	0.997704
0	358	247	0.997704
1	358	60	0.997701
0	358	223	0.997697
0	358	253	0.997697
0	358	315	0.997697
0	358	117	0.997697
0	358	213	0.997697
0	358	200	0.997697
0	358	134	0.997694
1	358	73	0.997691
1	358	86	0.997691
0	358	115	0.997691
1	358	59	0.997691
0	358	309	0.997688
0	358	323	0.997688
0	358	285	0.997685
0	358	156	0.997685
0	358	159	0.997681
0	358	353	0.997681
0	358	187	0.997681
0	358	151	0.997681
0	358	272	0.997681
0	358	193	0.997678
1	358	96	0.997678
0	358	298	0.997678
0	358	240	0.997678
0	358	109	0.997675
0	358	213	0.997672
0	358	195	0.997672
0	358	129	0.997668
0	358	282	0.997668
0	358	237	0.997665
1	358	12	0.997665
0	358	176	0.997665
1	358	97	0.997662
1	358	40	0.997662
0	358	209	0.997656
0	358	183	0.997656
0	358	329	0.997652
0	358	357	0.997652
0	358	344	0.997652
0	358	125	0.997649
0	358	312	0.997649
0	358	256	0.997649
1	358	75	0.997649
0	358	173	0.997646
1	358	81	0.997646
0	358	117	0.997646
0	358	142	0.997646
1	358	41	0.997643
0	358	194	0.997639
0	358	208	0.997639
0	358	204	0.997639
1	358	77	0.997636
0	358	337	0.997636
0	358	206	0.997636
1	358	98	0.997636
0	358	300	0.997633
0	358	152	0.997633
0	358	151	0.99763
0	358	345	0.99763
0	358	355	0.99763
1	358	87	0.997626
1	358	73	0.99762
1	358	43	0.997617
0	358	197	0.997617
1	358	66	0.997614
1	358	74	0.997614
1	358	91	0.99761
0	358	143	0.99761
0	358	294	0.99761
0	358	109	0.99761
0	358	229	0.99761
0	358	332	0.997607
1	358	102	0.997607
0	358	154	0.997607
0	358	218	0.997604
0	358	155	0.997604
0	358	133	0.997604
1	358	89	0.997604
0	358	263	0.997601
0	358	324	0.997601
1	358	11	0.997601
0	358	142	0.997597
0	358	103	0.997597
0	358	137	0.997597
0	358	324	0.997597
0	358	314	0.997594
0	358	168	0.997594
0	358	177	0.997594
0	358	235	0.997594
0	358	246	0.997591
0	358	211	0.997591
0	358	154	0.997591
0	358	138	0.997591
1	358	84	0.997591
0	358	280	0.997591
1	358	53	0.997591
1	358	25	0.997585
0	358	173	0.997585
0	358	347	0.997585
0	358	218	0.997585
0	358	154	0.997581
0	358	149	0.997578
0	358	250	0.997578
0	358	335	0.997575
0	358	257	0.997575
0	358	294	0.997575
1	358	89	0.997572
0	358	225	0.997568
0	358	262	0.997568
0	358	339	0.997568
1	358	47	0.997565
0	358	220	0.997565
0	358	192	0.997562
0	358	129	0.997562
0	358	304	0.997562
1	358	74	0.997562
0	358	188	0.997562
0	358	148	0.997559
0	358	198	0.997559
0	358	137	0.997556
1	358	20	0.997556
0	358	254	0.997556
1	358	34	0.997552
0	358	333	0.997552
0	358	161	0.997552
1	358	66	0.997552
1	358	21	0.997552
1	358	45	0.997546
0	358	274	0.997546
1	358	22	0.997546
0	358	116	0.997543
0	358	182	0.997543
1	358	81	0.997543
1	358	82	0.997539
0	358	196	0.997536
0	358	290	0.997536
1	358	27	0.997536
0	358	292	0.997536
0	358	343	0.997533
0	358	181	0.997533
0	358	190	0.997533
0	358	320	0.997533
0	358	288	0.997533
0	358	114	0.997533
1	358	60	0.99753
0	358	352	0.99753
0	358	205	0.99753
0	358	267	0.997527
0	358	243	0.997523
0	358	246	0.997523
1	358	85	0.997523
0	358	114	0.99752
0	358	280	0.99752
0	358	294	0.99752
0	358	200	0.997517
0	358	118	0.997517
1	358	58	0.99751
0	358	216	0.997507
0	358	345	0.997504
0	358	265	0.997501
1	358	92	0.997497
0	358	327	0.997497
1	358	33	0.997497
0	358	171	0.997494
1	358	13	0.997491
0	358	180	0.997491
0	358	111	0.997488
0	358	351	0.997485
0	358	118	0.997485
0	358	288	0.997485
0	358	213	0.997485
0	358	120	0.997481
0	358	314	0.997481
1	358	68	0.997481
0	358	295	0.997478
0	358	110	0.997478
1	358	34	0.997478
1	358	23	0.997475
0	358	143	0.997472
1	358	77	0.997472
0	358	261	0.997472
0	358	357	0.997468
0	358	242	0.997468
1	358	7	0.997468
0	358	249	0.997465
0	358	145	0.997465
0	358	248	0.997465
0	358	161	0.997462
0	358	270	0.997462
0	358	138	0.997459
0	358	135	0.997459
0	358	150	0.997459
1	358	53	0.997456
1	358	61	0.997456
1	358	69	0.997449
1	358	82	0.997449
0	358	355	0.997449
0	358	212	0.997449
0	358	313	0.997449
0	358	103	0.997449
0	358	103	0.997446
0	358	293	0.997446
1	358	44	0.997443
1	358	9	0.997443
0	358	174	0.997436
0	358	357	0.997436
0	358	243	0.99743
0	358	176	0.99743
1	358	56	0.99743
0	358	131	0.99743
0	358	205	0.99743
0	358	108	0.997427
0	358	219	0.997427
1	358	65	0.997427
0	358	317	0.997427
0	358	252	0.99742
0	358	160	0.99742
0	358	332	0.99742
0	358	228	0.997417
0	358	133	0.997417
0	358	100	0.997414
0	358	238	0.997414
1	358	91	0.997414
0	358	356	0.997414
1	358	53	0.99741
0	358	163	0.99741
0	358	240	0.99741
0	358	152	0.997407
0	358	268	0.997407
0	358	138	0.997404
0	358	139	0.997404
0	358	179	0.997404
0	358	109	0.997404
0	358	186	0.997401
1	358	54	0.997398
0	358	201	0.997398
0	358	152	0.997398
0	358	343	0.997394
0	358	315	0.997391
0	358	225	0.997391
1	358	49	0.997385
0	358	239	0.997381
0	358	250	0.997381
0	358	109	0.997381
0	358	228	0.997378
0	358	146	0.997378
1	358	10	0.997375
0	358	258	0.997375
0	358	236	0.997375
1	358	84	0.997375
1	358	46	0.997368
0	358	296	0.997368
1	358	57	0.997368
0	358	305	0.997365
0	358	246	0.997359
0	358	184	0.997359
0	358	186	0.997356
0	358	144	0.997356
0	358	261	0.997356
1	358	60	0.997356
1	358	39	0.997356
0	358	105	0.997352
0	358	246	0.997352
0	358	338	0.997349
0	358	266	0.997349
0	358	295	0.997349
0	358	196	0.997346
1	358	97	0.997346
0	358	292	0.997346
0	358	216	0.997346
0	358	354	0.997343
0	358	140	0.997343
0	358	203	0.997339
0	358	281	0.997339
0	358	276	0.997339
0	358	233	0.997339
0	358	252	0.997339
0	358	128	0.997333
1	358	95	0.997333
0	358	124	0.997333
0	358	164	0.997333
1	358	55	0.997333
0	358	105	0.99733
0	358	224	0.99733
1	358	72	0.99733
0	358	241	0.99733
0	358	249	0.997327
0	358	179	0.997327
1	358	53	0.997327
0	358	242	0.997327
0	358	130	0.997323
0	358	161	0.997323
0	358	291	0.997323
0	358	336	0.99732
0	358	146	0.99732
1	358	39	0.99732
0	358	99	0.997314
0	358	313	0.997314
0	358	263	0.997314
0	358	120	0.997314
0	358	187	0.997314
0	358	352	0.997307
0	358	113	0.997307
0	358	237	0.997307
0	358	311	0.997307
0	358	345	0.997307
1	358	24	0.997304
0	358	180	0.997304
0	358	294	0.997304
1	358	73	0.997301
0	358	295	0.997301
1	358	33	0.997298
0	358	168	0.997298
1	358	94	0.997298
1	358	36	0.997298
1	358	64	0.997298
0	358	199	0.997294
1	358	73	0.997294
1	358	81	0.997294
1	358	71	0.997294
1	358	42	0.997291
0	358	103	0.997291
1	358	71	0.997288
1	358	67	0.997288
1	358	74	0.997288
0	358	248	0.997288
1	358	93	0.997285
0	358	351	0.997285
1	358	21	0.997278
0	358	112	0.997278
0	358	155	0.997275
0	358	339	0.997275
0	358	335	0.997275
1	358	96	0.997275
0	358	167	0.997275
0	358	232	0.997275
0	358	257	0.997275
0	358	308	0.997272
0	358	197	0.997272
0	358	296	0.997272
0	358	123	0.997269
0	358	114	0.997269
1	358	18	0.997269
0	358	191	0.997269
0	358	242	0.997265
1	358	24	0.997265
0	358	114	0.997262
0	358	138	0.997262
1	358	79	0.997262
0	358	277	0.997259
0	358	104	0.997256
0	358	345	0.997252
1	358	76	0.997252
0	358	331	0.997252
1	358	84	0.997246
1	358	63	0.997246
0	358	116	0.997246
1	358	96	0.997246
0	358	355	0.997243
0	358	203	0.997243
0	358	111	0.99724
0	358	268	0.99724
1	358	14	0.99724
0	358	308	0.997236
0	358	163	0.997236
1	358	53	0.997233
0	358	332	0.997233
0	358	350	0.997233
1	358	66	0.997233
0	358	335	0.99723
0	358	323	0.99723
1	358	55	0.997227
0	358	275	0.997227
0	358	258	0.997227
0	358	113	0.997227
0	358	289	0.997223
0	358	203	0.99722
0	358	140	0.997217
0	358	263	0.997214
0	358	247	0.997214
1	358	10	0.997207
1	358	66	0.997207
0	358	214	0.997207
1	358	86	0.997204
0	358	290	0.997204
1	358	86	0.997204
0	358	251	0.997204
0	358	116	0.997201
0	358	150	0.997201
0	358	287	0.997198
0	358	327	0.997198
1	358	44	0.997194
0	358	281	0.997194
0	358	333	0.997194
1	358	95	0.997194
0	358	352	0.997191
0	358	240	0.997191
0	358	222	0.997188
1	358	38	0.997188
0	358	134	0.997188
0	358	199	0.997185
1	358	90	0.997185
0	358	289	0.997185
0	358	102	0.997185
0	358	114	0.997185
0	358	167	0.997185
0	358	132	0.997181
1	358	84	0.997181
0	358	147	0.997181
0	358	301	0.997181
0	358	336	0.997181
1	358	53	0.997178
0	358	314	0.997178
1	358	48	0.997178
0	358	169	0.997178
0	358	162	0.997175
0	358	173	0.997175
1	358	86	0.997175
1	358	73	0.997172
1	358	93	0.997169
1	358	34	0.997169
0	358	243	0.997165
0	358	311	0.997165
0	358	279	0.997165
0	358	204	0.997165
0	358	286	0.997162
0	358	344	0.997159
1	358	9	0.997159
0	358	121	0.997149
0	358	140	0.997149
0	358	345	0.997146
0	358	97	0.997146
0	358	345	0.997146
0	358	293	0.997146
1	358	34	0.997143
0	358	179	0.997143
0	358	97	0.997143
0	358	309	0.997143
1	358	19	0.99714
0	358	356	0.99714
0	358	181	0.99714
0	358	201	0.99714
0	358	323	0.99714
0	358	115	0.997136
0	358	202	0.997136
0	358	98	0.997136
1	358	19	0.997136
1	358	63	0.997136
1	358	80	0.997133
0	358	99	0.997133
0	358	149	0.997133
0	358	140	0.99713
0	358	254	0.99713
0	358	274	0.997127
0	358	262	0.997127
0	358	170	0.997127
0	358	347	0.997123
0	358	226	0.997123
0	358	204	0.997123
0	358	355	0.997123
0	358	225	0.99712
0	358	172	0.997117
0	358	326	0.997114
0	358	182	0.997111
0	358	283	0.997111
1	358	46	0.997107
0	358	283	0.997107
0	358	240	0.997107
0	358	228	0.997104
0	358	189	0.997104
0	358	111	0.997101
0	358	231	0.997098
0	358	176	0.997098
0	358	243	0.997098
0	358	155	0.997098
0	358	109	0.997098
1	358	30	0.997098
0	358	246	0.997094
1	358	40	0.997094
0	358	202	0.997091
0	358	143	0.997091
0	358	349	0.997088
0	358	115	0.997088
1	358	13	0.997088
0	358	173	0.997088
0	358	154	0.997085
0	358	327	0.997085
0	358	283	0.997085
1	358	34	0.997078
0	358	109	0.997078
1	358	24	0.997078
1	358	50	0.997075
1	358	59	0.997075
0	358	150	0.997075
0	358	221	0.997075
0	358	108	0.997075
0	358	285	0.997075
1	358	53	0.997075
0	358	162	0.997072
0	358	225	0.997072
1	358	53	0.997072
1	358	9	0.997072
0	358	243	0.997069
0	358	265	0.997065
0	358	347	0.997065
1	358	92	0.997059
0	358	234	0.997056
0	358	233	0.997056
0	358	332	0.997053
0	358	276	0.997053
0	358	235	0.997053
0	358	228	0.997053
0	358	191	0.997049
0	358	237	0.997046
0	358	266	0.997046
1	358	39	0.997043
0	358	329	0.99704
0	358	332	0.997036
1	358	65	0.997036
1	358	7	0.997036
0	358	200	0.997036
0	358	155	0.99703
0	358	218	0.99703
0	358	273	0.997027
0	358	108	0.997027
0	358	275	0.99702
0	358	284	0.99702
1	358	35	0.997017
0	358	109	0.997017
1	358	32	0.997017
1	358	88	0.997017
0	358	123	0.997017
0	358	98	0.997014
0	358	344	0.997014
0	358	255	0.997014
0	358	317	0.997014
0	358	121	0.997014
0	358	266	0.997011
0	358	302	0.997011
0	358	181	0.997011
0	358	314	0.997007
0	358	324	0.997007
1	358	12	0.997004
0	358	242	0.997004
0	358	338	0.997004
0	358	320	0.997001
1	358	37	0.997001
0	358	192	0.997001
0	358	97	0.996998
0	358	297	0.996995
0	358	167	0.996995
0	358	261	0.996995
1	358	28	0.996995
0	358	271	0.996991
1	358	76	0.996988
0	358	127	0.996988
0	358	285	0.996988
0	358	234	0.996988
0	358	194	0.996985
0	358	302	0.996985
0	358	103	0.996982
1	358	79	0.996982
0	358	305	0.996969
0	358	280	0.996969
0	358	353	0.996965
0	358	123	0.996965
0	358	190	0.996965
0	358	122	0.996962
0	358	167	0.996962
0	358	145	0.996962
1	358	42	0.996956
0	358	301	0.996956
0	358	189	0.996953
0	358	136	0.996953
0	358	169	0.996953
0	358	162	0.996949
1	358	85	0.996949
0	358	121	0.996949
0	358	139	0.996946
1	358	20	0.996946
1	358	21	0.996943
1	358	33	0.996943
0	358	133	0.996936
0	358	214	0.996933
0	358	186	0.996933
0	358	178	0.996933
1	358	22	0.996933
0	358	344	0.996933
0	358	103	0.996933
1	358	49	0.99693
0	358	329	0.99693
0	358	326	0.99693
0	358	183	0.99693
0	358	325	0.99693
0	358	289	0.99693
1	358	67	0.996927
0	358	258	0.996927
0	358	298	0.996927
1	358	81	0.996927
0	358	99	0.996927
1	358	80	0.996924
0	358	323	0.996924
0	358	106	0.996924
0	358	304	0.996924
1	358	40	0.996924
0	358	238	0.99692
0	358	216	0.99692
0	358	272	0.99692
1	358	56	0.996917
1	358	58	0.996914
0	358	153	0.996911
0	358	200	0.996911
0	358	278	0.996911
0	358	99	0.996907
0	358	215	0.996907
0	358	116	0.996907
0	358	137	0.996907
0	358	295	0.996904
0	358	283	0.996904
0	358	251	0.996904
0	358	124	0.996901
0	358	114	0.996901
0	358	157	0.996898
0	358	171	0.996898
0	358	183	0.996898
0	358	157	0.996898
1	358	44	0.996895
0	358	314	0.996891
0	358	253	0.996891
0	358	197	0.996888
0	358	168	0.996888
1	358	89	0.996882
0	358	113	0.996882
0	358	224	0.996882
0	358	220	0.996878
0	358	342	0.996878
1	358	87	0.996878
1	358	40	0.996878
0	358	206	0.996875
0	358	106	0.996875
0	358	190	0.996869
0	358	157	0.996869
1	358	60	0.996869
0	358	344	0.996866
0	358	254	0.996866
0	358	257	0.996866
1	358	54	0.996866
0	358	221	0.996862
1	358	47	0.996862
0	358	96	0.996862
0	358	252	0.996862
0	358	305	0.996859
0	358	164	0.996856
0	358	216	0.996856
0	358	356	0.996849
0	358	259	0.996849
1	358	76	0.996849
0	358	171	0.996846
1	358	87	0.996846
1	358	46	0.996846
0	358	263	0.996846
0	358	321	0.996846
0	358	292	0.996846
0	358	238	0.996846
0	358	315	0.996843
0	358	351	0.996843
0	358	350	0.996843
0	358	329	0.99684
0	358	268	0.99684
0	358	118	0.99684
0	358	111	0.99684
0	358	242	0.99684
0	358	204	0.99684
1	358	42	0.99684
0	358	112	0.99684
0	358	173	0.996837
1	358	71	0.996837
0	358	304	0.99683
0	358	265	0.99683
0	358	248	0.996827
0	358	348	0.996824
0	358	128	0.996824
0	358	297	0.996824
0	358	124	0.996824
1	358	79	0.99682
0	358	299	0.99682
0	358	247	0.99682
0	358	105	0.996817
0	358	113	0.996817
0	358	122	0.996817
0	358	123	0.996814
0	358	217	0.996811
0	358	103	0.996811
1	358	25	0.996811
0	358	217	0.996808
0	358	320	0.996808
1	358	33	0.996808
0	358	324	0.996804
1	358	34	0.996804
0	358	189	0.996804
1	358	38	0.996801
0	358	282	0.996801
0	358	237	0.996801
0	358	352	0.996801
1	358	52	0.996798
0	358	173	0.996798
0	358	304	0.996795
0	358	319	0.996795
0	358	242	0.996795
1	358	12	0.996795
0	358	171	0.996795
0	358	226	0.996795
1	358	55	0.996795
0	358	285	0.996791
0	358	237	0.996791
0	358	201	0.996788
0	358	217	0.996788
1	358	26	0.996782
0	358	244	0.996782
0	358	242	0.996779
1	358	68	0.996775
0	358	252	0.996775
0	358	269	0.996772
0	358	273	0.996772
