160217
1.17622
2500
1	295	91	0.999998
1	295	110	0.999998
1	295	85	0.999998
1	295	254	0.999998
1	295	262	0.999998
1	295	126	0.999996
1	295	113	0.999996
1	295	269	0.999996
1	295	98	0.999994
1	295	224	0.999992
1	295	273	0.999992
1	295	248	0.999992
1	295	203	0.999992
1	295	101	0.99999
1	295	284	0.999988
1	295	130	0.999988
0	295	294	0.999988
1	295	207	0.999986
1	295	175	0.999986
1	295	177	0.999986
1	295	226	0.999986
1	295	255	0.999984
1	295	256	0.999983
1	295	245	0.999983
1	295	83	0.999983
1	295	96	0.999983
1	295	225	0.999981
1	295	192	0.999981
1	295	156	0.999979
1	295	147	0.999979
1	295	104	0.999979
1	295	167	0.999977
1	295	53	0.999977
1	295	208	0.999977
1	295	99	0.999977
1	295	175	0.999977
0	295	289	0.999975
1	295	131	0.999975
1	295	98	0.999975
1	295	212	0.999973
1	295	163	0.999973
1	295	110	0.999969
1	295	119	0.999969
1	295	260	0.999969
1	295	79	0.999969
1	295	28	0.999965
1	295	176	0.999965
1	295	153	0.999965
1	295	264	0.999965
1	295	65	0.999961
1	295	86	0.999961
1	295	146	0.999959
1	295	140	0.999957
1	295	101	0.999957
1	295	166	0.999955
1	295	39	0.999955
1	295	170	0.999953
1	295	194	0.999953
1	295	131	0.999951
1	295	273	0.999951
1	295	239	0.999951
1	295	146	0.999951
1	295	160	0.999951
1	295	214	0.999951
1	295	174	0.99995
1	295	192	0.99995
1	295	31	0.99995
1	295	180	0.99995
1	295	269	0.999948
1	295	97	0.999948
1	295	248	0.999946
1	295	62	0.999946
1	295	111	0.999946
1	295	88	0.999944
1	295	37	0.999944
1	295	77	0.999942
1	295	51	0.999942
0	295	280	0.99994
1	295	245	0.99994
1	295	211	0.999932
1	295	185	0.999932
1	295	47	0.99993
1	295	60	0.99993
1	295	56	0.999928
1	295	41	0.999928
1	295	58	0.999928
1	295	84	0.999926
1	295	185	0.999924
1	295	56	0.999924
1	295	156	0.999924
1	295	107	0.999924
1	295	68	0.999924
1	295	111	0.999922
1	295	164	0.999922
1	295	88	0.99992
1	295	246	0.999918
1	295	53	0.999918
0	295	276	0.999918
0	295	287	0.999918
1	295	140	0.999916
1	295	159	0.999913
1	295	207	0.999913
0	295	293	0.999913
1	295	234	0.999913
1	295	185	0.999911
1	295	148	0.999911
1	295	203	0.999911
1	295	110	0.999911
1	295	48	0.999909
0	295	286	0.999909
1	295	140	0.999907
0	295	272	0.999907
1	295	139	0.999907
1	295	152	0.999907
1	295	230	0.999905
1	295	48	0.999905
1	295	153	0.999905
1	295	216	0.999901
1	295	75	0.999901
1	295	200	0.999899
1	295	251	0.999899
1	295	117	0.999899
1	295	154	0.999897
1	295	151	0.999897
1	295	117	0.999895
1	295	36	0.999895
1	295	206	0.999895
0	295	283	0.999895
1	295	260	0.999895
1	295	45	0.999895
1	295	253	0.999893
1	295	133	0.999893
1	295	37	0.999893
1	295	70	0.999893
1	295	227	0.999893
1	295	142	0.999893
1	295	178	0.999891
1	295	162	0.999891
1	295	119	0.999889
1	295	89	0.999889
1	295	231	0.999887
1	295	59	0.999885
1	295	183	0.999885
1	295	262	0.999885
1	295	222	0.999883
1	295	149	0.999882
1	295	203	0.999882
1	295	82	0.999882
1	295	170	0.999882
1	295	220	0.999882
1	295	238	0.999882
1	295	161	0.999878
1	295	91	0.999878
1	295	132	0.999878
1	295	87	0.999876
1	295	259	0.999876
1	295	146	0.999876
1	295	218	0.999872
0	295	293	0.999872
1	295	30	0.99987
1	295	260	0.99987
1	295	159	0.999868
1	295	128	0.999868
1	295	66	0.999868
1	295	90	0.999866
1	295	217	0.999864
0	295	267	0.999864
1	295	232	0.999864
1	295	33	0.999862
1	295	231	0.99986
1	295	170	0.99986
1	295	226	0.999858
1	295	43	0.999858
1	295	181	0.999858
1	295	145	0.999856
1	295	124	0.999856
1	295	119	0.999856
0	295	290	0.999854
1	295	108	0.999854
1	295	237	0.999852
1	295	200	0.999852
1	295	95	0.999852
0	295	268	0.999852
1	295	168	0.999852
1	295	155	0.999852
1	295	63	0.999852
1	295	96	0.99985
1	295	89	0.99985
1	295	150	0.999849
1	295	192	0.999849
1	295	213	0.999847
1	295	206	0.999843
1	295	107	0.999843
1	295	150	0.999843
1	295	65	0.999841
1	295	102	0.999841
1	295	126	0.999839
1	295	39	0.999839
1	295	131	0.999839
1	295	118	0.999837
1	295	233	0.999837
1	295	199	0.999835
1	295	202	0.999835
0	295	282	0.999835
1	295	214	0.999835
1	295	185	0.999833
1	295	210	0.999833
1	295	33	0.999833
0	295	293	0.999833
1	295	87	0.999829
1	295	192	0.999829
1	295	219	0.999829
1	295	199	0.999827
1	295	27	0.999827
1	295	87	0.999827
1	295	78	0.999827
1	295	93	0.999827
1	295	248	0.999827
0	295	277	0.999825
1	295	71	0.999825
0	295	287	0.999823
1	295	48	0.999821
1	295	232	0.999821
1	295	141	0.999821
1	295	48	0.999821
1	295	240	0.999819
1	295	123	0.999816
1	295	138	0.999816
0	295	248	0.999814
1	295	147	0.999814
1	295	188	0.999812
1	295	46	0.999812
1	295	146	0.99981
1	295	187	0.99981
1	295	121	0.99981
1	295	123	0.99981
1	295	211	0.999808
1	295	70	0.999808
1	295	167	0.999808
1	295	87	0.999808
1	295	69	0.999806
0	295	294	0.999806
1	295	45	0.999806
1	295	165	0.999806
1	295	154	0.999804
1	295	92	0.999804
1	295	211	0.999804
0	295	269	0.999804
1	295	174	0.999804
1	295	83	0.999804
1	295	120	0.999802
1	295	213	0.999802
1	295	40	0.9998
1	295	164	0.9998
1	295	88	0.9998
1	295	116	0.9998
1	295	197	0.999798
1	295	198	0.999798
1	295	140	0.999796
1	295	168	0.999796
1	295	87	0.999796
1	295	185	0.999794
1	295	242	0.999794
0	295	249	0.999794
1	295	70	0.999794
1	295	217	0.999794
0	295	255	0.999794
0	295	283	0.999792
1	295	222	0.999792
1	295	177	0.99979
0	295	264	0.99979
1	295	81	0.999788
1	295	200	0.999786
1	295	157	0.999786
0	295	283	0.999784
1	295	124	0.999783
0	295	251	0.999781
1	295	173	0.999781
0	295	244	0.999781
1	295	218	0.999781
1	295	147	0.999779
1	295	147	0.999777
1	295	127	0.999777
1	295	168	0.999777
1	295	141	0.999777
1	295	98	0.999777
1	295	89	0.999775
1	295	133	0.999775
1	295	191	0.999775
0	295	283	0.999771
1	295	78	0.999771
1	295	228	0.999771
1	295	145	0.999769
1	295	151	0.999769
1	295	133	0.999769
1	295	81	0.999769
1	295	55	0.999767
1	295	43	0.999767
0	295	282	0.999767
1	295	230	0.999767
0	295	250	0.999767
1	295	105	0.999765
1	295	64	0.999763
1	295	186	0.999763
1	295	121	0.999763
1	295	187	0.999761
1	295	67	0.999761
1	295	166	0.999761
1	295	44	0.999761
1	295	173	0.999761
1	295	50	0.999759
0	295	252	0.999759
1	295	130	0.999755
1	295	86	0.999755
1	295	147	0.999753
0	295	274	0.999753
0	295	243	0.999751
1	295	192	0.999751
1	295	195	0.999751
1	295	66	0.99975
1	295	74	0.99975
1	295	151	0.999748
1	295	182	0.999748
1	295	228	0.999748
1	295	185	0.999746
0	295	233	0.999746
1	295	162	0.999746
1	295	71	0.999744
1	295	90	0.999744
1	295	208	0.999744
1	295	63	0.999744
1	295	225	0.999742
1	295	223	0.999742
0	295	250	0.999742
0	295	286	0.999742
0	295	271	0.99974
0	295	288	0.999738
0	295	258	0.999738
1	295	95	0.999738
1	295	223	0.999736
1	295	52	0.999736
1	295	78	0.999734
1	295	107	0.999734
1	295	85	0.999734
1	295	93	0.999734
1	295	202	0.999732
1	295	125	0.999732
1	295	120	0.999732
1	295	209	0.999732
1	295	95	0.999732
0	295	270	0.999732
1	295	163	0.999732
0	295	239	0.99973
1	295	85	0.99973
1	295	50	0.999728
1	295	45	0.999728
1	295	55	0.999728
1	295	35	0.999728
1	295	67	0.999728
1	295	60	0.999728
1	295	171	0.999724
0	295	242	0.999724
0	295	252	0.999724
1	295	95	0.999722
1	295	29	0.999722
1	295	182	0.999718
0	295	228	0.999718
1	295	218	0.999718
1	295	52	0.999718
0	295	233	0.999717
1	295	115	0.999717
0	295	270	0.999717
1	295	83	0.999715
1	295	162	0.999715
1	295	215	0.999715
1	295	176	0.999715
1	295	148	0.999715
1	295	161	0.999715
1	295	202	0.999715
1	295	93	0.999713
1	295	81	0.999713
1	295	127	0.999711
0	295	261	0.999709
0	295	268	0.999709
1	295	209	0.999707
1	295	99	0.999707
1	295	82	0.999707
1	295	114	0.999707
1	295	127	0.999705
1	295	181	0.999703
1	295	141	0.999701
1	295	91	0.999701
1	295	38	0.999697
1	295	112	0.999697
1	295	80	0.999697
1	295	148	0.999695
1	295	187	0.999695
1	295	107	0.999693
1	295	47	0.999693
1	295	93	0.999693
1	295	92	0.999693
1	295	161	0.999691
0	295	258	0.999691
1	295	89	0.999691
1	295	56	0.999691
0	295	237	0.999689
1	295	59	0.999689
1	295	147	0.999687
0	295	282	0.999687
1	295	206	0.999687
1	295	110	0.999685
1	295	135	0.999685
1	295	155	0.999685
0	295	285	0.999685
1	295	155	0.999685
1	295	32	0.999683
1	295	74	0.999683
1	295	93	0.999683
1	295	189	0.999682
1	295	103	0.999682
0	295	277	0.999682
1	295	95	0.99968
1	295	47	0.99968
1	295	66	0.99968
1	295	46	0.99968
1	295	132	0.999678
1	295	129	0.999676
1	295	107	0.999674
1	295	163	0.999674
1	295	54	0.999674
0	295	229	0.999672
0	295	263	0.999672
0	295	260	0.999672
1	295	194	0.99967
0	295	270	0.99967
1	295	136	0.99967
0	295	283	0.99967
1	295	131	0.999668
1	295	41	0.999668
1	295	204	0.999668
0	295	268	0.999668
1	295	82	0.999668
0	295	239	0.999666
0	295	294	0.999666
1	295	140	0.999666
0	295	236	0.999664
1	295	32	0.999658
1	295	72	0.999658
1	295	111	0.999656
1	295	143	0.999656
1	295	165	0.999654
0	295	268	0.999654
1	295	77	0.999654
1	295	191	0.999652
1	295	107	0.999652
0	295	227	0.999652
0	295	276	0.999649
0	295	216	0.999647
0	295	244	0.999647
0	295	253	0.999645
1	295	186	0.999645
0	295	257	0.999645
1	295	33	0.999643
0	295	275	0.999643
1	295	152	0.999643
0	295	235	0.999643
1	295	131	0.999641
1	295	59	0.999641
1	295	208	0.999641
1	295	123	0.999641
1	295	189	0.999639
1	295	192	0.999639
1	295	95	0.999637
1	295	207	0.999637
0	295	294	0.999635
1	295	207	0.999633
1	295	40	0.999633
1	295	97	0.999633
0	295	290	0.999629
0	295	235	0.999629
1	295	70	0.999629
1	295	91	0.999629
1	295	158	0.999629
1	295	80	0.999627
0	295	228	0.999625
1	295	48	0.999625
1	295	116	0.999623
0	295	269	0.999623
1	295	84	0.999623
0	295	254	0.999621
1	295	190	0.999621
1	295	98	0.999621
1	295	27	0.999619
0	295	213	0.999617
1	295	85	0.999617
1	295	143	0.999617
1	295	92	0.999616
1	295	181	0.999616
1	295	188	0.999614
1	295	204	0.999614
1	295	137	0.999614
1	295	132	0.999614
1	295	134	0.999612
1	295	86	0.999612
1	295	73	0.999612
0	295	287	0.999612
1	295	135	0.99961
1	295	150	0.99961
1	295	100	0.999608
0	295	243	0.999606
1	295	181	0.999606
1	295	48	0.999606
0	295	276	0.999606
0	295	280	0.999602
0	295	278	0.999602
0	295	292	0.9996
1	295	123	0.9996
0	295	245	0.9996
0	295	267	0.9996
0	295	218	0.999598
0	295	264	0.999598
0	295	243	0.999598
1	295	119	0.999598
1	295	146	0.999596
0	295	219	0.999596
1	295	120	0.999596
1	295	159	0.999596
0	295	266	0.999596
1	295	122	0.999596
1	295	97	0.999594
1	295	36	0.999592
1	295	73	0.99959
1	295	127	0.99959
0	295	207	0.999588
1	295	96	0.999588
1	295	36	0.999588
0	295	243	0.999588
1	295	60	0.999588
0	295	242	0.999586
1	295	74	0.999586
0	295	243	0.999586
1	295	197	0.999584
1	295	108	0.999584
0	295	232	0.999584
1	295	176	0.999583
1	295	159	0.999583
1	295	132	0.999581
1	295	90	0.999581
1	295	127	0.999581
1	295	178	0.999579
1	295	53	0.999577
1	295	78	0.999577
1	295	137	0.999577
1	295	59	0.999575
0	295	243	0.999575
1	295	99	0.999573
0	295	284	0.999573
1	295	176	0.999573
0	295	239	0.999573
1	295	127	0.999573
0	295	205	0.999571
1	295	70	0.999571
0	295	283	0.999569
0	295	289	0.999567
1	295	184	0.999567
0	295	251	0.999565
1	295	116	0.999563
1	295	170	0.999563
1	295	109	0.999563
1	295	172	0.999561
1	295	75	0.999561
0	295	255	0.999561
1	295	93	0.999559
1	295	136	0.999559
0	295	272	0.999559
1	295	48	0.999557
1	295	113	0.999557
1	295	80	0.999557
0	295	248	0.999557
1	295	69	0.999555
1	295	74	0.999555
1	295	73	0.999555
1	295	147	0.999553
1	295	159	0.999553
1	295	122	0.999553
1	295	85	0.999551
1	295	117	0.999551
1	295	52	0.999551
1	295	28	0.999551
1	295	173	0.99955
0	295	259	0.99955
1	295	137	0.999548
1	295	108	0.999548
0	295	200	0.999548
1	295	156	0.999548
1	295	62	0.999546
1	295	83	0.999546
1	295	37	0.999546
0	295	263	0.999546
0	295	225	0.999546
1	295	141	0.999544
0	295	262	0.999544
1	295	190	0.999542
1	295	189	0.99954
0	295	204	0.99954
1	295	28	0.999538
1	295	35	0.999538
1	295	80	0.999536
1	295	170	0.999536
0	295	270	0.999536
1	295	182	0.999534
1	295	43	0.999534
0	295	219	0.999534
1	295	51	0.999532
0	295	241	0.999532
1	295	133	0.999532
1	295	42	0.999532
1	295	54	0.99953
0	295	248	0.99953
1	295	170	0.999528
1	295	94	0.999528
0	295	208	0.999526
1	295	56	0.999526
0	295	288	0.999524
1	295	107	0.999524
0	295	253	0.999524
1	295	175	0.999524
1	295	66	0.999524
1	295	127	0.999522
1	295	54	0.999522
0	295	285	0.999522
0	295	251	0.999522
1	295	105	0.999522
0	295	270	0.99952
1	295	174	0.99952
0	295	232	0.999518
0	295	265	0.999517
0	295	208	0.999517
1	295	89	0.999517
1	295	48	0.999515
1	295	107	0.999511
0	295	276	0.999511
0	295	254	0.999509
1	295	61	0.999509
0	295	264	0.999507
1	295	174	0.999507
1	295	70	0.999505
1	295	144	0.999505
0	295	250	0.999505
1	295	145	0.999505
0	295	260	0.999503
0	295	219	0.999503
0	295	223	0.999503
1	295	68	0.999503
0	295	219	0.999501
1	295	56	0.999499
1	295	171	0.999499
0	295	217	0.999497
0	295	210	0.999495
1	295	85	0.999495
1	295	102	0.999493
1	295	33	0.999493
0	295	218	0.999489
1	295	81	0.999487
1	295	39	0.999487
0	295	196	0.999487
1	295	63	0.999487
0	295	266	0.999485
1	295	36	0.999485
1	295	134	0.999485
1	295	90	0.999485
1	295	171	0.999484
1	295	138	0.999484
1	295	127	0.999482
0	295	243	0.999482
1	295	45	0.999482
0	295	237	0.999482
1	295	175	0.999482
0	295	239	0.99948
1	295	102	0.99948
1	295	66	0.99948
0	295	228	0.999478
1	295	105	0.999478
0	295	283	0.999478
0	295	191	0.999478
0	295	200	0.999476
1	295	122	0.999476
0	295	223	0.999476
0	295	241	0.999476
1	295	120	0.999476
1	295	142	0.999476
1	295	136	0.999474
1	295	185	0.999474
1	295	104	0.999472
1	295	99	0.999472
1	295	165	0.999472
1	295	60	0.999472
0	295	252	0.999468
0	295	272	0.999468
0	295	189	0.999466
1	295	144	0.999466
0	295	237	0.999466
0	295	240	0.999464
1	295	126	0.999464
0	295	260	0.999462
1	295	65	0.99946
0	295	208	0.99946
0	295	226	0.99946
0	295	233	0.999458
0	295	186	0.999458
0	295	273	0.999458
1	295	108	0.999458
0	295	190	0.999454
0	295	233	0.999454
1	295	131	0.999454
0	295	203	0.999454
0	295	187	0.999454
1	295	122	0.999452
1	295	121	0.999452
1	295	166	0.999452
1	295	63	0.999451
1	295	158	0.999449
0	295	231	0.999449
0	295	256	0.999447
1	295	30	0.999447
1	295	43	0.999447
0	295	293	0.999447
0	295	251	0.999447
1	295	172	0.999445
1	295	127	0.999445
1	295	74	0.999445
1	295	183	0.999445
1	295	99	0.999441
1	295	154	0.999439
1	295	149	0.999439
0	295	243	0.999439
1	295	31	0.999439
1	295	145	0.999437
0	295	222	0.999437
1	295	54	0.999437
0	295	190	0.999435
0	295	234	0.999435
0	295	222	0.999433
0	295	256	0.999431
0	295	201	0.999431
0	295	278	0.999431
1	295	72	0.999431
0	295	236	0.999429
0	295	266	0.999429
1	295	149	0.999427
1	295	80	0.999427
0	295	215	0.999427
0	295	252	0.999427
0	295	228	0.999427
1	295	45	0.999425
0	295	222	0.999425
1	295	48	0.999425
1	295	116	0.999423
0	295	268	0.999421
1	295	28	0.999421
1	295	64	0.999421
0	295	230	0.999421
0	295	234	0.999419
0	295	222	0.999418
1	295	87	0.999418
1	295	170	0.999416
1	295	59	0.999414
1	295	136	0.999414
0	295	277	0.999412
1	295	113	0.99941
0	295	233	0.99941
0	295	287	0.999408
0	295	288	0.999408
1	295	49	0.999406
0	295	205	0.999404
1	295	56	0.999404
1	295	129	0.999404
1	295	114	0.999404
0	295	276	0.999402
1	295	119	0.999402
0	295	284	0.999402
0	295	191	0.999402
1	295	55	0.9994
1	295	72	0.9994
1	295	39	0.999396
1	295	52	0.999396
1	295	89	0.999392
1	295	156	0.99939
0	295	274	0.99939
1	295	64	0.99939
1	295	106	0.99939
1	295	94	0.999388
1	295	31	0.999388
0	295	210	0.999387
1	295	89	0.999387
1	295	86	0.999385
1	295	34	0.999385
1	295	129	0.999383
0	295	221	0.999381
1	295	151	0.999379
1	295	103	0.999379
0	295	232	0.999379
1	295	103	0.999379
0	295	218	0.999377
1	295	49	0.999377
1	295	59	0.999377
1	295	109	0.999377
1	295	60	0.999375
0	295	194	0.999375
1	295	106	0.999375
1	295	95	0.999373
0	295	285	0.999373
1	295	107	0.999373
1	295	76	0.999373
1	295	121	0.999373
0	295	185	0.999371
0	295	277	0.999371
0	295	233	0.999371
1	295	126	0.999371
1	295	34	0.999369
0	295	217	0.999369
0	295	260	0.999369
0	295	261	0.999367
1	295	73	0.999367
0	295	213	0.999367
1	295	146	0.999365
0	295	243	0.999365
1	295	133	0.999365
1	295	147	0.999363
1	295	111	0.999363
1	295	82	0.999363
1	295	76	0.999363
1	295	45	0.999363
1	295	67	0.999363
1	295	112	0.999361
1	295	159	0.999361
0	295	193	0.999359
1	295	81	0.999359
1	295	72	0.999357
0	295	216	0.999357
0	295	294	0.999357
1	295	137	0.999357
0	295	241	0.999355
0	295	213	0.999355
0	295	211	0.999355
0	295	244	0.999355
1	295	79	0.999352
1	295	106	0.99935
1	295	117	0.999348
0	295	218	0.999346
0	295	247	0.999346
1	295	134	0.999346
1	295	84	0.999346
0	295	263	0.999344
0	295	237	0.999344
1	295	160	0.999344
0	295	258	0.999344
0	295	265	0.999342
1	295	57	0.999342
0	295	186	0.99934
1	295	115	0.99934
1	295	94	0.999338
0	295	193	0.999338
0	295	258	0.999336
1	295	161	0.999334
0	295	290	0.999332
1	295	75	0.999332
0	295	176	0.999332
1	295	72	0.999332
1	295	114	0.99933
1	295	122	0.99933
1	295	141	0.99933
1	295	78	0.99933
1	295	99	0.99933
0	295	267	0.99933
0	295	283	0.999328
1	295	78	0.999328
1	295	87	0.999328
1	295	152	0.999326
1	295	101	0.999326
1	295	69	0.999326
1	295	115	0.999326
1	295	63	0.999324
1	295	53	0.999324
1	295	93	0.999322
1	295	85	0.999322
1	295	41	0.999321
0	295	269	0.999319
0	295	276	0.999319
0	295	170	0.999317
1	295	48	0.999317
0	295	247	0.999315
0	295	184	0.999315
1	295	165	0.999315
1	295	46	0.999313
1	295	133	0.999313
0	295	268	0.999313
1	295	93	0.999313
1	295	160	0.999311
0	295	263	0.999311
0	295	176	0.999311
0	295	229	0.999309
1	295	27	0.999309
0	295	174	0.999309
1	295	111	0.999307
0	295	198	0.999307
0	295	247	0.999307
0	295	183	0.999307
1	295	111	0.999305
1	295	124	0.999303
1	295	86	0.999303
0	295	210	0.999303
0	295	190	0.999303
0	295	193	0.999303
1	295	75	0.999303
0	295	221	0.999301
1	295	27	0.999301
1	295	61	0.999301
0	295	251	0.999299
0	295	213	0.999299
0	295	204	0.999299
0	295	218	0.999299
0	295	211	0.999297
0	295	202	0.999295
1	295	108	0.999295
0	295	260	0.999295
1	295	104	0.999291
0	295	193	0.999291
0	295	237	0.999291
1	295	144	0.999291
1	295	96	0.999291
1	295	146	0.999289
0	295	172	0.999289
1	295	52	0.999289
1	295	150	0.999288
0	295	251	0.999288
1	295	163	0.999286
1	295	129	0.999284
1	295	60	0.999282
0	295	235	0.99928
0	295	262	0.99928
1	295	147	0.99928
0	295	222	0.999278
0	295	285	0.999278
0	295	286	0.999276
1	295	30	0.999276
0	295	200	0.999276
0	295	173	0.999274
0	295	239	0.999274
0	295	251	0.99927
0	295	213	0.999268
1	295	108	0.999266
0	295	235	0.999266
0	295	238	0.999264
0	295	238	0.999264
0	295	262	0.999264
1	295	82	0.999262
0	295	262	0.999262
0	295	177	0.99926
1	295	98	0.99926
1	295	50	0.99926
0	295	189	0.999256
0	295	179	0.999256
1	295	75	0.999256
0	295	263	0.999255
1	295	77	0.999255
1	295	46	0.999253
1	295	70	0.999251
1	295	81	0.999251
0	295	191	0.999251
0	295	247	0.999251
1	295	70	0.999251
1	295	134	0.999249
1	295	110	0.999247
0	295	205	0.999247
0	295	163	0.999245
0	295	258	0.999245
0	295	288	0.999245
0	295	161	0.999245
0	295	200	0.999245
1	295	31	0.999245
1	295	80	0.999243
0	295	205	0.999241
0	295	284	0.999241
1	295	42	0.999241
1	295	147	0.999239
1	295	29	0.999237
1	295	68	0.999237
1	295	50	0.999237
1	295	144	0.999237
1	295	140	0.999235
0	295	280	0.999235
0	295	178	0.999235
0	295	172	0.999233
1	295	105	0.999233
1	295	128	0.999233
0	295	196	0.999231
0	295	218	0.999231
0	295	197	0.999229
1	295	49	0.999229
1	295	84	0.999225
0	295	239	0.999225
0	295	237	0.999225
1	295	118	0.999223
1	295	113	0.999223
1	295	112	0.999222
1	295	155	0.99922
0	295	275	0.99922
1	295	127	0.999218
0	295	267	0.999218
1	295	90	0.999218
0	295	293	0.999216
0	295	172	0.999216
0	295	204	0.999216
0	295	261	0.999214
0	295	293	0.999212
1	295	146	0.999212
1	295	44	0.999212
0	295	248	0.999212
0	295	272	0.99921
1	295	44	0.99921
1	295	129	0.99921
0	295	160	0.99921
1	295	114	0.99921
1	295	49	0.999206
1	295	43	0.999204
0	295	211	0.999204
1	295	132	0.999204
1	295	27	0.999204
0	295	166	0.999202
1	295	90	0.999202
1	295	155	0.9992
1	295	155	0.9992
0	295	288	0.999198
1	295	65	0.999198
0	295	159	0.999198
0	295	264	0.999196
1	295	130	0.999196
1	295	147	0.999194
1	295	82	0.999194
0	295	167	0.999194
0	295	201	0.999194
1	295	65	0.999192
0	295	194	0.999192
1	295	148	0.999192
0	295	264	0.99919
1	295	89	0.99919
0	295	251	0.999189
0	295	217	0.999187
1	295	65	0.999185
1	295	52	0.999185
0	295	279	0.999183
0	295	277	0.999183
1	295	99	0.999183
1	295	77	0.999181
0	295	208	0.999179
1	295	37	0.999179
0	295	244	0.999177
1	295	27	0.999177
1	295	102	0.999175
1	295	134	0.999175
0	295	255	0.999175
0	295	195	0.999175
0	295	265	0.999173
0	295	238	0.999173
0	295	181	0.999171
1	295	44	0.999171
0	295	239	0.999171
1	295	104	0.999171
0	295	240	0.999169
1	295	83	0.999169
0	295	236	0.999167
1	295	41	0.999165
0	295	268	0.999165
0	295	178	0.999165
0	295	284	0.999165
0	295	235	0.999163
1	295	83	0.999163
1	295	124	0.999161
0	295	231	0.999159
1	295	72	0.999159
1	295	49	0.999159
0	295	273	0.999158
0	295	190	0.999158
1	295	131	0.999156
0	295	189	0.999156
0	295	165	0.999152
0	295	160	0.99915
0	295	238	0.99915
1	295	61	0.999148
1	295	42	0.999146
0	295	215	0.999144
1	295	29	0.999144
1	295	92	0.999144
1	295	115	0.999144
1	295	113	0.999142
1	295	102	0.999142
1	295	125	0.999142
1	295	90	0.999142
0	295	281	0.999142
0	295	292	0.99914
1	295	111	0.99914
0	295	239	0.999138
0	295	248	0.999138
0	295	163	0.999138
1	295	75	0.999136
1	295	71	0.999136
0	295	240	0.999134
1	295	47	0.999134
0	295	192	0.999134
1	295	101	0.999134
1	295	54	0.999132
1	295	36	0.999132
0	295	259	0.99913
0	295	288	0.99913
0	295	266	0.99913
0	295	182	0.99913
1	295	55	0.99913
0	295	249	0.999128
0	295	155	0.999126
1	295	112	0.999125
1	295	94	0.999125
1	295	110	0.999125
0	295	277	0.999123
0	295	293	0.999123
0	295	253	0.999121
1	295	85	0.999121
1	295	112	0.999121
1	295	89	0.999119
0	295	258	0.999119
0	295	179	0.999119
0	295	290	0.999119
0	295	170	0.999117
0	295	273	0.999117
1	295	74	0.999117
0	295	219	0.999117
1	295	44	0.999117
1	295	126	0.999117
1	295	33	0.999115
1	295	85	0.999115
0	295	266	0.999115
0	295	291	0.999113
0	295	186	0.999113
0	295	158	0.999111
0	295	248	0.999111
0	295	278	0.999111
0	295	248	0.999109
0	295	260	0.999109
1	295	81	0.999107
0	295	219	0.999105
0	295	171	0.999105
1	295	135	0.999105
0	295	231	0.999103
1	295	146	0.999103
0	295	271	0.999101
1	295	40	0.999101
0	295	178	0.999099
0	295	230	0.999097
0	295	150	0.999095
0	295	294	0.999093
1	295	96	0.999092
0	295	230	0.999092
0	295	286	0.99909
0	295	181	0.99909
0	295	156	0.999088
0	295	150	0.999086
0	295	216	0.999086
1	295	99	0.999086
1	295	108	0.999084
1	295	51	0.999084
0	295	290	0.999078
0	295	275	0.999078
0	295	245	0.999078
1	295	89	0.999076
0	295	194	0.999076
1	295	95	0.999076
1	295	116	0.999076
0	295	181	0.999074
0	295	229	0.999074
0	295	152	0.999074
0	295	255	0.999074
0	295	187	0.999074
0	295	287	0.999072
1	295	57	0.999072
0	295	259	0.999072
1	295	47	0.999072
1	295	63	0.99907
1	295	115	0.99907
1	295	94	0.99907
1	295	30	0.99907
0	295	274	0.999068
1	295	102	0.999066
0	295	246	0.999064
0	295	267	0.999064
0	295	203	0.999064
1	295	104	0.999062
0	295	178	0.999062
1	295	127	0.999062
0	295	290	0.99906
1	295	30	0.999059
1	295	53	0.999059
1	295	116	0.999059
0	295	178	0.999057
1	295	79	0.999057
0	295	205	0.999057
1	295	36	0.999055
0	295	164	0.999053
0	295	168	0.999053
0	295	268	0.999053
1	295	83	0.999051
0	295	270	0.999051
1	295	138	0.999049
1	295	96	0.999049
0	295	281	0.999045
1	295	49	0.999045
0	295	275	0.999045
0	295	247	0.999043
0	295	240	0.999041
0	295	248	0.999041
0	295	282	0.999039
1	295	128	0.999039
1	295	92	0.999039
0	295	252	0.999039
0	295	144	0.999039
1	295	109	0.999037
1	295	138	0.999037
0	295	223	0.999037
0	295	280	0.999035
0	295	170	0.999035
0	295	144	0.999035
0	295	194	0.999035
0	295	259	0.999033
0	295	286	0.999033
0	295	167	0.999033
1	295	111	0.999031
0	295	256	0.999031
1	295	40	0.999031
1	295	50	0.999031
0	295	233	0.999028
0	295	240	0.999028
0	295	205	0.999026
1	295	141	0.999026
0	295	147	0.999026
1	295	56	0.999024
0	295	262	0.999024
1	295	29	0.999022
0	295	280	0.999022
1	295	117	0.999022
0	295	229	0.99902
0	295	240	0.99902
1	295	27	0.99902
1	295	54	0.99902
0	295	258	0.999018
1	295	129	0.999018
0	295	152	0.999018
0	295	253	0.999018
1	295	66	0.999018
1	295	47	0.999016
0	295	287	0.999016
1	295	112	0.999014
1	295	115	0.999014
1	295	133	0.999014
0	295	277	0.999012
0	295	150	0.999012
0	295	170	0.999012
1	295	43	0.99901
1	295	51	0.99901
0	295	208	0.99901
0	295	187	0.999008
0	295	269	0.999008
0	295	185	0.999006
0	295	177	0.999006
0	295	237	0.999002
0	295	266	0.999002
1	295	68	0.999
1	295	66	0.999
0	295	209	0.999
0	295	288	0.999
1	295	135	0.999
0	295	294	0.998998
0	295	244	0.998998
0	295	147	0.998998
1	295	91	0.998996
0	295	217	0.998996
0	295	155	0.998995
0	295	202	0.998995
0	295	226	0.998995
1	295	121	0.998993
1	295	137	0.998993
1	295	44	0.998993
0	295	159	0.998991
0	295	199	0.998991
0	295	292	0.998989
0	295	158	0.998989
0	295	174	0.998989
0	295	273	0.998987
1	295	74	0.998987
0	295	145	0.998985
0	295	287	0.998985
1	295	31	0.998983
0	295	251	0.998981
0	295	290	0.998979
0	295	175	0.998977
0	295	271	0.998977
1	295	57	0.998977
0	295	294	0.998977
1	295	113	0.998975
0	295	157	0.998973
1	295	51	0.998973
0	295	174	0.998973
1	295	58	0.998971
1	295	88	0.998971
0	295	280	0.998969
0	295	162	0.998969
0	295	294	0.998969
1	295	60	0.998969
0	295	269	0.998967
1	295	37	0.998967
0	295	264	0.998967
0	295	243	0.998965
1	295	135	0.998963
1	295	35	0.998963
1	295	83	0.998963
0	295	244	0.998962
0	295	150	0.998962
0	295	266	0.998962
1	295	85	0.99896
0	295	159	0.99896
1	295	91	0.99896
1	295	92	0.99896
0	295	288	0.998958
1	295	102	0.998958
0	295	214	0.998956
0	295	141	0.998954
0	295	241	0.998954
0	295	235	0.998952
0	295	188	0.998952
0	295	150	0.998952
1	295	42	0.99895
0	295	213	0.99895
1	295	116	0.998948
0	295	160	0.998948
1	295	73	0.998948
0	295	186	0.998946
0	295	172	0.998946
0	295	174	0.998946
1	295	111	0.998944
0	295	157	0.998942
0	295	139	0.998942
1	295	129	0.99894
0	295	239	0.99894
1	295	35	0.99894
0	295	275	0.99894
1	295	119	0.998938
1	295	80	0.998936
1	295	90	0.998936
1	295	126	0.998936
0	295	270	0.998934
1	295	79	0.998934
0	295	199	0.998934
1	295	92	0.998934
0	295	174	0.998934
0	295	187	0.998934
0	295	141	0.998932
0	295	247	0.998932
0	295	259	0.998932
0	295	160	0.998931
1	295	41	0.998929
1	295	99	0.998929
1	295	108	0.998929
1	295	98	0.998929
0	295	212	0.998929
0	295	269	0.998929
1	295	70	0.998927
0	295	292	0.998927
1	295	46	0.998927
0	295	225	0.998927
0	295	160	0.998925
0	295	246	0.998923
1	295	68	0.998923
0	295	219	0.998923
0	295	157	0.998921
1	295	99	0.998921
0	295	201	0.998919
1	295	82	0.998919
0	295	290	0.998919
1	295	118	0.998919
0	295	190	0.998919
0	295	211	0.998919
1	295	81	0.998915
1	295	125	0.998915
0	295	282	0.998913
1	295	125	0.998913
1	295	99	0.998911
1	295	80	0.998911
0	295	161	0.998909
0	295	285	0.998909
1	295	129	0.998907
0	295	241	0.998907
0	295	214	0.998907
0	295	211	0.998905
0	295	271	0.998903
0	295	255	0.998903
0	295	139	0.998901
0	295	142	0.998901
0	295	166	0.998901
1	295	63	0.998901
1	295	134	0.998899
1	295	124	0.998899
0	295	168	0.998898
1	295	36	0.998898
0	295	175	0.998896
1	295	94	0.998896
1	295	55	0.998896
0	295	236	0.998894
0	295	213	0.998894
1	295	97	0.998894
1	295	102	0.998894
0	295	194	0.998892
1	295	57	0.998892
1	295	122	0.99889
0	295	156	0.998888
1	295	121	0.998888
0	295	256	0.998888
0	295	145	0.998886
1	295	114	0.998886
1	295	30	0.998886
0	295	147	0.998886
0	295	211	0.998884
0	295	268	0.998882
0	295	279	0.998882
1	295	51	0.998882
1	295	111	0.99888
0	295	207	0.99888
0	295	191	0.99888
1	295	109	0.998878
0	295	278	0.998878
0	295	184	0.998876
1	295	78	0.998876
0	295	290	0.998876
0	295	189	0.998876
0	295	286	0.998876
1	295	108	0.998874
0	295	144	0.998874
0	295	144	0.998874
0	295	212	0.998874
0	295	274	0.998872
1	295	82	0.998872
0	295	247	0.99887
0	295	140	0.99887
0	295	161	0.99887
0	295	270	0.99887
1	295	95	0.99887
1	295	105	0.998868
1	295	93	0.998866
1	295	98	0.998865
1	295	110	0.998865
0	295	290	0.998865
0	295	180	0.998863
0	295	220	0.998863
0	295	250	0.998861
1	295	85	0.998861
0	295	171	0.998861
0	295	198	0.998861
0	295	135	0.998861
1	295	129	0.998861
0	295	194	0.998861
1	295	110	0.998857
0	295	144	0.998855
0	295	166	0.998855
1	295	117	0.998855
1	295	71	0.998853
0	295	134	0.998853
0	295	184	0.998853
0	295	158	0.998853
0	295	293	0.998851
0	295	290	0.998851
1	295	66	0.998851
0	295	196	0.998849
1	295	81	0.998849
1	295	99	0.998849
0	295	183	0.998849
1	295	59	0.998847
1	295	96	0.998845
1	295	97	0.998845
1	295	41	0.998843
1	295	71	0.998843
1	295	64	0.998841
0	295	185	0.998841
0	295	197	0.998841
0	295	195	0.998841
0	295	156	0.998841
1	295	82	0.998839
0	295	157	0.998839
1	295	51	0.998839
1	295	75	0.998837
1	295	31	0.998837
1	295	91	0.998835
0	295	281	0.998835
0	295	223	0.998835
1	295	130	0.998835
1	295	106	0.998834
0	295	266	0.998834
0	295	227	0.998834
1	295	103	0.998832
0	295	292	0.998832
0	295	242	0.998832
0	295	144	0.998832
0	295	280	0.998832
0	295	177	0.99883
0	295	234	0.99883
0	295	276	0.99883
0	295	149	0.998828
1	295	59	0.998828
0	295	235	0.998828
0	295	140	0.998828
1	295	55	0.998826
0	295	136	0.998826
1	295	38	0.998826
1	295	54	0.998826
1	295	91	0.998826
0	295	215	0.998824
0	295	244	0.998824
1	295	49	0.998824
0	295	230	0.998824
1	295	49	0.998822
1	295	99	0.998822
0	295	219	0.998822
0	295	151	0.998822
0	295	275	0.998822
0	295	164	0.99882
0	295	150	0.99882
0	295	293	0.99882
0	295	182	0.99882
0	295	208	0.99882
0	295	214	0.99882
1	295	50	0.99882
0	295	267	0.998818
0	295	257	0.998818
1	295	130	0.998816
0	295	259	0.998812
0	295	245	0.998812
0	295	287	0.998812
0	295	170	0.998812
1	295	83	0.998812
0	295	221	0.99881
0	295	242	0.99881
0	295	255	0.998808
0	295	238	0.998806
0	295	223	0.998806
0	295	292	0.998804
0	295	215	0.998802
0	295	240	0.998801
0	295	226	0.998799
0	295	292	0.998795
0	295	246	0.998795
0	295	232	0.998795
0	295	236	0.998793
0	295	211	0.998793
0	295	183	0.998793
0	295	260	0.998793
0	295	200	0.998793
0	295	243	0.998793
1	295	86	0.998793
0	295	228	0.998789
0	295	289	0.998787
0	295	148	0.998787
0	295	278	0.998785
0	295	158	0.998785
0	295	156	0.998785
1	295	126	0.998785
0	295	273	0.998783
0	295	224	0.998783
1	295	29	0.998783
0	295	195	0.998783
0	295	164	0.998781
1	295	111	0.998781
0	295	151	0.998779
1	295	37	0.998779
1	295	109	0.998777
0	295	232	0.998777
1	295	99	0.998775
0	295	254	0.998775
0	295	209	0.998773
0	295	274	0.998771
0	295	276	0.998771
1	295	110	0.998771
0	295	294	0.99877
0	295	281	0.99877
1	295	73	0.998768
1	295	92	0.998766
0	295	261	0.998766
0	295	156	0.998764
0	295	183	0.998764
1	295	50	0.998762
0	295	261	0.998762
1	295	35	0.998762
0	295	241	0.998762
1	295	81	0.998762
1	295	95	0.99876
1	295	38	0.99876
1	295	107	0.99876
1	295	70	0.99876
0	295	153	0.99876
0	295	136	0.99876
1	295	82	0.998758
0	295	250	0.998758
0	295	229	0.998756
0	295	256	0.998756
0	295	280	0.998756
0	295	180	0.998756
0	295	154	0.998756
1	295	73	0.998754
0	295	138	0.998754
1	295	37	0.99875
0	295	238	0.99875
0	295	228	0.998748
0	295	236	0.998746
0	295	165	0.998746
0	295	158	0.998746
1	295	27	0.998746
0	295	139	0.998744
0	295	191	0.998744
1	295	82	0.998744
0	295	253	0.998744
0	295	271	0.998742
0	295	271	0.99874
0	295	275	0.99874
1	295	57	0.998738
0	295	199	0.998737
0	295	290	0.998737
0	295	293	0.998737
1	295	91	0.998737
0	295	163	0.998735
0	295	274	0.998735
1	295	93	0.998733
0	295	213	0.998733
1	295	122	0.998733
1	295	122	0.998733
0	295	268	0.998733
1	295	35	0.998733
0	295	194	0.998731
0	295	198	0.998731
1	295	118	0.998729
0	295	283	0.998725
0	295	165	0.998725
0	295	148	0.998723
0	295	269	0.998723
0	295	227	0.998721
0	295	148	0.998719
0	295	182	0.998719
1	295	102	0.998719
0	295	256	0.998717
0	295	140	0.998715
1	295	58	0.998713
0	295	136	0.998713
0	295	140	0.998711
1	295	81	0.998711
1	295	74	0.998709
1	295	59	0.998709
1	295	94	0.998709
1	295	86	0.998709
0	295	229	0.998707
0	295	286	0.998707
1	295	88	0.998705
0	295	141	0.998705
0	295	283	0.998705
0	295	196	0.998704
1	295	48	0.998704
0	295	238	0.998704
1	295	60	0.998702
0	295	193	0.998702
0	295	260	0.998702
0	295	194	0.998702
0	295	150	0.998702
1	295	47	0.9987
0	295	161	0.9987
0	295	131	0.9987
1	295	57	0.998698
0	295	285	0.998698
0	295	151	0.998698
1	295	30	0.998698
0	295	267	0.998698
1	295	85	0.998698
0	295	155	0.998696
0	295	141	0.998696
1	295	113	0.998696
0	295	172	0.998696
1	295	28	0.998694
0	295	150	0.998694
1	295	67	0.998694
1	295	54	0.998694
1	295	69	0.998692
1	295	31	0.998692
0	295	163	0.99869
1	295	77	0.99869
0	295	146	0.99869
1	295	94	0.99869
1	295	80	0.99869
0	295	203	0.998688
0	295	260	0.998686
0	295	285	0.998686
0	295	269	0.998686
0	295	275	0.998684
0	295	268	0.998684
0	295	181	0.99868
0	295	235	0.998678
1	295	38	0.998678
0	295	143	0.998678
0	295	179	0.998674
0	295	213	0.998673
1	295	40	0.998673
0	295	135	0.998673
1	295	59	0.998673
0	295	250	0.998671
0	295	193	0.998671
1	295	87	0.998671
1	295	43	0.998671
0	295	139	0.998669
1	295	63	0.998667
0	295	263	0.998665
0	295	134	0.998665
1	295	56	0.998665
1	295	78	0.998665
1	295	122	0.998665
0	295	228	0.998665
0	295	151	0.998665
0	295	206	0.998663
0	295	159	0.998663
0	295	279	0.998661
1	295	62	0.998661
0	295	286	0.998659
0	295	232	0.998659
0	295	141	0.998657
1	295	67	0.998657
1	295	40	0.998655
1	295	39	0.998655
0	295	211	0.998655
1	295	82	0.998655
1	295	34	0.998655
0	295	247	0.998651
0	295	287	0.998651
1	295	88	0.998649
0	295	213	0.998647
0	295	145	0.998645
0	295	212	0.998643
1	295	96	0.998641
0	295	168	0.99864
1	295	41	0.99864
1	295	103	0.99864
0	295	286	0.998638
1	295	94	0.998636
1	295	87	0.998634
1	295	92	0.998634
0	295	163	0.998632
0	295	234	0.998632
1	295	121	0.998632
0	295	274	0.99863
0	295	288	0.998628
1	295	72	0.998628
0	295	216	0.998628
1	295	77	0.998628
1	295	117	0.998628
1	295	113	0.998626
0	295	154	0.998626
1	295	33	0.998626
0	295	158	0.998624
0	295	144	0.998624
0	295	182	0.998622
0	295	219	0.99862
1	295	73	0.99862
0	295	192	0.99862
1	295	37	0.998618
0	295	279	0.998618
0	295	128	0.998618
0	295	271	0.998618
1	295	114	0.998618
0	295	269	0.998618
1	295	115	0.998618
0	295	158	0.998616
0	295	199	0.998616
0	295	126	0.998616
0	295	254	0.998614
1	295	72	0.998612
0	295	252	0.998612
1	295	77	0.998612
0	295	188	0.99861
0	295	253	0.998609
0	295	277	0.998609
0	295	181	0.998609
0	295	252	0.998607
0	295	255	0.998607
1	295	86	0.998607
0	295	253	0.998607
1	295	111	0.998605
1	295	48	0.998603
0	295	159	0.998603
0	295	220	0.998603
0	295	161	0.998603
0	295	270	0.998603
0	295	256	0.998603
0	295	166	0.998603
0	295	205	0.998601
0	295	143	0.998601
1	295	33	0.998599
1	295	111	0.998599
1	295	77	0.998599
0	295	231	0.998599
0	295	227	0.998597
0	295	160	0.998597
0	295	230	0.998597
0	295	252	0.998595
1	295	85	0.998595
0	295	213	0.998593
0	295	159	0.998593
0	295	159	0.998591
0	295	254	0.998591
0	295	184	0.998591
0	295	224	0.998587
1	295	51	0.998587
0	295	228	0.998587
0	295	265	0.998585
0	295	279	0.998583
0	295	252	0.998581
1	295	63	0.998579
0	295	204	0.998579
1	295	80	0.998579
1	295	30	0.998577
0	295	292	0.998577
0	295	151	0.998577
0	295	204	0.998577
0	295	173	0.998576
0	295	179	0.998576
1	295	67	0.998576
0	295	195	0.998574
0	295	122	0.998574
1	295	27	0.998574
0	295	178	0.998574
0	295	274	0.998572
0	295	151	0.998572
0	295	241	0.998572
1	295	109	0.99857
1	295	80	0.99857
1	295	46	0.99857
0	295	242	0.998568
0	295	178	0.998566
1	295	93	0.998566
0	295	200	0.998566
0	295	252	0.998566
0	295	132	0.998566
1	295	114	0.998566
0	295	207	0.998564
1	295	69	0.998564
0	295	126	0.998564
1	295	46	0.998562
0	295	272	0.998562
0	295	125	0.998562
0	295	199	0.998562
0	295	282	0.998562
1	295	36	0.99856
0	295	274	0.99856
0	295	167	0.99856
0	295	210	0.998558
1	295	44	0.998558
0	295	230	0.998556
0	295	147	0.998556
1	295	61	0.998556
1	295	79	0.998556
0	295	159	0.998556
0	295	159	0.998554
0	295	166	0.998554
1	295	71	0.998552
0	295	123	0.998552
1	295	58	0.99855
0	295	288	0.99855
1	295	41	0.99855
0	295	155	0.99855
1	295	104	0.998548
0	295	143	0.998548
0	295	120	0.998546
1	295	46	0.998546
0	295	278	0.998546
0	295	199	0.998546
0	295	254	0.998546
1	295	28	0.998545
1	295	36	0.998545
0	295	130	0.998545
0	295	134	0.998545
0	295	281	0.998545
0	295	215	0.998545
1	295	56	0.998543
1	295	47	0.998543
0	295	155	0.998543
1	295	118	0.998543
1	295	63	0.998543
0	295	136	0.998541
0	295	215	0.998541
0	295	144	0.998541
0	295	262	0.998539
0	295	229	0.998539
0	295	196	0.998539
1	295	52	0.998537
1	295	48	0.998537
0	295	266	0.998535
0	295	199	0.998535
0	295	191	0.998533
1	295	28	0.998533
0	295	249	0.998533
1	295	76	0.998531
1	295	75	0.998529
0	295	188	0.998529
0	295	259	0.998529
0	295	125	0.998529
0	295	121	0.998529
0	295	127	0.998527
1	295	34	0.998527
0	295	181	0.998527
0	295	204	0.998527
1	295	34	0.998525
0	295	216	0.998525
0	295	202	0.998523
1	295	80	0.998519
1	295	81	0.998519
0	295	199	0.998515
1	295	28	0.998515
0	295	223	0.998515
0	295	164	0.998512
0	295	150	0.998512
0	295	164	0.99851
0	295	273	0.998508
1	295	82	0.998508
1	295	77	0.998506
0	295	186	0.998506
0	295	246	0.998506
0	295	167	0.998504
0	295	178	0.998504
0	295	203	0.998504
0	295	291	0.998504
0	295	135	0.998504
0	295	242	0.998502
0	295	242	0.9985
0	295	153	0.9985
1	295	42	0.9985
0	295	184	0.9985
0	295	129	0.998498
1	295	88	0.998496
0	295	139	0.998496
0	295	200	0.998496
0	295	211	0.998492
0	295	253	0.998492
1	295	51	0.998492
0	295	200	0.99849
0	295	131	0.998488
0	295	134	0.998488
0	295	186	0.998488
0	295	230	0.998488
1	295	79	0.998486
1	295	47	0.998486
0	295	196	0.998484
0	295	249	0.998484
0	295	224	0.998484
0	295	259	0.998484
0	295	140	0.998482
1	295	55	0.998482
0	295	246	0.998482
0	295	276	0.998482
0	295	119	0.998482
0	295	153	0.998481
0	295	147	0.998481
0	295	259	0.998481
0	295	282	0.998479
0	295	269	0.998479
0	295	183	0.998477
0	295	238	0.998477
1	295	111	0.998477
1	295	41	0.998477
1	295	59	0.998475
0	295	176	0.998473
0	295	222	0.998473
1	295	58	0.998471
1	295	55	0.998471
1	295	45	0.998469
1	295	63	0.998469
0	295	138	0.998467
0	295	233	0.998465
1	295	48	0.998465
0	295	156	0.998465
0	295	220	0.998463
1	295	66	0.998463
1	295	56	0.998463
0	295	153	0.998463
1	295	27	0.998461
0	295	211	0.998461
0	295	262	0.998459
0	295	259	0.998459
1	295	108	0.998459
0	295	150	0.998455
0	295	293	0.998455
0	295	133	0.998455
1	295	52	0.998453
0	295	293	0.998453
1	295	54	0.998453
1	295	103	0.998453
1	295	112	0.998453
0	295	127	0.998451
0	295	131	0.99845
0	295	203	0.99845
0	295	193	0.998448
0	295	123	0.998448
0	295	250	0.998446
0	295	242	0.998444
0	295	149	0.998442
1	295	68	0.998442
0	295	247	0.998442
0	295	241	0.998442
0	295	177	0.99844
1	295	59	0.998438
0	295	157	0.998438
1	295	115	0.998436
0	295	222	0.998436
0	295	157	0.998436
1	295	65	0.998434
0	295	155	0.998432
0	295	154	0.998432
0	295	157	0.998432
1	295	112	0.998432
1	295	112	0.998432
1	295	46	0.998432
1	295	72	0.99843
0	295	188	0.99843
0	295	232	0.99843
0	295	185	0.99843
0	295	151	0.998426
1	295	102	0.998424
1	295	111	0.998424
0	295	164	0.998424
1	295	46	0.998422
0	295	192	0.99842
0	295	165	0.99842
0	295	263	0.99842
1	295	42	0.99842
1	295	69	0.99842
1	295	30	0.99842
1	295	103	0.998418
1	295	105	0.998418
0	295	159	0.998417
0	295	210	0.998417
0	295	265	0.998417
0	295	180	0.998415
0	295	278	0.998415
0	295	288	0.998413
0	295	282	0.998411
1	295	78	0.998411
0	295	150	0.998411
1	295	74	0.998407
0	295	136	0.998407
0	295	220	0.998407
0	295	130	0.998405
0	295	198	0.998405
1	295	90	0.998405
0	295	293	0.998403
0	295	138	0.998403
1	295	53	0.998403
0	295	192	0.998403
0	295	181	0.998401
1	295	66	0.998399
0	295	224	0.998399
0	295	212	0.998399
1	295	79	0.998399
1	295	89	0.998397
0	295	188	0.998397
1	295	61	0.998397
0	295	283	0.998397
0	295	146	0.998397
1	295	106	0.998395
0	295	137	0.998395
1	295	77	0.998393
0	295	134	0.998393
0	295	169	0.998393
0	295	167	0.998391
0	295	156	0.998389
0	295	140	0.998389
1	295	107	0.998389
0	295	126	0.998387
1	295	27	0.998387
0	295	166	0.998386
1	295	35	0.998386
1	295	34	0.998386
1	295	85	0.998384
0	295	125	0.998384
0	295	167	0.998382
0	295	134	0.998382
0	295	258	0.998382
0	295	132	0.99838
0	295	152	0.99838
1	295	65	0.998378
0	295	236	0.998378
0	295	157	0.998378
0	295	134	0.998376
0	295	243	0.998376
0	295	124	0.998374
0	295	245	0.998372
0	295	139	0.998372
0	295	125	0.998368
0	295	169	0.998368
0	295	196	0.998368
0	295	171	0.998366
0	295	291	0.998366
1	295	98	0.998366
0	295	174	0.998364
1	295	81	0.998364
1	295	79	0.998362
0	295	138	0.998362
0	295	285	0.99836
0	295	258	0.998358
1	295	89	0.998358
0	295	236	0.998358
1	295	53	0.998358
0	295	284	0.998356
0	295	116	0.998356
0	295	186	0.998356
1	295	66	0.998356
0	295	205	0.998355
0	295	226	0.998353
0	295	279	0.998351
0	295	172	0.998351
0	295	175	0.998349
0	295	208	0.998347
1	295	38	0.998347
1	295	38	0.998347
1	295	37	0.998347
0	295	143	0.998343
0	295	150	0.998343
0	295	132	0.998343
0	295	251	0.998343
0	295	134	0.998341
0	295	151	0.998341
0	295	263	0.998341
0	295	274	0.998341
0	295	135	0.998341
0	295	135	0.998339
0	295	274	0.998339
1	295	68	0.998339
0	295	167	0.998339
0	295	253	0.998337
0	295	121	0.998335
1	295	41	0.998335
0	295	144	0.998333
1	295	94	0.998333
0	295	241	0.998333
1	295	28	0.998333
0	295	195	0.998333
1	295	36	0.998331
1	295	67	0.998329
0	295	232	0.998329
1	295	83	0.998329
0	295	201	0.998329
0	295	179	0.998325
1	295	76	0.998325
0	295	207	0.998323
0	295	209	0.998323
0	295	138	0.998322
1	295	52	0.998322
0	295	255	0.99832
0	295	208	0.99832
1	295	57	0.998318
0	295	286	0.998316
0	295	254	0.998316
0	295	179	0.998316
1	295	75	0.998316
1	295	71	0.998316
1	295	91	0.998314
1	295	66	0.998314
0	295	168	0.998314
0	295	213	0.998314
0	295	202	0.998312
0	295	162	0.998312
0	295	182	0.99831
0	295	199	0.99831
1	295	105	0.99831
0	295	256	0.99831
0	295	281	0.99831
0	295	193	0.998308
0	295	231	0.998308
0	295	258	0.998306
0	295	216	0.998306
1	295	96	0.998304
0	295	214	0.998304
0	295	249	0.998304
0	295	136	0.998302
1	295	81	0.998302
0	295	282	0.9983
0	295	226	0.9983
1	295	35	0.9983
0	295	118	0.9983
0	295	269	0.9983
0	295	182	0.9983
0	295	266	0.998298
0	295	235	0.998298
1	295	62	0.998294
1	295	37	0.998294
0	295	276	0.998294
0	295	212	0.998294
0	295	120	0.998292
0	295	252	0.998292
1	295	101	0.998291
0	295	252	0.998289
0	295	223	0.998289
1	295	53	0.998287
0	295	209	0.998287
0	295	137	0.998287
1	295	47	0.998287
0	295	290	0.998287
0	295	187	0.998287
0	295	242	0.998285
0	295	279	0.998285
0	295	245	0.998285
0	295	254	0.998285
0	295	190	0.998283
0	295	160	0.998283
0	295	178	0.998281
0	295	128	0.998281
0	295	134	0.998281
0	295	163	0.998281
0	295	222	0.998279
0	295	264	0.998279
0	295	172	0.998277
0	295	279	0.998277
0	295	294	0.998275
1	295	52	0.998273
0	295	226	0.998271
1	295	57	0.998267
0	295	129	0.998265
1	295	35	0.998265
1	295	66	0.998265
1	295	35	0.998263
0	295	287	0.998263
0	295	175	0.998263
0	295	144	0.998261
1	295	32	0.998261
0	295	128	0.99826
0	295	273	0.99826
1	295	79	0.99826
1	295	82	0.998258
1	295	58	0.998258
0	295	210	0.998256
0	295	179	0.998256
0	295	172	0.998254
1	295	70	0.998254
0	295	197	0.998252
0	295	207	0.998252
0	295	182	0.998252
0	295	180	0.99825
0	295	157	0.99825
0	295	198	0.99825
0	295	183	0.998248
0	295	142	0.998248
0	295	176	0.998248
1	295	36	0.998246
0	295	245	0.998246
0	295	248	0.998244
0	295	185	0.998244
0	295	137	0.998242
1	295	85	0.998242
0	295	173	0.99824
0	295	225	0.99824
1	295	28	0.99824
0	295	287	0.998238
1	295	45	0.998238
0	295	291	0.998238
0	295	220	0.998236
0	295	261	0.998236
1	295	103	0.998236
0	295	170	0.998234
0	295	189	0.998232
0	295	293	0.998232
1	295	67	0.998232
0	295	212	0.99823
1	295	53	0.99823
0	295	216	0.99823
1	295	111	0.99823
1	295	31	0.99823
0	295	253	0.99823
1	295	36	0.998228
0	295	146	0.998227
0	295	286	0.998225
0	295	143	0.998225
0	295	270	0.998225
0	295	203	0.998225
0	295	215	0.998223
0	295	165	0.998223
1	295	114	0.998223
0	295	207	0.998223
0	295	192	0.998221
1	295	97	0.998219
0	295	241	0.998219
1	295	32	0.998219
0	295	195	0.998219
1	295	79	0.998217
0	295	210	0.998215
1	295	109	0.998213
0	295	217	0.998213
0	295	279	0.998211
0	295	180	0.998209
1	295	67	0.998209
1	295	67	0.998209
0	295	276	0.998209
1	295	30	0.998209
0	295	276	0.998207
0	295	140	0.998207
0	295	122	0.998207
0	295	190	0.998205
0	295	229	0.998205
0	295	260	0.998203
0	295	149	0.998203
1	295	38	0.998201
0	295	192	0.998201
0	295	236	0.998201
0	295	175	0.998199
0	295	271	0.998199
0	295	233	0.998199
0	295	187	0.998197
1	295	39	0.998196
0	295	185	0.998194
0	295	175	0.998192
1	295	90	0.998192
0	295	231	0.99819
0	295	207	0.99819
1	295	94	0.998186
0	295	248	0.998184
0	295	238	0.998184
1	295	82	0.998184
1	295	110	0.998184
1	295	85	0.998182
1	295	53	0.99818
1	295	78	0.998176
0	295	226	0.998174
1	295	32	0.998174
0	295	221	0.998174
0	295	244	0.998174
1	295	55	0.998174
0	295	143	0.998172
1	295	44	0.998172
0	295	270	0.998172
0	295	267	0.99817
0	295	173	0.99817
0	295	240	0.99817
1	295	73	0.99817
1	295	29	0.99817
0	295	168	0.99817
1	295	75	0.99817
1	295	43	0.998168
0	295	220	0.998166
0	295	279	0.998166
1	295	111	0.998166
0	295	148	0.998165
1	295	31	0.998165
1	295	110	0.998165
1	295	70	0.998163
1	295	53	0.998163
0	295	266	0.998161
0	295	147	0.998161
0	295	246	0.998159
1	295	75	0.998159
0	295	139	0.998157
1	295	37	0.998155
0	295	232	0.998155
0	295	120	0.998155
1	295	42	0.998155
0	295	220	0.998155
0	295	271	0.998155
0	295	219	0.998155
0	295	208	0.998155
0	295	291	0.998153
0	295	231	0.998153
0	295	169	0.998153
0	295	127	0.998151
0	295	231	0.998151
0	295	231	0.998151
1	295	113	0.998149
1	295	46	0.998147
0	295	204	0.998147
1	295	78	0.998147
0	295	207	0.998145
0	295	171	0.998145
1	295	93	0.998145
0	295	155	0.998143
0	295	186	0.998143
0	295	274	0.998143
0	295	194	0.998141
0	295	187	0.998141
0	295	291	0.998141
1	295	68	0.998139
0	295	149	0.998139
0	295	230	0.998137
0	295	252	0.998137
0	295	233	0.998137
1	295	106	0.998137
0	295	131	0.998135
0	295	282	0.998133
1	295	74	0.998133
0	295	261	0.998133
1	295	37	0.998132
0	295	163	0.998132
0	295	175	0.99813
0	295	127	0.998128
0	295	258	0.998128
1	295	85	0.998124
0	295	249	0.998124
0	295	168	0.99812
0	295	178	0.99812
1	295	109	0.99812
0	295	237	0.99812
0	295	196	0.99812
0	295	232	0.998118
0	295	124	0.998116
0	295	118	0.998114
1	295	55	0.998114
0	295	159	0.998112
0	295	143	0.998112
0	295	183	0.998112
1	295	27	0.99811
0	295	200	0.99811
1	295	46	0.99811
1	295	62	0.99811
0	295	234	0.998108
0	295	244	0.998108
1	295	66	0.998106
0	295	127	0.998106
0	295	229	0.998106
0	295	184	0.998104
1	295	77	0.998104
0	295	291	0.998104
0	295	172	0.998102
0	295	232	0.998102
1	295	72	0.998102
1	295	93	0.998101
1	295	68	0.998101
1	295	104	0.998099
0	295	290	0.998097
0	295	178	0.998097
0	295	134	0.998097
0	295	118	0.998095
1	295	38	0.998095
1	295	98	0.998095
1	295	95	0.998093
0	295	124	0.998093
0	295	279	0.998091
0	295	139	0.998089
0	295	231	0.998089
0	295	191	0.998089
1	295	89	0.998087
0	295	210	0.998087
0	295	168	0.998087
1	295	40	0.998085
1	295	56	0.998085
0	295	172	0.998085
0	295	274	0.998085
0	295	189	0.998085
0	295	150	0.998083
0	295	141	0.998081
1	295	32	0.998081
1	295	58	0.998081
1	295	82	0.998079
0	295	202	0.998077
1	295	93	0.998075
0	295	147	0.998075
1	295	113	0.998075
0	295	283	0.998075
0	295	122	0.998073
1	295	83	0.998073
0	295	133	0.998073
0	295	155	0.998073
0	295	124	0.998073
1	295	113	0.998073
0	295	207	0.998073
0	295	253	0.998071
0	295	243	0.998071
0	295	141	0.998071
0	295	230	0.998071
0	295	267	0.998071
0	295	127	0.99807
1	295	85	0.99807
0	295	194	0.99807
1	295	66	0.99807
0	295	217	0.99807
0	295	216	0.998068
1	295	90	0.998066
0	295	232	0.998066
1	295	39	0.998064
0	295	275	0.998064
0	295	284	0.998064
0	295	269	0.998062
0	295	294	0.998062
1	295	113	0.99806
0	295	162	0.99806
1	295	58	0.99806
1	295	105	0.99806
0	295	143	0.99806
1	295	79	0.99806
