55051.3
4.5326
3500
1	72	9	0.999997
1	72	56	0.999997
1	72	61	0.999997
1	72	12	0.999995
1	72	52	0.999995
1	72	37	0.999995
1	72	18	0.999995
1	72	17	0.999994
1	72	9	0.999994
1	72	57	0.999994
1	72	60	0.999992
1	72	20	0.999991
1	72	5	0.999991
1	72	52	0.999991
1	72	43	0.999991
1	72	17	0.999991
1	72	17	0.999989
1	72	33	0.999986
1	72	33	0.999985
1	72	14	0.999985
1	72	40	0.999985
1	72	55	0.999985
1	72	11	0.999985
1	72	32	0.999985
1	72	59	0.999985
1	72	30	0.999983
1	72	54	0.999983
1	72	61	0.999983
1	72	37	0.999983
1	72	30	0.999982
1	72	61	0.999982
1	72	42	0.999982
1	72	41	0.999982
1	72	9	0.999982
1	72	30	0.999982
1	72	27	0.99998
1	72	25	0.99998
1	72	17	0.999979
1	72	42	0.999979
1	72	31	0.999977
1	72	10	0.999977
1	72	60	0.999977
1	72	21	0.999977
1	72	32	0.999976
1	72	43	0.999974
1	72	64	0.999974
1	72	9	0.999974
1	72	22	0.999972
1	72	60	0.999972
1	72	50	0.999972
1	72	45	0.999971
1	72	61	0.999971
1	72	57	0.999971
0	72	70	0.999971
1	72	51	0.999969
1	72	12	0.999969
1	72	46	0.999969
1	72	26	0.999969
1	72	60	0.999968
1	72	49	0.999968
1	72	62	0.999966
1	72	45	0.999966
1	72	63	0.999966
1	72	33	0.999966
1	72	51	0.999965
1	72	48	0.999965
1	72	61	0.999965
0	72	70	0.999965
1	72	9	0.999965
1	72	29	0.999963
1	72	40	0.999963
0	72	70	0.999962
1	72	9	0.999962
1	72	33	0.99996
1	72	27	0.99996
1	72	7	0.999959
1	72	40	0.999959
1	72	8	0.999959
1	72	47	0.999957
1	72	56	0.999957
1	72	18	0.999956
1	72	21	0.999956
1	72	59	0.999956
1	72	40	0.999956
0	72	69	0.999956
1	72	15	0.999954
1	72	14	0.999954
1	72	52	0.999953
1	72	51	0.999953
1	72	55	0.999953
1	72	26	0.999953
1	72	60	0.999953
1	72	5	0.999951
1	72	38	0.999951
1	72	6	0.999951
1	72	52	0.999951
1	72	12	0.99995
1	72	64	0.99995
1	72	13	0.99995
1	72	53	0.99995
1	72	58	0.99995
1	72	10	0.999948
1	72	29	0.999948
1	72	30	0.999948
1	72	32	0.999948
0	72	71	0.999946
1	72	45	0.999946
1	72	53	0.999945
1	72	14	0.999945
1	72	66	0.999943
1	72	34	0.999943
1	72	32	0.999943
0	72	68	0.999943
1	72	45	0.999943
1	72	43	0.999943
1	72	35	0.999942
1	72	12	0.999942
1	72	10	0.99994
1	72	41	0.99994
1	72	13	0.999939
1	72	42	0.999939
1	72	18	0.999939
1	72	58	0.999937
1	72	25	0.999937
1	72	5	0.999937
1	72	57	0.999936
1	72	58	0.999936
1	72	65	0.999936
1	72	25	0.999936
1	72	31	0.999934
1	72	14	0.999934
1	72	18	0.999934
1	72	43	0.999934
1	72	62	0.999934
1	72	52	0.999933
1	72	48	0.999933
1	72	11	0.999933
1	72	25	0.999933
1	72	62	0.999933
1	72	41	0.999931
1	72	25	0.999931
1	72	53	0.999931
1	72	53	0.999931
1	72	11	0.999931
1	72	53	0.999931
1	72	44	0.99993
1	72	26	0.99993
1	72	19	0.999928
1	72	8	0.999927
1	72	21	0.999927
1	72	6	0.999927
1	72	22	0.999927
1	72	65	0.999925
1	72	41	0.999925
1	72	64	0.999925
0	72	69	0.999924
1	72	54	0.999924
1	72	52	0.999924
1	72	34	0.999924
1	72	9	0.999924
1	72	63	0.999924
1	72	13	0.999924
1	72	56	0.999922
0	72	67	0.999922
1	72	24	0.999922
1	72	17	0.999922
1	72	14	0.99992
1	72	30	0.99992
1	72	40	0.99992
1	72	24	0.99992
1	72	62	0.99992
0	72	71	0.99992
1	72	59	0.999919
1	72	23	0.999919
0	72	65	0.999917
1	72	22	0.999917
1	72	52	0.999917
1	72	5	0.999917
1	72	30	0.999917
1	72	44	0.999916
1	72	12	0.999916
1	72	59	0.999916
1	72	40	0.999914
1	72	19	0.999914
1	72	61	0.999913
0	72	67	0.999913
1	72	18	0.999913
1	72	35	0.999913
1	72	45	0.999911
1	72	12	0.99991
1	72	35	0.99991
0	72	68	0.99991
0	72	70	0.99991
1	72	58	0.99991
1	72	52	0.99991
1	72	44	0.99991
1	72	6	0.99991
1	72	16	0.999908
1	72	40	0.999908
0	72	65	0.999908
1	72	10	0.999908
1	72	30	0.999908
1	72	44	0.999907
1	72	14	0.999907
1	72	55	0.999905
1	72	53	0.999905
0	72	70	0.999905
1	72	31	0.999905
0	72	71	0.999905
1	72	14	0.999905
1	72	63	0.999904
1	72	43	0.999904
1	72	11	0.999902
0	72	65	0.999902
1	72	7	0.999902
1	72	6	0.999902
1	72	60	0.999902
1	72	34	0.999901
1	72	63	0.999901
1	72	58	0.999901
1	72	29	0.999901
1	72	33	0.999899
1	72	53	0.999899
1	72	37	0.999899
1	72	20	0.999899
1	72	33	0.999899
1	72	18	0.999898
1	72	41	0.999896
1	72	53	0.999896
0	72	71	0.999896
1	72	9	0.999894
1	72	61	0.999893
1	72	43	0.999893
1	72	41	0.999891
1	72	36	0.999891
1	72	35	0.999891
1	72	7	0.99989
1	72	26	0.999888
1	72	40	0.999888
1	72	22	0.999888
1	72	51	0.999888
1	72	11	0.999888
1	72	48	0.999888
1	72	21	0.999888
1	72	52	0.999887
1	72	23	0.999887
1	72	29	0.999887
1	72	13	0.999887
1	72	16	0.999885
0	72	70	0.999885
0	72	66	0.999884
1	72	12	0.999884
1	72	36	0.999884
1	72	46	0.999882
1	72	31	0.999882
1	72	36	0.999882
1	72	36	0.999882
0	72	69	0.999881
1	72	29	0.999881
1	72	42	0.999881
1	72	40	0.999881
1	72	12	0.999881
0	72	69	0.999879
1	72	53	0.999879
1	72	21	0.999879
0	72	65	0.999879
1	72	42	0.999878
1	72	40	0.999878
0	72	69	0.999876
1	72	52	0.999876
1	72	20	0.999875
1	72	21	0.999875
1	72	6	0.999875
1	72	47	0.999875
1	72	57	0.999873
1	72	43	0.999873
1	72	32	0.999873
1	72	9	0.999873
0	72	71	0.999872
1	72	60	0.999872
1	72	23	0.999872
1	72	39	0.999872
0	72	61	0.999872
0	72	66	0.99987
0	72	67	0.99987
1	72	36	0.99987
1	72	31	0.99987
1	72	46	0.99987
1	72	41	0.99987
1	72	24	0.99987
1	72	18	0.99987
1	72	46	0.999868
1	72	25	0.999868
1	72	14	0.999868
1	72	6	0.999867
1	72	54	0.999865
0	72	67	0.999865
0	72	66	0.999865
0	72	62	0.999865
1	72	41	0.999864
1	72	18	0.999864
1	72	23	0.999864
1	72	25	0.999864
1	72	57	0.999864
1	72	50	0.999864
1	72	24	0.999864
0	72	69	0.999864
0	72	67	0.999862
1	72	60	0.999861
1	72	10	0.999861
0	72	62	0.999861
1	72	55	0.999861
0	72	70	0.999859
1	72	20	0.999859
0	72	67	0.999859
1	72	56	0.999859
1	72	22	0.999858
0	72	70	0.999858
1	72	40	0.999858
1	72	36	0.999856
1	72	37	0.999856
1	72	45	0.999855
1	72	31	0.999855
0	72	62	0.999855
1	72	41	0.999855
1	72	7	0.999855
1	72	51	0.999853
1	72	20	0.999853
1	72	17	0.999852
1	72	11	0.999852
1	72	43	0.999852
1	72	32	0.999852
1	72	51	0.99985
1	72	21	0.99985
1	72	32	0.99985
1	72	48	0.99985
1	72	27	0.99985
1	72	9	0.99985
0	72	67	0.999849
1	72	58	0.999849
1	72	38	0.999847
1	72	6	0.999847
1	72	33	0.999847
1	72	5	0.999846
0	72	60	0.999844
1	72	27	0.999844
1	72	58	0.999844
0	72	60	0.999844
0	72	61	0.999842
0	72	71	0.999842
1	72	35	0.999842
1	72	33	0.999842
1	72	50	0.999841
1	72	54	0.999841
1	72	15	0.999841
1	72	42	0.999841
1	72	58	0.999839
1	72	40	0.999839
1	72	42	0.999839
1	72	48	0.999839
0	72	61	0.999839
1	72	25	0.999839
1	72	16	0.999838
1	72	33	0.999838
0	72	59	0.999838
1	72	37	0.999838
1	72	30	0.999838
1	72	22	0.999838
1	72	20	0.999836
1	72	18	0.999835
1	72	9	0.999835
1	72	45	0.999835
1	72	43	0.999833
1	72	24	0.999833
0	72	59	0.999833
1	72	44	0.99983
1	72	18	0.99983
1	72	18	0.999829
1	72	41	0.999829
1	72	18	0.999829
1	72	42	0.999829
1	72	29	0.999829
1	72	7	0.999827
0	72	59	0.999827
0	72	70	0.999826
1	72	48	0.999826
1	72	18	0.999826
1	72	32	0.999826
1	72	42	0.999824
0	72	68	0.999824
1	72	9	0.999824
1	72	20	0.999824
1	72	45	0.999823
0	72	62	0.999823
0	72	62	0.999823
1	72	33	0.999823
1	72	42	0.999823
1	72	22	0.999821
1	72	9	0.99982
1	72	8	0.99982
1	72	49	0.99982
0	72	70	0.99982
1	72	50	0.999818
1	72	23	0.999818
1	72	37	0.999818
1	72	45	0.999816
1	72	21	0.999816
0	72	69	0.999816
1	72	47	0.999815
1	72	22	0.999815
1	72	34	0.999815
0	72	63	0.999813
1	72	41	0.999813
1	72	8	0.999813
1	72	34	0.999813
1	72	32	0.999813
1	72	14	0.999812
1	72	5	0.999812
1	72	19	0.999812
1	72	13	0.999812
1	72	45	0.99981
1	72	21	0.99981
1	72	30	0.99981
1	72	33	0.999809
1	72	22	0.999809
1	72	29	0.999809
0	72	67	0.999807
1	72	35	0.999806
1	72	25	0.999806
1	72	31	0.999806
1	72	23	0.999806
1	72	6	0.999804
1	72	41	0.999804
1	72	55	0.999804
0	72	64	0.999803
1	72	31	0.999803
1	72	18	0.999803
0	72	68	0.999803
0	72	61	0.999801
0	72	71	0.9998
1	72	10	0.9998
1	72	19	0.9998
1	72	32	0.9998
0	72	59	0.999798
1	72	46	0.999798
1	72	15	0.999798
1	72	5	0.999797
0	72	63	0.999797
1	72	23	0.999797
1	72	44	0.999797
1	72	35	0.999795
1	72	53	0.999795
1	72	47	0.999795
1	72	28	0.999795
1	72	40	0.999794
0	72	68	0.999794
1	72	23	0.999792
1	72	42	0.99979
1	72	5	0.99979
1	72	39	0.999789
1	72	25	0.999789
1	72	8	0.999789
1	72	38	0.999787
1	72	5	0.999787
1	72	23	0.999786
1	72	10	0.999786
1	72	26	0.999786
0	72	57	0.999784
1	72	25	0.999784
1	72	51	0.999784
1	72	26	0.999783
1	72	6	0.999783
0	72	58	0.999781
1	72	21	0.999781
1	72	8	0.999781
1	72	40	0.999781
1	72	20	0.999781
1	72	27	0.999781
1	72	22	0.999781
0	72	64	0.999781
1	72	19	0.99978
1	72	29	0.99978
1	72	46	0.99978
1	72	28	0.99978
1	72	43	0.99978
0	72	62	0.999778
1	72	30	0.999778
1	72	24	0.999778
1	72	48	0.999778
1	72	33	0.999777
1	72	22	0.999777
1	72	10	0.999777
1	72	21	0.999777
1	72	41	0.999777
1	72	15	0.999775
1	72	10	0.999775
1	72	21	0.999775
1	72	36	0.999774
0	72	56	0.999774
0	72	62	0.999774
0	72	55	0.999774
1	72	50	0.999774
1	72	43	0.999772
1	72	42	0.999772
1	72	23	0.999771
1	72	10	0.999771
0	72	55	0.999771
1	72	44	0.999769
1	72	28	0.999769
0	72	59	0.999769
0	72	60	0.999769
1	72	48	0.999768
1	72	5	0.999766
0	72	58	0.999766
0	72	55	0.999766
1	72	24	0.999766
1	72	10	0.999766
1	72	37	0.999766
1	72	26	0.999764
1	72	33	0.999763
0	72	61	0.999763
1	72	35	0.999763
1	72	26	0.999761
0	72	56	0.99976
0	72	61	0.99976
1	72	27	0.99976
1	72	16	0.999758
0	72	71	0.999757
0	72	69	0.999755
1	72	36	0.999754
1	72	25	0.999754
1	72	12	0.999752
0	72	61	0.999752
1	72	24	0.999752
1	72	45	0.999752
1	72	29	0.999751
0	72	67	0.999751
0	72	66	0.999751
1	72	33	0.999749
1	72	17	0.999749
1	72	7	0.999748
0	72	54	0.999748
1	72	45	0.999748
1	72	24	0.999748
0	72	63	0.999748
1	72	22	0.999746
0	72	65	0.999745
1	72	50	0.999743
1	72	6	0.999743
1	72	28	0.999743
1	72	51	0.999743
1	72	36	0.999742
1	72	14	0.999742
1	72	48	0.999742
1	72	35	0.999742
1	72	30	0.999742
1	72	7	0.99974
0	72	62	0.99974
1	72	22	0.99974
0	72	57	0.999738
1	72	21	0.999738
0	72	59	0.999738
1	72	10	0.999738
1	72	43	0.999737
1	72	26	0.999737
1	72	45	0.999737
1	72	14	0.999737
1	72	10	0.999737
0	72	57	0.999737
1	72	48	0.999737
1	72	23	0.999735
0	72	66	0.999735
1	72	23	0.999735
1	72	37	0.999735
0	72	65	0.999735
1	72	45	0.999734
1	72	40	0.999734
1	72	44	0.999734
1	72	13	0.999734
0	72	53	0.999734
1	72	45	0.999734
1	72	28	0.999734
1	72	20	0.999732
0	72	52	0.999732
1	72	44	0.999732
1	72	39	0.999732
0	72	54	0.999732
1	72	43	0.999731
1	72	25	0.999731
0	72	70	0.999731
1	72	15	0.999731
0	72	65	0.999729
0	72	68	0.999729
1	72	10	0.999728
1	72	8	0.999728
1	72	29	0.999728
1	72	12	0.999728
1	72	22	0.999726
0	72	64	0.999726
1	72	17	0.999726
0	72	68	0.999725
1	72	39	0.999725
1	72	39	0.999725
1	72	37	0.999725
1	72	26	0.999723
1	72	39	0.999723
1	72	15	0.999723
1	72	26	0.999723
1	72	37	0.999722
1	72	38	0.999722
1	72	12	0.999722
0	72	52	0.999722
1	72	40	0.999722
0	72	54	0.99972
1	72	20	0.999719
1	72	43	0.999719
1	72	26	0.999719
0	72	51	0.999719
1	72	18	0.999719
1	72	23	0.999717
1	72	31	0.999717
1	72	9	0.999717
1	72	50	0.999717
1	72	34	0.999716
0	72	59	0.999716
1	72	9	0.999716
0	72	55	0.999716
1	72	19	0.999714
1	72	13	0.999714
0	72	69	0.999714
0	72	58	0.999714
1	72	11	0.999714
0	72	62	0.999714
1	72	40	0.999714
1	72	48	0.999712
0	72	51	0.999712
1	72	36	0.999712
1	72	6	0.999712
1	72	5	0.999712
1	72	7	0.999712
1	72	23	0.999711
1	72	39	0.999711
0	72	58	0.999711
1	72	38	0.999709
1	72	47	0.999708
1	72	22	0.999708
1	72	48	0.999708
0	72	67	0.999706
1	72	28	0.999706
1	72	28	0.999706
1	72	41	0.999706
0	72	71	0.999706
0	72	65	0.999706
1	72	20	0.999706
1	72	38	0.999706
0	72	55	0.999706
1	72	24	0.999705
1	72	7	0.999705
1	72	32	0.999705
0	72	59	0.999703
0	72	61	0.999703
1	72	7	0.999703
1	72	41	0.999703
1	72	46	0.999699
0	72	59	0.999699
1	72	28	0.999699
1	72	31	0.999697
1	72	8	0.999697
0	72	66	0.999697
1	72	40	0.999696
0	72	52	0.999696
1	72	13	0.999696
1	72	35	0.999694
1	72	39	0.999694
1	72	26	0.999694
0	72	50	0.999694
1	72	37	0.999693
0	72	53	0.999693
1	72	16	0.999691
1	72	33	0.999691
1	72	34	0.999691
0	72	53	0.999691
1	72	36	0.999691
0	72	64	0.99969
0	72	52	0.99969
1	72	40	0.99969
1	72	43	0.99969
1	72	6	0.99969
0	72	56	0.99969
1	72	38	0.99969
1	72	11	0.99969
1	72	32	0.99969
0	72	69	0.99969
1	72	38	0.99969
1	72	29	0.999688
1	72	23	0.999688
1	72	18	0.999686
1	72	11	0.999686
1	72	18	0.999686
0	72	60	0.999686
0	72	59	0.999686
1	72	16	0.999685
1	72	25	0.999685
1	72	13	0.999682
0	72	53	0.999682
0	72	64	0.999682
1	72	5	0.999682
1	72	36	0.99968
0	72	71	0.99968
0	72	63	0.99968
1	72	6	0.99968
1	72	46	0.999679
1	72	5	0.999677
0	72	71	0.999677
1	72	44	0.999677
1	72	22	0.999677
1	72	8	0.999677
0	72	71	0.999676
1	72	23	0.999676
0	72	51	0.999676
1	72	8	0.999674
1	72	30	0.999673
0	72	71	0.999673
1	72	38	0.999673
1	72	23	0.999673
0	72	56	0.999673
0	72	67	0.999671
1	72	37	0.999671
1	72	41	0.99967
1	72	31	0.99967
0	72	52	0.99967
1	72	20	0.99967
1	72	20	0.99967
0	72	59	0.99967
0	72	69	0.99967
1	72	32	0.999668
1	72	34	0.999668
1	72	44	0.999668
1	72	41	0.999667
1	72	45	0.999667
1	72	21	0.999665
1	72	31	0.999665
1	72	32	0.999665
0	72	56	0.999664
0	72	65	0.999664
1	72	36	0.999664
1	72	36	0.999662
1	72	16	0.999662
1	72	44	0.99966
1	72	46	0.99966
0	72	56	0.99966
1	72	25	0.999659
0	72	52	0.999657
1	72	40	0.999656
1	72	37	0.999656
1	72	25	0.999656
1	72	33	0.999656
1	72	24	0.999656
1	72	30	0.999654
1	72	13	0.999654
1	72	22	0.999654
0	72	65	0.999654
1	72	12	0.999654
1	72	38	0.999654
0	72	69	0.999653
0	72	48	0.999651
0	72	49	0.999651
0	72	61	0.99965
1	72	33	0.999648
0	72	51	0.999648
0	72	68	0.999647
0	72	70	0.999647
1	72	36	0.999647
1	72	46	0.999645
1	72	17	0.999645
0	72	67	0.999645
1	72	37	0.999645
1	72	41	0.999645
1	72	42	0.999645
0	72	67	0.999644
0	72	61	0.999642
0	72	64	0.999642
1	72	38	0.999642
1	72	35	0.999641
0	72	69	0.999641
1	72	19	0.999641
1	72	42	0.999641
1	72	7	0.999639
0	72	66	0.999639
1	72	21	0.999636
0	72	62	0.999636
0	72	64	0.999634
1	72	16	0.999634
0	72	67	0.999634
1	72	17	0.999634
1	72	37	0.999633
0	72	68	0.999633
0	72	47	0.999633
0	72	47	0.999631
1	72	25	0.999631
1	72	34	0.999631
1	72	13	0.99963
0	72	57	0.99963
1	72	17	0.99963
1	72	11	0.999628
0	72	53	0.999628
1	72	11	0.999628
0	72	52	0.999627
1	72	11	0.999625
1	72	20	0.999625
1	72	41	0.999625
1	72	20	0.999625
1	72	38	0.999625
0	72	49	0.999624
1	72	23	0.999624
0	72	47	0.999624
1	72	27	0.999624
1	72	37	0.999622
1	72	29	0.999622
1	72	14	0.999622
1	72	16	0.999622
0	72	62	0.999621
1	72	44	0.999621
1	72	34	0.999621
0	72	53	0.999621
1	72	7	0.999621
1	72	38	0.999621
1	72	15	0.999619
1	72	9	0.999619
1	72	44	0.999619
1	72	19	0.999619
1	72	13	0.999619
1	72	43	0.999619
1	72	17	0.999618
1	72	28	0.999618
1	72	13	0.999618
0	72	62	0.999616
0	72	51	0.999616
1	72	29	0.999616
0	72	47	0.999616
1	72	35	0.999616
0	72	67	0.999615
1	72	8	0.999615
0	72	51	0.999615
1	72	15	0.999613
0	72	62	0.999613
1	72	45	0.999613
0	72	69	0.999612
0	72	67	0.999612
0	72	63	0.99961
0	72	57	0.999608
1	72	43	0.999608
0	72	56	0.999608
1	72	26	0.999608
0	72	55	0.999608
1	72	34	0.999608
1	72	34	0.999608
1	72	40	0.999605
0	72	63	0.999604
0	72	56	0.999604
1	72	31	0.999602
1	72	29	0.999602
0	72	48	0.999602
1	72	39	0.999602
0	72	56	0.999602
0	72	54	0.999602
1	72	6	0.999601
1	72	17	0.999601
0	72	55	0.999599
1	72	37	0.999599
1	72	27	0.999599
0	72	51	0.999598
1	72	15	0.999598
1	72	10	0.999598
1	72	32	0.999595
1	72	8	0.999595
0	72	69	0.999595
1	72	12	0.999593
1	72	29	0.999593
1	72	18	0.999593
1	72	12	0.999593
1	72	23	0.999593
1	72	28	0.999593
1	72	36	0.999592
1	72	25	0.999592
0	72	47	0.999592
1	72	43	0.999592
1	72	24	0.999592
0	72	64	0.999592
1	72	5	0.999592
0	72	47	0.99959
0	72	59	0.99959
0	72	59	0.99959
1	72	38	0.99959
1	72	41	0.999589
1	72	27	0.999589
0	72	65	0.999587
1	72	16	0.999587
1	72	8	0.999587
1	72	27	0.999587
1	72	28	0.999586
0	72	56	0.999584
0	72	58	0.999584
1	72	34	0.999584
0	72	61	0.999582
1	72	16	0.999582
1	72	39	0.999581
0	72	60	0.999581
1	72	9	0.999579
0	72	45	0.999579
0	72	50	0.999579
1	72	21	0.999578
1	72	31	0.999578
1	72	19	0.999578
1	72	12	0.999578
1	72	20	0.999578
0	72	62	0.999576
1	72	33	0.999576
1	72	18	0.999576
1	72	13	0.999575
0	72	69	0.999575
0	72	57	0.999575
0	72	64	0.999575
1	72	33	0.999575
1	72	24	0.999573
1	72	16	0.999573
1	72	37	0.999573
1	72	13	0.99957
0	72	54	0.99957
1	72	34	0.999569
0	72	70	0.999569
1	72	7	0.999569
1	72	29	0.999567
1	72	34	0.999567
1	72	14	0.999567
1	72	25	0.999567
0	72	52	0.999567
1	72	29	0.999567
1	72	24	0.999567
1	72	33	0.999566
1	72	22	0.999566
0	72	49	0.999566
1	72	17	0.999566
1	72	32	0.999566
0	72	67	0.999566
1	72	27	0.999566
1	72	35	0.999566
1	72	32	0.999566
1	72	7	0.999564
1	72	12	0.999564
0	72	53	0.999564
1	72	7	0.999563
1	72	35	0.999563
0	72	45	0.999563
0	72	68	0.999563
0	72	43	0.999561
0	72	58	0.999561
1	72	38	0.999561
1	72	41	0.999561
1	72	7	0.999561
1	72	39	0.99956
1	72	31	0.99956
0	72	66	0.99956
0	72	58	0.99956
1	72	10	0.99956
1	72	38	0.999558
0	72	54	0.999558
1	72	21	0.999558
1	72	35	0.999558
1	72	8	0.999558
1	72	7	0.999556
1	72	20	0.999556
0	72	45	0.999555
1	72	40	0.999555
1	72	32	0.999555
1	72	22	0.999555
1	72	20	0.999555
0	72	60	0.999555
1	72	37	0.999555
1	72	29	0.999553
1	72	11	0.999553
1	72	27	0.999553
0	72	71	0.999553
1	72	26	0.999552
0	72	53	0.999552
1	72	7	0.99955
1	72	17	0.99955
0	72	46	0.999549
1	72	39	0.999549
0	72	52	0.999549
0	72	53	0.999549
0	72	71	0.999549
1	72	34	0.999549
0	72	69	0.999549
1	72	36	0.999547
0	72	64	0.999547
0	72	59	0.999547
1	72	19	0.999546
0	72	60	0.999546
1	72	19	0.999546
1	72	14	0.999544
0	72	56	0.999544
1	72	8	0.999544
0	72	47	0.999544
0	72	55	0.999543
0	72	47	0.999543
0	72	62	0.999543
0	72	51	0.999543
1	72	28	0.999543
1	72	18	0.999541
0	72	64	0.999541
0	72	43	0.99954
1	72	11	0.99954
0	72	64	0.999538
1	72	14	0.999538
1	72	13	0.999538
0	72	65	0.999537
1	72	5	0.999537
1	72	29	0.999537
1	72	11	0.999537
0	72	52	0.999535
1	72	41	0.999535
0	72	71	0.999535
0	72	44	0.999535
1	72	40	0.999535
1	72	38	0.999535
1	72	11	0.999534
1	72	10	0.999534
1	72	25	0.999532
1	72	18	0.999532
0	72	48	0.999532
1	72	32	0.99953
0	72	63	0.99953
1	72	32	0.99953
1	72	13	0.99953
1	72	41	0.99953
1	72	6	0.999529
0	72	66	0.999529
0	72	63	0.999529
0	72	51	0.999529
0	72	52	0.999529
1	72	6	0.999527
0	72	56	0.999527
1	72	40	0.999527
0	72	51	0.999527
1	72	12	0.999527
1	72	31	0.999526
0	72	44	0.999526
0	72	65	0.999526
0	72	44	0.999526
0	72	58	0.999524
1	72	26	0.999524
0	72	60	0.999524
1	72	32	0.999524
1	72	19	0.999523
1	72	7	0.999523
1	72	32	0.999523
1	72	29	0.999523
1	72	34	0.999523
0	72	67	0.999521
0	72	55	0.999521
1	72	6	0.999521
0	72	48	0.99952
1	72	15	0.99952
0	72	51	0.99952
0	72	68	0.99952
0	72	52	0.999518
1	72	20	0.999517
0	72	41	0.999517
1	72	11	0.999517
0	72	51	0.999517
0	72	61	0.999515
1	72	11	0.999515
0	72	60	0.999514
0	72	41	0.999514
1	72	29	0.999514
1	72	18	0.999512
0	72	43	0.999511
0	72	57	0.999511
0	72	59	0.999509
0	72	56	0.999508
1	72	20	0.999508
0	72	42	0.999508
0	72	50	0.999508
1	72	29	0.999508
0	72	65	0.999508
1	72	7	0.999508
0	72	52	0.999506
1	72	26	0.999506
0	72	61	0.999505
1	72	11	0.999505
1	72	19	0.999505
0	72	46	0.999503
0	72	45	0.999503
0	72	46	0.999501
1	72	6	0.999501
0	72	50	0.999501
1	72	5	0.9995
1	72	10	0.9995
0	72	65	0.9995
0	72	40	0.999498
1	72	12	0.999498
0	72	55	0.999498
1	72	10	0.999497
0	72	50	0.999497
1	72	35	0.999495
0	72	67	0.999495
0	72	59	0.999495
0	72	54	0.999494
1	72	17	0.999492
0	72	40	0.999492
1	72	12	0.999492
1	72	32	0.999491
0	72	68	0.999491
1	72	37	0.999491
1	72	22	0.999489
1	72	30	0.999488
0	72	48	0.999488
1	72	27	0.999488
0	72	57	0.999488
1	72	31	0.999486
0	72	43	0.999486
1	72	17	0.999486
0	72	61	0.999486
0	72	42	0.999486
0	72	64	0.999485
0	72	59	0.999483
1	72	32	0.999483
1	72	39	0.999483
1	72	14	0.999482
0	72	59	0.999482
0	72	43	0.999482
0	72	68	0.999482
1	72	8	0.999482
0	72	44	0.999482
0	72	65	0.99948
1	72	20	0.99948
1	72	29	0.99948
0	72	58	0.99948
1	72	33	0.99948
1	72	13	0.999479
1	72	31	0.999479
1	72	28	0.999479
0	72	65	0.999479
0	72	67	0.999479
1	72	16	0.999477
1	72	9	0.999477
0	72	70	0.999477
0	72	45	0.999477
0	72	53	0.999477
1	72	15	0.999475
1	72	20	0.999475
0	72	69	0.999475
0	72	55	0.999475
1	72	33	0.999474
1	72	6	0.999474
1	72	16	0.999474
0	72	61	0.999474
1	72	22	0.999474
0	72	59	0.999472
0	72	66	0.999472
1	72	24	0.999472
0	72	48	0.999472
1	72	36	0.999472
1	72	5	0.999472
0	72	58	0.999472
1	72	15	0.999471
0	72	51	0.999471
1	72	5	0.999471
0	72	44	0.999471
1	72	14	0.999469
1	72	9	0.999468
0	72	65	0.999468
1	72	28	0.999466
1	72	22	0.999466
1	72	38	0.999466
1	72	12	0.999466
0	72	56	0.999465
1	72	27	0.999463
1	72	23	0.999463
0	72	53	0.999463
0	72	61	0.999463
1	72	36	0.999463
1	72	5	0.999463
1	72	38	0.999462
1	72	21	0.999462
0	72	39	0.999462
0	72	63	0.999462
0	72	44	0.999462
0	72	53	0.99946
1	72	32	0.99946
0	72	46	0.99946
0	72	65	0.99946
1	72	12	0.999459
1	72	25	0.999459
0	72	40	0.999459
1	72	22	0.999457
0	72	71	0.999457
0	72	48	0.999457
1	72	29	0.999457
0	72	61	0.999456
0	72	60	0.999456
0	72	54	0.999456
1	72	36	0.999454
1	72	32	0.999454
0	72	49	0.999453
1	72	5	0.999453
0	72	56	0.999453
0	72	41	0.999453
0	72	57	0.999453
1	72	32	0.999453
1	72	32	0.999451
0	72	56	0.999451
1	72	11	0.999449
0	72	58	0.999449
0	72	57	0.999449
0	72	55	0.999449
0	72	55	0.999448
1	72	5	0.999448
0	72	43	0.999448
1	72	27	0.999448
1	72	26	0.999446
1	72	19	0.999446
0	72	57	0.999446
1	72	35	0.999446
1	72	8	0.999446
1	72	37	0.999446
1	72	34	0.999446
0	72	51	0.999446
1	72	19	0.999445
0	72	63	0.999445
0	72	62	0.999445
0	72	61	0.999445
0	72	49	0.999443
1	72	37	0.999443
0	72	45	0.999442
0	72	63	0.999442
1	72	36	0.999442
1	72	14	0.99944
1	72	36	0.999439
1	72	19	0.999439
1	72	36	0.999439
0	72	54	0.999439
0	72	57	0.999439
1	72	14	0.999439
1	72	36	0.999437
1	72	20	0.999437
0	72	66	0.999436
0	72	65	0.999436
0	72	60	0.999436
0	72	61	0.999436
0	72	67	0.999436
1	72	20	0.999434
1	72	27	0.999434
1	72	24	0.999434
1	72	16	0.999433
1	72	7	0.999433
1	72	7	0.999433
1	72	15	0.999431
1	72	35	0.999431
1	72	19	0.999431
1	72	19	0.999431
1	72	14	0.999431
1	72	27	0.99943
1	72	13	0.99943
1	72	26	0.99943
1	72	30	0.999428
0	72	70	0.999428
1	72	7	0.999428
1	72	12	0.999428
1	72	18	0.999428
1	72	11	0.999425
1	72	13	0.999425
0	72	41	0.999425
0	72	45	0.999423
1	72	20	0.999423
0	72	39	0.999423
0	72	49	0.999423
0	72	62	0.999422
0	72	38	0.999422
0	72	71	0.99942
1	72	8	0.99942
0	72	56	0.99942
1	72	7	0.999419
0	72	59	0.999419
0	72	48	0.999419
0	72	61	0.999419
0	72	38	0.999419
1	72	13	0.999419
0	72	42	0.999419
1	72	27	0.999417
1	72	12	0.999417
0	72	41	0.999417
1	72	23	0.999416
0	72	67	0.999416
1	72	21	0.999416
1	72	32	0.999414
1	72	21	0.999414
0	72	45	0.999414
1	72	13	0.999414
0	72	58	0.999414
1	72	11	0.999414
0	72	55	0.999413
1	72	16	0.999413
1	72	19	0.999413
1	72	30	0.999413
0	72	63	0.999413
1	72	26	0.999411
1	72	5	0.99941
1	72	14	0.99941
1	72	6	0.999408
0	72	39	0.999408
1	72	30	0.999408
1	72	10	0.999408
0	72	68	0.999407
1	72	10	0.999407
0	72	44	0.999407
1	72	36	0.999405
0	72	50	0.999405
1	72	19	0.999405
1	72	6	0.999404
0	72	56	0.999404
0	72	69	0.999404
0	72	41	0.999404
1	72	16	0.999404
0	72	48	0.999404
1	72	29	0.999404
1	72	18	0.999402
1	72	27	0.999402
1	72	17	0.999402
1	72	17	0.999402
1	72	7	0.999402
1	72	25	0.999401
1	72	19	0.999401
0	72	62	0.999399
0	72	59	0.999399
0	72	46	0.999399
0	72	37	0.999399
1	72	27	0.999399
1	72	17	0.999397
1	72	31	0.999397
0	72	55	0.999397
0	72	49	0.999397
1	72	32	0.999396
0	72	45	0.999396
0	72	41	0.999396
0	72	55	0.999396
0	72	68	0.999394
0	72	65	0.999394
1	72	10	0.999394
0	72	58	0.999394
0	72	37	0.999393
1	72	28	0.999393
1	72	28	0.999391
1	72	18	0.999391
1	72	22	0.99939
1	72	10	0.99939
0	72	58	0.99939
0	72	44	0.99939
1	72	5	0.99939
1	72	15	0.99939
0	72	43	0.999388
1	72	28	0.999388
0	72	59	0.999388
0	72	40	0.999387
1	72	9	0.999387
0	72	49	0.999387
0	72	47	0.999387
1	72	11	0.999387
1	72	17	0.999387
0	72	54	0.999387
1	72	6	0.999387
0	72	54	0.999385
1	72	8	0.999385
1	72	8	0.999385
0	72	53	0.999385
1	72	18	0.999384
0	72	68	0.999384
1	72	20	0.999384
1	72	27	0.999382
1	72	14	0.999382
1	72	13	0.999382
1	72	15	0.999381
1	72	22	0.999381
1	72	16	0.999381
1	72	32	0.999379
0	72	59	0.999379
0	72	62	0.999378
1	72	33	0.999378
0	72	44	0.999376
1	72	29	0.999376
1	72	29	0.999375
1	72	34	0.999375
1	72	9	0.999375
1	72	21	0.999373
0	72	54	0.999373
0	72	63	0.999371
1	72	9	0.999371
1	72	20	0.999371
1	72	28	0.99937
0	72	58	0.99937
0	72	52	0.999368
0	72	53	0.999368
0	72	64	0.999368
1	72	21	0.999367
1	72	8	0.999367
0	72	69	0.999367
1	72	20	0.999365
0	72	54	0.999365
0	72	58	0.999365
1	72	22	0.999364
0	72	68	0.999362
0	72	62	0.999362
1	72	8	0.999361
1	72	5	0.999361
1	72	5	0.999361
0	72	41	0.999361
1	72	16	0.999361
1	72	14	0.999361
0	72	62	0.999361
0	72	71	0.999359
1	72	32	0.999359
1	72	34	0.999356
0	72	54	0.999356
0	72	57	0.999356
0	72	65	0.999355
0	72	40	0.999355
1	72	12	0.999355
0	72	50	0.999353
0	72	55	0.999353
0	72	67	0.999353
1	72	31	0.999352
0	72	48	0.99935
0	72	53	0.99935
1	72	24	0.99935
0	72	39	0.99935
0	72	46	0.99935
1	72	9	0.99935
1	72	31	0.99935
0	72	57	0.99935
1	72	25	0.999349
0	72	52	0.999349
1	72	30	0.999349
1	72	9	0.999349
1	72	15	0.999349
1	72	9	0.999347
0	72	70	0.999347
0	72	64	0.999347
1	72	20	0.999347
1	72	13	0.999347
0	72	48	0.999347
0	72	58	0.999346
1	72	27	0.999346
1	72	29	0.999346
1	72	6	0.999346
0	72	53	0.999346
1	72	29	0.999344
0	72	60	0.999344
0	72	59	0.999342
1	72	5	0.999342
1	72	24	0.999342
0	72	52	0.999342
1	72	15	0.999342
0	72	64	0.999342
0	72	37	0.999341
0	72	46	0.999341
0	72	66	0.999341
0	72	44	0.999339
1	72	30	0.999339
0	72	60	0.999339
1	72	32	0.999339
1	72	14	0.999339
0	72	64	0.999339
0	72	61	0.999338
0	72	38	0.999338
0	72	67	0.999338
0	72	37	0.999338
0	72	50	0.999336
1	72	27	0.999335
0	72	35	0.999335
0	72	53	0.999335
0	72	67	0.999333
1	72	14	0.999333
0	72	50	0.999333
0	72	59	0.999332
0	72	66	0.99933
1	72	26	0.99933
0	72	63	0.99933
0	72	58	0.999329
1	72	26	0.999327
1	72	10	0.999327
1	72	5	0.999327
1	72	13	0.999327
1	72	34	0.999326
0	72	71	0.999326
0	72	46	0.999326
1	72	15	0.999326
0	72	63	0.999326
1	72	19	0.999324
1	72	12	0.999324
1	72	25	0.999324
0	72	40	0.999323
0	72	68	0.999323
1	72	5	0.999323
0	72	46	0.999323
1	72	22	0.999323
0	72	46	0.999323
0	72	37	0.999323
1	72	17	0.999321
0	72	59	0.999321
1	72	25	0.999321
0	72	60	0.99932
1	72	11	0.99932
1	72	28	0.99932
1	72	16	0.99932
0	72	58	0.99932
0	72	50	0.999318
0	72	59	0.999318
1	72	28	0.999316
1	72	9	0.999316
1	72	6	0.999315
1	72	14	0.999315
1	72	14	0.999315
1	72	5	0.999315
1	72	21	0.999315
0	72	44	0.999313
0	72	39	0.999312
1	72	13	0.999312
1	72	31	0.99931
1	72	31	0.99931
1	72	8	0.99931
0	72	34	0.999309
0	72	59	0.999309
0	72	46	0.999307
0	72	42	0.999307
0	72	58	0.999307
0	72	54	0.999307
1	72	31	0.999307
1	72	26	0.999307
1	72	11	0.999306
1	72	20	0.999306
0	72	56	0.999306
0	72	65	0.999304
1	72	28	0.999304
1	72	8	0.999304
0	72	47	0.999303
1	72	22	0.999303
1	72	16	0.999303
1	72	16	0.999303
0	72	37	0.999301
0	72	57	0.999301
1	72	19	0.999301
0	72	35	0.999301
0	72	67	0.9993
0	72	44	0.9993
1	72	26	0.9993
1	72	8	0.9993
1	72	13	0.999298
1	72	15	0.999298
1	72	9	0.999298
0	72	49	0.999298
0	72	38	0.999298
0	72	57	0.999298
0	72	43	0.999297
1	72	13	0.999297
1	72	31	0.999297
1	72	15	0.999295
0	72	55	0.999295
1	72	10	0.999295
0	72	50	0.999294
0	72	57	0.999294
0	72	57	0.999292
1	72	33	0.999292
0	72	40	0.999292
0	72	52	0.999292
0	72	57	0.999292
0	72	50	0.999292
0	72	66	0.999292
0	72	45	0.99929
1	72	24	0.99929
0	72	55	0.99929
0	72	52	0.99929
1	72	26	0.999289
0	72	67	0.999289
0	72	52	0.999289
0	72	67	0.999289
1	72	6	0.999289
0	72	50	0.999289
1	72	20	0.999287
0	72	45	0.999287
0	72	57	0.999287
0	72	63	0.999287
1	72	33	0.999286
0	72	52	0.999286
0	72	35	0.999284
0	72	63	0.999283
0	72	64	0.999283
0	72	47	0.999283
1	72	9	0.999281
0	72	51	0.999281
1	72	33	0.999281
0	72	70	0.99928
0	72	59	0.99928
1	72	33	0.99928
0	72	68	0.999278
0	72	44	0.999277
0	72	59	0.999277
0	72	67	0.999277
1	72	9	0.999277
1	72	20	0.999275
0	72	33	0.999275
1	72	10	0.999275
1	72	31	0.999274
0	72	55	0.999274
1	72	5	0.999274
1	72	23	0.999274
0	72	58	0.999271
1	72	19	0.999269
0	72	45	0.999269
0	72	59	0.999268
0	72	54	0.999268
0	72	61	0.999268
1	72	28	0.999268
0	72	33	0.999268
0	72	43	0.999266
1	72	17	0.999266
1	72	28	0.999266
0	72	49	0.999264
1	72	15	0.999264
1	72	7	0.999264
0	72	56	0.999264
1	72	29	0.999264
1	72	7	0.999263
1	72	22	0.999263
0	72	63	0.999263
0	72	38	0.999263
1	72	28	0.999263
0	72	67	0.999263
1	72	12	0.999263
0	72	64	0.999261
1	72	7	0.999261
0	72	56	0.999261
1	72	5	0.999261
0	72	63	0.999261
0	72	64	0.999261
0	72	61	0.99926
0	72	41	0.99926
1	72	12	0.999258
0	72	46	0.999258
0	72	59	0.999258
1	72	9	0.999258
1	72	16	0.999258
0	72	50	0.999257
0	72	43	0.999257
0	72	49	0.999257
1	72	20	0.999257
1	72	27	0.999257
0	72	56	0.999257
0	72	62	0.999257
0	72	57	0.999255
0	72	58	0.999255
0	72	34	0.999255
1	72	20	0.999255
0	72	62	0.999255
1	72	18	0.999255
1	72	26	0.999255
0	72	39	0.999254
0	72	39	0.999252
1	72	13	0.999252
1	72	14	0.999252
0	72	67	0.999251
0	72	70	0.999251
1	72	12	0.999251
1	72	10	0.999251
0	72	40	0.999249
1	72	7	0.999249
1	72	18	0.999248
0	72	69	0.999248
1	72	22	0.999248
0	72	63	0.999248
1	72	32	0.999246
1	72	29	0.999246
1	72	15	0.999245
0	72	45	0.999243
1	72	31	0.999243
1	72	12	0.999243
0	72	40	0.999242
1	72	30	0.999242
0	72	53	0.999242
0	72	65	0.99924
0	72	47	0.99924
1	72	8	0.999239
1	72	10	0.999239
0	72	49	0.999239
1	72	31	0.999239
0	72	41	0.999237
1	72	30	0.999237
1	72	23	0.999237
0	72	65	0.999235
0	72	49	0.999235
0	72	40	0.999235
0	72	45	0.999235
0	72	54	0.999235
1	72	23	0.999234
1	72	21	0.999234
1	72	28	0.999234
1	72	11	0.999234
1	72	6	0.999232
0	72	33	0.999232
0	72	57	0.999232
0	72	51	0.999229
1	72	31	0.999229
0	72	42	0.999229
0	72	43	0.999228
1	72	16	0.999228
1	72	6	0.999228
0	72	52	0.999228
0	72	39	0.999228
0	72	71	0.999226
1	72	17	0.999226
1	72	29	0.999226
0	72	54	0.999226
1	72	11	0.999225
0	72	45	0.999225
0	72	38	0.999225
1	72	5	0.999225
1	72	20	0.999225
1	72	9	0.999225
1	72	21	0.999223
0	72	53	0.999223
1	72	15	0.999223
0	72	51	0.999223
0	72	48	0.999222
1	72	19	0.999222
0	72	35	0.999222
0	72	60	0.999222
1	72	27	0.99922
0	72	58	0.99922
0	72	71	0.99922
1	72	28	0.999219
1	72	25	0.999219
1	72	5	0.999219
0	72	39	0.999216
0	72	59	0.999216
0	72	53	0.999216
0	72	61	0.999214
0	72	61	0.999214
1	72	21	0.999214
1	72	19	0.999213
0	72	44	0.999213
0	72	49	0.999213
1	72	19	0.999213
0	72	39	0.999213
0	72	68	0.999213
1	72	23	0.999213
0	72	47	0.999211
0	72	32	0.999211
0	72	43	0.999211
1	72	11	0.999211
0	72	45	0.999211
1	72	25	0.999211
0	72	71	0.999208
0	72	38	0.999208
1	72	7	0.999208
1	72	10	0.999208
0	72	64	0.999208
0	72	56	0.999206
0	72	46	0.999206
0	72	61	0.999206
1	72	7	0.999206
1	72	26	0.999205
1	72	7	0.999205
0	72	60	0.999203
1	72	25	0.999203
1	72	25	0.999203
1	72	16	0.999203
0	72	35	0.999203
0	72	44	0.999203
0	72	32	0.999202
0	72	42	0.999202
0	72	57	0.999202
1	72	28	0.9992
0	72	45	0.9992
1	72	26	0.9992
1	72	25	0.9992
1	72	26	0.9992
0	72	61	0.9992
0	72	34	0.9992
1	72	7	0.999199
1	72	27	0.999199
1	72	11	0.999199
1	72	6	0.999199
0	72	40	0.999199
0	72	71	0.999199
0	72	69	0.999199
1	72	9	0.999199
0	72	62	0.999199
0	72	34	0.999197
0	72	37	0.999197
0	72	54	0.999197
0	72	40	0.999197
0	72	39	0.999197
0	72	39	0.999197
1	72	15	0.999197
0	72	48	0.999196
0	72	68	0.999196
1	72	23	0.999196
0	72	44	0.999196
1	72	8	0.999196
1	72	21	0.999196
0	72	65	0.999194
0	72	46	0.999194
0	72	61	0.999194
0	72	45	0.999194
0	72	71	0.999194
0	72	71	0.999194
0	72	53	0.999194
0	72	37	0.999193
1	72	24	0.999193
0	72	35	0.999193
0	72	58	0.999193
0	72	53	0.999191
0	72	37	0.999191
0	72	33	0.999191
0	72	37	0.999191
0	72	49	0.999191
0	72	59	0.99919
0	72	43	0.99919
0	72	61	0.99919
1	72	20	0.99919
0	72	57	0.999188
0	72	49	0.999188
0	72	37	0.999188
0	72	62	0.999187
1	72	19	0.999187
0	72	37	0.999187
1	72	16	0.999187
0	72	54	0.999185
0	72	33	0.999185
0	72	34	0.999183
1	72	13	0.999183
0	72	51	0.999183
0	72	42	0.999182
1	72	18	0.99918
1	72	19	0.99918
0	72	60	0.99918
0	72	44	0.999179
1	72	16	0.999179
0	72	31	0.999179
1	72	23	0.999177
0	72	39	0.999177
1	72	10	0.999177
0	72	35	0.999176
1	72	14	0.999176
0	72	42	0.999176
1	72	8	0.999176
1	72	25	0.999176
0	72	68	0.999176
1	72	26	0.999176
1	72	17	0.999174
0	72	34	0.999174
0	72	58	0.999174
0	72	54	0.999174
0	72	63	0.999174
0	72	47	0.999174
0	72	62	0.999174
1	72	8	0.999171
1	72	18	0.999171
1	72	5	0.99917
0	72	41	0.99917
0	72	34	0.99917
0	72	53	0.99917
1	72	30	0.99917
1	72	25	0.99917
0	72	69	0.999168
0	72	71	0.999168
1	72	21	0.999167
0	72	56	0.999167
1	72	20	0.999167
0	72	39	0.999167
0	72	67	0.999167
1	72	28	0.999165
0	72	62	0.999165
0	72	52	0.999165
0	72	48	0.999165
0	72	40	0.999165
0	72	34	0.999165
1	72	9	0.999164
1	72	28	0.999164
1	72	12	0.999164
1	72	17	0.999164
0	72	47	0.999162
1	72	8	0.999162
0	72	60	0.999162
0	72	68	0.999161
1	72	26	0.999161
1	72	23	0.999161
1	72	16	0.999161
0	72	66	0.999159
0	72	40	0.999159
0	72	58	0.999157
0	72	69	0.999156
1	72	15	0.999156
0	72	66	0.999156
0	72	38	0.999154
1	72	15	0.999154
1	72	18	0.999154
1	72	18	0.999153
1	72	13	0.999153
1	72	10	0.999153
1	72	14	0.999151
1	72	14	0.999151
0	72	53	0.999151
0	72	34	0.999147
1	72	14	0.999147
0	72	33	0.999147
0	72	58	0.999145
1	72	23	0.999145
0	72	41	0.999145
0	72	42	0.999145
0	72	71	0.999144
0	72	52	0.999144
1	72	30	0.999144
0	72	42	0.999142
1	72	6	0.999142
1	72	30	0.999142
1	72	8	0.999142
1	72	6	0.999141
1	72	13	0.999141
1	72	19	0.999139
0	72	59	0.999139
0	72	59	0.999138
0	72	41	0.999138
1	72	23	0.999136
0	72	45	0.999136
0	72	54	0.999136
1	72	27	0.999135
1	72	21	0.999135
0	72	48	0.999135
1	72	12	0.999133
0	72	60	0.999133
0	72	51	0.999133
0	72	39	0.999133
0	72	47	0.999133
0	72	35	0.999132
1	72	10	0.999132
0	72	69	0.999132
1	72	22	0.999132
0	72	49	0.99913
0	72	50	0.99913
0	72	34	0.99913
1	72	25	0.999128
0	72	40	0.999127
1	72	10	0.999127
0	72	56	0.999127
1	72	28	0.999125
0	72	44	0.999125
0	72	48	0.999125
1	72	15	0.999125
0	72	37	0.999124
1	72	14	0.999124
1	72	7	0.999122
1	72	19	0.999122
1	72	19	0.999121
0	72	62	0.999121
1	72	6	0.999121
1	72	26	0.999121
0	72	69	0.999121
0	72	70	0.999121
0	72	58	0.999119
0	72	58	0.999119
0	72	33	0.999119
1	72	25	0.999118
0	72	65	0.999118
0	72	52	0.999118
1	72	12	0.999118
0	72	43	0.999116
1	72	27	0.999116
0	72	36	0.999116
0	72	53	0.999116
1	72	15	0.999116
0	72	67	0.999115
0	72	41	0.999115
1	72	8	0.999115
1	72	28	0.999115
0	72	59	0.999112
0	72	48	0.999112
0	72	34	0.999112
1	72	19	0.99911
0	72	67	0.99911
1	72	15	0.999109
0	72	37	0.999109
0	72	57	0.999107
0	72	47	0.999107
0	72	60	0.999107
1	72	6	0.999107
0	72	46	0.999107
0	72	68	0.999106
0	72	39	0.999106
0	72	43	0.999106
0	72	64	0.999106
0	72	59	0.999104
1	72	18	0.999104
1	72	25	0.999104
1	72	16	0.999104
0	72	37	0.999102
0	72	59	0.999102
0	72	41	0.999101
1	72	5	0.999101
0	72	37	0.999101
0	72	37	0.999101
0	72	44	0.999099
1	72	18	0.999099
0	72	43	0.999099
0	72	57	0.999099
0	72	54	0.999099
0	72	38	0.999099
0	72	62	0.999098
0	72	33	0.999098
0	72	38	0.999098
1	72	27	0.999096
1	72	24	0.999096
1	72	27	0.999096
0	72	37	0.999096
1	72	26	0.999095
0	72	45	0.999095
1	72	12	0.999095
0	72	33	0.999095
1	72	24	0.999093
0	72	53	0.999093
0	72	41	0.999093
1	72	18	0.999092
0	72	41	0.999092
1	72	16	0.999092
0	72	45	0.999092
0	72	61	0.99909
1	72	17	0.99909
1	72	18	0.99909
0	72	31	0.99909
1	72	15	0.99909
1	72	7	0.999087
0	72	63	0.999086
1	72	27	0.999086
1	72	11	0.999086
1	72	19	0.999086
1	72	13	0.999084
0	72	33	0.999084
0	72	49	0.999084
0	72	52	0.999084
0	72	45	0.999083
1	72	19	0.999083
1	72	29	0.999083
1	72	12	0.999083
1	72	17	0.999081
0	72	61	0.999081
0	72	58	0.999081
0	72	63	0.999081
1	72	10	0.999081
0	72	68	0.99908
1	72	22	0.999078
0	72	62	0.999078
0	72	71	0.999076
1	72	19	0.999076
0	72	40	0.999076
1	72	18	0.999076
1	72	24	0.999076
0	72	69	0.999076
1	72	17	0.999076
0	72	66	0.999076
0	72	29	0.999075
0	72	58	0.999075
0	72	47	0.999073
0	72	30	0.999073
1	72	28	0.999073
0	72	61	0.999073
1	72	10	0.999073
1	72	10	0.999072
1	72	15	0.999072
0	72	61	0.999072
1	72	16	0.99907
1	72	8	0.99907
0	72	47	0.999066
1	72	6	0.999066
0	72	33	0.999066
0	72	31	0.999066
1	72	18	0.999066
0	72	50	0.999064
1	72	11	0.999064
0	72	53	0.999064
0	72	54	0.999064
0	72	64	0.999064
1	72	13	0.999063
0	72	60	0.999063
0	72	59	0.999063
0	72	53	0.999063
1	72	24	0.999061
0	72	49	0.999061
0	72	50	0.999061
1	72	16	0.999061
0	72	36	0.999061
0	72	67	0.99906
0	72	45	0.99906
1	72	21	0.99906
0	72	42	0.99906
1	72	24	0.999058
0	72	63	0.999058
0	72	61	0.999058
0	72	53	0.999058
1	72	7	0.999058
0	72	30	0.999058
0	72	50	0.999058
1	72	22	0.999057
0	72	38	0.999057
1	72	27	0.999057
0	72	43	0.999055
0	72	70	0.999055
0	72	46	0.999055
0	72	55	0.999055
1	72	21	0.999054
1	72	24	0.999054
1	72	5	0.999054
0	72	49	0.999054
1	72	6	0.999052
1	72	23	0.999052
0	72	32	0.999052
0	72	35	0.999052
0	72	60	0.999051
1	72	16	0.999051
0	72	71	0.999051
0	72	57	0.999051
0	72	37	0.999051
1	72	19	0.999051
1	72	27	0.999051
0	72	67	0.999051
0	72	36	0.999049
1	72	27	0.999049
0	72	61	0.999049
0	72	63	0.999047
0	72	44	0.999047
1	72	8	0.999047
0	72	40	0.999046
0	72	36	0.999046
0	72	35	0.999046
1	72	5	0.999046
1	72	22	0.999044
0	72	52	0.999044
0	72	40	0.999043
0	72	61	0.999043
1	72	15	0.999043
1	72	9	0.999043
1	72	11	0.999043
1	72	22	0.999043
0	72	38	0.999041
1	72	26	0.999041
0	72	35	0.999041
0	72	53	0.999041
0	72	29	0.99904
0	72	61	0.99904
1	72	26	0.99904
0	72	63	0.999038
0	72	64	0.999038
1	72	5	0.999038
1	72	24	0.999038
0	72	32	0.999038
0	72	39	0.999038
1	72	18	0.999037
1	72	6	0.999037
0	72	61	0.999037
1	72	6	0.999037
0	72	39	0.999037
1	72	26	0.999035
0	72	34	0.999035
1	72	10	0.999034
0	72	70	0.999034
1	72	28	0.999034
1	72	24	0.999032
0	72	48	0.999032
1	72	20	0.999031
0	72	48	0.999031
1	72	7	0.999031
0	72	61	0.999031
0	72	55	0.999031
0	72	43	0.999029
1	72	13	0.999029
0	72	58	0.999029
1	72	16	0.999028
1	72	13	0.999028
1	72	24	0.999028
1	72	14	0.999028
0	72	61	0.999028
1	72	14	0.999028
1	72	27	0.999026
1	72	10	0.999026
0	72	42	0.999026
0	72	67	0.999025
1	72	10	0.999025
0	72	68	0.999025
1	72	13	0.999025
0	72	60	0.999025
0	72	57	0.999025
1	72	23	0.999025
0	72	42	0.999023
0	72	63	0.999021
0	72	50	0.999021
0	72	43	0.999021
0	72	58	0.999021
0	72	68	0.99902
1	72	15	0.99902
1	72	18	0.99902
1	72	22	0.99902
0	72	39	0.999018
0	72	50	0.999018
1	72	13	0.999018
0	72	69	0.999018
0	72	37	0.999018
0	72	44	0.999017
1	72	18	0.999017
0	72	59	0.999017
0	72	43	0.999017
1	72	26	0.999017
0	72	66	0.999017
1	72	5	0.999017
0	72	71	0.999017
1	72	18	0.999017
0	72	66	0.999015
1	72	27	0.999015
1	72	8	0.999015
0	72	55	0.999015
1	72	27	0.999014
1	72	14	0.999014
0	72	57	0.999014
0	72	66	0.999014
1	72	11	0.999014
1	72	14	0.999012
0	72	63	0.999012
0	72	28	0.999012
0	72	37	0.999012
0	72	49	0.999012
0	72	42	0.999012
0	72	64	0.999011
0	72	34	0.999011
0	72	39	0.999011
0	72	42	0.999011
0	72	35	0.999009
0	72	70	0.999008
0	72	47	0.999008
0	72	34	0.999008
0	72	35	0.999008
1	72	19	0.999008
1	72	8	0.999008
0	72	33	0.999008
1	72	5	0.999008
0	72	38	0.999006
1	72	10	0.999006
0	72	55	0.999006
0	72	41	0.999006
0	72	37	0.999006
0	72	70	0.999006
1	72	8	0.999006
1	72	23	0.999006
0	72	35	0.999005
1	72	5	0.999005
0	72	30	0.999005
0	72	68	0.999003
0	72	61	0.999003
0	72	65	0.999002
0	72	28	0.999002
0	72	30	0.999
0	72	34	0.999
0	72	56	0.999
0	72	65	0.998999
0	72	35	0.998999
1	72	22	0.998997
0	72	68	0.998997
0	72	60	0.998997
1	72	22	0.998997
0	72	67	0.998997
1	72	18	0.998997
0	72	39	0.998996
0	72	36	0.998994
0	72	63	0.998994
0	72	34	0.998994
0	72	66	0.998992
0	72	71	0.998992
0	72	34	0.998992
0	72	51	0.998992
1	72	22	0.998992
0	72	44	0.998991
0	72	65	0.998991
0	72	42	0.998989
1	72	10	0.998989
0	72	51	0.998989
0	72	64	0.998989
1	72	12	0.998989
0	72	58	0.998986
1	72	19	0.998986
0	72	37	0.998986
1	72	7	0.998986
0	72	29	0.998985
1	72	22	0.998985
0	72	49	0.998985
0	72	51	0.998983
0	72	71	0.998983
1	72	6	0.998982
0	72	38	0.998982
1	72	22	0.99898
0	72	55	0.99898
1	72	26	0.998979
0	72	37	0.998979
0	72	30	0.998979
1	72	7	0.998979
0	72	41	0.998979
0	72	28	0.998979
0	72	59	0.998979
1	72	20	0.998979
0	72	34	0.998977
0	72	49	0.998977
0	72	44	0.998977
0	72	63	0.998977
0	72	55	0.998976
0	72	51	0.998976
0	72	60	0.998976
1	72	7	0.998976
0	72	61	0.998974
0	72	58	0.998974
0	72	68	0.998974
1	72	24	0.998974
0	72	37	0.998973
1	72	7	0.998973
1	72	18	0.998973
1	72	16	0.998971
0	72	45	0.998971
1	72	19	0.998971
0	72	65	0.998971
0	72	50	0.99897
0	72	56	0.99897
0	72	57	0.998968
0	72	42	0.998968
0	72	66	0.998968
1	72	7	0.998968
1	72	20	0.998968
0	72	41	0.998968
1	72	20	0.998968
1	72	11	0.998966
1	72	18	0.998966
0	72	46	0.998966
0	72	51	0.998966
0	72	31	0.998966
0	72	57	0.998966
1	72	23	0.998966
1	72	23	0.998965
0	72	44	0.998965
0	72	47	0.998965
1	72	16	0.998963
0	72	32	0.998963
1	72	12	0.998963
1	72	22	0.998963
0	72	67	0.998963
1	72	7	0.998963
0	72	50	0.998963
0	72	57	0.998963
0	72	65	0.998963
0	72	52	0.998963
1	72	25	0.998962
0	72	34	0.99896
0	72	56	0.99896
0	72	61	0.99896
0	72	40	0.99896
0	72	50	0.99896
0	72	32	0.99896
0	72	59	0.998959
0	72	69	0.998957
0	72	38	0.998957
0	72	33	0.998957
0	72	33	0.998957
1	72	5	0.998956
1	72	17	0.998954
0	72	30	0.998954
1	72	11	0.998954
0	72	36	0.998954
0	72	45	0.998953
1	72	22	0.998953
1	72	14	0.998953
0	72	67	0.998953
1	72	18	0.998953
0	72	66	0.998953
1	72	9	0.998951
0	72	65	0.998951
1	72	21	0.998951
1	72	11	0.998951
0	72	48	0.998951
0	72	70	0.99895
1	72	19	0.99895
1	72	13	0.998948
0	72	59	0.998948
0	72	55	0.998948
0	72	38	0.998948
0	72	54	0.998948
0	72	71	0.998948
1	72	6	0.998947
0	72	40	0.998947
0	72	49	0.998947
0	72	37	0.998945
0	72	59	0.998945
0	72	49	0.998945
0	72	69	0.998945
0	72	70	0.998945
0	72	70	0.998944
0	72	55	0.998944
0	72	29	0.998944
0	72	56	0.998942
1	72	9	0.998942
1	72	16	0.998942
1	72	26	0.99894
0	72	66	0.99894
0	72	34	0.99894
0	72	61	0.99894
0	72	37	0.99894
0	72	49	0.99894
0	72	56	0.998939
0	72	59	0.998939
1	72	23	0.998939
0	72	28	0.998939
0	72	47	0.998937
0	72	52	0.998937
0	72	55	0.998937
1	72	7	0.998937
0	72	39	0.998936
1	72	10	0.998936
0	72	47	0.998936
1	72	23	0.998934
0	72	58	0.998934
0	72	34	0.998934
0	72	69	0.998934
0	72	48	0.998933
0	72	41	0.998933
1	72	20	0.998931
0	72	63	0.998931
1	72	20	0.998931
1	72	19	0.99893
0	72	58	0.99893
0	72	67	0.99893
1	72	16	0.998928
0	72	48	0.998928
1	72	9	0.998928
1	72	8	0.998928
1	72	22	0.998927
0	72	33	0.998927
0	72	41	0.998927
0	72	40	0.998927
1	72	8	0.998927
0	72	56	0.998925
0	72	35	0.998925
0	72	53	0.998924
0	72	57	0.998924
1	72	16	0.998924
0	72	67	0.998922
1	72	16	0.998922
0	72	49	0.998922
1	72	9	0.998922
0	72	64	0.998922
1	72	22	0.998921
0	72	46	0.998921
0	72	59	0.998921
1	72	24	0.998921
0	72	40	0.998919
1	72	16	0.998919
0	72	50	0.998919
1	72	7	0.998918
0	72	45	0.998918
1	72	23	0.998918
0	72	50	0.998915
1	72	13	0.998915
0	72	52	0.998915
1	72	7	0.998915
0	72	56	0.998913
0	72	51	0.998913
0	72	37	0.998913
0	72	63	0.998913
0	72	47	0.998911
0	72	29	0.99891
0	72	27	0.99891
0	72	54	0.99891
0	72	46	0.99891
0	72	39	0.998908
0	72	56	0.998907
0	72	67	0.998907
0	72	45	0.998905
0	72	59	0.998905
0	72	33	0.998905
0	72	45	0.998905
1	72	11	0.998905
1	72	15	0.998904
1	72	23	0.998904
1	72	16	0.998904
1	72	17	0.998902
1	72	18	0.998902
1	72	7	0.998901
0	72	29	0.998901
0	72	55	0.998901
1	72	21	0.998901
0	72	46	0.998899
0	72	47	0.998899
0	72	49	0.998898
0	72	53	0.998896
1	72	25	0.998896
1	72	18	0.998895
0	72	67	0.998895
1	72	12	0.998895
0	72	37	0.998895
1	72	12	0.998895
1	72	22	0.998895
0	72	30	0.998895
0	72	48	0.998895
1	72	5	0.998893
1	72	5	0.998893
1	72	10	0.998893
1	72	13	0.998893
0	72	41	0.998893
0	72	50	0.998892
0	72	38	0.998892
1	72	19	0.998892
0	72	41	0.998892
0	72	67	0.99889
0	72	27	0.99889
0	72	57	0.99889
0	72	27	0.99889
0	72	46	0.99889
0	72	67	0.99889
0	72	50	0.998889
0	72	29	0.998889
1	72	24	0.998889
0	72	50	0.998887
1	72	8	0.998887
0	72	55	0.998887
0	72	66	0.998887
1	72	20	0.998887
0	72	43	0.998887
0	72	42	0.998887
1	72	16	0.998885
1	72	26	0.998885
0	72	48	0.998885
1	72	16	0.998885
0	72	70	0.998885
1	72	7	0.998885
0	72	60	0.998885
0	72	35	0.998885
0	72	50	0.998884
1	72	14	0.998884
0	72	64	0.998882
0	72	38	0.998881
1	72	11	0.998881
0	72	34	0.998881
0	72	63	0.998879
1	72	19	0.998879
0	72	56	0.998879
0	72	33	0.998879
1	72	24	0.998878
0	72	41	0.998878
1	72	15	0.998878
0	72	51	0.998878
0	72	63	0.998876
1	72	22	0.998876
0	72	58	0.998876
0	72	69	0.998876
1	72	11	0.998875
0	72	56	0.998875
0	72	30	0.998873
1	72	21	0.998872
0	72	50	0.998872
1	72	7	0.998872
0	72	32	0.998872
1	72	9	0.998872
0	72	38	0.99887
0	72	68	0.99887
1	72	25	0.99887
0	72	30	0.99887
1	72	6	0.998869
1	72	8	0.998869
1	72	17	0.998869
0	72	53	0.998867
1	72	21	0.998866
1	72	6	0.998866
0	72	40	0.998866
0	72	40	0.998864
1	72	26	0.998864
0	72	51	0.998863
0	72	65	0.998863
0	72	64	0.998863
0	72	28	0.998863
0	72	55	0.998863
0	72	69	0.998863
0	72	71	0.998861
1	72	11	0.998861
0	72	50	0.998861
1	72	26	0.99886
0	72	47	0.99886
0	72	48	0.99886
0	72	43	0.998858
0	72	49	0.998858
0	72	49	0.998858
0	72	32	0.998856
0	72	44	0.998856
0	72	54	0.998856
0	72	60	0.998855
0	72	56	0.998855
0	72	63	0.998855
0	72	33	0.998855
0	72	41	0.998853
0	72	47	0.998853
0	72	57	0.998853
0	72	38	0.998852
0	72	67	0.998852
1	72	22	0.99885
0	72	54	0.99885
0	72	57	0.99885
1	72	24	0.99885
1	72	23	0.998849
0	72	30	0.998849
0	72	68	0.998849
0	72	59	0.998849
1	72	17	0.998847
0	72	37	0.998847
0	72	39	0.998847
0	72	40	0.998847
1	72	13	0.998847
0	72	37	0.998847
0	72	49	0.998847
0	72	71	0.998846
1	72	5	0.998844
1	72	9	0.998844
0	72	40	0.998844
1	72	5	0.998844
0	72	29	0.998843
0	72	54	0.998843
0	72	29	0.998843
1	72	6	0.998841
0	72	38	0.998841
1	72	24	0.998841
1	72	26	0.998841
0	72	40	0.998841
0	72	38	0.99884
0	72	27	0.99884
0	72	61	0.998838
1	72	20	0.998838
0	72	32	0.998838
0	72	53	0.998837
0	72	40	0.998837
1	72	5	0.998837
0	72	70	0.998837
1	72	26	0.998835
0	72	37	0.998835
0	72	54	0.998835
0	72	58	0.998835
1	72	9	0.998835
0	72	29	0.998835
0	72	55	0.998834
0	72	41	0.998834
0	72	49	0.998832
0	72	62	0.99883
0	72	42	0.998829
1	72	14	0.998829
0	72	27	0.998827
1	72	7	0.998827
0	72	60	0.998827
1	72	25	0.998827
1	72	25	0.998827
0	72	59	0.998827
0	72	44	0.998826
1	72	19	0.998826
1	72	19	0.998826
0	72	49	0.998826
1	72	26	0.998826
1	72	12	0.998826
0	72	64	0.998824
0	72	48	0.998824
0	72	34	0.998824
1	72	15	0.998823
0	72	56	0.998823
0	72	58	0.998823
0	72	27	0.998821
1	72	5	0.998821
0	72	59	0.99882
0	72	60	0.99882
1	72	21	0.99882
0	72	46	0.99882
1	72	5	0.998818
1	72	11	0.998818
0	72	63	0.998817
0	72	41	0.998817
0	72	67	0.998817
0	72	42	0.998817
0	72	59	0.998815
0	72	30	0.998815
0	72	46	0.998815
0	72	66	0.998815
1	72	12	0.998815
0	72	45	0.998814
0	72	57	0.998812
0	72	34	0.998812
0	72	63	0.998812
0	72	41	0.998812
1	72	16	0.998811
0	72	31	0.998811
0	72	62	0.998811
0	72	30	0.998811
0	72	69	0.998811
0	72	42	0.998811
0	72	37	0.998809
1	72	18	0.998809
1	72	22	0.998809
0	72	34	0.998808
0	72	28	0.998808
0	72	32	0.998806
0	72	33	0.998806
0	72	69	0.998806
0	72	63	0.998804
0	72	53	0.998804
1	72	21	0.998804
0	72	26	0.998804
0	72	35	0.998804
0	72	42	0.998804
0	72	55	0.998803
0	72	67	0.998801
1	72	21	0.998801
0	72	38	0.9988
1	72	9	0.9988
0	72	28	0.9988
0	72	50	0.9988
0	72	65	0.9988
0	72	42	0.9988
0	72	62	0.998797
1	72	15	0.998797
0	72	31	0.998797
0	72	26	0.998797
0	72	62	0.998795
0	72	55	0.998795
0	72	61	0.998795
1	72	16	0.998795
1	72	19	0.998795
0	72	35	0.998795
0	72	71	0.998795
1	72	23	0.998794
1	72	12	0.998794
1	72	7	0.998794
1	72	9	0.998792
1	72	25	0.998792
0	72	52	0.998792
0	72	64	0.998791
0	72	34	0.998791
0	72	63	0.998791
1	72	11	0.998791
0	72	67	0.998791
0	72	64	0.998791
1	72	22	0.998789
1	72	16	0.998789
0	72	32	0.998789
1	72	13	0.998788
1	72	9	0.998786
0	72	32	0.998786
0	72	58	0.998785
1	72	23	0.998785
0	72	71	0.998785
0	72	48	0.998785
1	72	16	0.998785
1	72	13	0.998785
1	72	8	0.998785
1	72	22	0.998785
0	72	67	0.998783
0	72	55	0.998783
1	72	9	0.998782
1	72	21	0.998782
1	72	10	0.998782
0	72	67	0.998782
0	72	65	0.998782
0	72	33	0.99878
0	72	49	0.99878
0	72	38	0.99878
0	72	58	0.99878
1	72	12	0.998779
0	72	68	0.998777
0	72	57	0.998775
1	72	22	0.998774
0	72	45	0.998774
0	72	53	0.998774
1	72	8	0.998774
0	72	56	0.998774
0	72	34	0.998774
0	72	32	0.998774
0	72	33	0.998774
0	72	27	0.998772
1	72	21	0.998771
1	72	17	0.998771
1	72	7	0.998771
1	72	13	0.998769
0	72	65	0.998769
0	72	30	0.998769
0	72	36	0.998768
0	72	66	0.998768
0	72	34	0.998768
0	72	52	0.998768
0	72	57	0.998766
1	72	16	0.998766
1	72	5	0.998766
1	72	19	0.998766
1	72	23	0.998766
0	72	38	0.998765
0	72	55	0.998765
0	72	59	0.998765
0	72	50	0.998765
0	72	52	0.998765
1	72	20	0.998763
0	72	40	0.998763
0	72	65	0.998763
1	72	19	0.998763
0	72	37	0.998763
1	72	11	0.998763
0	72	65	0.998762
0	72	65	0.998762
1	72	12	0.998762
0	72	35	0.998762
0	72	31	0.998762
1	72	15	0.99876
0	72	50	0.998759
0	72	65	0.998759
0	72	42	0.998759
0	72	47	0.998759
1	72	23	0.998759
1	72	17	0.998759
0	72	26	0.998757
1	72	6	0.998757
0	72	49	0.998757
1	72	7	0.998757
0	72	58	0.998756
0	72	66	0.998756
0	72	39	0.998756
0	72	45	0.998754
0	72	34	0.998754
0	72	26	0.998754
0	72	67	0.998753
0	72	58	0.998753
1	72	10	0.998753
0	72	34	0.998753
0	72	32	0.998753
0	72	52	0.998751
0	72	62	0.998751
0	72	30	0.998751
1	72	22	0.998751
0	72	68	0.998749
0	72	35	0.998749
0	72	66	0.998749
0	72	34	0.998748
0	72	70	0.998748
1	72	11	0.998746
0	72	51	0.998746
0	72	34	0.998746
0	72	50	0.998746
0	72	36	0.998745
1	72	17	0.998745
0	72	30	0.998745
0	72	59	0.998745
0	72	57	0.998743
0	72	44	0.998743
0	72	68	0.998742
0	72	52	0.99874
1	72	15	0.99874
1	72	19	0.99874
1	72	15	0.998739
1	72	25	0.998739
0	72	71	0.998739
0	72	38	0.998737
0	72	29	0.998737
0	72	27	0.998737
0	72	32	0.998736
0	72	43	0.998736
1	72	18	0.998734
0	72	41	0.998734
0	72	45	0.998734
0	72	39	0.998734
0	72	51	0.998733
0	72	42	0.998733
1	72	9	0.998733
0	72	66	0.998733
1	72	13	0.998731
0	72	63	0.998731
1	72	14	0.998731
1	72	7	0.998731
1	72	12	0.99873
0	72	49	0.99873
0	72	41	0.998728
0	72	39	0.998728
0	72	39	0.998728
1	72	18	0.998728
1	72	25	0.998728
1	72	11	0.998727
0	72	61	0.998727
1	72	19	0.998725
1	72	22	0.998724
0	72	41	0.998724
1	72	12	0.998724
0	72	45	0.998724
0	72	56	0.998724
1	72	18	0.998722
0	72	65	0.998722
1	72	25	0.998722
0	72	66	0.998722
0	72	35	0.998722
0	72	43	0.998722
0	72	26	0.99872
0	72	68	0.99872
1	72	14	0.99872
0	72	40	0.998719
1	72	11	0.998717
0	72	53	0.998717
0	72	33	0.998717
0	72	44	0.998717
0	72	59	0.998717
0	72	58	0.998716
0	72	60	0.998716
0	72	28	0.998716
0	72	70	0.998716
0	72	50	0.998716
0	72	47	0.998714
1	72	17	0.998714
1	72	20	0.998714
0	72	32	0.998714
0	72	37	0.998714
1	72	12	0.998714
1	72	24	0.998714
1	72	12	0.998713
0	72	57	0.998713
0	72	67	0.998713
0	72	45	0.998713
0	72	60	0.998713
0	72	44	0.998713
1	72	7	0.998713
0	72	70	0.998711
0	72	53	0.998711
1	72	25	0.998711
0	72	32	0.998711
1	72	24	0.998711
0	72	29	0.998711
0	72	60	0.998711
0	72	28	0.99871
0	72	30	0.99871
0	72	64	0.99871
0	72	55	0.99871
1	72	19	0.998708
1	72	12	0.998708
1	72	24	0.998708
1	72	11	0.998708
0	72	31	0.998707
0	72	32	0.998707
1	72	9	0.998707
0	72	42	0.998707
1	72	5	0.998707
1	72	14	0.998707
0	72	30	0.998707
0	72	69	0.998707
0	72	48	0.998707
0	72	61	0.998705
0	72	41	0.998705
1	72	24	0.998705
0	72	60	0.998705
0	72	65	0.998705
0	72	50	0.998704
0	72	50	0.998704
0	72	32	0.998702
0	72	42	0.998702
1	72	17	0.998702
0	72	42	0.998702
1	72	7	0.998701
0	72	68	0.998701
1	72	6	0.998701
1	72	14	0.998699
1	72	17	0.998699
1	72	14	0.998699
0	72	42	0.998699
1	72	23	0.998699
0	72	34	0.998699
1	72	5	0.998698
0	72	60	0.998698
0	72	26	0.998698
0	72	69	0.998696
0	72	44	0.998696
1	72	19	0.998696
0	72	43	0.998696
0	72	55	0.998696
0	72	49	0.998696
0	72	71	0.998696
0	72	44	0.998696
0	72	68	0.998695
1	72	8	0.998695
0	72	60	0.998695
0	72	50	0.998695
0	72	33	0.998693
1	72	8	0.998691
0	72	37	0.998691
1	72	19	0.998691
0	72	46	0.998691
1	72	24	0.998691
0	72	42	0.99869
0	72	50	0.99869
0	72	63	0.99869
0	72	58	0.99869
0	72	41	0.998688
1	72	10	0.998688
0	72	43	0.998688
0	72	59	0.998688
0	72	63	0.998687
1	72	20	0.998687
0	72	46	0.998687
0	72	31	0.998685
1	72	9	0.998685
0	72	61	0.998685
0	72	33	0.998685
1	72	23	0.998684
1	72	17	0.998684
0	72	38	0.998682
1	72	17	0.998682
1	72	22	0.998682
0	72	62	0.998682
0	72	53	0.998681
0	72	68	0.998681
1	72	13	0.998679
0	72	53	0.998679
0	72	43	0.998678
0	72	59	0.998678
0	72	50	0.998678
1	72	15	0.998678
1	72	25	0.998678
1	72	19	0.998678
0	72	42	0.998676
0	72	39	0.998676
1	72	12	0.998676
1	72	5	0.998676
0	72	40	0.998676
0	72	52	0.998676
0	72	27	0.998676
0	72	28	0.998675
0	72	70	0.998675
0	72	35	0.998675
1	72	13	0.998675
1	72	25	0.998672
0	72	28	0.998672
0	72	70	0.998672
0	72	50	0.998669
0	72	47	0.998669
0	72	50	0.998667
0	72	37	0.998667
1	72	7	0.998667
0	72	36	0.998667
0	72	55	0.998667
0	72	36	0.998667
0	72	30	0.998667
0	72	61	0.998667
1	72	20	0.998667
0	72	26	0.998667
0	72	59	0.998667
1	72	15	0.998665
0	72	55	0.998665
0	72	61	0.998665
0	72	46	0.998665
1	72	7	0.998664
0	72	33	0.998662
1	72	11	0.998662
0	72	38	0.998661
0	72	37	0.998661
0	72	46	0.998661
1	72	19	0.998661
0	72	33	0.998659
1	72	15	0.998659
0	72	30	0.998659
1	72	12	0.998659
1	72	17	0.998659
0	72	65	0.998659
0	72	54	0.998658
0	72	68	0.998658
1	72	8	0.998658
0	72	44	0.998658
0	72	34	0.998658
0	72	44	0.998658
0	72	70	0.998656
0	72	52	0.998655
1	72	7	0.998655
1	72	25	0.998655
0	72	56	0.998653
1	72	12	0.998652
0	72	53	0.998652
0	72	66	0.998652
0	72	26	0.998652
0	72	60	0.99865
0	72	61	0.99865
1	72	6	0.99865
1	72	7	0.99865
0	72	59	0.998649
1	72	21	0.998649
0	72	57	0.998649
1	72	10	0.998649
0	72	32	0.998649
1	72	19	0.998647
1	72	15	0.998647
0	72	56	0.998646
0	72	68	0.998646
0	72	26	0.998646
0	72	56	0.998646
0	72	52	0.998644
0	72	51	0.998643
1	72	10	0.998643
0	72	58	0.998643
0	72	67	0.998643
0	72	39	0.998641
0	72	38	0.998641
0	72	59	0.998641
1	72	6	0.998641
0	72	71	0.998641
0	72	69	0.998641
0	72	45	0.99864
0	72	61	0.998638
0	72	36	0.998638
0	72	50	0.998638
0	72	59	0.998638
0	72	33	0.998638
0	72	47	0.998638
0	72	34	0.998638
0	72	39	0.998636
1	72	7	0.998636
0	72	31	0.998635
0	72	43	0.998635
0	72	36	0.998635
0	72	65	0.998633
0	72	37	0.998633
0	72	30	0.998633
1	72	21	0.998633
0	72	35	0.998632
0	72	37	0.998632
1	72	25	0.998632
0	72	38	0.99863
1	72	9	0.99863
1	72	23	0.99863
1	72	20	0.99863
1	72	10	0.998629
0	72	62	0.998627
0	72	35	0.998627
0	72	50	0.998626
1	72	18	0.998626
0	72	35	0.998624
0	72	51	0.998624
0	72	67	0.998623
0	72	47	0.998621
0	72	65	0.998621
0	72	64	0.998621
0	72	26	0.998621
0	72	53	0.99862
0	72	57	0.99862
0	72	68	0.99862
0	72	61	0.99862
0	72	61	0.99862
0	72	41	0.998618
0	72	70	0.998618
0	72	60	0.998618
0	72	69	0.998618
1	72	18	0.998617
0	72	63	0.998617
0	72	68	0.998615
1	72	7	0.998615
0	72	38	0.998615
0	72	35	0.998615
0	72	41	0.998615
0	72	30	0.998614
1	72	7	0.998614
0	72	38	0.998614
0	72	63	0.998614
0	72	56	0.998614
1	72	13	0.998612
0	72	29	0.998612
1	72	18	0.998612
0	72	26	0.998612
1	72	15	0.99861
0	72	27	0.99861
0	72	68	0.99861
1	72	12	0.99861
0	72	54	0.998609
0	72	70	0.998609
0	72	63	0.998607
0	72	60	0.998607
1	72	16	0.998607
0	72	55	0.998607
0	72	67	0.998606
0	72	45	0.998606
0	72	33	0.998604
0	72	62	0.998604
1	72	11	0.998604
0	72	58	0.998603
1	72	15	0.998603
0	72	56	0.998603
1	72	17	0.998603
1	72	21	0.998603
0	72	41	0.998601
0	72	63	0.998601
0	72	71	0.998601
0	72	47	0.998601
0	72	69	0.9986
0	72	39	0.9986
1	72	6	0.9986
1	72	20	0.998598
1	72	9	0.998597
0	72	52	0.998597
1	72	14	0.998597
0	72	39	0.998597
0	72	56	0.998597
0	72	43	0.998597
0	72	30	0.998595
0	72	53	0.998594
1	72	5	0.998594
1	72	8	0.998594
0	72	32	0.998594
0	72	60	0.998592
0	72	26	0.998592
0	72	61	0.998592
0	72	53	0.998592
0	72	69	0.998591
0	72	59	0.998591
1	72	16	0.998591
1	72	24	0.998591
0	72	45	0.998589
1	72	18	0.998589
0	72	71	0.998588
1	72	6	0.998588
0	72	41	0.998586
0	72	32	0.998586
1	72	11	0.998586
1	72	6	0.998586
0	72	45	0.998585
1	72	23	0.998585
1	72	8	0.998585
0	72	37	0.998585
0	72	41	0.998585
0	72	46	0.998583
1	72	14	0.998581
1	72	25	0.998581
0	72	26	0.998581
0	72	69	0.998581
1	72	6	0.998581
0	72	45	0.99858
1	72	21	0.99858
0	72	57	0.998578
0	72	70	0.998578
1	72	8	0.998578
1	72	21	0.998578
0	72	51	0.998578
0	72	59	0.998577
0	72	53	0.998577
1	72	11	0.998577
1	72	23	0.998577
0	72	63	0.998577
1	72	23	0.998575
0	72	59	0.998575
0	72	46	0.998575
0	72	38	0.998574
0	72	41	0.998572
0	72	58	0.998572
0	72	41	0.998572
0	72	32	0.998572
1	72	17	0.998572
0	72	53	0.998571
0	72	58	0.998571
1	72	17	0.998568
1	72	23	0.998568
1	72	13	0.998568
0	72	68	0.998568
0	72	46	0.998568
0	72	55	0.998566
0	72	57	0.998566
0	72	63	0.998566
0	72	33	0.998566
1	72	15	0.998566
1	72	20	0.998566
1	72	22	0.998563
0	72	59	0.998563
0	72	25	0.998562
1	72	8	0.998562
0	72	61	0.998562
0	72	36	0.998562
0	72	57	0.998562
0	72	38	0.99856
0	72	48	0.99856
0	72	46	0.99856
1	72	11	0.99856
1	72	5	0.99856
1	72	14	0.99856
1	72	21	0.99856
1	72	22	0.998559
0	72	34	0.998559
1	72	11	0.998559
0	72	28	0.998559
0	72	69	0.998559
0	72	25	0.998559
1	72	15	0.998557
1	72	23	0.998555
0	72	28	0.998555
0	72	64	0.998554
1	72	23	0.998554
0	72	60	0.998552
0	72	50	0.998552
0	72	44	0.998552
0	72	30	0.998551
0	72	51	0.998551
0	72	40	0.998551
1	72	5	0.998549
0	72	67	0.998548
0	72	63	0.998548
0	72	47	0.998548
0	72	36	0.998548
0	72	44	0.998546
0	72	70	0.998545
0	72	62	0.998545
0	72	51	0.998545
0	72	53	0.998543
1	72	11	0.998543
0	72	50	0.998543
0	72	60	0.998542
0	72	57	0.998542
1	72	22	0.998542
0	72	60	0.998542
0	72	62	0.998542
0	72	53	0.99854
0	72	60	0.99854
0	72	37	0.998539
0	72	34	0.998539
1	72	20	0.998539
1	72	7	0.998539
0	72	70	0.998539
0	72	51	0.998539
0	72	44	0.998537
0	72	31	0.998537
0	72	32	0.998536
0	72	53	0.998536
0	72	32	0.998534
0	72	58	0.998534
0	72	55	0.998534
0	72	26	0.998534
0	72	38	0.998534
0	72	56	0.998534
1	72	14	0.998534
0	72	66	0.998533
0	72	26	0.998533
0	72	35	0.998531
0	72	43	0.998531
1	72	22	0.998531
0	72	65	0.998531
0	72	30	0.998531
0	72	50	0.99853
0	72	57	0.99853
1	72	10	0.99853
0	72	27	0.998528
0	72	52	0.998528
0	72	68	0.998528
0	72	67	0.998528
1	72	23	0.998528
0	72	33	0.998525
1	72	12	0.998525
0	72	25	0.998523
0	72	28	0.998523
1	72	8	0.998523
0	72	59	0.998523
1	72	9	0.998523
1	72	23	0.998523
0	72	66	0.998523
1	72	10	0.998523
0	72	35	0.998522
0	72	67	0.998522
0	72	32	0.998522
0	72	25	0.99852
0	72	25	0.99852
0	72	51	0.99852
1	72	24	0.99852
0	72	27	0.99852
0	72	40	0.998519
0	72	33	0.998519
1	72	20	0.998519
0	72	53	0.998519
0	72	41	0.998517
0	72	46	0.998517
0	72	32	0.998516
1	72	7	0.998516
1	72	15	0.998516
0	72	26	0.998514
0	72	52	0.998514
0	72	62	0.998514
1	72	8	0.998514
0	72	60	0.998513
0	72	66	0.998513
0	72	64	0.998511
1	72	10	0.998511
1	72	24	0.99851
0	72	48	0.99851
0	72	39	0.99851
1	72	21	0.998507
0	72	30	0.998507
1	72	9	0.998505
0	72	43	0.998505
0	72	37	0.998505
0	72	31	0.998505
1	72	15	0.998505
1	72	9	0.998505
1	72	7	0.998504
1	72	11	0.998504
0	72	56	0.998504
0	72	68	0.998504
0	72	46	0.998504
0	72	38	0.998502
0	72	32	0.998501
0	72	57	0.998501
0	72	41	0.998501
0	72	49	0.998499
1	72	22	0.998499
1	72	5	0.998499
0	72	34	0.998499
0	72	27	0.998497
0	72	67	0.998497
0	72	29	0.998497
0	72	38	0.998497
0	72	62	0.998497
0	72	25	0.998496
0	72	44	0.998496
0	72	51	0.998496
1	72	14	0.998496
0	72	49	0.998496
0	72	27	0.998494
0	72	66	0.998494
1	72	14	0.998493
0	72	58	0.998493
0	72	54	0.998491
0	72	39	0.998491
0	72	62	0.998491
0	72	58	0.998491
0	72	54	0.998491
0	72	50	0.998491
1	72	14	0.99849
0	72	33	0.99849
1	72	10	0.998488
0	72	60	0.998487
1	72	11	0.998487
1	72	24	0.998487
0	72	28	0.998487
0	72	38	0.998485
0	72	34	0.998485
1	72	11	0.998485
0	72	61	0.998485
1	72	16	0.998485
0	72	67	0.998484
0	72	50	0.998484
0	72	69	0.998484
1	72	8	0.998484
0	72	35	0.998484
0	72	70	0.998484
0	72	55	0.998482
0	72	68	0.998482
0	72	27	0.998482
1	72	20	0.998482
0	72	63	0.998481
0	72	37	0.998481
1	72	11	0.998481
0	72	71	0.998481
0	72	51	0.998481
0	72	31	0.998481
0	72	57	0.998479
0	72	50	0.998479
0	72	50	0.998478
0	72	26	0.998478
0	72	42	0.998478
1	72	17	0.998478
0	72	40	0.998478
0	72	53	0.998478
0	72	71	0.998478
0	72	44	0.998476
0	72	50	0.998476
0	72	56	0.998476
1	72	11	0.998476
0	72	40	0.998476
0	72	46	0.998475
0	72	64	0.998475
0	72	34	0.998475
0	72	59	0.998475
0	72	63	0.998473
1	72	21	0.998473
0	72	34	0.998473
1	72	9	0.998473
0	72	31	0.998473
0	72	61	0.998473
0	72	55	0.998473
0	72	38	0.998473
1	72	17	0.998471
0	72	35	0.998471
0	72	25	0.998471
0	72	33	0.998471
0	72	34	0.998471
1	72	11	0.998471
0	72	30	0.998471
