457029
6.08241
4500
1	493	397	0.999999
1	493	350	0.999999
1	493	319	0.999999
1	493	277	0.999999
1	493	228	0.999999
1	493	104	0.999999
1	493	346	0.999999
1	493	318	0.999999
1	493	149	0.999997
1	493	26	0.999997
1	493	380	0.999997
1	493	171	0.999996
1	493	418	0.999996
1	493	412	0.999996
1	493	145	0.999996
1	493	323	0.999995
1	493	292	0.999995
1	493	235	0.999995
1	493	83	0.999995
0	493	489	0.999993
1	493	346	0.999993
1	493	126	0.999993
1	493	353	0.999992
1	493	98	0.999992
1	493	52	0.999992
1	493	250	0.999992
1	493	384	0.999992
1	493	136	0.99999
1	493	427	0.99999
1	493	59	0.99999
1	493	261	0.99999
1	493	379	0.99999
1	493	299	0.99999
1	493	268	0.999989
1	493	117	0.999988
1	493	456	0.999988
1	493	464	0.999986
1	493	220	0.999986
1	493	379	0.999986
1	493	256	0.999986
1	493	147	0.999986
1	493	472	0.999986
1	493	78	0.999986
1	493	267	0.999986
1	493	459	0.999986
1	493	69	0.999986
1	493	161	0.999985
1	493	148	0.999985
1	493	361	0.999985
1	493	236	0.999985
1	493	218	0.999985
1	493	254	0.999985
1	493	428	0.999985
1	493	92	0.999985
1	493	359	0.999984
1	493	194	0.999984
1	493	320	0.999984
1	493	465	0.999982
1	493	88	0.999982
1	493	164	0.999981
0	493	485	0.999981
1	493	412	0.999979
1	493	155	0.999979
0	493	483	0.999979
1	493	294	0.999978
1	493	43	0.999978
1	493	425	0.999978
1	493	32	0.999977
1	493	100	0.999975
1	493	355	0.999975
1	493	75	0.999975
1	493	348	0.999975
1	493	25	0.999974
1	493	278	0.999974
1	493	73	0.999974
0	493	486	0.999974
1	493	449	0.999974
1	493	136	0.999974
1	493	149	0.999974
1	493	137	0.999973
1	493	468	0.999973
0	493	489	0.999973
1	493	75	0.999973
1	493	398	0.999971
1	493	308	0.999971
0	493	490	0.99997
1	493	114	0.99997
1	493	63	0.99997
1	493	65	0.99997
1	493	240	0.999968
1	493	429	0.999968
1	493	293	0.999968
1	493	448	0.999968
1	493	320	0.999966
1	493	265	0.999966
1	493	45	0.999966
1	493	372	0.999966
1	493	398	0.999966
1	493	350	0.999964
1	493	128	0.999964
0	493	492	0.999964
1	493	67	0.999964
0	493	487	0.999963
1	493	465	0.999963
1	493	315	0.999963
1	493	255	0.999963
1	493	376	0.999963
1	493	403	0.999962
1	493	274	0.99996
1	493	42	0.999959
1	493	398	0.999959
0	493	480	0.999959
0	493	464	0.999959
1	493	151	0.999958
1	493	178	0.999958
1	493	184	0.999958
1	493	119	0.999958
1	493	179	0.999958
1	493	48	0.999958
1	493	67	0.999956
1	493	407	0.999956
1	493	260	0.999956
1	493	348	0.999956
1	493	115	0.999956
1	493	286	0.999956
1	493	192	0.999955
1	493	29	0.999955
1	493	143	0.999955
1	493	307	0.999955
0	493	462	0.999955
1	493	193	0.999953
1	493	288	0.999953
1	493	282	0.999953
1	493	283	0.999953
1	493	392	0.999953
1	493	81	0.999952
1	493	429	0.999952
1	493	317	0.999952
1	493	310	0.999952
1	493	313	0.999951
0	493	474	0.999951
0	493	464	0.999951
1	493	247	0.999951
1	493	149	0.999951
1	493	24	0.999949
1	493	303	0.999949
1	493	224	0.999949
1	493	249	0.999949
0	493	492	0.999949
1	493	94	0.999949
1	493	356	0.999949
1	493	450	0.999948
1	493	317	0.999948
1	493	89	0.999948
1	493	141	0.999948
1	493	60	0.999948
1	493	284	0.999948
0	493	476	0.999948
1	493	411	0.999947
1	493	120	0.999947
1	493	412	0.999945
1	493	78	0.999945
0	493	477	0.999945
1	493	34	0.999944
1	493	281	0.999944
1	493	280	0.999944
0	493	471	0.999944
1	493	369	0.999944
1	493	79	0.999944
1	493	338	0.999944
1	493	214	0.999942
1	493	181	0.999942
1	493	23	0.999942
1	493	24	0.999942
1	493	419	0.999942
1	493	292	0.999942
1	493	277	0.999942
1	493	350	0.999941
1	493	254	0.999941
1	493	196	0.999941
1	493	29	0.999941
1	493	204	0.99994
1	493	46	0.99994
1	493	324	0.99994
1	493	323	0.99994
1	493	82	0.999938
1	493	231	0.999938
1	493	204	0.999938
1	493	378	0.999937
1	493	30	0.999937
1	493	39	0.999936
1	493	106	0.999936
1	493	334	0.999936
1	493	376	0.999936
1	493	61	0.999936
1	493	373	0.999936
1	493	218	0.999934
1	493	273	0.999934
1	493	65	0.999934
1	493	115	0.999934
1	493	232	0.999934
0	493	469	0.999933
0	493	479	0.999933
1	493	396	0.999933
1	493	299	0.999933
1	493	75	0.999931
1	493	288	0.999931
1	493	285	0.999931
1	493	403	0.999931
1	493	246	0.999931
1	493	32	0.999931
1	493	371	0.999929
1	493	263	0.999929
1	493	348	0.999929
1	493	412	0.999929
0	493	450	0.999927
1	493	138	0.999927
1	493	424	0.999927
1	493	61	0.999927
1	493	46	0.999926
1	493	120	0.999926
1	493	412	0.999926
1	493	190	0.999925
1	493	332	0.999925
1	493	316	0.999925
1	493	413	0.999925
1	493	32	0.999925
1	493	278	0.999923
0	493	457	0.999923
1	493	306	0.999923
1	493	135	0.999923
0	493	484	0.999922
1	493	183	0.999922
1	493	24	0.999922
0	493	448	0.999922
1	493	327	0.999921
1	493	422	0.999921
1	493	26	0.999921
1	493	391	0.999921
1	493	125	0.999921
1	493	24	0.999921
1	493	297	0.999921
1	493	145	0.999919
1	493	157	0.999919
1	493	227	0.999919
0	493	479	0.999919
1	493	103	0.999919
1	493	377	0.999918
0	493	443	0.999918
1	493	260	0.999918
1	493	356	0.999916
0	493	465	0.999916
0	493	436	0.999916
1	493	407	0.999916
1	493	348	0.999916
1	493	29	0.999915
1	493	177	0.999914
1	493	419	0.999914
1	493	208	0.999914
1	493	260	0.999914
1	493	310	0.999914
1	493	309	0.999912
0	493	492	0.999912
1	493	279	0.999912
1	493	386	0.999912
1	493	79	0.999912
1	493	229	0.999912
1	493	323	0.999911
0	493	485	0.999911
1	493	321	0.999911
1	493	186	0.999911
1	493	401	0.999911
1	493	179	0.999911
1	493	146	0.999911
1	493	375	0.999911
1	493	169	0.99991
1	493	227	0.99991
1	493	374	0.99991
1	493	385	0.99991
1	493	159	0.99991
1	493	124	0.99991
1	493	396	0.99991
1	493	409	0.99991
0	493	449	0.99991
1	493	363	0.99991
1	493	243	0.999908
1	493	153	0.999908
1	493	401	0.999908
1	493	273	0.999907
1	493	316	0.999907
1	493	196	0.999907
1	493	43	0.999905
1	493	36	0.999905
1	493	147	0.999905
1	493	422	0.999904
1	493	415	0.999904
1	493	355	0.999904
1	493	119	0.999904
1	493	390	0.999904
0	493	469	0.999904
0	493	464	0.999903
1	493	248	0.999903
1	493	69	0.999903
1	493	194	0.999903
1	493	279	0.999903
1	493	166	0.999903
1	493	287	0.999903
1	493	320	0.999901
1	493	301	0.999901
0	493	460	0.999901
1	493	191	0.999901
1	493	167	0.999901
1	493	227	0.9999
0	493	424	0.9999
1	493	144	0.999899
1	493	234	0.999899
0	493	487	0.999899
1	493	368	0.999899
1	493	333	0.999899
1	493	182	0.999899
0	493	436	0.999899
0	493	437	0.999899
1	493	91	0.999899
1	493	330	0.999897
1	493	25	0.999897
1	493	141	0.999897
1	493	341	0.999897
1	493	161	0.999897
1	493	52	0.999897
1	493	162	0.999896
1	493	166	0.999896
1	493	291	0.999896
1	493	277	0.999896
1	493	407	0.999896
1	493	85	0.999896
1	493	391	0.999894
0	493	442	0.999894
0	493	484	0.999894
1	493	54	0.999894
1	493	136	0.999894
1	493	294	0.999893
1	493	24	0.999893
1	493	345	0.999893
1	493	373	0.999892
1	493	199	0.999892
1	493	37	0.999892
0	493	436	0.99989
1	493	382	0.99989
1	493	274	0.99989
1	493	154	0.999889
1	493	230	0.999889
0	493	419	0.999889
0	493	416	0.999889
1	493	135	0.999888
1	493	226	0.999888
1	493	311	0.999888
1	493	117	0.999888
0	493	466	0.999886
0	493	459	0.999886
1	493	195	0.999886
1	493	340	0.999886
1	493	392	0.999886
1	493	339	0.999885
1	493	40	0.999885
0	493	464	0.999885
1	493	96	0.999885
1	493	231	0.999885
1	493	359	0.999884
1	493	183	0.999884
1	493	109	0.999884
1	493	100	0.999884
1	493	326	0.999884
1	493	304	0.999882
1	493	351	0.999882
0	493	434	0.999882
1	493	343	0.999882
1	493	309	0.999881
1	493	49	0.999881
0	493	410	0.999879
1	493	334	0.999879
0	493	417	0.999879
0	493	480	0.999879
1	493	125	0.999879
1	493	377	0.999878
1	493	366	0.999878
1	493	220	0.999878
1	493	320	0.999878
0	493	472	0.999878
1	493	99	0.999878
1	493	300	0.999877
1	493	331	0.999877
1	493	112	0.999877
1	493	388	0.999877
1	493	171	0.999877
1	493	331	0.999877
1	493	168	0.999877
1	493	121	0.999877
1	493	277	0.999875
1	493	293	0.999875
1	493	401	0.999875
1	493	300	0.999875
1	493	228	0.999875
1	493	323	0.999875
1	493	357	0.999873
0	493	431	0.999873
1	493	264	0.999873
1	493	243	0.999871
1	493	244	0.999871
1	493	342	0.999871
1	493	142	0.99987
1	493	228	0.99987
1	493	96	0.99987
0	493	452	0.99987
1	493	57	0.999868
1	493	121	0.999868
0	493	427	0.999868
1	493	400	0.999868
1	493	104	0.999868
0	493	470	0.999868
0	493	478	0.999867
1	493	266	0.999867
1	493	296	0.999867
1	493	154	0.999867
1	493	343	0.999867
1	493	235	0.999867
1	493	172	0.999867
0	493	439	0.999866
1	493	188	0.999866
1	493	213	0.999864
1	493	269	0.999864
1	493	195	0.999864
1	493	78	0.999863
0	493	429	0.999863
0	493	435	0.999863
1	493	195	0.999863
0	493	482	0.999863
1	493	226	0.999862
0	493	485	0.999862
1	493	173	0.999862
1	493	79	0.999862
1	493	284	0.999862
0	493	429	0.99986
1	493	149	0.99986
0	493	485	0.99986
1	493	272	0.99986
1	493	204	0.99986
1	493	355	0.99986
1	493	306	0.99986
1	493	157	0.999859
1	493	185	0.999859
1	493	50	0.999859
1	493	388	0.999859
1	493	161	0.999857
1	493	23	0.999857
1	493	80	0.999857
1	493	90	0.999857
1	493	392	0.999856
1	493	251	0.999856
1	493	287	0.999856
0	493	487	0.999855
0	493	460	0.999855
1	493	73	0.999855
1	493	134	0.999853
1	493	269	0.999853
0	493	462	0.999853
1	493	216	0.999852
1	493	167	0.999852
1	493	263	0.999852
1	493	175	0.999852
1	493	137	0.999852
1	493	373	0.999852
1	493	294	0.999851
1	493	130	0.999851
1	493	102	0.999851
0	493	490	0.999849
0	493	470	0.999849
1	493	156	0.999849
1	493	139	0.999849
1	493	359	0.999849
1	493	279	0.999849
0	493	456	0.999849
0	493	459	0.999848
1	493	362	0.999847
1	493	375	0.999847
1	493	176	0.999847
0	493	443	0.999847
1	493	302	0.999847
1	493	340	0.999847
1	493	175	0.999847
1	493	166	0.999847
1	493	67	0.999847
1	493	223	0.999845
0	493	396	0.999845
1	493	256	0.999845
1	493	253	0.999845
1	493	284	0.999845
0	493	419	0.999845
1	493	248	0.999845
1	493	68	0.999844
1	493	318	0.999844
1	493	171	0.999844
1	493	307	0.999844
1	493	361	0.999844
0	493	407	0.999844
1	493	247	0.999842
0	493	436	0.999842
1	493	369	0.999842
1	493	38	0.999842
1	493	344	0.999842
1	493	211	0.999841
1	493	214	0.999841
1	493	372	0.999841
0	493	459	0.99984
1	493	186	0.999838
0	493	467	0.999838
1	493	264	0.999838
1	493	376	0.999838
1	493	148	0.999837
1	493	349	0.999837
1	493	68	0.999837
1	493	47	0.999837
0	493	419	0.999837
1	493	347	0.999836
1	493	266	0.999836
1	493	47	0.999836
1	493	161	0.999836
1	493	201	0.999836
1	493	110	0.999836
1	493	124	0.999836
1	493	381	0.999834
1	493	237	0.999834
1	493	314	0.999834
1	493	306	0.999833
1	493	258	0.999833
1	493	170	0.999833
0	493	457	0.999831
1	493	195	0.99983
1	493	175	0.99983
1	493	228	0.99983
1	493	314	0.99983
1	493	173	0.99983
1	493	226	0.99983
1	493	200	0.999829
1	493	73	0.999829
0	493	399	0.999829
0	493	380	0.999829
1	493	260	0.999829
1	493	102	0.999829
1	493	323	0.999829
1	493	162	0.999827
1	493	285	0.999827
0	493	396	0.999826
1	493	65	0.999826
0	493	394	0.999826
1	493	243	0.999826
0	493	426	0.999825
1	493	213	0.999825
1	493	226	0.999825
1	493	356	0.999825
0	493	390	0.999825
1	493	171	0.999825
1	493	82	0.999825
1	493	172	0.999825
1	493	203	0.999825
1	493	277	0.999823
0	493	477	0.999823
0	493	443	0.999823
0	493	388	0.999823
1	493	200	0.999822
1	493	238	0.999822
1	493	275	0.999822
1	493	78	0.999822
0	493	490	0.999822
1	493	320	0.999822
1	493	168	0.99982
1	493	302	0.99982
0	493	419	0.99982
1	493	190	0.99982
1	493	37	0.99982
0	493	408	0.999819
1	493	69	0.999819
1	493	155	0.999819
1	493	30	0.999819
0	493	421	0.999818
1	493	112	0.999818
1	493	164	0.999818
1	493	220	0.999816
1	493	28	0.999816
0	493	458	0.999816
1	493	179	0.999815
1	493	282	0.999815
1	493	27	0.999815
1	493	42	0.999814
1	493	252	0.999814
1	493	328	0.999814
0	493	491	0.999814
1	493	336	0.999814
0	493	388	0.999814
0	493	415	0.999812
1	493	82	0.999812
1	493	172	0.999812
1	493	357	0.999812
1	493	369	0.999812
1	493	144	0.999812
0	493	397	0.999811
1	493	223	0.999811
1	493	346	0.99981
1	493	341	0.99981
1	493	255	0.99981
1	493	131	0.999808
0	493	381	0.999808
0	493	413	0.999808
0	493	427	0.999807
0	493	412	0.999807
1	493	165	0.999807
0	493	394	0.999807
0	493	368	0.999805
1	493	249	0.999805
1	493	309	0.999805
1	493	279	0.999805
1	493	201	0.999804
1	493	41	0.999804
1	493	337	0.999804
1	493	74	0.999804
0	493	454	0.999803
1	493	200	0.999803
1	493	164	0.999803
1	493	253	0.999803
1	493	104	0.999801
1	493	87	0.999801
0	493	454	0.999801
0	493	454	0.999801
1	493	33	0.999801
1	493	353	0.999801
1	493	38	0.999801
0	493	449	0.9998
1	493	316	0.9998
1	493	157	0.9998
1	493	218	0.9998
1	493	249	0.9998
1	493	42	0.9998
1	493	135	0.9998
1	493	235	0.9998
1	493	296	0.999799
1	493	113	0.999799
0	493	381	0.999799
1	493	139	0.999799
1	493	267	0.999797
1	493	38	0.999796
1	493	127	0.999796
0	493	392	0.999796
1	493	340	0.999794
1	493	199	0.999794
1	493	275	0.999794
1	493	125	0.999794
1	493	237	0.999794
1	493	95	0.999794
1	493	153	0.999794
1	493	89	0.999794
1	493	140	0.999793
1	493	151	0.999793
1	493	316	0.999793
0	493	393	0.999793
1	493	300	0.999793
1	493	245	0.999793
0	493	374	0.999792
1	493	340	0.999792
1	493	244	0.999792
1	493	359	0.999792
1	493	90	0.999792
1	493	264	0.999792
0	493	438	0.99979
1	493	111	0.99979
0	493	369	0.99979
0	493	434	0.999789
1	493	210	0.999789
1	493	294	0.999789
1	493	175	0.999789
0	493	381	0.999788
1	493	285	0.999788
1	493	121	0.999788
1	493	334	0.999788
0	493	399	0.999786
1	493	120	0.999786
1	493	224	0.999786
1	493	308	0.999786
0	493	472	0.999786
1	493	83	0.999785
1	493	96	0.999785
0	493	408	0.999785
1	493	290	0.999785
1	493	340	0.999785
0	493	448	0.999784
0	493	375	0.999784
1	493	54	0.999784
1	493	86	0.999784
1	493	302	0.999784
1	493	204	0.999784
1	493	278	0.999782
1	493	208	0.999782
1	493	296	0.999782
1	493	274	0.999781
1	493	91	0.999781
1	493	36	0.999781
1	493	40	0.999781
0	493	415	0.999781
1	493	48	0.999779
0	493	392	0.999779
1	493	160	0.999778
1	493	23	0.999778
1	493	121	0.999778
1	493	113	0.999777
1	493	44	0.999777
1	493	25	0.999777
1	493	122	0.999777
0	493	367	0.999777
1	493	234	0.999777
1	493	141	0.999777
0	493	450	0.999775
1	493	47	0.999775
0	493	367	0.999774
0	493	390	0.999774
1	493	212	0.999774
0	493	475	0.999773
1	493	193	0.999773
1	493	301	0.999773
1	493	276	0.999773
0	493	466	0.999773
1	493	31	0.999771
1	493	32	0.999771
1	493	100	0.999771
0	493	365	0.999771
1	493	123	0.999771
1	493	310	0.999771
1	493	27	0.99977
0	493	383	0.99977
1	493	214	0.99977
0	493	383	0.99977
1	493	262	0.99977
0	493	442	0.99977
1	493	55	0.99977
0	493	413	0.999768
0	493	407	0.999768
1	493	280	0.999768
0	493	414	0.999768
0	493	482	0.999767
0	493	401	0.999767
1	493	122	0.999767
1	493	220	0.999767
0	493	381	0.999766
1	493	159	0.999764
1	493	215	0.999764
1	493	221	0.999764
0	493	365	0.999764
1	493	310	0.999763
0	493	417	0.999763
0	493	379	0.999763
1	493	179	0.999763
1	493	40	0.999763
1	493	320	0.999762
1	493	327	0.999762
1	493	42	0.999762
1	493	25	0.999762
1	493	301	0.99976
1	493	226	0.99976
1	493	93	0.99976
1	493	151	0.99976
0	493	393	0.99976
0	493	475	0.999759
1	493	87	0.999759
1	493	203	0.999759
1	493	172	0.999759
1	493	316	0.999759
1	493	210	0.999759
0	493	443	0.999759
1	493	309	0.999759
1	493	243	0.999759
0	493	414	0.999757
1	493	60	0.999757
1	493	39	0.999757
1	493	246	0.999756
0	493	347	0.999756
1	493	77	0.999756
1	493	154	0.999756
1	493	106	0.999756
0	493	471	0.999756
1	493	301	0.999755
1	493	86	0.999755
0	493	373	0.999755
1	493	243	0.999753
1	493	314	0.999753
0	493	391	0.999753
1	493	247	0.999753
0	493	388	0.999752
0	493	397	0.999751
1	493	176	0.999748
0	493	435	0.999748
1	493	250	0.999748
1	493	222	0.999748
0	493	484	0.999748
1	493	122	0.999748
1	493	158	0.999747
1	493	247	0.999747
1	493	181	0.999747
1	493	156	0.999747
1	493	221	0.999747
0	493	456	0.999747
1	493	239	0.999747
0	493	387	0.999745
1	493	84	0.999745
1	493	160	0.999745
0	493	429	0.999745
1	493	138	0.999745
1	493	227	0.999744
0	493	398	0.999744
1	493	135	0.999744
1	493	245	0.999742
0	493	345	0.999742
1	493	240	0.999742
1	493	276	0.999742
1	493	88	0.999742
1	493	230	0.999742
1	493	108	0.999742
1	493	177	0.999741
0	493	414	0.999741
0	493	336	0.999741
1	493	333	0.999741
1	493	271	0.999741
1	493	172	0.99974
1	493	311	0.99974
0	493	464	0.99974
1	493	143	0.99974
0	493	412	0.99974
1	493	208	0.99974
1	493	292	0.999738
1	493	155	0.999738
1	493	67	0.999738
1	493	60	0.999738
1	493	228	0.999737
1	493	265	0.999737
1	493	76	0.999737
0	493	444	0.999737
1	493	185	0.999737
0	493	375	0.999736
1	493	38	0.999736
1	493	300	0.999736
0	493	474	0.999736
1	493	297	0.999736
0	493	440	0.999736
1	493	74	0.999736
1	493	269	0.999734
1	493	137	0.999734
1	493	46	0.999734
1	493	108	0.999734
0	493	386	0.999734
1	493	144	0.999734
1	493	214	0.999733
1	493	158	0.999733
1	493	303	0.999733
1	493	158	0.999733
1	493	309	0.999733
0	493	460	0.999733
1	493	107	0.999733
1	493	156	0.999733
1	493	323	0.999731
1	493	278	0.999731
1	493	248	0.999731
1	493	283	0.999731
1	493	108	0.999731
0	493	370	0.99973
1	493	235	0.99973
1	493	205	0.99973
0	493	440	0.99973
0	493	458	0.99973
1	493	156	0.999729
0	493	485	0.999729
1	493	309	0.999729
0	493	475	0.999729
0	493	401	0.999729
1	493	93	0.999727
1	493	99	0.999727
1	493	301	0.999727
1	493	29	0.999727
1	493	191	0.999727
1	493	86	0.999726
0	493	492	0.999726
1	493	54	0.999726
0	493	388	0.999726
1	493	39	0.999726
0	493	375	0.999726
1	493	185	0.999725
0	493	352	0.999725
1	493	301	0.999725
0	493	443	0.999723
0	493	397	0.999723
0	493	432	0.999723
1	493	276	0.999723
0	493	400	0.999722
1	493	254	0.999722
1	493	203	0.999722
1	493	111	0.99972
1	493	106	0.99972
1	493	24	0.99972
1	493	87	0.999719
0	493	418	0.999719
1	493	292	0.999719
1	493	178	0.999719
0	493	461	0.999718
1	493	79	0.999718
0	493	446	0.999718
1	493	96	0.999718
1	493	260	0.999718
1	493	270	0.999718
0	493	488	0.999718
0	493	392	0.999718
1	493	188	0.999716
1	493	146	0.999716
1	493	83	0.999716
1	493	177	0.999715
1	493	108	0.999715
1	493	61	0.999715
0	493	411	0.999715
0	493	466	0.999714
1	493	237	0.999714
1	493	86	0.999714
1	493	200	0.999712
1	493	236	0.999712
1	493	36	0.999712
1	493	33	0.999712
1	493	278	0.999711
1	493	314	0.999711
1	493	50	0.999711
1	493	238	0.99971
1	493	59	0.99971
1	493	311	0.99971
1	493	280	0.99971
0	493	337	0.999708
0	493	398	0.999708
1	493	56	0.999708
1	493	152	0.999708
1	493	154	0.999707
0	493	347	0.999707
1	493	101	0.999705
1	493	31	0.999705
1	493	59	0.999705
0	493	399	0.999705
1	493	180	0.999704
0	493	442	0.999704
1	493	182	0.999704
1	493	111	0.999704
1	493	122	0.999704
1	493	300	0.999703
1	493	95	0.999701
1	493	171	0.999701
0	493	334	0.999701
1	493	186	0.999701
0	493	365	0.999701
0	493	329	0.9997
0	493	402	0.9997
0	493	347	0.9997
1	493	25	0.9997
0	493	400	0.9997
0	493	423	0.9997
1	493	211	0.9997
1	493	90	0.9997
1	493	26	0.999699
1	493	198	0.999699
1	493	46	0.999697
1	493	121	0.999697
1	493	270	0.999697
1	493	271	0.999697
1	493	206	0.999697
1	493	197	0.999697
0	493	438	0.999697
0	493	351	0.999697
0	493	327	0.999697
1	493	144	0.999696
1	493	283	0.999696
0	493	376	0.999696
0	493	470	0.999696
1	493	84	0.999696
0	493	346	0.999696
1	493	257	0.999696
1	493	72	0.999694
0	493	319	0.999694
0	493	466	0.999694
0	493	372	0.999694
0	493	455	0.999694
1	493	196	0.999693
1	493	235	0.999693
0	493	359	0.999693
1	493	302	0.999693
1	493	161	0.999693
0	493	323	0.999693
1	493	288	0.999693
0	493	475	0.999692
1	493	170	0.999692
1	493	93	0.999692
1	493	105	0.999692
1	493	148	0.999692
1	493	112	0.999692
1	493	158	0.999692
0	493	423	0.999692
1	493	132	0.99969
0	493	356	0.99969
1	493	49	0.99969
0	493	322	0.99969
1	493	168	0.99969
1	493	90	0.999689
1	493	206	0.999689
1	493	45	0.999689
1	493	90	0.999689
0	493	415	0.999688
0	493	359	0.999688
1	493	154	0.999688
1	493	191	0.999688
1	493	169	0.999688
1	493	170	0.999688
1	493	82	0.999688
1	493	288	0.999686
1	493	264	0.999686
0	493	379	0.999686
0	493	487	0.999686
1	493	44	0.999685
1	493	269	0.999685
0	493	368	0.999685
1	493	72	0.999683
1	493	41	0.999683
0	493	346	0.999683
1	493	89	0.999683
1	493	206	0.999683
1	493	65	0.999682
0	493	322	0.999682
0	493	353	0.999682
1	493	101	0.999682
0	493	448	0.999681
0	493	437	0.999681
1	493	64	0.999681
1	493	181	0.999681
0	493	378	0.999681
0	493	482	0.999679
1	493	111	0.999679
0	493	465	0.999679
0	493	308	0.999679
1	493	169	0.999678
0	493	397	0.999678
1	493	102	0.999678
0	493	481	0.999678
0	493	360	0.999678
1	493	95	0.999677
0	493	326	0.999675
1	493	172	0.999675
0	493	434	0.999675
1	493	52	0.999675
1	493	133	0.999675
0	493	311	0.999674
1	493	97	0.999674
0	493	428	0.999674
1	493	44	0.999674
1	493	260	0.999674
0	493	313	0.999674
1	493	243	0.999674
1	493	200	0.999673
0	493	444	0.999673
0	493	457	0.999671
1	493	290	0.999671
1	493	298	0.999671
1	493	129	0.999671
1	493	253	0.999671
0	493	357	0.999671
1	493	75	0.999671
1	493	248	0.99967
0	493	392	0.99967
0	493	387	0.99967
1	493	226	0.99967
1	493	185	0.99967
1	493	145	0.99967
1	493	155	0.999668
1	493	157	0.999668
0	493	375	0.999668
1	493	125	0.999667
1	493	239	0.999667
1	493	145	0.999667
1	493	203	0.999667
0	493	356	0.999667
1	493	152	0.999667
1	493	269	0.999667
1	493	29	0.999666
0	493	440	0.999666
0	493	334	0.999666
0	493	491	0.999666
1	493	302	0.999666
1	493	106	0.999664
0	493	429	0.999664
0	493	341	0.999664
1	493	182	0.999664
1	493	111	0.999664
1	493	285	0.999664
0	493	370	0.999663
0	493	438	0.999663
0	493	338	0.999663
1	493	39	0.999663
1	493	270	0.999663
0	493	358	0.999663
1	493	233	0.999662
0	493	329	0.999662
1	493	236	0.999662
1	493	300	0.999662
0	493	471	0.99966
1	493	168	0.99966
1	493	300	0.999659
0	493	351	0.999659
1	493	235	0.999659
1	493	96	0.999659
1	493	163	0.999659
1	493	154	0.999659
0	493	492	0.999659
1	493	201	0.999657
0	493	445	0.999657
1	493	262	0.999657
1	493	174	0.999656
1	493	63	0.999656
0	493	411	0.999655
0	493	343	0.999655
0	493	325	0.999653
1	493	139	0.999653
1	493	114	0.999653
1	493	23	0.999653
1	493	110	0.999652
1	493	258	0.999652
1	493	97	0.999652
0	493	355	0.999652
1	493	293	0.999651
0	493	364	0.999651
1	493	176	0.999651
0	493	370	0.999651
1	493	29	0.999649
1	493	213	0.999649
1	493	250	0.999649
1	493	155	0.999648
1	493	125	0.999648
1	493	87	0.999647
1	493	239	0.999647
0	493	435	0.999645
1	493	151	0.999645
0	493	302	0.999645
0	493	468	0.999645
0	493	321	0.999645
1	493	237	0.999645
0	493	430	0.999645
1	493	162	0.999644
0	493	393	0.999644
1	493	42	0.999644
0	493	411	0.999644
0	493	328	0.999644
1	493	50	0.999644
1	493	112	0.999644
1	493	51	0.999644
1	493	193	0.999642
1	493	164	0.999642
1	493	290	0.999642
1	493	79	0.999642
1	493	60	0.999642
1	493	71	0.999641
0	493	471	0.999641
1	493	179	0.999641
0	493	476	0.999641
1	493	271	0.99964
0	493	402	0.99964
0	493	332	0.99964
0	493	377	0.99964
0	493	327	0.99964
0	493	349	0.999638
1	493	38	0.999638
1	493	148	0.999638
1	493	284	0.999638
1	493	44	0.999638
0	493	395	0.999638
0	493	461	0.999637
1	493	241	0.999637
0	493	457	0.999637
0	493	295	0.999637
0	493	333	0.999637
1	493	58	0.999636
1	493	253	0.999636
1	493	210	0.999636
1	493	256	0.999636
1	493	121	0.999636
0	493	309	0.999636
1	493	237	0.999636
0	493	391	0.999636
1	493	235	0.999636
1	493	182	0.999634
1	493	124	0.999634
1	493	270	0.999634
1	493	191	0.999634
1	493	283	0.999633
0	493	489	0.999633
1	493	261	0.999633
0	493	381	0.999631
1	493	269	0.999631
0	493	477	0.999631
1	493	226	0.999631
1	493	280	0.999631
0	493	415	0.999631
1	493	146	0.999631
1	493	282	0.99963
1	493	162	0.99963
1	493	234	0.99963
1	493	260	0.99963
1	493	224	0.99963
0	493	328	0.99963
1	493	268	0.99963
1	493	224	0.999629
0	493	475	0.999629
0	493	459	0.999629
1	493	211	0.999629
0	493	396	0.999629
1	493	136	0.999629
1	493	261	0.999629
1	493	45	0.999627
1	493	151	0.999627
0	493	344	0.999627
0	493	347	0.999626
0	493	460	0.999626
1	493	40	0.999625
1	493	54	0.999625
1	493	29	0.999623
1	493	222	0.999623
0	493	436	0.999623
0	493	435	0.999623
0	493	310	0.999623
1	493	27	0.999622
0	493	328	0.999622
0	493	307	0.999622
0	493	412	0.999622
1	493	67	0.999622
0	493	321	0.999622
1	493	113	0.999622
0	493	361	0.99962
0	493	449	0.99962
1	493	140	0.99962
0	493	389	0.999619
0	493	370	0.999619
0	493	390	0.999619
1	493	274	0.999619
1	493	218	0.999619
1	493	263	0.999618
1	493	266	0.999618
0	493	414	0.999618
0	493	309	0.999618
0	493	397	0.999618
1	493	93	0.999618
1	493	255	0.999615
1	493	240	0.999615
1	493	86	0.999615
0	493	404	0.999615
0	493	367	0.999614
0	493	366	0.999614
1	493	266	0.999614
1	493	35	0.999614
1	493	215	0.999612
0	493	296	0.999612
0	493	284	0.999611
0	493	478	0.99961
1	493	148	0.99961
1	493	141	0.999608
0	493	354	0.999608
1	493	271	0.999608
1	493	184	0.999608
1	493	60	0.999607
1	493	87	0.999607
1	493	140	0.999605
0	493	490	0.999605
1	493	142	0.999605
0	493	335	0.999605
1	493	211	0.999605
0	493	429	0.999604
1	493	152	0.999604
1	493	32	0.999604
1	493	263	0.999603
1	493	149	0.999603
0	493	359	0.999603
0	493	416	0.999603
1	493	246	0.999601
0	493	355	0.999601
1	493	63	0.999601
0	493	334	0.999601
0	493	346	0.999601
0	493	383	0.999601
1	493	245	0.9996
1	493	271	0.9996
0	493	386	0.9996
1	493	261	0.9996
1	493	265	0.9996
1	493	259	0.999599
0	493	326	0.999599
0	493	407	0.999599
0	493	323	0.999599
0	493	315	0.999599
1	493	207	0.999597
0	493	434	0.999597
1	493	273	0.999597
1	493	230	0.999597
0	493	368	0.999596
1	493	95	0.999596
1	493	49	0.999596
1	493	129	0.999596
0	493	432	0.999594
1	493	34	0.999594
1	493	66	0.999594
1	493	250	0.999594
1	493	255	0.999594
1	493	69	0.999593
1	493	118	0.999593
1	493	173	0.999592
1	493	193	0.999592
0	493	349	0.999592
0	493	443	0.999592
1	493	202	0.999592
1	493	226	0.999592
1	493	169	0.99959
1	493	261	0.99959
0	493	350	0.99959
0	493	351	0.99959
0	493	312	0.99959
1	493	276	0.99959
1	493	153	0.99959
0	493	328	0.99959
1	493	127	0.99959
0	493	473	0.99959
1	493	110	0.999589
1	493	23	0.999589
1	493	47	0.999589
0	493	419	0.999589
1	493	168	0.999588
0	493	447	0.999588
0	493	405	0.999588
1	493	196	0.999586
1	493	161	0.999586
0	493	295	0.999586
0	493	347	0.999586
0	493	355	0.999585
0	493	310	0.999585
0	493	454	0.999585
1	493	154	0.999585
0	493	361	0.999583
1	493	33	0.999583
0	493	365	0.999582
0	493	481	0.999581
0	493	330	0.999581
0	493	470	0.999581
0	493	348	0.999581
0	493	320	0.999581
0	493	460	0.999579
0	493	480	0.999579
0	493	399	0.999579
0	493	448	0.999579
1	493	255	0.999579
1	493	187	0.999578
1	493	260	0.999578
1	493	30	0.999578
0	493	279	0.999578
0	493	299	0.999577
1	493	88	0.999577
0	493	409	0.999577
1	493	119	0.999577
1	493	145	0.999575
1	493	146	0.999575
0	493	375	0.999574
1	493	98	0.999574
0	493	338	0.999574
0	493	398	0.999574
1	493	60	0.999574
1	493	189	0.999574
0	493	487	0.999574
1	493	197	0.999574
1	493	235	0.999573
0	493	296	0.999573
0	493	424	0.999573
0	493	447	0.999573
0	493	451	0.999571
1	493	122	0.999571
1	493	136	0.999571
1	493	251	0.999571
0	493	341	0.999571
0	493	388	0.99957
1	493	147	0.99957
1	493	80	0.99957
0	493	401	0.99957
1	493	73	0.999568
1	493	64	0.999568
1	493	143	0.999568
0	493	296	0.999568
0	493	451	0.999568
0	493	280	0.999568
1	493	29	0.999568
1	493	240	0.999567
1	493	158	0.999567
1	493	237	0.999566
1	493	142	0.999566
1	493	168	0.999566
0	493	356	0.999566
1	493	104	0.999564
0	493	377	0.999564
0	493	282	0.999564
0	493	482	0.999564
1	493	158	0.999564
1	493	112	0.999564
0	493	338	0.999564
0	493	422	0.999564
1	493	132	0.999564
1	493	129	0.999564
1	493	48	0.999564
1	493	160	0.999563
1	493	239	0.999563
0	493	290	0.999562
0	493	359	0.999562
1	493	225	0.999562
0	493	282	0.999562
1	493	48	0.99956
1	493	122	0.99956
0	493	282	0.99956
0	493	398	0.99956
1	493	264	0.99956
0	493	431	0.99956
1	493	219	0.999559
0	493	426	0.999559
0	493	325	0.999559
0	493	282	0.999557
0	493	288	0.999557
1	493	26	0.999557
1	493	150	0.999557
1	493	215	0.999557
1	493	81	0.999557
0	493	330	0.999557
1	493	229	0.999557
0	493	484	0.999557
0	493	373	0.999557
0	493	322	0.999557
1	493	173	0.999556
0	493	433	0.999556
0	493	457	0.999556
1	493	189	0.999556
0	493	479	0.999556
0	493	272	0.999555
1	493	256	0.999555
1	493	49	0.999555
1	493	220	0.999555
1	493	137	0.999555
0	493	303	0.999553
0	493	485	0.999553
1	493	168	0.999553
0	493	316	0.999553
1	493	174	0.999553
0	493	389	0.999553
0	493	309	0.999552
0	493	410	0.999552
1	493	36	0.999552
0	493	467	0.999552
1	493	243	0.999551
1	493	249	0.999551
1	493	216	0.999551
0	493	303	0.999551
0	493	355	0.999549
0	493	329	0.999549
0	493	465	0.999549
1	493	24	0.999549
0	493	287	0.999549
0	493	271	0.999549
1	493	207	0.999549
1	493	198	0.999549
1	493	232	0.999549
1	493	55	0.999548
1	493	220	0.999548
1	493	142	0.999548
1	493	135	0.999547
1	493	27	0.999547
1	493	200	0.999547
1	493	34	0.999545
1	493	142	0.999545
1	493	106	0.999545
1	493	217	0.999545
1	493	232	0.999545
0	493	416	0.999544
0	493	358	0.999544
0	493	277	0.999544
1	493	88	0.999544
0	493	321	0.999542
0	493	296	0.999542
0	493	297	0.999542
1	493	90	0.999542
0	493	413	0.999541
0	493	302	0.999541
1	493	97	0.999541
0	493	383	0.999541
1	493	51	0.999541
0	493	357	0.999541
0	493	476	0.999541
0	493	417	0.999541
1	493	206	0.99954
1	493	84	0.99954
0	493	367	0.99954
0	493	455	0.999538
0	493	270	0.999538
1	493	58	0.999538
0	493	466	0.999537
0	493	287	0.999537
1	493	151	0.999537
0	493	365	0.999537
0	493	450	0.999536
1	493	111	0.999536
1	493	215	0.999536
1	493	98	0.999536
1	493	231	0.999534
1	493	142	0.999534
1	493	220	0.999534
1	493	41	0.999534
1	493	89	0.999533
0	493	316	0.999533
1	493	159	0.999531
1	493	248	0.999531
1	493	49	0.999531
0	493	397	0.999531
1	493	90	0.999531
0	493	406	0.99953
1	493	75	0.99953
1	493	189	0.99953
1	493	82	0.99953
0	493	379	0.99953
0	493	445	0.999529
1	493	104	0.999529
0	493	266	0.999529
1	493	165	0.999529
0	493	342	0.999527
1	493	175	0.999527
1	493	86	0.999527
0	493	422	0.999527
0	493	391	0.999527
1	493	100	0.999527
1	493	144	0.999526
1	493	163	0.999526
1	493	28	0.999526
0	493	295	0.999526
0	493	381	0.999526
1	493	110	0.999525
1	493	68	0.999525
1	493	119	0.999525
0	493	266	0.999525
0	493	429	0.999525
1	493	175	0.999523
0	493	402	0.999523
0	493	293	0.999523
0	493	278	0.999523
1	493	68	0.999522
0	493	338	0.999522
0	493	265	0.999522
0	493	353	0.999522
0	493	341	0.999522
1	493	155	0.999522
0	493	259	0.99952
1	493	42	0.99952
0	493	415	0.99952
0	493	350	0.99952
0	493	349	0.99952
1	493	131	0.99952
1	493	98	0.999519
1	493	203	0.999519
0	493	358	0.999519
1	493	92	0.999519
0	493	449	0.999519
1	493	53	0.999519
0	493	298	0.999518
1	493	241	0.999518
1	493	193	0.999518
0	493	382	0.999518
1	493	121	0.999516
1	493	95	0.999516
0	493	357	0.999516
0	493	307	0.999515
1	493	249	0.999515
1	493	138	0.999514
1	493	112	0.999514
0	493	482	0.999514
1	493	77	0.999512
1	493	74	0.999512
1	493	145	0.999512
1	493	104	0.999512
0	493	452	0.999512
0	493	387	0.999512
1	493	94	0.999512
0	493	311	0.999512
0	493	305	0.999511
0	493	481	0.999511
0	493	392	0.99951
1	493	177	0.99951
1	493	165	0.99951
0	493	279	0.99951
1	493	142	0.999508
1	493	203	0.999507
1	493	167	0.999507
1	493	237	0.999507
1	493	246	0.999507
0	493	283	0.999505
0	493	310	0.999505
0	493	381	0.999505
0	493	294	0.999505
1	493	181	0.999505
1	493	109	0.999504
1	493	97	0.999504
1	493	28	0.999504
1	493	47	0.999504
0	493	400	0.999504
1	493	78	0.999504
0	493	486	0.999503
1	493	244	0.999503
1	493	75	0.999503
1	493	117	0.999501
1	493	162	0.999501
0	493	258	0.999501
1	493	237	0.999501
0	493	391	0.999501
1	493	36	0.9995
0	493	332	0.9995
1	493	206	0.9995
0	493	419	0.9995
0	493	440	0.999499
0	493	399	0.999499
1	493	157	0.999499
0	493	455	0.999499
0	493	400	0.999499
1	493	156	0.999499
0	493	330	0.999497
1	493	63	0.999497
0	493	285	0.999497
1	493	206	0.999496
0	493	378	0.999496
0	493	388	0.999496
0	493	258	0.999496
0	493	384	0.999494
0	493	418	0.999494
0	493	384	0.999494
0	493	422	0.999494
0	493	391	0.999494
1	493	196	0.999493
0	493	298	0.999493
1	493	82	0.999493
0	493	367	0.999493
0	493	286	0.999493
0	493	385	0.999493
0	493	304	0.999492
1	493	236	0.999492
0	493	382	0.999492
0	493	329	0.99949
1	493	204	0.99949
1	493	136	0.99949
0	493	488	0.99949
0	493	305	0.999489
0	493	276	0.999489
0	493	337	0.999489
0	493	421	0.999489
0	493	479	0.999489
1	493	84	0.999488
1	493	110	0.999488
0	493	371	0.999488
0	493	301	0.999488
0	493	360	0.999488
0	493	405	0.999486
1	493	70	0.999486
0	493	257	0.999486
1	493	222	0.999485
1	493	125	0.999485
1	493	108	0.999485
0	493	327	0.999483
1	493	134	0.999483
0	493	330	0.999483
1	493	86	0.999483
1	493	56	0.999483
0	493	436	0.999483
0	493	336	0.999483
0	493	416	0.999482
1	493	45	0.999482
1	493	241	0.999481
0	493	282	0.999481
0	493	253	0.999481
0	493	331	0.999481
0	493	321	0.999479
1	493	88	0.999479
0	493	328	0.999479
0	493	341	0.999479
1	493	235	0.999479
1	493	114	0.999479
0	493	378	0.999479
1	493	161	0.999479
0	493	377	0.999478
1	493	219	0.999478
1	493	47	0.999477
1	493	69	0.999477
0	493	295	0.999477
1	493	206	0.999475
0	493	291	0.999475
1	493	226	0.999475
1	493	69	0.999474
0	493	252	0.999474
0	493	448	0.999473
1	493	194	0.999473
0	493	326	0.999473
1	493	86	0.999473
0	493	247	0.999473
0	493	424	0.999473
0	493	364	0.999473
1	493	84	0.999471
0	493	259	0.99947
1	493	113	0.99947
0	493	378	0.99947
0	493	264	0.99947
0	493	449	0.99947
1	493	175	0.99947
1	493	216	0.99947
1	493	199	0.99947
1	493	28	0.999468
1	493	174	0.999468
0	493	331	0.999468
1	493	27	0.999468
1	493	34	0.999468
1	493	156	0.999468
0	493	244	0.999468
0	493	323	0.999468
1	493	65	0.999467
0	493	428	0.999467
0	493	401	0.999467
0	493	447	0.999467
1	493	98	0.999466
0	493	337	0.999466
1	493	210	0.999466
0	493	309	0.999466
1	493	171	0.999464
1	493	150	0.999464
0	493	350	0.999464
0	493	325	0.999464
0	493	332	0.999463
0	493	313	0.999463
0	493	459	0.999463
1	493	221	0.999462
0	493	405	0.999462
1	493	166	0.999462
1	493	158	0.999462
1	493	129	0.999462
1	493	222	0.999462
1	493	151	0.999462
0	493	455	0.99946
1	493	97	0.99946
1	493	200	0.99946
0	493	399	0.99946
0	493	421	0.999459
0	493	394	0.999457
0	493	363	0.999457
0	493	350	0.999457
0	493	250	0.999457
0	493	245	0.999457
0	493	296	0.999456
1	493	87	0.999456
0	493	445	0.999456
1	493	100	0.999456
1	493	159	0.999456
1	493	228	0.999455
0	493	400	0.999455
0	493	316	0.999455
0	493	461	0.999455
0	493	419	0.999453
1	493	187	0.999453
0	493	471	0.999453
1	493	140	0.999453
0	493	471	0.999453
1	493	27	0.999452
1	493	94	0.999452
0	493	416	0.999452
0	493	262	0.999452
1	493	198	0.999452
0	493	294	0.999452
1	493	227	0.999451
0	493	389	0.999451
0	493	257	0.999451
0	493	383	0.999451
1	493	68	0.999451
1	493	138	0.999451
0	493	397	0.999451
1	493	43	0.999451
0	493	456	0.999449
1	493	34	0.999449
0	493	363	0.999449
1	493	31	0.999449
0	493	424	0.999449
1	493	65	0.999448
0	493	261	0.999448
1	493	113	0.999448
0	493	337	0.999448
0	493	260	0.999448
0	493	282	0.999448
1	493	192	0.999447
0	493	267	0.999447
1	493	28	0.999445
1	493	207	0.999445
0	493	391	0.999445
1	493	63	0.999445
0	493	453	0.999445
0	493	275	0.999445
0	493	460	0.999444
1	493	167	0.999444
0	493	362	0.999444
0	493	332	0.999444
0	493	268	0.999444
1	493	100	0.999444
0	493	464	0.999444
0	493	280	0.999442
1	493	34	0.999442
0	493	265	0.999442
0	493	372	0.999441
1	493	75	0.999441
0	493	289	0.999441
0	493	253	0.999441
0	493	364	0.999441
0	493	357	0.999441
0	493	386	0.999441
1	493	180	0.99944
0	493	438	0.99944
0	493	382	0.99944
1	493	75	0.99944
0	493	439	0.99944
1	493	79	0.99944
0	493	326	0.99944
0	493	382	0.999438
0	493	364	0.999438
0	493	288	0.999438
1	493	183	0.999438
0	493	449	0.999438
1	493	144	0.999437
1	493	164	0.999437
0	493	443	0.999437
0	493	411	0.999437
0	493	248	0.999437
1	493	62	0.999437
0	493	343	0.999436
0	493	239	0.999434
0	493	451	0.999434
0	493	252	0.999434
1	493	92	0.999434
1	493	157	0.999434
1	493	84	0.999433
0	493	469	0.999433
1	493	222	0.999433
0	493	264	0.999433
1	493	87	0.999433
1	493	92	0.999431
0	493	297	0.999431
1	493	98	0.999431
1	493	39	0.999431
1	493	180	0.99943
0	493	261	0.99943
0	493	439	0.99943
0	493	255	0.99943
0	493	423	0.99943
1	493	126	0.99943
0	493	307	0.999429
0	493	289	0.999429
1	493	133	0.999429
0	493	382	0.999429
0	493	460	0.999427
1	493	223	0.999427
0	493	437	0.999427
1	493	179	0.999427
1	493	129	0.999427
0	493	451	0.999426
0	493	399	0.999426
1	493	25	0.999426
0	493	388	0.999426
1	493	164	0.999426
1	493	106	0.999426
0	493	473	0.999425
0	493	450	0.999425
0	493	314	0.999425
1	493	74	0.999425
1	493	217	0.999425
0	493	404	0.999423
0	493	435	0.999423
1	493	194	0.999423
0	493	366	0.999423
1	493	190	0.999423
0	493	335	0.999422
1	493	132	0.999422
0	493	423	0.999422
1	493	167	0.999422
1	493	106	0.99942
1	493	223	0.99942
1	493	72	0.99942
1	493	111	0.99942
0	493	485	0.999419
0	493	306	0.999419
0	493	257	0.999419
1	493	61	0.999419
1	493	25	0.999418
0	493	463	0.999418
0	493	339	0.999418
1	493	92	0.999418
0	493	357	0.999418
1	493	77	0.999418
0	493	355	0.999418
1	493	142	0.999418
0	493	259	0.999416
0	493	354	0.999416
1	493	178	0.999416
0	493	293	0.999416
0	493	484	0.999416
1	493	161	0.999416
0	493	282	0.999416
1	493	197	0.999416
0	493	356	0.999416
0	493	397	0.999415
0	493	371	0.999415
1	493	174	0.999415
0	493	302	0.999415
1	493	178	0.999415
1	493	146	0.999415
0	493	271	0.999415
0	493	406	0.999414
0	493	272	0.999414
1	493	171	0.999414
0	493	361	0.999414
0	493	428	0.999414
0	493	359	0.999412
1	493	31	0.999412
0	493	409	0.999412
1	493	27	0.999412
1	493	96	0.999411
0	493	270	0.999411
0	493	251	0.999411
0	493	380	0.999411
1	493	47	0.99941
0	493	419	0.99941
1	493	124	0.99941
0	493	296	0.999408
0	493	418	0.999408
1	493	24	0.999408
1	493	65	0.999408
0	493	414	0.999408
0	493	458	0.999408
1	493	64	0.999408
0	493	414	0.999408
0	493	363	0.999408
0	493	471	0.999408
0	493	313	0.999407
1	493	189	0.999407
0	493	478	0.999407
1	493	162	0.999407
1	493	182	0.999405
0	493	403	0.999405
1	493	191	0.999405
0	493	239	0.999405
0	493	486	0.999405
0	493	370	0.999404
0	493	306	0.999404
1	493	119	0.999404
1	493	43	0.999403
0	493	238	0.999403
0	493	373	0.999403
0	493	385	0.999401
0	493	492	0.999401
0	493	474	0.999401
1	493	117	0.999401
0	493	406	0.9994
0	493	375	0.9994
1	493	211	0.999399
0	493	482	0.999399
0	493	346	0.999399
0	493	375	0.999399
0	493	321	0.999399
0	493	365	0.999399
0	493	324	0.999399
1	493	102	0.999399
0	493	296	0.999399
0	493	438	0.999397
0	493	435	0.999397
0	493	324	0.999396
1	493	54	0.999396
0	493	491	0.999394
1	493	122	0.999394
1	493	117	0.999394
1	493	65	0.999393
1	493	140	0.999393
1	493	157	0.999392
0	493	309	0.999392
0	493	417	0.999392
1	493	166	0.99939
0	493	287	0.99939
1	493	75	0.99939
1	493	178	0.999389
0	493	385	0.999389
1	493	160	0.999389
1	493	180	0.999389
1	493	134	0.999389
1	493	98	0.999389
1	493	42	0.999389
1	493	76	0.999389
0	493	251	0.999389
1	493	48	0.999389
0	493	391	0.999389
0	493	292	0.999388
1	493	101	0.999388
0	493	288	0.999386
1	493	160	0.999386
0	493	438	0.999386
0	493	358	0.999386
0	493	448	0.999385
0	493	311	0.999385
0	493	437	0.999385
1	493	24	0.999385
0	493	492	0.999385
0	493	463	0.999384
0	493	463	0.999384
1	493	158	0.999384
0	493	248	0.999384
0	493	373	0.999384
0	493	316	0.999384
0	493	386	0.999384
0	493	424	0.999384
1	493	216	0.999382
0	493	475	0.999382
0	493	232	0.999382
0	493	270	0.999381
1	493	190	0.999381
0	493	451	0.999381
1	493	195	0.999381
0	493	479	0.999381
1	493	218	0.999381
0	493	262	0.999381
0	493	394	0.999379
0	493	272	0.999379
1	493	68	0.999379
1	493	34	0.999379
1	493	131	0.999379
1	493	133	0.999378
1	493	180	0.999378
0	493	460	0.999377
1	493	178	0.999377
1	493	134	0.999377
0	493	266	0.999377
1	493	179	0.999375
0	493	370	0.999375
0	493	459	0.999375
0	493	250	0.999375
0	493	479	0.999375
1	493	88	0.999375
0	493	317	0.999375
1	493	200	0.999375
0	493	454	0.999375
0	493	284	0.999375
1	493	128	0.999374
0	493	421	0.999374
1	493	168	0.999373
1	493	59	0.999373
0	493	230	0.999373
0	493	339	0.999373
0	493	263	0.999373
1	493	40	0.999373
0	493	293	0.999373
0	493	329	0.999371
1	493	122	0.999371
0	493	294	0.99937
0	493	262	0.99937
1	493	203	0.99937
0	493	246	0.99937
0	493	386	0.99937
0	493	467	0.999368
0	493	272	0.999368
0	493	274	0.999368
1	493	63	0.999368
0	493	272	0.999367
1	493	186	0.999367
0	493	266	0.999367
0	493	353	0.999366
0	493	289	0.999366
0	493	461	0.999366
1	493	122	0.999366
0	493	381	0.999364
1	493	116	0.999364
0	493	330	0.999364
1	493	33	0.999364
0	493	337	0.999364
1	493	164	0.999364
0	493	443	0.999363
0	493	274	0.999363
0	493	442	0.999363
1	493	163	0.999362
0	493	352	0.999362
0	493	393	0.999362
1	493	173	0.999362
0	493	308	0.999362
1	493	153	0.999362
0	493	334	0.99936
1	493	30	0.99936
1	493	160	0.999359
0	493	312	0.999359
0	493	437	0.999359
0	493	437	0.999359
1	493	161	0.999357
0	493	318	0.999357
1	493	100	0.999356
1	493	146	0.999356
0	493	271	0.999356
1	493	121	0.999356
0	493	448	0.999356
1	493	169	0.999355
0	493	320	0.999355
0	493	447	0.999355
1	493	25	0.999355
0	493	441	0.999355
0	493	321	0.999353
0	493	345	0.999353
0	493	370	0.999353
0	493	308	0.999353
0	493	322	0.999353
0	493	378	0.999352
1	493	201	0.999352
1	493	182	0.999352
1	493	201	0.999352
1	493	142	0.999352
1	493	129	0.999352
0	493	291	0.999352
1	493	59	0.999351
0	493	332	0.999351
1	493	133	0.999351
0	493	357	0.999351
0	493	398	0.999351
0	493	245	0.999349
0	493	424	0.999349
1	493	140	0.999349
1	493	33	0.999349
0	493	376	0.999349
1	493	166	0.999349
1	493	75	0.999348
1	493	43	0.999348
1	493	205	0.999348
0	493	265	0.999348
1	493	152	0.999348
0	493	478	0.999348
0	493	423	0.999348
1	493	210	0.999348
1	493	112	0.999348
1	493	42	0.999347
0	493	280	0.999347
0	493	252	0.999347
0	493	370	0.999347
0	493	396	0.999347
0	493	466	0.999347
0	493	448	0.999345
0	493	377	0.999345
0	493	243	0.999345
0	493	402	0.999345
0	493	361	0.999345
0	493	468	0.999345
0	493	291	0.999344
1	493	67	0.999342
0	493	300	0.999342
0	493	336	0.999342
0	493	265	0.999342
0	493	468	0.999341
0	493	442	0.999341
0	493	334	0.999341
0	493	483	0.999341
0	493	379	0.999341
0	493	381	0.999341
1	493	103	0.99934
1	493	133	0.99934
0	493	339	0.99934
1	493	48	0.99934
1	493	124	0.999338
0	493	251	0.999338
1	493	94	0.999338
0	493	267	0.999338
1	493	60	0.999338
0	493	482	0.999337
0	493	378	0.999337
1	493	165	0.999337
0	493	421	0.999337
0	493	281	0.999337
1	493	150	0.999336
0	493	387	0.999336
1	493	109	0.999336
0	493	391	0.999336
0	493	215	0.999336
0	493	456	0.999336
0	493	421	0.999336
0	493	447	0.999336
0	493	310	0.999336
1	493	89	0.999334
0	493	392	0.999334
1	493	118	0.999334
1	493	145	0.999334
0	493	487	0.999334
0	493	492	0.999333
0	493	349	0.999333
0	493	286	0.999333
0	493	375	0.999333
1	493	82	0.999333
0	493	437	0.999333
0	493	337	0.999331
1	493	155	0.999331
1	493	142	0.999331
0	493	386	0.999331
0	493	446	0.999331
0	493	346	0.999331
1	493	208	0.99933
1	493	204	0.99933
1	493	148	0.99933
1	493	144	0.99933
0	493	328	0.99933
1	493	128	0.999329
1	493	98	0.999329
1	493	127	0.999329
0	493	253	0.999329
0	493	463	0.999329
1	493	139	0.999329
1	493	28	0.999327
0	493	228	0.999327
1	493	108	0.999327
1	493	66	0.999327
0	493	475	0.999326
0	493	458	0.999326
0	493	363	0.999326
1	493	72	0.999325
1	493	122	0.999325
0	493	223	0.999325
1	493	94	0.999325
0	493	299	0.999325
0	493	234	0.999323
1	493	47	0.999323
0	493	262	0.999323
0	493	366	0.999323
0	493	296	0.999322
0	493	461	0.999322
0	493	462	0.999322
1	493	112	0.999322
1	493	86	0.999322
0	493	427	0.999322
1	493	150	0.999322
0	493	487	0.999321
0	493	453	0.999321
0	493	286	0.999321
1	493	92	0.999321
0	493	230	0.999321
0	493	219	0.999321
1	493	70	0.999321
0	493	232	0.999319
0	493	442	0.999319
0	493	440	0.999319
0	493	413	0.999319
0	493	323	0.999319
1	493	207	0.999319
0	493	359	0.999318
0	493	435	0.999318
0	493	445	0.999316
1	493	182	0.999316
0	493	333	0.999316
1	493	28	0.999316
0	493	210	0.999316
0	493	217	0.999315
0	493	443	0.999315
0	493	357	0.999315
0	493	330	0.999314
0	493	376	0.999314
0	493	272	0.999314
0	493	446	0.999314
1	493	101	0.999314
1	493	144	0.999312
1	493	174	0.999312
1	493	201	0.999312
0	493	438	0.999312
1	493	24	0.999312
1	493	189	0.999312
1	493	144	0.999312
0	493	463	0.999312
0	493	460	0.999312
0	493	298	0.999312
0	493	311	0.999311
1	493	113	0.999311
0	493	441	0.999311
0	493	483	0.999311
1	493	153	0.999311
1	493	95	0.999311
0	493	398	0.99931
0	493	338	0.99931
0	493	481	0.99931
1	493	94	0.99931
0	493	325	0.99931
0	493	210	0.999308
1	493	59	0.999308
1	493	163	0.999307
0	493	245	0.999307
0	493	280	0.999307
1	493	32	0.999307
0	493	299	0.999307
0	493	333	0.999307
0	493	434	0.999305
0	493	211	0.999305
0	493	492	0.999304
1	493	163	0.999304
0	493	296	0.999304
0	493	432	0.999304
1	493	149	0.999304
0	493	467	0.999304
0	493	236	0.999303
1	493	46	0.999303
0	493	236	0.999303
1	493	181	0.999303
1	493	80	0.999301
0	493	270	0.999301
1	493	43	0.999301
0	493	434	0.999301
0	493	296	0.999301
1	493	39	0.999301
0	493	354	0.999301
1	493	190	0.9993
0	493	486	0.9993
1	493	150	0.9993
0	493	293	0.9993
1	493	25	0.999299
1	493	83	0.999299
1	493	168	0.999299
0	493	391	0.999299
0	493	419	0.999299
0	493	260	0.999297
0	493	282	0.999297
0	493	302	0.999297
1	493	95	0.999297
1	493	166	0.999296
0	493	441	0.999296
0	493	317	0.999296
0	493	338	0.999296
0	493	414	0.999296
0	493	487	0.999296
0	493	406	0.999294
1	493	127	0.999294
1	493	64	0.999293
0	493	236	0.999293
1	493	56	0.999293
1	493	41	0.999293
0	493	241	0.999293
0	493	224	0.999292
0	493	382	0.999292
0	493	216	0.999292
1	493	137	0.999292
0	493	219	0.999292
1	493	107	0.999292
1	493	191	0.999292
1	493	27	0.999292
0	493	304	0.99929
0	493	365	0.99929
1	493	95	0.99929
1	493	197	0.99929
0	493	395	0.99929
0	493	277	0.999289
1	493	122	0.999289
0	493	226	0.999289
1	493	128	0.999288
0	493	250	0.999288
1	493	141	0.999288
1	493	59	0.999288
0	493	211	0.999288
0	493	280	0.999288
0	493	257	0.999286
1	493	76	0.999286
1	493	60	0.999286
0	493	210	0.999286
0	493	299	0.999286
1	493	116	0.999285
0	493	338	0.999284
0	493	362	0.999282
0	493	256	0.999282
1	493	195	0.999282
1	493	135	0.999282
1	493	108	0.999281
0	493	413	0.999281
1	493	80	0.999281
1	493	86	0.999281
0	493	288	0.999279
1	493	167	0.999279
1	493	148	0.999279
0	493	294	0.999279
0	493	431	0.999279
1	493	80	0.999278
0	493	458	0.999278
1	493	47	0.999278
0	493	490	0.999278
1	493	194	0.999277
0	493	223	0.999277
1	493	199	0.999277
1	493	103	0.999277
1	493	149	0.999277
0	493	389	0.999275
0	493	295	0.999275
0	493	390	0.999275
0	493	308	0.999275
0	493	366	0.999275
0	493	469	0.999274
1	493	84	0.999274
1	493	53	0.999274
1	493	46	0.999274
0	493	483	0.999273
1	493	73	0.999273
0	493	210	0.999273
0	493	249	0.999273
0	493	399	0.999271
1	493	196	0.999271
0	493	334	0.999271
0	493	278	0.999271
0	493	346	0.999271
0	493	328	0.999271
0	493	389	0.999271
1	493	135	0.999271
0	493	436	0.999271
0	493	392	0.99927
1	493	72	0.99927
1	493	154	0.999268
1	493	61	0.999268
1	493	198	0.999267
1	493	129	0.999267
0	493	247	0.999267
1	493	65	0.999267
0	493	407	0.999267
0	493	212	0.999267
0	493	339	0.999267
1	493	85	0.999267
1	493	170	0.999267
0	493	486	0.999266
1	493	145	0.999266
1	493	77	0.999266
0	493	345	0.999264
0	493	227	0.999264
1	493	89	0.999264
1	493	166	0.999263
1	493	38	0.999263
1	493	59	0.999262
0	493	444	0.999262
0	493	244	0.999262
0	493	354	0.99926
0	493	434	0.999259
0	493	338	0.999258
0	493	242	0.999258
0	493	217	0.999258
0	493	299	0.999258
0	493	398	0.999258
0	493	239	0.999256
1	493	119	0.999256
1	493	153	0.999256
0	493	341	0.999256
0	493	373	0.999256
0	493	257	0.999255
0	493	209	0.999255
0	493	396	0.999255
0	493	467	0.999255
1	493	44	0.999255
1	493	155	0.999255
0	493	407	0.999255
0	493	272	0.999253
0	493	245	0.999253
1	493	82	0.999253
0	493	205	0.999252
0	493	285	0.999252
0	493	411	0.999252
1	493	191	0.999252
1	493	166	0.999252
0	493	340	0.999251
0	493	287	0.999251
0	493	264	0.999251
0	493	250	0.999251
0	493	348	0.999251
1	493	98	0.999251
1	493	130	0.999249
0	493	477	0.999249
1	493	54	0.999249
0	493	423	0.999249
0	493	328	0.999248
0	493	260	0.999248
0	493	321	0.999248
1	493	76	0.999247
1	493	31	0.999247
0	493	385	0.999247
1	493	147	0.999247
1	493	109	0.999247
1	493	33	0.999247
0	493	309	0.999245
1	493	62	0.999245
0	493	287	0.999245
0	493	365	0.999245
0	493	384	0.999245
0	493	275	0.999244
0	493	370	0.999244
0	493	216	0.999244
1	493	57	0.999244
1	493	184	0.999242
1	493	124	0.999242
0	493	287	0.999242
0	493	470	0.999242
1	493	105	0.999242
0	493	294	0.999242
1	493	69	0.999241
0	493	320	0.999241
0	493	449	0.999241
0	493	371	0.999241
0	493	255	0.999241
1	493	107	0.999241
0	493	490	0.99924
0	493	430	0.99924
1	493	88	0.99924
0	493	312	0.99924
1	493	63	0.999238
1	493	33	0.999238
0	493	255	0.999238
1	493	153	0.999238
0	493	310	0.999237
1	493	168	0.999237
1	493	142	0.999237
1	493	101	0.999236
1	493	81	0.999236
0	493	268	0.999236
0	493	297	0.999236
0	493	207	0.999234
0	493	450	0.999234
0	493	403	0.999233
1	493	69	0.999233
1	493	64	0.999233
0	493	326	0.999233
1	493	114	0.999232
1	493	78	0.999232
0	493	376	0.99923
1	493	41	0.99923
0	493	419	0.99923
1	493	188	0.99923
1	493	195	0.99923
0	493	321	0.99923
1	493	113	0.999229
1	493	165	0.999229
0	493	486	0.999229
0	493	441	0.999229
0	493	252	0.999227
1	493	120	0.999227
0	493	348	0.999227
1	493	194	0.999227
0	493	372	0.999227
0	493	308	0.999227
1	493	134	0.999226
1	493	154	0.999226
0	493	397	0.999226
1	493	176	0.999226
0	493	278	0.999226
0	493	209	0.999226
1	493	30	0.999226
1	493	130	0.999226
0	493	205	0.999225
1	493	169	0.999225
1	493	173	0.999225
0	493	307	0.999225
1	493	31	0.999225
0	493	403	0.999225
1	493	112	0.999225
1	493	59	0.999223
0	493	453	0.999223
0	493	245	0.999223
0	493	427	0.999223
1	493	155	0.999223
0	493	397	0.999223
1	493	65	0.999222
0	493	478	0.999222
0	493	392	0.999222
0	493	371	0.999221
0	493	445	0.999221
1	493	79	0.999221
0	493	310	0.999221
1	493	151	0.999221
1	493	57	0.999221
0	493	416	0.999221
1	493	102	0.999219
0	493	297	0.999219
0	493	433	0.999218
0	493	443	0.999218
1	493	107	0.999218
0	493	253	0.999218
0	493	398	0.999218
0	493	310	0.999216
0	493	492	0.999216
1	493	103	0.999216
0	493	343	0.999216
0	493	267	0.999216
0	493	386	0.999216
0	493	379	0.999215
0	493	380	0.999215
1	493	31	0.999215
0	493	351	0.999215
0	493	220	0.999215
0	493	198	0.999215
0	493	478	0.999215
0	493	229	0.999214
1	493	94	0.999214
1	493	177	0.999214
1	493	104	0.999212
0	493	229	0.999212
0	493	289	0.999212
0	493	384	0.999212
0	493	300	0.999212
0	493	413	0.999211
0	493	304	0.999211
0	493	346	0.999211
0	493	263	0.999211
0	493	225	0.999211
0	493	327	0.99921
0	493	315	0.99921
0	493	286	0.99921
0	493	267	0.99921
1	493	134	0.99921
1	493	64	0.999208
0	493	204	0.999208
0	493	353	0.999208
1	493	167	0.999208
1	493	50	0.999208
1	493	144	0.999207
0	493	357	0.999207
0	493	492	0.999207
0	493	462	0.999205
1	493	43	0.999205
0	493	414	0.999205
0	493	420	0.999205
0	493	395	0.999204
0	493	391	0.999203
0	493	447	0.999203
1	493	38	0.999203
0	493	224	0.999203
0	493	384	0.999203
0	493	272	0.999203
1	493	63	0.999201
1	493	26	0.999201
0	493	251	0.9992
0	493	283	0.9992
1	493	153	0.9992
1	493	150	0.9992
0	493	352	0.999199
0	493	357	0.999199
1	493	68	0.999199
1	493	191	0.999199
0	493	412	0.999197
0	493	267	0.999197
0	493	198	0.999197
1	493	52	0.999196
0	493	292	0.999196
1	493	57	0.999195
0	493	239	0.999195
0	493	321	0.999195
1	493	104	0.999195
0	493	352	0.999195
0	493	423	0.999193
0	493	407	0.999193
0	493	199	0.999193
1	493	187	0.999192
0	493	244	0.999192
0	493	235	0.999192
1	493	136	0.999192
0	493	432	0.99919
1	493	38	0.99919
0	493	199	0.99919
0	493	384	0.99919
1	493	183	0.999189
1	493	127	0.999189
0	493	429	0.999189
0	493	342	0.999189
1	493	83	0.999189
0	493	237	0.999188
0	493	441	0.999188
0	493	256	0.999188
0	493	294	0.999188
0	493	483	0.999188
0	493	197	0.999188
0	493	356	0.999188
0	493	220	0.999188
1	493	130	0.999186
1	493	54	0.999186
0	493	290	0.999186
1	493	148	0.999186
1	493	105	0.999185
0	493	441	0.999185
0	493	196	0.999185
1	493	188	0.999185
1	493	138	0.999185
0	493	471	0.999184
1	493	104	0.999184
1	493	163	0.999184
0	493	231	0.999184
0	493	201	0.999184
1	493	190	0.999182
1	493	69	0.999179
0	493	333	0.999179
0	493	269	0.999179
0	493	460	0.999179
1	493	100	0.999179
0	493	470	0.999178
0	493	252	0.999178
1	493	118	0.999178
0	493	413	0.999178
1	493	88	0.999178
0	493	310	0.999178
1	493	114	0.999177
0	493	487	0.999177
0	493	275	0.999177
1	493	63	0.999177
0	493	247	0.999177
0	493	236	0.999177
0	493	288	0.999175
0	493	232	0.999175
0	493	352	0.999175
0	493	309	0.999174
0	493	462	0.999174
1	493	172	0.999174
1	493	89	0.999174
0	493	263	0.999174
0	493	348	0.999173
0	493	411	0.999171
0	493	435	0.999171
0	493	400	0.999171
0	493	329	0.999171
0	493	408	0.99917
1	493	56	0.99917
0	493	330	0.99917
1	493	146	0.99917
1	493	34	0.999169
1	493	26	0.999169
0	493	413	0.999169
1	493	76	0.999169
0	493	415	0.999167
0	493	440	0.999167
0	493	325	0.999167
0	493	297	0.999167
0	493	366	0.999167
1	493	100	0.999166
1	493	55	0.999166
1	493	110	0.999166
0	493	250	0.999166
0	493	483	0.999166
0	493	400	0.999166
0	493	255	0.999166
0	493	464	0.999166
0	493	425	0.999164
1	493	32	0.999164
0	493	435	0.999163
0	493	487	0.999163
0	493	404	0.999163
0	493	365	0.999163
0	493	391	0.999163
0	493	316	0.999163
0	493	473	0.999163
0	493	198	0.999162
0	493	460	0.999162
0	493	414	0.999162
0	493	292	0.999162
1	493	173	0.99916
0	493	466	0.99916
0	493	486	0.99916
0	493	318	0.99916
0	493	297	0.99916
0	493	237	0.99916
1	493	112	0.99916
0	493	438	0.999159
0	493	323	0.999159
1	493	185	0.999159
1	493	159	0.999158
1	493	29	0.999158
0	493	477	0.999158
1	493	160	0.999158
0	493	476	0.999158
1	493	71	0.999158
1	493	48	0.999158
0	493	390	0.999156
0	493	485	0.999156
0	493	414	0.999156
0	493	366	0.999155
0	493	250	0.999155
0	493	340	0.999155
0	493	235	0.999153
0	493	234	0.999153
0	493	213	0.999153
0	493	264	0.999153
0	493	288	0.999152
0	493	343	0.999152
0	493	398	0.999151
1	493	150	0.999151
0	493	393	0.999151
1	493	104	0.999149
0	493	454	0.999149
0	493	428	0.999149
1	493	116	0.999148
0	493	420	0.999148
1	493	181	0.999147
0	493	264	0.999147
0	493	394	0.999147
0	493	239	0.999145
0	493	417	0.999145
0	493	399	0.999145
0	493	449	0.999145
0	493	476	0.999145
1	493	106	0.999145
0	493	254	0.999144
0	493	347	0.999144
0	493	291	0.999144
0	493	474	0.999144
1	493	93	0.999142
0	493	479	0.999142
0	493	410	0.999141
0	493	246	0.999141
0	493	452	0.999141
1	493	80	0.999141
0	493	447	0.99914
0	493	457	0.99914
0	493	307	0.99914
1	493	132	0.99914
0	493	203	0.99914
1	493	30	0.999138
1	493	121	0.999138
0	493	211	0.999138
0	493	244	0.999138
0	493	398	0.999137
0	493	414	0.999137
1	493	86	0.999137
0	493	258	0.999137
1	493	38	0.999137
0	493	460	0.999136
0	493	434	0.999136
0	493	463	0.999136
1	493	152	0.999136
0	493	289	0.999134
0	493	244	0.999134
1	493	122	0.999134
1	493	181	0.999134
0	493	387	0.999134
0	493	485	0.999134
0	493	449	0.999134
1	493	128	0.999133
0	493	399	0.999133
1	493	185	0.999133
0	493	486	0.999132
0	493	476	0.999132
0	493	468	0.999132
1	493	126	0.99913
0	493	375	0.99913
1	493	74	0.99913
0	493	403	0.999129
1	493	69	0.999129
0	493	465	0.999129
0	493	421	0.999127
1	493	58	0.999127
1	493	95	0.999127
0	493	277	0.999127
0	493	411	0.999127
0	493	239	0.999127
0	493	414	0.999126
1	493	42	0.999126
0	493	457	0.999126
0	493	241	0.999126
0	493	438	0.999125
0	493	466	0.999125
0	493	368	0.999125
0	493	420	0.999123
0	493	257	0.999123
0	493	337	0.999123
0	493	260	0.999123
0	493	345	0.999123
0	493	414	0.999123
0	493	256	0.999123
0	493	346	0.999122
1	493	60	0.999122
1	493	81	0.999122
0	493	429	0.999121
1	493	149	0.999121
1	493	29	0.999121
0	493	310	0.999121
0	493	390	0.999121
0	493	210	0.999119
0	493	245	0.999119
0	493	257	0.999119
0	493	368	0.999118
0	493	475	0.999118
0	493	457	0.999118
1	493	167	0.999118
1	493	54	0.999116
1	493	94	0.999115
0	493	305	0.999115
0	493	251	0.999114
0	493	328	0.999114
1	493	103	0.999114
1	493	29	0.999112
0	493	482	0.999112
0	493	345	0.999112
0	493	447	0.999112
0	493	192	0.999112
1	493	121	0.999111
0	493	214	0.999111
0	493	221	0.999111
0	493	465	0.999111
1	493	154	0.99911
0	493	301	0.99911
1	493	83	0.99911
0	493	367	0.99911
0	493	310	0.99911
0	493	403	0.99911
0	493	341	0.999108
1	493	23	0.999108
1	493	157	0.999107
0	493	370	0.999107
0	493	454	0.999107
0	493	365	0.999106
0	493	312	0.999106
0	493	341	0.999106
0	493	250	0.999106
0	493	343	0.999106
0	493	221	0.999104
0	493	473	0.999104
0	493	359	0.999104
0	493	285	0.999103
1	493	155	0.999103
1	493	40	0.999103
0	493	411	0.999103
0	493	383	0.999103
1	493	58	0.999103
0	493	464	0.999101
1	493	153	0.999101
0	493	205	0.999101
0	493	395	0.999101
0	493	366	0.999101
0	493	327	0.9991
1	493	111	0.9991
1	493	160	0.9991
1	493	122	0.9991
0	493	447	0.9991
0	493	381	0.9991
1	493	168	0.9991
1	493	153	0.999099
1	493	154	0.999099
0	493	343	0.999099
0	493	283	0.999099
0	493	378	0.999099
0	493	330	0.999099
1	493	24	0.999097
1	493	79	0.999096
0	493	482	0.999096
1	493	161	0.999096
1	493	74	0.999096
0	493	243	0.999095
0	493	486	0.999095
1	493	133	0.999093
1	493	146	0.999093
0	493	348	0.999093
0	493	469	0.999093
1	493	46	0.999093
1	493	148	0.999093
0	493	310	0.999093
0	493	254	0.999093
0	493	460	0.999092
0	493	395	0.99909
0	493	367	0.99909
1	493	53	0.99909
0	493	443	0.99909
0	493	272	0.99909
1	493	100	0.99909
1	493	26	0.999089
0	493	321	0.999089
1	493	118	0.999089
1	493	86	0.999089
0	493	386	0.999089
0	493	181	0.999088
0	493	391	0.999088
0	493	246	0.999088
0	493	218	0.999086
1	493	93	0.999086
0	493	391	0.999086
1	493	122	0.999085
1	493	131	0.999085
0	493	443	0.999085
1	493	28	0.999084
1	493	117	0.999084
0	493	247	0.999084
0	493	407	0.999084
0	493	296	0.999084
0	493	310	0.999084
0	493	447	0.999084
0	493	225	0.999084
0	493	481	0.999084
0	493	213	0.999082
0	493	345	0.999082
1	493	39	0.999082
0	493	402	0.999082
0	493	323	0.999082
0	493	343	0.999081
0	493	363	0.999081
0	493	201	0.999081
0	493	239	0.999081
0	493	398	0.99908
1	493	98	0.99908
0	493	184	0.99908
1	493	77	0.99908
0	493	481	0.99908
0	493	291	0.99908
0	493	337	0.99908
0	493	345	0.99908
0	493	300	0.99908
0	493	460	0.99908
1	493	164	0.999078
0	493	370	0.999078
0	493	419	0.999078
0	493	471	0.999077
0	493	277	0.999077
0	493	290	0.999075
0	493	207	0.999075
0	493	291	0.999075
0	493	417	0.999075
0	493	210	0.999075
0	493	287	0.999074
1	493	54	0.999074
1	493	26	0.999074
0	493	193	0.999074
1	493	36	0.999074
0	493	327	0.999074
0	493	218	0.999073
1	493	66	0.999073
0	493	333	0.999073
0	493	410	0.999073
1	493	95	0.999071
0	493	392	0.999071
1	493	169	0.999071
0	493	322	0.99907
1	493	54	0.99907
0	493	211	0.99907
1	493	154	0.99907
0	493	365	0.99907
0	493	444	0.999069
1	493	117	0.999069
1	493	90	0.999069
0	493	181	0.999069
0	493	332	0.999069
0	493	369	0.999069
0	493	388	0.999069
0	493	220	0.999067
1	493	136	0.999067
0	493	222	0.999067
1	493	136	0.999066
0	493	321	0.999066
1	493	24	0.999066
0	493	322	0.999066
0	493	192	0.999066
0	493	248	0.999064
1	493	170	0.999064
0	493	448	0.999064
0	493	483	0.999064
0	493	448	0.999064
1	493	97	0.999063
1	493	33	0.999063
0	493	470	0.999063
0	493	376	0.999063
1	493	86	0.999063
1	493	23	0.999062
0	493	456	0.999062
0	493	487	0.999062
0	493	434	0.999062
1	493	89	0.999062
1	493	26	0.999062
0	493	273	0.999062
0	493	454	0.999062
0	493	391	0.99906
0	493	204	0.99906
0	493	285	0.99906
0	493	490	0.99906
1	493	44	0.99906
1	493	66	0.99906
1	493	61	0.99906
0	493	225	0.99906
1	493	35	0.999059
0	493	332	0.999059
0	493	353	0.999059
0	493	198	0.999059
0	493	309	0.999059
0	493	488	0.999058
1	493	89	0.999056
1	493	133	0.999056
0	493	459	0.999056
1	493	27	0.999056
1	493	84	0.999056
1	493	95	0.999056
0	493	278	0.999056
1	493	168	0.999055
1	493	107	0.999055
1	493	137	0.999055
0	493	200	0.999055
0	493	342	0.999055
0	493	321	0.999054
0	493	441	0.999054
0	493	358	0.999054
0	493	430	0.999054
0	493	359	0.999054
1	493	156	0.999054
0	493	460	0.999052
0	493	448	0.999052
0	493	226	0.999052
0	493	210	0.999052
0	493	362	0.999052
0	493	244	0.999051
0	493	379	0.999051
1	493	151	0.999051
0	493	345	0.999051
0	493	411	0.999051
0	493	389	0.999049
0	493	413	0.999049
1	493	69	0.999049
0	493	289	0.999049
0	493	332	0.999049
1	493	30	0.999049
0	493	392	0.999048
0	493	244	0.999048
0	493	206	0.999048
1	493	44	0.999048
0	493	310	0.999048
1	493	143	0.999047
0	493	442	0.999047
0	493	345	0.999045
0	493	235	0.999045
0	493	312	0.999045
0	493	276	0.999045
1	493	173	0.999045
1	493	120	0.999045
0	493	286	0.999044
1	493	35	0.999044
0	493	436	0.999044
0	493	179	0.999044
0	493	214	0.999044
1	493	57	0.999043
0	493	395	0.999043
0	493	272	0.999043
0	493	392	0.999043
0	493	178	0.999041
0	493	310	0.99904
0	493	299	0.99904
0	493	408	0.99904
0	493	334	0.999038
1	493	104	0.999038
1	493	111	0.999038
0	493	187	0.999038
0	493	286	0.999038
0	493	237	0.999038
1	493	175	0.999037
1	493	89	0.999037
0	493	179	0.999037
0	493	415	0.999037
1	493	156	0.999037
0	493	213	0.999037
0	493	297	0.999037
0	493	277	0.999036
1	493	51	0.999034
0	493	303	0.999034
0	493	366	0.999034
1	493	41	0.999034
0	493	253	0.999033
1	493	100	0.999033
0	493	254	0.999033
0	493	238	0.999033
0	493	414	0.999033
1	493	80	0.999033
1	493	146	0.999033
0	493	389	0.999032
0	493	259	0.999032
0	493	330	0.999032
1	493	69	0.999032
1	493	174	0.999032
1	493	174	0.999032
0	493	361	0.999032
0	493	301	0.99903
1	493	130	0.999029
0	493	423	0.999029
0	493	323	0.999029
0	493	353	0.999029
0	493	193	0.999027
0	493	406	0.999027
0	493	446	0.999027
0	493	230	0.999027
0	493	177	0.999027
0	493	176	0.999027
1	493	113	0.999027
0	493	442	0.999026
0	493	428	0.999026
1	493	44	0.999026
1	493	121	0.999026
0	493	250	0.999026
0	493	418	0.999026
0	493	484	0.999026
0	493	263	0.999026
0	493	492	0.999025
1	493	97	0.999025
0	493	442	0.999025
0	493	478	0.999025
1	493	114	0.999025
0	493	447	0.999023
0	493	249	0.999023
0	493	461	0.999023
1	493	61	0.999023
0	493	386	0.999022
0	493	399	0.999022
0	493	333	0.999022
0	493	312	0.999021
0	493	246	0.999021
0	493	250	0.999021
1	493	122	0.999021
0	493	449	0.999021
0	493	406	0.999019
0	493	461	0.999019
0	493	305	0.999019
0	493	400	0.999019
1	493	135	0.999019
0	493	199	0.999019
1	493	162	0.999019
1	493	155	0.999018
0	493	401	0.999018
1	493	74	0.999018
1	493	123	0.999018
1	493	122	0.999018
1	493	140	0.999018
1	493	169	0.999018
0	493	213	0.999017
1	493	80	0.999017
1	493	112	0.999017
0	493	307	0.999015
0	493	303	0.999015
0	493	311	0.999015
0	493	367	0.999014
0	493	369	0.999014
1	493	157	0.999014
1	493	100	0.999014
0	493	197	0.999014
0	493	301	0.999014
0	493	299	0.999014
0	493	313	0.999014
1	493	68	0.999014
0	493	442	0.999012
0	493	426	0.999012
1	493	153	0.999012
0	493	392	0.999012
0	493	466	0.999011
0	493	410	0.999011
1	493	62	0.99901
0	493	218	0.99901
0	493	344	0.99901
0	493	210	0.99901
0	493	349	0.99901
1	493	89	0.999008
0	493	265	0.999008
0	493	351	0.999007
0	493	344	0.999007
0	493	383	0.999007
0	493	215	0.999007
0	493	288	0.999007
0	493	421	0.999007
0	493	297	0.999006
0	493	191	0.999006
1	493	106	0.999006
0	493	185	0.999006
1	493	138	0.999006
1	493	32	0.999004
1	493	158	0.999004
0	493	223	0.999004
0	493	406	0.999004
0	493	181	0.999004
0	493	434	0.999004
0	493	286	0.999003
0	493	261	0.999003
0	493	403	0.999003
0	493	389	0.999003
0	493	377	0.999003
1	493	79	0.999003
0	493	373	0.999001
0	493	339	0.999001
1	493	23	0.999001
1	493	123	0.999001
0	493	352	0.999001
0	493	363	0.999001
0	493	187	0.999
0	493	419	0.999
0	493	387	0.998999
0	493	327	0.998999
0	493	293	0.998999
1	493	37	0.998999
1	493	161	0.998999
0	493	488	0.998999
0	493	283	0.998997
1	493	38	0.998997
0	493	371	0.998997
1	493	141	0.998997
1	493	39	0.998997
0	493	392	0.998997
0	493	243	0.998996
1	493	148	0.998996
0	493	195	0.998996
0	493	234	0.998996
1	493	169	0.998995
0	493	201	0.998995
1	493	107	0.998995
0	493	490	0.998995
0	493	449	0.998993
1	493	135	0.998993
0	493	488	0.998993
1	493	146	0.998992
0	493	290	0.998992
0	493	465	0.998992
1	493	48	0.998991
1	493	115	0.998991
1	493	127	0.998991
1	493	125	0.998991
1	493	39	0.998991
1	493	139	0.998991
1	493	117	0.998991
0	493	261	0.998991
0	493	429	0.998991
0	493	406	0.998989
0	493	358	0.998989
0	493	287	0.998989
0	493	199	0.998989
0	493	257	0.998988
0	493	285	0.998988
0	493	193	0.998988
1	493	75	0.998988
0	493	364	0.998988
0	493	354	0.998986
1	493	50	0.998986
0	493	253	0.998986
1	493	110	0.998986
1	493	125	0.998985
0	493	249	0.998985
1	493	32	0.998985
0	493	490	0.998984
1	493	153	0.998984
0	493	423	0.998984
1	493	68	0.998984
0	493	335	0.998982
0	493	462	0.998982
0	493	388	0.998982
0	493	319	0.998982
0	493	456	0.998982
0	493	219	0.998982
0	493	341	0.998981
0	493	191	0.998981
1	493	112	0.998981
0	493	324	0.99898
0	493	205	0.99898
0	493	235	0.99898
1	493	25	0.99898
1	493	137	0.99898
0	493	485	0.998978
0	493	399	0.998978
0	493	490	0.998978
1	493	23	0.998978
0	493	197	0.998978
0	493	408	0.998978
0	493	362	0.998978
0	493	448	0.998978
0	493	360	0.998977
1	493	71	0.998977
1	493	48	0.998977
0	493	219	0.998977
1	493	62	0.998977
0	493	379	0.998977
1	493	144	0.998977
0	493	361	0.998977
0	493	261	0.998977
0	493	189	0.998975
0	493	424	0.998975
0	493	187	0.998975
0	493	344	0.998975
1	493	122	0.998975
0	493	194	0.998975
1	493	56	0.998974
0	493	340	0.998974
1	493	122	0.998974
0	493	334	0.998974
1	493	96	0.998974
0	493	272	0.998974
0	493	243	0.998974
0	493	380	0.998974
0	493	363	0.998974
0	493	372	0.998973
0	493	362	0.998973
0	493	439	0.998973
1	493	87	0.998973
1	493	163	0.998971
0	493	277	0.998971
1	493	104	0.998971
1	493	68	0.998971
0	493	424	0.998971
0	493	399	0.998971
0	493	254	0.998971
1	493	71	0.99897
1	493	30	0.99897
0	493	343	0.998969
0	493	450	0.998969
0	493	340	0.998969
1	493	129	0.998969
1	493	168	0.998967
0	493	322	0.998967
0	493	394	0.998967
1	493	89	0.998966
1	493	63	0.998966
0	493	177	0.998966
0	493	271	0.998966
0	493	365	0.998966
0	493	219	0.998966
0	493	420	0.998965
0	493	213	0.998965
0	493	230	0.998965
0	493	403	0.998965
0	493	292	0.998963
0	493	434	0.998963
1	493	83	0.998963
0	493	487	0.998963
1	493	31	0.998963
1	493	120	0.998963
1	493	120	0.998962
0	493	359	0.998962
0	493	316	0.99896
1	493	161	0.99896
1	493	65	0.998959
1	493	56	0.998959
1	493	142	0.998959
0	493	201	0.998959
0	493	383	0.998959
0	493	225	0.998959
1	493	163	0.998959
0	493	352	0.998958
1	493	126	0.998958
1	493	157	0.998958
0	493	440	0.998956
1	493	37	0.998956
0	493	181	0.998956
0	493	351	0.998955
1	493	57	0.998955
0	493	335	0.998955
1	493	97	0.998955
1	493	82	0.998954
0	493	279	0.998954
0	493	206	0.998952
0	493	335	0.998952
0	493	354	0.998952
0	493	189	0.998952
1	493	84	0.998952
0	493	331	0.998952
1	493	52	0.998952
0	493	429	0.998952
0	493	352	0.998952
1	493	71	0.998952
1	493	77	0.998952
1	493	132	0.998952
1	493	86	0.998951
0	493	236	0.998951
1	493	155	0.998951
1	493	58	0.998951
0	493	322	0.998951
0	493	350	0.998951
0	493	412	0.998949
1	493	126	0.998949
0	493	244	0.998949
0	493	461	0.998949
1	493	150	0.998948
0	493	477	0.998948
0	493	412	0.998948
0	493	427	0.998948
1	493	136	0.998948
1	493	131	0.998948
0	493	312	0.998948
0	493	373	0.998947
1	493	50	0.998947
0	493	194	0.998947
1	493	87	0.998947
0	493	390	0.998945
0	493	445	0.998945
1	493	71	0.998945
1	493	112	0.998945
0	493	257	0.998945
1	493	47	0.998945
0	493	405	0.998944
0	493	418	0.998944
1	493	113	0.998944
0	493	325	0.998944
0	493	375	0.998944
1	493	131	0.998944
0	493	178	0.998944
1	493	162	0.998943
0	493	172	0.998943
0	493	171	0.998943
1	493	107	0.998943
1	493	44	0.998943
0	493	431	0.998943
0	493	444	0.998943
1	493	85	0.998943
0	493	295	0.998941
0	493	491	0.998941
1	493	96	0.998941
0	493	461	0.99894
0	493	303	0.99894
0	493	419	0.99894
0	493	336	0.998939
0	493	434	0.998939
0	493	489	0.998939
0	493	486	0.998939
0	493	488	0.998937
0	493	248	0.998937
0	493	390	0.998937
0	493	256	0.998937
0	493	266	0.998937
0	493	450	0.998936
1	493	137	0.998936
0	493	230	0.998936
0	493	191	0.998936
1	493	143	0.998936
0	493	492	0.998934
1	493	142	0.998934
0	493	448	0.998934
0	493	215	0.998934
1	493	82	0.998934
0	493	175	0.998934
0	493	468	0.998933
0	493	230	0.998933
0	493	208	0.998933
1	493	86	0.998933
0	493	284	0.998933
0	493	411	0.998933
0	493	477	0.998933
0	493	348	0.998932
0	493	289	0.998932
0	493	181	0.99893
0	493	321	0.99893
1	493	64	0.99893
0	493	298	0.99893
0	493	271	0.99893
1	493	102	0.998929
1	493	109	0.998929
0	493	256	0.998929
0	493	264	0.998929
0	493	394	0.998929
0	493	443	0.998929
0	493	204	0.998929
0	493	319	0.998929
0	493	459	0.998929
0	493	320	0.998928
0	493	382	0.998926
1	493	108	0.998926
0	493	455	0.998926
0	493	404	0.998926
1	493	32	0.998925
1	493	163	0.998925
1	493	43	0.998925
0	493	316	0.998925
1	493	142	0.998925
0	493	217	0.998923
0	493	416	0.998923
0	493	208	0.998923
0	493	290	0.998923
0	493	233	0.998923
1	493	69	0.998923
0	493	394	0.998922
0	493	398	0.998921
0	493	394	0.998921
0	493	466	0.998921
0	493	346	0.998921
1	493	73	0.998921
0	493	208	0.998919
0	493	315	0.998919
1	493	75	0.998919
1	493	45	0.998919
0	493	191	0.998919
1	493	122	0.998918
0	493	377	0.998918
1	493	32	0.998918
1	493	89	0.998918
0	493	370	0.998917
1	493	59	0.998917
0	493	265	0.998915
0	493	274	0.998915
1	493	26	0.998915
0	493	311	0.998914
0	493	407	0.998914
0	493	240	0.998914
0	493	326	0.998914
1	493	39	0.998914
0	493	304	0.998914
1	493	48	0.998914
0	493	317	0.998912
0	493	406	0.998912
0	493	307	0.998912
0	493	432	0.998912
1	493	59	0.998912
1	493	50	0.998912
0	493	331	0.998911
0	493	175	0.998911
0	493	200	0.998911
0	493	196	0.998911
0	493	342	0.99891
0	493	409	0.99891
0	493	334	0.99891
0	493	418	0.99891
0	493	323	0.998908
0	493	388	0.998908
0	493	379	0.998908
0	493	245	0.998908
0	493	350	0.998908
0	493	412	0.998907
1	493	129	0.998907
0	493	319	0.998907
1	493	119	0.998907
0	493	418	0.998907
0	493	230	0.998906
0	493	201	0.998906
1	493	97	0.998906
0	493	228	0.998906
1	493	84	0.998906
0	493	303	0.998906
0	493	418	0.998904
1	493	142	0.998904
1	493	23	0.998904
0	493	463	0.998903
1	493	42	0.998903
1	493	155	0.998903
0	493	311	0.998902
0	493	342	0.998902
1	493	24	0.998902
0	493	275	0.998902
0	493	288	0.998902
0	493	201	0.998902
0	493	356	0.998902
1	493	35	0.9989
0	493	245	0.9989
0	493	453	0.9989
1	493	60	0.9989
0	493	271	0.9989
0	493	256	0.998899
0	493	369	0.998899
0	493	190	0.998899
1	493	157	0.998899
0	493	297	0.998897
0	493	474	0.998896
1	493	156	0.998896
0	493	406	0.998896
0	493	460	0.998896
0	493	477	0.998896
0	493	381	0.998895
0	493	392	0.998895
0	493	194	0.998893
0	493	245	0.998893
0	493	271	0.998893
0	493	300	0.998893
1	493	96	0.998893
1	493	76	0.998893
1	493	140	0.998892
1	493	64	0.998892
0	493	202	0.998891
1	493	157	0.998891
0	493	474	0.998891
1	493	134	0.998891
0	493	463	0.998889
1	493	157	0.998889
1	493	76	0.998889
0	493	383	0.998889
0	493	276	0.998889
1	493	73	0.998888
0	493	447	0.998888
0	493	333	0.998888
0	493	471	0.998886
1	493	143	0.998886
0	493	292	0.998885
0	493	174	0.998885
0	493	247	0.998885
0	493	428	0.998885
1	493	127	0.998884
0	493	290	0.998884
1	493	71	0.998882
1	493	76	0.998882
1	493	32	0.998882
0	493	446	0.998882
0	493	446	0.998882
0	493	252	0.998882
0	493	221	0.998882
0	493	239	0.998881
0	493	379	0.998881
0	493	342	0.998881
0	493	325	0.99888
0	493	492	0.99888
0	493	214	0.99888
0	493	358	0.99888
0	493	478	0.99888
1	493	89	0.99888
1	493	91	0.99888
0	493	258	0.99888
0	493	436	0.998878
1	493	25	0.998877
1	493	141	0.998877
0	493	282	0.998877
1	493	42	0.998876
1	493	64	0.998876
0	493	421	0.998876
0	493	439	0.998876
0	493	311	0.998876
0	493	356	0.998876
0	493	323	0.998876
1	493	165	0.998876
1	493	160	0.998874
0	493	394	0.998874
0	493	479	0.998874
0	493	221	0.998873
0	493	347	0.998873
1	493	133	0.998873
1	493	90	0.998873
0	493	487	0.998873
0	493	342	0.998871
0	493	235	0.998871
0	493	211	0.99887
0	493	190	0.99887
0	493	260	0.998869
0	493	347	0.998869
1	493	42	0.998869
0	493	314	0.998869
0	493	224	0.998869
0	493	183	0.998869
0	493	335	0.998867
0	493	233	0.998867
0	493	458	0.998867
0	493	229	0.998867
0	493	343	0.998867
1	493	88	0.998867
0	493	300	0.998866
0	493	257	0.998866
1	493	152	0.998866
0	493	407	0.998866
0	493	305	0.998866
1	493	125	0.998866
0	493	435	0.998866
0	493	242	0.998865
0	493	354	0.998865
0	493	246	0.998865
0	493	309	0.998865
0	493	311	0.998865
0	493	268	0.998865
0	493	280	0.998862
0	493	415	0.998862
0	493	340	0.998862
1	493	23	0.998862
0	493	287	0.998862
1	493	79	0.998862
1	493	76	0.99886
0	493	484	0.99886
0	493	370	0.99886
0	493	394	0.998859
0	493	361	0.998859
0	493	408	0.998859
0	493	315	0.998858
0	493	221	0.998858
0	493	421	0.998856
0	493	256	0.998856
0	493	439	0.998856
0	493	419	0.998856
0	493	348	0.998856
0	493	404	0.998855
0	493	191	0.998855
0	493	464	0.998855
0	493	385	0.998855
0	493	405	0.998855
1	493	70	0.998855
1	493	41	0.998854
0	493	355	0.998854
0	493	492	0.998854
1	493	74	0.998854
1	493	36	0.998854
1	493	124	0.998854
1	493	53	0.998854
0	493	177	0.998854
0	493	308	0.998854
0	493	188	0.998852
0	493	213	0.998852
0	493	255	0.998852
1	493	113	0.998852
1	493	94	0.998852
1	493	34	0.998852
0	493	367	0.998851
0	493	277	0.998851
0	493	245	0.99885
0	493	266	0.99885
0	493	377	0.99885
0	493	273	0.99885
0	493	245	0.99885
0	493	367	0.99885
0	493	317	0.998848
0	493	188	0.998848
1	493	89	0.998848
1	493	33	0.998848
1	493	134	0.998848
1	493	75	0.998847
1	493	91	0.998847
0	493	227	0.998847
0	493	175	0.998845
1	493	75	0.998844
1	493	40	0.998844
0	493	234	0.998844
0	493	166	0.998844
0	493	199	0.998844
0	493	209	0.998843
0	493	184	0.998843
0	493	349	0.998843
0	493	427	0.998843
1	493	28	0.998843
1	493	110	0.998843
0	493	391	0.998841
0	493	201	0.998841
0	493	257	0.998841
1	493	145	0.998841
0	493	476	0.99884
0	493	256	0.99884
0	493	289	0.99884
0	493	190	0.998839
0	493	268	0.998839
1	493	27	0.998839
0	493	263	0.998839
1	493	75	0.998839
0	493	441	0.998839
0	493	316	0.998837
0	493	450	0.998836
0	493	366	0.998836
0	493	216	0.998836
1	493	73	0.998834
1	493	65	0.998834
1	493	154	0.998834
0	493	192	0.998833
0	493	245	0.998833
1	493	113	0.998833
0	493	336	0.998833
0	493	478	0.998832
0	493	432	0.998832
0	493	424	0.998832
0	493	274	0.998832
1	493	151	0.99883
0	493	242	0.99883
0	493	383	0.99883
0	493	299	0.99883
0	493	180	0.99883
1	493	163	0.998829
0	493	368	0.998829
1	493	32	0.998828
0	493	310	0.998828
0	493	287	0.998828
0	493	422	0.998828
0	493	459	0.998828
1	493	132	0.998828
0	493	251	0.998828
0	493	274	0.998828
0	493	312	0.998828
1	493	119	0.998826
1	493	53	0.998826
1	493	38	0.998826
1	493	138	0.998826
0	493	403	0.998826
0	493	217	0.998825
0	493	293	0.998825
0	493	377	0.998825
0	493	216	0.998825
0	493	425	0.998825
0	493	392	0.998824
0	493	194	0.998824
0	493	454	0.998822
1	493	108	0.998822
0	493	192	0.998822
1	493	84	0.998822
1	493	159	0.998821
0	493	492	0.998821
0	493	319	0.998821
0	493	492	0.998821
0	493	413	0.998819
0	493	329	0.998819
1	493	55	0.998819
1	493	28	0.998819
0	493	313	0.998819
0	493	257	0.998818
0	493	315	0.998818
0	493	336	0.998818
0	493	438	0.998817
0	493	377	0.998817
0	493	310	0.998817
0	493	199	0.998817
0	493	370	0.998817
0	493	409	0.998817
0	493	232	0.998817
0	493	369	0.998817
1	493	86	0.998817
0	493	470	0.998815
0	493	343	0.998815
1	493	35	0.998815
0	493	293	0.998815
0	493	489	0.998815
0	493	359	0.998815
0	493	455	0.998815
0	493	232	0.998815
0	493	444	0.998815
0	493	376	0.998814
1	493	133	0.998814
0	493	453	0.998814
1	493	156	0.998814
1	493	75	0.998813
0	493	479	0.998813
0	493	434	0.998813
1	493	160	0.998813
0	493	192	0.998813
0	493	448	0.998813
0	493	318	0.998813
1	493	145	0.998811
0	493	206	0.998811
0	493	172	0.998811
0	493	350	0.99881
0	493	281	0.99881
0	493	196	0.99881
0	493	239	0.99881
0	493	315	0.99881
0	493	355	0.998808
0	493	341	0.998808
0	493	469	0.998808
1	493	112	0.998807
0	493	432	0.998806
0	493	387	0.998806
0	493	212	0.998806
0	493	167	0.998804
1	493	73	0.998804
0	493	302	0.998803
0	493	415	0.998803
0	493	305	0.998803
1	493	144	0.998803
0	493	486	0.998803
0	493	449	0.998803
1	493	107	0.998802
1	493	28	0.998802
1	493	39	0.998802
1	493	161	0.9988
0	493	390	0.9988
0	493	332	0.9988
0	493	491	0.9988
1	493	151	0.9988
0	493	285	0.9988
0	493	307	0.9988
0	493	214	0.998799
0	493	306	0.998799
1	493	148	0.998799
0	493	295	0.998799
1	493	74	0.998799
0	493	230	0.998799
0	493	187	0.998799
0	493	216	0.998799
0	493	333	0.998798
0	493	266	0.998798
0	493	435	0.998798
0	493	200	0.998796
1	493	88	0.998796
0	493	447	0.998796
1	493	27	0.998795
0	493	387	0.998795
0	493	398	0.998793
1	493	25	0.998793
0	493	387	0.998793
0	493	304	0.998793
0	493	466	0.998793
1	493	75	0.998793
0	493	299	0.998793
0	493	367	0.998792
1	493	83	0.998792
0	493	344	0.998792
0	493	426	0.998792
0	493	270	0.998792
0	493	211	0.998791
1	493	81	0.998791
0	493	193	0.998791
1	493	23	0.998789
1	493	40	0.998789
0	493	310	0.998789
0	493	256	0.998788
1	493	128	0.998788
1	493	151	0.998788
0	493	418	0.998788
0	493	259	0.998787
0	493	222	0.998787
1	493	33	0.998787
0	493	347	0.998785
0	493	424	0.998785
0	493	380	0.998784
0	493	330	0.998784
0	493	402	0.998784
0	493	272	0.998782
1	493	111	0.998782
0	493	247	0.998782
0	493	232	0.998782
0	493	332	0.998782
0	493	341	0.998781
0	493	264	0.998781
1	493	35	0.998781
0	493	246	0.998781
0	493	362	0.998781
0	493	303	0.998781
1	493	85	0.998778
0	493	385	0.998778
1	493	152	0.998777
0	493	449	0.998777
0	493	205	0.998777
0	493	219	0.998777
0	493	350	0.998776
0	493	398	0.998776
0	493	365	0.998776
1	493	70	0.998776
1	493	128	0.998774
0	493	342	0.998774
0	493	358	0.998774
0	493	484	0.998774
0	493	402	0.998774
0	493	460	0.998774
1	493	91	0.998772
0	493	465	0.998772
0	493	330	0.998772
1	493	57	0.998772
0	493	461	0.99877
0	493	465	0.99877
0	493	287	0.99877
0	493	195	0.99877
1	493	158	0.99877
0	493	192	0.998769
0	493	355	0.998769
0	493	183	0.998767
0	493	256	0.998767
0	493	256	0.998767
0	493	219	0.998767
0	493	492	0.998767
0	493	216	0.998766
0	493	164	0.998766
0	493	311	0.998766
0	493	226	0.998766
1	493	56	0.998766
0	493	397	0.998766
0	493	203	0.998766
0	493	471	0.998766
0	493	179	0.998765
0	493	269	0.998765
0	493	373	0.998765
0	493	188	0.998765
0	493	384	0.998765
0	493	451	0.998765
1	493	39	0.998765
1	493	72	0.998763
0	493	472	0.998763
0	493	204	0.998763
0	493	364	0.998763
0	493	313	0.998762
1	493	141	0.998762
0	493	346	0.998762
0	493	303	0.998762
1	493	116	0.998762
1	493	153	0.998761
0	493	394	0.998759
0	493	467	0.998759
1	493	26	0.998759
1	493	96	0.998758
0	493	305	0.998758
0	493	253	0.998758
0	493	256	0.998758
1	493	45	0.998758
0	493	429	0.998758
0	493	376	0.998758
0	493	445	0.998758
1	493	23	0.998758
0	493	300	0.998756
0	493	367	0.998756
0	493	283	0.998756
0	493	233	0.998756
1	493	50	0.998756
0	493	211	0.998756
1	493	139	0.998756
1	493	139	0.998756
0	493	359	0.998755
0	493	410	0.998755
0	493	279	0.998755
0	493	484	0.998754
0	493	384	0.998754
0	493	188	0.998754
0	493	288	0.998752
0	493	263	0.998752
1	493	63	0.998752
1	493	106	0.998752
1	493	88	0.998752
0	493	180	0.998751
0	493	204	0.998751
0	493	278	0.998751
0	493	259	0.998751
1	493	74	0.998751
0	493	420	0.998751
1	493	52	0.99875
1	493	108	0.99875
0	493	408	0.99875
0	493	271	0.998748
0	493	251	0.998748
0	493	254	0.998748
0	493	271	0.998748
1	493	134	0.998748
0	493	172	0.998748
0	493	297	0.998747
1	493	27	0.998747
1	493	31	0.998747
0	493	166	0.998747
0	493	483	0.998747
0	493	225	0.998747
0	493	297	0.998744
0	493	477	0.998744
0	493	401	0.998744
0	493	191	0.998744
0	493	329	0.998743
0	493	366	0.998743
0	493	384	0.998741
0	493	353	0.998741
1	493	109	0.998741
0	493	381	0.998741
1	493	150	0.998741
1	493	109	0.99874
0	493	439	0.99874
0	493	487	0.99874
0	493	462	0.99874
0	493	326	0.99874
0	493	224	0.998739
0	493	226	0.998739
0	493	422	0.998739
1	493	110	0.998739
0	493	320	0.998737
0	493	427	0.998736
0	493	381	0.998736
1	493	54	0.998736
0	493	333	0.998736
0	493	237	0.998735
0	493	204	0.998735
0	493	423	0.998735
0	493	475	0.998735
1	493	97	0.998735
0	493	188	0.998735
0	493	409	0.998735
1	493	99	0.998733
0	493	439	0.998733
0	493	383	0.998732
1	493	51	0.998732
1	493	153	0.998732
1	493	146	0.998732
1	493	77	0.998732
0	493	474	0.998732
0	493	481	0.99873
0	493	379	0.99873
1	493	45	0.99873
1	493	27	0.99873
0	493	324	0.998729
0	493	434	0.998729
0	493	404	0.998729
1	493	103	0.998729
0	493	399	0.998729
0	493	217	0.998728
1	493	137	0.998728
0	493	319	0.998728
0	493	171	0.998728
0	493	397	0.998726
1	493	96	0.998726
0	493	208	0.998726
1	493	94	0.998726
0	493	314	0.998726
0	493	458	0.998725
0	493	280	0.998725
0	493	310	0.998725
0	493	390	0.998725
1	493	36	0.998725
1	493	39	0.998725
0	493	312	0.998725
1	493	104	0.998725
1	493	106	0.998725
0	493	299	0.998724
0	493	434	0.998724
0	493	470	0.998722
0	493	434	0.998722
0	493	258	0.998722
0	493	452	0.998721
0	493	287	0.998721
0	493	410	0.998721
0	493	247	0.998721
0	493	341	0.998721
1	493	136	0.99872
0	493	460	0.99872
1	493	67	0.99872
0	493	209	0.998718
0	493	364	0.998718
0	493	458	0.998718
0	493	169	0.998718
1	493	83	0.998717
0	493	237	0.998717
1	493	70	0.998717
0	493	262	0.998717
0	493	275	0.998715
1	493	51	0.998715
1	493	67	0.998714
0	493	464	0.998714
0	493	358	0.998714
0	493	418	0.998714
0	493	379	0.998713
1	493	115	0.998713
0	493	322	0.998713
0	493	475	0.998713
1	493	134	0.998713
1	493	26	0.998713
0	493	223	0.998711
1	493	43	0.998711
0	493	354	0.998711
0	493	414	0.998711
0	493	443	0.998711
0	493	339	0.99871
0	493	225	0.99871
1	493	36	0.998709
0	493	382	0.998709
0	493	488	0.998709
0	493	201	0.998709
0	493	392	0.998709
0	493	417	0.998707
0	493	287	0.998707
0	493	461	0.998707
1	493	23	0.998707
0	493	176	0.998707
0	493	386	0.998707
0	493	186	0.998707
0	493	400	0.998706
0	493	315	0.998706
0	493	430	0.998706
1	493	88	0.998704
1	493	97	0.998704
1	493	152	0.998704
0	493	386	0.998704
0	493	229	0.998704
0	493	470	0.998704
0	493	430	0.998703
0	493	173	0.998703
0	493	491	0.998702
1	493	126	0.998702
0	493	182	0.9987
0	493	350	0.998699
0	493	444	0.998699
0	493	297	0.998699
1	493	110	0.998699
0	493	465	0.998699
0	493	401	0.998699
0	493	221	0.998699
0	493	297	0.998699
0	493	485	0.998698
1	493	29	0.998698
0	493	353	0.998698
0	493	177	0.998696
0	493	393	0.998696
0	493	277	0.998696
0	493	261	0.998696
0	493	454	0.998696
0	493	208	0.998695
0	493	273	0.998695
0	493	184	0.998695
1	493	63	0.998693
0	493	240	0.998693
1	493	95	0.998693
1	493	93	0.998693
0	493	466	0.998692
0	493	318	0.998692
0	493	397	0.998692
0	493	358	0.998692
0	493	182	0.998692
0	493	221	0.998692
0	493	451	0.998692
0	493	366	0.998691
0	493	456	0.998691
0	493	280	0.998691
0	493	213	0.998691
0	493	383	0.998691
0	493	413	0.998691
0	493	485	0.998689
0	493	455	0.998689
0	493	190	0.998689
0	493	231	0.998689
1	493	149	0.998689
0	493	270	0.998689
1	493	89	0.998689
0	493	283	0.998689
0	493	307	0.998688
0	493	372	0.998688
1	493	43	0.998688
0	493	248	0.998688
0	493	260	0.998687
0	493	183	0.998687
0	493	443	0.998687
0	493	164	0.998687
0	493	432	0.998687
0	493	456	0.998687
0	493	305	0.998685
0	493	193	0.998684
0	493	427	0.998684
0	493	213	0.998684
0	493	179	0.998684
0	493	349	0.998684
0	493	317	0.998684
1	493	26	0.998684
0	493	477	0.998684
0	493	283	0.998684
1	493	74	0.998683
0	493	358	0.998683
0	493	313	0.998683
1	493	93	0.998683
1	493	73	0.998683
0	493	193	0.998683
0	493	275	0.998683
0	493	468	0.998683
0	493	371	0.998683
0	493	345	0.998681
1	493	162	0.998681
0	493	351	0.998681
0	493	433	0.998681
0	493	238	0.998681
0	493	200	0.998681
0	493	373	0.998678
0	493	254	0.998678
1	493	57	0.998678
0	493	433	0.998678
0	493	420	0.998677
0	493	341	0.998677
0	493	418	0.998677
0	493	206	0.998677
0	493	189	0.998676
1	493	111	0.998676
0	493	457	0.998676
1	493	115	0.998676
0	493	174	0.998674
0	493	453	0.998674
0	493	394	0.998674
1	493	49	0.998674
0	493	205	0.998673
0	493	172	0.998673
1	493	150	0.998672
0	493	462	0.998672
1	493	28	0.998672
1	493	142	0.99867
0	493	327	0.99867
0	493	252	0.99867
1	493	89	0.998669
1	493	53	0.998669
0	493	455	0.998669
0	493	450	0.998669
0	493	488	0.998667
0	493	274	0.998667
0	493	267	0.998667
0	493	328	0.998667
1	493	154	0.998665
0	493	382	0.998665
0	493	480	0.998665
0	493	168	0.998665
1	493	106	0.998665
0	493	215	0.998665
0	493	285	0.998665
0	493	206	0.998665
0	493	325	0.998663
0	493	315	0.998663
0	493	439	0.998663
1	493	79	0.998663
0	493	277	0.998662
0	493	283	0.998662
0	493	437	0.998662
0	493	422	0.998662
0	493	334	0.998662
0	493	356	0.998662
0	493	346	0.998662
0	493	321	0.998662
0	493	183	0.998661
0	493	226	0.998661
1	493	37	0.998661
1	493	107	0.998659
1	493	152	0.998659
0	493	405	0.998659
0	493	456	0.998658
0	493	254	0.998658
0	493	195	0.998658
1	493	149	0.998658
0	493	351	0.998658
0	493	219	0.998658
0	493	365	0.998657
0	493	465	0.998657
0	493	337	0.998657
0	493	483	0.998657
1	493	119	0.998655
0	493	277	0.998655
0	493	387	0.998655
1	493	126	0.998655
0	493	196	0.998655
1	493	53	0.998655
0	493	173	0.998654
1	493	113	0.998654
0	493	348	0.998654
0	493	265	0.998654
1	493	121	0.998652
1	493	29	0.998652
0	493	321	0.998652
0	493	207	0.998651
1	493	133	0.998651
0	493	355	0.998651
0	493	487	0.998651
0	493	284	0.99865
0	493	490	0.99865
1	493	48	0.99865
0	493	448	0.99865
0	493	267	0.99865
0	493	281	0.99865
0	493	418	0.99865
1	493	141	0.998648
0	493	454	0.998648
1	493	24	0.998648
0	493	255	0.998647
1	493	149	0.998647
1	493	88	0.998646
0	493	489	0.998646
0	493	488	0.998646
0	493	316	0.998646
0	493	384	0.998646
0	493	476	0.998646
0	493	289	0.998646
0	493	442	0.998644
0	493	367	0.998644
0	493	217	0.998644
1	493	162	0.998644
1	493	81	0.998643
0	493	471	0.998643
1	493	98	0.998643
0	493	477	0.998643
0	493	336	0.998643
0	493	307	0.998641
0	493	256	0.998641
0	493	205	0.998641
0	493	270	0.998641
0	493	380	0.998641
0	493	361	0.998641
1	493	63	0.998641
1	493	155	0.99864
0	493	183	0.99864
0	493	287	0.998639
0	493	379	0.998639
1	493	122	0.998639
0	493	275	0.998639
0	493	170	0.998639
1	493	161	0.998639
1	493	162	0.998639
1	493	49	0.998639
0	493	415	0.998639
0	493	273	0.998639
0	493	415	0.998637
0	493	456	0.998637
0	493	381	0.998637
0	493	375	0.998637
0	493	243	0.998637
1	493	89	0.998636
0	493	400	0.998636
0	493	345	0.998636
0	493	379	0.998636
1	493	32	0.998635
0	493	301	0.998635
0	493	310	0.998635
1	493	112	0.998635
0	493	354	0.998635
0	493	332	0.998635
0	493	325	0.998635
1	493	141	0.998635
0	493	354	0.998635
1	493	132	0.998635
0	493	414	0.998635
0	493	304	0.998635
1	493	40	0.998633
1	493	64	0.998633
0	493	264	0.998633
0	493	319	0.998632
1	493	62	0.998632
0	493	404	0.998632
0	493	279	0.998632
0	493	384	0.998632
0	493	253	0.998632
0	493	280	0.998632
0	493	362	0.998632
0	493	240	0.998631
0	493	452	0.998631
0	493	171	0.998631
0	493	181	0.998631
1	493	95	0.998631
0	493	314	0.998631
0	493	254	0.998631
