31801.8
0.943806
2000
1	377	361	1
1	377	374	1
1	377	360	1
1	377	327	1
1	377	332	1
1	377	359	1
1	377	362	0.999999
1	377	345	0.999999
1	377	355	0.999999
1	377	327	0.999999
1	377	326	0.999999
1	377	342	0.999999
1	377	365	0.999999
1	377	352	0.999999
1	377	356	0.999999
1	377	332	0.999999
1	377	334	0.999998
1	377	370	0.999998
1	377	356	0.999998
1	377	356	0.999998
1	377	354	0.999998
1	377	356	0.999998
1	377	367	0.999998
1	377	359	0.999998
1	377	342	0.999998
1	377	345	0.999998
1	377	335	0.999998
1	377	367	0.999998
1	377	352	0.999997
1	377	349	0.999997
1	377	334	0.999997
1	377	328	0.999997
1	377	362	0.999997
1	377	368	0.999997
1	377	350	0.999997
1	377	346	0.999997
1	377	340	0.999997
1	377	374	0.999997
1	377	368	0.999997
1	377	356	0.999997
1	377	327	0.999997
1	377	328	0.999997
1	377	349	0.999996
1	377	328	0.999996
1	377	348	0.999996
1	377	354	0.999996
1	377	330	0.999996
1	377	364	0.999996
1	377	347	0.999996
1	377	359	0.999996
1	377	341	0.999996
1	377	345	0.999996
1	377	334	0.999996
1	377	367	0.999996
1	377	362	0.999996
1	377	339	0.999996
1	377	352	0.999996
1	377	356	0.999996
1	377	340	0.999996
1	377	344	0.999996
1	377	336	0.999995
1	377	351	0.999995
1	377	343	0.999995
1	377	367	0.999995
1	377	328	0.999995
1	377	339	0.999995
1	377	372	0.999995
1	377	366	0.999995
1	377	374	0.999995
1	377	343	0.999995
1	377	356	0.999995
1	377	355	0.999995
1	377	334	0.999995
1	377	340	0.999995
1	377	332	0.999995
1	377	342	0.999994
1	377	348	0.999994
1	377	328	0.999994
1	377	371	0.999994
1	377	344	0.999994
1	377	358	0.999994
1	377	352	0.999994
1	377	371	0.999994
1	377	344	0.999994
1	377	351	0.999994
1	377	370	0.999994
1	377	360	0.999994
0	377	376	0.999994
1	377	346	0.999994
1	377	355	0.999994
1	377	373	0.999994
1	377	362	0.999994
1	377	350	0.999994
1	377	338	0.999994
1	377	348	0.999994
1	377	352	0.999993
1	377	352	0.999993
1	377	349	0.999993
1	377	365	0.999993
1	377	357	0.999993
1	377	332	0.999993
1	377	358	0.999993
1	377	334	0.999993
1	377	340	0.999993
1	377	357	0.999993
1	377	363	0.999993
1	377	366	0.999993
1	377	360	0.999993
1	377	373	0.999992
1	377	371	0.999992
1	377	365	0.999992
1	377	372	0.999992
1	377	334	0.999992
1	377	364	0.999992
1	377	350	0.999992
1	377	353	0.999992
1	377	347	0.999992
1	377	346	0.999992
1	377	327	0.999991
1	377	345	0.999991
1	377	355	0.999991
1	377	340	0.999991
1	377	331	0.999991
1	377	366	0.999991
1	377	353	0.999991
1	377	328	0.999991
1	377	336	0.999991
1	377	361	0.999991
1	377	336	0.999991
1	377	362	0.999991
1	377	329	0.999991
1	377	349	0.999991
0	377	375	0.999991
1	377	328	0.999991
1	377	337	0.999991
1	377	334	0.999991
1	377	354	0.99999
1	377	353	0.99999
1	377	346	0.99999
1	377	337	0.99999
1	377	329	0.99999
1	377	349	0.99999
1	377	344	0.99999
1	377	370	0.99999
1	377	366	0.99999
1	377	339	0.99999
1	377	341	0.99999
1	377	372	0.99999
1	377	363	0.99999
1	377	333	0.99999
1	377	338	0.999989
1	377	359	0.999989
1	377	365	0.999989
0	377	374	0.999989
1	377	352	0.999989
1	377	368	0.999989
1	377	344	0.999989
1	377	326	0.999989
1	377	340	0.999989
1	377	354	0.999989
1	377	341	0.999989
1	377	342	0.999989
1	377	333	0.999989
1	377	355	0.999989
1	377	360	0.999989
1	377	346	0.999989
1	377	358	0.999989
1	377	345	0.999988
1	377	342	0.999988
1	377	351	0.999988
1	377	363	0.999988
0	377	376	0.999988
0	377	376	0.999988
1	377	331	0.999988
1	377	326	0.999988
1	377	355	0.999988
1	377	332	0.999987
1	377	359	0.999987
1	377	364	0.999987
1	377	328	0.999987
1	377	330	0.999987
1	377	361	0.999987
1	377	371	0.999987
1	377	334	0.999987
1	377	357	0.999987
1	377	365	0.999987
1	377	348	0.999987
1	377	346	0.999987
1	377	347	0.999987
1	377	341	0.999987
1	377	359	0.999986
1	377	356	0.999986
1	377	336	0.999986
1	377	367	0.999986
0	377	375	0.999986
0	377	372	0.999986
1	377	341	0.999986
1	377	357	0.999986
1	377	365	0.999986
1	377	353	0.999986
1	377	343	0.999985
1	377	326	0.999985
1	377	353	0.999985
1	377	363	0.999985
1	377	368	0.999985
1	377	332	0.999985
1	377	336	0.999985
1	377	353	0.999985
1	377	369	0.999985
1	377	333	0.999984
1	377	340	0.999984
1	377	351	0.999984
1	377	368	0.999984
1	377	367	0.999984
1	377	361	0.999984
1	377	345	0.999984
1	377	369	0.999984
1	377	338	0.999984
1	377	344	0.999984
1	377	344	0.999984
0	377	371	0.999984
1	377	357	0.999984
1	377	350	0.999983
1	377	335	0.999983
0	377	374	0.999983
1	377	331	0.999983
1	377	326	0.999983
1	377	363	0.999983
1	377	342	0.999983
1	377	336	0.999983
0	377	375	0.999983
1	377	329	0.999982
1	377	361	0.999982
1	377	362	0.999982
0	377	371	0.999982
1	377	330	0.999982
1	377	361	0.999982
0	377	375	0.999982
0	377	372	0.999982
0	377	376	0.999982
1	377	343	0.999982
1	377	361	0.999981
1	377	359	0.999981
1	377	328	0.999981
1	377	368	0.999981
1	377	351	0.999981
1	377	360	0.999981
1	377	340	0.999981
1	377	328	0.999981
0	377	375	0.999981
1	377	353	0.999981
1	377	327	0.999981
1	377	364	0.999981
1	377	358	0.999981
1	377	351	0.999981
1	377	352	0.999981
1	377	349	0.999981
1	377	335	0.99998
1	377	339	0.99998
0	377	372	0.99998
1	377	352	0.99998
1	377	348	0.99998
1	377	354	0.99998
1	377	327	0.99998
0	377	372	0.99998
1	377	348	0.99998
1	377	351	0.99998
1	377	359	0.99998
0	377	369	0.99998
1	377	358	0.99998
0	377	376	0.99998
0	377	370	0.99998
1	377	351	0.99998
0	377	375	0.99998
1	377	349	0.999979
1	377	340	0.999979
1	377	345	0.999979
1	377	350	0.999979
1	377	355	0.999979
1	377	335	0.999979
1	377	361	0.999979
0	377	374	0.999979
1	377	355	0.999979
1	377	363	0.999979
1	377	340	0.999979
1	377	356	0.999979
1	377	344	0.999979
1	377	327	0.999979
1	377	365	0.999979
0	377	372	0.999979
1	377	336	0.999979
1	377	337	0.999979
1	377	342	0.999979
1	377	330	0.999978
1	377	331	0.999978
1	377	344	0.999978
1	377	368	0.999978
1	377	340	0.999978
1	377	364	0.999978
1	377	332	0.999978
1	377	356	0.999978
1	377	330	0.999978
1	377	350	0.999978
1	377	353	0.999978
0	377	371	0.999978
1	377	335	0.999978
1	377	327	0.999977
0	377	371	0.999977
1	377	362	0.999977
1	377	356	0.999977
0	377	376	0.999977
1	377	329	0.999977
0	377	373	0.999977
1	377	350	0.999977
1	377	344	0.999977
1	377	354	0.999977
1	377	330	0.999976
1	377	346	0.999976
0	377	369	0.999976
1	377	344	0.999976
1	377	357	0.999976
1	377	362	0.999976
1	377	365	0.999976
1	377	335	0.999976
1	377	365	0.999976
1	377	347	0.999976
1	377	339	0.999976
0	377	369	0.999976
1	377	332	0.999976
1	377	362	0.999976
1	377	347	0.999975
1	377	328	0.999975
1	377	364	0.999975
0	377	374	0.999975
1	377	363	0.999975
1	377	360	0.999975
0	377	376	0.999975
1	377	337	0.999975
1	377	366	0.999975
1	377	353	0.999975
0	377	369	0.999975
0	377	372	0.999975
1	377	347	0.999975
1	377	332	0.999975
1	377	345	0.999975
1	377	337	0.999975
1	377	354	0.999975
1	377	326	0.999975
1	377	328	0.999975
1	377	358	0.999975
1	377	345	0.999975
1	377	351	0.999975
1	377	355	0.999975
0	377	372	0.999975
1	377	344	0.999974
1	377	328	0.999974
1	377	358	0.999974
1	377	356	0.999974
1	377	326	0.999974
0	377	367	0.999974
0	377	376	0.999974
1	377	329	0.999974
1	377	328	0.999974
0	377	376	0.999974
1	377	357	0.999974
1	377	339	0.999974
0	377	375	0.999974
1	377	327	0.999974
1	377	352	0.999973
1	377	342	0.999973
0	377	373	0.999973
1	377	344	0.999973
1	377	356	0.999973
1	377	350	0.999973
1	377	365	0.999973
1	377	330	0.999973
1	377	359	0.999973
1	377	346	0.999973
1	377	328	0.999973
1	377	349	0.999973
0	377	369	0.999973
1	377	351	0.999972
0	377	370	0.999972
1	377	363	0.999972
1	377	353	0.999972
1	377	354	0.999972
0	377	370	0.999972
1	377	330	0.999972
1	377	326	0.999972
0	377	370	0.999972
1	377	329	0.999972
1	377	340	0.999972
1	377	359	0.999972
1	377	326	0.999972
1	377	365	0.999972
1	377	353	0.999972
1	377	337	0.999972
1	377	338	0.999972
1	377	339	0.999972
0	377	376	0.999972
0	377	370	0.999971
1	377	341	0.999971
1	377	354	0.999971
1	377	336	0.999971
1	377	335	0.999971
1	377	356	0.999971
1	377	360	0.999971
1	377	364	0.999971
1	377	327	0.999971
1	377	339	0.999971
1	377	352	0.999971
1	377	344	0.999971
1	377	358	0.999971
1	377	356	0.999971
1	377	362	0.999971
1	377	339	0.999971
1	377	341	0.999971
1	377	352	0.999971
1	377	330	0.999971
1	377	358	0.999971
1	377	347	0.999971
1	377	355	0.99997
0	377	374	0.99997
1	377	358	0.99997
1	377	350	0.99997
1	377	350	0.99997
0	377	370	0.99997
1	377	337	0.99997
1	377	344	0.99997
1	377	330	0.99997
1	377	326	0.99997
1	377	331	0.99997
1	377	363	0.99997
0	377	370	0.999969
1	377	350	0.999969
1	377	330	0.999969
1	377	328	0.999969
0	377	372	0.999969
1	377	342	0.999969
1	377	364	0.999969
1	377	334	0.999969
1	377	364	0.999969
1	377	360	0.999969
1	377	352	0.999969
1	377	347	0.999969
0	377	368	0.999969
0	377	367	0.999969
1	377	333	0.999969
1	377	350	0.999969
0	377	376	0.999969
0	377	366	0.999968
1	377	348	0.999968
0	377	375	0.999968
1	377	360	0.999968
0	377	373	0.999968
1	377	364	0.999968
1	377	346	0.999968
1	377	342	0.999968
1	377	363	0.999968
1	377	326	0.999968
0	377	366	0.999968
1	377	343	0.999968
0	377	366	0.999968
1	377	357	0.999968
0	377	367	0.999967
1	377	347	0.999967
1	377	348	0.999967
1	377	334	0.999967
1	377	354	0.999967
1	377	364	0.999967
1	377	342	0.999967
1	377	338	0.999967
1	377	335	0.999967
1	377	334	0.999966
1	377	326	0.999966
1	377	337	0.999966
1	377	363	0.999966
1	377	359	0.999966
1	377	332	0.999966
1	377	340	0.999966
1	377	360	0.999966
1	377	343	0.999966
1	377	356	0.999966
1	377	351	0.999966
0	377	367	0.999966
1	377	340	0.999966
1	377	346	0.999966
1	377	329	0.999966
0	377	365	0.999966
0	377	366	0.999966
1	377	340	0.999966
1	377	331	0.999966
1	377	327	0.999966
1	377	334	0.999966
1	377	339	0.999965
1	377	329	0.999965
0	377	365	0.999965
1	377	350	0.999965
0	377	373	0.999965
1	377	338	0.999965
0	377	370	0.999965
1	377	363	0.999965
0	377	376	0.999965
0	377	371	0.999965
1	377	345	0.999965
1	377	358	0.999965
1	377	354	0.999965
0	377	370	0.999965
1	377	328	0.999965
1	377	354	0.999964
0	377	367	0.999964
1	377	335	0.999964
0	377	376	0.999964
0	377	370	0.999964
1	377	338	0.999964
0	377	374	0.999964
0	377	368	0.999964
1	377	363	0.999964
1	377	356	0.999964
1	377	345	0.999964
1	377	337	0.999963
0	377	371	0.999963
0	377	374	0.999963
1	377	344	0.999963
1	377	329	0.999963
1	377	326	0.999963
1	377	356	0.999963
0	377	373	0.999963
0	377	367	0.999963
0	377	371	0.999963
1	377	341	0.999963
1	377	355	0.999963
1	377	339	0.999963
1	377	347	0.999963
0	377	365	0.999963
0	377	367	0.999963
1	377	342	0.999963
0	377	375	0.999963
0	377	363	0.999962
1	377	359	0.999962
0	377	371	0.999962
0	377	365	0.999962
1	377	362	0.999962
1	377	349	0.999962
1	377	342	0.999962
1	377	327	0.999962
1	377	355	0.999962
1	377	346	0.999962
0	377	368	0.999962
0	377	371	0.999962
0	377	371	0.999961
1	377	331	0.999961
0	377	376	0.999961
1	377	343	0.999961
1	377	341	0.999961
1	377	335	0.999961
1	377	330	0.999961
1	377	356	0.999961
1	377	349	0.999961
1	377	351	0.999961
1	377	340	0.999961
1	377	335	0.999961
1	377	360	0.999961
0	377	365	0.999961
1	377	354	0.999961
1	377	341	0.99996
1	377	343	0.99996
1	377	343	0.99996
1	377	359	0.99996
1	377	332	0.99996
1	377	350	0.99996
1	377	344	0.99996
1	377	343	0.99996
1	377	348	0.99996
1	377	362	0.99996
0	377	364	0.99996
1	377	328	0.99996
1	377	362	0.999959
0	377	373	0.999959
1	377	337	0.999959
0	377	368	0.999959
1	377	343	0.999959
0	377	364	0.999959
1	377	344	0.999959
1	377	357	0.999959
0	377	375	0.999959
1	377	350	0.999959
1	377	355	0.999959
1	377	330	0.999959
0	377	376	0.999959
1	377	344	0.999958
1	377	349	0.999958
0	377	364	0.999958
1	377	357	0.999958
1	377	343	0.999958
0	377	375	0.999958
1	377	360	0.999958
1	377	327	0.999958
0	377	370	0.999958
1	377	336	0.999958
1	377	338	0.999958
1	377	357	0.999958
1	377	347	0.999958
1	377	352	0.999957
1	377	355	0.999957
1	377	344	0.999957
1	377	348	0.999957
1	377	348	0.999957
1	377	354	0.999957
1	377	328	0.999957
1	377	329	0.999957
0	377	372	0.999957
1	377	348	0.999957
1	377	340	0.999957
1	377	359	0.999957
1	377	341	0.999957
1	377	355	0.999957
1	377	346	0.999957
1	377	339	0.999956
1	377	347	0.999956
1	377	328	0.999956
1	377	347	0.999956
1	377	357	0.999956
1	377	356	0.999956
1	377	341	0.999956
0	377	362	0.999956
1	377	333	0.999955
1	377	332	0.999955
0	377	374	0.999955
1	377	344	0.999955
0	377	364	0.999955
0	377	371	0.999955
1	377	355	0.999955
1	377	334	0.999955
0	377	361	0.999955
0	377	373	0.999955
1	377	351	0.999955
1	377	356	0.999955
1	377	337	0.999954
0	377	366	0.999954
1	377	339	0.999954
0	377	369	0.999954
1	377	328	0.999954
1	377	360	0.999954
0	377	362	0.999954
1	377	352	0.999954
1	377	329	0.999954
1	377	346	0.999954
1	377	336	0.999954
0	377	367	0.999954
1	377	353	0.999954
1	377	356	0.999954
1	377	359	0.999954
1	377	355	0.999954
1	377	327	0.999953
0	377	368	0.999953
1	377	359	0.999953
1	377	345	0.999953
1	377	360	0.999953
1	377	345	0.999953
1	377	349	0.999953
1	377	352	0.999953
1	377	333	0.999953
0	377	375	0.999952
1	377	358	0.999952
1	377	338	0.999952
1	377	330	0.999952
0	377	366	0.999952
1	377	353	0.999952
1	377	337	0.999952
1	377	360	0.999952
1	377	326	0.999952
1	377	348	0.999952
1	377	340	0.999952
1	377	342	0.999951
0	377	362	0.999951
0	377	361	0.999951
0	377	361	0.999951
1	377	346	0.999951
1	377	329	0.999951
1	377	350	0.999951
0	377	368	0.999951
0	377	374	0.999951
0	377	360	0.999951
1	377	332	0.999951
1	377	359	0.999951
1	377	339	0.999951
0	377	364	0.999951
0	377	376	0.999951
0	377	373	0.999951
1	377	353	0.999951
0	377	363	0.999951
1	377	349	0.999951
0	377	367	0.999951
0	377	372	0.999951
1	377	354	0.999951
1	377	356	0.999951
1	377	340	0.999951
0	377	373	0.999951
0	377	376	0.99995
1	377	331	0.99995
1	377	351	0.99995
1	377	347	0.99995
1	377	353	0.99995
0	377	361	0.99995
1	377	358	0.99995
1	377	328	0.99995
1	377	358	0.99995
0	377	362	0.99995
1	377	336	0.99995
1	377	351	0.99995
1	377	343	0.99995
0	377	376	0.99995
1	377	350	0.99995
0	377	370	0.999949
1	377	328	0.999949
1	377	329	0.999949
1	377	342	0.999949
1	377	328	0.999949
1	377	329	0.999949
1	377	351	0.999949
0	377	373	0.999949
0	377	363	0.999948
0	377	361	0.999948
1	377	359	0.999948
1	377	355	0.999948
1	377	359	0.999948
1	377	328	0.999948
0	377	361	0.999948
1	377	356	0.999948
0	377	364	0.999948
1	377	358	0.999948
1	377	358	0.999948
0	377	366	0.999948
0	377	376	0.999948
1	377	333	0.999948
0	377	374	0.999947
1	377	359	0.999947
0	377	367	0.999947
1	377	341	0.999947
1	377	351	0.999947
1	377	335	0.999947
0	377	363	0.999947
1	377	357	0.999947
1	377	352	0.999947
1	377	334	0.999947
1	377	337	0.999947
1	377	326	0.999946
1	377	326	0.999946
1	377	333	0.999946
1	377	334	0.999946
1	377	338	0.999946
1	377	339	0.999946
1	377	333	0.999946
1	377	354	0.999946
1	377	356	0.999946
0	377	371	0.999946
1	377	337	0.999946
1	377	354	0.999946
1	377	357	0.999946
0	377	375	0.999946
1	377	328	0.999946
1	377	352	0.999946
1	377	352	0.999945
0	377	365	0.999945
1	377	345	0.999945
0	377	370	0.999945
0	377	368	0.999945
1	377	328	0.999945
0	377	361	0.999945
1	377	338	0.999945
1	377	343	0.999945
0	377	367	0.999945
1	377	328	0.999945
1	377	337	0.999945
0	377	367	0.999945
1	377	341	0.999945
1	377	328	0.999945
1	377	344	0.999945
0	377	367	0.999945
0	377	373	0.999944
1	377	357	0.999944
0	377	363	0.999944
1	377	357	0.999944
0	377	360	0.999944
0	377	376	0.999944
0	377	364	0.999944
0	377	360	0.999944
1	377	346	0.999943
1	377	335	0.999943
1	377	329	0.999943
1	377	348	0.999943
1	377	343	0.999943
0	377	362	0.999943
1	377	344	0.999943
1	377	351	0.999943
0	377	366	0.999943
0	377	369	0.999942
0	377	360	0.999942
0	377	366	0.999942
1	377	356	0.999942
1	377	344	0.999942
1	377	332	0.999942
0	377	360	0.999942
1	377	338	0.999942
1	377	351	0.999941
0	377	369	0.999941
1	377	345	0.999941
1	377	342	0.999941
1	377	345	0.999941
0	377	373	0.999941
1	377	344	0.999941
1	377	333	0.999941
1	377	327	0.999941
1	377	343	0.999941
1	377	356	0.999941
0	377	371	0.999941
0	377	372	0.999941
0	377	359	0.999941
0	377	375	0.999941
1	377	340	0.99994
0	377	360	0.99994
0	377	372	0.99994
0	377	360	0.99994
1	377	326	0.99994
1	377	351	0.99994
0	377	364	0.99994
1	377	341	0.99994
0	377	374	0.99994
1	377	346	0.99994
1	377	335	0.99994
0	377	365	0.99994
1	377	351	0.999939
0	377	374	0.999939
0	377	359	0.999939
0	377	374	0.999939
1	377	357	0.999939
0	377	359	0.999939
1	377	328	0.999939
1	377	333	0.999939
0	377	369	0.999939
0	377	371	0.999939
0	377	358	0.999939
1	377	356	0.999939
0	377	366	0.999939
0	377	375	0.999939
1	377	326	0.999939
0	377	361	0.999939
1	377	328	0.999939
1	377	353	0.999939
1	377	347	0.999939
1	377	357	0.999939
0	377	361	0.999939
1	377	352	0.999939
1	377	349	0.999938
1	377	351	0.999938
0	377	373	0.999938
0	377	366	0.999938
1	377	350	0.999938
1	377	346	0.999938
1	377	343	0.999938
1	377	334	0.999938
0	377	376	0.999938
0	377	375	0.999938
0	377	365	0.999938
1	377	334	0.999937
1	377	356	0.999937
1	377	351	0.999937
0	377	370	0.999937
1	377	331	0.999937
1	377	340	0.999937
0	377	369	0.999937
1	377	331	0.999937
1	377	349	0.999937
1	377	341	0.999937
0	377	375	0.999937
0	377	372	0.999936
0	377	376	0.999936
0	377	368	0.999936
0	377	361	0.999936
1	377	349	0.999936
1	377	332	0.999936
1	377	353	0.999936
1	377	335	0.999936
1	377	331	0.999936
0	377	371	0.999936
0	377	368	0.999936
0	377	367	0.999936
1	377	356	0.999936
0	377	374	0.999936
1	377	332	0.999936
1	377	339	0.999936
0	377	370	0.999936
1	377	334	0.999936
0	377	372	0.999935
1	377	351	0.999935
1	377	347	0.999935
1	377	336	0.999935
1	377	330	0.999935
0	377	365	0.999935
0	377	376	0.999935
1	377	331	0.999935
0	377	360	0.999935
1	377	344	0.999935
1	377	342	0.999934
1	377	355	0.999934
1	377	329	0.999934
1	377	335	0.999934
1	377	334	0.999934
1	377	352	0.999934
1	377	327	0.999934
0	377	374	0.999934
0	377	364	0.999934
1	377	352	0.999934
0	377	368	0.999934
1	377	339	0.999934
1	377	351	0.999934
1	377	337	0.999934
0	377	368	0.999934
0	377	368	0.999934
1	377	347	0.999934
1	377	331	0.999933
0	377	368	0.999933
1	377	329	0.999933
0	377	369	0.999933
0	377	357	0.999933
1	377	352	0.999933
1	377	328	0.999933
1	377	329	0.999933
0	377	368	0.999933
0	377	371	0.999933
0	377	365	0.999933
0	377	366	0.999933
1	377	334	0.999933
0	377	365	0.999932
0	377	368	0.999932
1	377	327	0.999932
0	377	360	0.999932
1	377	354	0.999932
0	377	367	0.999932
0	377	369	0.999932
0	377	375	0.999932
1	377	350	0.999932
1	377	350	0.999932
1	377	329	0.999932
0	377	356	0.999932
1	377	330	0.999932
1	377	336	0.999931
1	377	349	0.999931
1	377	331	0.999931
1	377	326	0.999931
1	377	348	0.999931
1	377	333	0.999931
1	377	345	0.999931
1	377	332	0.999931
1	377	331	0.999931
0	377	366	0.999931
1	377	336	0.999931
0	377	356	0.999931
0	377	369	0.99993
1	377	329	0.99993
1	377	333	0.99993
1	377	328	0.99993
0	377	356	0.99993
0	377	358	0.99993
1	377	351	0.99993
1	377	354	0.999929
1	377	326	0.999929
1	377	350	0.999929
1	377	350	0.999929
0	377	374	0.999929
0	377	374	0.999929
0	377	371	0.999929
0	377	366	0.999929
1	377	346	0.999929
1	377	326	0.999929
1	377	348	0.999929
0	377	372	0.999929
1	377	341	0.999928
0	377	370	0.999928
0	377	365	0.999928
0	377	375	0.999928
0	377	374	0.999928
0	377	356	0.999928
0	377	359	0.999928
1	377	330	0.999928
1	377	355	0.999928
0	377	374	0.999928
1	377	355	0.999928
1	377	350	0.999928
0	377	356	0.999928
1	377	332	0.999928
1	377	331	0.999928
0	377	355	0.999927
1	377	337	0.999927
1	377	337	0.999927
1	377	340	0.999927
0	377	365	0.999927
1	377	329	0.999927
1	377	339	0.999927
1	377	335	0.999927
0	377	374	0.999927
0	377	366	0.999927
0	377	365	0.999927
0	377	355	0.999927
1	377	349	0.999927
1	377	338	0.999927
1	377	330	0.999926
0	377	358	0.999926
1	377	338	0.999926
0	377	365	0.999926
0	377	356	0.999926
1	377	329	0.999926
1	377	337	0.999926
0	377	366	0.999926
1	377	351	0.999926
1	377	339	0.999925
1	377	327	0.999925
1	377	352	0.999925
1	377	334	0.999925
1	377	333	0.999925
1	377	330	0.999925
1	377	345	0.999925
1	377	329	0.999924
1	377	351	0.999924
0	377	367	0.999924
0	377	360	0.999924
1	377	341	0.999924
1	377	346	0.999924
0	377	356	0.999924
1	377	349	0.999924
1	377	347	0.999924
0	377	357	0.999924
1	377	340	0.999923
1	377	328	0.999923
0	377	364	0.999923
1	377	345	0.999923
1	377	338	0.999923
0	377	358	0.999923
1	377	337	0.999923
0	377	361	0.999923
0	377	358	0.999923
1	377	335	0.999923
0	377	370	0.999922
1	377	336	0.999922
1	377	339	0.999922
0	377	355	0.999922
1	377	346	0.999922
0	377	369	0.999922
1	377	353	0.999922
1	377	345	0.999922
1	377	330	0.999922
1	377	332	0.999922
1	377	344	0.999922
1	377	336	0.999922
1	377	341	0.999922
1	377	339	0.999922
0	377	355	0.999922
1	377	345	0.999921
1	377	351	0.999921
0	377	373	0.999921
0	377	372	0.999921
1	377	345	0.999921
1	377	347	0.999921
0	377	376	0.999921
1	377	350	0.999921
0	377	375	0.999921
0	377	375	0.999921
1	377	327	0.999921
0	377	355	0.999921
1	377	347	0.999921
1	377	330	0.999921
1	377	351	0.999921
1	377	342	0.999921
1	377	347	0.99992
1	377	345	0.99992
0	377	363	0.99992
0	377	354	0.99992
1	377	353	0.99992
0	377	369	0.99992
0	377	362	0.99992
1	377	333	0.99992
1	377	328	0.99992
1	377	326	0.99992
0	377	370	0.99992
1	377	335	0.99992
1	377	337	0.99992
1	377	326	0.99992
0	377	375	0.99992
0	377	357	0.99992
1	377	343	0.999919
0	377	361	0.999919
1	377	347	0.999919
0	377	357	0.999919
0	377	364	0.999919
0	377	375	0.999919
0	377	356	0.999919
0	377	375	0.999919
0	377	367	0.999919
0	377	376	0.999919
1	377	333	0.999919
0	377	355	0.999919
0	377	354	0.999919
0	377	365	0.999919
1	377	351	0.999919
1	377	353	0.999919
0	377	357	0.999919
1	377	347	0.999919
0	377	369	0.999919
1	377	336	0.999919
0	377	367	0.999918
0	377	374	0.999918
1	377	353	0.999918
1	377	329	0.999918
0	377	367	0.999918
0	377	362	0.999918
1	377	353	0.999918
1	377	345	0.999918
1	377	339	0.999918
0	377	362	0.999917
0	377	372	0.999917
0	377	357	0.999917
1	377	337	0.999917
1	377	339	0.999917
1	377	353	0.999917
0	377	376	0.999917
1	377	326	0.999917
1	377	346	0.999917
0	377	358	0.999917
0	377	376	0.999916
1	377	349	0.999916
0	377	365	0.999916
1	377	327	0.999916
0	377	361	0.999916
1	377	343	0.999916
1	377	326	0.999916
1	377	336	0.999916
0	377	355	0.999916
0	377	372	0.999916
0	377	371	0.999916
1	377	348	0.999916
0	377	374	0.999916
0	377	367	0.999915
0	377	368	0.999915
0	377	366	0.999915
0	377	370	0.999915
1	377	327	0.999915
1	377	332	0.999915
1	377	347	0.999915
1	377	343	0.999915
0	377	360	0.999915
1	377	327	0.999915
1	377	339	0.999915
0	377	370	0.999915
0	377	368	0.999915
0	377	370	0.999915
1	377	338	0.999915
0	377	358	0.999915
1	377	344	0.999915
1	377	333	0.999915
1	377	333	0.999915
1	377	351	0.999914
0	377	358	0.999914
0	377	374	0.999914
1	377	344	0.999914
0	377	366	0.999914
1	377	326	0.999914
1	377	349	0.999914
1	377	336	0.999914
1	377	330	0.999914
1	377	340	0.999914
1	377	335	0.999914
1	377	328	0.999913
1	377	330	0.999913
0	377	356	0.999913
0	377	366	0.999913
0	377	368	0.999913
1	377	346	0.999913
1	377	336	0.999913
1	377	351	0.999913
0	377	363	0.999913
0	377	375	0.999913
0	377	370	0.999913
1	377	338	0.999913
1	377	342	0.999913
1	377	337	0.999913
1	377	340	0.999913
0	377	370	0.999912
0	377	356	0.999912
1	377	341	0.999912
1	377	342	0.999912
0	377	372	0.999912
1	377	326	0.999912
1	377	346	0.999912
0	377	354	0.999912
1	377	350	0.999912
1	377	345	0.999912
1	377	333	0.999912
0	377	358	0.999912
0	377	367	0.999912
0	377	368	0.999912
1	377	342	0.999911
1	377	326	0.999911
0	377	363	0.999911
0	377	376	0.999911
1	377	349	0.999911
1	377	345	0.999911
0	377	358	0.999911
0	377	373	0.999911
0	377	370	0.99991
0	377	367	0.99991
1	377	349	0.99991
0	377	376	0.99991
0	377	356	0.99991
0	377	355	0.99991
1	377	328	0.99991
1	377	350	0.99991
1	377	344	0.99991
0	377	374	0.99991
1	377	335	0.99991
1	377	352	0.99991
0	377	353	0.99991
1	377	331	0.99991
0	377	372	0.99991
1	377	346	0.99991
1	377	346	0.99991
1	377	349	0.99991
0	377	371	0.99991
0	377	362	0.99991
1	377	331	0.99991
1	377	332	0.99991
1	377	329	0.99991
0	377	371	0.999909
1	377	346	0.999909
1	377	346	0.999909
1	377	339	0.999909
1	377	347	0.999909
0	377	376	0.999909
0	377	358	0.999909
0	377	375	0.999909
1	377	345	0.999909
1	377	340	0.999909
1	377	346	0.999909
1	377	345	0.999909
1	377	349	0.999908
0	377	357	0.999908
1	377	342	0.999908
0	377	371	0.999908
1	377	331	0.999908
1	377	344	0.999908
0	377	364	0.999908
1	377	339	0.999908
0	377	362	0.999908
0	377	370	0.999908
1	377	337	0.999908
1	377	344	0.999908
0	377	374	0.999908
1	377	339	0.999907
0	377	374	0.999907
1	377	329	0.999907
0	377	365	0.999907
0	377	368	0.999907
0	377	365	0.999907
0	377	375	0.999907
0	377	357	0.999907
1	377	346	0.999907
0	377	353	0.999907
1	377	329	0.999907
1	377	345	0.999907
1	377	351	0.999907
0	377	354	0.999907
0	377	370	0.999907
1	377	338	0.999907
0	377	359	0.999907
0	377	362	0.999906
1	377	328	0.999906
1	377	336	0.999906
1	377	340	0.999906
0	377	359	0.999906
0	377	367	0.999906
0	377	359	0.999906
1	377	339	0.999906
1	377	333	0.999906
1	377	347	0.999906
1	377	337	0.999906
1	377	334	0.999906
1	377	328	0.999906
1	377	344	0.999906
0	377	376	0.999905
1	377	348	0.999905
0	377	365	0.999905
1	377	340	0.999905
1	377	336	0.999905
1	377	345	0.999905
1	377	340	0.999905
0	377	357	0.999905
0	377	372	0.999905
1	377	347	0.999905
0	377	362	0.999904
1	377	336	0.999904
1	377	331	0.999904
1	377	351	0.999904
0	377	373	0.999904
0	377	360	0.999904
0	377	356	0.999904
0	377	363	0.999904
1	377	329	0.999904
1	377	340	0.999904
1	377	326	0.999904
0	377	354	0.999904
0	377	363	0.999903
0	377	375	0.999903
0	377	354	0.999903
1	377	347	0.999903
0	377	365	0.999903
1	377	326	0.999903
0	377	355	0.999903
1	377	331	0.999903
0	377	376	0.999903
1	377	339	0.999903
1	377	345	0.999903
0	377	365	0.999903
0	377	354	0.999902
0	377	353	0.999902
0	377	360	0.999902
0	377	353	0.999902
1	377	344	0.999902
0	377	364	0.999902
1	377	344	0.999902
1	377	326	0.999902
0	377	357	0.999901
0	377	359	0.999901
1	377	326	0.999901
0	377	361	0.999901
0	377	359	0.999901
0	377	353	0.999901
0	377	367	0.999901
1	377	348	0.999901
0	377	358	0.999901
0	377	376	0.999901
0	377	374	0.999901
0	377	357	0.999901
0	377	357	0.9999
1	377	333	0.9999
0	377	366	0.9999
1	377	345	0.9999
1	377	346	0.9999
0	377	374	0.9999
0	377	359	0.9999
0	377	366	0.9999
0	377	365	0.9999
1	377	331	0.9999
0	377	369	0.9999
1	377	341	0.9999
1	377	339	0.9999
1	377	346	0.9999
0	377	352	0.9999
0	377	366	0.9999
0	377	369	0.9999
0	377	357	0.999899
1	377	343	0.999899
0	377	367	0.999899
0	377	373	0.999899
1	377	327	0.999899
0	377	353	0.999899
0	377	368	0.999899
1	377	334	0.999899
0	377	351	0.999899
0	377	354	0.999899
0	377	373	0.999899
1	377	344	0.999898
0	377	359	0.999898
0	377	355	0.999898
1	377	332	0.999898
0	377	359	0.999898
1	377	347	0.999898
1	377	341	0.999898
0	377	352	0.999898
1	377	333	0.999898
0	377	351	0.999898
0	377	368	0.999898
1	377	350	0.999898
0	377	360	0.999898
1	377	337	0.999897
0	377	368	0.999897
0	377	357	0.999897
0	377	366	0.999897
0	377	372	0.999897
0	377	361	0.999897
1	377	335	0.999897
1	377	335	0.999897
1	377	331	0.999897
1	377	335	0.999897
0	377	352	0.999897
0	377	353	0.999897
1	377	334	0.999897
1	377	326	0.999897
1	377	349	0.999896
1	377	339	0.999896
0	377	367	0.999896
1	377	335	0.999896
1	377	328	0.999896
0	377	360	0.999896
1	377	336	0.999896
1	377	335	0.999896
0	377	353	0.999896
1	377	340	0.999896
0	377	373	0.999896
0	377	362	0.999896
0	377	369	0.999896
1	377	339	0.999895
0	377	371	0.999895
1	377	328	0.999895
1	377	326	0.999895
1	377	328	0.999895
1	377	332	0.999895
1	377	339	0.999895
0	377	368	0.999895
0	377	359	0.999895
0	377	371	0.999895
0	377	354	0.999895
1	377	345	0.999895
0	377	369	0.999894
1	377	340	0.999894
0	377	372	0.999894
0	377	360	0.999894
0	377	355	0.999894
0	377	356	0.999894
0	377	369	0.999894
0	377	360	0.999894
1	377	350	0.999894
0	377	370	0.999893
1	377	348	0.999893
0	377	356	0.999893
1	377	330	0.999893
0	377	370	0.999893
0	377	366	0.999893
1	377	345	0.999893
0	377	366	0.999893
0	377	352	0.999893
1	377	326	0.999893
1	377	338	0.999893
0	377	356	0.999893
0	377	363	0.999893
0	377	367	0.999893
1	377	328	0.999893
0	377	355	0.999893
0	377	357	0.999893
1	377	328	0.999892
1	377	336	0.999892
1	377	333	0.999892
0	377	374	0.999892
1	377	340	0.999892
1	377	348	0.999892
1	377	347	0.999892
0	377	362	0.999892
0	377	353	0.999892
1	377	335	0.999891
1	377	328	0.999891
0	377	376	0.999891
1	377	348	0.999891
1	377	329	0.999891
0	377	368	0.999891
1	377	345	0.999891
0	377	363	0.999891
0	377	367	0.999891
1	377	342	0.99989
0	377	374	0.99989
1	377	339	0.99989
0	377	352	0.99989
1	377	334	0.99989
1	377	337	0.99989
0	377	371	0.99989
1	377	329	0.99989
0	377	368	0.99989
0	377	352	0.99989
1	377	338	0.99989
0	377	352	0.99989
0	377	376	0.99989
0	377	353	0.99989
1	377	343	0.999889
0	377	369	0.999889
0	377	370	0.999889
1	377	337	0.999889
1	377	332	0.999889
1	377	340	0.999889
1	377	337	0.999889
1	377	336	0.999889
0	377	354	0.999889
1	377	345	0.999889
1	377	340	0.999888
0	377	356	0.999888
1	377	346	0.999888
1	377	345	0.999888
0	377	367	0.999888
0	377	353	0.999888
1	377	329	0.999888
1	377	335	0.999888
1	377	334	0.999888
1	377	337	0.999888
1	377	347	0.999888
0	377	370	0.999888
0	377	371	0.999888
1	377	333	0.999888
1	377	339	0.999887
1	377	335	0.999887
1	377	341	0.999887
1	377	335	0.999887
1	377	348	0.999887
1	377	337	0.999887
1	377	326	0.999887
0	377	358	0.999887
1	377	330	0.999887
1	377	327	0.999887
0	377	369	0.999887
0	377	357	0.999887
1	377	327	0.999887
0	377	369	0.999887
1	377	345	0.999886
1	377	344	0.999886
0	377	371	0.999886
1	377	344	0.999886
1	377	332	0.999886
1	377	336	0.999886
1	377	344	0.999886
1	377	340	0.999886
1	377	343	0.999886
1	377	329	0.999886
1	377	333	0.999886
1	377	343	0.999886
1	377	337	0.999886
1	377	343	0.999886
1	377	337	0.999885
1	377	345	0.999885
1	377	334	0.999885
1	377	342	0.999885
0	377	356	0.999885
1	377	340	0.999885
0	377	358	0.999885
0	377	353	0.999885
1	377	346	0.999885
0	377	368	0.999885
0	377	362	0.999885
1	377	336	0.999885
0	377	369	0.999885
1	377	336	0.999885
1	377	334	0.999885
1	377	327	0.999885
0	377	362	0.999884
0	377	350	0.999884
0	377	356	0.999884
1	377	328	0.999884
0	377	372	0.999884
0	377	371	0.999884
0	377	351	0.999884
1	377	344	0.999884
0	377	356	0.999883
0	377	358	0.999883
0	377	374	0.999883
0	377	357	0.999883
1	377	341	0.999883
0	377	374	0.999883
1	377	341	0.999883
0	377	352	0.999883
1	377	334	0.999883
0	377	363	0.999883
1	377	332	0.999883
1	377	331	0.999883
0	377	363	0.999883
1	377	345	0.999883
1	377	329	0.999882
0	377	373	0.999882
1	377	345	0.999882
0	377	371	0.999882
0	377	374	0.999882
1	377	346	0.999882
0	377	367	0.999882
1	377	327	0.999882
1	377	338	0.999882
0	377	355	0.999882
1	377	338	0.999882
1	377	330	0.999882
0	377	355	0.999882
0	377	360	0.999882
1	377	343	0.999882
0	377	364	0.999882
0	377	350	0.999882
0	377	366	0.999881
1	377	333	0.999881
0	377	352	0.999881
0	377	363	0.999881
1	377	348	0.999881
0	377	363	0.999881
1	377	332	0.999881
0	377	354	0.999881
0	377	361	0.999881
0	377	372	0.999881
0	377	363	0.999881
0	377	366	0.999881
0	377	360	0.999881
1	377	335	0.999881
1	377	348	0.999881
0	377	357	0.99988
1	377	347	0.99988
0	377	370	0.99988
0	377	372	0.99988
1	377	341	0.99988
1	377	330	0.99988
0	377	369	0.99988
0	377	352	0.99988
1	377	334	0.99988
1	377	338	0.99988
0	377	375	0.99988
0	377	352	0.999879
1	377	335	0.999879
1	377	341	0.999879
1	377	329	0.999879
0	377	376	0.999879
1	377	336	0.999879
0	377	363	0.999879
1	377	333	0.999879
1	377	338	0.999879
0	377	370	0.999879
0	377	370	0.999879
0	377	358	0.999879
0	377	355	0.999879
0	377	350	0.999879
1	377	347	0.999879
0	377	352	0.999879
1	377	333	0.999879
1	377	340	0.999879
0	377	350	0.999878
0	377	374	0.999878
0	377	369	0.999878
0	377	369	0.999878
0	377	364	0.999878
1	377	346	0.999878
1	377	342	0.999878
1	377	342	0.999878
1	377	331	0.999878
0	377	357	0.999878
0	377	355	0.999878
1	377	340	0.999878
0	377	366	0.999878
0	377	375	0.999878
1	377	334	0.999878
0	377	354	0.999878
1	377	331	0.999878
0	377	372	0.999878
0	377	372	0.999878
0	377	355	0.999878
0	377	373	0.999877
0	377	373	0.999877
0	377	355	0.999877
1	377	329	0.999877
0	377	372	0.999877
0	377	376	0.999877
1	377	345	0.999877
0	377	362	0.999877
0	377	376	0.999877
1	377	336	0.999877
1	377	338	0.999876
0	377	364	0.999876
1	377	346	0.999876
1	377	342	0.999876
0	377	351	0.999876
0	377	370	0.999876
1	377	341	0.999876
1	377	327	0.999876
0	377	357	0.999876
1	377	344	0.999876
0	377	359	0.999876
1	377	341	0.999875
0	377	360	0.999875
1	377	348	0.999875
0	377	376	0.999875
0	377	352	0.999875
0	377	360	0.999875
0	377	369	0.999875
0	377	363	0.999875
1	377	340	0.999875
1	377	338	0.999875
0	377	364	0.999875
0	377	364	0.999875
0	377	376	0.999874
1	377	343	0.999874
0	377	349	0.999874
0	377	372	0.999874
1	377	329	0.999874
1	377	336	0.999874
0	377	357	0.999874
0	377	375	0.999874
1	377	334	0.999874
0	377	360	0.999874
0	377	358	0.999873
0	377	354	0.999873
0	377	364	0.999873
1	377	330	0.999873
0	377	359	0.999873
0	377	360	0.999873
0	377	353	0.999873
0	377	358	0.999873
1	377	326	0.999873
0	377	361	0.999873
1	377	336	0.999873
0	377	352	0.999873
1	377	338	0.999873
1	377	342	0.999873
1	377	330	0.999873
0	377	368	0.999873
0	377	373	0.999872
0	377	370	0.999872
0	377	365	0.999872
1	377	327	0.999872
0	377	350	0.999872
1	377	336	0.999872
0	377	367	0.999872
1	377	331	0.999872
0	377	373	0.999872
0	377	371	0.999872
0	377	359	0.999872
1	377	330	0.999872
0	377	356	0.999872
1	377	334	0.999872
1	377	346	0.999872
1	377	347	0.999872
1	377	326	0.999872
0	377	374	0.999872
0	377	360	0.999871
0	377	373	0.999871
1	377	334	0.999871
1	377	344	0.999871
1	377	345	0.999871
1	377	345	0.999871
0	377	357	0.999871
0	377	374	0.999871
0	377	358	0.999871
0	377	351	0.999871
0	377	349	0.999871
0	377	376	0.99987
0	377	363	0.99987
1	377	342	0.99987
0	377	360	0.99987
1	377	347	0.99987
1	377	331	0.99987
0	377	353	0.99987
1	377	345	0.99987
0	377	357	0.99987
1	377	333	0.99987
0	377	353	0.99987
0	377	354	0.99987
1	377	332	0.99987
0	377	360	0.99987
1	377	338	0.99987
0	377	373	0.99987
1	377	347	0.999869
1	377	339	0.999869
1	377	337	0.999869
0	377	363	0.999869
0	377	358	0.999869
1	377	335	0.999869
0	377	372	0.999869
1	377	334	0.999869
1	377	327	0.999868
1	377	336	0.999868
0	377	362	0.999868
0	377	368	0.999868
0	377	367	0.999868
1	377	346	0.999868
0	377	371	0.999868
0	377	349	0.999868
0	377	354	0.999867
0	377	367	0.999867
1	377	327	0.999867
0	377	370	0.999867
1	377	336	0.999867
1	377	344	0.999866
0	377	360	0.999866
1	377	339	0.999866
0	377	363	0.999866
0	377	353	0.999866
0	377	359	0.999866
1	377	329	0.999866
0	377	349	0.999866
0	377	355	0.999866
1	377	343	0.999866
1	377	337	0.999865
1	377	346	0.999865
0	377	349	0.999865
1	377	327	0.999865
1	377	348	0.999865
0	377	351	0.999865
0	377	367	0.999865
0	377	376	0.999865
1	377	336	0.999865
1	377	340	0.999865
1	377	345	0.999865
1	377	338	0.999865
0	377	371	0.999865
1	377	340	0.999865
0	377	374	0.999865
0	377	355	0.999864
1	377	330	0.999864
0	377	373	0.999864
1	377	341	0.999864
0	377	354	0.999864
1	377	327	0.999864
0	377	369	0.999864
0	377	359	0.999864
0	377	367	0.999864
1	377	341	0.999864
1	377	340	0.999864
1	377	333	0.999864
1	377	328	0.999864
1	377	347	0.999864
0	377	355	0.999863
1	377	338	0.999863
0	377	369	0.999863
1	377	344	0.999863
1	377	328	0.999863
1	377	327	0.999863
1	377	347	0.999863
0	377	354	0.999863
0	377	365	0.999863
0	377	369	0.999863
1	377	327	0.999863
1	377	333	0.999863
0	377	349	0.999863
1	377	342	0.999863
0	377	354	0.999863
1	377	335	0.999863
0	377	354	0.999863
1	377	344	0.999863
0	377	363	0.999863
0	377	371	0.999862
1	377	344	0.999862
0	377	368	0.999862
0	377	364	0.999862
1	377	333	0.999862
1	377	334	0.999862
1	377	327	0.999862
0	377	351	0.999862
1	377	347	0.999862
0	377	354	0.999862
1	377	346	0.999862
1	377	338	0.999862
1	377	332	0.999862
0	377	361	0.999862
1	377	326	0.999862
0	377	358	0.999862
0	377	369	0.999862
1	377	346	0.999862
0	377	355	0.999861
1	377	340	0.999861
0	377	368	0.999861
1	377	330	0.999861
0	377	374	0.999861
0	377	359	0.999861
1	377	348	0.999861
0	377	376	0.999861
0	377	356	0.999861
0	377	365	0.999861
1	377	348	0.999861
0	377	367	0.999861
1	377	340	0.999861
0	377	353	0.99986
0	377	363	0.99986
0	377	359	0.99986
1	377	348	0.99986
1	377	335	0.99986
1	377	327	0.99986
0	377	355	0.99986
0	377	349	0.99986
1	377	345	0.999859
0	377	375	0.999859
0	377	364	0.999859
1	377	326	0.999859
0	377	356	0.999859
0	377	361	0.999859
1	377	330	0.999858
1	377	348	0.999858
1	377	344	0.999858
1	377	326	0.999858
0	377	372	0.999858
0	377	374	0.999858
1	377	327	0.999858
1	377	336	0.999858
0	377	364	0.999858
0	377	366	0.999858
0	377	351	0.999858
0	377	360	0.999858
0	377	361	0.999858
1	377	333	0.999858
1	377	333	0.999857
1	377	334	0.999857
1	377	327	0.999857
1	377	348	0.999857
0	377	362	0.999857
0	377	356	0.999857
1	377	348	0.999857
0	377	369	0.999857
1	377	339	0.999857
1	377	332	0.999857
0	377	368	0.999857
1	377	331	0.999857
0	377	357	0.999857
0	377	362	0.999857
0	377	369	0.999857
0	377	354	0.999857
1	377	326	0.999857
1	377	338	0.999857
1	377	332	0.999857
0	377	351	0.999856
0	377	356	0.999856
0	377	363	0.999856
1	377	331	0.999856
0	377	358	0.999856
0	377	353	0.999856
1	377	342	0.999856
1	377	348	0.999856
1	377	326	0.999856
0	377	360	0.999856
1	377	344	0.999856
0	377	367	0.999856
0	377	359	0.999856
1	377	346	0.999856
0	377	351	0.999856
1	377	338	0.999856
0	377	358	0.999855
1	377	331	0.999855
1	377	330	0.999855
0	377	374	0.999855
1	377	346	0.999855
1	377	335	0.999855
0	377	353	0.999855
0	377	370	0.999855
0	377	361	0.999855
0	377	376	0.999855
0	377	372	0.999855
1	377	333	0.999854
1	377	342	0.999854
1	377	328	0.999854
0	377	370	0.999854
0	377	363	0.999854
0	377	359	0.999854
0	377	375	0.999854
1	377	338	0.999854
0	377	376	0.999853
0	377	349	0.999853
1	377	327	0.999853
0	377	354	0.999853
0	377	374	0.999853
0	377	367	0.999853
1	377	332	0.999853
0	377	368	0.999853
0	377	376	0.999853
0	377	367	0.999853
1	377	338	0.999853
1	377	344	0.999853
0	377	372	0.999853
0	377	374	0.999853
1	377	338	0.999852
0	377	367	0.999852
0	377	350	0.999852
1	377	340	0.999852
1	377	341	0.999852
0	377	369	0.999852
0	377	359	0.999852
0	377	369	0.999852
1	377	338	0.999852
1	377	344	0.999852
1	377	342	0.999852
1	377	343	0.999852
0	377	353	0.999852
0	377	358	0.999851
0	377	357	0.999851
1	377	328	0.999851
0	377	373	0.999851
1	377	331	0.999851
0	377	350	0.999851
1	377	331	0.999851
0	377	367	0.999851
0	377	376	0.999851
0	377	364	0.999851
1	377	341	0.999851
0	377	367	0.999851
0	377	372	0.999851
1	377	347	0.999851
0	377	349	0.999851
0	377	369	0.99985
1	377	343	0.99985
1	377	327	0.99985
0	377	360	0.99985
0	377	350	0.99985
1	377	341	0.99985
0	377	374	0.99985
0	377	359	0.99985
0	377	369	0.99985
1	377	332	0.99985
1	377	327	0.99985
