80619.9
3.75722
3000
1	164	144	0.999999
1	164	85	0.999999
1	164	129	0.999999
1	164	134	0.999999
1	164	119	0.999999
1	164	104	0.999999
1	164	97	0.999999
1	164	161	0.999999
1	164	149	0.999999
1	164	105	0.999998
1	164	70	0.999998
1	164	146	0.999998
1	164	88	0.999997
1	164	124	0.999997
1	164	110	0.999997
1	164	151	0.999997
1	164	157	0.999996
1	164	122	0.999996
1	164	142	0.999996
1	164	70	0.999995
1	164	128	0.999995
1	164	131	0.999995
1	164	136	0.999995
1	164	149	0.999995
1	164	71	0.999995
1	164	146	0.999994
1	164	97	0.999993
1	164	84	0.999993
1	164	134	0.999993
1	164	69	0.999993
1	164	149	0.999992
1	164	132	0.999992
1	164	98	0.999992
1	164	113	0.999992
1	164	74	0.999992
1	164	85	0.999992
1	164	157	0.999992
1	164	155	0.999991
1	164	160	0.999991
1	164	105	0.999991
1	164	71	0.999991
1	164	136	0.999991
1	164	97	0.999991
1	164	130	0.99999
1	164	123	0.99999
1	164	69	0.999989
1	164	113	0.999989
1	164	97	0.999989
1	164	76	0.999989
1	164	141	0.999989
1	164	114	0.999988
1	164	68	0.999988
1	164	142	0.999988
1	164	159	0.999988
1	164	85	0.999988
1	164	97	0.999988
1	164	143	0.999987
1	164	129	0.999987
1	164	94	0.999987
1	164	160	0.999987
1	164	74	0.999986
1	164	91	0.999986
1	164	139	0.999986
1	164	116	0.999986
1	164	106	0.999986
1	164	124	0.999986
1	164	92	0.999985
1	164	99	0.999985
1	164	89	0.999985
1	164	151	0.999985
0	164	162	0.999985
1	164	81	0.999985
1	164	131	0.999984
1	164	140	0.999984
1	164	130	0.999984
1	164	143	0.999984
1	164	76	0.999983
1	164	79	0.999983
1	164	158	0.999983
1	164	119	0.999983
1	164	80	0.999982
1	164	153	0.999982
1	164	137	0.999982
1	164	128	0.999982
1	164	91	0.999981
1	164	137	0.999981
1	164	132	0.999981
1	164	148	0.999981
1	164	140	0.99998
1	164	75	0.99998
1	164	89	0.99998
1	164	110	0.99998
1	164	113	0.99998
1	164	104	0.99998
1	164	82	0.99998
1	164	98	0.99998
1	164	147	0.99998
1	164	135	0.999979
1	164	98	0.999979
1	164	76	0.999979
1	164	85	0.999979
1	164	71	0.999979
1	164	112	0.999978
1	164	154	0.999978
1	164	124	0.999978
1	164	144	0.999977
1	164	142	0.999977
1	164	94	0.999977
1	164	135	0.999977
1	164	154	0.999977
1	164	80	0.999976
1	164	110	0.999976
1	164	100	0.999976
1	164	153	0.999976
1	164	121	0.999976
1	164	91	0.999976
1	164	145	0.999976
1	164	152	0.999975
1	164	99	0.999975
1	164	134	0.999975
1	164	146	0.999975
1	164	80	0.999975
1	164	68	0.999975
1	164	137	0.999974
1	164	113	0.999974
1	164	122	0.999974
1	164	133	0.999974
1	164	75	0.999974
1	164	150	0.999973
1	164	149	0.999973
1	164	134	0.999973
1	164	127	0.999973
1	164	95	0.999973
1	164	78	0.999973
1	164	156	0.999973
1	164	104	0.999973
1	164	131	0.999973
1	164	146	0.999972
1	164	144	0.999972
1	164	144	0.999972
1	164	82	0.999972
1	164	153	0.999972
1	164	68	0.999971
1	164	124	0.99997
1	164	131	0.99997
1	164	69	0.99997
1	164	78	0.99997
1	164	111	0.99997
0	164	159	0.99997
1	164	152	0.99997
1	164	76	0.999969
0	164	159	0.999969
1	164	94	0.999969
1	164	149	0.999969
1	164	102	0.999969
1	164	125	0.999968
1	164	153	0.999968
1	164	119	0.999968
1	164	132	0.999968
1	164	111	0.999967
1	164	152	0.999967
1	164	93	0.999967
1	164	70	0.999967
1	164	101	0.999967
1	164	73	0.999967
1	164	108	0.999967
1	164	152	0.999967
1	164	154	0.999966
1	164	82	0.999966
1	164	119	0.999966
1	164	119	0.999966
1	164	151	0.999965
1	164	120	0.999965
1	164	143	0.999965
1	164	152	0.999964
1	164	89	0.999964
1	164	142	0.999964
1	164	101	0.999964
1	164	84	0.999964
1	164	147	0.999963
1	164	141	0.999963
1	164	72	0.999963
0	164	160	0.999963
1	164	134	0.999962
1	164	99	0.999962
1	164	137	0.999962
0	164	157	0.999962
1	164	152	0.999962
1	164	97	0.999961
1	164	110	0.999961
1	164	106	0.999961
1	164	117	0.999961
1	164	72	0.999961
1	164	96	0.999961
1	164	145	0.99996
1	164	113	0.99996
1	164	112	0.99996
1	164	117	0.999959
1	164	118	0.999959
1	164	137	0.999959
1	164	72	0.999959
1	164	104	0.999959
1	164	114	0.999959
1	164	125	0.999959
1	164	72	0.999959
1	164	139	0.999958
1	164	113	0.999958
1	164	114	0.999958
1	164	89	0.999958
1	164	120	0.999957
1	164	131	0.999957
1	164	104	0.999957
1	164	104	0.999957
1	164	81	0.999957
1	164	129	0.999957
1	164	140	0.999957
1	164	78	0.999957
1	164	130	0.999957
1	164	68	0.999957
1	164	127	0.999956
1	164	133	0.999956
1	164	151	0.999956
1	164	124	0.999956
1	164	84	0.999956
1	164	98	0.999956
1	164	138	0.999956
1	164	132	0.999955
1	164	127	0.999955
1	164	97	0.999955
1	164	70	0.999955
1	164	83	0.999955
1	164	110	0.999954
1	164	152	0.999954
1	164	135	0.999954
1	164	135	0.999954
1	164	109	0.999954
1	164	133	0.999954
1	164	108	0.999954
1	164	131	0.999954
1	164	89	0.999954
1	164	77	0.999954
1	164	126	0.999954
0	164	162	0.999953
1	164	91	0.999953
0	164	156	0.999953
0	164	159	0.999953
1	164	123	0.999953
1	164	107	0.999953
1	164	133	0.999951
0	164	161	0.999951
1	164	104	0.999951
1	164	120	0.99995
0	164	157	0.99995
1	164	135	0.99995
1	164	126	0.999949
1	164	78	0.999949
0	164	156	0.999949
1	164	101	0.999949
1	164	70	0.999949
1	164	75	0.999948
0	164	158	0.999948
1	164	77	0.999948
1	164	143	0.999948
1	164	113	0.999948
1	164	88	0.999948
1	164	97	0.999947
1	164	72	0.999947
1	164	112	0.999947
1	164	128	0.999947
1	164	140	0.999947
1	164	117	0.999947
1	164	88	0.999947
1	164	110	0.999947
1	164	129	0.999947
1	164	145	0.999946
1	164	115	0.999946
1	164	139	0.999945
1	164	69	0.999945
1	164	110	0.999945
0	164	153	0.999945
1	164	78	0.999944
1	164	85	0.999944
1	164	105	0.999944
1	164	140	0.999944
1	164	85	0.999944
1	164	91	0.999944
1	164	121	0.999943
0	164	152	0.999943
1	164	133	0.999942
1	164	148	0.999942
1	164	91	0.999942
1	164	144	0.999942
0	164	156	0.999942
1	164	134	0.999942
1	164	149	0.999941
1	164	101	0.999941
1	164	131	0.999941
1	164	142	0.99994
1	164	87	0.99994
1	164	96	0.99994
1	164	97	0.99994
1	164	91	0.99994
1	164	102	0.999939
1	164	104	0.999938
1	164	84	0.999938
0	164	159	0.999938
1	164	131	0.999938
1	164	110	0.999938
1	164	93	0.999938
1	164	77	0.999938
1	164	93	0.999938
1	164	96	0.999938
1	164	128	0.999938
1	164	81	0.999938
1	164	72	0.999938
1	164	96	0.999937
1	164	90	0.999937
0	164	158	0.999937
0	164	157	0.999937
0	164	159	0.999936
1	164	140	0.999936
1	164	93	0.999936
1	164	147	0.999936
1	164	87	0.999935
1	164	99	0.999935
1	164	91	0.999935
1	164	92	0.999935
1	164	134	0.999935
1	164	112	0.999935
1	164	93	0.999935
1	164	110	0.999935
1	164	91	0.999935
1	164	147	0.999934
1	164	131	0.999934
1	164	131	0.999934
1	164	88	0.999934
1	164	94	0.999933
0	164	160	0.999933
1	164	108	0.999932
1	164	88	0.999932
1	164	81	0.999932
1	164	133	0.999932
1	164	107	0.999932
1	164	129	0.999932
1	164	98	0.999932
1	164	79	0.999932
1	164	102	0.999932
0	164	160	0.999931
0	164	161	0.999931
1	164	118	0.999931
0	164	161	0.999931
1	164	128	0.999931
0	164	162	0.999931
1	164	102	0.99993
1	164	147	0.99993
1	164	120	0.99993
1	164	97	0.999929
1	164	103	0.999929
1	164	80	0.999929
1	164	138	0.999929
1	164	106	0.999929
0	164	156	0.999929
1	164	75	0.999928
1	164	69	0.999928
1	164	88	0.999927
1	164	123	0.999927
1	164	79	0.999926
1	164	103	0.999926
1	164	108	0.999926
1	164	99	0.999925
0	164	156	0.999925
1	164	92	0.999925
1	164	71	0.999925
1	164	110	0.999924
1	164	77	0.999923
1	164	121	0.999923
1	164	101	0.999923
1	164	92	0.999922
0	164	162	0.999922
0	164	148	0.999922
1	164	83	0.999922
1	164	146	0.999922
1	164	122	0.999922
1	164	77	0.999922
1	164	133	0.999922
1	164	131	0.999922
1	164	128	0.999922
1	164	133	0.999921
0	164	158	0.999921
1	164	97	0.999921
1	164	127	0.999921
1	164	144	0.999921
1	164	122	0.999921
1	164	87	0.999921
1	164	90	0.99992
1	164	77	0.99992
1	164	72	0.99992
1	164	108	0.99992
0	164	154	0.999919
1	164	118	0.999919
1	164	103	0.999919
1	164	132	0.999919
1	164	106	0.999919
1	164	90	0.999918
1	164	92	0.999918
1	164	86	0.999918
1	164	77	0.999918
1	164	144	0.999918
0	164	156	0.999918
1	164	78	0.999918
0	164	153	0.999918
1	164	121	0.999918
0	164	153	0.999918
1	164	143	0.999917
1	164	68	0.999917
1	164	127	0.999917
1	164	136	0.999917
1	164	145	0.999917
1	164	114	0.999917
1	164	97	0.999916
1	164	141	0.999916
0	164	154	0.999916
1	164	125	0.999916
0	164	154	0.999916
1	164	123	0.999915
0	164	150	0.999915
1	164	124	0.999915
1	164	73	0.999915
1	164	101	0.999915
1	164	137	0.999914
1	164	119	0.999914
0	164	161	0.999914
1	164	98	0.999914
1	164	101	0.999914
0	164	157	0.999914
1	164	93	0.999913
1	164	100	0.999913
1	164	127	0.999913
1	164	129	0.999913
0	164	160	0.999913
1	164	82	0.999913
0	164	158	0.999913
1	164	132	0.999912
1	164	142	0.999912
1	164	122	0.999912
0	164	155	0.999912
1	164	71	0.999912
1	164	140	0.999911
1	164	111	0.999911
0	164	148	0.99991
0	164	149	0.99991
1	164	117	0.99991
1	164	108	0.99991
1	164	73	0.99991
1	164	71	0.999909
1	164	90	0.999909
1	164	93	0.999909
1	164	79	0.999909
1	164	87	0.999909
1	164	68	0.999909
1	164	87	0.999908
1	164	96	0.999908
1	164	84	0.999908
0	164	158	0.999908
1	164	72	0.999907
1	164	98	0.999907
0	164	147	0.999907
1	164	123	0.999906
0	164	160	0.999906
1	164	137	0.999906
0	164	149	0.999906
0	164	149	0.999905
1	164	116	0.999905
1	164	79	0.999905
1	164	87	0.999905
1	164	127	0.999905
1	164	84	0.999905
0	164	145	0.999905
0	164	154	0.999905
1	164	92	0.999905
1	164	131	0.999904
0	164	161	0.999904
1	164	139	0.999903
1	164	105	0.999903
1	164	87	0.999903
1	164	84	0.999903
1	164	68	0.999903
0	164	153	0.999902
1	164	89	0.999902
1	164	109	0.999902
1	164	99	0.999902
0	164	159	0.999902
1	164	70	0.999902
1	164	135	0.999901
1	164	75	0.999901
1	164	79	0.9999
1	164	88	0.9999
0	164	161	0.9999
1	164	130	0.999899
1	164	128	0.999899
1	164	104	0.999899
0	164	162	0.999899
1	164	132	0.999899
1	164	138	0.999899
1	164	137	0.999899
0	164	159	0.999899
0	164	155	0.999898
1	164	97	0.999898
0	164	150	0.999898
1	164	117	0.999897
1	164	90	0.999897
1	164	141	0.999897
1	164	101	0.999897
1	164	118	0.999896
1	164	72	0.999896
1	164	112	0.999896
1	164	102	0.999896
1	164	108	0.999896
1	164	85	0.999896
1	164	81	0.999896
0	164	145	0.999896
0	164	147	0.999895
1	164	89	0.999895
1	164	126	0.999894
1	164	84	0.999894
1	164	74	0.999894
1	164	113	0.999894
0	164	156	0.999894
1	164	79	0.999894
1	164	134	0.999894
0	164	160	0.999893
1	164	141	0.999893
0	164	144	0.999893
1	164	120	0.999893
1	164	105	0.999893
1	164	137	0.999893
1	164	114	0.999893
1	164	85	0.999892
1	164	69	0.999892
1	164	133	0.999892
1	164	70	0.999892
1	164	127	0.999892
1	164	79	0.999891
1	164	74	0.999891
1	164	87	0.99989
1	164	84	0.99989
1	164	71	0.99989
1	164	99	0.99989
1	164	75	0.99989
0	164	151	0.99989
1	164	115	0.99989
1	164	129	0.99989
1	164	125	0.99989
1	164	141	0.999889
1	164	97	0.999889
1	164	89	0.999889
1	164	69	0.999889
1	164	96	0.999889
1	164	141	0.999889
0	164	143	0.999889
1	164	80	0.999888
1	164	107	0.999888
0	164	162	0.999888
0	164	159	0.999888
1	164	123	0.999887
1	164	99	0.999887
0	164	146	0.999887
0	164	163	0.999887
1	164	89	0.999887
1	164	137	0.999886
1	164	94	0.999886
0	164	143	0.999885
0	164	151	0.999885
1	164	86	0.999885
1	164	71	0.999885
1	164	99	0.999885
1	164	99	0.999885
1	164	91	0.999884
1	164	84	0.999884
0	164	158	0.999884
0	164	162	0.999884
1	164	76	0.999883
1	164	119	0.999883
1	164	84	0.999883
1	164	130	0.999883
1	164	93	0.999883
1	164	107	0.999883
0	164	146	0.999883
1	164	75	0.999882
0	164	143	0.999882
1	164	136	0.999882
1	164	124	0.999882
0	164	147	0.999882
0	164	145	0.999882
1	164	134	0.999881
0	164	145	0.999881
1	164	84	0.999881
0	164	156	0.999881
1	164	102	0.999881
1	164	79	0.99988
0	164	160	0.99988
0	164	144	0.99988
1	164	124	0.99988
1	164	87	0.99988
0	164	162	0.99988
1	164	138	0.99988
1	164	124	0.99988
1	164	91	0.99988
0	164	146	0.999879
1	164	82	0.999879
0	164	163	0.999878
1	164	111	0.999878
1	164	138	0.999878
0	164	146	0.999878
1	164	106	0.999878
0	164	149	0.999878
0	164	161	0.999878
1	164	78	0.999877
1	164	98	0.999877
1	164	82	0.999877
0	164	157	0.999877
1	164	68	0.999877
1	164	103	0.999877
1	164	122	0.999877
1	164	111	0.999877
1	164	115	0.999877
1	164	100	0.999877
1	164	118	0.999876
1	164	105	0.999876
1	164	88	0.999876
0	164	149	0.999876
1	164	134	0.999876
1	164	84	0.999876
1	164	86	0.999876
0	164	162	0.999875
1	164	132	0.999875
1	164	101	0.999875
1	164	79	0.999875
1	164	108	0.999874
0	164	144	0.999874
0	164	162	0.999874
1	164	111	0.999874
1	164	73	0.999873
0	164	161	0.999873
1	164	81	0.999873
1	164	88	0.999873
1	164	138	0.999873
0	164	144	0.999873
1	164	136	0.999872
1	164	69	0.999872
0	164	155	0.999872
1	164	127	0.999871
0	164	154	0.999871
1	164	92	0.999871
1	164	100	0.999871
1	164	85	0.999871
1	164	118	0.99987
1	164	85	0.99987
1	164	132	0.99987
0	164	160	0.999869
0	164	160	0.999869
1	164	102	0.999869
1	164	115	0.999869
1	164	135	0.999869
1	164	92	0.999868
1	164	88	0.999868
1	164	116	0.999868
0	164	163	0.999868
1	164	120	0.999868
1	164	108	0.999868
0	164	148	0.999867
0	164	153	0.999867
1	164	107	0.999867
1	164	93	0.999867
0	164	160	0.999867
1	164	99	0.999867
1	164	118	0.999867
0	164	150	0.999867
0	164	158	0.999867
0	164	138	0.999867
1	164	72	0.999866
1	164	124	0.999866
1	164	134	0.999866
0	164	158	0.999866
0	164	151	0.999865
1	164	136	0.999865
1	164	103	0.999865
1	164	71	0.999865
1	164	86	0.999865
1	164	98	0.999865
0	164	148	0.999865
1	164	104	0.999865
1	164	116	0.999865
1	164	106	0.999864
0	164	158	0.999864
0	164	154	0.999864
1	164	132	0.999864
1	164	119	0.999864
1	164	122	0.999864
0	164	139	0.999863
0	164	163	0.999863
1	164	116	0.999863
0	164	157	0.999862
1	164	117	0.999862
1	164	73	0.999862
1	164	130	0.999862
0	164	139	0.999861
1	164	123	0.999861
1	164	105	0.999861
1	164	126	0.999861
1	164	75	0.99986
1	164	131	0.99986
0	164	161	0.99986
1	164	135	0.99986
1	164	75	0.99986
0	164	147	0.99986
0	164	157	0.999859
1	164	90	0.999859
0	164	149	0.999859
1	164	113	0.999859
1	164	86	0.999859
1	164	89	0.999859
0	164	143	0.999859
0	164	143	0.999858
0	164	138	0.999858
1	164	88	0.999858
0	164	155	0.999858
1	164	97	0.999858
0	164	137	0.999858
0	164	155	0.999858
1	164	103	0.999857
0	164	154	0.999857
1	164	95	0.999857
0	164	142	0.999857
1	164	97	0.999857
1	164	130	0.999857
1	164	88	0.999856
1	164	89	0.999856
0	164	152	0.999856
1	164	83	0.999856
1	164	129	0.999854
0	164	146	0.999854
1	164	130	0.999854
0	164	148	0.999854
0	164	156	0.999854
0	164	138	0.999854
1	164	81	0.999853
0	164	139	0.999853
0	164	150	0.999852
1	164	88	0.999852
1	164	104	0.999852
0	164	160	0.999852
1	164	104	0.999851
1	164	85	0.999851
1	164	85	0.99985
1	164	120	0.99985
1	164	106	0.999849
1	164	69	0.999849
0	164	136	0.999848
1	164	96	0.999848
1	164	79	0.999848
1	164	74	0.999848
1	164	117	0.999848
1	164	72	0.999847
1	164	87	0.999847
1	164	122	0.999847
1	164	85	0.999847
0	164	146	0.999847
1	164	95	0.999846
1	164	79	0.999846
0	164	153	0.999846
1	164	70	0.999846
1	164	68	0.999846
0	164	163	0.999846
1	164	76	0.999845
1	164	130	0.999845
1	164	127	0.999845
1	164	100	0.999845
1	164	69	0.999845
1	164	81	0.999845
1	164	92	0.999845
1	164	100	0.999845
0	164	143	0.999845
1	164	107	0.999845
1	164	112	0.999845
1	164	85	0.999844
1	164	78	0.999844
1	164	129	0.999844
1	164	101	0.999844
1	164	119	0.999844
1	164	116	0.999843
1	164	88	0.999843
1	164	92	0.999843
0	164	163	0.999843
1	164	123	0.999843
1	164	97	0.999843
0	164	138	0.999843
1	164	73	0.999842
0	164	140	0.999842
1	164	91	0.999842
1	164	102	0.999842
0	164	161	0.999842
1	164	124	0.999842
1	164	121	0.999841
0	164	149	0.999841
1	164	112	0.999841
1	164	105	0.999841
0	164	138	0.999841
1	164	96	0.999841
1	164	96	0.99984
1	164	106	0.999839
0	164	153	0.999839
0	164	135	0.999839
0	164	139	0.999839
1	164	91	0.999839
1	164	110	0.999839
0	164	140	0.999839
1	164	84	0.999839
1	164	82	0.999839
1	164	126	0.999839
1	164	69	0.999839
1	164	70	0.999839
1	164	102	0.999838
1	164	125	0.999838
0	164	151	0.999838
0	164	143	0.999838
1	164	105	0.999838
1	164	131	0.999838
1	164	93	0.999838
1	164	96	0.999838
0	164	157	0.999838
1	164	95	0.999837
1	164	123	0.999836
1	164	117	0.999836
0	164	148	0.999836
0	164	160	0.999836
0	164	154	0.999836
0	164	144	0.999835
0	164	158	0.999835
1	164	107	0.999835
1	164	85	0.999835
0	164	136	0.999835
0	164	147	0.999835
0	164	151	0.999835
1	164	113	0.999835
0	164	162	0.999835
1	164	93	0.999835
0	164	136	0.999834
0	164	137	0.999834
1	164	97	0.999834
1	164	78	0.999834
0	164	134	0.999834
0	164	149	0.999834
0	164	152	0.999834
0	164	151	0.999833
0	164	133	0.999833
0	164	149	0.999833
1	164	98	0.999833
1	164	132	0.999833
1	164	77	0.999833
0	164	152	0.999833
1	164	114	0.999833
1	164	107	0.999833
0	164	159	0.999832
1	164	79	0.999832
1	164	104	0.999832
1	164	105	0.999831
1	164	88	0.999831
1	164	96	0.99983
0	164	151	0.99983
1	164	78	0.99983
0	164	136	0.999829
1	164	95	0.999829
0	164	153	0.999829
0	164	151	0.999829
1	164	122	0.999829
0	164	161	0.999829
1	164	83	0.999829
1	164	94	0.999828
1	164	76	0.999828
1	164	92	0.999827
1	164	71	0.999827
1	164	130	0.999827
1	164	109	0.999827
1	164	105	0.999827
0	164	138	0.999826
0	164	143	0.999826
0	164	154	0.999826
0	164	155	0.999826
1	164	112	0.999826
1	164	102	0.999825
0	164	135	0.999825
0	164	141	0.999825
1	164	100	0.999825
1	164	71	0.999825
0	164	134	0.999824
0	164	156	0.999824
0	164	143	0.999824
0	164	137	0.999824
1	164	87	0.999824
0	164	143	0.999824
0	164	134	0.999823
0	164	157	0.999823
1	164	84	0.999823
1	164	87	0.999823
0	164	140	0.999823
1	164	71	0.999823
0	164	162	0.999823
0	164	155	0.999823
1	164	121	0.999823
1	164	97	0.999823
1	164	83	0.999823
1	164	87	0.999822
0	164	147	0.999822
0	164	151	0.999822
1	164	122	0.999822
1	164	114	0.999822
0	164	140	0.999821
0	164	159	0.999821
1	164	110	0.99982
1	164	111	0.99982
0	164	135	0.99982
1	164	93	0.99982
1	164	71	0.99982
1	164	100	0.99982
0	164	153	0.99982
1	164	101	0.99982
1	164	100	0.999819
1	164	124	0.999819
1	164	124	0.999819
1	164	77	0.999819
0	164	163	0.999819
1	164	123	0.999819
1	164	69	0.999819
1	164	112	0.999819
1	164	119	0.999819
1	164	115	0.999818
0	164	154	0.999817
0	164	147	0.999817
0	164	142	0.999817
0	164	154	0.999817
1	164	98	0.999817
0	164	140	0.999817
1	164	101	0.999816
0	164	148	0.999816
0	164	159	0.999815
0	164	143	0.999815
0	164	140	0.999815
0	164	141	0.999814
1	164	86	0.999814
1	164	101	0.999814
1	164	97	0.999814
1	164	92	0.999813
1	164	72	0.999813
0	164	143	0.999813
1	164	127	0.999813
1	164	89	0.999812
1	164	82	0.999812
0	164	157	0.999812
1	164	78	0.999811
1	164	106	0.999811
1	164	93	0.999811
1	164	114	0.999811
1	164	113	0.99981
0	164	139	0.99981
1	164	88	0.99981
0	164	158	0.99981
1	164	119	0.99981
1	164	101	0.99981
1	164	117	0.99981
1	164	109	0.99981
0	164	145	0.999809
1	164	105	0.999809
0	164	132	0.999809
1	164	127	0.999809
0	164	133	0.999809
1	164	86	0.999809
1	164	71	0.999807
0	164	141	0.999807
0	164	141	0.999807
1	164	73	0.999806
1	164	89	0.999806
1	164	102	0.999806
1	164	83	0.999806
0	164	144	0.999805
0	164	144	0.999805
1	164	85	0.999805
0	164	160	0.999804
1	164	79	0.999804
1	164	68	0.999804
1	164	90	0.999804
0	164	158	0.999803
0	164	136	0.999803
1	164	100	0.999803
0	164	131	0.999802
1	164	85	0.999802
0	164	163	0.999802
0	164	137	0.999802
0	164	144	0.999801
0	164	133	0.999801
1	164	77	0.999801
1	164	76	0.999801
1	164	88	0.9998
0	164	160	0.9998
1	164	105	0.9998
1	164	124	0.9998
0	164	135	0.9998
1	164	119	0.999799
0	164	150	0.999799
1	164	104	0.999798
0	164	153	0.999798
1	164	120	0.999798
0	164	160	0.999798
1	164	125	0.999798
0	164	131	0.999798
1	164	74	0.999798
1	164	127	0.999798
0	164	157	0.999797
0	164	158	0.999797
1	164	115	0.999797
1	164	118	0.999797
1	164	83	0.999797
1	164	96	0.999797
1	164	69	0.999797
0	164	146	0.999796
1	164	104	0.999795
0	164	129	0.999795
1	164	104	0.999795
0	164	157	0.999794
1	164	115	0.999794
1	164	121	0.999793
0	164	160	0.999793
1	164	83	0.999793
0	164	129	0.999793
1	164	87	0.999793
1	164	117	0.999793
0	164	160	0.999793
1	164	87	0.999793
1	164	106	0.999792
0	164	147	0.999792
0	164	145	0.999792
1	164	109	0.999792
0	164	154	0.999792
1	164	74	0.999791
1	164	105	0.999791
0	164	160	0.999791
0	164	135	0.999791
1	164	126	0.999791
0	164	134	0.99979
1	164	103	0.99979
0	164	150	0.99979
1	164	81	0.99979
1	164	121	0.999789
0	164	127	0.999789
0	164	147	0.999789
0	164	132	0.999788
1	164	110	0.999788
1	164	73	0.999787
1	164	119	0.999787
1	164	81	0.999787
0	164	152	0.999787
0	164	133	0.999787
1	164	110	0.999786
0	164	140	0.999786
0	164	137	0.999785
1	164	111	0.999785
0	164	154	0.999785
0	164	158	0.999785
1	164	102	0.999785
0	164	143	0.999784
1	164	83	0.999784
0	164	158	0.999784
0	164	129	0.999783
1	164	92	0.999783
0	164	158	0.999783
1	164	89	0.999782
0	164	132	0.999782
0	164	138	0.999782
0	164	157	0.999781
1	164	88	0.999781
1	164	82	0.999781
1	164	69	0.999781
1	164	91	0.999781
0	164	160	0.999781
1	164	113	0.999781
1	164	95	0.999781
1	164	98	0.999781
0	164	145	0.999781
1	164	78	0.99978
1	164	97	0.99978
0	164	143	0.999779
0	164	129	0.999779
0	164	147	0.999779
1	164	81	0.999779
0	164	129	0.999779
1	164	91	0.999779
1	164	107	0.999778
0	164	157	0.999778
0	164	132	0.999778
1	164	112	0.999778
0	164	145	0.999778
1	164	79	0.999777
1	164	100	0.999777
0	164	143	0.999777
0	164	139	0.999777
1	164	93	0.999777
1	164	74	0.999776
1	164	118	0.999776
1	164	112	0.999776
1	164	68	0.999775
1	164	88	0.999775
0	164	158	0.999775
1	164	95	0.999775
1	164	74	0.999775
0	164	163	0.999775
1	164	76	0.999775
1	164	105	0.999774
0	164	150	0.999774
0	164	151	0.999774
1	164	71	0.999774
1	164	86	0.999774
1	164	98	0.999774
1	164	109	0.999774
1	164	113	0.999774
1	164	75	0.999774
1	164	85	0.999774
1	164	99	0.999774
0	164	133	0.999774
0	164	149	0.999774
0	164	141	0.999773
1	164	95	0.999773
1	164	98	0.999773
0	164	148	0.999773
1	164	114	0.999772
1	164	110	0.999772
0	164	156	0.999772
0	164	125	0.999772
1	164	108	0.999772
0	164	142	0.999772
0	164	132	0.999771
1	164	123	0.999771
0	164	148	0.99977
1	164	115	0.99977
1	164	99	0.99977
1	164	118	0.999769
0	164	160	0.999769
0	164	151	0.999769
1	164	124	0.999769
0	164	162	0.999769
0	164	125	0.999769
1	164	75	0.999768
1	164	74	0.999768
0	164	155	0.999768
0	164	136	0.999767
1	164	104	0.999767
1	164	98	0.999767
0	164	138	0.999767
0	164	145	0.999767
1	164	85	0.999767
1	164	72	0.999766
1	164	115	0.999766
0	164	143	0.999766
1	164	122	0.999765
1	164	116	0.999765
0	164	159	0.999765
1	164	99	0.999765
0	164	163	0.999764
1	164	74	0.999764
1	164	76	0.999763
1	164	113	0.999763
0	164	158	0.999763
0	164	137	0.999763
0	164	147	0.999762
1	164	112	0.999762
1	164	78	0.999762
1	164	92	0.999762
0	164	155	0.999762
1	164	93	0.999761
0	164	153	0.999761
1	164	80	0.999761
0	164	152	0.999761
0	164	149	0.99976
0	164	136	0.99976
1	164	117	0.999759
1	164	80	0.999759
1	164	71	0.999759
0	164	139	0.999759
0	164	158	0.999759
1	164	78	0.999759
1	164	103	0.999758
1	164	80	0.999758
1	164	90	0.999758
0	164	136	0.999758
1	164	101	0.999758
0	164	137	0.999758
0	164	133	0.999758
1	164	100	0.999758
1	164	99	0.999758
1	164	88	0.999757
1	164	118	0.999756
1	164	117	0.999756
0	164	148	0.999755
1	164	119	0.999755
1	164	70	0.999755
1	164	68	0.999755
1	164	122	0.999755
0	164	136	0.999755
0	164	142	0.999754
1	164	98	0.999754
1	164	123	0.999754
1	164	117	0.999754
1	164	120	0.999754
1	164	114	0.999754
0	164	137	0.999753
0	164	130	0.999753
0	164	155	0.999753
1	164	115	0.999753
1	164	113	0.999753
1	164	81	0.999753
0	164	148	0.999753
0	164	149	0.999753
1	164	101	0.999753
0	164	131	0.999753
1	164	79	0.999752
0	164	140	0.999752
0	164	145	0.999752
1	164	112	0.999752
1	164	73	0.999752
1	164	85	0.999751
1	164	96	0.999751
1	164	106	0.99975
1	164	86	0.99975
1	164	122	0.99975
1	164	93	0.99975
1	164	84	0.999749
0	164	140	0.999749
1	164	91	0.999749
1	164	68	0.999749
0	164	134	0.999749
0	164	149	0.999749
0	164	134	0.999749
0	164	136	0.999748
1	164	104	0.999748
1	164	87	0.999748
1	164	68	0.999748
0	164	133	0.999748
1	164	69	0.999748
0	164	152	0.999747
1	164	122	0.999747
0	164	139	0.999747
1	164	120	0.999747
0	164	145	0.999747
1	164	90	0.999747
1	164	97	0.999746
1	164	116	0.999746
0	164	132	0.999746
0	164	155	0.999746
0	164	149	0.999746
1	164	109	0.999746
0	164	126	0.999746
1	164	98	0.999746
0	164	140	0.999745
1	164	113	0.999745
0	164	134	0.999745
1	164	110	0.999745
1	164	89	0.999745
0	164	123	0.999745
0	164	129	0.999745
1	164	120	0.999745
0	164	136	0.999745
0	164	126	0.999744
1	164	78	0.999744
0	164	155	0.999743
0	164	135	0.999743
1	164	76	0.999743
1	164	104	0.999743
0	164	156	0.999742
1	164	102	0.999742
0	164	152	0.999742
1	164	94	0.999742
1	164	120	0.999742
1	164	86	0.99974
1	164	120	0.99974
0	164	152	0.99974
1	164	73	0.99974
0	164	122	0.99974
1	164	74	0.99974
1	164	71	0.99974
0	164	136	0.99974
0	164	158	0.99974
1	164	118	0.999739
1	164	112	0.999739
1	164	97	0.999739
1	164	109	0.999739
1	164	106	0.999739
1	164	94	0.999739
0	164	125	0.999739
1	164	85	0.999739
0	164	146	0.999738
0	164	140	0.999738
1	164	114	0.999737
0	164	141	0.999737
0	164	147	0.999737
1	164	114	0.999737
1	164	117	0.999737
1	164	72	0.999736
0	164	138	0.999736
0	164	145	0.999736
1	164	118	0.999736
0	164	139	0.999736
0	164	133	0.999736
1	164	88	0.999736
1	164	89	0.999736
0	164	136	0.999735
1	164	116	0.999735
1	164	99	0.999735
1	164	95	0.999735
0	164	161	0.999734
1	164	118	0.999734
0	164	123	0.999734
0	164	134	0.999734
1	164	92	0.999734
1	164	108	0.999734
1	164	77	0.999734
1	164	86	0.999733
0	164	126	0.999733
0	164	123	0.999733
0	164	161	0.999733
0	164	161	0.999733
0	164	140	0.999733
1	164	74	0.999733
1	164	103	0.999733
0	164	136	0.999731
0	164	147	0.999731
1	164	73	0.999731
1	164	119	0.999731
0	164	134	0.999731
0	164	136	0.999731
0	164	134	0.999731
1	164	90	0.999731
0	164	136	0.999731
0	164	136	0.999731
1	164	111	0.999731
1	164	73	0.99973
0	164	140	0.99973
0	164	143	0.99973
1	164	107	0.99973
1	164	89	0.99973
1	164	72	0.99973
1	164	117	0.99973
1	164	77	0.99973
1	164	110	0.99973
0	164	148	0.99973
0	164	154	0.99973
1	164	72	0.999729
0	164	163	0.999729
0	164	153	0.999729
0	164	138	0.999729
0	164	147	0.999729
0	164	163	0.999729
1	164	108	0.999729
0	164	150	0.999729
1	164	114	0.999729
1	164	118	0.999729
1	164	92	0.999728
1	164	88	0.999728
1	164	76	0.999727
0	164	139	0.999727
1	164	114	0.999727
1	164	118	0.999727
0	164	123	0.999727
0	164	139	0.999727
1	164	72	0.999727
1	164	78	0.999727
1	164	108	0.999727
1	164	87	0.999727
0	164	153	0.999727
1	164	104	0.999726
1	164	82	0.999726
0	164	144	0.999726
0	164	138	0.999726
1	164	96	0.999726
1	164	113	0.999726
0	164	159	0.999726
1	164	101	0.999725
1	164	72	0.999725
1	164	102	0.999724
0	164	153	0.999724
0	164	135	0.999724
1	164	114	0.999724
1	164	81	0.999723
1	164	78	0.999723
1	164	79	0.999723
1	164	90	0.999723
1	164	116	0.999723
0	164	137	0.999723
1	164	107	0.999723
0	164	139	0.999722
0	164	158	0.999722
0	164	122	0.999721
0	164	159	0.999721
0	164	131	0.999721
0	164	127	0.999721
1	164	104	0.999721
1	164	99	0.99972
0	164	134	0.99972
1	164	119	0.99972
0	164	146	0.99972
1	164	106	0.99972
1	164	94	0.99972
1	164	85	0.99972
0	164	159	0.99972
0	164	143	0.999719
1	164	73	0.999719
0	164	134	0.999719
0	164	135	0.999719
0	164	157	0.999719
1	164	71	0.999719
0	164	158	0.999718
1	164	108	0.999718
0	164	158	0.999718
1	164	70	0.999718
1	164	104	0.999718
0	164	163	0.999718
1	164	102	0.999718
1	164	69	0.999718
1	164	89	0.999718
1	164	70	0.999718
0	164	133	0.999718
0	164	163	0.999717
1	164	114	0.999717
0	164	157	0.999717
1	164	71	0.999717
0	164	143	0.999717
1	164	110	0.999717
1	164	74	0.999716
0	164	124	0.999716
0	164	136	0.999716
1	164	85	0.999716
1	164	81	0.999716
1	164	115	0.999715
1	164	116	0.999715
1	164	71	0.999715
0	164	138	0.999715
0	164	125	0.999715
1	164	106	0.999715
1	164	77	0.999715
0	164	121	0.999714
0	164	128	0.999714
0	164	146	0.999714
1	164	75	0.999714
0	164	120	0.999714
1	164	83	0.999713
0	164	150	0.999713
1	164	83	0.999713
0	164	161	0.999713
1	164	74	0.999713
0	164	145	0.999713
1	164	70	0.999713
0	164	139	0.999713
1	164	84	0.999713
1	164	106	0.999712
1	164	104	0.999711
0	164	157	0.999711
0	164	131	0.999711
1	164	90	0.999711
0	164	126	0.999711
1	164	116	0.999711
0	164	136	0.999711
0	164	148	0.99971
1	164	95	0.99971
0	164	131	0.99971
1	164	118	0.99971
1	164	81	0.999709
0	164	121	0.999708
1	164	110	0.999708
1	164	86	0.999708
1	164	81	0.999708
1	164	103	0.999707
0	164	155	0.999707
1	164	76	0.999707
0	164	161	0.999707
1	164	91	0.999707
1	164	74	0.999707
1	164	72	0.999706
1	164	82	0.999705
1	164	70	0.999705
0	164	130	0.999705
0	164	139	0.999705
1	164	89	0.999705
0	164	147	0.999705
0	164	125	0.999705
0	164	142	0.999705
1	164	80	0.999705
0	164	156	0.999704
1	164	93	0.999704
1	164	71	0.999704
0	164	148	0.999704
1	164	91	0.999704
1	164	81	0.999704
0	164	122	0.999704
1	164	93	0.999703
0	164	144	0.999703
1	164	109	0.999703
1	164	93	0.999703
1	164	89	0.999703
1	164	83	0.999702
0	164	146	0.999702
0	164	142	0.999702
1	164	105	0.999702
0	164	162	0.999702
1	164	118	0.999701
1	164	100	0.999701
1	164	110	0.999701
1	164	94	0.999701
0	164	121	0.999701
0	164	157	0.999701
1	164	87	0.999701
1	164	70	0.999701
1	164	82	0.9997
1	164	91	0.9997
0	164	124	0.9997
1	164	101	0.999699
0	164	161	0.999699
1	164	73	0.999699
0	164	128	0.999699
0	164	133	0.999699
0	164	150	0.999699
0	164	147	0.999699
0	164	131	0.999699
1	164	70	0.999699
0	164	133	0.999699
1	164	114	0.999698
0	164	118	0.999698
1	164	89	0.999698
1	164	117	0.999698
1	164	109	0.999698
1	164	93	0.999698
0	164	138	0.999697
1	164	95	0.999697
0	164	124	0.999697
1	164	115	0.999697
1	164	97	0.999696
0	164	139	0.999696
0	164	159	0.999695
0	164	120	0.999695
0	164	128	0.999695
0	164	160	0.999695
1	164	92	0.999695
1	164	90	0.999694
1	164	68	0.999694
0	164	148	0.999694
1	164	97	0.999694
0	164	159	0.999694
0	164	133	0.999694
1	164	99	0.999693
1	164	115	0.999693
0	164	127	0.999692
0	164	126	0.999692
1	164	81	0.999692
1	164	109	0.999692
1	164	81	0.999692
1	164	82	0.999692
1	164	81	0.999691
1	164	100	0.999691
0	164	125	0.999691
0	164	121	0.999691
1	164	116	0.999691
0	164	149	0.999691
0	164	135	0.99969
0	164	136	0.99969
1	164	103	0.99969
0	164	159	0.99969
0	164	143	0.99969
1	164	80	0.999689
0	164	156	0.999689
0	164	130	0.999688
1	164	113	0.999688
0	164	125	0.999688
1	164	107	0.999688
0	164	157	0.999687
1	164	113	0.999687
0	164	130	0.999687
0	164	138	0.999686
0	164	132	0.999686
0	164	159	0.999686
0	164	147	0.999686
0	164	118	0.999685
1	164	77	0.999685
1	164	78	0.999685
1	164	100	0.999684
0	164	154	0.999684
0	164	132	0.999684
1	164	101	0.999684
1	164	107	0.999684
1	164	97	0.999684
1	164	68	0.999684
0	164	120	0.999684
0	164	139	0.999683
0	164	123	0.999683
0	164	159	0.999683
1	164	82	0.999683
1	164	108	0.999683
0	164	137	0.999683
1	164	85	0.999682
1	164	68	0.999682
0	164	161	0.999682
0	164	144	0.999681
1	164	86	0.999681
1	164	97	0.999681
1	164	110	0.999681
1	164	93	0.999681
0	164	117	0.99968
1	164	68	0.99968
0	164	160	0.99968
1	164	92	0.999679
1	164	82	0.999679
0	164	139	0.999679
0	164	119	0.999679
1	164	114	0.999679
0	164	149	0.999679
0	164	125	0.999679
0	164	144	0.999679
1	164	78	0.999679
1	164	87	0.999679
1	164	98	0.999678
0	164	136	0.999678
1	164	70	0.999676
1	164	103	0.999676
0	164	157	0.999676
1	164	82	0.999676
0	164	117	0.999676
1	164	81	0.999676
1	164	71	0.999676
0	164	161	0.999676
0	164	118	0.999676
1	164	85	0.999676
0	164	118	0.999676
1	164	103	0.999676
0	164	157	0.999675
1	164	75	0.999675
1	164	82	0.999675
0	164	120	0.999675
1	164	76	0.999675
1	164	71	0.999675
1	164	102	0.999675
0	164	131	0.999674
1	164	72	0.999674
1	164	70	0.999674
1	164	71	0.999674
0	164	128	0.999674
0	164	149	0.999673
0	164	123	0.999673
0	164	129	0.999673
1	164	72	0.999673
1	164	90	0.999673
1	164	110	0.999673
0	164	118	0.999673
1	164	115	0.999673
0	164	142	0.999673
1	164	72	0.999672
0	164	134	0.999672
0	164	163	0.999672
0	164	159	0.999672
0	164	140	0.999672
1	164	77	0.999672
0	164	144	0.999672
0	164	153	0.999671
1	164	106	0.99967
0	164	140	0.99967
0	164	139	0.99967
1	164	100	0.99967
1	164	75	0.99967
1	164	106	0.99967
1	164	112	0.99967
0	164	160	0.99967
0	164	124	0.99967
0	164	162	0.99967
0	164	132	0.99967
1	164	98	0.99967
1	164	82	0.99967
1	164	91	0.999669
1	164	95	0.999669
0	164	132	0.999669
0	164	156	0.999669
0	164	131	0.999669
1	164	97	0.999669
0	164	118	0.999668
0	164	117	0.999668
0	164	153	0.999667
1	164	81	0.999667
0	164	116	0.999667
1	164	96	0.999667
1	164	86	0.999667
1	164	74	0.999667
0	164	153	0.999667
0	164	157	0.999666
1	164	73	0.999666
1	164	91	0.999666
0	164	120	0.999665
1	164	73	0.999664
0	164	159	0.999663
1	164	112	0.999663
1	164	87	0.999663
0	164	160	0.999663
0	164	137	0.999663
0	164	127	0.999662
0	164	120	0.999662
1	164	73	0.999662
0	164	158	0.999661
0	164	130	0.999661
0	164	136	0.99966
1	164	71	0.99966
1	164	107	0.99966
1	164	74	0.99966
1	164	96	0.99966
0	164	157	0.99966
0	164	135	0.999659
0	164	128	0.999659
1	164	84	0.999659
0	164	150	0.999659
0	164	155	0.999659
0	164	153	0.999659
1	164	70	0.999659
1	164	86	0.999659
1	164	95	0.999659
1	164	69	0.999659
1	164	82	0.999659
1	164	94	0.999658
0	164	148	0.999657
0	164	120	0.999657
0	164	127	0.999657
0	164	142	0.999657
1	164	105	0.999656
1	164	85	0.999656
0	164	134	0.999656
0	164	119	0.999656
0	164	155	0.999656
0	164	120	0.999656
1	164	79	0.999656
0	164	137	0.999655
0	164	163	0.999654
0	164	153	0.999654
1	164	98	0.999654
0	164	124	0.999654
1	164	73	0.999653
1	164	85	0.999653
1	164	88	0.999653
0	164	130	0.999653
1	164	91	0.999653
0	164	156	0.999653
1	164	102	0.999653
0	164	148	0.999653
0	164	136	0.999653
0	164	163	0.999653
1	164	105	0.999652
0	164	141	0.999652
1	164	79	0.999652
1	164	94	0.999651
1	164	97	0.999651
1	164	110	0.999651
0	164	132	0.999651
0	164	155	0.999651
0	164	144	0.999651
1	164	97	0.999651
0	164	131	0.999651
0	164	140	0.999651
0	164	117	0.999651
0	164	116	0.99965
0	164	155	0.99965
0	164	140	0.99965
0	164	131	0.99965
0	164	142	0.99965
0	164	130	0.999649
0	164	148	0.999649
1	164	89	0.999649
0	164	155	0.999648
1	164	109	0.999648
0	164	140	0.999648
0	164	115	0.999648
0	164	136	0.999648
1	164	96	0.999648
1	164	76	0.999648
0	164	150	0.999648
1	164	72	0.999648
0	164	127	0.999648
1	164	100	0.999647
1	164	108	0.999647
1	164	69	0.999647
0	164	127	0.999646
0	164	156	0.999646
0	164	145	0.999646
0	164	127	0.999646
0	164	123	0.999646
1	164	107	0.999646
1	164	90	0.999646
1	164	114	0.999645
0	164	137	0.999645
0	164	116	0.999645
1	164	78	0.999644
1	164	89	0.999644
0	164	126	0.999644
0	164	131	0.999643
1	164	70	0.999643
0	164	128	0.999643
1	164	74	0.999643
0	164	154	0.999643
1	164	97	0.999643
1	164	69	0.999642
0	164	117	0.999642
1	164	97	0.999642
1	164	102	0.999642
0	164	141	0.999642
1	164	112	0.999642
1	164	71	0.999641
1	164	110	0.999641
0	164	137	0.999641
1	164	94	0.999641
0	164	117	0.99964
0	164	122	0.99964
0	164	153	0.99964
0	164	163	0.999639
0	164	150	0.999639
0	164	119	0.999639
0	164	117	0.999639
0	164	147	0.999639
0	164	139	0.999639
1	164	90	0.999639
1	164	99	0.999638
0	164	114	0.999638
0	164	159	0.999638
1	164	100	0.999638
0	164	126	0.999637
1	164	111	0.999637
0	164	118	0.999637
0	164	148	0.999637
1	164	87	0.999637
0	164	142	0.999637
1	164	84	0.999636
1	164	86	0.999636
1	164	107	0.999636
1	164	96	0.999635
0	164	134	0.999635
1	164	108	0.999635
0	164	124	0.999635
1	164	80	0.999634
0	164	150	0.999634
0	164	143	0.999634
1	164	73	0.999634
1	164	77	0.999634
1	164	105	0.999634
0	164	148	0.999634
1	164	108	0.999633
1	164	108	0.999633
0	164	149	0.999633
1	164	70	0.999632
1	164	68	0.999632
1	164	101	0.999632
1	164	85	0.999632
0	164	149	0.999632
0	164	129	0.999632
0	164	119	0.999631
0	164	160	0.999631
1	164	101	0.999631
0	164	120	0.999631
1	164	108	0.999631
0	164	147	0.999631
0	164	159	0.999631
1	164	88	0.99963
0	164	143	0.99963
1	164	100	0.99963
1	164	96	0.99963
0	164	150	0.99963
0	164	122	0.99963
0	164	143	0.99963
1	164	111	0.99963
1	164	77	0.999629
0	164	116	0.999629
0	164	135	0.999629
0	164	144	0.999628
0	164	126	0.999627
1	164	89	0.999627
1	164	93	0.999627
1	164	96	0.999627
0	164	128	0.999627
0	164	133	0.999627
0	164	162	0.999627
0	164	163	0.999627
1	164	97	0.999626
1	164	105	0.999626
1	164	105	0.999626
0	164	133	0.999626
1	164	99	0.999625
0	164	160	0.999625
1	164	109	0.999625
0	164	143	0.999625
1	164	85	0.999625
0	164	157	0.999625
1	164	72	0.999625
0	164	143	0.999625
0	164	154	0.999624
1	164	76	0.999624
1	164	72	0.999624
1	164	74	0.999624
0	164	134	0.999624
1	164	92	0.999623
1	164	72	0.999623
0	164	114	0.999622
0	164	135	0.999622
0	164	124	0.999622
1	164	79	0.999622
0	164	114	0.999622
1	164	83	0.999622
1	164	83	0.999622
0	164	120	0.999622
0	164	118	0.999622
1	164	71	0.999621
1	164	78	0.999621
0	164	116	0.999621
0	164	130	0.999621
0	164	139	0.999621
1	164	85	0.999621
1	164	101	0.999621
0	164	161	0.999621
1	164	74	0.99962
1	164	69	0.99962
1	164	81	0.99962
0	164	148	0.99962
1	164	96	0.99962
1	164	86	0.999619
0	164	131	0.999619
0	164	148	0.999619
1	164	102	0.999619
0	164	155	0.999619
1	164	79	0.999618
1	164	80	0.999618
1	164	112	0.999618
0	164	126	0.999618
1	164	105	0.999618
1	164	109	0.999618
0	164	114	0.999617
0	164	162	0.999617
0	164	113	0.999617
0	164	143	0.999616
0	164	158	0.999616
0	164	120	0.999616
1	164	111	0.999616
1	164	97	0.999616
1	164	87	0.999616
1	164	75	0.999615
1	164	86	0.999615
0	164	154	0.999615
0	164	118	0.999615
0	164	152	0.999615
0	164	139	0.999615
0	164	154	0.999615
0	164	149	0.999615
1	164	86	0.999615
0	164	155	0.999614
1	164	105	0.999614
0	164	150	0.999614
0	164	147	0.999614
1	164	105	0.999614
1	164	71	0.999614
0	164	125	0.999614
0	164	159	0.999613
1	164	98	0.999613
0	164	157	0.999612
0	164	160	0.999612
1	164	94	0.999612
0	164	118	0.999612
0	164	117	0.999612
1	164	108	0.999612
0	164	137	0.999611
0	164	127	0.999611
0	164	117	0.999611
0	164	134	0.999611
0	164	132	0.999611
1	164	107	0.999611
0	164	153	0.99961
0	164	130	0.99961
0	164	121	0.99961
0	164	114	0.99961
1	164	108	0.999609
0	164	134	0.999609
0	164	122	0.999608
1	164	71	0.999608
1	164	105	0.999608
1	164	88	0.999608
1	164	80	0.999608
0	164	123	0.999607
1	164	77	0.999607
1	164	69	0.999607
0	164	134	0.999607
0	164	116	0.999607
0	164	159	0.999607
0	164	131	0.999606
0	164	144	0.999606
1	164	83	0.999606
1	164	73	0.999606
0	164	114	0.999606
1	164	101	0.999605
1	164	110	0.999605
0	164	128	0.999605
1	164	80	0.999605
0	164	148	0.999605
0	164	150	0.999605
0	164	153	0.999605
1	164	101	0.999604
1	164	69	0.999604
1	164	82	0.999604
1	164	70	0.999604
0	164	126	0.999604
0	164	141	0.999603
1	164	91	0.999603
1	164	68	0.999603
1	164	110	0.999603
0	164	160	0.999602
0	164	162	0.999602
0	164	152	0.999602
0	164	162	0.999602
0	164	122	0.999602
1	164	88	0.999602
0	164	127	0.999602
1	164	71	0.999602
0	164	128	0.999601
1	164	109	0.9996
1	164	94	0.9996
0	164	129	0.9996
0	164	116	0.9996
1	164	82	0.9996
1	164	110	0.999599
1	164	82	0.999599
0	164	113	0.999598
1	164	77	0.999598
0	164	125	0.999598
0	164	139	0.999598
0	164	134	0.999598
1	164	111	0.999598
0	164	147	0.999598
1	164	104	0.999598
0	164	145	0.999597
1	164	96	0.999597
0	164	149	0.999596
0	164	132	0.999596
0	164	122	0.999595
0	164	149	0.999595
0	164	144	0.999595
0	164	152	0.999595
1	164	94	0.999595
1	164	78	0.999595
0	164	145	0.999595
1	164	71	0.999595
0	164	122	0.999594
0	164	129	0.999594
1	164	70	0.999594
0	164	144	0.999593
0	164	124	0.999593
1	164	107	0.999593
0	164	152	0.999593
0	164	157	0.999593
1	164	83	0.999592
0	164	149	0.999592
0	164	141	0.999592
1	164	78	0.999591
1	164	83	0.999591
0	164	148	0.999591
0	164	112	0.99959
0	164	118	0.99959
0	164	126	0.99959
0	164	160	0.99959
0	164	152	0.999589
0	164	152	0.999589
1	164	102	0.999589
1	164	98	0.999589
0	164	128	0.999589
1	164	103	0.999589
0	164	120	0.999589
0	164	126	0.999588
0	164	151	0.999588
1	164	105	0.999587
0	164	123	0.999587
0	164	114	0.999587
1	164	107	0.999586
0	164	155	0.999586
0	164	149	0.999586
0	164	137	0.999586
0	164	128	0.999586
0	164	116	0.999585
1	164	83	0.999584
0	164	125	0.999584
1	164	72	0.999584
1	164	87	0.999584
1	164	92	0.999584
0	164	128	0.999584
0	164	124	0.999584
0	164	142	0.999583
0	164	123	0.999583
1	164	70	0.999583
0	164	160	0.999583
1	164	72	0.999583
1	164	105	0.999583
1	164	85	0.999583
0	164	120	0.999582
0	164	134	0.999582
0	164	144	0.999582
0	164	112	0.999582
0	164	159	0.999582
0	164	163	0.999581
0	164	162	0.999581
1	164	106	0.999581
0	164	121	0.99958
1	164	98	0.99958
0	164	147	0.99958
1	164	77	0.99958
0	164	163	0.99958
0	164	113	0.99958
1	164	83	0.99958
0	164	158	0.999579
1	164	86	0.999579
0	164	163	0.999579
0	164	136	0.999579
0	164	113	0.999579
0	164	139	0.999579
0	164	150	0.999579
0	164	142	0.999579
0	164	162	0.999578
1	164	69	0.999577
0	164	150	0.999577
0	164	142	0.999577
1	164	87	0.999577
1	164	77	0.999577
0	164	158	0.999576
0	164	118	0.999576
0	164	162	0.999576
1	164	93	0.999576
0	164	152	0.999576
1	164	86	0.999576
1	164	85	0.999576
0	164	148	0.999576
1	164	71	0.999576
1	164	88	0.999575
1	164	94	0.999575
1	164	96	0.999575
0	164	157	0.999574
1	164	90	0.999574
0	164	127	0.999574
1	164	86	0.999574
0	164	140	0.999574
1	164	98	0.999573
1	164	95	0.999573
1	164	84	0.999573
1	164	99	0.999573
1	164	93	0.999573
0	164	135	0.999573
0	164	115	0.999573
0	164	138	0.999573
1	164	70	0.999573
0	164	142	0.999571
1	164	101	0.999571
1	164	95	0.999571
1	164	95	0.999571
1	164	81	0.99957
0	164	144	0.99957
1	164	79	0.99957
0	164	116	0.99957
0	164	161	0.99957
0	164	141	0.99957
0	164	153	0.999569
0	164	143	0.999569
0	164	114	0.999569
0	164	123	0.999568
1	164	98	0.999568
0	164	117	0.999568
0	164	138	0.999568
0	164	114	0.999568
1	164	69	0.999568
1	164	76	0.999568
0	164	130	0.999568
1	164	96	0.999567
0	164	140	0.999567
0	164	154	0.999567
0	164	124	0.999567
1	164	100	0.999566
0	164	135	0.999566
1	164	74	0.999566
1	164	68	0.999566
1	164	95	0.999566
0	164	155	0.999566
1	164	81	0.999565
0	164	140	0.999564
0	164	158	0.999564
0	164	157	0.999564
1	164	89	0.999564
1	164	93	0.999564
1	164	109	0.999564
0	164	113	0.999564
1	164	96	0.999564
1	164	95	0.999563
1	164	108	0.999563
1	164	89	0.999563
1	164	98	0.999563
1	164	83	0.999563
0	164	122	0.999563
0	164	152	0.999563
0	164	129	0.999563
0	164	159	0.999562
1	164	75	0.999562
0	164	161	0.999562
0	164	129	0.999561
0	164	132	0.999561
0	164	149	0.999561
1	164	90	0.99956
0	164	130	0.99956
0	164	137	0.99956
1	164	74	0.99956
0	164	162	0.99956
1	164	82	0.99956
0	164	161	0.99956
1	164	80	0.999559
1	164	106	0.999559
0	164	153	0.999559
0	164	115	0.999558
1	164	104	0.999558
0	164	115	0.999558
1	164	92	0.999558
0	164	160	0.999558
1	164	82	0.999558
0	164	114	0.999558
1	164	99	0.999558
1	164	68	0.999557
0	164	114	0.999557
1	164	78	0.999557
0	164	149	0.999557
1	164	95	0.999557
0	164	131	0.999557
0	164	114	0.999557
0	164	113	0.999557
0	164	156	0.999556
1	164	80	0.999556
0	164	113	0.999555
1	164	95	0.999555
0	164	131	0.999555
0	164	119	0.999555
0	164	153	0.999554
0	164	151	0.999554
0	164	152	0.999554
0	164	153	0.999554
0	164	149	0.999553
0	164	126	0.999553
1	164	81	0.999553
1	164	94	0.999553
0	164	151	0.999552
0	164	146	0.999552
1	164	108	0.999552
1	164	99	0.999552
0	164	147	0.999552
0	164	115	0.999552
0	164	162	0.999551
1	164	82	0.999551
1	164	79	0.999551
0	164	112	0.999551
1	164	100	0.99955
1	164	71	0.99955
1	164	69	0.99955
0	164	140	0.99955
0	164	142	0.99955
0	164	161	0.99955
0	164	118	0.99955
0	164	136	0.99955
0	164	114	0.99955
0	164	160	0.99955
0	164	136	0.999549
1	164	108	0.999549
0	164	150	0.999549
1	164	75	0.999549
1	164	106	0.999549
0	164	157	0.999549
0	164	110	0.999549
0	164	119	0.999549
0	164	123	0.999549
0	164	161	0.999548
1	164	80	0.999548
0	164	111	0.999548
1	164	107	0.999547
0	164	152	0.999547
0	164	160	0.999547
1	164	105	0.999547
0	164	122	0.999547
0	164	155	0.999547
0	164	136	0.999547
1	164	94	0.999547
0	164	148	0.999547
1	164	92	0.999547
0	164	115	0.999546
0	164	110	0.999545
0	164	132	0.999545
0	164	122	0.999545
1	164	75	0.999544
1	164	87	0.999544
0	164	150	0.999544
0	164	124	0.999544
0	164	121	0.999544
0	164	140	0.999544
0	164	136	0.999543
0	164	129	0.999543
0	164	134	0.999542
0	164	145	0.999542
0	164	141	0.999542
0	164	156	0.999542
1	164	107	0.999542
0	164	149	0.999542
1	164	96	0.999542
1	164	89	0.999541
1	164	96	0.999541
0	164	144	0.999541
1	164	88	0.999541
0	164	154	0.99954
0	164	129	0.99954
1	164	109	0.99954
1	164	77	0.99954
0	164	121	0.999539
0	164	128	0.999539
1	164	80	0.999539
1	164	86	0.999539
1	164	98	0.999539
0	164	146	0.999538
1	164	107	0.999538
1	164	93	0.999538
1	164	97	0.999538
1	164	72	0.999538
0	164	120	0.999538
1	164	104	0.999537
0	164	160	0.999537
1	164	84	0.999537
1	164	87	0.999536
0	164	127	0.999536
0	164	156	0.999536
0	164	139	0.999536
0	164	136	0.999535
0	164	121	0.999535
1	164	107	0.999535
1	164	77	0.999534
0	164	137	0.999534
0	164	148	0.999534
1	164	79	0.999534
1	164	96	0.999534
1	164	103	0.999534
1	164	96	0.999534
0	164	121	0.999534
0	164	112	0.999534
1	164	68	0.999533
0	164	134	0.999533
1	164	69	0.999532
1	164	84	0.999532
0	164	116	0.999532
0	164	157	0.999532
1	164	73	0.999532
1	164	73	0.999531
0	164	121	0.999531
1	164	68	0.999531
0	164	160	0.999531
0	164	137	0.99953
0	164	130	0.99953
1	164	95	0.99953
1	164	77	0.999529
0	164	136	0.999529
0	164	136	0.999529
0	164	150	0.999529
0	164	119	0.999529
0	164	133	0.999528
0	164	132	0.999528
1	164	101	0.999528
1	164	103	0.999528
1	164	104	0.999528
0	164	131	0.999528
0	164	149	0.999528
1	164	68	0.999528
0	164	136	0.999527
0	164	111	0.999527
1	164	102	0.999527
0	164	155	0.999526
0	164	121	0.999526
1	164	104	0.999526
0	164	109	0.999526
0	164	110	0.999526
0	164	122	0.999526
0	164	149	0.999526
1	164	80	0.999525
0	164	153	0.999525
0	164	110	0.999525
1	164	85	0.999525
1	164	89	0.999525
1	164	82	0.999524
0	164	123	0.999524
1	164	102	0.999523
1	164	78	0.999523
1	164	91	0.999523
0	164	131	0.999523
1	164	92	0.999523
0	164	157	0.999523
0	164	144	0.999522
0	164	120	0.999522
1	164	86	0.999522
0	164	137	0.999522
0	164	140	0.999522
0	164	152	0.999522
1	164	78	0.999521
0	164	138	0.99952
0	164	145	0.99952
0	164	115	0.99952
1	164	90	0.99952
1	164	76	0.99952
1	164	84	0.99952
0	164	132	0.999519
0	164	142	0.999519
1	164	86	0.999519
1	164	107	0.999519
1	164	80	0.999519
1	164	93	0.999519
1	164	106	0.999519
0	164	140	0.999519
0	164	152	0.999519
1	164	88	0.999519
1	164	79	0.999519
1	164	70	0.999519
0	164	152	0.999519
1	164	108	0.999518
1	164	107	0.999518
0	164	109	0.999518
1	164	90	0.999518
0	164	161	0.999518
1	164	88	0.999518
0	164	119	0.999518
1	164	104	0.999518
0	164	121	0.999518
0	164	157	0.999518
1	164	98	0.999517
0	164	140	0.999516
0	164	116	0.999516
0	164	132	0.999516
0	164	136	0.999516
1	164	78	0.999516
1	164	80	0.999516
1	164	72	0.999516
1	164	78	0.999516
0	164	115	0.999516
1	164	96	0.999516
1	164	99	0.999516
0	164	150	0.999515
1	164	75	0.999515
1	164	99	0.999515
0	164	140	0.999515
1	164	108	0.999515
1	164	72	0.999515
1	164	80	0.999515
1	164	79	0.999515
1	164	79	0.999514
0	164	109	0.999514
0	164	120	0.999513
1	164	104	0.999513
1	164	96	0.999513
1	164	95	0.999513
1	164	69	0.999513
1	164	73	0.999512
0	164	152	0.999512
0	164	110	0.999512
0	164	158	0.999512
0	164	136	0.999511
0	164	112	0.999511
0	164	130	0.999511
0	164	160	0.999511
0	164	162	0.999511
0	164	159	0.999511
0	164	161	0.99951
1	164	100	0.99951
0	164	117	0.99951
0	164	137	0.99951
0	164	133	0.99951
0	164	152	0.99951
0	164	111	0.99951
1	164	100	0.99951
0	164	114	0.99951
0	164	121	0.99951
1	164	100	0.999509
0	164	127	0.999509
0	164	131	0.999509
0	164	138	0.999509
1	164	108	0.999509
1	164	96	0.999509
1	164	97	0.999509
0	164	121	0.999509
0	164	118	0.999508
0	164	132	0.999508
1	164	98	0.999507
1	164	75	0.999507
0	164	149	0.999507
0	164	160	0.999507
1	164	93	0.999507
0	164	131	0.999507
1	164	72	0.999506
0	164	133	0.999506
0	164	123	0.999506
1	164	83	0.999506
0	164	126	0.999506
1	164	90	0.999506
0	164	147	0.999506
0	164	140	0.999505
0	164	136	0.999505
1	164	106	0.999505
0	164	126	0.999505
0	164	121	0.999505
0	164	128	0.999504
0	164	142	0.999504
1	164	86	0.999504
1	164	100	0.999504
0	164	155	0.999504
1	164	69	0.999503
0	164	140	0.999503
0	164	119	0.999503
1	164	85	0.999503
0	164	138	0.999503
0	164	146	0.999502
1	164	80	0.999502
0	164	158	0.999502
1	164	91	0.999502
0	164	119	0.999502
0	164	123	0.999502
0	164	131	0.999502
0	164	151	0.999501
0	164	146	0.999501
0	164	146	0.999501
1	164	81	0.999501
1	164	88	0.9995
0	164	142	0.9995
1	164	79	0.999499
1	164	106	0.999499
1	164	70	0.999499
1	164	73	0.999499
1	164	100	0.999499
0	164	163	0.999499
0	164	126	0.999499
0	164	113	0.999499
0	164	147	0.999499
0	164	147	0.999499
1	164	105	0.999498
0	164	150	0.999498
1	164	102	0.999498
1	164	107	0.999497
0	164	156	0.999497
0	164	163	0.999497
0	164	155	0.999497
1	164	108	0.999497
1	164	71	0.999497
1	164	79	0.999497
0	164	134	0.999497
1	164	105	0.999497
0	164	115	0.999497
0	164	160	0.999496
0	164	150	0.999496
1	164	74	0.999496
1	164	96	0.999496
0	164	139	0.999496
0	164	128	0.999496
1	164	78	0.999496
1	164	107	0.999496
0	164	149	0.999495
0	164	109	0.999495
1	164	73	0.999494
1	164	79	0.999494
0	164	115	0.999494
1	164	74	0.999494
1	164	96	0.999494
0	164	109	0.999494
0	164	163	0.999494
1	164	68	0.999494
0	164	118	0.999493
1	164	75	0.999493
0	164	124	0.999493
0	164	126	0.999493
1	164	103	0.999493
0	164	150	0.999493
0	164	112	0.999493
1	164	84	0.999492
1	164	86	0.999492
1	164	74	0.999492
0	164	163	0.999492
1	164	70	0.999491
0	164	108	0.999491
0	164	163	0.999491
1	164	70	0.999491
0	164	122	0.999491
0	164	159	0.99949
0	164	135	0.99949
0	164	130	0.99949
0	164	162	0.99949
1	164	104	0.99949
0	164	108	0.99949
0	164	157	0.999489
0	164	116	0.999488
1	164	83	0.999488
0	164	150	0.999487
0	164	124	0.999487
0	164	148	0.999487
1	164	95	0.999487
1	164	102	0.999487
0	164	142	0.999487
0	164	133	0.999487
0	164	146	0.999486
0	164	139	0.999486
0	164	137	0.999486
1	164	80	0.999486
0	164	123	0.999486
0	164	131	0.999486
1	164	103	0.999486
1	164	105	0.999485
0	164	116	0.999485
0	164	143	0.999485
0	164	150	0.999484
1	164	91	0.999484
1	164	83	0.999484
0	164	117	0.999484
1	164	74	0.999484
0	164	126	0.999484
0	164	154	0.999484
0	164	150	0.999483
0	164	128	0.999483
0	164	127	0.999483
1	164	82	0.999483
0	164	115	0.999483
0	164	120	0.999483
1	164	71	0.999483
1	164	98	0.999482
1	164	73	0.999482
1	164	74	0.999482
1	164	99	0.999482
0	164	151	0.999482
0	164	163	0.999482
0	164	140	0.999482
1	164	81	0.999482
1	164	82	0.999481
0	164	155	0.999481
1	164	68	0.999481
1	164	68	0.99948
1	164	96	0.99948
1	164	69	0.99948
0	164	143	0.99948
0	164	162	0.99948
1	164	86	0.99948
0	164	125	0.99948
0	164	154	0.99948
1	164	84	0.99948
0	164	148	0.99948
0	164	120	0.999479
1	164	102	0.999479
0	164	128	0.999479
1	164	95	0.999478
1	164	82	0.999478
1	164	68	0.999478
0	164	137	0.999478
0	164	119	0.999478
0	164	123	0.999478
1	164	89	0.999478
1	164	91	0.999477
0	164	162	0.999477
0	164	109	0.999477
1	164	68	0.999477
1	164	84	0.999477
1	164	105	0.999477
1	164	73	0.999477
0	164	126	0.999477
0	164	120	0.999476
1	164	92	0.999475
0	164	160	0.999475
1	164	104	0.999475
0	164	142	0.999475
0	164	121	0.999475
0	164	159	0.999475
0	164	124	0.999475
1	164	85	0.999475
1	164	84	0.999475
1	164	70	0.999475
0	164	130	0.999475
0	164	117	0.999475
1	164	102	0.999475
1	164	96	0.999474
0	164	134	0.999474
1	164	76	0.999474
0	164	122	0.999474
1	164	85	0.999474
0	164	125	0.999474
0	164	129	0.999474
0	164	123	0.999473
0	164	110	0.999473
0	164	157	0.999473
0	164	139	0.999472
0	164	146	0.999472
1	164	70	0.999472
1	164	91	0.999472
0	164	116	0.999472
1	164	71	0.999472
1	164	75	0.999472
1	164	83	0.999472
0	164	111	0.999471
1	164	71	0.999471
0	164	138	0.999471
1	164	98	0.999471
0	164	118	0.999471
0	164	130	0.999471
0	164	161	0.99947
1	164	86	0.99947
1	164	98	0.99947
0	164	123	0.99947
0	164	161	0.99947
1	164	95	0.999468
0	164	118	0.999468
0	164	110	0.999468
0	164	148	0.999468
0	164	140	0.999467
0	164	134	0.999467
0	164	159	0.999467
1	164	96	0.999467
0	164	109	0.999466
1	164	94	0.999466
0	164	157	0.999466
0	164	113	0.999466
1	164	84	0.999465
1	164	84	0.999465
1	164	96	0.999465
1	164	96	0.999465
0	164	124	0.999465
0	164	154	0.999465
0	164	160	0.999465
0	164	135	0.999465
1	164	71	0.999465
0	164	143	0.999464
0	164	121	0.999464
0	164	114	0.999464
1	164	103	0.999464
1	164	76	0.999464
0	164	132	0.999464
0	164	136	0.999463
0	164	142	0.999463
1	164	87	0.999463
0	164	114	0.999463
1	164	92	0.999463
0	164	108	0.999463
0	164	151	0.999462
0	164	161	0.999462
1	164	74	0.999461
1	164	96	0.999461
0	164	149	0.999461
0	164	116	0.999461
0	164	112	0.999461
1	164	79	0.999461
0	164	121	0.999461
0	164	148	0.99946
0	164	125	0.99946
0	164	121	0.999459
0	164	130	0.999459
1	164	80	0.999459
0	164	125	0.999459
1	164	84	0.999459
0	164	110	0.999459
0	164	128	0.999459
0	164	122	0.999459
0	164	154	0.999458
0	164	146	0.999458
0	164	159	0.999458
1	164	77	0.999458
0	164	141	0.999458
1	164	72	0.999457
1	164	79	0.999457
0	164	161	0.999457
1	164	81	0.999457
0	164	121	0.999456
0	164	136	0.999456
0	164	116	0.999456
0	164	121	0.999456
1	164	102	0.999456
1	164	81	0.999456
0	164	140	0.999455
0	164	152	0.999455
0	164	125	0.999455
0	164	111	0.999455
1	164	78	0.999454
0	164	127	0.999453
1	164	81	0.999453
0	164	133	0.999452
1	164	76	0.999452
0	164	139	0.999452
0	164	117	0.999452
0	164	160	0.999452
1	164	78	0.999451
0	164	139	0.999451
0	164	149	0.999451
0	164	159	0.999451
1	164	71	0.999451
0	164	146	0.999451
1	164	73	0.999451
1	164	97	0.99945
0	164	153	0.99945
0	164	129	0.99945
0	164	120	0.99945
0	164	120	0.999449
0	164	109	0.999449
0	164	162	0.999449
0	164	141	0.999449
0	164	122	0.999448
0	164	142	0.999448
1	164	79	0.999448
0	164	162	0.999448
0	164	131	0.999448
0	164	129	0.999448
0	164	126	0.999448
0	164	122	0.999448
1	164	86	0.999448
1	164	75	0.999447
0	164	142	0.999447
1	164	81	0.999447
0	164	160	0.999446
1	164	77	0.999446
1	164	88	0.999446
0	164	116	0.999446
1	164	99	0.999446
1	164	74	0.999446
0	164	108	0.999446
0	164	153	0.999446
0	164	114	0.999446
0	164	117	0.999446
1	164	82	0.999446
0	164	122	0.999445
0	164	112	0.999445
0	164	117	0.999445
1	164	92	0.999445
0	164	131	0.999445
0	164	142	0.999445
0	164	160	0.999444
1	164	103	0.999444
0	164	154	0.999444
0	164	151	0.999443
0	164	113	0.999443
0	164	133	0.999442
1	164	93	0.999442
1	164	78	0.999442
0	164	127	0.999442
0	164	141	0.999441
0	164	137	0.999441
0	164	136	0.999441
0	164	140	0.999441
1	164	88	0.999441
1	164	101	0.999441
1	164	102	0.999441
0	164	144	0.999441
0	164	146	0.99944
1	164	101	0.999439
1	164	86	0.999439
1	164	78	0.999439
1	164	104	0.999439
0	164	162	0.999438
0	164	145	0.999436
1	164	97	0.999436
0	164	156	0.999436
0	164	142	0.999435
0	164	145	0.999435
1	164	91	0.999435
0	164	152	0.999435
1	164	87	0.999434
1	164	68	0.999434
0	164	158	0.999433
1	164	98	0.999433
0	164	163	0.999433
0	164	162	0.999433
0	164	148	0.999433
0	164	138	0.999433
1	164	99	0.999433
1	164	88	0.999432
1	164	70	0.999432
0	164	155	0.999432
1	164	82	0.999432
1	164	81	0.999432
1	164	81	0.999432
0	164	110	0.999431
0	164	148	0.999431
0	164	118	0.999431
0	164	159	0.99943
1	164	86	0.99943
1	164	97	0.99943
0	164	108	0.99943
1	164	75	0.99943
0	164	160	0.999429
0	164	150	0.999429
0	164	131	0.999429
0	164	136	0.999429
0	164	160	0.999429
1	164	103	0.999429
1	164	69	0.999429
0	164	153	0.999429
0	164	108	0.999428
0	164	150	0.999428
1	164	91	0.999428
0	164	152	0.999427
1	164	102	0.999427
0	164	113	0.999427
1	164	86	0.999427
0	164	115	0.999427
1	164	75	0.999427
0	164	155	0.999427
1	164	102	0.999427
0	164	145	0.999427
0	164	135	0.999426
0	164	147	0.999426
0	164	145	0.999426
0	164	134	0.999426
0	164	120	0.999426
0	164	138	0.999426
1	164	94	0.999425
1	164	82	0.999425
0	164	145	0.999425
0	164	142	0.999425
0	164	135	0.999425
1	164	76	0.999425
1	164	88	0.999425
1	164	75	0.999424
1	164	76	0.999424
0	164	108	0.999424
1	164	79	0.999423
1	164	100	0.999423
1	164	100	0.999423
1	164	107	0.999423
0	164	143	0.999423
1	164	93	0.999423
1	164	78	0.999422
1	164	99	0.999422
1	164	92	0.999422
0	164	139	0.999422
0	164	121	0.99942
0	164	163	0.99942
0	164	153	0.999419
1	164	80	0.999419
1	164	76	0.999419
0	164	129	0.999419
0	164	130	0.999419
1	164	102	0.999419
0	164	145	0.999419
0	164	142	0.999418
0	164	146	0.999418
1	164	104	0.999418
0	164	146	0.999418
1	164	84	0.999418
0	164	134	0.999417
1	164	103	0.999417
0	164	131	0.999417
0	164	124	0.999417
0	164	160	0.999417
1	164	81	0.999417
0	164	153	0.999417
0	164	141	0.999417
1	164	69	0.999416
0	164	115	0.999416
0	164	131	0.999416
0	164	111	0.999416
0	164	130	0.999416
1	164	71	0.999416
0	164	151	0.999416
1	164	91	0.999415
1	164	80	0.999415
0	164	163	0.999415
1	164	91	0.999415
0	164	140	0.999415
1	164	70	0.999414
0	164	129	0.999414
1	164	77	0.999414
0	164	149	0.999414
0	164	117	0.999414
1	164	68	0.999414
1	164	100	0.999413
0	164	135	0.999413
1	164	89	0.999413
1	164	95	0.999412
1	164	90	0.999412
0	164	148	0.999412
1	164	79	0.999412
1	164	83	0.999411
0	164	117	0.999411
0	164	112	0.999411
1	164	80	0.999411
0	164	120	0.99941
0	164	162	0.99941
0	164	159	0.99941
0	164	144	0.99941
0	164	159	0.99941
0	164	132	0.999409
1	164	94	0.999409
0	164	118	0.999409
0	164	115	0.999409
0	164	136	0.999408
0	164	157	0.999407
0	164	121	0.999407
0	164	117	0.999407
