3591.04
0.00383008
140
1	169	100	0.999792
1	169	139	0.999752
1	169	74	0.999635
1	169	147	0.999518
1	169	119	0.999492
1	169	132	0.999414
1	169	127	0.999283
1	169	117	0.999023
1	169	127	0.998971
0	169	159	0.998854
1	169	77	0.998724
1	169	151	0.998619
1	169	122	0.998619
1	169	104	0.99845
1	169	112	0.998424
1	169	119	0.998255
1	169	119	0.99819
1	169	92	0.998112
1	169	77	0.997995
1	169	147	0.99793
1	169	103	0.997826
1	169	135	0.997787
1	169	136	0.997761
1	169	130	0.997735
1	169	106	0.997631
1	169	110	0.997566
1	169	86	0.997553
1	169	125	0.997514
1	169	125	0.997462
0	169	155	0.997436
0	169	167	0.997423
0	169	150	0.997423
1	169	122	0.99728
1	169	88	0.997267
1	169	129	0.997267
0	169	163	0.997228
1	169	73	0.997111
1	169	124	0.997046
0	169	140	0.99676
0	169	154	0.996721
0	169	159	0.996604
0	169	168	0.996604
1	169	80	0.996539
1	169	123	0.996526
0	169	147	0.996461
1	169	106	0.996435
1	169	115	0.996383
0	169	167	0.996358
0	169	163	0.996189
0	169	162	0.996072
0	169	151	0.995903
1	169	88	0.995566
1	169	115	0.99554
1	169	121	0.995475
1	169	131	0.995462
1	169	113	0.995384
1	169	81	0.995151
1	169	126	0.995112
0	169	131	0.99506
1	169	96	0.994956
1	169	110	0.994813
0	169	129	0.994736
1	169	106	0.994541
0	169	155	0.994502
1	169	81	0.994399
1	169	124	0.99414
1	169	74	0.994101
0	169	128	0.994049
0	169	163	0.993984
1	169	100	0.993842
0	169	143	0.993738
0	169	127	0.993647
0	169	150	0.993647
0	169	152	0.993621
1	169	81	0.993608
0	169	129	0.993479
1	169	80	0.993401
0	169	131	0.993233
1	169	104	0.993233
0	169	129	0.993194
1	169	74	0.993091
0	169	133	0.992974
1	169	71	0.992922
0	169	166	0.992806
1	169	115	0.992625
0	169	160	0.992457
0	169	142	0.992431
0	169	164	0.99225
0	169	138	0.992017
0	169	140	0.991978
1	169	102	0.991823
1	169	116	0.991707
0	169	149	0.991694
0	169	124	0.991603
1	169	78	0.9915
0	169	127	0.991267
0	169	128	0.991267
1	169	108	0.991164
1	169	85	0.991164
1	169	96	0.991087
1	169	99	0.991074
0	169	150	0.990867
0	169	116	0.990764
0	169	166	0.990738
1	169	82	0.990506
0	169	160	0.99048
0	169	138	0.990441
0	169	119	0.990093
1	169	77	0.990041
0	169	159	0.990002
0	169	123	0.989963
0	169	126	0.989951
1	169	98	0.989886
0	169	125	0.989886
1	169	87	0.989873
0	169	142	0.989718
1	169	106	0.989396
0	169	130	0.98928
1	169	85	0.989215
1	169	82	0.989203
0	169	134	0.989138
0	169	132	0.989035
0	169	156	0.988945
0	169	155	0.988932
1	169	82	0.988867
1	169	87	0.988803
1	169	104	0.988713
0	169	144	0.9887
1	169	83	0.988661
0	169	152	0.988571
1	169	107	0.988288
1	169	82	0.98812
0	169	123	0.988043
0	169	159	0.988017
0	169	146	0.987811
0	169	135	0.987644
1	169	94	0.987644
0	169	135	0.987631
0	169	133	0.987451
0	169	143	0.987219
