1038.97
0.00339337
140
1	94	81	0.999921
1	94	72	0.999907
1	94	77	0.999903
1	94	88	0.99988
1	94	92	0.999866
1	94	85	0.999815
1	94	81	0.99981
1	94	88	0.999792
1	94	70	0.999792
1	94	84	0.999768
1	94	86	0.999722
1	94	78	0.999685
1	94	86	0.999611
1	94	86	0.999597
1	94	86	0.999546
1	94	76	0.999514
1	94	82	0.999402
1	94	72	0.999393
1	94	83	0.999393
1	94	70	0.999379
1	94	72	0.999361
0	94	91	0.999319
0	94	93	0.999273
1	94	71	0.999273
1	94	73	0.999185
1	94	85	0.999111
1	94	88	0.999092
1	94	72	0.999064
1	94	82	0.999046
1	94	73	0.99899
1	94	83	0.998981
1	94	74	0.998898
1	94	80	0.998893
1	94	75	0.998777
1	94	79	0.99875
0	94	93	0.998727
1	94	74	0.998713
1	94	78	0.998708
1	94	74	0.998671
1	94	76	0.998662
0	94	91	0.998625
0	94	90	0.998625
1	94	71	0.998606
0	94	93	0.998578
1	94	77	0.998551
1	94	84	0.998541
0	94	92	0.998541
0	94	88	0.998523
1	94	78	0.998481
1	94	71	0.998467
1	94	82	0.998444
0	94	86	0.998407
1	94	83	0.998407
1	94	71	0.998324
1	94	79	0.998324
0	94	85	0.998306
0	94	87	0.998301
0	94	89	0.998282
1	94	79	0.998222
1	94	75	0.998195
1	94	73	0.998121
0	94	92	0.998042
1	94	83	0.998028
1	94	82	0.997936
1	94	80	0.997922
1	94	70	0.997922
1	94	73	0.997885
1	94	83	0.997871
1	94	83	0.997723
0	94	88	0.997718
0	94	87	0.997672
0	94	90	0.997663
0	94	88	0.99764
0	94	83	0.997626
1	94	71	0.997552
1	94	78	0.997464
0	94	86	0.997445
0	94	93	0.997422
1	94	75	0.997344
1	94	80	0.997196
0	94	83	0.997182
1	94	78	0.997164
0	94	83	0.997136
0	94	83	0.997131
1	94	72	0.997113
0	94	92	0.997085
0	94	90	0.997067
1	94	77	0.997043
0	94	89	0.997034
0	94	90	0.99703
1	94	74	0.997011
1	94	75	0.996997
0	94	83	0.996974
0	94	84	0.996965
0	94	91	0.99696
0	94	84	0.99696
0	94	84	0.996914
1	94	74	0.996849
1	94	74	0.996826
0	94	86	0.996803
1	94	71	0.99678
1	94	80	0.996776
1	94	69	0.996683
0	94	88	0.996632
0	94	93	0.996632
0	94	89	0.996628
0	94	92	0.996498
0	94	91	0.996471
1	94	72	0.996448
1	94	72	0.996448
0	94	82	0.996429
0	94	85	0.996401
1	94	72	0.996369
0	94	86	0.996323
1	94	79	0.996254
1	94	70	0.99624
0	94	86	0.996208
0	94	84	0.996134
0	94	86	0.996106
0	94	86	0.996101
1	94	75	0.996097
0	94	82	0.996083
0	94	81	0.996065
1	94	79	0.996009
1	94	78	0.995921
0	94	88	0.995898
1	94	69	0.995866
1	94	69	0.995843
1	94	72	0.995806
0	94	86	0.995783
0	94	87	0.995751
1	94	79	0.995705
1	94	77	0.995686
0	94	82	0.995631
1	94	80	0.995622
0	94	87	0.995543
0	94	82	0.995488
0	94	88	0.995483
0	94	86	0.995479
0	94	87	0.995405
