1113.78
0.000616795
35
0	246	244	0.998628
1	246	166	0.998579
0	246	237	0.996769
1	246	137	0.996721
1	246	205	0.993988
1	246	195	0.993014
0	246	218	0.9917
0	246	212	0.991263
1	246	158	0.990048
1	246	196	0.988933
1	246	148	0.988593
1	246	167	0.988206
1	246	136	0.987721
1	246	185	0.985641
1	246	140	0.983952
1	246	184	0.981735
0	246	220	0.981591
0	246	210	0.980581
0	246	195	0.980388
1	246	153	0.978468
0	246	194	0.975402
0	246	226	0.975211
0	246	206	0.974542
0	246	234	0.971489
1	246	167	0.969443
1	246	155	0.96854
1	246	143	0.964702
0	246	194	0.963945
1	246	139	0.96352
1	246	161	0.962434
0	246	165	0.96102
1	246	129	0.96069
0	246	226	0.958996
0	246	189	0.955664
1	246	142	0.954399
