1650.14
0.000559133
40
1	446	412	0.999977
1	446	383	0.999839
1	446	346	0.999032
1	446	311	0.998778
1	446	398	0.99811
1	446	393	0.997696
1	446	331	0.997604
1	446	398	0.997121
1	446	346	0.995902
1	446	360	0.995512
0	446	421	0.995443
0	446	438	0.994089
1	446	387	0.993539
1	446	309	0.99276
1	446	372	0.991913
0	446	394	0.990312
1	446	322	0.989194
1	446	294	0.989171
1	446	348	0.988897
0	446	409	0.988327
1	446	348	0.987461
0	446	431	0.987074
1	446	370	0.986573
0	446	400	0.986391
0	446	403	0.986323
1	446	336	0.986095
1	446	356	0.985118
0	446	381	0.985095
0	446	377	0.984868
1	446	309	0.984572
1	446	345	0.984436
0	446	424	0.983437
0	446	397	0.981919
0	446	425	0.981488
0	446	370	0.981375
0	446	406	0.981239
0	446	364	0.981194
0	446	373	0.980289
1	446	353	0.980108
1	446	300	0.979498
