798.796
0.000652183
45
1	205	177	0.99981
1	205	195	0.999516
1	205	184	0.999378
1	205	196	0.999343
1	205	183	0.998843
1	205	157	0.998825
1	205	144	0.998429
1	205	184	0.998308
0	205	198	0.998273
1	205	145	0.997549
1	205	151	0.997394
1	205	184	0.997221
1	205	171	0.996756
1	205	145	0.99667
1	205	178	0.996291
0	205	193	0.996222
1	205	187	0.995603
1	205	167	0.995052
1	205	168	0.994485
0	205	189	0.993145
1	205	170	0.992819
0	205	196	0.992785
0	205	197	0.991499
1	205	177	0.991019
1	205	145	0.990779
1	205	163	0.990078
0	205	199	0.989154
0	205	189	0.988881
1	205	163	0.988727
0	205	196	0.98859
1	205	147	0.988454
0	205	182	0.988385
0	205	194	0.987412
1	205	153	0.987241
0	205	192	0.986406
1	205	164	0.985724
0	205	180	0.985111
1	205	143	0.984583
0	205	187	0.984515
0	205	182	0.984022
0	205	187	0.983971
0	205	178	0.983852
0	205	182	0.983546
1	205	164	0.983495
1	205	167	0.983121
