3357.28
0.00135754
55
1	409	299	0.999407
1	409	360	0.999146
1	409	263	0.999004
1	409	393	0.99898
1	409	246	0.998008
1	409	305	0.997558
1	409	261	0.997534
1	409	309	0.997321
1	409	296	0.996564
1	409	261	0.994957
1	409	221	0.99465
1	409	331	0.99465
1	409	250	0.993541
0	409	360	0.993376
0	409	373	0.993022
1	409	258	0.992999
1	409	313	0.992622
1	409	231	0.99241
0	409	346	0.992245
1	409	228	0.992221
1	409	313	0.991986
0	409	376	0.991044
1	409	221	0.990315
1	409	289	0.990268
0	409	397	0.989798
1	409	302	0.989681
0	409	399	0.989235
0	409	337	0.988671
1	409	304	0.988319
0	409	376	0.988155
1	409	223	0.988155
1	409	276	0.987874
1	409	289	0.987499
1	409	283	0.9871
1	409	297	0.986702
0	409	345	0.985695
0	409	362	0.984339
1	409	227	0.984339
1	409	264	0.984223
0	409	391	0.984059
0	409	303	0.983896
1	409	245	0.983709
0	409	377	0.983312
0	409	308	0.982985
0	409	337	0.982915
1	409	286	0.982192
1	409	236	0.981866
1	409	251	0.981726
0	409	349	0.98126
1	409	284	0.980562
0	409	335	0.980422
0	409	358	0.98005
1	409	222	0.979213
1	409	222	0.979096
1	409	282	0.976706
