671.187
0.00130504
55
1	104	93	0.999212
1	104	99	0.999191
1	104	79	0.998901
1	104	98	0.998653
1	104	82	0.998259
0	104	97	0.997514
1	104	67	0.997432
1	104	64	0.99739
0	104	103	0.997328
1	104	70	0.997018
1	104	83	0.996832
1	104	93	0.996522
1	104	94	0.996501
1	104	75	0.99648
0	104	101	0.99617
1	104	72	0.99584
1	104	72	0.995365
1	104	67	0.994663
1	104	79	0.994127
1	104	76	0.993323
0	104	95	0.992294
1	104	73	0.991512
1	104	84	0.991142
0	104	95	0.99032
0	104	84	0.989725
0	104	92	0.989663
1	104	72	0.989335
1	104	78	0.988186
0	104	101	0.98794
0	104	93	0.987613
1	104	72	0.987346
0	104	94	0.987183
1	104	69	0.98706
0	104	90	0.986814
1	104	60	0.986507
0	104	91	0.986466
0	104	98	0.985464
1	104	63	0.98528
0	104	97	0.985137
1	104	69	0.985055
0	104	91	0.984545
1	104	70	0.984524
0	104	97	0.984504
1	104	79	0.9843
1	104	63	0.982892
0	104	101	0.98222
1	104	64	0.982118
0	104	86	0.981955
0	104	87	0.981365
0	104	78	0.981324
1	104	73	0.981202
0	104	93	0.980836
1	104	65	0.98053
0	104	82	0.980246
1	104	61	0.979555
