1538.58
0.000908367
65
1	350	326	0.999937
1	350	291	0.999762
1	350	274	0.999699
1	350	333	0.99954
0	350	343	0.999397
1	350	270	0.999128
0	350	342	0.999112
1	350	275	0.998906
1	350	302	0.998835
1	350	334	0.998597
1	350	323	0.998542
1	350	298	0.998518
1	350	281	0.998407
0	350	338	0.998272
1	350	321	0.9979
1	350	272	0.997449
1	350	306	0.997259
0	350	339	0.997196
1	350	307	0.997156
0	350	342	0.997125
0	350	322	0.99703
1	350	268	0.996753
1	350	295	0.996603
1	350	316	0.996563
1	350	291	0.996508
1	350	289	0.996326
0	350	319	0.996326
0	350	333	0.996295
1	350	306	0.996176
1	350	301	0.996152
0	350	336	0.996097
1	350	282	0.996034
0	350	338	0.996018
1	350	281	0.995789
0	350	330	0.995702
1	350	300	0.995536
1	350	271	0.995291
1	350	294	0.995244
0	350	321	0.995126
1	350	292	0.994944
0	350	322	0.994826
1	350	294	0.994826
0	350	311	0.994526
0	350	314	0.994439
1	350	288	0.994415
0	350	313	0.99425
0	350	316	0.993792
0	350	322	0.993761
0	350	339	0.993556
1	350	298	0.993493
1	350	300	0.993454
0	350	328	0.993351
1	350	292	0.993154
1	350	276	0.993067
0	350	305	0.993036
1	350	276	0.993004
0	350	326	0.992808
1	350	286	0.992721
0	350	322	0.9925
0	350	319	0.992406
0	350	318	0.992367
0	350	331	0.992359
1	350	283	0.992343
1	350	270	0.992288
0	350	338	0.992162
