1031.15
0.000837026
65
1	152	135	0.999748
1	152	136	0.999734
1	152	144	0.999608
1	152	97	0.999285
1	152	132	0.999005
1	152	102	0.998963
1	152	145	0.998865
1	152	114	0.998053
1	152	108	0.997857
1	152	108	0.997578
1	152	124	0.997536
1	152	135	0.99699
1	152	105	0.996823
1	152	130	0.996711
0	152	142	0.996669
0	152	142	0.996515
1	152	126	0.996473
1	152	99	0.99611
1	152	114	0.995719
1	152	125	0.995328
0	152	140	0.995287
0	152	132	0.995161
0	152	142	0.995077
1	152	106	0.994826
1	152	116	0.994575
0	152	151	0.99445
0	152	137	0.99438
0	152	142	0.994254
1	152	99	0.994254
1	152	104	0.994185
1	152	124	0.993516
1	152	122	0.993349
1	152	102	0.993321
1	152	124	0.993126
1	152	118	0.992806
1	152	97	0.992722
0	152	126	0.992472
0	152	145	0.992305
1	152	116	0.991943
0	152	149	0.991109
1	152	99	0.990831
0	152	144	0.99072
1	152	97	0.990609
0	152	122	0.990206
0	152	124	0.990026
0	152	125	0.989984
1	152	119	0.989943
0	152	129	0.989887
0	152	135	0.989735
0	152	136	0.989693
1	152	98	0.989568
0	152	125	0.989346
0	152	137	0.989166
1	152	119	0.989124
0	152	128	0.98875
1	152	107	0.9885
0	152	148	0.988431
1	152	120	0.988126
0	152	131	0.987988
0	152	138	0.987212
1	152	106	0.987157
1	152	118	0.986645
1	152	115	0.986521
0	152	140	0.986479
1	152	116	0.986424
