3339.2
0.000788549
70
1	329	213	0.999643
1	329	160	0.999397
0	329	327	0.999352
1	329	229	0.999286
1	329	270	0.999241
1	329	167	0.999174
1	329	290	0.998482
1	329	172	0.998415
1	329	247	0.998393
1	329	234	0.998192
1	329	215	0.997724
1	329	221	0.997657
1	329	195	0.995343
1	329	206	0.994965
0	329	284	0.994898
1	329	201	0.994387
1	329	249	0.99401
0	329	317	0.99401
0	329	315	0.993965
0	329	312	0.993832
1	329	257	0.993832
1	329	205	0.993788
1	329	193	0.993566
1	329	170	0.993388
0	329	301	0.993122
0	329	296	0.9931
0	329	280	0.992922
0	329	288	0.992723
0	329	323	0.992701
1	329	237	0.992634
1	329	239	0.992501
0	329	263	0.991703
0	329	319	0.991637
0	329	293	0.991172
0	329	271	0.991017
0	329	278	0.990287
0	329	282	0.990065
0	329	297	0.989999
1	329	216	0.989402
1	329	239	0.987967
1	329	174	0.987901
1	329	227	0.987371
1	329	238	0.986974
1	329	171	0.986798
1	329	168	0.986732
0	329	256	0.986225
0	329	261	0.985388
1	329	176	0.985014
0	329	304	0.98475
1	329	224	0.984508
0	329	250	0.983827
0	329	290	0.983168
0	329	285	0.983102
1	329	207	0.982707
1	329	176	0.982531
1	329	213	0.982509
0	329	263	0.982114
0	329	238	0.981829
0	329	284	0.981807
0	329	273	0.981676
1	329	221	0.980974
0	329	249	0.980733
0	329	304	0.980361
0	329	233	0.980317
1	329	200	0.979967
0	329	242	0.979814
1	329	193	0.979704
1	329	167	0.979551
1	329	222	0.978939
1	329	202	0.978698
