4357.54
0.00183853
85
1	398	351	0.99993
1	398	374	0.999912
1	398	312	0.999473
1	398	327	0.999403
1	398	344	0.999139
1	398	383	0.999139
1	398	365	0.999139
1	398	369	0.999051
1	398	223	0.998999
0	398	378	0.998613
1	398	371	0.998455
1	398	312	0.99756
1	398	283	0.99728
1	398	340	0.99721
1	398	194	0.996999
1	398	265	0.996929
1	398	339	0.996772
1	398	266	0.996649
1	398	328	0.996562
1	398	315	0.995984
0	398	391	0.995354
0	398	395	0.995319
1	398	324	0.995231
1	398	313	0.995057
0	398	368	0.994987
0	398	354	0.993868
1	398	258	0.993781
1	398	254	0.993781
1	398	270	0.993117
1	398	310	0.993048
0	398	358	0.993013
0	398	389	0.992594
0	398	371	0.992507
0	398	365	0.992489
1	398	233	0.992297
0	398	386	0.992175
1	398	217	0.992158
0	398	380	0.991827
1	398	289	0.991618
0	398	391	0.991583
0	398	335	0.991461
1	398	215	0.991426
0	398	352	0.991409
0	398	379	0.991025
0	398	388	0.991025
1	398	272	0.99052
1	398	190	0.990381
1	398	216	0.990364
1	398	241	0.990312
0	398	384	0.990277
0	398	297	0.99019
1	398	267	0.990172
1	398	255	0.990085
0	398	338	0.989998
0	398	350	0.989964
1	398	233	0.989842
1	398	207	0.98972
0	398	340	0.989685
1	398	278	0.989268
0	398	369	0.988816
1	398	225	0.988677
0	398	290	0.988642
0	398	335	0.988295
0	398	310	0.987757
1	398	206	0.987201
1	398	225	0.985953
1	398	223	0.985624
0	398	284	0.985468
1	398	191	0.985364
1	398	223	0.985035
0	398	288	0.984914
1	398	200	0.984862
1	398	196	0.984758
1	398	242	0.984516
0	398	349	0.984377
0	398	296	0.98417
1	398	191	0.98417
0	398	302	0.984135
0	398	317	0.984083
0	398	377	0.983893
1	398	252	0.982977
1	398	219	0.982735
0	398	389	0.982632
0	398	322	0.982597
1	398	269	0.98258
