5870.07
0.00211852
95
1	376	313	0.999757
1	376	304	0.999727
1	376	263	0.999666
1	376	257	0.999242
1	376	236	0.999242
1	376	325	0.999075
1	376	225	0.998817
1	376	243	0.998741
1	376	277	0.998681
1	376	252	0.998378
1	376	204	0.998272
1	376	234	0.998136
1	376	207	0.998105
1	376	296	0.997454
1	376	222	0.997394
1	376	325	0.997379
1	376	278	0.997364
1	376	204	0.996925
1	376	310	0.996895
0	376	341	0.996849
1	376	181	0.996365
1	376	248	0.996139
1	376	218	0.995972
1	376	289	0.995851
1	376	194	0.995428
1	376	227	0.995383
1	376	255	0.995217
1	376	217	0.995157
1	376	190	0.994945
0	376	344	0.9949
1	376	270	0.994885
1	376	223	0.99484
1	376	188	0.994749
1	376	187	0.994583
1	376	269	0.994311
1	376	200	0.994206
0	376	341	0.994115
0	376	326	0.99398
0	376	354	0.99398
0	376	354	0.993829
1	376	195	0.993769
0	376	294	0.993633
1	376	238	0.993512
0	376	329	0.993286
1	376	256	0.993
1	376	260	0.992879
0	376	282	0.992849
1	376	191	0.992668
0	376	325	0.992503
0	376	284	0.992443
1	376	262	0.992428
1	376	208	0.992036
1	376	258	0.991765
0	376	317	0.991374
1	376	263	0.991103
0	376	314	0.991103
1	376	190	0.990983
1	376	244	0.990592
0	376	281	0.990562
0	376	287	0.990532
1	376	252	0.990397
0	376	368	0.989931
1	376	200	0.989871
0	376	292	0.989751
1	376	254	0.989586
0	376	333	0.989496
1	376	232	0.989481
0	376	321	0.989
1	376	215	0.98861
1	376	260	0.988505
0	376	275	0.988205
1	376	224	0.988145
1	376	250	0.987951
1	376	242	0.987951
0	376	343	0.987231
1	376	252	0.987201
0	376	261	0.987201
0	376	282	0.987186
0	376	342	0.987082
0	376	367	0.986932
0	376	362	0.986902
0	376	339	0.986902
0	376	280	0.986677
0	376	363	0.986498
0	376	273	0.986318
0	376	359	0.986064
1	376	190	0.986049
0	376	341	0.985959
0	376	313	0.98572
1	376	194	0.98554
0	376	279	0.985525
1	376	238	0.985166
0	376	335	0.985077
1	376	230	0.985062
1	376	185	0.985032
